[2024-10-08T07:57:28.225+0000] {processor.py:186} INFO - Started process (PID=207110) to work on /root/miniconda3/envs/project/lib/python3.8/site-packages/airflow/example_dags/example_setup_teardown_taskflow.py
[2024-10-08T07:57:28.227+0000] {processor.py:914} INFO - Processing file /root/miniconda3/envs/project/lib/python3.8/site-packages/airflow/example_dags/example_setup_teardown_taskflow.py for tasks to queue
[2024-10-08T07:57:28.230+0000] {logging_mixin.py:190} INFO - [2024-10-08T07:57:28.230+0000] {dagbag.py:588} INFO - Filling up the DagBag from /root/miniconda3/envs/project/lib/python3.8/site-packages/airflow/example_dags/example_setup_teardown_taskflow.py
[2024-10-08T07:57:28.248+0000] {processor.py:925} INFO - DAG(s) 'example_setup_teardown_taskflow' retrieved from /root/miniconda3/envs/project/lib/python3.8/site-packages/airflow/example_dags/example_setup_teardown_taskflow.py
[2024-10-08T07:57:28.400+0000] {logging_mixin.py:190} INFO - [2024-10-08T07:57:28.399+0000] {override.py:1901} INFO - Created Permission View: can delete on DAG:example_setup_teardown_taskflow
[2024-10-08T07:57:28.422+0000] {logging_mixin.py:190} INFO - [2024-10-08T07:57:28.421+0000] {override.py:1901} INFO - Created Permission View: can read on DAG:example_setup_teardown_taskflow
[2024-10-08T07:57:28.440+0000] {logging_mixin.py:190} INFO - [2024-10-08T07:57:28.439+0000] {override.py:1901} INFO - Created Permission View: can edit on DAG:example_setup_teardown_taskflow
[2024-10-08T07:57:28.465+0000] {logging_mixin.py:190} INFO - [2024-10-08T07:57:28.464+0000] {override.py:1901} INFO - Created Permission View: can delete on DAG Run:example_setup_teardown_taskflow
[2024-10-08T07:57:28.483+0000] {logging_mixin.py:190} INFO - [2024-10-08T07:57:28.482+0000] {override.py:1901} INFO - Created Permission View: menu access on DAG Run:example_setup_teardown_taskflow
[2024-10-08T07:57:28.501+0000] {logging_mixin.py:190} INFO - [2024-10-08T07:57:28.500+0000] {override.py:1901} INFO - Created Permission View: can create on DAG Run:example_setup_teardown_taskflow
[2024-10-08T07:57:28.514+0000] {logging_mixin.py:190} INFO - [2024-10-08T07:57:28.514+0000] {override.py:1901} INFO - Created Permission View: can read on DAG Run:example_setup_teardown_taskflow
[2024-10-08T07:57:28.515+0000] {logging_mixin.py:190} INFO - [2024-10-08T07:57:28.515+0000] {dag.py:3239} INFO - Sync 1 DAGs
[2024-10-08T07:57:28.535+0000] {logging_mixin.py:190} INFO - [2024-10-08T07:57:28.535+0000] {dag.py:3262} INFO - Creating ORM DAG for example_setup_teardown_taskflow
[2024-10-08T07:57:28.536+0000] {logging_mixin.py:190} INFO - [2024-10-08T07:57:28.536+0000] {dag.py:4180} INFO - Setting next_dagrun for example_setup_teardown_taskflow to None, run_after=None
[2024-10-08T07:57:28.568+0000] {processor.py:208} INFO - Processing /root/miniconda3/envs/project/lib/python3.8/site-packages/airflow/example_dags/example_setup_teardown_taskflow.py took 0.355 seconds
[2024-10-08T07:58:42.110+0000] {processor.py:186} INFO - Started process (PID=207312) to work on /root/miniconda3/envs/project/lib/python3.8/site-packages/airflow/example_dags/example_setup_teardown_taskflow.py
[2024-10-08T07:58:42.113+0000] {processor.py:914} INFO - Processing file /root/miniconda3/envs/project/lib/python3.8/site-packages/airflow/example_dags/example_setup_teardown_taskflow.py for tasks to queue
[2024-10-08T07:58:42.116+0000] {logging_mixin.py:190} INFO - [2024-10-08T07:58:42.116+0000] {dagbag.py:588} INFO - Filling up the DagBag from /root/miniconda3/envs/project/lib/python3.8/site-packages/airflow/example_dags/example_setup_teardown_taskflow.py
[2024-10-08T07:58:42.132+0000] {processor.py:925} INFO - DAG(s) 'example_setup_teardown_taskflow' retrieved from /root/miniconda3/envs/project/lib/python3.8/site-packages/airflow/example_dags/example_setup_teardown_taskflow.py
[2024-10-08T07:58:42.158+0000] {logging_mixin.py:190} INFO - [2024-10-08T07:58:42.158+0000] {dag.py:3239} INFO - Sync 1 DAGs
[2024-10-08T07:58:42.176+0000] {logging_mixin.py:190} INFO - [2024-10-08T07:58:42.175+0000] {dag.py:4180} INFO - Setting next_dagrun for example_setup_teardown_taskflow to None, run_after=None
[2024-10-08T07:58:42.212+0000] {processor.py:208} INFO - Processing /root/miniconda3/envs/project/lib/python3.8/site-packages/airflow/example_dags/example_setup_teardown_taskflow.py took 0.113 seconds
[2024-10-08T07:59:54.906+0000] {processor.py:186} INFO - Started process (PID=207571) to work on /root/miniconda3/envs/project/lib/python3.8/site-packages/airflow/example_dags/example_setup_teardown_taskflow.py
[2024-10-08T07:59:54.909+0000] {processor.py:914} INFO - Processing file /root/miniconda3/envs/project/lib/python3.8/site-packages/airflow/example_dags/example_setup_teardown_taskflow.py for tasks to queue
[2024-10-08T07:59:54.912+0000] {logging_mixin.py:190} INFO - [2024-10-08T07:59:54.912+0000] {dagbag.py:588} INFO - Filling up the DagBag from /root/miniconda3/envs/project/lib/python3.8/site-packages/airflow/example_dags/example_setup_teardown_taskflow.py
[2024-10-08T07:59:54.929+0000] {processor.py:925} INFO - DAG(s) 'example_setup_teardown_taskflow' retrieved from /root/miniconda3/envs/project/lib/python3.8/site-packages/airflow/example_dags/example_setup_teardown_taskflow.py
[2024-10-08T07:59:54.958+0000] {logging_mixin.py:190} INFO - [2024-10-08T07:59:54.957+0000] {dag.py:3239} INFO - Sync 1 DAGs
[2024-10-08T07:59:54.976+0000] {logging_mixin.py:190} INFO - [2024-10-08T07:59:54.976+0000] {dag.py:4180} INFO - Setting next_dagrun for example_setup_teardown_taskflow to None, run_after=None
[2024-10-08T07:59:55.009+0000] {processor.py:208} INFO - Processing /root/miniconda3/envs/project/lib/python3.8/site-packages/airflow/example_dags/example_setup_teardown_taskflow.py took 0.114 seconds
[2024-10-08T08:01:03.851+0000] {processor.py:186} INFO - Started process (PID=207963) to work on /root/miniconda3/envs/project/lib/python3.8/site-packages/airflow/example_dags/example_setup_teardown_taskflow.py
[2024-10-08T08:01:03.853+0000] {processor.py:914} INFO - Processing file /root/miniconda3/envs/project/lib/python3.8/site-packages/airflow/example_dags/example_setup_teardown_taskflow.py for tasks to queue
[2024-10-08T08:01:03.856+0000] {logging_mixin.py:190} INFO - [2024-10-08T08:01:03.856+0000] {dagbag.py:588} INFO - Filling up the DagBag from /root/miniconda3/envs/project/lib/python3.8/site-packages/airflow/example_dags/example_setup_teardown_taskflow.py
[2024-10-08T08:01:03.873+0000] {processor.py:925} INFO - DAG(s) 'example_setup_teardown_taskflow' retrieved from /root/miniconda3/envs/project/lib/python3.8/site-packages/airflow/example_dags/example_setup_teardown_taskflow.py
[2024-10-08T08:01:03.899+0000] {logging_mixin.py:190} INFO - [2024-10-08T08:01:03.899+0000] {dag.py:3239} INFO - Sync 1 DAGs
[2024-10-08T08:01:03.917+0000] {logging_mixin.py:190} INFO - [2024-10-08T08:01:03.917+0000] {dag.py:4180} INFO - Setting next_dagrun for example_setup_teardown_taskflow to None, run_after=None
[2024-10-08T08:01:03.952+0000] {processor.py:208} INFO - Processing /root/miniconda3/envs/project/lib/python3.8/site-packages/airflow/example_dags/example_setup_teardown_taskflow.py took 0.113 seconds
[2024-10-08T08:02:18.084+0000] {processor.py:186} INFO - Started process (PID=208220) to work on /root/miniconda3/envs/project/lib/python3.8/site-packages/airflow/example_dags/example_setup_teardown_taskflow.py
[2024-10-08T08:02:18.087+0000] {processor.py:914} INFO - Processing file /root/miniconda3/envs/project/lib/python3.8/site-packages/airflow/example_dags/example_setup_teardown_taskflow.py for tasks to queue
[2024-10-08T08:02:18.090+0000] {logging_mixin.py:190} INFO - [2024-10-08T08:02:18.090+0000] {dagbag.py:588} INFO - Filling up the DagBag from /root/miniconda3/envs/project/lib/python3.8/site-packages/airflow/example_dags/example_setup_teardown_taskflow.py
[2024-10-08T08:02:18.107+0000] {processor.py:925} INFO - DAG(s) 'example_setup_teardown_taskflow' retrieved from /root/miniconda3/envs/project/lib/python3.8/site-packages/airflow/example_dags/example_setup_teardown_taskflow.py
[2024-10-08T08:02:18.133+0000] {logging_mixin.py:190} INFO - [2024-10-08T08:02:18.133+0000] {dag.py:3239} INFO - Sync 1 DAGs
[2024-10-08T08:02:18.151+0000] {logging_mixin.py:190} INFO - [2024-10-08T08:02:18.151+0000] {dag.py:4180} INFO - Setting next_dagrun for example_setup_teardown_taskflow to None, run_after=None
[2024-10-08T08:02:18.181+0000] {processor.py:208} INFO - Processing /root/miniconda3/envs/project/lib/python3.8/site-packages/airflow/example_dags/example_setup_teardown_taskflow.py took 0.107 seconds
[2024-10-08T08:03:28.825+0000] {processor.py:186} INFO - Started process (PID=208422) to work on /root/miniconda3/envs/project/lib/python3.8/site-packages/airflow/example_dags/example_setup_teardown_taskflow.py
[2024-10-08T08:03:28.828+0000] {processor.py:914} INFO - Processing file /root/miniconda3/envs/project/lib/python3.8/site-packages/airflow/example_dags/example_setup_teardown_taskflow.py for tasks to queue
[2024-10-08T08:03:28.831+0000] {logging_mixin.py:190} INFO - [2024-10-08T08:03:28.831+0000] {dagbag.py:588} INFO - Filling up the DagBag from /root/miniconda3/envs/project/lib/python3.8/site-packages/airflow/example_dags/example_setup_teardown_taskflow.py
[2024-10-08T08:03:28.848+0000] {processor.py:925} INFO - DAG(s) 'example_setup_teardown_taskflow' retrieved from /root/miniconda3/envs/project/lib/python3.8/site-packages/airflow/example_dags/example_setup_teardown_taskflow.py
[2024-10-08T08:03:28.875+0000] {logging_mixin.py:190} INFO - [2024-10-08T08:03:28.875+0000] {dag.py:3239} INFO - Sync 1 DAGs
[2024-10-08T08:03:28.893+0000] {logging_mixin.py:190} INFO - [2024-10-08T08:03:28.893+0000] {dag.py:4180} INFO - Setting next_dagrun for example_setup_teardown_taskflow to None, run_after=None
[2024-10-08T08:03:28.928+0000] {processor.py:208} INFO - Processing /root/miniconda3/envs/project/lib/python3.8/site-packages/airflow/example_dags/example_setup_teardown_taskflow.py took 0.114 seconds
[2024-10-08T08:04:36.984+0000] {processor.py:186} INFO - Started process (PID=208625) to work on /root/miniconda3/envs/project/lib/python3.8/site-packages/airflow/example_dags/example_setup_teardown_taskflow.py
[2024-10-08T08:04:36.986+0000] {processor.py:914} INFO - Processing file /root/miniconda3/envs/project/lib/python3.8/site-packages/airflow/example_dags/example_setup_teardown_taskflow.py for tasks to queue
[2024-10-08T08:04:36.990+0000] {logging_mixin.py:190} INFO - [2024-10-08T08:04:36.989+0000] {dagbag.py:588} INFO - Filling up the DagBag from /root/miniconda3/envs/project/lib/python3.8/site-packages/airflow/example_dags/example_setup_teardown_taskflow.py
[2024-10-08T08:04:37.006+0000] {processor.py:925} INFO - DAG(s) 'example_setup_teardown_taskflow' retrieved from /root/miniconda3/envs/project/lib/python3.8/site-packages/airflow/example_dags/example_setup_teardown_taskflow.py
[2024-10-08T08:04:37.033+0000] {logging_mixin.py:190} INFO - [2024-10-08T08:04:37.032+0000] {dag.py:3239} INFO - Sync 1 DAGs
[2024-10-08T08:04:37.050+0000] {logging_mixin.py:190} INFO - [2024-10-08T08:04:37.050+0000] {dag.py:4180} INFO - Setting next_dagrun for example_setup_teardown_taskflow to None, run_after=None
[2024-10-08T08:04:37.083+0000] {processor.py:208} INFO - Processing /root/miniconda3/envs/project/lib/python3.8/site-packages/airflow/example_dags/example_setup_teardown_taskflow.py took 0.111 seconds
[2024-10-08T08:05:38.279+0000] {processor.py:186} INFO - Started process (PID=208811) to work on /root/miniconda3/envs/project/lib/python3.8/site-packages/airflow/example_dags/example_setup_teardown_taskflow.py
[2024-10-08T08:05:38.281+0000] {processor.py:914} INFO - Processing file /root/miniconda3/envs/project/lib/python3.8/site-packages/airflow/example_dags/example_setup_teardown_taskflow.py for tasks to queue
[2024-10-08T08:05:38.284+0000] {logging_mixin.py:190} INFO - [2024-10-08T08:05:38.284+0000] {dagbag.py:588} INFO - Filling up the DagBag from /root/miniconda3/envs/project/lib/python3.8/site-packages/airflow/example_dags/example_setup_teardown_taskflow.py
[2024-10-08T08:05:38.301+0000] {processor.py:925} INFO - DAG(s) 'example_setup_teardown_taskflow' retrieved from /root/miniconda3/envs/project/lib/python3.8/site-packages/airflow/example_dags/example_setup_teardown_taskflow.py
[2024-10-08T08:05:38.328+0000] {logging_mixin.py:190} INFO - [2024-10-08T08:05:38.328+0000] {dag.py:3239} INFO - Sync 1 DAGs
[2024-10-08T08:05:38.346+0000] {logging_mixin.py:190} INFO - [2024-10-08T08:05:38.346+0000] {dag.py:4180} INFO - Setting next_dagrun for example_setup_teardown_taskflow to None, run_after=None
[2024-10-08T08:05:38.378+0000] {processor.py:208} INFO - Processing /root/miniconda3/envs/project/lib/python3.8/site-packages/airflow/example_dags/example_setup_teardown_taskflow.py took 0.111 seconds
[2024-10-08T08:06:40.409+0000] {processor.py:186} INFO - Started process (PID=208992) to work on /root/miniconda3/envs/project/lib/python3.8/site-packages/airflow/example_dags/example_setup_teardown_taskflow.py
[2024-10-08T08:06:40.411+0000] {processor.py:914} INFO - Processing file /root/miniconda3/envs/project/lib/python3.8/site-packages/airflow/example_dags/example_setup_teardown_taskflow.py for tasks to queue
[2024-10-08T08:06:40.415+0000] {logging_mixin.py:190} INFO - [2024-10-08T08:06:40.414+0000] {dagbag.py:588} INFO - Filling up the DagBag from /root/miniconda3/envs/project/lib/python3.8/site-packages/airflow/example_dags/example_setup_teardown_taskflow.py
[2024-10-08T08:06:40.432+0000] {processor.py:925} INFO - DAG(s) 'example_setup_teardown_taskflow' retrieved from /root/miniconda3/envs/project/lib/python3.8/site-packages/airflow/example_dags/example_setup_teardown_taskflow.py
[2024-10-08T08:06:40.459+0000] {logging_mixin.py:190} INFO - [2024-10-08T08:06:40.459+0000] {dag.py:3239} INFO - Sync 1 DAGs
[2024-10-08T08:06:40.478+0000] {logging_mixin.py:190} INFO - [2024-10-08T08:06:40.478+0000] {dag.py:4180} INFO - Setting next_dagrun for example_setup_teardown_taskflow to None, run_after=None
[2024-10-08T08:06:40.510+0000] {processor.py:208} INFO - Processing /root/miniconda3/envs/project/lib/python3.8/site-packages/airflow/example_dags/example_setup_teardown_taskflow.py took 0.112 seconds
[2024-10-08T08:07:49.899+0000] {processor.py:186} INFO - Started process (PID=209238) to work on /root/miniconda3/envs/project/lib/python3.8/site-packages/airflow/example_dags/example_setup_teardown_taskflow.py
[2024-10-08T08:07:49.902+0000] {processor.py:914} INFO - Processing file /root/miniconda3/envs/project/lib/python3.8/site-packages/airflow/example_dags/example_setup_teardown_taskflow.py for tasks to queue
[2024-10-08T08:07:49.905+0000] {logging_mixin.py:190} INFO - [2024-10-08T08:07:49.904+0000] {dagbag.py:588} INFO - Filling up the DagBag from /root/miniconda3/envs/project/lib/python3.8/site-packages/airflow/example_dags/example_setup_teardown_taskflow.py
[2024-10-08T08:07:49.922+0000] {processor.py:925} INFO - DAG(s) 'example_setup_teardown_taskflow' retrieved from /root/miniconda3/envs/project/lib/python3.8/site-packages/airflow/example_dags/example_setup_teardown_taskflow.py
[2024-10-08T08:07:49.955+0000] {logging_mixin.py:190} INFO - [2024-10-08T08:07:49.955+0000] {dag.py:3239} INFO - Sync 1 DAGs
[2024-10-08T08:07:49.979+0000] {logging_mixin.py:190} INFO - [2024-10-08T08:07:49.979+0000] {dag.py:4180} INFO - Setting next_dagrun for example_setup_teardown_taskflow to None, run_after=None
[2024-10-08T08:07:50.015+0000] {processor.py:208} INFO - Processing /root/miniconda3/envs/project/lib/python3.8/site-packages/airflow/example_dags/example_setup_teardown_taskflow.py took 0.135 seconds
[2024-10-08T08:09:58.628+0000] {processor.py:186} INFO - Started process (PID=210068) to work on /root/miniconda3/envs/project/lib/python3.8/site-packages/airflow/example_dags/example_setup_teardown_taskflow.py
[2024-10-08T08:09:58.631+0000] {processor.py:914} INFO - Processing file /root/miniconda3/envs/project/lib/python3.8/site-packages/airflow/example_dags/example_setup_teardown_taskflow.py for tasks to queue
[2024-10-08T08:09:58.634+0000] {logging_mixin.py:190} INFO - [2024-10-08T08:09:58.634+0000] {dagbag.py:588} INFO - Filling up the DagBag from /root/miniconda3/envs/project/lib/python3.8/site-packages/airflow/example_dags/example_setup_teardown_taskflow.py
[2024-10-08T08:09:58.652+0000] {processor.py:925} INFO - DAG(s) 'example_setup_teardown_taskflow' retrieved from /root/miniconda3/envs/project/lib/python3.8/site-packages/airflow/example_dags/example_setup_teardown_taskflow.py
[2024-10-08T08:09:58.681+0000] {logging_mixin.py:190} INFO - [2024-10-08T08:09:58.681+0000] {dag.py:3239} INFO - Sync 1 DAGs
[2024-10-08T08:09:58.699+0000] {logging_mixin.py:190} INFO - [2024-10-08T08:09:58.699+0000] {dag.py:4180} INFO - Setting next_dagrun for example_setup_teardown_taskflow to None, run_after=None
[2024-10-08T08:09:58.732+0000] {processor.py:208} INFO - Processing /root/miniconda3/envs/project/lib/python3.8/site-packages/airflow/example_dags/example_setup_teardown_taskflow.py took 0.116 seconds
[2024-10-08T08:11:22.997+0000] {processor.py:186} INFO - Started process (PID=210535) to work on /root/miniconda3/envs/project/lib/python3.8/site-packages/airflow/example_dags/example_setup_teardown_taskflow.py
[2024-10-08T08:11:23.000+0000] {processor.py:914} INFO - Processing file /root/miniconda3/envs/project/lib/python3.8/site-packages/airflow/example_dags/example_setup_teardown_taskflow.py for tasks to queue
[2024-10-08T08:11:23.003+0000] {logging_mixin.py:190} INFO - [2024-10-08T08:11:23.003+0000] {dagbag.py:588} INFO - Filling up the DagBag from /root/miniconda3/envs/project/lib/python3.8/site-packages/airflow/example_dags/example_setup_teardown_taskflow.py
[2024-10-08T08:11:23.023+0000] {processor.py:925} INFO - DAG(s) 'example_setup_teardown_taskflow' retrieved from /root/miniconda3/envs/project/lib/python3.8/site-packages/airflow/example_dags/example_setup_teardown_taskflow.py
[2024-10-08T08:11:23.052+0000] {logging_mixin.py:190} INFO - [2024-10-08T08:11:23.051+0000] {dag.py:3239} INFO - Sync 1 DAGs
[2024-10-08T08:11:23.070+0000] {logging_mixin.py:190} INFO - [2024-10-08T08:11:23.070+0000] {dag.py:4180} INFO - Setting next_dagrun for example_setup_teardown_taskflow to None, run_after=None
[2024-10-08T08:11:23.104+0000] {processor.py:208} INFO - Processing /root/miniconda3/envs/project/lib/python3.8/site-packages/airflow/example_dags/example_setup_teardown_taskflow.py took 0.120 seconds
[2024-10-08T08:13:01.056+0000] {processor.py:186} INFO - Started process (PID=211066) to work on /root/miniconda3/envs/project/lib/python3.8/site-packages/airflow/example_dags/example_setup_teardown_taskflow.py
[2024-10-08T08:13:01.058+0000] {processor.py:914} INFO - Processing file /root/miniconda3/envs/project/lib/python3.8/site-packages/airflow/example_dags/example_setup_teardown_taskflow.py for tasks to queue
[2024-10-08T08:13:01.062+0000] {logging_mixin.py:190} INFO - [2024-10-08T08:13:01.061+0000] {dagbag.py:588} INFO - Filling up the DagBag from /root/miniconda3/envs/project/lib/python3.8/site-packages/airflow/example_dags/example_setup_teardown_taskflow.py
[2024-10-08T08:13:01.079+0000] {processor.py:925} INFO - DAG(s) 'example_setup_teardown_taskflow' retrieved from /root/miniconda3/envs/project/lib/python3.8/site-packages/airflow/example_dags/example_setup_teardown_taskflow.py
[2024-10-08T08:13:01.108+0000] {logging_mixin.py:190} INFO - [2024-10-08T08:13:01.107+0000] {dag.py:3239} INFO - Sync 1 DAGs
[2024-10-08T08:13:01.126+0000] {logging_mixin.py:190} INFO - [2024-10-08T08:13:01.126+0000] {dag.py:4180} INFO - Setting next_dagrun for example_setup_teardown_taskflow to None, run_after=None
[2024-10-08T08:13:01.161+0000] {processor.py:208} INFO - Processing /root/miniconda3/envs/project/lib/python3.8/site-packages/airflow/example_dags/example_setup_teardown_taskflow.py took 0.115 seconds
[2024-10-08T08:14:07.011+0000] {processor.py:186} INFO - Started process (PID=211268) to work on /root/miniconda3/envs/project/lib/python3.8/site-packages/airflow/example_dags/example_setup_teardown_taskflow.py
[2024-10-08T08:14:07.014+0000] {processor.py:914} INFO - Processing file /root/miniconda3/envs/project/lib/python3.8/site-packages/airflow/example_dags/example_setup_teardown_taskflow.py for tasks to queue
[2024-10-08T08:14:07.019+0000] {logging_mixin.py:190} INFO - [2024-10-08T08:14:07.018+0000] {dagbag.py:588} INFO - Filling up the DagBag from /root/miniconda3/envs/project/lib/python3.8/site-packages/airflow/example_dags/example_setup_teardown_taskflow.py
[2024-10-08T08:14:07.043+0000] {processor.py:925} INFO - DAG(s) 'example_setup_teardown_taskflow' retrieved from /root/miniconda3/envs/project/lib/python3.8/site-packages/airflow/example_dags/example_setup_teardown_taskflow.py
[2024-10-08T08:14:07.081+0000] {logging_mixin.py:190} INFO - [2024-10-08T08:14:07.081+0000] {dag.py:3239} INFO - Sync 1 DAGs
[2024-10-08T08:14:07.103+0000] {logging_mixin.py:190} INFO - [2024-10-08T08:14:07.103+0000] {dag.py:4180} INFO - Setting next_dagrun for example_setup_teardown_taskflow to None, run_after=None
[2024-10-08T08:14:07.136+0000] {processor.py:208} INFO - Processing /root/miniconda3/envs/project/lib/python3.8/site-packages/airflow/example_dags/example_setup_teardown_taskflow.py took 0.137 seconds
[2024-10-08T08:15:15.131+0000] {processor.py:186} INFO - Started process (PID=211519) to work on /root/miniconda3/envs/project/lib/python3.8/site-packages/airflow/example_dags/example_setup_teardown_taskflow.py
[2024-10-08T08:15:15.134+0000] {processor.py:914} INFO - Processing file /root/miniconda3/envs/project/lib/python3.8/site-packages/airflow/example_dags/example_setup_teardown_taskflow.py for tasks to queue
[2024-10-08T08:15:15.138+0000] {logging_mixin.py:190} INFO - [2024-10-08T08:15:15.137+0000] {dagbag.py:588} INFO - Filling up the DagBag from /root/miniconda3/envs/project/lib/python3.8/site-packages/airflow/example_dags/example_setup_teardown_taskflow.py
[2024-10-08T08:15:15.155+0000] {processor.py:925} INFO - DAG(s) 'example_setup_teardown_taskflow' retrieved from /root/miniconda3/envs/project/lib/python3.8/site-packages/airflow/example_dags/example_setup_teardown_taskflow.py
[2024-10-08T08:15:15.182+0000] {logging_mixin.py:190} INFO - [2024-10-08T08:15:15.181+0000] {dag.py:3239} INFO - Sync 1 DAGs
[2024-10-08T08:15:15.199+0000] {logging_mixin.py:190} INFO - [2024-10-08T08:15:15.199+0000] {dag.py:4180} INFO - Setting next_dagrun for example_setup_teardown_taskflow to None, run_after=None
[2024-10-08T08:15:15.234+0000] {processor.py:208} INFO - Processing /root/miniconda3/envs/project/lib/python3.8/site-packages/airflow/example_dags/example_setup_teardown_taskflow.py took 0.116 seconds
[2024-10-08T08:16:23.491+0000] {processor.py:186} INFO - Started process (PID=211720) to work on /root/miniconda3/envs/project/lib/python3.8/site-packages/airflow/example_dags/example_setup_teardown_taskflow.py
[2024-10-08T08:16:23.494+0000] {processor.py:914} INFO - Processing file /root/miniconda3/envs/project/lib/python3.8/site-packages/airflow/example_dags/example_setup_teardown_taskflow.py for tasks to queue
[2024-10-08T08:16:23.497+0000] {logging_mixin.py:190} INFO - [2024-10-08T08:16:23.497+0000] {dagbag.py:588} INFO - Filling up the DagBag from /root/miniconda3/envs/project/lib/python3.8/site-packages/airflow/example_dags/example_setup_teardown_taskflow.py
[2024-10-08T08:16:23.515+0000] {processor.py:925} INFO - DAG(s) 'example_setup_teardown_taskflow' retrieved from /root/miniconda3/envs/project/lib/python3.8/site-packages/airflow/example_dags/example_setup_teardown_taskflow.py
[2024-10-08T08:16:23.545+0000] {logging_mixin.py:190} INFO - [2024-10-08T08:16:23.544+0000] {dag.py:3239} INFO - Sync 1 DAGs
[2024-10-08T08:16:23.564+0000] {logging_mixin.py:190} INFO - [2024-10-08T08:16:23.564+0000] {dag.py:4180} INFO - Setting next_dagrun for example_setup_teardown_taskflow to None, run_after=None
[2024-10-08T08:16:23.600+0000] {processor.py:208} INFO - Processing /root/miniconda3/envs/project/lib/python3.8/site-packages/airflow/example_dags/example_setup_teardown_taskflow.py took 0.120 seconds
[2024-10-08T08:17:34.135+0000] {processor.py:186} INFO - Started process (PID=211972) to work on /root/miniconda3/envs/project/lib/python3.8/site-packages/airflow/example_dags/example_setup_teardown_taskflow.py
[2024-10-08T08:17:34.138+0000] {processor.py:914} INFO - Processing file /root/miniconda3/envs/project/lib/python3.8/site-packages/airflow/example_dags/example_setup_teardown_taskflow.py for tasks to queue
[2024-10-08T08:17:34.141+0000] {logging_mixin.py:190} INFO - [2024-10-08T08:17:34.141+0000] {dagbag.py:588} INFO - Filling up the DagBag from /root/miniconda3/envs/project/lib/python3.8/site-packages/airflow/example_dags/example_setup_teardown_taskflow.py
[2024-10-08T08:17:34.158+0000] {processor.py:925} INFO - DAG(s) 'example_setup_teardown_taskflow' retrieved from /root/miniconda3/envs/project/lib/python3.8/site-packages/airflow/example_dags/example_setup_teardown_taskflow.py
[2024-10-08T08:17:34.185+0000] {logging_mixin.py:190} INFO - [2024-10-08T08:17:34.185+0000] {dag.py:3239} INFO - Sync 1 DAGs
[2024-10-08T08:17:34.203+0000] {logging_mixin.py:190} INFO - [2024-10-08T08:17:34.203+0000] {dag.py:4180} INFO - Setting next_dagrun for example_setup_teardown_taskflow to None, run_after=None
[2024-10-08T08:17:34.238+0000] {processor.py:208} INFO - Processing /root/miniconda3/envs/project/lib/python3.8/site-packages/airflow/example_dags/example_setup_teardown_taskflow.py took 0.114 seconds
[2024-10-08T08:18:43.607+0000] {processor.py:186} INFO - Started process (PID=212218) to work on /root/miniconda3/envs/project/lib/python3.8/site-packages/airflow/example_dags/example_setup_teardown_taskflow.py
[2024-10-08T08:18:43.610+0000] {processor.py:914} INFO - Processing file /root/miniconda3/envs/project/lib/python3.8/site-packages/airflow/example_dags/example_setup_teardown_taskflow.py for tasks to queue
[2024-10-08T08:18:43.614+0000] {logging_mixin.py:190} INFO - [2024-10-08T08:18:43.613+0000] {dagbag.py:588} INFO - Filling up the DagBag from /root/miniconda3/envs/project/lib/python3.8/site-packages/airflow/example_dags/example_setup_teardown_taskflow.py
[2024-10-08T08:18:43.631+0000] {processor.py:925} INFO - DAG(s) 'example_setup_teardown_taskflow' retrieved from /root/miniconda3/envs/project/lib/python3.8/site-packages/airflow/example_dags/example_setup_teardown_taskflow.py
[2024-10-08T08:18:43.658+0000] {logging_mixin.py:190} INFO - [2024-10-08T08:18:43.658+0000] {dag.py:3239} INFO - Sync 1 DAGs
[2024-10-08T08:18:43.678+0000] {logging_mixin.py:190} INFO - [2024-10-08T08:18:43.677+0000] {dag.py:4180} INFO - Setting next_dagrun for example_setup_teardown_taskflow to None, run_after=None
[2024-10-08T08:18:43.713+0000] {processor.py:208} INFO - Processing /root/miniconda3/envs/project/lib/python3.8/site-packages/airflow/example_dags/example_setup_teardown_taskflow.py took 0.118 seconds
[2024-10-08T08:19:52.583+0000] {processor.py:186} INFO - Started process (PID=212420) to work on /root/miniconda3/envs/project/lib/python3.8/site-packages/airflow/example_dags/example_setup_teardown_taskflow.py
[2024-10-08T08:19:52.586+0000] {processor.py:914} INFO - Processing file /root/miniconda3/envs/project/lib/python3.8/site-packages/airflow/example_dags/example_setup_teardown_taskflow.py for tasks to queue
[2024-10-08T08:19:52.589+0000] {logging_mixin.py:190} INFO - [2024-10-08T08:19:52.589+0000] {dagbag.py:588} INFO - Filling up the DagBag from /root/miniconda3/envs/project/lib/python3.8/site-packages/airflow/example_dags/example_setup_teardown_taskflow.py
[2024-10-08T08:19:52.606+0000] {processor.py:925} INFO - DAG(s) 'example_setup_teardown_taskflow' retrieved from /root/miniconda3/envs/project/lib/python3.8/site-packages/airflow/example_dags/example_setup_teardown_taskflow.py
[2024-10-08T08:19:52.639+0000] {logging_mixin.py:190} INFO - [2024-10-08T08:19:52.639+0000] {dag.py:3239} INFO - Sync 1 DAGs
[2024-10-08T08:19:52.657+0000] {logging_mixin.py:190} INFO - [2024-10-08T08:19:52.657+0000] {dag.py:4180} INFO - Setting next_dagrun for example_setup_teardown_taskflow to None, run_after=None
[2024-10-08T08:19:52.688+0000] {processor.py:208} INFO - Processing /root/miniconda3/envs/project/lib/python3.8/site-packages/airflow/example_dags/example_setup_teardown_taskflow.py took 0.117 seconds
[2024-10-08T08:21:01.754+0000] {processor.py:186} INFO - Started process (PID=212610) to work on /root/miniconda3/envs/project/lib/python3.8/site-packages/airflow/example_dags/example_setup_teardown_taskflow.py
[2024-10-08T08:21:01.757+0000] {processor.py:914} INFO - Processing file /root/miniconda3/envs/project/lib/python3.8/site-packages/airflow/example_dags/example_setup_teardown_taskflow.py for tasks to queue
[2024-10-08T08:21:01.760+0000] {logging_mixin.py:190} INFO - [2024-10-08T08:21:01.759+0000] {dagbag.py:588} INFO - Filling up the DagBag from /root/miniconda3/envs/project/lib/python3.8/site-packages/airflow/example_dags/example_setup_teardown_taskflow.py
[2024-10-08T08:21:01.777+0000] {processor.py:925} INFO - DAG(s) 'example_setup_teardown_taskflow' retrieved from /root/miniconda3/envs/project/lib/python3.8/site-packages/airflow/example_dags/example_setup_teardown_taskflow.py
[2024-10-08T08:21:01.804+0000] {logging_mixin.py:190} INFO - [2024-10-08T08:21:01.804+0000] {dag.py:3239} INFO - Sync 1 DAGs
[2024-10-08T08:21:01.824+0000] {logging_mixin.py:190} INFO - [2024-10-08T08:21:01.823+0000] {dag.py:4180} INFO - Setting next_dagrun for example_setup_teardown_taskflow to None, run_after=None
[2024-10-08T08:21:01.858+0000] {processor.py:208} INFO - Processing /root/miniconda3/envs/project/lib/python3.8/site-packages/airflow/example_dags/example_setup_teardown_taskflow.py took 0.116 seconds
[2024-10-08T08:22:12.095+0000] {processor.py:186} INFO - Started process (PID=212818) to work on /root/miniconda3/envs/project/lib/python3.8/site-packages/airflow/example_dags/example_setup_teardown_taskflow.py
[2024-10-08T08:22:12.098+0000] {processor.py:914} INFO - Processing file /root/miniconda3/envs/project/lib/python3.8/site-packages/airflow/example_dags/example_setup_teardown_taskflow.py for tasks to queue
[2024-10-08T08:22:12.101+0000] {logging_mixin.py:190} INFO - [2024-10-08T08:22:12.101+0000] {dagbag.py:588} INFO - Filling up the DagBag from /root/miniconda3/envs/project/lib/python3.8/site-packages/airflow/example_dags/example_setup_teardown_taskflow.py
[2024-10-08T08:22:12.120+0000] {processor.py:925} INFO - DAG(s) 'example_setup_teardown_taskflow' retrieved from /root/miniconda3/envs/project/lib/python3.8/site-packages/airflow/example_dags/example_setup_teardown_taskflow.py
[2024-10-08T08:22:12.148+0000] {logging_mixin.py:190} INFO - [2024-10-08T08:22:12.147+0000] {dag.py:3239} INFO - Sync 1 DAGs
[2024-10-08T08:22:12.167+0000] {logging_mixin.py:190} INFO - [2024-10-08T08:22:12.166+0000] {dag.py:4180} INFO - Setting next_dagrun for example_setup_teardown_taskflow to None, run_after=None
[2024-10-08T08:22:12.198+0000] {processor.py:208} INFO - Processing /root/miniconda3/envs/project/lib/python3.8/site-packages/airflow/example_dags/example_setup_teardown_taskflow.py took 0.113 seconds
[2024-10-08T08:23:20.042+0000] {processor.py:186} INFO - Started process (PID=213063) to work on /root/miniconda3/envs/project/lib/python3.8/site-packages/airflow/example_dags/example_setup_teardown_taskflow.py
[2024-10-08T08:23:20.045+0000] {processor.py:914} INFO - Processing file /root/miniconda3/envs/project/lib/python3.8/site-packages/airflow/example_dags/example_setup_teardown_taskflow.py for tasks to queue
[2024-10-08T08:23:20.048+0000] {logging_mixin.py:190} INFO - [2024-10-08T08:23:20.047+0000] {dagbag.py:588} INFO - Filling up the DagBag from /root/miniconda3/envs/project/lib/python3.8/site-packages/airflow/example_dags/example_setup_teardown_taskflow.py
[2024-10-08T08:23:20.065+0000] {processor.py:925} INFO - DAG(s) 'example_setup_teardown_taskflow' retrieved from /root/miniconda3/envs/project/lib/python3.8/site-packages/airflow/example_dags/example_setup_teardown_taskflow.py
[2024-10-08T08:23:20.092+0000] {logging_mixin.py:190} INFO - [2024-10-08T08:23:20.092+0000] {dag.py:3239} INFO - Sync 1 DAGs
[2024-10-08T08:23:20.110+0000] {logging_mixin.py:190} INFO - [2024-10-08T08:23:20.110+0000] {dag.py:4180} INFO - Setting next_dagrun for example_setup_teardown_taskflow to None, run_after=None
[2024-10-08T08:23:20.143+0000] {processor.py:208} INFO - Processing /root/miniconda3/envs/project/lib/python3.8/site-packages/airflow/example_dags/example_setup_teardown_taskflow.py took 0.114 seconds
[2024-10-08T08:24:23.283+0000] {processor.py:186} INFO - Started process (PID=213251) to work on /root/miniconda3/envs/project/lib/python3.8/site-packages/airflow/example_dags/example_setup_teardown_taskflow.py
[2024-10-08T08:24:23.286+0000] {processor.py:914} INFO - Processing file /root/miniconda3/envs/project/lib/python3.8/site-packages/airflow/example_dags/example_setup_teardown_taskflow.py for tasks to queue
[2024-10-08T08:24:23.289+0000] {logging_mixin.py:190} INFO - [2024-10-08T08:24:23.288+0000] {dagbag.py:588} INFO - Filling up the DagBag from /root/miniconda3/envs/project/lib/python3.8/site-packages/airflow/example_dags/example_setup_teardown_taskflow.py
[2024-10-08T08:24:23.306+0000] {processor.py:925} INFO - DAG(s) 'example_setup_teardown_taskflow' retrieved from /root/miniconda3/envs/project/lib/python3.8/site-packages/airflow/example_dags/example_setup_teardown_taskflow.py
[2024-10-08T08:24:23.332+0000] {logging_mixin.py:190} INFO - [2024-10-08T08:24:23.331+0000] {dag.py:3239} INFO - Sync 1 DAGs
[2024-10-08T08:24:23.350+0000] {logging_mixin.py:190} INFO - [2024-10-08T08:24:23.349+0000] {dag.py:4180} INFO - Setting next_dagrun for example_setup_teardown_taskflow to None, run_after=None
[2024-10-08T08:24:23.381+0000] {processor.py:208} INFO - Processing /root/miniconda3/envs/project/lib/python3.8/site-packages/airflow/example_dags/example_setup_teardown_taskflow.py took 0.110 seconds
[2024-10-08T08:37:13.219+0000] {processor.py:186} INFO - Started process (PID=214954) to work on /root/miniconda3/envs/project/lib/python3.8/site-packages/airflow/example_dags/example_setup_teardown_taskflow.py
[2024-10-08T08:37:13.222+0000] {processor.py:914} INFO - Processing file /root/miniconda3/envs/project/lib/python3.8/site-packages/airflow/example_dags/example_setup_teardown_taskflow.py for tasks to queue
[2024-10-08T08:37:13.225+0000] {logging_mixin.py:190} INFO - [2024-10-08T08:37:13.225+0000] {dagbag.py:588} INFO - Filling up the DagBag from /root/miniconda3/envs/project/lib/python3.8/site-packages/airflow/example_dags/example_setup_teardown_taskflow.py
[2024-10-08T08:37:13.241+0000] {processor.py:925} INFO - DAG(s) 'example_setup_teardown_taskflow' retrieved from /root/miniconda3/envs/project/lib/python3.8/site-packages/airflow/example_dags/example_setup_teardown_taskflow.py
[2024-10-08T08:37:13.269+0000] {logging_mixin.py:190} INFO - [2024-10-08T08:37:13.269+0000] {dag.py:3239} INFO - Sync 1 DAGs
[2024-10-08T08:37:13.288+0000] {logging_mixin.py:190} INFO - [2024-10-08T08:37:13.287+0000] {dag.py:4180} INFO - Setting next_dagrun for example_setup_teardown_taskflow to None, run_after=None
[2024-10-08T08:37:13.321+0000] {processor.py:208} INFO - Processing /root/miniconda3/envs/project/lib/python3.8/site-packages/airflow/example_dags/example_setup_teardown_taskflow.py took 0.112 seconds
[2024-10-08T08:38:19.715+0000] {processor.py:186} INFO - Started process (PID=215220) to work on /root/miniconda3/envs/project/lib/python3.8/site-packages/airflow/example_dags/example_setup_teardown_taskflow.py
[2024-10-08T08:38:19.718+0000] {processor.py:914} INFO - Processing file /root/miniconda3/envs/project/lib/python3.8/site-packages/airflow/example_dags/example_setup_teardown_taskflow.py for tasks to queue
[2024-10-08T08:38:19.721+0000] {logging_mixin.py:190} INFO - [2024-10-08T08:38:19.721+0000] {dagbag.py:588} INFO - Filling up the DagBag from /root/miniconda3/envs/project/lib/python3.8/site-packages/airflow/example_dags/example_setup_teardown_taskflow.py
[2024-10-08T08:38:19.738+0000] {processor.py:925} INFO - DAG(s) 'example_setup_teardown_taskflow' retrieved from /root/miniconda3/envs/project/lib/python3.8/site-packages/airflow/example_dags/example_setup_teardown_taskflow.py
[2024-10-08T08:38:19.765+0000] {logging_mixin.py:190} INFO - [2024-10-08T08:38:19.765+0000] {dag.py:3239} INFO - Sync 1 DAGs
[2024-10-08T08:38:19.784+0000] {logging_mixin.py:190} INFO - [2024-10-08T08:38:19.783+0000] {dag.py:4180} INFO - Setting next_dagrun for example_setup_teardown_taskflow to None, run_after=None
[2024-10-08T08:38:19.816+0000] {processor.py:208} INFO - Processing /root/miniconda3/envs/project/lib/python3.8/site-packages/airflow/example_dags/example_setup_teardown_taskflow.py took 0.112 seconds
[2024-10-08T08:39:30.079+0000] {processor.py:186} INFO - Started process (PID=215626) to work on /root/miniconda3/envs/project/lib/python3.8/site-packages/airflow/example_dags/example_setup_teardown_taskflow.py
[2024-10-08T08:39:30.082+0000] {processor.py:914} INFO - Processing file /root/miniconda3/envs/project/lib/python3.8/site-packages/airflow/example_dags/example_setup_teardown_taskflow.py for tasks to queue
[2024-10-08T08:39:30.087+0000] {logging_mixin.py:190} INFO - [2024-10-08T08:39:30.086+0000] {dagbag.py:588} INFO - Filling up the DagBag from /root/miniconda3/envs/project/lib/python3.8/site-packages/airflow/example_dags/example_setup_teardown_taskflow.py
[2024-10-08T08:39:30.105+0000] {processor.py:925} INFO - DAG(s) 'example_setup_teardown_taskflow' retrieved from /root/miniconda3/envs/project/lib/python3.8/site-packages/airflow/example_dags/example_setup_teardown_taskflow.py
[2024-10-08T08:39:30.132+0000] {logging_mixin.py:190} INFO - [2024-10-08T08:39:30.132+0000] {dag.py:3239} INFO - Sync 1 DAGs
[2024-10-08T08:39:30.150+0000] {logging_mixin.py:190} INFO - [2024-10-08T08:39:30.150+0000] {dag.py:4180} INFO - Setting next_dagrun for example_setup_teardown_taskflow to None, run_after=None
[2024-10-08T08:39:30.184+0000] {processor.py:208} INFO - Processing /root/miniconda3/envs/project/lib/python3.8/site-packages/airflow/example_dags/example_setup_teardown_taskflow.py took 0.116 seconds
[2024-10-08T08:40:40.787+0000] {processor.py:186} INFO - Started process (PID=216037) to work on /root/miniconda3/envs/project/lib/python3.8/site-packages/airflow/example_dags/example_setup_teardown_taskflow.py
[2024-10-08T08:40:40.790+0000] {processor.py:914} INFO - Processing file /root/miniconda3/envs/project/lib/python3.8/site-packages/airflow/example_dags/example_setup_teardown_taskflow.py for tasks to queue
[2024-10-08T08:40:40.794+0000] {logging_mixin.py:190} INFO - [2024-10-08T08:40:40.793+0000] {dagbag.py:588} INFO - Filling up the DagBag from /root/miniconda3/envs/project/lib/python3.8/site-packages/airflow/example_dags/example_setup_teardown_taskflow.py
[2024-10-08T08:40:40.811+0000] {processor.py:925} INFO - DAG(s) 'example_setup_teardown_taskflow' retrieved from /root/miniconda3/envs/project/lib/python3.8/site-packages/airflow/example_dags/example_setup_teardown_taskflow.py
[2024-10-08T08:40:40.841+0000] {logging_mixin.py:190} INFO - [2024-10-08T08:40:40.841+0000] {dag.py:3239} INFO - Sync 1 DAGs
[2024-10-08T08:40:40.860+0000] {logging_mixin.py:190} INFO - [2024-10-08T08:40:40.860+0000] {dag.py:4180} INFO - Setting next_dagrun for example_setup_teardown_taskflow to None, run_after=None
[2024-10-08T08:40:40.895+0000] {processor.py:208} INFO - Processing /root/miniconda3/envs/project/lib/python3.8/site-packages/airflow/example_dags/example_setup_teardown_taskflow.py took 0.120 seconds
[2024-10-08T08:41:47.517+0000] {processor.py:186} INFO - Started process (PID=216495) to work on /root/miniconda3/envs/project/lib/python3.8/site-packages/airflow/example_dags/example_setup_teardown_taskflow.py
[2024-10-08T08:41:47.520+0000] {processor.py:914} INFO - Processing file /root/miniconda3/envs/project/lib/python3.8/site-packages/airflow/example_dags/example_setup_teardown_taskflow.py for tasks to queue
[2024-10-08T08:41:47.523+0000] {logging_mixin.py:190} INFO - [2024-10-08T08:41:47.522+0000] {dagbag.py:588} INFO - Filling up the DagBag from /root/miniconda3/envs/project/lib/python3.8/site-packages/airflow/example_dags/example_setup_teardown_taskflow.py
[2024-10-08T08:41:47.538+0000] {processor.py:925} INFO - DAG(s) 'example_setup_teardown_taskflow' retrieved from /root/miniconda3/envs/project/lib/python3.8/site-packages/airflow/example_dags/example_setup_teardown_taskflow.py
[2024-10-08T08:41:47.561+0000] {logging_mixin.py:190} INFO - [2024-10-08T08:41:47.561+0000] {dag.py:3239} INFO - Sync 1 DAGs
[2024-10-08T08:41:47.575+0000] {logging_mixin.py:190} INFO - [2024-10-08T08:41:47.575+0000] {dag.py:4180} INFO - Setting next_dagrun for example_setup_teardown_taskflow to None, run_after=None
[2024-10-08T08:41:47.605+0000] {processor.py:208} INFO - Processing /root/miniconda3/envs/project/lib/python3.8/site-packages/airflow/example_dags/example_setup_teardown_taskflow.py took 0.099 seconds
[2024-10-08T08:42:54.341+0000] {processor.py:186} INFO - Started process (PID=216714) to work on /root/miniconda3/envs/project/lib/python3.8/site-packages/airflow/example_dags/example_setup_teardown_taskflow.py
[2024-10-08T08:42:54.344+0000] {processor.py:914} INFO - Processing file /root/miniconda3/envs/project/lib/python3.8/site-packages/airflow/example_dags/example_setup_teardown_taskflow.py for tasks to queue
[2024-10-08T08:42:54.348+0000] {logging_mixin.py:190} INFO - [2024-10-08T08:42:54.347+0000] {dagbag.py:588} INFO - Filling up the DagBag from /root/miniconda3/envs/project/lib/python3.8/site-packages/airflow/example_dags/example_setup_teardown_taskflow.py
[2024-10-08T08:42:54.364+0000] {processor.py:925} INFO - DAG(s) 'example_setup_teardown_taskflow' retrieved from /root/miniconda3/envs/project/lib/python3.8/site-packages/airflow/example_dags/example_setup_teardown_taskflow.py
[2024-10-08T08:42:54.392+0000] {logging_mixin.py:190} INFO - [2024-10-08T08:42:54.392+0000] {dag.py:3239} INFO - Sync 1 DAGs
[2024-10-08T08:42:54.410+0000] {logging_mixin.py:190} INFO - [2024-10-08T08:42:54.409+0000] {dag.py:4180} INFO - Setting next_dagrun for example_setup_teardown_taskflow to None, run_after=None
[2024-10-08T08:42:54.441+0000] {processor.py:208} INFO - Processing /root/miniconda3/envs/project/lib/python3.8/site-packages/airflow/example_dags/example_setup_teardown_taskflow.py took 0.111 seconds
[2024-10-08T08:44:02.431+0000] {processor.py:186} INFO - Started process (PID=216932) to work on /root/miniconda3/envs/project/lib/python3.8/site-packages/airflow/example_dags/example_setup_teardown_taskflow.py
[2024-10-08T08:44:02.434+0000] {processor.py:914} INFO - Processing file /root/miniconda3/envs/project/lib/python3.8/site-packages/airflow/example_dags/example_setup_teardown_taskflow.py for tasks to queue
[2024-10-08T08:44:02.438+0000] {logging_mixin.py:190} INFO - [2024-10-08T08:44:02.437+0000] {dagbag.py:588} INFO - Filling up the DagBag from /root/miniconda3/envs/project/lib/python3.8/site-packages/airflow/example_dags/example_setup_teardown_taskflow.py
[2024-10-08T08:44:02.455+0000] {processor.py:925} INFO - DAG(s) 'example_setup_teardown_taskflow' retrieved from /root/miniconda3/envs/project/lib/python3.8/site-packages/airflow/example_dags/example_setup_teardown_taskflow.py
[2024-10-08T08:44:02.483+0000] {logging_mixin.py:190} INFO - [2024-10-08T08:44:02.483+0000] {dag.py:3239} INFO - Sync 1 DAGs
[2024-10-08T08:44:02.503+0000] {logging_mixin.py:190} INFO - [2024-10-08T08:44:02.503+0000] {dag.py:4180} INFO - Setting next_dagrun for example_setup_teardown_taskflow to None, run_after=None
[2024-10-08T08:44:02.535+0000] {processor.py:208} INFO - Processing /root/miniconda3/envs/project/lib/python3.8/site-packages/airflow/example_dags/example_setup_teardown_taskflow.py took 0.116 seconds
[2024-10-08T08:45:15.444+0000] {processor.py:186} INFO - Started process (PID=217162) to work on /root/miniconda3/envs/project/lib/python3.8/site-packages/airflow/example_dags/example_setup_teardown_taskflow.py
[2024-10-08T08:45:15.447+0000] {processor.py:914} INFO - Processing file /root/miniconda3/envs/project/lib/python3.8/site-packages/airflow/example_dags/example_setup_teardown_taskflow.py for tasks to queue
[2024-10-08T08:45:15.450+0000] {logging_mixin.py:190} INFO - [2024-10-08T08:45:15.450+0000] {dagbag.py:588} INFO - Filling up the DagBag from /root/miniconda3/envs/project/lib/python3.8/site-packages/airflow/example_dags/example_setup_teardown_taskflow.py
[2024-10-08T08:45:15.467+0000] {processor.py:925} INFO - DAG(s) 'example_setup_teardown_taskflow' retrieved from /root/miniconda3/envs/project/lib/python3.8/site-packages/airflow/example_dags/example_setup_teardown_taskflow.py
[2024-10-08T08:45:15.495+0000] {logging_mixin.py:190} INFO - [2024-10-08T08:45:15.494+0000] {dag.py:3239} INFO - Sync 1 DAGs
[2024-10-08T08:45:15.513+0000] {logging_mixin.py:190} INFO - [2024-10-08T08:45:15.512+0000] {dag.py:4180} INFO - Setting next_dagrun for example_setup_teardown_taskflow to None, run_after=None
[2024-10-08T08:45:15.544+0000] {processor.py:208} INFO - Processing /root/miniconda3/envs/project/lib/python3.8/site-packages/airflow/example_dags/example_setup_teardown_taskflow.py took 0.110 seconds
[2024-10-08T08:46:28.901+0000] {processor.py:186} INFO - Started process (PID=217389) to work on /root/miniconda3/envs/project/lib/python3.8/site-packages/airflow/example_dags/example_setup_teardown_taskflow.py
[2024-10-08T08:46:28.904+0000] {processor.py:914} INFO - Processing file /root/miniconda3/envs/project/lib/python3.8/site-packages/airflow/example_dags/example_setup_teardown_taskflow.py for tasks to queue
[2024-10-08T08:46:28.907+0000] {logging_mixin.py:190} INFO - [2024-10-08T08:46:28.906+0000] {dagbag.py:588} INFO - Filling up the DagBag from /root/miniconda3/envs/project/lib/python3.8/site-packages/airflow/example_dags/example_setup_teardown_taskflow.py
[2024-10-08T08:46:28.924+0000] {processor.py:925} INFO - DAG(s) 'example_setup_teardown_taskflow' retrieved from /root/miniconda3/envs/project/lib/python3.8/site-packages/airflow/example_dags/example_setup_teardown_taskflow.py
[2024-10-08T08:46:28.951+0000] {logging_mixin.py:190} INFO - [2024-10-08T08:46:28.951+0000] {dag.py:3239} INFO - Sync 1 DAGs
[2024-10-08T08:46:28.971+0000] {logging_mixin.py:190} INFO - [2024-10-08T08:46:28.971+0000] {dag.py:4180} INFO - Setting next_dagrun for example_setup_teardown_taskflow to None, run_after=None
[2024-10-08T08:46:29.010+0000] {processor.py:208} INFO - Processing /root/miniconda3/envs/project/lib/python3.8/site-packages/airflow/example_dags/example_setup_teardown_taskflow.py took 0.120 seconds
[2024-10-08T08:47:41.476+0000] {processor.py:186} INFO - Started process (PID=217875) to work on /root/miniconda3/envs/project/lib/python3.8/site-packages/airflow/example_dags/example_setup_teardown_taskflow.py
[2024-10-08T08:47:41.479+0000] {processor.py:914} INFO - Processing file /root/miniconda3/envs/project/lib/python3.8/site-packages/airflow/example_dags/example_setup_teardown_taskflow.py for tasks to queue
[2024-10-08T08:47:41.482+0000] {logging_mixin.py:190} INFO - [2024-10-08T08:47:41.482+0000] {dagbag.py:588} INFO - Filling up the DagBag from /root/miniconda3/envs/project/lib/python3.8/site-packages/airflow/example_dags/example_setup_teardown_taskflow.py
[2024-10-08T08:47:41.503+0000] {processor.py:925} INFO - DAG(s) 'example_setup_teardown_taskflow' retrieved from /root/miniconda3/envs/project/lib/python3.8/site-packages/airflow/example_dags/example_setup_teardown_taskflow.py
[2024-10-08T08:47:41.531+0000] {logging_mixin.py:190} INFO - [2024-10-08T08:47:41.531+0000] {dag.py:3239} INFO - Sync 1 DAGs
[2024-10-08T08:47:41.550+0000] {logging_mixin.py:190} INFO - [2024-10-08T08:47:41.550+0000] {dag.py:4180} INFO - Setting next_dagrun for example_setup_teardown_taskflow to None, run_after=None
[2024-10-08T08:47:41.588+0000] {processor.py:208} INFO - Processing /root/miniconda3/envs/project/lib/python3.8/site-packages/airflow/example_dags/example_setup_teardown_taskflow.py took 0.123 seconds
[2024-10-08T08:48:52.608+0000] {processor.py:186} INFO - Started process (PID=218099) to work on /root/miniconda3/envs/project/lib/python3.8/site-packages/airflow/example_dags/example_setup_teardown_taskflow.py
[2024-10-08T08:48:52.611+0000] {processor.py:914} INFO - Processing file /root/miniconda3/envs/project/lib/python3.8/site-packages/airflow/example_dags/example_setup_teardown_taskflow.py for tasks to queue
[2024-10-08T08:48:52.614+0000] {logging_mixin.py:190} INFO - [2024-10-08T08:48:52.613+0000] {dagbag.py:588} INFO - Filling up the DagBag from /root/miniconda3/envs/project/lib/python3.8/site-packages/airflow/example_dags/example_setup_teardown_taskflow.py
[2024-10-08T08:48:52.630+0000] {processor.py:925} INFO - DAG(s) 'example_setup_teardown_taskflow' retrieved from /root/miniconda3/envs/project/lib/python3.8/site-packages/airflow/example_dags/example_setup_teardown_taskflow.py
[2024-10-08T08:48:52.657+0000] {logging_mixin.py:190} INFO - [2024-10-08T08:48:52.657+0000] {dag.py:3239} INFO - Sync 1 DAGs
[2024-10-08T08:48:52.675+0000] {logging_mixin.py:190} INFO - [2024-10-08T08:48:52.675+0000] {dag.py:4180} INFO - Setting next_dagrun for example_setup_teardown_taskflow to None, run_after=None
[2024-10-08T08:48:52.709+0000] {processor.py:208} INFO - Processing /root/miniconda3/envs/project/lib/python3.8/site-packages/airflow/example_dags/example_setup_teardown_taskflow.py took 0.113 seconds
[2024-10-08T08:50:03.264+0000] {processor.py:186} INFO - Started process (PID=218321) to work on /root/miniconda3/envs/project/lib/python3.8/site-packages/airflow/example_dags/example_setup_teardown_taskflow.py
[2024-10-08T08:50:03.267+0000] {processor.py:914} INFO - Processing file /root/miniconda3/envs/project/lib/python3.8/site-packages/airflow/example_dags/example_setup_teardown_taskflow.py for tasks to queue
[2024-10-08T08:50:03.270+0000] {logging_mixin.py:190} INFO - [2024-10-08T08:50:03.270+0000] {dagbag.py:588} INFO - Filling up the DagBag from /root/miniconda3/envs/project/lib/python3.8/site-packages/airflow/example_dags/example_setup_teardown_taskflow.py
[2024-10-08T08:50:03.287+0000] {processor.py:925} INFO - DAG(s) 'example_setup_teardown_taskflow' retrieved from /root/miniconda3/envs/project/lib/python3.8/site-packages/airflow/example_dags/example_setup_teardown_taskflow.py
[2024-10-08T08:50:03.313+0000] {logging_mixin.py:190} INFO - [2024-10-08T08:50:03.313+0000] {dag.py:3239} INFO - Sync 1 DAGs
[2024-10-08T08:50:03.331+0000] {logging_mixin.py:190} INFO - [2024-10-08T08:50:03.331+0000] {dag.py:4180} INFO - Setting next_dagrun for example_setup_teardown_taskflow to None, run_after=None
[2024-10-08T08:50:03.363+0000] {processor.py:208} INFO - Processing /root/miniconda3/envs/project/lib/python3.8/site-packages/airflow/example_dags/example_setup_teardown_taskflow.py took 0.110 seconds
[2024-10-08T08:51:13.987+0000] {processor.py:186} INFO - Started process (PID=218668) to work on /root/miniconda3/envs/project/lib/python3.8/site-packages/airflow/example_dags/example_setup_teardown_taskflow.py
[2024-10-08T08:51:13.990+0000] {processor.py:914} INFO - Processing file /root/miniconda3/envs/project/lib/python3.8/site-packages/airflow/example_dags/example_setup_teardown_taskflow.py for tasks to queue
[2024-10-08T08:51:13.993+0000] {logging_mixin.py:190} INFO - [2024-10-08T08:51:13.993+0000] {dagbag.py:588} INFO - Filling up the DagBag from /root/miniconda3/envs/project/lib/python3.8/site-packages/airflow/example_dags/example_setup_teardown_taskflow.py
[2024-10-08T08:51:14.010+0000] {processor.py:925} INFO - DAG(s) 'example_setup_teardown_taskflow' retrieved from /root/miniconda3/envs/project/lib/python3.8/site-packages/airflow/example_dags/example_setup_teardown_taskflow.py
[2024-10-08T08:51:14.038+0000] {logging_mixin.py:190} INFO - [2024-10-08T08:51:14.037+0000] {dag.py:3239} INFO - Sync 1 DAGs
[2024-10-08T08:51:14.057+0000] {logging_mixin.py:190} INFO - [2024-10-08T08:51:14.056+0000] {dag.py:4180} INFO - Setting next_dagrun for example_setup_teardown_taskflow to None, run_after=None
[2024-10-08T08:51:14.088+0000] {processor.py:208} INFO - Processing /root/miniconda3/envs/project/lib/python3.8/site-packages/airflow/example_dags/example_setup_teardown_taskflow.py took 0.112 seconds
[2024-10-08T09:05:19.546+0000] {processor.py:186} INFO - Started process (PID=220018) to work on /root/miniconda3/envs/project/lib/python3.8/site-packages/airflow/example_dags/example_setup_teardown_taskflow.py
[2024-10-08T09:05:19.549+0000] {processor.py:914} INFO - Processing file /root/miniconda3/envs/project/lib/python3.8/site-packages/airflow/example_dags/example_setup_teardown_taskflow.py for tasks to queue
[2024-10-08T09:05:19.552+0000] {logging_mixin.py:190} INFO - [2024-10-08T09:05:19.552+0000] {dagbag.py:588} INFO - Filling up the DagBag from /root/miniconda3/envs/project/lib/python3.8/site-packages/airflow/example_dags/example_setup_teardown_taskflow.py
[2024-10-08T09:05:19.570+0000] {processor.py:925} INFO - DAG(s) 'example_setup_teardown_taskflow' retrieved from /root/miniconda3/envs/project/lib/python3.8/site-packages/airflow/example_dags/example_setup_teardown_taskflow.py
[2024-10-08T09:05:19.600+0000] {logging_mixin.py:190} INFO - [2024-10-08T09:05:19.600+0000] {dag.py:3239} INFO - Sync 1 DAGs
[2024-10-08T09:05:19.619+0000] {logging_mixin.py:190} INFO - [2024-10-08T09:05:19.618+0000] {dag.py:4180} INFO - Setting next_dagrun for example_setup_teardown_taskflow to None, run_after=None
[2024-10-08T09:05:19.653+0000] {processor.py:208} INFO - Processing /root/miniconda3/envs/project/lib/python3.8/site-packages/airflow/example_dags/example_setup_teardown_taskflow.py took 0.116 seconds
[2024-10-08T09:08:51.870+0000] {processor.py:186} INFO - Started process (PID=220804) to work on /root/miniconda3/envs/project/lib/python3.8/site-packages/airflow/example_dags/example_setup_teardown_taskflow.py
[2024-10-08T09:08:51.873+0000] {processor.py:914} INFO - Processing file /root/miniconda3/envs/project/lib/python3.8/site-packages/airflow/example_dags/example_setup_teardown_taskflow.py for tasks to queue
[2024-10-08T09:08:51.876+0000] {logging_mixin.py:190} INFO - [2024-10-08T09:08:51.875+0000] {dagbag.py:588} INFO - Filling up the DagBag from /root/miniconda3/envs/project/lib/python3.8/site-packages/airflow/example_dags/example_setup_teardown_taskflow.py
[2024-10-08T09:08:51.894+0000] {processor.py:925} INFO - DAG(s) 'example_setup_teardown_taskflow' retrieved from /root/miniconda3/envs/project/lib/python3.8/site-packages/airflow/example_dags/example_setup_teardown_taskflow.py
[2024-10-08T09:08:51.927+0000] {logging_mixin.py:190} INFO - [2024-10-08T09:08:51.926+0000] {dag.py:3239} INFO - Sync 1 DAGs
[2024-10-08T09:08:51.945+0000] {logging_mixin.py:190} INFO - [2024-10-08T09:08:51.945+0000] {dag.py:4180} INFO - Setting next_dagrun for example_setup_teardown_taskflow to None, run_after=None
[2024-10-08T09:08:51.983+0000] {processor.py:208} INFO - Processing /root/miniconda3/envs/project/lib/python3.8/site-packages/airflow/example_dags/example_setup_teardown_taskflow.py took 0.125 seconds
[2024-10-08T09:10:20.195+0000] {processor.py:186} INFO - Started process (PID=221521) to work on /root/miniconda3/envs/project/lib/python3.8/site-packages/airflow/example_dags/example_setup_teardown_taskflow.py
[2024-10-08T09:10:20.197+0000] {processor.py:914} INFO - Processing file /root/miniconda3/envs/project/lib/python3.8/site-packages/airflow/example_dags/example_setup_teardown_taskflow.py for tasks to queue
[2024-10-08T09:10:20.201+0000] {logging_mixin.py:190} INFO - [2024-10-08T09:10:20.200+0000] {dagbag.py:588} INFO - Filling up the DagBag from /root/miniconda3/envs/project/lib/python3.8/site-packages/airflow/example_dags/example_setup_teardown_taskflow.py
[2024-10-08T09:10:20.218+0000] {processor.py:925} INFO - DAG(s) 'example_setup_teardown_taskflow' retrieved from /root/miniconda3/envs/project/lib/python3.8/site-packages/airflow/example_dags/example_setup_teardown_taskflow.py
[2024-10-08T09:10:20.246+0000] {logging_mixin.py:190} INFO - [2024-10-08T09:10:20.246+0000] {dag.py:3239} INFO - Sync 1 DAGs
[2024-10-08T09:10:20.264+0000] {logging_mixin.py:190} INFO - [2024-10-08T09:10:20.264+0000] {dag.py:4180} INFO - Setting next_dagrun for example_setup_teardown_taskflow to None, run_after=None
[2024-10-08T09:10:20.298+0000] {processor.py:208} INFO - Processing /root/miniconda3/envs/project/lib/python3.8/site-packages/airflow/example_dags/example_setup_teardown_taskflow.py took 0.114 seconds
[2024-10-08T09:11:26.965+0000] {processor.py:186} INFO - Started process (PID=221731) to work on /root/miniconda3/envs/project/lib/python3.8/site-packages/airflow/example_dags/example_setup_teardown_taskflow.py
[2024-10-08T09:11:26.967+0000] {processor.py:914} INFO - Processing file /root/miniconda3/envs/project/lib/python3.8/site-packages/airflow/example_dags/example_setup_teardown_taskflow.py for tasks to queue
[2024-10-08T09:11:26.971+0000] {logging_mixin.py:190} INFO - [2024-10-08T09:11:26.970+0000] {dagbag.py:588} INFO - Filling up the DagBag from /root/miniconda3/envs/project/lib/python3.8/site-packages/airflow/example_dags/example_setup_teardown_taskflow.py
[2024-10-08T09:11:26.987+0000] {processor.py:925} INFO - DAG(s) 'example_setup_teardown_taskflow' retrieved from /root/miniconda3/envs/project/lib/python3.8/site-packages/airflow/example_dags/example_setup_teardown_taskflow.py
[2024-10-08T09:11:27.014+0000] {logging_mixin.py:190} INFO - [2024-10-08T09:11:27.014+0000] {dag.py:3239} INFO - Sync 1 DAGs
[2024-10-08T09:11:27.032+0000] {logging_mixin.py:190} INFO - [2024-10-08T09:11:27.032+0000] {dag.py:4180} INFO - Setting next_dagrun for example_setup_teardown_taskflow to None, run_after=None
[2024-10-08T09:11:27.065+0000] {processor.py:208} INFO - Processing /root/miniconda3/envs/project/lib/python3.8/site-packages/airflow/example_dags/example_setup_teardown_taskflow.py took 0.110 seconds
[2024-10-08T09:12:29.557+0000] {processor.py:186} INFO - Started process (PID=222053) to work on /root/miniconda3/envs/project/lib/python3.8/site-packages/airflow/example_dags/example_setup_teardown_taskflow.py
[2024-10-08T09:12:29.560+0000] {processor.py:914} INFO - Processing file /root/miniconda3/envs/project/lib/python3.8/site-packages/airflow/example_dags/example_setup_teardown_taskflow.py for tasks to queue
[2024-10-08T09:12:29.564+0000] {logging_mixin.py:190} INFO - [2024-10-08T09:12:29.563+0000] {dagbag.py:588} INFO - Filling up the DagBag from /root/miniconda3/envs/project/lib/python3.8/site-packages/airflow/example_dags/example_setup_teardown_taskflow.py
[2024-10-08T09:12:29.581+0000] {processor.py:925} INFO - DAG(s) 'example_setup_teardown_taskflow' retrieved from /root/miniconda3/envs/project/lib/python3.8/site-packages/airflow/example_dags/example_setup_teardown_taskflow.py
[2024-10-08T09:12:29.609+0000] {logging_mixin.py:190} INFO - [2024-10-08T09:12:29.609+0000] {dag.py:3239} INFO - Sync 1 DAGs
[2024-10-08T09:12:29.628+0000] {logging_mixin.py:190} INFO - [2024-10-08T09:12:29.628+0000] {dag.py:4180} INFO - Setting next_dagrun for example_setup_teardown_taskflow to None, run_after=None
[2024-10-08T09:12:29.662+0000] {processor.py:208} INFO - Processing /root/miniconda3/envs/project/lib/python3.8/site-packages/airflow/example_dags/example_setup_teardown_taskflow.py took 0.114 seconds
[2024-10-08T09:13:38.035+0000] {processor.py:186} INFO - Started process (PID=222399) to work on /root/miniconda3/envs/project/lib/python3.8/site-packages/airflow/example_dags/example_setup_teardown_taskflow.py
[2024-10-08T09:13:38.038+0000] {processor.py:914} INFO - Processing file /root/miniconda3/envs/project/lib/python3.8/site-packages/airflow/example_dags/example_setup_teardown_taskflow.py for tasks to queue
[2024-10-08T09:13:38.041+0000] {logging_mixin.py:190} INFO - [2024-10-08T09:13:38.040+0000] {dagbag.py:588} INFO - Filling up the DagBag from /root/miniconda3/envs/project/lib/python3.8/site-packages/airflow/example_dags/example_setup_teardown_taskflow.py
[2024-10-08T09:13:38.058+0000] {processor.py:925} INFO - DAG(s) 'example_setup_teardown_taskflow' retrieved from /root/miniconda3/envs/project/lib/python3.8/site-packages/airflow/example_dags/example_setup_teardown_taskflow.py
[2024-10-08T09:13:38.085+0000] {logging_mixin.py:190} INFO - [2024-10-08T09:13:38.085+0000] {dag.py:3239} INFO - Sync 1 DAGs
[2024-10-08T09:13:38.103+0000] {logging_mixin.py:190} INFO - [2024-10-08T09:13:38.103+0000] {dag.py:4180} INFO - Setting next_dagrun for example_setup_teardown_taskflow to None, run_after=None
[2024-10-08T09:13:38.136+0000] {processor.py:208} INFO - Processing /root/miniconda3/envs/project/lib/python3.8/site-packages/airflow/example_dags/example_setup_teardown_taskflow.py took 0.112 seconds
[2024-10-08T09:14:37.974+0000] {processor.py:186} INFO - Started process (PID=222601) to work on /root/miniconda3/envs/project/lib/python3.8/site-packages/airflow/example_dags/example_setup_teardown_taskflow.py
[2024-10-08T09:14:37.976+0000] {processor.py:914} INFO - Processing file /root/miniconda3/envs/project/lib/python3.8/site-packages/airflow/example_dags/example_setup_teardown_taskflow.py for tasks to queue
[2024-10-08T09:14:37.980+0000] {logging_mixin.py:190} INFO - [2024-10-08T09:14:37.979+0000] {dagbag.py:588} INFO - Filling up the DagBag from /root/miniconda3/envs/project/lib/python3.8/site-packages/airflow/example_dags/example_setup_teardown_taskflow.py
[2024-10-08T09:14:37.996+0000] {processor.py:925} INFO - DAG(s) 'example_setup_teardown_taskflow' retrieved from /root/miniconda3/envs/project/lib/python3.8/site-packages/airflow/example_dags/example_setup_teardown_taskflow.py
[2024-10-08T09:14:38.023+0000] {logging_mixin.py:190} INFO - [2024-10-08T09:14:38.023+0000] {dag.py:3239} INFO - Sync 1 DAGs
[2024-10-08T09:14:38.041+0000] {logging_mixin.py:190} INFO - [2024-10-08T09:14:38.041+0000] {dag.py:4180} INFO - Setting next_dagrun for example_setup_teardown_taskflow to None, run_after=None
[2024-10-08T09:14:38.075+0000] {processor.py:208} INFO - Processing /root/miniconda3/envs/project/lib/python3.8/site-packages/airflow/example_dags/example_setup_teardown_taskflow.py took 0.113 seconds
[2024-10-08T09:15:53.488+0000] {processor.py:186} INFO - Started process (PID=222955) to work on /root/miniconda3/envs/project/lib/python3.8/site-packages/airflow/example_dags/example_setup_teardown_taskflow.py
[2024-10-08T09:15:53.491+0000] {processor.py:914} INFO - Processing file /root/miniconda3/envs/project/lib/python3.8/site-packages/airflow/example_dags/example_setup_teardown_taskflow.py for tasks to queue
[2024-10-08T09:15:53.494+0000] {logging_mixin.py:190} INFO - [2024-10-08T09:15:53.493+0000] {dagbag.py:588} INFO - Filling up the DagBag from /root/miniconda3/envs/project/lib/python3.8/site-packages/airflow/example_dags/example_setup_teardown_taskflow.py
[2024-10-08T09:15:53.511+0000] {processor.py:925} INFO - DAG(s) 'example_setup_teardown_taskflow' retrieved from /root/miniconda3/envs/project/lib/python3.8/site-packages/airflow/example_dags/example_setup_teardown_taskflow.py
[2024-10-08T09:15:53.548+0000] {logging_mixin.py:190} INFO - [2024-10-08T09:15:53.548+0000] {dag.py:3239} INFO - Sync 1 DAGs
[2024-10-08T09:15:53.567+0000] {logging_mixin.py:190} INFO - [2024-10-08T09:15:53.566+0000] {dag.py:4180} INFO - Setting next_dagrun for example_setup_teardown_taskflow to None, run_after=None
[2024-10-08T09:15:53.606+0000] {processor.py:208} INFO - Processing /root/miniconda3/envs/project/lib/python3.8/site-packages/airflow/example_dags/example_setup_teardown_taskflow.py took 0.129 seconds
[2024-10-08T09:17:03.292+0000] {processor.py:186} INFO - Started process (PID=223187) to work on /root/miniconda3/envs/project/lib/python3.8/site-packages/airflow/example_dags/example_setup_teardown_taskflow.py
[2024-10-08T09:17:03.295+0000] {processor.py:914} INFO - Processing file /root/miniconda3/envs/project/lib/python3.8/site-packages/airflow/example_dags/example_setup_teardown_taskflow.py for tasks to queue
[2024-10-08T09:17:03.299+0000] {logging_mixin.py:190} INFO - [2024-10-08T09:17:03.299+0000] {dagbag.py:588} INFO - Filling up the DagBag from /root/miniconda3/envs/project/lib/python3.8/site-packages/airflow/example_dags/example_setup_teardown_taskflow.py
[2024-10-08T09:17:03.317+0000] {processor.py:925} INFO - DAG(s) 'example_setup_teardown_taskflow' retrieved from /root/miniconda3/envs/project/lib/python3.8/site-packages/airflow/example_dags/example_setup_teardown_taskflow.py
[2024-10-08T09:17:03.344+0000] {logging_mixin.py:190} INFO - [2024-10-08T09:17:03.344+0000] {dag.py:3239} INFO - Sync 1 DAGs
[2024-10-08T09:17:03.362+0000] {logging_mixin.py:190} INFO - [2024-10-08T09:17:03.362+0000] {dag.py:4180} INFO - Setting next_dagrun for example_setup_teardown_taskflow to None, run_after=None
[2024-10-08T09:17:03.398+0000] {processor.py:208} INFO - Processing /root/miniconda3/envs/project/lib/python3.8/site-packages/airflow/example_dags/example_setup_teardown_taskflow.py took 0.117 seconds
[2024-10-08T09:18:11.768+0000] {processor.py:186} INFO - Started process (PID=223414) to work on /root/miniconda3/envs/project/lib/python3.8/site-packages/airflow/example_dags/example_setup_teardown_taskflow.py
[2024-10-08T09:18:11.771+0000] {processor.py:914} INFO - Processing file /root/miniconda3/envs/project/lib/python3.8/site-packages/airflow/example_dags/example_setup_teardown_taskflow.py for tasks to queue
[2024-10-08T09:18:11.774+0000] {logging_mixin.py:190} INFO - [2024-10-08T09:18:11.773+0000] {dagbag.py:588} INFO - Filling up the DagBag from /root/miniconda3/envs/project/lib/python3.8/site-packages/airflow/example_dags/example_setup_teardown_taskflow.py
[2024-10-08T09:18:11.791+0000] {processor.py:925} INFO - DAG(s) 'example_setup_teardown_taskflow' retrieved from /root/miniconda3/envs/project/lib/python3.8/site-packages/airflow/example_dags/example_setup_teardown_taskflow.py
[2024-10-08T09:18:11.819+0000] {logging_mixin.py:190} INFO - [2024-10-08T09:18:11.819+0000] {dag.py:3239} INFO - Sync 1 DAGs
[2024-10-08T09:18:11.837+0000] {logging_mixin.py:190} INFO - [2024-10-08T09:18:11.837+0000] {dag.py:4180} INFO - Setting next_dagrun for example_setup_teardown_taskflow to None, run_after=None
[2024-10-08T09:18:11.870+0000] {processor.py:208} INFO - Processing /root/miniconda3/envs/project/lib/python3.8/site-packages/airflow/example_dags/example_setup_teardown_taskflow.py took 0.114 seconds
[2024-10-08T09:19:28.848+0000] {processor.py:186} INFO - Started process (PID=223653) to work on /root/miniconda3/envs/project/lib/python3.8/site-packages/airflow/example_dags/example_setup_teardown_taskflow.py
[2024-10-08T09:19:28.851+0000] {processor.py:914} INFO - Processing file /root/miniconda3/envs/project/lib/python3.8/site-packages/airflow/example_dags/example_setup_teardown_taskflow.py for tasks to queue
[2024-10-08T09:19:28.855+0000] {logging_mixin.py:190} INFO - [2024-10-08T09:19:28.854+0000] {dagbag.py:588} INFO - Filling up the DagBag from /root/miniconda3/envs/project/lib/python3.8/site-packages/airflow/example_dags/example_setup_teardown_taskflow.py
[2024-10-08T09:19:28.872+0000] {processor.py:925} INFO - DAG(s) 'example_setup_teardown_taskflow' retrieved from /root/miniconda3/envs/project/lib/python3.8/site-packages/airflow/example_dags/example_setup_teardown_taskflow.py
[2024-10-08T09:19:28.900+0000] {logging_mixin.py:190} INFO - [2024-10-08T09:19:28.899+0000] {dag.py:3239} INFO - Sync 1 DAGs
[2024-10-08T09:19:28.924+0000] {logging_mixin.py:190} INFO - [2024-10-08T09:19:28.923+0000] {dag.py:4180} INFO - Setting next_dagrun for example_setup_teardown_taskflow to None, run_after=None
[2024-10-08T09:19:28.960+0000] {processor.py:208} INFO - Processing /root/miniconda3/envs/project/lib/python3.8/site-packages/airflow/example_dags/example_setup_teardown_taskflow.py took 0.123 seconds
[2024-10-08T09:20:36.149+0000] {processor.py:186} INFO - Started process (PID=223936) to work on /root/miniconda3/envs/project/lib/python3.8/site-packages/airflow/example_dags/example_setup_teardown_taskflow.py
[2024-10-08T09:20:36.152+0000] {processor.py:914} INFO - Processing file /root/miniconda3/envs/project/lib/python3.8/site-packages/airflow/example_dags/example_setup_teardown_taskflow.py for tasks to queue
[2024-10-08T09:20:36.155+0000] {logging_mixin.py:190} INFO - [2024-10-08T09:20:36.154+0000] {dagbag.py:588} INFO - Filling up the DagBag from /root/miniconda3/envs/project/lib/python3.8/site-packages/airflow/example_dags/example_setup_teardown_taskflow.py
[2024-10-08T09:20:36.171+0000] {processor.py:925} INFO - DAG(s) 'example_setup_teardown_taskflow' retrieved from /root/miniconda3/envs/project/lib/python3.8/site-packages/airflow/example_dags/example_setup_teardown_taskflow.py
[2024-10-08T09:20:36.198+0000] {logging_mixin.py:190} INFO - [2024-10-08T09:20:36.197+0000] {dag.py:3239} INFO - Sync 1 DAGs
[2024-10-08T09:20:36.215+0000] {logging_mixin.py:190} INFO - [2024-10-08T09:20:36.215+0000] {dag.py:4180} INFO - Setting next_dagrun for example_setup_teardown_taskflow to None, run_after=None
[2024-10-08T09:20:36.249+0000] {processor.py:208} INFO - Processing /root/miniconda3/envs/project/lib/python3.8/site-packages/airflow/example_dags/example_setup_teardown_taskflow.py took 0.110 seconds
[2024-10-08T09:21:51.845+0000] {processor.py:186} INFO - Started process (PID=224232) to work on /root/miniconda3/envs/project/lib/python3.8/site-packages/airflow/example_dags/example_setup_teardown_taskflow.py
[2024-10-08T09:21:51.848+0000] {processor.py:914} INFO - Processing file /root/miniconda3/envs/project/lib/python3.8/site-packages/airflow/example_dags/example_setup_teardown_taskflow.py for tasks to queue
[2024-10-08T09:21:51.852+0000] {logging_mixin.py:190} INFO - [2024-10-08T09:21:51.851+0000] {dagbag.py:588} INFO - Filling up the DagBag from /root/miniconda3/envs/project/lib/python3.8/site-packages/airflow/example_dags/example_setup_teardown_taskflow.py
[2024-10-08T09:21:51.870+0000] {processor.py:925} INFO - DAG(s) 'example_setup_teardown_taskflow' retrieved from /root/miniconda3/envs/project/lib/python3.8/site-packages/airflow/example_dags/example_setup_teardown_taskflow.py
[2024-10-08T09:21:51.897+0000] {logging_mixin.py:190} INFO - [2024-10-08T09:21:51.897+0000] {dag.py:3239} INFO - Sync 1 DAGs
[2024-10-08T09:21:51.916+0000] {logging_mixin.py:190} INFO - [2024-10-08T09:21:51.916+0000] {dag.py:4180} INFO - Setting next_dagrun for example_setup_teardown_taskflow to None, run_after=None
[2024-10-08T09:21:51.952+0000] {processor.py:208} INFO - Processing /root/miniconda3/envs/project/lib/python3.8/site-packages/airflow/example_dags/example_setup_teardown_taskflow.py took 0.120 seconds
[2024-10-08T09:22:58.814+0000] {processor.py:186} INFO - Started process (PID=224457) to work on /root/miniconda3/envs/project/lib/python3.8/site-packages/airflow/example_dags/example_setup_teardown_taskflow.py
[2024-10-08T09:22:58.818+0000] {processor.py:914} INFO - Processing file /root/miniconda3/envs/project/lib/python3.8/site-packages/airflow/example_dags/example_setup_teardown_taskflow.py for tasks to queue
[2024-10-08T09:22:58.822+0000] {logging_mixin.py:190} INFO - [2024-10-08T09:22:58.821+0000] {dagbag.py:588} INFO - Filling up the DagBag from /root/miniconda3/envs/project/lib/python3.8/site-packages/airflow/example_dags/example_setup_teardown_taskflow.py
[2024-10-08T09:22:58.839+0000] {processor.py:925} INFO - DAG(s) 'example_setup_teardown_taskflow' retrieved from /root/miniconda3/envs/project/lib/python3.8/site-packages/airflow/example_dags/example_setup_teardown_taskflow.py
[2024-10-08T09:22:58.867+0000] {logging_mixin.py:190} INFO - [2024-10-08T09:22:58.867+0000] {dag.py:3239} INFO - Sync 1 DAGs
[2024-10-08T09:22:58.885+0000] {logging_mixin.py:190} INFO - [2024-10-08T09:22:58.885+0000] {dag.py:4180} INFO - Setting next_dagrun for example_setup_teardown_taskflow to None, run_after=None
[2024-10-08T09:22:58.916+0000] {processor.py:208} INFO - Processing /root/miniconda3/envs/project/lib/python3.8/site-packages/airflow/example_dags/example_setup_teardown_taskflow.py took 0.112 seconds
[2024-10-08T09:24:10.781+0000] {processor.py:186} INFO - Started process (PID=224653) to work on /root/miniconda3/envs/project/lib/python3.8/site-packages/airflow/example_dags/example_setup_teardown_taskflow.py
[2024-10-08T09:24:10.784+0000] {processor.py:914} INFO - Processing file /root/miniconda3/envs/project/lib/python3.8/site-packages/airflow/example_dags/example_setup_teardown_taskflow.py for tasks to queue
[2024-10-08T09:24:10.788+0000] {logging_mixin.py:190} INFO - [2024-10-08T09:24:10.787+0000] {dagbag.py:588} INFO - Filling up the DagBag from /root/miniconda3/envs/project/lib/python3.8/site-packages/airflow/example_dags/example_setup_teardown_taskflow.py
[2024-10-08T09:24:10.804+0000] {processor.py:925} INFO - DAG(s) 'example_setup_teardown_taskflow' retrieved from /root/miniconda3/envs/project/lib/python3.8/site-packages/airflow/example_dags/example_setup_teardown_taskflow.py
[2024-10-08T09:24:10.831+0000] {logging_mixin.py:190} INFO - [2024-10-08T09:24:10.831+0000] {dag.py:3239} INFO - Sync 1 DAGs
[2024-10-08T09:24:10.850+0000] {logging_mixin.py:190} INFO - [2024-10-08T09:24:10.849+0000] {dag.py:4180} INFO - Setting next_dagrun for example_setup_teardown_taskflow to None, run_after=None
[2024-10-08T09:24:10.885+0000] {processor.py:208} INFO - Processing /root/miniconda3/envs/project/lib/python3.8/site-packages/airflow/example_dags/example_setup_teardown_taskflow.py took 0.114 seconds
[2024-10-08T09:25:19.090+0000] {processor.py:186} INFO - Started process (PID=225414) to work on /root/miniconda3/envs/project/lib/python3.8/site-packages/airflow/example_dags/example_setup_teardown_taskflow.py
[2024-10-08T09:25:19.093+0000] {processor.py:914} INFO - Processing file /root/miniconda3/envs/project/lib/python3.8/site-packages/airflow/example_dags/example_setup_teardown_taskflow.py for tasks to queue
[2024-10-08T09:25:19.097+0000] {logging_mixin.py:190} INFO - [2024-10-08T09:25:19.096+0000] {dagbag.py:588} INFO - Filling up the DagBag from /root/miniconda3/envs/project/lib/python3.8/site-packages/airflow/example_dags/example_setup_teardown_taskflow.py
[2024-10-08T09:25:19.119+0000] {processor.py:925} INFO - DAG(s) 'example_setup_teardown_taskflow' retrieved from /root/miniconda3/envs/project/lib/python3.8/site-packages/airflow/example_dags/example_setup_teardown_taskflow.py
[2024-10-08T09:25:19.149+0000] {logging_mixin.py:190} INFO - [2024-10-08T09:25:19.149+0000] {dag.py:3239} INFO - Sync 1 DAGs
[2024-10-08T09:25:19.170+0000] {logging_mixin.py:190} INFO - [2024-10-08T09:25:19.170+0000] {dag.py:4180} INFO - Setting next_dagrun for example_setup_teardown_taskflow to None, run_after=None
[2024-10-08T09:25:19.205+0000] {processor.py:208} INFO - Processing /root/miniconda3/envs/project/lib/python3.8/site-packages/airflow/example_dags/example_setup_teardown_taskflow.py took 0.125 seconds
[2024-10-08T09:26:28.703+0000] {processor.py:186} INFO - Started process (PID=225742) to work on /root/miniconda3/envs/project/lib/python3.8/site-packages/airflow/example_dags/example_setup_teardown_taskflow.py
[2024-10-08T09:26:28.706+0000] {processor.py:914} INFO - Processing file /root/miniconda3/envs/project/lib/python3.8/site-packages/airflow/example_dags/example_setup_teardown_taskflow.py for tasks to queue
[2024-10-08T09:26:28.710+0000] {logging_mixin.py:190} INFO - [2024-10-08T09:26:28.709+0000] {dagbag.py:588} INFO - Filling up the DagBag from /root/miniconda3/envs/project/lib/python3.8/site-packages/airflow/example_dags/example_setup_teardown_taskflow.py
[2024-10-08T09:26:28.726+0000] {processor.py:925} INFO - DAG(s) 'example_setup_teardown_taskflow' retrieved from /root/miniconda3/envs/project/lib/python3.8/site-packages/airflow/example_dags/example_setup_teardown_taskflow.py
[2024-10-08T09:26:28.754+0000] {logging_mixin.py:190} INFO - [2024-10-08T09:26:28.753+0000] {dag.py:3239} INFO - Sync 1 DAGs
[2024-10-08T09:26:28.772+0000] {logging_mixin.py:190} INFO - [2024-10-08T09:26:28.772+0000] {dag.py:4180} INFO - Setting next_dagrun for example_setup_teardown_taskflow to None, run_after=None
[2024-10-08T09:26:28.805+0000] {processor.py:208} INFO - Processing /root/miniconda3/envs/project/lib/python3.8/site-packages/airflow/example_dags/example_setup_teardown_taskflow.py took 0.112 seconds
[2024-10-08T09:27:41.651+0000] {processor.py:186} INFO - Started process (PID=226218) to work on /root/miniconda3/envs/project/lib/python3.8/site-packages/airflow/example_dags/example_setup_teardown_taskflow.py
[2024-10-08T09:27:41.653+0000] {processor.py:914} INFO - Processing file /root/miniconda3/envs/project/lib/python3.8/site-packages/airflow/example_dags/example_setup_teardown_taskflow.py for tasks to queue
[2024-10-08T09:27:41.657+0000] {logging_mixin.py:190} INFO - [2024-10-08T09:27:41.656+0000] {dagbag.py:588} INFO - Filling up the DagBag from /root/miniconda3/envs/project/lib/python3.8/site-packages/airflow/example_dags/example_setup_teardown_taskflow.py
[2024-10-08T09:27:41.673+0000] {processor.py:925} INFO - DAG(s) 'example_setup_teardown_taskflow' retrieved from /root/miniconda3/envs/project/lib/python3.8/site-packages/airflow/example_dags/example_setup_teardown_taskflow.py
[2024-10-08T09:27:41.699+0000] {logging_mixin.py:190} INFO - [2024-10-08T09:27:41.699+0000] {dag.py:3239} INFO - Sync 1 DAGs
[2024-10-08T09:27:41.717+0000] {logging_mixin.py:190} INFO - [2024-10-08T09:27:41.717+0000] {dag.py:4180} INFO - Setting next_dagrun for example_setup_teardown_taskflow to None, run_after=None
[2024-10-08T09:27:41.748+0000] {processor.py:208} INFO - Processing /root/miniconda3/envs/project/lib/python3.8/site-packages/airflow/example_dags/example_setup_teardown_taskflow.py took 0.109 seconds
[2024-10-08T09:28:52.970+0000] {processor.py:186} INFO - Started process (PID=226799) to work on /root/miniconda3/envs/project/lib/python3.8/site-packages/airflow/example_dags/example_setup_teardown_taskflow.py
[2024-10-08T09:28:52.973+0000] {processor.py:914} INFO - Processing file /root/miniconda3/envs/project/lib/python3.8/site-packages/airflow/example_dags/example_setup_teardown_taskflow.py for tasks to queue
[2024-10-08T09:28:52.977+0000] {logging_mixin.py:190} INFO - [2024-10-08T09:28:52.976+0000] {dagbag.py:588} INFO - Filling up the DagBag from /root/miniconda3/envs/project/lib/python3.8/site-packages/airflow/example_dags/example_setup_teardown_taskflow.py
[2024-10-08T09:28:52.994+0000] {processor.py:925} INFO - DAG(s) 'example_setup_teardown_taskflow' retrieved from /root/miniconda3/envs/project/lib/python3.8/site-packages/airflow/example_dags/example_setup_teardown_taskflow.py
[2024-10-08T09:28:53.141+0000] {logging_mixin.py:190} INFO - [2024-10-08T09:28:53.141+0000] {dag.py:3239} INFO - Sync 1 DAGs
[2024-10-08T09:28:53.157+0000] {logging_mixin.py:190} INFO - [2024-10-08T09:28:53.156+0000] {dag.py:4180} INFO - Setting next_dagrun for example_setup_teardown_taskflow to None, run_after=None
[2024-10-08T09:28:53.194+0000] {processor.py:208} INFO - Processing /root/miniconda3/envs/project/lib/python3.8/site-packages/airflow/example_dags/example_setup_teardown_taskflow.py took 0.237 seconds
[2024-10-08T09:30:14.499+0000] {processor.py:186} INFO - Started process (PID=227647) to work on /root/miniconda3/envs/project/lib/python3.8/site-packages/airflow/example_dags/example_setup_teardown_taskflow.py
[2024-10-08T09:30:14.501+0000] {processor.py:914} INFO - Processing file /root/miniconda3/envs/project/lib/python3.8/site-packages/airflow/example_dags/example_setup_teardown_taskflow.py for tasks to queue
[2024-10-08T09:30:14.505+0000] {logging_mixin.py:190} INFO - [2024-10-08T09:30:14.504+0000] {dagbag.py:588} INFO - Filling up the DagBag from /root/miniconda3/envs/project/lib/python3.8/site-packages/airflow/example_dags/example_setup_teardown_taskflow.py
[2024-10-08T09:30:14.522+0000] {processor.py:925} INFO - DAG(s) 'example_setup_teardown_taskflow' retrieved from /root/miniconda3/envs/project/lib/python3.8/site-packages/airflow/example_dags/example_setup_teardown_taskflow.py
[2024-10-08T09:30:14.665+0000] {logging_mixin.py:190} INFO - [2024-10-08T09:30:14.665+0000] {dag.py:3239} INFO - Sync 1 DAGs
[2024-10-08T09:30:14.681+0000] {logging_mixin.py:190} INFO - [2024-10-08T09:30:14.680+0000] {dag.py:4180} INFO - Setting next_dagrun for example_setup_teardown_taskflow to None, run_after=None
[2024-10-08T09:30:14.714+0000] {processor.py:208} INFO - Processing /root/miniconda3/envs/project/lib/python3.8/site-packages/airflow/example_dags/example_setup_teardown_taskflow.py took 0.227 seconds
[2024-10-08T09:31:48.040+0000] {processor.py:186} INFO - Started process (PID=228767) to work on /root/miniconda3/envs/project/lib/python3.8/site-packages/airflow/example_dags/example_setup_teardown_taskflow.py
[2024-10-08T09:31:48.042+0000] {processor.py:914} INFO - Processing file /root/miniconda3/envs/project/lib/python3.8/site-packages/airflow/example_dags/example_setup_teardown_taskflow.py for tasks to queue
[2024-10-08T09:31:48.046+0000] {logging_mixin.py:190} INFO - [2024-10-08T09:31:48.045+0000] {dagbag.py:588} INFO - Filling up the DagBag from /root/miniconda3/envs/project/lib/python3.8/site-packages/airflow/example_dags/example_setup_teardown_taskflow.py
[2024-10-08T09:31:48.062+0000] {processor.py:925} INFO - DAG(s) 'example_setup_teardown_taskflow' retrieved from /root/miniconda3/envs/project/lib/python3.8/site-packages/airflow/example_dags/example_setup_teardown_taskflow.py
[2024-10-08T09:31:48.089+0000] {logging_mixin.py:190} INFO - [2024-10-08T09:31:48.088+0000] {dag.py:3239} INFO - Sync 1 DAGs
[2024-10-08T09:31:48.107+0000] {logging_mixin.py:190} INFO - [2024-10-08T09:31:48.107+0000] {dag.py:4180} INFO - Setting next_dagrun for example_setup_teardown_taskflow to None, run_after=None
[2024-10-08T09:31:48.152+0000] {processor.py:208} INFO - Processing /root/miniconda3/envs/project/lib/python3.8/site-packages/airflow/example_dags/example_setup_teardown_taskflow.py took 0.123 seconds
[2024-10-08T09:33:00.030+0000] {processor.py:186} INFO - Started process (PID=229237) to work on /root/miniconda3/envs/project/lib/python3.8/site-packages/airflow/example_dags/example_setup_teardown_taskflow.py
[2024-10-08T09:33:00.033+0000] {processor.py:914} INFO - Processing file /root/miniconda3/envs/project/lib/python3.8/site-packages/airflow/example_dags/example_setup_teardown_taskflow.py for tasks to queue
[2024-10-08T09:33:00.037+0000] {logging_mixin.py:190} INFO - [2024-10-08T09:33:00.036+0000] {dagbag.py:588} INFO - Filling up the DagBag from /root/miniconda3/envs/project/lib/python3.8/site-packages/airflow/example_dags/example_setup_teardown_taskflow.py
[2024-10-08T09:33:00.054+0000] {processor.py:925} INFO - DAG(s) 'example_setup_teardown_taskflow' retrieved from /root/miniconda3/envs/project/lib/python3.8/site-packages/airflow/example_dags/example_setup_teardown_taskflow.py
[2024-10-08T09:33:00.081+0000] {logging_mixin.py:190} INFO - [2024-10-08T09:33:00.080+0000] {dag.py:3239} INFO - Sync 1 DAGs
[2024-10-08T09:33:00.099+0000] {logging_mixin.py:190} INFO - [2024-10-08T09:33:00.099+0000] {dag.py:4180} INFO - Setting next_dagrun for example_setup_teardown_taskflow to None, run_after=None
[2024-10-08T09:33:00.133+0000] {processor.py:208} INFO - Processing /root/miniconda3/envs/project/lib/python3.8/site-packages/airflow/example_dags/example_setup_teardown_taskflow.py took 0.113 seconds
