[2024-10-08T07:57:05.947+0000] {processor.py:186} INFO - Started process (PID=207068) to work on /root/miniconda3/envs/project/lib/python3.8/site-packages/airflow/example_dags/example_task_group_decorator.py
[2024-10-08T07:57:05.948+0000] {processor.py:914} INFO - Processing file /root/miniconda3/envs/project/lib/python3.8/site-packages/airflow/example_dags/example_task_group_decorator.py for tasks to queue
[2024-10-08T07:57:06.125+0000] {logging_mixin.py:190} INFO - [2024-10-08T07:57:06.125+0000] {dagbag.py:588} INFO - Filling up the DagBag from /root/miniconda3/envs/project/lib/python3.8/site-packages/airflow/example_dags/example_task_group_decorator.py
[2024-10-08T07:57:06.144+0000] {processor.py:925} INFO - DAG(s) 'example_task_group_decorator' retrieved from /root/miniconda3/envs/project/lib/python3.8/site-packages/airflow/example_dags/example_task_group_decorator.py
[2024-10-08T07:57:06.282+0000] {logging_mixin.py:190} INFO - [2024-10-08T07:57:06.281+0000] {override.py:1901} INFO - Created Permission View: can delete on DAG:example_task_group_decorator
[2024-10-08T07:57:06.302+0000] {logging_mixin.py:190} INFO - [2024-10-08T07:57:06.301+0000] {override.py:1901} INFO - Created Permission View: can read on DAG:example_task_group_decorator
[2024-10-08T07:57:06.315+0000] {logging_mixin.py:190} INFO - [2024-10-08T07:57:06.315+0000] {override.py:1901} INFO - Created Permission View: can edit on DAG:example_task_group_decorator
[2024-10-08T07:57:06.339+0000] {logging_mixin.py:190} INFO - [2024-10-08T07:57:06.338+0000] {override.py:1901} INFO - Created Permission View: can delete on DAG Run:example_task_group_decorator
[2024-10-08T07:57:06.357+0000] {logging_mixin.py:190} INFO - [2024-10-08T07:57:06.357+0000] {override.py:1901} INFO - Created Permission View: menu access on DAG Run:example_task_group_decorator
[2024-10-08T07:57:06.372+0000] {logging_mixin.py:190} INFO - [2024-10-08T07:57:06.371+0000] {override.py:1901} INFO - Created Permission View: can create on DAG Run:example_task_group_decorator
[2024-10-08T07:57:06.387+0000] {logging_mixin.py:190} INFO - [2024-10-08T07:57:06.386+0000] {override.py:1901} INFO - Created Permission View: can read on DAG Run:example_task_group_decorator
[2024-10-08T07:57:06.387+0000] {logging_mixin.py:190} INFO - [2024-10-08T07:57:06.387+0000] {dag.py:3239} INFO - Sync 1 DAGs
[2024-10-08T07:57:06.402+0000] {logging_mixin.py:190} INFO - [2024-10-08T07:57:06.401+0000] {dag.py:3262} INFO - Creating ORM DAG for example_task_group_decorator
[2024-10-08T07:57:06.402+0000] {logging_mixin.py:190} INFO - [2024-10-08T07:57:06.402+0000] {dag.py:4180} INFO - Setting next_dagrun for example_task_group_decorator to None, run_after=None
[2024-10-08T07:57:06.434+0000] {processor.py:208} INFO - Processing /root/miniconda3/envs/project/lib/python3.8/site-packages/airflow/example_dags/example_task_group_decorator.py took 0.499 seconds
[2024-10-08T07:58:21.686+0000] {processor.py:186} INFO - Started process (PID=207270) to work on /root/miniconda3/envs/project/lib/python3.8/site-packages/airflow/example_dags/example_task_group_decorator.py
[2024-10-08T07:58:21.688+0000] {processor.py:914} INFO - Processing file /root/miniconda3/envs/project/lib/python3.8/site-packages/airflow/example_dags/example_task_group_decorator.py for tasks to queue
[2024-10-08T07:58:21.692+0000] {logging_mixin.py:190} INFO - [2024-10-08T07:58:21.692+0000] {dagbag.py:588} INFO - Filling up the DagBag from /root/miniconda3/envs/project/lib/python3.8/site-packages/airflow/example_dags/example_task_group_decorator.py
[2024-10-08T07:58:21.716+0000] {processor.py:925} INFO - DAG(s) 'example_task_group_decorator' retrieved from /root/miniconda3/envs/project/lib/python3.8/site-packages/airflow/example_dags/example_task_group_decorator.py
[2024-10-08T07:58:21.750+0000] {logging_mixin.py:190} INFO - [2024-10-08T07:58:21.749+0000] {dag.py:3239} INFO - Sync 1 DAGs
[2024-10-08T07:58:21.781+0000] {logging_mixin.py:190} INFO - [2024-10-08T07:58:21.780+0000] {dag.py:4180} INFO - Setting next_dagrun for example_task_group_decorator to None, run_after=None
[2024-10-08T07:58:21.818+0000] {processor.py:208} INFO - Processing /root/miniconda3/envs/project/lib/python3.8/site-packages/airflow/example_dags/example_task_group_decorator.py took 0.145 seconds
[2024-10-08T07:59:01.868+0000] {processor.py:186} INFO - Started process (PID=207457) to work on /root/miniconda3/envs/project/lib/python3.8/site-packages/airflow/example_dags/example_task_group_decorator.py
[2024-10-08T07:59:01.871+0000] {processor.py:914} INFO - Processing file /root/miniconda3/envs/project/lib/python3.8/site-packages/airflow/example_dags/example_task_group_decorator.py for tasks to queue
[2024-10-08T07:59:01.875+0000] {logging_mixin.py:190} INFO - [2024-10-08T07:59:01.874+0000] {dagbag.py:588} INFO - Filling up the DagBag from /root/miniconda3/envs/project/lib/python3.8/site-packages/airflow/example_dags/example_task_group_decorator.py
[2024-10-08T07:59:01.901+0000] {processor.py:925} INFO - DAG(s) 'example_task_group_decorator' retrieved from /root/miniconda3/envs/project/lib/python3.8/site-packages/airflow/example_dags/example_task_group_decorator.py
[2024-10-08T07:59:01.933+0000] {logging_mixin.py:190} INFO - [2024-10-08T07:59:01.933+0000] {dag.py:3239} INFO - Sync 1 DAGs
[2024-10-08T07:59:01.952+0000] {logging_mixin.py:190} INFO - [2024-10-08T07:59:01.951+0000] {dag.py:4180} INFO - Setting next_dagrun for example_task_group_decorator to None, run_after=None
[2024-10-08T07:59:01.983+0000] {processor.py:208} INFO - Processing /root/miniconda3/envs/project/lib/python3.8/site-packages/airflow/example_dags/example_task_group_decorator.py took 0.128 seconds
[2024-10-08T08:00:12.897+0000] {processor.py:186} INFO - Started process (PID=207667) to work on /root/miniconda3/envs/project/lib/python3.8/site-packages/airflow/example_dags/example_task_group_decorator.py
[2024-10-08T08:00:12.899+0000] {processor.py:914} INFO - Processing file /root/miniconda3/envs/project/lib/python3.8/site-packages/airflow/example_dags/example_task_group_decorator.py for tasks to queue
[2024-10-08T08:00:12.903+0000] {logging_mixin.py:190} INFO - [2024-10-08T08:00:12.902+0000] {dagbag.py:588} INFO - Filling up the DagBag from /root/miniconda3/envs/project/lib/python3.8/site-packages/airflow/example_dags/example_task_group_decorator.py
[2024-10-08T08:00:12.927+0000] {processor.py:925} INFO - DAG(s) 'example_task_group_decorator' retrieved from /root/miniconda3/envs/project/lib/python3.8/site-packages/airflow/example_dags/example_task_group_decorator.py
[2024-10-08T08:00:12.959+0000] {logging_mixin.py:190} INFO - [2024-10-08T08:00:12.959+0000] {dag.py:3239} INFO - Sync 1 DAGs
[2024-10-08T08:00:12.977+0000] {logging_mixin.py:190} INFO - [2024-10-08T08:00:12.977+0000] {dag.py:4180} INFO - Setting next_dagrun for example_task_group_decorator to None, run_after=None
[2024-10-08T08:00:13.015+0000] {processor.py:208} INFO - Processing /root/miniconda3/envs/project/lib/python3.8/site-packages/airflow/example_dags/example_task_group_decorator.py took 0.131 seconds
[2024-10-08T08:01:27.398+0000] {processor.py:186} INFO - Started process (PID=208015) to work on /root/miniconda3/envs/project/lib/python3.8/site-packages/airflow/example_dags/example_task_group_decorator.py
[2024-10-08T08:01:27.401+0000] {processor.py:914} INFO - Processing file /root/miniconda3/envs/project/lib/python3.8/site-packages/airflow/example_dags/example_task_group_decorator.py for tasks to queue
[2024-10-08T08:01:27.406+0000] {logging_mixin.py:190} INFO - [2024-10-08T08:01:27.404+0000] {dagbag.py:588} INFO - Filling up the DagBag from /root/miniconda3/envs/project/lib/python3.8/site-packages/airflow/example_dags/example_task_group_decorator.py
[2024-10-08T08:01:27.430+0000] {processor.py:925} INFO - DAG(s) 'example_task_group_decorator' retrieved from /root/miniconda3/envs/project/lib/python3.8/site-packages/airflow/example_dags/example_task_group_decorator.py
[2024-10-08T08:01:27.462+0000] {logging_mixin.py:190} INFO - [2024-10-08T08:01:27.462+0000] {dag.py:3239} INFO - Sync 1 DAGs
[2024-10-08T08:01:27.480+0000] {logging_mixin.py:190} INFO - [2024-10-08T08:01:27.480+0000] {dag.py:4180} INFO - Setting next_dagrun for example_task_group_decorator to None, run_after=None
[2024-10-08T08:01:27.514+0000] {processor.py:208} INFO - Processing /root/miniconda3/envs/project/lib/python3.8/site-packages/airflow/example_dags/example_task_group_decorator.py took 0.127 seconds
[2024-10-08T08:02:38.264+0000] {processor.py:186} INFO - Started process (PID=208267) to work on /root/miniconda3/envs/project/lib/python3.8/site-packages/airflow/example_dags/example_task_group_decorator.py
[2024-10-08T08:02:38.267+0000] {processor.py:914} INFO - Processing file /root/miniconda3/envs/project/lib/python3.8/site-packages/airflow/example_dags/example_task_group_decorator.py for tasks to queue
[2024-10-08T08:02:38.271+0000] {logging_mixin.py:190} INFO - [2024-10-08T08:02:38.270+0000] {dagbag.py:588} INFO - Filling up the DagBag from /root/miniconda3/envs/project/lib/python3.8/site-packages/airflow/example_dags/example_task_group_decorator.py
[2024-10-08T08:02:38.295+0000] {processor.py:925} INFO - DAG(s) 'example_task_group_decorator' retrieved from /root/miniconda3/envs/project/lib/python3.8/site-packages/airflow/example_dags/example_task_group_decorator.py
[2024-10-08T08:02:38.326+0000] {logging_mixin.py:190} INFO - [2024-10-08T08:02:38.326+0000] {dag.py:3239} INFO - Sync 1 DAGs
[2024-10-08T08:02:38.345+0000] {logging_mixin.py:190} INFO - [2024-10-08T08:02:38.344+0000] {dag.py:4180} INFO - Setting next_dagrun for example_task_group_decorator to None, run_after=None
[2024-10-08T08:02:38.378+0000] {processor.py:208} INFO - Processing /root/miniconda3/envs/project/lib/python3.8/site-packages/airflow/example_dags/example_task_group_decorator.py took 0.126 seconds
[2024-10-08T08:03:48.078+0000] {processor.py:186} INFO - Started process (PID=208470) to work on /root/miniconda3/envs/project/lib/python3.8/site-packages/airflow/example_dags/example_task_group_decorator.py
[2024-10-08T08:03:48.081+0000] {processor.py:914} INFO - Processing file /root/miniconda3/envs/project/lib/python3.8/site-packages/airflow/example_dags/example_task_group_decorator.py for tasks to queue
[2024-10-08T08:03:48.085+0000] {logging_mixin.py:190} INFO - [2024-10-08T08:03:48.084+0000] {dagbag.py:588} INFO - Filling up the DagBag from /root/miniconda3/envs/project/lib/python3.8/site-packages/airflow/example_dags/example_task_group_decorator.py
[2024-10-08T08:03:48.111+0000] {processor.py:925} INFO - DAG(s) 'example_task_group_decorator' retrieved from /root/miniconda3/envs/project/lib/python3.8/site-packages/airflow/example_dags/example_task_group_decorator.py
[2024-10-08T08:03:48.143+0000] {logging_mixin.py:190} INFO - [2024-10-08T08:03:48.143+0000] {dag.py:3239} INFO - Sync 1 DAGs
[2024-10-08T08:03:48.161+0000] {logging_mixin.py:190} INFO - [2024-10-08T08:03:48.161+0000] {dag.py:4180} INFO - Setting next_dagrun for example_task_group_decorator to None, run_after=None
[2024-10-08T08:03:48.192+0000] {processor.py:208} INFO - Processing /root/miniconda3/envs/project/lib/python3.8/site-packages/airflow/example_dags/example_task_group_decorator.py took 0.125 seconds
[2024-10-08T08:04:55.548+0000] {processor.py:186} INFO - Started process (PID=208695) to work on /root/miniconda3/envs/project/lib/python3.8/site-packages/airflow/example_dags/example_task_group_decorator.py
[2024-10-08T08:04:55.551+0000] {processor.py:914} INFO - Processing file /root/miniconda3/envs/project/lib/python3.8/site-packages/airflow/example_dags/example_task_group_decorator.py for tasks to queue
[2024-10-08T08:04:55.555+0000] {logging_mixin.py:190} INFO - [2024-10-08T08:04:55.554+0000] {dagbag.py:588} INFO - Filling up the DagBag from /root/miniconda3/envs/project/lib/python3.8/site-packages/airflow/example_dags/example_task_group_decorator.py
[2024-10-08T08:04:55.580+0000] {processor.py:925} INFO - DAG(s) 'example_task_group_decorator' retrieved from /root/miniconda3/envs/project/lib/python3.8/site-packages/airflow/example_dags/example_task_group_decorator.py
[2024-10-08T08:04:55.612+0000] {logging_mixin.py:190} INFO - [2024-10-08T08:04:55.611+0000] {dag.py:3239} INFO - Sync 1 DAGs
[2024-10-08T08:04:55.630+0000] {logging_mixin.py:190} INFO - [2024-10-08T08:04:55.629+0000] {dag.py:4180} INFO - Setting next_dagrun for example_task_group_decorator to None, run_after=None
[2024-10-08T08:04:55.665+0000] {processor.py:208} INFO - Processing /root/miniconda3/envs/project/lib/python3.8/site-packages/airflow/example_dags/example_task_group_decorator.py took 0.129 seconds
[2024-10-08T08:05:56.634+0000] {processor.py:186} INFO - Started process (PID=208902) to work on /root/miniconda3/envs/project/lib/python3.8/site-packages/airflow/example_dags/example_task_group_decorator.py
[2024-10-08T08:05:56.637+0000] {processor.py:914} INFO - Processing file /root/miniconda3/envs/project/lib/python3.8/site-packages/airflow/example_dags/example_task_group_decorator.py for tasks to queue
[2024-10-08T08:05:56.640+0000] {logging_mixin.py:190} INFO - [2024-10-08T08:05:56.640+0000] {dagbag.py:588} INFO - Filling up the DagBag from /root/miniconda3/envs/project/lib/python3.8/site-packages/airflow/example_dags/example_task_group_decorator.py
[2024-10-08T08:05:56.664+0000] {processor.py:925} INFO - DAG(s) 'example_task_group_decorator' retrieved from /root/miniconda3/envs/project/lib/python3.8/site-packages/airflow/example_dags/example_task_group_decorator.py
[2024-10-08T08:05:56.695+0000] {logging_mixin.py:190} INFO - [2024-10-08T08:05:56.695+0000] {dag.py:3239} INFO - Sync 1 DAGs
[2024-10-08T08:05:56.713+0000] {logging_mixin.py:190} INFO - [2024-10-08T08:05:56.713+0000] {dag.py:4180} INFO - Setting next_dagrun for example_task_group_decorator to None, run_after=None
[2024-10-08T08:05:56.744+0000] {processor.py:208} INFO - Processing /root/miniconda3/envs/project/lib/python3.8/site-packages/airflow/example_dags/example_task_group_decorator.py took 0.123 seconds
[2024-10-08T08:07:00.644+0000] {processor.py:186} INFO - Started process (PID=209110) to work on /root/miniconda3/envs/project/lib/python3.8/site-packages/airflow/example_dags/example_task_group_decorator.py
[2024-10-08T08:07:00.647+0000] {processor.py:914} INFO - Processing file /root/miniconda3/envs/project/lib/python3.8/site-packages/airflow/example_dags/example_task_group_decorator.py for tasks to queue
[2024-10-08T08:07:00.650+0000] {logging_mixin.py:190} INFO - [2024-10-08T08:07:00.650+0000] {dagbag.py:588} INFO - Filling up the DagBag from /root/miniconda3/envs/project/lib/python3.8/site-packages/airflow/example_dags/example_task_group_decorator.py
[2024-10-08T08:07:00.675+0000] {processor.py:925} INFO - DAG(s) 'example_task_group_decorator' retrieved from /root/miniconda3/envs/project/lib/python3.8/site-packages/airflow/example_dags/example_task_group_decorator.py
[2024-10-08T08:07:00.710+0000] {logging_mixin.py:190} INFO - [2024-10-08T08:07:00.709+0000] {dag.py:3239} INFO - Sync 1 DAGs
[2024-10-08T08:07:00.728+0000] {logging_mixin.py:190} INFO - [2024-10-08T08:07:00.728+0000] {dag.py:4180} INFO - Setting next_dagrun for example_task_group_decorator to None, run_after=None
[2024-10-08T08:07:00.763+0000] {processor.py:208} INFO - Processing /root/miniconda3/envs/project/lib/python3.8/site-packages/airflow/example_dags/example_task_group_decorator.py took 0.130 seconds
[2024-10-08T08:08:10.100+0000] {processor.py:186} INFO - Started process (PID=209379) to work on /root/miniconda3/envs/project/lib/python3.8/site-packages/airflow/example_dags/example_task_group_decorator.py
[2024-10-08T08:08:10.103+0000] {processor.py:914} INFO - Processing file /root/miniconda3/envs/project/lib/python3.8/site-packages/airflow/example_dags/example_task_group_decorator.py for tasks to queue
[2024-10-08T08:08:10.106+0000] {logging_mixin.py:190} INFO - [2024-10-08T08:08:10.105+0000] {dagbag.py:588} INFO - Filling up the DagBag from /root/miniconda3/envs/project/lib/python3.8/site-packages/airflow/example_dags/example_task_group_decorator.py
[2024-10-08T08:08:10.130+0000] {processor.py:925} INFO - DAG(s) 'example_task_group_decorator' retrieved from /root/miniconda3/envs/project/lib/python3.8/site-packages/airflow/example_dags/example_task_group_decorator.py
[2024-10-08T08:08:10.161+0000] {logging_mixin.py:190} INFO - [2024-10-08T08:08:10.160+0000] {dag.py:3239} INFO - Sync 1 DAGs
[2024-10-08T08:08:10.178+0000] {logging_mixin.py:190} INFO - [2024-10-08T08:08:10.178+0000] {dag.py:4180} INFO - Setting next_dagrun for example_task_group_decorator to None, run_after=None
[2024-10-08T08:08:10.215+0000] {processor.py:208} INFO - Processing /root/miniconda3/envs/project/lib/python3.8/site-packages/airflow/example_dags/example_task_group_decorator.py took 0.126 seconds
[2024-10-08T08:09:38.101+0000] {processor.py:186} INFO - Started process (PID=210029) to work on /root/miniconda3/envs/project/lib/python3.8/site-packages/airflow/example_dags/example_task_group_decorator.py
[2024-10-08T08:09:38.104+0000] {processor.py:914} INFO - Processing file /root/miniconda3/envs/project/lib/python3.8/site-packages/airflow/example_dags/example_task_group_decorator.py for tasks to queue
[2024-10-08T08:09:38.109+0000] {logging_mixin.py:190} INFO - [2024-10-08T08:09:38.108+0000] {dagbag.py:588} INFO - Filling up the DagBag from /root/miniconda3/envs/project/lib/python3.8/site-packages/airflow/example_dags/example_task_group_decorator.py
[2024-10-08T08:09:38.133+0000] {processor.py:925} INFO - DAG(s) 'example_task_group_decorator' retrieved from /root/miniconda3/envs/project/lib/python3.8/site-packages/airflow/example_dags/example_task_group_decorator.py
[2024-10-08T08:09:38.174+0000] {logging_mixin.py:190} INFO - [2024-10-08T08:09:38.174+0000] {dag.py:3239} INFO - Sync 1 DAGs
[2024-10-08T08:09:38.192+0000] {logging_mixin.py:190} INFO - [2024-10-08T08:09:38.192+0000] {dag.py:4180} INFO - Setting next_dagrun for example_task_group_decorator to None, run_after=None
[2024-10-08T08:09:38.226+0000] {processor.py:208} INFO - Processing /root/miniconda3/envs/project/lib/python3.8/site-packages/airflow/example_dags/example_task_group_decorator.py took 0.136 seconds
[2024-10-08T08:11:02.357+0000] {processor.py:186} INFO - Started process (PID=210448) to work on /root/miniconda3/envs/project/lib/python3.8/site-packages/airflow/example_dags/example_task_group_decorator.py
[2024-10-08T08:11:02.360+0000] {processor.py:914} INFO - Processing file /root/miniconda3/envs/project/lib/python3.8/site-packages/airflow/example_dags/example_task_group_decorator.py for tasks to queue
[2024-10-08T08:11:02.364+0000] {logging_mixin.py:190} INFO - [2024-10-08T08:11:02.363+0000] {dagbag.py:588} INFO - Filling up the DagBag from /root/miniconda3/envs/project/lib/python3.8/site-packages/airflow/example_dags/example_task_group_decorator.py
[2024-10-08T08:11:02.389+0000] {processor.py:925} INFO - DAG(s) 'example_task_group_decorator' retrieved from /root/miniconda3/envs/project/lib/python3.8/site-packages/airflow/example_dags/example_task_group_decorator.py
[2024-10-08T08:11:02.430+0000] {logging_mixin.py:190} INFO - [2024-10-08T08:11:02.430+0000] {dag.py:3239} INFO - Sync 1 DAGs
[2024-10-08T08:11:02.448+0000] {logging_mixin.py:190} INFO - [2024-10-08T08:11:02.447+0000] {dag.py:4180} INFO - Setting next_dagrun for example_task_group_decorator to None, run_after=None
[2024-10-08T08:11:02.478+0000] {processor.py:208} INFO - Processing /root/miniconda3/envs/project/lib/python3.8/site-packages/airflow/example_dags/example_task_group_decorator.py took 0.133 seconds
[2024-10-08T08:12:40.486+0000] {processor.py:186} INFO - Started process (PID=210975) to work on /root/miniconda3/envs/project/lib/python3.8/site-packages/airflow/example_dags/example_task_group_decorator.py
[2024-10-08T08:12:40.489+0000] {processor.py:914} INFO - Processing file /root/miniconda3/envs/project/lib/python3.8/site-packages/airflow/example_dags/example_task_group_decorator.py for tasks to queue
[2024-10-08T08:12:40.493+0000] {logging_mixin.py:190} INFO - [2024-10-08T08:12:40.493+0000] {dagbag.py:588} INFO - Filling up the DagBag from /root/miniconda3/envs/project/lib/python3.8/site-packages/airflow/example_dags/example_task_group_decorator.py
[2024-10-08T08:12:40.522+0000] {processor.py:925} INFO - DAG(s) 'example_task_group_decorator' retrieved from /root/miniconda3/envs/project/lib/python3.8/site-packages/airflow/example_dags/example_task_group_decorator.py
[2024-10-08T08:12:40.561+0000] {logging_mixin.py:190} INFO - [2024-10-08T08:12:40.561+0000] {dag.py:3239} INFO - Sync 1 DAGs
[2024-10-08T08:12:40.579+0000] {logging_mixin.py:190} INFO - [2024-10-08T08:12:40.578+0000] {dag.py:4180} INFO - Setting next_dagrun for example_task_group_decorator to None, run_after=None
[2024-10-08T08:12:40.612+0000] {processor.py:208} INFO - Processing /root/miniconda3/envs/project/lib/python3.8/site-packages/airflow/example_dags/example_task_group_decorator.py took 0.136 seconds
[2024-10-08T08:13:46.390+0000] {processor.py:186} INFO - Started process (PID=211226) to work on /root/miniconda3/envs/project/lib/python3.8/site-packages/airflow/example_dags/example_task_group_decorator.py
[2024-10-08T08:13:46.393+0000] {processor.py:914} INFO - Processing file /root/miniconda3/envs/project/lib/python3.8/site-packages/airflow/example_dags/example_task_group_decorator.py for tasks to queue
[2024-10-08T08:13:46.397+0000] {logging_mixin.py:190} INFO - [2024-10-08T08:13:46.396+0000] {dagbag.py:588} INFO - Filling up the DagBag from /root/miniconda3/envs/project/lib/python3.8/site-packages/airflow/example_dags/example_task_group_decorator.py
[2024-10-08T08:13:46.420+0000] {processor.py:925} INFO - DAG(s) 'example_task_group_decorator' retrieved from /root/miniconda3/envs/project/lib/python3.8/site-packages/airflow/example_dags/example_task_group_decorator.py
[2024-10-08T08:13:46.451+0000] {logging_mixin.py:190} INFO - [2024-10-08T08:13:46.450+0000] {dag.py:3239} INFO - Sync 1 DAGs
[2024-10-08T08:13:46.468+0000] {logging_mixin.py:190} INFO - [2024-10-08T08:13:46.468+0000] {dag.py:4180} INFO - Setting next_dagrun for example_task_group_decorator to None, run_after=None
[2024-10-08T08:13:46.501+0000] {processor.py:208} INFO - Processing /root/miniconda3/envs/project/lib/python3.8/site-packages/airflow/example_dags/example_task_group_decorator.py took 0.121 seconds
[2024-10-08T08:14:55.689+0000] {processor.py:186} INFO - Started process (PID=211479) to work on /root/miniconda3/envs/project/lib/python3.8/site-packages/airflow/example_dags/example_task_group_decorator.py
[2024-10-08T08:14:55.692+0000] {processor.py:914} INFO - Processing file /root/miniconda3/envs/project/lib/python3.8/site-packages/airflow/example_dags/example_task_group_decorator.py for tasks to queue
[2024-10-08T08:14:55.696+0000] {logging_mixin.py:190} INFO - [2024-10-08T08:14:55.695+0000] {dagbag.py:588} INFO - Filling up the DagBag from /root/miniconda3/envs/project/lib/python3.8/site-packages/airflow/example_dags/example_task_group_decorator.py
[2024-10-08T08:14:55.720+0000] {processor.py:925} INFO - DAG(s) 'example_task_group_decorator' retrieved from /root/miniconda3/envs/project/lib/python3.8/site-packages/airflow/example_dags/example_task_group_decorator.py
[2024-10-08T08:14:55.752+0000] {logging_mixin.py:190} INFO - [2024-10-08T08:14:55.751+0000] {dag.py:3239} INFO - Sync 1 DAGs
[2024-10-08T08:14:55.770+0000] {logging_mixin.py:190} INFO - [2024-10-08T08:14:55.770+0000] {dag.py:4180} INFO - Setting next_dagrun for example_task_group_decorator to None, run_after=None
[2024-10-08T08:14:55.802+0000] {processor.py:208} INFO - Processing /root/miniconda3/envs/project/lib/python3.8/site-packages/airflow/example_dags/example_task_group_decorator.py took 0.122 seconds
[2024-10-08T08:16:04.113+0000] {processor.py:186} INFO - Started process (PID=211681) to work on /root/miniconda3/envs/project/lib/python3.8/site-packages/airflow/example_dags/example_task_group_decorator.py
[2024-10-08T08:16:04.117+0000] {processor.py:914} INFO - Processing file /root/miniconda3/envs/project/lib/python3.8/site-packages/airflow/example_dags/example_task_group_decorator.py for tasks to queue
[2024-10-08T08:16:04.121+0000] {logging_mixin.py:190} INFO - [2024-10-08T08:16:04.120+0000] {dagbag.py:588} INFO - Filling up the DagBag from /root/miniconda3/envs/project/lib/python3.8/site-packages/airflow/example_dags/example_task_group_decorator.py
[2024-10-08T08:16:04.145+0000] {processor.py:925} INFO - DAG(s) 'example_task_group_decorator' retrieved from /root/miniconda3/envs/project/lib/python3.8/site-packages/airflow/example_dags/example_task_group_decorator.py
[2024-10-08T08:16:04.184+0000] {logging_mixin.py:190} INFO - [2024-10-08T08:16:04.183+0000] {dag.py:3239} INFO - Sync 1 DAGs
[2024-10-08T08:16:04.203+0000] {logging_mixin.py:190} INFO - [2024-10-08T08:16:04.202+0000] {dag.py:4180} INFO - Setting next_dagrun for example_task_group_decorator to None, run_after=None
[2024-10-08T08:16:04.233+0000] {processor.py:208} INFO - Processing /root/miniconda3/envs/project/lib/python3.8/site-packages/airflow/example_dags/example_task_group_decorator.py took 0.134 seconds
[2024-10-08T08:17:14.591+0000] {processor.py:186} INFO - Started process (PID=211888) to work on /root/miniconda3/envs/project/lib/python3.8/site-packages/airflow/example_dags/example_task_group_decorator.py
[2024-10-08T08:17:14.594+0000] {processor.py:914} INFO - Processing file /root/miniconda3/envs/project/lib/python3.8/site-packages/airflow/example_dags/example_task_group_decorator.py for tasks to queue
[2024-10-08T08:17:14.597+0000] {logging_mixin.py:190} INFO - [2024-10-08T08:17:14.597+0000] {dagbag.py:588} INFO - Filling up the DagBag from /root/miniconda3/envs/project/lib/python3.8/site-packages/airflow/example_dags/example_task_group_decorator.py
[2024-10-08T08:17:14.623+0000] {processor.py:925} INFO - DAG(s) 'example_task_group_decorator' retrieved from /root/miniconda3/envs/project/lib/python3.8/site-packages/airflow/example_dags/example_task_group_decorator.py
[2024-10-08T08:17:14.656+0000] {logging_mixin.py:190} INFO - [2024-10-08T08:17:14.656+0000] {dag.py:3239} INFO - Sync 1 DAGs
[2024-10-08T08:17:14.675+0000] {logging_mixin.py:190} INFO - [2024-10-08T08:17:14.675+0000] {dag.py:4180} INFO - Setting next_dagrun for example_task_group_decorator to None, run_after=None
[2024-10-08T08:17:14.708+0000] {processor.py:208} INFO - Processing /root/miniconda3/envs/project/lib/python3.8/site-packages/airflow/example_dags/example_task_group_decorator.py took 0.128 seconds
[2024-10-08T08:18:23.122+0000] {processor.py:186} INFO - Started process (PID=212134) to work on /root/miniconda3/envs/project/lib/python3.8/site-packages/airflow/example_dags/example_task_group_decorator.py
[2024-10-08T08:18:23.125+0000] {processor.py:914} INFO - Processing file /root/miniconda3/envs/project/lib/python3.8/site-packages/airflow/example_dags/example_task_group_decorator.py for tasks to queue
[2024-10-08T08:18:23.128+0000] {logging_mixin.py:190} INFO - [2024-10-08T08:18:23.127+0000] {dagbag.py:588} INFO - Filling up the DagBag from /root/miniconda3/envs/project/lib/python3.8/site-packages/airflow/example_dags/example_task_group_decorator.py
[2024-10-08T08:18:23.153+0000] {processor.py:925} INFO - DAG(s) 'example_task_group_decorator' retrieved from /root/miniconda3/envs/project/lib/python3.8/site-packages/airflow/example_dags/example_task_group_decorator.py
[2024-10-08T08:18:23.186+0000] {logging_mixin.py:190} INFO - [2024-10-08T08:18:23.186+0000] {dag.py:3239} INFO - Sync 1 DAGs
[2024-10-08T08:18:23.204+0000] {logging_mixin.py:190} INFO - [2024-10-08T08:18:23.204+0000] {dag.py:4180} INFO - Setting next_dagrun for example_task_group_decorator to None, run_after=None
[2024-10-08T08:18:23.240+0000] {processor.py:208} INFO - Processing /root/miniconda3/envs/project/lib/python3.8/site-packages/airflow/example_dags/example_task_group_decorator.py took 0.129 seconds
[2024-10-08T08:19:33.687+0000] {processor.py:186} INFO - Started process (PID=212381) to work on /root/miniconda3/envs/project/lib/python3.8/site-packages/airflow/example_dags/example_task_group_decorator.py
[2024-10-08T08:19:33.690+0000] {processor.py:914} INFO - Processing file /root/miniconda3/envs/project/lib/python3.8/site-packages/airflow/example_dags/example_task_group_decorator.py for tasks to queue
[2024-10-08T08:19:33.693+0000] {logging_mixin.py:190} INFO - [2024-10-08T08:19:33.693+0000] {dagbag.py:588} INFO - Filling up the DagBag from /root/miniconda3/envs/project/lib/python3.8/site-packages/airflow/example_dags/example_task_group_decorator.py
[2024-10-08T08:19:33.718+0000] {processor.py:925} INFO - DAG(s) 'example_task_group_decorator' retrieved from /root/miniconda3/envs/project/lib/python3.8/site-packages/airflow/example_dags/example_task_group_decorator.py
[2024-10-08T08:19:33.751+0000] {logging_mixin.py:190} INFO - [2024-10-08T08:19:33.751+0000] {dag.py:3239} INFO - Sync 1 DAGs
[2024-10-08T08:19:33.769+0000] {logging_mixin.py:190} INFO - [2024-10-08T08:19:33.769+0000] {dag.py:4180} INFO - Setting next_dagrun for example_task_group_decorator to None, run_after=None
[2024-10-08T08:19:33.801+0000] {processor.py:208} INFO - Processing /root/miniconda3/envs/project/lib/python3.8/site-packages/airflow/example_dags/example_task_group_decorator.py took 0.127 seconds
[2024-10-08T08:20:41.264+0000] {processor.py:186} INFO - Started process (PID=212570) to work on /root/miniconda3/envs/project/lib/python3.8/site-packages/airflow/example_dags/example_task_group_decorator.py
[2024-10-08T08:20:41.267+0000] {processor.py:914} INFO - Processing file /root/miniconda3/envs/project/lib/python3.8/site-packages/airflow/example_dags/example_task_group_decorator.py for tasks to queue
[2024-10-08T08:20:41.270+0000] {logging_mixin.py:190} INFO - [2024-10-08T08:20:41.270+0000] {dagbag.py:588} INFO - Filling up the DagBag from /root/miniconda3/envs/project/lib/python3.8/site-packages/airflow/example_dags/example_task_group_decorator.py
[2024-10-08T08:20:41.296+0000] {processor.py:925} INFO - DAG(s) 'example_task_group_decorator' retrieved from /root/miniconda3/envs/project/lib/python3.8/site-packages/airflow/example_dags/example_task_group_decorator.py
[2024-10-08T08:20:41.328+0000] {logging_mixin.py:190} INFO - [2024-10-08T08:20:41.328+0000] {dag.py:3239} INFO - Sync 1 DAGs
[2024-10-08T08:20:41.347+0000] {logging_mixin.py:190} INFO - [2024-10-08T08:20:41.347+0000] {dag.py:4180} INFO - Setting next_dagrun for example_task_group_decorator to None, run_after=None
[2024-10-08T08:20:41.378+0000] {processor.py:208} INFO - Processing /root/miniconda3/envs/project/lib/python3.8/site-packages/airflow/example_dags/example_task_group_decorator.py took 0.126 seconds
[2024-10-08T08:21:52.347+0000] {processor.py:186} INFO - Started process (PID=212779) to work on /root/miniconda3/envs/project/lib/python3.8/site-packages/airflow/example_dags/example_task_group_decorator.py
[2024-10-08T08:21:52.350+0000] {processor.py:914} INFO - Processing file /root/miniconda3/envs/project/lib/python3.8/site-packages/airflow/example_dags/example_task_group_decorator.py for tasks to queue
[2024-10-08T08:21:52.353+0000] {logging_mixin.py:190} INFO - [2024-10-08T08:21:52.352+0000] {dagbag.py:588} INFO - Filling up the DagBag from /root/miniconda3/envs/project/lib/python3.8/site-packages/airflow/example_dags/example_task_group_decorator.py
[2024-10-08T08:21:52.377+0000] {processor.py:925} INFO - DAG(s) 'example_task_group_decorator' retrieved from /root/miniconda3/envs/project/lib/python3.8/site-packages/airflow/example_dags/example_task_group_decorator.py
[2024-10-08T08:21:52.409+0000] {logging_mixin.py:190} INFO - [2024-10-08T08:21:52.409+0000] {dag.py:3239} INFO - Sync 1 DAGs
[2024-10-08T08:21:52.427+0000] {logging_mixin.py:190} INFO - [2024-10-08T08:21:52.427+0000] {dag.py:4180} INFO - Setting next_dagrun for example_task_group_decorator to None, run_after=None
[2024-10-08T08:21:52.460+0000] {processor.py:208} INFO - Processing /root/miniconda3/envs/project/lib/python3.8/site-packages/airflow/example_dags/example_task_group_decorator.py took 0.123 seconds
[2024-10-08T08:23:00.251+0000] {processor.py:186} INFO - Started process (PID=213024) to work on /root/miniconda3/envs/project/lib/python3.8/site-packages/airflow/example_dags/example_task_group_decorator.py
[2024-10-08T08:23:00.254+0000] {processor.py:914} INFO - Processing file /root/miniconda3/envs/project/lib/python3.8/site-packages/airflow/example_dags/example_task_group_decorator.py for tasks to queue
[2024-10-08T08:23:00.257+0000] {logging_mixin.py:190} INFO - [2024-10-08T08:23:00.256+0000] {dagbag.py:588} INFO - Filling up the DagBag from /root/miniconda3/envs/project/lib/python3.8/site-packages/airflow/example_dags/example_task_group_decorator.py
[2024-10-08T08:23:00.282+0000] {processor.py:925} INFO - DAG(s) 'example_task_group_decorator' retrieved from /root/miniconda3/envs/project/lib/python3.8/site-packages/airflow/example_dags/example_task_group_decorator.py
[2024-10-08T08:23:00.313+0000] {logging_mixin.py:190} INFO - [2024-10-08T08:23:00.313+0000] {dag.py:3239} INFO - Sync 1 DAGs
[2024-10-08T08:23:00.331+0000] {logging_mixin.py:190} INFO - [2024-10-08T08:23:00.330+0000] {dag.py:4180} INFO - Setting next_dagrun for example_task_group_decorator to None, run_after=None
[2024-10-08T08:23:00.362+0000] {processor.py:208} INFO - Processing /root/miniconda3/envs/project/lib/python3.8/site-packages/airflow/example_dags/example_task_group_decorator.py took 0.120 seconds
[2024-10-08T08:24:04.607+0000] {processor.py:186} INFO - Started process (PID=213211) to work on /root/miniconda3/envs/project/lib/python3.8/site-packages/airflow/example_dags/example_task_group_decorator.py
[2024-10-08T08:24:04.610+0000] {processor.py:914} INFO - Processing file /root/miniconda3/envs/project/lib/python3.8/site-packages/airflow/example_dags/example_task_group_decorator.py for tasks to queue
[2024-10-08T08:24:04.613+0000] {logging_mixin.py:190} INFO - [2024-10-08T08:24:04.612+0000] {dagbag.py:588} INFO - Filling up the DagBag from /root/miniconda3/envs/project/lib/python3.8/site-packages/airflow/example_dags/example_task_group_decorator.py
[2024-10-08T08:24:04.639+0000] {processor.py:925} INFO - DAG(s) 'example_task_group_decorator' retrieved from /root/miniconda3/envs/project/lib/python3.8/site-packages/airflow/example_dags/example_task_group_decorator.py
[2024-10-08T08:24:04.672+0000] {logging_mixin.py:190} INFO - [2024-10-08T08:24:04.672+0000] {dag.py:3239} INFO - Sync 1 DAGs
[2024-10-08T08:24:04.690+0000] {logging_mixin.py:190} INFO - [2024-10-08T08:24:04.690+0000] {dag.py:4180} INFO - Setting next_dagrun for example_task_group_decorator to None, run_after=None
[2024-10-08T08:24:04.726+0000] {processor.py:208} INFO - Processing /root/miniconda3/envs/project/lib/python3.8/site-packages/airflow/example_dags/example_task_group_decorator.py took 0.131 seconds
[2024-10-08T08:36:52.690+0000] {processor.py:186} INFO - Started process (PID=214734) to work on /root/miniconda3/envs/project/lib/python3.8/site-packages/airflow/example_dags/example_task_group_decorator.py
[2024-10-08T08:36:52.692+0000] {processor.py:914} INFO - Processing file /root/miniconda3/envs/project/lib/python3.8/site-packages/airflow/example_dags/example_task_group_decorator.py for tasks to queue
[2024-10-08T08:36:52.696+0000] {logging_mixin.py:190} INFO - [2024-10-08T08:36:52.696+0000] {dagbag.py:588} INFO - Filling up the DagBag from /root/miniconda3/envs/project/lib/python3.8/site-packages/airflow/example_dags/example_task_group_decorator.py
[2024-10-08T08:36:52.721+0000] {processor.py:925} INFO - DAG(s) 'example_task_group_decorator' retrieved from /root/miniconda3/envs/project/lib/python3.8/site-packages/airflow/example_dags/example_task_group_decorator.py
[2024-10-08T08:36:52.760+0000] {logging_mixin.py:190} INFO - [2024-10-08T08:36:52.760+0000] {dag.py:3239} INFO - Sync 1 DAGs
[2024-10-08T08:36:52.778+0000] {logging_mixin.py:190} INFO - [2024-10-08T08:36:52.778+0000] {dag.py:4180} INFO - Setting next_dagrun for example_task_group_decorator to None, run_after=None
[2024-10-08T08:36:52.809+0000] {processor.py:208} INFO - Processing /root/miniconda3/envs/project/lib/python3.8/site-packages/airflow/example_dags/example_task_group_decorator.py took 0.130 seconds
[2024-10-08T08:38:01.355+0000] {processor.py:186} INFO - Started process (PID=215181) to work on /root/miniconda3/envs/project/lib/python3.8/site-packages/airflow/example_dags/example_task_group_decorator.py
[2024-10-08T08:38:01.358+0000] {processor.py:914} INFO - Processing file /root/miniconda3/envs/project/lib/python3.8/site-packages/airflow/example_dags/example_task_group_decorator.py for tasks to queue
[2024-10-08T08:38:01.362+0000] {logging_mixin.py:190} INFO - [2024-10-08T08:38:01.362+0000] {dagbag.py:588} INFO - Filling up the DagBag from /root/miniconda3/envs/project/lib/python3.8/site-packages/airflow/example_dags/example_task_group_decorator.py
[2024-10-08T08:38:01.387+0000] {processor.py:925} INFO - DAG(s) 'example_task_group_decorator' retrieved from /root/miniconda3/envs/project/lib/python3.8/site-packages/airflow/example_dags/example_task_group_decorator.py
[2024-10-08T08:38:01.421+0000] {logging_mixin.py:190} INFO - [2024-10-08T08:38:01.420+0000] {dag.py:3239} INFO - Sync 1 DAGs
[2024-10-08T08:38:01.439+0000] {logging_mixin.py:190} INFO - [2024-10-08T08:38:01.438+0000] {dag.py:4180} INFO - Setting next_dagrun for example_task_group_decorator to None, run_after=None
[2024-10-08T08:38:01.472+0000] {processor.py:208} INFO - Processing /root/miniconda3/envs/project/lib/python3.8/site-packages/airflow/example_dags/example_task_group_decorator.py took 0.127 seconds
[2024-10-08T08:39:10.662+0000] {processor.py:186} INFO - Started process (PID=215587) to work on /root/miniconda3/envs/project/lib/python3.8/site-packages/airflow/example_dags/example_task_group_decorator.py
[2024-10-08T08:39:10.665+0000] {processor.py:914} INFO - Processing file /root/miniconda3/envs/project/lib/python3.8/site-packages/airflow/example_dags/example_task_group_decorator.py for tasks to queue
[2024-10-08T08:39:10.669+0000] {logging_mixin.py:190} INFO - [2024-10-08T08:39:10.669+0000] {dagbag.py:588} INFO - Filling up the DagBag from /root/miniconda3/envs/project/lib/python3.8/site-packages/airflow/example_dags/example_task_group_decorator.py
[2024-10-08T08:39:10.693+0000] {processor.py:925} INFO - DAG(s) 'example_task_group_decorator' retrieved from /root/miniconda3/envs/project/lib/python3.8/site-packages/airflow/example_dags/example_task_group_decorator.py
[2024-10-08T08:39:10.725+0000] {logging_mixin.py:190} INFO - [2024-10-08T08:39:10.725+0000] {dag.py:3239} INFO - Sync 1 DAGs
[2024-10-08T08:39:10.743+0000] {logging_mixin.py:190} INFO - [2024-10-08T08:39:10.742+0000] {dag.py:4180} INFO - Setting next_dagrun for example_task_group_decorator to None, run_after=None
[2024-10-08T08:39:10.775+0000] {processor.py:208} INFO - Processing /root/miniconda3/envs/project/lib/python3.8/site-packages/airflow/example_dags/example_task_group_decorator.py took 0.125 seconds
[2024-10-08T08:40:22.001+0000] {processor.py:186} INFO - Started process (PID=215815) to work on /root/miniconda3/envs/project/lib/python3.8/site-packages/airflow/example_dags/example_task_group_decorator.py
[2024-10-08T08:40:22.003+0000] {processor.py:914} INFO - Processing file /root/miniconda3/envs/project/lib/python3.8/site-packages/airflow/example_dags/example_task_group_decorator.py for tasks to queue
[2024-10-08T08:40:22.007+0000] {logging_mixin.py:190} INFO - [2024-10-08T08:40:22.006+0000] {dagbag.py:588} INFO - Filling up the DagBag from /root/miniconda3/envs/project/lib/python3.8/site-packages/airflow/example_dags/example_task_group_decorator.py
[2024-10-08T08:40:22.033+0000] {processor.py:925} INFO - DAG(s) 'example_task_group_decorator' retrieved from /root/miniconda3/envs/project/lib/python3.8/site-packages/airflow/example_dags/example_task_group_decorator.py
[2024-10-08T08:40:22.069+0000] {logging_mixin.py:190} INFO - [2024-10-08T08:40:22.068+0000] {dag.py:3239} INFO - Sync 1 DAGs
[2024-10-08T08:40:22.088+0000] {logging_mixin.py:190} INFO - [2024-10-08T08:40:22.088+0000] {dag.py:4180} INFO - Setting next_dagrun for example_task_group_decorator to None, run_after=None
[2024-10-08T08:40:22.124+0000] {processor.py:208} INFO - Processing /root/miniconda3/envs/project/lib/python3.8/site-packages/airflow/example_dags/example_task_group_decorator.py took 0.134 seconds
[2024-10-08T08:41:29.138+0000] {processor.py:186} INFO - Started process (PID=216287) to work on /root/miniconda3/envs/project/lib/python3.8/site-packages/airflow/example_dags/example_task_group_decorator.py
[2024-10-08T08:41:29.142+0000] {processor.py:914} INFO - Processing file /root/miniconda3/envs/project/lib/python3.8/site-packages/airflow/example_dags/example_task_group_decorator.py for tasks to queue
[2024-10-08T08:41:29.145+0000] {logging_mixin.py:190} INFO - [2024-10-08T08:41:29.144+0000] {dagbag.py:588} INFO - Filling up the DagBag from /root/miniconda3/envs/project/lib/python3.8/site-packages/airflow/example_dags/example_task_group_decorator.py
[2024-10-08T08:41:29.171+0000] {processor.py:925} INFO - DAG(s) 'example_task_group_decorator' retrieved from /root/miniconda3/envs/project/lib/python3.8/site-packages/airflow/example_dags/example_task_group_decorator.py
[2024-10-08T08:41:29.205+0000] {logging_mixin.py:190} INFO - [2024-10-08T08:41:29.204+0000] {dag.py:3239} INFO - Sync 1 DAGs
[2024-10-08T08:41:29.223+0000] {logging_mixin.py:190} INFO - [2024-10-08T08:41:29.223+0000] {dag.py:4180} INFO - Setting next_dagrun for example_task_group_decorator to None, run_after=None
[2024-10-08T08:41:29.259+0000] {processor.py:208} INFO - Processing /root/miniconda3/envs/project/lib/python3.8/site-packages/airflow/example_dags/example_task_group_decorator.py took 0.131 seconds
[2024-10-08T08:42:35.944+0000] {processor.py:186} INFO - Started process (PID=216615) to work on /root/miniconda3/envs/project/lib/python3.8/site-packages/airflow/example_dags/example_task_group_decorator.py
[2024-10-08T08:42:35.947+0000] {processor.py:914} INFO - Processing file /root/miniconda3/envs/project/lib/python3.8/site-packages/airflow/example_dags/example_task_group_decorator.py for tasks to queue
[2024-10-08T08:42:35.950+0000] {logging_mixin.py:190} INFO - [2024-10-08T08:42:35.950+0000] {dagbag.py:588} INFO - Filling up the DagBag from /root/miniconda3/envs/project/lib/python3.8/site-packages/airflow/example_dags/example_task_group_decorator.py
[2024-10-08T08:42:35.975+0000] {processor.py:925} INFO - DAG(s) 'example_task_group_decorator' retrieved from /root/miniconda3/envs/project/lib/python3.8/site-packages/airflow/example_dags/example_task_group_decorator.py
[2024-10-08T08:42:36.007+0000] {logging_mixin.py:190} INFO - [2024-10-08T08:42:36.007+0000] {dag.py:3239} INFO - Sync 1 DAGs
[2024-10-08T08:42:36.025+0000] {logging_mixin.py:190} INFO - [2024-10-08T08:42:36.025+0000] {dag.py:4180} INFO - Setting next_dagrun for example_task_group_decorator to None, run_after=None
[2024-10-08T08:42:36.058+0000] {processor.py:208} INFO - Processing /root/miniconda3/envs/project/lib/python3.8/site-packages/airflow/example_dags/example_task_group_decorator.py took 0.124 seconds
[2024-10-08T08:43:42.869+0000] {processor.py:186} INFO - Started process (PID=216893) to work on /root/miniconda3/envs/project/lib/python3.8/site-packages/airflow/example_dags/example_task_group_decorator.py
[2024-10-08T08:43:42.872+0000] {processor.py:914} INFO - Processing file /root/miniconda3/envs/project/lib/python3.8/site-packages/airflow/example_dags/example_task_group_decorator.py for tasks to queue
[2024-10-08T08:43:42.875+0000] {logging_mixin.py:190} INFO - [2024-10-08T08:43:42.875+0000] {dagbag.py:588} INFO - Filling up the DagBag from /root/miniconda3/envs/project/lib/python3.8/site-packages/airflow/example_dags/example_task_group_decorator.py
[2024-10-08T08:43:42.900+0000] {processor.py:925} INFO - DAG(s) 'example_task_group_decorator' retrieved from /root/miniconda3/envs/project/lib/python3.8/site-packages/airflow/example_dags/example_task_group_decorator.py
[2024-10-08T08:43:42.933+0000] {logging_mixin.py:190} INFO - [2024-10-08T08:43:42.932+0000] {dag.py:3239} INFO - Sync 1 DAGs
[2024-10-08T08:43:42.952+0000] {logging_mixin.py:190} INFO - [2024-10-08T08:43:42.951+0000] {dag.py:4180} INFO - Setting next_dagrun for example_task_group_decorator to None, run_after=None
[2024-10-08T08:43:42.987+0000] {processor.py:208} INFO - Processing /root/miniconda3/envs/project/lib/python3.8/site-packages/airflow/example_dags/example_task_group_decorator.py took 0.130 seconds
[2024-10-08T08:44:55.159+0000] {processor.py:186} INFO - Started process (PID=217119) to work on /root/miniconda3/envs/project/lib/python3.8/site-packages/airflow/example_dags/example_task_group_decorator.py
[2024-10-08T08:44:55.162+0000] {processor.py:914} INFO - Processing file /root/miniconda3/envs/project/lib/python3.8/site-packages/airflow/example_dags/example_task_group_decorator.py for tasks to queue
[2024-10-08T08:44:55.165+0000] {logging_mixin.py:190} INFO - [2024-10-08T08:44:55.165+0000] {dagbag.py:588} INFO - Filling up the DagBag from /root/miniconda3/envs/project/lib/python3.8/site-packages/airflow/example_dags/example_task_group_decorator.py
[2024-10-08T08:44:55.192+0000] {processor.py:925} INFO - DAG(s) 'example_task_group_decorator' retrieved from /root/miniconda3/envs/project/lib/python3.8/site-packages/airflow/example_dags/example_task_group_decorator.py
[2024-10-08T08:44:55.225+0000] {logging_mixin.py:190} INFO - [2024-10-08T08:44:55.224+0000] {dag.py:3239} INFO - Sync 1 DAGs
[2024-10-08T08:44:55.243+0000] {logging_mixin.py:190} INFO - [2024-10-08T08:44:55.243+0000] {dag.py:4180} INFO - Setting next_dagrun for example_task_group_decorator to None, run_after=None
[2024-10-08T08:44:55.274+0000] {processor.py:208} INFO - Processing /root/miniconda3/envs/project/lib/python3.8/site-packages/airflow/example_dags/example_task_group_decorator.py took 0.127 seconds
[2024-10-08T08:46:09.370+0000] {processor.py:186} INFO - Started process (PID=217350) to work on /root/miniconda3/envs/project/lib/python3.8/site-packages/airflow/example_dags/example_task_group_decorator.py
[2024-10-08T08:46:09.373+0000] {processor.py:914} INFO - Processing file /root/miniconda3/envs/project/lib/python3.8/site-packages/airflow/example_dags/example_task_group_decorator.py for tasks to queue
[2024-10-08T08:46:09.376+0000] {logging_mixin.py:190} INFO - [2024-10-08T08:46:09.375+0000] {dagbag.py:588} INFO - Filling up the DagBag from /root/miniconda3/envs/project/lib/python3.8/site-packages/airflow/example_dags/example_task_group_decorator.py
[2024-10-08T08:46:09.401+0000] {processor.py:925} INFO - DAG(s) 'example_task_group_decorator' retrieved from /root/miniconda3/envs/project/lib/python3.8/site-packages/airflow/example_dags/example_task_group_decorator.py
[2024-10-08T08:46:09.434+0000] {logging_mixin.py:190} INFO - [2024-10-08T08:46:09.434+0000] {dag.py:3239} INFO - Sync 1 DAGs
[2024-10-08T08:46:09.453+0000] {logging_mixin.py:190} INFO - [2024-10-08T08:46:09.452+0000] {dag.py:4180} INFO - Setting next_dagrun for example_task_group_decorator to None, run_after=None
[2024-10-08T08:46:09.483+0000] {processor.py:208} INFO - Processing /root/miniconda3/envs/project/lib/python3.8/site-packages/airflow/example_dags/example_task_group_decorator.py took 0.123 seconds
[2024-10-08T08:47:20.772+0000] {processor.py:186} INFO - Started process (PID=217750) to work on /root/miniconda3/envs/project/lib/python3.8/site-packages/airflow/example_dags/example_task_group_decorator.py
[2024-10-08T08:47:20.775+0000] {processor.py:914} INFO - Processing file /root/miniconda3/envs/project/lib/python3.8/site-packages/airflow/example_dags/example_task_group_decorator.py for tasks to queue
[2024-10-08T08:47:20.778+0000] {logging_mixin.py:190} INFO - [2024-10-08T08:47:20.777+0000] {dagbag.py:588} INFO - Filling up the DagBag from /root/miniconda3/envs/project/lib/python3.8/site-packages/airflow/example_dags/example_task_group_decorator.py
[2024-10-08T08:47:20.803+0000] {processor.py:925} INFO - DAG(s) 'example_task_group_decorator' retrieved from /root/miniconda3/envs/project/lib/python3.8/site-packages/airflow/example_dags/example_task_group_decorator.py
[2024-10-08T08:47:20.835+0000] {logging_mixin.py:190} INFO - [2024-10-08T08:47:20.834+0000] {dag.py:3239} INFO - Sync 1 DAGs
[2024-10-08T08:47:20.853+0000] {logging_mixin.py:190} INFO - [2024-10-08T08:47:20.852+0000] {dag.py:4180} INFO - Setting next_dagrun for example_task_group_decorator to None, run_after=None
[2024-10-08T08:47:20.886+0000] {processor.py:208} INFO - Processing /root/miniconda3/envs/project/lib/python3.8/site-packages/airflow/example_dags/example_task_group_decorator.py took 0.126 seconds
[2024-10-08T08:48:34.253+0000] {processor.py:186} INFO - Started process (PID=218000) to work on /root/miniconda3/envs/project/lib/python3.8/site-packages/airflow/example_dags/example_task_group_decorator.py
[2024-10-08T08:48:34.256+0000] {processor.py:914} INFO - Processing file /root/miniconda3/envs/project/lib/python3.8/site-packages/airflow/example_dags/example_task_group_decorator.py for tasks to queue
[2024-10-08T08:48:34.260+0000] {logging_mixin.py:190} INFO - [2024-10-08T08:48:34.259+0000] {dagbag.py:588} INFO - Filling up the DagBag from /root/miniconda3/envs/project/lib/python3.8/site-packages/airflow/example_dags/example_task_group_decorator.py
[2024-10-08T08:48:34.284+0000] {processor.py:925} INFO - DAG(s) 'example_task_group_decorator' retrieved from /root/miniconda3/envs/project/lib/python3.8/site-packages/airflow/example_dags/example_task_group_decorator.py
[2024-10-08T08:48:34.316+0000] {logging_mixin.py:190} INFO - [2024-10-08T08:48:34.316+0000] {dag.py:3239} INFO - Sync 1 DAGs
[2024-10-08T08:48:34.335+0000] {logging_mixin.py:190} INFO - [2024-10-08T08:48:34.335+0000] {dag.py:4180} INFO - Setting next_dagrun for example_task_group_decorator to None, run_after=None
[2024-10-08T08:48:34.369+0000] {processor.py:208} INFO - Processing /root/miniconda3/envs/project/lib/python3.8/site-packages/airflow/example_dags/example_task_group_decorator.py took 0.129 seconds
[2024-10-08T08:49:43.818+0000] {processor.py:186} INFO - Started process (PID=218282) to work on /root/miniconda3/envs/project/lib/python3.8/site-packages/airflow/example_dags/example_task_group_decorator.py
[2024-10-08T08:49:43.821+0000] {processor.py:914} INFO - Processing file /root/miniconda3/envs/project/lib/python3.8/site-packages/airflow/example_dags/example_task_group_decorator.py for tasks to queue
[2024-10-08T08:49:43.825+0000] {logging_mixin.py:190} INFO - [2024-10-08T08:49:43.824+0000] {dagbag.py:588} INFO - Filling up the DagBag from /root/miniconda3/envs/project/lib/python3.8/site-packages/airflow/example_dags/example_task_group_decorator.py
[2024-10-08T08:49:43.851+0000] {processor.py:925} INFO - DAG(s) 'example_task_group_decorator' retrieved from /root/miniconda3/envs/project/lib/python3.8/site-packages/airflow/example_dags/example_task_group_decorator.py
[2024-10-08T08:49:43.883+0000] {logging_mixin.py:190} INFO - [2024-10-08T08:49:43.882+0000] {dag.py:3239} INFO - Sync 1 DAGs
[2024-10-08T08:49:43.900+0000] {logging_mixin.py:190} INFO - [2024-10-08T08:49:43.900+0000] {dag.py:4180} INFO - Setting next_dagrun for example_task_group_decorator to None, run_after=None
[2024-10-08T08:49:43.937+0000] {processor.py:208} INFO - Processing /root/miniconda3/envs/project/lib/python3.8/site-packages/airflow/example_dags/example_task_group_decorator.py took 0.131 seconds
[2024-10-08T08:50:53.262+0000] {processor.py:186} INFO - Started process (PID=218590) to work on /root/miniconda3/envs/project/lib/python3.8/site-packages/airflow/example_dags/example_task_group_decorator.py
[2024-10-08T08:50:53.264+0000] {processor.py:914} INFO - Processing file /root/miniconda3/envs/project/lib/python3.8/site-packages/airflow/example_dags/example_task_group_decorator.py for tasks to queue
[2024-10-08T08:50:53.268+0000] {logging_mixin.py:190} INFO - [2024-10-08T08:50:53.267+0000] {dagbag.py:588} INFO - Filling up the DagBag from /root/miniconda3/envs/project/lib/python3.8/site-packages/airflow/example_dags/example_task_group_decorator.py
[2024-10-08T08:50:53.292+0000] {processor.py:925} INFO - DAG(s) 'example_task_group_decorator' retrieved from /root/miniconda3/envs/project/lib/python3.8/site-packages/airflow/example_dags/example_task_group_decorator.py
[2024-10-08T08:50:53.323+0000] {logging_mixin.py:190} INFO - [2024-10-08T08:50:53.323+0000] {dag.py:3239} INFO - Sync 1 DAGs
[2024-10-08T08:50:53.341+0000] {logging_mixin.py:190} INFO - [2024-10-08T08:50:53.341+0000] {dag.py:4180} INFO - Setting next_dagrun for example_task_group_decorator to None, run_after=None
[2024-10-08T08:50:53.379+0000] {processor.py:208} INFO - Processing /root/miniconda3/envs/project/lib/python3.8/site-packages/airflow/example_dags/example_task_group_decorator.py took 0.128 seconds
[2024-10-08T09:03:18.122+0000] {processor.py:186} INFO - Started process (PID=219422) to work on /root/miniconda3/envs/project/lib/python3.8/site-packages/airflow/example_dags/example_task_group_decorator.py
[2024-10-08T09:03:18.126+0000] {processor.py:914} INFO - Processing file /root/miniconda3/envs/project/lib/python3.8/site-packages/airflow/example_dags/example_task_group_decorator.py for tasks to queue
[2024-10-08T09:03:18.130+0000] {logging_mixin.py:190} INFO - [2024-10-08T09:03:18.130+0000] {dagbag.py:588} INFO - Filling up the DagBag from /root/miniconda3/envs/project/lib/python3.8/site-packages/airflow/example_dags/example_task_group_decorator.py
[2024-10-08T09:03:18.156+0000] {processor.py:925} INFO - DAG(s) 'example_task_group_decorator' retrieved from /root/miniconda3/envs/project/lib/python3.8/site-packages/airflow/example_dags/example_task_group_decorator.py
[2024-10-08T09:03:18.199+0000] {logging_mixin.py:190} INFO - [2024-10-08T09:03:18.198+0000] {dag.py:3239} INFO - Sync 1 DAGs
[2024-10-08T09:03:18.217+0000] {logging_mixin.py:190} INFO - [2024-10-08T09:03:18.217+0000] {dag.py:4180} INFO - Setting next_dagrun for example_task_group_decorator to None, run_after=None
[2024-10-08T09:03:18.249+0000] {processor.py:208} INFO - Processing /root/miniconda3/envs/project/lib/python3.8/site-packages/airflow/example_dags/example_task_group_decorator.py took 0.139 seconds
[2024-10-08T09:04:58.911+0000] {processor.py:186} INFO - Started process (PID=219976) to work on /root/miniconda3/envs/project/lib/python3.8/site-packages/airflow/example_dags/example_task_group_decorator.py
[2024-10-08T09:04:58.915+0000] {processor.py:914} INFO - Processing file /root/miniconda3/envs/project/lib/python3.8/site-packages/airflow/example_dags/example_task_group_decorator.py for tasks to queue
[2024-10-08T09:04:58.919+0000] {logging_mixin.py:190} INFO - [2024-10-08T09:04:58.919+0000] {dagbag.py:588} INFO - Filling up the DagBag from /root/miniconda3/envs/project/lib/python3.8/site-packages/airflow/example_dags/example_task_group_decorator.py
[2024-10-08T09:04:58.944+0000] {processor.py:925} INFO - DAG(s) 'example_task_group_decorator' retrieved from /root/miniconda3/envs/project/lib/python3.8/site-packages/airflow/example_dags/example_task_group_decorator.py
[2024-10-08T09:04:58.987+0000] {logging_mixin.py:190} INFO - [2024-10-08T09:04:58.986+0000] {dag.py:3239} INFO - Sync 1 DAGs
[2024-10-08T09:04:59.005+0000] {logging_mixin.py:190} INFO - [2024-10-08T09:04:59.005+0000] {dag.py:4180} INFO - Setting next_dagrun for example_task_group_decorator to None, run_after=None
[2024-10-08T09:04:59.036+0000] {processor.py:208} INFO - Processing /root/miniconda3/envs/project/lib/python3.8/site-packages/airflow/example_dags/example_task_group_decorator.py took 0.136 seconds
[2024-10-08T09:08:31.315+0000] {processor.py:186} INFO - Started process (PID=220765) to work on /root/miniconda3/envs/project/lib/python3.8/site-packages/airflow/example_dags/example_task_group_decorator.py
[2024-10-08T09:08:31.318+0000] {processor.py:914} INFO - Processing file /root/miniconda3/envs/project/lib/python3.8/site-packages/airflow/example_dags/example_task_group_decorator.py for tasks to queue
[2024-10-08T09:08:31.322+0000] {logging_mixin.py:190} INFO - [2024-10-08T09:08:31.322+0000] {dagbag.py:588} INFO - Filling up the DagBag from /root/miniconda3/envs/project/lib/python3.8/site-packages/airflow/example_dags/example_task_group_decorator.py
[2024-10-08T09:08:31.347+0000] {processor.py:925} INFO - DAG(s) 'example_task_group_decorator' retrieved from /root/miniconda3/envs/project/lib/python3.8/site-packages/airflow/example_dags/example_task_group_decorator.py
[2024-10-08T09:08:31.387+0000] {logging_mixin.py:190} INFO - [2024-10-08T09:08:31.387+0000] {dag.py:3239} INFO - Sync 1 DAGs
[2024-10-08T09:08:31.405+0000] {logging_mixin.py:190} INFO - [2024-10-08T09:08:31.405+0000] {dag.py:4180} INFO - Setting next_dagrun for example_task_group_decorator to None, run_after=None
[2024-10-08T09:08:31.444+0000] {processor.py:208} INFO - Processing /root/miniconda3/envs/project/lib/python3.8/site-packages/airflow/example_dags/example_task_group_decorator.py took 0.139 seconds
[2024-10-08T09:09:59.665+0000] {processor.py:186} INFO - Started process (PID=221300) to work on /root/miniconda3/envs/project/lib/python3.8/site-packages/airflow/example_dags/example_task_group_decorator.py
[2024-10-08T09:09:59.668+0000] {processor.py:914} INFO - Processing file /root/miniconda3/envs/project/lib/python3.8/site-packages/airflow/example_dags/example_task_group_decorator.py for tasks to queue
[2024-10-08T09:09:59.673+0000] {logging_mixin.py:190} INFO - [2024-10-08T09:09:59.672+0000] {dagbag.py:588} INFO - Filling up the DagBag from /root/miniconda3/envs/project/lib/python3.8/site-packages/airflow/example_dags/example_task_group_decorator.py
[2024-10-08T09:09:59.698+0000] {processor.py:925} INFO - DAG(s) 'example_task_group_decorator' retrieved from /root/miniconda3/envs/project/lib/python3.8/site-packages/airflow/example_dags/example_task_group_decorator.py
[2024-10-08T09:09:59.738+0000] {logging_mixin.py:190} INFO - [2024-10-08T09:09:59.738+0000] {dag.py:3239} INFO - Sync 1 DAGs
[2024-10-08T09:09:59.756+0000] {logging_mixin.py:190} INFO - [2024-10-08T09:09:59.756+0000] {dag.py:4180} INFO - Setting next_dagrun for example_task_group_decorator to None, run_after=None
[2024-10-08T09:09:59.787+0000] {processor.py:208} INFO - Processing /root/miniconda3/envs/project/lib/python3.8/site-packages/airflow/example_dags/example_task_group_decorator.py took 0.135 seconds
[2024-10-08T09:11:08.613+0000] {processor.py:186} INFO - Started process (PID=221688) to work on /root/miniconda3/envs/project/lib/python3.8/site-packages/airflow/example_dags/example_task_group_decorator.py
[2024-10-08T09:11:08.617+0000] {processor.py:914} INFO - Processing file /root/miniconda3/envs/project/lib/python3.8/site-packages/airflow/example_dags/example_task_group_decorator.py for tasks to queue
[2024-10-08T09:11:08.621+0000] {logging_mixin.py:190} INFO - [2024-10-08T09:11:08.620+0000] {dagbag.py:588} INFO - Filling up the DagBag from /root/miniconda3/envs/project/lib/python3.8/site-packages/airflow/example_dags/example_task_group_decorator.py
[2024-10-08T09:11:08.647+0000] {processor.py:925} INFO - DAG(s) 'example_task_group_decorator' retrieved from /root/miniconda3/envs/project/lib/python3.8/site-packages/airflow/example_dags/example_task_group_decorator.py
[2024-10-08T09:11:08.680+0000] {logging_mixin.py:190} INFO - [2024-10-08T09:11:08.680+0000] {dag.py:3239} INFO - Sync 1 DAGs
[2024-10-08T09:11:08.700+0000] {logging_mixin.py:190} INFO - [2024-10-08T09:11:08.699+0000] {dag.py:4180} INFO - Setting next_dagrun for example_task_group_decorator to None, run_after=None
[2024-10-08T09:11:08.738+0000] {processor.py:208} INFO - Processing /root/miniconda3/envs/project/lib/python3.8/site-packages/airflow/example_dags/example_task_group_decorator.py took 0.136 seconds
[2024-10-08T09:12:10.288+0000] {processor.py:186} INFO - Started process (PID=222013) to work on /root/miniconda3/envs/project/lib/python3.8/site-packages/airflow/example_dags/example_task_group_decorator.py
[2024-10-08T09:12:10.291+0000] {processor.py:914} INFO - Processing file /root/miniconda3/envs/project/lib/python3.8/site-packages/airflow/example_dags/example_task_group_decorator.py for tasks to queue
[2024-10-08T09:12:10.294+0000] {logging_mixin.py:190} INFO - [2024-10-08T09:12:10.294+0000] {dagbag.py:588} INFO - Filling up the DagBag from /root/miniconda3/envs/project/lib/python3.8/site-packages/airflow/example_dags/example_task_group_decorator.py
[2024-10-08T09:12:10.319+0000] {processor.py:925} INFO - DAG(s) 'example_task_group_decorator' retrieved from /root/miniconda3/envs/project/lib/python3.8/site-packages/airflow/example_dags/example_task_group_decorator.py
[2024-10-08T09:12:10.352+0000] {logging_mixin.py:190} INFO - [2024-10-08T09:12:10.351+0000] {dag.py:3239} INFO - Sync 1 DAGs
[2024-10-08T09:12:10.371+0000] {logging_mixin.py:190} INFO - [2024-10-08T09:12:10.370+0000] {dag.py:4180} INFO - Setting next_dagrun for example_task_group_decorator to None, run_after=None
[2024-10-08T09:12:10.403+0000] {processor.py:208} INFO - Processing /root/miniconda3/envs/project/lib/python3.8/site-packages/airflow/example_dags/example_task_group_decorator.py took 0.126 seconds
[2024-10-08T09:13:17.731+0000] {processor.py:186} INFO - Started process (PID=222237) to work on /root/miniconda3/envs/project/lib/python3.8/site-packages/airflow/example_dags/example_task_group_decorator.py
[2024-10-08T09:13:17.734+0000] {processor.py:914} INFO - Processing file /root/miniconda3/envs/project/lib/python3.8/site-packages/airflow/example_dags/example_task_group_decorator.py for tasks to queue
[2024-10-08T09:13:17.737+0000] {logging_mixin.py:190} INFO - [2024-10-08T09:13:17.737+0000] {dagbag.py:588} INFO - Filling up the DagBag from /root/miniconda3/envs/project/lib/python3.8/site-packages/airflow/example_dags/example_task_group_decorator.py
[2024-10-08T09:13:17.762+0000] {processor.py:925} INFO - DAG(s) 'example_task_group_decorator' retrieved from /root/miniconda3/envs/project/lib/python3.8/site-packages/airflow/example_dags/example_task_group_decorator.py
[2024-10-08T09:13:17.794+0000] {logging_mixin.py:190} INFO - [2024-10-08T09:13:17.794+0000] {dag.py:3239} INFO - Sync 1 DAGs
[2024-10-08T09:13:17.813+0000] {logging_mixin.py:190} INFO - [2024-10-08T09:13:17.812+0000] {dag.py:4180} INFO - Setting next_dagrun for example_task_group_decorator to None, run_after=None
[2024-10-08T09:13:17.851+0000] {processor.py:208} INFO - Processing /root/miniconda3/envs/project/lib/python3.8/site-packages/airflow/example_dags/example_task_group_decorator.py took 0.131 seconds
[2024-10-08T09:14:18.330+0000] {processor.py:186} INFO - Started process (PID=222559) to work on /root/miniconda3/envs/project/lib/python3.8/site-packages/airflow/example_dags/example_task_group_decorator.py
[2024-10-08T09:14:18.333+0000] {processor.py:914} INFO - Processing file /root/miniconda3/envs/project/lib/python3.8/site-packages/airflow/example_dags/example_task_group_decorator.py for tasks to queue
[2024-10-08T09:14:18.337+0000] {logging_mixin.py:190} INFO - [2024-10-08T09:14:18.337+0000] {dagbag.py:588} INFO - Filling up the DagBag from /root/miniconda3/envs/project/lib/python3.8/site-packages/airflow/example_dags/example_task_group_decorator.py
[2024-10-08T09:14:18.361+0000] {processor.py:925} INFO - DAG(s) 'example_task_group_decorator' retrieved from /root/miniconda3/envs/project/lib/python3.8/site-packages/airflow/example_dags/example_task_group_decorator.py
[2024-10-08T09:14:18.393+0000] {logging_mixin.py:190} INFO - [2024-10-08T09:14:18.393+0000] {dag.py:3239} INFO - Sync 1 DAGs
[2024-10-08T09:14:18.411+0000] {logging_mixin.py:190} INFO - [2024-10-08T09:14:18.411+0000] {dag.py:4180} INFO - Setting next_dagrun for example_task_group_decorator to None, run_after=None
[2024-10-08T09:14:18.442+0000] {processor.py:208} INFO - Processing /root/miniconda3/envs/project/lib/python3.8/site-packages/airflow/example_dags/example_task_group_decorator.py took 0.123 seconds
[2024-10-08T09:15:34.259+0000] {processor.py:186} INFO - Started process (PID=222853) to work on /root/miniconda3/envs/project/lib/python3.8/site-packages/airflow/example_dags/example_task_group_decorator.py
[2024-10-08T09:15:34.263+0000] {processor.py:914} INFO - Processing file /root/miniconda3/envs/project/lib/python3.8/site-packages/airflow/example_dags/example_task_group_decorator.py for tasks to queue
[2024-10-08T09:15:34.266+0000] {logging_mixin.py:190} INFO - [2024-10-08T09:15:34.266+0000] {dagbag.py:588} INFO - Filling up the DagBag from /root/miniconda3/envs/project/lib/python3.8/site-packages/airflow/example_dags/example_task_group_decorator.py
[2024-10-08T09:15:34.293+0000] {processor.py:925} INFO - DAG(s) 'example_task_group_decorator' retrieved from /root/miniconda3/envs/project/lib/python3.8/site-packages/airflow/example_dags/example_task_group_decorator.py
[2024-10-08T09:15:34.326+0000] {logging_mixin.py:190} INFO - [2024-10-08T09:15:34.325+0000] {dag.py:3239} INFO - Sync 1 DAGs
[2024-10-08T09:15:34.344+0000] {logging_mixin.py:190} INFO - [2024-10-08T09:15:34.343+0000] {dag.py:4180} INFO - Setting next_dagrun for example_task_group_decorator to None, run_after=None
[2024-10-08T09:15:34.377+0000] {processor.py:208} INFO - Processing /root/miniconda3/envs/project/lib/python3.8/site-packages/airflow/example_dags/example_task_group_decorator.py took 0.130 seconds
[2024-10-08T09:16:44.210+0000] {processor.py:186} INFO - Started process (PID=223080) to work on /root/miniconda3/envs/project/lib/python3.8/site-packages/airflow/example_dags/example_task_group_decorator.py
[2024-10-08T09:16:44.214+0000] {processor.py:914} INFO - Processing file /root/miniconda3/envs/project/lib/python3.8/site-packages/airflow/example_dags/example_task_group_decorator.py for tasks to queue
[2024-10-08T09:16:44.217+0000] {logging_mixin.py:190} INFO - [2024-10-08T09:16:44.216+0000] {dagbag.py:588} INFO - Filling up the DagBag from /root/miniconda3/envs/project/lib/python3.8/site-packages/airflow/example_dags/example_task_group_decorator.py
[2024-10-08T09:16:44.242+0000] {processor.py:925} INFO - DAG(s) 'example_task_group_decorator' retrieved from /root/miniconda3/envs/project/lib/python3.8/site-packages/airflow/example_dags/example_task_group_decorator.py
[2024-10-08T09:16:44.275+0000] {logging_mixin.py:190} INFO - [2024-10-08T09:16:44.275+0000] {dag.py:3239} INFO - Sync 1 DAGs
[2024-10-08T09:16:44.293+0000] {logging_mixin.py:190} INFO - [2024-10-08T09:16:44.293+0000] {dag.py:4180} INFO - Setting next_dagrun for example_task_group_decorator to None, run_after=None
[2024-10-08T09:16:44.328+0000] {processor.py:208} INFO - Processing /root/miniconda3/envs/project/lib/python3.8/site-packages/airflow/example_dags/example_task_group_decorator.py took 0.130 seconds
[2024-10-08T09:17:51.049+0000] {processor.py:186} INFO - Started process (PID=223369) to work on /root/miniconda3/envs/project/lib/python3.8/site-packages/airflow/example_dags/example_task_group_decorator.py
[2024-10-08T09:17:51.052+0000] {processor.py:914} INFO - Processing file /root/miniconda3/envs/project/lib/python3.8/site-packages/airflow/example_dags/example_task_group_decorator.py for tasks to queue
[2024-10-08T09:17:51.056+0000] {logging_mixin.py:190} INFO - [2024-10-08T09:17:51.055+0000] {dagbag.py:588} INFO - Filling up the DagBag from /root/miniconda3/envs/project/lib/python3.8/site-packages/airflow/example_dags/example_task_group_decorator.py
[2024-10-08T09:17:51.080+0000] {processor.py:925} INFO - DAG(s) 'example_task_group_decorator' retrieved from /root/miniconda3/envs/project/lib/python3.8/site-packages/airflow/example_dags/example_task_group_decorator.py
[2024-10-08T09:17:51.112+0000] {logging_mixin.py:190} INFO - [2024-10-08T09:17:51.112+0000] {dag.py:3239} INFO - Sync 1 DAGs
[2024-10-08T09:17:51.130+0000] {logging_mixin.py:190} INFO - [2024-10-08T09:17:51.129+0000] {dag.py:4180} INFO - Setting next_dagrun for example_task_group_decorator to None, run_after=None
[2024-10-08T09:17:51.162+0000] {processor.py:208} INFO - Processing /root/miniconda3/envs/project/lib/python3.8/site-packages/airflow/example_dags/example_task_group_decorator.py took 0.125 seconds
[2024-10-08T09:19:09.187+0000] {processor.py:186} INFO - Started process (PID=223610) to work on /root/miniconda3/envs/project/lib/python3.8/site-packages/airflow/example_dags/example_task_group_decorator.py
[2024-10-08T09:19:09.190+0000] {processor.py:914} INFO - Processing file /root/miniconda3/envs/project/lib/python3.8/site-packages/airflow/example_dags/example_task_group_decorator.py for tasks to queue
[2024-10-08T09:19:09.194+0000] {logging_mixin.py:190} INFO - [2024-10-08T09:19:09.193+0000] {dagbag.py:588} INFO - Filling up the DagBag from /root/miniconda3/envs/project/lib/python3.8/site-packages/airflow/example_dags/example_task_group_decorator.py
[2024-10-08T09:19:09.218+0000] {processor.py:925} INFO - DAG(s) 'example_task_group_decorator' retrieved from /root/miniconda3/envs/project/lib/python3.8/site-packages/airflow/example_dags/example_task_group_decorator.py
[2024-10-08T09:19:09.249+0000] {logging_mixin.py:190} INFO - [2024-10-08T09:19:09.249+0000] {dag.py:3239} INFO - Sync 1 DAGs
[2024-10-08T09:19:09.267+0000] {logging_mixin.py:190} INFO - [2024-10-08T09:19:09.267+0000] {dag.py:4180} INFO - Setting next_dagrun for example_task_group_decorator to None, run_after=None
[2024-10-08T09:19:09.300+0000] {processor.py:208} INFO - Processing /root/miniconda3/envs/project/lib/python3.8/site-packages/airflow/example_dags/example_task_group_decorator.py took 0.124 seconds
[2024-10-08T09:20:16.812+0000] {processor.py:186} INFO - Started process (PID=223894) to work on /root/miniconda3/envs/project/lib/python3.8/site-packages/airflow/example_dags/example_task_group_decorator.py
[2024-10-08T09:20:16.815+0000] {processor.py:914} INFO - Processing file /root/miniconda3/envs/project/lib/python3.8/site-packages/airflow/example_dags/example_task_group_decorator.py for tasks to queue
[2024-10-08T09:20:16.818+0000] {logging_mixin.py:190} INFO - [2024-10-08T09:20:16.818+0000] {dagbag.py:588} INFO - Filling up the DagBag from /root/miniconda3/envs/project/lib/python3.8/site-packages/airflow/example_dags/example_task_group_decorator.py
[2024-10-08T09:20:16.843+0000] {processor.py:925} INFO - DAG(s) 'example_task_group_decorator' retrieved from /root/miniconda3/envs/project/lib/python3.8/site-packages/airflow/example_dags/example_task_group_decorator.py
[2024-10-08T09:20:16.875+0000] {logging_mixin.py:190} INFO - [2024-10-08T09:20:16.875+0000] {dag.py:3239} INFO - Sync 1 DAGs
[2024-10-08T09:20:16.893+0000] {logging_mixin.py:190} INFO - [2024-10-08T09:20:16.893+0000] {dag.py:4180} INFO - Setting next_dagrun for example_task_group_decorator to None, run_after=None
[2024-10-08T09:20:16.927+0000] {processor.py:208} INFO - Processing /root/miniconda3/envs/project/lib/python3.8/site-packages/airflow/example_dags/example_task_group_decorator.py took 0.127 seconds
[2024-10-08T09:21:33.749+0000] {processor.py:186} INFO - Started process (PID=224133) to work on /root/miniconda3/envs/project/lib/python3.8/site-packages/airflow/example_dags/example_task_group_decorator.py
[2024-10-08T09:21:33.752+0000] {processor.py:914} INFO - Processing file /root/miniconda3/envs/project/lib/python3.8/site-packages/airflow/example_dags/example_task_group_decorator.py for tasks to queue
[2024-10-08T09:21:33.756+0000] {logging_mixin.py:190} INFO - [2024-10-08T09:21:33.755+0000] {dagbag.py:588} INFO - Filling up the DagBag from /root/miniconda3/envs/project/lib/python3.8/site-packages/airflow/example_dags/example_task_group_decorator.py
[2024-10-08T09:21:33.781+0000] {processor.py:925} INFO - DAG(s) 'example_task_group_decorator' retrieved from /root/miniconda3/envs/project/lib/python3.8/site-packages/airflow/example_dags/example_task_group_decorator.py
[2024-10-08T09:21:33.813+0000] {logging_mixin.py:190} INFO - [2024-10-08T09:21:33.813+0000] {dag.py:3239} INFO - Sync 1 DAGs
[2024-10-08T09:21:33.831+0000] {logging_mixin.py:190} INFO - [2024-10-08T09:21:33.831+0000] {dag.py:4180} INFO - Setting next_dagrun for example_task_group_decorator to None, run_after=None
[2024-10-08T09:21:33.863+0000] {processor.py:208} INFO - Processing /root/miniconda3/envs/project/lib/python3.8/site-packages/airflow/example_dags/example_task_group_decorator.py took 0.125 seconds
[2024-10-08T09:22:41.401+0000] {processor.py:186} INFO - Started process (PID=224356) to work on /root/miniconda3/envs/project/lib/python3.8/site-packages/airflow/example_dags/example_task_group_decorator.py
[2024-10-08T09:22:41.404+0000] {processor.py:914} INFO - Processing file /root/miniconda3/envs/project/lib/python3.8/site-packages/airflow/example_dags/example_task_group_decorator.py for tasks to queue
[2024-10-08T09:22:41.408+0000] {logging_mixin.py:190} INFO - [2024-10-08T09:22:41.407+0000] {dagbag.py:588} INFO - Filling up the DagBag from /root/miniconda3/envs/project/lib/python3.8/site-packages/airflow/example_dags/example_task_group_decorator.py
[2024-10-08T09:22:41.432+0000] {processor.py:925} INFO - DAG(s) 'example_task_group_decorator' retrieved from /root/miniconda3/envs/project/lib/python3.8/site-packages/airflow/example_dags/example_task_group_decorator.py
[2024-10-08T09:22:41.464+0000] {logging_mixin.py:190} INFO - [2024-10-08T09:22:41.464+0000] {dag.py:3239} INFO - Sync 1 DAGs
[2024-10-08T09:22:41.483+0000] {logging_mixin.py:190} INFO - [2024-10-08T09:22:41.482+0000] {dag.py:4180} INFO - Setting next_dagrun for example_task_group_decorator to None, run_after=None
[2024-10-08T09:22:41.517+0000] {processor.py:208} INFO - Processing /root/miniconda3/envs/project/lib/python3.8/site-packages/airflow/example_dags/example_task_group_decorator.py took 0.125 seconds
[2024-10-08T09:23:51.103+0000] {processor.py:186} INFO - Started process (PID=224609) to work on /root/miniconda3/envs/project/lib/python3.8/site-packages/airflow/example_dags/example_task_group_decorator.py
[2024-10-08T09:23:51.106+0000] {processor.py:914} INFO - Processing file /root/miniconda3/envs/project/lib/python3.8/site-packages/airflow/example_dags/example_task_group_decorator.py for tasks to queue
[2024-10-08T09:23:51.110+0000] {logging_mixin.py:190} INFO - [2024-10-08T09:23:51.109+0000] {dagbag.py:588} INFO - Filling up the DagBag from /root/miniconda3/envs/project/lib/python3.8/site-packages/airflow/example_dags/example_task_group_decorator.py
[2024-10-08T09:23:51.134+0000] {processor.py:925} INFO - DAG(s) 'example_task_group_decorator' retrieved from /root/miniconda3/envs/project/lib/python3.8/site-packages/airflow/example_dags/example_task_group_decorator.py
[2024-10-08T09:23:51.165+0000] {logging_mixin.py:190} INFO - [2024-10-08T09:23:51.165+0000] {dag.py:3239} INFO - Sync 1 DAGs
[2024-10-08T09:23:51.183+0000] {logging_mixin.py:190} INFO - [2024-10-08T09:23:51.183+0000] {dag.py:4180} INFO - Setting next_dagrun for example_task_group_decorator to None, run_after=None
[2024-10-08T09:23:51.220+0000] {processor.py:208} INFO - Processing /root/miniconda3/envs/project/lib/python3.8/site-packages/airflow/example_dags/example_task_group_decorator.py took 0.127 seconds
[2024-10-08T09:25:00.127+0000] {processor.py:186} INFO - Started process (PID=225189) to work on /root/miniconda3/envs/project/lib/python3.8/site-packages/airflow/example_dags/example_task_group_decorator.py
[2024-10-08T09:25:00.131+0000] {processor.py:914} INFO - Processing file /root/miniconda3/envs/project/lib/python3.8/site-packages/airflow/example_dags/example_task_group_decorator.py for tasks to queue
[2024-10-08T09:25:00.134+0000] {logging_mixin.py:190} INFO - [2024-10-08T09:25:00.133+0000] {dagbag.py:588} INFO - Filling up the DagBag from /root/miniconda3/envs/project/lib/python3.8/site-packages/airflow/example_dags/example_task_group_decorator.py
[2024-10-08T09:25:00.159+0000] {processor.py:925} INFO - DAG(s) 'example_task_group_decorator' retrieved from /root/miniconda3/envs/project/lib/python3.8/site-packages/airflow/example_dags/example_task_group_decorator.py
[2024-10-08T09:25:00.191+0000] {logging_mixin.py:190} INFO - [2024-10-08T09:25:00.191+0000] {dag.py:3239} INFO - Sync 1 DAGs
[2024-10-08T09:25:00.209+0000] {logging_mixin.py:190} INFO - [2024-10-08T09:25:00.209+0000] {dag.py:4180} INFO - Setting next_dagrun for example_task_group_decorator to None, run_after=None
[2024-10-08T09:25:00.258+0000] {processor.py:208} INFO - Processing /root/miniconda3/envs/project/lib/python3.8/site-packages/airflow/example_dags/example_task_group_decorator.py took 0.141 seconds
[2024-10-08T09:26:09.723+0000] {processor.py:186} INFO - Started process (PID=225658) to work on /root/miniconda3/envs/project/lib/python3.8/site-packages/airflow/example_dags/example_task_group_decorator.py
[2024-10-08T09:26:09.726+0000] {processor.py:914} INFO - Processing file /root/miniconda3/envs/project/lib/python3.8/site-packages/airflow/example_dags/example_task_group_decorator.py for tasks to queue
[2024-10-08T09:26:09.730+0000] {logging_mixin.py:190} INFO - [2024-10-08T09:26:09.729+0000] {dagbag.py:588} INFO - Filling up the DagBag from /root/miniconda3/envs/project/lib/python3.8/site-packages/airflow/example_dags/example_task_group_decorator.py
[2024-10-08T09:26:09.756+0000] {processor.py:925} INFO - DAG(s) 'example_task_group_decorator' retrieved from /root/miniconda3/envs/project/lib/python3.8/site-packages/airflow/example_dags/example_task_group_decorator.py
[2024-10-08T09:26:09.789+0000] {logging_mixin.py:190} INFO - [2024-10-08T09:26:09.788+0000] {dag.py:3239} INFO - Sync 1 DAGs
[2024-10-08T09:26:09.807+0000] {logging_mixin.py:190} INFO - [2024-10-08T09:26:09.807+0000] {dag.py:4180} INFO - Setting next_dagrun for example_task_group_decorator to None, run_after=None
[2024-10-08T09:26:09.840+0000] {processor.py:208} INFO - Processing /root/miniconda3/envs/project/lib/python3.8/site-packages/airflow/example_dags/example_task_group_decorator.py took 0.129 seconds
[2024-10-08T09:27:22.494+0000] {processor.py:186} INFO - Started process (PID=226044) to work on /root/miniconda3/envs/project/lib/python3.8/site-packages/airflow/example_dags/example_task_group_decorator.py
[2024-10-08T09:27:22.497+0000] {processor.py:914} INFO - Processing file /root/miniconda3/envs/project/lib/python3.8/site-packages/airflow/example_dags/example_task_group_decorator.py for tasks to queue
[2024-10-08T09:27:22.500+0000] {logging_mixin.py:190} INFO - [2024-10-08T09:27:22.500+0000] {dagbag.py:588} INFO - Filling up the DagBag from /root/miniconda3/envs/project/lib/python3.8/site-packages/airflow/example_dags/example_task_group_decorator.py
[2024-10-08T09:27:22.525+0000] {processor.py:925} INFO - DAG(s) 'example_task_group_decorator' retrieved from /root/miniconda3/envs/project/lib/python3.8/site-packages/airflow/example_dags/example_task_group_decorator.py
[2024-10-08T09:27:22.557+0000] {logging_mixin.py:190} INFO - [2024-10-08T09:27:22.556+0000] {dag.py:3239} INFO - Sync 1 DAGs
[2024-10-08T09:27:22.576+0000] {logging_mixin.py:190} INFO - [2024-10-08T09:27:22.576+0000] {dag.py:4180} INFO - Setting next_dagrun for example_task_group_decorator to None, run_after=None
[2024-10-08T09:27:22.611+0000] {processor.py:208} INFO - Processing /root/miniconda3/envs/project/lib/python3.8/site-packages/airflow/example_dags/example_task_group_decorator.py took 0.128 seconds
[2024-10-08T09:28:33.397+0000] {processor.py:186} INFO - Started process (PID=226550) to work on /root/miniconda3/envs/project/lib/python3.8/site-packages/airflow/example_dags/example_task_group_decorator.py
[2024-10-08T09:28:33.400+0000] {processor.py:914} INFO - Processing file /root/miniconda3/envs/project/lib/python3.8/site-packages/airflow/example_dags/example_task_group_decorator.py for tasks to queue
[2024-10-08T09:28:33.403+0000] {logging_mixin.py:190} INFO - [2024-10-08T09:28:33.403+0000] {dagbag.py:588} INFO - Filling up the DagBag from /root/miniconda3/envs/project/lib/python3.8/site-packages/airflow/example_dags/example_task_group_decorator.py
[2024-10-08T09:28:33.428+0000] {processor.py:925} INFO - DAG(s) 'example_task_group_decorator' retrieved from /root/miniconda3/envs/project/lib/python3.8/site-packages/airflow/example_dags/example_task_group_decorator.py
[2024-10-08T09:28:33.459+0000] {logging_mixin.py:190} INFO - [2024-10-08T09:28:33.459+0000] {dag.py:3239} INFO - Sync 1 DAGs
[2024-10-08T09:28:33.477+0000] {logging_mixin.py:190} INFO - [2024-10-08T09:28:33.477+0000] {dag.py:4180} INFO - Setting next_dagrun for example_task_group_decorator to None, run_after=None
[2024-10-08T09:28:33.508+0000] {processor.py:208} INFO - Processing /root/miniconda3/envs/project/lib/python3.8/site-packages/airflow/example_dags/example_task_group_decorator.py took 0.122 seconds
[2024-10-08T09:29:52.960+0000] {processor.py:186} INFO - Started process (PID=227284) to work on /root/miniconda3/envs/project/lib/python3.8/site-packages/airflow/example_dags/example_task_group_decorator.py
[2024-10-08T09:29:52.963+0000] {processor.py:914} INFO - Processing file /root/miniconda3/envs/project/lib/python3.8/site-packages/airflow/example_dags/example_task_group_decorator.py for tasks to queue
[2024-10-08T09:29:52.966+0000] {logging_mixin.py:190} INFO - [2024-10-08T09:29:52.965+0000] {dagbag.py:588} INFO - Filling up the DagBag from /root/miniconda3/envs/project/lib/python3.8/site-packages/airflow/example_dags/example_task_group_decorator.py
[2024-10-08T09:29:52.991+0000] {processor.py:925} INFO - DAG(s) 'example_task_group_decorator' retrieved from /root/miniconda3/envs/project/lib/python3.8/site-packages/airflow/example_dags/example_task_group_decorator.py
[2024-10-08T09:29:53.137+0000] {logging_mixin.py:190} INFO - [2024-10-08T09:29:53.136+0000] {dag.py:3239} INFO - Sync 1 DAGs
[2024-10-08T09:29:53.154+0000] {logging_mixin.py:190} INFO - [2024-10-08T09:29:53.153+0000] {dag.py:4180} INFO - Setting next_dagrun for example_task_group_decorator to None, run_after=None
[2024-10-08T09:29:53.192+0000] {processor.py:208} INFO - Processing /root/miniconda3/envs/project/lib/python3.8/site-packages/airflow/example_dags/example_task_group_decorator.py took 0.242 seconds
[2024-10-08T09:30:35.611+0000] {processor.py:186} INFO - Started process (PID=227804) to work on /root/miniconda3/envs/project/lib/python3.8/site-packages/airflow/example_dags/example_task_group_decorator.py
[2024-10-08T09:30:35.614+0000] {processor.py:914} INFO - Processing file /root/miniconda3/envs/project/lib/python3.8/site-packages/airflow/example_dags/example_task_group_decorator.py for tasks to queue
[2024-10-08T09:30:35.618+0000] {logging_mixin.py:190} INFO - [2024-10-08T09:30:35.617+0000] {dagbag.py:588} INFO - Filling up the DagBag from /root/miniconda3/envs/project/lib/python3.8/site-packages/airflow/example_dags/example_task_group_decorator.py
[2024-10-08T09:30:35.643+0000] {processor.py:925} INFO - DAG(s) 'example_task_group_decorator' retrieved from /root/miniconda3/envs/project/lib/python3.8/site-packages/airflow/example_dags/example_task_group_decorator.py
[2024-10-08T09:30:35.796+0000] {logging_mixin.py:190} INFO - [2024-10-08T09:30:35.796+0000] {dag.py:3239} INFO - Sync 1 DAGs
[2024-10-08T09:30:35.812+0000] {logging_mixin.py:190} INFO - [2024-10-08T09:30:35.811+0000] {dag.py:4180} INFO - Setting next_dagrun for example_task_group_decorator to None, run_after=None
[2024-10-08T09:30:35.844+0000] {processor.py:208} INFO - Processing /root/miniconda3/envs/project/lib/python3.8/site-packages/airflow/example_dags/example_task_group_decorator.py took 0.244 seconds
[2024-10-08T09:31:28.576+0000] {processor.py:186} INFO - Started process (PID=228426) to work on /root/miniconda3/envs/project/lib/python3.8/site-packages/airflow/example_dags/example_task_group_decorator.py
[2024-10-08T09:31:28.579+0000] {processor.py:914} INFO - Processing file /root/miniconda3/envs/project/lib/python3.8/site-packages/airflow/example_dags/example_task_group_decorator.py for tasks to queue
[2024-10-08T09:31:28.582+0000] {logging_mixin.py:190} INFO - [2024-10-08T09:31:28.582+0000] {dagbag.py:588} INFO - Filling up the DagBag from /root/miniconda3/envs/project/lib/python3.8/site-packages/airflow/example_dags/example_task_group_decorator.py
[2024-10-08T09:31:28.606+0000] {processor.py:925} INFO - DAG(s) 'example_task_group_decorator' retrieved from /root/miniconda3/envs/project/lib/python3.8/site-packages/airflow/example_dags/example_task_group_decorator.py
[2024-10-08T09:31:28.637+0000] {logging_mixin.py:190} INFO - [2024-10-08T09:31:28.637+0000] {dag.py:3239} INFO - Sync 1 DAGs
[2024-10-08T09:31:28.655+0000] {logging_mixin.py:190} INFO - [2024-10-08T09:31:28.655+0000] {dag.py:4180} INFO - Setting next_dagrun for example_task_group_decorator to None, run_after=None
[2024-10-08T09:31:28.687+0000] {processor.py:208} INFO - Processing /root/miniconda3/envs/project/lib/python3.8/site-packages/airflow/example_dags/example_task_group_decorator.py took 0.122 seconds
[2024-10-08T09:32:41.558+0000] {processor.py:186} INFO - Started process (PID=229093) to work on /root/miniconda3/envs/project/lib/python3.8/site-packages/airflow/example_dags/example_task_group_decorator.py
[2024-10-08T09:32:41.561+0000] {processor.py:914} INFO - Processing file /root/miniconda3/envs/project/lib/python3.8/site-packages/airflow/example_dags/example_task_group_decorator.py for tasks to queue
[2024-10-08T09:32:41.565+0000] {logging_mixin.py:190} INFO - [2024-10-08T09:32:41.564+0000] {dagbag.py:588} INFO - Filling up the DagBag from /root/miniconda3/envs/project/lib/python3.8/site-packages/airflow/example_dags/example_task_group_decorator.py
[2024-10-08T09:32:41.589+0000] {processor.py:925} INFO - DAG(s) 'example_task_group_decorator' retrieved from /root/miniconda3/envs/project/lib/python3.8/site-packages/airflow/example_dags/example_task_group_decorator.py
[2024-10-08T09:32:41.621+0000] {logging_mixin.py:190} INFO - [2024-10-08T09:32:41.621+0000] {dag.py:3239} INFO - Sync 1 DAGs
[2024-10-08T09:32:41.640+0000] {logging_mixin.py:190} INFO - [2024-10-08T09:32:41.640+0000] {dag.py:4180} INFO - Setting next_dagrun for example_task_group_decorator to None, run_after=None
[2024-10-08T09:32:41.679+0000] {processor.py:208} INFO - Processing /root/miniconda3/envs/project/lib/python3.8/site-packages/airflow/example_dags/example_task_group_decorator.py took 0.132 seconds
