[2024-10-08T07:57:45.891+0000] {processor.py:186} INFO - Started process (PID=207144) to work on /root/miniconda3/envs/project/lib/python3.8/site-packages/airflow/example_dags/example_display_name.py
[2024-10-08T07:57:45.892+0000] {processor.py:914} INFO - Processing file /root/miniconda3/envs/project/lib/python3.8/site-packages/airflow/example_dags/example_display_name.py for tasks to queue
[2024-10-08T07:57:45.897+0000] {logging_mixin.py:190} INFO - [2024-10-08T07:57:45.896+0000] {dagbag.py:588} INFO - Filling up the DagBag from /root/miniconda3/envs/project/lib/python3.8/site-packages/airflow/example_dags/example_display_name.py
[2024-10-08T07:57:45.909+0000] {processor.py:925} INFO - DAG(s) 'example_display_name' retrieved from /root/miniconda3/envs/project/lib/python3.8/site-packages/airflow/example_dags/example_display_name.py
[2024-10-08T07:57:46.057+0000] {logging_mixin.py:190} INFO - [2024-10-08T07:57:46.056+0000] {override.py:1901} INFO - Created Permission View: can delete on DAG:example_display_name
[2024-10-08T07:57:46.078+0000] {logging_mixin.py:190} INFO - [2024-10-08T07:57:46.078+0000] {override.py:1901} INFO - Created Permission View: can read on DAG:example_display_name
[2024-10-08T07:57:46.095+0000] {logging_mixin.py:190} INFO - [2024-10-08T07:57:46.094+0000] {override.py:1901} INFO - Created Permission View: can edit on DAG:example_display_name
[2024-10-08T07:57:46.122+0000] {logging_mixin.py:190} INFO - [2024-10-08T07:57:46.121+0000] {override.py:1901} INFO - Created Permission View: can delete on DAG Run:example_display_name
[2024-10-08T07:57:46.139+0000] {logging_mixin.py:190} INFO - [2024-10-08T07:57:46.139+0000] {override.py:1901} INFO - Created Permission View: menu access on DAG Run:example_display_name
[2024-10-08T07:57:46.157+0000] {logging_mixin.py:190} INFO - [2024-10-08T07:57:46.156+0000] {override.py:1901} INFO - Created Permission View: can create on DAG Run:example_display_name
[2024-10-08T07:57:46.175+0000] {logging_mixin.py:190} INFO - [2024-10-08T07:57:46.175+0000] {override.py:1901} INFO - Created Permission View: can read on DAG Run:example_display_name
[2024-10-08T07:57:46.176+0000] {logging_mixin.py:190} INFO - [2024-10-08T07:57:46.176+0000] {dag.py:3239} INFO - Sync 1 DAGs
[2024-10-08T07:57:46.195+0000] {logging_mixin.py:190} INFO - [2024-10-08T07:57:46.194+0000] {dag.py:3262} INFO - Creating ORM DAG for example_display_name
[2024-10-08T07:57:46.196+0000] {logging_mixin.py:190} INFO - [2024-10-08T07:57:46.195+0000] {dag.py:4180} INFO - Setting next_dagrun for example_display_name to None, run_after=None
[2024-10-08T07:57:46.227+0000] {processor.py:208} INFO - Processing /root/miniconda3/envs/project/lib/python3.8/site-packages/airflow/example_dags/example_display_name.py took 0.349 seconds
[2024-10-08T07:59:06.934+0000] {processor.py:186} INFO - Started process (PID=207464) to work on /root/miniconda3/envs/project/lib/python3.8/site-packages/airflow/example_dags/example_display_name.py
[2024-10-08T07:59:06.938+0000] {processor.py:914} INFO - Processing file /root/miniconda3/envs/project/lib/python3.8/site-packages/airflow/example_dags/example_display_name.py for tasks to queue
[2024-10-08T07:59:06.942+0000] {logging_mixin.py:190} INFO - [2024-10-08T07:59:06.941+0000] {dagbag.py:588} INFO - Filling up the DagBag from /root/miniconda3/envs/project/lib/python3.8/site-packages/airflow/example_dags/example_display_name.py
[2024-10-08T07:59:06.954+0000] {processor.py:925} INFO - DAG(s) 'example_display_name' retrieved from /root/miniconda3/envs/project/lib/python3.8/site-packages/airflow/example_dags/example_display_name.py
[2024-10-08T07:59:06.982+0000] {logging_mixin.py:190} INFO - [2024-10-08T07:59:06.982+0000] {dag.py:3239} INFO - Sync 1 DAGs
[2024-10-08T07:59:07.001+0000] {logging_mixin.py:190} INFO - [2024-10-08T07:59:07.000+0000] {dag.py:4180} INFO - Setting next_dagrun for example_display_name to None, run_after=None
[2024-10-08T07:59:07.033+0000] {processor.py:208} INFO - Processing /root/miniconda3/envs/project/lib/python3.8/site-packages/airflow/example_dags/example_display_name.py took 0.110 seconds
[2024-10-08T08:00:17.606+0000] {processor.py:186} INFO - Started process (PID=207677) to work on /root/miniconda3/envs/project/lib/python3.8/site-packages/airflow/example_dags/example_display_name.py
[2024-10-08T08:00:17.609+0000] {processor.py:914} INFO - Processing file /root/miniconda3/envs/project/lib/python3.8/site-packages/airflow/example_dags/example_display_name.py for tasks to queue
[2024-10-08T08:00:17.613+0000] {logging_mixin.py:190} INFO - [2024-10-08T08:00:17.612+0000] {dagbag.py:588} INFO - Filling up the DagBag from /root/miniconda3/envs/project/lib/python3.8/site-packages/airflow/example_dags/example_display_name.py
[2024-10-08T08:00:17.625+0000] {processor.py:925} INFO - DAG(s) 'example_display_name' retrieved from /root/miniconda3/envs/project/lib/python3.8/site-packages/airflow/example_dags/example_display_name.py
[2024-10-08T08:00:17.647+0000] {logging_mixin.py:190} INFO - [2024-10-08T08:00:17.647+0000] {dag.py:3239} INFO - Sync 1 DAGs
[2024-10-08T08:00:17.666+0000] {logging_mixin.py:190} INFO - [2024-10-08T08:00:17.666+0000] {dag.py:4180} INFO - Setting next_dagrun for example_display_name to None, run_after=None
[2024-10-08T08:00:17.697+0000] {processor.py:208} INFO - Processing /root/miniconda3/envs/project/lib/python3.8/site-packages/airflow/example_dags/example_display_name.py took 0.101 seconds
[2024-10-08T08:01:33.723+0000] {processor.py:186} INFO - Started process (PID=208026) to work on /root/miniconda3/envs/project/lib/python3.8/site-packages/airflow/example_dags/example_display_name.py
[2024-10-08T08:01:33.727+0000] {processor.py:914} INFO - Processing file /root/miniconda3/envs/project/lib/python3.8/site-packages/airflow/example_dags/example_display_name.py for tasks to queue
[2024-10-08T08:01:33.731+0000] {logging_mixin.py:190} INFO - [2024-10-08T08:01:33.730+0000] {dagbag.py:588} INFO - Filling up the DagBag from /root/miniconda3/envs/project/lib/python3.8/site-packages/airflow/example_dags/example_display_name.py
[2024-10-08T08:01:33.743+0000] {processor.py:925} INFO - DAG(s) 'example_display_name' retrieved from /root/miniconda3/envs/project/lib/python3.8/site-packages/airflow/example_dags/example_display_name.py
[2024-10-08T08:01:33.768+0000] {logging_mixin.py:190} INFO - [2024-10-08T08:01:33.767+0000] {dag.py:3239} INFO - Sync 1 DAGs
[2024-10-08T08:01:33.787+0000] {logging_mixin.py:190} INFO - [2024-10-08T08:01:33.787+0000] {dag.py:4180} INFO - Setting next_dagrun for example_display_name to None, run_after=None
[2024-10-08T08:01:33.822+0000] {processor.py:208} INFO - Processing /root/miniconda3/envs/project/lib/python3.8/site-packages/airflow/example_dags/example_display_name.py took 0.110 seconds
[2024-10-08T08:02:43.973+0000] {processor.py:186} INFO - Started process (PID=208278) to work on /root/miniconda3/envs/project/lib/python3.8/site-packages/airflow/example_dags/example_display_name.py
[2024-10-08T08:02:43.976+0000] {processor.py:914} INFO - Processing file /root/miniconda3/envs/project/lib/python3.8/site-packages/airflow/example_dags/example_display_name.py for tasks to queue
[2024-10-08T08:02:43.980+0000] {logging_mixin.py:190} INFO - [2024-10-08T08:02:43.979+0000] {dagbag.py:588} INFO - Filling up the DagBag from /root/miniconda3/envs/project/lib/python3.8/site-packages/airflow/example_dags/example_display_name.py
[2024-10-08T08:02:43.991+0000] {processor.py:925} INFO - DAG(s) 'example_display_name' retrieved from /root/miniconda3/envs/project/lib/python3.8/site-packages/airflow/example_dags/example_display_name.py
[2024-10-08T08:02:44.013+0000] {logging_mixin.py:190} INFO - [2024-10-08T08:02:44.012+0000] {dag.py:3239} INFO - Sync 1 DAGs
[2024-10-08T08:02:44.031+0000] {logging_mixin.py:190} INFO - [2024-10-08T08:02:44.030+0000] {dag.py:4180} INFO - Setting next_dagrun for example_display_name to None, run_after=None
[2024-10-08T08:02:44.063+0000] {processor.py:208} INFO - Processing /root/miniconda3/envs/project/lib/python3.8/site-packages/airflow/example_dags/example_display_name.py took 0.102 seconds
[2024-10-08T08:03:52.696+0000] {processor.py:186} INFO - Started process (PID=208482) to work on /root/miniconda3/envs/project/lib/python3.8/site-packages/airflow/example_dags/example_display_name.py
[2024-10-08T08:03:52.699+0000] {processor.py:914} INFO - Processing file /root/miniconda3/envs/project/lib/python3.8/site-packages/airflow/example_dags/example_display_name.py for tasks to queue
[2024-10-08T08:03:52.703+0000] {logging_mixin.py:190} INFO - [2024-10-08T08:03:52.703+0000] {dagbag.py:588} INFO - Filling up the DagBag from /root/miniconda3/envs/project/lib/python3.8/site-packages/airflow/example_dags/example_display_name.py
[2024-10-08T08:03:52.715+0000] {processor.py:925} INFO - DAG(s) 'example_display_name' retrieved from /root/miniconda3/envs/project/lib/python3.8/site-packages/airflow/example_dags/example_display_name.py
[2024-10-08T08:03:52.738+0000] {logging_mixin.py:190} INFO - [2024-10-08T08:03:52.737+0000] {dag.py:3239} INFO - Sync 1 DAGs
[2024-10-08T08:03:52.756+0000] {logging_mixin.py:190} INFO - [2024-10-08T08:03:52.755+0000] {dag.py:4180} INFO - Setting next_dagrun for example_display_name to None, run_after=None
[2024-10-08T08:03:52.786+0000] {processor.py:208} INFO - Processing /root/miniconda3/envs/project/lib/python3.8/site-packages/airflow/example_dags/example_display_name.py took 0.100 seconds
[2024-10-08T08:05:00.294+0000] {processor.py:186} INFO - Started process (PID=208731) to work on /root/miniconda3/envs/project/lib/python3.8/site-packages/airflow/example_dags/example_display_name.py
[2024-10-08T08:05:00.297+0000] {processor.py:914} INFO - Processing file /root/miniconda3/envs/project/lib/python3.8/site-packages/airflow/example_dags/example_display_name.py for tasks to queue
[2024-10-08T08:05:00.302+0000] {logging_mixin.py:190} INFO - [2024-10-08T08:05:00.301+0000] {dagbag.py:588} INFO - Filling up the DagBag from /root/miniconda3/envs/project/lib/python3.8/site-packages/airflow/example_dags/example_display_name.py
[2024-10-08T08:05:00.313+0000] {processor.py:925} INFO - DAG(s) 'example_display_name' retrieved from /root/miniconda3/envs/project/lib/python3.8/site-packages/airflow/example_dags/example_display_name.py
[2024-10-08T08:05:00.336+0000] {logging_mixin.py:190} INFO - [2024-10-08T08:05:00.336+0000] {dag.py:3239} INFO - Sync 1 DAGs
[2024-10-08T08:05:00.355+0000] {logging_mixin.py:190} INFO - [2024-10-08T08:05:00.354+0000] {dag.py:4180} INFO - Setting next_dagrun for example_display_name to None, run_after=None
[2024-10-08T08:05:00.387+0000] {processor.py:208} INFO - Processing /root/miniconda3/envs/project/lib/python3.8/site-packages/airflow/example_dags/example_display_name.py took 0.103 seconds
[2024-10-08T08:06:01.727+0000] {processor.py:186} INFO - Started process (PID=208913) to work on /root/miniconda3/envs/project/lib/python3.8/site-packages/airflow/example_dags/example_display_name.py
[2024-10-08T08:06:01.729+0000] {processor.py:914} INFO - Processing file /root/miniconda3/envs/project/lib/python3.8/site-packages/airflow/example_dags/example_display_name.py for tasks to queue
[2024-10-08T08:06:01.734+0000] {logging_mixin.py:190} INFO - [2024-10-08T08:06:01.733+0000] {dagbag.py:588} INFO - Filling up the DagBag from /root/miniconda3/envs/project/lib/python3.8/site-packages/airflow/example_dags/example_display_name.py
[2024-10-08T08:06:01.745+0000] {processor.py:925} INFO - DAG(s) 'example_display_name' retrieved from /root/miniconda3/envs/project/lib/python3.8/site-packages/airflow/example_dags/example_display_name.py
[2024-10-08T08:06:01.769+0000] {logging_mixin.py:190} INFO - [2024-10-08T08:06:01.768+0000] {dag.py:3239} INFO - Sync 1 DAGs
[2024-10-08T08:06:01.787+0000] {logging_mixin.py:190} INFO - [2024-10-08T08:06:01.786+0000] {dag.py:4180} INFO - Setting next_dagrun for example_display_name to None, run_after=None
[2024-10-08T08:06:01.820+0000] {processor.py:208} INFO - Processing /root/miniconda3/envs/project/lib/python3.8/site-packages/airflow/example_dags/example_display_name.py took 0.103 seconds
[2024-10-08T08:07:06.613+0000] {processor.py:186} INFO - Started process (PID=209146) to work on /root/miniconda3/envs/project/lib/python3.8/site-packages/airflow/example_dags/example_display_name.py
[2024-10-08T08:07:06.616+0000] {processor.py:914} INFO - Processing file /root/miniconda3/envs/project/lib/python3.8/site-packages/airflow/example_dags/example_display_name.py for tasks to queue
[2024-10-08T08:07:06.620+0000] {logging_mixin.py:190} INFO - [2024-10-08T08:07:06.620+0000] {dagbag.py:588} INFO - Filling up the DagBag from /root/miniconda3/envs/project/lib/python3.8/site-packages/airflow/example_dags/example_display_name.py
[2024-10-08T08:07:06.633+0000] {processor.py:925} INFO - DAG(s) 'example_display_name' retrieved from /root/miniconda3/envs/project/lib/python3.8/site-packages/airflow/example_dags/example_display_name.py
[2024-10-08T08:07:06.657+0000] {logging_mixin.py:190} INFO - [2024-10-08T08:07:06.656+0000] {dag.py:3239} INFO - Sync 1 DAGs
[2024-10-08T08:07:06.675+0000] {logging_mixin.py:190} INFO - [2024-10-08T08:07:06.675+0000] {dag.py:4180} INFO - Setting next_dagrun for example_display_name to None, run_after=None
[2024-10-08T08:07:06.706+0000] {processor.py:208} INFO - Processing /root/miniconda3/envs/project/lib/python3.8/site-packages/airflow/example_dags/example_display_name.py took 0.106 seconds
[2024-10-08T08:08:16.446+0000] {processor.py:186} INFO - Started process (PID=209393) to work on /root/miniconda3/envs/project/lib/python3.8/site-packages/airflow/example_dags/example_display_name.py
[2024-10-08T08:08:16.449+0000] {processor.py:914} INFO - Processing file /root/miniconda3/envs/project/lib/python3.8/site-packages/airflow/example_dags/example_display_name.py for tasks to queue
[2024-10-08T08:08:16.453+0000] {logging_mixin.py:190} INFO - [2024-10-08T08:08:16.453+0000] {dagbag.py:588} INFO - Filling up the DagBag from /root/miniconda3/envs/project/lib/python3.8/site-packages/airflow/example_dags/example_display_name.py
[2024-10-08T08:08:16.466+0000] {processor.py:925} INFO - DAG(s) 'example_display_name' retrieved from /root/miniconda3/envs/project/lib/python3.8/site-packages/airflow/example_dags/example_display_name.py
[2024-10-08T08:08:16.489+0000] {logging_mixin.py:190} INFO - [2024-10-08T08:08:16.489+0000] {dag.py:3239} INFO - Sync 1 DAGs
[2024-10-08T08:08:16.508+0000] {logging_mixin.py:190} INFO - [2024-10-08T08:08:16.508+0000] {dag.py:4180} INFO - Setting next_dagrun for example_display_name to None, run_after=None
[2024-10-08T08:08:16.542+0000] {processor.py:208} INFO - Processing /root/miniconda3/envs/project/lib/python3.8/site-packages/airflow/example_dags/example_display_name.py took 0.108 seconds
[2024-10-08T08:10:14.052+0000] {processor.py:186} INFO - Started process (PID=210099) to work on /root/miniconda3/envs/project/lib/python3.8/site-packages/airflow/example_dags/example_display_name.py
[2024-10-08T08:10:14.055+0000] {processor.py:914} INFO - Processing file /root/miniconda3/envs/project/lib/python3.8/site-packages/airflow/example_dags/example_display_name.py for tasks to queue
[2024-10-08T08:10:14.059+0000] {logging_mixin.py:190} INFO - [2024-10-08T08:10:14.059+0000] {dagbag.py:588} INFO - Filling up the DagBag from /root/miniconda3/envs/project/lib/python3.8/site-packages/airflow/example_dags/example_display_name.py
[2024-10-08T08:10:14.071+0000] {processor.py:925} INFO - DAG(s) 'example_display_name' retrieved from /root/miniconda3/envs/project/lib/python3.8/site-packages/airflow/example_dags/example_display_name.py
[2024-10-08T08:10:14.094+0000] {logging_mixin.py:190} INFO - [2024-10-08T08:10:14.093+0000] {dag.py:3239} INFO - Sync 1 DAGs
[2024-10-08T08:10:14.114+0000] {logging_mixin.py:190} INFO - [2024-10-08T08:10:14.114+0000] {dag.py:4180} INFO - Setting next_dagrun for example_display_name to None, run_after=None
[2024-10-08T08:10:14.148+0000] {processor.py:208} INFO - Processing /root/miniconda3/envs/project/lib/python3.8/site-packages/airflow/example_dags/example_display_name.py took 0.107 seconds
[2024-10-08T08:13:16.493+0000] {processor.py:186} INFO - Started process (PID=211108) to work on /root/miniconda3/envs/project/lib/python3.8/site-packages/airflow/example_dags/example_display_name.py
[2024-10-08T08:13:16.496+0000] {processor.py:914} INFO - Processing file /root/miniconda3/envs/project/lib/python3.8/site-packages/airflow/example_dags/example_display_name.py for tasks to queue
[2024-10-08T08:13:16.500+0000] {logging_mixin.py:190} INFO - [2024-10-08T08:13:16.499+0000] {dagbag.py:588} INFO - Filling up the DagBag from /root/miniconda3/envs/project/lib/python3.8/site-packages/airflow/example_dags/example_display_name.py
[2024-10-08T08:13:16.511+0000] {processor.py:925} INFO - DAG(s) 'example_display_name' retrieved from /root/miniconda3/envs/project/lib/python3.8/site-packages/airflow/example_dags/example_display_name.py
[2024-10-08T08:13:16.534+0000] {logging_mixin.py:190} INFO - [2024-10-08T08:13:16.534+0000] {dag.py:3239} INFO - Sync 1 DAGs
[2024-10-08T08:13:16.553+0000] {logging_mixin.py:190} INFO - [2024-10-08T08:13:16.553+0000] {dag.py:4180} INFO - Setting next_dagrun for example_display_name to None, run_after=None
[2024-10-08T08:13:16.584+0000] {processor.py:208} INFO - Processing /root/miniconda3/envs/project/lib/python3.8/site-packages/airflow/example_dags/example_display_name.py took 0.103 seconds
[2024-10-08T08:14:27.149+0000] {processor.py:186} INFO - Started process (PID=211316) to work on /root/miniconda3/envs/project/lib/python3.8/site-packages/airflow/example_dags/example_display_name.py
[2024-10-08T08:14:27.152+0000] {processor.py:914} INFO - Processing file /root/miniconda3/envs/project/lib/python3.8/site-packages/airflow/example_dags/example_display_name.py for tasks to queue
[2024-10-08T08:14:27.155+0000] {logging_mixin.py:190} INFO - [2024-10-08T08:14:27.155+0000] {dagbag.py:588} INFO - Filling up the DagBag from /root/miniconda3/envs/project/lib/python3.8/site-packages/airflow/example_dags/example_display_name.py
[2024-10-08T08:14:27.168+0000] {processor.py:925} INFO - DAG(s) 'example_display_name' retrieved from /root/miniconda3/envs/project/lib/python3.8/site-packages/airflow/example_dags/example_display_name.py
[2024-10-08T08:14:27.190+0000] {logging_mixin.py:190} INFO - [2024-10-08T08:14:27.190+0000] {dag.py:3239} INFO - Sync 1 DAGs
[2024-10-08T08:14:27.209+0000] {logging_mixin.py:190} INFO - [2024-10-08T08:14:27.208+0000] {dag.py:4180} INFO - Setting next_dagrun for example_display_name to None, run_after=None
[2024-10-08T08:14:27.240+0000] {processor.py:208} INFO - Processing /root/miniconda3/envs/project/lib/python3.8/site-packages/airflow/example_dags/example_display_name.py took 0.102 seconds
[2024-10-08T08:15:33.727+0000] {processor.py:186} INFO - Started process (PID=211609) to work on /root/miniconda3/envs/project/lib/python3.8/site-packages/airflow/example_dags/example_display_name.py
[2024-10-08T08:15:33.730+0000] {processor.py:914} INFO - Processing file /root/miniconda3/envs/project/lib/python3.8/site-packages/airflow/example_dags/example_display_name.py for tasks to queue
[2024-10-08T08:15:33.733+0000] {logging_mixin.py:190} INFO - [2024-10-08T08:15:33.732+0000] {dagbag.py:588} INFO - Filling up the DagBag from /root/miniconda3/envs/project/lib/python3.8/site-packages/airflow/example_dags/example_display_name.py
[2024-10-08T08:15:33.745+0000] {processor.py:925} INFO - DAG(s) 'example_display_name' retrieved from /root/miniconda3/envs/project/lib/python3.8/site-packages/airflow/example_dags/example_display_name.py
[2024-10-08T08:15:33.767+0000] {logging_mixin.py:190} INFO - [2024-10-08T08:15:33.767+0000] {dag.py:3239} INFO - Sync 1 DAGs
[2024-10-08T08:15:33.786+0000] {logging_mixin.py:190} INFO - [2024-10-08T08:15:33.786+0000] {dag.py:4180} INFO - Setting next_dagrun for example_display_name to None, run_after=None
[2024-10-08T08:15:33.818+0000] {processor.py:208} INFO - Processing /root/miniconda3/envs/project/lib/python3.8/site-packages/airflow/example_dags/example_display_name.py took 0.103 seconds
[2024-10-08T08:16:43.229+0000] {processor.py:186} INFO - Started process (PID=211815) to work on /root/miniconda3/envs/project/lib/python3.8/site-packages/airflow/example_dags/example_display_name.py
[2024-10-08T08:16:43.232+0000] {processor.py:914} INFO - Processing file /root/miniconda3/envs/project/lib/python3.8/site-packages/airflow/example_dags/example_display_name.py for tasks to queue
[2024-10-08T08:16:43.235+0000] {logging_mixin.py:190} INFO - [2024-10-08T08:16:43.235+0000] {dagbag.py:588} INFO - Filling up the DagBag from /root/miniconda3/envs/project/lib/python3.8/site-packages/airflow/example_dags/example_display_name.py
[2024-10-08T08:16:43.247+0000] {processor.py:925} INFO - DAG(s) 'example_display_name' retrieved from /root/miniconda3/envs/project/lib/python3.8/site-packages/airflow/example_dags/example_display_name.py
[2024-10-08T08:16:43.271+0000] {logging_mixin.py:190} INFO - [2024-10-08T08:16:43.270+0000] {dag.py:3239} INFO - Sync 1 DAGs
[2024-10-08T08:16:43.289+0000] {logging_mixin.py:190} INFO - [2024-10-08T08:16:43.288+0000] {dag.py:4180} INFO - Setting next_dagrun for example_display_name to None, run_after=None
[2024-10-08T08:16:43.328+0000] {processor.py:208} INFO - Processing /root/miniconda3/envs/project/lib/python3.8/site-packages/airflow/example_dags/example_display_name.py took 0.111 seconds
[2024-10-08T08:17:52.829+0000] {processor.py:186} INFO - Started process (PID=212064) to work on /root/miniconda3/envs/project/lib/python3.8/site-packages/airflow/example_dags/example_display_name.py
[2024-10-08T08:17:52.832+0000] {processor.py:914} INFO - Processing file /root/miniconda3/envs/project/lib/python3.8/site-packages/airflow/example_dags/example_display_name.py for tasks to queue
[2024-10-08T08:17:52.836+0000] {logging_mixin.py:190} INFO - [2024-10-08T08:17:52.835+0000] {dagbag.py:588} INFO - Filling up the DagBag from /root/miniconda3/envs/project/lib/python3.8/site-packages/airflow/example_dags/example_display_name.py
[2024-10-08T08:17:52.848+0000] {processor.py:925} INFO - DAG(s) 'example_display_name' retrieved from /root/miniconda3/envs/project/lib/python3.8/site-packages/airflow/example_dags/example_display_name.py
[2024-10-08T08:17:52.870+0000] {logging_mixin.py:190} INFO - [2024-10-08T08:17:52.870+0000] {dag.py:3239} INFO - Sync 1 DAGs
[2024-10-08T08:17:52.889+0000] {logging_mixin.py:190} INFO - [2024-10-08T08:17:52.888+0000] {dag.py:4180} INFO - Setting next_dagrun for example_display_name to None, run_after=None
[2024-10-08T08:17:52.923+0000] {processor.py:208} INFO - Processing /root/miniconda3/envs/project/lib/python3.8/site-packages/airflow/example_dags/example_display_name.py took 0.105 seconds
[2024-10-08T08:19:05.628+0000] {processor.py:186} INFO - Started process (PID=212270) to work on /root/miniconda3/envs/project/lib/python3.8/site-packages/airflow/example_dags/example_display_name.py
[2024-10-08T08:19:05.631+0000] {processor.py:914} INFO - Processing file /root/miniconda3/envs/project/lib/python3.8/site-packages/airflow/example_dags/example_display_name.py for tasks to queue
[2024-10-08T08:19:05.634+0000] {logging_mixin.py:190} INFO - [2024-10-08T08:19:05.634+0000] {dagbag.py:588} INFO - Filling up the DagBag from /root/miniconda3/envs/project/lib/python3.8/site-packages/airflow/example_dags/example_display_name.py
[2024-10-08T08:19:05.647+0000] {processor.py:925} INFO - DAG(s) 'example_display_name' retrieved from /root/miniconda3/envs/project/lib/python3.8/site-packages/airflow/example_dags/example_display_name.py
[2024-10-08T08:19:05.669+0000] {logging_mixin.py:190} INFO - [2024-10-08T08:19:05.669+0000] {dag.py:3239} INFO - Sync 1 DAGs
[2024-10-08T08:19:05.687+0000] {logging_mixin.py:190} INFO - [2024-10-08T08:19:05.687+0000] {dag.py:4180} INFO - Setting next_dagrun for example_display_name to None, run_after=None
[2024-10-08T08:19:05.720+0000] {processor.py:208} INFO - Processing /root/miniconda3/envs/project/lib/python3.8/site-packages/airflow/example_dags/example_display_name.py took 0.104 seconds
[2024-10-08T08:20:08.223+0000] {processor.py:186} INFO - Started process (PID=212452) to work on /root/miniconda3/envs/project/lib/python3.8/site-packages/airflow/example_dags/example_display_name.py
[2024-10-08T08:20:08.225+0000] {processor.py:914} INFO - Processing file /root/miniconda3/envs/project/lib/python3.8/site-packages/airflow/example_dags/example_display_name.py for tasks to queue
[2024-10-08T08:20:08.229+0000] {logging_mixin.py:190} INFO - [2024-10-08T08:20:08.228+0000] {dagbag.py:588} INFO - Filling up the DagBag from /root/miniconda3/envs/project/lib/python3.8/site-packages/airflow/example_dags/example_display_name.py
[2024-10-08T08:20:08.240+0000] {processor.py:925} INFO - DAG(s) 'example_display_name' retrieved from /root/miniconda3/envs/project/lib/python3.8/site-packages/airflow/example_dags/example_display_name.py
[2024-10-08T08:20:08.263+0000] {logging_mixin.py:190} INFO - [2024-10-08T08:20:08.263+0000] {dag.py:3239} INFO - Sync 1 DAGs
[2024-10-08T08:20:08.281+0000] {logging_mixin.py:190} INFO - [2024-10-08T08:20:08.281+0000] {dag.py:4180} INFO - Setting next_dagrun for example_display_name to None, run_after=None
[2024-10-08T08:20:08.323+0000] {processor.py:208} INFO - Processing /root/miniconda3/envs/project/lib/python3.8/site-packages/airflow/example_dags/example_display_name.py took 0.112 seconds
[2024-10-08T08:21:27.175+0000] {processor.py:186} INFO - Started process (PID=212672) to work on /root/miniconda3/envs/project/lib/python3.8/site-packages/airflow/example_dags/example_display_name.py
[2024-10-08T08:21:27.178+0000] {processor.py:914} INFO - Processing file /root/miniconda3/envs/project/lib/python3.8/site-packages/airflow/example_dags/example_display_name.py for tasks to queue
[2024-10-08T08:21:27.181+0000] {logging_mixin.py:190} INFO - [2024-10-08T08:21:27.181+0000] {dagbag.py:588} INFO - Filling up the DagBag from /root/miniconda3/envs/project/lib/python3.8/site-packages/airflow/example_dags/example_display_name.py
[2024-10-08T08:21:27.194+0000] {processor.py:925} INFO - DAG(s) 'example_display_name' retrieved from /root/miniconda3/envs/project/lib/python3.8/site-packages/airflow/example_dags/example_display_name.py
[2024-10-08T08:21:27.217+0000] {logging_mixin.py:190} INFO - [2024-10-08T08:21:27.217+0000] {dag.py:3239} INFO - Sync 1 DAGs
[2024-10-08T08:21:27.236+0000] {logging_mixin.py:190} INFO - [2024-10-08T08:21:27.235+0000] {dag.py:4180} INFO - Setting next_dagrun for example_display_name to None, run_after=None
[2024-10-08T08:21:27.267+0000] {processor.py:208} INFO - Processing /root/miniconda3/envs/project/lib/python3.8/site-packages/airflow/example_dags/example_display_name.py took 0.105 seconds
[2024-10-08T08:22:36.306+0000] {processor.py:186} INFO - Started process (PID=212941) to work on /root/miniconda3/envs/project/lib/python3.8/site-packages/airflow/example_dags/example_display_name.py
[2024-10-08T08:22:36.309+0000] {processor.py:914} INFO - Processing file /root/miniconda3/envs/project/lib/python3.8/site-packages/airflow/example_dags/example_display_name.py for tasks to queue
[2024-10-08T08:22:36.312+0000] {logging_mixin.py:190} INFO - [2024-10-08T08:22:36.312+0000] {dagbag.py:588} INFO - Filling up the DagBag from /root/miniconda3/envs/project/lib/python3.8/site-packages/airflow/example_dags/example_display_name.py
[2024-10-08T08:22:36.324+0000] {processor.py:925} INFO - DAG(s) 'example_display_name' retrieved from /root/miniconda3/envs/project/lib/python3.8/site-packages/airflow/example_dags/example_display_name.py
[2024-10-08T08:22:36.347+0000] {logging_mixin.py:190} INFO - [2024-10-08T08:22:36.347+0000] {dag.py:3239} INFO - Sync 1 DAGs
[2024-10-08T08:22:36.365+0000] {logging_mixin.py:190} INFO - [2024-10-08T08:22:36.365+0000] {dag.py:4180} INFO - Setting next_dagrun for example_display_name to None, run_after=None
[2024-10-08T08:22:36.396+0000] {processor.py:208} INFO - Processing /root/miniconda3/envs/project/lib/python3.8/site-packages/airflow/example_dags/example_display_name.py took 0.101 seconds
[2024-10-08T08:23:39.591+0000] {processor.py:186} INFO - Started process (PID=213149) to work on /root/miniconda3/envs/project/lib/python3.8/site-packages/airflow/example_dags/example_display_name.py
[2024-10-08T08:23:39.594+0000] {processor.py:914} INFO - Processing file /root/miniconda3/envs/project/lib/python3.8/site-packages/airflow/example_dags/example_display_name.py for tasks to queue
[2024-10-08T08:23:39.599+0000] {logging_mixin.py:190} INFO - [2024-10-08T08:23:39.598+0000] {dagbag.py:588} INFO - Filling up the DagBag from /root/miniconda3/envs/project/lib/python3.8/site-packages/airflow/example_dags/example_display_name.py
[2024-10-08T08:23:39.613+0000] {processor.py:925} INFO - DAG(s) 'example_display_name' retrieved from /root/miniconda3/envs/project/lib/python3.8/site-packages/airflow/example_dags/example_display_name.py
[2024-10-08T08:23:39.635+0000] {logging_mixin.py:190} INFO - [2024-10-08T08:23:39.635+0000] {dag.py:3239} INFO - Sync 1 DAGs
[2024-10-08T08:23:39.653+0000] {logging_mixin.py:190} INFO - [2024-10-08T08:23:39.653+0000] {dag.py:4180} INFO - Setting next_dagrun for example_display_name to None, run_after=None
[2024-10-08T08:23:39.688+0000] {processor.py:208} INFO - Processing /root/miniconda3/envs/project/lib/python3.8/site-packages/airflow/example_dags/example_display_name.py took 0.107 seconds
[2024-10-08T08:37:28.651+0000] {processor.py:186} INFO - Started process (PID=215045) to work on /root/miniconda3/envs/project/lib/python3.8/site-packages/airflow/example_dags/example_display_name.py
[2024-10-08T08:37:28.654+0000] {processor.py:914} INFO - Processing file /root/miniconda3/envs/project/lib/python3.8/site-packages/airflow/example_dags/example_display_name.py for tasks to queue
[2024-10-08T08:37:28.658+0000] {logging_mixin.py:190} INFO - [2024-10-08T08:37:28.658+0000] {dagbag.py:588} INFO - Filling up the DagBag from /root/miniconda3/envs/project/lib/python3.8/site-packages/airflow/example_dags/example_display_name.py
[2024-10-08T08:37:28.670+0000] {processor.py:925} INFO - DAG(s) 'example_display_name' retrieved from /root/miniconda3/envs/project/lib/python3.8/site-packages/airflow/example_dags/example_display_name.py
[2024-10-08T08:37:28.693+0000] {logging_mixin.py:190} INFO - [2024-10-08T08:37:28.692+0000] {dag.py:3239} INFO - Sync 1 DAGs
[2024-10-08T08:37:28.713+0000] {logging_mixin.py:190} INFO - [2024-10-08T08:37:28.713+0000] {dag.py:4180} INFO - Setting next_dagrun for example_display_name to None, run_after=None
[2024-10-08T08:37:28.750+0000] {processor.py:208} INFO - Processing /root/miniconda3/envs/project/lib/python3.8/site-packages/airflow/example_dags/example_display_name.py took 0.110 seconds
[2024-10-08T08:38:40.510+0000] {processor.py:186} INFO - Started process (PID=215514) to work on /root/miniconda3/envs/project/lib/python3.8/site-packages/airflow/example_dags/example_display_name.py
[2024-10-08T08:38:40.513+0000] {processor.py:914} INFO - Processing file /root/miniconda3/envs/project/lib/python3.8/site-packages/airflow/example_dags/example_display_name.py for tasks to queue
[2024-10-08T08:38:40.517+0000] {logging_mixin.py:190} INFO - [2024-10-08T08:38:40.516+0000] {dagbag.py:588} INFO - Filling up the DagBag from /root/miniconda3/envs/project/lib/python3.8/site-packages/airflow/example_dags/example_display_name.py
[2024-10-08T08:38:40.529+0000] {processor.py:925} INFO - DAG(s) 'example_display_name' retrieved from /root/miniconda3/envs/project/lib/python3.8/site-packages/airflow/example_dags/example_display_name.py
[2024-10-08T08:38:40.552+0000] {logging_mixin.py:190} INFO - [2024-10-08T08:38:40.552+0000] {dag.py:3239} INFO - Sync 1 DAGs
[2024-10-08T08:38:40.570+0000] {logging_mixin.py:190} INFO - [2024-10-08T08:38:40.569+0000] {dag.py:4180} INFO - Setting next_dagrun for example_display_name to None, run_after=None
[2024-10-08T08:38:40.599+0000] {processor.py:208} INFO - Processing /root/miniconda3/envs/project/lib/python3.8/site-packages/airflow/example_dags/example_display_name.py took 0.100 seconds
[2024-10-08T08:39:52.209+0000] {processor.py:186} INFO - Started process (PID=215742) to work on /root/miniconda3/envs/project/lib/python3.8/site-packages/airflow/example_dags/example_display_name.py
[2024-10-08T08:39:52.212+0000] {processor.py:914} INFO - Processing file /root/miniconda3/envs/project/lib/python3.8/site-packages/airflow/example_dags/example_display_name.py for tasks to queue
[2024-10-08T08:39:52.216+0000] {logging_mixin.py:190} INFO - [2024-10-08T08:39:52.215+0000] {dagbag.py:588} INFO - Filling up the DagBag from /root/miniconda3/envs/project/lib/python3.8/site-packages/airflow/example_dags/example_display_name.py
[2024-10-08T08:39:52.228+0000] {processor.py:925} INFO - DAG(s) 'example_display_name' retrieved from /root/miniconda3/envs/project/lib/python3.8/site-packages/airflow/example_dags/example_display_name.py
[2024-10-08T08:39:52.252+0000] {logging_mixin.py:190} INFO - [2024-10-08T08:39:52.252+0000] {dag.py:3239} INFO - Sync 1 DAGs
[2024-10-08T08:39:52.272+0000] {logging_mixin.py:190} INFO - [2024-10-08T08:39:52.272+0000] {dag.py:4180} INFO - Setting next_dagrun for example_display_name to None, run_after=None
[2024-10-08T08:39:52.303+0000] {processor.py:208} INFO - Processing /root/miniconda3/envs/project/lib/python3.8/site-packages/airflow/example_dags/example_display_name.py took 0.108 seconds
[2024-10-08T08:41:00.781+0000] {processor.py:186} INFO - Started process (PID=216088) to work on /root/miniconda3/envs/project/lib/python3.8/site-packages/airflow/example_dags/example_display_name.py
[2024-10-08T08:41:00.784+0000] {processor.py:914} INFO - Processing file /root/miniconda3/envs/project/lib/python3.8/site-packages/airflow/example_dags/example_display_name.py for tasks to queue
[2024-10-08T08:41:00.788+0000] {logging_mixin.py:190} INFO - [2024-10-08T08:41:00.787+0000] {dagbag.py:588} INFO - Filling up the DagBag from /root/miniconda3/envs/project/lib/python3.8/site-packages/airflow/example_dags/example_display_name.py
[2024-10-08T08:41:00.800+0000] {processor.py:925} INFO - DAG(s) 'example_display_name' retrieved from /root/miniconda3/envs/project/lib/python3.8/site-packages/airflow/example_dags/example_display_name.py
[2024-10-08T08:41:00.824+0000] {logging_mixin.py:190} INFO - [2024-10-08T08:41:00.823+0000] {dag.py:3239} INFO - Sync 1 DAGs
[2024-10-08T08:41:00.841+0000] {logging_mixin.py:190} INFO - [2024-10-08T08:41:00.841+0000] {dag.py:4180} INFO - Setting next_dagrun for example_display_name to None, run_after=None
[2024-10-08T08:41:00.872+0000] {processor.py:208} INFO - Processing /root/miniconda3/envs/project/lib/python3.8/site-packages/airflow/example_dags/example_display_name.py took 0.101 seconds
[2024-10-08T08:42:07.768+0000] {processor.py:186} INFO - Started process (PID=216547) to work on /root/miniconda3/envs/project/lib/python3.8/site-packages/airflow/example_dags/example_display_name.py
[2024-10-08T08:42:07.770+0000] {processor.py:914} INFO - Processing file /root/miniconda3/envs/project/lib/python3.8/site-packages/airflow/example_dags/example_display_name.py for tasks to queue
[2024-10-08T08:42:07.774+0000] {logging_mixin.py:190} INFO - [2024-10-08T08:42:07.773+0000] {dagbag.py:588} INFO - Filling up the DagBag from /root/miniconda3/envs/project/lib/python3.8/site-packages/airflow/example_dags/example_display_name.py
[2024-10-08T08:42:07.786+0000] {processor.py:925} INFO - DAG(s) 'example_display_name' retrieved from /root/miniconda3/envs/project/lib/python3.8/site-packages/airflow/example_dags/example_display_name.py
[2024-10-08T08:42:07.809+0000] {logging_mixin.py:190} INFO - [2024-10-08T08:42:07.808+0000] {dag.py:3239} INFO - Sync 1 DAGs
[2024-10-08T08:42:07.826+0000] {logging_mixin.py:190} INFO - [2024-10-08T08:42:07.826+0000] {dag.py:4180} INFO - Setting next_dagrun for example_display_name to None, run_after=None
[2024-10-08T08:42:07.857+0000] {processor.py:208} INFO - Processing /root/miniconda3/envs/project/lib/python3.8/site-packages/airflow/example_dags/example_display_name.py took 0.101 seconds
[2024-10-08T08:43:14.581+0000] {processor.py:186} INFO - Started process (PID=216765) to work on /root/miniconda3/envs/project/lib/python3.8/site-packages/airflow/example_dags/example_display_name.py
[2024-10-08T08:43:14.584+0000] {processor.py:914} INFO - Processing file /root/miniconda3/envs/project/lib/python3.8/site-packages/airflow/example_dags/example_display_name.py for tasks to queue
[2024-10-08T08:43:14.587+0000] {logging_mixin.py:190} INFO - [2024-10-08T08:43:14.586+0000] {dagbag.py:588} INFO - Filling up the DagBag from /root/miniconda3/envs/project/lib/python3.8/site-packages/airflow/example_dags/example_display_name.py
[2024-10-08T08:43:14.599+0000] {processor.py:925} INFO - DAG(s) 'example_display_name' retrieved from /root/miniconda3/envs/project/lib/python3.8/site-packages/airflow/example_dags/example_display_name.py
[2024-10-08T08:43:14.622+0000] {logging_mixin.py:190} INFO - [2024-10-08T08:43:14.622+0000] {dag.py:3239} INFO - Sync 1 DAGs
[2024-10-08T08:43:14.640+0000] {logging_mixin.py:190} INFO - [2024-10-08T08:43:14.640+0000] {dag.py:4180} INFO - Setting next_dagrun for example_display_name to None, run_after=None
[2024-10-08T08:43:14.672+0000] {processor.py:208} INFO - Processing /root/miniconda3/envs/project/lib/python3.8/site-packages/airflow/example_dags/example_display_name.py took 0.104 seconds
[2024-10-08T08:44:23.353+0000] {processor.py:186} INFO - Started process (PID=216986) to work on /root/miniconda3/envs/project/lib/python3.8/site-packages/airflow/example_dags/example_display_name.py
[2024-10-08T08:44:23.356+0000] {processor.py:914} INFO - Processing file /root/miniconda3/envs/project/lib/python3.8/site-packages/airflow/example_dags/example_display_name.py for tasks to queue
[2024-10-08T08:44:23.359+0000] {logging_mixin.py:190} INFO - [2024-10-08T08:44:23.359+0000] {dagbag.py:588} INFO - Filling up the DagBag from /root/miniconda3/envs/project/lib/python3.8/site-packages/airflow/example_dags/example_display_name.py
[2024-10-08T08:44:23.371+0000] {processor.py:925} INFO - DAG(s) 'example_display_name' retrieved from /root/miniconda3/envs/project/lib/python3.8/site-packages/airflow/example_dags/example_display_name.py
[2024-10-08T08:44:23.393+0000] {logging_mixin.py:190} INFO - [2024-10-08T08:44:23.393+0000] {dag.py:3239} INFO - Sync 1 DAGs
[2024-10-08T08:44:23.411+0000] {logging_mixin.py:190} INFO - [2024-10-08T08:44:23.411+0000] {dag.py:4180} INFO - Setting next_dagrun for example_display_name to None, run_after=None
[2024-10-08T08:44:23.446+0000] {processor.py:208} INFO - Processing /root/miniconda3/envs/project/lib/python3.8/site-packages/airflow/example_dags/example_display_name.py took 0.105 seconds
[2024-10-08T08:45:39.689+0000] {processor.py:186} INFO - Started process (PID=217278) to work on /root/miniconda3/envs/project/lib/python3.8/site-packages/airflow/example_dags/example_display_name.py
[2024-10-08T08:45:39.693+0000] {processor.py:914} INFO - Processing file /root/miniconda3/envs/project/lib/python3.8/site-packages/airflow/example_dags/example_display_name.py for tasks to queue
[2024-10-08T08:45:39.698+0000] {logging_mixin.py:190} INFO - [2024-10-08T08:45:39.697+0000] {dagbag.py:588} INFO - Filling up the DagBag from /root/miniconda3/envs/project/lib/python3.8/site-packages/airflow/example_dags/example_display_name.py
[2024-10-08T08:45:39.712+0000] {processor.py:925} INFO - DAG(s) 'example_display_name' retrieved from /root/miniconda3/envs/project/lib/python3.8/site-packages/airflow/example_dags/example_display_name.py
[2024-10-08T08:45:39.736+0000] {logging_mixin.py:190} INFO - [2024-10-08T08:45:39.736+0000] {dag.py:3239} INFO - Sync 1 DAGs
[2024-10-08T08:45:39.754+0000] {logging_mixin.py:190} INFO - [2024-10-08T08:45:39.754+0000] {dag.py:4180} INFO - Setting next_dagrun for example_display_name to None, run_after=None
[2024-10-08T08:45:39.784+0000] {processor.py:208} INFO - Processing /root/miniconda3/envs/project/lib/python3.8/site-packages/airflow/example_dags/example_display_name.py took 0.106 seconds
[2024-10-08T08:46:49.705+0000] {processor.py:186} INFO - Started process (PID=217565) to work on /root/miniconda3/envs/project/lib/python3.8/site-packages/airflow/example_dags/example_display_name.py
[2024-10-08T08:46:49.708+0000] {processor.py:914} INFO - Processing file /root/miniconda3/envs/project/lib/python3.8/site-packages/airflow/example_dags/example_display_name.py for tasks to queue
[2024-10-08T08:46:49.712+0000] {logging_mixin.py:190} INFO - [2024-10-08T08:46:49.711+0000] {dagbag.py:588} INFO - Filling up the DagBag from /root/miniconda3/envs/project/lib/python3.8/site-packages/airflow/example_dags/example_display_name.py
[2024-10-08T08:46:49.724+0000] {processor.py:925} INFO - DAG(s) 'example_display_name' retrieved from /root/miniconda3/envs/project/lib/python3.8/site-packages/airflow/example_dags/example_display_name.py
[2024-10-08T08:46:49.747+0000] {logging_mixin.py:190} INFO - [2024-10-08T08:46:49.747+0000] {dag.py:3239} INFO - Sync 1 DAGs
[2024-10-08T08:46:49.765+0000] {logging_mixin.py:190} INFO - [2024-10-08T08:46:49.765+0000] {dag.py:4180} INFO - Setting next_dagrun for example_display_name to None, run_after=None
[2024-10-08T08:46:49.798+0000] {processor.py:208} INFO - Processing /root/miniconda3/envs/project/lib/python3.8/site-packages/airflow/example_dags/example_display_name.py took 0.102 seconds
[2024-10-08T08:48:01.514+0000] {processor.py:186} INFO - Started process (PID=217926) to work on /root/miniconda3/envs/project/lib/python3.8/site-packages/airflow/example_dags/example_display_name.py
[2024-10-08T08:48:01.518+0000] {processor.py:914} INFO - Processing file /root/miniconda3/envs/project/lib/python3.8/site-packages/airflow/example_dags/example_display_name.py for tasks to queue
[2024-10-08T08:48:01.524+0000] {logging_mixin.py:190} INFO - [2024-10-08T08:48:01.523+0000] {dagbag.py:588} INFO - Filling up the DagBag from /root/miniconda3/envs/project/lib/python3.8/site-packages/airflow/example_dags/example_display_name.py
[2024-10-08T08:48:01.539+0000] {processor.py:925} INFO - DAG(s) 'example_display_name' retrieved from /root/miniconda3/envs/project/lib/python3.8/site-packages/airflow/example_dags/example_display_name.py
[2024-10-08T08:48:01.564+0000] {logging_mixin.py:190} INFO - [2024-10-08T08:48:01.564+0000] {dag.py:3239} INFO - Sync 1 DAGs
[2024-10-08T08:48:01.583+0000] {logging_mixin.py:190} INFO - [2024-10-08T08:48:01.583+0000] {dag.py:4180} INFO - Setting next_dagrun for example_display_name to None, run_after=None
[2024-10-08T08:48:01.616+0000] {processor.py:208} INFO - Processing /root/miniconda3/envs/project/lib/python3.8/site-packages/airflow/example_dags/example_display_name.py took 0.113 seconds
[2024-10-08T08:49:13.428+0000] {processor.py:186} INFO - Started process (PID=218150) to work on /root/miniconda3/envs/project/lib/python3.8/site-packages/airflow/example_dags/example_display_name.py
[2024-10-08T08:49:13.431+0000] {processor.py:914} INFO - Processing file /root/miniconda3/envs/project/lib/python3.8/site-packages/airflow/example_dags/example_display_name.py for tasks to queue
[2024-10-08T08:49:13.434+0000] {logging_mixin.py:190} INFO - [2024-10-08T08:49:13.433+0000] {dagbag.py:588} INFO - Filling up the DagBag from /root/miniconda3/envs/project/lib/python3.8/site-packages/airflow/example_dags/example_display_name.py
[2024-10-08T08:49:13.445+0000] {processor.py:925} INFO - DAG(s) 'example_display_name' retrieved from /root/miniconda3/envs/project/lib/python3.8/site-packages/airflow/example_dags/example_display_name.py
[2024-10-08T08:49:13.468+0000] {logging_mixin.py:190} INFO - [2024-10-08T08:49:13.468+0000] {dag.py:3239} INFO - Sync 1 DAGs
[2024-10-08T08:49:13.486+0000] {logging_mixin.py:190} INFO - [2024-10-08T08:49:13.486+0000] {dag.py:4180} INFO - Setting next_dagrun for example_display_name to None, run_after=None
[2024-10-08T08:49:13.517+0000] {processor.py:208} INFO - Processing /root/miniconda3/envs/project/lib/python3.8/site-packages/airflow/example_dags/example_display_name.py took 0.099 seconds
[2024-10-08T08:50:24.076+0000] {processor.py:186} INFO - Started process (PID=218376) to work on /root/miniconda3/envs/project/lib/python3.8/site-packages/airflow/example_dags/example_display_name.py
[2024-10-08T08:50:24.079+0000] {processor.py:914} INFO - Processing file /root/miniconda3/envs/project/lib/python3.8/site-packages/airflow/example_dags/example_display_name.py for tasks to queue
[2024-10-08T08:50:24.082+0000] {logging_mixin.py:190} INFO - [2024-10-08T08:50:24.082+0000] {dagbag.py:588} INFO - Filling up the DagBag from /root/miniconda3/envs/project/lib/python3.8/site-packages/airflow/example_dags/example_display_name.py
[2024-10-08T08:50:24.094+0000] {processor.py:925} INFO - DAG(s) 'example_display_name' retrieved from /root/miniconda3/envs/project/lib/python3.8/site-packages/airflow/example_dags/example_display_name.py
[2024-10-08T08:50:24.117+0000] {logging_mixin.py:190} INFO - [2024-10-08T08:50:24.117+0000] {dag.py:3239} INFO - Sync 1 DAGs
[2024-10-08T08:50:24.135+0000] {logging_mixin.py:190} INFO - [2024-10-08T08:50:24.135+0000] {dag.py:4180} INFO - Setting next_dagrun for example_display_name to None, run_after=None
[2024-10-08T08:50:24.168+0000] {processor.py:208} INFO - Processing /root/miniconda3/envs/project/lib/python3.8/site-packages/airflow/example_dags/example_display_name.py took 0.104 seconds
[2024-10-08T09:05:33.911+0000] {processor.py:186} INFO - Started process (PID=220049) to work on /root/miniconda3/envs/project/lib/python3.8/site-packages/airflow/example_dags/example_display_name.py
[2024-10-08T09:05:33.914+0000] {processor.py:914} INFO - Processing file /root/miniconda3/envs/project/lib/python3.8/site-packages/airflow/example_dags/example_display_name.py for tasks to queue
[2024-10-08T09:05:33.918+0000] {logging_mixin.py:190} INFO - [2024-10-08T09:05:33.917+0000] {dagbag.py:588} INFO - Filling up the DagBag from /root/miniconda3/envs/project/lib/python3.8/site-packages/airflow/example_dags/example_display_name.py
[2024-10-08T09:05:33.929+0000] {processor.py:925} INFO - DAG(s) 'example_display_name' retrieved from /root/miniconda3/envs/project/lib/python3.8/site-packages/airflow/example_dags/example_display_name.py
[2024-10-08T09:05:33.952+0000] {logging_mixin.py:190} INFO - [2024-10-08T09:05:33.952+0000] {dag.py:3239} INFO - Sync 1 DAGs
[2024-10-08T09:05:33.972+0000] {logging_mixin.py:190} INFO - [2024-10-08T09:05:33.971+0000] {dag.py:4180} INFO - Setting next_dagrun for example_display_name to None, run_after=None
[2024-10-08T09:05:34.005+0000] {processor.py:208} INFO - Processing /root/miniconda3/envs/project/lib/python3.8/site-packages/airflow/example_dags/example_display_name.py took 0.104 seconds
[2024-10-08T09:09:07.309+0000] {processor.py:186} INFO - Started process (PID=220835) to work on /root/miniconda3/envs/project/lib/python3.8/site-packages/airflow/example_dags/example_display_name.py
[2024-10-08T09:09:07.312+0000] {processor.py:914} INFO - Processing file /root/miniconda3/envs/project/lib/python3.8/site-packages/airflow/example_dags/example_display_name.py for tasks to queue
[2024-10-08T09:09:07.316+0000] {logging_mixin.py:190} INFO - [2024-10-08T09:09:07.316+0000] {dagbag.py:588} INFO - Filling up the DagBag from /root/miniconda3/envs/project/lib/python3.8/site-packages/airflow/example_dags/example_display_name.py
[2024-10-08T09:09:07.329+0000] {processor.py:925} INFO - DAG(s) 'example_display_name' retrieved from /root/miniconda3/envs/project/lib/python3.8/site-packages/airflow/example_dags/example_display_name.py
[2024-10-08T09:09:07.351+0000] {logging_mixin.py:190} INFO - [2024-10-08T09:09:07.351+0000] {dag.py:3239} INFO - Sync 1 DAGs
[2024-10-08T09:09:07.371+0000] {logging_mixin.py:190} INFO - [2024-10-08T09:09:07.371+0000] {dag.py:4180} INFO - Setting next_dagrun for example_display_name to None, run_after=None
[2024-10-08T09:09:07.402+0000] {processor.py:208} INFO - Processing /root/miniconda3/envs/project/lib/python3.8/site-packages/airflow/example_dags/example_display_name.py took 0.104 seconds
[2024-10-08T09:10:35.626+0000] {processor.py:186} INFO - Started process (PID=221552) to work on /root/miniconda3/envs/project/lib/python3.8/site-packages/airflow/example_dags/example_display_name.py
[2024-10-08T09:10:35.629+0000] {processor.py:914} INFO - Processing file /root/miniconda3/envs/project/lib/python3.8/site-packages/airflow/example_dags/example_display_name.py for tasks to queue
[2024-10-08T09:10:35.634+0000] {logging_mixin.py:190} INFO - [2024-10-08T09:10:35.633+0000] {dagbag.py:588} INFO - Filling up the DagBag from /root/miniconda3/envs/project/lib/python3.8/site-packages/airflow/example_dags/example_display_name.py
[2024-10-08T09:10:35.646+0000] {processor.py:925} INFO - DAG(s) 'example_display_name' retrieved from /root/miniconda3/envs/project/lib/python3.8/site-packages/airflow/example_dags/example_display_name.py
[2024-10-08T09:10:35.671+0000] {logging_mixin.py:190} INFO - [2024-10-08T09:10:35.670+0000] {dag.py:3239} INFO - Sync 1 DAGs
[2024-10-08T09:10:35.692+0000] {logging_mixin.py:190} INFO - [2024-10-08T09:10:35.691+0000] {dag.py:4180} INFO - Setting next_dagrun for example_display_name to None, run_after=None
[2024-10-08T09:10:35.729+0000] {processor.py:208} INFO - Processing /root/miniconda3/envs/project/lib/python3.8/site-packages/airflow/example_dags/example_display_name.py took 0.113 seconds
[2024-10-08T09:11:47.786+0000] {processor.py:186} INFO - Started process (PID=221842) to work on /root/miniconda3/envs/project/lib/python3.8/site-packages/airflow/example_dags/example_display_name.py
[2024-10-08T09:11:47.789+0000] {processor.py:914} INFO - Processing file /root/miniconda3/envs/project/lib/python3.8/site-packages/airflow/example_dags/example_display_name.py for tasks to queue
[2024-10-08T09:11:47.793+0000] {logging_mixin.py:190} INFO - [2024-10-08T09:11:47.792+0000] {dagbag.py:588} INFO - Filling up the DagBag from /root/miniconda3/envs/project/lib/python3.8/site-packages/airflow/example_dags/example_display_name.py
[2024-10-08T09:11:47.805+0000] {processor.py:925} INFO - DAG(s) 'example_display_name' retrieved from /root/miniconda3/envs/project/lib/python3.8/site-packages/airflow/example_dags/example_display_name.py
[2024-10-08T09:11:47.828+0000] {logging_mixin.py:190} INFO - [2024-10-08T09:11:47.828+0000] {dag.py:3239} INFO - Sync 1 DAGs
[2024-10-08T09:11:47.846+0000] {logging_mixin.py:190} INFO - [2024-10-08T09:11:47.846+0000] {dag.py:4180} INFO - Setting next_dagrun for example_display_name to None, run_after=None
[2024-10-08T09:11:47.880+0000] {processor.py:208} INFO - Processing /root/miniconda3/envs/project/lib/python3.8/site-packages/airflow/example_dags/example_display_name.py took 0.106 seconds
[2024-10-08T09:12:49.893+0000] {processor.py:186} INFO - Started process (PID=222169) to work on /root/miniconda3/envs/project/lib/python3.8/site-packages/airflow/example_dags/example_display_name.py
[2024-10-08T09:12:49.896+0000] {processor.py:914} INFO - Processing file /root/miniconda3/envs/project/lib/python3.8/site-packages/airflow/example_dags/example_display_name.py for tasks to queue
[2024-10-08T09:12:49.899+0000] {logging_mixin.py:190} INFO - [2024-10-08T09:12:49.899+0000] {dagbag.py:588} INFO - Filling up the DagBag from /root/miniconda3/envs/project/lib/python3.8/site-packages/airflow/example_dags/example_display_name.py
[2024-10-08T09:12:49.912+0000] {processor.py:925} INFO - DAG(s) 'example_display_name' retrieved from /root/miniconda3/envs/project/lib/python3.8/site-packages/airflow/example_dags/example_display_name.py
[2024-10-08T09:12:49.936+0000] {logging_mixin.py:190} INFO - [2024-10-08T09:12:49.936+0000] {dag.py:3239} INFO - Sync 1 DAGs
[2024-10-08T09:12:49.954+0000] {logging_mixin.py:190} INFO - [2024-10-08T09:12:49.954+0000] {dag.py:4180} INFO - Setting next_dagrun for example_display_name to None, run_after=None
[2024-10-08T09:12:49.994+0000] {processor.py:208} INFO - Processing /root/miniconda3/envs/project/lib/python3.8/site-packages/airflow/example_dags/example_display_name.py took 0.113 seconds
[2024-10-08T09:13:59.067+0000] {processor.py:186} INFO - Started process (PID=222515) to work on /root/miniconda3/envs/project/lib/python3.8/site-packages/airflow/example_dags/example_display_name.py
[2024-10-08T09:13:59.070+0000] {processor.py:914} INFO - Processing file /root/miniconda3/envs/project/lib/python3.8/site-packages/airflow/example_dags/example_display_name.py for tasks to queue
[2024-10-08T09:13:59.074+0000] {logging_mixin.py:190} INFO - [2024-10-08T09:13:59.074+0000] {dagbag.py:588} INFO - Filling up the DagBag from /root/miniconda3/envs/project/lib/python3.8/site-packages/airflow/example_dags/example_display_name.py
[2024-10-08T09:13:59.088+0000] {processor.py:925} INFO - DAG(s) 'example_display_name' retrieved from /root/miniconda3/envs/project/lib/python3.8/site-packages/airflow/example_dags/example_display_name.py
[2024-10-08T09:13:59.113+0000] {logging_mixin.py:190} INFO - [2024-10-08T09:13:59.113+0000] {dag.py:3239} INFO - Sync 1 DAGs
[2024-10-08T09:13:59.132+0000] {logging_mixin.py:190} INFO - [2024-10-08T09:13:59.132+0000] {dag.py:4180} INFO - Setting next_dagrun for example_display_name to None, run_after=None
[2024-10-08T09:13:59.167+0000] {processor.py:208} INFO - Processing /root/miniconda3/envs/project/lib/python3.8/site-packages/airflow/example_dags/example_display_name.py took 0.113 seconds
[2024-10-08T09:15:01.580+0000] {processor.py:186} INFO - Started process (PID=222778) to work on /root/miniconda3/envs/project/lib/python3.8/site-packages/airflow/example_dags/example_display_name.py
[2024-10-08T09:15:01.582+0000] {processor.py:914} INFO - Processing file /root/miniconda3/envs/project/lib/python3.8/site-packages/airflow/example_dags/example_display_name.py for tasks to queue
[2024-10-08T09:15:01.586+0000] {logging_mixin.py:190} INFO - [2024-10-08T09:15:01.585+0000] {dagbag.py:588} INFO - Filling up the DagBag from /root/miniconda3/envs/project/lib/python3.8/site-packages/airflow/example_dags/example_display_name.py
[2024-10-08T09:15:01.598+0000] {processor.py:925} INFO - DAG(s) 'example_display_name' retrieved from /root/miniconda3/envs/project/lib/python3.8/site-packages/airflow/example_dags/example_display_name.py
[2024-10-08T09:15:01.620+0000] {logging_mixin.py:190} INFO - [2024-10-08T09:15:01.620+0000] {dag.py:3239} INFO - Sync 1 DAGs
[2024-10-08T09:15:01.638+0000] {logging_mixin.py:190} INFO - [2024-10-08T09:15:01.638+0000] {dag.py:4180} INFO - Setting next_dagrun for example_display_name to None, run_after=None
[2024-10-08T09:15:01.670+0000] {processor.py:208} INFO - Processing /root/miniconda3/envs/project/lib/python3.8/site-packages/airflow/example_dags/example_display_name.py took 0.102 seconds
[2024-10-08T09:16:17.463+0000] {processor.py:186} INFO - Started process (PID=223016) to work on /root/miniconda3/envs/project/lib/python3.8/site-packages/airflow/example_dags/example_display_name.py
[2024-10-08T09:16:17.467+0000] {processor.py:914} INFO - Processing file /root/miniconda3/envs/project/lib/python3.8/site-packages/airflow/example_dags/example_display_name.py for tasks to queue
[2024-10-08T09:16:17.470+0000] {logging_mixin.py:190} INFO - [2024-10-08T09:16:17.470+0000] {dagbag.py:588} INFO - Filling up the DagBag from /root/miniconda3/envs/project/lib/python3.8/site-packages/airflow/example_dags/example_display_name.py
[2024-10-08T09:16:17.482+0000] {processor.py:925} INFO - DAG(s) 'example_display_name' retrieved from /root/miniconda3/envs/project/lib/python3.8/site-packages/airflow/example_dags/example_display_name.py
[2024-10-08T09:16:17.504+0000] {logging_mixin.py:190} INFO - [2024-10-08T09:16:17.504+0000] {dag.py:3239} INFO - Sync 1 DAGs
[2024-10-08T09:16:17.522+0000] {logging_mixin.py:190} INFO - [2024-10-08T09:16:17.522+0000] {dag.py:4180} INFO - Setting next_dagrun for example_display_name to None, run_after=None
[2024-10-08T09:16:17.557+0000] {processor.py:208} INFO - Processing /root/miniconda3/envs/project/lib/python3.8/site-packages/airflow/example_dags/example_display_name.py took 0.103 seconds
[2024-10-08T09:17:27.634+0000] {processor.py:186} INFO - Started process (PID=223247) to work on /root/miniconda3/envs/project/lib/python3.8/site-packages/airflow/example_dags/example_display_name.py
[2024-10-08T09:17:27.637+0000] {processor.py:914} INFO - Processing file /root/miniconda3/envs/project/lib/python3.8/site-packages/airflow/example_dags/example_display_name.py for tasks to queue
[2024-10-08T09:17:27.641+0000] {logging_mixin.py:190} INFO - [2024-10-08T09:17:27.640+0000] {dagbag.py:588} INFO - Filling up the DagBag from /root/miniconda3/envs/project/lib/python3.8/site-packages/airflow/example_dags/example_display_name.py
[2024-10-08T09:17:27.653+0000] {processor.py:925} INFO - DAG(s) 'example_display_name' retrieved from /root/miniconda3/envs/project/lib/python3.8/site-packages/airflow/example_dags/example_display_name.py
[2024-10-08T09:17:27.676+0000] {logging_mixin.py:190} INFO - [2024-10-08T09:17:27.675+0000] {dag.py:3239} INFO - Sync 1 DAGs
[2024-10-08T09:17:27.694+0000] {logging_mixin.py:190} INFO - [2024-10-08T09:17:27.694+0000] {dag.py:4180} INFO - Setting next_dagrun for example_display_name to None, run_after=None
[2024-10-08T09:17:27.728+0000] {processor.py:208} INFO - Processing /root/miniconda3/envs/project/lib/python3.8/site-packages/airflow/example_dags/example_display_name.py took 0.106 seconds
[2024-10-08T09:18:36.845+0000] {processor.py:186} INFO - Started process (PID=223475) to work on /root/miniconda3/envs/project/lib/python3.8/site-packages/airflow/example_dags/example_display_name.py
[2024-10-08T09:18:36.848+0000] {processor.py:914} INFO - Processing file /root/miniconda3/envs/project/lib/python3.8/site-packages/airflow/example_dags/example_display_name.py for tasks to queue
[2024-10-08T09:18:36.852+0000] {logging_mixin.py:190} INFO - [2024-10-08T09:18:36.851+0000] {dagbag.py:588} INFO - Filling up the DagBag from /root/miniconda3/envs/project/lib/python3.8/site-packages/airflow/example_dags/example_display_name.py
[2024-10-08T09:18:36.864+0000] {processor.py:925} INFO - DAG(s) 'example_display_name' retrieved from /root/miniconda3/envs/project/lib/python3.8/site-packages/airflow/example_dags/example_display_name.py
[2024-10-08T09:18:36.887+0000] {logging_mixin.py:190} INFO - [2024-10-08T09:18:36.887+0000] {dag.py:3239} INFO - Sync 1 DAGs
[2024-10-08T09:18:36.905+0000] {logging_mixin.py:190} INFO - [2024-10-08T09:18:36.905+0000] {dag.py:4180} INFO - Setting next_dagrun for example_display_name to None, run_after=None
[2024-10-08T09:18:36.940+0000] {processor.py:208} INFO - Processing /root/miniconda3/envs/project/lib/python3.8/site-packages/airflow/example_dags/example_display_name.py took 0.105 seconds
[2024-10-08T09:19:50.257+0000] {processor.py:186} INFO - Started process (PID=223766) to work on /root/miniconda3/envs/project/lib/python3.8/site-packages/airflow/example_dags/example_display_name.py
[2024-10-08T09:19:50.260+0000] {processor.py:914} INFO - Processing file /root/miniconda3/envs/project/lib/python3.8/site-packages/airflow/example_dags/example_display_name.py for tasks to queue
[2024-10-08T09:19:50.264+0000] {logging_mixin.py:190} INFO - [2024-10-08T09:19:50.263+0000] {dagbag.py:588} INFO - Filling up the DagBag from /root/miniconda3/envs/project/lib/python3.8/site-packages/airflow/example_dags/example_display_name.py
[2024-10-08T09:19:50.276+0000] {processor.py:925} INFO - DAG(s) 'example_display_name' retrieved from /root/miniconda3/envs/project/lib/python3.8/site-packages/airflow/example_dags/example_display_name.py
[2024-10-08T09:19:50.299+0000] {logging_mixin.py:190} INFO - [2024-10-08T09:19:50.299+0000] {dag.py:3239} INFO - Sync 1 DAGs
[2024-10-08T09:19:50.318+0000] {logging_mixin.py:190} INFO - [2024-10-08T09:19:50.318+0000] {dag.py:4180} INFO - Setting next_dagrun for example_display_name to None, run_after=None
[2024-10-08T09:19:50.354+0000] {processor.py:208} INFO - Processing /root/miniconda3/envs/project/lib/python3.8/site-packages/airflow/example_dags/example_display_name.py took 0.109 seconds
[2024-10-08T09:21:02.907+0000] {processor.py:186} INFO - Started process (PID=224061) to work on /root/miniconda3/envs/project/lib/python3.8/site-packages/airflow/example_dags/example_display_name.py
[2024-10-08T09:21:02.910+0000] {processor.py:914} INFO - Processing file /root/miniconda3/envs/project/lib/python3.8/site-packages/airflow/example_dags/example_display_name.py for tasks to queue
[2024-10-08T09:21:02.914+0000] {logging_mixin.py:190} INFO - [2024-10-08T09:21:02.913+0000] {dagbag.py:588} INFO - Filling up the DagBag from /root/miniconda3/envs/project/lib/python3.8/site-packages/airflow/example_dags/example_display_name.py
[2024-10-08T09:21:02.925+0000] {processor.py:925} INFO - DAG(s) 'example_display_name' retrieved from /root/miniconda3/envs/project/lib/python3.8/site-packages/airflow/example_dags/example_display_name.py
[2024-10-08T09:21:02.948+0000] {logging_mixin.py:190} INFO - [2024-10-08T09:21:02.948+0000] {dag.py:3239} INFO - Sync 1 DAGs
[2024-10-08T09:21:02.966+0000] {logging_mixin.py:190} INFO - [2024-10-08T09:21:02.966+0000] {dag.py:4180} INFO - Setting next_dagrun for example_display_name to None, run_after=None
[2024-10-08T09:21:02.997+0000] {processor.py:208} INFO - Processing /root/miniconda3/envs/project/lib/python3.8/site-packages/airflow/example_dags/example_display_name.py took 0.101 seconds
[2024-10-08T09:22:13.552+0000] {processor.py:186} INFO - Started process (PID=224288) to work on /root/miniconda3/envs/project/lib/python3.8/site-packages/airflow/example_dags/example_display_name.py
[2024-10-08T09:22:13.557+0000] {processor.py:914} INFO - Processing file /root/miniconda3/envs/project/lib/python3.8/site-packages/airflow/example_dags/example_display_name.py for tasks to queue
[2024-10-08T09:22:13.562+0000] {logging_mixin.py:190} INFO - [2024-10-08T09:22:13.561+0000] {dagbag.py:588} INFO - Filling up the DagBag from /root/miniconda3/envs/project/lib/python3.8/site-packages/airflow/example_dags/example_display_name.py
[2024-10-08T09:22:13.574+0000] {processor.py:925} INFO - DAG(s) 'example_display_name' retrieved from /root/miniconda3/envs/project/lib/python3.8/site-packages/airflow/example_dags/example_display_name.py
[2024-10-08T09:22:13.597+0000] {logging_mixin.py:190} INFO - [2024-10-08T09:22:13.597+0000] {dag.py:3239} INFO - Sync 1 DAGs
[2024-10-08T09:22:13.615+0000] {logging_mixin.py:190} INFO - [2024-10-08T09:22:13.615+0000] {dag.py:4180} INFO - Setting next_dagrun for example_display_name to None, run_after=None
[2024-10-08T09:22:13.647+0000] {processor.py:208} INFO - Processing /root/miniconda3/envs/project/lib/python3.8/site-packages/airflow/example_dags/example_display_name.py took 0.109 seconds
[2024-10-08T09:23:21.263+0000] {processor.py:186} INFO - Started process (PID=224493) to work on /root/miniconda3/envs/project/lib/python3.8/site-packages/airflow/example_dags/example_display_name.py
[2024-10-08T09:23:21.266+0000] {processor.py:914} INFO - Processing file /root/miniconda3/envs/project/lib/python3.8/site-packages/airflow/example_dags/example_display_name.py for tasks to queue
[2024-10-08T09:23:21.270+0000] {logging_mixin.py:190} INFO - [2024-10-08T09:23:21.269+0000] {dagbag.py:588} INFO - Filling up the DagBag from /root/miniconda3/envs/project/lib/python3.8/site-packages/airflow/example_dags/example_display_name.py
[2024-10-08T09:23:21.282+0000] {processor.py:925} INFO - DAG(s) 'example_display_name' retrieved from /root/miniconda3/envs/project/lib/python3.8/site-packages/airflow/example_dags/example_display_name.py
[2024-10-08T09:23:21.305+0000] {logging_mixin.py:190} INFO - [2024-10-08T09:23:21.304+0000] {dag.py:3239} INFO - Sync 1 DAGs
[2024-10-08T09:23:21.323+0000] {logging_mixin.py:190} INFO - [2024-10-08T09:23:21.323+0000] {dag.py:4180} INFO - Setting next_dagrun for example_display_name to None, run_after=None
[2024-10-08T09:23:21.359+0000] {processor.py:208} INFO - Processing /root/miniconda3/envs/project/lib/python3.8/site-packages/airflow/example_dags/example_display_name.py took 0.107 seconds
[2024-10-08T09:24:32.852+0000] {processor.py:186} INFO - Started process (PID=224931) to work on /root/miniconda3/envs/project/lib/python3.8/site-packages/airflow/example_dags/example_display_name.py
[2024-10-08T09:24:32.855+0000] {processor.py:914} INFO - Processing file /root/miniconda3/envs/project/lib/python3.8/site-packages/airflow/example_dags/example_display_name.py for tasks to queue
[2024-10-08T09:24:32.858+0000] {logging_mixin.py:190} INFO - [2024-10-08T09:24:32.857+0000] {dagbag.py:588} INFO - Filling up the DagBag from /root/miniconda3/envs/project/lib/python3.8/site-packages/airflow/example_dags/example_display_name.py
[2024-10-08T09:24:32.870+0000] {processor.py:925} INFO - DAG(s) 'example_display_name' retrieved from /root/miniconda3/envs/project/lib/python3.8/site-packages/airflow/example_dags/example_display_name.py
[2024-10-08T09:24:32.892+0000] {logging_mixin.py:190} INFO - [2024-10-08T09:24:32.892+0000] {dag.py:3239} INFO - Sync 1 DAGs
[2024-10-08T09:24:32.910+0000] {logging_mixin.py:190} INFO - [2024-10-08T09:24:32.910+0000] {dag.py:4180} INFO - Setting next_dagrun for example_display_name to None, run_after=None
[2024-10-08T09:24:32.941+0000] {processor.py:208} INFO - Processing /root/miniconda3/envs/project/lib/python3.8/site-packages/airflow/example_dags/example_display_name.py took 0.101 seconds
[2024-10-08T09:25:43.266+0000] {processor.py:186} INFO - Started process (PID=225474) to work on /root/miniconda3/envs/project/lib/python3.8/site-packages/airflow/example_dags/example_display_name.py
[2024-10-08T09:25:43.270+0000] {processor.py:914} INFO - Processing file /root/miniconda3/envs/project/lib/python3.8/site-packages/airflow/example_dags/example_display_name.py for tasks to queue
[2024-10-08T09:25:43.273+0000] {logging_mixin.py:190} INFO - [2024-10-08T09:25:43.273+0000] {dagbag.py:588} INFO - Filling up the DagBag from /root/miniconda3/envs/project/lib/python3.8/site-packages/airflow/example_dags/example_display_name.py
[2024-10-08T09:25:43.285+0000] {processor.py:925} INFO - DAG(s) 'example_display_name' retrieved from /root/miniconda3/envs/project/lib/python3.8/site-packages/airflow/example_dags/example_display_name.py
[2024-10-08T09:25:43.308+0000] {logging_mixin.py:190} INFO - [2024-10-08T09:25:43.308+0000] {dag.py:3239} INFO - Sync 1 DAGs
[2024-10-08T09:25:43.327+0000] {logging_mixin.py:190} INFO - [2024-10-08T09:25:43.326+0000] {dag.py:4180} INFO - Setting next_dagrun for example_display_name to None, run_after=None
[2024-10-08T09:25:43.360+0000] {processor.py:208} INFO - Processing /root/miniconda3/envs/project/lib/python3.8/site-packages/airflow/example_dags/example_display_name.py took 0.103 seconds
[2024-10-08T09:26:54.341+0000] {processor.py:186} INFO - Started process (PID=225971) to work on /root/miniconda3/envs/project/lib/python3.8/site-packages/airflow/example_dags/example_display_name.py
[2024-10-08T09:26:54.344+0000] {processor.py:914} INFO - Processing file /root/miniconda3/envs/project/lib/python3.8/site-packages/airflow/example_dags/example_display_name.py for tasks to queue
[2024-10-08T09:26:54.348+0000] {logging_mixin.py:190} INFO - [2024-10-08T09:26:54.347+0000] {dagbag.py:588} INFO - Filling up the DagBag from /root/miniconda3/envs/project/lib/python3.8/site-packages/airflow/example_dags/example_display_name.py
[2024-10-08T09:26:54.360+0000] {processor.py:925} INFO - DAG(s) 'example_display_name' retrieved from /root/miniconda3/envs/project/lib/python3.8/site-packages/airflow/example_dags/example_display_name.py
[2024-10-08T09:26:54.383+0000] {logging_mixin.py:190} INFO - [2024-10-08T09:26:54.382+0000] {dag.py:3239} INFO - Sync 1 DAGs
[2024-10-08T09:26:54.401+0000] {logging_mixin.py:190} INFO - [2024-10-08T09:26:54.401+0000] {dag.py:4180} INFO - Setting next_dagrun for example_display_name to None, run_after=None
[2024-10-08T09:26:54.439+0000] {processor.py:208} INFO - Processing /root/miniconda3/envs/project/lib/python3.8/site-packages/airflow/example_dags/example_display_name.py took 0.107 seconds
[2024-10-08T09:28:05.791+0000] {processor.py:186} INFO - Started process (PID=226452) to work on /root/miniconda3/envs/project/lib/python3.8/site-packages/airflow/example_dags/example_display_name.py
[2024-10-08T09:28:05.795+0000] {processor.py:914} INFO - Processing file /root/miniconda3/envs/project/lib/python3.8/site-packages/airflow/example_dags/example_display_name.py for tasks to queue
[2024-10-08T09:28:05.798+0000] {logging_mixin.py:190} INFO - [2024-10-08T09:28:05.798+0000] {dagbag.py:588} INFO - Filling up the DagBag from /root/miniconda3/envs/project/lib/python3.8/site-packages/airflow/example_dags/example_display_name.py
[2024-10-08T09:28:05.810+0000] {processor.py:925} INFO - DAG(s) 'example_display_name' retrieved from /root/miniconda3/envs/project/lib/python3.8/site-packages/airflow/example_dags/example_display_name.py
[2024-10-08T09:28:05.834+0000] {logging_mixin.py:190} INFO - [2024-10-08T09:28:05.834+0000] {dag.py:3239} INFO - Sync 1 DAGs
[2024-10-08T09:28:05.853+0000] {logging_mixin.py:190} INFO - [2024-10-08T09:28:05.853+0000] {dag.py:4180} INFO - Setting next_dagrun for example_display_name to None, run_after=None
[2024-10-08T09:28:05.886+0000] {processor.py:208} INFO - Processing /root/miniconda3/envs/project/lib/python3.8/site-packages/airflow/example_dags/example_display_name.py took 0.107 seconds
[2024-10-08T09:29:20.794+0000] {processor.py:186} INFO - Started process (PID=226978) to work on /root/miniconda3/envs/project/lib/python3.8/site-packages/airflow/example_dags/example_display_name.py
[2024-10-08T09:29:20.797+0000] {processor.py:914} INFO - Processing file /root/miniconda3/envs/project/lib/python3.8/site-packages/airflow/example_dags/example_display_name.py for tasks to queue
[2024-10-08T09:29:20.800+0000] {logging_mixin.py:190} INFO - [2024-10-08T09:29:20.800+0000] {dagbag.py:588} INFO - Filling up the DagBag from /root/miniconda3/envs/project/lib/python3.8/site-packages/airflow/example_dags/example_display_name.py
[2024-10-08T09:29:20.814+0000] {processor.py:925} INFO - DAG(s) 'example_display_name' retrieved from /root/miniconda3/envs/project/lib/python3.8/site-packages/airflow/example_dags/example_display_name.py
[2024-10-08T09:29:20.964+0000] {logging_mixin.py:190} INFO - [2024-10-08T09:29:20.963+0000] {dag.py:3239} INFO - Sync 1 DAGs
[2024-10-08T09:29:20.980+0000] {logging_mixin.py:190} INFO - [2024-10-08T09:29:20.979+0000] {dag.py:4180} INFO - Setting next_dagrun for example_display_name to None, run_after=None
[2024-10-08T09:29:21.014+0000] {processor.py:208} INFO - Processing /root/miniconda3/envs/project/lib/python3.8/site-packages/airflow/example_dags/example_display_name.py took 0.231 seconds
[2024-10-08T09:30:46.266+0000] {processor.py:186} INFO - Started process (PID=227979) to work on /root/miniconda3/envs/project/lib/python3.8/site-packages/airflow/example_dags/example_display_name.py
[2024-10-08T09:30:46.269+0000] {processor.py:914} INFO - Processing file /root/miniconda3/envs/project/lib/python3.8/site-packages/airflow/example_dags/example_display_name.py for tasks to queue
[2024-10-08T09:30:46.273+0000] {logging_mixin.py:190} INFO - [2024-10-08T09:30:46.272+0000] {dagbag.py:588} INFO - Filling up the DagBag from /root/miniconda3/envs/project/lib/python3.8/site-packages/airflow/example_dags/example_display_name.py
[2024-10-08T09:30:46.285+0000] {processor.py:925} INFO - DAG(s) 'example_display_name' retrieved from /root/miniconda3/envs/project/lib/python3.8/site-packages/airflow/example_dags/example_display_name.py
[2024-10-08T09:30:46.419+0000] {logging_mixin.py:190} INFO - [2024-10-08T09:30:46.418+0000] {dag.py:3239} INFO - Sync 1 DAGs
[2024-10-08T09:30:46.434+0000] {logging_mixin.py:190} INFO - [2024-10-08T09:30:46.434+0000] {dag.py:4180} INFO - Setting next_dagrun for example_display_name to None, run_after=None
[2024-10-08T09:30:46.468+0000] {processor.py:208} INFO - Processing /root/miniconda3/envs/project/lib/python3.8/site-packages/airflow/example_dags/example_display_name.py took 0.213 seconds
[2024-10-08T09:32:15.777+0000] {processor.py:186} INFO - Started process (PID=229021) to work on /root/miniconda3/envs/project/lib/python3.8/site-packages/airflow/example_dags/example_display_name.py
[2024-10-08T09:32:15.780+0000] {processor.py:914} INFO - Processing file /root/miniconda3/envs/project/lib/python3.8/site-packages/airflow/example_dags/example_display_name.py for tasks to queue
[2024-10-08T09:32:15.784+0000] {logging_mixin.py:190} INFO - [2024-10-08T09:32:15.783+0000] {dagbag.py:588} INFO - Filling up the DagBag from /root/miniconda3/envs/project/lib/python3.8/site-packages/airflow/example_dags/example_display_name.py
[2024-10-08T09:32:15.795+0000] {processor.py:925} INFO - DAG(s) 'example_display_name' retrieved from /root/miniconda3/envs/project/lib/python3.8/site-packages/airflow/example_dags/example_display_name.py
[2024-10-08T09:32:15.828+0000] {logging_mixin.py:190} INFO - [2024-10-08T09:32:15.828+0000] {dag.py:3239} INFO - Sync 1 DAGs
[2024-10-08T09:32:15.847+0000] {logging_mixin.py:190} INFO - [2024-10-08T09:32:15.847+0000] {dag.py:4180} INFO - Setting next_dagrun for example_display_name to None, run_after=None
[2024-10-08T09:32:15.876+0000] {processor.py:208} INFO - Processing /root/miniconda3/envs/project/lib/python3.8/site-packages/airflow/example_dags/example_display_name.py took 0.109 seconds
[2024-10-08T09:33:27.467+0000] {processor.py:186} INFO - Started process (PID=229353) to work on /root/miniconda3/envs/project/lib/python3.8/site-packages/airflow/example_dags/example_display_name.py
[2024-10-08T09:33:27.469+0000] {processor.py:914} INFO - Processing file /root/miniconda3/envs/project/lib/python3.8/site-packages/airflow/example_dags/example_display_name.py for tasks to queue
[2024-10-08T09:33:27.472+0000] {logging_mixin.py:190} INFO - [2024-10-08T09:33:27.472+0000] {dagbag.py:588} INFO - Filling up the DagBag from /root/miniconda3/envs/project/lib/python3.8/site-packages/airflow/example_dags/example_display_name.py
[2024-10-08T09:33:27.484+0000] {processor.py:925} INFO - DAG(s) 'example_display_name' retrieved from /root/miniconda3/envs/project/lib/python3.8/site-packages/airflow/example_dags/example_display_name.py
[2024-10-08T09:33:27.506+0000] {logging_mixin.py:190} INFO - [2024-10-08T09:33:27.506+0000] {dag.py:3239} INFO - Sync 1 DAGs
[2024-10-08T09:33:27.524+0000] {logging_mixin.py:190} INFO - [2024-10-08T09:33:27.523+0000] {dag.py:4180} INFO - Setting next_dagrun for example_display_name to None, run_after=None
[2024-10-08T09:33:27.555+0000] {processor.py:208} INFO - Processing /root/miniconda3/envs/project/lib/python3.8/site-packages/airflow/example_dags/example_display_name.py took 0.097 seconds
