[2024-10-08T07:57:39.910+0000] {processor.py:186} INFO - Started process (PID=207134) to work on /root/miniconda3/envs/project/lib/python3.8/site-packages/airflow/example_dags/example_params_ui_tutorial.py
[2024-10-08T07:57:39.911+0000] {processor.py:914} INFO - Processing file /root/miniconda3/envs/project/lib/python3.8/site-packages/airflow/example_dags/example_params_ui_tutorial.py for tasks to queue
[2024-10-08T07:57:39.914+0000] {logging_mixin.py:190} INFO - [2024-10-08T07:57:39.914+0000] {dagbag.py:588} INFO - Filling up the DagBag from /root/miniconda3/envs/project/lib/python3.8/site-packages/airflow/example_dags/example_params_ui_tutorial.py
[2024-10-08T07:57:39.928+0000] {processor.py:925} INFO - DAG(s) 'example_params_ui_tutorial' retrieved from /root/miniconda3/envs/project/lib/python3.8/site-packages/airflow/example_dags/example_params_ui_tutorial.py
[2024-10-08T07:57:40.117+0000] {logging_mixin.py:190} INFO - [2024-10-08T07:57:40.117+0000] {override.py:1901} INFO - Created Permission View: can delete on DAG:example_params_ui_tutorial
[2024-10-08T07:57:40.140+0000] {logging_mixin.py:190} INFO - [2024-10-08T07:57:40.139+0000] {override.py:1901} INFO - Created Permission View: can read on DAG:example_params_ui_tutorial
[2024-10-08T07:57:40.154+0000] {logging_mixin.py:190} INFO - [2024-10-08T07:57:40.154+0000] {override.py:1901} INFO - Created Permission View: can edit on DAG:example_params_ui_tutorial
[2024-10-08T07:57:40.179+0000] {logging_mixin.py:190} INFO - [2024-10-08T07:57:40.178+0000] {override.py:1901} INFO - Created Permission View: can delete on DAG Run:example_params_ui_tutorial
[2024-10-08T07:57:40.198+0000] {logging_mixin.py:190} INFO - [2024-10-08T07:57:40.198+0000] {override.py:1901} INFO - Created Permission View: menu access on DAG Run:example_params_ui_tutorial
[2024-10-08T07:57:40.212+0000] {logging_mixin.py:190} INFO - [2024-10-08T07:57:40.212+0000] {override.py:1901} INFO - Created Permission View: can create on DAG Run:example_params_ui_tutorial
[2024-10-08T07:57:40.228+0000] {logging_mixin.py:190} INFO - [2024-10-08T07:57:40.227+0000] {override.py:1901} INFO - Created Permission View: can read on DAG Run:example_params_ui_tutorial
[2024-10-08T07:57:40.228+0000] {logging_mixin.py:190} INFO - [2024-10-08T07:57:40.228+0000] {dag.py:3239} INFO - Sync 1 DAGs
[2024-10-08T07:57:40.247+0000] {logging_mixin.py:190} INFO - [2024-10-08T07:57:40.247+0000] {dag.py:3262} INFO - Creating ORM DAG for example_params_ui_tutorial
[2024-10-08T07:57:40.248+0000] {logging_mixin.py:190} INFO - [2024-10-08T07:57:40.247+0000] {dag.py:4180} INFO - Setting next_dagrun for example_params_ui_tutorial to None, run_after=None
[2024-10-08T07:57:40.283+0000] {processor.py:208} INFO - Processing /root/miniconda3/envs/project/lib/python3.8/site-packages/airflow/example_dags/example_params_ui_tutorial.py took 0.384 seconds
[2024-10-08T07:58:51.396+0000] {processor.py:186} INFO - Started process (PID=207333) to work on /root/miniconda3/envs/project/lib/python3.8/site-packages/airflow/example_dags/example_params_ui_tutorial.py
[2024-10-08T07:58:51.399+0000] {processor.py:914} INFO - Processing file /root/miniconda3/envs/project/lib/python3.8/site-packages/airflow/example_dags/example_params_ui_tutorial.py for tasks to queue
[2024-10-08T07:58:51.402+0000] {logging_mixin.py:190} INFO - [2024-10-08T07:58:51.401+0000] {dagbag.py:588} INFO - Filling up the DagBag from /root/miniconda3/envs/project/lib/python3.8/site-packages/airflow/example_dags/example_params_ui_tutorial.py
[2024-10-08T07:58:51.416+0000] {processor.py:925} INFO - DAG(s) 'example_params_ui_tutorial' retrieved from /root/miniconda3/envs/project/lib/python3.8/site-packages/airflow/example_dags/example_params_ui_tutorial.py
[2024-10-08T07:58:51.491+0000] {logging_mixin.py:190} INFO - [2024-10-08T07:58:51.491+0000] {dag.py:3239} INFO - Sync 1 DAGs
[2024-10-08T07:58:51.509+0000] {logging_mixin.py:190} INFO - [2024-10-08T07:58:51.509+0000] {dag.py:4180} INFO - Setting next_dagrun for example_params_ui_tutorial to None, run_after=None
[2024-10-08T07:58:51.540+0000] {processor.py:208} INFO - Processing /root/miniconda3/envs/project/lib/python3.8/site-packages/airflow/example_dags/example_params_ui_tutorial.py took 0.156 seconds
[2024-10-08T08:00:03.896+0000] {processor.py:186} INFO - Started process (PID=207639) to work on /root/miniconda3/envs/project/lib/python3.8/site-packages/airflow/example_dags/example_params_ui_tutorial.py
[2024-10-08T08:00:03.899+0000] {processor.py:914} INFO - Processing file /root/miniconda3/envs/project/lib/python3.8/site-packages/airflow/example_dags/example_params_ui_tutorial.py for tasks to queue
[2024-10-08T08:00:03.902+0000] {logging_mixin.py:190} INFO - [2024-10-08T08:00:03.902+0000] {dagbag.py:588} INFO - Filling up the DagBag from /root/miniconda3/envs/project/lib/python3.8/site-packages/airflow/example_dags/example_params_ui_tutorial.py
[2024-10-08T08:00:03.916+0000] {processor.py:925} INFO - DAG(s) 'example_params_ui_tutorial' retrieved from /root/miniconda3/envs/project/lib/python3.8/site-packages/airflow/example_dags/example_params_ui_tutorial.py
[2024-10-08T08:00:03.986+0000] {logging_mixin.py:190} INFO - [2024-10-08T08:00:03.986+0000] {dag.py:3239} INFO - Sync 1 DAGs
[2024-10-08T08:00:04.005+0000] {logging_mixin.py:190} INFO - [2024-10-08T08:00:04.004+0000] {dag.py:4180} INFO - Setting next_dagrun for example_params_ui_tutorial to None, run_after=None
[2024-10-08T08:00:04.037+0000] {processor.py:208} INFO - Processing /root/miniconda3/envs/project/lib/python3.8/site-packages/airflow/example_dags/example_params_ui_tutorial.py took 0.151 seconds
[2024-10-08T08:01:15.278+0000] {processor.py:186} INFO - Started process (PID=207984) to work on /root/miniconda3/envs/project/lib/python3.8/site-packages/airflow/example_dags/example_params_ui_tutorial.py
[2024-10-08T08:01:15.282+0000] {processor.py:914} INFO - Processing file /root/miniconda3/envs/project/lib/python3.8/site-packages/airflow/example_dags/example_params_ui_tutorial.py for tasks to queue
[2024-10-08T08:01:15.285+0000] {logging_mixin.py:190} INFO - [2024-10-08T08:01:15.284+0000] {dagbag.py:588} INFO - Filling up the DagBag from /root/miniconda3/envs/project/lib/python3.8/site-packages/airflow/example_dags/example_params_ui_tutorial.py
[2024-10-08T08:01:15.300+0000] {processor.py:925} INFO - DAG(s) 'example_params_ui_tutorial' retrieved from /root/miniconda3/envs/project/lib/python3.8/site-packages/airflow/example_dags/example_params_ui_tutorial.py
[2024-10-08T08:01:15.371+0000] {logging_mixin.py:190} INFO - [2024-10-08T08:01:15.371+0000] {dag.py:3239} INFO - Sync 1 DAGs
[2024-10-08T08:01:15.390+0000] {logging_mixin.py:190} INFO - [2024-10-08T08:01:15.390+0000] {dag.py:4180} INFO - Setting next_dagrun for example_params_ui_tutorial to None, run_after=None
[2024-10-08T08:01:15.424+0000] {processor.py:208} INFO - Processing /root/miniconda3/envs/project/lib/python3.8/site-packages/airflow/example_dags/example_params_ui_tutorial.py took 0.156 seconds
[2024-10-08T08:02:28.438+0000] {processor.py:186} INFO - Started process (PID=208238) to work on /root/miniconda3/envs/project/lib/python3.8/site-packages/airflow/example_dags/example_params_ui_tutorial.py
[2024-10-08T08:02:28.441+0000] {processor.py:914} INFO - Processing file /root/miniconda3/envs/project/lib/python3.8/site-packages/airflow/example_dags/example_params_ui_tutorial.py for tasks to queue
[2024-10-08T08:02:28.444+0000] {logging_mixin.py:190} INFO - [2024-10-08T08:02:28.443+0000] {dagbag.py:588} INFO - Filling up the DagBag from /root/miniconda3/envs/project/lib/python3.8/site-packages/airflow/example_dags/example_params_ui_tutorial.py
[2024-10-08T08:02:28.458+0000] {processor.py:925} INFO - DAG(s) 'example_params_ui_tutorial' retrieved from /root/miniconda3/envs/project/lib/python3.8/site-packages/airflow/example_dags/example_params_ui_tutorial.py
[2024-10-08T08:02:28.528+0000] {logging_mixin.py:190} INFO - [2024-10-08T08:02:28.528+0000] {dag.py:3239} INFO - Sync 1 DAGs
[2024-10-08T08:02:28.547+0000] {logging_mixin.py:190} INFO - [2024-10-08T08:02:28.547+0000] {dag.py:4180} INFO - Setting next_dagrun for example_params_ui_tutorial to None, run_after=None
[2024-10-08T08:02:28.582+0000] {processor.py:208} INFO - Processing /root/miniconda3/envs/project/lib/python3.8/site-packages/airflow/example_dags/example_params_ui_tutorial.py took 0.154 seconds
[2024-10-08T08:03:39.201+0000] {processor.py:186} INFO - Started process (PID=208444) to work on /root/miniconda3/envs/project/lib/python3.8/site-packages/airflow/example_dags/example_params_ui_tutorial.py
[2024-10-08T08:03:39.204+0000] {processor.py:914} INFO - Processing file /root/miniconda3/envs/project/lib/python3.8/site-packages/airflow/example_dags/example_params_ui_tutorial.py for tasks to queue
[2024-10-08T08:03:39.207+0000] {logging_mixin.py:190} INFO - [2024-10-08T08:03:39.206+0000] {dagbag.py:588} INFO - Filling up the DagBag from /root/miniconda3/envs/project/lib/python3.8/site-packages/airflow/example_dags/example_params_ui_tutorial.py
[2024-10-08T08:03:39.221+0000] {processor.py:925} INFO - DAG(s) 'example_params_ui_tutorial' retrieved from /root/miniconda3/envs/project/lib/python3.8/site-packages/airflow/example_dags/example_params_ui_tutorial.py
[2024-10-08T08:03:39.291+0000] {logging_mixin.py:190} INFO - [2024-10-08T08:03:39.290+0000] {dag.py:3239} INFO - Sync 1 DAGs
[2024-10-08T08:03:39.309+0000] {logging_mixin.py:190} INFO - [2024-10-08T08:03:39.309+0000] {dag.py:4180} INFO - Setting next_dagrun for example_params_ui_tutorial to None, run_after=None
[2024-10-08T08:03:39.341+0000] {processor.py:208} INFO - Processing /root/miniconda3/envs/project/lib/python3.8/site-packages/airflow/example_dags/example_params_ui_tutorial.py took 0.151 seconds
[2024-10-08T08:04:46.942+0000] {processor.py:186} INFO - Started process (PID=208649) to work on /root/miniconda3/envs/project/lib/python3.8/site-packages/airflow/example_dags/example_params_ui_tutorial.py
[2024-10-08T08:04:46.945+0000] {processor.py:914} INFO - Processing file /root/miniconda3/envs/project/lib/python3.8/site-packages/airflow/example_dags/example_params_ui_tutorial.py for tasks to queue
[2024-10-08T08:04:46.949+0000] {logging_mixin.py:190} INFO - [2024-10-08T08:04:46.948+0000] {dagbag.py:588} INFO - Filling up the DagBag from /root/miniconda3/envs/project/lib/python3.8/site-packages/airflow/example_dags/example_params_ui_tutorial.py
[2024-10-08T08:04:46.964+0000] {processor.py:925} INFO - DAG(s) 'example_params_ui_tutorial' retrieved from /root/miniconda3/envs/project/lib/python3.8/site-packages/airflow/example_dags/example_params_ui_tutorial.py
[2024-10-08T08:04:47.037+0000] {logging_mixin.py:190} INFO - [2024-10-08T08:04:47.037+0000] {dag.py:3239} INFO - Sync 1 DAGs
[2024-10-08T08:04:47.055+0000] {logging_mixin.py:190} INFO - [2024-10-08T08:04:47.055+0000] {dag.py:4180} INFO - Setting next_dagrun for example_params_ui_tutorial to None, run_after=None
[2024-10-08T08:04:47.087+0000] {processor.py:208} INFO - Processing /root/miniconda3/envs/project/lib/python3.8/site-packages/airflow/example_dags/example_params_ui_tutorial.py took 0.157 seconds
[2024-10-08T08:05:48.033+0000] {processor.py:186} INFO - Started process (PID=208831) to work on /root/miniconda3/envs/project/lib/python3.8/site-packages/airflow/example_dags/example_params_ui_tutorial.py
[2024-10-08T08:05:48.036+0000] {processor.py:914} INFO - Processing file /root/miniconda3/envs/project/lib/python3.8/site-packages/airflow/example_dags/example_params_ui_tutorial.py for tasks to queue
[2024-10-08T08:05:48.040+0000] {logging_mixin.py:190} INFO - [2024-10-08T08:05:48.040+0000] {dagbag.py:588} INFO - Filling up the DagBag from /root/miniconda3/envs/project/lib/python3.8/site-packages/airflow/example_dags/example_params_ui_tutorial.py
[2024-10-08T08:05:48.055+0000] {processor.py:925} INFO - DAG(s) 'example_params_ui_tutorial' retrieved from /root/miniconda3/envs/project/lib/python3.8/site-packages/airflow/example_dags/example_params_ui_tutorial.py
[2024-10-08T08:05:48.126+0000] {logging_mixin.py:190} INFO - [2024-10-08T08:05:48.126+0000] {dag.py:3239} INFO - Sync 1 DAGs
[2024-10-08T08:05:48.145+0000] {logging_mixin.py:190} INFO - [2024-10-08T08:05:48.144+0000] {dag.py:4180} INFO - Setting next_dagrun for example_params_ui_tutorial to None, run_after=None
[2024-10-08T08:05:48.175+0000] {processor.py:208} INFO - Processing /root/miniconda3/envs/project/lib/python3.8/site-packages/airflow/example_dags/example_params_ui_tutorial.py took 0.154 seconds
[2024-10-08T08:06:49.821+0000] {processor.py:186} INFO - Started process (PID=209013) to work on /root/miniconda3/envs/project/lib/python3.8/site-packages/airflow/example_dags/example_params_ui_tutorial.py
[2024-10-08T08:06:49.824+0000] {processor.py:914} INFO - Processing file /root/miniconda3/envs/project/lib/python3.8/site-packages/airflow/example_dags/example_params_ui_tutorial.py for tasks to queue
[2024-10-08T08:06:49.828+0000] {logging_mixin.py:190} INFO - [2024-10-08T08:06:49.827+0000] {dagbag.py:588} INFO - Filling up the DagBag from /root/miniconda3/envs/project/lib/python3.8/site-packages/airflow/example_dags/example_params_ui_tutorial.py
[2024-10-08T08:06:49.843+0000] {processor.py:925} INFO - DAG(s) 'example_params_ui_tutorial' retrieved from /root/miniconda3/envs/project/lib/python3.8/site-packages/airflow/example_dags/example_params_ui_tutorial.py
[2024-10-08T08:06:49.913+0000] {logging_mixin.py:190} INFO - [2024-10-08T08:06:49.913+0000] {dag.py:3239} INFO - Sync 1 DAGs
[2024-10-08T08:06:49.932+0000] {logging_mixin.py:190} INFO - [2024-10-08T08:06:49.931+0000] {dag.py:4180} INFO - Setting next_dagrun for example_params_ui_tutorial to None, run_after=None
[2024-10-08T08:06:49.966+0000] {processor.py:208} INFO - Processing /root/miniconda3/envs/project/lib/python3.8/site-packages/airflow/example_dags/example_params_ui_tutorial.py took 0.157 seconds
[2024-10-08T08:07:59.599+0000] {processor.py:186} INFO - Started process (PID=209306) to work on /root/miniconda3/envs/project/lib/python3.8/site-packages/airflow/example_dags/example_params_ui_tutorial.py
[2024-10-08T08:07:59.603+0000] {processor.py:914} INFO - Processing file /root/miniconda3/envs/project/lib/python3.8/site-packages/airflow/example_dags/example_params_ui_tutorial.py for tasks to queue
[2024-10-08T08:07:59.608+0000] {logging_mixin.py:190} INFO - [2024-10-08T08:07:59.607+0000] {dagbag.py:588} INFO - Filling up the DagBag from /root/miniconda3/envs/project/lib/python3.8/site-packages/airflow/example_dags/example_params_ui_tutorial.py
[2024-10-08T08:07:59.624+0000] {processor.py:925} INFO - DAG(s) 'example_params_ui_tutorial' retrieved from /root/miniconda3/envs/project/lib/python3.8/site-packages/airflow/example_dags/example_params_ui_tutorial.py
[2024-10-08T08:07:59.697+0000] {logging_mixin.py:190} INFO - [2024-10-08T08:07:59.697+0000] {dag.py:3239} INFO - Sync 1 DAGs
[2024-10-08T08:07:59.715+0000] {logging_mixin.py:190} INFO - [2024-10-08T08:07:59.715+0000] {dag.py:4180} INFO - Setting next_dagrun for example_params_ui_tutorial to None, run_after=None
[2024-10-08T08:07:59.752+0000] {processor.py:208} INFO - Processing /root/miniconda3/envs/project/lib/python3.8/site-packages/airflow/example_dags/example_params_ui_tutorial.py took 0.163 seconds
[2024-10-08T08:10:10.031+0000] {processor.py:186} INFO - Started process (PID=210089) to work on /root/miniconda3/envs/project/lib/python3.8/site-packages/airflow/example_dags/example_params_ui_tutorial.py
[2024-10-08T08:10:10.034+0000] {processor.py:914} INFO - Processing file /root/miniconda3/envs/project/lib/python3.8/site-packages/airflow/example_dags/example_params_ui_tutorial.py for tasks to queue
[2024-10-08T08:10:10.038+0000] {logging_mixin.py:190} INFO - [2024-10-08T08:10:10.037+0000] {dagbag.py:588} INFO - Filling up the DagBag from /root/miniconda3/envs/project/lib/python3.8/site-packages/airflow/example_dags/example_params_ui_tutorial.py
[2024-10-08T08:10:10.052+0000] {processor.py:925} INFO - DAG(s) 'example_params_ui_tutorial' retrieved from /root/miniconda3/envs/project/lib/python3.8/site-packages/airflow/example_dags/example_params_ui_tutorial.py
[2024-10-08T08:10:10.123+0000] {logging_mixin.py:190} INFO - [2024-10-08T08:10:10.122+0000] {dag.py:3239} INFO - Sync 1 DAGs
[2024-10-08T08:10:10.142+0000] {logging_mixin.py:190} INFO - [2024-10-08T08:10:10.142+0000] {dag.py:4180} INFO - Setting next_dagrun for example_params_ui_tutorial to None, run_after=None
[2024-10-08T08:10:10.172+0000] {processor.py:208} INFO - Processing /root/miniconda3/envs/project/lib/python3.8/site-packages/airflow/example_dags/example_params_ui_tutorial.py took 0.152 seconds
[2024-10-08T08:13:12.466+0000] {processor.py:186} INFO - Started process (PID=211101) to work on /root/miniconda3/envs/project/lib/python3.8/site-packages/airflow/example_dags/example_params_ui_tutorial.py
[2024-10-08T08:13:12.469+0000] {processor.py:914} INFO - Processing file /root/miniconda3/envs/project/lib/python3.8/site-packages/airflow/example_dags/example_params_ui_tutorial.py for tasks to queue
[2024-10-08T08:13:12.472+0000] {logging_mixin.py:190} INFO - [2024-10-08T08:13:12.471+0000] {dagbag.py:588} INFO - Filling up the DagBag from /root/miniconda3/envs/project/lib/python3.8/site-packages/airflow/example_dags/example_params_ui_tutorial.py
[2024-10-08T08:13:12.485+0000] {processor.py:925} INFO - DAG(s) 'example_params_ui_tutorial' retrieved from /root/miniconda3/envs/project/lib/python3.8/site-packages/airflow/example_dags/example_params_ui_tutorial.py
[2024-10-08T08:13:12.554+0000] {logging_mixin.py:190} INFO - [2024-10-08T08:13:12.554+0000] {dag.py:3239} INFO - Sync 1 DAGs
[2024-10-08T08:13:12.573+0000] {logging_mixin.py:190} INFO - [2024-10-08T08:13:12.572+0000] {dag.py:4180} INFO - Setting next_dagrun for example_params_ui_tutorial to None, run_after=None
[2024-10-08T08:13:12.603+0000] {processor.py:208} INFO - Processing /root/miniconda3/envs/project/lib/python3.8/site-packages/airflow/example_dags/example_params_ui_tutorial.py took 0.146 seconds
[2024-10-08T08:14:22.666+0000] {processor.py:186} INFO - Started process (PID=211309) to work on /root/miniconda3/envs/project/lib/python3.8/site-packages/airflow/example_dags/example_params_ui_tutorial.py
[2024-10-08T08:14:22.669+0000] {processor.py:914} INFO - Processing file /root/miniconda3/envs/project/lib/python3.8/site-packages/airflow/example_dags/example_params_ui_tutorial.py for tasks to queue
[2024-10-08T08:14:22.672+0000] {logging_mixin.py:190} INFO - [2024-10-08T08:14:22.672+0000] {dagbag.py:588} INFO - Filling up the DagBag from /root/miniconda3/envs/project/lib/python3.8/site-packages/airflow/example_dags/example_params_ui_tutorial.py
[2024-10-08T08:14:22.691+0000] {processor.py:925} INFO - DAG(s) 'example_params_ui_tutorial' retrieved from /root/miniconda3/envs/project/lib/python3.8/site-packages/airflow/example_dags/example_params_ui_tutorial.py
[2024-10-08T08:14:22.759+0000] {logging_mixin.py:190} INFO - [2024-10-08T08:14:22.759+0000] {dag.py:3239} INFO - Sync 1 DAGs
[2024-10-08T08:14:22.777+0000] {logging_mixin.py:190} INFO - [2024-10-08T08:14:22.777+0000] {dag.py:4180} INFO - Setting next_dagrun for example_params_ui_tutorial to None, run_after=None
[2024-10-08T08:14:22.809+0000] {processor.py:208} INFO - Processing /root/miniconda3/envs/project/lib/python3.8/site-packages/airflow/example_dags/example_params_ui_tutorial.py took 0.154 seconds
[2024-10-08T08:15:29.497+0000] {processor.py:186} INFO - Started process (PID=211557) to work on /root/miniconda3/envs/project/lib/python3.8/site-packages/airflow/example_dags/example_params_ui_tutorial.py
[2024-10-08T08:15:29.500+0000] {processor.py:914} INFO - Processing file /root/miniconda3/envs/project/lib/python3.8/site-packages/airflow/example_dags/example_params_ui_tutorial.py for tasks to queue
[2024-10-08T08:15:29.504+0000] {logging_mixin.py:190} INFO - [2024-10-08T08:15:29.503+0000] {dagbag.py:588} INFO - Filling up the DagBag from /root/miniconda3/envs/project/lib/python3.8/site-packages/airflow/example_dags/example_params_ui_tutorial.py
[2024-10-08T08:15:29.521+0000] {processor.py:925} INFO - DAG(s) 'example_params_ui_tutorial' retrieved from /root/miniconda3/envs/project/lib/python3.8/site-packages/airflow/example_dags/example_params_ui_tutorial.py
[2024-10-08T08:15:29.594+0000] {logging_mixin.py:190} INFO - [2024-10-08T08:15:29.594+0000] {dag.py:3239} INFO - Sync 1 DAGs
[2024-10-08T08:15:29.614+0000] {logging_mixin.py:190} INFO - [2024-10-08T08:15:29.613+0000] {dag.py:4180} INFO - Setting next_dagrun for example_params_ui_tutorial to None, run_after=None
[2024-10-08T08:15:29.646+0000] {processor.py:208} INFO - Processing /root/miniconda3/envs/project/lib/python3.8/site-packages/airflow/example_dags/example_params_ui_tutorial.py took 0.159 seconds
[2024-10-08T08:16:38.147+0000] {processor.py:186} INFO - Started process (PID=211805) to work on /root/miniconda3/envs/project/lib/python3.8/site-packages/airflow/example_dags/example_params_ui_tutorial.py
[2024-10-08T08:16:38.150+0000] {processor.py:914} INFO - Processing file /root/miniconda3/envs/project/lib/python3.8/site-packages/airflow/example_dags/example_params_ui_tutorial.py for tasks to queue
[2024-10-08T08:16:38.153+0000] {logging_mixin.py:190} INFO - [2024-10-08T08:16:38.152+0000] {dagbag.py:588} INFO - Filling up the DagBag from /root/miniconda3/envs/project/lib/python3.8/site-packages/airflow/example_dags/example_params_ui_tutorial.py
[2024-10-08T08:16:38.167+0000] {processor.py:925} INFO - DAG(s) 'example_params_ui_tutorial' retrieved from /root/miniconda3/envs/project/lib/python3.8/site-packages/airflow/example_dags/example_params_ui_tutorial.py
[2024-10-08T08:16:38.241+0000] {logging_mixin.py:190} INFO - [2024-10-08T08:16:38.240+0000] {dag.py:3239} INFO - Sync 1 DAGs
[2024-10-08T08:16:38.258+0000] {logging_mixin.py:190} INFO - [2024-10-08T08:16:38.258+0000] {dag.py:4180} INFO - Setting next_dagrun for example_params_ui_tutorial to None, run_after=None
[2024-10-08T08:16:38.296+0000] {processor.py:208} INFO - Processing /root/miniconda3/envs/project/lib/python3.8/site-packages/airflow/example_dags/example_params_ui_tutorial.py took 0.161 seconds
[2024-10-08T08:17:48.311+0000] {processor.py:186} INFO - Started process (PID=212057) to work on /root/miniconda3/envs/project/lib/python3.8/site-packages/airflow/example_dags/example_params_ui_tutorial.py
[2024-10-08T08:17:48.313+0000] {processor.py:914} INFO - Processing file /root/miniconda3/envs/project/lib/python3.8/site-packages/airflow/example_dags/example_params_ui_tutorial.py for tasks to queue
[2024-10-08T08:17:48.316+0000] {logging_mixin.py:190} INFO - [2024-10-08T08:17:48.316+0000] {dagbag.py:588} INFO - Filling up the DagBag from /root/miniconda3/envs/project/lib/python3.8/site-packages/airflow/example_dags/example_params_ui_tutorial.py
[2024-10-08T08:17:48.331+0000] {processor.py:925} INFO - DAG(s) 'example_params_ui_tutorial' retrieved from /root/miniconda3/envs/project/lib/python3.8/site-packages/airflow/example_dags/example_params_ui_tutorial.py
[2024-10-08T08:17:48.402+0000] {logging_mixin.py:190} INFO - [2024-10-08T08:17:48.402+0000] {dag.py:3239} INFO - Sync 1 DAGs
[2024-10-08T08:17:48.421+0000] {logging_mixin.py:190} INFO - [2024-10-08T08:17:48.421+0000] {dag.py:4180} INFO - Setting next_dagrun for example_params_ui_tutorial to None, run_after=None
[2024-10-08T08:17:48.461+0000] {processor.py:208} INFO - Processing /root/miniconda3/envs/project/lib/python3.8/site-packages/airflow/example_dags/example_params_ui_tutorial.py took 0.162 seconds
[2024-10-08T08:19:01.617+0000] {processor.py:186} INFO - Started process (PID=212263) to work on /root/miniconda3/envs/project/lib/python3.8/site-packages/airflow/example_dags/example_params_ui_tutorial.py
[2024-10-08T08:19:01.620+0000] {processor.py:914} INFO - Processing file /root/miniconda3/envs/project/lib/python3.8/site-packages/airflow/example_dags/example_params_ui_tutorial.py for tasks to queue
[2024-10-08T08:19:01.624+0000] {logging_mixin.py:190} INFO - [2024-10-08T08:19:01.623+0000] {dagbag.py:588} INFO - Filling up the DagBag from /root/miniconda3/envs/project/lib/python3.8/site-packages/airflow/example_dags/example_params_ui_tutorial.py
[2024-10-08T08:19:01.638+0000] {processor.py:925} INFO - DAG(s) 'example_params_ui_tutorial' retrieved from /root/miniconda3/envs/project/lib/python3.8/site-packages/airflow/example_dags/example_params_ui_tutorial.py
[2024-10-08T08:19:01.707+0000] {logging_mixin.py:190} INFO - [2024-10-08T08:19:01.707+0000] {dag.py:3239} INFO - Sync 1 DAGs
[2024-10-08T08:19:01.726+0000] {logging_mixin.py:190} INFO - [2024-10-08T08:19:01.726+0000] {dag.py:4180} INFO - Setting next_dagrun for example_params_ui_tutorial to None, run_after=None
[2024-10-08T08:19:01.757+0000] {processor.py:208} INFO - Processing /root/miniconda3/envs/project/lib/python3.8/site-packages/airflow/example_dags/example_params_ui_tutorial.py took 0.150 seconds
[2024-10-08T08:20:03.151+0000] {processor.py:186} INFO - Started process (PID=212442) to work on /root/miniconda3/envs/project/lib/python3.8/site-packages/airflow/example_dags/example_params_ui_tutorial.py
[2024-10-08T08:20:03.153+0000] {processor.py:914} INFO - Processing file /root/miniconda3/envs/project/lib/python3.8/site-packages/airflow/example_dags/example_params_ui_tutorial.py for tasks to queue
[2024-10-08T08:20:03.157+0000] {logging_mixin.py:190} INFO - [2024-10-08T08:20:03.156+0000] {dagbag.py:588} INFO - Filling up the DagBag from /root/miniconda3/envs/project/lib/python3.8/site-packages/airflow/example_dags/example_params_ui_tutorial.py
[2024-10-08T08:20:03.171+0000] {processor.py:925} INFO - DAG(s) 'example_params_ui_tutorial' retrieved from /root/miniconda3/envs/project/lib/python3.8/site-packages/airflow/example_dags/example_params_ui_tutorial.py
[2024-10-08T08:20:03.239+0000] {logging_mixin.py:190} INFO - [2024-10-08T08:20:03.239+0000] {dag.py:3239} INFO - Sync 1 DAGs
[2024-10-08T08:20:03.257+0000] {logging_mixin.py:190} INFO - [2024-10-08T08:20:03.257+0000] {dag.py:4180} INFO - Setting next_dagrun for example_params_ui_tutorial to None, run_after=None
[2024-10-08T08:20:03.291+0000] {processor.py:208} INFO - Processing /root/miniconda3/envs/project/lib/python3.8/site-packages/airflow/example_dags/example_params_ui_tutorial.py took 0.153 seconds
[2024-10-08T08:21:22.458+0000] {processor.py:186} INFO - Started process (PID=212662) to work on /root/miniconda3/envs/project/lib/python3.8/site-packages/airflow/example_dags/example_params_ui_tutorial.py
[2024-10-08T08:21:22.461+0000] {processor.py:914} INFO - Processing file /root/miniconda3/envs/project/lib/python3.8/site-packages/airflow/example_dags/example_params_ui_tutorial.py for tasks to queue
[2024-10-08T08:21:22.464+0000] {logging_mixin.py:190} INFO - [2024-10-08T08:21:22.463+0000] {dagbag.py:588} INFO - Filling up the DagBag from /root/miniconda3/envs/project/lib/python3.8/site-packages/airflow/example_dags/example_params_ui_tutorial.py
[2024-10-08T08:21:22.478+0000] {processor.py:925} INFO - DAG(s) 'example_params_ui_tutorial' retrieved from /root/miniconda3/envs/project/lib/python3.8/site-packages/airflow/example_dags/example_params_ui_tutorial.py
[2024-10-08T08:21:22.588+0000] {logging_mixin.py:190} INFO - [2024-10-08T08:21:22.588+0000] {dag.py:3239} INFO - Sync 1 DAGs
[2024-10-08T08:21:22.607+0000] {logging_mixin.py:190} INFO - [2024-10-08T08:21:22.606+0000] {dag.py:4180} INFO - Setting next_dagrun for example_params_ui_tutorial to None, run_after=None
[2024-10-08T08:21:22.640+0000] {processor.py:208} INFO - Processing /root/miniconda3/envs/project/lib/python3.8/site-packages/airflow/example_dags/example_params_ui_tutorial.py took 0.193 seconds
[2024-10-08T08:22:32.669+0000] {processor.py:186} INFO - Started process (PID=212914) to work on /root/miniconda3/envs/project/lib/python3.8/site-packages/airflow/example_dags/example_params_ui_tutorial.py
[2024-10-08T08:22:32.672+0000] {processor.py:914} INFO - Processing file /root/miniconda3/envs/project/lib/python3.8/site-packages/airflow/example_dags/example_params_ui_tutorial.py for tasks to queue
[2024-10-08T08:22:32.676+0000] {logging_mixin.py:190} INFO - [2024-10-08T08:22:32.675+0000] {dagbag.py:588} INFO - Filling up the DagBag from /root/miniconda3/envs/project/lib/python3.8/site-packages/airflow/example_dags/example_params_ui_tutorial.py
[2024-10-08T08:22:32.690+0000] {processor.py:925} INFO - DAG(s) 'example_params_ui_tutorial' retrieved from /root/miniconda3/envs/project/lib/python3.8/site-packages/airflow/example_dags/example_params_ui_tutorial.py
[2024-10-08T08:22:32.761+0000] {logging_mixin.py:190} INFO - [2024-10-08T08:22:32.760+0000] {dag.py:3239} INFO - Sync 1 DAGs
[2024-10-08T08:22:32.779+0000] {logging_mixin.py:190} INFO - [2024-10-08T08:22:32.779+0000] {dag.py:4180} INFO - Setting next_dagrun for example_params_ui_tutorial to None, run_after=None
[2024-10-08T08:22:32.811+0000] {processor.py:208} INFO - Processing /root/miniconda3/envs/project/lib/python3.8/site-packages/airflow/example_dags/example_params_ui_tutorial.py took 0.151 seconds
[2024-10-08T08:23:35.301+0000] {processor.py:186} INFO - Started process (PID=213142) to work on /root/miniconda3/envs/project/lib/python3.8/site-packages/airflow/example_dags/example_params_ui_tutorial.py
[2024-10-08T08:23:35.304+0000] {processor.py:914} INFO - Processing file /root/miniconda3/envs/project/lib/python3.8/site-packages/airflow/example_dags/example_params_ui_tutorial.py for tasks to queue
[2024-10-08T08:23:35.308+0000] {logging_mixin.py:190} INFO - [2024-10-08T08:23:35.307+0000] {dagbag.py:588} INFO - Filling up the DagBag from /root/miniconda3/envs/project/lib/python3.8/site-packages/airflow/example_dags/example_params_ui_tutorial.py
[2024-10-08T08:23:35.325+0000] {processor.py:925} INFO - DAG(s) 'example_params_ui_tutorial' retrieved from /root/miniconda3/envs/project/lib/python3.8/site-packages/airflow/example_dags/example_params_ui_tutorial.py
[2024-10-08T08:23:35.395+0000] {logging_mixin.py:190} INFO - [2024-10-08T08:23:35.395+0000] {dag.py:3239} INFO - Sync 1 DAGs
[2024-10-08T08:23:35.413+0000] {logging_mixin.py:190} INFO - [2024-10-08T08:23:35.413+0000] {dag.py:4180} INFO - Setting next_dagrun for example_params_ui_tutorial to None, run_after=None
[2024-10-08T08:23:35.446+0000] {processor.py:208} INFO - Processing /root/miniconda3/envs/project/lib/python3.8/site-packages/airflow/example_dags/example_params_ui_tutorial.py took 0.157 seconds
[2024-10-08T08:37:24.635+0000] {processor.py:186} INFO - Started process (PID=215038) to work on /root/miniconda3/envs/project/lib/python3.8/site-packages/airflow/example_dags/example_params_ui_tutorial.py
[2024-10-08T08:37:24.638+0000] {processor.py:914} INFO - Processing file /root/miniconda3/envs/project/lib/python3.8/site-packages/airflow/example_dags/example_params_ui_tutorial.py for tasks to queue
[2024-10-08T08:37:24.641+0000] {logging_mixin.py:190} INFO - [2024-10-08T08:37:24.641+0000] {dagbag.py:588} INFO - Filling up the DagBag from /root/miniconda3/envs/project/lib/python3.8/site-packages/airflow/example_dags/example_params_ui_tutorial.py
[2024-10-08T08:37:24.656+0000] {processor.py:925} INFO - DAG(s) 'example_params_ui_tutorial' retrieved from /root/miniconda3/envs/project/lib/python3.8/site-packages/airflow/example_dags/example_params_ui_tutorial.py
[2024-10-08T08:37:24.731+0000] {logging_mixin.py:190} INFO - [2024-10-08T08:37:24.730+0000] {dag.py:3239} INFO - Sync 1 DAGs
[2024-10-08T08:37:24.750+0000] {logging_mixin.py:190} INFO - [2024-10-08T08:37:24.750+0000] {dag.py:4180} INFO - Setting next_dagrun for example_params_ui_tutorial to None, run_after=None
[2024-10-08T08:37:24.785+0000] {processor.py:208} INFO - Processing /root/miniconda3/envs/project/lib/python3.8/site-packages/airflow/example_dags/example_params_ui_tutorial.py took 0.162 seconds
[2024-10-08T08:38:35.451+0000] {processor.py:186} INFO - Started process (PID=215444) to work on /root/miniconda3/envs/project/lib/python3.8/site-packages/airflow/example_dags/example_params_ui_tutorial.py
[2024-10-08T08:38:35.454+0000] {processor.py:914} INFO - Processing file /root/miniconda3/envs/project/lib/python3.8/site-packages/airflow/example_dags/example_params_ui_tutorial.py for tasks to queue
[2024-10-08T08:38:35.458+0000] {logging_mixin.py:190} INFO - [2024-10-08T08:38:35.457+0000] {dagbag.py:588} INFO - Filling up the DagBag from /root/miniconda3/envs/project/lib/python3.8/site-packages/airflow/example_dags/example_params_ui_tutorial.py
[2024-10-08T08:38:35.473+0000] {processor.py:925} INFO - DAG(s) 'example_params_ui_tutorial' retrieved from /root/miniconda3/envs/project/lib/python3.8/site-packages/airflow/example_dags/example_params_ui_tutorial.py
[2024-10-08T08:38:35.550+0000] {logging_mixin.py:190} INFO - [2024-10-08T08:38:35.549+0000] {dag.py:3239} INFO - Sync 1 DAGs
[2024-10-08T08:38:35.568+0000] {logging_mixin.py:190} INFO - [2024-10-08T08:38:35.567+0000] {dag.py:4180} INFO - Setting next_dagrun for example_params_ui_tutorial to None, run_after=None
[2024-10-08T08:38:35.602+0000] {processor.py:208} INFO - Processing /root/miniconda3/envs/project/lib/python3.8/site-packages/airflow/example_dags/example_params_ui_tutorial.py took 0.162 seconds
[2024-10-08T08:39:47.513+0000] {processor.py:186} INFO - Started process (PID=215731) to work on /root/miniconda3/envs/project/lib/python3.8/site-packages/airflow/example_dags/example_params_ui_tutorial.py
[2024-10-08T08:39:47.516+0000] {processor.py:914} INFO - Processing file /root/miniconda3/envs/project/lib/python3.8/site-packages/airflow/example_dags/example_params_ui_tutorial.py for tasks to queue
[2024-10-08T08:39:47.520+0000] {logging_mixin.py:190} INFO - [2024-10-08T08:39:47.519+0000] {dagbag.py:588} INFO - Filling up the DagBag from /root/miniconda3/envs/project/lib/python3.8/site-packages/airflow/example_dags/example_params_ui_tutorial.py
[2024-10-08T08:39:47.535+0000] {processor.py:925} INFO - DAG(s) 'example_params_ui_tutorial' retrieved from /root/miniconda3/envs/project/lib/python3.8/site-packages/airflow/example_dags/example_params_ui_tutorial.py
[2024-10-08T08:39:47.610+0000] {logging_mixin.py:190} INFO - [2024-10-08T08:39:47.609+0000] {dag.py:3239} INFO - Sync 1 DAGs
[2024-10-08T08:39:47.629+0000] {logging_mixin.py:190} INFO - [2024-10-08T08:39:47.629+0000] {dag.py:4180} INFO - Setting next_dagrun for example_params_ui_tutorial to None, run_after=None
[2024-10-08T08:39:47.663+0000] {processor.py:208} INFO - Processing /root/miniconda3/envs/project/lib/python3.8/site-packages/airflow/example_dags/example_params_ui_tutorial.py took 0.160 seconds
[2024-10-08T08:40:56.783+0000] {processor.py:186} INFO - Started process (PID=216078) to work on /root/miniconda3/envs/project/lib/python3.8/site-packages/airflow/example_dags/example_params_ui_tutorial.py
[2024-10-08T08:40:56.786+0000] {processor.py:914} INFO - Processing file /root/miniconda3/envs/project/lib/python3.8/site-packages/airflow/example_dags/example_params_ui_tutorial.py for tasks to queue
[2024-10-08T08:40:56.789+0000] {logging_mixin.py:190} INFO - [2024-10-08T08:40:56.789+0000] {dagbag.py:588} INFO - Filling up the DagBag from /root/miniconda3/envs/project/lib/python3.8/site-packages/airflow/example_dags/example_params_ui_tutorial.py
[2024-10-08T08:40:56.804+0000] {processor.py:925} INFO - DAG(s) 'example_params_ui_tutorial' retrieved from /root/miniconda3/envs/project/lib/python3.8/site-packages/airflow/example_dags/example_params_ui_tutorial.py
[2024-10-08T08:40:56.879+0000] {logging_mixin.py:190} INFO - [2024-10-08T08:40:56.879+0000] {dag.py:3239} INFO - Sync 1 DAGs
[2024-10-08T08:40:56.899+0000] {logging_mixin.py:190} INFO - [2024-10-08T08:40:56.898+0000] {dag.py:4180} INFO - Setting next_dagrun for example_params_ui_tutorial to None, run_after=None
[2024-10-08T08:40:56.932+0000] {processor.py:208} INFO - Processing /root/miniconda3/envs/project/lib/python3.8/site-packages/airflow/example_dags/example_params_ui_tutorial.py took 0.161 seconds
[2024-10-08T08:42:03.771+0000] {processor.py:186} INFO - Started process (PID=216536) to work on /root/miniconda3/envs/project/lib/python3.8/site-packages/airflow/example_dags/example_params_ui_tutorial.py
[2024-10-08T08:42:03.774+0000] {processor.py:914} INFO - Processing file /root/miniconda3/envs/project/lib/python3.8/site-packages/airflow/example_dags/example_params_ui_tutorial.py for tasks to queue
[2024-10-08T08:42:03.778+0000] {logging_mixin.py:190} INFO - [2024-10-08T08:42:03.777+0000] {dagbag.py:588} INFO - Filling up the DagBag from /root/miniconda3/envs/project/lib/python3.8/site-packages/airflow/example_dags/example_params_ui_tutorial.py
[2024-10-08T08:42:03.793+0000] {processor.py:925} INFO - DAG(s) 'example_params_ui_tutorial' retrieved from /root/miniconda3/envs/project/lib/python3.8/site-packages/airflow/example_dags/example_params_ui_tutorial.py
[2024-10-08T08:42:03.867+0000] {logging_mixin.py:190} INFO - [2024-10-08T08:42:03.867+0000] {dag.py:3239} INFO - Sync 1 DAGs
[2024-10-08T08:42:03.886+0000] {logging_mixin.py:190} INFO - [2024-10-08T08:42:03.886+0000] {dag.py:4180} INFO - Setting next_dagrun for example_params_ui_tutorial to None, run_after=None
[2024-10-08T08:42:03.918+0000] {processor.py:208} INFO - Processing /root/miniconda3/envs/project/lib/python3.8/site-packages/airflow/example_dags/example_params_ui_tutorial.py took 0.158 seconds
[2024-10-08T08:43:10.580+0000] {processor.py:186} INFO - Started process (PID=216755) to work on /root/miniconda3/envs/project/lib/python3.8/site-packages/airflow/example_dags/example_params_ui_tutorial.py
[2024-10-08T08:43:10.583+0000] {processor.py:914} INFO - Processing file /root/miniconda3/envs/project/lib/python3.8/site-packages/airflow/example_dags/example_params_ui_tutorial.py for tasks to queue
[2024-10-08T08:43:10.586+0000] {logging_mixin.py:190} INFO - [2024-10-08T08:43:10.586+0000] {dagbag.py:588} INFO - Filling up the DagBag from /root/miniconda3/envs/project/lib/python3.8/site-packages/airflow/example_dags/example_params_ui_tutorial.py
[2024-10-08T08:43:10.601+0000] {processor.py:925} INFO - DAG(s) 'example_params_ui_tutorial' retrieved from /root/miniconda3/envs/project/lib/python3.8/site-packages/airflow/example_dags/example_params_ui_tutorial.py
[2024-10-08T08:43:10.674+0000] {logging_mixin.py:190} INFO - [2024-10-08T08:43:10.673+0000] {dag.py:3239} INFO - Sync 1 DAGs
[2024-10-08T08:43:10.692+0000] {logging_mixin.py:190} INFO - [2024-10-08T08:43:10.691+0000] {dag.py:4180} INFO - Setting next_dagrun for example_params_ui_tutorial to None, run_after=None
[2024-10-08T08:43:10.724+0000] {processor.py:208} INFO - Processing /root/miniconda3/envs/project/lib/python3.8/site-packages/airflow/example_dags/example_params_ui_tutorial.py took 0.155 seconds
[2024-10-08T08:44:18.272+0000] {processor.py:186} INFO - Started process (PID=216976) to work on /root/miniconda3/envs/project/lib/python3.8/site-packages/airflow/example_dags/example_params_ui_tutorial.py
[2024-10-08T08:44:18.275+0000] {processor.py:914} INFO - Processing file /root/miniconda3/envs/project/lib/python3.8/site-packages/airflow/example_dags/example_params_ui_tutorial.py for tasks to queue
[2024-10-08T08:44:18.278+0000] {logging_mixin.py:190} INFO - [2024-10-08T08:44:18.277+0000] {dagbag.py:588} INFO - Filling up the DagBag from /root/miniconda3/envs/project/lib/python3.8/site-packages/airflow/example_dags/example_params_ui_tutorial.py
[2024-10-08T08:44:18.292+0000] {processor.py:925} INFO - DAG(s) 'example_params_ui_tutorial' retrieved from /root/miniconda3/envs/project/lib/python3.8/site-packages/airflow/example_dags/example_params_ui_tutorial.py
[2024-10-08T08:44:18.364+0000] {logging_mixin.py:190} INFO - [2024-10-08T08:44:18.363+0000] {dag.py:3239} INFO - Sync 1 DAGs
[2024-10-08T08:44:18.381+0000] {logging_mixin.py:190} INFO - [2024-10-08T08:44:18.381+0000] {dag.py:4180} INFO - Setting next_dagrun for example_params_ui_tutorial to None, run_after=None
[2024-10-08T08:44:18.416+0000] {processor.py:208} INFO - Processing /root/miniconda3/envs/project/lib/python3.8/site-packages/airflow/example_dags/example_params_ui_tutorial.py took 0.154 seconds
[2024-10-08T08:45:35.050+0000] {processor.py:186} INFO - Started process (PID=217208) to work on /root/miniconda3/envs/project/lib/python3.8/site-packages/airflow/example_dags/example_params_ui_tutorial.py
[2024-10-08T08:45:35.053+0000] {processor.py:914} INFO - Processing file /root/miniconda3/envs/project/lib/python3.8/site-packages/airflow/example_dags/example_params_ui_tutorial.py for tasks to queue
[2024-10-08T08:45:35.056+0000] {logging_mixin.py:190} INFO - [2024-10-08T08:45:35.055+0000] {dagbag.py:588} INFO - Filling up the DagBag from /root/miniconda3/envs/project/lib/python3.8/site-packages/airflow/example_dags/example_params_ui_tutorial.py
[2024-10-08T08:45:35.070+0000] {processor.py:925} INFO - DAG(s) 'example_params_ui_tutorial' retrieved from /root/miniconda3/envs/project/lib/python3.8/site-packages/airflow/example_dags/example_params_ui_tutorial.py
[2024-10-08T08:45:35.144+0000] {logging_mixin.py:190} INFO - [2024-10-08T08:45:35.144+0000] {dag.py:3239} INFO - Sync 1 DAGs
[2024-10-08T08:45:35.163+0000] {logging_mixin.py:190} INFO - [2024-10-08T08:45:35.163+0000] {dag.py:4180} INFO - Setting next_dagrun for example_params_ui_tutorial to None, run_after=None
[2024-10-08T08:45:35.197+0000] {processor.py:208} INFO - Processing /root/miniconda3/envs/project/lib/python3.8/site-packages/airflow/example_dags/example_params_ui_tutorial.py took 0.158 seconds
[2024-10-08T08:46:44.646+0000] {processor.py:186} INFO - Started process (PID=217555) to work on /root/miniconda3/envs/project/lib/python3.8/site-packages/airflow/example_dags/example_params_ui_tutorial.py
[2024-10-08T08:46:44.649+0000] {processor.py:914} INFO - Processing file /root/miniconda3/envs/project/lib/python3.8/site-packages/airflow/example_dags/example_params_ui_tutorial.py for tasks to queue
[2024-10-08T08:46:44.653+0000] {logging_mixin.py:190} INFO - [2024-10-08T08:46:44.652+0000] {dagbag.py:588} INFO - Filling up the DagBag from /root/miniconda3/envs/project/lib/python3.8/site-packages/airflow/example_dags/example_params_ui_tutorial.py
[2024-10-08T08:46:44.667+0000] {processor.py:925} INFO - DAG(s) 'example_params_ui_tutorial' retrieved from /root/miniconda3/envs/project/lib/python3.8/site-packages/airflow/example_dags/example_params_ui_tutorial.py
[2024-10-08T08:46:44.742+0000] {logging_mixin.py:190} INFO - [2024-10-08T08:46:44.742+0000] {dag.py:3239} INFO - Sync 1 DAGs
[2024-10-08T08:46:44.760+0000] {logging_mixin.py:190} INFO - [2024-10-08T08:46:44.760+0000] {dag.py:4180} INFO - Setting next_dagrun for example_params_ui_tutorial to None, run_after=None
[2024-10-08T08:46:44.794+0000] {processor.py:208} INFO - Processing /root/miniconda3/envs/project/lib/python3.8/site-packages/airflow/example_dags/example_params_ui_tutorial.py took 0.158 seconds
[2024-10-08T08:47:56.433+0000] {processor.py:186} INFO - Started process (PID=217916) to work on /root/miniconda3/envs/project/lib/python3.8/site-packages/airflow/example_dags/example_params_ui_tutorial.py
[2024-10-08T08:47:56.436+0000] {processor.py:914} INFO - Processing file /root/miniconda3/envs/project/lib/python3.8/site-packages/airflow/example_dags/example_params_ui_tutorial.py for tasks to queue
[2024-10-08T08:47:56.439+0000] {logging_mixin.py:190} INFO - [2024-10-08T08:47:56.439+0000] {dagbag.py:588} INFO - Filling up the DagBag from /root/miniconda3/envs/project/lib/python3.8/site-packages/airflow/example_dags/example_params_ui_tutorial.py
[2024-10-08T08:47:56.454+0000] {processor.py:925} INFO - DAG(s) 'example_params_ui_tutorial' retrieved from /root/miniconda3/envs/project/lib/python3.8/site-packages/airflow/example_dags/example_params_ui_tutorial.py
[2024-10-08T08:47:56.528+0000] {logging_mixin.py:190} INFO - [2024-10-08T08:47:56.528+0000] {dag.py:3239} INFO - Sync 1 DAGs
[2024-10-08T08:47:56.547+0000] {logging_mixin.py:190} INFO - [2024-10-08T08:47:56.546+0000] {dag.py:4180} INFO - Setting next_dagrun for example_params_ui_tutorial to None, run_after=None
[2024-10-08T08:47:56.578+0000] {processor.py:208} INFO - Processing /root/miniconda3/envs/project/lib/python3.8/site-packages/airflow/example_dags/example_params_ui_tutorial.py took 0.158 seconds
[2024-10-08T08:49:08.347+0000] {processor.py:186} INFO - Started process (PID=218140) to work on /root/miniconda3/envs/project/lib/python3.8/site-packages/airflow/example_dags/example_params_ui_tutorial.py
[2024-10-08T08:49:08.350+0000] {processor.py:914} INFO - Processing file /root/miniconda3/envs/project/lib/python3.8/site-packages/airflow/example_dags/example_params_ui_tutorial.py for tasks to queue
[2024-10-08T08:49:08.353+0000] {logging_mixin.py:190} INFO - [2024-10-08T08:49:08.352+0000] {dagbag.py:588} INFO - Filling up the DagBag from /root/miniconda3/envs/project/lib/python3.8/site-packages/airflow/example_dags/example_params_ui_tutorial.py
[2024-10-08T08:49:08.367+0000] {processor.py:925} INFO - DAG(s) 'example_params_ui_tutorial' retrieved from /root/miniconda3/envs/project/lib/python3.8/site-packages/airflow/example_dags/example_params_ui_tutorial.py
[2024-10-08T08:49:08.439+0000] {logging_mixin.py:190} INFO - [2024-10-08T08:49:08.439+0000] {dag.py:3239} INFO - Sync 1 DAGs
[2024-10-08T08:49:08.458+0000] {logging_mixin.py:190} INFO - [2024-10-08T08:49:08.457+0000] {dag.py:4180} INFO - Setting next_dagrun for example_params_ui_tutorial to None, run_after=None
[2024-10-08T08:49:08.492+0000] {processor.py:208} INFO - Processing /root/miniconda3/envs/project/lib/python3.8/site-packages/airflow/example_dags/example_params_ui_tutorial.py took 0.156 seconds
[2024-10-08T08:50:19.256+0000] {processor.py:186} INFO - Started process (PID=218366) to work on /root/miniconda3/envs/project/lib/python3.8/site-packages/airflow/example_dags/example_params_ui_tutorial.py
[2024-10-08T08:50:19.259+0000] {processor.py:914} INFO - Processing file /root/miniconda3/envs/project/lib/python3.8/site-packages/airflow/example_dags/example_params_ui_tutorial.py for tasks to queue
[2024-10-08T08:50:19.263+0000] {logging_mixin.py:190} INFO - [2024-10-08T08:50:19.262+0000] {dagbag.py:588} INFO - Filling up the DagBag from /root/miniconda3/envs/project/lib/python3.8/site-packages/airflow/example_dags/example_params_ui_tutorial.py
[2024-10-08T08:50:19.278+0000] {processor.py:925} INFO - DAG(s) 'example_params_ui_tutorial' retrieved from /root/miniconda3/envs/project/lib/python3.8/site-packages/airflow/example_dags/example_params_ui_tutorial.py
[2024-10-08T08:50:19.354+0000] {logging_mixin.py:190} INFO - [2024-10-08T08:50:19.354+0000] {dag.py:3239} INFO - Sync 1 DAGs
[2024-10-08T08:50:19.372+0000] {logging_mixin.py:190} INFO - [2024-10-08T08:50:19.372+0000] {dag.py:4180} INFO - Setting next_dagrun for example_params_ui_tutorial to None, run_after=None
[2024-10-08T08:50:19.405+0000] {processor.py:208} INFO - Processing /root/miniconda3/envs/project/lib/python3.8/site-packages/airflow/example_dags/example_params_ui_tutorial.py took 0.159 seconds
[2024-10-08T09:05:29.914+0000] {processor.py:186} INFO - Started process (PID=220039) to work on /root/miniconda3/envs/project/lib/python3.8/site-packages/airflow/example_dags/example_params_ui_tutorial.py
[2024-10-08T09:05:29.917+0000] {processor.py:914} INFO - Processing file /root/miniconda3/envs/project/lib/python3.8/site-packages/airflow/example_dags/example_params_ui_tutorial.py for tasks to queue
[2024-10-08T09:05:29.921+0000] {logging_mixin.py:190} INFO - [2024-10-08T09:05:29.920+0000] {dagbag.py:588} INFO - Filling up the DagBag from /root/miniconda3/envs/project/lib/python3.8/site-packages/airflow/example_dags/example_params_ui_tutorial.py
[2024-10-08T09:05:29.935+0000] {processor.py:925} INFO - DAG(s) 'example_params_ui_tutorial' retrieved from /root/miniconda3/envs/project/lib/python3.8/site-packages/airflow/example_dags/example_params_ui_tutorial.py
[2024-10-08T09:05:30.010+0000] {logging_mixin.py:190} INFO - [2024-10-08T09:05:30.010+0000] {dag.py:3239} INFO - Sync 1 DAGs
[2024-10-08T09:05:30.030+0000] {logging_mixin.py:190} INFO - [2024-10-08T09:05:30.030+0000] {dag.py:4180} INFO - Setting next_dagrun for example_params_ui_tutorial to None, run_after=None
[2024-10-08T09:05:30.066+0000] {processor.py:208} INFO - Processing /root/miniconda3/envs/project/lib/python3.8/site-packages/airflow/example_dags/example_params_ui_tutorial.py took 0.162 seconds
[2024-10-08T09:09:03.290+0000] {processor.py:186} INFO - Started process (PID=220828) to work on /root/miniconda3/envs/project/lib/python3.8/site-packages/airflow/example_dags/example_params_ui_tutorial.py
[2024-10-08T09:09:03.293+0000] {processor.py:914} INFO - Processing file /root/miniconda3/envs/project/lib/python3.8/site-packages/airflow/example_dags/example_params_ui_tutorial.py for tasks to queue
[2024-10-08T09:09:03.296+0000] {logging_mixin.py:190} INFO - [2024-10-08T09:09:03.296+0000] {dagbag.py:588} INFO - Filling up the DagBag from /root/miniconda3/envs/project/lib/python3.8/site-packages/airflow/example_dags/example_params_ui_tutorial.py
[2024-10-08T09:09:03.310+0000] {processor.py:925} INFO - DAG(s) 'example_params_ui_tutorial' retrieved from /root/miniconda3/envs/project/lib/python3.8/site-packages/airflow/example_dags/example_params_ui_tutorial.py
[2024-10-08T09:09:03.381+0000] {logging_mixin.py:190} INFO - [2024-10-08T09:09:03.381+0000] {dag.py:3239} INFO - Sync 1 DAGs
[2024-10-08T09:09:03.400+0000] {logging_mixin.py:190} INFO - [2024-10-08T09:09:03.400+0000] {dag.py:4180} INFO - Setting next_dagrun for example_params_ui_tutorial to None, run_after=None
[2024-10-08T09:09:03.430+0000] {processor.py:208} INFO - Processing /root/miniconda3/envs/project/lib/python3.8/site-packages/airflow/example_dags/example_params_ui_tutorial.py took 0.152 seconds
[2024-10-08T09:10:31.613+0000] {processor.py:186} INFO - Started process (PID=221545) to work on /root/miniconda3/envs/project/lib/python3.8/site-packages/airflow/example_dags/example_params_ui_tutorial.py
[2024-10-08T09:10:31.616+0000] {processor.py:914} INFO - Processing file /root/miniconda3/envs/project/lib/python3.8/site-packages/airflow/example_dags/example_params_ui_tutorial.py for tasks to queue
[2024-10-08T09:10:31.620+0000] {logging_mixin.py:190} INFO - [2024-10-08T09:10:31.619+0000] {dagbag.py:588} INFO - Filling up the DagBag from /root/miniconda3/envs/project/lib/python3.8/site-packages/airflow/example_dags/example_params_ui_tutorial.py
[2024-10-08T09:10:31.635+0000] {processor.py:925} INFO - DAG(s) 'example_params_ui_tutorial' retrieved from /root/miniconda3/envs/project/lib/python3.8/site-packages/airflow/example_dags/example_params_ui_tutorial.py
[2024-10-08T09:10:31.709+0000] {logging_mixin.py:190} INFO - [2024-10-08T09:10:31.708+0000] {dag.py:3239} INFO - Sync 1 DAGs
[2024-10-08T09:10:31.729+0000] {logging_mixin.py:190} INFO - [2024-10-08T09:10:31.728+0000] {dag.py:4180} INFO - Setting next_dagrun for example_params_ui_tutorial to None, run_after=None
[2024-10-08T09:10:31.763+0000] {processor.py:208} INFO - Processing /root/miniconda3/envs/project/lib/python3.8/site-packages/airflow/example_dags/example_params_ui_tutorial.py took 0.163 seconds
[2024-10-08T09:11:42.715+0000] {processor.py:186} INFO - Started process (PID=221772) to work on /root/miniconda3/envs/project/lib/python3.8/site-packages/airflow/example_dags/example_params_ui_tutorial.py
[2024-10-08T09:11:42.718+0000] {processor.py:914} INFO - Processing file /root/miniconda3/envs/project/lib/python3.8/site-packages/airflow/example_dags/example_params_ui_tutorial.py for tasks to queue
[2024-10-08T09:11:42.722+0000] {logging_mixin.py:190} INFO - [2024-10-08T09:11:42.722+0000] {dagbag.py:588} INFO - Filling up the DagBag from /root/miniconda3/envs/project/lib/python3.8/site-packages/airflow/example_dags/example_params_ui_tutorial.py
[2024-10-08T09:11:42.738+0000] {processor.py:925} INFO - DAG(s) 'example_params_ui_tutorial' retrieved from /root/miniconda3/envs/project/lib/python3.8/site-packages/airflow/example_dags/example_params_ui_tutorial.py
[2024-10-08T09:11:42.809+0000] {logging_mixin.py:190} INFO - [2024-10-08T09:11:42.809+0000] {dag.py:3239} INFO - Sync 1 DAGs
[2024-10-08T09:11:42.827+0000] {logging_mixin.py:190} INFO - [2024-10-08T09:11:42.826+0000] {dag.py:4180} INFO - Setting next_dagrun for example_params_ui_tutorial to None, run_after=None
[2024-10-08T09:11:42.857+0000] {processor.py:208} INFO - Processing /root/miniconda3/envs/project/lib/python3.8/site-packages/airflow/example_dags/example_params_ui_tutorial.py took 0.155 seconds
[2024-10-08T09:12:44.826+0000] {processor.py:186} INFO - Started process (PID=222124) to work on /root/miniconda3/envs/project/lib/python3.8/site-packages/airflow/example_dags/example_params_ui_tutorial.py
[2024-10-08T09:12:44.829+0000] {processor.py:914} INFO - Processing file /root/miniconda3/envs/project/lib/python3.8/site-packages/airflow/example_dags/example_params_ui_tutorial.py for tasks to queue
[2024-10-08T09:12:44.832+0000] {logging_mixin.py:190} INFO - [2024-10-08T09:12:44.832+0000] {dagbag.py:588} INFO - Filling up the DagBag from /root/miniconda3/envs/project/lib/python3.8/site-packages/airflow/example_dags/example_params_ui_tutorial.py
[2024-10-08T09:12:44.846+0000] {processor.py:925} INFO - DAG(s) 'example_params_ui_tutorial' retrieved from /root/miniconda3/envs/project/lib/python3.8/site-packages/airflow/example_dags/example_params_ui_tutorial.py
[2024-10-08T09:12:44.915+0000] {logging_mixin.py:190} INFO - [2024-10-08T09:12:44.915+0000] {dag.py:3239} INFO - Sync 1 DAGs
[2024-10-08T09:12:44.934+0000] {logging_mixin.py:190} INFO - [2024-10-08T09:12:44.934+0000] {dag.py:4180} INFO - Setting next_dagrun for example_params_ui_tutorial to None, run_after=None
[2024-10-08T09:12:44.966+0000] {processor.py:208} INFO - Processing /root/miniconda3/envs/project/lib/python3.8/site-packages/airflow/example_dags/example_params_ui_tutorial.py took 0.152 seconds
[2024-10-08T09:13:54.450+0000] {processor.py:186} INFO - Started process (PID=222505) to work on /root/miniconda3/envs/project/lib/python3.8/site-packages/airflow/example_dags/example_params_ui_tutorial.py
[2024-10-08T09:13:54.453+0000] {processor.py:914} INFO - Processing file /root/miniconda3/envs/project/lib/python3.8/site-packages/airflow/example_dags/example_params_ui_tutorial.py for tasks to queue
[2024-10-08T09:13:54.459+0000] {logging_mixin.py:190} INFO - [2024-10-08T09:13:54.458+0000] {dagbag.py:588} INFO - Filling up the DagBag from /root/miniconda3/envs/project/lib/python3.8/site-packages/airflow/example_dags/example_params_ui_tutorial.py
[2024-10-08T09:13:54.475+0000] {processor.py:925} INFO - DAG(s) 'example_params_ui_tutorial' retrieved from /root/miniconda3/envs/project/lib/python3.8/site-packages/airflow/example_dags/example_params_ui_tutorial.py
[2024-10-08T09:13:54.543+0000] {logging_mixin.py:190} INFO - [2024-10-08T09:13:54.543+0000] {dag.py:3239} INFO - Sync 1 DAGs
[2024-10-08T09:13:54.561+0000] {logging_mixin.py:190} INFO - [2024-10-08T09:13:54.561+0000] {dag.py:4180} INFO - Setting next_dagrun for example_params_ui_tutorial to None, run_after=None
[2024-10-08T09:13:54.592+0000] {processor.py:208} INFO - Processing /root/miniconda3/envs/project/lib/python3.8/site-packages/airflow/example_dags/example_params_ui_tutorial.py took 0.154 seconds
[2024-10-08T09:14:56.669+0000] {processor.py:186} INFO - Started process (PID=222768) to work on /root/miniconda3/envs/project/lib/python3.8/site-packages/airflow/example_dags/example_params_ui_tutorial.py
[2024-10-08T09:14:56.672+0000] {processor.py:914} INFO - Processing file /root/miniconda3/envs/project/lib/python3.8/site-packages/airflow/example_dags/example_params_ui_tutorial.py for tasks to queue
[2024-10-08T09:14:56.675+0000] {logging_mixin.py:190} INFO - [2024-10-08T09:14:56.675+0000] {dagbag.py:588} INFO - Filling up the DagBag from /root/miniconda3/envs/project/lib/python3.8/site-packages/airflow/example_dags/example_params_ui_tutorial.py
[2024-10-08T09:14:56.690+0000] {processor.py:925} INFO - DAG(s) 'example_params_ui_tutorial' retrieved from /root/miniconda3/envs/project/lib/python3.8/site-packages/airflow/example_dags/example_params_ui_tutorial.py
[2024-10-08T09:14:56.759+0000] {logging_mixin.py:190} INFO - [2024-10-08T09:14:56.759+0000] {dag.py:3239} INFO - Sync 1 DAGs
[2024-10-08T09:14:56.778+0000] {logging_mixin.py:190} INFO - [2024-10-08T09:14:56.778+0000] {dag.py:4180} INFO - Setting next_dagrun for example_params_ui_tutorial to None, run_after=None
[2024-10-08T09:14:56.810+0000] {processor.py:208} INFO - Processing /root/miniconda3/envs/project/lib/python3.8/site-packages/airflow/example_dags/example_params_ui_tutorial.py took 0.153 seconds
[2024-10-08T09:16:12.402+0000] {processor.py:186} INFO - Started process (PID=223006) to work on /root/miniconda3/envs/project/lib/python3.8/site-packages/airflow/example_dags/example_params_ui_tutorial.py
[2024-10-08T09:16:12.405+0000] {processor.py:914} INFO - Processing file /root/miniconda3/envs/project/lib/python3.8/site-packages/airflow/example_dags/example_params_ui_tutorial.py for tasks to queue
[2024-10-08T09:16:12.409+0000] {logging_mixin.py:190} INFO - [2024-10-08T09:16:12.408+0000] {dagbag.py:588} INFO - Filling up the DagBag from /root/miniconda3/envs/project/lib/python3.8/site-packages/airflow/example_dags/example_params_ui_tutorial.py
[2024-10-08T09:16:12.425+0000] {processor.py:925} INFO - DAG(s) 'example_params_ui_tutorial' retrieved from /root/miniconda3/envs/project/lib/python3.8/site-packages/airflow/example_dags/example_params_ui_tutorial.py
[2024-10-08T09:16:12.497+0000] {logging_mixin.py:190} INFO - [2024-10-08T09:16:12.497+0000] {dag.py:3239} INFO - Sync 1 DAGs
[2024-10-08T09:16:12.516+0000] {logging_mixin.py:190} INFO - [2024-10-08T09:16:12.516+0000] {dag.py:4180} INFO - Setting next_dagrun for example_params_ui_tutorial to None, run_after=None
[2024-10-08T09:16:12.549+0000] {processor.py:208} INFO - Processing /root/miniconda3/envs/project/lib/python3.8/site-packages/airflow/example_dags/example_params_ui_tutorial.py took 0.159 seconds
[2024-10-08T09:17:23.627+0000] {processor.py:186} INFO - Started process (PID=223237) to work on /root/miniconda3/envs/project/lib/python3.8/site-packages/airflow/example_dags/example_params_ui_tutorial.py
[2024-10-08T09:17:23.630+0000] {processor.py:914} INFO - Processing file /root/miniconda3/envs/project/lib/python3.8/site-packages/airflow/example_dags/example_params_ui_tutorial.py for tasks to queue
[2024-10-08T09:17:23.633+0000] {logging_mixin.py:190} INFO - [2024-10-08T09:17:23.633+0000] {dagbag.py:588} INFO - Filling up the DagBag from /root/miniconda3/envs/project/lib/python3.8/site-packages/airflow/example_dags/example_params_ui_tutorial.py
[2024-10-08T09:17:23.647+0000] {processor.py:925} INFO - DAG(s) 'example_params_ui_tutorial' retrieved from /root/miniconda3/envs/project/lib/python3.8/site-packages/airflow/example_dags/example_params_ui_tutorial.py
[2024-10-08T09:17:23.717+0000] {logging_mixin.py:190} INFO - [2024-10-08T09:17:23.717+0000] {dag.py:3239} INFO - Sync 1 DAGs
[2024-10-08T09:17:23.735+0000] {logging_mixin.py:190} INFO - [2024-10-08T09:17:23.735+0000] {dag.py:4180} INFO - Setting next_dagrun for example_params_ui_tutorial to None, run_after=None
[2024-10-08T09:17:23.769+0000] {processor.py:208} INFO - Processing /root/miniconda3/envs/project/lib/python3.8/site-packages/airflow/example_dags/example_params_ui_tutorial.py took 0.153 seconds
[2024-10-08T09:18:31.914+0000] {processor.py:186} INFO - Started process (PID=223465) to work on /root/miniconda3/envs/project/lib/python3.8/site-packages/airflow/example_dags/example_params_ui_tutorial.py
[2024-10-08T09:18:31.916+0000] {processor.py:914} INFO - Processing file /root/miniconda3/envs/project/lib/python3.8/site-packages/airflow/example_dags/example_params_ui_tutorial.py for tasks to queue
[2024-10-08T09:18:31.920+0000] {logging_mixin.py:190} INFO - [2024-10-08T09:18:31.919+0000] {dagbag.py:588} INFO - Filling up the DagBag from /root/miniconda3/envs/project/lib/python3.8/site-packages/airflow/example_dags/example_params_ui_tutorial.py
[2024-10-08T09:18:31.933+0000] {processor.py:925} INFO - DAG(s) 'example_params_ui_tutorial' retrieved from /root/miniconda3/envs/project/lib/python3.8/site-packages/airflow/example_dags/example_params_ui_tutorial.py
[2024-10-08T09:18:32.002+0000] {logging_mixin.py:190} INFO - [2024-10-08T09:18:32.001+0000] {dag.py:3239} INFO - Sync 1 DAGs
[2024-10-08T09:18:32.020+0000] {logging_mixin.py:190} INFO - [2024-10-08T09:18:32.020+0000] {dag.py:4180} INFO - Setting next_dagrun for example_params_ui_tutorial to None, run_after=None
[2024-10-08T09:18:32.051+0000] {processor.py:208} INFO - Processing /root/miniconda3/envs/project/lib/python3.8/site-packages/airflow/example_dags/example_params_ui_tutorial.py took 0.146 seconds
[2024-10-08T09:19:46.337+0000] {processor.py:186} INFO - Started process (PID=223759) to work on /root/miniconda3/envs/project/lib/python3.8/site-packages/airflow/example_dags/example_params_ui_tutorial.py
[2024-10-08T09:19:46.340+0000] {processor.py:914} INFO - Processing file /root/miniconda3/envs/project/lib/python3.8/site-packages/airflow/example_dags/example_params_ui_tutorial.py for tasks to queue
[2024-10-08T09:19:46.344+0000] {logging_mixin.py:190} INFO - [2024-10-08T09:19:46.343+0000] {dagbag.py:588} INFO - Filling up the DagBag from /root/miniconda3/envs/project/lib/python3.8/site-packages/airflow/example_dags/example_params_ui_tutorial.py
[2024-10-08T09:19:46.364+0000] {processor.py:925} INFO - DAG(s) 'example_params_ui_tutorial' retrieved from /root/miniconda3/envs/project/lib/python3.8/site-packages/airflow/example_dags/example_params_ui_tutorial.py
[2024-10-08T09:19:46.437+0000] {logging_mixin.py:190} INFO - [2024-10-08T09:19:46.437+0000] {dag.py:3239} INFO - Sync 1 DAGs
[2024-10-08T09:19:46.456+0000] {logging_mixin.py:190} INFO - [2024-10-08T09:19:46.455+0000] {dag.py:4180} INFO - Setting next_dagrun for example_params_ui_tutorial to None, run_after=None
[2024-10-08T09:19:46.489+0000] {processor.py:208} INFO - Processing /root/miniconda3/envs/project/lib/python3.8/site-packages/airflow/example_dags/example_params_ui_tutorial.py took 0.162 seconds
[2024-10-08T09:20:57.830+0000] {processor.py:186} INFO - Started process (PID=224051) to work on /root/miniconda3/envs/project/lib/python3.8/site-packages/airflow/example_dags/example_params_ui_tutorial.py
[2024-10-08T09:20:57.833+0000] {processor.py:914} INFO - Processing file /root/miniconda3/envs/project/lib/python3.8/site-packages/airflow/example_dags/example_params_ui_tutorial.py for tasks to queue
[2024-10-08T09:20:57.836+0000] {logging_mixin.py:190} INFO - [2024-10-08T09:20:57.836+0000] {dagbag.py:588} INFO - Filling up the DagBag from /root/miniconda3/envs/project/lib/python3.8/site-packages/airflow/example_dags/example_params_ui_tutorial.py
[2024-10-08T09:20:57.850+0000] {processor.py:925} INFO - DAG(s) 'example_params_ui_tutorial' retrieved from /root/miniconda3/envs/project/lib/python3.8/site-packages/airflow/example_dags/example_params_ui_tutorial.py
[2024-10-08T09:20:57.921+0000] {logging_mixin.py:190} INFO - [2024-10-08T09:20:57.920+0000] {dag.py:3239} INFO - Sync 1 DAGs
[2024-10-08T09:20:57.940+0000] {logging_mixin.py:190} INFO - [2024-10-08T09:20:57.940+0000] {dag.py:4180} INFO - Setting next_dagrun for example_params_ui_tutorial to None, run_after=None
[2024-10-08T09:20:57.970+0000] {processor.py:208} INFO - Processing /root/miniconda3/envs/project/lib/python3.8/site-packages/airflow/example_dags/example_params_ui_tutorial.py took 0.149 seconds
[2024-10-08T09:22:08.479+0000] {processor.py:186} INFO - Started process (PID=224277) to work on /root/miniconda3/envs/project/lib/python3.8/site-packages/airflow/example_dags/example_params_ui_tutorial.py
[2024-10-08T09:22:08.482+0000] {processor.py:914} INFO - Processing file /root/miniconda3/envs/project/lib/python3.8/site-packages/airflow/example_dags/example_params_ui_tutorial.py for tasks to queue
[2024-10-08T09:22:08.485+0000] {logging_mixin.py:190} INFO - [2024-10-08T09:22:08.485+0000] {dagbag.py:588} INFO - Filling up the DagBag from /root/miniconda3/envs/project/lib/python3.8/site-packages/airflow/example_dags/example_params_ui_tutorial.py
[2024-10-08T09:22:08.500+0000] {processor.py:925} INFO - DAG(s) 'example_params_ui_tutorial' retrieved from /root/miniconda3/envs/project/lib/python3.8/site-packages/airflow/example_dags/example_params_ui_tutorial.py
[2024-10-08T09:22:08.569+0000] {logging_mixin.py:190} INFO - [2024-10-08T09:22:08.568+0000] {dag.py:3239} INFO - Sync 1 DAGs
[2024-10-08T09:22:08.587+0000] {logging_mixin.py:190} INFO - [2024-10-08T09:22:08.586+0000] {dag.py:4180} INFO - Setting next_dagrun for example_params_ui_tutorial to None, run_after=None
[2024-10-08T09:22:08.618+0000] {processor.py:208} INFO - Processing /root/miniconda3/envs/project/lib/python3.8/site-packages/airflow/example_dags/example_params_ui_tutorial.py took 0.150 seconds
[2024-10-08T09:23:16.247+0000] {processor.py:186} INFO - Started process (PID=224489) to work on /root/miniconda3/envs/project/lib/python3.8/site-packages/airflow/example_dags/example_params_ui_tutorial.py
[2024-10-08T09:23:16.250+0000] {processor.py:914} INFO - Processing file /root/miniconda3/envs/project/lib/python3.8/site-packages/airflow/example_dags/example_params_ui_tutorial.py for tasks to queue
[2024-10-08T09:23:16.253+0000] {logging_mixin.py:190} INFO - [2024-10-08T09:23:16.253+0000] {dagbag.py:588} INFO - Filling up the DagBag from /root/miniconda3/envs/project/lib/python3.8/site-packages/airflow/example_dags/example_params_ui_tutorial.py
[2024-10-08T09:23:16.269+0000] {processor.py:925} INFO - DAG(s) 'example_params_ui_tutorial' retrieved from /root/miniconda3/envs/project/lib/python3.8/site-packages/airflow/example_dags/example_params_ui_tutorial.py
[2024-10-08T09:23:16.339+0000] {logging_mixin.py:190} INFO - [2024-10-08T09:23:16.338+0000] {dag.py:3239} INFO - Sync 1 DAGs
[2024-10-08T09:23:16.357+0000] {logging_mixin.py:190} INFO - [2024-10-08T09:23:16.357+0000] {dag.py:4180} INFO - Setting next_dagrun for example_params_ui_tutorial to None, run_after=None
[2024-10-08T09:23:16.391+0000] {processor.py:208} INFO - Processing /root/miniconda3/envs/project/lib/python3.8/site-packages/airflow/example_dags/example_params_ui_tutorial.py took 0.154 seconds
[2024-10-08T09:24:28.851+0000] {processor.py:186} INFO - Started process (PID=224700) to work on /root/miniconda3/envs/project/lib/python3.8/site-packages/airflow/example_dags/example_params_ui_tutorial.py
[2024-10-08T09:24:28.854+0000] {processor.py:914} INFO - Processing file /root/miniconda3/envs/project/lib/python3.8/site-packages/airflow/example_dags/example_params_ui_tutorial.py for tasks to queue
[2024-10-08T09:24:28.858+0000] {logging_mixin.py:190} INFO - [2024-10-08T09:24:28.857+0000] {dagbag.py:588} INFO - Filling up the DagBag from /root/miniconda3/envs/project/lib/python3.8/site-packages/airflow/example_dags/example_params_ui_tutorial.py
[2024-10-08T09:24:28.873+0000] {processor.py:925} INFO - DAG(s) 'example_params_ui_tutorial' retrieved from /root/miniconda3/envs/project/lib/python3.8/site-packages/airflow/example_dags/example_params_ui_tutorial.py
[2024-10-08T09:24:28.946+0000] {logging_mixin.py:190} INFO - [2024-10-08T09:24:28.946+0000] {dag.py:3239} INFO - Sync 1 DAGs
[2024-10-08T09:24:28.965+0000] {logging_mixin.py:190} INFO - [2024-10-08T09:24:28.965+0000] {dag.py:4180} INFO - Setting next_dagrun for example_params_ui_tutorial to None, run_after=None
[2024-10-08T09:24:29.000+0000] {processor.py:208} INFO - Processing /root/miniconda3/envs/project/lib/python3.8/site-packages/airflow/example_dags/example_params_ui_tutorial.py took 0.159 seconds
[2024-10-08T09:25:39.117+0000] {processor.py:186} INFO - Started process (PID=225464) to work on /root/miniconda3/envs/project/lib/python3.8/site-packages/airflow/example_dags/example_params_ui_tutorial.py
[2024-10-08T09:25:39.120+0000] {processor.py:914} INFO - Processing file /root/miniconda3/envs/project/lib/python3.8/site-packages/airflow/example_dags/example_params_ui_tutorial.py for tasks to queue
[2024-10-08T09:25:39.124+0000] {logging_mixin.py:190} INFO - [2024-10-08T09:25:39.123+0000] {dagbag.py:588} INFO - Filling up the DagBag from /root/miniconda3/envs/project/lib/python3.8/site-packages/airflow/example_dags/example_params_ui_tutorial.py
[2024-10-08T09:25:39.140+0000] {processor.py:925} INFO - DAG(s) 'example_params_ui_tutorial' retrieved from /root/miniconda3/envs/project/lib/python3.8/site-packages/airflow/example_dags/example_params_ui_tutorial.py
[2024-10-08T09:25:39.227+0000] {logging_mixin.py:190} INFO - [2024-10-08T09:25:39.227+0000] {dag.py:3239} INFO - Sync 1 DAGs
[2024-10-08T09:25:39.246+0000] {logging_mixin.py:190} INFO - [2024-10-08T09:25:39.246+0000] {dag.py:4180} INFO - Setting next_dagrun for example_params_ui_tutorial to None, run_after=None
[2024-10-08T09:25:39.281+0000] {processor.py:208} INFO - Processing /root/miniconda3/envs/project/lib/python3.8/site-packages/airflow/example_dags/example_params_ui_tutorial.py took 0.176 seconds
[2024-10-08T09:26:50.326+0000] {processor.py:186} INFO - Started process (PID=225951) to work on /root/miniconda3/envs/project/lib/python3.8/site-packages/airflow/example_dags/example_params_ui_tutorial.py
[2024-10-08T09:26:50.330+0000] {processor.py:914} INFO - Processing file /root/miniconda3/envs/project/lib/python3.8/site-packages/airflow/example_dags/example_params_ui_tutorial.py for tasks to queue
[2024-10-08T09:26:50.333+0000] {logging_mixin.py:190} INFO - [2024-10-08T09:26:50.332+0000] {dagbag.py:588} INFO - Filling up the DagBag from /root/miniconda3/envs/project/lib/python3.8/site-packages/airflow/example_dags/example_params_ui_tutorial.py
[2024-10-08T09:26:50.348+0000] {processor.py:925} INFO - DAG(s) 'example_params_ui_tutorial' retrieved from /root/miniconda3/envs/project/lib/python3.8/site-packages/airflow/example_dags/example_params_ui_tutorial.py
[2024-10-08T09:26:50.420+0000] {logging_mixin.py:190} INFO - [2024-10-08T09:26:50.420+0000] {dag.py:3239} INFO - Sync 1 DAGs
[2024-10-08T09:26:50.439+0000] {logging_mixin.py:190} INFO - [2024-10-08T09:26:50.438+0000] {dag.py:4180} INFO - Setting next_dagrun for example_params_ui_tutorial to None, run_after=None
[2024-10-08T09:26:50.473+0000] {processor.py:208} INFO - Processing /root/miniconda3/envs/project/lib/python3.8/site-packages/airflow/example_dags/example_params_ui_tutorial.py took 0.160 seconds
[2024-10-08T09:28:01.770+0000] {processor.py:186} INFO - Started process (PID=226443) to work on /root/miniconda3/envs/project/lib/python3.8/site-packages/airflow/example_dags/example_params_ui_tutorial.py
[2024-10-08T09:28:01.773+0000] {processor.py:914} INFO - Processing file /root/miniconda3/envs/project/lib/python3.8/site-packages/airflow/example_dags/example_params_ui_tutorial.py for tasks to queue
[2024-10-08T09:28:01.776+0000] {logging_mixin.py:190} INFO - [2024-10-08T09:28:01.776+0000] {dagbag.py:588} INFO - Filling up the DagBag from /root/miniconda3/envs/project/lib/python3.8/site-packages/airflow/example_dags/example_params_ui_tutorial.py
[2024-10-08T09:28:01.790+0000] {processor.py:925} INFO - DAG(s) 'example_params_ui_tutorial' retrieved from /root/miniconda3/envs/project/lib/python3.8/site-packages/airflow/example_dags/example_params_ui_tutorial.py
[2024-10-08T09:28:01.859+0000] {logging_mixin.py:190} INFO - [2024-10-08T09:28:01.859+0000] {dag.py:3239} INFO - Sync 1 DAGs
[2024-10-08T09:28:01.877+0000] {logging_mixin.py:190} INFO - [2024-10-08T09:28:01.877+0000] {dag.py:4180} INFO - Setting next_dagrun for example_params_ui_tutorial to None, run_after=None
[2024-10-08T09:28:01.911+0000] {processor.py:208} INFO - Processing /root/miniconda3/envs/project/lib/python3.8/site-packages/airflow/example_dags/example_params_ui_tutorial.py took 0.151 seconds
[2024-10-08T09:29:15.513+0000] {processor.py:186} INFO - Started process (PID=226962) to work on /root/miniconda3/envs/project/lib/python3.8/site-packages/airflow/example_dags/example_params_ui_tutorial.py
[2024-10-08T09:29:15.516+0000] {processor.py:914} INFO - Processing file /root/miniconda3/envs/project/lib/python3.8/site-packages/airflow/example_dags/example_params_ui_tutorial.py for tasks to queue
[2024-10-08T09:29:15.520+0000] {logging_mixin.py:190} INFO - [2024-10-08T09:29:15.519+0000] {dagbag.py:588} INFO - Filling up the DagBag from /root/miniconda3/envs/project/lib/python3.8/site-packages/airflow/example_dags/example_params_ui_tutorial.py
[2024-10-08T09:29:15.534+0000] {processor.py:925} INFO - DAG(s) 'example_params_ui_tutorial' retrieved from /root/miniconda3/envs/project/lib/python3.8/site-packages/airflow/example_dags/example_params_ui_tutorial.py
[2024-10-08T09:29:15.719+0000] {logging_mixin.py:190} INFO - [2024-10-08T09:29:15.718+0000] {dag.py:3239} INFO - Sync 1 DAGs
[2024-10-08T09:29:15.734+0000] {logging_mixin.py:190} INFO - [2024-10-08T09:29:15.734+0000] {dag.py:4180} INFO - Setting next_dagrun for example_params_ui_tutorial to None, run_after=None
[2024-10-08T09:29:15.772+0000] {processor.py:208} INFO - Processing /root/miniconda3/envs/project/lib/python3.8/site-packages/airflow/example_dags/example_params_ui_tutorial.py took 0.270 seconds
[2024-10-08T09:30:40.886+0000] {processor.py:186} INFO - Started process (PID=227874) to work on /root/miniconda3/envs/project/lib/python3.8/site-packages/airflow/example_dags/example_params_ui_tutorial.py
[2024-10-08T09:30:40.889+0000] {processor.py:914} INFO - Processing file /root/miniconda3/envs/project/lib/python3.8/site-packages/airflow/example_dags/example_params_ui_tutorial.py for tasks to queue
[2024-10-08T09:30:40.892+0000] {logging_mixin.py:190} INFO - [2024-10-08T09:30:40.892+0000] {dagbag.py:588} INFO - Filling up the DagBag from /root/miniconda3/envs/project/lib/python3.8/site-packages/airflow/example_dags/example_params_ui_tutorial.py
[2024-10-08T09:30:40.908+0000] {processor.py:925} INFO - DAG(s) 'example_params_ui_tutorial' retrieved from /root/miniconda3/envs/project/lib/python3.8/site-packages/airflow/example_dags/example_params_ui_tutorial.py
[2024-10-08T09:30:41.096+0000] {logging_mixin.py:190} INFO - [2024-10-08T09:30:41.096+0000] {dag.py:3239} INFO - Sync 1 DAGs
[2024-10-08T09:30:41.111+0000] {logging_mixin.py:190} INFO - [2024-10-08T09:30:41.111+0000] {dag.py:4180} INFO - Setting next_dagrun for example_params_ui_tutorial to None, run_after=None
[2024-10-08T09:30:41.143+0000] {processor.py:208} INFO - Processing /root/miniconda3/envs/project/lib/python3.8/site-packages/airflow/example_dags/example_params_ui_tutorial.py took 0.268 seconds
[2024-10-08T09:32:10.787+0000] {processor.py:186} INFO - Started process (PID=229011) to work on /root/miniconda3/envs/project/lib/python3.8/site-packages/airflow/example_dags/example_params_ui_tutorial.py
[2024-10-08T09:32:10.790+0000] {processor.py:914} INFO - Processing file /root/miniconda3/envs/project/lib/python3.8/site-packages/airflow/example_dags/example_params_ui_tutorial.py for tasks to queue
[2024-10-08T09:32:10.794+0000] {logging_mixin.py:190} INFO - [2024-10-08T09:32:10.793+0000] {dagbag.py:588} INFO - Filling up the DagBag from /root/miniconda3/envs/project/lib/python3.8/site-packages/airflow/example_dags/example_params_ui_tutorial.py
[2024-10-08T09:32:10.809+0000] {processor.py:925} INFO - DAG(s) 'example_params_ui_tutorial' retrieved from /root/miniconda3/envs/project/lib/python3.8/site-packages/airflow/example_dags/example_params_ui_tutorial.py
[2024-10-08T09:32:10.882+0000] {logging_mixin.py:190} INFO - [2024-10-08T09:32:10.882+0000] {dag.py:3239} INFO - Sync 1 DAGs
[2024-10-08T09:32:10.902+0000] {logging_mixin.py:190} INFO - [2024-10-08T09:32:10.901+0000] {dag.py:4180} INFO - Setting next_dagrun for example_params_ui_tutorial to None, run_after=None
[2024-10-08T09:32:10.937+0000] {processor.py:208} INFO - Processing /root/miniconda3/envs/project/lib/python3.8/site-packages/airflow/example_dags/example_params_ui_tutorial.py took 0.160 seconds
[2024-10-08T09:33:22.245+0000] {processor.py:186} INFO - Started process (PID=229294) to work on /root/miniconda3/envs/project/lib/python3.8/site-packages/airflow/example_dags/example_params_ui_tutorial.py
[2024-10-08T09:33:22.248+0000] {processor.py:914} INFO - Processing file /root/miniconda3/envs/project/lib/python3.8/site-packages/airflow/example_dags/example_params_ui_tutorial.py for tasks to queue
[2024-10-08T09:33:22.251+0000] {logging_mixin.py:190} INFO - [2024-10-08T09:33:22.251+0000] {dagbag.py:588} INFO - Filling up the DagBag from /root/miniconda3/envs/project/lib/python3.8/site-packages/airflow/example_dags/example_params_ui_tutorial.py
[2024-10-08T09:33:22.266+0000] {processor.py:925} INFO - DAG(s) 'example_params_ui_tutorial' retrieved from /root/miniconda3/envs/project/lib/python3.8/site-packages/airflow/example_dags/example_params_ui_tutorial.py
[2024-10-08T09:33:22.338+0000] {logging_mixin.py:190} INFO - [2024-10-08T09:33:22.337+0000] {dag.py:3239} INFO - Sync 1 DAGs
[2024-10-08T09:33:22.356+0000] {logging_mixin.py:190} INFO - [2024-10-08T09:33:22.356+0000] {dag.py:4180} INFO - Setting next_dagrun for example_params_ui_tutorial to None, run_after=None
[2024-10-08T09:33:22.391+0000] {processor.py:208} INFO - Processing /root/miniconda3/envs/project/lib/python3.8/site-packages/airflow/example_dags/example_params_ui_tutorial.py took 0.157 seconds
