[2024-10-08T07:57:21.062+0000] {processor.py:186} INFO - Started process (PID=207095) to work on /root/miniconda3/envs/project/lib/python3.8/site-packages/airflow/example_dags/example_xcomargs.py
[2024-10-08T07:57:21.064+0000] {processor.py:914} INFO - Processing file /root/miniconda3/envs/project/lib/python3.8/site-packages/airflow/example_dags/example_xcomargs.py for tasks to queue
[2024-10-08T07:57:21.068+0000] {logging_mixin.py:190} INFO - [2024-10-08T07:57:21.067+0000] {dagbag.py:588} INFO - Filling up the DagBag from /root/miniconda3/envs/project/lib/python3.8/site-packages/airflow/example_dags/example_xcomargs.py
[2024-10-08T07:57:21.084+0000] {processor.py:925} INFO - DAG(s) 'example_xcom_args_with_operators', 'example_xcom_args' retrieved from /root/miniconda3/envs/project/lib/python3.8/site-packages/airflow/example_dags/example_xcomargs.py
[2024-10-08T07:57:21.237+0000] {logging_mixin.py:190} INFO - [2024-10-08T07:57:21.236+0000] {override.py:1901} INFO - Created Permission View: can delete on DAG:example_xcom_args_with_operators
[2024-10-08T07:57:21.256+0000] {logging_mixin.py:190} INFO - [2024-10-08T07:57:21.255+0000] {override.py:1901} INFO - Created Permission View: can read on DAG:example_xcom_args_with_operators
[2024-10-08T07:57:21.271+0000] {logging_mixin.py:190} INFO - [2024-10-08T07:57:21.271+0000] {override.py:1901} INFO - Created Permission View: can edit on DAG:example_xcom_args_with_operators
[2024-10-08T07:57:21.295+0000] {logging_mixin.py:190} INFO - [2024-10-08T07:57:21.294+0000] {override.py:1901} INFO - Created Permission View: can delete on DAG Run:example_xcom_args_with_operators
[2024-10-08T07:57:21.310+0000] {logging_mixin.py:190} INFO - [2024-10-08T07:57:21.309+0000] {override.py:1901} INFO - Created Permission View: menu access on DAG Run:example_xcom_args_with_operators
[2024-10-08T07:57:21.324+0000] {logging_mixin.py:190} INFO - [2024-10-08T07:57:21.324+0000] {override.py:1901} INFO - Created Permission View: can create on DAG Run:example_xcom_args_with_operators
[2024-10-08T07:57:21.341+0000] {logging_mixin.py:190} INFO - [2024-10-08T07:57:21.341+0000] {override.py:1901} INFO - Created Permission View: can read on DAG Run:example_xcom_args_with_operators
[2024-10-08T07:57:21.376+0000] {logging_mixin.py:190} INFO - [2024-10-08T07:57:21.376+0000] {override.py:1901} INFO - Created Permission View: can delete on DAG:example_xcom_args
[2024-10-08T07:57:21.395+0000] {logging_mixin.py:190} INFO - [2024-10-08T07:57:21.394+0000] {override.py:1901} INFO - Created Permission View: can read on DAG:example_xcom_args
[2024-10-08T07:57:21.412+0000] {logging_mixin.py:190} INFO - [2024-10-08T07:57:21.411+0000] {override.py:1901} INFO - Created Permission View: can edit on DAG:example_xcom_args
[2024-10-08T07:57:21.440+0000] {logging_mixin.py:190} INFO - [2024-10-08T07:57:21.440+0000] {override.py:1901} INFO - Created Permission View: can delete on DAG Run:example_xcom_args
[2024-10-08T07:57:21.458+0000] {logging_mixin.py:190} INFO - [2024-10-08T07:57:21.458+0000] {override.py:1901} INFO - Created Permission View: menu access on DAG Run:example_xcom_args
[2024-10-08T07:57:21.479+0000] {logging_mixin.py:190} INFO - [2024-10-08T07:57:21.479+0000] {override.py:1901} INFO - Created Permission View: can create on DAG Run:example_xcom_args
[2024-10-08T07:57:21.496+0000] {logging_mixin.py:190} INFO - [2024-10-08T07:57:21.495+0000] {override.py:1901} INFO - Created Permission View: can read on DAG Run:example_xcom_args
[2024-10-08T07:57:21.496+0000] {logging_mixin.py:190} INFO - [2024-10-08T07:57:21.496+0000] {dag.py:3239} INFO - Sync 2 DAGs
[2024-10-08T07:57:21.515+0000] {logging_mixin.py:190} INFO - [2024-10-08T07:57:21.514+0000] {dag.py:3262} INFO - Creating ORM DAG for example_xcom_args_with_operators
[2024-10-08T07:57:21.516+0000] {logging_mixin.py:190} INFO - [2024-10-08T07:57:21.515+0000] {dag.py:3262} INFO - Creating ORM DAG for example_xcom_args
[2024-10-08T07:57:21.516+0000] {logging_mixin.py:190} INFO - [2024-10-08T07:57:21.516+0000] {dag.py:4180} INFO - Setting next_dagrun for example_xcom_args to None, run_after=None
[2024-10-08T07:57:21.517+0000] {logging_mixin.py:190} INFO - [2024-10-08T07:57:21.517+0000] {dag.py:4180} INFO - Setting next_dagrun for example_xcom_args_with_operators to None, run_after=None
[2024-10-08T07:57:21.554+0000] {processor.py:208} INFO - Processing /root/miniconda3/envs/project/lib/python3.8/site-packages/airflow/example_dags/example_xcomargs.py took 0.501 seconds
[2024-10-08T07:58:35.559+0000] {processor.py:186} INFO - Started process (PID=207300) to work on /root/miniconda3/envs/project/lib/python3.8/site-packages/airflow/example_dags/example_xcomargs.py
[2024-10-08T07:58:35.562+0000] {processor.py:914} INFO - Processing file /root/miniconda3/envs/project/lib/python3.8/site-packages/airflow/example_dags/example_xcomargs.py for tasks to queue
[2024-10-08T07:58:35.565+0000] {logging_mixin.py:190} INFO - [2024-10-08T07:58:35.564+0000] {dagbag.py:588} INFO - Filling up the DagBag from /root/miniconda3/envs/project/lib/python3.8/site-packages/airflow/example_dags/example_xcomargs.py
[2024-10-08T07:58:35.580+0000] {processor.py:925} INFO - DAG(s) 'example_xcom_args_with_operators', 'example_xcom_args' retrieved from /root/miniconda3/envs/project/lib/python3.8/site-packages/airflow/example_dags/example_xcomargs.py
[2024-10-08T07:58:35.608+0000] {logging_mixin.py:190} INFO - [2024-10-08T07:58:35.607+0000] {dag.py:3239} INFO - Sync 2 DAGs
[2024-10-08T07:58:35.625+0000] {logging_mixin.py:190} INFO - [2024-10-08T07:58:35.625+0000] {dag.py:4180} INFO - Setting next_dagrun for example_xcom_args to None, run_after=None
[2024-10-08T07:58:35.630+0000] {logging_mixin.py:190} INFO - [2024-10-08T07:58:35.629+0000] {dag.py:4180} INFO - Setting next_dagrun for example_xcom_args_with_operators to None, run_after=None
[2024-10-08T07:58:35.660+0000] {processor.py:208} INFO - Processing /root/miniconda3/envs/project/lib/python3.8/site-packages/airflow/example_dags/example_xcomargs.py took 0.112 seconds
[2024-10-08T07:59:48.330+0000] {processor.py:186} INFO - Started process (PID=207559) to work on /root/miniconda3/envs/project/lib/python3.8/site-packages/airflow/example_dags/example_xcomargs.py
[2024-10-08T07:59:48.333+0000] {processor.py:914} INFO - Processing file /root/miniconda3/envs/project/lib/python3.8/site-packages/airflow/example_dags/example_xcomargs.py for tasks to queue
[2024-10-08T07:59:48.336+0000] {logging_mixin.py:190} INFO - [2024-10-08T07:59:48.336+0000] {dagbag.py:588} INFO - Filling up the DagBag from /root/miniconda3/envs/project/lib/python3.8/site-packages/airflow/example_dags/example_xcomargs.py
[2024-10-08T07:59:48.352+0000] {processor.py:925} INFO - DAG(s) 'example_xcom_args_with_operators', 'example_xcom_args' retrieved from /root/miniconda3/envs/project/lib/python3.8/site-packages/airflow/example_dags/example_xcomargs.py
[2024-10-08T07:59:48.379+0000] {logging_mixin.py:190} INFO - [2024-10-08T07:59:48.379+0000] {dag.py:3239} INFO - Sync 2 DAGs
[2024-10-08T07:59:48.398+0000] {logging_mixin.py:190} INFO - [2024-10-08T07:59:48.397+0000] {dag.py:4180} INFO - Setting next_dagrun for example_xcom_args to None, run_after=None
[2024-10-08T07:59:48.401+0000] {logging_mixin.py:190} INFO - [2024-10-08T07:59:48.401+0000] {dag.py:4180} INFO - Setting next_dagrun for example_xcom_args_with_operators to None, run_after=None
[2024-10-08T07:59:48.430+0000] {processor.py:208} INFO - Processing /root/miniconda3/envs/project/lib/python3.8/site-packages/airflow/example_dags/example_xcomargs.py took 0.110 seconds
[2024-10-08T08:00:57.525+0000] {processor.py:186} INFO - Started process (PID=207948) to work on /root/miniconda3/envs/project/lib/python3.8/site-packages/airflow/example_dags/example_xcomargs.py
[2024-10-08T08:00:57.528+0000] {processor.py:914} INFO - Processing file /root/miniconda3/envs/project/lib/python3.8/site-packages/airflow/example_dags/example_xcomargs.py for tasks to queue
[2024-10-08T08:00:57.531+0000] {logging_mixin.py:190} INFO - [2024-10-08T08:00:57.531+0000] {dagbag.py:588} INFO - Filling up the DagBag from /root/miniconda3/envs/project/lib/python3.8/site-packages/airflow/example_dags/example_xcomargs.py
[2024-10-08T08:00:57.546+0000] {processor.py:925} INFO - DAG(s) 'example_xcom_args', 'example_xcom_args_with_operators' retrieved from /root/miniconda3/envs/project/lib/python3.8/site-packages/airflow/example_dags/example_xcomargs.py
[2024-10-08T08:00:57.573+0000] {logging_mixin.py:190} INFO - [2024-10-08T08:00:57.573+0000] {dag.py:3239} INFO - Sync 2 DAGs
[2024-10-08T08:00:57.590+0000] {logging_mixin.py:190} INFO - [2024-10-08T08:00:57.590+0000] {dag.py:4180} INFO - Setting next_dagrun for example_xcom_args to None, run_after=None
[2024-10-08T08:00:57.594+0000] {logging_mixin.py:190} INFO - [2024-10-08T08:00:57.594+0000] {dag.py:4180} INFO - Setting next_dagrun for example_xcom_args_with_operators to None, run_after=None
[2024-10-08T08:00:57.622+0000] {processor.py:208} INFO - Processing /root/miniconda3/envs/project/lib/python3.8/site-packages/airflow/example_dags/example_xcomargs.py took 0.107 seconds
[2024-10-08T08:02:11.546+0000] {processor.py:186} INFO - Started process (PID=208205) to work on /root/miniconda3/envs/project/lib/python3.8/site-packages/airflow/example_dags/example_xcomargs.py
[2024-10-08T08:02:11.549+0000] {processor.py:914} INFO - Processing file /root/miniconda3/envs/project/lib/python3.8/site-packages/airflow/example_dags/example_xcomargs.py for tasks to queue
[2024-10-08T08:02:11.552+0000] {logging_mixin.py:190} INFO - [2024-10-08T08:02:11.552+0000] {dagbag.py:588} INFO - Filling up the DagBag from /root/miniconda3/envs/project/lib/python3.8/site-packages/airflow/example_dags/example_xcomargs.py
[2024-10-08T08:02:11.568+0000] {processor.py:925} INFO - DAG(s) 'example_xcom_args_with_operators', 'example_xcom_args' retrieved from /root/miniconda3/envs/project/lib/python3.8/site-packages/airflow/example_dags/example_xcomargs.py
[2024-10-08T08:02:11.596+0000] {logging_mixin.py:190} INFO - [2024-10-08T08:02:11.596+0000] {dag.py:3239} INFO - Sync 2 DAGs
[2024-10-08T08:02:11.614+0000] {logging_mixin.py:190} INFO - [2024-10-08T08:02:11.614+0000] {dag.py:4180} INFO - Setting next_dagrun for example_xcom_args to None, run_after=None
[2024-10-08T08:02:11.619+0000] {logging_mixin.py:190} INFO - [2024-10-08T08:02:11.618+0000] {dag.py:4180} INFO - Setting next_dagrun for example_xcom_args_with_operators to None, run_after=None
[2024-10-08T08:02:11.651+0000] {processor.py:208} INFO - Processing /root/miniconda3/envs/project/lib/python3.8/site-packages/airflow/example_dags/example_xcomargs.py took 0.117 seconds
[2024-10-08T08:03:22.865+0000] {processor.py:186} INFO - Started process (PID=208410) to work on /root/miniconda3/envs/project/lib/python3.8/site-packages/airflow/example_dags/example_xcomargs.py
[2024-10-08T08:03:22.869+0000] {processor.py:914} INFO - Processing file /root/miniconda3/envs/project/lib/python3.8/site-packages/airflow/example_dags/example_xcomargs.py for tasks to queue
[2024-10-08T08:03:22.872+0000] {logging_mixin.py:190} INFO - [2024-10-08T08:03:22.872+0000] {dagbag.py:588} INFO - Filling up the DagBag from /root/miniconda3/envs/project/lib/python3.8/site-packages/airflow/example_dags/example_xcomargs.py
[2024-10-08T08:03:22.890+0000] {processor.py:925} INFO - DAG(s) 'example_xcom_args', 'example_xcom_args_with_operators' retrieved from /root/miniconda3/envs/project/lib/python3.8/site-packages/airflow/example_dags/example_xcomargs.py
[2024-10-08T08:03:22.919+0000] {logging_mixin.py:190} INFO - [2024-10-08T08:03:22.919+0000] {dag.py:3239} INFO - Sync 2 DAGs
[2024-10-08T08:03:22.937+0000] {logging_mixin.py:190} INFO - [2024-10-08T08:03:22.937+0000] {dag.py:4180} INFO - Setting next_dagrun for example_xcom_args to None, run_after=None
[2024-10-08T08:03:22.941+0000] {logging_mixin.py:190} INFO - [2024-10-08T08:03:22.941+0000] {dag.py:4180} INFO - Setting next_dagrun for example_xcom_args_with_operators to None, run_after=None
[2024-10-08T08:03:22.969+0000] {processor.py:208} INFO - Processing /root/miniconda3/envs/project/lib/python3.8/site-packages/airflow/example_dags/example_xcomargs.py took 0.115 seconds
[2024-10-08T08:04:30.440+0000] {processor.py:186} INFO - Started process (PID=208612) to work on /root/miniconda3/envs/project/lib/python3.8/site-packages/airflow/example_dags/example_xcomargs.py
[2024-10-08T08:04:30.443+0000] {processor.py:914} INFO - Processing file /root/miniconda3/envs/project/lib/python3.8/site-packages/airflow/example_dags/example_xcomargs.py for tasks to queue
[2024-10-08T08:04:30.446+0000] {logging_mixin.py:190} INFO - [2024-10-08T08:04:30.446+0000] {dagbag.py:588} INFO - Filling up the DagBag from /root/miniconda3/envs/project/lib/python3.8/site-packages/airflow/example_dags/example_xcomargs.py
[2024-10-08T08:04:30.462+0000] {processor.py:925} INFO - DAG(s) 'example_xcom_args', 'example_xcom_args_with_operators' retrieved from /root/miniconda3/envs/project/lib/python3.8/site-packages/airflow/example_dags/example_xcomargs.py
[2024-10-08T08:04:30.490+0000] {logging_mixin.py:190} INFO - [2024-10-08T08:04:30.490+0000] {dag.py:3239} INFO - Sync 2 DAGs
[2024-10-08T08:04:30.509+0000] {logging_mixin.py:190} INFO - [2024-10-08T08:04:30.508+0000] {dag.py:4180} INFO - Setting next_dagrun for example_xcom_args to None, run_after=None
[2024-10-08T08:04:30.513+0000] {logging_mixin.py:190} INFO - [2024-10-08T08:04:30.512+0000] {dag.py:4180} INFO - Setting next_dagrun for example_xcom_args_with_operators to None, run_after=None
[2024-10-08T08:04:30.541+0000] {processor.py:208} INFO - Processing /root/miniconda3/envs/project/lib/python3.8/site-packages/airflow/example_dags/example_xcomargs.py took 0.111 seconds
[2024-10-08T08:05:32.408+0000] {processor.py:186} INFO - Started process (PID=208796) to work on /root/miniconda3/envs/project/lib/python3.8/site-packages/airflow/example_dags/example_xcomargs.py
[2024-10-08T08:05:32.411+0000] {processor.py:914} INFO - Processing file /root/miniconda3/envs/project/lib/python3.8/site-packages/airflow/example_dags/example_xcomargs.py for tasks to queue
[2024-10-08T08:05:32.415+0000] {logging_mixin.py:190} INFO - [2024-10-08T08:05:32.414+0000] {dagbag.py:588} INFO - Filling up the DagBag from /root/miniconda3/envs/project/lib/python3.8/site-packages/airflow/example_dags/example_xcomargs.py
[2024-10-08T08:05:32.432+0000] {processor.py:925} INFO - DAG(s) 'example_xcom_args_with_operators', 'example_xcom_args' retrieved from /root/miniconda3/envs/project/lib/python3.8/site-packages/airflow/example_dags/example_xcomargs.py
[2024-10-08T08:05:32.460+0000] {logging_mixin.py:190} INFO - [2024-10-08T08:05:32.460+0000] {dag.py:3239} INFO - Sync 2 DAGs
[2024-10-08T08:05:32.479+0000] {logging_mixin.py:190} INFO - [2024-10-08T08:05:32.479+0000] {dag.py:4180} INFO - Setting next_dagrun for example_xcom_args to None, run_after=None
[2024-10-08T08:05:32.483+0000] {logging_mixin.py:190} INFO - [2024-10-08T08:05:32.483+0000] {dag.py:4180} INFO - Setting next_dagrun for example_xcom_args_with_operators to None, run_after=None
[2024-10-08T08:05:32.511+0000] {processor.py:208} INFO - Processing /root/miniconda3/envs/project/lib/python3.8/site-packages/airflow/example_dags/example_xcomargs.py took 0.115 seconds
[2024-10-08T08:06:33.571+0000] {processor.py:186} INFO - Started process (PID=208980) to work on /root/miniconda3/envs/project/lib/python3.8/site-packages/airflow/example_dags/example_xcomargs.py
[2024-10-08T08:06:33.574+0000] {processor.py:914} INFO - Processing file /root/miniconda3/envs/project/lib/python3.8/site-packages/airflow/example_dags/example_xcomargs.py for tasks to queue
[2024-10-08T08:06:33.577+0000] {logging_mixin.py:190} INFO - [2024-10-08T08:06:33.576+0000] {dagbag.py:588} INFO - Filling up the DagBag from /root/miniconda3/envs/project/lib/python3.8/site-packages/airflow/example_dags/example_xcomargs.py
[2024-10-08T08:06:33.593+0000] {processor.py:925} INFO - DAG(s) 'example_xcom_args', 'example_xcom_args_with_operators' retrieved from /root/miniconda3/envs/project/lib/python3.8/site-packages/airflow/example_dags/example_xcomargs.py
[2024-10-08T08:06:33.620+0000] {logging_mixin.py:190} INFO - [2024-10-08T08:06:33.620+0000] {dag.py:3239} INFO - Sync 2 DAGs
[2024-10-08T08:06:33.639+0000] {logging_mixin.py:190} INFO - [2024-10-08T08:06:33.639+0000] {dag.py:4180} INFO - Setting next_dagrun for example_xcom_args to None, run_after=None
[2024-10-08T08:06:33.643+0000] {logging_mixin.py:190} INFO - [2024-10-08T08:06:33.643+0000] {dag.py:4180} INFO - Setting next_dagrun for example_xcom_args_with_operators to None, run_after=None
[2024-10-08T08:06:33.673+0000] {processor.py:208} INFO - Processing /root/miniconda3/envs/project/lib/python3.8/site-packages/airflow/example_dags/example_xcomargs.py took 0.114 seconds
[2024-10-08T08:07:43.537+0000] {processor.py:186} INFO - Started process (PID=209226) to work on /root/miniconda3/envs/project/lib/python3.8/site-packages/airflow/example_dags/example_xcomargs.py
[2024-10-08T08:07:43.540+0000] {processor.py:914} INFO - Processing file /root/miniconda3/envs/project/lib/python3.8/site-packages/airflow/example_dags/example_xcomargs.py for tasks to queue
[2024-10-08T08:07:43.543+0000] {logging_mixin.py:190} INFO - [2024-10-08T08:07:43.543+0000] {dagbag.py:588} INFO - Filling up the DagBag from /root/miniconda3/envs/project/lib/python3.8/site-packages/airflow/example_dags/example_xcomargs.py
[2024-10-08T08:07:43.560+0000] {processor.py:925} INFO - DAG(s) 'example_xcom_args_with_operators', 'example_xcom_args' retrieved from /root/miniconda3/envs/project/lib/python3.8/site-packages/airflow/example_dags/example_xcomargs.py
[2024-10-08T08:07:43.588+0000] {logging_mixin.py:190} INFO - [2024-10-08T08:07:43.588+0000] {dag.py:3239} INFO - Sync 2 DAGs
[2024-10-08T08:07:43.607+0000] {logging_mixin.py:190} INFO - [2024-10-08T08:07:43.607+0000] {dag.py:4180} INFO - Setting next_dagrun for example_xcom_args to None, run_after=None
[2024-10-08T08:07:43.611+0000] {logging_mixin.py:190} INFO - [2024-10-08T08:07:43.611+0000] {dag.py:4180} INFO - Setting next_dagrun for example_xcom_args_with_operators to None, run_after=None
[2024-10-08T08:07:43.641+0000] {processor.py:208} INFO - Processing /root/miniconda3/envs/project/lib/python3.8/site-packages/airflow/example_dags/example_xcomargs.py took 0.116 seconds
[2024-10-08T08:09:52.131+0000] {processor.py:186} INFO - Started process (PID=210056) to work on /root/miniconda3/envs/project/lib/python3.8/site-packages/airflow/example_dags/example_xcomargs.py
[2024-10-08T08:09:52.134+0000] {processor.py:914} INFO - Processing file /root/miniconda3/envs/project/lib/python3.8/site-packages/airflow/example_dags/example_xcomargs.py for tasks to queue
[2024-10-08T08:09:52.137+0000] {logging_mixin.py:190} INFO - [2024-10-08T08:09:52.137+0000] {dagbag.py:588} INFO - Filling up the DagBag from /root/miniconda3/envs/project/lib/python3.8/site-packages/airflow/example_dags/example_xcomargs.py
[2024-10-08T08:09:52.152+0000] {processor.py:925} INFO - DAG(s) 'example_xcom_args', 'example_xcom_args_with_operators' retrieved from /root/miniconda3/envs/project/lib/python3.8/site-packages/airflow/example_dags/example_xcomargs.py
[2024-10-08T08:09:52.182+0000] {logging_mixin.py:190} INFO - [2024-10-08T08:09:52.181+0000] {dag.py:3239} INFO - Sync 2 DAGs
[2024-10-08T08:09:52.200+0000] {logging_mixin.py:190} INFO - [2024-10-08T08:09:52.199+0000] {dag.py:4180} INFO - Setting next_dagrun for example_xcom_args to None, run_after=None
[2024-10-08T08:09:52.203+0000] {logging_mixin.py:190} INFO - [2024-10-08T08:09:52.203+0000] {dag.py:4180} INFO - Setting next_dagrun for example_xcom_args_with_operators to None, run_after=None
[2024-10-08T08:09:52.233+0000] {processor.py:208} INFO - Processing /root/miniconda3/envs/project/lib/python3.8/site-packages/airflow/example_dags/example_xcomargs.py took 0.114 seconds
[2024-10-08T08:11:16.442+0000] {processor.py:186} INFO - Started process (PID=210523) to work on /root/miniconda3/envs/project/lib/python3.8/site-packages/airflow/example_dags/example_xcomargs.py
[2024-10-08T08:11:16.446+0000] {processor.py:914} INFO - Processing file /root/miniconda3/envs/project/lib/python3.8/site-packages/airflow/example_dags/example_xcomargs.py for tasks to queue
[2024-10-08T08:11:16.449+0000] {logging_mixin.py:190} INFO - [2024-10-08T08:11:16.449+0000] {dagbag.py:588} INFO - Filling up the DagBag from /root/miniconda3/envs/project/lib/python3.8/site-packages/airflow/example_dags/example_xcomargs.py
[2024-10-08T08:11:16.466+0000] {processor.py:925} INFO - DAG(s) 'example_xcom_args', 'example_xcom_args_with_operators' retrieved from /root/miniconda3/envs/project/lib/python3.8/site-packages/airflow/example_dags/example_xcomargs.py
[2024-10-08T08:11:16.498+0000] {logging_mixin.py:190} INFO - [2024-10-08T08:11:16.498+0000] {dag.py:3239} INFO - Sync 2 DAGs
[2024-10-08T08:11:16.517+0000] {logging_mixin.py:190} INFO - [2024-10-08T08:11:16.516+0000] {dag.py:4180} INFO - Setting next_dagrun for example_xcom_args to None, run_after=None
[2024-10-08T08:11:16.521+0000] {logging_mixin.py:190} INFO - [2024-10-08T08:11:16.521+0000] {dag.py:4180} INFO - Setting next_dagrun for example_xcom_args_with_operators to None, run_after=None
[2024-10-08T08:11:16.553+0000] {processor.py:208} INFO - Processing /root/miniconda3/envs/project/lib/python3.8/site-packages/airflow/example_dags/example_xcomargs.py took 0.125 seconds
[2024-10-08T08:12:54.580+0000] {processor.py:186} INFO - Started process (PID=211051) to work on /root/miniconda3/envs/project/lib/python3.8/site-packages/airflow/example_dags/example_xcomargs.py
[2024-10-08T08:12:54.583+0000] {processor.py:914} INFO - Processing file /root/miniconda3/envs/project/lib/python3.8/site-packages/airflow/example_dags/example_xcomargs.py for tasks to queue
[2024-10-08T08:12:54.586+0000] {logging_mixin.py:190} INFO - [2024-10-08T08:12:54.586+0000] {dagbag.py:588} INFO - Filling up the DagBag from /root/miniconda3/envs/project/lib/python3.8/site-packages/airflow/example_dags/example_xcomargs.py
[2024-10-08T08:12:54.605+0000] {processor.py:925} INFO - DAG(s) 'example_xcom_args_with_operators', 'example_xcom_args' retrieved from /root/miniconda3/envs/project/lib/python3.8/site-packages/airflow/example_dags/example_xcomargs.py
[2024-10-08T08:12:54.635+0000] {logging_mixin.py:190} INFO - [2024-10-08T08:12:54.635+0000] {dag.py:3239} INFO - Sync 2 DAGs
[2024-10-08T08:12:54.652+0000] {logging_mixin.py:190} INFO - [2024-10-08T08:12:54.652+0000] {dag.py:4180} INFO - Setting next_dagrun for example_xcom_args to None, run_after=None
[2024-10-08T08:12:54.656+0000] {logging_mixin.py:190} INFO - [2024-10-08T08:12:54.656+0000] {dag.py:4180} INFO - Setting next_dagrun for example_xcom_args_with_operators to None, run_after=None
[2024-10-08T08:12:54.686+0000] {processor.py:208} INFO - Processing /root/miniconda3/envs/project/lib/python3.8/site-packages/airflow/example_dags/example_xcomargs.py took 0.120 seconds
[2024-10-08T08:14:00.557+0000] {processor.py:186} INFO - Started process (PID=211256) to work on /root/miniconda3/envs/project/lib/python3.8/site-packages/airflow/example_dags/example_xcomargs.py
[2024-10-08T08:14:00.560+0000] {processor.py:914} INFO - Processing file /root/miniconda3/envs/project/lib/python3.8/site-packages/airflow/example_dags/example_xcomargs.py for tasks to queue
[2024-10-08T08:14:00.563+0000] {logging_mixin.py:190} INFO - [2024-10-08T08:14:00.563+0000] {dagbag.py:588} INFO - Filling up the DagBag from /root/miniconda3/envs/project/lib/python3.8/site-packages/airflow/example_dags/example_xcomargs.py
[2024-10-08T08:14:00.579+0000] {processor.py:925} INFO - DAG(s) 'example_xcom_args_with_operators', 'example_xcom_args' retrieved from /root/miniconda3/envs/project/lib/python3.8/site-packages/airflow/example_dags/example_xcomargs.py
[2024-10-08T08:14:00.607+0000] {logging_mixin.py:190} INFO - [2024-10-08T08:14:00.607+0000] {dag.py:3239} INFO - Sync 2 DAGs
[2024-10-08T08:14:00.627+0000] {logging_mixin.py:190} INFO - [2024-10-08T08:14:00.626+0000] {dag.py:4180} INFO - Setting next_dagrun for example_xcom_args to None, run_after=None
[2024-10-08T08:14:00.631+0000] {logging_mixin.py:190} INFO - [2024-10-08T08:14:00.630+0000] {dag.py:4180} INFO - Setting next_dagrun for example_xcom_args_with_operators to None, run_after=None
[2024-10-08T08:14:00.659+0000] {processor.py:208} INFO - Processing /root/miniconda3/envs/project/lib/python3.8/site-packages/airflow/example_dags/example_xcomargs.py took 0.113 seconds
[2024-10-08T08:15:08.596+0000] {processor.py:186} INFO - Started process (PID=211504) to work on /root/miniconda3/envs/project/lib/python3.8/site-packages/airflow/example_dags/example_xcomargs.py
[2024-10-08T08:15:08.599+0000] {processor.py:914} INFO - Processing file /root/miniconda3/envs/project/lib/python3.8/site-packages/airflow/example_dags/example_xcomargs.py for tasks to queue
[2024-10-08T08:15:08.603+0000] {logging_mixin.py:190} INFO - [2024-10-08T08:15:08.602+0000] {dagbag.py:588} INFO - Filling up the DagBag from /root/miniconda3/envs/project/lib/python3.8/site-packages/airflow/example_dags/example_xcomargs.py
[2024-10-08T08:15:08.620+0000] {processor.py:925} INFO - DAG(s) 'example_xcom_args', 'example_xcom_args_with_operators' retrieved from /root/miniconda3/envs/project/lib/python3.8/site-packages/airflow/example_dags/example_xcomargs.py
[2024-10-08T08:15:08.648+0000] {logging_mixin.py:190} INFO - [2024-10-08T08:15:08.648+0000] {dag.py:3239} INFO - Sync 2 DAGs
[2024-10-08T08:15:08.666+0000] {logging_mixin.py:190} INFO - [2024-10-08T08:15:08.666+0000] {dag.py:4180} INFO - Setting next_dagrun for example_xcom_args to None, run_after=None
[2024-10-08T08:15:08.670+0000] {logging_mixin.py:190} INFO - [2024-10-08T08:15:08.670+0000] {dag.py:4180} INFO - Setting next_dagrun for example_xcom_args_with_operators to None, run_after=None
[2024-10-08T08:15:08.702+0000] {processor.py:208} INFO - Processing /root/miniconda3/envs/project/lib/python3.8/site-packages/airflow/example_dags/example_xcomargs.py took 0.119 seconds
[2024-10-08T08:16:17.316+0000] {processor.py:186} INFO - Started process (PID=211708) to work on /root/miniconda3/envs/project/lib/python3.8/site-packages/airflow/example_dags/example_xcomargs.py
[2024-10-08T08:16:17.319+0000] {processor.py:914} INFO - Processing file /root/miniconda3/envs/project/lib/python3.8/site-packages/airflow/example_dags/example_xcomargs.py for tasks to queue
[2024-10-08T08:16:17.322+0000] {logging_mixin.py:190} INFO - [2024-10-08T08:16:17.321+0000] {dagbag.py:588} INFO - Filling up the DagBag from /root/miniconda3/envs/project/lib/python3.8/site-packages/airflow/example_dags/example_xcomargs.py
[2024-10-08T08:16:17.338+0000] {processor.py:925} INFO - DAG(s) 'example_xcom_args', 'example_xcom_args_with_operators' retrieved from /root/miniconda3/envs/project/lib/python3.8/site-packages/airflow/example_dags/example_xcomargs.py
[2024-10-08T08:16:17.366+0000] {logging_mixin.py:190} INFO - [2024-10-08T08:16:17.365+0000] {dag.py:3239} INFO - Sync 2 DAGs
[2024-10-08T08:16:17.383+0000] {logging_mixin.py:190} INFO - [2024-10-08T08:16:17.383+0000] {dag.py:4180} INFO - Setting next_dagrun for example_xcom_args to None, run_after=None
[2024-10-08T08:16:17.387+0000] {logging_mixin.py:190} INFO - [2024-10-08T08:16:17.387+0000] {dag.py:4180} INFO - Setting next_dagrun for example_xcom_args_with_operators to None, run_after=None
[2024-10-08T08:16:17.420+0000] {processor.py:208} INFO - Processing /root/miniconda3/envs/project/lib/python3.8/site-packages/airflow/example_dags/example_xcomargs.py took 0.116 seconds
[2024-10-08T08:17:27.778+0000] {processor.py:186} INFO - Started process (PID=211915) to work on /root/miniconda3/envs/project/lib/python3.8/site-packages/airflow/example_dags/example_xcomargs.py
[2024-10-08T08:17:27.781+0000] {processor.py:914} INFO - Processing file /root/miniconda3/envs/project/lib/python3.8/site-packages/airflow/example_dags/example_xcomargs.py for tasks to queue
[2024-10-08T08:17:27.784+0000] {logging_mixin.py:190} INFO - [2024-10-08T08:17:27.783+0000] {dagbag.py:588} INFO - Filling up the DagBag from /root/miniconda3/envs/project/lib/python3.8/site-packages/airflow/example_dags/example_xcomargs.py
[2024-10-08T08:17:27.799+0000] {processor.py:925} INFO - DAG(s) 'example_xcom_args_with_operators', 'example_xcom_args' retrieved from /root/miniconda3/envs/project/lib/python3.8/site-packages/airflow/example_dags/example_xcomargs.py
[2024-10-08T08:17:27.828+0000] {logging_mixin.py:190} INFO - [2024-10-08T08:17:27.828+0000] {dag.py:3239} INFO - Sync 2 DAGs
[2024-10-08T08:17:27.846+0000] {logging_mixin.py:190} INFO - [2024-10-08T08:17:27.846+0000] {dag.py:4180} INFO - Setting next_dagrun for example_xcom_args to None, run_after=None
[2024-10-08T08:17:27.850+0000] {logging_mixin.py:190} INFO - [2024-10-08T08:17:27.850+0000] {dag.py:4180} INFO - Setting next_dagrun for example_xcom_args_with_operators to None, run_after=None
[2024-10-08T08:17:27.878+0000] {processor.py:208} INFO - Processing /root/miniconda3/envs/project/lib/python3.8/site-packages/airflow/example_dags/example_xcomargs.py took 0.111 seconds
[2024-10-08T08:18:37.041+0000] {processor.py:186} INFO - Started process (PID=212206) to work on /root/miniconda3/envs/project/lib/python3.8/site-packages/airflow/example_dags/example_xcomargs.py
[2024-10-08T08:18:37.044+0000] {processor.py:914} INFO - Processing file /root/miniconda3/envs/project/lib/python3.8/site-packages/airflow/example_dags/example_xcomargs.py for tasks to queue
[2024-10-08T08:18:37.047+0000] {logging_mixin.py:190} INFO - [2024-10-08T08:18:37.046+0000] {dagbag.py:588} INFO - Filling up the DagBag from /root/miniconda3/envs/project/lib/python3.8/site-packages/airflow/example_dags/example_xcomargs.py
[2024-10-08T08:18:37.062+0000] {processor.py:925} INFO - DAG(s) 'example_xcom_args_with_operators', 'example_xcom_args' retrieved from /root/miniconda3/envs/project/lib/python3.8/site-packages/airflow/example_dags/example_xcomargs.py
[2024-10-08T08:18:37.090+0000] {logging_mixin.py:190} INFO - [2024-10-08T08:18:37.090+0000] {dag.py:3239} INFO - Sync 2 DAGs
[2024-10-08T08:18:37.108+0000] {logging_mixin.py:190} INFO - [2024-10-08T08:18:37.108+0000] {dag.py:4180} INFO - Setting next_dagrun for example_xcom_args to None, run_after=None
[2024-10-08T08:18:37.112+0000] {logging_mixin.py:190} INFO - [2024-10-08T08:18:37.112+0000] {dag.py:4180} INFO - Setting next_dagrun for example_xcom_args_with_operators to None, run_after=None
[2024-10-08T08:18:37.141+0000] {processor.py:208} INFO - Processing /root/miniconda3/envs/project/lib/python3.8/site-packages/airflow/example_dags/example_xcomargs.py took 0.110 seconds
[2024-10-08T08:19:46.042+0000] {processor.py:186} INFO - Started process (PID=212408) to work on /root/miniconda3/envs/project/lib/python3.8/site-packages/airflow/example_dags/example_xcomargs.py
[2024-10-08T08:19:46.045+0000] {processor.py:914} INFO - Processing file /root/miniconda3/envs/project/lib/python3.8/site-packages/airflow/example_dags/example_xcomargs.py for tasks to queue
[2024-10-08T08:19:46.048+0000] {logging_mixin.py:190} INFO - [2024-10-08T08:19:46.048+0000] {dagbag.py:588} INFO - Filling up the DagBag from /root/miniconda3/envs/project/lib/python3.8/site-packages/airflow/example_dags/example_xcomargs.py
[2024-10-08T08:19:46.064+0000] {processor.py:925} INFO - DAG(s) 'example_xcom_args_with_operators', 'example_xcom_args' retrieved from /root/miniconda3/envs/project/lib/python3.8/site-packages/airflow/example_dags/example_xcomargs.py
[2024-10-08T08:19:46.092+0000] {logging_mixin.py:190} INFO - [2024-10-08T08:19:46.092+0000] {dag.py:3239} INFO - Sync 2 DAGs
[2024-10-08T08:19:46.111+0000] {logging_mixin.py:190} INFO - [2024-10-08T08:19:46.111+0000] {dag.py:4180} INFO - Setting next_dagrun for example_xcom_args to None, run_after=None
[2024-10-08T08:19:46.115+0000] {logging_mixin.py:190} INFO - [2024-10-08T08:19:46.115+0000] {dag.py:4180} INFO - Setting next_dagrun for example_xcom_args_with_operators to None, run_after=None
[2024-10-08T08:19:46.146+0000] {processor.py:208} INFO - Processing /root/miniconda3/envs/project/lib/python3.8/site-packages/airflow/example_dags/example_xcomargs.py took 0.116 seconds
[2024-10-08T08:20:55.191+0000] {processor.py:186} INFO - Started process (PID=212597) to work on /root/miniconda3/envs/project/lib/python3.8/site-packages/airflow/example_dags/example_xcomargs.py
[2024-10-08T08:20:55.194+0000] {processor.py:914} INFO - Processing file /root/miniconda3/envs/project/lib/python3.8/site-packages/airflow/example_dags/example_xcomargs.py for tasks to queue
[2024-10-08T08:20:55.197+0000] {logging_mixin.py:190} INFO - [2024-10-08T08:20:55.197+0000] {dagbag.py:588} INFO - Filling up the DagBag from /root/miniconda3/envs/project/lib/python3.8/site-packages/airflow/example_dags/example_xcomargs.py
[2024-10-08T08:20:55.212+0000] {processor.py:925} INFO - DAG(s) 'example_xcom_args_with_operators', 'example_xcom_args' retrieved from /root/miniconda3/envs/project/lib/python3.8/site-packages/airflow/example_dags/example_xcomargs.py
[2024-10-08T08:20:55.240+0000] {logging_mixin.py:190} INFO - [2024-10-08T08:20:55.239+0000] {dag.py:3239} INFO - Sync 2 DAGs
[2024-10-08T08:20:55.258+0000] {logging_mixin.py:190} INFO - [2024-10-08T08:20:55.258+0000] {dag.py:4180} INFO - Setting next_dagrun for example_xcom_args to None, run_after=None
[2024-10-08T08:20:55.262+0000] {logging_mixin.py:190} INFO - [2024-10-08T08:20:55.262+0000] {dag.py:4180} INFO - Setting next_dagrun for example_xcom_args_with_operators to None, run_after=None
[2024-10-08T08:20:55.293+0000] {processor.py:208} INFO - Processing /root/miniconda3/envs/project/lib/python3.8/site-packages/airflow/example_dags/example_xcomargs.py took 0.112 seconds
[2024-10-08T08:22:05.530+0000] {processor.py:186} INFO - Started process (PID=212806) to work on /root/miniconda3/envs/project/lib/python3.8/site-packages/airflow/example_dags/example_xcomargs.py
[2024-10-08T08:22:05.533+0000] {processor.py:914} INFO - Processing file /root/miniconda3/envs/project/lib/python3.8/site-packages/airflow/example_dags/example_xcomargs.py for tasks to queue
[2024-10-08T08:22:05.536+0000] {logging_mixin.py:190} INFO - [2024-10-08T08:22:05.536+0000] {dagbag.py:588} INFO - Filling up the DagBag from /root/miniconda3/envs/project/lib/python3.8/site-packages/airflow/example_dags/example_xcomargs.py
[2024-10-08T08:22:05.551+0000] {processor.py:925} INFO - DAG(s) 'example_xcom_args_with_operators', 'example_xcom_args' retrieved from /root/miniconda3/envs/project/lib/python3.8/site-packages/airflow/example_dags/example_xcomargs.py
[2024-10-08T08:22:05.579+0000] {logging_mixin.py:190} INFO - [2024-10-08T08:22:05.578+0000] {dag.py:3239} INFO - Sync 2 DAGs
[2024-10-08T08:22:05.597+0000] {logging_mixin.py:190} INFO - [2024-10-08T08:22:05.596+0000] {dag.py:4180} INFO - Setting next_dagrun for example_xcom_args to None, run_after=None
[2024-10-08T08:22:05.601+0000] {logging_mixin.py:190} INFO - [2024-10-08T08:22:05.601+0000] {dag.py:4180} INFO - Setting next_dagrun for example_xcom_args_with_operators to None, run_after=None
[2024-10-08T08:22:05.633+0000] {processor.py:208} INFO - Processing /root/miniconda3/envs/project/lib/python3.8/site-packages/airflow/example_dags/example_xcomargs.py took 0.114 seconds
[2024-10-08T08:23:14.316+0000] {processor.py:186} INFO - Started process (PID=213051) to work on /root/miniconda3/envs/project/lib/python3.8/site-packages/airflow/example_dags/example_xcomargs.py
[2024-10-08T08:23:14.319+0000] {processor.py:914} INFO - Processing file /root/miniconda3/envs/project/lib/python3.8/site-packages/airflow/example_dags/example_xcomargs.py for tasks to queue
[2024-10-08T08:23:14.324+0000] {logging_mixin.py:190} INFO - [2024-10-08T08:23:14.323+0000] {dagbag.py:588} INFO - Filling up the DagBag from /root/miniconda3/envs/project/lib/python3.8/site-packages/airflow/example_dags/example_xcomargs.py
[2024-10-08T08:23:14.348+0000] {processor.py:925} INFO - DAG(s) 'example_xcom_args', 'example_xcom_args_with_operators' retrieved from /root/miniconda3/envs/project/lib/python3.8/site-packages/airflow/example_dags/example_xcomargs.py
[2024-10-08T08:23:14.385+0000] {logging_mixin.py:190} INFO - [2024-10-08T08:23:14.384+0000] {dag.py:3239} INFO - Sync 2 DAGs
[2024-10-08T08:23:14.403+0000] {logging_mixin.py:190} INFO - [2024-10-08T08:23:14.403+0000] {dag.py:4180} INFO - Setting next_dagrun for example_xcom_args to None, run_after=None
[2024-10-08T08:23:14.407+0000] {logging_mixin.py:190} INFO - [2024-10-08T08:23:14.407+0000] {dag.py:4180} INFO - Setting next_dagrun for example_xcom_args_with_operators to None, run_after=None
[2024-10-08T08:23:14.440+0000] {processor.py:208} INFO - Processing /root/miniconda3/envs/project/lib/python3.8/site-packages/airflow/example_dags/example_xcomargs.py took 0.139 seconds
[2024-10-08T08:24:17.435+0000] {processor.py:186} INFO - Started process (PID=213236) to work on /root/miniconda3/envs/project/lib/python3.8/site-packages/airflow/example_dags/example_xcomargs.py
[2024-10-08T08:24:17.438+0000] {processor.py:914} INFO - Processing file /root/miniconda3/envs/project/lib/python3.8/site-packages/airflow/example_dags/example_xcomargs.py for tasks to queue
[2024-10-08T08:24:17.442+0000] {logging_mixin.py:190} INFO - [2024-10-08T08:24:17.441+0000] {dagbag.py:588} INFO - Filling up the DagBag from /root/miniconda3/envs/project/lib/python3.8/site-packages/airflow/example_dags/example_xcomargs.py
[2024-10-08T08:24:17.458+0000] {processor.py:925} INFO - DAG(s) 'example_xcom_args', 'example_xcom_args_with_operators' retrieved from /root/miniconda3/envs/project/lib/python3.8/site-packages/airflow/example_dags/example_xcomargs.py
[2024-10-08T08:24:17.486+0000] {logging_mixin.py:190} INFO - [2024-10-08T08:24:17.486+0000] {dag.py:3239} INFO - Sync 2 DAGs
[2024-10-08T08:24:17.505+0000] {logging_mixin.py:190} INFO - [2024-10-08T08:24:17.505+0000] {dag.py:4180} INFO - Setting next_dagrun for example_xcom_args to None, run_after=None
[2024-10-08T08:24:17.509+0000] {logging_mixin.py:190} INFO - [2024-10-08T08:24:17.509+0000] {dag.py:4180} INFO - Setting next_dagrun for example_xcom_args_with_operators to None, run_after=None
[2024-10-08T08:24:17.541+0000] {processor.py:208} INFO - Processing /root/miniconda3/envs/project/lib/python3.8/site-packages/airflow/example_dags/example_xcomargs.py took 0.117 seconds
[2024-10-08T08:37:06.727+0000] {processor.py:186} INFO - Started process (PID=214882) to work on /root/miniconda3/envs/project/lib/python3.8/site-packages/airflow/example_dags/example_xcomargs.py
[2024-10-08T08:37:06.730+0000] {processor.py:914} INFO - Processing file /root/miniconda3/envs/project/lib/python3.8/site-packages/airflow/example_dags/example_xcomargs.py for tasks to queue
[2024-10-08T08:37:06.733+0000] {logging_mixin.py:190} INFO - [2024-10-08T08:37:06.732+0000] {dagbag.py:588} INFO - Filling up the DagBag from /root/miniconda3/envs/project/lib/python3.8/site-packages/airflow/example_dags/example_xcomargs.py
[2024-10-08T08:37:06.748+0000] {processor.py:925} INFO - DAG(s) 'example_xcom_args_with_operators', 'example_xcom_args' retrieved from /root/miniconda3/envs/project/lib/python3.8/site-packages/airflow/example_dags/example_xcomargs.py
[2024-10-08T08:37:06.777+0000] {logging_mixin.py:190} INFO - [2024-10-08T08:37:06.777+0000] {dag.py:3239} INFO - Sync 2 DAGs
[2024-10-08T08:37:06.795+0000] {logging_mixin.py:190} INFO - [2024-10-08T08:37:06.794+0000] {dag.py:4180} INFO - Setting next_dagrun for example_xcom_args to None, run_after=None
[2024-10-08T08:37:06.799+0000] {logging_mixin.py:190} INFO - [2024-10-08T08:37:06.799+0000] {dag.py:4180} INFO - Setting next_dagrun for example_xcom_args_with_operators to None, run_after=None
[2024-10-08T08:37:06.826+0000] {processor.py:208} INFO - Processing /root/miniconda3/envs/project/lib/python3.8/site-packages/airflow/example_dags/example_xcomargs.py took 0.110 seconds
[2024-10-08T08:38:14.160+0000] {processor.py:186} INFO - Started process (PID=215208) to work on /root/miniconda3/envs/project/lib/python3.8/site-packages/airflow/example_dags/example_xcomargs.py
[2024-10-08T08:38:14.163+0000] {processor.py:914} INFO - Processing file /root/miniconda3/envs/project/lib/python3.8/site-packages/airflow/example_dags/example_xcomargs.py for tasks to queue
[2024-10-08T08:38:14.168+0000] {logging_mixin.py:190} INFO - [2024-10-08T08:38:14.167+0000] {dagbag.py:588} INFO - Filling up the DagBag from /root/miniconda3/envs/project/lib/python3.8/site-packages/airflow/example_dags/example_xcomargs.py
[2024-10-08T08:38:14.189+0000] {processor.py:925} INFO - DAG(s) 'example_xcom_args_with_operators', 'example_xcom_args' retrieved from /root/miniconda3/envs/project/lib/python3.8/site-packages/airflow/example_dags/example_xcomargs.py
[2024-10-08T08:38:14.217+0000] {logging_mixin.py:190} INFO - [2024-10-08T08:38:14.217+0000] {dag.py:3239} INFO - Sync 2 DAGs
[2024-10-08T08:38:14.236+0000] {logging_mixin.py:190} INFO - [2024-10-08T08:38:14.236+0000] {dag.py:4180} INFO - Setting next_dagrun for example_xcom_args to None, run_after=None
[2024-10-08T08:38:14.240+0000] {logging_mixin.py:190} INFO - [2024-10-08T08:38:14.240+0000] {dag.py:4180} INFO - Setting next_dagrun for example_xcom_args_with_operators to None, run_after=None
[2024-10-08T08:38:14.274+0000] {processor.py:208} INFO - Processing /root/miniconda3/envs/project/lib/python3.8/site-packages/airflow/example_dags/example_xcomargs.py took 0.128 seconds
[2024-10-08T08:39:23.542+0000] {processor.py:186} INFO - Started process (PID=215614) to work on /root/miniconda3/envs/project/lib/python3.8/site-packages/airflow/example_dags/example_xcomargs.py
[2024-10-08T08:39:23.545+0000] {processor.py:914} INFO - Processing file /root/miniconda3/envs/project/lib/python3.8/site-packages/airflow/example_dags/example_xcomargs.py for tasks to queue
[2024-10-08T08:39:23.548+0000] {logging_mixin.py:190} INFO - [2024-10-08T08:39:23.548+0000] {dagbag.py:588} INFO - Filling up the DagBag from /root/miniconda3/envs/project/lib/python3.8/site-packages/airflow/example_dags/example_xcomargs.py
[2024-10-08T08:39:23.564+0000] {processor.py:925} INFO - DAG(s) 'example_xcom_args', 'example_xcom_args_with_operators' retrieved from /root/miniconda3/envs/project/lib/python3.8/site-packages/airflow/example_dags/example_xcomargs.py
[2024-10-08T08:39:23.592+0000] {logging_mixin.py:190} INFO - [2024-10-08T08:39:23.592+0000] {dag.py:3239} INFO - Sync 2 DAGs
[2024-10-08T08:39:23.611+0000] {logging_mixin.py:190} INFO - [2024-10-08T08:39:23.610+0000] {dag.py:4180} INFO - Setting next_dagrun for example_xcom_args to None, run_after=None
[2024-10-08T08:39:23.615+0000] {logging_mixin.py:190} INFO - [2024-10-08T08:39:23.614+0000] {dag.py:4180} INFO - Setting next_dagrun for example_xcom_args_with_operators to None, run_after=None
[2024-10-08T08:39:23.646+0000] {processor.py:208} INFO - Processing /root/miniconda3/envs/project/lib/python3.8/site-packages/airflow/example_dags/example_xcomargs.py took 0.115 seconds
[2024-10-08T08:40:34.240+0000] {processor.py:186} INFO - Started process (PID=215962) to work on /root/miniconda3/envs/project/lib/python3.8/site-packages/airflow/example_dags/example_xcomargs.py
[2024-10-08T08:40:34.243+0000] {processor.py:914} INFO - Processing file /root/miniconda3/envs/project/lib/python3.8/site-packages/airflow/example_dags/example_xcomargs.py for tasks to queue
[2024-10-08T08:40:34.246+0000] {logging_mixin.py:190} INFO - [2024-10-08T08:40:34.245+0000] {dagbag.py:588} INFO - Filling up the DagBag from /root/miniconda3/envs/project/lib/python3.8/site-packages/airflow/example_dags/example_xcomargs.py
[2024-10-08T08:40:34.261+0000] {processor.py:925} INFO - DAG(s) 'example_xcom_args', 'example_xcom_args_with_operators' retrieved from /root/miniconda3/envs/project/lib/python3.8/site-packages/airflow/example_dags/example_xcomargs.py
[2024-10-08T08:40:34.288+0000] {logging_mixin.py:190} INFO - [2024-10-08T08:40:34.288+0000] {dag.py:3239} INFO - Sync 2 DAGs
[2024-10-08T08:40:34.306+0000] {logging_mixin.py:190} INFO - [2024-10-08T08:40:34.306+0000] {dag.py:4180} INFO - Setting next_dagrun for example_xcom_args to None, run_after=None
[2024-10-08T08:40:34.310+0000] {logging_mixin.py:190} INFO - [2024-10-08T08:40:34.310+0000] {dag.py:4180} INFO - Setting next_dagrun for example_xcom_args_with_operators to None, run_after=None
[2024-10-08T08:40:34.341+0000] {processor.py:208} INFO - Processing /root/miniconda3/envs/project/lib/python3.8/site-packages/airflow/example_dags/example_xcomargs.py took 0.112 seconds
[2024-10-08T08:41:41.359+0000] {processor.py:186} INFO - Started process (PID=216408) to work on /root/miniconda3/envs/project/lib/python3.8/site-packages/airflow/example_dags/example_xcomargs.py
[2024-10-08T08:41:41.362+0000] {processor.py:914} INFO - Processing file /root/miniconda3/envs/project/lib/python3.8/site-packages/airflow/example_dags/example_xcomargs.py for tasks to queue
[2024-10-08T08:41:41.365+0000] {logging_mixin.py:190} INFO - [2024-10-08T08:41:41.364+0000] {dagbag.py:588} INFO - Filling up the DagBag from /root/miniconda3/envs/project/lib/python3.8/site-packages/airflow/example_dags/example_xcomargs.py
[2024-10-08T08:41:41.380+0000] {processor.py:925} INFO - DAG(s) 'example_xcom_args', 'example_xcom_args_with_operators' retrieved from /root/miniconda3/envs/project/lib/python3.8/site-packages/airflow/example_dags/example_xcomargs.py
[2024-10-08T08:41:41.408+0000] {logging_mixin.py:190} INFO - [2024-10-08T08:41:41.408+0000] {dag.py:3239} INFO - Sync 2 DAGs
[2024-10-08T08:41:41.426+0000] {logging_mixin.py:190} INFO - [2024-10-08T08:41:41.426+0000] {dag.py:4180} INFO - Setting next_dagrun for example_xcom_args to None, run_after=None
[2024-10-08T08:41:41.430+0000] {logging_mixin.py:190} INFO - [2024-10-08T08:41:41.430+0000] {dag.py:4180} INFO - Setting next_dagrun for example_xcom_args_with_operators to None, run_after=None
[2024-10-08T08:41:41.460+0000] {processor.py:208} INFO - Processing /root/miniconda3/envs/project/lib/python3.8/site-packages/airflow/example_dags/example_xcomargs.py took 0.111 seconds
[2024-10-08T08:42:47.786+0000] {processor.py:186} INFO - Started process (PID=216699) to work on /root/miniconda3/envs/project/lib/python3.8/site-packages/airflow/example_dags/example_xcomargs.py
[2024-10-08T08:42:47.789+0000] {processor.py:914} INFO - Processing file /root/miniconda3/envs/project/lib/python3.8/site-packages/airflow/example_dags/example_xcomargs.py for tasks to queue
[2024-10-08T08:42:47.792+0000] {logging_mixin.py:190} INFO - [2024-10-08T08:42:47.792+0000] {dagbag.py:588} INFO - Filling up the DagBag from /root/miniconda3/envs/project/lib/python3.8/site-packages/airflow/example_dags/example_xcomargs.py
[2024-10-08T08:42:47.808+0000] {processor.py:925} INFO - DAG(s) 'example_xcom_args_with_operators', 'example_xcom_args' retrieved from /root/miniconda3/envs/project/lib/python3.8/site-packages/airflow/example_dags/example_xcomargs.py
[2024-10-08T08:42:47.836+0000] {logging_mixin.py:190} INFO - [2024-10-08T08:42:47.835+0000] {dag.py:3239} INFO - Sync 2 DAGs
[2024-10-08T08:42:47.854+0000] {logging_mixin.py:190} INFO - [2024-10-08T08:42:47.854+0000] {dag.py:4180} INFO - Setting next_dagrun for example_xcom_args to None, run_after=None
[2024-10-08T08:42:47.858+0000] {logging_mixin.py:190} INFO - [2024-10-08T08:42:47.858+0000] {dag.py:4180} INFO - Setting next_dagrun for example_xcom_args_with_operators to None, run_after=None
[2024-10-08T08:42:47.886+0000] {processor.py:208} INFO - Processing /root/miniconda3/envs/project/lib/python3.8/site-packages/airflow/example_dags/example_xcomargs.py took 0.110 seconds
[2024-10-08T08:43:55.972+0000] {processor.py:186} INFO - Started process (PID=216920) to work on /root/miniconda3/envs/project/lib/python3.8/site-packages/airflow/example_dags/example_xcomargs.py
[2024-10-08T08:43:55.975+0000] {processor.py:914} INFO - Processing file /root/miniconda3/envs/project/lib/python3.8/site-packages/airflow/example_dags/example_xcomargs.py for tasks to queue
[2024-10-08T08:43:55.978+0000] {logging_mixin.py:190} INFO - [2024-10-08T08:43:55.977+0000] {dagbag.py:588} INFO - Filling up the DagBag from /root/miniconda3/envs/project/lib/python3.8/site-packages/airflow/example_dags/example_xcomargs.py
[2024-10-08T08:43:55.993+0000] {processor.py:925} INFO - DAG(s) 'example_xcom_args_with_operators', 'example_xcom_args' retrieved from /root/miniconda3/envs/project/lib/python3.8/site-packages/airflow/example_dags/example_xcomargs.py
[2024-10-08T08:43:56.020+0000] {logging_mixin.py:190} INFO - [2024-10-08T08:43:56.020+0000] {dag.py:3239} INFO - Sync 2 DAGs
[2024-10-08T08:43:56.038+0000] {logging_mixin.py:190} INFO - [2024-10-08T08:43:56.037+0000] {dag.py:4180} INFO - Setting next_dagrun for example_xcom_args to None, run_after=None
[2024-10-08T08:43:56.042+0000] {logging_mixin.py:190} INFO - [2024-10-08T08:43:56.041+0000] {dag.py:4180} INFO - Setting next_dagrun for example_xcom_args_with_operators to None, run_after=None
[2024-10-08T08:43:56.071+0000] {processor.py:208} INFO - Processing /root/miniconda3/envs/project/lib/python3.8/site-packages/airflow/example_dags/example_xcomargs.py took 0.111 seconds
[2024-10-08T08:45:08.898+0000] {processor.py:186} INFO - Started process (PID=217147) to work on /root/miniconda3/envs/project/lib/python3.8/site-packages/airflow/example_dags/example_xcomargs.py
[2024-10-08T08:45:08.901+0000] {processor.py:914} INFO - Processing file /root/miniconda3/envs/project/lib/python3.8/site-packages/airflow/example_dags/example_xcomargs.py for tasks to queue
[2024-10-08T08:45:08.904+0000] {logging_mixin.py:190} INFO - [2024-10-08T08:45:08.904+0000] {dagbag.py:588} INFO - Filling up the DagBag from /root/miniconda3/envs/project/lib/python3.8/site-packages/airflow/example_dags/example_xcomargs.py
[2024-10-08T08:45:08.920+0000] {processor.py:925} INFO - DAG(s) 'example_xcom_args', 'example_xcom_args_with_operators' retrieved from /root/miniconda3/envs/project/lib/python3.8/site-packages/airflow/example_dags/example_xcomargs.py
[2024-10-08T08:45:08.951+0000] {logging_mixin.py:190} INFO - [2024-10-08T08:45:08.951+0000] {dag.py:3239} INFO - Sync 2 DAGs
[2024-10-08T08:45:08.971+0000] {logging_mixin.py:190} INFO - [2024-10-08T08:45:08.970+0000] {dag.py:4180} INFO - Setting next_dagrun for example_xcom_args to None, run_after=None
[2024-10-08T08:45:08.975+0000] {logging_mixin.py:190} INFO - [2024-10-08T08:45:08.974+0000] {dag.py:4180} INFO - Setting next_dagrun for example_xcom_args_with_operators to None, run_after=None
[2024-10-08T08:45:09.003+0000] {processor.py:208} INFO - Processing /root/miniconda3/envs/project/lib/python3.8/site-packages/airflow/example_dags/example_xcomargs.py took 0.117 seconds
[2024-10-08T08:46:23.312+0000] {processor.py:186} INFO - Started process (PID=217377) to work on /root/miniconda3/envs/project/lib/python3.8/site-packages/airflow/example_dags/example_xcomargs.py
[2024-10-08T08:46:23.314+0000] {processor.py:914} INFO - Processing file /root/miniconda3/envs/project/lib/python3.8/site-packages/airflow/example_dags/example_xcomargs.py for tasks to queue
[2024-10-08T08:46:23.318+0000] {logging_mixin.py:190} INFO - [2024-10-08T08:46:23.317+0000] {dagbag.py:588} INFO - Filling up the DagBag from /root/miniconda3/envs/project/lib/python3.8/site-packages/airflow/example_dags/example_xcomargs.py
[2024-10-08T08:46:23.333+0000] {processor.py:925} INFO - DAG(s) 'example_xcom_args', 'example_xcom_args_with_operators' retrieved from /root/miniconda3/envs/project/lib/python3.8/site-packages/airflow/example_dags/example_xcomargs.py
[2024-10-08T08:46:23.361+0000] {logging_mixin.py:190} INFO - [2024-10-08T08:46:23.361+0000] {dag.py:3239} INFO - Sync 2 DAGs
[2024-10-08T08:46:23.380+0000] {logging_mixin.py:190} INFO - [2024-10-08T08:46:23.379+0000] {dag.py:4180} INFO - Setting next_dagrun for example_xcom_args to None, run_after=None
[2024-10-08T08:46:23.384+0000] {logging_mixin.py:190} INFO - [2024-10-08T08:46:23.384+0000] {dag.py:4180} INFO - Setting next_dagrun for example_xcom_args_with_operators to None, run_after=None
[2024-10-08T08:46:23.413+0000] {processor.py:208} INFO - Processing /root/miniconda3/envs/project/lib/python3.8/site-packages/airflow/example_dags/example_xcomargs.py took 0.112 seconds
[2024-10-08T08:47:34.936+0000] {processor.py:186} INFO - Started process (PID=217801) to work on /root/miniconda3/envs/project/lib/python3.8/site-packages/airflow/example_dags/example_xcomargs.py
[2024-10-08T08:47:34.939+0000] {processor.py:914} INFO - Processing file /root/miniconda3/envs/project/lib/python3.8/site-packages/airflow/example_dags/example_xcomargs.py for tasks to queue
[2024-10-08T08:47:34.943+0000] {logging_mixin.py:190} INFO - [2024-10-08T08:47:34.942+0000] {dagbag.py:588} INFO - Filling up the DagBag from /root/miniconda3/envs/project/lib/python3.8/site-packages/airflow/example_dags/example_xcomargs.py
[2024-10-08T08:47:34.959+0000] {processor.py:925} INFO - DAG(s) 'example_xcom_args', 'example_xcom_args_with_operators' retrieved from /root/miniconda3/envs/project/lib/python3.8/site-packages/airflow/example_dags/example_xcomargs.py
[2024-10-08T08:47:34.987+0000] {logging_mixin.py:190} INFO - [2024-10-08T08:47:34.987+0000] {dag.py:3239} INFO - Sync 2 DAGs
[2024-10-08T08:47:35.006+0000] {logging_mixin.py:190} INFO - [2024-10-08T08:47:35.006+0000] {dag.py:4180} INFO - Setting next_dagrun for example_xcom_args to None, run_after=None
[2024-10-08T08:47:35.010+0000] {logging_mixin.py:190} INFO - [2024-10-08T08:47:35.010+0000] {dag.py:4180} INFO - Setting next_dagrun for example_xcom_args_with_operators to None, run_after=None
[2024-10-08T08:47:35.041+0000] {processor.py:208} INFO - Processing /root/miniconda3/envs/project/lib/python3.8/site-packages/airflow/example_dags/example_xcomargs.py took 0.117 seconds
[2024-10-08T08:48:47.052+0000] {processor.py:186} INFO - Started process (PID=218087) to work on /root/miniconda3/envs/project/lib/python3.8/site-packages/airflow/example_dags/example_xcomargs.py
[2024-10-08T08:48:47.055+0000] {processor.py:914} INFO - Processing file /root/miniconda3/envs/project/lib/python3.8/site-packages/airflow/example_dags/example_xcomargs.py for tasks to queue
[2024-10-08T08:48:47.058+0000] {logging_mixin.py:190} INFO - [2024-10-08T08:48:47.057+0000] {dagbag.py:588} INFO - Filling up the DagBag from /root/miniconda3/envs/project/lib/python3.8/site-packages/airflow/example_dags/example_xcomargs.py
[2024-10-08T08:48:47.074+0000] {processor.py:925} INFO - DAG(s) 'example_xcom_args', 'example_xcom_args_with_operators' retrieved from /root/miniconda3/envs/project/lib/python3.8/site-packages/airflow/example_dags/example_xcomargs.py
[2024-10-08T08:48:47.101+0000] {logging_mixin.py:190} INFO - [2024-10-08T08:48:47.101+0000] {dag.py:3239} INFO - Sync 2 DAGs
[2024-10-08T08:48:47.119+0000] {logging_mixin.py:190} INFO - [2024-10-08T08:48:47.119+0000] {dag.py:4180} INFO - Setting next_dagrun for example_xcom_args to None, run_after=None
[2024-10-08T08:48:47.123+0000] {logging_mixin.py:190} INFO - [2024-10-08T08:48:47.123+0000] {dag.py:4180} INFO - Setting next_dagrun for example_xcom_args_with_operators to None, run_after=None
[2024-10-08T08:48:47.152+0000] {processor.py:208} INFO - Processing /root/miniconda3/envs/project/lib/python3.8/site-packages/airflow/example_dags/example_xcomargs.py took 0.113 seconds
[2024-10-08T08:49:57.988+0000] {processor.py:186} INFO - Started process (PID=218309) to work on /root/miniconda3/envs/project/lib/python3.8/site-packages/airflow/example_dags/example_xcomargs.py
[2024-10-08T08:49:57.991+0000] {processor.py:914} INFO - Processing file /root/miniconda3/envs/project/lib/python3.8/site-packages/airflow/example_dags/example_xcomargs.py for tasks to queue
[2024-10-08T08:49:57.994+0000] {logging_mixin.py:190} INFO - [2024-10-08T08:49:57.994+0000] {dagbag.py:588} INFO - Filling up the DagBag from /root/miniconda3/envs/project/lib/python3.8/site-packages/airflow/example_dags/example_xcomargs.py
[2024-10-08T08:49:58.010+0000] {processor.py:925} INFO - DAG(s) 'example_xcom_args_with_operators', 'example_xcom_args' retrieved from /root/miniconda3/envs/project/lib/python3.8/site-packages/airflow/example_dags/example_xcomargs.py
[2024-10-08T08:49:58.038+0000] {logging_mixin.py:190} INFO - [2024-10-08T08:49:58.038+0000] {dag.py:3239} INFO - Sync 2 DAGs
[2024-10-08T08:49:58.056+0000] {logging_mixin.py:190} INFO - [2024-10-08T08:49:58.056+0000] {dag.py:4180} INFO - Setting next_dagrun for example_xcom_args to None, run_after=None
[2024-10-08T08:49:58.060+0000] {logging_mixin.py:190} INFO - [2024-10-08T08:49:58.060+0000] {dag.py:4180} INFO - Setting next_dagrun for example_xcom_args_with_operators to None, run_after=None
[2024-10-08T08:49:58.092+0000] {processor.py:208} INFO - Processing /root/miniconda3/envs/project/lib/python3.8/site-packages/airflow/example_dags/example_xcomargs.py took 0.116 seconds
[2024-10-08T08:51:07.443+0000] {processor.py:186} INFO - Started process (PID=218656) to work on /root/miniconda3/envs/project/lib/python3.8/site-packages/airflow/example_dags/example_xcomargs.py
[2024-10-08T08:51:07.446+0000] {processor.py:914} INFO - Processing file /root/miniconda3/envs/project/lib/python3.8/site-packages/airflow/example_dags/example_xcomargs.py for tasks to queue
[2024-10-08T08:51:07.449+0000] {logging_mixin.py:190} INFO - [2024-10-08T08:51:07.449+0000] {dagbag.py:588} INFO - Filling up the DagBag from /root/miniconda3/envs/project/lib/python3.8/site-packages/airflow/example_dags/example_xcomargs.py
[2024-10-08T08:51:07.465+0000] {processor.py:925} INFO - DAG(s) 'example_xcom_args', 'example_xcom_args_with_operators' retrieved from /root/miniconda3/envs/project/lib/python3.8/site-packages/airflow/example_dags/example_xcomargs.py
[2024-10-08T08:51:07.493+0000] {logging_mixin.py:190} INFO - [2024-10-08T08:51:07.493+0000] {dag.py:3239} INFO - Sync 2 DAGs
[2024-10-08T08:51:07.512+0000] {logging_mixin.py:190} INFO - [2024-10-08T08:51:07.511+0000] {dag.py:4180} INFO - Setting next_dagrun for example_xcom_args to None, run_after=None
[2024-10-08T08:51:07.517+0000] {logging_mixin.py:190} INFO - [2024-10-08T08:51:07.516+0000] {dag.py:4180} INFO - Setting next_dagrun for example_xcom_args_with_operators to None, run_after=None
[2024-10-08T08:51:07.548+0000] {processor.py:208} INFO - Processing /root/miniconda3/envs/project/lib/python3.8/site-packages/airflow/example_dags/example_xcomargs.py took 0.116 seconds
[2024-10-08T09:05:12.983+0000] {processor.py:186} INFO - Started process (PID=220006) to work on /root/miniconda3/envs/project/lib/python3.8/site-packages/airflow/example_dags/example_xcomargs.py
[2024-10-08T09:05:12.987+0000] {processor.py:914} INFO - Processing file /root/miniconda3/envs/project/lib/python3.8/site-packages/airflow/example_dags/example_xcomargs.py for tasks to queue
[2024-10-08T09:05:12.990+0000] {logging_mixin.py:190} INFO - [2024-10-08T09:05:12.990+0000] {dagbag.py:588} INFO - Filling up the DagBag from /root/miniconda3/envs/project/lib/python3.8/site-packages/airflow/example_dags/example_xcomargs.py
[2024-10-08T09:05:13.006+0000] {processor.py:925} INFO - DAG(s) 'example_xcom_args', 'example_xcom_args_with_operators' retrieved from /root/miniconda3/envs/project/lib/python3.8/site-packages/airflow/example_dags/example_xcomargs.py
[2024-10-08T09:05:13.037+0000] {logging_mixin.py:190} INFO - [2024-10-08T09:05:13.037+0000] {dag.py:3239} INFO - Sync 2 DAGs
[2024-10-08T09:05:13.056+0000] {logging_mixin.py:190} INFO - [2024-10-08T09:05:13.055+0000] {dag.py:4180} INFO - Setting next_dagrun for example_xcom_args to None, run_after=None
[2024-10-08T09:05:13.060+0000] {logging_mixin.py:190} INFO - [2024-10-08T09:05:13.060+0000] {dag.py:4180} INFO - Setting next_dagrun for example_xcom_args_with_operators to None, run_after=None
[2024-10-08T09:05:13.091+0000] {processor.py:208} INFO - Processing /root/miniconda3/envs/project/lib/python3.8/site-packages/airflow/example_dags/example_xcomargs.py took 0.120 seconds
[2024-10-08T09:08:45.389+0000] {processor.py:186} INFO - Started process (PID=220792) to work on /root/miniconda3/envs/project/lib/python3.8/site-packages/airflow/example_dags/example_xcomargs.py
[2024-10-08T09:08:45.392+0000] {processor.py:914} INFO - Processing file /root/miniconda3/envs/project/lib/python3.8/site-packages/airflow/example_dags/example_xcomargs.py for tasks to queue
[2024-10-08T09:08:45.395+0000] {logging_mixin.py:190} INFO - [2024-10-08T09:08:45.395+0000] {dagbag.py:588} INFO - Filling up the DagBag from /root/miniconda3/envs/project/lib/python3.8/site-packages/airflow/example_dags/example_xcomargs.py
[2024-10-08T09:08:45.410+0000] {processor.py:925} INFO - DAG(s) 'example_xcom_args_with_operators', 'example_xcom_args' retrieved from /root/miniconda3/envs/project/lib/python3.8/site-packages/airflow/example_dags/example_xcomargs.py
[2024-10-08T09:08:45.440+0000] {logging_mixin.py:190} INFO - [2024-10-08T09:08:45.439+0000] {dag.py:3239} INFO - Sync 2 DAGs
[2024-10-08T09:08:45.458+0000] {logging_mixin.py:190} INFO - [2024-10-08T09:08:45.457+0000] {dag.py:4180} INFO - Setting next_dagrun for example_xcom_args to None, run_after=None
[2024-10-08T09:08:45.462+0000] {logging_mixin.py:190} INFO - [2024-10-08T09:08:45.462+0000] {dag.py:4180} INFO - Setting next_dagrun for example_xcom_args_with_operators to None, run_after=None
[2024-10-08T09:08:45.493+0000] {processor.py:208} INFO - Processing /root/miniconda3/envs/project/lib/python3.8/site-packages/airflow/example_dags/example_xcomargs.py took 0.115 seconds
[2024-10-08T09:10:13.711+0000] {processor.py:186} INFO - Started process (PID=221497) to work on /root/miniconda3/envs/project/lib/python3.8/site-packages/airflow/example_dags/example_xcomargs.py
[2024-10-08T09:10:13.715+0000] {processor.py:914} INFO - Processing file /root/miniconda3/envs/project/lib/python3.8/site-packages/airflow/example_dags/example_xcomargs.py for tasks to queue
[2024-10-08T09:10:13.719+0000] {logging_mixin.py:190} INFO - [2024-10-08T09:10:13.718+0000] {dagbag.py:588} INFO - Filling up the DagBag from /root/miniconda3/envs/project/lib/python3.8/site-packages/airflow/example_dags/example_xcomargs.py
[2024-10-08T09:10:13.740+0000] {processor.py:925} INFO - DAG(s) 'example_xcom_args', 'example_xcom_args_with_operators' retrieved from /root/miniconda3/envs/project/lib/python3.8/site-packages/airflow/example_dags/example_xcomargs.py
[2024-10-08T09:10:13.771+0000] {logging_mixin.py:190} INFO - [2024-10-08T09:10:13.771+0000] {dag.py:3239} INFO - Sync 2 DAGs
[2024-10-08T09:10:13.792+0000] {logging_mixin.py:190} INFO - [2024-10-08T09:10:13.792+0000] {dag.py:4180} INFO - Setting next_dagrun for example_xcom_args to None, run_after=None
[2024-10-08T09:10:13.797+0000] {logging_mixin.py:190} INFO - [2024-10-08T09:10:13.796+0000] {dag.py:4180} INFO - Setting next_dagrun for example_xcom_args_with_operators to None, run_after=None
[2024-10-08T09:10:13.828+0000] {processor.py:208} INFO - Processing /root/miniconda3/envs/project/lib/python3.8/site-packages/airflow/example_dags/example_xcomargs.py took 0.134 seconds
[2024-10-08T09:11:21.413+0000] {processor.py:186} INFO - Started process (PID=221715) to work on /root/miniconda3/envs/project/lib/python3.8/site-packages/airflow/example_dags/example_xcomargs.py
[2024-10-08T09:11:21.417+0000] {processor.py:914} INFO - Processing file /root/miniconda3/envs/project/lib/python3.8/site-packages/airflow/example_dags/example_xcomargs.py for tasks to queue
[2024-10-08T09:11:21.422+0000] {logging_mixin.py:190} INFO - [2024-10-08T09:11:21.421+0000] {dagbag.py:588} INFO - Filling up the DagBag from /root/miniconda3/envs/project/lib/python3.8/site-packages/airflow/example_dags/example_xcomargs.py
[2024-10-08T09:11:21.440+0000] {processor.py:925} INFO - DAG(s) 'example_xcom_args', 'example_xcom_args_with_operators' retrieved from /root/miniconda3/envs/project/lib/python3.8/site-packages/airflow/example_dags/example_xcomargs.py
[2024-10-08T09:11:21.469+0000] {logging_mixin.py:190} INFO - [2024-10-08T09:11:21.469+0000] {dag.py:3239} INFO - Sync 2 DAGs
[2024-10-08T09:11:21.489+0000] {logging_mixin.py:190} INFO - [2024-10-08T09:11:21.489+0000] {dag.py:4180} INFO - Setting next_dagrun for example_xcom_args to None, run_after=None
[2024-10-08T09:11:21.493+0000] {logging_mixin.py:190} INFO - [2024-10-08T09:11:21.493+0000] {dag.py:4180} INFO - Setting next_dagrun for example_xcom_args_with_operators to None, run_after=None
[2024-10-08T09:11:21.525+0000] {processor.py:208} INFO - Processing /root/miniconda3/envs/project/lib/python3.8/site-packages/airflow/example_dags/example_xcomargs.py took 0.122 seconds
[2024-10-08T09:12:23.020+0000] {processor.py:186} INFO - Started process (PID=222040) to work on /root/miniconda3/envs/project/lib/python3.8/site-packages/airflow/example_dags/example_xcomargs.py
[2024-10-08T09:12:23.023+0000] {processor.py:914} INFO - Processing file /root/miniconda3/envs/project/lib/python3.8/site-packages/airflow/example_dags/example_xcomargs.py for tasks to queue
[2024-10-08T09:12:23.026+0000] {logging_mixin.py:190} INFO - [2024-10-08T09:12:23.026+0000] {dagbag.py:588} INFO - Filling up the DagBag from /root/miniconda3/envs/project/lib/python3.8/site-packages/airflow/example_dags/example_xcomargs.py
[2024-10-08T09:12:23.042+0000] {processor.py:925} INFO - DAG(s) 'example_xcom_args_with_operators', 'example_xcom_args' retrieved from /root/miniconda3/envs/project/lib/python3.8/site-packages/airflow/example_dags/example_xcomargs.py
[2024-10-08T09:12:23.071+0000] {logging_mixin.py:190} INFO - [2024-10-08T09:12:23.071+0000] {dag.py:3239} INFO - Sync 2 DAGs
[2024-10-08T09:12:23.090+0000] {logging_mixin.py:190} INFO - [2024-10-08T09:12:23.090+0000] {dag.py:4180} INFO - Setting next_dagrun for example_xcom_args to None, run_after=None
[2024-10-08T09:12:23.094+0000] {logging_mixin.py:190} INFO - [2024-10-08T09:12:23.094+0000] {dag.py:4180} INFO - Setting next_dagrun for example_xcom_args_with_operators to None, run_after=None
[2024-10-08T09:12:23.123+0000] {processor.py:208} INFO - Processing /root/miniconda3/envs/project/lib/python3.8/site-packages/airflow/example_dags/example_xcomargs.py took 0.113 seconds
[2024-10-08T09:13:30.825+0000] {processor.py:186} INFO - Started process (PID=222264) to work on /root/miniconda3/envs/project/lib/python3.8/site-packages/airflow/example_dags/example_xcomargs.py
[2024-10-08T09:13:30.828+0000] {processor.py:914} INFO - Processing file /root/miniconda3/envs/project/lib/python3.8/site-packages/airflow/example_dags/example_xcomargs.py for tasks to queue
[2024-10-08T09:13:30.834+0000] {logging_mixin.py:190} INFO - [2024-10-08T09:13:30.833+0000] {dagbag.py:588} INFO - Filling up the DagBag from /root/miniconda3/envs/project/lib/python3.8/site-packages/airflow/example_dags/example_xcomargs.py
[2024-10-08T09:13:30.854+0000] {processor.py:925} INFO - DAG(s) 'example_xcom_args_with_operators', 'example_xcom_args' retrieved from /root/miniconda3/envs/project/lib/python3.8/site-packages/airflow/example_dags/example_xcomargs.py
[2024-10-08T09:13:30.890+0000] {logging_mixin.py:190} INFO - [2024-10-08T09:13:30.890+0000] {dag.py:3239} INFO - Sync 2 DAGs
[2024-10-08T09:13:30.911+0000] {logging_mixin.py:190} INFO - [2024-10-08T09:13:30.911+0000] {dag.py:4180} INFO - Setting next_dagrun for example_xcom_args to None, run_after=None
[2024-10-08T09:13:30.916+0000] {logging_mixin.py:190} INFO - [2024-10-08T09:13:30.915+0000] {dag.py:4180} INFO - Setting next_dagrun for example_xcom_args_with_operators to None, run_after=None
[2024-10-08T09:13:30.945+0000] {processor.py:208} INFO - Processing /root/miniconda3/envs/project/lib/python3.8/site-packages/airflow/example_dags/example_xcomargs.py took 0.131 seconds
[2024-10-08T09:14:31.420+0000] {processor.py:186} INFO - Started process (PID=222586) to work on /root/miniconda3/envs/project/lib/python3.8/site-packages/airflow/example_dags/example_xcomargs.py
[2024-10-08T09:14:31.423+0000] {processor.py:914} INFO - Processing file /root/miniconda3/envs/project/lib/python3.8/site-packages/airflow/example_dags/example_xcomargs.py for tasks to queue
[2024-10-08T09:14:31.426+0000] {logging_mixin.py:190} INFO - [2024-10-08T09:14:31.426+0000] {dagbag.py:588} INFO - Filling up the DagBag from /root/miniconda3/envs/project/lib/python3.8/site-packages/airflow/example_dags/example_xcomargs.py
[2024-10-08T09:14:31.442+0000] {processor.py:925} INFO - DAG(s) 'example_xcom_args_with_operators', 'example_xcom_args' retrieved from /root/miniconda3/envs/project/lib/python3.8/site-packages/airflow/example_dags/example_xcomargs.py
[2024-10-08T09:14:31.469+0000] {logging_mixin.py:190} INFO - [2024-10-08T09:14:31.469+0000] {dag.py:3239} INFO - Sync 2 DAGs
[2024-10-08T09:14:31.487+0000] {logging_mixin.py:190} INFO - [2024-10-08T09:14:31.486+0000] {dag.py:4180} INFO - Setting next_dagrun for example_xcom_args to None, run_after=None
[2024-10-08T09:14:31.491+0000] {logging_mixin.py:190} INFO - [2024-10-08T09:14:31.490+0000] {dag.py:4180} INFO - Setting next_dagrun for example_xcom_args_with_operators to None, run_after=None
[2024-10-08T09:14:31.518+0000] {processor.py:208} INFO - Processing /root/miniconda3/envs/project/lib/python3.8/site-packages/airflow/example_dags/example_xcomargs.py took 0.108 seconds
[2024-10-08T09:15:48.206+0000] {processor.py:186} INFO - Started process (PID=222943) to work on /root/miniconda3/envs/project/lib/python3.8/site-packages/airflow/example_dags/example_xcomargs.py
[2024-10-08T09:15:48.209+0000] {processor.py:914} INFO - Processing file /root/miniconda3/envs/project/lib/python3.8/site-packages/airflow/example_dags/example_xcomargs.py for tasks to queue
[2024-10-08T09:15:48.213+0000] {logging_mixin.py:190} INFO - [2024-10-08T09:15:48.212+0000] {dagbag.py:588} INFO - Filling up the DagBag from /root/miniconda3/envs/project/lib/python3.8/site-packages/airflow/example_dags/example_xcomargs.py
[2024-10-08T09:15:48.228+0000] {processor.py:925} INFO - DAG(s) 'example_xcom_args', 'example_xcom_args_with_operators' retrieved from /root/miniconda3/envs/project/lib/python3.8/site-packages/airflow/example_dags/example_xcomargs.py
[2024-10-08T09:15:48.255+0000] {logging_mixin.py:190} INFO - [2024-10-08T09:15:48.255+0000] {dag.py:3239} INFO - Sync 2 DAGs
[2024-10-08T09:15:48.273+0000] {logging_mixin.py:190} INFO - [2024-10-08T09:15:48.273+0000] {dag.py:4180} INFO - Setting next_dagrun for example_xcom_args to None, run_after=None
[2024-10-08T09:15:48.277+0000] {logging_mixin.py:190} INFO - [2024-10-08T09:15:48.277+0000] {dag.py:4180} INFO - Setting next_dagrun for example_xcom_args_with_operators to None, run_after=None
[2024-10-08T09:15:48.308+0000] {processor.py:208} INFO - Processing /root/miniconda3/envs/project/lib/python3.8/site-packages/airflow/example_dags/example_xcomargs.py took 0.114 seconds
[2024-10-08T09:16:56.733+0000] {processor.py:186} INFO - Started process (PID=223169) to work on /root/miniconda3/envs/project/lib/python3.8/site-packages/airflow/example_dags/example_xcomargs.py
[2024-10-08T09:16:56.736+0000] {processor.py:914} INFO - Processing file /root/miniconda3/envs/project/lib/python3.8/site-packages/airflow/example_dags/example_xcomargs.py for tasks to queue
[2024-10-08T09:16:56.740+0000] {logging_mixin.py:190} INFO - [2024-10-08T09:16:56.739+0000] {dagbag.py:588} INFO - Filling up the DagBag from /root/miniconda3/envs/project/lib/python3.8/site-packages/airflow/example_dags/example_xcomargs.py
[2024-10-08T09:16:56.756+0000] {processor.py:925} INFO - DAG(s) 'example_xcom_args_with_operators', 'example_xcom_args' retrieved from /root/miniconda3/envs/project/lib/python3.8/site-packages/airflow/example_dags/example_xcomargs.py
[2024-10-08T09:16:56.785+0000] {logging_mixin.py:190} INFO - [2024-10-08T09:16:56.785+0000] {dag.py:3239} INFO - Sync 2 DAGs
[2024-10-08T09:16:56.804+0000] {logging_mixin.py:190} INFO - [2024-10-08T09:16:56.804+0000] {dag.py:4180} INFO - Setting next_dagrun for example_xcom_args to None, run_after=None
[2024-10-08T09:16:56.809+0000] {logging_mixin.py:190} INFO - [2024-10-08T09:16:56.808+0000] {dag.py:4180} INFO - Setting next_dagrun for example_xcom_args_with_operators to None, run_after=None
[2024-10-08T09:16:56.838+0000] {processor.py:208} INFO - Processing /root/miniconda3/envs/project/lib/python3.8/site-packages/airflow/example_dags/example_xcomargs.py took 0.116 seconds
[2024-10-08T09:18:05.222+0000] {processor.py:186} INFO - Started process (PID=223399) to work on /root/miniconda3/envs/project/lib/python3.8/site-packages/airflow/example_dags/example_xcomargs.py
[2024-10-08T09:18:05.226+0000] {processor.py:914} INFO - Processing file /root/miniconda3/envs/project/lib/python3.8/site-packages/airflow/example_dags/example_xcomargs.py for tasks to queue
[2024-10-08T09:18:05.229+0000] {logging_mixin.py:190} INFO - [2024-10-08T09:18:05.228+0000] {dagbag.py:588} INFO - Filling up the DagBag from /root/miniconda3/envs/project/lib/python3.8/site-packages/airflow/example_dags/example_xcomargs.py
[2024-10-08T09:18:05.244+0000] {processor.py:925} INFO - DAG(s) 'example_xcom_args_with_operators', 'example_xcom_args' retrieved from /root/miniconda3/envs/project/lib/python3.8/site-packages/airflow/example_dags/example_xcomargs.py
[2024-10-08T09:18:05.272+0000] {logging_mixin.py:190} INFO - [2024-10-08T09:18:05.272+0000] {dag.py:3239} INFO - Sync 2 DAGs
[2024-10-08T09:18:05.290+0000] {logging_mixin.py:190} INFO - [2024-10-08T09:18:05.290+0000] {dag.py:4180} INFO - Setting next_dagrun for example_xcom_args to None, run_after=None
[2024-10-08T09:18:05.294+0000] {logging_mixin.py:190} INFO - [2024-10-08T09:18:05.294+0000] {dag.py:4180} INFO - Setting next_dagrun for example_xcom_args_with_operators to None, run_after=None
[2024-10-08T09:18:05.324+0000] {processor.py:208} INFO - Processing /root/miniconda3/envs/project/lib/python3.8/site-packages/airflow/example_dags/example_xcomargs.py took 0.114 seconds
[2024-10-08T09:19:22.282+0000] {processor.py:186} INFO - Started process (PID=223638) to work on /root/miniconda3/envs/project/lib/python3.8/site-packages/airflow/example_dags/example_xcomargs.py
[2024-10-08T09:19:22.285+0000] {processor.py:914} INFO - Processing file /root/miniconda3/envs/project/lib/python3.8/site-packages/airflow/example_dags/example_xcomargs.py for tasks to queue
[2024-10-08T09:19:22.289+0000] {logging_mixin.py:190} INFO - [2024-10-08T09:19:22.288+0000] {dagbag.py:588} INFO - Filling up the DagBag from /root/miniconda3/envs/project/lib/python3.8/site-packages/airflow/example_dags/example_xcomargs.py
[2024-10-08T09:19:22.305+0000] {processor.py:925} INFO - DAG(s) 'example_xcom_args_with_operators', 'example_xcom_args' retrieved from /root/miniconda3/envs/project/lib/python3.8/site-packages/airflow/example_dags/example_xcomargs.py
[2024-10-08T09:19:22.332+0000] {logging_mixin.py:190} INFO - [2024-10-08T09:19:22.332+0000] {dag.py:3239} INFO - Sync 2 DAGs
[2024-10-08T09:19:22.351+0000] {logging_mixin.py:190} INFO - [2024-10-08T09:19:22.350+0000] {dag.py:4180} INFO - Setting next_dagrun for example_xcom_args to None, run_after=None
[2024-10-08T09:19:22.355+0000] {logging_mixin.py:190} INFO - [2024-10-08T09:19:22.355+0000] {dag.py:4180} INFO - Setting next_dagrun for example_xcom_args_with_operators to None, run_after=None
[2024-10-08T09:19:22.389+0000] {processor.py:208} INFO - Processing /root/miniconda3/envs/project/lib/python3.8/site-packages/airflow/example_dags/example_xcomargs.py took 0.116 seconds
[2024-10-08T09:20:29.608+0000] {processor.py:186} INFO - Started process (PID=223921) to work on /root/miniconda3/envs/project/lib/python3.8/site-packages/airflow/example_dags/example_xcomargs.py
[2024-10-08T09:20:29.611+0000] {processor.py:914} INFO - Processing file /root/miniconda3/envs/project/lib/python3.8/site-packages/airflow/example_dags/example_xcomargs.py for tasks to queue
[2024-10-08T09:20:29.616+0000] {logging_mixin.py:190} INFO - [2024-10-08T09:20:29.615+0000] {dagbag.py:588} INFO - Filling up the DagBag from /root/miniconda3/envs/project/lib/python3.8/site-packages/airflow/example_dags/example_xcomargs.py
[2024-10-08T09:20:29.634+0000] {processor.py:925} INFO - DAG(s) 'example_xcom_args', 'example_xcom_args_with_operators' retrieved from /root/miniconda3/envs/project/lib/python3.8/site-packages/airflow/example_dags/example_xcomargs.py
[2024-10-08T09:20:29.662+0000] {logging_mixin.py:190} INFO - [2024-10-08T09:20:29.661+0000] {dag.py:3239} INFO - Sync 2 DAGs
[2024-10-08T09:20:29.680+0000] {logging_mixin.py:190} INFO - [2024-10-08T09:20:29.679+0000] {dag.py:4180} INFO - Setting next_dagrun for example_xcom_args to None, run_after=None
[2024-10-08T09:20:29.684+0000] {logging_mixin.py:190} INFO - [2024-10-08T09:20:29.684+0000] {dag.py:4180} INFO - Setting next_dagrun for example_xcom_args_with_operators to None, run_after=None
[2024-10-08T09:20:29.714+0000] {processor.py:208} INFO - Processing /root/miniconda3/envs/project/lib/python3.8/site-packages/airflow/example_dags/example_xcomargs.py took 0.117 seconds
[2024-10-08T09:21:47.154+0000] {processor.py:186} INFO - Started process (PID=224220) to work on /root/miniconda3/envs/project/lib/python3.8/site-packages/airflow/example_dags/example_xcomargs.py
[2024-10-08T09:21:47.157+0000] {processor.py:914} INFO - Processing file /root/miniconda3/envs/project/lib/python3.8/site-packages/airflow/example_dags/example_xcomargs.py for tasks to queue
[2024-10-08T09:21:47.161+0000] {logging_mixin.py:190} INFO - [2024-10-08T09:21:47.160+0000] {dagbag.py:588} INFO - Filling up the DagBag from /root/miniconda3/envs/project/lib/python3.8/site-packages/airflow/example_dags/example_xcomargs.py
[2024-10-08T09:21:47.177+0000] {processor.py:925} INFO - DAG(s) 'example_xcom_args_with_operators', 'example_xcom_args' retrieved from /root/miniconda3/envs/project/lib/python3.8/site-packages/airflow/example_dags/example_xcomargs.py
[2024-10-08T09:21:47.205+0000] {logging_mixin.py:190} INFO - [2024-10-08T09:21:47.204+0000] {dag.py:3239} INFO - Sync 2 DAGs
[2024-10-08T09:21:47.223+0000] {logging_mixin.py:190} INFO - [2024-10-08T09:21:47.222+0000] {dag.py:4180} INFO - Setting next_dagrun for example_xcom_args to None, run_after=None
[2024-10-08T09:21:47.227+0000] {logging_mixin.py:190} INFO - [2024-10-08T09:21:47.227+0000] {dag.py:4180} INFO - Setting next_dagrun for example_xcom_args_with_operators to None, run_after=None
[2024-10-08T09:21:47.263+0000] {processor.py:208} INFO - Processing /root/miniconda3/envs/project/lib/python3.8/site-packages/airflow/example_dags/example_xcomargs.py took 0.119 seconds
[2024-10-08T09:22:53.250+0000] {processor.py:186} INFO - Started process (PID=224445) to work on /root/miniconda3/envs/project/lib/python3.8/site-packages/airflow/example_dags/example_xcomargs.py
[2024-10-08T09:22:53.253+0000] {processor.py:914} INFO - Processing file /root/miniconda3/envs/project/lib/python3.8/site-packages/airflow/example_dags/example_xcomargs.py for tasks to queue
[2024-10-08T09:22:53.257+0000] {logging_mixin.py:190} INFO - [2024-10-08T09:22:53.256+0000] {dagbag.py:588} INFO - Filling up the DagBag from /root/miniconda3/envs/project/lib/python3.8/site-packages/airflow/example_dags/example_xcomargs.py
[2024-10-08T09:22:53.272+0000] {processor.py:925} INFO - DAG(s) 'example_xcom_args', 'example_xcom_args_with_operators' retrieved from /root/miniconda3/envs/project/lib/python3.8/site-packages/airflow/example_dags/example_xcomargs.py
[2024-10-08T09:22:53.317+0000] {logging_mixin.py:190} INFO - [2024-10-08T09:22:53.317+0000] {dag.py:3239} INFO - Sync 2 DAGs
[2024-10-08T09:22:53.336+0000] {logging_mixin.py:190} INFO - [2024-10-08T09:22:53.336+0000] {dag.py:4180} INFO - Setting next_dagrun for example_xcom_args to None, run_after=None
[2024-10-08T09:22:53.340+0000] {logging_mixin.py:190} INFO - [2024-10-08T09:22:53.340+0000] {dag.py:4180} INFO - Setting next_dagrun for example_xcom_args_with_operators to None, run_after=None
[2024-10-08T09:22:53.371+0000] {processor.py:208} INFO - Processing /root/miniconda3/envs/project/lib/python3.8/site-packages/airflow/example_dags/example_xcomargs.py took 0.132 seconds
[2024-10-08T09:24:04.211+0000] {processor.py:186} INFO - Started process (PID=224638) to work on /root/miniconda3/envs/project/lib/python3.8/site-packages/airflow/example_dags/example_xcomargs.py
[2024-10-08T09:24:04.214+0000] {processor.py:914} INFO - Processing file /root/miniconda3/envs/project/lib/python3.8/site-packages/airflow/example_dags/example_xcomargs.py for tasks to queue
[2024-10-08T09:24:04.220+0000] {logging_mixin.py:190} INFO - [2024-10-08T09:24:04.219+0000] {dagbag.py:588} INFO - Filling up the DagBag from /root/miniconda3/envs/project/lib/python3.8/site-packages/airflow/example_dags/example_xcomargs.py
[2024-10-08T09:24:04.240+0000] {processor.py:925} INFO - DAG(s) 'example_xcom_args', 'example_xcom_args_with_operators' retrieved from /root/miniconda3/envs/project/lib/python3.8/site-packages/airflow/example_dags/example_xcomargs.py
[2024-10-08T09:24:04.269+0000] {logging_mixin.py:190} INFO - [2024-10-08T09:24:04.268+0000] {dag.py:3239} INFO - Sync 2 DAGs
[2024-10-08T09:24:04.287+0000] {logging_mixin.py:190} INFO - [2024-10-08T09:24:04.287+0000] {dag.py:4180} INFO - Setting next_dagrun for example_xcom_args to None, run_after=None
[2024-10-08T09:24:04.291+0000] {logging_mixin.py:190} INFO - [2024-10-08T09:24:04.291+0000] {dag.py:4180} INFO - Setting next_dagrun for example_xcom_args_with_operators to None, run_after=None
[2024-10-08T09:24:04.322+0000] {processor.py:208} INFO - Processing /root/miniconda3/envs/project/lib/python3.8/site-packages/airflow/example_dags/example_xcomargs.py took 0.122 seconds
[2024-10-08T09:25:12.965+0000] {processor.py:186} INFO - Started process (PID=225337) to work on /root/miniconda3/envs/project/lib/python3.8/site-packages/airflow/example_dags/example_xcomargs.py
[2024-10-08T09:25:12.969+0000] {processor.py:914} INFO - Processing file /root/miniconda3/envs/project/lib/python3.8/site-packages/airflow/example_dags/example_xcomargs.py for tasks to queue
[2024-10-08T09:25:12.975+0000] {logging_mixin.py:190} INFO - [2024-10-08T09:25:12.974+0000] {dagbag.py:588} INFO - Filling up the DagBag from /root/miniconda3/envs/project/lib/python3.8/site-packages/airflow/example_dags/example_xcomargs.py
[2024-10-08T09:25:12.995+0000] {processor.py:925} INFO - DAG(s) 'example_xcom_args', 'example_xcom_args_with_operators' retrieved from /root/miniconda3/envs/project/lib/python3.8/site-packages/airflow/example_dags/example_xcomargs.py
[2024-10-08T09:25:13.030+0000] {logging_mixin.py:190} INFO - [2024-10-08T09:25:13.029+0000] {dag.py:3239} INFO - Sync 2 DAGs
[2024-10-08T09:25:13.050+0000] {logging_mixin.py:190} INFO - [2024-10-08T09:25:13.050+0000] {dag.py:4180} INFO - Setting next_dagrun for example_xcom_args to None, run_after=None
[2024-10-08T09:25:13.055+0000] {logging_mixin.py:190} INFO - [2024-10-08T09:25:13.054+0000] {dag.py:4180} INFO - Setting next_dagrun for example_xcom_args_with_operators to None, run_after=None
[2024-10-08T09:25:13.090+0000] {processor.py:208} INFO - Processing /root/miniconda3/envs/project/lib/python3.8/site-packages/airflow/example_dags/example_xcomargs.py took 0.137 seconds
[2024-10-08T09:26:22.153+0000] {processor.py:186} INFO - Started process (PID=225712) to work on /root/miniconda3/envs/project/lib/python3.8/site-packages/airflow/example_dags/example_xcomargs.py
[2024-10-08T09:26:22.156+0000] {processor.py:914} INFO - Processing file /root/miniconda3/envs/project/lib/python3.8/site-packages/airflow/example_dags/example_xcomargs.py for tasks to queue
[2024-10-08T09:26:22.159+0000] {logging_mixin.py:190} INFO - [2024-10-08T09:26:22.159+0000] {dagbag.py:588} INFO - Filling up the DagBag from /root/miniconda3/envs/project/lib/python3.8/site-packages/airflow/example_dags/example_xcomargs.py
[2024-10-08T09:26:22.178+0000] {processor.py:925} INFO - DAG(s) 'example_xcom_args', 'example_xcom_args_with_operators' retrieved from /root/miniconda3/envs/project/lib/python3.8/site-packages/airflow/example_dags/example_xcomargs.py
[2024-10-08T09:26:22.208+0000] {logging_mixin.py:190} INFO - [2024-10-08T09:26:22.208+0000] {dag.py:3239} INFO - Sync 2 DAGs
[2024-10-08T09:26:22.227+0000] {logging_mixin.py:190} INFO - [2024-10-08T09:26:22.227+0000] {dag.py:4180} INFO - Setting next_dagrun for example_xcom_args to None, run_after=None
[2024-10-08T09:26:22.232+0000] {logging_mixin.py:190} INFO - [2024-10-08T09:26:22.232+0000] {dag.py:4180} INFO - Setting next_dagrun for example_xcom_args_with_operators to None, run_after=None
[2024-10-08T09:26:22.261+0000] {processor.py:208} INFO - Processing /root/miniconda3/envs/project/lib/python3.8/site-packages/airflow/example_dags/example_xcomargs.py took 0.119 seconds
[2024-10-08T09:27:35.115+0000] {processor.py:186} INFO - Started process (PID=226141) to work on /root/miniconda3/envs/project/lib/python3.8/site-packages/airflow/example_dags/example_xcomargs.py
[2024-10-08T09:27:35.117+0000] {processor.py:914} INFO - Processing file /root/miniconda3/envs/project/lib/python3.8/site-packages/airflow/example_dags/example_xcomargs.py for tasks to queue
[2024-10-08T09:27:35.121+0000] {logging_mixin.py:190} INFO - [2024-10-08T09:27:35.120+0000] {dagbag.py:588} INFO - Filling up the DagBag from /root/miniconda3/envs/project/lib/python3.8/site-packages/airflow/example_dags/example_xcomargs.py
[2024-10-08T09:27:35.136+0000] {processor.py:925} INFO - DAG(s) 'example_xcom_args_with_operators', 'example_xcom_args' retrieved from /root/miniconda3/envs/project/lib/python3.8/site-packages/airflow/example_dags/example_xcomargs.py
[2024-10-08T09:27:35.164+0000] {logging_mixin.py:190} INFO - [2024-10-08T09:27:35.164+0000] {dag.py:3239} INFO - Sync 2 DAGs
[2024-10-08T09:27:35.183+0000] {logging_mixin.py:190} INFO - [2024-10-08T09:27:35.182+0000] {dag.py:4180} INFO - Setting next_dagrun for example_xcom_args to None, run_after=None
[2024-10-08T09:27:35.187+0000] {logging_mixin.py:190} INFO - [2024-10-08T09:27:35.187+0000] {dag.py:4180} INFO - Setting next_dagrun for example_xcom_args_with_operators to None, run_after=None
[2024-10-08T09:27:35.217+0000] {processor.py:208} INFO - Processing /root/miniconda3/envs/project/lib/python3.8/site-packages/airflow/example_dags/example_xcomargs.py took 0.114 seconds
[2024-10-08T09:28:46.349+0000] {processor.py:186} INFO - Started process (PID=226736) to work on /root/miniconda3/envs/project/lib/python3.8/site-packages/airflow/example_dags/example_xcomargs.py
[2024-10-08T09:28:46.351+0000] {processor.py:914} INFO - Processing file /root/miniconda3/envs/project/lib/python3.8/site-packages/airflow/example_dags/example_xcomargs.py for tasks to queue
[2024-10-08T09:28:46.355+0000] {logging_mixin.py:190} INFO - [2024-10-08T09:28:46.355+0000] {dagbag.py:588} INFO - Filling up the DagBag from /root/miniconda3/envs/project/lib/python3.8/site-packages/airflow/example_dags/example_xcomargs.py
[2024-10-08T09:28:46.371+0000] {processor.py:925} INFO - DAG(s) 'example_xcom_args', 'example_xcom_args_with_operators' retrieved from /root/miniconda3/envs/project/lib/python3.8/site-packages/airflow/example_dags/example_xcomargs.py
[2024-10-08T09:28:46.398+0000] {logging_mixin.py:190} INFO - [2024-10-08T09:28:46.398+0000] {dag.py:3239} INFO - Sync 2 DAGs
[2024-10-08T09:28:46.416+0000] {logging_mixin.py:190} INFO - [2024-10-08T09:28:46.415+0000] {dag.py:4180} INFO - Setting next_dagrun for example_xcom_args to None, run_after=None
[2024-10-08T09:28:46.420+0000] {logging_mixin.py:190} INFO - [2024-10-08T09:28:46.419+0000] {dag.py:4180} INFO - Setting next_dagrun for example_xcom_args_with_operators to None, run_after=None
[2024-10-08T09:28:46.448+0000] {processor.py:208} INFO - Processing /root/miniconda3/envs/project/lib/python3.8/site-packages/airflow/example_dags/example_xcomargs.py took 0.115 seconds
[2024-10-08T09:30:06.543+0000] {processor.py:186} INFO - Started process (PID=227539) to work on /root/miniconda3/envs/project/lib/python3.8/site-packages/airflow/example_dags/example_xcomargs.py
[2024-10-08T09:30:06.546+0000] {processor.py:914} INFO - Processing file /root/miniconda3/envs/project/lib/python3.8/site-packages/airflow/example_dags/example_xcomargs.py for tasks to queue
[2024-10-08T09:30:06.549+0000] {logging_mixin.py:190} INFO - [2024-10-08T09:30:06.548+0000] {dagbag.py:588} INFO - Filling up the DagBag from /root/miniconda3/envs/project/lib/python3.8/site-packages/airflow/example_dags/example_xcomargs.py
[2024-10-08T09:30:06.563+0000] {processor.py:925} INFO - DAG(s) 'example_xcom_args', 'example_xcom_args_with_operators' retrieved from /root/miniconda3/envs/project/lib/python3.8/site-packages/airflow/example_dags/example_xcomargs.py
[2024-10-08T09:30:06.722+0000] {logging_mixin.py:190} INFO - [2024-10-08T09:30:06.722+0000] {dag.py:3239} INFO - Sync 2 DAGs
[2024-10-08T09:30:06.737+0000] {logging_mixin.py:190} INFO - [2024-10-08T09:30:06.737+0000] {dag.py:4180} INFO - Setting next_dagrun for example_xcom_args to None, run_after=None
[2024-10-08T09:30:06.740+0000] {logging_mixin.py:190} INFO - [2024-10-08T09:30:06.740+0000] {dag.py:4180} INFO - Setting next_dagrun for example_xcom_args_with_operators to None, run_after=None
[2024-10-08T09:30:06.776+0000] {processor.py:208} INFO - Processing /root/miniconda3/envs/project/lib/python3.8/site-packages/airflow/example_dags/example_xcomargs.py took 0.245 seconds
[2024-10-08T09:31:41.560+0000] {processor.py:186} INFO - Started process (PID=228646) to work on /root/miniconda3/envs/project/lib/python3.8/site-packages/airflow/example_dags/example_xcomargs.py
[2024-10-08T09:31:41.563+0000] {processor.py:914} INFO - Processing file /root/miniconda3/envs/project/lib/python3.8/site-packages/airflow/example_dags/example_xcomargs.py for tasks to queue
[2024-10-08T09:31:41.566+0000] {logging_mixin.py:190} INFO - [2024-10-08T09:31:41.566+0000] {dagbag.py:588} INFO - Filling up the DagBag from /root/miniconda3/envs/project/lib/python3.8/site-packages/airflow/example_dags/example_xcomargs.py
[2024-10-08T09:31:41.582+0000] {processor.py:925} INFO - DAG(s) 'example_xcom_args_with_operators', 'example_xcom_args' retrieved from /root/miniconda3/envs/project/lib/python3.8/site-packages/airflow/example_dags/example_xcomargs.py
[2024-10-08T09:31:41.609+0000] {logging_mixin.py:190} INFO - [2024-10-08T09:31:41.609+0000] {dag.py:3239} INFO - Sync 2 DAGs
[2024-10-08T09:31:41.628+0000] {logging_mixin.py:190} INFO - [2024-10-08T09:31:41.627+0000] {dag.py:4180} INFO - Setting next_dagrun for example_xcom_args to None, run_after=None
[2024-10-08T09:31:41.632+0000] {logging_mixin.py:190} INFO - [2024-10-08T09:31:41.632+0000] {dag.py:4180} INFO - Setting next_dagrun for example_xcom_args_with_operators to None, run_after=None
[2024-10-08T09:31:41.662+0000] {processor.py:208} INFO - Processing /root/miniconda3/envs/project/lib/python3.8/site-packages/airflow/example_dags/example_xcomargs.py took 0.113 seconds
[2024-10-08T09:32:53.435+0000] {processor.py:186} INFO - Started process (PID=229165) to work on /root/miniconda3/envs/project/lib/python3.8/site-packages/airflow/example_dags/example_xcomargs.py
[2024-10-08T09:32:53.437+0000] {processor.py:914} INFO - Processing file /root/miniconda3/envs/project/lib/python3.8/site-packages/airflow/example_dags/example_xcomargs.py for tasks to queue
[2024-10-08T09:32:53.440+0000] {logging_mixin.py:190} INFO - [2024-10-08T09:32:53.439+0000] {dagbag.py:588} INFO - Filling up the DagBag from /root/miniconda3/envs/project/lib/python3.8/site-packages/airflow/example_dags/example_xcomargs.py
[2024-10-08T09:32:53.454+0000] {processor.py:925} INFO - DAG(s) 'example_xcom_args_with_operators', 'example_xcom_args' retrieved from /root/miniconda3/envs/project/lib/python3.8/site-packages/airflow/example_dags/example_xcomargs.py
[2024-10-08T09:32:53.479+0000] {logging_mixin.py:190} INFO - [2024-10-08T09:32:53.479+0000] {dag.py:3239} INFO - Sync 2 DAGs
[2024-10-08T09:32:53.496+0000] {logging_mixin.py:190} INFO - [2024-10-08T09:32:53.496+0000] {dag.py:4180} INFO - Setting next_dagrun for example_xcom_args to None, run_after=None
[2024-10-08T09:32:53.500+0000] {logging_mixin.py:190} INFO - [2024-10-08T09:32:53.500+0000] {dag.py:4180} INFO - Setting next_dagrun for example_xcom_args_with_operators to None, run_after=None
[2024-10-08T09:32:53.526+0000] {processor.py:208} INFO - Processing /root/miniconda3/envs/project/lib/python3.8/site-packages/airflow/example_dags/example_xcomargs.py took 0.101 seconds
