[2024-10-08T07:57:37.708+0000] {processor.py:186} INFO - Started process (PID=207129) to work on /root/miniconda3/envs/project/lib/python3.8/site-packages/airflow/example_dags/example_params_trigger_ui.py
[2024-10-08T07:57:37.709+0000] {processor.py:914} INFO - Processing file /root/miniconda3/envs/project/lib/python3.8/site-packages/airflow/example_dags/example_params_trigger_ui.py for tasks to queue
[2024-10-08T07:57:37.712+0000] {logging_mixin.py:190} INFO - [2024-10-08T07:57:37.712+0000] {dagbag.py:588} INFO - Filling up the DagBag from /root/miniconda3/envs/project/lib/python3.8/site-packages/airflow/example_dags/example_params_trigger_ui.py
[2024-10-08T07:57:37.728+0000] {processor.py:925} INFO - DAG(s) 'example_params_trigger_ui' retrieved from /root/miniconda3/envs/project/lib/python3.8/site-packages/airflow/example_dags/example_params_trigger_ui.py
[2024-10-08T07:57:37.922+0000] {logging_mixin.py:190} INFO - [2024-10-08T07:57:37.921+0000] {override.py:1901} INFO - Created Permission View: can delete on DAG:example_params_trigger_ui
[2024-10-08T07:57:37.943+0000] {logging_mixin.py:190} INFO - [2024-10-08T07:57:37.943+0000] {override.py:1901} INFO - Created Permission View: can read on DAG:example_params_trigger_ui
[2024-10-08T07:57:37.964+0000] {logging_mixin.py:190} INFO - [2024-10-08T07:57:37.963+0000] {override.py:1901} INFO - Created Permission View: can edit on DAG:example_params_trigger_ui
[2024-10-08T07:57:37.992+0000] {logging_mixin.py:190} INFO - [2024-10-08T07:57:37.991+0000] {override.py:1901} INFO - Created Permission View: can delete on DAG Run:example_params_trigger_ui
[2024-10-08T07:57:38.010+0000] {logging_mixin.py:190} INFO - [2024-10-08T07:57:38.010+0000] {override.py:1901} INFO - Created Permission View: menu access on DAG Run:example_params_trigger_ui
[2024-10-08T07:57:38.024+0000] {logging_mixin.py:190} INFO - [2024-10-08T07:57:38.024+0000] {override.py:1901} INFO - Created Permission View: can create on DAG Run:example_params_trigger_ui
[2024-10-08T07:57:38.043+0000] {logging_mixin.py:190} INFO - [2024-10-08T07:57:38.042+0000] {override.py:1901} INFO - Created Permission View: can read on DAG Run:example_params_trigger_ui
[2024-10-08T07:57:38.043+0000] {logging_mixin.py:190} INFO - [2024-10-08T07:57:38.043+0000] {dag.py:3239} INFO - Sync 1 DAGs
[2024-10-08T07:57:38.061+0000] {logging_mixin.py:190} INFO - [2024-10-08T07:57:38.060+0000] {dag.py:3262} INFO - Creating ORM DAG for example_params_trigger_ui
[2024-10-08T07:57:38.061+0000] {logging_mixin.py:190} INFO - [2024-10-08T07:57:38.061+0000] {dag.py:4180} INFO - Setting next_dagrun for example_params_trigger_ui to None, run_after=None
[2024-10-08T07:57:38.093+0000] {processor.py:208} INFO - Processing /root/miniconda3/envs/project/lib/python3.8/site-packages/airflow/example_dags/example_params_trigger_ui.py took 0.397 seconds
[2024-10-08T07:58:49.349+0000] {processor.py:186} INFO - Started process (PID=207328) to work on /root/miniconda3/envs/project/lib/python3.8/site-packages/airflow/example_dags/example_params_trigger_ui.py
[2024-10-08T07:58:49.352+0000] {processor.py:914} INFO - Processing file /root/miniconda3/envs/project/lib/python3.8/site-packages/airflow/example_dags/example_params_trigger_ui.py for tasks to queue
[2024-10-08T07:58:49.355+0000] {logging_mixin.py:190} INFO - [2024-10-08T07:58:49.355+0000] {dagbag.py:588} INFO - Filling up the DagBag from /root/miniconda3/envs/project/lib/python3.8/site-packages/airflow/example_dags/example_params_trigger_ui.py
[2024-10-08T07:58:49.372+0000] {processor.py:925} INFO - DAG(s) 'example_params_trigger_ui' retrieved from /root/miniconda3/envs/project/lib/python3.8/site-packages/airflow/example_dags/example_params_trigger_ui.py
[2024-10-08T07:58:49.444+0000] {logging_mixin.py:190} INFO - [2024-10-08T07:58:49.443+0000] {dag.py:3239} INFO - Sync 1 DAGs
[2024-10-08T07:58:49.462+0000] {logging_mixin.py:190} INFO - [2024-10-08T07:58:49.462+0000] {dag.py:4180} INFO - Setting next_dagrun for example_params_trigger_ui to None, run_after=None
[2024-10-08T07:58:49.498+0000] {processor.py:208} INFO - Processing /root/miniconda3/envs/project/lib/python3.8/site-packages/airflow/example_dags/example_params_trigger_ui.py took 0.161 seconds
[2024-10-08T08:00:02.337+0000] {processor.py:186} INFO - Started process (PID=207634) to work on /root/miniconda3/envs/project/lib/python3.8/site-packages/airflow/example_dags/example_params_trigger_ui.py
[2024-10-08T08:00:02.340+0000] {processor.py:914} INFO - Processing file /root/miniconda3/envs/project/lib/python3.8/site-packages/airflow/example_dags/example_params_trigger_ui.py for tasks to queue
[2024-10-08T08:00:02.343+0000] {logging_mixin.py:190} INFO - [2024-10-08T08:00:02.343+0000] {dagbag.py:588} INFO - Filling up the DagBag from /root/miniconda3/envs/project/lib/python3.8/site-packages/airflow/example_dags/example_params_trigger_ui.py
[2024-10-08T08:00:02.360+0000] {processor.py:925} INFO - DAG(s) 'example_params_trigger_ui' retrieved from /root/miniconda3/envs/project/lib/python3.8/site-packages/airflow/example_dags/example_params_trigger_ui.py
[2024-10-08T08:00:02.428+0000] {logging_mixin.py:190} INFO - [2024-10-08T08:00:02.427+0000] {dag.py:3239} INFO - Sync 1 DAGs
[2024-10-08T08:00:02.447+0000] {logging_mixin.py:190} INFO - [2024-10-08T08:00:02.446+0000] {dag.py:4180} INFO - Setting next_dagrun for example_params_trigger_ui to None, run_after=None
[2024-10-08T08:00:02.477+0000] {processor.py:208} INFO - Processing /root/miniconda3/envs/project/lib/python3.8/site-packages/airflow/example_dags/example_params_trigger_ui.py took 0.152 seconds
[2024-10-08T08:01:12.727+0000] {processor.py:186} INFO - Started process (PID=207979) to work on /root/miniconda3/envs/project/lib/python3.8/site-packages/airflow/example_dags/example_params_trigger_ui.py
[2024-10-08T08:01:12.730+0000] {processor.py:914} INFO - Processing file /root/miniconda3/envs/project/lib/python3.8/site-packages/airflow/example_dags/example_params_trigger_ui.py for tasks to queue
[2024-10-08T08:01:12.733+0000] {logging_mixin.py:190} INFO - [2024-10-08T08:01:12.732+0000] {dagbag.py:588} INFO - Filling up the DagBag from /root/miniconda3/envs/project/lib/python3.8/site-packages/airflow/example_dags/example_params_trigger_ui.py
[2024-10-08T08:01:12.750+0000] {processor.py:925} INFO - DAG(s) 'example_params_trigger_ui' retrieved from /root/miniconda3/envs/project/lib/python3.8/site-packages/airflow/example_dags/example_params_trigger_ui.py
[2024-10-08T08:01:12.816+0000] {logging_mixin.py:190} INFO - [2024-10-08T08:01:12.816+0000] {dag.py:3239} INFO - Sync 1 DAGs
[2024-10-08T08:01:12.834+0000] {logging_mixin.py:190} INFO - [2024-10-08T08:01:12.834+0000] {dag.py:4180} INFO - Setting next_dagrun for example_params_trigger_ui to None, run_after=None
[2024-10-08T08:01:12.867+0000] {processor.py:208} INFO - Processing /root/miniconda3/envs/project/lib/python3.8/site-packages/airflow/example_dags/example_params_trigger_ui.py took 0.153 seconds
[2024-10-08T08:02:26.965+0000] {processor.py:186} INFO - Started process (PID=208236) to work on /root/miniconda3/envs/project/lib/python3.8/site-packages/airflow/example_dags/example_params_trigger_ui.py
[2024-10-08T08:02:26.968+0000] {processor.py:914} INFO - Processing file /root/miniconda3/envs/project/lib/python3.8/site-packages/airflow/example_dags/example_params_trigger_ui.py for tasks to queue
[2024-10-08T08:02:26.972+0000] {logging_mixin.py:190} INFO - [2024-10-08T08:02:26.971+0000] {dagbag.py:588} INFO - Filling up the DagBag from /root/miniconda3/envs/project/lib/python3.8/site-packages/airflow/example_dags/example_params_trigger_ui.py
[2024-10-08T08:02:26.989+0000] {processor.py:925} INFO - DAG(s) 'example_params_trigger_ui' retrieved from /root/miniconda3/envs/project/lib/python3.8/site-packages/airflow/example_dags/example_params_trigger_ui.py
[2024-10-08T08:02:27.056+0000] {logging_mixin.py:190} INFO - [2024-10-08T08:02:27.055+0000] {dag.py:3239} INFO - Sync 1 DAGs
[2024-10-08T08:02:27.075+0000] {logging_mixin.py:190} INFO - [2024-10-08T08:02:27.074+0000] {dag.py:4180} INFO - Setting next_dagrun for example_params_trigger_ui to None, run_after=None
[2024-10-08T08:02:27.115+0000] {processor.py:208} INFO - Processing /root/miniconda3/envs/project/lib/python3.8/site-packages/airflow/example_dags/example_params_trigger_ui.py took 0.162 seconds
[2024-10-08T08:03:36.649+0000] {processor.py:186} INFO - Started process (PID=208438) to work on /root/miniconda3/envs/project/lib/python3.8/site-packages/airflow/example_dags/example_params_trigger_ui.py
[2024-10-08T08:03:36.652+0000] {processor.py:914} INFO - Processing file /root/miniconda3/envs/project/lib/python3.8/site-packages/airflow/example_dags/example_params_trigger_ui.py for tasks to queue
[2024-10-08T08:03:36.655+0000] {logging_mixin.py:190} INFO - [2024-10-08T08:03:36.654+0000] {dagbag.py:588} INFO - Filling up the DagBag from /root/miniconda3/envs/project/lib/python3.8/site-packages/airflow/example_dags/example_params_trigger_ui.py
[2024-10-08T08:03:36.671+0000] {processor.py:925} INFO - DAG(s) 'example_params_trigger_ui' retrieved from /root/miniconda3/envs/project/lib/python3.8/site-packages/airflow/example_dags/example_params_trigger_ui.py
[2024-10-08T08:03:36.736+0000] {logging_mixin.py:190} INFO - [2024-10-08T08:03:36.736+0000] {dag.py:3239} INFO - Sync 1 DAGs
[2024-10-08T08:03:36.754+0000] {logging_mixin.py:190} INFO - [2024-10-08T08:03:36.754+0000] {dag.py:4180} INFO - Setting next_dagrun for example_params_trigger_ui to None, run_after=None
[2024-10-08T08:03:36.788+0000] {processor.py:208} INFO - Processing /root/miniconda3/envs/project/lib/python3.8/site-packages/airflow/example_dags/example_params_trigger_ui.py took 0.151 seconds
[2024-10-08T08:04:44.811+0000] {processor.py:186} INFO - Started process (PID=208643) to work on /root/miniconda3/envs/project/lib/python3.8/site-packages/airflow/example_dags/example_params_trigger_ui.py
[2024-10-08T08:04:44.814+0000] {processor.py:914} INFO - Processing file /root/miniconda3/envs/project/lib/python3.8/site-packages/airflow/example_dags/example_params_trigger_ui.py for tasks to queue
[2024-10-08T08:04:44.820+0000] {logging_mixin.py:190} INFO - [2024-10-08T08:04:44.819+0000] {dagbag.py:588} INFO - Filling up the DagBag from /root/miniconda3/envs/project/lib/python3.8/site-packages/airflow/example_dags/example_params_trigger_ui.py
[2024-10-08T08:04:44.844+0000] {processor.py:925} INFO - DAG(s) 'example_params_trigger_ui' retrieved from /root/miniconda3/envs/project/lib/python3.8/site-packages/airflow/example_dags/example_params_trigger_ui.py
[2024-10-08T08:04:44.913+0000] {logging_mixin.py:190} INFO - [2024-10-08T08:04:44.913+0000] {dag.py:3239} INFO - Sync 1 DAGs
[2024-10-08T08:04:44.932+0000] {logging_mixin.py:190} INFO - [2024-10-08T08:04:44.931+0000] {dag.py:4180} INFO - Setting next_dagrun for example_params_trigger_ui to None, run_after=None
[2024-10-08T08:04:44.962+0000] {processor.py:208} INFO - Processing /root/miniconda3/envs/project/lib/python3.8/site-packages/airflow/example_dags/example_params_trigger_ui.py took 0.162 seconds
[2024-10-08T08:05:45.510+0000] {processor.py:186} INFO - Started process (PID=208826) to work on /root/miniconda3/envs/project/lib/python3.8/site-packages/airflow/example_dags/example_params_trigger_ui.py
[2024-10-08T08:05:45.512+0000] {processor.py:914} INFO - Processing file /root/miniconda3/envs/project/lib/python3.8/site-packages/airflow/example_dags/example_params_trigger_ui.py for tasks to queue
[2024-10-08T08:05:45.516+0000] {logging_mixin.py:190} INFO - [2024-10-08T08:05:45.515+0000] {dagbag.py:588} INFO - Filling up the DagBag from /root/miniconda3/envs/project/lib/python3.8/site-packages/airflow/example_dags/example_params_trigger_ui.py
[2024-10-08T08:05:45.532+0000] {processor.py:925} INFO - DAG(s) 'example_params_trigger_ui' retrieved from /root/miniconda3/envs/project/lib/python3.8/site-packages/airflow/example_dags/example_params_trigger_ui.py
[2024-10-08T08:05:45.598+0000] {logging_mixin.py:190} INFO - [2024-10-08T08:05:45.598+0000] {dag.py:3239} INFO - Sync 1 DAGs
[2024-10-08T08:05:45.616+0000] {logging_mixin.py:190} INFO - [2024-10-08T08:05:45.616+0000] {dag.py:4180} INFO - Setting next_dagrun for example_params_trigger_ui to None, run_after=None
[2024-10-08T08:05:45.649+0000] {processor.py:208} INFO - Processing /root/miniconda3/envs/project/lib/python3.8/site-packages/airflow/example_dags/example_params_trigger_ui.py took 0.151 seconds
[2024-10-08T08:06:47.302+0000] {processor.py:186} INFO - Started process (PID=209008) to work on /root/miniconda3/envs/project/lib/python3.8/site-packages/airflow/example_dags/example_params_trigger_ui.py
[2024-10-08T08:06:47.305+0000] {processor.py:914} INFO - Processing file /root/miniconda3/envs/project/lib/python3.8/site-packages/airflow/example_dags/example_params_trigger_ui.py for tasks to queue
[2024-10-08T08:06:47.308+0000] {logging_mixin.py:190} INFO - [2024-10-08T08:06:47.308+0000] {dagbag.py:588} INFO - Filling up the DagBag from /root/miniconda3/envs/project/lib/python3.8/site-packages/airflow/example_dags/example_params_trigger_ui.py
[2024-10-08T08:06:47.326+0000] {processor.py:925} INFO - DAG(s) 'example_params_trigger_ui' retrieved from /root/miniconda3/envs/project/lib/python3.8/site-packages/airflow/example_dags/example_params_trigger_ui.py
[2024-10-08T08:06:47.394+0000] {logging_mixin.py:190} INFO - [2024-10-08T08:06:47.394+0000] {dag.py:3239} INFO - Sync 1 DAGs
[2024-10-08T08:06:47.412+0000] {logging_mixin.py:190} INFO - [2024-10-08T08:06:47.412+0000] {dag.py:4180} INFO - Setting next_dagrun for example_params_trigger_ui to None, run_after=None
[2024-10-08T08:06:47.443+0000] {processor.py:208} INFO - Processing /root/miniconda3/envs/project/lib/python3.8/site-packages/airflow/example_dags/example_params_trigger_ui.py took 0.154 seconds
[2024-10-08T08:07:57.633+0000] {processor.py:186} INFO - Started process (PID=209301) to work on /root/miniconda3/envs/project/lib/python3.8/site-packages/airflow/example_dags/example_params_trigger_ui.py
[2024-10-08T08:07:57.636+0000] {processor.py:914} INFO - Processing file /root/miniconda3/envs/project/lib/python3.8/site-packages/airflow/example_dags/example_params_trigger_ui.py for tasks to queue
[2024-10-08T08:07:57.640+0000] {logging_mixin.py:190} INFO - [2024-10-08T08:07:57.639+0000] {dagbag.py:588} INFO - Filling up the DagBag from /root/miniconda3/envs/project/lib/python3.8/site-packages/airflow/example_dags/example_params_trigger_ui.py
[2024-10-08T08:07:57.656+0000] {processor.py:925} INFO - DAG(s) 'example_params_trigger_ui' retrieved from /root/miniconda3/envs/project/lib/python3.8/site-packages/airflow/example_dags/example_params_trigger_ui.py
[2024-10-08T08:07:57.724+0000] {logging_mixin.py:190} INFO - [2024-10-08T08:07:57.724+0000] {dag.py:3239} INFO - Sync 1 DAGs
[2024-10-08T08:07:57.743+0000] {logging_mixin.py:190} INFO - [2024-10-08T08:07:57.742+0000] {dag.py:4180} INFO - Setting next_dagrun for example_params_trigger_ui to None, run_after=None
[2024-10-08T08:07:57.776+0000] {processor.py:208} INFO - Processing /root/miniconda3/envs/project/lib/python3.8/site-packages/airflow/example_dags/example_params_trigger_ui.py took 0.155 seconds
[2024-10-08T08:10:07.491+0000] {processor.py:186} INFO - Started process (PID=210084) to work on /root/miniconda3/envs/project/lib/python3.8/site-packages/airflow/example_dags/example_params_trigger_ui.py
[2024-10-08T08:10:07.494+0000] {processor.py:914} INFO - Processing file /root/miniconda3/envs/project/lib/python3.8/site-packages/airflow/example_dags/example_params_trigger_ui.py for tasks to queue
[2024-10-08T08:10:07.497+0000] {logging_mixin.py:190} INFO - [2024-10-08T08:10:07.497+0000] {dagbag.py:588} INFO - Filling up the DagBag from /root/miniconda3/envs/project/lib/python3.8/site-packages/airflow/example_dags/example_params_trigger_ui.py
[2024-10-08T08:10:07.515+0000] {processor.py:925} INFO - DAG(s) 'example_params_trigger_ui' retrieved from /root/miniconda3/envs/project/lib/python3.8/site-packages/airflow/example_dags/example_params_trigger_ui.py
[2024-10-08T08:10:07.582+0000] {logging_mixin.py:190} INFO - [2024-10-08T08:10:07.582+0000] {dag.py:3239} INFO - Sync 1 DAGs
[2024-10-08T08:10:07.601+0000] {logging_mixin.py:190} INFO - [2024-10-08T08:10:07.601+0000] {dag.py:4180} INFO - Setting next_dagrun for example_params_trigger_ui to None, run_after=None
[2024-10-08T08:10:07.633+0000] {processor.py:208} INFO - Processing /root/miniconda3/envs/project/lib/python3.8/site-packages/airflow/example_dags/example_params_trigger_ui.py took 0.156 seconds
[2024-10-08T08:13:09.926+0000] {processor.py:186} INFO - Started process (PID=211096) to work on /root/miniconda3/envs/project/lib/python3.8/site-packages/airflow/example_dags/example_params_trigger_ui.py
[2024-10-08T08:13:09.929+0000] {processor.py:914} INFO - Processing file /root/miniconda3/envs/project/lib/python3.8/site-packages/airflow/example_dags/example_params_trigger_ui.py for tasks to queue
[2024-10-08T08:13:09.932+0000] {logging_mixin.py:190} INFO - [2024-10-08T08:13:09.931+0000] {dagbag.py:588} INFO - Filling up the DagBag from /root/miniconda3/envs/project/lib/python3.8/site-packages/airflow/example_dags/example_params_trigger_ui.py
[2024-10-08T08:13:09.949+0000] {processor.py:925} INFO - DAG(s) 'example_params_trigger_ui' retrieved from /root/miniconda3/envs/project/lib/python3.8/site-packages/airflow/example_dags/example_params_trigger_ui.py
[2024-10-08T08:13:10.016+0000] {logging_mixin.py:190} INFO - [2024-10-08T08:13:10.015+0000] {dag.py:3239} INFO - Sync 1 DAGs
[2024-10-08T08:13:10.035+0000] {logging_mixin.py:190} INFO - [2024-10-08T08:13:10.035+0000] {dag.py:4180} INFO - Setting next_dagrun for example_params_trigger_ui to None, run_after=None
[2024-10-08T08:13:10.068+0000] {processor.py:208} INFO - Processing /root/miniconda3/envs/project/lib/python3.8/site-packages/airflow/example_dags/example_params_trigger_ui.py took 0.154 seconds
[2024-10-08T08:14:20.596+0000] {processor.py:186} INFO - Started process (PID=211304) to work on /root/miniconda3/envs/project/lib/python3.8/site-packages/airflow/example_dags/example_params_trigger_ui.py
[2024-10-08T08:14:20.599+0000] {processor.py:914} INFO - Processing file /root/miniconda3/envs/project/lib/python3.8/site-packages/airflow/example_dags/example_params_trigger_ui.py for tasks to queue
[2024-10-08T08:14:20.602+0000] {logging_mixin.py:190} INFO - [2024-10-08T08:14:20.601+0000] {dagbag.py:588} INFO - Filling up the DagBag from /root/miniconda3/envs/project/lib/python3.8/site-packages/airflow/example_dags/example_params_trigger_ui.py
[2024-10-08T08:14:20.619+0000] {processor.py:925} INFO - DAG(s) 'example_params_trigger_ui' retrieved from /root/miniconda3/envs/project/lib/python3.8/site-packages/airflow/example_dags/example_params_trigger_ui.py
[2024-10-08T08:14:20.683+0000] {logging_mixin.py:190} INFO - [2024-10-08T08:14:20.682+0000] {dag.py:3239} INFO - Sync 1 DAGs
[2024-10-08T08:14:20.700+0000] {logging_mixin.py:190} INFO - [2024-10-08T08:14:20.700+0000] {dag.py:4180} INFO - Setting next_dagrun for example_params_trigger_ui to None, run_after=None
[2024-10-08T08:14:20.732+0000] {processor.py:208} INFO - Processing /root/miniconda3/envs/project/lib/python3.8/site-packages/airflow/example_dags/example_params_trigger_ui.py took 0.147 seconds
[2024-10-08T08:15:28.411+0000] {processor.py:186} INFO - Started process (PID=211552) to work on /root/miniconda3/envs/project/lib/python3.8/site-packages/airflow/example_dags/example_params_trigger_ui.py
[2024-10-08T08:15:28.414+0000] {processor.py:914} INFO - Processing file /root/miniconda3/envs/project/lib/python3.8/site-packages/airflow/example_dags/example_params_trigger_ui.py for tasks to queue
[2024-10-08T08:15:28.417+0000] {logging_mixin.py:190} INFO - [2024-10-08T08:15:28.416+0000] {dagbag.py:588} INFO - Filling up the DagBag from /root/miniconda3/envs/project/lib/python3.8/site-packages/airflow/example_dags/example_params_trigger_ui.py
[2024-10-08T08:15:28.433+0000] {processor.py:925} INFO - DAG(s) 'example_params_trigger_ui' retrieved from /root/miniconda3/envs/project/lib/python3.8/site-packages/airflow/example_dags/example_params_trigger_ui.py
[2024-10-08T08:15:28.499+0000] {logging_mixin.py:190} INFO - [2024-10-08T08:15:28.498+0000] {dag.py:3239} INFO - Sync 1 DAGs
[2024-10-08T08:15:28.518+0000] {logging_mixin.py:190} INFO - [2024-10-08T08:15:28.517+0000] {dag.py:4180} INFO - Setting next_dagrun for example_params_trigger_ui to None, run_after=None
[2024-10-08T08:15:28.551+0000] {processor.py:208} INFO - Processing /root/miniconda3/envs/project/lib/python3.8/site-packages/airflow/example_dags/example_params_trigger_ui.py took 0.152 seconds
[2024-10-08T08:16:35.861+0000] {processor.py:186} INFO - Started process (PID=211803) to work on /root/miniconda3/envs/project/lib/python3.8/site-packages/airflow/example_dags/example_params_trigger_ui.py
[2024-10-08T08:16:35.865+0000] {processor.py:914} INFO - Processing file /root/miniconda3/envs/project/lib/python3.8/site-packages/airflow/example_dags/example_params_trigger_ui.py for tasks to queue
[2024-10-08T08:16:35.870+0000] {logging_mixin.py:190} INFO - [2024-10-08T08:16:35.869+0000] {dagbag.py:588} INFO - Filling up the DagBag from /root/miniconda3/envs/project/lib/python3.8/site-packages/airflow/example_dags/example_params_trigger_ui.py
[2024-10-08T08:16:35.890+0000] {processor.py:925} INFO - DAG(s) 'example_params_trigger_ui' retrieved from /root/miniconda3/envs/project/lib/python3.8/site-packages/airflow/example_dags/example_params_trigger_ui.py
[2024-10-08T08:16:35.956+0000] {logging_mixin.py:190} INFO - [2024-10-08T08:16:35.955+0000] {dag.py:3239} INFO - Sync 1 DAGs
[2024-10-08T08:16:35.974+0000] {logging_mixin.py:190} INFO - [2024-10-08T08:16:35.974+0000] {dag.py:4180} INFO - Setting next_dagrun for example_params_trigger_ui to None, run_after=None
[2024-10-08T08:16:36.004+0000] {processor.py:208} INFO - Processing /root/miniconda3/envs/project/lib/python3.8/site-packages/airflow/example_dags/example_params_trigger_ui.py took 0.155 seconds
[2024-10-08T08:17:47.298+0000] {processor.py:186} INFO - Started process (PID=212052) to work on /root/miniconda3/envs/project/lib/python3.8/site-packages/airflow/example_dags/example_params_trigger_ui.py
[2024-10-08T08:17:47.301+0000] {processor.py:914} INFO - Processing file /root/miniconda3/envs/project/lib/python3.8/site-packages/airflow/example_dags/example_params_trigger_ui.py for tasks to queue
[2024-10-08T08:17:47.305+0000] {logging_mixin.py:190} INFO - [2024-10-08T08:17:47.304+0000] {dagbag.py:588} INFO - Filling up the DagBag from /root/miniconda3/envs/project/lib/python3.8/site-packages/airflow/example_dags/example_params_trigger_ui.py
[2024-10-08T08:17:47.322+0000] {processor.py:925} INFO - DAG(s) 'example_params_trigger_ui' retrieved from /root/miniconda3/envs/project/lib/python3.8/site-packages/airflow/example_dags/example_params_trigger_ui.py
[2024-10-08T08:17:47.387+0000] {logging_mixin.py:190} INFO - [2024-10-08T08:17:47.387+0000] {dag.py:3239} INFO - Sync 1 DAGs
[2024-10-08T08:17:47.405+0000] {logging_mixin.py:190} INFO - [2024-10-08T08:17:47.405+0000] {dag.py:4180} INFO - Setting next_dagrun for example_params_trigger_ui to None, run_after=None
[2024-10-08T08:17:47.440+0000] {processor.py:208} INFO - Processing /root/miniconda3/envs/project/lib/python3.8/site-packages/airflow/example_dags/example_params_trigger_ui.py took 0.152 seconds
[2024-10-08T08:18:59.094+0000] {processor.py:186} INFO - Started process (PID=212258) to work on /root/miniconda3/envs/project/lib/python3.8/site-packages/airflow/example_dags/example_params_trigger_ui.py
[2024-10-08T08:18:59.096+0000] {processor.py:914} INFO - Processing file /root/miniconda3/envs/project/lib/python3.8/site-packages/airflow/example_dags/example_params_trigger_ui.py for tasks to queue
[2024-10-08T08:18:59.100+0000] {logging_mixin.py:190} INFO - [2024-10-08T08:18:59.099+0000] {dagbag.py:588} INFO - Filling up the DagBag from /root/miniconda3/envs/project/lib/python3.8/site-packages/airflow/example_dags/example_params_trigger_ui.py
[2024-10-08T08:18:59.117+0000] {processor.py:925} INFO - DAG(s) 'example_params_trigger_ui' retrieved from /root/miniconda3/envs/project/lib/python3.8/site-packages/airflow/example_dags/example_params_trigger_ui.py
[2024-10-08T08:18:59.183+0000] {logging_mixin.py:190} INFO - [2024-10-08T08:18:59.183+0000] {dag.py:3239} INFO - Sync 1 DAGs
[2024-10-08T08:18:59.201+0000] {logging_mixin.py:190} INFO - [2024-10-08T08:18:59.200+0000] {dag.py:4180} INFO - Setting next_dagrun for example_params_trigger_ui to None, run_after=None
[2024-10-08T08:18:59.234+0000] {processor.py:208} INFO - Processing /root/miniconda3/envs/project/lib/python3.8/site-packages/airflow/example_dags/example_params_trigger_ui.py took 0.153 seconds
[2024-10-08T08:20:00.597+0000] {processor.py:186} INFO - Started process (PID=212437) to work on /root/miniconda3/envs/project/lib/python3.8/site-packages/airflow/example_dags/example_params_trigger_ui.py
[2024-10-08T08:20:00.600+0000] {processor.py:914} INFO - Processing file /root/miniconda3/envs/project/lib/python3.8/site-packages/airflow/example_dags/example_params_trigger_ui.py for tasks to queue
[2024-10-08T08:20:00.603+0000] {logging_mixin.py:190} INFO - [2024-10-08T08:20:00.603+0000] {dagbag.py:588} INFO - Filling up the DagBag from /root/miniconda3/envs/project/lib/python3.8/site-packages/airflow/example_dags/example_params_trigger_ui.py
[2024-10-08T08:20:00.621+0000] {processor.py:925} INFO - DAG(s) 'example_params_trigger_ui' retrieved from /root/miniconda3/envs/project/lib/python3.8/site-packages/airflow/example_dags/example_params_trigger_ui.py
[2024-10-08T08:20:00.686+0000] {logging_mixin.py:190} INFO - [2024-10-08T08:20:00.686+0000] {dag.py:3239} INFO - Sync 1 DAGs
[2024-10-08T08:20:00.704+0000] {logging_mixin.py:190} INFO - [2024-10-08T08:20:00.704+0000] {dag.py:4180} INFO - Setting next_dagrun for example_params_trigger_ui to None, run_after=None
[2024-10-08T08:20:00.752+0000] {processor.py:208} INFO - Processing /root/miniconda3/envs/project/lib/python3.8/site-packages/airflow/example_dags/example_params_trigger_ui.py took 0.166 seconds
[2024-10-08T08:21:09.560+0000] {processor.py:186} INFO - Started process (PID=212627) to work on /root/miniconda3/envs/project/lib/python3.8/site-packages/airflow/example_dags/example_params_trigger_ui.py
[2024-10-08T08:21:09.563+0000] {processor.py:914} INFO - Processing file /root/miniconda3/envs/project/lib/python3.8/site-packages/airflow/example_dags/example_params_trigger_ui.py for tasks to queue
[2024-10-08T08:21:09.567+0000] {logging_mixin.py:190} INFO - [2024-10-08T08:21:09.566+0000] {dagbag.py:588} INFO - Filling up the DagBag from /root/miniconda3/envs/project/lib/python3.8/site-packages/airflow/example_dags/example_params_trigger_ui.py
[2024-10-08T08:21:09.584+0000] {processor.py:925} INFO - DAG(s) 'example_params_trigger_ui' retrieved from /root/miniconda3/envs/project/lib/python3.8/site-packages/airflow/example_dags/example_params_trigger_ui.py
[2024-10-08T08:21:09.651+0000] {logging_mixin.py:190} INFO - [2024-10-08T08:21:09.651+0000] {dag.py:3239} INFO - Sync 1 DAGs
[2024-10-08T08:21:09.669+0000] {logging_mixin.py:190} INFO - [2024-10-08T08:21:09.669+0000] {dag.py:4180} INFO - Setting next_dagrun for example_params_trigger_ui to None, run_after=None
[2024-10-08T08:21:09.701+0000] {processor.py:208} INFO - Processing /root/miniconda3/envs/project/lib/python3.8/site-packages/airflow/example_dags/example_params_trigger_ui.py took 0.152 seconds
[2024-10-08T08:22:20.927+0000] {processor.py:186} INFO - Started process (PID=212834) to work on /root/miniconda3/envs/project/lib/python3.8/site-packages/airflow/example_dags/example_params_trigger_ui.py
[2024-10-08T08:22:20.930+0000] {processor.py:914} INFO - Processing file /root/miniconda3/envs/project/lib/python3.8/site-packages/airflow/example_dags/example_params_trigger_ui.py for tasks to queue
[2024-10-08T08:22:20.933+0000] {logging_mixin.py:190} INFO - [2024-10-08T08:22:20.933+0000] {dagbag.py:588} INFO - Filling up the DagBag from /root/miniconda3/envs/project/lib/python3.8/site-packages/airflow/example_dags/example_params_trigger_ui.py
[2024-10-08T08:22:20.950+0000] {processor.py:925} INFO - DAG(s) 'example_params_trigger_ui' retrieved from /root/miniconda3/envs/project/lib/python3.8/site-packages/airflow/example_dags/example_params_trigger_ui.py
[2024-10-08T08:22:21.019+0000] {logging_mixin.py:190} INFO - [2024-10-08T08:22:21.019+0000] {dag.py:3239} INFO - Sync 1 DAGs
[2024-10-08T08:22:21.039+0000] {logging_mixin.py:190} INFO - [2024-10-08T08:22:21.038+0000] {dag.py:4180} INFO - Setting next_dagrun for example_params_trigger_ui to None, run_after=None
[2024-10-08T08:22:21.070+0000] {processor.py:208} INFO - Processing /root/miniconda3/envs/project/lib/python3.8/site-packages/airflow/example_dags/example_params_trigger_ui.py took 0.154 seconds
[2024-10-08T08:23:27.870+0000] {processor.py:186} INFO - Started process (PID=213079) to work on /root/miniconda3/envs/project/lib/python3.8/site-packages/airflow/example_dags/example_params_trigger_ui.py
[2024-10-08T08:23:27.873+0000] {processor.py:914} INFO - Processing file /root/miniconda3/envs/project/lib/python3.8/site-packages/airflow/example_dags/example_params_trigger_ui.py for tasks to queue
[2024-10-08T08:23:27.876+0000] {logging_mixin.py:190} INFO - [2024-10-08T08:23:27.876+0000] {dagbag.py:588} INFO - Filling up the DagBag from /root/miniconda3/envs/project/lib/python3.8/site-packages/airflow/example_dags/example_params_trigger_ui.py
[2024-10-08T08:23:27.893+0000] {processor.py:925} INFO - DAG(s) 'example_params_trigger_ui' retrieved from /root/miniconda3/envs/project/lib/python3.8/site-packages/airflow/example_dags/example_params_trigger_ui.py
[2024-10-08T08:23:27.958+0000] {logging_mixin.py:190} INFO - [2024-10-08T08:23:27.958+0000] {dag.py:3239} INFO - Sync 1 DAGs
[2024-10-08T08:23:27.976+0000] {logging_mixin.py:190} INFO - [2024-10-08T08:23:27.976+0000] {dag.py:4180} INFO - Setting next_dagrun for example_params_trigger_ui to None, run_after=None
[2024-10-08T08:23:28.009+0000] {processor.py:208} INFO - Processing /root/miniconda3/envs/project/lib/python3.8/site-packages/airflow/example_dags/example_params_trigger_ui.py took 0.150 seconds
[2024-10-08T08:24:32.166+0000] {processor.py:186} INFO - Started process (PID=213312) to work on /root/miniconda3/envs/project/lib/python3.8/site-packages/airflow/example_dags/example_params_trigger_ui.py
[2024-10-08T08:24:32.168+0000] {processor.py:914} INFO - Processing file /root/miniconda3/envs/project/lib/python3.8/site-packages/airflow/example_dags/example_params_trigger_ui.py for tasks to queue
[2024-10-08T08:24:32.172+0000] {logging_mixin.py:190} INFO - [2024-10-08T08:24:32.171+0000] {dagbag.py:588} INFO - Filling up the DagBag from /root/miniconda3/envs/project/lib/python3.8/site-packages/airflow/example_dags/example_params_trigger_ui.py
[2024-10-08T08:24:32.188+0000] {processor.py:925} INFO - DAG(s) 'example_params_trigger_ui' retrieved from /root/miniconda3/envs/project/lib/python3.8/site-packages/airflow/example_dags/example_params_trigger_ui.py
[2024-10-08T08:24:32.254+0000] {logging_mixin.py:190} INFO - [2024-10-08T08:24:32.254+0000] {dag.py:3239} INFO - Sync 1 DAGs
[2024-10-08T08:24:32.272+0000] {logging_mixin.py:190} INFO - [2024-10-08T08:24:32.272+0000] {dag.py:4180} INFO - Setting next_dagrun for example_params_trigger_ui to None, run_after=None
[2024-10-08T08:24:32.306+0000] {processor.py:208} INFO - Processing /root/miniconda3/envs/project/lib/python3.8/site-packages/airflow/example_dags/example_params_trigger_ui.py took 0.150 seconds
[2024-10-08T08:37:22.095+0000] {processor.py:186} INFO - Started process (PID=215033) to work on /root/miniconda3/envs/project/lib/python3.8/site-packages/airflow/example_dags/example_params_trigger_ui.py
[2024-10-08T08:37:22.098+0000] {processor.py:914} INFO - Processing file /root/miniconda3/envs/project/lib/python3.8/site-packages/airflow/example_dags/example_params_trigger_ui.py for tasks to queue
[2024-10-08T08:37:22.101+0000] {logging_mixin.py:190} INFO - [2024-10-08T08:37:22.101+0000] {dagbag.py:588} INFO - Filling up the DagBag from /root/miniconda3/envs/project/lib/python3.8/site-packages/airflow/example_dags/example_params_trigger_ui.py
[2024-10-08T08:37:22.118+0000] {processor.py:925} INFO - DAG(s) 'example_params_trigger_ui' retrieved from /root/miniconda3/envs/project/lib/python3.8/site-packages/airflow/example_dags/example_params_trigger_ui.py
[2024-10-08T08:37:22.190+0000] {logging_mixin.py:190} INFO - [2024-10-08T08:37:22.190+0000] {dag.py:3239} INFO - Sync 1 DAGs
[2024-10-08T08:37:22.214+0000] {logging_mixin.py:190} INFO - [2024-10-08T08:37:22.213+0000] {dag.py:4180} INFO - Setting next_dagrun for example_params_trigger_ui to None, run_after=None
[2024-10-08T08:37:22.245+0000] {processor.py:208} INFO - Processing /root/miniconda3/envs/project/lib/python3.8/site-packages/airflow/example_dags/example_params_trigger_ui.py took 0.161 seconds
[2024-10-08T08:38:33.877+0000] {processor.py:186} INFO - Started process (PID=215407) to work on /root/miniconda3/envs/project/lib/python3.8/site-packages/airflow/example_dags/example_params_trigger_ui.py
[2024-10-08T08:38:33.880+0000] {processor.py:914} INFO - Processing file /root/miniconda3/envs/project/lib/python3.8/site-packages/airflow/example_dags/example_params_trigger_ui.py for tasks to queue
[2024-10-08T08:38:33.883+0000] {logging_mixin.py:190} INFO - [2024-10-08T08:38:33.882+0000] {dagbag.py:588} INFO - Filling up the DagBag from /root/miniconda3/envs/project/lib/python3.8/site-packages/airflow/example_dags/example_params_trigger_ui.py
[2024-10-08T08:38:33.899+0000] {processor.py:925} INFO - DAG(s) 'example_params_trigger_ui' retrieved from /root/miniconda3/envs/project/lib/python3.8/site-packages/airflow/example_dags/example_params_trigger_ui.py
[2024-10-08T08:38:33.969+0000] {logging_mixin.py:190} INFO - [2024-10-08T08:38:33.969+0000] {dag.py:3239} INFO - Sync 1 DAGs
[2024-10-08T08:38:33.987+0000] {logging_mixin.py:190} INFO - [2024-10-08T08:38:33.987+0000] {dag.py:4180} INFO - Setting next_dagrun for example_params_trigger_ui to None, run_after=None
[2024-10-08T08:38:34.018+0000] {processor.py:208} INFO - Processing /root/miniconda3/envs/project/lib/python3.8/site-packages/airflow/example_dags/example_params_trigger_ui.py took 0.153 seconds
[2024-10-08T08:39:45.641+0000] {processor.py:186} INFO - Started process (PID=215729) to work on /root/miniconda3/envs/project/lib/python3.8/site-packages/airflow/example_dags/example_params_trigger_ui.py
[2024-10-08T08:39:45.643+0000] {processor.py:914} INFO - Processing file /root/miniconda3/envs/project/lib/python3.8/site-packages/airflow/example_dags/example_params_trigger_ui.py for tasks to queue
[2024-10-08T08:39:45.646+0000] {logging_mixin.py:190} INFO - [2024-10-08T08:39:45.646+0000] {dagbag.py:588} INFO - Filling up the DagBag from /root/miniconda3/envs/project/lib/python3.8/site-packages/airflow/example_dags/example_params_trigger_ui.py
[2024-10-08T08:39:45.663+0000] {processor.py:925} INFO - DAG(s) 'example_params_trigger_ui' retrieved from /root/miniconda3/envs/project/lib/python3.8/site-packages/airflow/example_dags/example_params_trigger_ui.py
[2024-10-08T08:39:45.732+0000] {logging_mixin.py:190} INFO - [2024-10-08T08:39:45.731+0000] {dag.py:3239} INFO - Sync 1 DAGs
[2024-10-08T08:39:45.750+0000] {logging_mixin.py:190} INFO - [2024-10-08T08:39:45.750+0000] {dag.py:4180} INFO - Setting next_dagrun for example_params_trigger_ui to None, run_after=None
[2024-10-08T08:39:45.782+0000] {processor.py:208} INFO - Processing /root/miniconda3/envs/project/lib/python3.8/site-packages/airflow/example_dags/example_params_trigger_ui.py took 0.154 seconds
[2024-10-08T08:40:55.082+0000] {processor.py:186} INFO - Started process (PID=216073) to work on /root/miniconda3/envs/project/lib/python3.8/site-packages/airflow/example_dags/example_params_trigger_ui.py
[2024-10-08T08:40:55.085+0000] {processor.py:914} INFO - Processing file /root/miniconda3/envs/project/lib/python3.8/site-packages/airflow/example_dags/example_params_trigger_ui.py for tasks to queue
[2024-10-08T08:40:55.089+0000] {logging_mixin.py:190} INFO - [2024-10-08T08:40:55.088+0000] {dagbag.py:588} INFO - Filling up the DagBag from /root/miniconda3/envs/project/lib/python3.8/site-packages/airflow/example_dags/example_params_trigger_ui.py
[2024-10-08T08:40:55.107+0000] {processor.py:925} INFO - DAG(s) 'example_params_trigger_ui' retrieved from /root/miniconda3/envs/project/lib/python3.8/site-packages/airflow/example_dags/example_params_trigger_ui.py
[2024-10-08T08:40:55.177+0000] {logging_mixin.py:190} INFO - [2024-10-08T08:40:55.177+0000] {dag.py:3239} INFO - Sync 1 DAGs
[2024-10-08T08:40:55.195+0000] {logging_mixin.py:190} INFO - [2024-10-08T08:40:55.195+0000] {dag.py:4180} INFO - Setting next_dagrun for example_params_trigger_ui to None, run_after=None
[2024-10-08T08:40:55.229+0000] {processor.py:208} INFO - Processing /root/miniconda3/envs/project/lib/python3.8/site-packages/airflow/example_dags/example_params_trigger_ui.py took 0.158 seconds
[2024-10-08T08:42:02.083+0000] {processor.py:186} INFO - Started process (PID=216534) to work on /root/miniconda3/envs/project/lib/python3.8/site-packages/airflow/example_dags/example_params_trigger_ui.py
[2024-10-08T08:42:02.086+0000] {processor.py:914} INFO - Processing file /root/miniconda3/envs/project/lib/python3.8/site-packages/airflow/example_dags/example_params_trigger_ui.py for tasks to queue
[2024-10-08T08:42:02.089+0000] {logging_mixin.py:190} INFO - [2024-10-08T08:42:02.089+0000] {dagbag.py:588} INFO - Filling up the DagBag from /root/miniconda3/envs/project/lib/python3.8/site-packages/airflow/example_dags/example_params_trigger_ui.py
[2024-10-08T08:42:02.107+0000] {processor.py:925} INFO - DAG(s) 'example_params_trigger_ui' retrieved from /root/miniconda3/envs/project/lib/python3.8/site-packages/airflow/example_dags/example_params_trigger_ui.py
[2024-10-08T08:42:02.179+0000] {logging_mixin.py:190} INFO - [2024-10-08T08:42:02.178+0000] {dag.py:3239} INFO - Sync 1 DAGs
[2024-10-08T08:42:02.197+0000] {logging_mixin.py:190} INFO - [2024-10-08T08:42:02.197+0000] {dag.py:4180} INFO - Setting next_dagrun for example_params_trigger_ui to None, run_after=None
[2024-10-08T08:42:02.231+0000] {processor.py:208} INFO - Processing /root/miniconda3/envs/project/lib/python3.8/site-packages/airflow/example_dags/example_params_trigger_ui.py took 0.158 seconds
[2024-10-08T08:43:08.888+0000] {processor.py:186} INFO - Started process (PID=216753) to work on /root/miniconda3/envs/project/lib/python3.8/site-packages/airflow/example_dags/example_params_trigger_ui.py
[2024-10-08T08:43:08.891+0000] {processor.py:914} INFO - Processing file /root/miniconda3/envs/project/lib/python3.8/site-packages/airflow/example_dags/example_params_trigger_ui.py for tasks to queue
[2024-10-08T08:43:08.894+0000] {logging_mixin.py:190} INFO - [2024-10-08T08:43:08.894+0000] {dagbag.py:588} INFO - Filling up the DagBag from /root/miniconda3/envs/project/lib/python3.8/site-packages/airflow/example_dags/example_params_trigger_ui.py
[2024-10-08T08:43:08.911+0000] {processor.py:925} INFO - DAG(s) 'example_params_trigger_ui' retrieved from /root/miniconda3/envs/project/lib/python3.8/site-packages/airflow/example_dags/example_params_trigger_ui.py
[2024-10-08T08:43:08.980+0000] {logging_mixin.py:190} INFO - [2024-10-08T08:43:08.980+0000] {dag.py:3239} INFO - Sync 1 DAGs
[2024-10-08T08:43:08.999+0000] {logging_mixin.py:190} INFO - [2024-10-08T08:43:08.998+0000] {dag.py:4180} INFO - Setting next_dagrun for example_params_trigger_ui to None, run_after=None
[2024-10-08T08:43:09.028+0000] {processor.py:208} INFO - Processing /root/miniconda3/envs/project/lib/python3.8/site-packages/airflow/example_dags/example_params_trigger_ui.py took 0.150 seconds
[2024-10-08T08:44:16.583+0000] {processor.py:186} INFO - Started process (PID=216971) to work on /root/miniconda3/envs/project/lib/python3.8/site-packages/airflow/example_dags/example_params_trigger_ui.py
[2024-10-08T08:44:16.586+0000] {processor.py:914} INFO - Processing file /root/miniconda3/envs/project/lib/python3.8/site-packages/airflow/example_dags/example_params_trigger_ui.py for tasks to queue
[2024-10-08T08:44:16.589+0000] {logging_mixin.py:190} INFO - [2024-10-08T08:44:16.589+0000] {dagbag.py:588} INFO - Filling up the DagBag from /root/miniconda3/envs/project/lib/python3.8/site-packages/airflow/example_dags/example_params_trigger_ui.py
[2024-10-08T08:44:16.606+0000] {processor.py:925} INFO - DAG(s) 'example_params_trigger_ui' retrieved from /root/miniconda3/envs/project/lib/python3.8/site-packages/airflow/example_dags/example_params_trigger_ui.py
[2024-10-08T08:44:16.674+0000] {logging_mixin.py:190} INFO - [2024-10-08T08:44:16.674+0000] {dag.py:3239} INFO - Sync 1 DAGs
[2024-10-08T08:44:16.692+0000] {logging_mixin.py:190} INFO - [2024-10-08T08:44:16.692+0000] {dag.py:4180} INFO - Setting next_dagrun for example_params_trigger_ui to None, run_after=None
[2024-10-08T08:44:16.726+0000] {processor.py:208} INFO - Processing /root/miniconda3/envs/project/lib/python3.8/site-packages/airflow/example_dags/example_params_trigger_ui.py took 0.153 seconds
[2024-10-08T08:45:32.534+0000] {processor.py:186} INFO - Started process (PID=217206) to work on /root/miniconda3/envs/project/lib/python3.8/site-packages/airflow/example_dags/example_params_trigger_ui.py
[2024-10-08T08:45:32.537+0000] {processor.py:914} INFO - Processing file /root/miniconda3/envs/project/lib/python3.8/site-packages/airflow/example_dags/example_params_trigger_ui.py for tasks to queue
[2024-10-08T08:45:32.541+0000] {logging_mixin.py:190} INFO - [2024-10-08T08:45:32.540+0000] {dagbag.py:588} INFO - Filling up the DagBag from /root/miniconda3/envs/project/lib/python3.8/site-packages/airflow/example_dags/example_params_trigger_ui.py
[2024-10-08T08:45:32.559+0000] {processor.py:925} INFO - DAG(s) 'example_params_trigger_ui' retrieved from /root/miniconda3/envs/project/lib/python3.8/site-packages/airflow/example_dags/example_params_trigger_ui.py
[2024-10-08T08:45:32.632+0000] {logging_mixin.py:190} INFO - [2024-10-08T08:45:32.631+0000] {dag.py:3239} INFO - Sync 1 DAGs
[2024-10-08T08:45:32.650+0000] {logging_mixin.py:190} INFO - [2024-10-08T08:45:32.650+0000] {dag.py:4180} INFO - Setting next_dagrun for example_params_trigger_ui to None, run_after=None
[2024-10-08T08:45:32.683+0000] {processor.py:208} INFO - Processing /root/miniconda3/envs/project/lib/python3.8/site-packages/airflow/example_dags/example_params_trigger_ui.py took 0.164 seconds
[2024-10-08T08:46:43.141+0000] {processor.py:186} INFO - Started process (PID=217518) to work on /root/miniconda3/envs/project/lib/python3.8/site-packages/airflow/example_dags/example_params_trigger_ui.py
[2024-10-08T08:46:43.143+0000] {processor.py:914} INFO - Processing file /root/miniconda3/envs/project/lib/python3.8/site-packages/airflow/example_dags/example_params_trigger_ui.py for tasks to queue
[2024-10-08T08:46:43.147+0000] {logging_mixin.py:190} INFO - [2024-10-08T08:46:43.146+0000] {dagbag.py:588} INFO - Filling up the DagBag from /root/miniconda3/envs/project/lib/python3.8/site-packages/airflow/example_dags/example_params_trigger_ui.py
[2024-10-08T08:46:43.163+0000] {processor.py:925} INFO - DAG(s) 'example_params_trigger_ui' retrieved from /root/miniconda3/envs/project/lib/python3.8/site-packages/airflow/example_dags/example_params_trigger_ui.py
[2024-10-08T08:46:43.232+0000] {logging_mixin.py:190} INFO - [2024-10-08T08:46:43.231+0000] {dag.py:3239} INFO - Sync 1 DAGs
[2024-10-08T08:46:43.249+0000] {logging_mixin.py:190} INFO - [2024-10-08T08:46:43.249+0000] {dag.py:4180} INFO - Setting next_dagrun for example_params_trigger_ui to None, run_after=None
[2024-10-08T08:46:43.281+0000] {processor.py:208} INFO - Processing /root/miniconda3/envs/project/lib/python3.8/site-packages/airflow/example_dags/example_params_trigger_ui.py took 0.151 seconds
[2024-10-08T08:47:54.734+0000] {processor.py:186} INFO - Started process (PID=217911) to work on /root/miniconda3/envs/project/lib/python3.8/site-packages/airflow/example_dags/example_params_trigger_ui.py
[2024-10-08T08:47:54.737+0000] {processor.py:914} INFO - Processing file /root/miniconda3/envs/project/lib/python3.8/site-packages/airflow/example_dags/example_params_trigger_ui.py for tasks to queue
[2024-10-08T08:47:54.740+0000] {logging_mixin.py:190} INFO - [2024-10-08T08:47:54.740+0000] {dagbag.py:588} INFO - Filling up the DagBag from /root/miniconda3/envs/project/lib/python3.8/site-packages/airflow/example_dags/example_params_trigger_ui.py
[2024-10-08T08:47:54.757+0000] {processor.py:925} INFO - DAG(s) 'example_params_trigger_ui' retrieved from /root/miniconda3/envs/project/lib/python3.8/site-packages/airflow/example_dags/example_params_trigger_ui.py
[2024-10-08T08:47:54.827+0000] {logging_mixin.py:190} INFO - [2024-10-08T08:47:54.827+0000] {dag.py:3239} INFO - Sync 1 DAGs
[2024-10-08T08:47:54.846+0000] {logging_mixin.py:190} INFO - [2024-10-08T08:47:54.845+0000] {dag.py:4180} INFO - Setting next_dagrun for example_params_trigger_ui to None, run_after=None
[2024-10-08T08:47:54.879+0000] {processor.py:208} INFO - Processing /root/miniconda3/envs/project/lib/python3.8/site-packages/airflow/example_dags/example_params_trigger_ui.py took 0.156 seconds
[2024-10-08T08:49:06.776+0000] {processor.py:186} INFO - Started process (PID=218138) to work on /root/miniconda3/envs/project/lib/python3.8/site-packages/airflow/example_dags/example_params_trigger_ui.py
[2024-10-08T08:49:06.779+0000] {processor.py:914} INFO - Processing file /root/miniconda3/envs/project/lib/python3.8/site-packages/airflow/example_dags/example_params_trigger_ui.py for tasks to queue
[2024-10-08T08:49:06.782+0000] {logging_mixin.py:190} INFO - [2024-10-08T08:49:06.782+0000] {dagbag.py:588} INFO - Filling up the DagBag from /root/miniconda3/envs/project/lib/python3.8/site-packages/airflow/example_dags/example_params_trigger_ui.py
[2024-10-08T08:49:06.799+0000] {processor.py:925} INFO - DAG(s) 'example_params_trigger_ui' retrieved from /root/miniconda3/envs/project/lib/python3.8/site-packages/airflow/example_dags/example_params_trigger_ui.py
[2024-10-08T08:49:06.868+0000] {logging_mixin.py:190} INFO - [2024-10-08T08:49:06.867+0000] {dag.py:3239} INFO - Sync 1 DAGs
[2024-10-08T08:49:06.886+0000] {logging_mixin.py:190} INFO - [2024-10-08T08:49:06.886+0000] {dag.py:4180} INFO - Setting next_dagrun for example_params_trigger_ui to None, run_after=None
[2024-10-08T08:49:06.918+0000] {processor.py:208} INFO - Processing /root/miniconda3/envs/project/lib/python3.8/site-packages/airflow/example_dags/example_params_trigger_ui.py took 0.151 seconds
[2024-10-08T08:50:18.178+0000] {processor.py:186} INFO - Started process (PID=218364) to work on /root/miniconda3/envs/project/lib/python3.8/site-packages/airflow/example_dags/example_params_trigger_ui.py
[2024-10-08T08:50:18.181+0000] {processor.py:914} INFO - Processing file /root/miniconda3/envs/project/lib/python3.8/site-packages/airflow/example_dags/example_params_trigger_ui.py for tasks to queue
[2024-10-08T08:50:18.184+0000] {logging_mixin.py:190} INFO - [2024-10-08T08:50:18.183+0000] {dagbag.py:588} INFO - Filling up the DagBag from /root/miniconda3/envs/project/lib/python3.8/site-packages/airflow/example_dags/example_params_trigger_ui.py
[2024-10-08T08:50:18.201+0000] {processor.py:925} INFO - DAG(s) 'example_params_trigger_ui' retrieved from /root/miniconda3/envs/project/lib/python3.8/site-packages/airflow/example_dags/example_params_trigger_ui.py
[2024-10-08T08:50:18.270+0000] {logging_mixin.py:190} INFO - [2024-10-08T08:50:18.270+0000] {dag.py:3239} INFO - Sync 1 DAGs
[2024-10-08T08:50:18.289+0000] {logging_mixin.py:190} INFO - [2024-10-08T08:50:18.288+0000] {dag.py:4180} INFO - Setting next_dagrun for example_params_trigger_ui to None, run_after=None
[2024-10-08T08:50:18.324+0000] {processor.py:208} INFO - Processing /root/miniconda3/envs/project/lib/python3.8/site-packages/airflow/example_dags/example_params_trigger_ui.py took 0.156 seconds
[2024-10-08T09:05:28.230+0000] {processor.py:186} INFO - Started process (PID=220037) to work on /root/miniconda3/envs/project/lib/python3.8/site-packages/airflow/example_dags/example_params_trigger_ui.py
[2024-10-08T09:05:28.234+0000] {processor.py:914} INFO - Processing file /root/miniconda3/envs/project/lib/python3.8/site-packages/airflow/example_dags/example_params_trigger_ui.py for tasks to queue
[2024-10-08T09:05:28.239+0000] {logging_mixin.py:190} INFO - [2024-10-08T09:05:28.238+0000] {dagbag.py:588} INFO - Filling up the DagBag from /root/miniconda3/envs/project/lib/python3.8/site-packages/airflow/example_dags/example_params_trigger_ui.py
[2024-10-08T09:05:28.260+0000] {processor.py:925} INFO - DAG(s) 'example_params_trigger_ui' retrieved from /root/miniconda3/envs/project/lib/python3.8/site-packages/airflow/example_dags/example_params_trigger_ui.py
[2024-10-08T09:05:28.331+0000] {logging_mixin.py:190} INFO - [2024-10-08T09:05:28.331+0000] {dag.py:3239} INFO - Sync 1 DAGs
[2024-10-08T09:05:28.351+0000] {logging_mixin.py:190} INFO - [2024-10-08T09:05:28.351+0000] {dag.py:4180} INFO - Setting next_dagrun for example_params_trigger_ui to None, run_after=None
[2024-10-08T09:05:28.382+0000] {processor.py:208} INFO - Processing /root/miniconda3/envs/project/lib/python3.8/site-packages/airflow/example_dags/example_params_trigger_ui.py took 0.163 seconds
[2024-10-08T09:09:00.742+0000] {processor.py:186} INFO - Started process (PID=220823) to work on /root/miniconda3/envs/project/lib/python3.8/site-packages/airflow/example_dags/example_params_trigger_ui.py
[2024-10-08T09:09:00.745+0000] {processor.py:914} INFO - Processing file /root/miniconda3/envs/project/lib/python3.8/site-packages/airflow/example_dags/example_params_trigger_ui.py for tasks to queue
[2024-10-08T09:09:00.748+0000] {logging_mixin.py:190} INFO - [2024-10-08T09:09:00.747+0000] {dagbag.py:588} INFO - Filling up the DagBag from /root/miniconda3/envs/project/lib/python3.8/site-packages/airflow/example_dags/example_params_trigger_ui.py
[2024-10-08T09:09:00.765+0000] {processor.py:925} INFO - DAG(s) 'example_params_trigger_ui' retrieved from /root/miniconda3/envs/project/lib/python3.8/site-packages/airflow/example_dags/example_params_trigger_ui.py
[2024-10-08T09:09:00.834+0000] {logging_mixin.py:190} INFO - [2024-10-08T09:09:00.833+0000] {dag.py:3239} INFO - Sync 1 DAGs
[2024-10-08T09:09:00.854+0000] {logging_mixin.py:190} INFO - [2024-10-08T09:09:00.853+0000] {dag.py:4180} INFO - Setting next_dagrun for example_params_trigger_ui to None, run_after=None
[2024-10-08T09:09:00.887+0000] {processor.py:208} INFO - Processing /root/miniconda3/envs/project/lib/python3.8/site-packages/airflow/example_dags/example_params_trigger_ui.py took 0.155 seconds
[2024-10-08T09:10:29.062+0000] {processor.py:186} INFO - Started process (PID=221540) to work on /root/miniconda3/envs/project/lib/python3.8/site-packages/airflow/example_dags/example_params_trigger_ui.py
[2024-10-08T09:10:29.065+0000] {processor.py:914} INFO - Processing file /root/miniconda3/envs/project/lib/python3.8/site-packages/airflow/example_dags/example_params_trigger_ui.py for tasks to queue
[2024-10-08T09:10:29.068+0000] {logging_mixin.py:190} INFO - [2024-10-08T09:10:29.067+0000] {dagbag.py:588} INFO - Filling up the DagBag from /root/miniconda3/envs/project/lib/python3.8/site-packages/airflow/example_dags/example_params_trigger_ui.py
[2024-10-08T09:10:29.085+0000] {processor.py:925} INFO - DAG(s) 'example_params_trigger_ui' retrieved from /root/miniconda3/envs/project/lib/python3.8/site-packages/airflow/example_dags/example_params_trigger_ui.py
[2024-10-08T09:10:29.155+0000] {logging_mixin.py:190} INFO - [2024-10-08T09:10:29.154+0000] {dag.py:3239} INFO - Sync 1 DAGs
[2024-10-08T09:10:29.175+0000] {logging_mixin.py:190} INFO - [2024-10-08T09:10:29.174+0000] {dag.py:4180} INFO - Setting next_dagrun for example_params_trigger_ui to None, run_after=None
[2024-10-08T09:10:29.208+0000] {processor.py:208} INFO - Processing /root/miniconda3/envs/project/lib/python3.8/site-packages/airflow/example_dags/example_params_trigger_ui.py took 0.156 seconds
[2024-10-08T09:11:41.137+0000] {processor.py:186} INFO - Started process (PID=221767) to work on /root/miniconda3/envs/project/lib/python3.8/site-packages/airflow/example_dags/example_params_trigger_ui.py
[2024-10-08T09:11:41.140+0000] {processor.py:914} INFO - Processing file /root/miniconda3/envs/project/lib/python3.8/site-packages/airflow/example_dags/example_params_trigger_ui.py for tasks to queue
[2024-10-08T09:11:41.144+0000] {logging_mixin.py:190} INFO - [2024-10-08T09:11:41.143+0000] {dagbag.py:588} INFO - Filling up the DagBag from /root/miniconda3/envs/project/lib/python3.8/site-packages/airflow/example_dags/example_params_trigger_ui.py
[2024-10-08T09:11:41.163+0000] {processor.py:925} INFO - DAG(s) 'example_params_trigger_ui' retrieved from /root/miniconda3/envs/project/lib/python3.8/site-packages/airflow/example_dags/example_params_trigger_ui.py
[2024-10-08T09:11:41.232+0000] {logging_mixin.py:190} INFO - [2024-10-08T09:11:41.232+0000] {dag.py:3239} INFO - Sync 1 DAGs
[2024-10-08T09:11:41.251+0000] {logging_mixin.py:190} INFO - [2024-10-08T09:11:41.250+0000] {dag.py:4180} INFO - Setting next_dagrun for example_params_trigger_ui to None, run_after=None
[2024-10-08T09:11:41.282+0000] {processor.py:208} INFO - Processing /root/miniconda3/envs/project/lib/python3.8/site-packages/airflow/example_dags/example_params_trigger_ui.py took 0.156 seconds
[2024-10-08T09:12:43.138+0000] {processor.py:186} INFO - Started process (PID=222094) to work on /root/miniconda3/envs/project/lib/python3.8/site-packages/airflow/example_dags/example_params_trigger_ui.py
[2024-10-08T09:12:43.141+0000] {processor.py:914} INFO - Processing file /root/miniconda3/envs/project/lib/python3.8/site-packages/airflow/example_dags/example_params_trigger_ui.py for tasks to queue
[2024-10-08T09:12:43.145+0000] {logging_mixin.py:190} INFO - [2024-10-08T09:12:43.144+0000] {dagbag.py:588} INFO - Filling up the DagBag from /root/miniconda3/envs/project/lib/python3.8/site-packages/airflow/example_dags/example_params_trigger_ui.py
[2024-10-08T09:12:43.162+0000] {processor.py:925} INFO - DAG(s) 'example_params_trigger_ui' retrieved from /root/miniconda3/envs/project/lib/python3.8/site-packages/airflow/example_dags/example_params_trigger_ui.py
[2024-10-08T09:12:43.229+0000] {logging_mixin.py:190} INFO - [2024-10-08T09:12:43.228+0000] {dag.py:3239} INFO - Sync 1 DAGs
[2024-10-08T09:12:43.247+0000] {logging_mixin.py:190} INFO - [2024-10-08T09:12:43.247+0000] {dag.py:4180} INFO - Setting next_dagrun for example_params_trigger_ui to None, run_after=None
[2024-10-08T09:12:43.278+0000] {processor.py:208} INFO - Processing /root/miniconda3/envs/project/lib/python3.8/site-packages/airflow/example_dags/example_params_trigger_ui.py took 0.153 seconds
[2024-10-08T09:13:52.887+0000] {processor.py:186} INFO - Started process (PID=222503) to work on /root/miniconda3/envs/project/lib/python3.8/site-packages/airflow/example_dags/example_params_trigger_ui.py
[2024-10-08T09:13:52.891+0000] {processor.py:914} INFO - Processing file /root/miniconda3/envs/project/lib/python3.8/site-packages/airflow/example_dags/example_params_trigger_ui.py for tasks to queue
[2024-10-08T09:13:52.894+0000] {logging_mixin.py:190} INFO - [2024-10-08T09:13:52.894+0000] {dagbag.py:588} INFO - Filling up the DagBag from /root/miniconda3/envs/project/lib/python3.8/site-packages/airflow/example_dags/example_params_trigger_ui.py
[2024-10-08T09:13:52.912+0000] {processor.py:925} INFO - DAG(s) 'example_params_trigger_ui' retrieved from /root/miniconda3/envs/project/lib/python3.8/site-packages/airflow/example_dags/example_params_trigger_ui.py
[2024-10-08T09:13:52.982+0000] {logging_mixin.py:190} INFO - [2024-10-08T09:13:52.981+0000] {dag.py:3239} INFO - Sync 1 DAGs
[2024-10-08T09:13:53.001+0000] {logging_mixin.py:190} INFO - [2024-10-08T09:13:53.001+0000] {dag.py:4180} INFO - Setting next_dagrun for example_params_trigger_ui to None, run_after=None
[2024-10-08T09:13:53.036+0000] {processor.py:208} INFO - Processing /root/miniconda3/envs/project/lib/python3.8/site-packages/airflow/example_dags/example_params_trigger_ui.py took 0.161 seconds
[2024-10-08T09:14:55.032+0000] {processor.py:186} INFO - Started process (PID=222766) to work on /root/miniconda3/envs/project/lib/python3.8/site-packages/airflow/example_dags/example_params_trigger_ui.py
[2024-10-08T09:14:55.036+0000] {processor.py:914} INFO - Processing file /root/miniconda3/envs/project/lib/python3.8/site-packages/airflow/example_dags/example_params_trigger_ui.py for tasks to queue
[2024-10-08T09:14:55.039+0000] {logging_mixin.py:190} INFO - [2024-10-08T09:14:55.039+0000] {dagbag.py:588} INFO - Filling up the DagBag from /root/miniconda3/envs/project/lib/python3.8/site-packages/airflow/example_dags/example_params_trigger_ui.py
[2024-10-08T09:14:55.057+0000] {processor.py:925} INFO - DAG(s) 'example_params_trigger_ui' retrieved from /root/miniconda3/envs/project/lib/python3.8/site-packages/airflow/example_dags/example_params_trigger_ui.py
[2024-10-08T09:14:55.124+0000] {logging_mixin.py:190} INFO - [2024-10-08T09:14:55.124+0000] {dag.py:3239} INFO - Sync 1 DAGs
[2024-10-08T09:14:55.143+0000] {logging_mixin.py:190} INFO - [2024-10-08T09:14:55.142+0000] {dag.py:4180} INFO - Setting next_dagrun for example_params_trigger_ui to None, run_after=None
[2024-10-08T09:14:55.174+0000] {processor.py:208} INFO - Processing /root/miniconda3/envs/project/lib/python3.8/site-packages/airflow/example_dags/example_params_trigger_ui.py took 0.153 seconds
[2024-10-08T09:16:10.308+0000] {processor.py:186} INFO - Started process (PID=223001) to work on /root/miniconda3/envs/project/lib/python3.8/site-packages/airflow/example_dags/example_params_trigger_ui.py
[2024-10-08T09:16:10.311+0000] {processor.py:914} INFO - Processing file /root/miniconda3/envs/project/lib/python3.8/site-packages/airflow/example_dags/example_params_trigger_ui.py for tasks to queue
[2024-10-08T09:16:10.315+0000] {logging_mixin.py:190} INFO - [2024-10-08T09:16:10.314+0000] {dagbag.py:588} INFO - Filling up the DagBag from /root/miniconda3/envs/project/lib/python3.8/site-packages/airflow/example_dags/example_params_trigger_ui.py
[2024-10-08T09:16:10.333+0000] {processor.py:925} INFO - DAG(s) 'example_params_trigger_ui' retrieved from /root/miniconda3/envs/project/lib/python3.8/site-packages/airflow/example_dags/example_params_trigger_ui.py
[2024-10-08T09:16:10.402+0000] {logging_mixin.py:190} INFO - [2024-10-08T09:16:10.401+0000] {dag.py:3239} INFO - Sync 1 DAGs
[2024-10-08T09:16:10.421+0000] {logging_mixin.py:190} INFO - [2024-10-08T09:16:10.421+0000] {dag.py:4180} INFO - Setting next_dagrun for example_params_trigger_ui to None, run_after=None
[2024-10-08T09:16:10.453+0000] {processor.py:208} INFO - Processing /root/miniconda3/envs/project/lib/python3.8/site-packages/airflow/example_dags/example_params_trigger_ui.py took 0.158 seconds
[2024-10-08T09:17:21.099+0000] {processor.py:186} INFO - Started process (PID=223232) to work on /root/miniconda3/envs/project/lib/python3.8/site-packages/airflow/example_dags/example_params_trigger_ui.py
[2024-10-08T09:17:21.102+0000] {processor.py:914} INFO - Processing file /root/miniconda3/envs/project/lib/python3.8/site-packages/airflow/example_dags/example_params_trigger_ui.py for tasks to queue
[2024-10-08T09:17:21.106+0000] {logging_mixin.py:190} INFO - [2024-10-08T09:17:21.106+0000] {dagbag.py:588} INFO - Filling up the DagBag from /root/miniconda3/envs/project/lib/python3.8/site-packages/airflow/example_dags/example_params_trigger_ui.py
[2024-10-08T09:17:21.124+0000] {processor.py:925} INFO - DAG(s) 'example_params_trigger_ui' retrieved from /root/miniconda3/envs/project/lib/python3.8/site-packages/airflow/example_dags/example_params_trigger_ui.py
[2024-10-08T09:17:21.192+0000] {logging_mixin.py:190} INFO - [2024-10-08T09:17:21.192+0000] {dag.py:3239} INFO - Sync 1 DAGs
[2024-10-08T09:17:21.210+0000] {logging_mixin.py:190} INFO - [2024-10-08T09:17:21.210+0000] {dag.py:4180} INFO - Setting next_dagrun for example_params_trigger_ui to None, run_after=None
[2024-10-08T09:17:21.241+0000] {processor.py:208} INFO - Processing /root/miniconda3/envs/project/lib/python3.8/site-packages/airflow/example_dags/example_params_trigger_ui.py took 0.155 seconds
[2024-10-08T09:18:30.311+0000] {processor.py:186} INFO - Started process (PID=223460) to work on /root/miniconda3/envs/project/lib/python3.8/site-packages/airflow/example_dags/example_params_trigger_ui.py
[2024-10-08T09:18:30.313+0000] {processor.py:914} INFO - Processing file /root/miniconda3/envs/project/lib/python3.8/site-packages/airflow/example_dags/example_params_trigger_ui.py for tasks to queue
[2024-10-08T09:18:30.317+0000] {logging_mixin.py:190} INFO - [2024-10-08T09:18:30.316+0000] {dagbag.py:588} INFO - Filling up the DagBag from /root/miniconda3/envs/project/lib/python3.8/site-packages/airflow/example_dags/example_params_trigger_ui.py
[2024-10-08T09:18:30.333+0000] {processor.py:925} INFO - DAG(s) 'example_params_trigger_ui' retrieved from /root/miniconda3/envs/project/lib/python3.8/site-packages/airflow/example_dags/example_params_trigger_ui.py
[2024-10-08T09:18:30.398+0000] {logging_mixin.py:190} INFO - [2024-10-08T09:18:30.398+0000] {dag.py:3239} INFO - Sync 1 DAGs
[2024-10-08T09:18:30.416+0000] {logging_mixin.py:190} INFO - [2024-10-08T09:18:30.415+0000] {dag.py:4180} INFO - Setting next_dagrun for example_params_trigger_ui to None, run_after=None
[2024-10-08T09:18:30.449+0000] {processor.py:208} INFO - Processing /root/miniconda3/envs/project/lib/python3.8/site-packages/airflow/example_dags/example_params_trigger_ui.py took 0.148 seconds
[2024-10-08T09:19:43.794+0000] {processor.py:186} INFO - Started process (PID=223694) to work on /root/miniconda3/envs/project/lib/python3.8/site-packages/airflow/example_dags/example_params_trigger_ui.py
[2024-10-08T09:19:43.797+0000] {processor.py:914} INFO - Processing file /root/miniconda3/envs/project/lib/python3.8/site-packages/airflow/example_dags/example_params_trigger_ui.py for tasks to queue
[2024-10-08T09:19:43.801+0000] {logging_mixin.py:190} INFO - [2024-10-08T09:19:43.800+0000] {dagbag.py:588} INFO - Filling up the DagBag from /root/miniconda3/envs/project/lib/python3.8/site-packages/airflow/example_dags/example_params_trigger_ui.py
[2024-10-08T09:19:43.819+0000] {processor.py:925} INFO - DAG(s) 'example_params_trigger_ui' retrieved from /root/miniconda3/envs/project/lib/python3.8/site-packages/airflow/example_dags/example_params_trigger_ui.py
[2024-10-08T09:19:43.888+0000] {logging_mixin.py:190} INFO - [2024-10-08T09:19:43.887+0000] {dag.py:3239} INFO - Sync 1 DAGs
[2024-10-08T09:19:43.909+0000] {logging_mixin.py:190} INFO - [2024-10-08T09:19:43.908+0000] {dag.py:4180} INFO - Setting next_dagrun for example_params_trigger_ui to None, run_after=None
[2024-10-08T09:19:43.949+0000] {processor.py:208} INFO - Processing /root/miniconda3/envs/project/lib/python3.8/site-packages/airflow/example_dags/example_params_trigger_ui.py took 0.167 seconds
[2024-10-08T09:20:55.307+0000] {processor.py:186} INFO - Started process (PID=224045) to work on /root/miniconda3/envs/project/lib/python3.8/site-packages/airflow/example_dags/example_params_trigger_ui.py
[2024-10-08T09:20:55.309+0000] {processor.py:914} INFO - Processing file /root/miniconda3/envs/project/lib/python3.8/site-packages/airflow/example_dags/example_params_trigger_ui.py for tasks to queue
[2024-10-08T09:20:55.313+0000] {logging_mixin.py:190} INFO - [2024-10-08T09:20:55.312+0000] {dagbag.py:588} INFO - Filling up the DagBag from /root/miniconda3/envs/project/lib/python3.8/site-packages/airflow/example_dags/example_params_trigger_ui.py
[2024-10-08T09:20:55.329+0000] {processor.py:925} INFO - DAG(s) 'example_params_trigger_ui' retrieved from /root/miniconda3/envs/project/lib/python3.8/site-packages/airflow/example_dags/example_params_trigger_ui.py
[2024-10-08T09:20:55.397+0000] {logging_mixin.py:190} INFO - [2024-10-08T09:20:55.397+0000] {dag.py:3239} INFO - Sync 1 DAGs
[2024-10-08T09:20:55.415+0000] {logging_mixin.py:190} INFO - [2024-10-08T09:20:55.415+0000] {dag.py:4180} INFO - Setting next_dagrun for example_params_trigger_ui to None, run_after=None
[2024-10-08T09:20:55.452+0000] {processor.py:208} INFO - Processing /root/miniconda3/envs/project/lib/python3.8/site-packages/airflow/example_dags/example_params_trigger_ui.py took 0.156 seconds
[2024-10-08T09:22:06.635+0000] {processor.py:186} INFO - Started process (PID=224272) to work on /root/miniconda3/envs/project/lib/python3.8/site-packages/airflow/example_dags/example_params_trigger_ui.py
[2024-10-08T09:22:06.639+0000] {processor.py:914} INFO - Processing file /root/miniconda3/envs/project/lib/python3.8/site-packages/airflow/example_dags/example_params_trigger_ui.py for tasks to queue
[2024-10-08T09:22:06.642+0000] {logging_mixin.py:190} INFO - [2024-10-08T09:22:06.641+0000] {dagbag.py:588} INFO - Filling up the DagBag from /root/miniconda3/envs/project/lib/python3.8/site-packages/airflow/example_dags/example_params_trigger_ui.py
[2024-10-08T09:22:06.658+0000] {processor.py:925} INFO - DAG(s) 'example_params_trigger_ui' retrieved from /root/miniconda3/envs/project/lib/python3.8/site-packages/airflow/example_dags/example_params_trigger_ui.py
[2024-10-08T09:22:06.725+0000] {logging_mixin.py:190} INFO - [2024-10-08T09:22:06.725+0000] {dag.py:3239} INFO - Sync 1 DAGs
[2024-10-08T09:22:06.744+0000] {logging_mixin.py:190} INFO - [2024-10-08T09:22:06.744+0000] {dag.py:4180} INFO - Setting next_dagrun for example_params_trigger_ui to None, run_after=None
[2024-10-08T09:22:06.774+0000] {processor.py:208} INFO - Processing /root/miniconda3/envs/project/lib/python3.8/site-packages/airflow/example_dags/example_params_trigger_ui.py took 0.150 seconds
[2024-10-08T09:23:14.571+0000] {processor.py:186} INFO - Started process (PID=224487) to work on /root/miniconda3/envs/project/lib/python3.8/site-packages/airflow/example_dags/example_params_trigger_ui.py
[2024-10-08T09:23:14.574+0000] {processor.py:914} INFO - Processing file /root/miniconda3/envs/project/lib/python3.8/site-packages/airflow/example_dags/example_params_trigger_ui.py for tasks to queue
[2024-10-08T09:23:14.578+0000] {logging_mixin.py:190} INFO - [2024-10-08T09:23:14.577+0000] {dagbag.py:588} INFO - Filling up the DagBag from /root/miniconda3/envs/project/lib/python3.8/site-packages/airflow/example_dags/example_params_trigger_ui.py
[2024-10-08T09:23:14.595+0000] {processor.py:925} INFO - DAG(s) 'example_params_trigger_ui' retrieved from /root/miniconda3/envs/project/lib/python3.8/site-packages/airflow/example_dags/example_params_trigger_ui.py
[2024-10-08T09:23:14.668+0000] {logging_mixin.py:190} INFO - [2024-10-08T09:23:14.668+0000] {dag.py:3239} INFO - Sync 1 DAGs
[2024-10-08T09:23:14.687+0000] {logging_mixin.py:190} INFO - [2024-10-08T09:23:14.686+0000] {dag.py:4180} INFO - Setting next_dagrun for example_params_trigger_ui to None, run_after=None
[2024-10-08T09:23:14.720+0000] {processor.py:208} INFO - Processing /root/miniconda3/envs/project/lib/python3.8/site-packages/airflow/example_dags/example_params_trigger_ui.py took 0.159 seconds
[2024-10-08T09:24:27.170+0000] {processor.py:186} INFO - Started process (PID=224697) to work on /root/miniconda3/envs/project/lib/python3.8/site-packages/airflow/example_dags/example_params_trigger_ui.py
[2024-10-08T09:24:27.173+0000] {processor.py:914} INFO - Processing file /root/miniconda3/envs/project/lib/python3.8/site-packages/airflow/example_dags/example_params_trigger_ui.py for tasks to queue
[2024-10-08T09:24:27.176+0000] {logging_mixin.py:190} INFO - [2024-10-08T09:24:27.175+0000] {dagbag.py:588} INFO - Filling up the DagBag from /root/miniconda3/envs/project/lib/python3.8/site-packages/airflow/example_dags/example_params_trigger_ui.py
[2024-10-08T09:24:27.193+0000] {processor.py:925} INFO - DAG(s) 'example_params_trigger_ui' retrieved from /root/miniconda3/envs/project/lib/python3.8/site-packages/airflow/example_dags/example_params_trigger_ui.py
[2024-10-08T09:24:27.279+0000] {logging_mixin.py:190} INFO - [2024-10-08T09:24:27.279+0000] {dag.py:3239} INFO - Sync 1 DAGs
[2024-10-08T09:24:27.308+0000] {logging_mixin.py:190} INFO - [2024-10-08T09:24:27.308+0000] {dag.py:4180} INFO - Setting next_dagrun for example_params_trigger_ui to None, run_after=None
[2024-10-08T09:24:27.342+0000] {processor.py:208} INFO - Processing /root/miniconda3/envs/project/lib/python3.8/site-packages/airflow/example_dags/example_params_trigger_ui.py took 0.184 seconds
[2024-10-08T09:25:36.583+0000] {processor.py:186} INFO - Started process (PID=225459) to work on /root/miniconda3/envs/project/lib/python3.8/site-packages/airflow/example_dags/example_params_trigger_ui.py
[2024-10-08T09:25:36.586+0000] {processor.py:914} INFO - Processing file /root/miniconda3/envs/project/lib/python3.8/site-packages/airflow/example_dags/example_params_trigger_ui.py for tasks to queue
[2024-10-08T09:25:36.590+0000] {logging_mixin.py:190} INFO - [2024-10-08T09:25:36.589+0000] {dagbag.py:588} INFO - Filling up the DagBag from /root/miniconda3/envs/project/lib/python3.8/site-packages/airflow/example_dags/example_params_trigger_ui.py
[2024-10-08T09:25:36.607+0000] {processor.py:925} INFO - DAG(s) 'example_params_trigger_ui' retrieved from /root/miniconda3/envs/project/lib/python3.8/site-packages/airflow/example_dags/example_params_trigger_ui.py
[2024-10-08T09:25:36.677+0000] {logging_mixin.py:190} INFO - [2024-10-08T09:25:36.676+0000] {dag.py:3239} INFO - Sync 1 DAGs
[2024-10-08T09:25:36.696+0000] {logging_mixin.py:190} INFO - [2024-10-08T09:25:36.695+0000] {dag.py:4180} INFO - Setting next_dagrun for example_params_trigger_ui to None, run_after=None
[2024-10-08T09:25:36.731+0000] {processor.py:208} INFO - Processing /root/miniconda3/envs/project/lib/python3.8/site-packages/airflow/example_dags/example_params_trigger_ui.py took 0.159 seconds
[2024-10-08T09:26:47.794+0000] {processor.py:186} INFO - Started process (PID=225946) to work on /root/miniconda3/envs/project/lib/python3.8/site-packages/airflow/example_dags/example_params_trigger_ui.py
[2024-10-08T09:26:47.798+0000] {processor.py:914} INFO - Processing file /root/miniconda3/envs/project/lib/python3.8/site-packages/airflow/example_dags/example_params_trigger_ui.py for tasks to queue
[2024-10-08T09:26:47.803+0000] {logging_mixin.py:190} INFO - [2024-10-08T09:26:47.802+0000] {dagbag.py:588} INFO - Filling up the DagBag from /root/miniconda3/envs/project/lib/python3.8/site-packages/airflow/example_dags/example_params_trigger_ui.py
[2024-10-08T09:26:47.822+0000] {processor.py:925} INFO - DAG(s) 'example_params_trigger_ui' retrieved from /root/miniconda3/envs/project/lib/python3.8/site-packages/airflow/example_dags/example_params_trigger_ui.py
[2024-10-08T09:26:47.890+0000] {logging_mixin.py:190} INFO - [2024-10-08T09:26:47.890+0000] {dag.py:3239} INFO - Sync 1 DAGs
[2024-10-08T09:26:47.909+0000] {logging_mixin.py:190} INFO - [2024-10-08T09:26:47.909+0000] {dag.py:4180} INFO - Setting next_dagrun for example_params_trigger_ui to None, run_after=None
[2024-10-08T09:26:47.943+0000] {processor.py:208} INFO - Processing /root/miniconda3/envs/project/lib/python3.8/site-packages/airflow/example_dags/example_params_trigger_ui.py took 0.159 seconds
[2024-10-08T09:27:59.241+0000] {processor.py:186} INFO - Started process (PID=226438) to work on /root/miniconda3/envs/project/lib/python3.8/site-packages/airflow/example_dags/example_params_trigger_ui.py
[2024-10-08T09:27:59.245+0000] {processor.py:914} INFO - Processing file /root/miniconda3/envs/project/lib/python3.8/site-packages/airflow/example_dags/example_params_trigger_ui.py for tasks to queue
[2024-10-08T09:27:59.248+0000] {logging_mixin.py:190} INFO - [2024-10-08T09:27:59.248+0000] {dagbag.py:588} INFO - Filling up the DagBag from /root/miniconda3/envs/project/lib/python3.8/site-packages/airflow/example_dags/example_params_trigger_ui.py
[2024-10-08T09:27:59.266+0000] {processor.py:925} INFO - DAG(s) 'example_params_trigger_ui' retrieved from /root/miniconda3/envs/project/lib/python3.8/site-packages/airflow/example_dags/example_params_trigger_ui.py
[2024-10-08T09:27:59.343+0000] {logging_mixin.py:190} INFO - [2024-10-08T09:27:59.342+0000] {dag.py:3239} INFO - Sync 1 DAGs
[2024-10-08T09:27:59.363+0000] {logging_mixin.py:190} INFO - [2024-10-08T09:27:59.363+0000] {dag.py:4180} INFO - Setting next_dagrun for example_params_trigger_ui to None, run_after=None
[2024-10-08T09:27:59.397+0000] {processor.py:208} INFO - Processing /root/miniconda3/envs/project/lib/python3.8/site-packages/airflow/example_dags/example_params_trigger_ui.py took 0.168 seconds
[2024-10-08T09:29:12.774+0000] {processor.py:186} INFO - Started process (PID=226943) to work on /root/miniconda3/envs/project/lib/python3.8/site-packages/airflow/example_dags/example_params_trigger_ui.py
[2024-10-08T09:29:12.777+0000] {processor.py:914} INFO - Processing file /root/miniconda3/envs/project/lib/python3.8/site-packages/airflow/example_dags/example_params_trigger_ui.py for tasks to queue
[2024-10-08T09:29:12.782+0000] {logging_mixin.py:190} INFO - [2024-10-08T09:29:12.781+0000] {dagbag.py:588} INFO - Filling up the DagBag from /root/miniconda3/envs/project/lib/python3.8/site-packages/airflow/example_dags/example_params_trigger_ui.py
[2024-10-08T09:29:12.802+0000] {processor.py:925} INFO - DAG(s) 'example_params_trigger_ui' retrieved from /root/miniconda3/envs/project/lib/python3.8/site-packages/airflow/example_dags/example_params_trigger_ui.py
[2024-10-08T09:29:13.000+0000] {logging_mixin.py:190} INFO - [2024-10-08T09:29:12.999+0000] {dag.py:3239} INFO - Sync 1 DAGs
[2024-10-08T09:29:13.015+0000] {logging_mixin.py:190} INFO - [2024-10-08T09:29:13.015+0000] {dag.py:4180} INFO - Setting next_dagrun for example_params_trigger_ui to None, run_after=None
[2024-10-08T09:29:13.047+0000] {processor.py:208} INFO - Processing /root/miniconda3/envs/project/lib/python3.8/site-packages/airflow/example_dags/example_params_trigger_ui.py took 0.287 seconds
[2024-10-08T09:30:23.287+0000] {processor.py:186} INFO - Started process (PID=227716) to work on /root/miniconda3/envs/project/lib/python3.8/site-packages/airflow/example_dags/example_params_trigger_ui.py
[2024-10-08T09:30:23.290+0000] {processor.py:914} INFO - Processing file /root/miniconda3/envs/project/lib/python3.8/site-packages/airflow/example_dags/example_params_trigger_ui.py for tasks to queue
[2024-10-08T09:30:23.294+0000] {logging_mixin.py:190} INFO - [2024-10-08T09:30:23.293+0000] {dagbag.py:588} INFO - Filling up the DagBag from /root/miniconda3/envs/project/lib/python3.8/site-packages/airflow/example_dags/example_params_trigger_ui.py
[2024-10-08T09:30:23.312+0000] {processor.py:925} INFO - DAG(s) 'example_params_trigger_ui' retrieved from /root/miniconda3/envs/project/lib/python3.8/site-packages/airflow/example_dags/example_params_trigger_ui.py
[2024-10-08T09:30:23.496+0000] {logging_mixin.py:190} INFO - [2024-10-08T09:30:23.495+0000] {dag.py:3239} INFO - Sync 1 DAGs
[2024-10-08T09:30:23.511+0000] {logging_mixin.py:190} INFO - [2024-10-08T09:30:23.510+0000] {dag.py:4180} INFO - Setting next_dagrun for example_params_trigger_ui to None, run_after=None
[2024-10-08T09:30:23.538+0000] {processor.py:208} INFO - Processing /root/miniconda3/envs/project/lib/python3.8/site-packages/airflow/example_dags/example_params_trigger_ui.py took 0.262 seconds
[2024-10-08T09:31:54.791+0000] {processor.py:186} INFO - Started process (PID=228875) to work on /root/miniconda3/envs/project/lib/python3.8/site-packages/airflow/example_dags/example_params_trigger_ui.py
[2024-10-08T09:31:54.794+0000] {processor.py:914} INFO - Processing file /root/miniconda3/envs/project/lib/python3.8/site-packages/airflow/example_dags/example_params_trigger_ui.py for tasks to queue
[2024-10-08T09:31:54.799+0000] {logging_mixin.py:190} INFO - [2024-10-08T09:31:54.798+0000] {dagbag.py:588} INFO - Filling up the DagBag from /root/miniconda3/envs/project/lib/python3.8/site-packages/airflow/example_dags/example_params_trigger_ui.py
[2024-10-08T09:31:54.817+0000] {processor.py:925} INFO - DAG(s) 'example_params_trigger_ui' retrieved from /root/miniconda3/envs/project/lib/python3.8/site-packages/airflow/example_dags/example_params_trigger_ui.py
[2024-10-08T09:31:54.883+0000] {logging_mixin.py:190} INFO - [2024-10-08T09:31:54.883+0000] {dag.py:3239} INFO - Sync 1 DAGs
[2024-10-08T09:31:54.902+0000] {logging_mixin.py:190} INFO - [2024-10-08T09:31:54.901+0000] {dag.py:4180} INFO - Setting next_dagrun for example_params_trigger_ui to None, run_after=None
[2024-10-08T09:31:54.942+0000] {processor.py:208} INFO - Processing /root/miniconda3/envs/project/lib/python3.8/site-packages/airflow/example_dags/example_params_trigger_ui.py took 0.163 seconds
[2024-10-08T09:33:07.885+0000] {processor.py:186} INFO - Started process (PID=229255) to work on /root/miniconda3/envs/project/lib/python3.8/site-packages/airflow/example_dags/example_params_trigger_ui.py
[2024-10-08T09:33:07.888+0000] {processor.py:914} INFO - Processing file /root/miniconda3/envs/project/lib/python3.8/site-packages/airflow/example_dags/example_params_trigger_ui.py for tasks to queue
[2024-10-08T09:33:07.892+0000] {logging_mixin.py:190} INFO - [2024-10-08T09:33:07.891+0000] {dagbag.py:588} INFO - Filling up the DagBag from /root/miniconda3/envs/project/lib/python3.8/site-packages/airflow/example_dags/example_params_trigger_ui.py
[2024-10-08T09:33:07.909+0000] {processor.py:925} INFO - DAG(s) 'example_params_trigger_ui' retrieved from /root/miniconda3/envs/project/lib/python3.8/site-packages/airflow/example_dags/example_params_trigger_ui.py
[2024-10-08T09:33:07.999+0000] {logging_mixin.py:190} INFO - [2024-10-08T09:33:07.999+0000] {dag.py:3239} INFO - Sync 1 DAGs
[2024-10-08T09:33:08.020+0000] {logging_mixin.py:190} INFO - [2024-10-08T09:33:08.019+0000] {dag.py:4180} INFO - Setting next_dagrun for example_params_trigger_ui to None, run_after=None
[2024-10-08T09:33:08.053+0000] {processor.py:208} INFO - Processing /root/miniconda3/envs/project/lib/python3.8/site-packages/airflow/example_dags/example_params_trigger_ui.py took 0.180 seconds
