[2024-10-08T07:57:56.355+0000] {processor.py:186} INFO - Started process (PID=207214) to work on /root/miniconda3/envs/project/lib/python3.8/site-packages/airflow/example_dags/example_inlet_event_extra.py
[2024-10-08T07:57:56.357+0000] {processor.py:914} INFO - Processing file /root/miniconda3/envs/project/lib/python3.8/site-packages/airflow/example_dags/example_inlet_event_extra.py for tasks to queue
[2024-10-08T07:57:56.362+0000] {logging_mixin.py:190} INFO - [2024-10-08T07:57:56.361+0000] {dagbag.py:588} INFO - Filling up the DagBag from /root/miniconda3/envs/project/lib/python3.8/site-packages/airflow/example_dags/example_inlet_event_extra.py
[2024-10-08T07:57:56.382+0000] {processor.py:925} INFO - DAG(s) 'read_dataset_event_from_classic', 'read_dataset_event' retrieved from /root/miniconda3/envs/project/lib/python3.8/site-packages/airflow/example_dags/example_inlet_event_extra.py
[2024-10-08T07:57:56.524+0000] {logging_mixin.py:190} INFO - [2024-10-08T07:57:56.523+0000] {override.py:1901} INFO - Created Permission View: can delete on DAG:read_dataset_event_from_classic
[2024-10-08T07:57:56.541+0000] {logging_mixin.py:190} INFO - [2024-10-08T07:57:56.541+0000] {override.py:1901} INFO - Created Permission View: can read on DAG:read_dataset_event_from_classic
[2024-10-08T07:57:56.555+0000] {logging_mixin.py:190} INFO - [2024-10-08T07:57:56.555+0000] {override.py:1901} INFO - Created Permission View: can edit on DAG:read_dataset_event_from_classic
[2024-10-08T07:57:56.585+0000] {logging_mixin.py:190} INFO - [2024-10-08T07:57:56.584+0000] {override.py:1901} INFO - Created Permission View: can delete on DAG Run:read_dataset_event_from_classic
[2024-10-08T07:57:56.602+0000] {logging_mixin.py:190} INFO - [2024-10-08T07:57:56.602+0000] {override.py:1901} INFO - Created Permission View: menu access on DAG Run:read_dataset_event_from_classic
[2024-10-08T07:57:56.617+0000] {logging_mixin.py:190} INFO - [2024-10-08T07:57:56.616+0000] {override.py:1901} INFO - Created Permission View: can create on DAG Run:read_dataset_event_from_classic
[2024-10-08T07:57:56.633+0000] {logging_mixin.py:190} INFO - [2024-10-08T07:57:56.632+0000] {override.py:1901} INFO - Created Permission View: can read on DAG Run:read_dataset_event_from_classic
[2024-10-08T07:57:56.664+0000] {logging_mixin.py:190} INFO - [2024-10-08T07:57:56.663+0000] {override.py:1901} INFO - Created Permission View: can delete on DAG:read_dataset_event
[2024-10-08T07:57:56.681+0000] {logging_mixin.py:190} INFO - [2024-10-08T07:57:56.680+0000] {override.py:1901} INFO - Created Permission View: can read on DAG:read_dataset_event
[2024-10-08T07:57:56.697+0000] {logging_mixin.py:190} INFO - [2024-10-08T07:57:56.696+0000] {override.py:1901} INFO - Created Permission View: can edit on DAG:read_dataset_event
[2024-10-08T07:57:56.721+0000] {logging_mixin.py:190} INFO - [2024-10-08T07:57:56.721+0000] {override.py:1901} INFO - Created Permission View: can delete on DAG Run:read_dataset_event
[2024-10-08T07:57:56.736+0000] {logging_mixin.py:190} INFO - [2024-10-08T07:57:56.735+0000] {override.py:1901} INFO - Created Permission View: menu access on DAG Run:read_dataset_event
[2024-10-08T07:57:56.750+0000] {logging_mixin.py:190} INFO - [2024-10-08T07:57:56.750+0000] {override.py:1901} INFO - Created Permission View: can create on DAG Run:read_dataset_event
[2024-10-08T07:57:56.764+0000] {logging_mixin.py:190} INFO - [2024-10-08T07:57:56.763+0000] {override.py:1901} INFO - Created Permission View: can read on DAG Run:read_dataset_event
[2024-10-08T07:57:56.764+0000] {logging_mixin.py:190} INFO - [2024-10-08T07:57:56.764+0000] {dag.py:3239} INFO - Sync 2 DAGs
[2024-10-08T07:57:56.781+0000] {logging_mixin.py:190} INFO - [2024-10-08T07:57:56.780+0000] {dag.py:3262} INFO - Creating ORM DAG for read_dataset_event_from_classic
[2024-10-08T07:57:56.782+0000] {logging_mixin.py:190} INFO - [2024-10-08T07:57:56.781+0000] {dag.py:3262} INFO - Creating ORM DAG for read_dataset_event
[2024-10-08T07:57:56.794+0000] {logging_mixin.py:190} INFO - [2024-10-08T07:57:56.794+0000] {dag.py:4180} INFO - Setting next_dagrun for read_dataset_event to 2024-10-07 00:00:00+00:00, run_after=2024-10-08 00:00:00+00:00
[2024-10-08T07:57:56.797+0000] {logging_mixin.py:190} INFO - [2024-10-08T07:57:56.797+0000] {dag.py:4180} INFO - Setting next_dagrun for read_dataset_event_from_classic to 2024-10-07 00:00:00+00:00, run_after=2024-10-08 00:00:00+00:00
[2024-10-08T07:57:56.830+0000] {processor.py:208} INFO - Processing /root/miniconda3/envs/project/lib/python3.8/site-packages/airflow/example_dags/example_inlet_event_extra.py took 0.485 seconds
[2024-10-08T07:59:16.017+0000] {processor.py:186} INFO - Started process (PID=207486) to work on /root/miniconda3/envs/project/lib/python3.8/site-packages/airflow/example_dags/example_inlet_event_extra.py
[2024-10-08T07:59:16.020+0000] {processor.py:914} INFO - Processing file /root/miniconda3/envs/project/lib/python3.8/site-packages/airflow/example_dags/example_inlet_event_extra.py for tasks to queue
[2024-10-08T07:59:16.023+0000] {logging_mixin.py:190} INFO - [2024-10-08T07:59:16.022+0000] {dagbag.py:588} INFO - Filling up the DagBag from /root/miniconda3/envs/project/lib/python3.8/site-packages/airflow/example_dags/example_inlet_event_extra.py
[2024-10-08T07:59:16.042+0000] {processor.py:925} INFO - DAG(s) 'read_dataset_event', 'read_dataset_event_from_classic' retrieved from /root/miniconda3/envs/project/lib/python3.8/site-packages/airflow/example_dags/example_inlet_event_extra.py
[2024-10-08T07:59:16.067+0000] {logging_mixin.py:190} INFO - [2024-10-08T07:59:16.067+0000] {dag.py:3239} INFO - Sync 2 DAGs
[2024-10-08T07:59:16.097+0000] {logging_mixin.py:190} INFO - [2024-10-08T07:59:16.096+0000] {dag.py:4180} INFO - Setting next_dagrun for read_dataset_event to 2024-10-07 00:00:00+00:00, run_after=2024-10-08 00:00:00+00:00
[2024-10-08T07:59:16.103+0000] {logging_mixin.py:190} INFO - [2024-10-08T07:59:16.102+0000] {dag.py:4180} INFO - Setting next_dagrun for read_dataset_event_from_classic to 2024-10-07 00:00:00+00:00, run_after=2024-10-08 00:00:00+00:00
[2024-10-08T07:59:16.131+0000] {processor.py:208} INFO - Processing /root/miniconda3/envs/project/lib/python3.8/site-packages/airflow/example_dags/example_inlet_event_extra.py took 0.124 seconds
[2024-10-08T08:00:26.946+0000] {processor.py:186} INFO - Started process (PID=207694) to work on /root/miniconda3/envs/project/lib/python3.8/site-packages/airflow/example_dags/example_inlet_event_extra.py
[2024-10-08T08:00:26.949+0000] {processor.py:914} INFO - Processing file /root/miniconda3/envs/project/lib/python3.8/site-packages/airflow/example_dags/example_inlet_event_extra.py for tasks to queue
[2024-10-08T08:00:26.952+0000] {logging_mixin.py:190} INFO - [2024-10-08T08:00:26.952+0000] {dagbag.py:588} INFO - Filling up the DagBag from /root/miniconda3/envs/project/lib/python3.8/site-packages/airflow/example_dags/example_inlet_event_extra.py
[2024-10-08T08:00:26.971+0000] {processor.py:925} INFO - DAG(s) 'read_dataset_event_from_classic', 'read_dataset_event' retrieved from /root/miniconda3/envs/project/lib/python3.8/site-packages/airflow/example_dags/example_inlet_event_extra.py
[2024-10-08T08:00:26.998+0000] {logging_mixin.py:190} INFO - [2024-10-08T08:00:26.998+0000] {dag.py:3239} INFO - Sync 2 DAGs
[2024-10-08T08:00:27.029+0000] {logging_mixin.py:190} INFO - [2024-10-08T08:00:27.028+0000] {dag.py:4180} INFO - Setting next_dagrun for read_dataset_event to 2024-10-07 00:00:00+00:00, run_after=2024-10-08 00:00:00+00:00
[2024-10-08T08:00:27.035+0000] {logging_mixin.py:190} INFO - [2024-10-08T08:00:27.034+0000] {dag.py:4180} INFO - Setting next_dagrun for read_dataset_event_from_classic to 2024-10-07 00:00:00+00:00, run_after=2024-10-08 00:00:00+00:00
[2024-10-08T08:00:27.063+0000] {processor.py:208} INFO - Processing /root/miniconda3/envs/project/lib/python3.8/site-packages/airflow/example_dags/example_inlet_event_extra.py took 0.128 seconds
[2024-10-08T08:01:42.646+0000] {processor.py:186} INFO - Started process (PID=208046) to work on /root/miniconda3/envs/project/lib/python3.8/site-packages/airflow/example_dags/example_inlet_event_extra.py
[2024-10-08T08:01:42.649+0000] {processor.py:914} INFO - Processing file /root/miniconda3/envs/project/lib/python3.8/site-packages/airflow/example_dags/example_inlet_event_extra.py for tasks to queue
[2024-10-08T08:01:42.652+0000] {logging_mixin.py:190} INFO - [2024-10-08T08:01:42.652+0000] {dagbag.py:588} INFO - Filling up the DagBag from /root/miniconda3/envs/project/lib/python3.8/site-packages/airflow/example_dags/example_inlet_event_extra.py
[2024-10-08T08:01:42.671+0000] {processor.py:925} INFO - DAG(s) 'read_dataset_event', 'read_dataset_event_from_classic' retrieved from /root/miniconda3/envs/project/lib/python3.8/site-packages/airflow/example_dags/example_inlet_event_extra.py
[2024-10-08T08:01:42.697+0000] {logging_mixin.py:190} INFO - [2024-10-08T08:01:42.697+0000] {dag.py:3239} INFO - Sync 2 DAGs
[2024-10-08T08:01:42.728+0000] {logging_mixin.py:190} INFO - [2024-10-08T08:01:42.727+0000] {dag.py:4180} INFO - Setting next_dagrun for read_dataset_event to 2024-10-07 00:00:00+00:00, run_after=2024-10-08 00:00:00+00:00
[2024-10-08T08:01:42.734+0000] {logging_mixin.py:190} INFO - [2024-10-08T08:01:42.733+0000] {dag.py:4180} INFO - Setting next_dagrun for read_dataset_event_from_classic to 2024-10-07 00:00:00+00:00, run_after=2024-10-08 00:00:00+00:00
[2024-10-08T08:01:42.763+0000] {processor.py:208} INFO - Processing /root/miniconda3/envs/project/lib/python3.8/site-packages/airflow/example_dags/example_inlet_event_extra.py took 0.126 seconds
[2024-10-08T08:02:52.438+0000] {processor.py:186} INFO - Started process (PID=208295) to work on /root/miniconda3/envs/project/lib/python3.8/site-packages/airflow/example_dags/example_inlet_event_extra.py
[2024-10-08T08:02:52.441+0000] {processor.py:914} INFO - Processing file /root/miniconda3/envs/project/lib/python3.8/site-packages/airflow/example_dags/example_inlet_event_extra.py for tasks to queue
[2024-10-08T08:02:52.444+0000] {logging_mixin.py:190} INFO - [2024-10-08T08:02:52.443+0000] {dagbag.py:588} INFO - Filling up the DagBag from /root/miniconda3/envs/project/lib/python3.8/site-packages/airflow/example_dags/example_inlet_event_extra.py
[2024-10-08T08:02:52.463+0000] {processor.py:925} INFO - DAG(s) 'read_dataset_event_from_classic', 'read_dataset_event' retrieved from /root/miniconda3/envs/project/lib/python3.8/site-packages/airflow/example_dags/example_inlet_event_extra.py
[2024-10-08T08:02:52.489+0000] {logging_mixin.py:190} INFO - [2024-10-08T08:02:52.489+0000] {dag.py:3239} INFO - Sync 2 DAGs
[2024-10-08T08:02:52.521+0000] {logging_mixin.py:190} INFO - [2024-10-08T08:02:52.520+0000] {dag.py:4180} INFO - Setting next_dagrun for read_dataset_event to 2024-10-07 00:00:00+00:00, run_after=2024-10-08 00:00:00+00:00
[2024-10-08T08:02:52.527+0000] {logging_mixin.py:190} INFO - [2024-10-08T08:02:52.526+0000] {dag.py:4180} INFO - Setting next_dagrun for read_dataset_event_from_classic to 2024-10-07 00:00:00+00:00, run_after=2024-10-08 00:00:00+00:00
[2024-10-08T08:02:52.561+0000] {processor.py:208} INFO - Processing /root/miniconda3/envs/project/lib/python3.8/site-packages/airflow/example_dags/example_inlet_event_extra.py took 0.135 seconds
[2024-10-08T08:04:01.403+0000] {processor.py:186} INFO - Started process (PID=208546) to work on /root/miniconda3/envs/project/lib/python3.8/site-packages/airflow/example_dags/example_inlet_event_extra.py
[2024-10-08T08:04:01.406+0000] {processor.py:914} INFO - Processing file /root/miniconda3/envs/project/lib/python3.8/site-packages/airflow/example_dags/example_inlet_event_extra.py for tasks to queue
[2024-10-08T08:04:01.409+0000] {logging_mixin.py:190} INFO - [2024-10-08T08:04:01.408+0000] {dagbag.py:588} INFO - Filling up the DagBag from /root/miniconda3/envs/project/lib/python3.8/site-packages/airflow/example_dags/example_inlet_event_extra.py
[2024-10-08T08:04:01.428+0000] {processor.py:925} INFO - DAG(s) 'read_dataset_event', 'read_dataset_event_from_classic' retrieved from /root/miniconda3/envs/project/lib/python3.8/site-packages/airflow/example_dags/example_inlet_event_extra.py
[2024-10-08T08:04:01.454+0000] {logging_mixin.py:190} INFO - [2024-10-08T08:04:01.454+0000] {dag.py:3239} INFO - Sync 2 DAGs
[2024-10-08T08:04:01.484+0000] {logging_mixin.py:190} INFO - [2024-10-08T08:04:01.484+0000] {dag.py:4180} INFO - Setting next_dagrun for read_dataset_event to 2024-10-07 00:00:00+00:00, run_after=2024-10-08 00:00:00+00:00
[2024-10-08T08:04:01.490+0000] {logging_mixin.py:190} INFO - [2024-10-08T08:04:01.490+0000] {dag.py:4180} INFO - Setting next_dagrun for read_dataset_event_from_classic to 2024-10-07 00:00:00+00:00, run_after=2024-10-08 00:00:00+00:00
[2024-10-08T08:04:01.523+0000] {processor.py:208} INFO - Processing /root/miniconda3/envs/project/lib/python3.8/site-packages/airflow/example_dags/example_inlet_event_extra.py took 0.132 seconds
[2024-10-08T08:05:08.755+0000] {processor.py:186} INFO - Started process (PID=208748) to work on /root/miniconda3/envs/project/lib/python3.8/site-packages/airflow/example_dags/example_inlet_event_extra.py
[2024-10-08T08:05:08.759+0000] {processor.py:914} INFO - Processing file /root/miniconda3/envs/project/lib/python3.8/site-packages/airflow/example_dags/example_inlet_event_extra.py for tasks to queue
[2024-10-08T08:05:08.765+0000] {logging_mixin.py:190} INFO - [2024-10-08T08:05:08.764+0000] {dagbag.py:588} INFO - Filling up the DagBag from /root/miniconda3/envs/project/lib/python3.8/site-packages/airflow/example_dags/example_inlet_event_extra.py
[2024-10-08T08:05:08.788+0000] {processor.py:925} INFO - DAG(s) 'read_dataset_event', 'read_dataset_event_from_classic' retrieved from /root/miniconda3/envs/project/lib/python3.8/site-packages/airflow/example_dags/example_inlet_event_extra.py
[2024-10-08T08:05:08.815+0000] {logging_mixin.py:190} INFO - [2024-10-08T08:05:08.815+0000] {dag.py:3239} INFO - Sync 2 DAGs
[2024-10-08T08:05:08.848+0000] {logging_mixin.py:190} INFO - [2024-10-08T08:05:08.847+0000] {dag.py:4180} INFO - Setting next_dagrun for read_dataset_event to 2024-10-07 00:00:00+00:00, run_after=2024-10-08 00:00:00+00:00
[2024-10-08T08:05:08.853+0000] {logging_mixin.py:190} INFO - [2024-10-08T08:05:08.853+0000] {dag.py:4180} INFO - Setting next_dagrun for read_dataset_event_from_classic to 2024-10-07 00:00:00+00:00, run_after=2024-10-08 00:00:00+00:00
[2024-10-08T08:05:08.884+0000] {processor.py:208} INFO - Processing /root/miniconda3/envs/project/lib/python3.8/site-packages/airflow/example_dags/example_inlet_event_extra.py took 0.143 seconds
[2024-10-08T08:06:10.426+0000] {processor.py:186} INFO - Started process (PID=208931) to work on /root/miniconda3/envs/project/lib/python3.8/site-packages/airflow/example_dags/example_inlet_event_extra.py
[2024-10-08T08:06:10.429+0000] {processor.py:914} INFO - Processing file /root/miniconda3/envs/project/lib/python3.8/site-packages/airflow/example_dags/example_inlet_event_extra.py for tasks to queue
[2024-10-08T08:06:10.432+0000] {logging_mixin.py:190} INFO - [2024-10-08T08:06:10.431+0000] {dagbag.py:588} INFO - Filling up the DagBag from /root/miniconda3/envs/project/lib/python3.8/site-packages/airflow/example_dags/example_inlet_event_extra.py
[2024-10-08T08:06:10.452+0000] {processor.py:925} INFO - DAG(s) 'read_dataset_event_from_classic', 'read_dataset_event' retrieved from /root/miniconda3/envs/project/lib/python3.8/site-packages/airflow/example_dags/example_inlet_event_extra.py
[2024-10-08T08:06:10.478+0000] {logging_mixin.py:190} INFO - [2024-10-08T08:06:10.478+0000] {dag.py:3239} INFO - Sync 2 DAGs
[2024-10-08T08:06:10.510+0000] {logging_mixin.py:190} INFO - [2024-10-08T08:06:10.509+0000] {dag.py:4180} INFO - Setting next_dagrun for read_dataset_event to 2024-10-07 00:00:00+00:00, run_after=2024-10-08 00:00:00+00:00
[2024-10-08T08:06:10.515+0000] {logging_mixin.py:190} INFO - [2024-10-08T08:06:10.515+0000] {dag.py:4180} INFO - Setting next_dagrun for read_dataset_event_from_classic to 2024-10-07 00:00:00+00:00, run_after=2024-10-08 00:00:00+00:00
[2024-10-08T08:06:10.544+0000] {processor.py:208} INFO - Processing /root/miniconda3/envs/project/lib/python3.8/site-packages/airflow/example_dags/example_inlet_event_extra.py took 0.130 seconds
[2024-10-08T08:07:15.609+0000] {processor.py:186} INFO - Started process (PID=209163) to work on /root/miniconda3/envs/project/lib/python3.8/site-packages/airflow/example_dags/example_inlet_event_extra.py
[2024-10-08T08:07:15.612+0000] {processor.py:914} INFO - Processing file /root/miniconda3/envs/project/lib/python3.8/site-packages/airflow/example_dags/example_inlet_event_extra.py for tasks to queue
[2024-10-08T08:07:15.615+0000] {logging_mixin.py:190} INFO - [2024-10-08T08:07:15.614+0000] {dagbag.py:588} INFO - Filling up the DagBag from /root/miniconda3/envs/project/lib/python3.8/site-packages/airflow/example_dags/example_inlet_event_extra.py
[2024-10-08T08:07:15.634+0000] {processor.py:925} INFO - DAG(s) 'read_dataset_event', 'read_dataset_event_from_classic' retrieved from /root/miniconda3/envs/project/lib/python3.8/site-packages/airflow/example_dags/example_inlet_event_extra.py
[2024-10-08T08:07:15.660+0000] {logging_mixin.py:190} INFO - [2024-10-08T08:07:15.659+0000] {dag.py:3239} INFO - Sync 2 DAGs
[2024-10-08T08:07:15.690+0000] {logging_mixin.py:190} INFO - [2024-10-08T08:07:15.690+0000] {dag.py:4180} INFO - Setting next_dagrun for read_dataset_event to 2024-10-07 00:00:00+00:00, run_after=2024-10-08 00:00:00+00:00
[2024-10-08T08:07:15.696+0000] {logging_mixin.py:190} INFO - [2024-10-08T08:07:15.695+0000] {dag.py:4180} INFO - Setting next_dagrun for read_dataset_event_from_classic to 2024-10-07 00:00:00+00:00, run_after=2024-10-08 00:00:00+00:00
[2024-10-08T08:07:15.729+0000] {processor.py:208} INFO - Processing /root/miniconda3/envs/project/lib/python3.8/site-packages/airflow/example_dags/example_inlet_event_extra.py took 0.131 seconds
[2024-10-08T08:08:25.621+0000] {processor.py:186} INFO - Started process (PID=209545) to work on /root/miniconda3/envs/project/lib/python3.8/site-packages/airflow/example_dags/example_inlet_event_extra.py
[2024-10-08T08:08:25.624+0000] {processor.py:914} INFO - Processing file /root/miniconda3/envs/project/lib/python3.8/site-packages/airflow/example_dags/example_inlet_event_extra.py for tasks to queue
[2024-10-08T08:08:25.627+0000] {logging_mixin.py:190} INFO - [2024-10-08T08:08:25.627+0000] {dagbag.py:588} INFO - Filling up the DagBag from /root/miniconda3/envs/project/lib/python3.8/site-packages/airflow/example_dags/example_inlet_event_extra.py
[2024-10-08T08:08:25.647+0000] {processor.py:925} INFO - DAG(s) 'read_dataset_event_from_classic', 'read_dataset_event' retrieved from /root/miniconda3/envs/project/lib/python3.8/site-packages/airflow/example_dags/example_inlet_event_extra.py
[2024-10-08T08:08:25.673+0000] {logging_mixin.py:190} INFO - [2024-10-08T08:08:25.673+0000] {dag.py:3239} INFO - Sync 2 DAGs
[2024-10-08T08:08:25.705+0000] {logging_mixin.py:190} INFO - [2024-10-08T08:08:25.705+0000] {dag.py:4180} INFO - Setting next_dagrun for read_dataset_event to 2024-10-07 00:00:00+00:00, run_after=2024-10-08 00:00:00+00:00
[2024-10-08T08:08:25.711+0000] {logging_mixin.py:190} INFO - [2024-10-08T08:08:25.711+0000] {dag.py:4180} INFO - Setting next_dagrun for read_dataset_event_from_classic to 2024-10-07 00:00:00+00:00, run_after=2024-10-08 00:00:00+00:00
[2024-10-08T08:08:25.739+0000] {processor.py:208} INFO - Processing /root/miniconda3/envs/project/lib/python3.8/site-packages/airflow/example_dags/example_inlet_event_extra.py took 0.130 seconds
[2024-10-08T08:13:25.568+0000] {processor.py:186} INFO - Started process (PID=211128) to work on /root/miniconda3/envs/project/lib/python3.8/site-packages/airflow/example_dags/example_inlet_event_extra.py
[2024-10-08T08:13:25.571+0000] {processor.py:914} INFO - Processing file /root/miniconda3/envs/project/lib/python3.8/site-packages/airflow/example_dags/example_inlet_event_extra.py for tasks to queue
[2024-10-08T08:13:25.575+0000] {logging_mixin.py:190} INFO - [2024-10-08T08:13:25.574+0000] {dagbag.py:588} INFO - Filling up the DagBag from /root/miniconda3/envs/project/lib/python3.8/site-packages/airflow/example_dags/example_inlet_event_extra.py
[2024-10-08T08:13:25.596+0000] {processor.py:925} INFO - DAG(s) 'read_dataset_event', 'read_dataset_event_from_classic' retrieved from /root/miniconda3/envs/project/lib/python3.8/site-packages/airflow/example_dags/example_inlet_event_extra.py
[2024-10-08T08:13:25.624+0000] {logging_mixin.py:190} INFO - [2024-10-08T08:13:25.624+0000] {dag.py:3239} INFO - Sync 2 DAGs
[2024-10-08T08:13:25.655+0000] {logging_mixin.py:190} INFO - [2024-10-08T08:13:25.655+0000] {dag.py:4180} INFO - Setting next_dagrun for read_dataset_event to 2024-10-07 00:00:00+00:00, run_after=2024-10-08 00:00:00+00:00
[2024-10-08T08:13:25.661+0000] {logging_mixin.py:190} INFO - [2024-10-08T08:13:25.661+0000] {dag.py:4180} INFO - Setting next_dagrun for read_dataset_event_from_classic to 2024-10-07 00:00:00+00:00, run_after=2024-10-08 00:00:00+00:00
[2024-10-08T08:13:25.691+0000] {processor.py:208} INFO - Processing /root/miniconda3/envs/project/lib/python3.8/site-packages/airflow/example_dags/example_inlet_event_extra.py took 0.133 seconds
[2024-10-08T08:14:35.451+0000] {processor.py:186} INFO - Started process (PID=211426) to work on /root/miniconda3/envs/project/lib/python3.8/site-packages/airflow/example_dags/example_inlet_event_extra.py
[2024-10-08T08:14:35.454+0000] {processor.py:914} INFO - Processing file /root/miniconda3/envs/project/lib/python3.8/site-packages/airflow/example_dags/example_inlet_event_extra.py for tasks to queue
[2024-10-08T08:14:35.457+0000] {logging_mixin.py:190} INFO - [2024-10-08T08:14:35.457+0000] {dagbag.py:588} INFO - Filling up the DagBag from /root/miniconda3/envs/project/lib/python3.8/site-packages/airflow/example_dags/example_inlet_event_extra.py
[2024-10-08T08:14:35.476+0000] {processor.py:925} INFO - DAG(s) 'read_dataset_event_from_classic', 'read_dataset_event' retrieved from /root/miniconda3/envs/project/lib/python3.8/site-packages/airflow/example_dags/example_inlet_event_extra.py
[2024-10-08T08:14:35.503+0000] {logging_mixin.py:190} INFO - [2024-10-08T08:14:35.502+0000] {dag.py:3239} INFO - Sync 2 DAGs
[2024-10-08T08:14:35.534+0000] {logging_mixin.py:190} INFO - [2024-10-08T08:14:35.533+0000] {dag.py:4180} INFO - Setting next_dagrun for read_dataset_event to 2024-10-07 00:00:00+00:00, run_after=2024-10-08 00:00:00+00:00
[2024-10-08T08:14:35.541+0000] {logging_mixin.py:190} INFO - [2024-10-08T08:14:35.540+0000] {dag.py:4180} INFO - Setting next_dagrun for read_dataset_event_from_classic to 2024-10-07 00:00:00+00:00, run_after=2024-10-08 00:00:00+00:00
[2024-10-08T08:14:35.570+0000] {processor.py:208} INFO - Processing /root/miniconda3/envs/project/lib/python3.8/site-packages/airflow/example_dags/example_inlet_event_extra.py took 0.128 seconds
[2024-10-08T08:15:43.974+0000] {processor.py:186} INFO - Started process (PID=211629) to work on /root/miniconda3/envs/project/lib/python3.8/site-packages/airflow/example_dags/example_inlet_event_extra.py
[2024-10-08T08:15:43.977+0000] {processor.py:914} INFO - Processing file /root/miniconda3/envs/project/lib/python3.8/site-packages/airflow/example_dags/example_inlet_event_extra.py for tasks to queue
[2024-10-08T08:15:43.980+0000] {logging_mixin.py:190} INFO - [2024-10-08T08:15:43.979+0000] {dagbag.py:588} INFO - Filling up the DagBag from /root/miniconda3/envs/project/lib/python3.8/site-packages/airflow/example_dags/example_inlet_event_extra.py
[2024-10-08T08:15:43.999+0000] {processor.py:925} INFO - DAG(s) 'read_dataset_event_from_classic', 'read_dataset_event' retrieved from /root/miniconda3/envs/project/lib/python3.8/site-packages/airflow/example_dags/example_inlet_event_extra.py
[2024-10-08T08:15:44.025+0000] {logging_mixin.py:190} INFO - [2024-10-08T08:15:44.025+0000] {dag.py:3239} INFO - Sync 2 DAGs
[2024-10-08T08:15:44.055+0000] {logging_mixin.py:190} INFO - [2024-10-08T08:15:44.055+0000] {dag.py:4180} INFO - Setting next_dagrun for read_dataset_event to 2024-10-07 00:00:00+00:00, run_after=2024-10-08 00:00:00+00:00
[2024-10-08T08:15:44.061+0000] {logging_mixin.py:190} INFO - [2024-10-08T08:15:44.061+0000] {dag.py:4180} INFO - Setting next_dagrun for read_dataset_event_from_classic to 2024-10-07 00:00:00+00:00, run_after=2024-10-08 00:00:00+00:00
[2024-10-08T08:15:44.090+0000] {processor.py:208} INFO - Processing /root/miniconda3/envs/project/lib/python3.8/site-packages/airflow/example_dags/example_inlet_event_extra.py took 0.128 seconds
[2024-10-08T08:16:52.297+0000] {processor.py:186} INFO - Started process (PID=211832) to work on /root/miniconda3/envs/project/lib/python3.8/site-packages/airflow/example_dags/example_inlet_event_extra.py
[2024-10-08T08:16:52.300+0000] {processor.py:914} INFO - Processing file /root/miniconda3/envs/project/lib/python3.8/site-packages/airflow/example_dags/example_inlet_event_extra.py for tasks to queue
[2024-10-08T08:16:52.303+0000] {logging_mixin.py:190} INFO - [2024-10-08T08:16:52.303+0000] {dagbag.py:588} INFO - Filling up the DagBag from /root/miniconda3/envs/project/lib/python3.8/site-packages/airflow/example_dags/example_inlet_event_extra.py
[2024-10-08T08:16:52.324+0000] {processor.py:925} INFO - DAG(s) 'read_dataset_event_from_classic', 'read_dataset_event' retrieved from /root/miniconda3/envs/project/lib/python3.8/site-packages/airflow/example_dags/example_inlet_event_extra.py
[2024-10-08T08:16:52.350+0000] {logging_mixin.py:190} INFO - [2024-10-08T08:16:52.350+0000] {dag.py:3239} INFO - Sync 2 DAGs
[2024-10-08T08:16:52.381+0000] {logging_mixin.py:190} INFO - [2024-10-08T08:16:52.381+0000] {dag.py:4180} INFO - Setting next_dagrun for read_dataset_event to 2024-10-07 00:00:00+00:00, run_after=2024-10-08 00:00:00+00:00
[2024-10-08T08:16:52.387+0000] {logging_mixin.py:190} INFO - [2024-10-08T08:16:52.387+0000] {dag.py:4180} INFO - Setting next_dagrun for read_dataset_event_from_classic to 2024-10-07 00:00:00+00:00, run_after=2024-10-08 00:00:00+00:00
[2024-10-08T08:16:52.418+0000] {processor.py:208} INFO - Processing /root/miniconda3/envs/project/lib/python3.8/site-packages/airflow/example_dags/example_inlet_event_extra.py took 0.133 seconds
[2024-10-08T08:18:02.378+0000] {processor.py:186} INFO - Started process (PID=212084) to work on /root/miniconda3/envs/project/lib/python3.8/site-packages/airflow/example_dags/example_inlet_event_extra.py
[2024-10-08T08:18:02.380+0000] {processor.py:914} INFO - Processing file /root/miniconda3/envs/project/lib/python3.8/site-packages/airflow/example_dags/example_inlet_event_extra.py for tasks to queue
[2024-10-08T08:18:02.383+0000] {logging_mixin.py:190} INFO - [2024-10-08T08:18:02.383+0000] {dagbag.py:588} INFO - Filling up the DagBag from /root/miniconda3/envs/project/lib/python3.8/site-packages/airflow/example_dags/example_inlet_event_extra.py
[2024-10-08T08:18:02.402+0000] {processor.py:925} INFO - DAG(s) 'read_dataset_event', 'read_dataset_event_from_classic' retrieved from /root/miniconda3/envs/project/lib/python3.8/site-packages/airflow/example_dags/example_inlet_event_extra.py
[2024-10-08T08:18:02.428+0000] {logging_mixin.py:190} INFO - [2024-10-08T08:18:02.427+0000] {dag.py:3239} INFO - Sync 2 DAGs
[2024-10-08T08:18:02.460+0000] {logging_mixin.py:190} INFO - [2024-10-08T08:18:02.459+0000] {dag.py:4180} INFO - Setting next_dagrun for read_dataset_event to 2024-10-07 00:00:00+00:00, run_after=2024-10-08 00:00:00+00:00
[2024-10-08T08:18:02.466+0000] {logging_mixin.py:190} INFO - [2024-10-08T08:18:02.465+0000] {dag.py:4180} INFO - Setting next_dagrun for read_dataset_event_from_classic to 2024-10-07 00:00:00+00:00, run_after=2024-10-08 00:00:00+00:00
[2024-10-08T08:18:02.496+0000] {processor.py:208} INFO - Processing /root/miniconda3/envs/project/lib/python3.8/site-packages/airflow/example_dags/example_inlet_event_extra.py took 0.130 seconds
[2024-10-08T08:19:14.453+0000] {processor.py:186} INFO - Started process (PID=212287) to work on /root/miniconda3/envs/project/lib/python3.8/site-packages/airflow/example_dags/example_inlet_event_extra.py
[2024-10-08T08:19:14.456+0000] {processor.py:914} INFO - Processing file /root/miniconda3/envs/project/lib/python3.8/site-packages/airflow/example_dags/example_inlet_event_extra.py for tasks to queue
[2024-10-08T08:19:14.459+0000] {logging_mixin.py:190} INFO - [2024-10-08T08:19:14.458+0000] {dagbag.py:588} INFO - Filling up the DagBag from /root/miniconda3/envs/project/lib/python3.8/site-packages/airflow/example_dags/example_inlet_event_extra.py
[2024-10-08T08:19:14.478+0000] {processor.py:925} INFO - DAG(s) 'read_dataset_event_from_classic', 'read_dataset_event' retrieved from /root/miniconda3/envs/project/lib/python3.8/site-packages/airflow/example_dags/example_inlet_event_extra.py
[2024-10-08T08:19:14.504+0000] {logging_mixin.py:190} INFO - [2024-10-08T08:19:14.504+0000] {dag.py:3239} INFO - Sync 2 DAGs
[2024-10-08T08:19:14.535+0000] {logging_mixin.py:190} INFO - [2024-10-08T08:19:14.535+0000] {dag.py:4180} INFO - Setting next_dagrun for read_dataset_event to 2024-10-07 00:00:00+00:00, run_after=2024-10-08 00:00:00+00:00
[2024-10-08T08:19:14.541+0000] {logging_mixin.py:190} INFO - [2024-10-08T08:19:14.540+0000] {dag.py:4180} INFO - Setting next_dagrun for read_dataset_event_from_classic to 2024-10-07 00:00:00+00:00, run_after=2024-10-08 00:00:00+00:00
[2024-10-08T08:19:14.568+0000] {processor.py:208} INFO - Processing /root/miniconda3/envs/project/lib/python3.8/site-packages/airflow/example_dags/example_inlet_event_extra.py took 0.126 seconds
[2024-10-08T08:20:18.505+0000] {processor.py:186} INFO - Started process (PID=212472) to work on /root/miniconda3/envs/project/lib/python3.8/site-packages/airflow/example_dags/example_inlet_event_extra.py
[2024-10-08T08:20:18.508+0000] {processor.py:914} INFO - Processing file /root/miniconda3/envs/project/lib/python3.8/site-packages/airflow/example_dags/example_inlet_event_extra.py for tasks to queue
[2024-10-08T08:20:18.511+0000] {logging_mixin.py:190} INFO - [2024-10-08T08:20:18.511+0000] {dagbag.py:588} INFO - Filling up the DagBag from /root/miniconda3/envs/project/lib/python3.8/site-packages/airflow/example_dags/example_inlet_event_extra.py
[2024-10-08T08:20:18.530+0000] {processor.py:925} INFO - DAG(s) 'read_dataset_event_from_classic', 'read_dataset_event' retrieved from /root/miniconda3/envs/project/lib/python3.8/site-packages/airflow/example_dags/example_inlet_event_extra.py
[2024-10-08T08:20:18.555+0000] {logging_mixin.py:190} INFO - [2024-10-08T08:20:18.555+0000] {dag.py:3239} INFO - Sync 2 DAGs
[2024-10-08T08:20:18.585+0000] {logging_mixin.py:190} INFO - [2024-10-08T08:20:18.585+0000] {dag.py:4180} INFO - Setting next_dagrun for read_dataset_event to 2024-10-07 00:00:00+00:00, run_after=2024-10-08 00:00:00+00:00
[2024-10-08T08:20:18.591+0000] {logging_mixin.py:190} INFO - [2024-10-08T08:20:18.591+0000] {dag.py:4180} INFO - Setting next_dagrun for read_dataset_event_from_classic to 2024-10-07 00:00:00+00:00, run_after=2024-10-08 00:00:00+00:00
[2024-10-08T08:20:18.625+0000] {processor.py:208} INFO - Processing /root/miniconda3/envs/project/lib/python3.8/site-packages/airflow/example_dags/example_inlet_event_extra.py took 0.132 seconds
[2024-10-08T08:21:34.772+0000] {processor.py:186} INFO - Started process (PID=212733) to work on /root/miniconda3/envs/project/lib/python3.8/site-packages/airflow/example_dags/example_inlet_event_extra.py
[2024-10-08T08:21:34.775+0000] {processor.py:914} INFO - Processing file /root/miniconda3/envs/project/lib/python3.8/site-packages/airflow/example_dags/example_inlet_event_extra.py for tasks to queue
[2024-10-08T08:21:34.778+0000] {logging_mixin.py:190} INFO - [2024-10-08T08:21:34.777+0000] {dagbag.py:588} INFO - Filling up the DagBag from /root/miniconda3/envs/project/lib/python3.8/site-packages/airflow/example_dags/example_inlet_event_extra.py
[2024-10-08T08:21:34.796+0000] {processor.py:925} INFO - DAG(s) 'read_dataset_event', 'read_dataset_event_from_classic' retrieved from /root/miniconda3/envs/project/lib/python3.8/site-packages/airflow/example_dags/example_inlet_event_extra.py
[2024-10-08T08:21:34.823+0000] {logging_mixin.py:190} INFO - [2024-10-08T08:21:34.822+0000] {dag.py:3239} INFO - Sync 2 DAGs
[2024-10-08T08:21:34.853+0000] {logging_mixin.py:190} INFO - [2024-10-08T08:21:34.853+0000] {dag.py:4180} INFO - Setting next_dagrun for read_dataset_event to 2024-10-07 00:00:00+00:00, run_after=2024-10-08 00:00:00+00:00
[2024-10-08T08:21:34.859+0000] {logging_mixin.py:190} INFO - [2024-10-08T08:21:34.858+0000] {dag.py:4180} INFO - Setting next_dagrun for read_dataset_event_from_classic to 2024-10-07 00:00:00+00:00, run_after=2024-10-08 00:00:00+00:00
[2024-10-08T08:21:34.887+0000] {processor.py:208} INFO - Processing /root/miniconda3/envs/project/lib/python3.8/site-packages/airflow/example_dags/example_inlet_event_extra.py took 0.125 seconds
[2024-10-08T08:22:44.587+0000] {processor.py:186} INFO - Started process (PID=212983) to work on /root/miniconda3/envs/project/lib/python3.8/site-packages/airflow/example_dags/example_inlet_event_extra.py
[2024-10-08T08:22:44.590+0000] {processor.py:914} INFO - Processing file /root/miniconda3/envs/project/lib/python3.8/site-packages/airflow/example_dags/example_inlet_event_extra.py for tasks to queue
[2024-10-08T08:22:44.593+0000] {logging_mixin.py:190} INFO - [2024-10-08T08:22:44.593+0000] {dagbag.py:588} INFO - Filling up the DagBag from /root/miniconda3/envs/project/lib/python3.8/site-packages/airflow/example_dags/example_inlet_event_extra.py
[2024-10-08T08:22:44.614+0000] {processor.py:925} INFO - DAG(s) 'read_dataset_event_from_classic', 'read_dataset_event' retrieved from /root/miniconda3/envs/project/lib/python3.8/site-packages/airflow/example_dags/example_inlet_event_extra.py
[2024-10-08T08:22:44.640+0000] {logging_mixin.py:190} INFO - [2024-10-08T08:22:44.639+0000] {dag.py:3239} INFO - Sync 2 DAGs
[2024-10-08T08:22:44.671+0000] {logging_mixin.py:190} INFO - [2024-10-08T08:22:44.671+0000] {dag.py:4180} INFO - Setting next_dagrun for read_dataset_event to 2024-10-07 00:00:00+00:00, run_after=2024-10-08 00:00:00+00:00
[2024-10-08T08:22:44.677+0000] {logging_mixin.py:190} INFO - [2024-10-08T08:22:44.677+0000] {dag.py:4180} INFO - Setting next_dagrun for read_dataset_event_from_classic to 2024-10-07 00:00:00+00:00, run_after=2024-10-08 00:00:00+00:00
[2024-10-08T08:22:44.711+0000] {processor.py:208} INFO - Processing /root/miniconda3/envs/project/lib/python3.8/site-packages/airflow/example_dags/example_inlet_event_extra.py took 0.135 seconds
[2024-10-08T08:23:47.512+0000] {processor.py:186} INFO - Started process (PID=213166) to work on /root/miniconda3/envs/project/lib/python3.8/site-packages/airflow/example_dags/example_inlet_event_extra.py
[2024-10-08T08:23:47.515+0000] {processor.py:914} INFO - Processing file /root/miniconda3/envs/project/lib/python3.8/site-packages/airflow/example_dags/example_inlet_event_extra.py for tasks to queue
[2024-10-08T08:23:47.518+0000] {logging_mixin.py:190} INFO - [2024-10-08T08:23:47.517+0000] {dagbag.py:588} INFO - Filling up the DagBag from /root/miniconda3/envs/project/lib/python3.8/site-packages/airflow/example_dags/example_inlet_event_extra.py
[2024-10-08T08:23:47.537+0000] {processor.py:925} INFO - DAG(s) 'read_dataset_event', 'read_dataset_event_from_classic' retrieved from /root/miniconda3/envs/project/lib/python3.8/site-packages/airflow/example_dags/example_inlet_event_extra.py
[2024-10-08T08:23:47.562+0000] {logging_mixin.py:190} INFO - [2024-10-08T08:23:47.562+0000] {dag.py:3239} INFO - Sync 2 DAGs
[2024-10-08T08:23:47.593+0000] {logging_mixin.py:190} INFO - [2024-10-08T08:23:47.593+0000] {dag.py:4180} INFO - Setting next_dagrun for read_dataset_event to 2024-10-07 00:00:00+00:00, run_after=2024-10-08 00:00:00+00:00
[2024-10-08T08:23:47.599+0000] {logging_mixin.py:190} INFO - [2024-10-08T08:23:47.599+0000] {dag.py:4180} INFO - Setting next_dagrun for read_dataset_event_from_classic to 2024-10-07 00:00:00+00:00, run_after=2024-10-08 00:00:00+00:00
[2024-10-08T08:23:47.629+0000] {processor.py:208} INFO - Processing /root/miniconda3/envs/project/lib/python3.8/site-packages/airflow/example_dags/example_inlet_event_extra.py took 0.128 seconds
[2024-10-08T08:37:38.736+0000] {processor.py:186} INFO - Started process (PID=215125) to work on /root/miniconda3/envs/project/lib/python3.8/site-packages/airflow/example_dags/example_inlet_event_extra.py
[2024-10-08T08:37:38.739+0000] {processor.py:914} INFO - Processing file /root/miniconda3/envs/project/lib/python3.8/site-packages/airflow/example_dags/example_inlet_event_extra.py for tasks to queue
[2024-10-08T08:37:38.742+0000] {logging_mixin.py:190} INFO - [2024-10-08T08:37:38.741+0000] {dagbag.py:588} INFO - Filling up the DagBag from /root/miniconda3/envs/project/lib/python3.8/site-packages/airflow/example_dags/example_inlet_event_extra.py
[2024-10-08T08:37:38.761+0000] {processor.py:925} INFO - DAG(s) 'read_dataset_event_from_classic', 'read_dataset_event' retrieved from /root/miniconda3/envs/project/lib/python3.8/site-packages/airflow/example_dags/example_inlet_event_extra.py
[2024-10-08T08:37:38.787+0000] {logging_mixin.py:190} INFO - [2024-10-08T08:37:38.787+0000] {dag.py:3239} INFO - Sync 2 DAGs
[2024-10-08T08:37:38.818+0000] {logging_mixin.py:190} INFO - [2024-10-08T08:37:38.817+0000] {dag.py:4180} INFO - Setting next_dagrun for read_dataset_event to 2024-10-07 00:00:00+00:00, run_after=2024-10-08 00:00:00+00:00
[2024-10-08T08:37:38.824+0000] {logging_mixin.py:190} INFO - [2024-10-08T08:37:38.823+0000] {dag.py:4180} INFO - Setting next_dagrun for read_dataset_event_from_classic to 2024-10-07 00:00:00+00:00, run_after=2024-10-08 00:00:00+00:00
[2024-10-08T08:37:38.853+0000] {processor.py:208} INFO - Processing /root/miniconda3/envs/project/lib/python3.8/site-packages/airflow/example_dags/example_inlet_event_extra.py took 0.129 seconds
[2024-10-08T08:38:48.443+0000] {processor.py:186} INFO - Started process (PID=215531) to work on /root/miniconda3/envs/project/lib/python3.8/site-packages/airflow/example_dags/example_inlet_event_extra.py
[2024-10-08T08:38:48.445+0000] {processor.py:914} INFO - Processing file /root/miniconda3/envs/project/lib/python3.8/site-packages/airflow/example_dags/example_inlet_event_extra.py for tasks to queue
[2024-10-08T08:38:48.449+0000] {logging_mixin.py:190} INFO - [2024-10-08T08:38:48.448+0000] {dagbag.py:588} INFO - Filling up the DagBag from /root/miniconda3/envs/project/lib/python3.8/site-packages/airflow/example_dags/example_inlet_event_extra.py
[2024-10-08T08:38:48.467+0000] {processor.py:925} INFO - DAG(s) 'read_dataset_event', 'read_dataset_event_from_classic' retrieved from /root/miniconda3/envs/project/lib/python3.8/site-packages/airflow/example_dags/example_inlet_event_extra.py
[2024-10-08T08:38:48.493+0000] {logging_mixin.py:190} INFO - [2024-10-08T08:38:48.493+0000] {dag.py:3239} INFO - Sync 2 DAGs
[2024-10-08T08:38:48.523+0000] {logging_mixin.py:190} INFO - [2024-10-08T08:38:48.523+0000] {dag.py:4180} INFO - Setting next_dagrun for read_dataset_event to 2024-10-07 00:00:00+00:00, run_after=2024-10-08 00:00:00+00:00
[2024-10-08T08:38:48.530+0000] {logging_mixin.py:190} INFO - [2024-10-08T08:38:48.530+0000] {dag.py:4180} INFO - Setting next_dagrun for read_dataset_event_from_classic to 2024-10-07 00:00:00+00:00, run_after=2024-10-08 00:00:00+00:00
[2024-10-08T08:38:48.562+0000] {processor.py:208} INFO - Processing /root/miniconda3/envs/project/lib/python3.8/site-packages/airflow/example_dags/example_inlet_event_extra.py took 0.130 seconds
[2024-10-08T08:40:01.379+0000] {processor.py:186} INFO - Started process (PID=215762) to work on /root/miniconda3/envs/project/lib/python3.8/site-packages/airflow/example_dags/example_inlet_event_extra.py
[2024-10-08T08:40:01.382+0000] {processor.py:914} INFO - Processing file /root/miniconda3/envs/project/lib/python3.8/site-packages/airflow/example_dags/example_inlet_event_extra.py for tasks to queue
[2024-10-08T08:40:01.385+0000] {logging_mixin.py:190} INFO - [2024-10-08T08:40:01.385+0000] {dagbag.py:588} INFO - Filling up the DagBag from /root/miniconda3/envs/project/lib/python3.8/site-packages/airflow/example_dags/example_inlet_event_extra.py
[2024-10-08T08:40:01.403+0000] {processor.py:925} INFO - DAG(s) 'read_dataset_event', 'read_dataset_event_from_classic' retrieved from /root/miniconda3/envs/project/lib/python3.8/site-packages/airflow/example_dags/example_inlet_event_extra.py
[2024-10-08T08:40:01.429+0000] {logging_mixin.py:190} INFO - [2024-10-08T08:40:01.429+0000] {dag.py:3239} INFO - Sync 2 DAGs
[2024-10-08T08:40:01.459+0000] {logging_mixin.py:190} INFO - [2024-10-08T08:40:01.459+0000] {dag.py:4180} INFO - Setting next_dagrun for read_dataset_event to 2024-10-07 00:00:00+00:00, run_after=2024-10-08 00:00:00+00:00
[2024-10-08T08:40:01.465+0000] {logging_mixin.py:190} INFO - [2024-10-08T08:40:01.464+0000] {dag.py:4180} INFO - Setting next_dagrun for read_dataset_event_from_classic to 2024-10-07 00:00:00+00:00, run_after=2024-10-08 00:00:00+00:00
[2024-10-08T08:40:01.493+0000] {processor.py:208} INFO - Processing /root/miniconda3/envs/project/lib/python3.8/site-packages/airflow/example_dags/example_inlet_event_extra.py took 0.124 seconds
[2024-10-08T08:41:09.866+0000] {processor.py:186} INFO - Started process (PID=216212) to work on /root/miniconda3/envs/project/lib/python3.8/site-packages/airflow/example_dags/example_inlet_event_extra.py
[2024-10-08T08:41:09.869+0000] {processor.py:914} INFO - Processing file /root/miniconda3/envs/project/lib/python3.8/site-packages/airflow/example_dags/example_inlet_event_extra.py for tasks to queue
[2024-10-08T08:41:09.872+0000] {logging_mixin.py:190} INFO - [2024-10-08T08:41:09.871+0000] {dagbag.py:588} INFO - Filling up the DagBag from /root/miniconda3/envs/project/lib/python3.8/site-packages/airflow/example_dags/example_inlet_event_extra.py
[2024-10-08T08:41:09.890+0000] {processor.py:925} INFO - DAG(s) 'read_dataset_event', 'read_dataset_event_from_classic' retrieved from /root/miniconda3/envs/project/lib/python3.8/site-packages/airflow/example_dags/example_inlet_event_extra.py
[2024-10-08T08:41:09.916+0000] {logging_mixin.py:190} INFO - [2024-10-08T08:41:09.916+0000] {dag.py:3239} INFO - Sync 2 DAGs
[2024-10-08T08:41:09.946+0000] {logging_mixin.py:190} INFO - [2024-10-08T08:41:09.945+0000] {dag.py:4180} INFO - Setting next_dagrun for read_dataset_event to 2024-10-07 00:00:00+00:00, run_after=2024-10-08 00:00:00+00:00
[2024-10-08T08:41:09.952+0000] {logging_mixin.py:190} INFO - [2024-10-08T08:41:09.951+0000] {dag.py:4180} INFO - Setting next_dagrun for read_dataset_event_from_classic to 2024-10-07 00:00:00+00:00, run_after=2024-10-08 00:00:00+00:00
[2024-10-08T08:41:09.981+0000] {processor.py:208} INFO - Processing /root/miniconda3/envs/project/lib/python3.8/site-packages/airflow/example_dags/example_inlet_event_extra.py took 0.127 seconds
[2024-10-08T08:42:16.847+0000] {processor.py:186} INFO - Started process (PID=216564) to work on /root/miniconda3/envs/project/lib/python3.8/site-packages/airflow/example_dags/example_inlet_event_extra.py
[2024-10-08T08:42:16.850+0000] {processor.py:914} INFO - Processing file /root/miniconda3/envs/project/lib/python3.8/site-packages/airflow/example_dags/example_inlet_event_extra.py for tasks to queue
[2024-10-08T08:42:16.853+0000] {logging_mixin.py:190} INFO - [2024-10-08T08:42:16.853+0000] {dagbag.py:588} INFO - Filling up the DagBag from /root/miniconda3/envs/project/lib/python3.8/site-packages/airflow/example_dags/example_inlet_event_extra.py
[2024-10-08T08:42:16.873+0000] {processor.py:925} INFO - DAG(s) 'read_dataset_event_from_classic', 'read_dataset_event' retrieved from /root/miniconda3/envs/project/lib/python3.8/site-packages/airflow/example_dags/example_inlet_event_extra.py
[2024-10-08T08:42:16.906+0000] {logging_mixin.py:190} INFO - [2024-10-08T08:42:16.905+0000] {dag.py:3239} INFO - Sync 2 DAGs
[2024-10-08T08:42:16.948+0000] {logging_mixin.py:190} INFO - [2024-10-08T08:42:16.948+0000] {dag.py:4180} INFO - Setting next_dagrun for read_dataset_event to 2024-10-07 00:00:00+00:00, run_after=2024-10-08 00:00:00+00:00
[2024-10-08T08:42:16.957+0000] {logging_mixin.py:190} INFO - [2024-10-08T08:42:16.956+0000] {dag.py:4180} INFO - Setting next_dagrun for read_dataset_event_from_classic to 2024-10-07 00:00:00+00:00, run_after=2024-10-08 00:00:00+00:00
[2024-10-08T08:42:16.995+0000] {processor.py:208} INFO - Processing /root/miniconda3/envs/project/lib/python3.8/site-packages/airflow/example_dags/example_inlet_event_extra.py took 0.160 seconds
[2024-10-08T08:43:23.671+0000] {processor.py:186} INFO - Started process (PID=216782) to work on /root/miniconda3/envs/project/lib/python3.8/site-packages/airflow/example_dags/example_inlet_event_extra.py
[2024-10-08T08:43:23.674+0000] {processor.py:914} INFO - Processing file /root/miniconda3/envs/project/lib/python3.8/site-packages/airflow/example_dags/example_inlet_event_extra.py for tasks to queue
[2024-10-08T08:43:23.677+0000] {logging_mixin.py:190} INFO - [2024-10-08T08:43:23.677+0000] {dagbag.py:588} INFO - Filling up the DagBag from /root/miniconda3/envs/project/lib/python3.8/site-packages/airflow/example_dags/example_inlet_event_extra.py
[2024-10-08T08:43:23.696+0000] {processor.py:925} INFO - DAG(s) 'read_dataset_event_from_classic', 'read_dataset_event' retrieved from /root/miniconda3/envs/project/lib/python3.8/site-packages/airflow/example_dags/example_inlet_event_extra.py
[2024-10-08T08:43:23.721+0000] {logging_mixin.py:190} INFO - [2024-10-08T08:43:23.721+0000] {dag.py:3239} INFO - Sync 2 DAGs
[2024-10-08T08:43:23.751+0000] {logging_mixin.py:190} INFO - [2024-10-08T08:43:23.751+0000] {dag.py:4180} INFO - Setting next_dagrun for read_dataset_event to 2024-10-07 00:00:00+00:00, run_after=2024-10-08 00:00:00+00:00
[2024-10-08T08:43:23.757+0000] {logging_mixin.py:190} INFO - [2024-10-08T08:43:23.757+0000] {dag.py:4180} INFO - Setting next_dagrun for read_dataset_event_from_classic to 2024-10-07 00:00:00+00:00, run_after=2024-10-08 00:00:00+00:00
[2024-10-08T08:43:23.786+0000] {processor.py:208} INFO - Processing /root/miniconda3/envs/project/lib/python3.8/site-packages/airflow/example_dags/example_inlet_event_extra.py took 0.126 seconds
[2024-10-08T08:44:33.508+0000] {processor.py:186} INFO - Started process (PID=217006) to work on /root/miniconda3/envs/project/lib/python3.8/site-packages/airflow/example_dags/example_inlet_event_extra.py
[2024-10-08T08:44:33.511+0000] {processor.py:914} INFO - Processing file /root/miniconda3/envs/project/lib/python3.8/site-packages/airflow/example_dags/example_inlet_event_extra.py for tasks to queue
[2024-10-08T08:44:33.515+0000] {logging_mixin.py:190} INFO - [2024-10-08T08:44:33.514+0000] {dagbag.py:588} INFO - Filling up the DagBag from /root/miniconda3/envs/project/lib/python3.8/site-packages/airflow/example_dags/example_inlet_event_extra.py
[2024-10-08T08:44:33.535+0000] {processor.py:925} INFO - DAG(s) 'read_dataset_event_from_classic', 'read_dataset_event' retrieved from /root/miniconda3/envs/project/lib/python3.8/site-packages/airflow/example_dags/example_inlet_event_extra.py
[2024-10-08T08:44:33.561+0000] {logging_mixin.py:190} INFO - [2024-10-08T08:44:33.561+0000] {dag.py:3239} INFO - Sync 2 DAGs
[2024-10-08T08:44:33.592+0000] {logging_mixin.py:190} INFO - [2024-10-08T08:44:33.592+0000] {dag.py:4180} INFO - Setting next_dagrun for read_dataset_event to 2024-10-07 00:00:00+00:00, run_after=2024-10-08 00:00:00+00:00
[2024-10-08T08:44:33.598+0000] {logging_mixin.py:190} INFO - [2024-10-08T08:44:33.598+0000] {dag.py:4180} INFO - Setting next_dagrun for read_dataset_event_from_classic to 2024-10-07 00:00:00+00:00, run_after=2024-10-08 00:00:00+00:00
[2024-10-08T08:44:33.632+0000] {processor.py:208} INFO - Processing /root/miniconda3/envs/project/lib/python3.8/site-packages/airflow/example_dags/example_inlet_event_extra.py took 0.135 seconds
[2024-10-08T08:45:47.963+0000] {processor.py:186} INFO - Started process (PID=217295) to work on /root/miniconda3/envs/project/lib/python3.8/site-packages/airflow/example_dags/example_inlet_event_extra.py
[2024-10-08T08:45:47.966+0000] {processor.py:914} INFO - Processing file /root/miniconda3/envs/project/lib/python3.8/site-packages/airflow/example_dags/example_inlet_event_extra.py for tasks to queue
[2024-10-08T08:45:47.969+0000] {logging_mixin.py:190} INFO - [2024-10-08T08:45:47.969+0000] {dagbag.py:588} INFO - Filling up the DagBag from /root/miniconda3/envs/project/lib/python3.8/site-packages/airflow/example_dags/example_inlet_event_extra.py
[2024-10-08T08:45:47.989+0000] {processor.py:925} INFO - DAG(s) 'read_dataset_event', 'read_dataset_event_from_classic' retrieved from /root/miniconda3/envs/project/lib/python3.8/site-packages/airflow/example_dags/example_inlet_event_extra.py
[2024-10-08T08:45:48.015+0000] {logging_mixin.py:190} INFO - [2024-10-08T08:45:48.014+0000] {dag.py:3239} INFO - Sync 2 DAGs
[2024-10-08T08:45:48.045+0000] {logging_mixin.py:190} INFO - [2024-10-08T08:45:48.044+0000] {dag.py:4180} INFO - Setting next_dagrun for read_dataset_event to 2024-10-07 00:00:00+00:00, run_after=2024-10-08 00:00:00+00:00
[2024-10-08T08:45:48.050+0000] {logging_mixin.py:190} INFO - [2024-10-08T08:45:48.050+0000] {dag.py:4180} INFO - Setting next_dagrun for read_dataset_event_from_classic to 2024-10-07 00:00:00+00:00, run_after=2024-10-08 00:00:00+00:00
[2024-10-08T08:45:48.081+0000] {processor.py:208} INFO - Processing /root/miniconda3/envs/project/lib/python3.8/site-packages/airflow/example_dags/example_inlet_event_extra.py took 0.129 seconds
[2024-10-08T08:46:58.793+0000] {processor.py:186} INFO - Started process (PID=217636) to work on /root/miniconda3/envs/project/lib/python3.8/site-packages/airflow/example_dags/example_inlet_event_extra.py
[2024-10-08T08:46:58.796+0000] {processor.py:914} INFO - Processing file /root/miniconda3/envs/project/lib/python3.8/site-packages/airflow/example_dags/example_inlet_event_extra.py for tasks to queue
[2024-10-08T08:46:58.800+0000] {logging_mixin.py:190} INFO - [2024-10-08T08:46:58.799+0000] {dagbag.py:588} INFO - Filling up the DagBag from /root/miniconda3/envs/project/lib/python3.8/site-packages/airflow/example_dags/example_inlet_event_extra.py
[2024-10-08T08:46:58.819+0000] {processor.py:925} INFO - DAG(s) 'read_dataset_event_from_classic', 'read_dataset_event' retrieved from /root/miniconda3/envs/project/lib/python3.8/site-packages/airflow/example_dags/example_inlet_event_extra.py
[2024-10-08T08:46:58.845+0000] {logging_mixin.py:190} INFO - [2024-10-08T08:46:58.845+0000] {dag.py:3239} INFO - Sync 2 DAGs
[2024-10-08T08:46:58.876+0000] {logging_mixin.py:190} INFO - [2024-10-08T08:46:58.876+0000] {dag.py:4180} INFO - Setting next_dagrun for read_dataset_event to 2024-10-07 00:00:00+00:00, run_after=2024-10-08 00:00:00+00:00
[2024-10-08T08:46:58.882+0000] {logging_mixin.py:190} INFO - [2024-10-08T08:46:58.881+0000] {dag.py:4180} INFO - Setting next_dagrun for read_dataset_event_from_classic to 2024-10-07 00:00:00+00:00, run_after=2024-10-08 00:00:00+00:00
[2024-10-08T08:46:58.910+0000] {processor.py:208} INFO - Processing /root/miniconda3/envs/project/lib/python3.8/site-packages/airflow/example_dags/example_inlet_event_extra.py took 0.128 seconds
[2024-10-08T08:48:11.764+0000] {processor.py:186} INFO - Started process (PID=217947) to work on /root/miniconda3/envs/project/lib/python3.8/site-packages/airflow/example_dags/example_inlet_event_extra.py
[2024-10-08T08:48:11.767+0000] {processor.py:914} INFO - Processing file /root/miniconda3/envs/project/lib/python3.8/site-packages/airflow/example_dags/example_inlet_event_extra.py for tasks to queue
[2024-10-08T08:48:11.770+0000] {logging_mixin.py:190} INFO - [2024-10-08T08:48:11.770+0000] {dagbag.py:588} INFO - Filling up the DagBag from /root/miniconda3/envs/project/lib/python3.8/site-packages/airflow/example_dags/example_inlet_event_extra.py
[2024-10-08T08:48:11.789+0000] {processor.py:925} INFO - DAG(s) 'read_dataset_event_from_classic', 'read_dataset_event' retrieved from /root/miniconda3/envs/project/lib/python3.8/site-packages/airflow/example_dags/example_inlet_event_extra.py
[2024-10-08T08:48:11.814+0000] {logging_mixin.py:190} INFO - [2024-10-08T08:48:11.814+0000] {dag.py:3239} INFO - Sync 2 DAGs
[2024-10-08T08:48:11.844+0000] {logging_mixin.py:190} INFO - [2024-10-08T08:48:11.844+0000] {dag.py:4180} INFO - Setting next_dagrun for read_dataset_event to 2024-10-07 00:00:00+00:00, run_after=2024-10-08 00:00:00+00:00
[2024-10-08T08:48:11.850+0000] {logging_mixin.py:190} INFO - [2024-10-08T08:48:11.850+0000] {dag.py:4180} INFO - Setting next_dagrun for read_dataset_event_from_classic to 2024-10-07 00:00:00+00:00, run_after=2024-10-08 00:00:00+00:00
[2024-10-08T08:48:11.882+0000] {processor.py:208} INFO - Processing /root/miniconda3/envs/project/lib/python3.8/site-packages/airflow/example_dags/example_inlet_event_extra.py took 0.130 seconds
[2024-10-08T08:49:22.516+0000] {processor.py:186} INFO - Started process (PID=218170) to work on /root/miniconda3/envs/project/lib/python3.8/site-packages/airflow/example_dags/example_inlet_event_extra.py
[2024-10-08T08:49:22.518+0000] {processor.py:914} INFO - Processing file /root/miniconda3/envs/project/lib/python3.8/site-packages/airflow/example_dags/example_inlet_event_extra.py for tasks to queue
[2024-10-08T08:49:22.522+0000] {logging_mixin.py:190} INFO - [2024-10-08T08:49:22.521+0000] {dagbag.py:588} INFO - Filling up the DagBag from /root/miniconda3/envs/project/lib/python3.8/site-packages/airflow/example_dags/example_inlet_event_extra.py
[2024-10-08T08:49:22.542+0000] {processor.py:925} INFO - DAG(s) 'read_dataset_event', 'read_dataset_event_from_classic' retrieved from /root/miniconda3/envs/project/lib/python3.8/site-packages/airflow/example_dags/example_inlet_event_extra.py
[2024-10-08T08:49:22.568+0000] {logging_mixin.py:190} INFO - [2024-10-08T08:49:22.567+0000] {dag.py:3239} INFO - Sync 2 DAGs
[2024-10-08T08:49:22.598+0000] {logging_mixin.py:190} INFO - [2024-10-08T08:49:22.598+0000] {dag.py:4180} INFO - Setting next_dagrun for read_dataset_event to 2024-10-07 00:00:00+00:00, run_after=2024-10-08 00:00:00+00:00
[2024-10-08T08:49:22.604+0000] {logging_mixin.py:190} INFO - [2024-10-08T08:49:22.604+0000] {dag.py:4180} INFO - Setting next_dagrun for read_dataset_event_from_classic to 2024-10-07 00:00:00+00:00, run_after=2024-10-08 00:00:00+00:00
[2024-10-08T08:49:22.633+0000] {processor.py:208} INFO - Processing /root/miniconda3/envs/project/lib/python3.8/site-packages/airflow/example_dags/example_inlet_event_extra.py took 0.128 seconds
[2024-10-08T08:50:33.317+0000] {processor.py:186} INFO - Started process (PID=218397) to work on /root/miniconda3/envs/project/lib/python3.8/site-packages/airflow/example_dags/example_inlet_event_extra.py
[2024-10-08T08:50:33.320+0000] {processor.py:914} INFO - Processing file /root/miniconda3/envs/project/lib/python3.8/site-packages/airflow/example_dags/example_inlet_event_extra.py for tasks to queue
[2024-10-08T08:50:33.323+0000] {logging_mixin.py:190} INFO - [2024-10-08T08:50:33.322+0000] {dagbag.py:588} INFO - Filling up the DagBag from /root/miniconda3/envs/project/lib/python3.8/site-packages/airflow/example_dags/example_inlet_event_extra.py
[2024-10-08T08:50:33.342+0000] {processor.py:925} INFO - DAG(s) 'read_dataset_event', 'read_dataset_event_from_classic' retrieved from /root/miniconda3/envs/project/lib/python3.8/site-packages/airflow/example_dags/example_inlet_event_extra.py
[2024-10-08T08:50:33.368+0000] {logging_mixin.py:190} INFO - [2024-10-08T08:50:33.368+0000] {dag.py:3239} INFO - Sync 2 DAGs
[2024-10-08T08:50:33.399+0000] {logging_mixin.py:190} INFO - [2024-10-08T08:50:33.398+0000] {dag.py:4180} INFO - Setting next_dagrun for read_dataset_event to 2024-10-07 00:00:00+00:00, run_after=2024-10-08 00:00:00+00:00
[2024-10-08T08:50:33.404+0000] {logging_mixin.py:190} INFO - [2024-10-08T08:50:33.404+0000] {dag.py:4180} INFO - Setting next_dagrun for read_dataset_event_from_classic to 2024-10-07 00:00:00+00:00, run_after=2024-10-08 00:00:00+00:00
[2024-10-08T08:50:33.437+0000] {processor.py:208} INFO - Processing /root/miniconda3/envs/project/lib/python3.8/site-packages/airflow/example_dags/example_inlet_event_extra.py took 0.133 seconds
[2024-10-08T09:05:43.013+0000] {processor.py:186} INFO - Started process (PID=220066) to work on /root/miniconda3/envs/project/lib/python3.8/site-packages/airflow/example_dags/example_inlet_event_extra.py
[2024-10-08T09:05:43.016+0000] {processor.py:914} INFO - Processing file /root/miniconda3/envs/project/lib/python3.8/site-packages/airflow/example_dags/example_inlet_event_extra.py for tasks to queue
[2024-10-08T09:05:43.019+0000] {logging_mixin.py:190} INFO - [2024-10-08T09:05:43.019+0000] {dagbag.py:588} INFO - Filling up the DagBag from /root/miniconda3/envs/project/lib/python3.8/site-packages/airflow/example_dags/example_inlet_event_extra.py
[2024-10-08T09:05:43.039+0000] {processor.py:925} INFO - DAG(s) 'read_dataset_event_from_classic', 'read_dataset_event' retrieved from /root/miniconda3/envs/project/lib/python3.8/site-packages/airflow/example_dags/example_inlet_event_extra.py
[2024-10-08T09:05:43.070+0000] {logging_mixin.py:190} INFO - [2024-10-08T09:05:43.070+0000] {dag.py:3239} INFO - Sync 2 DAGs
[2024-10-08T09:05:43.105+0000] {logging_mixin.py:190} INFO - [2024-10-08T09:05:43.105+0000] {dag.py:4180} INFO - Setting next_dagrun for read_dataset_event to 2024-10-07 00:00:00+00:00, run_after=2024-10-08 00:00:00+00:00
[2024-10-08T09:05:43.111+0000] {logging_mixin.py:190} INFO - [2024-10-08T09:05:43.111+0000] {dag.py:4180} INFO - Setting next_dagrun for read_dataset_event_from_classic to 2024-10-07 00:00:00+00:00, run_after=2024-10-08 00:00:00+00:00
[2024-10-08T09:05:43.142+0000] {processor.py:208} INFO - Processing /root/miniconda3/envs/project/lib/python3.8/site-packages/airflow/example_dags/example_inlet_event_extra.py took 0.141 seconds
[2024-10-08T09:09:16.382+0000] {processor.py:186} INFO - Started process (PID=220880) to work on /root/miniconda3/envs/project/lib/python3.8/site-packages/airflow/example_dags/example_inlet_event_extra.py
[2024-10-08T09:09:16.385+0000] {processor.py:914} INFO - Processing file /root/miniconda3/envs/project/lib/python3.8/site-packages/airflow/example_dags/example_inlet_event_extra.py for tasks to queue
[2024-10-08T09:09:16.388+0000] {logging_mixin.py:190} INFO - [2024-10-08T09:09:16.388+0000] {dagbag.py:588} INFO - Filling up the DagBag from /root/miniconda3/envs/project/lib/python3.8/site-packages/airflow/example_dags/example_inlet_event_extra.py
[2024-10-08T09:09:16.408+0000] {processor.py:925} INFO - DAG(s) 'read_dataset_event_from_classic', 'read_dataset_event' retrieved from /root/miniconda3/envs/project/lib/python3.8/site-packages/airflow/example_dags/example_inlet_event_extra.py
[2024-10-08T09:09:16.435+0000] {logging_mixin.py:190} INFO - [2024-10-08T09:09:16.435+0000] {dag.py:3239} INFO - Sync 2 DAGs
[2024-10-08T09:09:16.466+0000] {logging_mixin.py:190} INFO - [2024-10-08T09:09:16.465+0000] {dag.py:4180} INFO - Setting next_dagrun for read_dataset_event to 2024-10-07 00:00:00+00:00, run_after=2024-10-08 00:00:00+00:00
[2024-10-08T09:09:16.472+0000] {logging_mixin.py:190} INFO - [2024-10-08T09:09:16.471+0000] {dag.py:4180} INFO - Setting next_dagrun for read_dataset_event_from_classic to 2024-10-07 00:00:00+00:00, run_after=2024-10-08 00:00:00+00:00
[2024-10-08T09:09:16.501+0000] {processor.py:208} INFO - Processing /root/miniconda3/envs/project/lib/python3.8/site-packages/airflow/example_dags/example_inlet_event_extra.py took 0.131 seconds
[2024-10-08T09:10:45.794+0000] {processor.py:186} INFO - Started process (PID=221632) to work on /root/miniconda3/envs/project/lib/python3.8/site-packages/airflow/example_dags/example_inlet_event_extra.py
[2024-10-08T09:10:45.797+0000] {processor.py:914} INFO - Processing file /root/miniconda3/envs/project/lib/python3.8/site-packages/airflow/example_dags/example_inlet_event_extra.py for tasks to queue
[2024-10-08T09:10:45.801+0000] {logging_mixin.py:190} INFO - [2024-10-08T09:10:45.800+0000] {dagbag.py:588} INFO - Filling up the DagBag from /root/miniconda3/envs/project/lib/python3.8/site-packages/airflow/example_dags/example_inlet_event_extra.py
[2024-10-08T09:10:45.820+0000] {processor.py:925} INFO - DAG(s) 'read_dataset_event_from_classic', 'read_dataset_event' retrieved from /root/miniconda3/envs/project/lib/python3.8/site-packages/airflow/example_dags/example_inlet_event_extra.py
[2024-10-08T09:10:45.848+0000] {logging_mixin.py:190} INFO - [2024-10-08T09:10:45.847+0000] {dag.py:3239} INFO - Sync 2 DAGs
[2024-10-08T09:10:45.878+0000] {logging_mixin.py:190} INFO - [2024-10-08T09:10:45.878+0000] {dag.py:4180} INFO - Setting next_dagrun for read_dataset_event to 2024-10-07 00:00:00+00:00, run_after=2024-10-08 00:00:00+00:00
[2024-10-08T09:10:45.884+0000] {logging_mixin.py:190} INFO - [2024-10-08T09:10:45.884+0000] {dag.py:4180} INFO - Setting next_dagrun for read_dataset_event_from_classic to 2024-10-07 00:00:00+00:00, run_after=2024-10-08 00:00:00+00:00
[2024-10-08T09:10:45.912+0000] {processor.py:208} INFO - Processing /root/miniconda3/envs/project/lib/python3.8/site-packages/airflow/example_dags/example_inlet_event_extra.py took 0.129 seconds
[2024-10-08T09:11:54.447+0000] {processor.py:186} INFO - Started process (PID=221917) to work on /root/miniconda3/envs/project/lib/python3.8/site-packages/airflow/example_dags/example_inlet_event_extra.py
[2024-10-08T09:11:54.450+0000] {processor.py:914} INFO - Processing file /root/miniconda3/envs/project/lib/python3.8/site-packages/airflow/example_dags/example_inlet_event_extra.py for tasks to queue
[2024-10-08T09:11:54.453+0000] {logging_mixin.py:190} INFO - [2024-10-08T09:11:54.453+0000] {dagbag.py:588} INFO - Filling up the DagBag from /root/miniconda3/envs/project/lib/python3.8/site-packages/airflow/example_dags/example_inlet_event_extra.py
[2024-10-08T09:11:54.473+0000] {processor.py:925} INFO - DAG(s) 'read_dataset_event_from_classic', 'read_dataset_event' retrieved from /root/miniconda3/envs/project/lib/python3.8/site-packages/airflow/example_dags/example_inlet_event_extra.py
[2024-10-08T09:11:54.499+0000] {logging_mixin.py:190} INFO - [2024-10-08T09:11:54.499+0000] {dag.py:3239} INFO - Sync 2 DAGs
[2024-10-08T09:11:54.530+0000] {logging_mixin.py:190} INFO - [2024-10-08T09:11:54.529+0000] {dag.py:4180} INFO - Setting next_dagrun for read_dataset_event to 2024-10-07 00:00:00+00:00, run_after=2024-10-08 00:00:00+00:00
[2024-10-08T09:11:54.537+0000] {logging_mixin.py:190} INFO - [2024-10-08T09:11:54.537+0000] {dag.py:4180} INFO - Setting next_dagrun for read_dataset_event_from_classic to 2024-10-07 00:00:00+00:00, run_after=2024-10-08 00:00:00+00:00
[2024-10-08T09:11:54.567+0000] {processor.py:208} INFO - Processing /root/miniconda3/envs/project/lib/python3.8/site-packages/airflow/example_dags/example_inlet_event_extra.py took 0.133 seconds
[2024-10-08T09:12:58.903+0000] {processor.py:186} INFO - Started process (PID=222186) to work on /root/miniconda3/envs/project/lib/python3.8/site-packages/airflow/example_dags/example_inlet_event_extra.py
[2024-10-08T09:12:58.906+0000] {processor.py:914} INFO - Processing file /root/miniconda3/envs/project/lib/python3.8/site-packages/airflow/example_dags/example_inlet_event_extra.py for tasks to queue
[2024-10-08T09:12:58.909+0000] {logging_mixin.py:190} INFO - [2024-10-08T09:12:58.909+0000] {dagbag.py:588} INFO - Filling up the DagBag from /root/miniconda3/envs/project/lib/python3.8/site-packages/airflow/example_dags/example_inlet_event_extra.py
[2024-10-08T09:12:58.928+0000] {processor.py:925} INFO - DAG(s) 'read_dataset_event', 'read_dataset_event_from_classic' retrieved from /root/miniconda3/envs/project/lib/python3.8/site-packages/airflow/example_dags/example_inlet_event_extra.py
[2024-10-08T09:12:58.954+0000] {logging_mixin.py:190} INFO - [2024-10-08T09:12:58.953+0000] {dag.py:3239} INFO - Sync 2 DAGs
[2024-10-08T09:12:58.984+0000] {logging_mixin.py:190} INFO - [2024-10-08T09:12:58.984+0000] {dag.py:4180} INFO - Setting next_dagrun for read_dataset_event to 2024-10-07 00:00:00+00:00, run_after=2024-10-08 00:00:00+00:00
[2024-10-08T09:12:58.990+0000] {logging_mixin.py:190} INFO - [2024-10-08T09:12:58.990+0000] {dag.py:4180} INFO - Setting next_dagrun for read_dataset_event_from_classic to 2024-10-07 00:00:00+00:00, run_after=2024-10-08 00:00:00+00:00
[2024-10-08T09:12:59.017+0000] {processor.py:208} INFO - Processing /root/miniconda3/envs/project/lib/python3.8/site-packages/airflow/example_dags/example_inlet_event_extra.py took 0.126 seconds
[2024-10-08T09:14:07.654+0000] {processor.py:186} INFO - Started process (PID=222535) to work on /root/miniconda3/envs/project/lib/python3.8/site-packages/airflow/example_dags/example_inlet_event_extra.py
[2024-10-08T09:14:07.657+0000] {processor.py:914} INFO - Processing file /root/miniconda3/envs/project/lib/python3.8/site-packages/airflow/example_dags/example_inlet_event_extra.py for tasks to queue
[2024-10-08T09:14:07.661+0000] {logging_mixin.py:190} INFO - [2024-10-08T09:14:07.660+0000] {dagbag.py:588} INFO - Filling up the DagBag from /root/miniconda3/envs/project/lib/python3.8/site-packages/airflow/example_dags/example_inlet_event_extra.py
[2024-10-08T09:14:07.679+0000] {processor.py:925} INFO - DAG(s) 'read_dataset_event_from_classic', 'read_dataset_event' retrieved from /root/miniconda3/envs/project/lib/python3.8/site-packages/airflow/example_dags/example_inlet_event_extra.py
[2024-10-08T09:14:07.705+0000] {logging_mixin.py:190} INFO - [2024-10-08T09:14:07.705+0000] {dag.py:3239} INFO - Sync 2 DAGs
[2024-10-08T09:14:07.735+0000] {logging_mixin.py:190} INFO - [2024-10-08T09:14:07.735+0000] {dag.py:4180} INFO - Setting next_dagrun for read_dataset_event to 2024-10-07 00:00:00+00:00, run_after=2024-10-08 00:00:00+00:00
[2024-10-08T09:14:07.742+0000] {logging_mixin.py:190} INFO - [2024-10-08T09:14:07.741+0000] {dag.py:4180} INFO - Setting next_dagrun for read_dataset_event_from_classic to 2024-10-07 00:00:00+00:00, run_after=2024-10-08 00:00:00+00:00
[2024-10-08T09:14:07.771+0000] {processor.py:208} INFO - Processing /root/miniconda3/envs/project/lib/python3.8/site-packages/airflow/example_dags/example_inlet_event_extra.py took 0.128 seconds
[2024-10-08T09:15:11.828+0000] {processor.py:186} INFO - Started process (PID=222798) to work on /root/miniconda3/envs/project/lib/python3.8/site-packages/airflow/example_dags/example_inlet_event_extra.py
[2024-10-08T09:15:11.831+0000] {processor.py:914} INFO - Processing file /root/miniconda3/envs/project/lib/python3.8/site-packages/airflow/example_dags/example_inlet_event_extra.py for tasks to queue
[2024-10-08T09:15:11.834+0000] {logging_mixin.py:190} INFO - [2024-10-08T09:15:11.834+0000] {dagbag.py:588} INFO - Filling up the DagBag from /root/miniconda3/envs/project/lib/python3.8/site-packages/airflow/example_dags/example_inlet_event_extra.py
[2024-10-08T09:15:11.853+0000] {processor.py:925} INFO - DAG(s) 'read_dataset_event_from_classic', 'read_dataset_event' retrieved from /root/miniconda3/envs/project/lib/python3.8/site-packages/airflow/example_dags/example_inlet_event_extra.py
[2024-10-08T09:15:11.880+0000] {logging_mixin.py:190} INFO - [2024-10-08T09:15:11.879+0000] {dag.py:3239} INFO - Sync 2 DAGs
[2024-10-08T09:15:11.911+0000] {logging_mixin.py:190} INFO - [2024-10-08T09:15:11.911+0000] {dag.py:4180} INFO - Setting next_dagrun for read_dataset_event to 2024-10-07 00:00:00+00:00, run_after=2024-10-08 00:00:00+00:00
[2024-10-08T09:15:11.917+0000] {logging_mixin.py:190} INFO - [2024-10-08T09:15:11.917+0000] {dag.py:4180} INFO - Setting next_dagrun for read_dataset_event_from_classic to 2024-10-07 00:00:00+00:00, run_after=2024-10-08 00:00:00+00:00
[2024-10-08T09:15:11.946+0000] {processor.py:208} INFO - Processing /root/miniconda3/envs/project/lib/python3.8/site-packages/airflow/example_dags/example_inlet_event_extra.py took 0.127 seconds
[2024-10-08T09:16:26.652+0000] {processor.py:186} INFO - Started process (PID=223033) to work on /root/miniconda3/envs/project/lib/python3.8/site-packages/airflow/example_dags/example_inlet_event_extra.py
[2024-10-08T09:16:26.656+0000] {processor.py:914} INFO - Processing file /root/miniconda3/envs/project/lib/python3.8/site-packages/airflow/example_dags/example_inlet_event_extra.py for tasks to queue
[2024-10-08T09:16:26.659+0000] {logging_mixin.py:190} INFO - [2024-10-08T09:16:26.659+0000] {dagbag.py:588} INFO - Filling up the DagBag from /root/miniconda3/envs/project/lib/python3.8/site-packages/airflow/example_dags/example_inlet_event_extra.py
[2024-10-08T09:16:26.679+0000] {processor.py:925} INFO - DAG(s) 'read_dataset_event_from_classic', 'read_dataset_event' retrieved from /root/miniconda3/envs/project/lib/python3.8/site-packages/airflow/example_dags/example_inlet_event_extra.py
[2024-10-08T09:16:26.706+0000] {logging_mixin.py:190} INFO - [2024-10-08T09:16:26.706+0000] {dag.py:3239} INFO - Sync 2 DAGs
[2024-10-08T09:16:26.738+0000] {logging_mixin.py:190} INFO - [2024-10-08T09:16:26.738+0000] {dag.py:4180} INFO - Setting next_dagrun for read_dataset_event to 2024-10-07 00:00:00+00:00, run_after=2024-10-08 00:00:00+00:00
[2024-10-08T09:16:26.745+0000] {logging_mixin.py:190} INFO - [2024-10-08T09:16:26.744+0000] {dag.py:4180} INFO - Setting next_dagrun for read_dataset_event_from_classic to 2024-10-07 00:00:00+00:00, run_after=2024-10-08 00:00:00+00:00
[2024-10-08T09:16:26.787+0000] {processor.py:208} INFO - Processing /root/miniconda3/envs/project/lib/python3.8/site-packages/airflow/example_dags/example_inlet_event_extra.py took 0.147 seconds
[2024-10-08T09:17:35.755+0000] {processor.py:186} INFO - Started process (PID=223265) to work on /root/miniconda3/envs/project/lib/python3.8/site-packages/airflow/example_dags/example_inlet_event_extra.py
[2024-10-08T09:17:35.758+0000] {processor.py:914} INFO - Processing file /root/miniconda3/envs/project/lib/python3.8/site-packages/airflow/example_dags/example_inlet_event_extra.py for tasks to queue
[2024-10-08T09:17:35.761+0000] {logging_mixin.py:190} INFO - [2024-10-08T09:17:35.760+0000] {dagbag.py:588} INFO - Filling up the DagBag from /root/miniconda3/envs/project/lib/python3.8/site-packages/airflow/example_dags/example_inlet_event_extra.py
[2024-10-08T09:17:35.780+0000] {processor.py:925} INFO - DAG(s) 'read_dataset_event', 'read_dataset_event_from_classic' retrieved from /root/miniconda3/envs/project/lib/python3.8/site-packages/airflow/example_dags/example_inlet_event_extra.py
[2024-10-08T09:17:35.805+0000] {logging_mixin.py:190} INFO - [2024-10-08T09:17:35.805+0000] {dag.py:3239} INFO - Sync 2 DAGs
[2024-10-08T09:17:35.835+0000] {logging_mixin.py:190} INFO - [2024-10-08T09:17:35.835+0000] {dag.py:4180} INFO - Setting next_dagrun for read_dataset_event to 2024-10-07 00:00:00+00:00, run_after=2024-10-08 00:00:00+00:00
[2024-10-08T09:17:35.841+0000] {logging_mixin.py:190} INFO - [2024-10-08T09:17:35.841+0000] {dag.py:4180} INFO - Setting next_dagrun for read_dataset_event_from_classic to 2024-10-07 00:00:00+00:00, run_after=2024-10-08 00:00:00+00:00
[2024-10-08T09:17:35.874+0000] {processor.py:208} INFO - Processing /root/miniconda3/envs/project/lib/python3.8/site-packages/airflow/example_dags/example_inlet_event_extra.py took 0.131 seconds
[2024-10-08T09:18:47.022+0000] {processor.py:186} INFO - Started process (PID=223555) to work on /root/miniconda3/envs/project/lib/python3.8/site-packages/airflow/example_dags/example_inlet_event_extra.py
[2024-10-08T09:18:47.025+0000] {processor.py:914} INFO - Processing file /root/miniconda3/envs/project/lib/python3.8/site-packages/airflow/example_dags/example_inlet_event_extra.py for tasks to queue
[2024-10-08T09:18:47.028+0000] {logging_mixin.py:190} INFO - [2024-10-08T09:18:47.028+0000] {dagbag.py:588} INFO - Filling up the DagBag from /root/miniconda3/envs/project/lib/python3.8/site-packages/airflow/example_dags/example_inlet_event_extra.py
[2024-10-08T09:18:47.047+0000] {processor.py:925} INFO - DAG(s) 'read_dataset_event', 'read_dataset_event_from_classic' retrieved from /root/miniconda3/envs/project/lib/python3.8/site-packages/airflow/example_dags/example_inlet_event_extra.py
[2024-10-08T09:18:47.072+0000] {logging_mixin.py:190} INFO - [2024-10-08T09:18:47.072+0000] {dag.py:3239} INFO - Sync 2 DAGs
[2024-10-08T09:18:47.103+0000] {logging_mixin.py:190} INFO - [2024-10-08T09:18:47.103+0000] {dag.py:4180} INFO - Setting next_dagrun for read_dataset_event to 2024-10-07 00:00:00+00:00, run_after=2024-10-08 00:00:00+00:00
[2024-10-08T09:18:47.109+0000] {logging_mixin.py:190} INFO - [2024-10-08T09:18:47.109+0000] {dag.py:4180} INFO - Setting next_dagrun for read_dataset_event_from_classic to 2024-10-07 00:00:00+00:00, run_after=2024-10-08 00:00:00+00:00
[2024-10-08T09:18:47.136+0000] {processor.py:208} INFO - Processing /root/miniconda3/envs/project/lib/python3.8/site-packages/airflow/example_dags/example_inlet_event_extra.py took 0.124 seconds
[2024-10-08T09:20:00.521+0000] {processor.py:186} INFO - Started process (PID=223848) to work on /root/miniconda3/envs/project/lib/python3.8/site-packages/airflow/example_dags/example_inlet_event_extra.py
[2024-10-08T09:20:00.524+0000] {processor.py:914} INFO - Processing file /root/miniconda3/envs/project/lib/python3.8/site-packages/airflow/example_dags/example_inlet_event_extra.py for tasks to queue
[2024-10-08T09:20:00.528+0000] {logging_mixin.py:190} INFO - [2024-10-08T09:20:00.527+0000] {dagbag.py:588} INFO - Filling up the DagBag from /root/miniconda3/envs/project/lib/python3.8/site-packages/airflow/example_dags/example_inlet_event_extra.py
[2024-10-08T09:20:00.547+0000] {processor.py:925} INFO - DAG(s) 'read_dataset_event', 'read_dataset_event_from_classic' retrieved from /root/miniconda3/envs/project/lib/python3.8/site-packages/airflow/example_dags/example_inlet_event_extra.py
[2024-10-08T09:20:00.573+0000] {logging_mixin.py:190} INFO - [2024-10-08T09:20:00.573+0000] {dag.py:3239} INFO - Sync 2 DAGs
[2024-10-08T09:20:00.605+0000] {logging_mixin.py:190} INFO - [2024-10-08T09:20:00.605+0000] {dag.py:4180} INFO - Setting next_dagrun for read_dataset_event to 2024-10-07 00:00:00+00:00, run_after=2024-10-08 00:00:00+00:00
[2024-10-08T09:20:00.612+0000] {logging_mixin.py:190} INFO - [2024-10-08T09:20:00.611+0000] {dag.py:4180} INFO - Setting next_dagrun for read_dataset_event_from_classic to 2024-10-07 00:00:00+00:00, run_after=2024-10-08 00:00:00+00:00
[2024-10-08T09:20:00.647+0000] {processor.py:208} INFO - Processing /root/miniconda3/envs/project/lib/python3.8/site-packages/airflow/example_dags/example_inlet_event_extra.py took 0.137 seconds
[2024-10-08T09:21:12.030+0000] {processor.py:186} INFO - Started process (PID=224078) to work on /root/miniconda3/envs/project/lib/python3.8/site-packages/airflow/example_dags/example_inlet_event_extra.py
[2024-10-08T09:21:12.034+0000] {processor.py:914} INFO - Processing file /root/miniconda3/envs/project/lib/python3.8/site-packages/airflow/example_dags/example_inlet_event_extra.py for tasks to queue
[2024-10-08T09:21:12.039+0000] {logging_mixin.py:190} INFO - [2024-10-08T09:21:12.038+0000] {dagbag.py:588} INFO - Filling up the DagBag from /root/miniconda3/envs/project/lib/python3.8/site-packages/airflow/example_dags/example_inlet_event_extra.py
[2024-10-08T09:21:12.063+0000] {processor.py:925} INFO - DAG(s) 'read_dataset_event', 'read_dataset_event_from_classic' retrieved from /root/miniconda3/envs/project/lib/python3.8/site-packages/airflow/example_dags/example_inlet_event_extra.py
[2024-10-08T09:21:12.089+0000] {logging_mixin.py:190} INFO - [2024-10-08T09:21:12.089+0000] {dag.py:3239} INFO - Sync 2 DAGs
[2024-10-08T09:21:12.121+0000] {logging_mixin.py:190} INFO - [2024-10-08T09:21:12.121+0000] {dag.py:4180} INFO - Setting next_dagrun for read_dataset_event to 2024-10-07 00:00:00+00:00, run_after=2024-10-08 00:00:00+00:00
[2024-10-08T09:21:12.127+0000] {logging_mixin.py:190} INFO - [2024-10-08T09:21:12.127+0000] {dag.py:4180} INFO - Setting next_dagrun for read_dataset_event_from_classic to 2024-10-07 00:00:00+00:00, run_after=2024-10-08 00:00:00+00:00
[2024-10-08T09:21:12.160+0000] {processor.py:208} INFO - Processing /root/miniconda3/envs/project/lib/python3.8/site-packages/airflow/example_dags/example_inlet_event_extra.py took 0.144 seconds
[2024-10-08T09:22:22.012+0000] {processor.py:186} INFO - Started process (PID=224305) to work on /root/miniconda3/envs/project/lib/python3.8/site-packages/airflow/example_dags/example_inlet_event_extra.py
[2024-10-08T09:22:22.015+0000] {processor.py:914} INFO - Processing file /root/miniconda3/envs/project/lib/python3.8/site-packages/airflow/example_dags/example_inlet_event_extra.py for tasks to queue
[2024-10-08T09:22:22.018+0000] {logging_mixin.py:190} INFO - [2024-10-08T09:22:22.018+0000] {dagbag.py:588} INFO - Filling up the DagBag from /root/miniconda3/envs/project/lib/python3.8/site-packages/airflow/example_dags/example_inlet_event_extra.py
[2024-10-08T09:22:22.038+0000] {processor.py:925} INFO - DAG(s) 'read_dataset_event', 'read_dataset_event_from_classic' retrieved from /root/miniconda3/envs/project/lib/python3.8/site-packages/airflow/example_dags/example_inlet_event_extra.py
[2024-10-08T09:22:22.063+0000] {logging_mixin.py:190} INFO - [2024-10-08T09:22:22.063+0000] {dag.py:3239} INFO - Sync 2 DAGs
[2024-10-08T09:22:22.093+0000] {logging_mixin.py:190} INFO - [2024-10-08T09:22:22.093+0000] {dag.py:4180} INFO - Setting next_dagrun for read_dataset_event to 2024-10-07 00:00:00+00:00, run_after=2024-10-08 00:00:00+00:00
[2024-10-08T09:22:22.099+0000] {logging_mixin.py:190} INFO - [2024-10-08T09:22:22.098+0000] {dag.py:4180} INFO - Setting next_dagrun for read_dataset_event_from_classic to 2024-10-07 00:00:00+00:00, run_after=2024-10-08 00:00:00+00:00
[2024-10-08T09:22:22.127+0000] {processor.py:208} INFO - Processing /root/miniconda3/envs/project/lib/python3.8/site-packages/airflow/example_dags/example_inlet_event_extra.py took 0.127 seconds
[2024-10-08T09:23:31.428+0000] {processor.py:186} INFO - Started process (PID=224503) to work on /root/miniconda3/envs/project/lib/python3.8/site-packages/airflow/example_dags/example_inlet_event_extra.py
[2024-10-08T09:23:31.431+0000] {processor.py:914} INFO - Processing file /root/miniconda3/envs/project/lib/python3.8/site-packages/airflow/example_dags/example_inlet_event_extra.py for tasks to queue
[2024-10-08T09:23:31.434+0000] {logging_mixin.py:190} INFO - [2024-10-08T09:23:31.434+0000] {dagbag.py:588} INFO - Filling up the DagBag from /root/miniconda3/envs/project/lib/python3.8/site-packages/airflow/example_dags/example_inlet_event_extra.py
[2024-10-08T09:23:31.455+0000] {processor.py:925} INFO - DAG(s) 'read_dataset_event', 'read_dataset_event_from_classic' retrieved from /root/miniconda3/envs/project/lib/python3.8/site-packages/airflow/example_dags/example_inlet_event_extra.py
[2024-10-08T09:23:31.481+0000] {logging_mixin.py:190} INFO - [2024-10-08T09:23:31.481+0000] {dag.py:3239} INFO - Sync 2 DAGs
[2024-10-08T09:23:31.513+0000] {logging_mixin.py:190} INFO - [2024-10-08T09:23:31.512+0000] {dag.py:4180} INFO - Setting next_dagrun for read_dataset_event to 2024-10-07 00:00:00+00:00, run_after=2024-10-08 00:00:00+00:00
[2024-10-08T09:23:31.519+0000] {logging_mixin.py:190} INFO - [2024-10-08T09:23:31.518+0000] {dag.py:4180} INFO - Setting next_dagrun for read_dataset_event_from_classic to 2024-10-07 00:00:00+00:00, run_after=2024-10-08 00:00:00+00:00
[2024-10-08T09:23:31.550+0000] {processor.py:208} INFO - Processing /root/miniconda3/envs/project/lib/python3.8/site-packages/airflow/example_dags/example_inlet_event_extra.py took 0.133 seconds
[2024-10-08T09:24:41.952+0000] {processor.py:186} INFO - Started process (PID=224956) to work on /root/miniconda3/envs/project/lib/python3.8/site-packages/airflow/example_dags/example_inlet_event_extra.py
[2024-10-08T09:24:41.955+0000] {processor.py:914} INFO - Processing file /root/miniconda3/envs/project/lib/python3.8/site-packages/airflow/example_dags/example_inlet_event_extra.py for tasks to queue
[2024-10-08T09:24:41.958+0000] {logging_mixin.py:190} INFO - [2024-10-08T09:24:41.957+0000] {dagbag.py:588} INFO - Filling up the DagBag from /root/miniconda3/envs/project/lib/python3.8/site-packages/airflow/example_dags/example_inlet_event_extra.py
[2024-10-08T09:24:41.976+0000] {processor.py:925} INFO - DAG(s) 'read_dataset_event_from_classic', 'read_dataset_event' retrieved from /root/miniconda3/envs/project/lib/python3.8/site-packages/airflow/example_dags/example_inlet_event_extra.py
[2024-10-08T09:24:42.001+0000] {logging_mixin.py:190} INFO - [2024-10-08T09:24:42.001+0000] {dag.py:3239} INFO - Sync 2 DAGs
[2024-10-08T09:24:42.031+0000] {logging_mixin.py:190} INFO - [2024-10-08T09:24:42.031+0000] {dag.py:4180} INFO - Setting next_dagrun for read_dataset_event to 2024-10-07 00:00:00+00:00, run_after=2024-10-08 00:00:00+00:00
[2024-10-08T09:24:42.037+0000] {logging_mixin.py:190} INFO - [2024-10-08T09:24:42.037+0000] {dag.py:4180} INFO - Setting next_dagrun for read_dataset_event_from_classic to 2024-10-07 00:00:00+00:00, run_after=2024-10-08 00:00:00+00:00
[2024-10-08T09:24:42.066+0000] {processor.py:208} INFO - Processing /root/miniconda3/envs/project/lib/python3.8/site-packages/airflow/example_dags/example_inlet_event_extra.py took 0.126 seconds
[2024-10-08T09:25:51.023+0000] {processor.py:186} INFO - Started process (PID=225575) to work on /root/miniconda3/envs/project/lib/python3.8/site-packages/airflow/example_dags/example_inlet_event_extra.py
[2024-10-08T09:25:51.026+0000] {processor.py:914} INFO - Processing file /root/miniconda3/envs/project/lib/python3.8/site-packages/airflow/example_dags/example_inlet_event_extra.py for tasks to queue
[2024-10-08T09:25:51.029+0000] {logging_mixin.py:190} INFO - [2024-10-08T09:25:51.029+0000] {dagbag.py:588} INFO - Filling up the DagBag from /root/miniconda3/envs/project/lib/python3.8/site-packages/airflow/example_dags/example_inlet_event_extra.py
[2024-10-08T09:25:51.049+0000] {processor.py:925} INFO - DAG(s) 'read_dataset_event_from_classic', 'read_dataset_event' retrieved from /root/miniconda3/envs/project/lib/python3.8/site-packages/airflow/example_dags/example_inlet_event_extra.py
[2024-10-08T09:25:51.074+0000] {logging_mixin.py:190} INFO - [2024-10-08T09:25:51.074+0000] {dag.py:3239} INFO - Sync 2 DAGs
[2024-10-08T09:25:51.107+0000] {logging_mixin.py:190} INFO - [2024-10-08T09:25:51.106+0000] {dag.py:4180} INFO - Setting next_dagrun for read_dataset_event to 2024-10-07 00:00:00+00:00, run_after=2024-10-08 00:00:00+00:00
[2024-10-08T09:25:51.113+0000] {logging_mixin.py:190} INFO - [2024-10-08T09:25:51.113+0000] {dag.py:4180} INFO - Setting next_dagrun for read_dataset_event_from_classic to 2024-10-07 00:00:00+00:00, run_after=2024-10-08 00:00:00+00:00
[2024-10-08T09:25:51.144+0000] {processor.py:208} INFO - Processing /root/miniconda3/envs/project/lib/python3.8/site-packages/airflow/example_dags/example_inlet_event_extra.py took 0.130 seconds
[2024-10-08T09:27:03.535+0000] {processor.py:186} INFO - Started process (PID=225993) to work on /root/miniconda3/envs/project/lib/python3.8/site-packages/airflow/example_dags/example_inlet_event_extra.py
[2024-10-08T09:27:03.538+0000] {processor.py:914} INFO - Processing file /root/miniconda3/envs/project/lib/python3.8/site-packages/airflow/example_dags/example_inlet_event_extra.py for tasks to queue
[2024-10-08T09:27:03.542+0000] {logging_mixin.py:190} INFO - [2024-10-08T09:27:03.541+0000] {dagbag.py:588} INFO - Filling up the DagBag from /root/miniconda3/envs/project/lib/python3.8/site-packages/airflow/example_dags/example_inlet_event_extra.py
[2024-10-08T09:27:03.561+0000] {processor.py:925} INFO - DAG(s) 'read_dataset_event_from_classic', 'read_dataset_event' retrieved from /root/miniconda3/envs/project/lib/python3.8/site-packages/airflow/example_dags/example_inlet_event_extra.py
[2024-10-08T09:27:03.587+0000] {logging_mixin.py:190} INFO - [2024-10-08T09:27:03.587+0000] {dag.py:3239} INFO - Sync 2 DAGs
[2024-10-08T09:27:03.618+0000] {logging_mixin.py:190} INFO - [2024-10-08T09:27:03.618+0000] {dag.py:4180} INFO - Setting next_dagrun for read_dataset_event to 2024-10-07 00:00:00+00:00, run_after=2024-10-08 00:00:00+00:00
[2024-10-08T09:27:03.624+0000] {logging_mixin.py:190} INFO - [2024-10-08T09:27:03.624+0000] {dag.py:4180} INFO - Setting next_dagrun for read_dataset_event_from_classic to 2024-10-07 00:00:00+00:00, run_after=2024-10-08 00:00:00+00:00
[2024-10-08T09:27:03.654+0000] {processor.py:208} INFO - Processing /root/miniconda3/envs/project/lib/python3.8/site-packages/airflow/example_dags/example_inlet_event_extra.py took 0.130 seconds
[2024-10-08T09:28:14.985+0000] {processor.py:186} INFO - Started process (PID=226483) to work on /root/miniconda3/envs/project/lib/python3.8/site-packages/airflow/example_dags/example_inlet_event_extra.py
[2024-10-08T09:28:14.988+0000] {processor.py:914} INFO - Processing file /root/miniconda3/envs/project/lib/python3.8/site-packages/airflow/example_dags/example_inlet_event_extra.py for tasks to queue
[2024-10-08T09:28:14.994+0000] {logging_mixin.py:190} INFO - [2024-10-08T09:28:14.993+0000] {dagbag.py:588} INFO - Filling up the DagBag from /root/miniconda3/envs/project/lib/python3.8/site-packages/airflow/example_dags/example_inlet_event_extra.py
[2024-10-08T09:28:15.016+0000] {processor.py:925} INFO - DAG(s) 'read_dataset_event', 'read_dataset_event_from_classic' retrieved from /root/miniconda3/envs/project/lib/python3.8/site-packages/airflow/example_dags/example_inlet_event_extra.py
[2024-10-08T09:28:15.042+0000] {logging_mixin.py:190} INFO - [2024-10-08T09:28:15.042+0000] {dag.py:3239} INFO - Sync 2 DAGs
[2024-10-08T09:28:15.074+0000] {logging_mixin.py:190} INFO - [2024-10-08T09:28:15.074+0000] {dag.py:4180} INFO - Setting next_dagrun for read_dataset_event to 2024-10-07 00:00:00+00:00, run_after=2024-10-08 00:00:00+00:00
[2024-10-08T09:28:15.080+0000] {logging_mixin.py:190} INFO - [2024-10-08T09:28:15.080+0000] {dag.py:4180} INFO - Setting next_dagrun for read_dataset_event_from_classic to 2024-10-07 00:00:00+00:00, run_after=2024-10-08 00:00:00+00:00
[2024-10-08T09:28:15.108+0000] {processor.py:208} INFO - Processing /root/miniconda3/envs/project/lib/python3.8/site-packages/airflow/example_dags/example_inlet_event_extra.py took 0.133 seconds
[2024-10-08T09:29:31.385+0000] {processor.py:186} INFO - Started process (PID=227042) to work on /root/miniconda3/envs/project/lib/python3.8/site-packages/airflow/example_dags/example_inlet_event_extra.py
[2024-10-08T09:29:31.388+0000] {processor.py:914} INFO - Processing file /root/miniconda3/envs/project/lib/python3.8/site-packages/airflow/example_dags/example_inlet_event_extra.py for tasks to queue
[2024-10-08T09:29:31.391+0000] {logging_mixin.py:190} INFO - [2024-10-08T09:29:31.391+0000] {dagbag.py:588} INFO - Filling up the DagBag from /root/miniconda3/envs/project/lib/python3.8/site-packages/airflow/example_dags/example_inlet_event_extra.py
[2024-10-08T09:29:31.411+0000] {processor.py:925} INFO - DAG(s) 'read_dataset_event_from_classic', 'read_dataset_event' retrieved from /root/miniconda3/envs/project/lib/python3.8/site-packages/airflow/example_dags/example_inlet_event_extra.py
[2024-10-08T09:29:31.570+0000] {logging_mixin.py:190} INFO - [2024-10-08T09:29:31.570+0000] {dag.py:3239} INFO - Sync 2 DAGs
[2024-10-08T09:29:31.598+0000] {logging_mixin.py:190} INFO - [2024-10-08T09:29:31.598+0000] {dag.py:4180} INFO - Setting next_dagrun for read_dataset_event to 2024-10-07 00:00:00+00:00, run_after=2024-10-08 00:00:00+00:00
[2024-10-08T09:29:31.603+0000] {logging_mixin.py:190} INFO - [2024-10-08T09:29:31.602+0000] {dag.py:4180} INFO - Setting next_dagrun for read_dataset_event_from_classic to 2024-10-07 00:00:00+00:00, run_after=2024-10-08 00:00:00+00:00
[2024-10-08T09:29:31.635+0000] {processor.py:208} INFO - Processing /root/miniconda3/envs/project/lib/python3.8/site-packages/airflow/example_dags/example_inlet_event_extra.py took 0.262 seconds
[2024-10-08T09:30:55.653+0000] {processor.py:186} INFO - Started process (PID=227999) to work on /root/miniconda3/envs/project/lib/python3.8/site-packages/airflow/example_dags/example_inlet_event_extra.py
[2024-10-08T09:30:55.656+0000] {processor.py:914} INFO - Processing file /root/miniconda3/envs/project/lib/python3.8/site-packages/airflow/example_dags/example_inlet_event_extra.py for tasks to queue
[2024-10-08T09:30:55.659+0000] {logging_mixin.py:190} INFO - [2024-10-08T09:30:55.658+0000] {dagbag.py:588} INFO - Filling up the DagBag from /root/miniconda3/envs/project/lib/python3.8/site-packages/airflow/example_dags/example_inlet_event_extra.py
[2024-10-08T09:30:55.678+0000] {processor.py:925} INFO - DAG(s) 'read_dataset_event', 'read_dataset_event_from_classic' retrieved from /root/miniconda3/envs/project/lib/python3.8/site-packages/airflow/example_dags/example_inlet_event_extra.py
[2024-10-08T09:30:55.831+0000] {logging_mixin.py:190} INFO - [2024-10-08T09:30:55.831+0000] {dag.py:3239} INFO - Sync 2 DAGs
[2024-10-08T09:30:55.859+0000] {logging_mixin.py:190} INFO - [2024-10-08T09:30:55.859+0000] {dag.py:4180} INFO - Setting next_dagrun for read_dataset_event to 2024-10-07 00:00:00+00:00, run_after=2024-10-08 00:00:00+00:00
[2024-10-08T09:30:55.865+0000] {logging_mixin.py:190} INFO - [2024-10-08T09:30:55.864+0000] {dag.py:4180} INFO - Setting next_dagrun for read_dataset_event_from_classic to 2024-10-07 00:00:00+00:00, run_after=2024-10-08 00:00:00+00:00
[2024-10-08T09:30:55.902+0000] {processor.py:208} INFO - Processing /root/miniconda3/envs/project/lib/python3.8/site-packages/airflow/example_dags/example_inlet_event_extra.py took 0.260 seconds
[2024-10-08T09:32:24.083+0000] {processor.py:186} INFO - Started process (PID=229050) to work on /root/miniconda3/envs/project/lib/python3.8/site-packages/airflow/example_dags/example_inlet_event_extra.py
[2024-10-08T09:32:24.085+0000] {processor.py:914} INFO - Processing file /root/miniconda3/envs/project/lib/python3.8/site-packages/airflow/example_dags/example_inlet_event_extra.py for tasks to queue
[2024-10-08T09:32:24.089+0000] {logging_mixin.py:190} INFO - [2024-10-08T09:32:24.088+0000] {dagbag.py:588} INFO - Filling up the DagBag from /root/miniconda3/envs/project/lib/python3.8/site-packages/airflow/example_dags/example_inlet_event_extra.py
[2024-10-08T09:32:24.109+0000] {processor.py:925} INFO - DAG(s) 'read_dataset_event', 'read_dataset_event_from_classic' retrieved from /root/miniconda3/envs/project/lib/python3.8/site-packages/airflow/example_dags/example_inlet_event_extra.py
[2024-10-08T09:32:24.134+0000] {logging_mixin.py:190} INFO - [2024-10-08T09:32:24.134+0000] {dag.py:3239} INFO - Sync 2 DAGs
[2024-10-08T09:32:24.164+0000] {logging_mixin.py:190} INFO - [2024-10-08T09:32:24.164+0000] {dag.py:4180} INFO - Setting next_dagrun for read_dataset_event to 2024-10-07 00:00:00+00:00, run_after=2024-10-08 00:00:00+00:00
[2024-10-08T09:32:24.170+0000] {logging_mixin.py:190} INFO - [2024-10-08T09:32:24.170+0000] {dag.py:4180} INFO - Setting next_dagrun for read_dataset_event_from_classic to 2024-10-07 00:00:00+00:00, run_after=2024-10-08 00:00:00+00:00
[2024-10-08T09:32:24.200+0000] {processor.py:208} INFO - Processing /root/miniconda3/envs/project/lib/python3.8/site-packages/airflow/example_dags/example_inlet_event_extra.py took 0.130 seconds
[2024-10-08T09:33:36.582+0000] {processor.py:186} INFO - Started process (PID=229478) to work on /root/miniconda3/envs/project/lib/python3.8/site-packages/airflow/example_dags/example_inlet_event_extra.py
[2024-10-08T09:33:36.585+0000] {processor.py:914} INFO - Processing file /root/miniconda3/envs/project/lib/python3.8/site-packages/airflow/example_dags/example_inlet_event_extra.py for tasks to queue
[2024-10-08T09:33:36.588+0000] {logging_mixin.py:190} INFO - [2024-10-08T09:33:36.587+0000] {dagbag.py:588} INFO - Filling up the DagBag from /root/miniconda3/envs/project/lib/python3.8/site-packages/airflow/example_dags/example_inlet_event_extra.py
[2024-10-08T09:33:36.607+0000] {processor.py:925} INFO - DAG(s) 'read_dataset_event_from_classic', 'read_dataset_event' retrieved from /root/miniconda3/envs/project/lib/python3.8/site-packages/airflow/example_dags/example_inlet_event_extra.py
[2024-10-08T09:33:36.632+0000] {logging_mixin.py:190} INFO - [2024-10-08T09:33:36.632+0000] {dag.py:3239} INFO - Sync 2 DAGs
[2024-10-08T09:33:36.664+0000] {logging_mixin.py:190} INFO - [2024-10-08T09:33:36.664+0000] {dag.py:4180} INFO - Setting next_dagrun for read_dataset_event to 2024-10-07 00:00:00+00:00, run_after=2024-10-08 00:00:00+00:00
[2024-10-08T09:33:36.670+0000] {logging_mixin.py:190} INFO - [2024-10-08T09:33:36.670+0000] {dag.py:4180} INFO - Setting next_dagrun for read_dataset_event_from_classic to 2024-10-07 00:00:00+00:00, run_after=2024-10-08 00:00:00+00:00
[2024-10-08T09:33:36.700+0000] {processor.py:208} INFO - Processing /root/miniconda3/envs/project/lib/python3.8/site-packages/airflow/example_dags/example_inlet_event_extra.py took 0.130 seconds
