[2024-10-08T07:57:41.378+0000] {processor.py:186} INFO - Started process (PID=207135) to work on /root/miniconda3/envs/project/lib/python3.8/site-packages/airflow/example_dags/example_short_circuit_decorator.py
[2024-10-08T07:57:41.380+0000] {processor.py:914} INFO - Processing file /root/miniconda3/envs/project/lib/python3.8/site-packages/airflow/example_dags/example_short_circuit_decorator.py for tasks to queue
[2024-10-08T07:57:41.383+0000] {logging_mixin.py:190} INFO - [2024-10-08T07:57:41.382+0000] {dagbag.py:588} INFO - Filling up the DagBag from /root/miniconda3/envs/project/lib/python3.8/site-packages/airflow/example_dags/example_short_circuit_decorator.py
[2024-10-08T07:57:41.398+0000] {processor.py:925} INFO - DAG(s) 'example_short_circuit_decorator' retrieved from /root/miniconda3/envs/project/lib/python3.8/site-packages/airflow/example_dags/example_short_circuit_decorator.py
[2024-10-08T07:57:41.552+0000] {logging_mixin.py:190} INFO - [2024-10-08T07:57:41.551+0000] {override.py:1901} INFO - Created Permission View: can delete on DAG:example_short_circuit_decorator
[2024-10-08T07:57:41.576+0000] {logging_mixin.py:190} INFO - [2024-10-08T07:57:41.576+0000] {override.py:1901} INFO - Created Permission View: can read on DAG:example_short_circuit_decorator
[2024-10-08T07:57:41.596+0000] {logging_mixin.py:190} INFO - [2024-10-08T07:57:41.595+0000] {override.py:1901} INFO - Created Permission View: can edit on DAG:example_short_circuit_decorator
[2024-10-08T07:57:41.624+0000] {logging_mixin.py:190} INFO - [2024-10-08T07:57:41.623+0000] {override.py:1901} INFO - Created Permission View: can delete on DAG Run:example_short_circuit_decorator
[2024-10-08T07:57:41.641+0000] {logging_mixin.py:190} INFO - [2024-10-08T07:57:41.641+0000] {override.py:1901} INFO - Created Permission View: menu access on DAG Run:example_short_circuit_decorator
[2024-10-08T07:57:41.657+0000] {logging_mixin.py:190} INFO - [2024-10-08T07:57:41.657+0000] {override.py:1901} INFO - Created Permission View: can create on DAG Run:example_short_circuit_decorator
[2024-10-08T07:57:41.674+0000] {logging_mixin.py:190} INFO - [2024-10-08T07:57:41.674+0000] {override.py:1901} INFO - Created Permission View: can read on DAG Run:example_short_circuit_decorator
[2024-10-08T07:57:41.675+0000] {logging_mixin.py:190} INFO - [2024-10-08T07:57:41.675+0000] {dag.py:3239} INFO - Sync 1 DAGs
[2024-10-08T07:57:41.695+0000] {logging_mixin.py:190} INFO - [2024-10-08T07:57:41.694+0000] {dag.py:3262} INFO - Creating ORM DAG for example_short_circuit_decorator
[2024-10-08T07:57:41.695+0000] {logging_mixin.py:190} INFO - [2024-10-08T07:57:41.695+0000] {dag.py:4180} INFO - Setting next_dagrun for example_short_circuit_decorator to None, run_after=None
[2024-10-08T07:57:41.724+0000] {processor.py:208} INFO - Processing /root/miniconda3/envs/project/lib/python3.8/site-packages/airflow/example_dags/example_short_circuit_decorator.py took 0.357 seconds
[2024-10-08T07:59:03.147+0000] {processor.py:186} INFO - Started process (PID=207458) to work on /root/miniconda3/envs/project/lib/python3.8/site-packages/airflow/example_dags/example_short_circuit_decorator.py
[2024-10-08T07:59:03.150+0000] {processor.py:914} INFO - Processing file /root/miniconda3/envs/project/lib/python3.8/site-packages/airflow/example_dags/example_short_circuit_decorator.py for tasks to queue
[2024-10-08T07:59:03.154+0000] {logging_mixin.py:190} INFO - [2024-10-08T07:59:03.153+0000] {dagbag.py:588} INFO - Filling up the DagBag from /root/miniconda3/envs/project/lib/python3.8/site-packages/airflow/example_dags/example_short_circuit_decorator.py
[2024-10-08T07:59:03.170+0000] {processor.py:925} INFO - DAG(s) 'example_short_circuit_decorator' retrieved from /root/miniconda3/envs/project/lib/python3.8/site-packages/airflow/example_dags/example_short_circuit_decorator.py
[2024-10-08T07:59:03.199+0000] {logging_mixin.py:190} INFO - [2024-10-08T07:59:03.199+0000] {dag.py:3239} INFO - Sync 1 DAGs
[2024-10-08T07:59:03.218+0000] {logging_mixin.py:190} INFO - [2024-10-08T07:59:03.217+0000] {dag.py:4180} INFO - Setting next_dagrun for example_short_circuit_decorator to None, run_after=None
[2024-10-08T07:59:03.248+0000] {processor.py:208} INFO - Processing /root/miniconda3/envs/project/lib/python3.8/site-packages/airflow/example_dags/example_short_circuit_decorator.py took 0.113 seconds
[2024-10-08T08:00:14.160+0000] {processor.py:186} INFO - Started process (PID=207668) to work on /root/miniconda3/envs/project/lib/python3.8/site-packages/airflow/example_dags/example_short_circuit_decorator.py
[2024-10-08T08:00:14.163+0000] {processor.py:914} INFO - Processing file /root/miniconda3/envs/project/lib/python3.8/site-packages/airflow/example_dags/example_short_circuit_decorator.py for tasks to queue
[2024-10-08T08:00:14.167+0000] {logging_mixin.py:190} INFO - [2024-10-08T08:00:14.166+0000] {dagbag.py:588} INFO - Filling up the DagBag from /root/miniconda3/envs/project/lib/python3.8/site-packages/airflow/example_dags/example_short_circuit_decorator.py
[2024-10-08T08:00:14.182+0000] {processor.py:925} INFO - DAG(s) 'example_short_circuit_decorator' retrieved from /root/miniconda3/envs/project/lib/python3.8/site-packages/airflow/example_dags/example_short_circuit_decorator.py
[2024-10-08T08:00:14.211+0000] {logging_mixin.py:190} INFO - [2024-10-08T08:00:14.211+0000] {dag.py:3239} INFO - Sync 1 DAGs
[2024-10-08T08:00:14.231+0000] {logging_mixin.py:190} INFO - [2024-10-08T08:00:14.231+0000] {dag.py:4180} INFO - Setting next_dagrun for example_short_circuit_decorator to None, run_after=None
[2024-10-08T08:00:14.265+0000] {processor.py:208} INFO - Processing /root/miniconda3/envs/project/lib/python3.8/site-packages/airflow/example_dags/example_short_circuit_decorator.py took 0.117 seconds
[2024-10-08T08:01:29.919+0000] {processor.py:186} INFO - Started process (PID=208020) to work on /root/miniconda3/envs/project/lib/python3.8/site-packages/airflow/example_dags/example_short_circuit_decorator.py
[2024-10-08T08:01:29.921+0000] {processor.py:914} INFO - Processing file /root/miniconda3/envs/project/lib/python3.8/site-packages/airflow/example_dags/example_short_circuit_decorator.py for tasks to queue
[2024-10-08T08:01:29.925+0000] {logging_mixin.py:190} INFO - [2024-10-08T08:01:29.925+0000] {dagbag.py:588} INFO - Filling up the DagBag from /root/miniconda3/envs/project/lib/python3.8/site-packages/airflow/example_dags/example_short_circuit_decorator.py
[2024-10-08T08:01:29.940+0000] {processor.py:925} INFO - DAG(s) 'example_short_circuit_decorator' retrieved from /root/miniconda3/envs/project/lib/python3.8/site-packages/airflow/example_dags/example_short_circuit_decorator.py
[2024-10-08T08:01:29.969+0000] {logging_mixin.py:190} INFO - [2024-10-08T08:01:29.968+0000] {dag.py:3239} INFO - Sync 1 DAGs
[2024-10-08T08:01:29.987+0000] {logging_mixin.py:190} INFO - [2024-10-08T08:01:29.987+0000] {dag.py:4180} INFO - Setting next_dagrun for example_short_circuit_decorator to None, run_after=None
[2024-10-08T08:01:30.024+0000] {processor.py:208} INFO - Processing /root/miniconda3/envs/project/lib/python3.8/site-packages/airflow/example_dags/example_short_circuit_decorator.py took 0.117 seconds
[2024-10-08T08:02:40.177+0000] {processor.py:186} INFO - Started process (PID=208272) to work on /root/miniconda3/envs/project/lib/python3.8/site-packages/airflow/example_dags/example_short_circuit_decorator.py
[2024-10-08T08:02:40.180+0000] {processor.py:914} INFO - Processing file /root/miniconda3/envs/project/lib/python3.8/site-packages/airflow/example_dags/example_short_circuit_decorator.py for tasks to queue
[2024-10-08T08:02:40.184+0000] {logging_mixin.py:190} INFO - [2024-10-08T08:02:40.184+0000] {dagbag.py:588} INFO - Filling up the DagBag from /root/miniconda3/envs/project/lib/python3.8/site-packages/airflow/example_dags/example_short_circuit_decorator.py
[2024-10-08T08:02:40.200+0000] {processor.py:925} INFO - DAG(s) 'example_short_circuit_decorator' retrieved from /root/miniconda3/envs/project/lib/python3.8/site-packages/airflow/example_dags/example_short_circuit_decorator.py
[2024-10-08T08:02:40.228+0000] {logging_mixin.py:190} INFO - [2024-10-08T08:02:40.228+0000] {dag.py:3239} INFO - Sync 1 DAGs
[2024-10-08T08:02:40.246+0000] {logging_mixin.py:190} INFO - [2024-10-08T08:02:40.246+0000] {dag.py:4180} INFO - Setting next_dagrun for example_short_circuit_decorator to None, run_after=None
[2024-10-08T08:02:40.282+0000] {processor.py:208} INFO - Processing /root/miniconda3/envs/project/lib/python3.8/site-packages/airflow/example_dags/example_short_circuit_decorator.py took 0.116 seconds
[2024-10-08T08:03:49.654+0000] {processor.py:186} INFO - Started process (PID=208476) to work on /root/miniconda3/envs/project/lib/python3.8/site-packages/airflow/example_dags/example_short_circuit_decorator.py
[2024-10-08T08:03:49.657+0000] {processor.py:914} INFO - Processing file /root/miniconda3/envs/project/lib/python3.8/site-packages/airflow/example_dags/example_short_circuit_decorator.py for tasks to queue
[2024-10-08T08:03:49.662+0000] {logging_mixin.py:190} INFO - [2024-10-08T08:03:49.661+0000] {dagbag.py:588} INFO - Filling up the DagBag from /root/miniconda3/envs/project/lib/python3.8/site-packages/airflow/example_dags/example_short_circuit_decorator.py
[2024-10-08T08:03:49.684+0000] {processor.py:925} INFO - DAG(s) 'example_short_circuit_decorator' retrieved from /root/miniconda3/envs/project/lib/python3.8/site-packages/airflow/example_dags/example_short_circuit_decorator.py
[2024-10-08T08:03:49.723+0000] {logging_mixin.py:190} INFO - [2024-10-08T08:03:49.723+0000] {dag.py:3239} INFO - Sync 1 DAGs
[2024-10-08T08:03:49.742+0000] {logging_mixin.py:190} INFO - [2024-10-08T08:03:49.741+0000] {dag.py:4180} INFO - Setting next_dagrun for example_short_circuit_decorator to None, run_after=None
[2024-10-08T08:03:49.773+0000] {processor.py:208} INFO - Processing /root/miniconda3/envs/project/lib/python3.8/site-packages/airflow/example_dags/example_short_circuit_decorator.py took 0.130 seconds
[2024-10-08T08:04:57.204+0000] {processor.py:186} INFO - Started process (PID=208725) to work on /root/miniconda3/envs/project/lib/python3.8/site-packages/airflow/example_dags/example_short_circuit_decorator.py
[2024-10-08T08:04:57.207+0000] {processor.py:914} INFO - Processing file /root/miniconda3/envs/project/lib/python3.8/site-packages/airflow/example_dags/example_short_circuit_decorator.py for tasks to queue
[2024-10-08T08:04:57.211+0000] {logging_mixin.py:190} INFO - [2024-10-08T08:04:57.211+0000] {dagbag.py:588} INFO - Filling up the DagBag from /root/miniconda3/envs/project/lib/python3.8/site-packages/airflow/example_dags/example_short_circuit_decorator.py
[2024-10-08T08:04:57.226+0000] {processor.py:925} INFO - DAG(s) 'example_short_circuit_decorator' retrieved from /root/miniconda3/envs/project/lib/python3.8/site-packages/airflow/example_dags/example_short_circuit_decorator.py
[2024-10-08T08:04:57.254+0000] {logging_mixin.py:190} INFO - [2024-10-08T08:04:57.254+0000] {dag.py:3239} INFO - Sync 1 DAGs
[2024-10-08T08:04:57.272+0000] {logging_mixin.py:190} INFO - [2024-10-08T08:04:57.272+0000] {dag.py:4180} INFO - Setting next_dagrun for example_short_circuit_decorator to None, run_after=None
[2024-10-08T08:04:57.307+0000] {processor.py:208} INFO - Processing /root/miniconda3/envs/project/lib/python3.8/site-packages/airflow/example_dags/example_short_circuit_decorator.py took 0.113 seconds
[2024-10-08T08:05:58.485+0000] {processor.py:186} INFO - Started process (PID=208907) to work on /root/miniconda3/envs/project/lib/python3.8/site-packages/airflow/example_dags/example_short_circuit_decorator.py
[2024-10-08T08:05:58.488+0000] {processor.py:914} INFO - Processing file /root/miniconda3/envs/project/lib/python3.8/site-packages/airflow/example_dags/example_short_circuit_decorator.py for tasks to queue
[2024-10-08T08:05:58.492+0000] {logging_mixin.py:190} INFO - [2024-10-08T08:05:58.492+0000] {dagbag.py:588} INFO - Filling up the DagBag from /root/miniconda3/envs/project/lib/python3.8/site-packages/airflow/example_dags/example_short_circuit_decorator.py
[2024-10-08T08:05:58.507+0000] {processor.py:925} INFO - DAG(s) 'example_short_circuit_decorator' retrieved from /root/miniconda3/envs/project/lib/python3.8/site-packages/airflow/example_dags/example_short_circuit_decorator.py
[2024-10-08T08:05:58.534+0000] {logging_mixin.py:190} INFO - [2024-10-08T08:05:58.534+0000] {dag.py:3239} INFO - Sync 1 DAGs
[2024-10-08T08:05:58.552+0000] {logging_mixin.py:190} INFO - [2024-10-08T08:05:58.552+0000] {dag.py:4180} INFO - Setting next_dagrun for example_short_circuit_decorator to None, run_after=None
[2024-10-08T08:05:58.586+0000] {processor.py:208} INFO - Processing /root/miniconda3/envs/project/lib/python3.8/site-packages/airflow/example_dags/example_short_circuit_decorator.py took 0.110 seconds
[2024-10-08T08:07:02.830+0000] {processor.py:186} INFO - Started process (PID=209137) to work on /root/miniconda3/envs/project/lib/python3.8/site-packages/airflow/example_dags/example_short_circuit_decorator.py
[2024-10-08T08:07:02.833+0000] {processor.py:914} INFO - Processing file /root/miniconda3/envs/project/lib/python3.8/site-packages/airflow/example_dags/example_short_circuit_decorator.py for tasks to queue
[2024-10-08T08:07:02.836+0000] {logging_mixin.py:190} INFO - [2024-10-08T08:07:02.835+0000] {dagbag.py:588} INFO - Filling up the DagBag from /root/miniconda3/envs/project/lib/python3.8/site-packages/airflow/example_dags/example_short_circuit_decorator.py
[2024-10-08T08:07:02.852+0000] {processor.py:925} INFO - DAG(s) 'example_short_circuit_decorator' retrieved from /root/miniconda3/envs/project/lib/python3.8/site-packages/airflow/example_dags/example_short_circuit_decorator.py
[2024-10-08T08:07:02.880+0000] {logging_mixin.py:190} INFO - [2024-10-08T08:07:02.879+0000] {dag.py:3239} INFO - Sync 1 DAGs
[2024-10-08T08:07:02.898+0000] {logging_mixin.py:190} INFO - [2024-10-08T08:07:02.897+0000] {dag.py:4180} INFO - Setting next_dagrun for example_short_circuit_decorator to None, run_after=None
[2024-10-08T08:07:02.928+0000] {processor.py:208} INFO - Processing /root/miniconda3/envs/project/lib/python3.8/site-packages/airflow/example_dags/example_short_circuit_decorator.py took 0.110 seconds
[2024-10-08T08:08:12.621+0000] {processor.py:186} INFO - Started process (PID=209384) to work on /root/miniconda3/envs/project/lib/python3.8/site-packages/airflow/example_dags/example_short_circuit_decorator.py
[2024-10-08T08:08:12.624+0000] {processor.py:914} INFO - Processing file /root/miniconda3/envs/project/lib/python3.8/site-packages/airflow/example_dags/example_short_circuit_decorator.py for tasks to queue
[2024-10-08T08:08:12.628+0000] {logging_mixin.py:190} INFO - [2024-10-08T08:08:12.627+0000] {dagbag.py:588} INFO - Filling up the DagBag from /root/miniconda3/envs/project/lib/python3.8/site-packages/airflow/example_dags/example_short_circuit_decorator.py
[2024-10-08T08:08:12.643+0000] {processor.py:925} INFO - DAG(s) 'example_short_circuit_decorator' retrieved from /root/miniconda3/envs/project/lib/python3.8/site-packages/airflow/example_dags/example_short_circuit_decorator.py
[2024-10-08T08:08:12.670+0000] {logging_mixin.py:190} INFO - [2024-10-08T08:08:12.670+0000] {dag.py:3239} INFO - Sync 1 DAGs
[2024-10-08T08:08:12.687+0000] {logging_mixin.py:190} INFO - [2024-10-08T08:08:12.687+0000] {dag.py:4180} INFO - Setting next_dagrun for example_short_circuit_decorator to None, run_after=None
[2024-10-08T08:08:12.718+0000] {processor.py:208} INFO - Processing /root/miniconda3/envs/project/lib/python3.8/site-packages/airflow/example_dags/example_short_circuit_decorator.py took 0.106 seconds
[2024-10-08T08:10:11.293+0000] {processor.py:186} INFO - Started process (PID=210093) to work on /root/miniconda3/envs/project/lib/python3.8/site-packages/airflow/example_dags/example_short_circuit_decorator.py
[2024-10-08T08:10:11.296+0000] {processor.py:914} INFO - Processing file /root/miniconda3/envs/project/lib/python3.8/site-packages/airflow/example_dags/example_short_circuit_decorator.py for tasks to queue
[2024-10-08T08:10:11.299+0000] {logging_mixin.py:190} INFO - [2024-10-08T08:10:11.298+0000] {dagbag.py:588} INFO - Filling up the DagBag from /root/miniconda3/envs/project/lib/python3.8/site-packages/airflow/example_dags/example_short_circuit_decorator.py
[2024-10-08T08:10:11.314+0000] {processor.py:925} INFO - DAG(s) 'example_short_circuit_decorator' retrieved from /root/miniconda3/envs/project/lib/python3.8/site-packages/airflow/example_dags/example_short_circuit_decorator.py
[2024-10-08T08:10:11.344+0000] {logging_mixin.py:190} INFO - [2024-10-08T08:10:11.343+0000] {dag.py:3239} INFO - Sync 1 DAGs
[2024-10-08T08:10:11.363+0000] {logging_mixin.py:190} INFO - [2024-10-08T08:10:11.362+0000] {dag.py:4180} INFO - Setting next_dagrun for example_short_circuit_decorator to None, run_after=None
[2024-10-08T08:10:11.394+0000] {processor.py:208} INFO - Processing /root/miniconda3/envs/project/lib/python3.8/site-packages/airflow/example_dags/example_short_circuit_decorator.py took 0.112 seconds
[2024-10-08T08:13:13.727+0000] {processor.py:186} INFO - Started process (PID=211102) to work on /root/miniconda3/envs/project/lib/python3.8/site-packages/airflow/example_dags/example_short_circuit_decorator.py
[2024-10-08T08:13:13.730+0000] {processor.py:914} INFO - Processing file /root/miniconda3/envs/project/lib/python3.8/site-packages/airflow/example_dags/example_short_circuit_decorator.py for tasks to queue
[2024-10-08T08:13:13.733+0000] {logging_mixin.py:190} INFO - [2024-10-08T08:13:13.732+0000] {dagbag.py:588} INFO - Filling up the DagBag from /root/miniconda3/envs/project/lib/python3.8/site-packages/airflow/example_dags/example_short_circuit_decorator.py
[2024-10-08T08:13:13.748+0000] {processor.py:925} INFO - DAG(s) 'example_short_circuit_decorator' retrieved from /root/miniconda3/envs/project/lib/python3.8/site-packages/airflow/example_dags/example_short_circuit_decorator.py
[2024-10-08T08:13:13.777+0000] {logging_mixin.py:190} INFO - [2024-10-08T08:13:13.777+0000] {dag.py:3239} INFO - Sync 1 DAGs
[2024-10-08T08:13:13.796+0000] {logging_mixin.py:190} INFO - [2024-10-08T08:13:13.795+0000] {dag.py:4180} INFO - Setting next_dagrun for example_short_circuit_decorator to None, run_after=None
[2024-10-08T08:13:13.826+0000] {processor.py:208} INFO - Processing /root/miniconda3/envs/project/lib/python3.8/site-packages/airflow/example_dags/example_short_circuit_decorator.py took 0.109 seconds
[2024-10-08T08:14:23.928+0000] {processor.py:186} INFO - Started process (PID=211310) to work on /root/miniconda3/envs/project/lib/python3.8/site-packages/airflow/example_dags/example_short_circuit_decorator.py
[2024-10-08T08:14:23.931+0000] {processor.py:914} INFO - Processing file /root/miniconda3/envs/project/lib/python3.8/site-packages/airflow/example_dags/example_short_circuit_decorator.py for tasks to queue
[2024-10-08T08:14:23.935+0000] {logging_mixin.py:190} INFO - [2024-10-08T08:14:23.934+0000] {dagbag.py:588} INFO - Filling up the DagBag from /root/miniconda3/envs/project/lib/python3.8/site-packages/airflow/example_dags/example_short_circuit_decorator.py
[2024-10-08T08:14:23.950+0000] {processor.py:925} INFO - DAG(s) 'example_short_circuit_decorator' retrieved from /root/miniconda3/envs/project/lib/python3.8/site-packages/airflow/example_dags/example_short_circuit_decorator.py
[2024-10-08T08:14:23.979+0000] {logging_mixin.py:190} INFO - [2024-10-08T08:14:23.978+0000] {dag.py:3239} INFO - Sync 1 DAGs
[2024-10-08T08:14:24.000+0000] {logging_mixin.py:190} INFO - [2024-10-08T08:14:24.000+0000] {dag.py:4180} INFO - Setting next_dagrun for example_short_circuit_decorator to None, run_after=None
[2024-10-08T08:14:24.030+0000] {processor.py:208} INFO - Processing /root/miniconda3/envs/project/lib/python3.8/site-packages/airflow/example_dags/example_short_circuit_decorator.py took 0.112 seconds
[2024-10-08T08:15:30.777+0000] {processor.py:186} INFO - Started process (PID=211578) to work on /root/miniconda3/envs/project/lib/python3.8/site-packages/airflow/example_dags/example_short_circuit_decorator.py
[2024-10-08T08:15:30.780+0000] {processor.py:914} INFO - Processing file /root/miniconda3/envs/project/lib/python3.8/site-packages/airflow/example_dags/example_short_circuit_decorator.py for tasks to queue
[2024-10-08T08:15:30.784+0000] {logging_mixin.py:190} INFO - [2024-10-08T08:15:30.783+0000] {dagbag.py:588} INFO - Filling up the DagBag from /root/miniconda3/envs/project/lib/python3.8/site-packages/airflow/example_dags/example_short_circuit_decorator.py
[2024-10-08T08:15:30.800+0000] {processor.py:925} INFO - DAG(s) 'example_short_circuit_decorator' retrieved from /root/miniconda3/envs/project/lib/python3.8/site-packages/airflow/example_dags/example_short_circuit_decorator.py
[2024-10-08T08:15:30.829+0000] {logging_mixin.py:190} INFO - [2024-10-08T08:15:30.829+0000] {dag.py:3239} INFO - Sync 1 DAGs
[2024-10-08T08:15:30.848+0000] {logging_mixin.py:190} INFO - [2024-10-08T08:15:30.848+0000] {dag.py:4180} INFO - Setting next_dagrun for example_short_circuit_decorator to None, run_after=None
[2024-10-08T08:15:30.885+0000] {processor.py:208} INFO - Processing /root/miniconda3/envs/project/lib/python3.8/site-packages/airflow/example_dags/example_short_circuit_decorator.py took 0.121 seconds
[2024-10-08T08:16:39.418+0000] {processor.py:186} INFO - Started process (PID=211809) to work on /root/miniconda3/envs/project/lib/python3.8/site-packages/airflow/example_dags/example_short_circuit_decorator.py
[2024-10-08T08:16:39.421+0000] {processor.py:914} INFO - Processing file /root/miniconda3/envs/project/lib/python3.8/site-packages/airflow/example_dags/example_short_circuit_decorator.py for tasks to queue
[2024-10-08T08:16:39.424+0000] {logging_mixin.py:190} INFO - [2024-10-08T08:16:39.423+0000] {dagbag.py:588} INFO - Filling up the DagBag from /root/miniconda3/envs/project/lib/python3.8/site-packages/airflow/example_dags/example_short_circuit_decorator.py
[2024-10-08T08:16:39.439+0000] {processor.py:925} INFO - DAG(s) 'example_short_circuit_decorator' retrieved from /root/miniconda3/envs/project/lib/python3.8/site-packages/airflow/example_dags/example_short_circuit_decorator.py
[2024-10-08T08:16:39.467+0000] {logging_mixin.py:190} INFO - [2024-10-08T08:16:39.467+0000] {dag.py:3239} INFO - Sync 1 DAGs
[2024-10-08T08:16:39.486+0000] {logging_mixin.py:190} INFO - [2024-10-08T08:16:39.485+0000] {dag.py:4180} INFO - Setting next_dagrun for example_short_circuit_decorator to None, run_after=None
[2024-10-08T08:16:39.516+0000] {processor.py:208} INFO - Processing /root/miniconda3/envs/project/lib/python3.8/site-packages/airflow/example_dags/example_short_circuit_decorator.py took 0.110 seconds
[2024-10-08T08:17:49.579+0000] {processor.py:186} INFO - Started process (PID=212058) to work on /root/miniconda3/envs/project/lib/python3.8/site-packages/airflow/example_dags/example_short_circuit_decorator.py
[2024-10-08T08:17:49.582+0000] {processor.py:914} INFO - Processing file /root/miniconda3/envs/project/lib/python3.8/site-packages/airflow/example_dags/example_short_circuit_decorator.py for tasks to queue
[2024-10-08T08:17:49.587+0000] {logging_mixin.py:190} INFO - [2024-10-08T08:17:49.586+0000] {dagbag.py:588} INFO - Filling up the DagBag from /root/miniconda3/envs/project/lib/python3.8/site-packages/airflow/example_dags/example_short_circuit_decorator.py
[2024-10-08T08:17:49.606+0000] {processor.py:925} INFO - DAG(s) 'example_short_circuit_decorator' retrieved from /root/miniconda3/envs/project/lib/python3.8/site-packages/airflow/example_dags/example_short_circuit_decorator.py
[2024-10-08T08:17:49.635+0000] {logging_mixin.py:190} INFO - [2024-10-08T08:17:49.634+0000] {dag.py:3239} INFO - Sync 1 DAGs
[2024-10-08T08:17:49.653+0000] {logging_mixin.py:190} INFO - [2024-10-08T08:17:49.653+0000] {dag.py:4180} INFO - Setting next_dagrun for example_short_circuit_decorator to None, run_after=None
[2024-10-08T08:17:49.688+0000] {processor.py:208} INFO - Processing /root/miniconda3/envs/project/lib/python3.8/site-packages/airflow/example_dags/example_short_circuit_decorator.py took 0.120 seconds
[2024-10-08T08:19:02.793+0000] {processor.py:186} INFO - Started process (PID=212264) to work on /root/miniconda3/envs/project/lib/python3.8/site-packages/airflow/example_dags/example_short_circuit_decorator.py
[2024-10-08T08:19:02.796+0000] {processor.py:914} INFO - Processing file /root/miniconda3/envs/project/lib/python3.8/site-packages/airflow/example_dags/example_short_circuit_decorator.py for tasks to queue
[2024-10-08T08:19:02.800+0000] {logging_mixin.py:190} INFO - [2024-10-08T08:19:02.799+0000] {dagbag.py:588} INFO - Filling up the DagBag from /root/miniconda3/envs/project/lib/python3.8/site-packages/airflow/example_dags/example_short_circuit_decorator.py
[2024-10-08T08:19:02.815+0000] {processor.py:925} INFO - DAG(s) 'example_short_circuit_decorator' retrieved from /root/miniconda3/envs/project/lib/python3.8/site-packages/airflow/example_dags/example_short_circuit_decorator.py
[2024-10-08T08:19:02.843+0000] {logging_mixin.py:190} INFO - [2024-10-08T08:19:02.843+0000] {dag.py:3239} INFO - Sync 1 DAGs
[2024-10-08T08:19:02.861+0000] {logging_mixin.py:190} INFO - [2024-10-08T08:19:02.861+0000] {dag.py:4180} INFO - Setting next_dagrun for example_short_circuit_decorator to None, run_after=None
[2024-10-08T08:19:02.899+0000] {processor.py:208} INFO - Processing /root/miniconda3/envs/project/lib/python3.8/site-packages/airflow/example_dags/example_short_circuit_decorator.py took 0.115 seconds
[2024-10-08T08:20:04.409+0000] {processor.py:186} INFO - Started process (PID=212446) to work on /root/miniconda3/envs/project/lib/python3.8/site-packages/airflow/example_dags/example_short_circuit_decorator.py
[2024-10-08T08:20:04.412+0000] {processor.py:914} INFO - Processing file /root/miniconda3/envs/project/lib/python3.8/site-packages/airflow/example_dags/example_short_circuit_decorator.py for tasks to queue
[2024-10-08T08:20:04.415+0000] {logging_mixin.py:190} INFO - [2024-10-08T08:20:04.414+0000] {dagbag.py:588} INFO - Filling up the DagBag from /root/miniconda3/envs/project/lib/python3.8/site-packages/airflow/example_dags/example_short_circuit_decorator.py
[2024-10-08T08:20:04.431+0000] {processor.py:925} INFO - DAG(s) 'example_short_circuit_decorator' retrieved from /root/miniconda3/envs/project/lib/python3.8/site-packages/airflow/example_dags/example_short_circuit_decorator.py
[2024-10-08T08:20:04.460+0000] {logging_mixin.py:190} INFO - [2024-10-08T08:20:04.459+0000] {dag.py:3239} INFO - Sync 1 DAGs
[2024-10-08T08:20:04.478+0000] {logging_mixin.py:190} INFO - [2024-10-08T08:20:04.478+0000] {dag.py:4180} INFO - Setting next_dagrun for example_short_circuit_decorator to None, run_after=None
[2024-10-08T08:20:04.512+0000] {processor.py:208} INFO - Processing /root/miniconda3/envs/project/lib/python3.8/site-packages/airflow/example_dags/example_short_circuit_decorator.py took 0.114 seconds
[2024-10-08T08:21:23.815+0000] {processor.py:186} INFO - Started process (PID=212663) to work on /root/miniconda3/envs/project/lib/python3.8/site-packages/airflow/example_dags/example_short_circuit_decorator.py
[2024-10-08T08:21:23.818+0000] {processor.py:914} INFO - Processing file /root/miniconda3/envs/project/lib/python3.8/site-packages/airflow/example_dags/example_short_circuit_decorator.py for tasks to queue
[2024-10-08T08:21:23.821+0000] {logging_mixin.py:190} INFO - [2024-10-08T08:21:23.821+0000] {dagbag.py:588} INFO - Filling up the DagBag from /root/miniconda3/envs/project/lib/python3.8/site-packages/airflow/example_dags/example_short_circuit_decorator.py
[2024-10-08T08:21:23.837+0000] {processor.py:925} INFO - DAG(s) 'example_short_circuit_decorator' retrieved from /root/miniconda3/envs/project/lib/python3.8/site-packages/airflow/example_dags/example_short_circuit_decorator.py
[2024-10-08T08:21:23.865+0000] {logging_mixin.py:190} INFO - [2024-10-08T08:21:23.864+0000] {dag.py:3239} INFO - Sync 1 DAGs
[2024-10-08T08:21:23.883+0000] {logging_mixin.py:190} INFO - [2024-10-08T08:21:23.883+0000] {dag.py:4180} INFO - Setting next_dagrun for example_short_circuit_decorator to None, run_after=None
[2024-10-08T08:21:23.918+0000] {processor.py:208} INFO - Processing /root/miniconda3/envs/project/lib/python3.8/site-packages/airflow/example_dags/example_short_circuit_decorator.py took 0.113 seconds
[2024-10-08T08:22:33.934+0000] {processor.py:186} INFO - Started process (PID=212915) to work on /root/miniconda3/envs/project/lib/python3.8/site-packages/airflow/example_dags/example_short_circuit_decorator.py
[2024-10-08T08:22:33.938+0000] {processor.py:914} INFO - Processing file /root/miniconda3/envs/project/lib/python3.8/site-packages/airflow/example_dags/example_short_circuit_decorator.py for tasks to queue
[2024-10-08T08:22:33.943+0000] {logging_mixin.py:190} INFO - [2024-10-08T08:22:33.942+0000] {dagbag.py:588} INFO - Filling up the DagBag from /root/miniconda3/envs/project/lib/python3.8/site-packages/airflow/example_dags/example_short_circuit_decorator.py
[2024-10-08T08:22:33.960+0000] {processor.py:925} INFO - DAG(s) 'example_short_circuit_decorator' retrieved from /root/miniconda3/envs/project/lib/python3.8/site-packages/airflow/example_dags/example_short_circuit_decorator.py
[2024-10-08T08:22:33.989+0000] {logging_mixin.py:190} INFO - [2024-10-08T08:22:33.989+0000] {dag.py:3239} INFO - Sync 1 DAGs
[2024-10-08T08:22:34.007+0000] {logging_mixin.py:190} INFO - [2024-10-08T08:22:34.007+0000] {dag.py:4180} INFO - Setting next_dagrun for example_short_circuit_decorator to None, run_after=None
[2024-10-08T08:22:34.041+0000] {processor.py:208} INFO - Processing /root/miniconda3/envs/project/lib/python3.8/site-packages/airflow/example_dags/example_short_circuit_decorator.py took 0.117 seconds
[2024-10-08T08:23:35.783+0000] {processor.py:186} INFO - Started process (PID=213143) to work on /root/miniconda3/envs/project/lib/python3.8/site-packages/airflow/example_dags/example_short_circuit_decorator.py
[2024-10-08T08:23:35.787+0000] {processor.py:914} INFO - Processing file /root/miniconda3/envs/project/lib/python3.8/site-packages/airflow/example_dags/example_short_circuit_decorator.py for tasks to queue
[2024-10-08T08:23:35.790+0000] {logging_mixin.py:190} INFO - [2024-10-08T08:23:35.790+0000] {dagbag.py:588} INFO - Filling up the DagBag from /root/miniconda3/envs/project/lib/python3.8/site-packages/airflow/example_dags/example_short_circuit_decorator.py
[2024-10-08T08:23:35.813+0000] {processor.py:925} INFO - DAG(s) 'example_short_circuit_decorator' retrieved from /root/miniconda3/envs/project/lib/python3.8/site-packages/airflow/example_dags/example_short_circuit_decorator.py
[2024-10-08T08:23:35.844+0000] {logging_mixin.py:190} INFO - [2024-10-08T08:23:35.843+0000] {dag.py:3239} INFO - Sync 1 DAGs
[2024-10-08T08:23:35.863+0000] {logging_mixin.py:190} INFO - [2024-10-08T08:23:35.862+0000] {dag.py:4180} INFO - Setting next_dagrun for example_short_circuit_decorator to None, run_after=None
[2024-10-08T08:23:35.898+0000] {processor.py:208} INFO - Processing /root/miniconda3/envs/project/lib/python3.8/site-packages/airflow/example_dags/example_short_circuit_decorator.py took 0.125 seconds
[2024-10-08T08:37:25.896+0000] {processor.py:186} INFO - Started process (PID=215039) to work on /root/miniconda3/envs/project/lib/python3.8/site-packages/airflow/example_dags/example_short_circuit_decorator.py
[2024-10-08T08:37:25.899+0000] {processor.py:914} INFO - Processing file /root/miniconda3/envs/project/lib/python3.8/site-packages/airflow/example_dags/example_short_circuit_decorator.py for tasks to queue
[2024-10-08T08:37:25.903+0000] {logging_mixin.py:190} INFO - [2024-10-08T08:37:25.902+0000] {dagbag.py:588} INFO - Filling up the DagBag from /root/miniconda3/envs/project/lib/python3.8/site-packages/airflow/example_dags/example_short_circuit_decorator.py
[2024-10-08T08:37:25.918+0000] {processor.py:925} INFO - DAG(s) 'example_short_circuit_decorator' retrieved from /root/miniconda3/envs/project/lib/python3.8/site-packages/airflow/example_dags/example_short_circuit_decorator.py
[2024-10-08T08:37:25.949+0000] {logging_mixin.py:190} INFO - [2024-10-08T08:37:25.949+0000] {dag.py:3239} INFO - Sync 1 DAGs
[2024-10-08T08:37:25.969+0000] {logging_mixin.py:190} INFO - [2024-10-08T08:37:25.968+0000] {dag.py:4180} INFO - Setting next_dagrun for example_short_circuit_decorator to None, run_after=None
[2024-10-08T08:37:26.004+0000] {processor.py:208} INFO - Processing /root/miniconda3/envs/project/lib/python3.8/site-packages/airflow/example_dags/example_short_circuit_decorator.py took 0.118 seconds
[2024-10-08T08:38:36.723+0000] {processor.py:186} INFO - Started process (PID=215448) to work on /root/miniconda3/envs/project/lib/python3.8/site-packages/airflow/example_dags/example_short_circuit_decorator.py
[2024-10-08T08:38:36.726+0000] {processor.py:914} INFO - Processing file /root/miniconda3/envs/project/lib/python3.8/site-packages/airflow/example_dags/example_short_circuit_decorator.py for tasks to queue
[2024-10-08T08:38:36.729+0000] {logging_mixin.py:190} INFO - [2024-10-08T08:38:36.728+0000] {dagbag.py:588} INFO - Filling up the DagBag from /root/miniconda3/envs/project/lib/python3.8/site-packages/airflow/example_dags/example_short_circuit_decorator.py
[2024-10-08T08:38:36.745+0000] {processor.py:925} INFO - DAG(s) 'example_short_circuit_decorator' retrieved from /root/miniconda3/envs/project/lib/python3.8/site-packages/airflow/example_dags/example_short_circuit_decorator.py
[2024-10-08T08:38:36.773+0000] {logging_mixin.py:190} INFO - [2024-10-08T08:38:36.773+0000] {dag.py:3239} INFO - Sync 1 DAGs
[2024-10-08T08:38:36.791+0000] {logging_mixin.py:190} INFO - [2024-10-08T08:38:36.791+0000] {dag.py:4180} INFO - Setting next_dagrun for example_short_circuit_decorator to None, run_after=None
[2024-10-08T08:38:36.824+0000] {processor.py:208} INFO - Processing /root/miniconda3/envs/project/lib/python3.8/site-packages/airflow/example_dags/example_short_circuit_decorator.py took 0.111 seconds
[2024-10-08T08:39:48.788+0000] {processor.py:186} INFO - Started process (PID=215735) to work on /root/miniconda3/envs/project/lib/python3.8/site-packages/airflow/example_dags/example_short_circuit_decorator.py
[2024-10-08T08:39:48.791+0000] {processor.py:914} INFO - Processing file /root/miniconda3/envs/project/lib/python3.8/site-packages/airflow/example_dags/example_short_circuit_decorator.py for tasks to queue
[2024-10-08T08:39:48.794+0000] {logging_mixin.py:190} INFO - [2024-10-08T08:39:48.793+0000] {dagbag.py:588} INFO - Filling up the DagBag from /root/miniconda3/envs/project/lib/python3.8/site-packages/airflow/example_dags/example_short_circuit_decorator.py
[2024-10-08T08:39:48.809+0000] {processor.py:925} INFO - DAG(s) 'example_short_circuit_decorator' retrieved from /root/miniconda3/envs/project/lib/python3.8/site-packages/airflow/example_dags/example_short_circuit_decorator.py
[2024-10-08T08:39:48.838+0000] {logging_mixin.py:190} INFO - [2024-10-08T08:39:48.837+0000] {dag.py:3239} INFO - Sync 1 DAGs
[2024-10-08T08:39:48.856+0000] {logging_mixin.py:190} INFO - [2024-10-08T08:39:48.856+0000] {dag.py:4180} INFO - Setting next_dagrun for example_short_circuit_decorator to None, run_after=None
[2024-10-08T08:39:48.889+0000] {processor.py:208} INFO - Processing /root/miniconda3/envs/project/lib/python3.8/site-packages/airflow/example_dags/example_short_circuit_decorator.py took 0.111 seconds
[2024-10-08T08:40:58.046+0000] {processor.py:186} INFO - Started process (PID=216082) to work on /root/miniconda3/envs/project/lib/python3.8/site-packages/airflow/example_dags/example_short_circuit_decorator.py
[2024-10-08T08:40:58.049+0000] {processor.py:914} INFO - Processing file /root/miniconda3/envs/project/lib/python3.8/site-packages/airflow/example_dags/example_short_circuit_decorator.py for tasks to queue
[2024-10-08T08:40:58.052+0000] {logging_mixin.py:190} INFO - [2024-10-08T08:40:58.052+0000] {dagbag.py:588} INFO - Filling up the DagBag from /root/miniconda3/envs/project/lib/python3.8/site-packages/airflow/example_dags/example_short_circuit_decorator.py
[2024-10-08T08:40:58.068+0000] {processor.py:925} INFO - DAG(s) 'example_short_circuit_decorator' retrieved from /root/miniconda3/envs/project/lib/python3.8/site-packages/airflow/example_dags/example_short_circuit_decorator.py
[2024-10-08T08:40:58.096+0000] {logging_mixin.py:190} INFO - [2024-10-08T08:40:58.096+0000] {dag.py:3239} INFO - Sync 1 DAGs
[2024-10-08T08:40:58.114+0000] {logging_mixin.py:190} INFO - [2024-10-08T08:40:58.114+0000] {dag.py:4180} INFO - Setting next_dagrun for example_short_circuit_decorator to None, run_after=None
[2024-10-08T08:40:58.147+0000] {processor.py:208} INFO - Processing /root/miniconda3/envs/project/lib/python3.8/site-packages/airflow/example_dags/example_short_circuit_decorator.py took 0.112 seconds
[2024-10-08T08:42:05.038+0000] {processor.py:186} INFO - Started process (PID=216540) to work on /root/miniconda3/envs/project/lib/python3.8/site-packages/airflow/example_dags/example_short_circuit_decorator.py
[2024-10-08T08:42:05.041+0000] {processor.py:914} INFO - Processing file /root/miniconda3/envs/project/lib/python3.8/site-packages/airflow/example_dags/example_short_circuit_decorator.py for tasks to queue
[2024-10-08T08:42:05.045+0000] {logging_mixin.py:190} INFO - [2024-10-08T08:42:05.044+0000] {dagbag.py:588} INFO - Filling up the DagBag from /root/miniconda3/envs/project/lib/python3.8/site-packages/airflow/example_dags/example_short_circuit_decorator.py
[2024-10-08T08:42:05.061+0000] {processor.py:925} INFO - DAG(s) 'example_short_circuit_decorator' retrieved from /root/miniconda3/envs/project/lib/python3.8/site-packages/airflow/example_dags/example_short_circuit_decorator.py
[2024-10-08T08:42:05.089+0000] {logging_mixin.py:190} INFO - [2024-10-08T08:42:05.089+0000] {dag.py:3239} INFO - Sync 1 DAGs
[2024-10-08T08:42:05.112+0000] {logging_mixin.py:190} INFO - [2024-10-08T08:42:05.112+0000] {dag.py:4180} INFO - Setting next_dagrun for example_short_circuit_decorator to None, run_after=None
[2024-10-08T08:42:05.146+0000] {processor.py:208} INFO - Processing /root/miniconda3/envs/project/lib/python3.8/site-packages/airflow/example_dags/example_short_circuit_decorator.py took 0.119 seconds
[2024-10-08T08:43:11.845+0000] {processor.py:186} INFO - Started process (PID=216759) to work on /root/miniconda3/envs/project/lib/python3.8/site-packages/airflow/example_dags/example_short_circuit_decorator.py
[2024-10-08T08:43:11.848+0000] {processor.py:914} INFO - Processing file /root/miniconda3/envs/project/lib/python3.8/site-packages/airflow/example_dags/example_short_circuit_decorator.py for tasks to queue
[2024-10-08T08:43:11.852+0000] {logging_mixin.py:190} INFO - [2024-10-08T08:43:11.851+0000] {dagbag.py:588} INFO - Filling up the DagBag from /root/miniconda3/envs/project/lib/python3.8/site-packages/airflow/example_dags/example_short_circuit_decorator.py
[2024-10-08T08:43:11.867+0000] {processor.py:925} INFO - DAG(s) 'example_short_circuit_decorator' retrieved from /root/miniconda3/envs/project/lib/python3.8/site-packages/airflow/example_dags/example_short_circuit_decorator.py
[2024-10-08T08:43:11.896+0000] {logging_mixin.py:190} INFO - [2024-10-08T08:43:11.896+0000] {dag.py:3239} INFO - Sync 1 DAGs
[2024-10-08T08:43:11.914+0000] {logging_mixin.py:190} INFO - [2024-10-08T08:43:11.914+0000] {dag.py:4180} INFO - Setting next_dagrun for example_short_circuit_decorator to None, run_after=None
[2024-10-08T08:43:11.946+0000] {processor.py:208} INFO - Processing /root/miniconda3/envs/project/lib/python3.8/site-packages/airflow/example_dags/example_short_circuit_decorator.py took 0.111 seconds
[2024-10-08T08:44:19.544+0000] {processor.py:186} INFO - Started process (PID=216977) to work on /root/miniconda3/envs/project/lib/python3.8/site-packages/airflow/example_dags/example_short_circuit_decorator.py
[2024-10-08T08:44:19.547+0000] {processor.py:914} INFO - Processing file /root/miniconda3/envs/project/lib/python3.8/site-packages/airflow/example_dags/example_short_circuit_decorator.py for tasks to queue
[2024-10-08T08:44:19.550+0000] {logging_mixin.py:190} INFO - [2024-10-08T08:44:19.550+0000] {dagbag.py:588} INFO - Filling up the DagBag from /root/miniconda3/envs/project/lib/python3.8/site-packages/airflow/example_dags/example_short_circuit_decorator.py
[2024-10-08T08:44:19.566+0000] {processor.py:925} INFO - DAG(s) 'example_short_circuit_decorator' retrieved from /root/miniconda3/envs/project/lib/python3.8/site-packages/airflow/example_dags/example_short_circuit_decorator.py
[2024-10-08T08:44:19.595+0000] {logging_mixin.py:190} INFO - [2024-10-08T08:44:19.595+0000] {dag.py:3239} INFO - Sync 1 DAGs
[2024-10-08T08:44:19.613+0000] {logging_mixin.py:190} INFO - [2024-10-08T08:44:19.613+0000] {dag.py:4180} INFO - Setting next_dagrun for example_short_circuit_decorator to None, run_after=None
[2024-10-08T08:44:19.646+0000] {processor.py:208} INFO - Processing /root/miniconda3/envs/project/lib/python3.8/site-packages/airflow/example_dags/example_short_circuit_decorator.py took 0.114 seconds
[2024-10-08T08:45:36.309+0000] {processor.py:186} INFO - Started process (PID=217212) to work on /root/miniconda3/envs/project/lib/python3.8/site-packages/airflow/example_dags/example_short_circuit_decorator.py
[2024-10-08T08:45:36.311+0000] {processor.py:914} INFO - Processing file /root/miniconda3/envs/project/lib/python3.8/site-packages/airflow/example_dags/example_short_circuit_decorator.py for tasks to queue
[2024-10-08T08:45:36.314+0000] {logging_mixin.py:190} INFO - [2024-10-08T08:45:36.314+0000] {dagbag.py:588} INFO - Filling up the DagBag from /root/miniconda3/envs/project/lib/python3.8/site-packages/airflow/example_dags/example_short_circuit_decorator.py
[2024-10-08T08:45:36.329+0000] {processor.py:925} INFO - DAG(s) 'example_short_circuit_decorator' retrieved from /root/miniconda3/envs/project/lib/python3.8/site-packages/airflow/example_dags/example_short_circuit_decorator.py
[2024-10-08T08:45:36.358+0000] {logging_mixin.py:190} INFO - [2024-10-08T08:45:36.358+0000] {dag.py:3239} INFO - Sync 1 DAGs
[2024-10-08T08:45:36.382+0000] {logging_mixin.py:190} INFO - [2024-10-08T08:45:36.382+0000] {dag.py:4180} INFO - Setting next_dagrun for example_short_circuit_decorator to None, run_after=None
[2024-10-08T08:45:36.418+0000] {processor.py:208} INFO - Processing /root/miniconda3/envs/project/lib/python3.8/site-packages/airflow/example_dags/example_short_circuit_decorator.py took 0.120 seconds
[2024-10-08T08:46:45.929+0000] {processor.py:186} INFO - Started process (PID=217559) to work on /root/miniconda3/envs/project/lib/python3.8/site-packages/airflow/example_dags/example_short_circuit_decorator.py
[2024-10-08T08:46:45.931+0000] {processor.py:914} INFO - Processing file /root/miniconda3/envs/project/lib/python3.8/site-packages/airflow/example_dags/example_short_circuit_decorator.py for tasks to queue
[2024-10-08T08:46:45.935+0000] {logging_mixin.py:190} INFO - [2024-10-08T08:46:45.934+0000] {dagbag.py:588} INFO - Filling up the DagBag from /root/miniconda3/envs/project/lib/python3.8/site-packages/airflow/example_dags/example_short_circuit_decorator.py
[2024-10-08T08:46:45.950+0000] {processor.py:925} INFO - DAG(s) 'example_short_circuit_decorator' retrieved from /root/miniconda3/envs/project/lib/python3.8/site-packages/airflow/example_dags/example_short_circuit_decorator.py
[2024-10-08T08:46:45.978+0000] {logging_mixin.py:190} INFO - [2024-10-08T08:46:45.978+0000] {dag.py:3239} INFO - Sync 1 DAGs
[2024-10-08T08:46:45.996+0000] {logging_mixin.py:190} INFO - [2024-10-08T08:46:45.996+0000] {dag.py:4180} INFO - Setting next_dagrun for example_short_circuit_decorator to None, run_after=None
[2024-10-08T08:46:46.032+0000] {processor.py:208} INFO - Processing /root/miniconda3/envs/project/lib/python3.8/site-packages/airflow/example_dags/example_short_circuit_decorator.py took 0.115 seconds
[2024-10-08T08:47:57.697+0000] {processor.py:186} INFO - Started process (PID=217917) to work on /root/miniconda3/envs/project/lib/python3.8/site-packages/airflow/example_dags/example_short_circuit_decorator.py
[2024-10-08T08:47:57.700+0000] {processor.py:914} INFO - Processing file /root/miniconda3/envs/project/lib/python3.8/site-packages/airflow/example_dags/example_short_circuit_decorator.py for tasks to queue
[2024-10-08T08:47:57.703+0000] {logging_mixin.py:190} INFO - [2024-10-08T08:47:57.703+0000] {dagbag.py:588} INFO - Filling up the DagBag from /root/miniconda3/envs/project/lib/python3.8/site-packages/airflow/example_dags/example_short_circuit_decorator.py
[2024-10-08T08:47:57.719+0000] {processor.py:925} INFO - DAG(s) 'example_short_circuit_decorator' retrieved from /root/miniconda3/envs/project/lib/python3.8/site-packages/airflow/example_dags/example_short_circuit_decorator.py
[2024-10-08T08:47:57.749+0000] {logging_mixin.py:190} INFO - [2024-10-08T08:47:57.748+0000] {dag.py:3239} INFO - Sync 1 DAGs
[2024-10-08T08:47:57.767+0000] {logging_mixin.py:190} INFO - [2024-10-08T08:47:57.767+0000] {dag.py:4180} INFO - Setting next_dagrun for example_short_circuit_decorator to None, run_after=None
[2024-10-08T08:47:57.800+0000] {processor.py:208} INFO - Processing /root/miniconda3/envs/project/lib/python3.8/site-packages/airflow/example_dags/example_short_circuit_decorator.py took 0.115 seconds
[2024-10-08T08:49:09.627+0000] {processor.py:186} INFO - Started process (PID=218144) to work on /root/miniconda3/envs/project/lib/python3.8/site-packages/airflow/example_dags/example_short_circuit_decorator.py
[2024-10-08T08:49:09.630+0000] {processor.py:914} INFO - Processing file /root/miniconda3/envs/project/lib/python3.8/site-packages/airflow/example_dags/example_short_circuit_decorator.py for tasks to queue
[2024-10-08T08:49:09.633+0000] {logging_mixin.py:190} INFO - [2024-10-08T08:49:09.633+0000] {dagbag.py:588} INFO - Filling up the DagBag from /root/miniconda3/envs/project/lib/python3.8/site-packages/airflow/example_dags/example_short_circuit_decorator.py
[2024-10-08T08:49:09.649+0000] {processor.py:925} INFO - DAG(s) 'example_short_circuit_decorator' retrieved from /root/miniconda3/envs/project/lib/python3.8/site-packages/airflow/example_dags/example_short_circuit_decorator.py
[2024-10-08T08:49:09.678+0000] {logging_mixin.py:190} INFO - [2024-10-08T08:49:09.678+0000] {dag.py:3239} INFO - Sync 1 DAGs
[2024-10-08T08:49:09.696+0000] {logging_mixin.py:190} INFO - [2024-10-08T08:49:09.695+0000] {dag.py:4180} INFO - Setting next_dagrun for example_short_circuit_decorator to None, run_after=None
[2024-10-08T08:49:09.726+0000] {processor.py:208} INFO - Processing /root/miniconda3/envs/project/lib/python3.8/site-packages/airflow/example_dags/example_short_circuit_decorator.py took 0.111 seconds
[2024-10-08T08:50:20.527+0000] {processor.py:186} INFO - Started process (PID=218370) to work on /root/miniconda3/envs/project/lib/python3.8/site-packages/airflow/example_dags/example_short_circuit_decorator.py
[2024-10-08T08:50:20.530+0000] {processor.py:914} INFO - Processing file /root/miniconda3/envs/project/lib/python3.8/site-packages/airflow/example_dags/example_short_circuit_decorator.py for tasks to queue
[2024-10-08T08:50:20.533+0000] {logging_mixin.py:190} INFO - [2024-10-08T08:50:20.533+0000] {dagbag.py:588} INFO - Filling up the DagBag from /root/miniconda3/envs/project/lib/python3.8/site-packages/airflow/example_dags/example_short_circuit_decorator.py
[2024-10-08T08:50:20.550+0000] {processor.py:925} INFO - DAG(s) 'example_short_circuit_decorator' retrieved from /root/miniconda3/envs/project/lib/python3.8/site-packages/airflow/example_dags/example_short_circuit_decorator.py
[2024-10-08T08:50:20.579+0000] {logging_mixin.py:190} INFO - [2024-10-08T08:50:20.579+0000] {dag.py:3239} INFO - Sync 1 DAGs
[2024-10-08T08:50:20.598+0000] {logging_mixin.py:190} INFO - [2024-10-08T08:50:20.597+0000] {dag.py:4180} INFO - Setting next_dagrun for example_short_circuit_decorator to None, run_after=None
[2024-10-08T08:50:20.631+0000] {processor.py:208} INFO - Processing /root/miniconda3/envs/project/lib/python3.8/site-packages/airflow/example_dags/example_short_circuit_decorator.py took 0.117 seconds
[2024-10-08T09:05:31.187+0000] {processor.py:186} INFO - Started process (PID=220043) to work on /root/miniconda3/envs/project/lib/python3.8/site-packages/airflow/example_dags/example_short_circuit_decorator.py
[2024-10-08T09:05:31.190+0000] {processor.py:914} INFO - Processing file /root/miniconda3/envs/project/lib/python3.8/site-packages/airflow/example_dags/example_short_circuit_decorator.py for tasks to queue
[2024-10-08T09:05:31.194+0000] {logging_mixin.py:190} INFO - [2024-10-08T09:05:31.193+0000] {dagbag.py:588} INFO - Filling up the DagBag from /root/miniconda3/envs/project/lib/python3.8/site-packages/airflow/example_dags/example_short_circuit_decorator.py
[2024-10-08T09:05:31.212+0000] {processor.py:925} INFO - DAG(s) 'example_short_circuit_decorator' retrieved from /root/miniconda3/envs/project/lib/python3.8/site-packages/airflow/example_dags/example_short_circuit_decorator.py
[2024-10-08T09:05:31.245+0000] {logging_mixin.py:190} INFO - [2024-10-08T09:05:31.245+0000] {dag.py:3239} INFO - Sync 1 DAGs
[2024-10-08T09:05:31.265+0000] {logging_mixin.py:190} INFO - [2024-10-08T09:05:31.265+0000] {dag.py:4180} INFO - Setting next_dagrun for example_short_circuit_decorator to None, run_after=None
[2024-10-08T09:05:31.297+0000] {processor.py:208} INFO - Processing /root/miniconda3/envs/project/lib/python3.8/site-packages/airflow/example_dags/example_short_circuit_decorator.py took 0.123 seconds
[2024-10-08T09:09:04.563+0000] {processor.py:186} INFO - Started process (PID=220829) to work on /root/miniconda3/envs/project/lib/python3.8/site-packages/airflow/example_dags/example_short_circuit_decorator.py
[2024-10-08T09:09:04.565+0000] {processor.py:914} INFO - Processing file /root/miniconda3/envs/project/lib/python3.8/site-packages/airflow/example_dags/example_short_circuit_decorator.py for tasks to queue
[2024-10-08T09:09:04.569+0000] {logging_mixin.py:190} INFO - [2024-10-08T09:09:04.568+0000] {dagbag.py:588} INFO - Filling up the DagBag from /root/miniconda3/envs/project/lib/python3.8/site-packages/airflow/example_dags/example_short_circuit_decorator.py
[2024-10-08T09:09:04.584+0000] {processor.py:925} INFO - DAG(s) 'example_short_circuit_decorator' retrieved from /root/miniconda3/envs/project/lib/python3.8/site-packages/airflow/example_dags/example_short_circuit_decorator.py
[2024-10-08T09:09:04.614+0000] {logging_mixin.py:190} INFO - [2024-10-08T09:09:04.614+0000] {dag.py:3239} INFO - Sync 1 DAGs
[2024-10-08T09:09:04.634+0000] {logging_mixin.py:190} INFO - [2024-10-08T09:09:04.633+0000] {dag.py:4180} INFO - Setting next_dagrun for example_short_circuit_decorator to None, run_after=None
[2024-10-08T09:09:04.666+0000] {processor.py:208} INFO - Processing /root/miniconda3/envs/project/lib/python3.8/site-packages/airflow/example_dags/example_short_circuit_decorator.py took 0.114 seconds
[2024-10-08T09:10:32.878+0000] {processor.py:186} INFO - Started process (PID=221546) to work on /root/miniconda3/envs/project/lib/python3.8/site-packages/airflow/example_dags/example_short_circuit_decorator.py
[2024-10-08T09:10:32.881+0000] {processor.py:914} INFO - Processing file /root/miniconda3/envs/project/lib/python3.8/site-packages/airflow/example_dags/example_short_circuit_decorator.py for tasks to queue
[2024-10-08T09:10:32.885+0000] {logging_mixin.py:190} INFO - [2024-10-08T09:10:32.884+0000] {dagbag.py:588} INFO - Filling up the DagBag from /root/miniconda3/envs/project/lib/python3.8/site-packages/airflow/example_dags/example_short_circuit_decorator.py
[2024-10-08T09:10:32.901+0000] {processor.py:925} INFO - DAG(s) 'example_short_circuit_decorator' retrieved from /root/miniconda3/envs/project/lib/python3.8/site-packages/airflow/example_dags/example_short_circuit_decorator.py
[2024-10-08T09:10:32.933+0000] {logging_mixin.py:190} INFO - [2024-10-08T09:10:32.933+0000] {dag.py:3239} INFO - Sync 1 DAGs
[2024-10-08T09:10:32.953+0000] {logging_mixin.py:190} INFO - [2024-10-08T09:10:32.952+0000] {dag.py:4180} INFO - Setting next_dagrun for example_short_circuit_decorator to None, run_after=None
[2024-10-08T09:10:32.991+0000] {processor.py:208} INFO - Processing /root/miniconda3/envs/project/lib/python3.8/site-packages/airflow/example_dags/example_short_circuit_decorator.py took 0.127 seconds
[2024-10-08T09:11:43.992+0000] {processor.py:186} INFO - Started process (PID=221788) to work on /root/miniconda3/envs/project/lib/python3.8/site-packages/airflow/example_dags/example_short_circuit_decorator.py
[2024-10-08T09:11:43.995+0000] {processor.py:914} INFO - Processing file /root/miniconda3/envs/project/lib/python3.8/site-packages/airflow/example_dags/example_short_circuit_decorator.py for tasks to queue
[2024-10-08T09:11:43.998+0000] {logging_mixin.py:190} INFO - [2024-10-08T09:11:43.998+0000] {dagbag.py:588} INFO - Filling up the DagBag from /root/miniconda3/envs/project/lib/python3.8/site-packages/airflow/example_dags/example_short_circuit_decorator.py
[2024-10-08T09:11:44.015+0000] {processor.py:925} INFO - DAG(s) 'example_short_circuit_decorator' retrieved from /root/miniconda3/envs/project/lib/python3.8/site-packages/airflow/example_dags/example_short_circuit_decorator.py
[2024-10-08T09:11:44.044+0000] {logging_mixin.py:190} INFO - [2024-10-08T09:11:44.044+0000] {dag.py:3239} INFO - Sync 1 DAGs
[2024-10-08T09:11:44.063+0000] {logging_mixin.py:190} INFO - [2024-10-08T09:11:44.063+0000] {dag.py:4180} INFO - Setting next_dagrun for example_short_circuit_decorator to None, run_after=None
[2024-10-08T09:11:44.096+0000] {processor.py:208} INFO - Processing /root/miniconda3/envs/project/lib/python3.8/site-packages/airflow/example_dags/example_short_circuit_decorator.py took 0.115 seconds
[2024-10-08T09:12:46.088+0000] {processor.py:186} INFO - Started process (PID=222160) to work on /root/miniconda3/envs/project/lib/python3.8/site-packages/airflow/example_dags/example_short_circuit_decorator.py
[2024-10-08T09:12:46.091+0000] {processor.py:914} INFO - Processing file /root/miniconda3/envs/project/lib/python3.8/site-packages/airflow/example_dags/example_short_circuit_decorator.py for tasks to queue
[2024-10-08T09:12:46.094+0000] {logging_mixin.py:190} INFO - [2024-10-08T09:12:46.094+0000] {dagbag.py:588} INFO - Filling up the DagBag from /root/miniconda3/envs/project/lib/python3.8/site-packages/airflow/example_dags/example_short_circuit_decorator.py
[2024-10-08T09:12:46.110+0000] {processor.py:925} INFO - DAG(s) 'example_short_circuit_decorator' retrieved from /root/miniconda3/envs/project/lib/python3.8/site-packages/airflow/example_dags/example_short_circuit_decorator.py
[2024-10-08T09:12:46.139+0000] {logging_mixin.py:190} INFO - [2024-10-08T09:12:46.139+0000] {dag.py:3239} INFO - Sync 1 DAGs
[2024-10-08T09:12:46.160+0000] {logging_mixin.py:190} INFO - [2024-10-08T09:12:46.159+0000] {dag.py:4180} INFO - Setting next_dagrun for example_short_circuit_decorator to None, run_after=None
[2024-10-08T09:12:46.196+0000] {processor.py:208} INFO - Processing /root/miniconda3/envs/project/lib/python3.8/site-packages/airflow/example_dags/example_short_circuit_decorator.py took 0.121 seconds
[2024-10-08T09:13:55.730+0000] {processor.py:186} INFO - Started process (PID=222509) to work on /root/miniconda3/envs/project/lib/python3.8/site-packages/airflow/example_dags/example_short_circuit_decorator.py
[2024-10-08T09:13:55.734+0000] {processor.py:914} INFO - Processing file /root/miniconda3/envs/project/lib/python3.8/site-packages/airflow/example_dags/example_short_circuit_decorator.py for tasks to queue
[2024-10-08T09:13:55.737+0000] {logging_mixin.py:190} INFO - [2024-10-08T09:13:55.737+0000] {dagbag.py:588} INFO - Filling up the DagBag from /root/miniconda3/envs/project/lib/python3.8/site-packages/airflow/example_dags/example_short_circuit_decorator.py
[2024-10-08T09:13:55.753+0000] {processor.py:925} INFO - DAG(s) 'example_short_circuit_decorator' retrieved from /root/miniconda3/envs/project/lib/python3.8/site-packages/airflow/example_dags/example_short_circuit_decorator.py
[2024-10-08T09:13:55.783+0000] {logging_mixin.py:190} INFO - [2024-10-08T09:13:55.783+0000] {dag.py:3239} INFO - Sync 1 DAGs
[2024-10-08T09:13:55.802+0000] {logging_mixin.py:190} INFO - [2024-10-08T09:13:55.802+0000] {dag.py:4180} INFO - Setting next_dagrun for example_short_circuit_decorator to None, run_after=None
[2024-10-08T09:13:55.839+0000] {processor.py:208} INFO - Processing /root/miniconda3/envs/project/lib/python3.8/site-packages/airflow/example_dags/example_short_circuit_decorator.py took 0.119 seconds
[2024-10-08T09:14:57.941+0000] {processor.py:186} INFO - Started process (PID=222772) to work on /root/miniconda3/envs/project/lib/python3.8/site-packages/airflow/example_dags/example_short_circuit_decorator.py
[2024-10-08T09:14:57.944+0000] {processor.py:914} INFO - Processing file /root/miniconda3/envs/project/lib/python3.8/site-packages/airflow/example_dags/example_short_circuit_decorator.py for tasks to queue
[2024-10-08T09:14:57.947+0000] {logging_mixin.py:190} INFO - [2024-10-08T09:14:57.947+0000] {dagbag.py:588} INFO - Filling up the DagBag from /root/miniconda3/envs/project/lib/python3.8/site-packages/airflow/example_dags/example_short_circuit_decorator.py
[2024-10-08T09:14:57.963+0000] {processor.py:925} INFO - DAG(s) 'example_short_circuit_decorator' retrieved from /root/miniconda3/envs/project/lib/python3.8/site-packages/airflow/example_dags/example_short_circuit_decorator.py
[2024-10-08T09:14:57.991+0000] {logging_mixin.py:190} INFO - [2024-10-08T09:14:57.991+0000] {dag.py:3239} INFO - Sync 1 DAGs
[2024-10-08T09:14:58.009+0000] {logging_mixin.py:190} INFO - [2024-10-08T09:14:58.009+0000] {dag.py:4180} INFO - Setting next_dagrun for example_short_circuit_decorator to None, run_after=None
[2024-10-08T09:14:58.038+0000] {processor.py:208} INFO - Processing /root/miniconda3/envs/project/lib/python3.8/site-packages/airflow/example_dags/example_short_circuit_decorator.py took 0.108 seconds
[2024-10-08T09:16:13.672+0000] {processor.py:186} INFO - Started process (PID=223007) to work on /root/miniconda3/envs/project/lib/python3.8/site-packages/airflow/example_dags/example_short_circuit_decorator.py
[2024-10-08T09:16:13.675+0000] {processor.py:914} INFO - Processing file /root/miniconda3/envs/project/lib/python3.8/site-packages/airflow/example_dags/example_short_circuit_decorator.py for tasks to queue
[2024-10-08T09:16:13.679+0000] {logging_mixin.py:190} INFO - [2024-10-08T09:16:13.678+0000] {dagbag.py:588} INFO - Filling up the DagBag from /root/miniconda3/envs/project/lib/python3.8/site-packages/airflow/example_dags/example_short_circuit_decorator.py
[2024-10-08T09:16:13.696+0000] {processor.py:925} INFO - DAG(s) 'example_short_circuit_decorator' retrieved from /root/miniconda3/envs/project/lib/python3.8/site-packages/airflow/example_dags/example_short_circuit_decorator.py
[2024-10-08T09:16:13.725+0000] {logging_mixin.py:190} INFO - [2024-10-08T09:16:13.724+0000] {dag.py:3239} INFO - Sync 1 DAGs
[2024-10-08T09:16:13.744+0000] {logging_mixin.py:190} INFO - [2024-10-08T09:16:13.743+0000] {dag.py:4180} INFO - Setting next_dagrun for example_short_circuit_decorator to None, run_after=None
[2024-10-08T09:16:13.777+0000] {processor.py:208} INFO - Processing /root/miniconda3/envs/project/lib/python3.8/site-packages/airflow/example_dags/example_short_circuit_decorator.py took 0.117 seconds
[2024-10-08T09:17:24.811+0000] {processor.py:186} INFO - Started process (PID=223241) to work on /root/miniconda3/envs/project/lib/python3.8/site-packages/airflow/example_dags/example_short_circuit_decorator.py
[2024-10-08T09:17:24.814+0000] {processor.py:914} INFO - Processing file /root/miniconda3/envs/project/lib/python3.8/site-packages/airflow/example_dags/example_short_circuit_decorator.py for tasks to queue
[2024-10-08T09:17:24.817+0000] {logging_mixin.py:190} INFO - [2024-10-08T09:17:24.816+0000] {dagbag.py:588} INFO - Filling up the DagBag from /root/miniconda3/envs/project/lib/python3.8/site-packages/airflow/example_dags/example_short_circuit_decorator.py
[2024-10-08T09:17:24.831+0000] {processor.py:925} INFO - DAG(s) 'example_short_circuit_decorator' retrieved from /root/miniconda3/envs/project/lib/python3.8/site-packages/airflow/example_dags/example_short_circuit_decorator.py
[2024-10-08T09:17:24.859+0000] {logging_mixin.py:190} INFO - [2024-10-08T09:17:24.858+0000] {dag.py:3239} INFO - Sync 1 DAGs
[2024-10-08T09:17:24.876+0000] {logging_mixin.py:190} INFO - [2024-10-08T09:17:24.876+0000] {dag.py:4180} INFO - Setting next_dagrun for example_short_circuit_decorator to None, run_after=None
[2024-10-08T09:17:24.907+0000] {processor.py:208} INFO - Processing /root/miniconda3/envs/project/lib/python3.8/site-packages/airflow/example_dags/example_short_circuit_decorator.py took 0.107 seconds
[2024-10-08T09:18:33.048+0000] {processor.py:186} INFO - Started process (PID=223466) to work on /root/miniconda3/envs/project/lib/python3.8/site-packages/airflow/example_dags/example_short_circuit_decorator.py
[2024-10-08T09:18:33.051+0000] {processor.py:914} INFO - Processing file /root/miniconda3/envs/project/lib/python3.8/site-packages/airflow/example_dags/example_short_circuit_decorator.py for tasks to queue
[2024-10-08T09:18:33.054+0000] {logging_mixin.py:190} INFO - [2024-10-08T09:18:33.054+0000] {dagbag.py:588} INFO - Filling up the DagBag from /root/miniconda3/envs/project/lib/python3.8/site-packages/airflow/example_dags/example_short_circuit_decorator.py
[2024-10-08T09:18:33.070+0000] {processor.py:925} INFO - DAG(s) 'example_short_circuit_decorator' retrieved from /root/miniconda3/envs/project/lib/python3.8/site-packages/airflow/example_dags/example_short_circuit_decorator.py
[2024-10-08T09:18:33.098+0000] {logging_mixin.py:190} INFO - [2024-10-08T09:18:33.098+0000] {dag.py:3239} INFO - Sync 1 DAGs
[2024-10-08T09:18:33.116+0000] {logging_mixin.py:190} INFO - [2024-10-08T09:18:33.116+0000] {dag.py:4180} INFO - Setting next_dagrun for example_short_circuit_decorator to None, run_after=None
[2024-10-08T09:18:33.150+0000] {processor.py:208} INFO - Processing /root/miniconda3/envs/project/lib/python3.8/site-packages/airflow/example_dags/example_short_circuit_decorator.py took 0.113 seconds
[2024-10-08T09:19:47.230+0000] {processor.py:186} INFO - Started process (PID=223760) to work on /root/miniconda3/envs/project/lib/python3.8/site-packages/airflow/example_dags/example_short_circuit_decorator.py
[2024-10-08T09:19:47.233+0000] {processor.py:914} INFO - Processing file /root/miniconda3/envs/project/lib/python3.8/site-packages/airflow/example_dags/example_short_circuit_decorator.py for tasks to queue
[2024-10-08T09:19:47.236+0000] {logging_mixin.py:190} INFO - [2024-10-08T09:19:47.236+0000] {dagbag.py:588} INFO - Filling up the DagBag from /root/miniconda3/envs/project/lib/python3.8/site-packages/airflow/example_dags/example_short_circuit_decorator.py
[2024-10-08T09:19:47.258+0000] {processor.py:925} INFO - DAG(s) 'example_short_circuit_decorator' retrieved from /root/miniconda3/envs/project/lib/python3.8/site-packages/airflow/example_dags/example_short_circuit_decorator.py
[2024-10-08T09:19:47.286+0000] {logging_mixin.py:190} INFO - [2024-10-08T09:19:47.286+0000] {dag.py:3239} INFO - Sync 1 DAGs
[2024-10-08T09:19:47.305+0000] {logging_mixin.py:190} INFO - [2024-10-08T09:19:47.305+0000] {dag.py:4180} INFO - Setting next_dagrun for example_short_circuit_decorator to None, run_after=None
[2024-10-08T09:19:47.339+0000] {processor.py:208} INFO - Processing /root/miniconda3/envs/project/lib/python3.8/site-packages/airflow/example_dags/example_short_circuit_decorator.py took 0.119 seconds
[2024-10-08T09:20:59.100+0000] {processor.py:186} INFO - Started process (PID=224052) to work on /root/miniconda3/envs/project/lib/python3.8/site-packages/airflow/example_dags/example_short_circuit_decorator.py
[2024-10-08T09:20:59.103+0000] {processor.py:914} INFO - Processing file /root/miniconda3/envs/project/lib/python3.8/site-packages/airflow/example_dags/example_short_circuit_decorator.py for tasks to queue
[2024-10-08T09:20:59.107+0000] {logging_mixin.py:190} INFO - [2024-10-08T09:20:59.107+0000] {dagbag.py:588} INFO - Filling up the DagBag from /root/miniconda3/envs/project/lib/python3.8/site-packages/airflow/example_dags/example_short_circuit_decorator.py
[2024-10-08T09:20:59.124+0000] {processor.py:925} INFO - DAG(s) 'example_short_circuit_decorator' retrieved from /root/miniconda3/envs/project/lib/python3.8/site-packages/airflow/example_dags/example_short_circuit_decorator.py
[2024-10-08T09:20:59.154+0000] {logging_mixin.py:190} INFO - [2024-10-08T09:20:59.154+0000] {dag.py:3239} INFO - Sync 1 DAGs
[2024-10-08T09:20:59.173+0000] {logging_mixin.py:190} INFO - [2024-10-08T09:20:59.173+0000] {dag.py:4180} INFO - Setting next_dagrun for example_short_circuit_decorator to None, run_after=None
[2024-10-08T09:20:59.206+0000] {processor.py:208} INFO - Processing /root/miniconda3/envs/project/lib/python3.8/site-packages/airflow/example_dags/example_short_circuit_decorator.py took 0.117 seconds
[2024-10-08T09:22:09.761+0000] {processor.py:186} INFO - Started process (PID=224279) to work on /root/miniconda3/envs/project/lib/python3.8/site-packages/airflow/example_dags/example_short_circuit_decorator.py
[2024-10-08T09:22:09.764+0000] {processor.py:914} INFO - Processing file /root/miniconda3/envs/project/lib/python3.8/site-packages/airflow/example_dags/example_short_circuit_decorator.py for tasks to queue
[2024-10-08T09:22:09.768+0000] {logging_mixin.py:190} INFO - [2024-10-08T09:22:09.767+0000] {dagbag.py:588} INFO - Filling up the DagBag from /root/miniconda3/envs/project/lib/python3.8/site-packages/airflow/example_dags/example_short_circuit_decorator.py
[2024-10-08T09:22:09.784+0000] {processor.py:925} INFO - DAG(s) 'example_short_circuit_decorator' retrieved from /root/miniconda3/envs/project/lib/python3.8/site-packages/airflow/example_dags/example_short_circuit_decorator.py
[2024-10-08T09:22:09.812+0000] {logging_mixin.py:190} INFO - [2024-10-08T09:22:09.812+0000] {dag.py:3239} INFO - Sync 1 DAGs
[2024-10-08T09:22:09.830+0000] {logging_mixin.py:190} INFO - [2024-10-08T09:22:09.830+0000] {dag.py:4180} INFO - Setting next_dagrun for example_short_circuit_decorator to None, run_after=None
[2024-10-08T09:22:09.862+0000] {processor.py:208} INFO - Processing /root/miniconda3/envs/project/lib/python3.8/site-packages/airflow/example_dags/example_short_circuit_decorator.py took 0.113 seconds
[2024-10-08T09:23:17.515+0000] {processor.py:186} INFO - Started process (PID=224490) to work on /root/miniconda3/envs/project/lib/python3.8/site-packages/airflow/example_dags/example_short_circuit_decorator.py
[2024-10-08T09:23:17.518+0000] {processor.py:914} INFO - Processing file /root/miniconda3/envs/project/lib/python3.8/site-packages/airflow/example_dags/example_short_circuit_decorator.py for tasks to queue
[2024-10-08T09:23:17.522+0000] {logging_mixin.py:190} INFO - [2024-10-08T09:23:17.521+0000] {dagbag.py:588} INFO - Filling up the DagBag from /root/miniconda3/envs/project/lib/python3.8/site-packages/airflow/example_dags/example_short_circuit_decorator.py
[2024-10-08T09:23:17.538+0000] {processor.py:925} INFO - DAG(s) 'example_short_circuit_decorator' retrieved from /root/miniconda3/envs/project/lib/python3.8/site-packages/airflow/example_dags/example_short_circuit_decorator.py
[2024-10-08T09:23:17.566+0000] {logging_mixin.py:190} INFO - [2024-10-08T09:23:17.566+0000] {dag.py:3239} INFO - Sync 1 DAGs
[2024-10-08T09:23:17.584+0000] {logging_mixin.py:190} INFO - [2024-10-08T09:23:17.584+0000] {dag.py:4180} INFO - Setting next_dagrun for example_short_circuit_decorator to None, run_after=None
[2024-10-08T09:23:17.618+0000] {processor.py:208} INFO - Processing /root/miniconda3/envs/project/lib/python3.8/site-packages/airflow/example_dags/example_short_circuit_decorator.py took 0.115 seconds
[2024-10-08T09:24:30.123+0000] {processor.py:186} INFO - Started process (PID=224813) to work on /root/miniconda3/envs/project/lib/python3.8/site-packages/airflow/example_dags/example_short_circuit_decorator.py
[2024-10-08T09:24:30.126+0000] {processor.py:914} INFO - Processing file /root/miniconda3/envs/project/lib/python3.8/site-packages/airflow/example_dags/example_short_circuit_decorator.py for tasks to queue
[2024-10-08T09:24:30.130+0000] {logging_mixin.py:190} INFO - [2024-10-08T09:24:30.129+0000] {dagbag.py:588} INFO - Filling up the DagBag from /root/miniconda3/envs/project/lib/python3.8/site-packages/airflow/example_dags/example_short_circuit_decorator.py
[2024-10-08T09:24:30.147+0000] {processor.py:925} INFO - DAG(s) 'example_short_circuit_decorator' retrieved from /root/miniconda3/envs/project/lib/python3.8/site-packages/airflow/example_dags/example_short_circuit_decorator.py
[2024-10-08T09:24:30.185+0000] {logging_mixin.py:190} INFO - [2024-10-08T09:24:30.184+0000] {dag.py:3239} INFO - Sync 1 DAGs
[2024-10-08T09:24:30.209+0000] {logging_mixin.py:190} INFO - [2024-10-08T09:24:30.209+0000] {dag.py:4180} INFO - Setting next_dagrun for example_short_circuit_decorator to None, run_after=None
[2024-10-08T09:24:30.244+0000] {processor.py:208} INFO - Processing /root/miniconda3/envs/project/lib/python3.8/site-packages/airflow/example_dags/example_short_circuit_decorator.py took 0.133 seconds
[2024-10-08T09:25:40.387+0000] {processor.py:186} INFO - Started process (PID=225468) to work on /root/miniconda3/envs/project/lib/python3.8/site-packages/airflow/example_dags/example_short_circuit_decorator.py
[2024-10-08T09:25:40.391+0000] {processor.py:914} INFO - Processing file /root/miniconda3/envs/project/lib/python3.8/site-packages/airflow/example_dags/example_short_circuit_decorator.py for tasks to queue
[2024-10-08T09:25:40.394+0000] {logging_mixin.py:190} INFO - [2024-10-08T09:25:40.394+0000] {dagbag.py:588} INFO - Filling up the DagBag from /root/miniconda3/envs/project/lib/python3.8/site-packages/airflow/example_dags/example_short_circuit_decorator.py
[2024-10-08T09:25:40.410+0000] {processor.py:925} INFO - DAG(s) 'example_short_circuit_decorator' retrieved from /root/miniconda3/envs/project/lib/python3.8/site-packages/airflow/example_dags/example_short_circuit_decorator.py
[2024-10-08T09:25:40.439+0000] {logging_mixin.py:190} INFO - [2024-10-08T09:25:40.439+0000] {dag.py:3239} INFO - Sync 1 DAGs
[2024-10-08T09:25:40.457+0000] {logging_mixin.py:190} INFO - [2024-10-08T09:25:40.457+0000] {dag.py:4180} INFO - Setting next_dagrun for example_short_circuit_decorator to None, run_after=None
[2024-10-08T09:25:40.489+0000] {processor.py:208} INFO - Processing /root/miniconda3/envs/project/lib/python3.8/site-packages/airflow/example_dags/example_short_circuit_decorator.py took 0.113 seconds
[2024-10-08T09:26:50.666+0000] {processor.py:186} INFO - Started process (PID=225952) to work on /root/miniconda3/envs/project/lib/python3.8/site-packages/airflow/example_dags/example_short_circuit_decorator.py
[2024-10-08T09:26:50.669+0000] {processor.py:914} INFO - Processing file /root/miniconda3/envs/project/lib/python3.8/site-packages/airflow/example_dags/example_short_circuit_decorator.py for tasks to queue
[2024-10-08T09:26:50.672+0000] {logging_mixin.py:190} INFO - [2024-10-08T09:26:50.672+0000] {dagbag.py:588} INFO - Filling up the DagBag from /root/miniconda3/envs/project/lib/python3.8/site-packages/airflow/example_dags/example_short_circuit_decorator.py
[2024-10-08T09:26:50.689+0000] {processor.py:925} INFO - DAG(s) 'example_short_circuit_decorator' retrieved from /root/miniconda3/envs/project/lib/python3.8/site-packages/airflow/example_dags/example_short_circuit_decorator.py
[2024-10-08T09:26:50.718+0000] {logging_mixin.py:190} INFO - [2024-10-08T09:26:50.718+0000] {dag.py:3239} INFO - Sync 1 DAGs
[2024-10-08T09:26:50.737+0000] {logging_mixin.py:190} INFO - [2024-10-08T09:26:50.736+0000] {dag.py:4180} INFO - Setting next_dagrun for example_short_circuit_decorator to None, run_after=None
[2024-10-08T09:26:50.772+0000] {processor.py:208} INFO - Processing /root/miniconda3/envs/project/lib/python3.8/site-packages/airflow/example_dags/example_short_circuit_decorator.py took 0.117 seconds
[2024-10-08T09:28:02.962+0000] {processor.py:186} INFO - Started process (PID=226444) to work on /root/miniconda3/envs/project/lib/python3.8/site-packages/airflow/example_dags/example_short_circuit_decorator.py
[2024-10-08T09:28:02.964+0000] {processor.py:914} INFO - Processing file /root/miniconda3/envs/project/lib/python3.8/site-packages/airflow/example_dags/example_short_circuit_decorator.py for tasks to queue
[2024-10-08T09:28:02.968+0000] {logging_mixin.py:190} INFO - [2024-10-08T09:28:02.967+0000] {dagbag.py:588} INFO - Filling up the DagBag from /root/miniconda3/envs/project/lib/python3.8/site-packages/airflow/example_dags/example_short_circuit_decorator.py
[2024-10-08T09:28:02.983+0000] {processor.py:925} INFO - DAG(s) 'example_short_circuit_decorator' retrieved from /root/miniconda3/envs/project/lib/python3.8/site-packages/airflow/example_dags/example_short_circuit_decorator.py
[2024-10-08T09:28:03.011+0000] {logging_mixin.py:190} INFO - [2024-10-08T09:28:03.011+0000] {dag.py:3239} INFO - Sync 1 DAGs
[2024-10-08T09:28:03.029+0000] {logging_mixin.py:190} INFO - [2024-10-08T09:28:03.028+0000] {dag.py:4180} INFO - Setting next_dagrun for example_short_circuit_decorator to None, run_after=None
[2024-10-08T09:28:03.065+0000] {processor.py:208} INFO - Processing /root/miniconda3/envs/project/lib/python3.8/site-packages/airflow/example_dags/example_short_circuit_decorator.py took 0.113 seconds
[2024-10-08T09:29:16.779+0000] {processor.py:186} INFO - Started process (PID=226967) to work on /root/miniconda3/envs/project/lib/python3.8/site-packages/airflow/example_dags/example_short_circuit_decorator.py
[2024-10-08T09:29:16.781+0000] {processor.py:914} INFO - Processing file /root/miniconda3/envs/project/lib/python3.8/site-packages/airflow/example_dags/example_short_circuit_decorator.py for tasks to queue
[2024-10-08T09:29:16.785+0000] {logging_mixin.py:190} INFO - [2024-10-08T09:29:16.784+0000] {dagbag.py:588} INFO - Filling up the DagBag from /root/miniconda3/envs/project/lib/python3.8/site-packages/airflow/example_dags/example_short_circuit_decorator.py
[2024-10-08T09:29:16.801+0000] {processor.py:925} INFO - DAG(s) 'example_short_circuit_decorator' retrieved from /root/miniconda3/envs/project/lib/python3.8/site-packages/airflow/example_dags/example_short_circuit_decorator.py
[2024-10-08T09:29:16.944+0000] {logging_mixin.py:190} INFO - [2024-10-08T09:29:16.944+0000] {dag.py:3239} INFO - Sync 1 DAGs
[2024-10-08T09:29:16.960+0000] {logging_mixin.py:190} INFO - [2024-10-08T09:29:16.960+0000] {dag.py:4180} INFO - Setting next_dagrun for example_short_circuit_decorator to None, run_after=None
[2024-10-08T09:29:16.995+0000] {processor.py:208} INFO - Processing /root/miniconda3/envs/project/lib/python3.8/site-packages/airflow/example_dags/example_short_circuit_decorator.py took 0.229 seconds
[2024-10-08T09:30:42.252+0000] {processor.py:186} INFO - Started process (PID=227926) to work on /root/miniconda3/envs/project/lib/python3.8/site-packages/airflow/example_dags/example_short_circuit_decorator.py
[2024-10-08T09:30:42.255+0000] {processor.py:914} INFO - Processing file /root/miniconda3/envs/project/lib/python3.8/site-packages/airflow/example_dags/example_short_circuit_decorator.py for tasks to queue
[2024-10-08T09:30:42.258+0000] {logging_mixin.py:190} INFO - [2024-10-08T09:30:42.258+0000] {dagbag.py:588} INFO - Filling up the DagBag from /root/miniconda3/envs/project/lib/python3.8/site-packages/airflow/example_dags/example_short_circuit_decorator.py
[2024-10-08T09:30:42.274+0000] {processor.py:925} INFO - DAG(s) 'example_short_circuit_decorator' retrieved from /root/miniconda3/envs/project/lib/python3.8/site-packages/airflow/example_dags/example_short_circuit_decorator.py
[2024-10-08T09:30:42.413+0000] {logging_mixin.py:190} INFO - [2024-10-08T09:30:42.412+0000] {dag.py:3239} INFO - Sync 1 DAGs
[2024-10-08T09:30:42.427+0000] {logging_mixin.py:190} INFO - [2024-10-08T09:30:42.427+0000] {dag.py:4180} INFO - Setting next_dagrun for example_short_circuit_decorator to None, run_after=None
[2024-10-08T09:30:42.462+0000] {processor.py:208} INFO - Processing /root/miniconda3/envs/project/lib/python3.8/site-packages/airflow/example_dags/example_short_circuit_decorator.py took 0.222 seconds
[2024-10-08T09:32:12.092+0000] {processor.py:186} INFO - Started process (PID=229012) to work on /root/miniconda3/envs/project/lib/python3.8/site-packages/airflow/example_dags/example_short_circuit_decorator.py
[2024-10-08T09:32:12.096+0000] {processor.py:914} INFO - Processing file /root/miniconda3/envs/project/lib/python3.8/site-packages/airflow/example_dags/example_short_circuit_decorator.py for tasks to queue
[2024-10-08T09:32:12.099+0000] {logging_mixin.py:190} INFO - [2024-10-08T09:32:12.098+0000] {dagbag.py:588} INFO - Filling up the DagBag from /root/miniconda3/envs/project/lib/python3.8/site-packages/airflow/example_dags/example_short_circuit_decorator.py
[2024-10-08T09:32:12.115+0000] {processor.py:925} INFO - DAG(s) 'example_short_circuit_decorator' retrieved from /root/miniconda3/envs/project/lib/python3.8/site-packages/airflow/example_dags/example_short_circuit_decorator.py
[2024-10-08T09:32:12.143+0000] {logging_mixin.py:190} INFO - [2024-10-08T09:32:12.143+0000] {dag.py:3239} INFO - Sync 1 DAGs
[2024-10-08T09:32:12.161+0000] {logging_mixin.py:190} INFO - [2024-10-08T09:32:12.160+0000] {dag.py:4180} INFO - Setting next_dagrun for example_short_circuit_decorator to None, run_after=None
[2024-10-08T09:32:12.192+0000] {processor.py:208} INFO - Processing /root/miniconda3/envs/project/lib/python3.8/site-packages/airflow/example_dags/example_short_circuit_decorator.py took 0.111 seconds
[2024-10-08T09:33:23.526+0000] {processor.py:186} INFO - Started process (PID=229295) to work on /root/miniconda3/envs/project/lib/python3.8/site-packages/airflow/example_dags/example_short_circuit_decorator.py
[2024-10-08T09:33:23.529+0000] {processor.py:914} INFO - Processing file /root/miniconda3/envs/project/lib/python3.8/site-packages/airflow/example_dags/example_short_circuit_decorator.py for tasks to queue
[2024-10-08T09:33:23.533+0000] {logging_mixin.py:190} INFO - [2024-10-08T09:33:23.532+0000] {dagbag.py:588} INFO - Filling up the DagBag from /root/miniconda3/envs/project/lib/python3.8/site-packages/airflow/example_dags/example_short_circuit_decorator.py
[2024-10-08T09:33:23.550+0000] {processor.py:925} INFO - DAG(s) 'example_short_circuit_decorator' retrieved from /root/miniconda3/envs/project/lib/python3.8/site-packages/airflow/example_dags/example_short_circuit_decorator.py
[2024-10-08T09:33:23.600+0000] {logging_mixin.py:190} INFO - [2024-10-08T09:33:23.599+0000] {dag.py:3239} INFO - Sync 1 DAGs
[2024-10-08T09:33:23.634+0000] {logging_mixin.py:190} INFO - [2024-10-08T09:33:23.633+0000] {dag.py:4180} INFO - Setting next_dagrun for example_short_circuit_decorator to None, run_after=None
[2024-10-08T09:33:23.694+0000] {processor.py:208} INFO - Processing /root/miniconda3/envs/project/lib/python3.8/site-packages/airflow/example_dags/example_short_circuit_decorator.py took 0.178 seconds
