[2024-10-08T07:58:04.575+0000] {processor.py:186} INFO - Started process (PID=207229) to work on /root/miniconda3/envs/project/lib/python3.8/site-packages/airflow/example_dags/example_branch_operator.py
[2024-10-08T07:58:04.577+0000] {processor.py:914} INFO - Processing file /root/miniconda3/envs/project/lib/python3.8/site-packages/airflow/example_dags/example_branch_operator.py for tasks to queue
[2024-10-08T07:58:04.580+0000] {logging_mixin.py:190} INFO - [2024-10-08T07:58:04.579+0000] {dagbag.py:588} INFO - Filling up the DagBag from /root/miniconda3/envs/project/lib/python3.8/site-packages/airflow/example_dags/example_branch_operator.py
[2024-10-08T07:58:04.584+0000] {processor.py:927} WARNING - No viable dags retrieved from /root/miniconda3/envs/project/lib/python3.8/site-packages/airflow/example_dags/example_branch_operator.py
[2024-10-08T07:58:04.601+0000] {processor.py:208} INFO - Processing /root/miniconda3/envs/project/lib/python3.8/site-packages/airflow/example_dags/example_branch_operator.py took 0.037 seconds
[2024-10-08T07:59:22.567+0000] {processor.py:186} INFO - Started process (PID=207498) to work on /root/miniconda3/envs/project/lib/python3.8/site-packages/airflow/example_dags/example_branch_operator.py
[2024-10-08T07:59:22.570+0000] {processor.py:914} INFO - Processing file /root/miniconda3/envs/project/lib/python3.8/site-packages/airflow/example_dags/example_branch_operator.py for tasks to queue
[2024-10-08T07:59:22.573+0000] {logging_mixin.py:190} INFO - [2024-10-08T07:59:22.573+0000] {dagbag.py:588} INFO - Filling up the DagBag from /root/miniconda3/envs/project/lib/python3.8/site-packages/airflow/example_dags/example_branch_operator.py
[2024-10-08T07:59:22.577+0000] {processor.py:927} WARNING - No viable dags retrieved from /root/miniconda3/envs/project/lib/python3.8/site-packages/airflow/example_dags/example_branch_operator.py
[2024-10-08T07:59:22.593+0000] {processor.py:208} INFO - Processing /root/miniconda3/envs/project/lib/python3.8/site-packages/airflow/example_dags/example_branch_operator.py took 0.038 seconds
[2024-10-08T08:00:33.238+0000] {processor.py:186} INFO - Started process (PID=207706) to work on /root/miniconda3/envs/project/lib/python3.8/site-packages/airflow/example_dags/example_branch_operator.py
[2024-10-08T08:00:33.241+0000] {processor.py:914} INFO - Processing file /root/miniconda3/envs/project/lib/python3.8/site-packages/airflow/example_dags/example_branch_operator.py for tasks to queue
[2024-10-08T08:00:33.245+0000] {logging_mixin.py:190} INFO - [2024-10-08T08:00:33.244+0000] {dagbag.py:588} INFO - Filling up the DagBag from /root/miniconda3/envs/project/lib/python3.8/site-packages/airflow/example_dags/example_branch_operator.py
[2024-10-08T08:00:33.249+0000] {processor.py:927} WARNING - No viable dags retrieved from /root/miniconda3/envs/project/lib/python3.8/site-packages/airflow/example_dags/example_branch_operator.py
[2024-10-08T08:00:33.266+0000] {processor.py:208} INFO - Processing /root/miniconda3/envs/project/lib/python3.8/site-packages/airflow/example_dags/example_branch_operator.py took 0.039 seconds
[2024-10-08T08:01:48.982+0000] {processor.py:186} INFO - Started process (PID=208058) to work on /root/miniconda3/envs/project/lib/python3.8/site-packages/airflow/example_dags/example_branch_operator.py
[2024-10-08T08:01:48.985+0000] {processor.py:914} INFO - Processing file /root/miniconda3/envs/project/lib/python3.8/site-packages/airflow/example_dags/example_branch_operator.py for tasks to queue
[2024-10-08T08:01:48.989+0000] {logging_mixin.py:190} INFO - [2024-10-08T08:01:48.988+0000] {dagbag.py:588} INFO - Filling up the DagBag from /root/miniconda3/envs/project/lib/python3.8/site-packages/airflow/example_dags/example_branch_operator.py
[2024-10-08T08:01:48.993+0000] {processor.py:927} WARNING - No viable dags retrieved from /root/miniconda3/envs/project/lib/python3.8/site-packages/airflow/example_dags/example_branch_operator.py
[2024-10-08T08:01:49.009+0000] {processor.py:208} INFO - Processing /root/miniconda3/envs/project/lib/python3.8/site-packages/airflow/example_dags/example_branch_operator.py took 0.037 seconds
[2024-10-08T08:02:58.744+0000] {processor.py:186} INFO - Started process (PID=208352) to work on /root/miniconda3/envs/project/lib/python3.8/site-packages/airflow/example_dags/example_branch_operator.py
[2024-10-08T08:02:58.747+0000] {processor.py:914} INFO - Processing file /root/miniconda3/envs/project/lib/python3.8/site-packages/airflow/example_dags/example_branch_operator.py for tasks to queue
[2024-10-08T08:02:58.750+0000] {logging_mixin.py:190} INFO - [2024-10-08T08:02:58.750+0000] {dagbag.py:588} INFO - Filling up the DagBag from /root/miniconda3/envs/project/lib/python3.8/site-packages/airflow/example_dags/example_branch_operator.py
[2024-10-08T08:02:58.754+0000] {processor.py:927} WARNING - No viable dags retrieved from /root/miniconda3/envs/project/lib/python3.8/site-packages/airflow/example_dags/example_branch_operator.py
[2024-10-08T08:02:58.770+0000] {processor.py:208} INFO - Processing /root/miniconda3/envs/project/lib/python3.8/site-packages/airflow/example_dags/example_branch_operator.py took 0.039 seconds
[2024-10-08T08:04:07.918+0000] {processor.py:186} INFO - Started process (PID=208558) to work on /root/miniconda3/envs/project/lib/python3.8/site-packages/airflow/example_dags/example_branch_operator.py
[2024-10-08T08:04:07.920+0000] {processor.py:914} INFO - Processing file /root/miniconda3/envs/project/lib/python3.8/site-packages/airflow/example_dags/example_branch_operator.py for tasks to queue
[2024-10-08T08:04:07.924+0000] {logging_mixin.py:190} INFO - [2024-10-08T08:04:07.923+0000] {dagbag.py:588} INFO - Filling up the DagBag from /root/miniconda3/envs/project/lib/python3.8/site-packages/airflow/example_dags/example_branch_operator.py
[2024-10-08T08:04:07.928+0000] {processor.py:927} WARNING - No viable dags retrieved from /root/miniconda3/envs/project/lib/python3.8/site-packages/airflow/example_dags/example_branch_operator.py
[2024-10-08T08:04:07.943+0000] {processor.py:208} INFO - Processing /root/miniconda3/envs/project/lib/python3.8/site-packages/airflow/example_dags/example_branch_operator.py took 0.035 seconds
[2024-10-08T08:05:15.090+0000] {processor.py:186} INFO - Started process (PID=208760) to work on /root/miniconda3/envs/project/lib/python3.8/site-packages/airflow/example_dags/example_branch_operator.py
[2024-10-08T08:05:15.094+0000] {processor.py:914} INFO - Processing file /root/miniconda3/envs/project/lib/python3.8/site-packages/airflow/example_dags/example_branch_operator.py for tasks to queue
[2024-10-08T08:05:15.097+0000] {logging_mixin.py:190} INFO - [2024-10-08T08:05:15.097+0000] {dagbag.py:588} INFO - Filling up the DagBag from /root/miniconda3/envs/project/lib/python3.8/site-packages/airflow/example_dags/example_branch_operator.py
[2024-10-08T08:05:15.102+0000] {processor.py:927} WARNING - No viable dags retrieved from /root/miniconda3/envs/project/lib/python3.8/site-packages/airflow/example_dags/example_branch_operator.py
[2024-10-08T08:05:15.118+0000] {processor.py:208} INFO - Processing /root/miniconda3/envs/project/lib/python3.8/site-packages/airflow/example_dags/example_branch_operator.py took 0.041 seconds
[2024-10-08T08:06:16.965+0000] {processor.py:186} INFO - Started process (PID=208946) to work on /root/miniconda3/envs/project/lib/python3.8/site-packages/airflow/example_dags/example_branch_operator.py
[2024-10-08T08:06:16.968+0000] {processor.py:914} INFO - Processing file /root/miniconda3/envs/project/lib/python3.8/site-packages/airflow/example_dags/example_branch_operator.py for tasks to queue
[2024-10-08T08:06:16.971+0000] {logging_mixin.py:190} INFO - [2024-10-08T08:06:16.971+0000] {dagbag.py:588} INFO - Filling up the DagBag from /root/miniconda3/envs/project/lib/python3.8/site-packages/airflow/example_dags/example_branch_operator.py
[2024-10-08T08:06:16.975+0000] {processor.py:927} WARNING - No viable dags retrieved from /root/miniconda3/envs/project/lib/python3.8/site-packages/airflow/example_dags/example_branch_operator.py
[2024-10-08T08:06:16.992+0000] {processor.py:208} INFO - Processing /root/miniconda3/envs/project/lib/python3.8/site-packages/airflow/example_dags/example_branch_operator.py took 0.037 seconds
[2024-10-08T08:07:22.152+0000] {processor.py:186} INFO - Started process (PID=209175) to work on /root/miniconda3/envs/project/lib/python3.8/site-packages/airflow/example_dags/example_branch_operator.py
[2024-10-08T08:07:22.155+0000] {processor.py:914} INFO - Processing file /root/miniconda3/envs/project/lib/python3.8/site-packages/airflow/example_dags/example_branch_operator.py for tasks to queue
[2024-10-08T08:07:22.158+0000] {logging_mixin.py:190} INFO - [2024-10-08T08:07:22.158+0000] {dagbag.py:588} INFO - Filling up the DagBag from /root/miniconda3/envs/project/lib/python3.8/site-packages/airflow/example_dags/example_branch_operator.py
[2024-10-08T08:07:22.162+0000] {processor.py:927} WARNING - No viable dags retrieved from /root/miniconda3/envs/project/lib/python3.8/site-packages/airflow/example_dags/example_branch_operator.py
[2024-10-08T08:07:22.178+0000] {processor.py:208} INFO - Processing /root/miniconda3/envs/project/lib/python3.8/site-packages/airflow/example_dags/example_branch_operator.py took 0.037 seconds
[2024-10-08T08:08:31.711+0000] {processor.py:186} INFO - Started process (PID=209603) to work on /root/miniconda3/envs/project/lib/python3.8/site-packages/airflow/example_dags/example_branch_operator.py
[2024-10-08T08:08:31.714+0000] {processor.py:914} INFO - Processing file /root/miniconda3/envs/project/lib/python3.8/site-packages/airflow/example_dags/example_branch_operator.py for tasks to queue
[2024-10-08T08:08:31.717+0000] {logging_mixin.py:190} INFO - [2024-10-08T08:08:31.717+0000] {dagbag.py:588} INFO - Filling up the DagBag from /root/miniconda3/envs/project/lib/python3.8/site-packages/airflow/example_dags/example_branch_operator.py
[2024-10-08T08:08:31.722+0000] {processor.py:927} WARNING - No viable dags retrieved from /root/miniconda3/envs/project/lib/python3.8/site-packages/airflow/example_dags/example_branch_operator.py
[2024-10-08T08:08:31.738+0000] {processor.py:208} INFO - Processing /root/miniconda3/envs/project/lib/python3.8/site-packages/airflow/example_dags/example_branch_operator.py took 0.037 seconds
[2024-10-08T08:13:30.847+0000] {processor.py:186} INFO - Started process (PID=211161) to work on /root/miniconda3/envs/project/lib/python3.8/site-packages/airflow/example_dags/example_branch_operator.py
[2024-10-08T08:13:30.850+0000] {processor.py:914} INFO - Processing file /root/miniconda3/envs/project/lib/python3.8/site-packages/airflow/example_dags/example_branch_operator.py for tasks to queue
[2024-10-08T08:13:30.853+0000] {logging_mixin.py:190} INFO - [2024-10-08T08:13:30.852+0000] {dagbag.py:588} INFO - Filling up the DagBag from /root/miniconda3/envs/project/lib/python3.8/site-packages/airflow/example_dags/example_branch_operator.py
[2024-10-08T08:13:30.857+0000] {processor.py:927} WARNING - No viable dags retrieved from /root/miniconda3/envs/project/lib/python3.8/site-packages/airflow/example_dags/example_branch_operator.py
[2024-10-08T08:13:30.874+0000] {processor.py:208} INFO - Processing /root/miniconda3/envs/project/lib/python3.8/site-packages/airflow/example_dags/example_branch_operator.py took 0.037 seconds
[2024-10-08T08:14:41.549+0000] {processor.py:186} INFO - Started process (PID=211439) to work on /root/miniconda3/envs/project/lib/python3.8/site-packages/airflow/example_dags/example_branch_operator.py
[2024-10-08T08:14:41.552+0000] {processor.py:914} INFO - Processing file /root/miniconda3/envs/project/lib/python3.8/site-packages/airflow/example_dags/example_branch_operator.py for tasks to queue
[2024-10-08T08:14:41.555+0000] {logging_mixin.py:190} INFO - [2024-10-08T08:14:41.555+0000] {dagbag.py:588} INFO - Filling up the DagBag from /root/miniconda3/envs/project/lib/python3.8/site-packages/airflow/example_dags/example_branch_operator.py
[2024-10-08T08:14:41.560+0000] {processor.py:927} WARNING - No viable dags retrieved from /root/miniconda3/envs/project/lib/python3.8/site-packages/airflow/example_dags/example_branch_operator.py
[2024-10-08T08:14:41.576+0000] {processor.py:208} INFO - Processing /root/miniconda3/envs/project/lib/python3.8/site-packages/airflow/example_dags/example_branch_operator.py took 0.039 seconds
[2024-10-08T08:15:50.268+0000] {processor.py:186} INFO - Started process (PID=211641) to work on /root/miniconda3/envs/project/lib/python3.8/site-packages/airflow/example_dags/example_branch_operator.py
[2024-10-08T08:15:50.271+0000] {processor.py:914} INFO - Processing file /root/miniconda3/envs/project/lib/python3.8/site-packages/airflow/example_dags/example_branch_operator.py for tasks to queue
[2024-10-08T08:15:50.274+0000] {logging_mixin.py:190} INFO - [2024-10-08T08:15:50.273+0000] {dagbag.py:588} INFO - Filling up the DagBag from /root/miniconda3/envs/project/lib/python3.8/site-packages/airflow/example_dags/example_branch_operator.py
[2024-10-08T08:15:50.278+0000] {processor.py:927} WARNING - No viable dags retrieved from /root/miniconda3/envs/project/lib/python3.8/site-packages/airflow/example_dags/example_branch_operator.py
[2024-10-08T08:15:50.299+0000] {processor.py:208} INFO - Processing /root/miniconda3/envs/project/lib/python3.8/site-packages/airflow/example_dags/example_branch_operator.py took 0.043 seconds
[2024-10-08T08:16:58.857+0000] {processor.py:186} INFO - Started process (PID=211847) to work on /root/miniconda3/envs/project/lib/python3.8/site-packages/airflow/example_dags/example_branch_operator.py
[2024-10-08T08:16:58.861+0000] {processor.py:914} INFO - Processing file /root/miniconda3/envs/project/lib/python3.8/site-packages/airflow/example_dags/example_branch_operator.py for tasks to queue
[2024-10-08T08:16:58.864+0000] {logging_mixin.py:190} INFO - [2024-10-08T08:16:58.863+0000] {dagbag.py:588} INFO - Filling up the DagBag from /root/miniconda3/envs/project/lib/python3.8/site-packages/airflow/example_dags/example_branch_operator.py
[2024-10-08T08:16:58.868+0000] {processor.py:927} WARNING - No viable dags retrieved from /root/miniconda3/envs/project/lib/python3.8/site-packages/airflow/example_dags/example_branch_operator.py
[2024-10-08T08:16:58.884+0000] {processor.py:208} INFO - Processing /root/miniconda3/envs/project/lib/python3.8/site-packages/airflow/example_dags/example_branch_operator.py took 0.037 seconds
[2024-10-08T08:18:08.467+0000] {processor.py:186} INFO - Started process (PID=212097) to work on /root/miniconda3/envs/project/lib/python3.8/site-packages/airflow/example_dags/example_branch_operator.py
[2024-10-08T08:18:08.470+0000] {processor.py:914} INFO - Processing file /root/miniconda3/envs/project/lib/python3.8/site-packages/airflow/example_dags/example_branch_operator.py for tasks to queue
[2024-10-08T08:18:08.473+0000] {logging_mixin.py:190} INFO - [2024-10-08T08:18:08.472+0000] {dagbag.py:588} INFO - Filling up the DagBag from /root/miniconda3/envs/project/lib/python3.8/site-packages/airflow/example_dags/example_branch_operator.py
[2024-10-08T08:18:08.477+0000] {processor.py:927} WARNING - No viable dags retrieved from /root/miniconda3/envs/project/lib/python3.8/site-packages/airflow/example_dags/example_branch_operator.py
[2024-10-08T08:18:08.495+0000] {processor.py:208} INFO - Processing /root/miniconda3/envs/project/lib/python3.8/site-packages/airflow/example_dags/example_branch_operator.py took 0.040 seconds
[2024-10-08T08:19:21.001+0000] {processor.py:186} INFO - Started process (PID=212302) to work on /root/miniconda3/envs/project/lib/python3.8/site-packages/airflow/example_dags/example_branch_operator.py
[2024-10-08T08:19:21.004+0000] {processor.py:914} INFO - Processing file /root/miniconda3/envs/project/lib/python3.8/site-packages/airflow/example_dags/example_branch_operator.py for tasks to queue
[2024-10-08T08:19:21.007+0000] {logging_mixin.py:190} INFO - [2024-10-08T08:19:21.007+0000] {dagbag.py:588} INFO - Filling up the DagBag from /root/miniconda3/envs/project/lib/python3.8/site-packages/airflow/example_dags/example_branch_operator.py
[2024-10-08T08:19:21.011+0000] {processor.py:927} WARNING - No viable dags retrieved from /root/miniconda3/envs/project/lib/python3.8/site-packages/airflow/example_dags/example_branch_operator.py
[2024-10-08T08:19:21.027+0000] {processor.py:208} INFO - Processing /root/miniconda3/envs/project/lib/python3.8/site-packages/airflow/example_dags/example_branch_operator.py took 0.036 seconds
[2024-10-08T08:20:26.004+0000] {processor.py:186} INFO - Started process (PID=212484) to work on /root/miniconda3/envs/project/lib/python3.8/site-packages/airflow/example_dags/example_branch_operator.py
[2024-10-08T08:20:26.006+0000] {processor.py:914} INFO - Processing file /root/miniconda3/envs/project/lib/python3.8/site-packages/airflow/example_dags/example_branch_operator.py for tasks to queue
[2024-10-08T08:20:26.010+0000] {logging_mixin.py:190} INFO - [2024-10-08T08:20:26.009+0000] {dagbag.py:588} INFO - Filling up the DagBag from /root/miniconda3/envs/project/lib/python3.8/site-packages/airflow/example_dags/example_branch_operator.py
[2024-10-08T08:20:26.014+0000] {processor.py:927} WARNING - No viable dags retrieved from /root/miniconda3/envs/project/lib/python3.8/site-packages/airflow/example_dags/example_branch_operator.py
[2024-10-08T08:20:26.030+0000] {processor.py:208} INFO - Processing /root/miniconda3/envs/project/lib/python3.8/site-packages/airflow/example_dags/example_branch_operator.py took 0.038 seconds
[2024-10-08T08:21:41.979+0000] {processor.py:186} INFO - Started process (PID=212748) to work on /root/miniconda3/envs/project/lib/python3.8/site-packages/airflow/example_dags/example_branch_operator.py
[2024-10-08T08:21:41.983+0000] {processor.py:914} INFO - Processing file /root/miniconda3/envs/project/lib/python3.8/site-packages/airflow/example_dags/example_branch_operator.py for tasks to queue
[2024-10-08T08:21:41.986+0000] {logging_mixin.py:190} INFO - [2024-10-08T08:21:41.986+0000] {dagbag.py:588} INFO - Filling up the DagBag from /root/miniconda3/envs/project/lib/python3.8/site-packages/airflow/example_dags/example_branch_operator.py
[2024-10-08T08:21:41.991+0000] {processor.py:927} WARNING - No viable dags retrieved from /root/miniconda3/envs/project/lib/python3.8/site-packages/airflow/example_dags/example_branch_operator.py
[2024-10-08T08:21:42.007+0000] {processor.py:208} INFO - Processing /root/miniconda3/envs/project/lib/python3.8/site-packages/airflow/example_dags/example_branch_operator.py took 0.039 seconds
[2024-10-08T08:22:50.262+0000] {processor.py:186} INFO - Started process (PID=212995) to work on /root/miniconda3/envs/project/lib/python3.8/site-packages/airflow/example_dags/example_branch_operator.py
[2024-10-08T08:22:50.265+0000] {processor.py:914} INFO - Processing file /root/miniconda3/envs/project/lib/python3.8/site-packages/airflow/example_dags/example_branch_operator.py for tasks to queue
[2024-10-08T08:22:50.269+0000] {logging_mixin.py:190} INFO - [2024-10-08T08:22:50.268+0000] {dagbag.py:588} INFO - Filling up the DagBag from /root/miniconda3/envs/project/lib/python3.8/site-packages/airflow/example_dags/example_branch_operator.py
[2024-10-08T08:22:50.273+0000] {processor.py:927} WARNING - No viable dags retrieved from /root/miniconda3/envs/project/lib/python3.8/site-packages/airflow/example_dags/example_branch_operator.py
[2024-10-08T08:22:50.291+0000] {processor.py:208} INFO - Processing /root/miniconda3/envs/project/lib/python3.8/site-packages/airflow/example_dags/example_branch_operator.py took 0.041 seconds
[2024-10-08T08:23:54.037+0000] {processor.py:186} INFO - Started process (PID=213181) to work on /root/miniconda3/envs/project/lib/python3.8/site-packages/airflow/example_dags/example_branch_operator.py
[2024-10-08T08:23:54.040+0000] {processor.py:914} INFO - Processing file /root/miniconda3/envs/project/lib/python3.8/site-packages/airflow/example_dags/example_branch_operator.py for tasks to queue
[2024-10-08T08:23:54.043+0000] {logging_mixin.py:190} INFO - [2024-10-08T08:23:54.043+0000] {dagbag.py:588} INFO - Filling up the DagBag from /root/miniconda3/envs/project/lib/python3.8/site-packages/airflow/example_dags/example_branch_operator.py
[2024-10-08T08:23:54.047+0000] {processor.py:927} WARNING - No viable dags retrieved from /root/miniconda3/envs/project/lib/python3.8/site-packages/airflow/example_dags/example_branch_operator.py
[2024-10-08T08:23:54.064+0000] {processor.py:208} INFO - Processing /root/miniconda3/envs/project/lib/python3.8/site-packages/airflow/example_dags/example_branch_operator.py took 0.036 seconds
[2024-10-08T08:37:45.211+0000] {processor.py:186} INFO - Started process (PID=215140) to work on /root/miniconda3/envs/project/lib/python3.8/site-packages/airflow/example_dags/example_branch_operator.py
[2024-10-08T08:37:45.213+0000] {processor.py:914} INFO - Processing file /root/miniconda3/envs/project/lib/python3.8/site-packages/airflow/example_dags/example_branch_operator.py for tasks to queue
[2024-10-08T08:37:45.216+0000] {logging_mixin.py:190} INFO - [2024-10-08T08:37:45.216+0000] {dagbag.py:588} INFO - Filling up the DagBag from /root/miniconda3/envs/project/lib/python3.8/site-packages/airflow/example_dags/example_branch_operator.py
[2024-10-08T08:37:45.220+0000] {processor.py:927} WARNING - No viable dags retrieved from /root/miniconda3/envs/project/lib/python3.8/site-packages/airflow/example_dags/example_branch_operator.py
[2024-10-08T08:37:45.236+0000] {processor.py:208} INFO - Processing /root/miniconda3/envs/project/lib/python3.8/site-packages/airflow/example_dags/example_branch_operator.py took 0.036 seconds
[2024-10-08T08:38:55.119+0000] {processor.py:186} INFO - Started process (PID=215546) to work on /root/miniconda3/envs/project/lib/python3.8/site-packages/airflow/example_dags/example_branch_operator.py
[2024-10-08T08:38:55.122+0000] {processor.py:914} INFO - Processing file /root/miniconda3/envs/project/lib/python3.8/site-packages/airflow/example_dags/example_branch_operator.py for tasks to queue
[2024-10-08T08:38:55.126+0000] {logging_mixin.py:190} INFO - [2024-10-08T08:38:55.125+0000] {dagbag.py:588} INFO - Filling up the DagBag from /root/miniconda3/envs/project/lib/python3.8/site-packages/airflow/example_dags/example_branch_operator.py
[2024-10-08T08:38:55.130+0000] {processor.py:927} WARNING - No viable dags retrieved from /root/miniconda3/envs/project/lib/python3.8/site-packages/airflow/example_dags/example_branch_operator.py
[2024-10-08T08:38:55.147+0000] {processor.py:208} INFO - Processing /root/miniconda3/envs/project/lib/python3.8/site-packages/airflow/example_dags/example_branch_operator.py took 0.038 seconds
[2024-10-08T08:40:07.943+0000] {processor.py:186} INFO - Started process (PID=215774) to work on /root/miniconda3/envs/project/lib/python3.8/site-packages/airflow/example_dags/example_branch_operator.py
[2024-10-08T08:40:07.947+0000] {processor.py:914} INFO - Processing file /root/miniconda3/envs/project/lib/python3.8/site-packages/airflow/example_dags/example_branch_operator.py for tasks to queue
[2024-10-08T08:40:07.950+0000] {logging_mixin.py:190} INFO - [2024-10-08T08:40:07.949+0000] {dagbag.py:588} INFO - Filling up the DagBag from /root/miniconda3/envs/project/lib/python3.8/site-packages/airflow/example_dags/example_branch_operator.py
[2024-10-08T08:40:07.954+0000] {processor.py:927} WARNING - No viable dags retrieved from /root/miniconda3/envs/project/lib/python3.8/site-packages/airflow/example_dags/example_branch_operator.py
[2024-10-08T08:40:07.971+0000] {processor.py:208} INFO - Processing /root/miniconda3/envs/project/lib/python3.8/site-packages/airflow/example_dags/example_branch_operator.py took 0.039 seconds
[2024-10-08T08:41:16.208+0000] {processor.py:186} INFO - Started process (PID=216248) to work on /root/miniconda3/envs/project/lib/python3.8/site-packages/airflow/example_dags/example_branch_operator.py
[2024-10-08T08:41:16.212+0000] {processor.py:914} INFO - Processing file /root/miniconda3/envs/project/lib/python3.8/site-packages/airflow/example_dags/example_branch_operator.py for tasks to queue
[2024-10-08T08:41:16.215+0000] {logging_mixin.py:190} INFO - [2024-10-08T08:41:16.215+0000] {dagbag.py:588} INFO - Filling up the DagBag from /root/miniconda3/envs/project/lib/python3.8/site-packages/airflow/example_dags/example_branch_operator.py
[2024-10-08T08:41:16.219+0000] {processor.py:927} WARNING - No viable dags retrieved from /root/miniconda3/envs/project/lib/python3.8/site-packages/airflow/example_dags/example_branch_operator.py
[2024-10-08T08:41:16.236+0000] {processor.py:208} INFO - Processing /root/miniconda3/envs/project/lib/python3.8/site-packages/airflow/example_dags/example_branch_operator.py took 0.039 seconds
[2024-10-08T08:42:23.203+0000] {processor.py:186} INFO - Started process (PID=216579) to work on /root/miniconda3/envs/project/lib/python3.8/site-packages/airflow/example_dags/example_branch_operator.py
[2024-10-08T08:42:23.207+0000] {processor.py:914} INFO - Processing file /root/miniconda3/envs/project/lib/python3.8/site-packages/airflow/example_dags/example_branch_operator.py for tasks to queue
[2024-10-08T08:42:23.210+0000] {logging_mixin.py:190} INFO - [2024-10-08T08:42:23.209+0000] {dagbag.py:588} INFO - Filling up the DagBag from /root/miniconda3/envs/project/lib/python3.8/site-packages/airflow/example_dags/example_branch_operator.py
[2024-10-08T08:42:23.214+0000] {processor.py:927} WARNING - No viable dags retrieved from /root/miniconda3/envs/project/lib/python3.8/site-packages/airflow/example_dags/example_branch_operator.py
[2024-10-08T08:42:23.231+0000] {processor.py:208} INFO - Processing /root/miniconda3/envs/project/lib/python3.8/site-packages/airflow/example_dags/example_branch_operator.py took 0.038 seconds
[2024-10-08T08:43:30.005+0000] {processor.py:186} INFO - Started process (PID=216797) to work on /root/miniconda3/envs/project/lib/python3.8/site-packages/airflow/example_dags/example_branch_operator.py
[2024-10-08T08:43:30.008+0000] {processor.py:914} INFO - Processing file /root/miniconda3/envs/project/lib/python3.8/site-packages/airflow/example_dags/example_branch_operator.py for tasks to queue
[2024-10-08T08:43:30.012+0000] {logging_mixin.py:190} INFO - [2024-10-08T08:43:30.011+0000] {dagbag.py:588} INFO - Filling up the DagBag from /root/miniconda3/envs/project/lib/python3.8/site-packages/airflow/example_dags/example_branch_operator.py
[2024-10-08T08:43:30.016+0000] {processor.py:927} WARNING - No viable dags retrieved from /root/miniconda3/envs/project/lib/python3.8/site-packages/airflow/example_dags/example_branch_operator.py
[2024-10-08T08:43:30.033+0000] {processor.py:208} INFO - Processing /root/miniconda3/envs/project/lib/python3.8/site-packages/airflow/example_dags/example_branch_operator.py took 0.038 seconds
[2024-10-08T08:44:39.890+0000] {processor.py:186} INFO - Started process (PID=217078) to work on /root/miniconda3/envs/project/lib/python3.8/site-packages/airflow/example_dags/example_branch_operator.py
[2024-10-08T08:44:39.893+0000] {processor.py:914} INFO - Processing file /root/miniconda3/envs/project/lib/python3.8/site-packages/airflow/example_dags/example_branch_operator.py for tasks to queue
[2024-10-08T08:44:39.896+0000] {logging_mixin.py:190} INFO - [2024-10-08T08:44:39.896+0000] {dagbag.py:588} INFO - Filling up the DagBag from /root/miniconda3/envs/project/lib/python3.8/site-packages/airflow/example_dags/example_branch_operator.py
[2024-10-08T08:44:39.901+0000] {processor.py:927} WARNING - No viable dags retrieved from /root/miniconda3/envs/project/lib/python3.8/site-packages/airflow/example_dags/example_branch_operator.py
[2024-10-08T08:44:39.918+0000] {processor.py:208} INFO - Processing /root/miniconda3/envs/project/lib/python3.8/site-packages/airflow/example_dags/example_branch_operator.py took 0.041 seconds
[2024-10-08T08:45:54.505+0000] {processor.py:186} INFO - Started process (PID=217310) to work on /root/miniconda3/envs/project/lib/python3.8/site-packages/airflow/example_dags/example_branch_operator.py
[2024-10-08T08:45:54.508+0000] {processor.py:914} INFO - Processing file /root/miniconda3/envs/project/lib/python3.8/site-packages/airflow/example_dags/example_branch_operator.py for tasks to queue
[2024-10-08T08:45:54.511+0000] {logging_mixin.py:190} INFO - [2024-10-08T08:45:54.510+0000] {dagbag.py:588} INFO - Filling up the DagBag from /root/miniconda3/envs/project/lib/python3.8/site-packages/airflow/example_dags/example_branch_operator.py
[2024-10-08T08:45:54.515+0000] {processor.py:927} WARNING - No viable dags retrieved from /root/miniconda3/envs/project/lib/python3.8/site-packages/airflow/example_dags/example_branch_operator.py
[2024-10-08T08:45:54.532+0000] {processor.py:208} INFO - Processing /root/miniconda3/envs/project/lib/python3.8/site-packages/airflow/example_dags/example_branch_operator.py took 0.037 seconds
[2024-10-08T08:47:05.353+0000] {processor.py:186} INFO - Started process (PID=217670) to work on /root/miniconda3/envs/project/lib/python3.8/site-packages/airflow/example_dags/example_branch_operator.py
[2024-10-08T08:47:05.356+0000] {processor.py:914} INFO - Processing file /root/miniconda3/envs/project/lib/python3.8/site-packages/airflow/example_dags/example_branch_operator.py for tasks to queue
[2024-10-08T08:47:05.359+0000] {logging_mixin.py:190} INFO - [2024-10-08T08:47:05.359+0000] {dagbag.py:588} INFO - Filling up the DagBag from /root/miniconda3/envs/project/lib/python3.8/site-packages/airflow/example_dags/example_branch_operator.py
[2024-10-08T08:47:05.364+0000] {processor.py:927} WARNING - No viable dags retrieved from /root/miniconda3/envs/project/lib/python3.8/site-packages/airflow/example_dags/example_branch_operator.py
[2024-10-08T08:47:05.380+0000] {processor.py:208} INFO - Processing /root/miniconda3/envs/project/lib/python3.8/site-packages/airflow/example_dags/example_branch_operator.py took 0.041 seconds
[2024-10-08T08:48:18.219+0000] {processor.py:186} INFO - Started process (PID=217959) to work on /root/miniconda3/envs/project/lib/python3.8/site-packages/airflow/example_dags/example_branch_operator.py
[2024-10-08T08:48:18.222+0000] {processor.py:914} INFO - Processing file /root/miniconda3/envs/project/lib/python3.8/site-packages/airflow/example_dags/example_branch_operator.py for tasks to queue
[2024-10-08T08:48:18.225+0000] {logging_mixin.py:190} INFO - [2024-10-08T08:48:18.225+0000] {dagbag.py:588} INFO - Filling up the DagBag from /root/miniconda3/envs/project/lib/python3.8/site-packages/airflow/example_dags/example_branch_operator.py
[2024-10-08T08:48:18.229+0000] {processor.py:927} WARNING - No viable dags retrieved from /root/miniconda3/envs/project/lib/python3.8/site-packages/airflow/example_dags/example_branch_operator.py
[2024-10-08T08:48:18.245+0000] {processor.py:208} INFO - Processing /root/miniconda3/envs/project/lib/python3.8/site-packages/airflow/example_dags/example_branch_operator.py took 0.036 seconds
[2024-10-08T08:49:29.057+0000] {processor.py:186} INFO - Started process (PID=218182) to work on /root/miniconda3/envs/project/lib/python3.8/site-packages/airflow/example_dags/example_branch_operator.py
[2024-10-08T08:49:29.060+0000] {processor.py:914} INFO - Processing file /root/miniconda3/envs/project/lib/python3.8/site-packages/airflow/example_dags/example_branch_operator.py for tasks to queue
[2024-10-08T08:49:29.063+0000] {logging_mixin.py:190} INFO - [2024-10-08T08:49:29.062+0000] {dagbag.py:588} INFO - Filling up the DagBag from /root/miniconda3/envs/project/lib/python3.8/site-packages/airflow/example_dags/example_branch_operator.py
[2024-10-08T08:49:29.067+0000] {processor.py:927} WARNING - No viable dags retrieved from /root/miniconda3/envs/project/lib/python3.8/site-packages/airflow/example_dags/example_branch_operator.py
[2024-10-08T08:49:29.082+0000] {processor.py:208} INFO - Processing /root/miniconda3/envs/project/lib/python3.8/site-packages/airflow/example_dags/example_branch_operator.py took 0.036 seconds
[2024-10-08T08:50:39.691+0000] {processor.py:186} INFO - Started process (PID=218469) to work on /root/miniconda3/envs/project/lib/python3.8/site-packages/airflow/example_dags/example_branch_operator.py
[2024-10-08T08:50:39.694+0000] {processor.py:914} INFO - Processing file /root/miniconda3/envs/project/lib/python3.8/site-packages/airflow/example_dags/example_branch_operator.py for tasks to queue
[2024-10-08T08:50:39.697+0000] {logging_mixin.py:190} INFO - [2024-10-08T08:50:39.696+0000] {dagbag.py:588} INFO - Filling up the DagBag from /root/miniconda3/envs/project/lib/python3.8/site-packages/airflow/example_dags/example_branch_operator.py
[2024-10-08T08:50:39.701+0000] {processor.py:927} WARNING - No viable dags retrieved from /root/miniconda3/envs/project/lib/python3.8/site-packages/airflow/example_dags/example_branch_operator.py
[2024-10-08T08:50:39.717+0000] {processor.py:208} INFO - Processing /root/miniconda3/envs/project/lib/python3.8/site-packages/airflow/example_dags/example_branch_operator.py took 0.037 seconds
[2024-10-08T09:09:21.664+0000] {processor.py:186} INFO - Started process (PID=220927) to work on /root/miniconda3/envs/project/lib/python3.8/site-packages/airflow/example_dags/example_branch_operator.py
[2024-10-08T09:09:21.667+0000] {processor.py:914} INFO - Processing file /root/miniconda3/envs/project/lib/python3.8/site-packages/airflow/example_dags/example_branch_operator.py for tasks to queue
[2024-10-08T09:09:21.670+0000] {logging_mixin.py:190} INFO - [2024-10-08T09:09:21.670+0000] {dagbag.py:588} INFO - Filling up the DagBag from /root/miniconda3/envs/project/lib/python3.8/site-packages/airflow/example_dags/example_branch_operator.py
[2024-10-08T09:09:21.675+0000] {processor.py:927} WARNING - No viable dags retrieved from /root/miniconda3/envs/project/lib/python3.8/site-packages/airflow/example_dags/example_branch_operator.py
[2024-10-08T09:09:21.690+0000] {processor.py:208} INFO - Processing /root/miniconda3/envs/project/lib/python3.8/site-packages/airflow/example_dags/example_branch_operator.py took 0.037 seconds
[2024-10-08T09:10:52.283+0000] {processor.py:186} INFO - Started process (PID=221647) to work on /root/miniconda3/envs/project/lib/python3.8/site-packages/airflow/example_dags/example_branch_operator.py
[2024-10-08T09:10:52.287+0000] {processor.py:914} INFO - Processing file /root/miniconda3/envs/project/lib/python3.8/site-packages/airflow/example_dags/example_branch_operator.py for tasks to queue
[2024-10-08T09:10:52.293+0000] {logging_mixin.py:190} INFO - [2024-10-08T09:10:52.291+0000] {dagbag.py:588} INFO - Filling up the DagBag from /root/miniconda3/envs/project/lib/python3.8/site-packages/airflow/example_dags/example_branch_operator.py
[2024-10-08T09:10:52.298+0000] {processor.py:927} WARNING - No viable dags retrieved from /root/miniconda3/envs/project/lib/python3.8/site-packages/airflow/example_dags/example_branch_operator.py
[2024-10-08T09:10:52.317+0000] {processor.py:208} INFO - Processing /root/miniconda3/envs/project/lib/python3.8/site-packages/airflow/example_dags/example_branch_operator.py took 0.045 seconds
[2024-10-08T09:12:00.985+0000] {processor.py:186} INFO - Started process (PID=221992) to work on /root/miniconda3/envs/project/lib/python3.8/site-packages/airflow/example_dags/example_branch_operator.py
[2024-10-08T09:12:00.988+0000] {processor.py:914} INFO - Processing file /root/miniconda3/envs/project/lib/python3.8/site-packages/airflow/example_dags/example_branch_operator.py for tasks to queue
[2024-10-08T09:12:00.992+0000] {logging_mixin.py:190} INFO - [2024-10-08T09:12:00.991+0000] {dagbag.py:588} INFO - Filling up the DagBag from /root/miniconda3/envs/project/lib/python3.8/site-packages/airflow/example_dags/example_branch_operator.py
[2024-10-08T09:12:00.996+0000] {processor.py:927} WARNING - No viable dags retrieved from /root/miniconda3/envs/project/lib/python3.8/site-packages/airflow/example_dags/example_branch_operator.py
[2024-10-08T09:12:01.013+0000] {processor.py:208} INFO - Processing /root/miniconda3/envs/project/lib/python3.8/site-packages/airflow/example_dags/example_branch_operator.py took 0.039 seconds
[2024-10-08T09:13:05.465+0000] {processor.py:186} INFO - Started process (PID=222201) to work on /root/miniconda3/envs/project/lib/python3.8/site-packages/airflow/example_dags/example_branch_operator.py
[2024-10-08T09:13:05.468+0000] {processor.py:914} INFO - Processing file /root/miniconda3/envs/project/lib/python3.8/site-packages/airflow/example_dags/example_branch_operator.py for tasks to queue
[2024-10-08T09:13:05.471+0000] {logging_mixin.py:190} INFO - [2024-10-08T09:13:05.471+0000] {dagbag.py:588} INFO - Filling up the DagBag from /root/miniconda3/envs/project/lib/python3.8/site-packages/airflow/example_dags/example_branch_operator.py
[2024-10-08T09:13:05.476+0000] {processor.py:927} WARNING - No viable dags retrieved from /root/miniconda3/envs/project/lib/python3.8/site-packages/airflow/example_dags/example_branch_operator.py
[2024-10-08T09:13:05.493+0000] {processor.py:208} INFO - Processing /root/miniconda3/envs/project/lib/python3.8/site-packages/airflow/example_dags/example_branch_operator.py took 0.039 seconds
[2024-10-08T09:14:12.839+0000] {processor.py:186} INFO - Started process (PID=222547) to work on /root/miniconda3/envs/project/lib/python3.8/site-packages/airflow/example_dags/example_branch_operator.py
[2024-10-08T09:14:12.842+0000] {processor.py:914} INFO - Processing file /root/miniconda3/envs/project/lib/python3.8/site-packages/airflow/example_dags/example_branch_operator.py for tasks to queue
[2024-10-08T09:14:12.846+0000] {logging_mixin.py:190} INFO - [2024-10-08T09:14:12.846+0000] {dagbag.py:588} INFO - Filling up the DagBag from /root/miniconda3/envs/project/lib/python3.8/site-packages/airflow/example_dags/example_branch_operator.py
[2024-10-08T09:14:12.852+0000] {processor.py:927} WARNING - No viable dags retrieved from /root/miniconda3/envs/project/lib/python3.8/site-packages/airflow/example_dags/example_branch_operator.py
[2024-10-08T09:14:12.869+0000] {processor.py:208} INFO - Processing /root/miniconda3/envs/project/lib/python3.8/site-packages/airflow/example_dags/example_branch_operator.py took 0.041 seconds
[2024-10-08T09:15:19.321+0000] {processor.py:186} INFO - Started process (PID=222813) to work on /root/miniconda3/envs/project/lib/python3.8/site-packages/airflow/example_dags/example_branch_operator.py
[2024-10-08T09:15:19.324+0000] {processor.py:914} INFO - Processing file /root/miniconda3/envs/project/lib/python3.8/site-packages/airflow/example_dags/example_branch_operator.py for tasks to queue
[2024-10-08T09:15:19.328+0000] {logging_mixin.py:190} INFO - [2024-10-08T09:15:19.327+0000] {dagbag.py:588} INFO - Filling up the DagBag from /root/miniconda3/envs/project/lib/python3.8/site-packages/airflow/example_dags/example_branch_operator.py
[2024-10-08T09:15:19.332+0000] {processor.py:927} WARNING - No viable dags retrieved from /root/miniconda3/envs/project/lib/python3.8/site-packages/airflow/example_dags/example_branch_operator.py
[2024-10-08T09:15:19.348+0000] {processor.py:208} INFO - Processing /root/miniconda3/envs/project/lib/python3.8/site-packages/airflow/example_dags/example_branch_operator.py took 0.037 seconds
[2024-10-08T09:16:33.199+0000] {processor.py:186} INFO - Started process (PID=223048) to work on /root/miniconda3/envs/project/lib/python3.8/site-packages/airflow/example_dags/example_branch_operator.py
[2024-10-08T09:16:33.202+0000] {processor.py:914} INFO - Processing file /root/miniconda3/envs/project/lib/python3.8/site-packages/airflow/example_dags/example_branch_operator.py for tasks to queue
[2024-10-08T09:16:33.205+0000] {logging_mixin.py:190} INFO - [2024-10-08T09:16:33.204+0000] {dagbag.py:588} INFO - Filling up the DagBag from /root/miniconda3/envs/project/lib/python3.8/site-packages/airflow/example_dags/example_branch_operator.py
[2024-10-08T09:16:33.210+0000] {processor.py:927} WARNING - No viable dags retrieved from /root/miniconda3/envs/project/lib/python3.8/site-packages/airflow/example_dags/example_branch_operator.py
[2024-10-08T09:16:33.227+0000] {processor.py:208} INFO - Processing /root/miniconda3/envs/project/lib/python3.8/site-packages/airflow/example_dags/example_branch_operator.py took 0.040 seconds
[2024-10-08T09:17:42.311+0000] {processor.py:186} INFO - Started process (PID=223282) to work on /root/miniconda3/envs/project/lib/python3.8/site-packages/airflow/example_dags/example_branch_operator.py
[2024-10-08T09:17:42.313+0000] {processor.py:914} INFO - Processing file /root/miniconda3/envs/project/lib/python3.8/site-packages/airflow/example_dags/example_branch_operator.py for tasks to queue
[2024-10-08T09:17:42.317+0000] {logging_mixin.py:190} INFO - [2024-10-08T09:17:42.316+0000] {dagbag.py:588} INFO - Filling up the DagBag from /root/miniconda3/envs/project/lib/python3.8/site-packages/airflow/example_dags/example_branch_operator.py
[2024-10-08T09:17:42.321+0000] {processor.py:927} WARNING - No viable dags retrieved from /root/miniconda3/envs/project/lib/python3.8/site-packages/airflow/example_dags/example_branch_operator.py
[2024-10-08T09:17:42.337+0000] {processor.py:208} INFO - Processing /root/miniconda3/envs/project/lib/python3.8/site-packages/airflow/example_dags/example_branch_operator.py took 0.037 seconds
[2024-10-08T09:18:53.571+0000] {processor.py:186} INFO - Started process (PID=223567) to work on /root/miniconda3/envs/project/lib/python3.8/site-packages/airflow/example_dags/example_branch_operator.py
[2024-10-08T09:18:53.574+0000] {processor.py:914} INFO - Processing file /root/miniconda3/envs/project/lib/python3.8/site-packages/airflow/example_dags/example_branch_operator.py for tasks to queue
[2024-10-08T09:18:53.577+0000] {logging_mixin.py:190} INFO - [2024-10-08T09:18:53.576+0000] {dagbag.py:588} INFO - Filling up the DagBag from /root/miniconda3/envs/project/lib/python3.8/site-packages/airflow/example_dags/example_branch_operator.py
[2024-10-08T09:18:53.582+0000] {processor.py:927} WARNING - No viable dags retrieved from /root/miniconda3/envs/project/lib/python3.8/site-packages/airflow/example_dags/example_branch_operator.py
[2024-10-08T09:18:53.598+0000] {processor.py:208} INFO - Processing /root/miniconda3/envs/project/lib/python3.8/site-packages/airflow/example_dags/example_branch_operator.py took 0.039 seconds
[2024-10-08T09:20:05.800+0000] {processor.py:186} INFO - Started process (PID=223863) to work on /root/miniconda3/envs/project/lib/python3.8/site-packages/airflow/example_dags/example_branch_operator.py
[2024-10-08T09:20:05.802+0000] {processor.py:914} INFO - Processing file /root/miniconda3/envs/project/lib/python3.8/site-packages/airflow/example_dags/example_branch_operator.py for tasks to queue
[2024-10-08T09:20:05.806+0000] {logging_mixin.py:190} INFO - [2024-10-08T09:20:05.805+0000] {dagbag.py:588} INFO - Filling up the DagBag from /root/miniconda3/envs/project/lib/python3.8/site-packages/airflow/example_dags/example_branch_operator.py
[2024-10-08T09:20:05.810+0000] {processor.py:927} WARNING - No viable dags retrieved from /root/miniconda3/envs/project/lib/python3.8/site-packages/airflow/example_dags/example_branch_operator.py
[2024-10-08T09:20:05.830+0000] {processor.py:208} INFO - Processing /root/miniconda3/envs/project/lib/python3.8/site-packages/airflow/example_dags/example_branch_operator.py took 0.042 seconds
[2024-10-08T09:21:18.583+0000] {processor.py:186} INFO - Started process (PID=224093) to work on /root/miniconda3/envs/project/lib/python3.8/site-packages/airflow/example_dags/example_branch_operator.py
[2024-10-08T09:21:18.586+0000] {processor.py:914} INFO - Processing file /root/miniconda3/envs/project/lib/python3.8/site-packages/airflow/example_dags/example_branch_operator.py for tasks to queue
[2024-10-08T09:21:18.589+0000] {logging_mixin.py:190} INFO - [2024-10-08T09:21:18.589+0000] {dagbag.py:588} INFO - Filling up the DagBag from /root/miniconda3/envs/project/lib/python3.8/site-packages/airflow/example_dags/example_branch_operator.py
[2024-10-08T09:21:18.594+0000] {processor.py:927} WARNING - No viable dags retrieved from /root/miniconda3/envs/project/lib/python3.8/site-packages/airflow/example_dags/example_branch_operator.py
[2024-10-08T09:21:18.611+0000] {processor.py:208} INFO - Processing /root/miniconda3/envs/project/lib/python3.8/site-packages/airflow/example_dags/example_branch_operator.py took 0.040 seconds
[2024-10-08T09:22:28.221+0000] {processor.py:186} INFO - Started process (PID=224320) to work on /root/miniconda3/envs/project/lib/python3.8/site-packages/airflow/example_dags/example_branch_operator.py
[2024-10-08T09:22:28.224+0000] {processor.py:914} INFO - Processing file /root/miniconda3/envs/project/lib/python3.8/site-packages/airflow/example_dags/example_branch_operator.py for tasks to queue
[2024-10-08T09:22:28.227+0000] {logging_mixin.py:190} INFO - [2024-10-08T09:22:28.227+0000] {dagbag.py:588} INFO - Filling up the DagBag from /root/miniconda3/envs/project/lib/python3.8/site-packages/airflow/example_dags/example_branch_operator.py
[2024-10-08T09:22:28.231+0000] {processor.py:927} WARNING - No viable dags retrieved from /root/miniconda3/envs/project/lib/python3.8/site-packages/airflow/example_dags/example_branch_operator.py
[2024-10-08T09:22:28.247+0000] {processor.py:208} INFO - Processing /root/miniconda3/envs/project/lib/python3.8/site-packages/airflow/example_dags/example_branch_operator.py took 0.037 seconds
[2024-10-08T09:23:37.970+0000] {processor.py:186} INFO - Started process (PID=224509) to work on /root/miniconda3/envs/project/lib/python3.8/site-packages/airflow/example_dags/example_branch_operator.py
[2024-10-08T09:23:37.973+0000] {processor.py:914} INFO - Processing file /root/miniconda3/envs/project/lib/python3.8/site-packages/airflow/example_dags/example_branch_operator.py for tasks to queue
[2024-10-08T09:23:37.977+0000] {logging_mixin.py:190} INFO - [2024-10-08T09:23:37.976+0000] {dagbag.py:588} INFO - Filling up the DagBag from /root/miniconda3/envs/project/lib/python3.8/site-packages/airflow/example_dags/example_branch_operator.py
[2024-10-08T09:23:37.981+0000] {processor.py:927} WARNING - No viable dags retrieved from /root/miniconda3/envs/project/lib/python3.8/site-packages/airflow/example_dags/example_branch_operator.py
[2024-10-08T09:23:38.000+0000] {processor.py:208} INFO - Processing /root/miniconda3/envs/project/lib/python3.8/site-packages/airflow/example_dags/example_branch_operator.py took 0.040 seconds
[2024-10-08T09:24:48.490+0000] {processor.py:186} INFO - Started process (PID=225034) to work on /root/miniconda3/envs/project/lib/python3.8/site-packages/airflow/example_dags/example_branch_operator.py
[2024-10-08T09:24:48.493+0000] {processor.py:914} INFO - Processing file /root/miniconda3/envs/project/lib/python3.8/site-packages/airflow/example_dags/example_branch_operator.py for tasks to queue
[2024-10-08T09:24:48.496+0000] {logging_mixin.py:190} INFO - [2024-10-08T09:24:48.495+0000] {dagbag.py:588} INFO - Filling up the DagBag from /root/miniconda3/envs/project/lib/python3.8/site-packages/airflow/example_dags/example_branch_operator.py
[2024-10-08T09:24:48.500+0000] {processor.py:927} WARNING - No viable dags retrieved from /root/miniconda3/envs/project/lib/python3.8/site-packages/airflow/example_dags/example_branch_operator.py
[2024-10-08T09:24:48.516+0000] {processor.py:208} INFO - Processing /root/miniconda3/envs/project/lib/python3.8/site-packages/airflow/example_dags/example_branch_operator.py took 0.038 seconds
[2024-10-08T09:25:57.121+0000] {processor.py:186} INFO - Started process (PID=225587) to work on /root/miniconda3/envs/project/lib/python3.8/site-packages/airflow/example_dags/example_branch_operator.py
[2024-10-08T09:25:57.124+0000] {processor.py:914} INFO - Processing file /root/miniconda3/envs/project/lib/python3.8/site-packages/airflow/example_dags/example_branch_operator.py for tasks to queue
[2024-10-08T09:25:57.128+0000] {logging_mixin.py:190} INFO - [2024-10-08T09:25:57.127+0000] {dagbag.py:588} INFO - Filling up the DagBag from /root/miniconda3/envs/project/lib/python3.8/site-packages/airflow/example_dags/example_branch_operator.py
[2024-10-08T09:25:57.132+0000] {processor.py:927} WARNING - No viable dags retrieved from /root/miniconda3/envs/project/lib/python3.8/site-packages/airflow/example_dags/example_branch_operator.py
[2024-10-08T09:25:57.150+0000] {processor.py:208} INFO - Processing /root/miniconda3/envs/project/lib/python3.8/site-packages/airflow/example_dags/example_branch_operator.py took 0.041 seconds
[2024-10-08T09:27:10.084+0000] {processor.py:186} INFO - Started process (PID=226005) to work on /root/miniconda3/envs/project/lib/python3.8/site-packages/airflow/example_dags/example_branch_operator.py
[2024-10-08T09:27:10.086+0000] {processor.py:914} INFO - Processing file /root/miniconda3/envs/project/lib/python3.8/site-packages/airflow/example_dags/example_branch_operator.py for tasks to queue
[2024-10-08T09:27:10.090+0000] {logging_mixin.py:190} INFO - [2024-10-08T09:27:10.089+0000] {dagbag.py:588} INFO - Filling up the DagBag from /root/miniconda3/envs/project/lib/python3.8/site-packages/airflow/example_dags/example_branch_operator.py
[2024-10-08T09:27:10.094+0000] {processor.py:927} WARNING - No viable dags retrieved from /root/miniconda3/envs/project/lib/python3.8/site-packages/airflow/example_dags/example_branch_operator.py
[2024-10-08T09:27:10.111+0000] {processor.py:208} INFO - Processing /root/miniconda3/envs/project/lib/python3.8/site-packages/airflow/example_dags/example_branch_operator.py took 0.038 seconds
[2024-10-08T09:28:21.527+0000] {processor.py:186} INFO - Started process (PID=226501) to work on /root/miniconda3/envs/project/lib/python3.8/site-packages/airflow/example_dags/example_branch_operator.py
[2024-10-08T09:28:21.530+0000] {processor.py:914} INFO - Processing file /root/miniconda3/envs/project/lib/python3.8/site-packages/airflow/example_dags/example_branch_operator.py for tasks to queue
[2024-10-08T09:28:21.533+0000] {logging_mixin.py:190} INFO - [2024-10-08T09:28:21.532+0000] {dagbag.py:588} INFO - Filling up the DagBag from /root/miniconda3/envs/project/lib/python3.8/site-packages/airflow/example_dags/example_branch_operator.py
[2024-10-08T09:28:21.537+0000] {processor.py:927} WARNING - No viable dags retrieved from /root/miniconda3/envs/project/lib/python3.8/site-packages/airflow/example_dags/example_branch_operator.py
[2024-10-08T09:28:21.554+0000] {processor.py:208} INFO - Processing /root/miniconda3/envs/project/lib/python3.8/site-packages/airflow/example_dags/example_branch_operator.py took 0.037 seconds
[2024-10-08T09:29:37.931+0000] {processor.py:186} INFO - Started process (PID=227062) to work on /root/miniconda3/envs/project/lib/python3.8/site-packages/airflow/example_dags/example_branch_operator.py
[2024-10-08T09:29:37.934+0000] {processor.py:914} INFO - Processing file /root/miniconda3/envs/project/lib/python3.8/site-packages/airflow/example_dags/example_branch_operator.py for tasks to queue
[2024-10-08T09:29:37.937+0000] {logging_mixin.py:190} INFO - [2024-10-08T09:29:37.937+0000] {dagbag.py:588} INFO - Filling up the DagBag from /root/miniconda3/envs/project/lib/python3.8/site-packages/airflow/example_dags/example_branch_operator.py
[2024-10-08T09:29:37.942+0000] {processor.py:927} WARNING - No viable dags retrieved from /root/miniconda3/envs/project/lib/python3.8/site-packages/airflow/example_dags/example_branch_operator.py
[2024-10-08T09:29:37.958+0000] {processor.py:208} INFO - Processing /root/miniconda3/envs/project/lib/python3.8/site-packages/airflow/example_dags/example_branch_operator.py took 0.039 seconds
[2024-10-08T09:31:02.427+0000] {processor.py:186} INFO - Started process (PID=228059) to work on /root/miniconda3/envs/project/lib/python3.8/site-packages/airflow/example_dags/example_branch_operator.py
[2024-10-08T09:31:02.430+0000] {processor.py:914} INFO - Processing file /root/miniconda3/envs/project/lib/python3.8/site-packages/airflow/example_dags/example_branch_operator.py for tasks to queue
[2024-10-08T09:31:02.434+0000] {logging_mixin.py:190} INFO - [2024-10-08T09:31:02.433+0000] {dagbag.py:588} INFO - Filling up the DagBag from /root/miniconda3/envs/project/lib/python3.8/site-packages/airflow/example_dags/example_branch_operator.py
[2024-10-08T09:31:02.438+0000] {processor.py:927} WARNING - No viable dags retrieved from /root/miniconda3/envs/project/lib/python3.8/site-packages/airflow/example_dags/example_branch_operator.py
[2024-10-08T09:31:02.455+0000] {processor.py:208} INFO - Processing /root/miniconda3/envs/project/lib/python3.8/site-packages/airflow/example_dags/example_branch_operator.py took 0.039 seconds
[2024-10-08T09:32:31.065+0000] {processor.py:186} INFO - Started process (PID=229062) to work on /root/miniconda3/envs/project/lib/python3.8/site-packages/airflow/example_dags/example_branch_operator.py
[2024-10-08T09:32:31.068+0000] {processor.py:914} INFO - Processing file /root/miniconda3/envs/project/lib/python3.8/site-packages/airflow/example_dags/example_branch_operator.py for tasks to queue
[2024-10-08T09:32:31.071+0000] {logging_mixin.py:190} INFO - [2024-10-08T09:32:31.071+0000] {dagbag.py:588} INFO - Filling up the DagBag from /root/miniconda3/envs/project/lib/python3.8/site-packages/airflow/example_dags/example_branch_operator.py
[2024-10-08T09:32:31.076+0000] {processor.py:927} WARNING - No viable dags retrieved from /root/miniconda3/envs/project/lib/python3.8/site-packages/airflow/example_dags/example_branch_operator.py
[2024-10-08T09:32:31.091+0000] {processor.py:208} INFO - Processing /root/miniconda3/envs/project/lib/python3.8/site-packages/airflow/example_dags/example_branch_operator.py took 0.038 seconds
[2024-10-08T09:33:44.186+0000] {processor.py:186} INFO - Started process (PID=229541) to work on /root/miniconda3/envs/project/lib/python3.8/site-packages/airflow/example_dags/example_branch_operator.py
[2024-10-08T09:33:44.189+0000] {processor.py:914} INFO - Processing file /root/miniconda3/envs/project/lib/python3.8/site-packages/airflow/example_dags/example_branch_operator.py for tasks to queue
[2024-10-08T09:33:44.193+0000] {logging_mixin.py:190} INFO - [2024-10-08T09:33:44.192+0000] {dagbag.py:588} INFO - Filling up the DagBag from /root/miniconda3/envs/project/lib/python3.8/site-packages/airflow/example_dags/example_branch_operator.py
[2024-10-08T09:33:44.197+0000] {processor.py:927} WARNING - No viable dags retrieved from /root/miniconda3/envs/project/lib/python3.8/site-packages/airflow/example_dags/example_branch_operator.py
[2024-10-08T09:33:44.213+0000] {processor.py:208} INFO - Processing /root/miniconda3/envs/project/lib/python3.8/site-packages/airflow/example_dags/example_branch_operator.py took 0.038 seconds
