[2024-10-08T07:57:39.290+0000] {processor.py:186} INFO - Started process (PID=207130) to work on /root/miniconda3/envs/project/lib/python3.8/site-packages/airflow/example_dags/example_setup_teardown.py
[2024-10-08T07:57:39.292+0000] {processor.py:914} INFO - Processing file /root/miniconda3/envs/project/lib/python3.8/site-packages/airflow/example_dags/example_setup_teardown.py for tasks to queue
[2024-10-08T07:57:39.295+0000] {logging_mixin.py:190} INFO - [2024-10-08T07:57:39.295+0000] {dagbag.py:588} INFO - Filling up the DagBag from /root/miniconda3/envs/project/lib/python3.8/site-packages/airflow/example_dags/example_setup_teardown.py
[2024-10-08T07:57:39.308+0000] {processor.py:925} INFO - DAG(s) 'example_setup_teardown' retrieved from /root/miniconda3/envs/project/lib/python3.8/site-packages/airflow/example_dags/example_setup_teardown.py
[2024-10-08T07:57:39.468+0000] {logging_mixin.py:190} INFO - [2024-10-08T07:57:39.467+0000] {override.py:1901} INFO - Created Permission View: can delete on DAG:example_setup_teardown
[2024-10-08T07:57:39.493+0000] {logging_mixin.py:190} INFO - [2024-10-08T07:57:39.492+0000] {override.py:1901} INFO - Created Permission View: can read on DAG:example_setup_teardown
[2024-10-08T07:57:39.509+0000] {logging_mixin.py:190} INFO - [2024-10-08T07:57:39.509+0000] {override.py:1901} INFO - Created Permission View: can edit on DAG:example_setup_teardown
[2024-10-08T07:57:39.535+0000] {logging_mixin.py:190} INFO - [2024-10-08T07:57:39.534+0000] {override.py:1901} INFO - Created Permission View: can delete on DAG Run:example_setup_teardown
[2024-10-08T07:57:39.553+0000] {logging_mixin.py:190} INFO - [2024-10-08T07:57:39.552+0000] {override.py:1901} INFO - Created Permission View: menu access on DAG Run:example_setup_teardown
[2024-10-08T07:57:39.573+0000] {logging_mixin.py:190} INFO - [2024-10-08T07:57:39.572+0000] {override.py:1901} INFO - Created Permission View: can create on DAG Run:example_setup_teardown
[2024-10-08T07:57:39.589+0000] {logging_mixin.py:190} INFO - [2024-10-08T07:57:39.589+0000] {override.py:1901} INFO - Created Permission View: can read on DAG Run:example_setup_teardown
[2024-10-08T07:57:39.590+0000] {logging_mixin.py:190} INFO - [2024-10-08T07:57:39.589+0000] {dag.py:3239} INFO - Sync 1 DAGs
[2024-10-08T07:57:39.606+0000] {logging_mixin.py:190} INFO - [2024-10-08T07:57:39.606+0000] {dag.py:3262} INFO - Creating ORM DAG for example_setup_teardown
[2024-10-08T07:57:39.607+0000] {logging_mixin.py:190} INFO - [2024-10-08T07:57:39.607+0000] {dag.py:4180} INFO - Setting next_dagrun for example_setup_teardown to None, run_after=None
[2024-10-08T07:57:39.641+0000] {processor.py:208} INFO - Processing /root/miniconda3/envs/project/lib/python3.8/site-packages/airflow/example_dags/example_setup_teardown.py took 0.362 seconds
[2024-10-08T07:58:50.614+0000] {processor.py:186} INFO - Started process (PID=207329) to work on /root/miniconda3/envs/project/lib/python3.8/site-packages/airflow/example_dags/example_setup_teardown.py
[2024-10-08T07:58:50.617+0000] {processor.py:914} INFO - Processing file /root/miniconda3/envs/project/lib/python3.8/site-packages/airflow/example_dags/example_setup_teardown.py for tasks to queue
[2024-10-08T07:58:50.620+0000] {logging_mixin.py:190} INFO - [2024-10-08T07:58:50.619+0000] {dagbag.py:588} INFO - Filling up the DagBag from /root/miniconda3/envs/project/lib/python3.8/site-packages/airflow/example_dags/example_setup_teardown.py
[2024-10-08T07:58:50.634+0000] {processor.py:925} INFO - DAG(s) 'example_setup_teardown' retrieved from /root/miniconda3/envs/project/lib/python3.8/site-packages/airflow/example_dags/example_setup_teardown.py
[2024-10-08T07:58:50.659+0000] {logging_mixin.py:190} INFO - [2024-10-08T07:58:50.659+0000] {dag.py:3239} INFO - Sync 1 DAGs
[2024-10-08T07:58:50.678+0000] {logging_mixin.py:190} INFO - [2024-10-08T07:58:50.677+0000] {dag.py:4180} INFO - Setting next_dagrun for example_setup_teardown to None, run_after=None
[2024-10-08T07:58:50.711+0000] {processor.py:208} INFO - Processing /root/miniconda3/envs/project/lib/python3.8/site-packages/airflow/example_dags/example_setup_teardown.py took 0.109 seconds
[2024-10-08T08:00:02.633+0000] {processor.py:186} INFO - Started process (PID=207635) to work on /root/miniconda3/envs/project/lib/python3.8/site-packages/airflow/example_dags/example_setup_teardown.py
[2024-10-08T08:00:02.636+0000] {processor.py:914} INFO - Processing file /root/miniconda3/envs/project/lib/python3.8/site-packages/airflow/example_dags/example_setup_teardown.py for tasks to queue
[2024-10-08T08:00:02.639+0000] {logging_mixin.py:190} INFO - [2024-10-08T08:00:02.639+0000] {dagbag.py:588} INFO - Filling up the DagBag from /root/miniconda3/envs/project/lib/python3.8/site-packages/airflow/example_dags/example_setup_teardown.py
[2024-10-08T08:00:02.652+0000] {processor.py:925} INFO - DAG(s) 'example_setup_teardown' retrieved from /root/miniconda3/envs/project/lib/python3.8/site-packages/airflow/example_dags/example_setup_teardown.py
[2024-10-08T08:00:02.677+0000] {logging_mixin.py:190} INFO - [2024-10-08T08:00:02.677+0000] {dag.py:3239} INFO - Sync 1 DAGs
[2024-10-08T08:00:02.695+0000] {logging_mixin.py:190} INFO - [2024-10-08T08:00:02.695+0000] {dag.py:4180} INFO - Setting next_dagrun for example_setup_teardown to None, run_after=None
[2024-10-08T08:00:02.725+0000] {processor.py:208} INFO - Processing /root/miniconda3/envs/project/lib/python3.8/site-packages/airflow/example_dags/example_setup_teardown.py took 0.104 seconds
[2024-10-08T08:01:13.985+0000] {processor.py:186} INFO - Started process (PID=207980) to work on /root/miniconda3/envs/project/lib/python3.8/site-packages/airflow/example_dags/example_setup_teardown.py
[2024-10-08T08:01:13.988+0000] {processor.py:914} INFO - Processing file /root/miniconda3/envs/project/lib/python3.8/site-packages/airflow/example_dags/example_setup_teardown.py for tasks to queue
[2024-10-08T08:01:13.992+0000] {logging_mixin.py:190} INFO - [2024-10-08T08:01:13.991+0000] {dagbag.py:588} INFO - Filling up the DagBag from /root/miniconda3/envs/project/lib/python3.8/site-packages/airflow/example_dags/example_setup_teardown.py
[2024-10-08T08:01:14.005+0000] {processor.py:925} INFO - DAG(s) 'example_setup_teardown' retrieved from /root/miniconda3/envs/project/lib/python3.8/site-packages/airflow/example_dags/example_setup_teardown.py
[2024-10-08T08:01:14.031+0000] {logging_mixin.py:190} INFO - [2024-10-08T08:01:14.030+0000] {dag.py:3239} INFO - Sync 1 DAGs
[2024-10-08T08:01:14.049+0000] {logging_mixin.py:190} INFO - [2024-10-08T08:01:14.049+0000] {dag.py:4180} INFO - Setting next_dagrun for example_setup_teardown to None, run_after=None
[2024-10-08T08:01:14.089+0000] {processor.py:208} INFO - Processing /root/miniconda3/envs/project/lib/python3.8/site-packages/airflow/example_dags/example_setup_teardown.py took 0.115 seconds
[2024-10-08T08:02:27.994+0000] {processor.py:186} INFO - Started process (PID=208237) to work on /root/miniconda3/envs/project/lib/python3.8/site-packages/airflow/example_dags/example_setup_teardown.py
[2024-10-08T08:02:27.997+0000] {processor.py:914} INFO - Processing file /root/miniconda3/envs/project/lib/python3.8/site-packages/airflow/example_dags/example_setup_teardown.py for tasks to queue
[2024-10-08T08:02:28.000+0000] {logging_mixin.py:190} INFO - [2024-10-08T08:02:28.000+0000] {dagbag.py:588} INFO - Filling up the DagBag from /root/miniconda3/envs/project/lib/python3.8/site-packages/airflow/example_dags/example_setup_teardown.py
[2024-10-08T08:02:28.014+0000] {processor.py:925} INFO - DAG(s) 'example_setup_teardown' retrieved from /root/miniconda3/envs/project/lib/python3.8/site-packages/airflow/example_dags/example_setup_teardown.py
[2024-10-08T08:02:28.038+0000] {logging_mixin.py:190} INFO - [2024-10-08T08:02:28.038+0000] {dag.py:3239} INFO - Sync 1 DAGs
[2024-10-08T08:02:28.056+0000] {logging_mixin.py:190} INFO - [2024-10-08T08:02:28.056+0000] {dag.py:4180} INFO - Setting next_dagrun for example_setup_teardown to None, run_after=None
[2024-10-08T08:02:28.090+0000] {processor.py:208} INFO - Processing /root/miniconda3/envs/project/lib/python3.8/site-packages/airflow/example_dags/example_setup_teardown.py took 0.106 seconds
[2024-10-08T08:03:37.915+0000] {processor.py:186} INFO - Started process (PID=208439) to work on /root/miniconda3/envs/project/lib/python3.8/site-packages/airflow/example_dags/example_setup_teardown.py
[2024-10-08T08:03:37.917+0000] {processor.py:914} INFO - Processing file /root/miniconda3/envs/project/lib/python3.8/site-packages/airflow/example_dags/example_setup_teardown.py for tasks to queue
[2024-10-08T08:03:37.920+0000] {logging_mixin.py:190} INFO - [2024-10-08T08:03:37.920+0000] {dagbag.py:588} INFO - Filling up the DagBag from /root/miniconda3/envs/project/lib/python3.8/site-packages/airflow/example_dags/example_setup_teardown.py
[2024-10-08T08:03:37.933+0000] {processor.py:925} INFO - DAG(s) 'example_setup_teardown' retrieved from /root/miniconda3/envs/project/lib/python3.8/site-packages/airflow/example_dags/example_setup_teardown.py
[2024-10-08T08:03:37.957+0000] {logging_mixin.py:190} INFO - [2024-10-08T08:03:37.957+0000] {dag.py:3239} INFO - Sync 1 DAGs
[2024-10-08T08:03:37.975+0000] {logging_mixin.py:190} INFO - [2024-10-08T08:03:37.975+0000] {dag.py:4180} INFO - Setting next_dagrun for example_setup_teardown to None, run_after=None
[2024-10-08T08:03:38.010+0000] {processor.py:208} INFO - Processing /root/miniconda3/envs/project/lib/python3.8/site-packages/airflow/example_dags/example_setup_teardown.py took 0.108 seconds
[2024-10-08T08:04:46.079+0000] {processor.py:186} INFO - Started process (PID=208647) to work on /root/miniconda3/envs/project/lib/python3.8/site-packages/airflow/example_dags/example_setup_teardown.py
[2024-10-08T08:04:46.082+0000] {processor.py:914} INFO - Processing file /root/miniconda3/envs/project/lib/python3.8/site-packages/airflow/example_dags/example_setup_teardown.py for tasks to queue
[2024-10-08T08:04:46.086+0000] {logging_mixin.py:190} INFO - [2024-10-08T08:04:46.085+0000] {dagbag.py:588} INFO - Filling up the DagBag from /root/miniconda3/envs/project/lib/python3.8/site-packages/airflow/example_dags/example_setup_teardown.py
[2024-10-08T08:04:46.100+0000] {processor.py:925} INFO - DAG(s) 'example_setup_teardown' retrieved from /root/miniconda3/envs/project/lib/python3.8/site-packages/airflow/example_dags/example_setup_teardown.py
[2024-10-08T08:04:46.125+0000] {logging_mixin.py:190} INFO - [2024-10-08T08:04:46.125+0000] {dag.py:3239} INFO - Sync 1 DAGs
[2024-10-08T08:04:46.144+0000] {logging_mixin.py:190} INFO - [2024-10-08T08:04:46.143+0000] {dag.py:4180} INFO - Setting next_dagrun for example_setup_teardown to None, run_after=None
[2024-10-08T08:04:46.177+0000] {processor.py:208} INFO - Processing /root/miniconda3/envs/project/lib/python3.8/site-packages/airflow/example_dags/example_setup_teardown.py took 0.108 seconds
[2024-10-08T08:05:46.768+0000] {processor.py:186} INFO - Started process (PID=208830) to work on /root/miniconda3/envs/project/lib/python3.8/site-packages/airflow/example_dags/example_setup_teardown.py
[2024-10-08T08:05:46.771+0000] {processor.py:914} INFO - Processing file /root/miniconda3/envs/project/lib/python3.8/site-packages/airflow/example_dags/example_setup_teardown.py for tasks to queue
[2024-10-08T08:05:46.774+0000] {logging_mixin.py:190} INFO - [2024-10-08T08:05:46.774+0000] {dagbag.py:588} INFO - Filling up the DagBag from /root/miniconda3/envs/project/lib/python3.8/site-packages/airflow/example_dags/example_setup_teardown.py
[2024-10-08T08:05:46.787+0000] {processor.py:925} INFO - DAG(s) 'example_setup_teardown' retrieved from /root/miniconda3/envs/project/lib/python3.8/site-packages/airflow/example_dags/example_setup_teardown.py
[2024-10-08T08:05:46.811+0000] {logging_mixin.py:190} INFO - [2024-10-08T08:05:46.811+0000] {dag.py:3239} INFO - Sync 1 DAGs
[2024-10-08T08:05:46.829+0000] {logging_mixin.py:190} INFO - [2024-10-08T08:05:46.828+0000] {dag.py:4180} INFO - Setting next_dagrun for example_setup_teardown to None, run_after=None
[2024-10-08T08:05:46.861+0000] {processor.py:208} INFO - Processing /root/miniconda3/envs/project/lib/python3.8/site-packages/airflow/example_dags/example_setup_teardown.py took 0.103 seconds
[2024-10-08T08:06:48.558+0000] {processor.py:186} INFO - Started process (PID=209009) to work on /root/miniconda3/envs/project/lib/python3.8/site-packages/airflow/example_dags/example_setup_teardown.py
[2024-10-08T08:06:48.561+0000] {processor.py:914} INFO - Processing file /root/miniconda3/envs/project/lib/python3.8/site-packages/airflow/example_dags/example_setup_teardown.py for tasks to queue
[2024-10-08T08:06:48.564+0000] {logging_mixin.py:190} INFO - [2024-10-08T08:06:48.563+0000] {dagbag.py:588} INFO - Filling up the DagBag from /root/miniconda3/envs/project/lib/python3.8/site-packages/airflow/example_dags/example_setup_teardown.py
[2024-10-08T08:06:48.577+0000] {processor.py:925} INFO - DAG(s) 'example_setup_teardown' retrieved from /root/miniconda3/envs/project/lib/python3.8/site-packages/airflow/example_dags/example_setup_teardown.py
[2024-10-08T08:06:48.602+0000] {logging_mixin.py:190} INFO - [2024-10-08T08:06:48.602+0000] {dag.py:3239} INFO - Sync 1 DAGs
[2024-10-08T08:06:48.620+0000] {logging_mixin.py:190} INFO - [2024-10-08T08:06:48.620+0000] {dag.py:4180} INFO - Setting next_dagrun for example_setup_teardown to None, run_after=None
[2024-10-08T08:06:48.653+0000] {processor.py:208} INFO - Processing /root/miniconda3/envs/project/lib/python3.8/site-packages/airflow/example_dags/example_setup_teardown.py took 0.108 seconds
[2024-10-08T08:07:58.331+0000] {processor.py:186} INFO - Started process (PID=209302) to work on /root/miniconda3/envs/project/lib/python3.8/site-packages/airflow/example_dags/example_setup_teardown.py
[2024-10-08T08:07:58.334+0000] {processor.py:914} INFO - Processing file /root/miniconda3/envs/project/lib/python3.8/site-packages/airflow/example_dags/example_setup_teardown.py for tasks to queue
[2024-10-08T08:07:58.337+0000] {logging_mixin.py:190} INFO - [2024-10-08T08:07:58.336+0000] {dagbag.py:588} INFO - Filling up the DagBag from /root/miniconda3/envs/project/lib/python3.8/site-packages/airflow/example_dags/example_setup_teardown.py
[2024-10-08T08:07:58.350+0000] {processor.py:925} INFO - DAG(s) 'example_setup_teardown' retrieved from /root/miniconda3/envs/project/lib/python3.8/site-packages/airflow/example_dags/example_setup_teardown.py
[2024-10-08T08:07:58.376+0000] {logging_mixin.py:190} INFO - [2024-10-08T08:07:58.375+0000] {dag.py:3239} INFO - Sync 1 DAGs
[2024-10-08T08:07:58.394+0000] {logging_mixin.py:190} INFO - [2024-10-08T08:07:58.393+0000] {dag.py:4180} INFO - Setting next_dagrun for example_setup_teardown to None, run_after=None
[2024-10-08T08:07:58.426+0000] {processor.py:208} INFO - Processing /root/miniconda3/envs/project/lib/python3.8/site-packages/airflow/example_dags/example_setup_teardown.py took 0.108 seconds
[2024-10-08T08:10:08.768+0000] {processor.py:186} INFO - Started process (PID=210088) to work on /root/miniconda3/envs/project/lib/python3.8/site-packages/airflow/example_dags/example_setup_teardown.py
[2024-10-08T08:10:08.771+0000] {processor.py:914} INFO - Processing file /root/miniconda3/envs/project/lib/python3.8/site-packages/airflow/example_dags/example_setup_teardown.py for tasks to queue
[2024-10-08T08:10:08.774+0000] {logging_mixin.py:190} INFO - [2024-10-08T08:10:08.774+0000] {dagbag.py:588} INFO - Filling up the DagBag from /root/miniconda3/envs/project/lib/python3.8/site-packages/airflow/example_dags/example_setup_teardown.py
[2024-10-08T08:10:08.788+0000] {processor.py:925} INFO - DAG(s) 'example_setup_teardown' retrieved from /root/miniconda3/envs/project/lib/python3.8/site-packages/airflow/example_dags/example_setup_teardown.py
[2024-10-08T08:10:08.815+0000] {logging_mixin.py:190} INFO - [2024-10-08T08:10:08.814+0000] {dag.py:3239} INFO - Sync 1 DAGs
[2024-10-08T08:10:08.834+0000] {logging_mixin.py:190} INFO - [2024-10-08T08:10:08.834+0000] {dag.py:4180} INFO - Setting next_dagrun for example_setup_teardown to None, run_after=None
[2024-10-08T08:10:08.865+0000] {processor.py:208} INFO - Processing /root/miniconda3/envs/project/lib/python3.8/site-packages/airflow/example_dags/example_setup_teardown.py took 0.109 seconds
[2024-10-08T08:13:11.203+0000] {processor.py:186} INFO - Started process (PID=211097) to work on /root/miniconda3/envs/project/lib/python3.8/site-packages/airflow/example_dags/example_setup_teardown.py
[2024-10-08T08:13:11.206+0000] {processor.py:914} INFO - Processing file /root/miniconda3/envs/project/lib/python3.8/site-packages/airflow/example_dags/example_setup_teardown.py for tasks to queue
[2024-10-08T08:13:11.209+0000] {logging_mixin.py:190} INFO - [2024-10-08T08:13:11.209+0000] {dagbag.py:588} INFO - Filling up the DagBag from /root/miniconda3/envs/project/lib/python3.8/site-packages/airflow/example_dags/example_setup_teardown.py
[2024-10-08T08:13:11.222+0000] {processor.py:925} INFO - DAG(s) 'example_setup_teardown' retrieved from /root/miniconda3/envs/project/lib/python3.8/site-packages/airflow/example_dags/example_setup_teardown.py
[2024-10-08T08:13:11.249+0000] {logging_mixin.py:190} INFO - [2024-10-08T08:13:11.248+0000] {dag.py:3239} INFO - Sync 1 DAGs
[2024-10-08T08:13:11.268+0000] {logging_mixin.py:190} INFO - [2024-10-08T08:13:11.268+0000] {dag.py:4180} INFO - Setting next_dagrun for example_setup_teardown to None, run_after=None
[2024-10-08T08:13:11.300+0000] {processor.py:208} INFO - Processing /root/miniconda3/envs/project/lib/python3.8/site-packages/airflow/example_dags/example_setup_teardown.py took 0.106 seconds
[2024-10-08T08:14:21.400+0000] {processor.py:186} INFO - Started process (PID=211305) to work on /root/miniconda3/envs/project/lib/python3.8/site-packages/airflow/example_dags/example_setup_teardown.py
[2024-10-08T08:14:21.403+0000] {processor.py:914} INFO - Processing file /root/miniconda3/envs/project/lib/python3.8/site-packages/airflow/example_dags/example_setup_teardown.py for tasks to queue
[2024-10-08T08:14:21.406+0000] {logging_mixin.py:190} INFO - [2024-10-08T08:14:21.406+0000] {dagbag.py:588} INFO - Filling up the DagBag from /root/miniconda3/envs/project/lib/python3.8/site-packages/airflow/example_dags/example_setup_teardown.py
[2024-10-08T08:14:21.423+0000] {processor.py:925} INFO - DAG(s) 'example_setup_teardown' retrieved from /root/miniconda3/envs/project/lib/python3.8/site-packages/airflow/example_dags/example_setup_teardown.py
[2024-10-08T08:14:21.451+0000] {logging_mixin.py:190} INFO - [2024-10-08T08:14:21.451+0000] {dag.py:3239} INFO - Sync 1 DAGs
[2024-10-08T08:14:21.472+0000] {logging_mixin.py:190} INFO - [2024-10-08T08:14:21.471+0000] {dag.py:4180} INFO - Setting next_dagrun for example_setup_teardown to None, run_after=None
[2024-10-08T08:14:21.501+0000] {processor.py:208} INFO - Processing /root/miniconda3/envs/project/lib/python3.8/site-packages/airflow/example_dags/example_setup_teardown.py took 0.112 seconds
[2024-10-08T08:15:28.721+0000] {processor.py:186} INFO - Started process (PID=211553) to work on /root/miniconda3/envs/project/lib/python3.8/site-packages/airflow/example_dags/example_setup_teardown.py
[2024-10-08T08:15:28.724+0000] {processor.py:914} INFO - Processing file /root/miniconda3/envs/project/lib/python3.8/site-packages/airflow/example_dags/example_setup_teardown.py for tasks to queue
[2024-10-08T08:15:28.727+0000] {logging_mixin.py:190} INFO - [2024-10-08T08:15:28.726+0000] {dagbag.py:588} INFO - Filling up the DagBag from /root/miniconda3/envs/project/lib/python3.8/site-packages/airflow/example_dags/example_setup_teardown.py
[2024-10-08T08:15:28.740+0000] {processor.py:925} INFO - DAG(s) 'example_setup_teardown' retrieved from /root/miniconda3/envs/project/lib/python3.8/site-packages/airflow/example_dags/example_setup_teardown.py
[2024-10-08T08:15:28.764+0000] {logging_mixin.py:190} INFO - [2024-10-08T08:15:28.764+0000] {dag.py:3239} INFO - Sync 1 DAGs
[2024-10-08T08:15:28.782+0000] {logging_mixin.py:190} INFO - [2024-10-08T08:15:28.782+0000] {dag.py:4180} INFO - Setting next_dagrun for example_setup_teardown to None, run_after=None
[2024-10-08T08:15:28.820+0000] {processor.py:208} INFO - Processing /root/miniconda3/envs/project/lib/python3.8/site-packages/airflow/example_dags/example_setup_teardown.py took 0.110 seconds
[2024-10-08T08:16:36.863+0000] {processor.py:186} INFO - Started process (PID=211804) to work on /root/miniconda3/envs/project/lib/python3.8/site-packages/airflow/example_dags/example_setup_teardown.py
[2024-10-08T08:16:36.867+0000] {processor.py:914} INFO - Processing file /root/miniconda3/envs/project/lib/python3.8/site-packages/airflow/example_dags/example_setup_teardown.py for tasks to queue
[2024-10-08T08:16:36.870+0000] {logging_mixin.py:190} INFO - [2024-10-08T08:16:36.870+0000] {dagbag.py:588} INFO - Filling up the DagBag from /root/miniconda3/envs/project/lib/python3.8/site-packages/airflow/example_dags/example_setup_teardown.py
[2024-10-08T08:16:36.884+0000] {processor.py:925} INFO - DAG(s) 'example_setup_teardown' retrieved from /root/miniconda3/envs/project/lib/python3.8/site-packages/airflow/example_dags/example_setup_teardown.py
[2024-10-08T08:16:36.909+0000] {logging_mixin.py:190} INFO - [2024-10-08T08:16:36.909+0000] {dag.py:3239} INFO - Sync 1 DAGs
[2024-10-08T08:16:36.927+0000] {logging_mixin.py:190} INFO - [2024-10-08T08:16:36.927+0000] {dag.py:4180} INFO - Setting next_dagrun for example_setup_teardown to None, run_after=None
[2024-10-08T08:16:36.959+0000] {processor.py:208} INFO - Processing /root/miniconda3/envs/project/lib/python3.8/site-packages/airflow/example_dags/example_setup_teardown.py took 0.108 seconds
[2024-10-08T08:17:47.610+0000] {processor.py:186} INFO - Started process (PID=212053) to work on /root/miniconda3/envs/project/lib/python3.8/site-packages/airflow/example_dags/example_setup_teardown.py
[2024-10-08T08:17:47.613+0000] {processor.py:914} INFO - Processing file /root/miniconda3/envs/project/lib/python3.8/site-packages/airflow/example_dags/example_setup_teardown.py for tasks to queue
[2024-10-08T08:17:47.616+0000] {logging_mixin.py:190} INFO - [2024-10-08T08:17:47.616+0000] {dagbag.py:588} INFO - Filling up the DagBag from /root/miniconda3/envs/project/lib/python3.8/site-packages/airflow/example_dags/example_setup_teardown.py
[2024-10-08T08:17:47.629+0000] {processor.py:925} INFO - DAG(s) 'example_setup_teardown' retrieved from /root/miniconda3/envs/project/lib/python3.8/site-packages/airflow/example_dags/example_setup_teardown.py
[2024-10-08T08:17:47.654+0000] {logging_mixin.py:190} INFO - [2024-10-08T08:17:47.653+0000] {dag.py:3239} INFO - Sync 1 DAGs
[2024-10-08T08:17:47.672+0000] {logging_mixin.py:190} INFO - [2024-10-08T08:17:47.671+0000] {dag.py:4180} INFO - Setting next_dagrun for example_setup_teardown to None, run_after=None
[2024-10-08T08:17:47.705+0000] {processor.py:208} INFO - Processing /root/miniconda3/envs/project/lib/python3.8/site-packages/airflow/example_dags/example_setup_teardown.py took 0.105 seconds
[2024-10-08T08:19:00.352+0000] {processor.py:186} INFO - Started process (PID=212259) to work on /root/miniconda3/envs/project/lib/python3.8/site-packages/airflow/example_dags/example_setup_teardown.py
[2024-10-08T08:19:00.355+0000] {processor.py:914} INFO - Processing file /root/miniconda3/envs/project/lib/python3.8/site-packages/airflow/example_dags/example_setup_teardown.py for tasks to queue
[2024-10-08T08:19:00.359+0000] {logging_mixin.py:190} INFO - [2024-10-08T08:19:00.358+0000] {dagbag.py:588} INFO - Filling up the DagBag from /root/miniconda3/envs/project/lib/python3.8/site-packages/airflow/example_dags/example_setup_teardown.py
[2024-10-08T08:19:00.372+0000] {processor.py:925} INFO - DAG(s) 'example_setup_teardown' retrieved from /root/miniconda3/envs/project/lib/python3.8/site-packages/airflow/example_dags/example_setup_teardown.py
[2024-10-08T08:19:00.397+0000] {logging_mixin.py:190} INFO - [2024-10-08T08:19:00.397+0000] {dag.py:3239} INFO - Sync 1 DAGs
[2024-10-08T08:19:00.415+0000] {logging_mixin.py:190} INFO - [2024-10-08T08:19:00.414+0000] {dag.py:4180} INFO - Setting next_dagrun for example_setup_teardown to None, run_after=None
[2024-10-08T08:19:00.447+0000] {processor.py:208} INFO - Processing /root/miniconda3/envs/project/lib/python3.8/site-packages/airflow/example_dags/example_setup_teardown.py took 0.105 seconds
[2024-10-08T08:20:01.886+0000] {processor.py:186} INFO - Started process (PID=212441) to work on /root/miniconda3/envs/project/lib/python3.8/site-packages/airflow/example_dags/example_setup_teardown.py
[2024-10-08T08:20:01.889+0000] {processor.py:914} INFO - Processing file /root/miniconda3/envs/project/lib/python3.8/site-packages/airflow/example_dags/example_setup_teardown.py for tasks to queue
[2024-10-08T08:20:01.892+0000] {logging_mixin.py:190} INFO - [2024-10-08T08:20:01.892+0000] {dagbag.py:588} INFO - Filling up the DagBag from /root/miniconda3/envs/project/lib/python3.8/site-packages/airflow/example_dags/example_setup_teardown.py
[2024-10-08T08:20:01.905+0000] {processor.py:925} INFO - DAG(s) 'example_setup_teardown' retrieved from /root/miniconda3/envs/project/lib/python3.8/site-packages/airflow/example_dags/example_setup_teardown.py
[2024-10-08T08:20:01.930+0000] {logging_mixin.py:190} INFO - [2024-10-08T08:20:01.930+0000] {dag.py:3239} INFO - Sync 1 DAGs
[2024-10-08T08:20:01.948+0000] {logging_mixin.py:190} INFO - [2024-10-08T08:20:01.948+0000] {dag.py:4180} INFO - Setting next_dagrun for example_setup_teardown to None, run_after=None
[2024-10-08T08:20:01.980+0000] {processor.py:208} INFO - Processing /root/miniconda3/envs/project/lib/python3.8/site-packages/airflow/example_dags/example_setup_teardown.py took 0.103 seconds
[2024-10-08T08:21:21.198+0000] {processor.py:186} INFO - Started process (PID=212661) to work on /root/miniconda3/envs/project/lib/python3.8/site-packages/airflow/example_dags/example_setup_teardown.py
[2024-10-08T08:21:21.201+0000] {processor.py:914} INFO - Processing file /root/miniconda3/envs/project/lib/python3.8/site-packages/airflow/example_dags/example_setup_teardown.py for tasks to queue
[2024-10-08T08:21:21.204+0000] {logging_mixin.py:190} INFO - [2024-10-08T08:21:21.204+0000] {dagbag.py:588} INFO - Filling up the DagBag from /root/miniconda3/envs/project/lib/python3.8/site-packages/airflow/example_dags/example_setup_teardown.py
[2024-10-08T08:21:21.217+0000] {processor.py:925} INFO - DAG(s) 'example_setup_teardown' retrieved from /root/miniconda3/envs/project/lib/python3.8/site-packages/airflow/example_dags/example_setup_teardown.py
[2024-10-08T08:21:21.242+0000] {logging_mixin.py:190} INFO - [2024-10-08T08:21:21.242+0000] {dag.py:3239} INFO - Sync 1 DAGs
[2024-10-08T08:21:21.261+0000] {logging_mixin.py:190} INFO - [2024-10-08T08:21:21.261+0000] {dag.py:4180} INFO - Setting next_dagrun for example_setup_teardown to None, run_after=None
[2024-10-08T08:21:21.291+0000] {processor.py:208} INFO - Processing /root/miniconda3/envs/project/lib/python3.8/site-packages/airflow/example_dags/example_setup_teardown.py took 0.104 seconds
[2024-10-08T08:22:31.390+0000] {processor.py:186} INFO - Started process (PID=212885) to work on /root/miniconda3/envs/project/lib/python3.8/site-packages/airflow/example_dags/example_setup_teardown.py
[2024-10-08T08:22:31.393+0000] {processor.py:914} INFO - Processing file /root/miniconda3/envs/project/lib/python3.8/site-packages/airflow/example_dags/example_setup_teardown.py for tasks to queue
[2024-10-08T08:22:31.396+0000] {logging_mixin.py:190} INFO - [2024-10-08T08:22:31.395+0000] {dagbag.py:588} INFO - Filling up the DagBag from /root/miniconda3/envs/project/lib/python3.8/site-packages/airflow/example_dags/example_setup_teardown.py
[2024-10-08T08:22:31.409+0000] {processor.py:925} INFO - DAG(s) 'example_setup_teardown' retrieved from /root/miniconda3/envs/project/lib/python3.8/site-packages/airflow/example_dags/example_setup_teardown.py
[2024-10-08T08:22:31.434+0000] {logging_mixin.py:190} INFO - [2024-10-08T08:22:31.434+0000] {dag.py:3239} INFO - Sync 1 DAGs
[2024-10-08T08:22:31.453+0000] {logging_mixin.py:190} INFO - [2024-10-08T08:22:31.452+0000] {dag.py:4180} INFO - Setting next_dagrun for example_setup_teardown to None, run_after=None
[2024-10-08T08:22:31.487+0000] {processor.py:208} INFO - Processing /root/miniconda3/envs/project/lib/python3.8/site-packages/airflow/example_dags/example_setup_teardown.py took 0.109 seconds
[2024-10-08T08:23:34.651+0000] {processor.py:186} INFO - Started process (PID=213141) to work on /root/miniconda3/envs/project/lib/python3.8/site-packages/airflow/example_dags/example_setup_teardown.py
[2024-10-08T08:23:34.654+0000] {processor.py:914} INFO - Processing file /root/miniconda3/envs/project/lib/python3.8/site-packages/airflow/example_dags/example_setup_teardown.py for tasks to queue
[2024-10-08T08:23:34.660+0000] {logging_mixin.py:190} INFO - [2024-10-08T08:23:34.659+0000] {dagbag.py:588} INFO - Filling up the DagBag from /root/miniconda3/envs/project/lib/python3.8/site-packages/airflow/example_dags/example_setup_teardown.py
[2024-10-08T08:23:34.675+0000] {processor.py:925} INFO - DAG(s) 'example_setup_teardown' retrieved from /root/miniconda3/envs/project/lib/python3.8/site-packages/airflow/example_dags/example_setup_teardown.py
[2024-10-08T08:23:34.700+0000] {logging_mixin.py:190} INFO - [2024-10-08T08:23:34.700+0000] {dag.py:3239} INFO - Sync 1 DAGs
[2024-10-08T08:23:34.718+0000] {logging_mixin.py:190} INFO - [2024-10-08T08:23:34.718+0000] {dag.py:4180} INFO - Setting next_dagrun for example_setup_teardown to None, run_after=None
[2024-10-08T08:23:34.751+0000] {processor.py:208} INFO - Processing /root/miniconda3/envs/project/lib/python3.8/site-packages/airflow/example_dags/example_setup_teardown.py took 0.110 seconds
[2024-10-08T08:37:23.374+0000] {processor.py:186} INFO - Started process (PID=215034) to work on /root/miniconda3/envs/project/lib/python3.8/site-packages/airflow/example_dags/example_setup_teardown.py
[2024-10-08T08:37:23.377+0000] {processor.py:914} INFO - Processing file /root/miniconda3/envs/project/lib/python3.8/site-packages/airflow/example_dags/example_setup_teardown.py for tasks to queue
[2024-10-08T08:37:23.380+0000] {logging_mixin.py:190} INFO - [2024-10-08T08:37:23.380+0000] {dagbag.py:588} INFO - Filling up the DagBag from /root/miniconda3/envs/project/lib/python3.8/site-packages/airflow/example_dags/example_setup_teardown.py
[2024-10-08T08:37:23.393+0000] {processor.py:925} INFO - DAG(s) 'example_setup_teardown' retrieved from /root/miniconda3/envs/project/lib/python3.8/site-packages/airflow/example_dags/example_setup_teardown.py
[2024-10-08T08:37:23.421+0000] {logging_mixin.py:190} INFO - [2024-10-08T08:37:23.420+0000] {dag.py:3239} INFO - Sync 1 DAGs
[2024-10-08T08:37:23.440+0000] {logging_mixin.py:190} INFO - [2024-10-08T08:37:23.440+0000] {dag.py:4180} INFO - Setting next_dagrun for example_setup_teardown to None, run_after=None
[2024-10-08T08:37:23.473+0000] {processor.py:208} INFO - Processing /root/miniconda3/envs/project/lib/python3.8/site-packages/airflow/example_dags/example_setup_teardown.py took 0.108 seconds
[2024-10-08T08:38:34.690+0000] {processor.py:186} INFO - Started process (PID=215443) to work on /root/miniconda3/envs/project/lib/python3.8/site-packages/airflow/example_dags/example_setup_teardown.py
[2024-10-08T08:38:34.693+0000] {processor.py:914} INFO - Processing file /root/miniconda3/envs/project/lib/python3.8/site-packages/airflow/example_dags/example_setup_teardown.py for tasks to queue
[2024-10-08T08:38:34.696+0000] {logging_mixin.py:190} INFO - [2024-10-08T08:38:34.696+0000] {dagbag.py:588} INFO - Filling up the DagBag from /root/miniconda3/envs/project/lib/python3.8/site-packages/airflow/example_dags/example_setup_teardown.py
[2024-10-08T08:38:34.710+0000] {processor.py:925} INFO - DAG(s) 'example_setup_teardown' retrieved from /root/miniconda3/envs/project/lib/python3.8/site-packages/airflow/example_dags/example_setup_teardown.py
[2024-10-08T08:38:34.734+0000] {logging_mixin.py:190} INFO - [2024-10-08T08:38:34.734+0000] {dag.py:3239} INFO - Sync 1 DAGs
[2024-10-08T08:38:34.752+0000] {logging_mixin.py:190} INFO - [2024-10-08T08:38:34.751+0000] {dag.py:4180} INFO - Setting next_dagrun for example_setup_teardown to None, run_after=None
[2024-10-08T08:38:34.782+0000] {processor.py:208} INFO - Processing /root/miniconda3/envs/project/lib/python3.8/site-packages/airflow/example_dags/example_setup_teardown.py took 0.104 seconds
[2024-10-08T08:39:46.243+0000] {processor.py:186} INFO - Started process (PID=215730) to work on /root/miniconda3/envs/project/lib/python3.8/site-packages/airflow/example_dags/example_setup_teardown.py
[2024-10-08T08:39:46.246+0000] {processor.py:914} INFO - Processing file /root/miniconda3/envs/project/lib/python3.8/site-packages/airflow/example_dags/example_setup_teardown.py for tasks to queue
[2024-10-08T08:39:46.250+0000] {logging_mixin.py:190} INFO - [2024-10-08T08:39:46.249+0000] {dagbag.py:588} INFO - Filling up the DagBag from /root/miniconda3/envs/project/lib/python3.8/site-packages/airflow/example_dags/example_setup_teardown.py
[2024-10-08T08:39:46.262+0000] {processor.py:925} INFO - DAG(s) 'example_setup_teardown' retrieved from /root/miniconda3/envs/project/lib/python3.8/site-packages/airflow/example_dags/example_setup_teardown.py
[2024-10-08T08:39:46.287+0000] {logging_mixin.py:190} INFO - [2024-10-08T08:39:46.287+0000] {dag.py:3239} INFO - Sync 1 DAGs
[2024-10-08T08:39:46.305+0000] {logging_mixin.py:190} INFO - [2024-10-08T08:39:46.305+0000] {dag.py:4180} INFO - Setting next_dagrun for example_setup_teardown to None, run_after=None
[2024-10-08T08:39:46.341+0000] {processor.py:208} INFO - Processing /root/miniconda3/envs/project/lib/python3.8/site-packages/airflow/example_dags/example_setup_teardown.py took 0.107 seconds
[2024-10-08T08:40:55.488+0000] {processor.py:186} INFO - Started process (PID=216077) to work on /root/miniconda3/envs/project/lib/python3.8/site-packages/airflow/example_dags/example_setup_teardown.py
[2024-10-08T08:40:55.491+0000] {processor.py:914} INFO - Processing file /root/miniconda3/envs/project/lib/python3.8/site-packages/airflow/example_dags/example_setup_teardown.py for tasks to queue
[2024-10-08T08:40:55.494+0000] {logging_mixin.py:190} INFO - [2024-10-08T08:40:55.494+0000] {dagbag.py:588} INFO - Filling up the DagBag from /root/miniconda3/envs/project/lib/python3.8/site-packages/airflow/example_dags/example_setup_teardown.py
[2024-10-08T08:40:55.508+0000] {processor.py:925} INFO - DAG(s) 'example_setup_teardown' retrieved from /root/miniconda3/envs/project/lib/python3.8/site-packages/airflow/example_dags/example_setup_teardown.py
[2024-10-08T08:40:55.535+0000] {logging_mixin.py:190} INFO - [2024-10-08T08:40:55.534+0000] {dag.py:3239} INFO - Sync 1 DAGs
[2024-10-08T08:40:55.554+0000] {logging_mixin.py:190} INFO - [2024-10-08T08:40:55.553+0000] {dag.py:4180} INFO - Setting next_dagrun for example_setup_teardown to None, run_after=None
[2024-10-08T08:40:55.587+0000] {processor.py:208} INFO - Processing /root/miniconda3/envs/project/lib/python3.8/site-packages/airflow/example_dags/example_setup_teardown.py took 0.111 seconds
[2024-10-08T08:42:02.491+0000] {processor.py:186} INFO - Started process (PID=216535) to work on /root/miniconda3/envs/project/lib/python3.8/site-packages/airflow/example_dags/example_setup_teardown.py
[2024-10-08T08:42:02.494+0000] {processor.py:914} INFO - Processing file /root/miniconda3/envs/project/lib/python3.8/site-packages/airflow/example_dags/example_setup_teardown.py for tasks to queue
[2024-10-08T08:42:02.498+0000] {logging_mixin.py:190} INFO - [2024-10-08T08:42:02.497+0000] {dagbag.py:588} INFO - Filling up the DagBag from /root/miniconda3/envs/project/lib/python3.8/site-packages/airflow/example_dags/example_setup_teardown.py
[2024-10-08T08:42:02.511+0000] {processor.py:925} INFO - DAG(s) 'example_setup_teardown' retrieved from /root/miniconda3/envs/project/lib/python3.8/site-packages/airflow/example_dags/example_setup_teardown.py
[2024-10-08T08:42:02.536+0000] {logging_mixin.py:190} INFO - [2024-10-08T08:42:02.536+0000] {dag.py:3239} INFO - Sync 1 DAGs
[2024-10-08T08:42:02.554+0000] {logging_mixin.py:190} INFO - [2024-10-08T08:42:02.554+0000] {dag.py:4180} INFO - Setting next_dagrun for example_setup_teardown to None, run_after=None
[2024-10-08T08:42:02.588+0000] {processor.py:208} INFO - Processing /root/miniconda3/envs/project/lib/python3.8/site-packages/airflow/example_dags/example_setup_teardown.py took 0.108 seconds
[2024-10-08T08:43:09.300+0000] {processor.py:186} INFO - Started process (PID=216754) to work on /root/miniconda3/envs/project/lib/python3.8/site-packages/airflow/example_dags/example_setup_teardown.py
[2024-10-08T08:43:09.303+0000] {processor.py:914} INFO - Processing file /root/miniconda3/envs/project/lib/python3.8/site-packages/airflow/example_dags/example_setup_teardown.py for tasks to queue
[2024-10-08T08:43:09.306+0000] {logging_mixin.py:190} INFO - [2024-10-08T08:43:09.305+0000] {dagbag.py:588} INFO - Filling up the DagBag from /root/miniconda3/envs/project/lib/python3.8/site-packages/airflow/example_dags/example_setup_teardown.py
[2024-10-08T08:43:09.319+0000] {processor.py:925} INFO - DAG(s) 'example_setup_teardown' retrieved from /root/miniconda3/envs/project/lib/python3.8/site-packages/airflow/example_dags/example_setup_teardown.py
[2024-10-08T08:43:09.344+0000] {logging_mixin.py:190} INFO - [2024-10-08T08:43:09.344+0000] {dag.py:3239} INFO - Sync 1 DAGs
[2024-10-08T08:43:09.362+0000] {logging_mixin.py:190} INFO - [2024-10-08T08:43:09.362+0000] {dag.py:4180} INFO - Setting next_dagrun for example_setup_teardown to None, run_after=None
[2024-10-08T08:43:09.393+0000] {processor.py:208} INFO - Processing /root/miniconda3/envs/project/lib/python3.8/site-packages/airflow/example_dags/example_setup_teardown.py took 0.104 seconds
[2024-10-08T08:44:16.992+0000] {processor.py:186} INFO - Started process (PID=216972) to work on /root/miniconda3/envs/project/lib/python3.8/site-packages/airflow/example_dags/example_setup_teardown.py
[2024-10-08T08:44:16.994+0000] {processor.py:914} INFO - Processing file /root/miniconda3/envs/project/lib/python3.8/site-packages/airflow/example_dags/example_setup_teardown.py for tasks to queue
[2024-10-08T08:44:16.998+0000] {logging_mixin.py:190} INFO - [2024-10-08T08:44:16.997+0000] {dagbag.py:588} INFO - Filling up the DagBag from /root/miniconda3/envs/project/lib/python3.8/site-packages/airflow/example_dags/example_setup_teardown.py
[2024-10-08T08:44:17.011+0000] {processor.py:925} INFO - DAG(s) 'example_setup_teardown' retrieved from /root/miniconda3/envs/project/lib/python3.8/site-packages/airflow/example_dags/example_setup_teardown.py
[2024-10-08T08:44:17.035+0000] {logging_mixin.py:190} INFO - [2024-10-08T08:44:17.035+0000] {dag.py:3239} INFO - Sync 1 DAGs
[2024-10-08T08:44:17.053+0000] {logging_mixin.py:190} INFO - [2024-10-08T08:44:17.053+0000] {dag.py:4180} INFO - Setting next_dagrun for example_setup_teardown to None, run_after=None
[2024-10-08T08:44:17.087+0000] {processor.py:208} INFO - Processing /root/miniconda3/envs/project/lib/python3.8/site-packages/airflow/example_dags/example_setup_teardown.py took 0.105 seconds
[2024-10-08T08:45:33.786+0000] {processor.py:186} INFO - Started process (PID=217207) to work on /root/miniconda3/envs/project/lib/python3.8/site-packages/airflow/example_dags/example_setup_teardown.py
[2024-10-08T08:45:33.789+0000] {processor.py:914} INFO - Processing file /root/miniconda3/envs/project/lib/python3.8/site-packages/airflow/example_dags/example_setup_teardown.py for tasks to queue
[2024-10-08T08:45:33.792+0000] {logging_mixin.py:190} INFO - [2024-10-08T08:45:33.792+0000] {dagbag.py:588} INFO - Filling up the DagBag from /root/miniconda3/envs/project/lib/python3.8/site-packages/airflow/example_dags/example_setup_teardown.py
[2024-10-08T08:45:33.810+0000] {processor.py:925} INFO - DAG(s) 'example_setup_teardown' retrieved from /root/miniconda3/envs/project/lib/python3.8/site-packages/airflow/example_dags/example_setup_teardown.py
[2024-10-08T08:45:33.836+0000] {logging_mixin.py:190} INFO - [2024-10-08T08:45:33.836+0000] {dag.py:3239} INFO - Sync 1 DAGs
[2024-10-08T08:45:33.855+0000] {logging_mixin.py:190} INFO - [2024-10-08T08:45:33.854+0000] {dag.py:4180} INFO - Setting next_dagrun for example_setup_teardown to None, run_after=None
[2024-10-08T08:45:33.886+0000] {processor.py:208} INFO - Processing /root/miniconda3/envs/project/lib/python3.8/site-packages/airflow/example_dags/example_setup_teardown.py took 0.110 seconds
[2024-10-08T08:46:43.853+0000] {processor.py:186} INFO - Started process (PID=217519) to work on /root/miniconda3/envs/project/lib/python3.8/site-packages/airflow/example_dags/example_setup_teardown.py
[2024-10-08T08:46:43.856+0000] {processor.py:914} INFO - Processing file /root/miniconda3/envs/project/lib/python3.8/site-packages/airflow/example_dags/example_setup_teardown.py for tasks to queue
[2024-10-08T08:46:43.859+0000] {logging_mixin.py:190} INFO - [2024-10-08T08:46:43.859+0000] {dagbag.py:588} INFO - Filling up the DagBag from /root/miniconda3/envs/project/lib/python3.8/site-packages/airflow/example_dags/example_setup_teardown.py
[2024-10-08T08:46:43.873+0000] {processor.py:925} INFO - DAG(s) 'example_setup_teardown' retrieved from /root/miniconda3/envs/project/lib/python3.8/site-packages/airflow/example_dags/example_setup_teardown.py
[2024-10-08T08:46:43.897+0000] {logging_mixin.py:190} INFO - [2024-10-08T08:46:43.897+0000] {dag.py:3239} INFO - Sync 1 DAGs
[2024-10-08T08:46:43.915+0000] {logging_mixin.py:190} INFO - [2024-10-08T08:46:43.915+0000] {dag.py:4180} INFO - Setting next_dagrun for example_setup_teardown to None, run_after=None
[2024-10-08T08:46:43.946+0000] {processor.py:208} INFO - Processing /root/miniconda3/envs/project/lib/python3.8/site-packages/airflow/example_dags/example_setup_teardown.py took 0.106 seconds
[2024-10-08T08:47:55.145+0000] {processor.py:186} INFO - Started process (PID=217912) to work on /root/miniconda3/envs/project/lib/python3.8/site-packages/airflow/example_dags/example_setup_teardown.py
[2024-10-08T08:47:55.148+0000] {processor.py:914} INFO - Processing file /root/miniconda3/envs/project/lib/python3.8/site-packages/airflow/example_dags/example_setup_teardown.py for tasks to queue
[2024-10-08T08:47:55.151+0000] {logging_mixin.py:190} INFO - [2024-10-08T08:47:55.150+0000] {dagbag.py:588} INFO - Filling up the DagBag from /root/miniconda3/envs/project/lib/python3.8/site-packages/airflow/example_dags/example_setup_teardown.py
[2024-10-08T08:47:55.164+0000] {processor.py:925} INFO - DAG(s) 'example_setup_teardown' retrieved from /root/miniconda3/envs/project/lib/python3.8/site-packages/airflow/example_dags/example_setup_teardown.py
[2024-10-08T08:47:55.189+0000] {logging_mixin.py:190} INFO - [2024-10-08T08:47:55.189+0000] {dag.py:3239} INFO - Sync 1 DAGs
[2024-10-08T08:47:55.207+0000] {logging_mixin.py:190} INFO - [2024-10-08T08:47:55.207+0000] {dag.py:4180} INFO - Setting next_dagrun for example_setup_teardown to None, run_after=None
[2024-10-08T08:47:55.239+0000] {processor.py:208} INFO - Processing /root/miniconda3/envs/project/lib/python3.8/site-packages/airflow/example_dags/example_setup_teardown.py took 0.106 seconds
[2024-10-08T08:49:07.599+0000] {processor.py:186} INFO - Started process (PID=218139) to work on /root/miniconda3/envs/project/lib/python3.8/site-packages/airflow/example_dags/example_setup_teardown.py
[2024-10-08T08:49:07.602+0000] {processor.py:914} INFO - Processing file /root/miniconda3/envs/project/lib/python3.8/site-packages/airflow/example_dags/example_setup_teardown.py for tasks to queue
[2024-10-08T08:49:07.605+0000] {logging_mixin.py:190} INFO - [2024-10-08T08:49:07.604+0000] {dagbag.py:588} INFO - Filling up the DagBag from /root/miniconda3/envs/project/lib/python3.8/site-packages/airflow/example_dags/example_setup_teardown.py
[2024-10-08T08:49:07.617+0000] {processor.py:925} INFO - DAG(s) 'example_setup_teardown' retrieved from /root/miniconda3/envs/project/lib/python3.8/site-packages/airflow/example_dags/example_setup_teardown.py
[2024-10-08T08:49:07.642+0000] {logging_mixin.py:190} INFO - [2024-10-08T08:49:07.642+0000] {dag.py:3239} INFO - Sync 1 DAGs
[2024-10-08T08:49:07.660+0000] {logging_mixin.py:190} INFO - [2024-10-08T08:49:07.660+0000] {dag.py:4180} INFO - Setting next_dagrun for example_setup_teardown to None, run_after=None
[2024-10-08T08:49:07.691+0000] {processor.py:208} INFO - Processing /root/miniconda3/envs/project/lib/python3.8/site-packages/airflow/example_dags/example_setup_teardown.py took 0.103 seconds
[2024-10-08T08:50:18.799+0000] {processor.py:186} INFO - Started process (PID=218365) to work on /root/miniconda3/envs/project/lib/python3.8/site-packages/airflow/example_dags/example_setup_teardown.py
[2024-10-08T08:50:18.802+0000] {processor.py:914} INFO - Processing file /root/miniconda3/envs/project/lib/python3.8/site-packages/airflow/example_dags/example_setup_teardown.py for tasks to queue
[2024-10-08T08:50:18.806+0000] {logging_mixin.py:190} INFO - [2024-10-08T08:50:18.805+0000] {dagbag.py:588} INFO - Filling up the DagBag from /root/miniconda3/envs/project/lib/python3.8/site-packages/airflow/example_dags/example_setup_teardown.py
[2024-10-08T08:50:18.819+0000] {processor.py:925} INFO - DAG(s) 'example_setup_teardown' retrieved from /root/miniconda3/envs/project/lib/python3.8/site-packages/airflow/example_dags/example_setup_teardown.py
[2024-10-08T08:50:18.845+0000] {logging_mixin.py:190} INFO - [2024-10-08T08:50:18.845+0000] {dag.py:3239} INFO - Sync 1 DAGs
[2024-10-08T08:50:18.864+0000] {logging_mixin.py:190} INFO - [2024-10-08T08:50:18.864+0000] {dag.py:4180} INFO - Setting next_dagrun for example_setup_teardown to None, run_after=None
[2024-10-08T08:50:18.900+0000] {processor.py:208} INFO - Processing /root/miniconda3/envs/project/lib/python3.8/site-packages/airflow/example_dags/example_setup_teardown.py took 0.113 seconds
[2024-10-08T09:05:28.630+0000] {processor.py:186} INFO - Started process (PID=220038) to work on /root/miniconda3/envs/project/lib/python3.8/site-packages/airflow/example_dags/example_setup_teardown.py
[2024-10-08T09:05:28.633+0000] {processor.py:914} INFO - Processing file /root/miniconda3/envs/project/lib/python3.8/site-packages/airflow/example_dags/example_setup_teardown.py for tasks to queue
[2024-10-08T09:05:28.637+0000] {logging_mixin.py:190} INFO - [2024-10-08T09:05:28.636+0000] {dagbag.py:588} INFO - Filling up the DagBag from /root/miniconda3/envs/project/lib/python3.8/site-packages/airflow/example_dags/example_setup_teardown.py
[2024-10-08T09:05:28.651+0000] {processor.py:925} INFO - DAG(s) 'example_setup_teardown' retrieved from /root/miniconda3/envs/project/lib/python3.8/site-packages/airflow/example_dags/example_setup_teardown.py
[2024-10-08T09:05:28.680+0000] {logging_mixin.py:190} INFO - [2024-10-08T09:05:28.680+0000] {dag.py:3239} INFO - Sync 1 DAGs
[2024-10-08T09:05:28.700+0000] {logging_mixin.py:190} INFO - [2024-10-08T09:05:28.700+0000] {dag.py:4180} INFO - Setting next_dagrun for example_setup_teardown to None, run_after=None
[2024-10-08T09:05:28.730+0000] {processor.py:208} INFO - Processing /root/miniconda3/envs/project/lib/python3.8/site-packages/airflow/example_dags/example_setup_teardown.py took 0.111 seconds
[2024-10-08T09:09:02.027+0000] {processor.py:186} INFO - Started process (PID=220824) to work on /root/miniconda3/envs/project/lib/python3.8/site-packages/airflow/example_dags/example_setup_teardown.py
[2024-10-08T09:09:02.030+0000] {processor.py:914} INFO - Processing file /root/miniconda3/envs/project/lib/python3.8/site-packages/airflow/example_dags/example_setup_teardown.py for tasks to queue
[2024-10-08T09:09:02.033+0000] {logging_mixin.py:190} INFO - [2024-10-08T09:09:02.032+0000] {dagbag.py:588} INFO - Filling up the DagBag from /root/miniconda3/envs/project/lib/python3.8/site-packages/airflow/example_dags/example_setup_teardown.py
[2024-10-08T09:09:02.045+0000] {processor.py:925} INFO - DAG(s) 'example_setup_teardown' retrieved from /root/miniconda3/envs/project/lib/python3.8/site-packages/airflow/example_dags/example_setup_teardown.py
[2024-10-08T09:09:02.072+0000] {logging_mixin.py:190} INFO - [2024-10-08T09:09:02.071+0000] {dag.py:3239} INFO - Sync 1 DAGs
[2024-10-08T09:09:02.091+0000] {logging_mixin.py:190} INFO - [2024-10-08T09:09:02.091+0000] {dag.py:4180} INFO - Setting next_dagrun for example_setup_teardown to None, run_after=None
[2024-10-08T09:09:02.122+0000] {processor.py:208} INFO - Processing /root/miniconda3/envs/project/lib/python3.8/site-packages/airflow/example_dags/example_setup_teardown.py took 0.107 seconds
[2024-10-08T09:10:30.352+0000] {processor.py:186} INFO - Started process (PID=221541) to work on /root/miniconda3/envs/project/lib/python3.8/site-packages/airflow/example_dags/example_setup_teardown.py
[2024-10-08T09:10:30.355+0000] {processor.py:914} INFO - Processing file /root/miniconda3/envs/project/lib/python3.8/site-packages/airflow/example_dags/example_setup_teardown.py for tasks to queue
[2024-10-08T09:10:30.359+0000] {logging_mixin.py:190} INFO - [2024-10-08T09:10:30.358+0000] {dagbag.py:588} INFO - Filling up the DagBag from /root/miniconda3/envs/project/lib/python3.8/site-packages/airflow/example_dags/example_setup_teardown.py
[2024-10-08T09:10:30.373+0000] {processor.py:925} INFO - DAG(s) 'example_setup_teardown' retrieved from /root/miniconda3/envs/project/lib/python3.8/site-packages/airflow/example_dags/example_setup_teardown.py
[2024-10-08T09:10:30.402+0000] {logging_mixin.py:190} INFO - [2024-10-08T09:10:30.402+0000] {dag.py:3239} INFO - Sync 1 DAGs
[2024-10-08T09:10:30.423+0000] {logging_mixin.py:190} INFO - [2024-10-08T09:10:30.422+0000] {dag.py:4180} INFO - Setting next_dagrun for example_setup_teardown to None, run_after=None
[2024-10-08T09:10:30.454+0000] {processor.py:208} INFO - Processing /root/miniconda3/envs/project/lib/python3.8/site-packages/airflow/example_dags/example_setup_teardown.py took 0.116 seconds
[2024-10-08T09:11:41.950+0000] {processor.py:186} INFO - Started process (PID=221768) to work on /root/miniconda3/envs/project/lib/python3.8/site-packages/airflow/example_dags/example_setup_teardown.py
[2024-10-08T09:11:41.953+0000] {processor.py:914} INFO - Processing file /root/miniconda3/envs/project/lib/python3.8/site-packages/airflow/example_dags/example_setup_teardown.py for tasks to queue
[2024-10-08T09:11:41.956+0000] {logging_mixin.py:190} INFO - [2024-10-08T09:11:41.956+0000] {dagbag.py:588} INFO - Filling up the DagBag from /root/miniconda3/envs/project/lib/python3.8/site-packages/airflow/example_dags/example_setup_teardown.py
[2024-10-08T09:11:41.970+0000] {processor.py:925} INFO - DAG(s) 'example_setup_teardown' retrieved from /root/miniconda3/envs/project/lib/python3.8/site-packages/airflow/example_dags/example_setup_teardown.py
[2024-10-08T09:11:41.994+0000] {logging_mixin.py:190} INFO - [2024-10-08T09:11:41.994+0000] {dag.py:3239} INFO - Sync 1 DAGs
[2024-10-08T09:11:42.012+0000] {logging_mixin.py:190} INFO - [2024-10-08T09:11:42.012+0000] {dag.py:4180} INFO - Setting next_dagrun for example_setup_teardown to None, run_after=None
[2024-10-08T09:11:42.047+0000] {processor.py:208} INFO - Processing /root/miniconda3/envs/project/lib/python3.8/site-packages/airflow/example_dags/example_setup_teardown.py took 0.108 seconds
[2024-10-08T09:12:43.540+0000] {processor.py:186} INFO - Started process (PID=222095) to work on /root/miniconda3/envs/project/lib/python3.8/site-packages/airflow/example_dags/example_setup_teardown.py
[2024-10-08T09:12:43.542+0000] {processor.py:914} INFO - Processing file /root/miniconda3/envs/project/lib/python3.8/site-packages/airflow/example_dags/example_setup_teardown.py for tasks to queue
[2024-10-08T09:12:43.546+0000] {logging_mixin.py:190} INFO - [2024-10-08T09:12:43.545+0000] {dagbag.py:588} INFO - Filling up the DagBag from /root/miniconda3/envs/project/lib/python3.8/site-packages/airflow/example_dags/example_setup_teardown.py
[2024-10-08T09:12:43.559+0000] {processor.py:925} INFO - DAG(s) 'example_setup_teardown' retrieved from /root/miniconda3/envs/project/lib/python3.8/site-packages/airflow/example_dags/example_setup_teardown.py
[2024-10-08T09:12:43.583+0000] {logging_mixin.py:190} INFO - [2024-10-08T09:12:43.583+0000] {dag.py:3239} INFO - Sync 1 DAGs
[2024-10-08T09:12:43.601+0000] {logging_mixin.py:190} INFO - [2024-10-08T09:12:43.601+0000] {dag.py:4180} INFO - Setting next_dagrun for example_setup_teardown to None, run_after=None
[2024-10-08T09:12:43.631+0000] {processor.py:208} INFO - Processing /root/miniconda3/envs/project/lib/python3.8/site-packages/airflow/example_dags/example_setup_teardown.py took 0.102 seconds
[2024-10-08T09:13:54.150+0000] {processor.py:186} INFO - Started process (PID=222504) to work on /root/miniconda3/envs/project/lib/python3.8/site-packages/airflow/example_dags/example_setup_teardown.py
[2024-10-08T09:13:54.153+0000] {processor.py:914} INFO - Processing file /root/miniconda3/envs/project/lib/python3.8/site-packages/airflow/example_dags/example_setup_teardown.py for tasks to queue
[2024-10-08T09:13:54.157+0000] {logging_mixin.py:190} INFO - [2024-10-08T09:13:54.156+0000] {dagbag.py:588} INFO - Filling up the DagBag from /root/miniconda3/envs/project/lib/python3.8/site-packages/airflow/example_dags/example_setup_teardown.py
[2024-10-08T09:13:54.170+0000] {processor.py:925} INFO - DAG(s) 'example_setup_teardown' retrieved from /root/miniconda3/envs/project/lib/python3.8/site-packages/airflow/example_dags/example_setup_teardown.py
[2024-10-08T09:13:54.196+0000] {logging_mixin.py:190} INFO - [2024-10-08T09:13:54.196+0000] {dag.py:3239} INFO - Sync 1 DAGs
[2024-10-08T09:13:54.216+0000] {logging_mixin.py:190} INFO - [2024-10-08T09:13:54.216+0000] {dag.py:4180} INFO - Setting next_dagrun for example_setup_teardown to None, run_after=None
[2024-10-08T09:13:54.249+0000] {processor.py:208} INFO - Processing /root/miniconda3/envs/project/lib/python3.8/site-packages/airflow/example_dags/example_setup_teardown.py took 0.111 seconds
[2024-10-08T09:14:55.399+0000] {processor.py:186} INFO - Started process (PID=222767) to work on /root/miniconda3/envs/project/lib/python3.8/site-packages/airflow/example_dags/example_setup_teardown.py
[2024-10-08T09:14:55.402+0000] {processor.py:914} INFO - Processing file /root/miniconda3/envs/project/lib/python3.8/site-packages/airflow/example_dags/example_setup_teardown.py for tasks to queue
[2024-10-08T09:14:55.405+0000] {logging_mixin.py:190} INFO - [2024-10-08T09:14:55.405+0000] {dagbag.py:588} INFO - Filling up the DagBag from /root/miniconda3/envs/project/lib/python3.8/site-packages/airflow/example_dags/example_setup_teardown.py
[2024-10-08T09:14:55.418+0000] {processor.py:925} INFO - DAG(s) 'example_setup_teardown' retrieved from /root/miniconda3/envs/project/lib/python3.8/site-packages/airflow/example_dags/example_setup_teardown.py
[2024-10-08T09:14:55.444+0000] {logging_mixin.py:190} INFO - [2024-10-08T09:14:55.443+0000] {dag.py:3239} INFO - Sync 1 DAGs
[2024-10-08T09:14:55.463+0000] {logging_mixin.py:190} INFO - [2024-10-08T09:14:55.462+0000] {dag.py:4180} INFO - Setting next_dagrun for example_setup_teardown to None, run_after=None
[2024-10-08T09:14:55.494+0000] {processor.py:208} INFO - Processing /root/miniconda3/envs/project/lib/python3.8/site-packages/airflow/example_dags/example_setup_teardown.py took 0.106 seconds
[2024-10-08T09:16:11.575+0000] {processor.py:186} INFO - Started process (PID=223002) to work on /root/miniconda3/envs/project/lib/python3.8/site-packages/airflow/example_dags/example_setup_teardown.py
[2024-10-08T09:16:11.578+0000] {processor.py:914} INFO - Processing file /root/miniconda3/envs/project/lib/python3.8/site-packages/airflow/example_dags/example_setup_teardown.py for tasks to queue
[2024-10-08T09:16:11.582+0000] {logging_mixin.py:190} INFO - [2024-10-08T09:16:11.581+0000] {dagbag.py:588} INFO - Filling up the DagBag from /root/miniconda3/envs/project/lib/python3.8/site-packages/airflow/example_dags/example_setup_teardown.py
[2024-10-08T09:16:11.595+0000] {processor.py:925} INFO - DAG(s) 'example_setup_teardown' retrieved from /root/miniconda3/envs/project/lib/python3.8/site-packages/airflow/example_dags/example_setup_teardown.py
[2024-10-08T09:16:11.619+0000] {logging_mixin.py:190} INFO - [2024-10-08T09:16:11.619+0000] {dag.py:3239} INFO - Sync 1 DAGs
[2024-10-08T09:16:11.637+0000] {logging_mixin.py:190} INFO - [2024-10-08T09:16:11.637+0000] {dag.py:4180} INFO - Setting next_dagrun for example_setup_teardown to None, run_after=None
[2024-10-08T09:16:11.669+0000] {processor.py:208} INFO - Processing /root/miniconda3/envs/project/lib/python3.8/site-packages/airflow/example_dags/example_setup_teardown.py took 0.105 seconds
[2024-10-08T09:17:22.359+0000] {processor.py:186} INFO - Started process (PID=223236) to work on /root/miniconda3/envs/project/lib/python3.8/site-packages/airflow/example_dags/example_setup_teardown.py
[2024-10-08T09:17:22.362+0000] {processor.py:914} INFO - Processing file /root/miniconda3/envs/project/lib/python3.8/site-packages/airflow/example_dags/example_setup_teardown.py for tasks to queue
[2024-10-08T09:17:22.365+0000] {logging_mixin.py:190} INFO - [2024-10-08T09:17:22.364+0000] {dagbag.py:588} INFO - Filling up the DagBag from /root/miniconda3/envs/project/lib/python3.8/site-packages/airflow/example_dags/example_setup_teardown.py
[2024-10-08T09:17:22.378+0000] {processor.py:925} INFO - DAG(s) 'example_setup_teardown' retrieved from /root/miniconda3/envs/project/lib/python3.8/site-packages/airflow/example_dags/example_setup_teardown.py
[2024-10-08T09:17:22.403+0000] {logging_mixin.py:190} INFO - [2024-10-08T09:17:22.402+0000] {dag.py:3239} INFO - Sync 1 DAGs
[2024-10-08T09:17:22.421+0000] {logging_mixin.py:190} INFO - [2024-10-08T09:17:22.420+0000] {dag.py:4180} INFO - Setting next_dagrun for example_setup_teardown to None, run_after=None
[2024-10-08T09:17:22.452+0000] {processor.py:208} INFO - Processing /root/miniconda3/envs/project/lib/python3.8/site-packages/airflow/example_dags/example_setup_teardown.py took 0.104 seconds
[2024-10-08T09:18:30.647+0000] {processor.py:186} INFO - Started process (PID=223461) to work on /root/miniconda3/envs/project/lib/python3.8/site-packages/airflow/example_dags/example_setup_teardown.py
[2024-10-08T09:18:30.650+0000] {processor.py:914} INFO - Processing file /root/miniconda3/envs/project/lib/python3.8/site-packages/airflow/example_dags/example_setup_teardown.py for tasks to queue
[2024-10-08T09:18:30.653+0000] {logging_mixin.py:190} INFO - [2024-10-08T09:18:30.652+0000] {dagbag.py:588} INFO - Filling up the DagBag from /root/miniconda3/envs/project/lib/python3.8/site-packages/airflow/example_dags/example_setup_teardown.py
[2024-10-08T09:18:30.665+0000] {processor.py:925} INFO - DAG(s) 'example_setup_teardown' retrieved from /root/miniconda3/envs/project/lib/python3.8/site-packages/airflow/example_dags/example_setup_teardown.py
[2024-10-08T09:18:30.690+0000] {logging_mixin.py:190} INFO - [2024-10-08T09:18:30.690+0000] {dag.py:3239} INFO - Sync 1 DAGs
[2024-10-08T09:18:30.708+0000] {logging_mixin.py:190} INFO - [2024-10-08T09:18:30.708+0000] {dag.py:4180} INFO - Setting next_dagrun for example_setup_teardown to None, run_after=None
[2024-10-08T09:18:30.740+0000] {processor.py:208} INFO - Processing /root/miniconda3/envs/project/lib/python3.8/site-packages/airflow/example_dags/example_setup_teardown.py took 0.105 seconds
[2024-10-08T09:19:45.070+0000] {processor.py:186} INFO - Started process (PID=223720) to work on /root/miniconda3/envs/project/lib/python3.8/site-packages/airflow/example_dags/example_setup_teardown.py
[2024-10-08T09:19:45.074+0000] {processor.py:914} INFO - Processing file /root/miniconda3/envs/project/lib/python3.8/site-packages/airflow/example_dags/example_setup_teardown.py for tasks to queue
[2024-10-08T09:19:45.077+0000] {logging_mixin.py:190} INFO - [2024-10-08T09:19:45.076+0000] {dagbag.py:588} INFO - Filling up the DagBag from /root/miniconda3/envs/project/lib/python3.8/site-packages/airflow/example_dags/example_setup_teardown.py
[2024-10-08T09:19:45.090+0000] {processor.py:925} INFO - DAG(s) 'example_setup_teardown' retrieved from /root/miniconda3/envs/project/lib/python3.8/site-packages/airflow/example_dags/example_setup_teardown.py
[2024-10-08T09:19:45.116+0000] {logging_mixin.py:190} INFO - [2024-10-08T09:19:45.115+0000] {dag.py:3239} INFO - Sync 1 DAGs
[2024-10-08T09:19:45.134+0000] {logging_mixin.py:190} INFO - [2024-10-08T09:19:45.134+0000] {dag.py:4180} INFO - Setting next_dagrun for example_setup_teardown to None, run_after=None
[2024-10-08T09:19:45.168+0000] {processor.py:208} INFO - Processing /root/miniconda3/envs/project/lib/python3.8/site-packages/airflow/example_dags/example_setup_teardown.py took 0.109 seconds
[2024-10-08T09:20:56.571+0000] {processor.py:186} INFO - Started process (PID=224046) to work on /root/miniconda3/envs/project/lib/python3.8/site-packages/airflow/example_dags/example_setup_teardown.py
[2024-10-08T09:20:56.574+0000] {processor.py:914} INFO - Processing file /root/miniconda3/envs/project/lib/python3.8/site-packages/airflow/example_dags/example_setup_teardown.py for tasks to queue
[2024-10-08T09:20:56.578+0000] {logging_mixin.py:190} INFO - [2024-10-08T09:20:56.577+0000] {dagbag.py:588} INFO - Filling up the DagBag from /root/miniconda3/envs/project/lib/python3.8/site-packages/airflow/example_dags/example_setup_teardown.py
[2024-10-08T09:20:56.591+0000] {processor.py:925} INFO - DAG(s) 'example_setup_teardown' retrieved from /root/miniconda3/envs/project/lib/python3.8/site-packages/airflow/example_dags/example_setup_teardown.py
[2024-10-08T09:20:56.617+0000] {logging_mixin.py:190} INFO - [2024-10-08T09:20:56.616+0000] {dag.py:3239} INFO - Sync 1 DAGs
[2024-10-08T09:20:56.635+0000] {logging_mixin.py:190} INFO - [2024-10-08T09:20:56.635+0000] {dag.py:4180} INFO - Setting next_dagrun for example_setup_teardown to None, run_after=None
[2024-10-08T09:20:56.669+0000] {processor.py:208} INFO - Processing /root/miniconda3/envs/project/lib/python3.8/site-packages/airflow/example_dags/example_setup_teardown.py took 0.108 seconds
[2024-10-08T09:22:07.693+0000] {processor.py:186} INFO - Started process (PID=224276) to work on /root/miniconda3/envs/project/lib/python3.8/site-packages/airflow/example_dags/example_setup_teardown.py
[2024-10-08T09:22:07.696+0000] {processor.py:914} INFO - Processing file /root/miniconda3/envs/project/lib/python3.8/site-packages/airflow/example_dags/example_setup_teardown.py for tasks to queue
[2024-10-08T09:22:07.700+0000] {logging_mixin.py:190} INFO - [2024-10-08T09:22:07.699+0000] {dagbag.py:588} INFO - Filling up the DagBag from /root/miniconda3/envs/project/lib/python3.8/site-packages/airflow/example_dags/example_setup_teardown.py
[2024-10-08T09:22:07.713+0000] {processor.py:925} INFO - DAG(s) 'example_setup_teardown' retrieved from /root/miniconda3/envs/project/lib/python3.8/site-packages/airflow/example_dags/example_setup_teardown.py
[2024-10-08T09:22:07.738+0000] {logging_mixin.py:190} INFO - [2024-10-08T09:22:07.738+0000] {dag.py:3239} INFO - Sync 1 DAGs
[2024-10-08T09:22:07.756+0000] {logging_mixin.py:190} INFO - [2024-10-08T09:22:07.756+0000] {dag.py:4180} INFO - Setting next_dagrun for example_setup_teardown to None, run_after=None
[2024-10-08T09:22:07.786+0000] {processor.py:208} INFO - Processing /root/miniconda3/envs/project/lib/python3.8/site-packages/airflow/example_dags/example_setup_teardown.py took 0.105 seconds
[2024-10-08T09:23:14.972+0000] {processor.py:186} INFO - Started process (PID=224488) to work on /root/miniconda3/envs/project/lib/python3.8/site-packages/airflow/example_dags/example_setup_teardown.py
[2024-10-08T09:23:14.974+0000] {processor.py:914} INFO - Processing file /root/miniconda3/envs/project/lib/python3.8/site-packages/airflow/example_dags/example_setup_teardown.py for tasks to queue
[2024-10-08T09:23:14.978+0000] {logging_mixin.py:190} INFO - [2024-10-08T09:23:14.977+0000] {dagbag.py:588} INFO - Filling up the DagBag from /root/miniconda3/envs/project/lib/python3.8/site-packages/airflow/example_dags/example_setup_teardown.py
[2024-10-08T09:23:14.991+0000] {processor.py:925} INFO - DAG(s) 'example_setup_teardown' retrieved from /root/miniconda3/envs/project/lib/python3.8/site-packages/airflow/example_dags/example_setup_teardown.py
[2024-10-08T09:23:15.016+0000] {logging_mixin.py:190} INFO - [2024-10-08T09:23:15.016+0000] {dag.py:3239} INFO - Sync 1 DAGs
[2024-10-08T09:23:15.034+0000] {logging_mixin.py:190} INFO - [2024-10-08T09:23:15.034+0000] {dag.py:4180} INFO - Setting next_dagrun for example_setup_teardown to None, run_after=None
[2024-10-08T09:23:15.065+0000] {processor.py:208} INFO - Processing /root/miniconda3/envs/project/lib/python3.8/site-packages/airflow/example_dags/example_setup_teardown.py took 0.105 seconds
[2024-10-08T09:24:27.574+0000] {processor.py:186} INFO - Started process (PID=224698) to work on /root/miniconda3/envs/project/lib/python3.8/site-packages/airflow/example_dags/example_setup_teardown.py
[2024-10-08T09:24:27.577+0000] {processor.py:914} INFO - Processing file /root/miniconda3/envs/project/lib/python3.8/site-packages/airflow/example_dags/example_setup_teardown.py for tasks to queue
[2024-10-08T09:24:27.580+0000] {logging_mixin.py:190} INFO - [2024-10-08T09:24:27.580+0000] {dagbag.py:588} INFO - Filling up the DagBag from /root/miniconda3/envs/project/lib/python3.8/site-packages/airflow/example_dags/example_setup_teardown.py
[2024-10-08T09:24:27.593+0000] {processor.py:925} INFO - DAG(s) 'example_setup_teardown' retrieved from /root/miniconda3/envs/project/lib/python3.8/site-packages/airflow/example_dags/example_setup_teardown.py
[2024-10-08T09:24:27.618+0000] {logging_mixin.py:190} INFO - [2024-10-08T09:24:27.618+0000] {dag.py:3239} INFO - Sync 1 DAGs
[2024-10-08T09:24:27.637+0000] {logging_mixin.py:190} INFO - [2024-10-08T09:24:27.637+0000] {dag.py:4180} INFO - Setting next_dagrun for example_setup_teardown to None, run_after=None
[2024-10-08T09:24:27.668+0000] {processor.py:208} INFO - Processing /root/miniconda3/envs/project/lib/python3.8/site-packages/airflow/example_dags/example_setup_teardown.py took 0.106 seconds
[2024-10-08T09:25:37.851+0000] {processor.py:186} INFO - Started process (PID=225463) to work on /root/miniconda3/envs/project/lib/python3.8/site-packages/airflow/example_dags/example_setup_teardown.py
[2024-10-08T09:25:37.854+0000] {processor.py:914} INFO - Processing file /root/miniconda3/envs/project/lib/python3.8/site-packages/airflow/example_dags/example_setup_teardown.py for tasks to queue
[2024-10-08T09:25:37.858+0000] {logging_mixin.py:190} INFO - [2024-10-08T09:25:37.858+0000] {dagbag.py:588} INFO - Filling up the DagBag from /root/miniconda3/envs/project/lib/python3.8/site-packages/airflow/example_dags/example_setup_teardown.py
[2024-10-08T09:25:37.872+0000] {processor.py:925} INFO - DAG(s) 'example_setup_teardown' retrieved from /root/miniconda3/envs/project/lib/python3.8/site-packages/airflow/example_dags/example_setup_teardown.py
[2024-10-08T09:25:37.897+0000] {logging_mixin.py:190} INFO - [2024-10-08T09:25:37.897+0000] {dag.py:3239} INFO - Sync 1 DAGs
[2024-10-08T09:25:37.916+0000] {logging_mixin.py:190} INFO - [2024-10-08T09:25:37.915+0000] {dag.py:4180} INFO - Setting next_dagrun for example_setup_teardown to None, run_after=None
[2024-10-08T09:25:37.950+0000] {processor.py:208} INFO - Processing /root/miniconda3/envs/project/lib/python3.8/site-packages/airflow/example_dags/example_setup_teardown.py took 0.111 seconds
[2024-10-08T09:26:49.062+0000] {processor.py:186} INFO - Started process (PID=225947) to work on /root/miniconda3/envs/project/lib/python3.8/site-packages/airflow/example_dags/example_setup_teardown.py
[2024-10-08T09:26:49.066+0000] {processor.py:914} INFO - Processing file /root/miniconda3/envs/project/lib/python3.8/site-packages/airflow/example_dags/example_setup_teardown.py for tasks to queue
[2024-10-08T09:26:49.070+0000] {logging_mixin.py:190} INFO - [2024-10-08T09:26:49.069+0000] {dagbag.py:588} INFO - Filling up the DagBag from /root/miniconda3/envs/project/lib/python3.8/site-packages/airflow/example_dags/example_setup_teardown.py
[2024-10-08T09:26:49.084+0000] {processor.py:925} INFO - DAG(s) 'example_setup_teardown' retrieved from /root/miniconda3/envs/project/lib/python3.8/site-packages/airflow/example_dags/example_setup_teardown.py
[2024-10-08T09:26:49.110+0000] {logging_mixin.py:190} INFO - [2024-10-08T09:26:49.109+0000] {dag.py:3239} INFO - Sync 1 DAGs
[2024-10-08T09:26:49.129+0000] {logging_mixin.py:190} INFO - [2024-10-08T09:26:49.129+0000] {dag.py:4180} INFO - Setting next_dagrun for example_setup_teardown to None, run_after=None
[2024-10-08T09:26:49.163+0000] {processor.py:208} INFO - Processing /root/miniconda3/envs/project/lib/python3.8/site-packages/airflow/example_dags/example_setup_teardown.py took 0.113 seconds
[2024-10-08T09:28:00.507+0000] {processor.py:186} INFO - Started process (PID=226439) to work on /root/miniconda3/envs/project/lib/python3.8/site-packages/airflow/example_dags/example_setup_teardown.py
[2024-10-08T09:28:00.510+0000] {processor.py:914} INFO - Processing file /root/miniconda3/envs/project/lib/python3.8/site-packages/airflow/example_dags/example_setup_teardown.py for tasks to queue
[2024-10-08T09:28:00.513+0000] {logging_mixin.py:190} INFO - [2024-10-08T09:28:00.513+0000] {dagbag.py:588} INFO - Filling up the DagBag from /root/miniconda3/envs/project/lib/python3.8/site-packages/airflow/example_dags/example_setup_teardown.py
[2024-10-08T09:28:00.527+0000] {processor.py:925} INFO - DAG(s) 'example_setup_teardown' retrieved from /root/miniconda3/envs/project/lib/python3.8/site-packages/airflow/example_dags/example_setup_teardown.py
[2024-10-08T09:28:00.559+0000] {logging_mixin.py:190} INFO - [2024-10-08T09:28:00.559+0000] {dag.py:3239} INFO - Sync 1 DAGs
[2024-10-08T09:28:00.578+0000] {logging_mixin.py:190} INFO - [2024-10-08T09:28:00.577+0000] {dag.py:4180} INFO - Setting next_dagrun for example_setup_teardown to None, run_after=None
[2024-10-08T09:28:00.610+0000] {processor.py:208} INFO - Processing /root/miniconda3/envs/project/lib/python3.8/site-packages/airflow/example_dags/example_setup_teardown.py took 0.114 seconds
[2024-10-08T09:29:14.146+0000] {processor.py:186} INFO - Started process (PID=226953) to work on /root/miniconda3/envs/project/lib/python3.8/site-packages/airflow/example_dags/example_setup_teardown.py
[2024-10-08T09:29:14.150+0000] {processor.py:914} INFO - Processing file /root/miniconda3/envs/project/lib/python3.8/site-packages/airflow/example_dags/example_setup_teardown.py for tasks to queue
[2024-10-08T09:29:14.153+0000] {logging_mixin.py:190} INFO - [2024-10-08T09:29:14.153+0000] {dagbag.py:588} INFO - Filling up the DagBag from /root/miniconda3/envs/project/lib/python3.8/site-packages/airflow/example_dags/example_setup_teardown.py
[2024-10-08T09:29:14.168+0000] {processor.py:925} INFO - DAG(s) 'example_setup_teardown' retrieved from /root/miniconda3/envs/project/lib/python3.8/site-packages/airflow/example_dags/example_setup_teardown.py
[2024-10-08T09:29:14.306+0000] {logging_mixin.py:190} INFO - [2024-10-08T09:29:14.306+0000] {dag.py:3239} INFO - Sync 1 DAGs
[2024-10-08T09:29:14.323+0000] {logging_mixin.py:190} INFO - [2024-10-08T09:29:14.322+0000] {dag.py:4180} INFO - Setting next_dagrun for example_setup_teardown to None, run_after=None
[2024-10-08T09:29:14.358+0000] {processor.py:208} INFO - Processing /root/miniconda3/envs/project/lib/python3.8/site-packages/airflow/example_dags/example_setup_teardown.py took 0.224 seconds
[2024-10-08T09:30:39.609+0000] {processor.py:186} INFO - Started process (PID=227862) to work on /root/miniconda3/envs/project/lib/python3.8/site-packages/airflow/example_dags/example_setup_teardown.py
[2024-10-08T09:30:39.612+0000] {processor.py:914} INFO - Processing file /root/miniconda3/envs/project/lib/python3.8/site-packages/airflow/example_dags/example_setup_teardown.py for tasks to queue
[2024-10-08T09:30:39.615+0000] {logging_mixin.py:190} INFO - [2024-10-08T09:30:39.615+0000] {dagbag.py:588} INFO - Filling up the DagBag from /root/miniconda3/envs/project/lib/python3.8/site-packages/airflow/example_dags/example_setup_teardown.py
[2024-10-08T09:30:39.625+0000] {processor.py:925} INFO - DAG(s) 'example_setup_teardown' retrieved from /root/miniconda3/envs/project/lib/python3.8/site-packages/airflow/example_dags/example_setup_teardown.py
[2024-10-08T09:30:39.743+0000] {logging_mixin.py:190} INFO - [2024-10-08T09:30:39.743+0000] {dag.py:3239} INFO - Sync 1 DAGs
[2024-10-08T09:30:39.756+0000] {logging_mixin.py:190} INFO - [2024-10-08T09:30:39.756+0000] {dag.py:4180} INFO - Setting next_dagrun for example_setup_teardown to None, run_after=None
[2024-10-08T09:30:39.786+0000] {processor.py:208} INFO - Processing /root/miniconda3/envs/project/lib/python3.8/site-packages/airflow/example_dags/example_setup_teardown.py took 0.188 seconds
[2024-10-08T09:32:09.554+0000] {processor.py:186} INFO - Started process (PID=229007) to work on /root/miniconda3/envs/project/lib/python3.8/site-packages/airflow/example_dags/example_setup_teardown.py
[2024-10-08T09:32:09.557+0000] {processor.py:914} INFO - Processing file /root/miniconda3/envs/project/lib/python3.8/site-packages/airflow/example_dags/example_setup_teardown.py for tasks to queue
[2024-10-08T09:32:09.561+0000] {logging_mixin.py:190} INFO - [2024-10-08T09:32:09.560+0000] {dagbag.py:588} INFO - Filling up the DagBag from /root/miniconda3/envs/project/lib/python3.8/site-packages/airflow/example_dags/example_setup_teardown.py
[2024-10-08T09:32:09.574+0000] {processor.py:925} INFO - DAG(s) 'example_setup_teardown' retrieved from /root/miniconda3/envs/project/lib/python3.8/site-packages/airflow/example_dags/example_setup_teardown.py
[2024-10-08T09:32:09.598+0000] {logging_mixin.py:190} INFO - [2024-10-08T09:32:09.598+0000] {dag.py:3239} INFO - Sync 1 DAGs
[2024-10-08T09:32:09.617+0000] {logging_mixin.py:190} INFO - [2024-10-08T09:32:09.616+0000] {dag.py:4180} INFO - Setting next_dagrun for example_setup_teardown to None, run_after=None
[2024-10-08T09:32:09.651+0000] {processor.py:208} INFO - Processing /root/miniconda3/envs/project/lib/python3.8/site-packages/airflow/example_dags/example_setup_teardown.py took 0.108 seconds
[2024-10-08T09:33:20.968+0000] {processor.py:186} INFO - Started process (PID=229290) to work on /root/miniconda3/envs/project/lib/python3.8/site-packages/airflow/example_dags/example_setup_teardown.py
[2024-10-08T09:33:20.971+0000] {processor.py:914} INFO - Processing file /root/miniconda3/envs/project/lib/python3.8/site-packages/airflow/example_dags/example_setup_teardown.py for tasks to queue
[2024-10-08T09:33:20.974+0000] {logging_mixin.py:190} INFO - [2024-10-08T09:33:20.974+0000] {dagbag.py:588} INFO - Filling up the DagBag from /root/miniconda3/envs/project/lib/python3.8/site-packages/airflow/example_dags/example_setup_teardown.py
[2024-10-08T09:33:20.989+0000] {processor.py:925} INFO - DAG(s) 'example_setup_teardown' retrieved from /root/miniconda3/envs/project/lib/python3.8/site-packages/airflow/example_dags/example_setup_teardown.py
[2024-10-08T09:33:21.014+0000] {logging_mixin.py:190} INFO - [2024-10-08T09:33:21.014+0000] {dag.py:3239} INFO - Sync 1 DAGs
[2024-10-08T09:33:21.032+0000] {logging_mixin.py:190} INFO - [2024-10-08T09:33:21.032+0000] {dag.py:4180} INFO - Setting next_dagrun for example_setup_teardown to None, run_after=None
[2024-10-08T09:33:21.070+0000] {processor.py:208} INFO - Processing /root/miniconda3/envs/project/lib/python3.8/site-packages/airflow/example_dags/example_setup_teardown.py took 0.114 seconds
