[2024-10-08T07:58:09.756+0000] {processor.py:186} INFO - Started process (PID=207239) to work on /root/miniconda3/envs/project/lib/python3.8/site-packages/airflow/example_dags/example_branch_day_of_week_operator.py
[2024-10-08T07:58:09.758+0000] {processor.py:914} INFO - Processing file /root/miniconda3/envs/project/lib/python3.8/site-packages/airflow/example_dags/example_branch_day_of_week_operator.py for tasks to queue
[2024-10-08T07:58:09.763+0000] {logging_mixin.py:190} INFO - [2024-10-08T07:58:09.762+0000] {dagbag.py:588} INFO - Filling up the DagBag from /root/miniconda3/envs/project/lib/python3.8/site-packages/airflow/example_dags/example_branch_day_of_week_operator.py
[2024-10-08T07:58:09.776+0000] {processor.py:925} INFO - DAG(s) 'example_weekday_branch_operator' retrieved from /root/miniconda3/envs/project/lib/python3.8/site-packages/airflow/example_dags/example_branch_day_of_week_operator.py
[2024-10-08T07:58:09.922+0000] {logging_mixin.py:190} INFO - [2024-10-08T07:58:09.921+0000] {override.py:1901} INFO - Created Permission View: can delete on DAG:example_weekday_branch_operator
[2024-10-08T07:58:09.941+0000] {logging_mixin.py:190} INFO - [2024-10-08T07:58:09.941+0000] {override.py:1901} INFO - Created Permission View: can read on DAG:example_weekday_branch_operator
[2024-10-08T07:58:09.959+0000] {logging_mixin.py:190} INFO - [2024-10-08T07:58:09.959+0000] {override.py:1901} INFO - Created Permission View: can edit on DAG:example_weekday_branch_operator
[2024-10-08T07:58:09.984+0000] {logging_mixin.py:190} INFO - [2024-10-08T07:58:09.984+0000] {override.py:1901} INFO - Created Permission View: can delete on DAG Run:example_weekday_branch_operator
[2024-10-08T07:58:10.000+0000] {logging_mixin.py:190} INFO - [2024-10-08T07:58:09.999+0000] {override.py:1901} INFO - Created Permission View: menu access on DAG Run:example_weekday_branch_operator
[2024-10-08T07:58:10.013+0000] {logging_mixin.py:190} INFO - [2024-10-08T07:58:10.013+0000] {override.py:1901} INFO - Created Permission View: can create on DAG Run:example_weekday_branch_operator
[2024-10-08T07:58:10.027+0000] {logging_mixin.py:190} INFO - [2024-10-08T07:58:10.027+0000] {override.py:1901} INFO - Created Permission View: can read on DAG Run:example_weekday_branch_operator
[2024-10-08T07:58:10.028+0000] {logging_mixin.py:190} INFO - [2024-10-08T07:58:10.027+0000] {dag.py:3239} INFO - Sync 1 DAGs
[2024-10-08T07:58:10.046+0000] {logging_mixin.py:190} INFO - [2024-10-08T07:58:10.046+0000] {dag.py:3262} INFO - Creating ORM DAG for example_weekday_branch_operator
[2024-10-08T07:58:10.059+0000] {logging_mixin.py:190} INFO - [2024-10-08T07:58:10.059+0000] {dag.py:4180} INFO - Setting next_dagrun for example_weekday_branch_operator to 2024-10-07 00:00:00+00:00, run_after=2024-10-08 00:00:00+00:00
[2024-10-08T07:58:10.093+0000] {processor.py:208} INFO - Processing /root/miniconda3/envs/project/lib/python3.8/site-packages/airflow/example_dags/example_branch_day_of_week_operator.py took 0.349 seconds
[2024-10-08T07:59:27.534+0000] {processor.py:186} INFO - Started process (PID=207508) to work on /root/miniconda3/envs/project/lib/python3.8/site-packages/airflow/example_dags/example_branch_day_of_week_operator.py
[2024-10-08T07:59:27.537+0000] {processor.py:914} INFO - Processing file /root/miniconda3/envs/project/lib/python3.8/site-packages/airflow/example_dags/example_branch_day_of_week_operator.py for tasks to queue
[2024-10-08T07:59:27.541+0000] {logging_mixin.py:190} INFO - [2024-10-08T07:59:27.540+0000] {dagbag.py:588} INFO - Filling up the DagBag from /root/miniconda3/envs/project/lib/python3.8/site-packages/airflow/example_dags/example_branch_day_of_week_operator.py
[2024-10-08T07:59:27.560+0000] {processor.py:925} INFO - DAG(s) 'example_weekday_branch_operator' retrieved from /root/miniconda3/envs/project/lib/python3.8/site-packages/airflow/example_dags/example_branch_day_of_week_operator.py
[2024-10-08T07:59:27.586+0000] {logging_mixin.py:190} INFO - [2024-10-08T07:59:27.586+0000] {dag.py:3239} INFO - Sync 1 DAGs
[2024-10-08T07:59:27.616+0000] {logging_mixin.py:190} INFO - [2024-10-08T07:59:27.616+0000] {dag.py:4180} INFO - Setting next_dagrun for example_weekday_branch_operator to 2024-10-07 00:00:00+00:00, run_after=2024-10-08 00:00:00+00:00
[2024-10-08T07:59:27.654+0000] {processor.py:208} INFO - Processing /root/miniconda3/envs/project/lib/python3.8/site-packages/airflow/example_dags/example_branch_day_of_week_operator.py took 0.132 seconds
[2024-10-08T08:00:38.200+0000] {processor.py:186} INFO - Started process (PID=207716) to work on /root/miniconda3/envs/project/lib/python3.8/site-packages/airflow/example_dags/example_branch_day_of_week_operator.py
[2024-10-08T08:00:38.203+0000] {processor.py:914} INFO - Processing file /root/miniconda3/envs/project/lib/python3.8/site-packages/airflow/example_dags/example_branch_day_of_week_operator.py for tasks to queue
[2024-10-08T08:00:38.206+0000] {logging_mixin.py:190} INFO - [2024-10-08T08:00:38.205+0000] {dagbag.py:588} INFO - Filling up the DagBag from /root/miniconda3/envs/project/lib/python3.8/site-packages/airflow/example_dags/example_branch_day_of_week_operator.py
[2024-10-08T08:00:38.222+0000] {processor.py:925} INFO - DAG(s) 'example_weekday_branch_operator' retrieved from /root/miniconda3/envs/project/lib/python3.8/site-packages/airflow/example_dags/example_branch_day_of_week_operator.py
[2024-10-08T08:00:38.247+0000] {logging_mixin.py:190} INFO - [2024-10-08T08:00:38.246+0000] {dag.py:3239} INFO - Sync 1 DAGs
[2024-10-08T08:00:38.276+0000] {logging_mixin.py:190} INFO - [2024-10-08T08:00:38.276+0000] {dag.py:4180} INFO - Setting next_dagrun for example_weekday_branch_operator to 2024-10-07 00:00:00+00:00, run_after=2024-10-08 00:00:00+00:00
[2024-10-08T08:00:38.311+0000] {processor.py:208} INFO - Processing /root/miniconda3/envs/project/lib/python3.8/site-packages/airflow/example_dags/example_branch_day_of_week_operator.py took 0.123 seconds
[2024-10-08T08:01:52.998+0000] {processor.py:186} INFO - Started process (PID=208065) to work on /root/miniconda3/envs/project/lib/python3.8/site-packages/airflow/example_dags/example_branch_day_of_week_operator.py
[2024-10-08T08:01:53.002+0000] {processor.py:914} INFO - Processing file /root/miniconda3/envs/project/lib/python3.8/site-packages/airflow/example_dags/example_branch_day_of_week_operator.py for tasks to queue
[2024-10-08T08:01:53.005+0000] {logging_mixin.py:190} INFO - [2024-10-08T08:01:53.004+0000] {dagbag.py:588} INFO - Filling up the DagBag from /root/miniconda3/envs/project/lib/python3.8/site-packages/airflow/example_dags/example_branch_day_of_week_operator.py
[2024-10-08T08:01:53.021+0000] {processor.py:925} INFO - DAG(s) 'example_weekday_branch_operator' retrieved from /root/miniconda3/envs/project/lib/python3.8/site-packages/airflow/example_dags/example_branch_day_of_week_operator.py
[2024-10-08T08:01:53.045+0000] {logging_mixin.py:190} INFO - [2024-10-08T08:01:53.045+0000] {dag.py:3239} INFO - Sync 1 DAGs
[2024-10-08T08:01:53.075+0000] {logging_mixin.py:190} INFO - [2024-10-08T08:01:53.074+0000] {dag.py:4180} INFO - Setting next_dagrun for example_weekday_branch_operator to 2024-10-07 00:00:00+00:00, run_after=2024-10-08 00:00:00+00:00
[2024-10-08T08:01:53.107+0000] {processor.py:208} INFO - Processing /root/miniconda3/envs/project/lib/python3.8/site-packages/airflow/example_dags/example_branch_day_of_week_operator.py took 0.121 seconds
[2024-10-08T08:03:03.516+0000] {processor.py:186} INFO - Started process (PID=208362) to work on /root/miniconda3/envs/project/lib/python3.8/site-packages/airflow/example_dags/example_branch_day_of_week_operator.py
[2024-10-08T08:03:03.519+0000] {processor.py:914} INFO - Processing file /root/miniconda3/envs/project/lib/python3.8/site-packages/airflow/example_dags/example_branch_day_of_week_operator.py for tasks to queue
[2024-10-08T08:03:03.523+0000] {logging_mixin.py:190} INFO - [2024-10-08T08:03:03.522+0000] {dagbag.py:588} INFO - Filling up the DagBag from /root/miniconda3/envs/project/lib/python3.8/site-packages/airflow/example_dags/example_branch_day_of_week_operator.py
[2024-10-08T08:03:03.538+0000] {processor.py:925} INFO - DAG(s) 'example_weekday_branch_operator' retrieved from /root/miniconda3/envs/project/lib/python3.8/site-packages/airflow/example_dags/example_branch_day_of_week_operator.py
[2024-10-08T08:03:03.563+0000] {logging_mixin.py:190} INFO - [2024-10-08T08:03:03.562+0000] {dag.py:3239} INFO - Sync 1 DAGs
[2024-10-08T08:03:03.591+0000] {logging_mixin.py:190} INFO - [2024-10-08T08:03:03.591+0000] {dag.py:4180} INFO - Setting next_dagrun for example_weekday_branch_operator to 2024-10-07 00:00:00+00:00, run_after=2024-10-08 00:00:00+00:00
[2024-10-08T08:03:03.625+0000] {processor.py:208} INFO - Processing /root/miniconda3/envs/project/lib/python3.8/site-packages/airflow/example_dags/example_branch_day_of_week_operator.py took 0.119 seconds
[2024-10-08T08:04:11.940+0000] {processor.py:186} INFO - Started process (PID=208565) to work on /root/miniconda3/envs/project/lib/python3.8/site-packages/airflow/example_dags/example_branch_day_of_week_operator.py
[2024-10-08T08:04:11.943+0000] {processor.py:914} INFO - Processing file /root/miniconda3/envs/project/lib/python3.8/site-packages/airflow/example_dags/example_branch_day_of_week_operator.py for tasks to queue
[2024-10-08T08:04:11.947+0000] {logging_mixin.py:190} INFO - [2024-10-08T08:04:11.946+0000] {dagbag.py:588} INFO - Filling up the DagBag from /root/miniconda3/envs/project/lib/python3.8/site-packages/airflow/example_dags/example_branch_day_of_week_operator.py
[2024-10-08T08:04:11.964+0000] {processor.py:925} INFO - DAG(s) 'example_weekday_branch_operator' retrieved from /root/miniconda3/envs/project/lib/python3.8/site-packages/airflow/example_dags/example_branch_day_of_week_operator.py
[2024-10-08T08:04:11.992+0000] {logging_mixin.py:190} INFO - [2024-10-08T08:04:11.991+0000] {dag.py:3239} INFO - Sync 1 DAGs
[2024-10-08T08:04:12.031+0000] {logging_mixin.py:190} INFO - [2024-10-08T08:04:12.031+0000] {dag.py:4180} INFO - Setting next_dagrun for example_weekday_branch_operator to 2024-10-07 00:00:00+00:00, run_after=2024-10-08 00:00:00+00:00
[2024-10-08T08:04:12.069+0000] {processor.py:208} INFO - Processing /root/miniconda3/envs/project/lib/python3.8/site-packages/airflow/example_dags/example_branch_day_of_week_operator.py took 0.141 seconds
[2024-10-08T08:05:19.013+0000] {processor.py:186} INFO - Started process (PID=208770) to work on /root/miniconda3/envs/project/lib/python3.8/site-packages/airflow/example_dags/example_branch_day_of_week_operator.py
[2024-10-08T08:05:19.016+0000] {processor.py:914} INFO - Processing file /root/miniconda3/envs/project/lib/python3.8/site-packages/airflow/example_dags/example_branch_day_of_week_operator.py for tasks to queue
[2024-10-08T08:05:19.020+0000] {logging_mixin.py:190} INFO - [2024-10-08T08:05:19.019+0000] {dagbag.py:588} INFO - Filling up the DagBag from /root/miniconda3/envs/project/lib/python3.8/site-packages/airflow/example_dags/example_branch_day_of_week_operator.py
[2024-10-08T08:05:19.035+0000] {processor.py:925} INFO - DAG(s) 'example_weekday_branch_operator' retrieved from /root/miniconda3/envs/project/lib/python3.8/site-packages/airflow/example_dags/example_branch_day_of_week_operator.py
[2024-10-08T08:05:19.060+0000] {logging_mixin.py:190} INFO - [2024-10-08T08:05:19.060+0000] {dag.py:3239} INFO - Sync 1 DAGs
[2024-10-08T08:05:19.090+0000] {logging_mixin.py:190} INFO - [2024-10-08T08:05:19.090+0000] {dag.py:4180} INFO - Setting next_dagrun for example_weekday_branch_operator to 2024-10-07 00:00:00+00:00, run_after=2024-10-08 00:00:00+00:00
[2024-10-08T08:05:19.123+0000] {processor.py:208} INFO - Processing /root/miniconda3/envs/project/lib/python3.8/site-packages/airflow/example_dags/example_branch_day_of_week_operator.py took 0.120 seconds
[2024-10-08T08:06:51.087+0000] {processor.py:186} INFO - Started process (PID=209014) to work on /root/miniconda3/envs/project/lib/python3.8/site-packages/airflow/example_dags/example_branch_day_of_week_operator.py
[2024-10-08T08:06:51.090+0000] {processor.py:914} INFO - Processing file /root/miniconda3/envs/project/lib/python3.8/site-packages/airflow/example_dags/example_branch_day_of_week_operator.py for tasks to queue
[2024-10-08T08:06:51.094+0000] {logging_mixin.py:190} INFO - [2024-10-08T08:06:51.093+0000] {dagbag.py:588} INFO - Filling up the DagBag from /root/miniconda3/envs/project/lib/python3.8/site-packages/airflow/example_dags/example_branch_day_of_week_operator.py
[2024-10-08T08:06:51.111+0000] {processor.py:925} INFO - DAG(s) 'example_weekday_branch_operator' retrieved from /root/miniconda3/envs/project/lib/python3.8/site-packages/airflow/example_dags/example_branch_day_of_week_operator.py
[2024-10-08T08:06:51.136+0000] {logging_mixin.py:190} INFO - [2024-10-08T08:06:51.136+0000] {dag.py:3239} INFO - Sync 1 DAGs
[2024-10-08T08:06:51.166+0000] {logging_mixin.py:190} INFO - [2024-10-08T08:06:51.166+0000] {dag.py:4180} INFO - Setting next_dagrun for example_weekday_branch_operator to 2024-10-07 00:00:00+00:00, run_after=2024-10-08 00:00:00+00:00
[2024-10-08T08:06:51.200+0000] {processor.py:208} INFO - Processing /root/miniconda3/envs/project/lib/python3.8/site-packages/airflow/example_dags/example_branch_day_of_week_operator.py took 0.126 seconds
[2024-10-08T08:07:59.913+0000] {processor.py:186} INFO - Started process (PID=209307) to work on /root/miniconda3/envs/project/lib/python3.8/site-packages/airflow/example_dags/example_branch_day_of_week_operator.py
[2024-10-08T08:07:59.916+0000] {processor.py:914} INFO - Processing file /root/miniconda3/envs/project/lib/python3.8/site-packages/airflow/example_dags/example_branch_day_of_week_operator.py for tasks to queue
[2024-10-08T08:07:59.920+0000] {logging_mixin.py:190} INFO - [2024-10-08T08:07:59.920+0000] {dagbag.py:588} INFO - Filling up the DagBag from /root/miniconda3/envs/project/lib/python3.8/site-packages/airflow/example_dags/example_branch_day_of_week_operator.py
[2024-10-08T08:07:59.936+0000] {processor.py:925} INFO - DAG(s) 'example_weekday_branch_operator' retrieved from /root/miniconda3/envs/project/lib/python3.8/site-packages/airflow/example_dags/example_branch_day_of_week_operator.py
[2024-10-08T08:07:59.962+0000] {logging_mixin.py:190} INFO - [2024-10-08T08:07:59.962+0000] {dag.py:3239} INFO - Sync 1 DAGs
[2024-10-08T08:07:59.992+0000] {logging_mixin.py:190} INFO - [2024-10-08T08:07:59.991+0000] {dag.py:4180} INFO - Setting next_dagrun for example_weekday_branch_operator to 2024-10-07 00:00:00+00:00, run_after=2024-10-08 00:00:00+00:00
[2024-10-08T08:08:00.025+0000] {processor.py:208} INFO - Processing /root/miniconda3/envs/project/lib/python3.8/site-packages/airflow/example_dags/example_branch_day_of_week_operator.py took 0.126 seconds
[2024-10-08T08:13:35.936+0000] {processor.py:186} INFO - Started process (PID=211198) to work on /root/miniconda3/envs/project/lib/python3.8/site-packages/airflow/example_dags/example_branch_day_of_week_operator.py
[2024-10-08T08:13:35.938+0000] {processor.py:914} INFO - Processing file /root/miniconda3/envs/project/lib/python3.8/site-packages/airflow/example_dags/example_branch_day_of_week_operator.py for tasks to queue
[2024-10-08T08:13:35.942+0000] {logging_mixin.py:190} INFO - [2024-10-08T08:13:35.942+0000] {dagbag.py:588} INFO - Filling up the DagBag from /root/miniconda3/envs/project/lib/python3.8/site-packages/airflow/example_dags/example_branch_day_of_week_operator.py
[2024-10-08T08:13:35.956+0000] {processor.py:925} INFO - DAG(s) 'example_weekday_branch_operator' retrieved from /root/miniconda3/envs/project/lib/python3.8/site-packages/airflow/example_dags/example_branch_day_of_week_operator.py
[2024-10-08T08:13:35.981+0000] {logging_mixin.py:190} INFO - [2024-10-08T08:13:35.981+0000] {dag.py:3239} INFO - Sync 1 DAGs
[2024-10-08T08:13:36.010+0000] {logging_mixin.py:190} INFO - [2024-10-08T08:13:36.010+0000] {dag.py:4180} INFO - Setting next_dagrun for example_weekday_branch_operator to 2024-10-07 00:00:00+00:00, run_after=2024-10-08 00:00:00+00:00
[2024-10-08T08:13:36.040+0000] {processor.py:208} INFO - Processing /root/miniconda3/envs/project/lib/python3.8/site-packages/airflow/example_dags/example_branch_day_of_week_operator.py took 0.117 seconds
[2024-10-08T08:14:45.620+0000] {processor.py:186} INFO - Started process (PID=211449) to work on /root/miniconda3/envs/project/lib/python3.8/site-packages/airflow/example_dags/example_branch_day_of_week_operator.py
[2024-10-08T08:14:45.624+0000] {processor.py:914} INFO - Processing file /root/miniconda3/envs/project/lib/python3.8/site-packages/airflow/example_dags/example_branch_day_of_week_operator.py for tasks to queue
[2024-10-08T08:14:45.627+0000] {logging_mixin.py:190} INFO - [2024-10-08T08:14:45.626+0000] {dagbag.py:588} INFO - Filling up the DagBag from /root/miniconda3/envs/project/lib/python3.8/site-packages/airflow/example_dags/example_branch_day_of_week_operator.py
[2024-10-08T08:14:45.642+0000] {processor.py:925} INFO - DAG(s) 'example_weekday_branch_operator' retrieved from /root/miniconda3/envs/project/lib/python3.8/site-packages/airflow/example_dags/example_branch_day_of_week_operator.py
[2024-10-08T08:14:45.667+0000] {logging_mixin.py:190} INFO - [2024-10-08T08:14:45.667+0000] {dag.py:3239} INFO - Sync 1 DAGs
[2024-10-08T08:14:45.698+0000] {logging_mixin.py:190} INFO - [2024-10-08T08:14:45.698+0000] {dag.py:4180} INFO - Setting next_dagrun for example_weekday_branch_operator to 2024-10-07 00:00:00+00:00, run_after=2024-10-08 00:00:00+00:00
[2024-10-08T08:14:45.732+0000] {processor.py:208} INFO - Processing /root/miniconda3/envs/project/lib/python3.8/site-packages/airflow/example_dags/example_branch_day_of_week_operator.py took 0.123 seconds
[2024-10-08T08:15:54.251+0000] {processor.py:186} INFO - Started process (PID=211652) to work on /root/miniconda3/envs/project/lib/python3.8/site-packages/airflow/example_dags/example_branch_day_of_week_operator.py
[2024-10-08T08:15:54.254+0000] {processor.py:914} INFO - Processing file /root/miniconda3/envs/project/lib/python3.8/site-packages/airflow/example_dags/example_branch_day_of_week_operator.py for tasks to queue
[2024-10-08T08:15:54.258+0000] {logging_mixin.py:190} INFO - [2024-10-08T08:15:54.257+0000] {dagbag.py:588} INFO - Filling up the DagBag from /root/miniconda3/envs/project/lib/python3.8/site-packages/airflow/example_dags/example_branch_day_of_week_operator.py
[2024-10-08T08:15:54.273+0000] {processor.py:925} INFO - DAG(s) 'example_weekday_branch_operator' retrieved from /root/miniconda3/envs/project/lib/python3.8/site-packages/airflow/example_dags/example_branch_day_of_week_operator.py
[2024-10-08T08:15:54.300+0000] {logging_mixin.py:190} INFO - [2024-10-08T08:15:54.299+0000] {dag.py:3239} INFO - Sync 1 DAGs
[2024-10-08T08:15:54.332+0000] {logging_mixin.py:190} INFO - [2024-10-08T08:15:54.332+0000] {dag.py:4180} INFO - Setting next_dagrun for example_weekday_branch_operator to 2024-10-07 00:00:00+00:00, run_after=2024-10-08 00:00:00+00:00
[2024-10-08T08:15:54.364+0000] {processor.py:208} INFO - Processing /root/miniconda3/envs/project/lib/python3.8/site-packages/airflow/example_dags/example_branch_day_of_week_operator.py took 0.124 seconds
[2024-10-08T08:17:02.853+0000] {processor.py:186} INFO - Started process (PID=211857) to work on /root/miniconda3/envs/project/lib/python3.8/site-packages/airflow/example_dags/example_branch_day_of_week_operator.py
[2024-10-08T08:17:02.856+0000] {processor.py:914} INFO - Processing file /root/miniconda3/envs/project/lib/python3.8/site-packages/airflow/example_dags/example_branch_day_of_week_operator.py for tasks to queue
[2024-10-08T08:17:02.859+0000] {logging_mixin.py:190} INFO - [2024-10-08T08:17:02.858+0000] {dagbag.py:588} INFO - Filling up the DagBag from /root/miniconda3/envs/project/lib/python3.8/site-packages/airflow/example_dags/example_branch_day_of_week_operator.py
[2024-10-08T08:17:02.874+0000] {processor.py:925} INFO - DAG(s) 'example_weekday_branch_operator' retrieved from /root/miniconda3/envs/project/lib/python3.8/site-packages/airflow/example_dags/example_branch_day_of_week_operator.py
[2024-10-08T08:17:02.900+0000] {logging_mixin.py:190} INFO - [2024-10-08T08:17:02.899+0000] {dag.py:3239} INFO - Sync 1 DAGs
[2024-10-08T08:17:02.929+0000] {logging_mixin.py:190} INFO - [2024-10-08T08:17:02.929+0000] {dag.py:4180} INFO - Setting next_dagrun for example_weekday_branch_operator to 2024-10-07 00:00:00+00:00, run_after=2024-10-08 00:00:00+00:00
[2024-10-08T08:17:02.964+0000] {processor.py:208} INFO - Processing /root/miniconda3/envs/project/lib/python3.8/site-packages/airflow/example_dags/example_branch_day_of_week_operator.py took 0.121 seconds
[2024-10-08T08:18:12.551+0000] {processor.py:186} INFO - Started process (PID=212104) to work on /root/miniconda3/envs/project/lib/python3.8/site-packages/airflow/example_dags/example_branch_day_of_week_operator.py
[2024-10-08T08:18:12.554+0000] {processor.py:914} INFO - Processing file /root/miniconda3/envs/project/lib/python3.8/site-packages/airflow/example_dags/example_branch_day_of_week_operator.py for tasks to queue
[2024-10-08T08:18:12.558+0000] {logging_mixin.py:190} INFO - [2024-10-08T08:18:12.557+0000] {dagbag.py:588} INFO - Filling up the DagBag from /root/miniconda3/envs/project/lib/python3.8/site-packages/airflow/example_dags/example_branch_day_of_week_operator.py
[2024-10-08T08:18:12.572+0000] {processor.py:925} INFO - DAG(s) 'example_weekday_branch_operator' retrieved from /root/miniconda3/envs/project/lib/python3.8/site-packages/airflow/example_dags/example_branch_day_of_week_operator.py
[2024-10-08T08:18:12.597+0000] {logging_mixin.py:190} INFO - [2024-10-08T08:18:12.597+0000] {dag.py:3239} INFO - Sync 1 DAGs
[2024-10-08T08:18:12.626+0000] {logging_mixin.py:190} INFO - [2024-10-08T08:18:12.626+0000] {dag.py:4180} INFO - Setting next_dagrun for example_weekday_branch_operator to 2024-10-07 00:00:00+00:00, run_after=2024-10-08 00:00:00+00:00
[2024-10-08T08:18:12.656+0000] {processor.py:208} INFO - Processing /root/miniconda3/envs/project/lib/python3.8/site-packages/airflow/example_dags/example_branch_day_of_week_operator.py took 0.116 seconds
[2024-10-08T08:19:24.032+0000] {processor.py:186} INFO - Started process (PID=212309) to work on /root/miniconda3/envs/project/lib/python3.8/site-packages/airflow/example_dags/example_branch_day_of_week_operator.py
[2024-10-08T08:19:24.035+0000] {processor.py:914} INFO - Processing file /root/miniconda3/envs/project/lib/python3.8/site-packages/airflow/example_dags/example_branch_day_of_week_operator.py for tasks to queue
[2024-10-08T08:19:24.038+0000] {logging_mixin.py:190} INFO - [2024-10-08T08:19:24.038+0000] {dagbag.py:588} INFO - Filling up the DagBag from /root/miniconda3/envs/project/lib/python3.8/site-packages/airflow/example_dags/example_branch_day_of_week_operator.py
[2024-10-08T08:19:24.054+0000] {processor.py:925} INFO - DAG(s) 'example_weekday_branch_operator' retrieved from /root/miniconda3/envs/project/lib/python3.8/site-packages/airflow/example_dags/example_branch_day_of_week_operator.py
[2024-10-08T08:19:24.080+0000] {logging_mixin.py:190} INFO - [2024-10-08T08:19:24.080+0000] {dag.py:3239} INFO - Sync 1 DAGs
[2024-10-08T08:19:24.110+0000] {logging_mixin.py:190} INFO - [2024-10-08T08:19:24.110+0000] {dag.py:4180} INFO - Setting next_dagrun for example_weekday_branch_operator to 2024-10-07 00:00:00+00:00, run_after=2024-10-08 00:00:00+00:00
[2024-10-08T08:19:24.146+0000] {processor.py:208} INFO - Processing /root/miniconda3/envs/project/lib/python3.8/site-packages/airflow/example_dags/example_branch_day_of_week_operator.py took 0.124 seconds
[2024-10-08T08:20:30.106+0000] {processor.py:186} INFO - Started process (PID=212494) to work on /root/miniconda3/envs/project/lib/python3.8/site-packages/airflow/example_dags/example_branch_day_of_week_operator.py
[2024-10-08T08:20:30.109+0000] {processor.py:914} INFO - Processing file /root/miniconda3/envs/project/lib/python3.8/site-packages/airflow/example_dags/example_branch_day_of_week_operator.py for tasks to queue
[2024-10-08T08:20:30.112+0000] {logging_mixin.py:190} INFO - [2024-10-08T08:20:30.112+0000] {dagbag.py:588} INFO - Filling up the DagBag from /root/miniconda3/envs/project/lib/python3.8/site-packages/airflow/example_dags/example_branch_day_of_week_operator.py
[2024-10-08T08:20:30.127+0000] {processor.py:925} INFO - DAG(s) 'example_weekday_branch_operator' retrieved from /root/miniconda3/envs/project/lib/python3.8/site-packages/airflow/example_dags/example_branch_day_of_week_operator.py
[2024-10-08T08:20:30.152+0000] {logging_mixin.py:190} INFO - [2024-10-08T08:20:30.152+0000] {dag.py:3239} INFO - Sync 1 DAGs
[2024-10-08T08:20:30.183+0000] {logging_mixin.py:190} INFO - [2024-10-08T08:20:30.183+0000] {dag.py:4180} INFO - Setting next_dagrun for example_weekday_branch_operator to 2024-10-07 00:00:00+00:00, run_after=2024-10-08 00:00:00+00:00
[2024-10-08T08:20:30.221+0000] {processor.py:208} INFO - Processing /root/miniconda3/envs/project/lib/python3.8/site-packages/airflow/example_dags/example_branch_day_of_week_operator.py took 0.124 seconds
[2024-10-08T08:21:46.004+0000] {processor.py:186} INFO - Started process (PID=212758) to work on /root/miniconda3/envs/project/lib/python3.8/site-packages/airflow/example_dags/example_branch_day_of_week_operator.py
[2024-10-08T08:21:46.007+0000] {processor.py:914} INFO - Processing file /root/miniconda3/envs/project/lib/python3.8/site-packages/airflow/example_dags/example_branch_day_of_week_operator.py for tasks to queue
[2024-10-08T08:21:46.010+0000] {logging_mixin.py:190} INFO - [2024-10-08T08:21:46.010+0000] {dagbag.py:588} INFO - Filling up the DagBag from /root/miniconda3/envs/project/lib/python3.8/site-packages/airflow/example_dags/example_branch_day_of_week_operator.py
[2024-10-08T08:21:46.026+0000] {processor.py:925} INFO - DAG(s) 'example_weekday_branch_operator' retrieved from /root/miniconda3/envs/project/lib/python3.8/site-packages/airflow/example_dags/example_branch_day_of_week_operator.py
[2024-10-08T08:21:46.051+0000] {logging_mixin.py:190} INFO - [2024-10-08T08:21:46.051+0000] {dag.py:3239} INFO - Sync 1 DAGs
[2024-10-08T08:21:46.081+0000] {logging_mixin.py:190} INFO - [2024-10-08T08:21:46.081+0000] {dag.py:4180} INFO - Setting next_dagrun for example_weekday_branch_operator to 2024-10-07 00:00:00+00:00, run_after=2024-10-08 00:00:00+00:00
[2024-10-08T08:21:46.117+0000] {processor.py:208} INFO - Processing /root/miniconda3/envs/project/lib/python3.8/site-packages/airflow/example_dags/example_branch_day_of_week_operator.py took 0.124 seconds
[2024-10-08T08:22:54.958+0000] {processor.py:186} INFO - Started process (PID=213005) to work on /root/miniconda3/envs/project/lib/python3.8/site-packages/airflow/example_dags/example_branch_day_of_week_operator.py
[2024-10-08T08:22:54.961+0000] {processor.py:914} INFO - Processing file /root/miniconda3/envs/project/lib/python3.8/site-packages/airflow/example_dags/example_branch_day_of_week_operator.py for tasks to queue
[2024-10-08T08:22:54.964+0000] {logging_mixin.py:190} INFO - [2024-10-08T08:22:54.964+0000] {dagbag.py:588} INFO - Filling up the DagBag from /root/miniconda3/envs/project/lib/python3.8/site-packages/airflow/example_dags/example_branch_day_of_week_operator.py
[2024-10-08T08:22:54.979+0000] {processor.py:925} INFO - DAG(s) 'example_weekday_branch_operator' retrieved from /root/miniconda3/envs/project/lib/python3.8/site-packages/airflow/example_dags/example_branch_day_of_week_operator.py
[2024-10-08T08:22:55.003+0000] {logging_mixin.py:190} INFO - [2024-10-08T08:22:55.003+0000] {dag.py:3239} INFO - Sync 1 DAGs
[2024-10-08T08:22:55.033+0000] {logging_mixin.py:190} INFO - [2024-10-08T08:22:55.033+0000] {dag.py:4180} INFO - Setting next_dagrun for example_weekday_branch_operator to 2024-10-07 00:00:00+00:00, run_after=2024-10-08 00:00:00+00:00
[2024-10-08T08:22:55.068+0000] {processor.py:208} INFO - Processing /root/miniconda3/envs/project/lib/python3.8/site-packages/airflow/example_dags/example_branch_day_of_week_operator.py took 0.119 seconds
[2024-10-08T08:23:58.052+0000] {processor.py:186} INFO - Started process (PID=213188) to work on /root/miniconda3/envs/project/lib/python3.8/site-packages/airflow/example_dags/example_branch_day_of_week_operator.py
[2024-10-08T08:23:58.056+0000] {processor.py:914} INFO - Processing file /root/miniconda3/envs/project/lib/python3.8/site-packages/airflow/example_dags/example_branch_day_of_week_operator.py for tasks to queue
[2024-10-08T08:23:58.059+0000] {logging_mixin.py:190} INFO - [2024-10-08T08:23:58.059+0000] {dagbag.py:588} INFO - Filling up the DagBag from /root/miniconda3/envs/project/lib/python3.8/site-packages/airflow/example_dags/example_branch_day_of_week_operator.py
[2024-10-08T08:23:58.074+0000] {processor.py:925} INFO - DAG(s) 'example_weekday_branch_operator' retrieved from /root/miniconda3/envs/project/lib/python3.8/site-packages/airflow/example_dags/example_branch_day_of_week_operator.py
[2024-10-08T08:23:58.099+0000] {logging_mixin.py:190} INFO - [2024-10-08T08:23:58.099+0000] {dag.py:3239} INFO - Sync 1 DAGs
[2024-10-08T08:23:58.128+0000] {logging_mixin.py:190} INFO - [2024-10-08T08:23:58.128+0000] {dag.py:4180} INFO - Setting next_dagrun for example_weekday_branch_operator to 2024-10-07 00:00:00+00:00, run_after=2024-10-08 00:00:00+00:00
[2024-10-08T08:23:58.161+0000] {processor.py:208} INFO - Processing /root/miniconda3/envs/project/lib/python3.8/site-packages/airflow/example_dags/example_branch_day_of_week_operator.py took 0.120 seconds
[2024-10-08T08:37:49.326+0000] {processor.py:186} INFO - Started process (PID=215147) to work on /root/miniconda3/envs/project/lib/python3.8/site-packages/airflow/example_dags/example_branch_day_of_week_operator.py
[2024-10-08T08:37:49.329+0000] {processor.py:914} INFO - Processing file /root/miniconda3/envs/project/lib/python3.8/site-packages/airflow/example_dags/example_branch_day_of_week_operator.py for tasks to queue
[2024-10-08T08:37:49.333+0000] {logging_mixin.py:190} INFO - [2024-10-08T08:37:49.333+0000] {dagbag.py:588} INFO - Filling up the DagBag from /root/miniconda3/envs/project/lib/python3.8/site-packages/airflow/example_dags/example_branch_day_of_week_operator.py
[2024-10-08T08:37:49.347+0000] {processor.py:925} INFO - DAG(s) 'example_weekday_branch_operator' retrieved from /root/miniconda3/envs/project/lib/python3.8/site-packages/airflow/example_dags/example_branch_day_of_week_operator.py
[2024-10-08T08:37:49.372+0000] {logging_mixin.py:190} INFO - [2024-10-08T08:37:49.372+0000] {dag.py:3239} INFO - Sync 1 DAGs
[2024-10-08T08:37:49.407+0000] {logging_mixin.py:190} INFO - [2024-10-08T08:37:49.407+0000] {dag.py:4180} INFO - Setting next_dagrun for example_weekday_branch_operator to 2024-10-07 00:00:00+00:00, run_after=2024-10-08 00:00:00+00:00
[2024-10-08T08:37:49.444+0000] {processor.py:208} INFO - Processing /root/miniconda3/envs/project/lib/python3.8/site-packages/airflow/example_dags/example_branch_day_of_week_operator.py took 0.128 seconds
[2024-10-08T08:38:59.818+0000] {processor.py:186} INFO - Started process (PID=215556) to work on /root/miniconda3/envs/project/lib/python3.8/site-packages/airflow/example_dags/example_branch_day_of_week_operator.py
[2024-10-08T08:38:59.822+0000] {processor.py:914} INFO - Processing file /root/miniconda3/envs/project/lib/python3.8/site-packages/airflow/example_dags/example_branch_day_of_week_operator.py for tasks to queue
[2024-10-08T08:38:59.825+0000] {logging_mixin.py:190} INFO - [2024-10-08T08:38:59.825+0000] {dagbag.py:588} INFO - Filling up the DagBag from /root/miniconda3/envs/project/lib/python3.8/site-packages/airflow/example_dags/example_branch_day_of_week_operator.py
[2024-10-08T08:38:59.841+0000] {processor.py:925} INFO - DAG(s) 'example_weekday_branch_operator' retrieved from /root/miniconda3/envs/project/lib/python3.8/site-packages/airflow/example_dags/example_branch_day_of_week_operator.py
[2024-10-08T08:38:59.869+0000] {logging_mixin.py:190} INFO - [2024-10-08T08:38:59.868+0000] {dag.py:3239} INFO - Sync 1 DAGs
[2024-10-08T08:38:59.900+0000] {logging_mixin.py:190} INFO - [2024-10-08T08:38:59.899+0000] {dag.py:4180} INFO - Setting next_dagrun for example_weekday_branch_operator to 2024-10-07 00:00:00+00:00, run_after=2024-10-08 00:00:00+00:00
[2024-10-08T08:38:59.933+0000] {processor.py:208} INFO - Processing /root/miniconda3/envs/project/lib/python3.8/site-packages/airflow/example_dags/example_branch_day_of_week_operator.py took 0.127 seconds
[2024-10-08T08:40:11.939+0000] {processor.py:186} INFO - Started process (PID=215784) to work on /root/miniconda3/envs/project/lib/python3.8/site-packages/airflow/example_dags/example_branch_day_of_week_operator.py
[2024-10-08T08:40:11.942+0000] {processor.py:914} INFO - Processing file /root/miniconda3/envs/project/lib/python3.8/site-packages/airflow/example_dags/example_branch_day_of_week_operator.py for tasks to queue
[2024-10-08T08:40:11.946+0000] {logging_mixin.py:190} INFO - [2024-10-08T08:40:11.945+0000] {dagbag.py:588} INFO - Filling up the DagBag from /root/miniconda3/envs/project/lib/python3.8/site-packages/airflow/example_dags/example_branch_day_of_week_operator.py
[2024-10-08T08:40:11.962+0000] {processor.py:925} INFO - DAG(s) 'example_weekday_branch_operator' retrieved from /root/miniconda3/envs/project/lib/python3.8/site-packages/airflow/example_dags/example_branch_day_of_week_operator.py
[2024-10-08T08:40:11.988+0000] {logging_mixin.py:190} INFO - [2024-10-08T08:40:11.987+0000] {dag.py:3239} INFO - Sync 1 DAGs
[2024-10-08T08:40:12.016+0000] {logging_mixin.py:190} INFO - [2024-10-08T08:40:12.016+0000] {dag.py:4180} INFO - Setting next_dagrun for example_weekday_branch_operator to 2024-10-07 00:00:00+00:00, run_after=2024-10-08 00:00:00+00:00
[2024-10-08T08:40:12.051+0000] {processor.py:208} INFO - Processing /root/miniconda3/envs/project/lib/python3.8/site-packages/airflow/example_dags/example_branch_day_of_week_operator.py took 0.123 seconds
[2024-10-08T08:41:20.335+0000] {processor.py:186} INFO - Started process (PID=216258) to work on /root/miniconda3/envs/project/lib/python3.8/site-packages/airflow/example_dags/example_branch_day_of_week_operator.py
[2024-10-08T08:41:20.339+0000] {processor.py:914} INFO - Processing file /root/miniconda3/envs/project/lib/python3.8/site-packages/airflow/example_dags/example_branch_day_of_week_operator.py for tasks to queue
[2024-10-08T08:41:20.342+0000] {logging_mixin.py:190} INFO - [2024-10-08T08:41:20.342+0000] {dagbag.py:588} INFO - Filling up the DagBag from /root/miniconda3/envs/project/lib/python3.8/site-packages/airflow/example_dags/example_branch_day_of_week_operator.py
[2024-10-08T08:41:20.360+0000] {processor.py:925} INFO - DAG(s) 'example_weekday_branch_operator' retrieved from /root/miniconda3/envs/project/lib/python3.8/site-packages/airflow/example_dags/example_branch_day_of_week_operator.py
[2024-10-08T08:41:20.387+0000] {logging_mixin.py:190} INFO - [2024-10-08T08:41:20.387+0000] {dag.py:3239} INFO - Sync 1 DAGs
[2024-10-08T08:41:20.418+0000] {logging_mixin.py:190} INFO - [2024-10-08T08:41:20.418+0000] {dag.py:4180} INFO - Setting next_dagrun for example_weekday_branch_operator to 2024-10-07 00:00:00+00:00, run_after=2024-10-08 00:00:00+00:00
[2024-10-08T08:41:20.451+0000] {processor.py:208} INFO - Processing /root/miniconda3/envs/project/lib/python3.8/site-packages/airflow/example_dags/example_branch_day_of_week_operator.py took 0.128 seconds
[2024-10-08T08:42:27.305+0000] {processor.py:186} INFO - Started process (PID=216586) to work on /root/miniconda3/envs/project/lib/python3.8/site-packages/airflow/example_dags/example_branch_day_of_week_operator.py
[2024-10-08T08:42:27.308+0000] {processor.py:914} INFO - Processing file /root/miniconda3/envs/project/lib/python3.8/site-packages/airflow/example_dags/example_branch_day_of_week_operator.py for tasks to queue
[2024-10-08T08:42:27.311+0000] {logging_mixin.py:190} INFO - [2024-10-08T08:42:27.310+0000] {dagbag.py:588} INFO - Filling up the DagBag from /root/miniconda3/envs/project/lib/python3.8/site-packages/airflow/example_dags/example_branch_day_of_week_operator.py
[2024-10-08T08:42:27.326+0000] {processor.py:925} INFO - DAG(s) 'example_weekday_branch_operator' retrieved from /root/miniconda3/envs/project/lib/python3.8/site-packages/airflow/example_dags/example_branch_day_of_week_operator.py
[2024-10-08T08:42:27.352+0000] {logging_mixin.py:190} INFO - [2024-10-08T08:42:27.351+0000] {dag.py:3239} INFO - Sync 1 DAGs
[2024-10-08T08:42:27.382+0000] {logging_mixin.py:190} INFO - [2024-10-08T08:42:27.382+0000] {dag.py:4180} INFO - Setting next_dagrun for example_weekday_branch_operator to 2024-10-07 00:00:00+00:00, run_after=2024-10-08 00:00:00+00:00
[2024-10-08T08:42:27.414+0000] {processor.py:208} INFO - Processing /root/miniconda3/envs/project/lib/python3.8/site-packages/airflow/example_dags/example_branch_day_of_week_operator.py took 0.119 seconds
[2024-10-08T08:43:34.128+0000] {processor.py:186} INFO - Started process (PID=216804) to work on /root/miniconda3/envs/project/lib/python3.8/site-packages/airflow/example_dags/example_branch_day_of_week_operator.py
[2024-10-08T08:43:34.131+0000] {processor.py:914} INFO - Processing file /root/miniconda3/envs/project/lib/python3.8/site-packages/airflow/example_dags/example_branch_day_of_week_operator.py for tasks to queue
[2024-10-08T08:43:34.135+0000] {logging_mixin.py:190} INFO - [2024-10-08T08:43:34.134+0000] {dagbag.py:588} INFO - Filling up the DagBag from /root/miniconda3/envs/project/lib/python3.8/site-packages/airflow/example_dags/example_branch_day_of_week_operator.py
[2024-10-08T08:43:34.151+0000] {processor.py:925} INFO - DAG(s) 'example_weekday_branch_operator' retrieved from /root/miniconda3/envs/project/lib/python3.8/site-packages/airflow/example_dags/example_branch_day_of_week_operator.py
[2024-10-08T08:43:34.177+0000] {logging_mixin.py:190} INFO - [2024-10-08T08:43:34.176+0000] {dag.py:3239} INFO - Sync 1 DAGs
[2024-10-08T08:43:34.206+0000] {logging_mixin.py:190} INFO - [2024-10-08T08:43:34.206+0000] {dag.py:4180} INFO - Setting next_dagrun for example_weekday_branch_operator to 2024-10-07 00:00:00+00:00, run_after=2024-10-08 00:00:00+00:00
[2024-10-08T08:43:34.243+0000] {processor.py:208} INFO - Processing /root/miniconda3/envs/project/lib/python3.8/site-packages/airflow/example_dags/example_branch_day_of_week_operator.py took 0.127 seconds
[2024-10-08T08:44:43.902+0000] {processor.py:186} INFO - Started process (PID=217088) to work on /root/miniconda3/envs/project/lib/python3.8/site-packages/airflow/example_dags/example_branch_day_of_week_operator.py
[2024-10-08T08:44:43.905+0000] {processor.py:914} INFO - Processing file /root/miniconda3/envs/project/lib/python3.8/site-packages/airflow/example_dags/example_branch_day_of_week_operator.py for tasks to queue
[2024-10-08T08:44:43.909+0000] {logging_mixin.py:190} INFO - [2024-10-08T08:44:43.908+0000] {dagbag.py:588} INFO - Filling up the DagBag from /root/miniconda3/envs/project/lib/python3.8/site-packages/airflow/example_dags/example_branch_day_of_week_operator.py
[2024-10-08T08:44:43.924+0000] {processor.py:925} INFO - DAG(s) 'example_weekday_branch_operator' retrieved from /root/miniconda3/envs/project/lib/python3.8/site-packages/airflow/example_dags/example_branch_day_of_week_operator.py
[2024-10-08T08:44:43.949+0000] {logging_mixin.py:190} INFO - [2024-10-08T08:44:43.949+0000] {dag.py:3239} INFO - Sync 1 DAGs
[2024-10-08T08:44:43.979+0000] {logging_mixin.py:190} INFO - [2024-10-08T08:44:43.978+0000] {dag.py:4180} INFO - Setting next_dagrun for example_weekday_branch_operator to 2024-10-07 00:00:00+00:00, run_after=2024-10-08 00:00:00+00:00
[2024-10-08T08:44:44.011+0000] {processor.py:208} INFO - Processing /root/miniconda3/envs/project/lib/python3.8/site-packages/airflow/example_dags/example_branch_day_of_week_operator.py took 0.120 seconds
[2024-10-08T08:45:58.526+0000] {processor.py:186} INFO - Started process (PID=217320) to work on /root/miniconda3/envs/project/lib/python3.8/site-packages/airflow/example_dags/example_branch_day_of_week_operator.py
[2024-10-08T08:45:58.529+0000] {processor.py:914} INFO - Processing file /root/miniconda3/envs/project/lib/python3.8/site-packages/airflow/example_dags/example_branch_day_of_week_operator.py for tasks to queue
[2024-10-08T08:45:58.532+0000] {logging_mixin.py:190} INFO - [2024-10-08T08:45:58.532+0000] {dagbag.py:588} INFO - Filling up the DagBag from /root/miniconda3/envs/project/lib/python3.8/site-packages/airflow/example_dags/example_branch_day_of_week_operator.py
[2024-10-08T08:45:58.552+0000] {processor.py:925} INFO - DAG(s) 'example_weekday_branch_operator' retrieved from /root/miniconda3/envs/project/lib/python3.8/site-packages/airflow/example_dags/example_branch_day_of_week_operator.py
[2024-10-08T08:45:58.583+0000] {logging_mixin.py:190} INFO - [2024-10-08T08:45:58.582+0000] {dag.py:3239} INFO - Sync 1 DAGs
[2024-10-08T08:45:58.614+0000] {logging_mixin.py:190} INFO - [2024-10-08T08:45:58.614+0000] {dag.py:4180} INFO - Setting next_dagrun for example_weekday_branch_operator to 2024-10-07 00:00:00+00:00, run_after=2024-10-08 00:00:00+00:00
[2024-10-08T08:45:58.646+0000] {processor.py:208} INFO - Processing /root/miniconda3/envs/project/lib/python3.8/site-packages/airflow/example_dags/example_branch_day_of_week_operator.py took 0.130 seconds
[2024-10-08T08:47:10.310+0000] {processor.py:186} INFO - Started process (PID=217683) to work on /root/miniconda3/envs/project/lib/python3.8/site-packages/airflow/example_dags/example_branch_day_of_week_operator.py
[2024-10-08T08:47:10.313+0000] {processor.py:914} INFO - Processing file /root/miniconda3/envs/project/lib/python3.8/site-packages/airflow/example_dags/example_branch_day_of_week_operator.py for tasks to queue
[2024-10-08T08:47:10.316+0000] {logging_mixin.py:190} INFO - [2024-10-08T08:47:10.316+0000] {dagbag.py:588} INFO - Filling up the DagBag from /root/miniconda3/envs/project/lib/python3.8/site-packages/airflow/example_dags/example_branch_day_of_week_operator.py
[2024-10-08T08:47:10.331+0000] {processor.py:925} INFO - DAG(s) 'example_weekday_branch_operator' retrieved from /root/miniconda3/envs/project/lib/python3.8/site-packages/airflow/example_dags/example_branch_day_of_week_operator.py
[2024-10-08T08:47:10.356+0000] {logging_mixin.py:190} INFO - [2024-10-08T08:47:10.355+0000] {dag.py:3239} INFO - Sync 1 DAGs
[2024-10-08T08:47:10.385+0000] {logging_mixin.py:190} INFO - [2024-10-08T08:47:10.384+0000] {dag.py:4180} INFO - Setting next_dagrun for example_weekday_branch_operator to 2024-10-07 00:00:00+00:00, run_after=2024-10-08 00:00:00+00:00
[2024-10-08T08:47:10.414+0000] {processor.py:208} INFO - Processing /root/miniconda3/envs/project/lib/python3.8/site-packages/airflow/example_dags/example_branch_day_of_week_operator.py took 0.115 seconds
[2024-10-08T08:48:22.231+0000] {processor.py:186} INFO - Started process (PID=217969) to work on /root/miniconda3/envs/project/lib/python3.8/site-packages/airflow/example_dags/example_branch_day_of_week_operator.py
[2024-10-08T08:48:22.234+0000] {processor.py:914} INFO - Processing file /root/miniconda3/envs/project/lib/python3.8/site-packages/airflow/example_dags/example_branch_day_of_week_operator.py for tasks to queue
[2024-10-08T08:48:22.237+0000] {logging_mixin.py:190} INFO - [2024-10-08T08:48:22.236+0000] {dagbag.py:588} INFO - Filling up the DagBag from /root/miniconda3/envs/project/lib/python3.8/site-packages/airflow/example_dags/example_branch_day_of_week_operator.py
[2024-10-08T08:48:22.251+0000] {processor.py:925} INFO - DAG(s) 'example_weekday_branch_operator' retrieved from /root/miniconda3/envs/project/lib/python3.8/site-packages/airflow/example_dags/example_branch_day_of_week_operator.py
[2024-10-08T08:48:22.276+0000] {logging_mixin.py:190} INFO - [2024-10-08T08:48:22.275+0000] {dag.py:3239} INFO - Sync 1 DAGs
[2024-10-08T08:48:22.306+0000] {logging_mixin.py:190} INFO - [2024-10-08T08:48:22.305+0000] {dag.py:4180} INFO - Setting next_dagrun for example_weekday_branch_operator to 2024-10-07 00:00:00+00:00, run_after=2024-10-08 00:00:00+00:00
[2024-10-08T08:48:22.342+0000] {processor.py:208} INFO - Processing /root/miniconda3/envs/project/lib/python3.8/site-packages/airflow/example_dags/example_branch_day_of_week_operator.py took 0.122 seconds
[2024-10-08T08:49:33.779+0000] {processor.py:186} INFO - Started process (PID=218192) to work on /root/miniconda3/envs/project/lib/python3.8/site-packages/airflow/example_dags/example_branch_day_of_week_operator.py
[2024-10-08T08:49:33.782+0000] {processor.py:914} INFO - Processing file /root/miniconda3/envs/project/lib/python3.8/site-packages/airflow/example_dags/example_branch_day_of_week_operator.py for tasks to queue
[2024-10-08T08:49:33.785+0000] {logging_mixin.py:190} INFO - [2024-10-08T08:49:33.785+0000] {dagbag.py:588} INFO - Filling up the DagBag from /root/miniconda3/envs/project/lib/python3.8/site-packages/airflow/example_dags/example_branch_day_of_week_operator.py
[2024-10-08T08:49:33.801+0000] {processor.py:925} INFO - DAG(s) 'example_weekday_branch_operator' retrieved from /root/miniconda3/envs/project/lib/python3.8/site-packages/airflow/example_dags/example_branch_day_of_week_operator.py
[2024-10-08T08:49:33.827+0000] {logging_mixin.py:190} INFO - [2024-10-08T08:49:33.826+0000] {dag.py:3239} INFO - Sync 1 DAGs
[2024-10-08T08:49:33.857+0000] {logging_mixin.py:190} INFO - [2024-10-08T08:49:33.856+0000] {dag.py:4180} INFO - Setting next_dagrun for example_weekday_branch_operator to 2024-10-07 00:00:00+00:00, run_after=2024-10-08 00:00:00+00:00
[2024-10-08T08:49:33.888+0000] {processor.py:208} INFO - Processing /root/miniconda3/envs/project/lib/python3.8/site-packages/airflow/example_dags/example_branch_day_of_week_operator.py took 0.121 seconds
[2024-10-08T08:50:44.082+0000] {processor.py:186} INFO - Started process (PID=218479) to work on /root/miniconda3/envs/project/lib/python3.8/site-packages/airflow/example_dags/example_branch_day_of_week_operator.py
[2024-10-08T08:50:44.085+0000] {processor.py:914} INFO - Processing file /root/miniconda3/envs/project/lib/python3.8/site-packages/airflow/example_dags/example_branch_day_of_week_operator.py for tasks to queue
[2024-10-08T08:50:44.088+0000] {logging_mixin.py:190} INFO - [2024-10-08T08:50:44.088+0000] {dagbag.py:588} INFO - Filling up the DagBag from /root/miniconda3/envs/project/lib/python3.8/site-packages/airflow/example_dags/example_branch_day_of_week_operator.py
[2024-10-08T08:50:44.103+0000] {processor.py:925} INFO - DAG(s) 'example_weekday_branch_operator' retrieved from /root/miniconda3/envs/project/lib/python3.8/site-packages/airflow/example_dags/example_branch_day_of_week_operator.py
[2024-10-08T08:50:44.128+0000] {logging_mixin.py:190} INFO - [2024-10-08T08:50:44.128+0000] {dag.py:3239} INFO - Sync 1 DAGs
[2024-10-08T08:50:44.158+0000] {logging_mixin.py:190} INFO - [2024-10-08T08:50:44.157+0000] {dag.py:4180} INFO - Setting next_dagrun for example_weekday_branch_operator to 2024-10-07 00:00:00+00:00, run_after=2024-10-08 00:00:00+00:00
[2024-10-08T08:50:44.187+0000] {processor.py:208} INFO - Processing /root/miniconda3/envs/project/lib/python3.8/site-packages/airflow/example_dags/example_branch_day_of_week_operator.py took 0.117 seconds
[2024-10-08T09:09:26.750+0000] {processor.py:186} INFO - Started process (PID=220937) to work on /root/miniconda3/envs/project/lib/python3.8/site-packages/airflow/example_dags/example_branch_day_of_week_operator.py
[2024-10-08T09:09:26.753+0000] {processor.py:914} INFO - Processing file /root/miniconda3/envs/project/lib/python3.8/site-packages/airflow/example_dags/example_branch_day_of_week_operator.py for tasks to queue
[2024-10-08T09:09:26.757+0000] {logging_mixin.py:190} INFO - [2024-10-08T09:09:26.756+0000] {dagbag.py:588} INFO - Filling up the DagBag from /root/miniconda3/envs/project/lib/python3.8/site-packages/airflow/example_dags/example_branch_day_of_week_operator.py
[2024-10-08T09:09:26.772+0000] {processor.py:925} INFO - DAG(s) 'example_weekday_branch_operator' retrieved from /root/miniconda3/envs/project/lib/python3.8/site-packages/airflow/example_dags/example_branch_day_of_week_operator.py
[2024-10-08T09:09:26.797+0000] {logging_mixin.py:190} INFO - [2024-10-08T09:09:26.797+0000] {dag.py:3239} INFO - Sync 1 DAGs
[2024-10-08T09:09:26.827+0000] {logging_mixin.py:190} INFO - [2024-10-08T09:09:26.827+0000] {dag.py:4180} INFO - Setting next_dagrun for example_weekday_branch_operator to 2024-10-07 00:00:00+00:00, run_after=2024-10-08 00:00:00+00:00
[2024-10-08T09:09:26.859+0000] {processor.py:208} INFO - Processing /root/miniconda3/envs/project/lib/python3.8/site-packages/airflow/example_dags/example_branch_day_of_week_operator.py took 0.120 seconds
[2024-10-08T09:10:56.391+0000] {processor.py:186} INFO - Started process (PID=221657) to work on /root/miniconda3/envs/project/lib/python3.8/site-packages/airflow/example_dags/example_branch_day_of_week_operator.py
[2024-10-08T09:10:56.394+0000] {processor.py:914} INFO - Processing file /root/miniconda3/envs/project/lib/python3.8/site-packages/airflow/example_dags/example_branch_day_of_week_operator.py for tasks to queue
[2024-10-08T09:10:56.398+0000] {logging_mixin.py:190} INFO - [2024-10-08T09:10:56.397+0000] {dagbag.py:588} INFO - Filling up the DagBag from /root/miniconda3/envs/project/lib/python3.8/site-packages/airflow/example_dags/example_branch_day_of_week_operator.py
[2024-10-08T09:10:56.419+0000] {processor.py:925} INFO - DAG(s) 'example_weekday_branch_operator' retrieved from /root/miniconda3/envs/project/lib/python3.8/site-packages/airflow/example_dags/example_branch_day_of_week_operator.py
[2024-10-08T09:10:56.444+0000] {logging_mixin.py:190} INFO - [2024-10-08T09:10:56.443+0000] {dag.py:3239} INFO - Sync 1 DAGs
[2024-10-08T09:10:56.473+0000] {logging_mixin.py:190} INFO - [2024-10-08T09:10:56.473+0000] {dag.py:4180} INFO - Setting next_dagrun for example_weekday_branch_operator to 2024-10-07 00:00:00+00:00, run_after=2024-10-08 00:00:00+00:00
[2024-10-08T09:10:56.507+0000] {processor.py:208} INFO - Processing /root/miniconda3/envs/project/lib/python3.8/site-packages/airflow/example_dags/example_branch_day_of_week_operator.py took 0.128 seconds
[2024-10-08T09:12:05.005+0000] {processor.py:186} INFO - Started process (PID=222002) to work on /root/miniconda3/envs/project/lib/python3.8/site-packages/airflow/example_dags/example_branch_day_of_week_operator.py
[2024-10-08T09:12:05.008+0000] {processor.py:914} INFO - Processing file /root/miniconda3/envs/project/lib/python3.8/site-packages/airflow/example_dags/example_branch_day_of_week_operator.py for tasks to queue
[2024-10-08T09:12:05.011+0000] {logging_mixin.py:190} INFO - [2024-10-08T09:12:05.011+0000] {dagbag.py:588} INFO - Filling up the DagBag from /root/miniconda3/envs/project/lib/python3.8/site-packages/airflow/example_dags/example_branch_day_of_week_operator.py
[2024-10-08T09:12:05.027+0000] {processor.py:925} INFO - DAG(s) 'example_weekday_branch_operator' retrieved from /root/miniconda3/envs/project/lib/python3.8/site-packages/airflow/example_dags/example_branch_day_of_week_operator.py
[2024-10-08T09:12:05.052+0000] {logging_mixin.py:190} INFO - [2024-10-08T09:12:05.052+0000] {dag.py:3239} INFO - Sync 1 DAGs
[2024-10-08T09:12:05.082+0000] {logging_mixin.py:190} INFO - [2024-10-08T09:12:05.082+0000] {dag.py:4180} INFO - Setting next_dagrun for example_weekday_branch_operator to 2024-10-07 00:00:00+00:00, run_after=2024-10-08 00:00:00+00:00
[2024-10-08T09:12:05.114+0000] {processor.py:208} INFO - Processing /root/miniconda3/envs/project/lib/python3.8/site-packages/airflow/example_dags/example_branch_day_of_week_operator.py took 0.122 seconds
[2024-10-08T09:13:43.983+0000] {processor.py:186} INFO - Started process (PID=222411) to work on /root/miniconda3/envs/project/lib/python3.8/site-packages/airflow/example_dags/example_branch_day_of_week_operator.py
[2024-10-08T09:13:43.986+0000] {processor.py:914} INFO - Processing file /root/miniconda3/envs/project/lib/python3.8/site-packages/airflow/example_dags/example_branch_day_of_week_operator.py for tasks to queue
[2024-10-08T09:13:43.990+0000] {logging_mixin.py:190} INFO - [2024-10-08T09:13:43.990+0000] {dagbag.py:588} INFO - Filling up the DagBag from /root/miniconda3/envs/project/lib/python3.8/site-packages/airflow/example_dags/example_branch_day_of_week_operator.py
[2024-10-08T09:13:44.007+0000] {processor.py:925} INFO - DAG(s) 'example_weekday_branch_operator' retrieved from /root/miniconda3/envs/project/lib/python3.8/site-packages/airflow/example_dags/example_branch_day_of_week_operator.py
[2024-10-08T09:13:44.034+0000] {logging_mixin.py:190} INFO - [2024-10-08T09:13:44.033+0000] {dag.py:3239} INFO - Sync 1 DAGs
[2024-10-08T09:13:44.064+0000] {logging_mixin.py:190} INFO - [2024-10-08T09:13:44.064+0000] {dag.py:4180} INFO - Setting next_dagrun for example_weekday_branch_operator to 2024-10-07 00:00:00+00:00, run_after=2024-10-08 00:00:00+00:00
[2024-10-08T09:13:44.098+0000] {processor.py:208} INFO - Processing /root/miniconda3/envs/project/lib/python3.8/site-packages/airflow/example_dags/example_branch_day_of_week_operator.py took 0.127 seconds
[2024-10-08T09:14:44.541+0000] {processor.py:186} INFO - Started process (PID=222638) to work on /root/miniconda3/envs/project/lib/python3.8/site-packages/airflow/example_dags/example_branch_day_of_week_operator.py
[2024-10-08T09:14:44.544+0000] {processor.py:914} INFO - Processing file /root/miniconda3/envs/project/lib/python3.8/site-packages/airflow/example_dags/example_branch_day_of_week_operator.py for tasks to queue
[2024-10-08T09:14:44.547+0000] {logging_mixin.py:190} INFO - [2024-10-08T09:14:44.546+0000] {dagbag.py:588} INFO - Filling up the DagBag from /root/miniconda3/envs/project/lib/python3.8/site-packages/airflow/example_dags/example_branch_day_of_week_operator.py
[2024-10-08T09:14:44.562+0000] {processor.py:925} INFO - DAG(s) 'example_weekday_branch_operator' retrieved from /root/miniconda3/envs/project/lib/python3.8/site-packages/airflow/example_dags/example_branch_day_of_week_operator.py
[2024-10-08T09:14:44.586+0000] {logging_mixin.py:190} INFO - [2024-10-08T09:14:44.586+0000] {dag.py:3239} INFO - Sync 1 DAGs
[2024-10-08T09:14:44.616+0000] {logging_mixin.py:190} INFO - [2024-10-08T09:14:44.616+0000] {dag.py:4180} INFO - Setting next_dagrun for example_weekday_branch_operator to 2024-10-07 00:00:00+00:00, run_after=2024-10-08 00:00:00+00:00
[2024-10-08T09:14:44.648+0000] {processor.py:208} INFO - Processing /root/miniconda3/envs/project/lib/python3.8/site-packages/airflow/example_dags/example_branch_day_of_week_operator.py took 0.118 seconds
[2024-10-08T09:16:00.037+0000] {processor.py:186} INFO - Started process (PID=222970) to work on /root/miniconda3/envs/project/lib/python3.8/site-packages/airflow/example_dags/example_branch_day_of_week_operator.py
[2024-10-08T09:16:00.040+0000] {processor.py:914} INFO - Processing file /root/miniconda3/envs/project/lib/python3.8/site-packages/airflow/example_dags/example_branch_day_of_week_operator.py for tasks to queue
[2024-10-08T09:16:00.044+0000] {logging_mixin.py:190} INFO - [2024-10-08T09:16:00.043+0000] {dagbag.py:588} INFO - Filling up the DagBag from /root/miniconda3/envs/project/lib/python3.8/site-packages/airflow/example_dags/example_branch_day_of_week_operator.py
[2024-10-08T09:16:00.059+0000] {processor.py:925} INFO - DAG(s) 'example_weekday_branch_operator' retrieved from /root/miniconda3/envs/project/lib/python3.8/site-packages/airflow/example_dags/example_branch_day_of_week_operator.py
[2024-10-08T09:16:00.084+0000] {logging_mixin.py:190} INFO - [2024-10-08T09:16:00.084+0000] {dag.py:3239} INFO - Sync 1 DAGs
[2024-10-08T09:16:00.115+0000] {logging_mixin.py:190} INFO - [2024-10-08T09:16:00.115+0000] {dag.py:4180} INFO - Setting next_dagrun for example_weekday_branch_operator to 2024-10-07 00:00:00+00:00, run_after=2024-10-08 00:00:00+00:00
[2024-10-08T09:16:00.154+0000] {processor.py:208} INFO - Processing /root/miniconda3/envs/project/lib/python3.8/site-packages/airflow/example_dags/example_branch_day_of_week_operator.py took 0.126 seconds
[2024-10-08T09:17:10.891+0000] {processor.py:186} INFO - Started process (PID=223202) to work on /root/miniconda3/envs/project/lib/python3.8/site-packages/airflow/example_dags/example_branch_day_of_week_operator.py
[2024-10-08T09:17:10.895+0000] {processor.py:914} INFO - Processing file /root/miniconda3/envs/project/lib/python3.8/site-packages/airflow/example_dags/example_branch_day_of_week_operator.py for tasks to queue
[2024-10-08T09:17:10.900+0000] {logging_mixin.py:190} INFO - [2024-10-08T09:17:10.900+0000] {dagbag.py:588} INFO - Filling up the DagBag from /root/miniconda3/envs/project/lib/python3.8/site-packages/airflow/example_dags/example_branch_day_of_week_operator.py
[2024-10-08T09:17:10.918+0000] {processor.py:925} INFO - DAG(s) 'example_weekday_branch_operator' retrieved from /root/miniconda3/envs/project/lib/python3.8/site-packages/airflow/example_dags/example_branch_day_of_week_operator.py
[2024-10-08T09:17:10.943+0000] {logging_mixin.py:190} INFO - [2024-10-08T09:17:10.943+0000] {dag.py:3239} INFO - Sync 1 DAGs
[2024-10-08T09:17:10.975+0000] {logging_mixin.py:190} INFO - [2024-10-08T09:17:10.974+0000] {dag.py:4180} INFO - Setting next_dagrun for example_weekday_branch_operator to 2024-10-07 00:00:00+00:00, run_after=2024-10-08 00:00:00+00:00
[2024-10-08T09:17:11.007+0000] {processor.py:208} INFO - Processing /root/miniconda3/envs/project/lib/python3.8/site-packages/airflow/example_dags/example_branch_day_of_week_operator.py took 0.127 seconds
[2024-10-08T09:18:18.942+0000] {processor.py:186} INFO - Started process (PID=223426) to work on /root/miniconda3/envs/project/lib/python3.8/site-packages/airflow/example_dags/example_branch_day_of_week_operator.py
[2024-10-08T09:18:18.945+0000] {processor.py:914} INFO - Processing file /root/miniconda3/envs/project/lib/python3.8/site-packages/airflow/example_dags/example_branch_day_of_week_operator.py for tasks to queue
[2024-10-08T09:18:18.949+0000] {logging_mixin.py:190} INFO - [2024-10-08T09:18:18.948+0000] {dagbag.py:588} INFO - Filling up the DagBag from /root/miniconda3/envs/project/lib/python3.8/site-packages/airflow/example_dags/example_branch_day_of_week_operator.py
[2024-10-08T09:18:18.965+0000] {processor.py:925} INFO - DAG(s) 'example_weekday_branch_operator' retrieved from /root/miniconda3/envs/project/lib/python3.8/site-packages/airflow/example_dags/example_branch_day_of_week_operator.py
[2024-10-08T09:18:18.992+0000] {logging_mixin.py:190} INFO - [2024-10-08T09:18:18.991+0000] {dag.py:3239} INFO - Sync 1 DAGs
[2024-10-08T09:18:19.022+0000] {logging_mixin.py:190} INFO - [2024-10-08T09:18:19.021+0000] {dag.py:4180} INFO - Setting next_dagrun for example_weekday_branch_operator to 2024-10-07 00:00:00+00:00, run_after=2024-10-08 00:00:00+00:00
[2024-10-08T09:18:19.052+0000] {processor.py:208} INFO - Processing /root/miniconda3/envs/project/lib/python3.8/site-packages/airflow/example_dags/example_branch_day_of_week_operator.py took 0.121 seconds
[2024-10-08T09:19:34.127+0000] {processor.py:186} INFO - Started process (PID=223665) to work on /root/miniconda3/envs/project/lib/python3.8/site-packages/airflow/example_dags/example_branch_day_of_week_operator.py
[2024-10-08T09:19:34.130+0000] {processor.py:914} INFO - Processing file /root/miniconda3/envs/project/lib/python3.8/site-packages/airflow/example_dags/example_branch_day_of_week_operator.py for tasks to queue
[2024-10-08T09:19:34.133+0000] {logging_mixin.py:190} INFO - [2024-10-08T09:19:34.133+0000] {dagbag.py:588} INFO - Filling up the DagBag from /root/miniconda3/envs/project/lib/python3.8/site-packages/airflow/example_dags/example_branch_day_of_week_operator.py
[2024-10-08T09:19:34.148+0000] {processor.py:925} INFO - DAG(s) 'example_weekday_branch_operator' retrieved from /root/miniconda3/envs/project/lib/python3.8/site-packages/airflow/example_dags/example_branch_day_of_week_operator.py
[2024-10-08T09:19:34.173+0000] {logging_mixin.py:190} INFO - [2024-10-08T09:19:34.173+0000] {dag.py:3239} INFO - Sync 1 DAGs
[2024-10-08T09:19:34.203+0000] {logging_mixin.py:190} INFO - [2024-10-08T09:19:34.203+0000] {dag.py:4180} INFO - Setting next_dagrun for example_weekday_branch_operator to 2024-10-07 00:00:00+00:00, run_after=2024-10-08 00:00:00+00:00
[2024-10-08T09:19:34.236+0000] {processor.py:208} INFO - Processing /root/miniconda3/envs/project/lib/python3.8/site-packages/airflow/example_dags/example_branch_day_of_week_operator.py took 0.120 seconds
[2024-10-08T09:20:43.741+0000] {processor.py:186} INFO - Started process (PID=223951) to work on /root/miniconda3/envs/project/lib/python3.8/site-packages/airflow/example_dags/example_branch_day_of_week_operator.py
[2024-10-08T09:20:43.744+0000] {processor.py:914} INFO - Processing file /root/miniconda3/envs/project/lib/python3.8/site-packages/airflow/example_dags/example_branch_day_of_week_operator.py for tasks to queue
[2024-10-08T09:20:43.748+0000] {logging_mixin.py:190} INFO - [2024-10-08T09:20:43.747+0000] {dagbag.py:588} INFO - Filling up the DagBag from /root/miniconda3/envs/project/lib/python3.8/site-packages/airflow/example_dags/example_branch_day_of_week_operator.py
[2024-10-08T09:20:43.763+0000] {processor.py:925} INFO - DAG(s) 'example_weekday_branch_operator' retrieved from /root/miniconda3/envs/project/lib/python3.8/site-packages/airflow/example_dags/example_branch_day_of_week_operator.py
[2024-10-08T09:20:43.788+0000] {logging_mixin.py:190} INFO - [2024-10-08T09:20:43.788+0000] {dag.py:3239} INFO - Sync 1 DAGs
[2024-10-08T09:20:43.817+0000] {logging_mixin.py:190} INFO - [2024-10-08T09:20:43.817+0000] {dag.py:4180} INFO - Setting next_dagrun for example_weekday_branch_operator to 2024-10-07 00:00:00+00:00, run_after=2024-10-08 00:00:00+00:00
[2024-10-08T09:20:43.851+0000] {processor.py:208} INFO - Processing /root/miniconda3/envs/project/lib/python3.8/site-packages/airflow/example_dags/example_branch_day_of_week_operator.py took 0.120 seconds
[2024-10-08T09:21:58.007+0000] {processor.py:186} INFO - Started process (PID=224247) to work on /root/miniconda3/envs/project/lib/python3.8/site-packages/airflow/example_dags/example_branch_day_of_week_operator.py
[2024-10-08T09:21:58.009+0000] {processor.py:914} INFO - Processing file /root/miniconda3/envs/project/lib/python3.8/site-packages/airflow/example_dags/example_branch_day_of_week_operator.py for tasks to queue
[2024-10-08T09:21:58.013+0000] {logging_mixin.py:190} INFO - [2024-10-08T09:21:58.012+0000] {dagbag.py:588} INFO - Filling up the DagBag from /root/miniconda3/envs/project/lib/python3.8/site-packages/airflow/example_dags/example_branch_day_of_week_operator.py
[2024-10-08T09:21:58.028+0000] {processor.py:925} INFO - DAG(s) 'example_weekday_branch_operator' retrieved from /root/miniconda3/envs/project/lib/python3.8/site-packages/airflow/example_dags/example_branch_day_of_week_operator.py
[2024-10-08T09:21:58.052+0000] {logging_mixin.py:190} INFO - [2024-10-08T09:21:58.052+0000] {dag.py:3239} INFO - Sync 1 DAGs
[2024-10-08T09:21:58.083+0000] {logging_mixin.py:190} INFO - [2024-10-08T09:21:58.082+0000] {dag.py:4180} INFO - Setting next_dagrun for example_weekday_branch_operator to 2024-10-07 00:00:00+00:00, run_after=2024-10-08 00:00:00+00:00
[2024-10-08T09:21:58.114+0000] {processor.py:208} INFO - Processing /root/miniconda3/envs/project/lib/python3.8/site-packages/airflow/example_dags/example_branch_day_of_week_operator.py took 0.118 seconds
[2024-10-08T09:23:06.342+0000] {processor.py:186} INFO - Started process (PID=224471) to work on /root/miniconda3/envs/project/lib/python3.8/site-packages/airflow/example_dags/example_branch_day_of_week_operator.py
[2024-10-08T09:23:06.344+0000] {processor.py:914} INFO - Processing file /root/miniconda3/envs/project/lib/python3.8/site-packages/airflow/example_dags/example_branch_day_of_week_operator.py for tasks to queue
[2024-10-08T09:23:06.348+0000] {logging_mixin.py:190} INFO - [2024-10-08T09:23:06.347+0000] {dagbag.py:588} INFO - Filling up the DagBag from /root/miniconda3/envs/project/lib/python3.8/site-packages/airflow/example_dags/example_branch_day_of_week_operator.py
[2024-10-08T09:23:06.363+0000] {processor.py:925} INFO - DAG(s) 'example_weekday_branch_operator' retrieved from /root/miniconda3/envs/project/lib/python3.8/site-packages/airflow/example_dags/example_branch_day_of_week_operator.py
[2024-10-08T09:23:06.387+0000] {logging_mixin.py:190} INFO - [2024-10-08T09:23:06.387+0000] {dag.py:3239} INFO - Sync 1 DAGs
[2024-10-08T09:23:06.417+0000] {logging_mixin.py:190} INFO - [2024-10-08T09:23:06.416+0000] {dag.py:4180} INFO - Setting next_dagrun for example_weekday_branch_operator to 2024-10-07 00:00:00+00:00, run_after=2024-10-08 00:00:00+00:00
[2024-10-08T09:23:06.450+0000] {processor.py:208} INFO - Processing /root/miniconda3/envs/project/lib/python3.8/site-packages/airflow/example_dags/example_branch_day_of_week_operator.py took 0.119 seconds
[2024-10-08T09:24:17.116+0000] {processor.py:186} INFO - Started process (PID=224665) to work on /root/miniconda3/envs/project/lib/python3.8/site-packages/airflow/example_dags/example_branch_day_of_week_operator.py
[2024-10-08T09:24:17.120+0000] {processor.py:914} INFO - Processing file /root/miniconda3/envs/project/lib/python3.8/site-packages/airflow/example_dags/example_branch_day_of_week_operator.py for tasks to queue
[2024-10-08T09:24:17.123+0000] {logging_mixin.py:190} INFO - [2024-10-08T09:24:17.123+0000] {dagbag.py:588} INFO - Filling up the DagBag from /root/miniconda3/envs/project/lib/python3.8/site-packages/airflow/example_dags/example_branch_day_of_week_operator.py
[2024-10-08T09:24:17.141+0000] {processor.py:925} INFO - DAG(s) 'example_weekday_branch_operator' retrieved from /root/miniconda3/envs/project/lib/python3.8/site-packages/airflow/example_dags/example_branch_day_of_week_operator.py
[2024-10-08T09:24:17.180+0000] {logging_mixin.py:190} INFO - [2024-10-08T09:24:17.180+0000] {dag.py:3239} INFO - Sync 1 DAGs
[2024-10-08T09:24:17.225+0000] {logging_mixin.py:190} INFO - [2024-10-08T09:24:17.225+0000] {dag.py:4180} INFO - Setting next_dagrun for example_weekday_branch_operator to 2024-10-07 00:00:00+00:00, run_after=2024-10-08 00:00:00+00:00
[2024-10-08T09:24:17.260+0000] {processor.py:208} INFO - Processing /root/miniconda3/envs/project/lib/python3.8/site-packages/airflow/example_dags/example_branch_day_of_week_operator.py took 0.155 seconds
[2024-10-08T09:25:26.316+0000] {processor.py:186} INFO - Started process (PID=225427) to work on /root/miniconda3/envs/project/lib/python3.8/site-packages/airflow/example_dags/example_branch_day_of_week_operator.py
[2024-10-08T09:25:26.319+0000] {processor.py:914} INFO - Processing file /root/miniconda3/envs/project/lib/python3.8/site-packages/airflow/example_dags/example_branch_day_of_week_operator.py for tasks to queue
[2024-10-08T09:25:26.323+0000] {logging_mixin.py:190} INFO - [2024-10-08T09:25:26.322+0000] {dagbag.py:588} INFO - Filling up the DagBag from /root/miniconda3/envs/project/lib/python3.8/site-packages/airflow/example_dags/example_branch_day_of_week_operator.py
[2024-10-08T09:25:26.339+0000] {processor.py:925} INFO - DAG(s) 'example_weekday_branch_operator' retrieved from /root/miniconda3/envs/project/lib/python3.8/site-packages/airflow/example_dags/example_branch_day_of_week_operator.py
[2024-10-08T09:25:26.367+0000] {logging_mixin.py:190} INFO - [2024-10-08T09:25:26.367+0000] {dag.py:3239} INFO - Sync 1 DAGs
[2024-10-08T09:25:26.399+0000] {logging_mixin.py:190} INFO - [2024-10-08T09:25:26.399+0000] {dag.py:4180} INFO - Setting next_dagrun for example_weekday_branch_operator to 2024-10-07 00:00:00+00:00, run_after=2024-10-08 00:00:00+00:00
[2024-10-08T09:25:26.432+0000] {processor.py:208} INFO - Processing /root/miniconda3/envs/project/lib/python3.8/site-packages/airflow/example_dags/example_branch_day_of_week_operator.py took 0.127 seconds
[2024-10-08T09:26:36.295+0000] {processor.py:186} INFO - Started process (PID=225794) to work on /root/miniconda3/envs/project/lib/python3.8/site-packages/airflow/example_dags/example_branch_day_of_week_operator.py
[2024-10-08T09:26:36.298+0000] {processor.py:914} INFO - Processing file /root/miniconda3/envs/project/lib/python3.8/site-packages/airflow/example_dags/example_branch_day_of_week_operator.py for tasks to queue
[2024-10-08T09:26:36.302+0000] {logging_mixin.py:190} INFO - [2024-10-08T09:26:36.301+0000] {dagbag.py:588} INFO - Filling up the DagBag from /root/miniconda3/envs/project/lib/python3.8/site-packages/airflow/example_dags/example_branch_day_of_week_operator.py
[2024-10-08T09:26:36.317+0000] {processor.py:925} INFO - DAG(s) 'example_weekday_branch_operator' retrieved from /root/miniconda3/envs/project/lib/python3.8/site-packages/airflow/example_dags/example_branch_day_of_week_operator.py
[2024-10-08T09:26:36.341+0000] {logging_mixin.py:190} INFO - [2024-10-08T09:26:36.340+0000] {dag.py:3239} INFO - Sync 1 DAGs
[2024-10-08T09:26:36.370+0000] {logging_mixin.py:190} INFO - [2024-10-08T09:26:36.370+0000] {dag.py:4180} INFO - Setting next_dagrun for example_weekday_branch_operator to 2024-10-07 00:00:00+00:00, run_after=2024-10-08 00:00:00+00:00
[2024-10-08T09:26:36.400+0000] {processor.py:208} INFO - Processing /root/miniconda3/envs/project/lib/python3.8/site-packages/airflow/example_dags/example_branch_day_of_week_operator.py took 0.115 seconds
[2024-10-08T09:27:49.102+0000] {processor.py:186} INFO - Started process (PID=226346) to work on /root/miniconda3/envs/project/lib/python3.8/site-packages/airflow/example_dags/example_branch_day_of_week_operator.py
[2024-10-08T09:27:49.105+0000] {processor.py:914} INFO - Processing file /root/miniconda3/envs/project/lib/python3.8/site-packages/airflow/example_dags/example_branch_day_of_week_operator.py for tasks to queue
[2024-10-08T09:27:49.108+0000] {logging_mixin.py:190} INFO - [2024-10-08T09:27:49.107+0000] {dagbag.py:588} INFO - Filling up the DagBag from /root/miniconda3/envs/project/lib/python3.8/site-packages/airflow/example_dags/example_branch_day_of_week_operator.py
[2024-10-08T09:27:49.123+0000] {processor.py:925} INFO - DAG(s) 'example_weekday_branch_operator' retrieved from /root/miniconda3/envs/project/lib/python3.8/site-packages/airflow/example_dags/example_branch_day_of_week_operator.py
[2024-10-08T09:27:49.147+0000] {logging_mixin.py:190} INFO - [2024-10-08T09:27:49.146+0000] {dag.py:3239} INFO - Sync 1 DAGs
[2024-10-08T09:27:49.177+0000] {logging_mixin.py:190} INFO - [2024-10-08T09:27:49.176+0000] {dag.py:4180} INFO - Setting next_dagrun for example_weekday_branch_operator to 2024-10-07 00:00:00+00:00, run_after=2024-10-08 00:00:00+00:00
[2024-10-08T09:27:49.208+0000] {processor.py:208} INFO - Processing /root/miniconda3/envs/project/lib/python3.8/site-packages/airflow/example_dags/example_branch_day_of_week_operator.py took 0.118 seconds
[2024-10-08T09:29:00.836+0000] {processor.py:186} INFO - Started process (PID=226859) to work on /root/miniconda3/envs/project/lib/python3.8/site-packages/airflow/example_dags/example_branch_day_of_week_operator.py
[2024-10-08T09:29:00.839+0000] {processor.py:914} INFO - Processing file /root/miniconda3/envs/project/lib/python3.8/site-packages/airflow/example_dags/example_branch_day_of_week_operator.py for tasks to queue
[2024-10-08T09:29:00.843+0000] {logging_mixin.py:190} INFO - [2024-10-08T09:29:00.842+0000] {dagbag.py:588} INFO - Filling up the DagBag from /root/miniconda3/envs/project/lib/python3.8/site-packages/airflow/example_dags/example_branch_day_of_week_operator.py
[2024-10-08T09:29:00.868+0000] {processor.py:925} INFO - DAG(s) 'example_weekday_branch_operator' retrieved from /root/miniconda3/envs/project/lib/python3.8/site-packages/airflow/example_dags/example_branch_day_of_week_operator.py
[2024-10-08T09:29:01.006+0000] {logging_mixin.py:190} INFO - [2024-10-08T09:29:01.006+0000] {dag.py:3239} INFO - Sync 1 DAGs
[2024-10-08T09:29:01.032+0000] {logging_mixin.py:190} INFO - [2024-10-08T09:29:01.032+0000] {dag.py:4180} INFO - Setting next_dagrun for example_weekday_branch_operator to 2024-10-07 00:00:00+00:00, run_after=2024-10-08 00:00:00+00:00
[2024-10-08T09:29:01.072+0000] {processor.py:208} INFO - Processing /root/miniconda3/envs/project/lib/python3.8/site-packages/airflow/example_dags/example_branch_day_of_week_operator.py took 0.248 seconds
[2024-10-08T09:30:23.671+0000] {processor.py:186} INFO - Started process (PID=227717) to work on /root/miniconda3/envs/project/lib/python3.8/site-packages/airflow/example_dags/example_branch_day_of_week_operator.py
[2024-10-08T09:30:23.673+0000] {processor.py:914} INFO - Processing file /root/miniconda3/envs/project/lib/python3.8/site-packages/airflow/example_dags/example_branch_day_of_week_operator.py for tasks to queue
[2024-10-08T09:30:23.676+0000] {logging_mixin.py:190} INFO - [2024-10-08T09:30:23.676+0000] {dagbag.py:588} INFO - Filling up the DagBag from /root/miniconda3/envs/project/lib/python3.8/site-packages/airflow/example_dags/example_branch_day_of_week_operator.py
[2024-10-08T09:30:23.689+0000] {processor.py:925} INFO - DAG(s) 'example_weekday_branch_operator' retrieved from /root/miniconda3/envs/project/lib/python3.8/site-packages/airflow/example_dags/example_branch_day_of_week_operator.py
[2024-10-08T09:30:23.804+0000] {logging_mixin.py:190} INFO - [2024-10-08T09:30:23.804+0000] {dag.py:3239} INFO - Sync 1 DAGs
[2024-10-08T09:30:23.826+0000] {logging_mixin.py:190} INFO - [2024-10-08T09:30:23.826+0000] {dag.py:4180} INFO - Setting next_dagrun for example_weekday_branch_operator to 2024-10-07 00:00:00+00:00, run_after=2024-10-08 00:00:00+00:00
[2024-10-08T09:30:23.855+0000] {processor.py:208} INFO - Processing /root/miniconda3/envs/project/lib/python3.8/site-packages/airflow/example_dags/example_branch_day_of_week_operator.py took 0.195 seconds
[2024-10-08T09:31:56.088+0000] {processor.py:186} INFO - Started process (PID=228876) to work on /root/miniconda3/envs/project/lib/python3.8/site-packages/airflow/example_dags/example_branch_day_of_week_operator.py
[2024-10-08T09:31:56.090+0000] {processor.py:914} INFO - Processing file /root/miniconda3/envs/project/lib/python3.8/site-packages/airflow/example_dags/example_branch_day_of_week_operator.py for tasks to queue
[2024-10-08T09:31:56.094+0000] {logging_mixin.py:190} INFO - [2024-10-08T09:31:56.093+0000] {dagbag.py:588} INFO - Filling up the DagBag from /root/miniconda3/envs/project/lib/python3.8/site-packages/airflow/example_dags/example_branch_day_of_week_operator.py
[2024-10-08T09:31:56.109+0000] {processor.py:925} INFO - DAG(s) 'example_weekday_branch_operator' retrieved from /root/miniconda3/envs/project/lib/python3.8/site-packages/airflow/example_dags/example_branch_day_of_week_operator.py
[2024-10-08T09:31:56.133+0000] {logging_mixin.py:190} INFO - [2024-10-08T09:31:56.133+0000] {dag.py:3239} INFO - Sync 1 DAGs
[2024-10-08T09:31:56.162+0000] {logging_mixin.py:190} INFO - [2024-10-08T09:31:56.162+0000] {dag.py:4180} INFO - Setting next_dagrun for example_weekday_branch_operator to 2024-10-07 00:00:00+00:00, run_after=2024-10-08 00:00:00+00:00
[2024-10-08T09:31:56.194+0000] {processor.py:208} INFO - Processing /root/miniconda3/envs/project/lib/python3.8/site-packages/airflow/example_dags/example_branch_day_of_week_operator.py took 0.116 seconds
[2024-10-08T09:33:09.163+0000] {processor.py:186} INFO - Started process (PID=229259) to work on /root/miniconda3/envs/project/lib/python3.8/site-packages/airflow/example_dags/example_branch_day_of_week_operator.py
[2024-10-08T09:33:09.166+0000] {processor.py:914} INFO - Processing file /root/miniconda3/envs/project/lib/python3.8/site-packages/airflow/example_dags/example_branch_day_of_week_operator.py for tasks to queue
[2024-10-08T09:33:09.170+0000] {logging_mixin.py:190} INFO - [2024-10-08T09:33:09.169+0000] {dagbag.py:588} INFO - Filling up the DagBag from /root/miniconda3/envs/project/lib/python3.8/site-packages/airflow/example_dags/example_branch_day_of_week_operator.py
[2024-10-08T09:33:09.186+0000] {processor.py:925} INFO - DAG(s) 'example_weekday_branch_operator' retrieved from /root/miniconda3/envs/project/lib/python3.8/site-packages/airflow/example_dags/example_branch_day_of_week_operator.py
[2024-10-08T09:33:09.210+0000] {logging_mixin.py:190} INFO - [2024-10-08T09:33:09.210+0000] {dag.py:3239} INFO - Sync 1 DAGs
[2024-10-08T09:33:09.240+0000] {logging_mixin.py:190} INFO - [2024-10-08T09:33:09.240+0000] {dag.py:4180} INFO - Setting next_dagrun for example_weekday_branch_operator to 2024-10-07 00:00:00+00:00, run_after=2024-10-08 00:00:00+00:00
[2024-10-08T09:33:09.271+0000] {processor.py:208} INFO - Processing /root/miniconda3/envs/project/lib/python3.8/site-packages/airflow/example_dags/example_branch_day_of_week_operator.py took 0.119 seconds
