[2024-10-08T07:57:59.080+0000] {processor.py:186} INFO - Started process (PID=207219) to work on /root/miniconda3/envs/project/lib/python3.8/site-packages/airflow/example_dags/example_branch_python_dop_operator_3.py
[2024-10-08T07:57:59.082+0000] {processor.py:914} INFO - Processing file /root/miniconda3/envs/project/lib/python3.8/site-packages/airflow/example_dags/example_branch_python_dop_operator_3.py for tasks to queue
[2024-10-08T07:57:59.085+0000] {logging_mixin.py:190} INFO - [2024-10-08T07:57:59.085+0000] {dagbag.py:588} INFO - Filling up the DagBag from /root/miniconda3/envs/project/lib/python3.8/site-packages/airflow/example_dags/example_branch_python_dop_operator_3.py
[2024-10-08T07:57:59.101+0000] {processor.py:925} INFO - DAG(s) 'example_branch_dop_operator_v3' retrieved from /root/miniconda3/envs/project/lib/python3.8/site-packages/airflow/example_dags/example_branch_python_dop_operator_3.py
[2024-10-08T07:57:59.246+0000] {logging_mixin.py:190} INFO - [2024-10-08T07:57:59.245+0000] {override.py:1901} INFO - Created Permission View: can delete on DAG:example_branch_dop_operator_v3
[2024-10-08T07:57:59.265+0000] {logging_mixin.py:190} INFO - [2024-10-08T07:57:59.265+0000] {override.py:1901} INFO - Created Permission View: can read on DAG:example_branch_dop_operator_v3
[2024-10-08T07:57:59.283+0000] {logging_mixin.py:190} INFO - [2024-10-08T07:57:59.283+0000] {override.py:1901} INFO - Created Permission View: can edit on DAG:example_branch_dop_operator_v3
[2024-10-08T07:57:59.309+0000] {logging_mixin.py:190} INFO - [2024-10-08T07:57:59.308+0000] {override.py:1901} INFO - Created Permission View: can delete on DAG Run:example_branch_dop_operator_v3
[2024-10-08T07:57:59.326+0000] {logging_mixin.py:190} INFO - [2024-10-08T07:57:59.326+0000] {override.py:1901} INFO - Created Permission View: menu access on DAG Run:example_branch_dop_operator_v3
[2024-10-08T07:57:59.340+0000] {logging_mixin.py:190} INFO - [2024-10-08T07:57:59.339+0000] {override.py:1901} INFO - Created Permission View: can create on DAG Run:example_branch_dop_operator_v3
[2024-10-08T07:57:59.353+0000] {logging_mixin.py:190} INFO - [2024-10-08T07:57:59.352+0000] {override.py:1901} INFO - Created Permission View: can read on DAG Run:example_branch_dop_operator_v3
[2024-10-08T07:57:59.353+0000] {logging_mixin.py:190} INFO - [2024-10-08T07:57:59.353+0000] {dag.py:3239} INFO - Sync 1 DAGs
[2024-10-08T07:57:59.371+0000] {logging_mixin.py:190} INFO - [2024-10-08T07:57:59.371+0000] {dag.py:3262} INFO - Creating ORM DAG for example_branch_dop_operator_v3
[2024-10-08T07:57:59.387+0000] {logging_mixin.py:190} INFO - [2024-10-08T07:57:59.387+0000] {dag.py:4180} INFO - Setting next_dagrun for example_branch_dop_operator_v3 to 2024-10-08 07:56:00+00:00, run_after=2024-10-08 07:57:00+00:00
[2024-10-08T07:57:59.425+0000] {processor.py:208} INFO - Processing /root/miniconda3/envs/project/lib/python3.8/site-packages/airflow/example_dags/example_branch_python_dop_operator_3.py took 0.357 seconds
[2024-10-08T07:59:18.567+0000] {processor.py:186} INFO - Started process (PID=207491) to work on /root/miniconda3/envs/project/lib/python3.8/site-packages/airflow/example_dags/example_branch_python_dop_operator_3.py
[2024-10-08T07:59:18.570+0000] {processor.py:914} INFO - Processing file /root/miniconda3/envs/project/lib/python3.8/site-packages/airflow/example_dags/example_branch_python_dop_operator_3.py for tasks to queue
[2024-10-08T07:59:18.573+0000] {logging_mixin.py:190} INFO - [2024-10-08T07:59:18.572+0000] {dagbag.py:588} INFO - Filling up the DagBag from /root/miniconda3/envs/project/lib/python3.8/site-packages/airflow/example_dags/example_branch_python_dop_operator_3.py
[2024-10-08T07:59:18.589+0000] {processor.py:925} INFO - DAG(s) 'example_branch_dop_operator_v3' retrieved from /root/miniconda3/envs/project/lib/python3.8/site-packages/airflow/example_dags/example_branch_python_dop_operator_3.py
[2024-10-08T07:59:18.612+0000] {logging_mixin.py:190} INFO - [2024-10-08T07:59:18.611+0000] {dag.py:3239} INFO - Sync 1 DAGs
[2024-10-08T07:59:18.644+0000] {logging_mixin.py:190} INFO - [2024-10-08T07:59:18.644+0000] {dag.py:4180} INFO - Setting next_dagrun for example_branch_dop_operator_v3 to 2024-10-08 07:58:00+00:00, run_after=2024-10-08 07:59:00+00:00
[2024-10-08T07:59:18.677+0000] {processor.py:208} INFO - Processing /root/miniconda3/envs/project/lib/python3.8/site-packages/airflow/example_dags/example_branch_python_dop_operator_3.py took 0.121 seconds
[2024-10-08T08:00:29.234+0000] {processor.py:186} INFO - Started process (PID=207699) to work on /root/miniconda3/envs/project/lib/python3.8/site-packages/airflow/example_dags/example_branch_python_dop_operator_3.py
[2024-10-08T08:00:29.237+0000] {processor.py:914} INFO - Processing file /root/miniconda3/envs/project/lib/python3.8/site-packages/airflow/example_dags/example_branch_python_dop_operator_3.py for tasks to queue
[2024-10-08T08:00:29.241+0000] {logging_mixin.py:190} INFO - [2024-10-08T08:00:29.240+0000] {dagbag.py:588} INFO - Filling up the DagBag from /root/miniconda3/envs/project/lib/python3.8/site-packages/airflow/example_dags/example_branch_python_dop_operator_3.py
[2024-10-08T08:00:29.258+0000] {processor.py:925} INFO - DAG(s) 'example_branch_dop_operator_v3' retrieved from /root/miniconda3/envs/project/lib/python3.8/site-packages/airflow/example_dags/example_branch_python_dop_operator_3.py
[2024-10-08T08:00:29.282+0000] {logging_mixin.py:190} INFO - [2024-10-08T08:00:29.281+0000] {dag.py:3239} INFO - Sync 1 DAGs
[2024-10-08T08:00:29.316+0000] {logging_mixin.py:190} INFO - [2024-10-08T08:00:29.315+0000] {dag.py:4180} INFO - Setting next_dagrun for example_branch_dop_operator_v3 to 2024-10-08 07:59:00+00:00, run_after=2024-10-08 08:00:00+00:00
[2024-10-08T08:00:29.352+0000] {processor.py:208} INFO - Processing /root/miniconda3/envs/project/lib/python3.8/site-packages/airflow/example_dags/example_branch_python_dop_operator_3.py took 0.127 seconds
[2024-10-08T08:01:44.699+0000] {processor.py:186} INFO - Started process (PID=208048) to work on /root/miniconda3/envs/project/lib/python3.8/site-packages/airflow/example_dags/example_branch_python_dop_operator_3.py
[2024-10-08T08:01:44.702+0000] {processor.py:914} INFO - Processing file /root/miniconda3/envs/project/lib/python3.8/site-packages/airflow/example_dags/example_branch_python_dop_operator_3.py for tasks to queue
[2024-10-08T08:01:44.706+0000] {logging_mixin.py:190} INFO - [2024-10-08T08:01:44.705+0000] {dagbag.py:588} INFO - Filling up the DagBag from /root/miniconda3/envs/project/lib/python3.8/site-packages/airflow/example_dags/example_branch_python_dop_operator_3.py
[2024-10-08T08:01:44.723+0000] {processor.py:925} INFO - DAG(s) 'example_branch_dop_operator_v3' retrieved from /root/miniconda3/envs/project/lib/python3.8/site-packages/airflow/example_dags/example_branch_python_dop_operator_3.py
[2024-10-08T08:01:44.746+0000] {logging_mixin.py:190} INFO - [2024-10-08T08:01:44.746+0000] {dag.py:3239} INFO - Sync 1 DAGs
[2024-10-08T08:01:44.780+0000] {logging_mixin.py:190} INFO - [2024-10-08T08:01:44.780+0000] {dag.py:4180} INFO - Setting next_dagrun for example_branch_dop_operator_v3 to 2024-10-08 08:00:00+00:00, run_after=2024-10-08 08:01:00+00:00
[2024-10-08T08:01:44.814+0000] {processor.py:208} INFO - Processing /root/miniconda3/envs/project/lib/python3.8/site-packages/airflow/example_dags/example_branch_python_dop_operator_3.py took 0.126 seconds
[2024-10-08T08:02:54.435+0000] {processor.py:186} INFO - Started process (PID=208300) to work on /root/miniconda3/envs/project/lib/python3.8/site-packages/airflow/example_dags/example_branch_python_dop_operator_3.py
[2024-10-08T08:02:54.438+0000] {processor.py:914} INFO - Processing file /root/miniconda3/envs/project/lib/python3.8/site-packages/airflow/example_dags/example_branch_python_dop_operator_3.py for tasks to queue
[2024-10-08T08:02:54.441+0000] {logging_mixin.py:190} INFO - [2024-10-08T08:02:54.440+0000] {dagbag.py:588} INFO - Filling up the DagBag from /root/miniconda3/envs/project/lib/python3.8/site-packages/airflow/example_dags/example_branch_python_dop_operator_3.py
[2024-10-08T08:02:54.458+0000] {processor.py:925} INFO - DAG(s) 'example_branch_dop_operator_v3' retrieved from /root/miniconda3/envs/project/lib/python3.8/site-packages/airflow/example_dags/example_branch_python_dop_operator_3.py
[2024-10-08T08:02:54.482+0000] {logging_mixin.py:190} INFO - [2024-10-08T08:02:54.482+0000] {dag.py:3239} INFO - Sync 1 DAGs
[2024-10-08T08:02:54.517+0000] {logging_mixin.py:190} INFO - [2024-10-08T08:02:54.516+0000] {dag.py:4180} INFO - Setting next_dagrun for example_branch_dop_operator_v3 to 2024-10-08 08:01:00+00:00, run_after=2024-10-08 08:02:00+00:00
[2024-10-08T08:02:54.550+0000] {processor.py:208} INFO - Processing /root/miniconda3/envs/project/lib/python3.8/site-packages/airflow/example_dags/example_branch_python_dop_operator_3.py took 0.128 seconds
[2024-10-08T08:04:02.961+0000] {processor.py:186} INFO - Started process (PID=208548) to work on /root/miniconda3/envs/project/lib/python3.8/site-packages/airflow/example_dags/example_branch_python_dop_operator_3.py
[2024-10-08T08:04:02.964+0000] {processor.py:914} INFO - Processing file /root/miniconda3/envs/project/lib/python3.8/site-packages/airflow/example_dags/example_branch_python_dop_operator_3.py for tasks to queue
[2024-10-08T08:04:02.967+0000] {logging_mixin.py:190} INFO - [2024-10-08T08:04:02.966+0000] {dagbag.py:588} INFO - Filling up the DagBag from /root/miniconda3/envs/project/lib/python3.8/site-packages/airflow/example_dags/example_branch_python_dop_operator_3.py
[2024-10-08T08:04:02.982+0000] {processor.py:925} INFO - DAG(s) 'example_branch_dop_operator_v3' retrieved from /root/miniconda3/envs/project/lib/python3.8/site-packages/airflow/example_dags/example_branch_python_dop_operator_3.py
[2024-10-08T08:04:03.004+0000] {logging_mixin.py:190} INFO - [2024-10-08T08:04:03.004+0000] {dag.py:3239} INFO - Sync 1 DAGs
[2024-10-08T08:04:03.037+0000] {logging_mixin.py:190} INFO - [2024-10-08T08:04:03.036+0000] {dag.py:4180} INFO - Setting next_dagrun for example_branch_dop_operator_v3 to 2024-10-08 08:03:00+00:00, run_after=2024-10-08 08:04:00+00:00
[2024-10-08T08:04:03.067+0000] {processor.py:208} INFO - Processing /root/miniconda3/envs/project/lib/python3.8/site-packages/airflow/example_dags/example_branch_python_dop_operator_3.py took 0.118 seconds
[2024-10-08T08:05:10.827+0000] {processor.py:186} INFO - Started process (PID=208753) to work on /root/miniconda3/envs/project/lib/python3.8/site-packages/airflow/example_dags/example_branch_python_dop_operator_3.py
[2024-10-08T08:05:10.830+0000] {processor.py:914} INFO - Processing file /root/miniconda3/envs/project/lib/python3.8/site-packages/airflow/example_dags/example_branch_python_dop_operator_3.py for tasks to queue
[2024-10-08T08:05:10.833+0000] {logging_mixin.py:190} INFO - [2024-10-08T08:05:10.833+0000] {dagbag.py:588} INFO - Filling up the DagBag from /root/miniconda3/envs/project/lib/python3.8/site-packages/airflow/example_dags/example_branch_python_dop_operator_3.py
[2024-10-08T08:05:10.851+0000] {processor.py:925} INFO - DAG(s) 'example_branch_dop_operator_v3' retrieved from /root/miniconda3/envs/project/lib/python3.8/site-packages/airflow/example_dags/example_branch_python_dop_operator_3.py
[2024-10-08T08:05:10.875+0000] {logging_mixin.py:190} INFO - [2024-10-08T08:05:10.875+0000] {dag.py:3239} INFO - Sync 1 DAGs
[2024-10-08T08:05:10.911+0000] {logging_mixin.py:190} INFO - [2024-10-08T08:05:10.911+0000] {dag.py:4180} INFO - Setting next_dagrun for example_branch_dop_operator_v3 to 2024-10-08 08:04:00+00:00, run_after=2024-10-08 08:05:00+00:00
[2024-10-08T08:05:10.947+0000] {processor.py:208} INFO - Processing /root/miniconda3/envs/project/lib/python3.8/site-packages/airflow/example_dags/example_branch_python_dop_operator_3.py took 0.131 seconds
[2024-10-08T08:06:11.993+0000] {processor.py:186} INFO - Started process (PID=208936) to work on /root/miniconda3/envs/project/lib/python3.8/site-packages/airflow/example_dags/example_branch_python_dop_operator_3.py
[2024-10-08T08:06:11.996+0000] {processor.py:914} INFO - Processing file /root/miniconda3/envs/project/lib/python3.8/site-packages/airflow/example_dags/example_branch_python_dop_operator_3.py for tasks to queue
[2024-10-08T08:06:11.999+0000] {logging_mixin.py:190} INFO - [2024-10-08T08:06:11.998+0000] {dagbag.py:588} INFO - Filling up the DagBag from /root/miniconda3/envs/project/lib/python3.8/site-packages/airflow/example_dags/example_branch_python_dop_operator_3.py
[2024-10-08T08:06:12.015+0000] {processor.py:925} INFO - DAG(s) 'example_branch_dop_operator_v3' retrieved from /root/miniconda3/envs/project/lib/python3.8/site-packages/airflow/example_dags/example_branch_python_dop_operator_3.py
[2024-10-08T08:06:12.038+0000] {logging_mixin.py:190} INFO - [2024-10-08T08:06:12.038+0000] {dag.py:3239} INFO - Sync 1 DAGs
[2024-10-08T08:06:12.073+0000] {logging_mixin.py:190} INFO - [2024-10-08T08:06:12.073+0000] {dag.py:4180} INFO - Setting next_dagrun for example_branch_dop_operator_v3 to 2024-10-08 08:05:00+00:00, run_after=2024-10-08 08:06:00+00:00
[2024-10-08T08:06:12.109+0000] {processor.py:208} INFO - Processing /root/miniconda3/envs/project/lib/python3.8/site-packages/airflow/example_dags/example_branch_python_dop_operator_3.py took 0.128 seconds
[2024-10-08T08:07:18.155+0000] {processor.py:186} INFO - Started process (PID=209168) to work on /root/miniconda3/envs/project/lib/python3.8/site-packages/airflow/example_dags/example_branch_python_dop_operator_3.py
[2024-10-08T08:07:18.158+0000] {processor.py:914} INFO - Processing file /root/miniconda3/envs/project/lib/python3.8/site-packages/airflow/example_dags/example_branch_python_dop_operator_3.py for tasks to queue
[2024-10-08T08:07:18.162+0000] {logging_mixin.py:190} INFO - [2024-10-08T08:07:18.161+0000] {dagbag.py:588} INFO - Filling up the DagBag from /root/miniconda3/envs/project/lib/python3.8/site-packages/airflow/example_dags/example_branch_python_dop_operator_3.py
[2024-10-08T08:07:18.178+0000] {processor.py:925} INFO - DAG(s) 'example_branch_dop_operator_v3' retrieved from /root/miniconda3/envs/project/lib/python3.8/site-packages/airflow/example_dags/example_branch_python_dop_operator_3.py
[2024-10-08T08:07:18.201+0000] {logging_mixin.py:190} INFO - [2024-10-08T08:07:18.200+0000] {dag.py:3239} INFO - Sync 1 DAGs
[2024-10-08T08:07:18.234+0000] {logging_mixin.py:190} INFO - [2024-10-08T08:07:18.234+0000] {dag.py:4180} INFO - Setting next_dagrun for example_branch_dop_operator_v3 to 2024-10-08 08:06:00+00:00, run_after=2024-10-08 08:07:00+00:00
[2024-10-08T08:07:18.267+0000] {processor.py:208} INFO - Processing /root/miniconda3/envs/project/lib/python3.8/site-packages/airflow/example_dags/example_branch_python_dop_operator_3.py took 0.124 seconds
[2024-10-08T08:08:28.147+0000] {processor.py:186} INFO - Started process (PID=209576) to work on /root/miniconda3/envs/project/lib/python3.8/site-packages/airflow/example_dags/example_branch_python_dop_operator_3.py
[2024-10-08T08:08:28.150+0000] {processor.py:914} INFO - Processing file /root/miniconda3/envs/project/lib/python3.8/site-packages/airflow/example_dags/example_branch_python_dop_operator_3.py for tasks to queue
[2024-10-08T08:08:28.153+0000] {logging_mixin.py:190} INFO - [2024-10-08T08:08:28.153+0000] {dagbag.py:588} INFO - Filling up the DagBag from /root/miniconda3/envs/project/lib/python3.8/site-packages/airflow/example_dags/example_branch_python_dop_operator_3.py
[2024-10-08T08:08:28.170+0000] {processor.py:925} INFO - DAG(s) 'example_branch_dop_operator_v3' retrieved from /root/miniconda3/envs/project/lib/python3.8/site-packages/airflow/example_dags/example_branch_python_dop_operator_3.py
[2024-10-08T08:08:28.194+0000] {logging_mixin.py:190} INFO - [2024-10-08T08:08:28.193+0000] {dag.py:3239} INFO - Sync 1 DAGs
[2024-10-08T08:08:28.228+0000] {logging_mixin.py:190} INFO - [2024-10-08T08:08:28.228+0000] {dag.py:4180} INFO - Setting next_dagrun for example_branch_dop_operator_v3 to 2024-10-08 08:07:00+00:00, run_after=2024-10-08 08:08:00+00:00
[2024-10-08T08:08:28.264+0000] {processor.py:208} INFO - Processing /root/miniconda3/envs/project/lib/python3.8/site-packages/airflow/example_dags/example_branch_python_dop_operator_3.py took 0.129 seconds
[2024-10-08T08:13:28.109+0000] {processor.py:186} INFO - Started process (PID=211133) to work on /root/miniconda3/envs/project/lib/python3.8/site-packages/airflow/example_dags/example_branch_python_dop_operator_3.py
[2024-10-08T08:13:28.112+0000] {processor.py:914} INFO - Processing file /root/miniconda3/envs/project/lib/python3.8/site-packages/airflow/example_dags/example_branch_python_dop_operator_3.py for tasks to queue
[2024-10-08T08:13:28.116+0000] {logging_mixin.py:190} INFO - [2024-10-08T08:13:28.115+0000] {dagbag.py:588} INFO - Filling up the DagBag from /root/miniconda3/envs/project/lib/python3.8/site-packages/airflow/example_dags/example_branch_python_dop_operator_3.py
[2024-10-08T08:13:28.132+0000] {processor.py:925} INFO - DAG(s) 'example_branch_dop_operator_v3' retrieved from /root/miniconda3/envs/project/lib/python3.8/site-packages/airflow/example_dags/example_branch_python_dop_operator_3.py
[2024-10-08T08:13:28.158+0000] {logging_mixin.py:190} INFO - [2024-10-08T08:13:28.158+0000] {dag.py:3239} INFO - Sync 1 DAGs
[2024-10-08T08:13:28.194+0000] {logging_mixin.py:190} INFO - [2024-10-08T08:13:28.193+0000] {dag.py:4180} INFO - Setting next_dagrun for example_branch_dop_operator_v3 to 2024-10-08 08:12:00+00:00, run_after=2024-10-08 08:13:00+00:00
[2024-10-08T08:13:28.226+0000] {processor.py:208} INFO - Processing /root/miniconda3/envs/project/lib/python3.8/site-packages/airflow/example_dags/example_branch_python_dop_operator_3.py took 0.128 seconds
[2024-10-08T08:14:37.549+0000] {processor.py:186} INFO - Started process (PID=211432) to work on /root/miniconda3/envs/project/lib/python3.8/site-packages/airflow/example_dags/example_branch_python_dop_operator_3.py
[2024-10-08T08:14:37.552+0000] {processor.py:914} INFO - Processing file /root/miniconda3/envs/project/lib/python3.8/site-packages/airflow/example_dags/example_branch_python_dop_operator_3.py for tasks to queue
[2024-10-08T08:14:37.555+0000] {logging_mixin.py:190} INFO - [2024-10-08T08:14:37.555+0000] {dagbag.py:588} INFO - Filling up the DagBag from /root/miniconda3/envs/project/lib/python3.8/site-packages/airflow/example_dags/example_branch_python_dop_operator_3.py
[2024-10-08T08:14:37.571+0000] {processor.py:925} INFO - DAG(s) 'example_branch_dop_operator_v3' retrieved from /root/miniconda3/envs/project/lib/python3.8/site-packages/airflow/example_dags/example_branch_python_dop_operator_3.py
[2024-10-08T08:14:37.594+0000] {logging_mixin.py:190} INFO - [2024-10-08T08:14:37.594+0000] {dag.py:3239} INFO - Sync 1 DAGs
[2024-10-08T08:14:37.629+0000] {logging_mixin.py:190} INFO - [2024-10-08T08:14:37.629+0000] {dag.py:4180} INFO - Setting next_dagrun for example_branch_dop_operator_v3 to 2024-10-08 08:13:00+00:00, run_after=2024-10-08 08:14:00+00:00
[2024-10-08T08:14:37.664+0000] {processor.py:208} INFO - Processing /root/miniconda3/envs/project/lib/python3.8/site-packages/airflow/example_dags/example_branch_python_dop_operator_3.py took 0.126 seconds
[2024-10-08T08:15:46.524+0000] {processor.py:186} INFO - Started process (PID=211634) to work on /root/miniconda3/envs/project/lib/python3.8/site-packages/airflow/example_dags/example_branch_python_dop_operator_3.py
[2024-10-08T08:15:46.526+0000] {processor.py:914} INFO - Processing file /root/miniconda3/envs/project/lib/python3.8/site-packages/airflow/example_dags/example_branch_python_dop_operator_3.py for tasks to queue
[2024-10-08T08:15:46.530+0000] {logging_mixin.py:190} INFO - [2024-10-08T08:15:46.529+0000] {dagbag.py:588} INFO - Filling up the DagBag from /root/miniconda3/envs/project/lib/python3.8/site-packages/airflow/example_dags/example_branch_python_dop_operator_3.py
[2024-10-08T08:15:46.547+0000] {processor.py:925} INFO - DAG(s) 'example_branch_dop_operator_v3' retrieved from /root/miniconda3/envs/project/lib/python3.8/site-packages/airflow/example_dags/example_branch_python_dop_operator_3.py
[2024-10-08T08:15:46.571+0000] {logging_mixin.py:190} INFO - [2024-10-08T08:15:46.571+0000] {dag.py:3239} INFO - Sync 1 DAGs
[2024-10-08T08:15:46.605+0000] {logging_mixin.py:190} INFO - [2024-10-08T08:15:46.605+0000] {dag.py:4180} INFO - Setting next_dagrun for example_branch_dop_operator_v3 to 2024-10-08 08:14:00+00:00, run_after=2024-10-08 08:15:00+00:00
[2024-10-08T08:15:46.639+0000] {processor.py:208} INFO - Processing /root/miniconda3/envs/project/lib/python3.8/site-packages/airflow/example_dags/example_branch_python_dop_operator_3.py took 0.129 seconds
[2024-10-08T08:16:54.840+0000] {processor.py:186} INFO - Started process (PID=211837) to work on /root/miniconda3/envs/project/lib/python3.8/site-packages/airflow/example_dags/example_branch_python_dop_operator_3.py
[2024-10-08T08:16:54.843+0000] {processor.py:914} INFO - Processing file /root/miniconda3/envs/project/lib/python3.8/site-packages/airflow/example_dags/example_branch_python_dop_operator_3.py for tasks to queue
[2024-10-08T08:16:54.846+0000] {logging_mixin.py:190} INFO - [2024-10-08T08:16:54.846+0000] {dagbag.py:588} INFO - Filling up the DagBag from /root/miniconda3/envs/project/lib/python3.8/site-packages/airflow/example_dags/example_branch_python_dop_operator_3.py
[2024-10-08T08:16:54.863+0000] {processor.py:925} INFO - DAG(s) 'example_branch_dop_operator_v3' retrieved from /root/miniconda3/envs/project/lib/python3.8/site-packages/airflow/example_dags/example_branch_python_dop_operator_3.py
[2024-10-08T08:16:54.886+0000] {logging_mixin.py:190} INFO - [2024-10-08T08:16:54.886+0000] {dag.py:3239} INFO - Sync 1 DAGs
[2024-10-08T08:16:54.920+0000] {logging_mixin.py:190} INFO - [2024-10-08T08:16:54.919+0000] {dag.py:4180} INFO - Setting next_dagrun for example_branch_dop_operator_v3 to 2024-10-08 08:15:00+00:00, run_after=2024-10-08 08:16:00+00:00
[2024-10-08T08:16:54.953+0000] {processor.py:208} INFO - Processing /root/miniconda3/envs/project/lib/python3.8/site-packages/airflow/example_dags/example_branch_python_dop_operator_3.py took 0.124 seconds
[2024-10-08T08:18:04.467+0000] {processor.py:186} INFO - Started process (PID=212086) to work on /root/miniconda3/envs/project/lib/python3.8/site-packages/airflow/example_dags/example_branch_python_dop_operator_3.py
[2024-10-08T08:18:04.469+0000] {processor.py:914} INFO - Processing file /root/miniconda3/envs/project/lib/python3.8/site-packages/airflow/example_dags/example_branch_python_dop_operator_3.py for tasks to queue
[2024-10-08T08:18:04.473+0000] {logging_mixin.py:190} INFO - [2024-10-08T08:18:04.472+0000] {dagbag.py:588} INFO - Filling up the DagBag from /root/miniconda3/envs/project/lib/python3.8/site-packages/airflow/example_dags/example_branch_python_dop_operator_3.py
[2024-10-08T08:18:04.489+0000] {processor.py:925} INFO - DAG(s) 'example_branch_dop_operator_v3' retrieved from /root/miniconda3/envs/project/lib/python3.8/site-packages/airflow/example_dags/example_branch_python_dop_operator_3.py
[2024-10-08T08:18:04.513+0000] {logging_mixin.py:190} INFO - [2024-10-08T08:18:04.512+0000] {dag.py:3239} INFO - Sync 1 DAGs
[2024-10-08T08:18:04.547+0000] {logging_mixin.py:190} INFO - [2024-10-08T08:18:04.547+0000] {dag.py:4180} INFO - Setting next_dagrun for example_branch_dop_operator_v3 to 2024-10-08 08:17:00+00:00, run_after=2024-10-08 08:18:00+00:00
[2024-10-08T08:18:04.579+0000] {processor.py:208} INFO - Processing /root/miniconda3/envs/project/lib/python3.8/site-packages/airflow/example_dags/example_branch_python_dop_operator_3.py took 0.125 seconds
[2024-10-08T08:19:16.988+0000] {processor.py:186} INFO - Started process (PID=212292) to work on /root/miniconda3/envs/project/lib/python3.8/site-packages/airflow/example_dags/example_branch_python_dop_operator_3.py
[2024-10-08T08:19:16.991+0000] {processor.py:914} INFO - Processing file /root/miniconda3/envs/project/lib/python3.8/site-packages/airflow/example_dags/example_branch_python_dop_operator_3.py for tasks to queue
[2024-10-08T08:19:16.996+0000] {logging_mixin.py:190} INFO - [2024-10-08T08:19:16.995+0000] {dagbag.py:588} INFO - Filling up the DagBag from /root/miniconda3/envs/project/lib/python3.8/site-packages/airflow/example_dags/example_branch_python_dop_operator_3.py
[2024-10-08T08:19:17.014+0000] {processor.py:925} INFO - DAG(s) 'example_branch_dop_operator_v3' retrieved from /root/miniconda3/envs/project/lib/python3.8/site-packages/airflow/example_dags/example_branch_python_dop_operator_3.py
[2024-10-08T08:19:17.038+0000] {logging_mixin.py:190} INFO - [2024-10-08T08:19:17.038+0000] {dag.py:3239} INFO - Sync 1 DAGs
[2024-10-08T08:19:17.074+0000] {logging_mixin.py:190} INFO - [2024-10-08T08:19:17.074+0000] {dag.py:4180} INFO - Setting next_dagrun for example_branch_dop_operator_v3 to 2024-10-08 08:18:00+00:00, run_after=2024-10-08 08:19:00+00:00
[2024-10-08T08:19:17.106+0000] {processor.py:208} INFO - Processing /root/miniconda3/envs/project/lib/python3.8/site-packages/airflow/example_dags/example_branch_python_dop_operator_3.py took 0.130 seconds
[2024-10-08T08:20:21.030+0000] {processor.py:186} INFO - Started process (PID=212477) to work on /root/miniconda3/envs/project/lib/python3.8/site-packages/airflow/example_dags/example_branch_python_dop_operator_3.py
[2024-10-08T08:20:21.033+0000] {processor.py:914} INFO - Processing file /root/miniconda3/envs/project/lib/python3.8/site-packages/airflow/example_dags/example_branch_python_dop_operator_3.py for tasks to queue
[2024-10-08T08:20:21.036+0000] {logging_mixin.py:190} INFO - [2024-10-08T08:20:21.036+0000] {dagbag.py:588} INFO - Filling up the DagBag from /root/miniconda3/envs/project/lib/python3.8/site-packages/airflow/example_dags/example_branch_python_dop_operator_3.py
[2024-10-08T08:20:21.052+0000] {processor.py:925} INFO - DAG(s) 'example_branch_dop_operator_v3' retrieved from /root/miniconda3/envs/project/lib/python3.8/site-packages/airflow/example_dags/example_branch_python_dop_operator_3.py
[2024-10-08T08:20:21.076+0000] {logging_mixin.py:190} INFO - [2024-10-08T08:20:21.075+0000] {dag.py:3239} INFO - Sync 1 DAGs
[2024-10-08T08:20:21.109+0000] {logging_mixin.py:190} INFO - [2024-10-08T08:20:21.109+0000] {dag.py:4180} INFO - Setting next_dagrun for example_branch_dop_operator_v3 to 2024-10-08 08:19:00+00:00, run_after=2024-10-08 08:20:00+00:00
[2024-10-08T08:20:21.144+0000] {processor.py:208} INFO - Processing /root/miniconda3/envs/project/lib/python3.8/site-packages/airflow/example_dags/example_branch_python_dop_operator_3.py took 0.126 seconds
[2024-10-08T08:21:37.309+0000] {processor.py:186} INFO - Started process (PID=212738) to work on /root/miniconda3/envs/project/lib/python3.8/site-packages/airflow/example_dags/example_branch_python_dop_operator_3.py
[2024-10-08T08:21:37.312+0000] {processor.py:914} INFO - Processing file /root/miniconda3/envs/project/lib/python3.8/site-packages/airflow/example_dags/example_branch_python_dop_operator_3.py for tasks to queue
[2024-10-08T08:21:37.315+0000] {logging_mixin.py:190} INFO - [2024-10-08T08:21:37.315+0000] {dagbag.py:588} INFO - Filling up the DagBag from /root/miniconda3/envs/project/lib/python3.8/site-packages/airflow/example_dags/example_branch_python_dop_operator_3.py
[2024-10-08T08:21:37.331+0000] {processor.py:925} INFO - DAG(s) 'example_branch_dop_operator_v3' retrieved from /root/miniconda3/envs/project/lib/python3.8/site-packages/airflow/example_dags/example_branch_python_dop_operator_3.py
[2024-10-08T08:21:37.354+0000] {logging_mixin.py:190} INFO - [2024-10-08T08:21:37.354+0000] {dag.py:3239} INFO - Sync 1 DAGs
[2024-10-08T08:21:37.388+0000] {logging_mixin.py:190} INFO - [2024-10-08T08:21:37.387+0000] {dag.py:4180} INFO - Setting next_dagrun for example_branch_dop_operator_v3 to 2024-10-08 08:20:00+00:00, run_after=2024-10-08 08:21:00+00:00
[2024-10-08T08:21:37.420+0000] {processor.py:208} INFO - Processing /root/miniconda3/envs/project/lib/python3.8/site-packages/airflow/example_dags/example_branch_python_dop_operator_3.py took 0.121 seconds
[2024-10-08T08:22:46.262+0000] {processor.py:186} INFO - Started process (PID=212988) to work on /root/miniconda3/envs/project/lib/python3.8/site-packages/airflow/example_dags/example_branch_python_dop_operator_3.py
[2024-10-08T08:22:46.266+0000] {processor.py:914} INFO - Processing file /root/miniconda3/envs/project/lib/python3.8/site-packages/airflow/example_dags/example_branch_python_dop_operator_3.py for tasks to queue
[2024-10-08T08:22:46.269+0000] {logging_mixin.py:190} INFO - [2024-10-08T08:22:46.269+0000] {dagbag.py:588} INFO - Filling up the DagBag from /root/miniconda3/envs/project/lib/python3.8/site-packages/airflow/example_dags/example_branch_python_dop_operator_3.py
[2024-10-08T08:22:46.287+0000] {processor.py:925} INFO - DAG(s) 'example_branch_dop_operator_v3' retrieved from /root/miniconda3/envs/project/lib/python3.8/site-packages/airflow/example_dags/example_branch_python_dop_operator_3.py
[2024-10-08T08:22:46.312+0000] {logging_mixin.py:190} INFO - [2024-10-08T08:22:46.312+0000] {dag.py:3239} INFO - Sync 1 DAGs
[2024-10-08T08:22:46.348+0000] {logging_mixin.py:190} INFO - [2024-10-08T08:22:46.348+0000] {dag.py:4180} INFO - Setting next_dagrun for example_branch_dop_operator_v3 to 2024-10-08 08:21:00+00:00, run_after=2024-10-08 08:22:00+00:00
[2024-10-08T08:22:46.382+0000] {processor.py:208} INFO - Processing /root/miniconda3/envs/project/lib/python3.8/site-packages/airflow/example_dags/example_branch_python_dop_operator_3.py took 0.131 seconds
[2024-10-08T08:23:50.036+0000] {processor.py:186} INFO - Started process (PID=213171) to work on /root/miniconda3/envs/project/lib/python3.8/site-packages/airflow/example_dags/example_branch_python_dop_operator_3.py
[2024-10-08T08:23:50.039+0000] {processor.py:914} INFO - Processing file /root/miniconda3/envs/project/lib/python3.8/site-packages/airflow/example_dags/example_branch_python_dop_operator_3.py for tasks to queue
[2024-10-08T08:23:50.042+0000] {logging_mixin.py:190} INFO - [2024-10-08T08:23:50.042+0000] {dagbag.py:588} INFO - Filling up the DagBag from /root/miniconda3/envs/project/lib/python3.8/site-packages/airflow/example_dags/example_branch_python_dop_operator_3.py
[2024-10-08T08:23:50.058+0000] {processor.py:925} INFO - DAG(s) 'example_branch_dop_operator_v3' retrieved from /root/miniconda3/envs/project/lib/python3.8/site-packages/airflow/example_dags/example_branch_python_dop_operator_3.py
[2024-10-08T08:23:50.080+0000] {logging_mixin.py:190} INFO - [2024-10-08T08:23:50.080+0000] {dag.py:3239} INFO - Sync 1 DAGs
[2024-10-08T08:23:50.113+0000] {logging_mixin.py:190} INFO - [2024-10-08T08:23:50.113+0000] {dag.py:4180} INFO - Setting next_dagrun for example_branch_dop_operator_v3 to 2024-10-08 08:22:00+00:00, run_after=2024-10-08 08:23:00+00:00
[2024-10-08T08:23:50.146+0000] {processor.py:208} INFO - Processing /root/miniconda3/envs/project/lib/python3.8/site-packages/airflow/example_dags/example_branch_python_dop_operator_3.py took 0.120 seconds
[2024-10-08T08:37:41.258+0000] {processor.py:186} INFO - Started process (PID=215130) to work on /root/miniconda3/envs/project/lib/python3.8/site-packages/airflow/example_dags/example_branch_python_dop_operator_3.py
[2024-10-08T08:37:41.261+0000] {processor.py:914} INFO - Processing file /root/miniconda3/envs/project/lib/python3.8/site-packages/airflow/example_dags/example_branch_python_dop_operator_3.py for tasks to queue
[2024-10-08T08:37:41.264+0000] {logging_mixin.py:190} INFO - [2024-10-08T08:37:41.264+0000] {dagbag.py:588} INFO - Filling up the DagBag from /root/miniconda3/envs/project/lib/python3.8/site-packages/airflow/example_dags/example_branch_python_dop_operator_3.py
[2024-10-08T08:37:41.281+0000] {processor.py:925} INFO - DAG(s) 'example_branch_dop_operator_v3' retrieved from /root/miniconda3/envs/project/lib/python3.8/site-packages/airflow/example_dags/example_branch_python_dop_operator_3.py
[2024-10-08T08:37:41.306+0000] {logging_mixin.py:190} INFO - [2024-10-08T08:37:41.305+0000] {dag.py:3239} INFO - Sync 1 DAGs
[2024-10-08T08:37:41.340+0000] {logging_mixin.py:190} INFO - [2024-10-08T08:37:41.339+0000] {dag.py:4180} INFO - Setting next_dagrun for example_branch_dop_operator_v3 to 2024-10-08 08:36:00+00:00, run_after=2024-10-08 08:37:00+00:00
[2024-10-08T08:37:41.372+0000] {processor.py:208} INFO - Processing /root/miniconda3/envs/project/lib/python3.8/site-packages/airflow/example_dags/example_branch_python_dop_operator_3.py took 0.126 seconds
[2024-10-08T08:38:50.972+0000] {processor.py:186} INFO - Started process (PID=215536) to work on /root/miniconda3/envs/project/lib/python3.8/site-packages/airflow/example_dags/example_branch_python_dop_operator_3.py
[2024-10-08T08:38:50.975+0000] {processor.py:914} INFO - Processing file /root/miniconda3/envs/project/lib/python3.8/site-packages/airflow/example_dags/example_branch_python_dop_operator_3.py for tasks to queue
[2024-10-08T08:38:50.978+0000] {logging_mixin.py:190} INFO - [2024-10-08T08:38:50.978+0000] {dagbag.py:588} INFO - Filling up the DagBag from /root/miniconda3/envs/project/lib/python3.8/site-packages/airflow/example_dags/example_branch_python_dop_operator_3.py
[2024-10-08T08:38:50.995+0000] {processor.py:925} INFO - DAG(s) 'example_branch_dop_operator_v3' retrieved from /root/miniconda3/envs/project/lib/python3.8/site-packages/airflow/example_dags/example_branch_python_dop_operator_3.py
[2024-10-08T08:38:51.018+0000] {logging_mixin.py:190} INFO - [2024-10-08T08:38:51.018+0000] {dag.py:3239} INFO - Sync 1 DAGs
[2024-10-08T08:38:51.053+0000] {logging_mixin.py:190} INFO - [2024-10-08T08:38:51.052+0000] {dag.py:4180} INFO - Setting next_dagrun for example_branch_dop_operator_v3 to 2024-10-08 08:37:00+00:00, run_after=2024-10-08 08:38:00+00:00
[2024-10-08T08:38:51.087+0000] {processor.py:208} INFO - Processing /root/miniconda3/envs/project/lib/python3.8/site-packages/airflow/example_dags/example_branch_python_dop_operator_3.py took 0.125 seconds
[2024-10-08T08:40:03.915+0000] {processor.py:186} INFO - Started process (PID=215767) to work on /root/miniconda3/envs/project/lib/python3.8/site-packages/airflow/example_dags/example_branch_python_dop_operator_3.py
[2024-10-08T08:40:03.918+0000] {processor.py:914} INFO - Processing file /root/miniconda3/envs/project/lib/python3.8/site-packages/airflow/example_dags/example_branch_python_dop_operator_3.py for tasks to queue
[2024-10-08T08:40:03.921+0000] {logging_mixin.py:190} INFO - [2024-10-08T08:40:03.920+0000] {dagbag.py:588} INFO - Filling up the DagBag from /root/miniconda3/envs/project/lib/python3.8/site-packages/airflow/example_dags/example_branch_python_dop_operator_3.py
[2024-10-08T08:40:03.937+0000] {processor.py:925} INFO - DAG(s) 'example_branch_dop_operator_v3' retrieved from /root/miniconda3/envs/project/lib/python3.8/site-packages/airflow/example_dags/example_branch_python_dop_operator_3.py
[2024-10-08T08:40:03.961+0000] {logging_mixin.py:190} INFO - [2024-10-08T08:40:03.961+0000] {dag.py:3239} INFO - Sync 1 DAGs
[2024-10-08T08:40:03.994+0000] {logging_mixin.py:190} INFO - [2024-10-08T08:40:03.994+0000] {dag.py:4180} INFO - Setting next_dagrun for example_branch_dop_operator_v3 to 2024-10-08 08:39:00+00:00, run_after=2024-10-08 08:40:00+00:00
[2024-10-08T08:40:04.025+0000] {processor.py:208} INFO - Processing /root/miniconda3/envs/project/lib/python3.8/site-packages/airflow/example_dags/example_branch_python_dop_operator_3.py took 0.121 seconds
[2024-10-08T08:41:11.243+0000] {processor.py:186} INFO - Started process (PID=216217) to work on /root/miniconda3/envs/project/lib/python3.8/site-packages/airflow/example_dags/example_branch_python_dop_operator_3.py
[2024-10-08T08:41:11.246+0000] {processor.py:914} INFO - Processing file /root/miniconda3/envs/project/lib/python3.8/site-packages/airflow/example_dags/example_branch_python_dop_operator_3.py for tasks to queue
[2024-10-08T08:41:11.249+0000] {logging_mixin.py:190} INFO - [2024-10-08T08:41:11.248+0000] {dagbag.py:588} INFO - Filling up the DagBag from /root/miniconda3/envs/project/lib/python3.8/site-packages/airflow/example_dags/example_branch_python_dop_operator_3.py
[2024-10-08T08:41:11.266+0000] {processor.py:925} INFO - DAG(s) 'example_branch_dop_operator_v3' retrieved from /root/miniconda3/envs/project/lib/python3.8/site-packages/airflow/example_dags/example_branch_python_dop_operator_3.py
[2024-10-08T08:41:11.289+0000] {logging_mixin.py:190} INFO - [2024-10-08T08:41:11.288+0000] {dag.py:3239} INFO - Sync 1 DAGs
[2024-10-08T08:41:11.322+0000] {logging_mixin.py:190} INFO - [2024-10-08T08:41:11.322+0000] {dag.py:4180} INFO - Setting next_dagrun for example_branch_dop_operator_v3 to 2024-10-08 08:40:00+00:00, run_after=2024-10-08 08:41:00+00:00
[2024-10-08T08:41:11.358+0000] {processor.py:208} INFO - Processing /root/miniconda3/envs/project/lib/python3.8/site-packages/airflow/example_dags/example_branch_python_dop_operator_3.py took 0.127 seconds
[2024-10-08T08:42:18.221+0000] {processor.py:186} INFO - Started process (PID=216569) to work on /root/miniconda3/envs/project/lib/python3.8/site-packages/airflow/example_dags/example_branch_python_dop_operator_3.py
[2024-10-08T08:42:18.224+0000] {processor.py:914} INFO - Processing file /root/miniconda3/envs/project/lib/python3.8/site-packages/airflow/example_dags/example_branch_python_dop_operator_3.py for tasks to queue
[2024-10-08T08:42:18.227+0000] {logging_mixin.py:190} INFO - [2024-10-08T08:42:18.227+0000] {dagbag.py:588} INFO - Filling up the DagBag from /root/miniconda3/envs/project/lib/python3.8/site-packages/airflow/example_dags/example_branch_python_dop_operator_3.py
[2024-10-08T08:42:18.243+0000] {processor.py:925} INFO - DAG(s) 'example_branch_dop_operator_v3' retrieved from /root/miniconda3/envs/project/lib/python3.8/site-packages/airflow/example_dags/example_branch_python_dop_operator_3.py
[2024-10-08T08:42:18.266+0000] {logging_mixin.py:190} INFO - [2024-10-08T08:42:18.266+0000] {dag.py:3239} INFO - Sync 1 DAGs
[2024-10-08T08:42:18.300+0000] {logging_mixin.py:190} INFO - [2024-10-08T08:42:18.300+0000] {dag.py:4180} INFO - Setting next_dagrun for example_branch_dop_operator_v3 to 2024-10-08 08:41:00+00:00, run_after=2024-10-08 08:42:00+00:00
[2024-10-08T08:42:18.333+0000] {processor.py:208} INFO - Processing /root/miniconda3/envs/project/lib/python3.8/site-packages/airflow/example_dags/example_branch_python_dop_operator_3.py took 0.123 seconds
[2024-10-08T08:43:25.039+0000] {processor.py:186} INFO - Started process (PID=216787) to work on /root/miniconda3/envs/project/lib/python3.8/site-packages/airflow/example_dags/example_branch_python_dop_operator_3.py
[2024-10-08T08:43:25.042+0000] {processor.py:914} INFO - Processing file /root/miniconda3/envs/project/lib/python3.8/site-packages/airflow/example_dags/example_branch_python_dop_operator_3.py for tasks to queue
[2024-10-08T08:43:25.045+0000] {logging_mixin.py:190} INFO - [2024-10-08T08:43:25.044+0000] {dagbag.py:588} INFO - Filling up the DagBag from /root/miniconda3/envs/project/lib/python3.8/site-packages/airflow/example_dags/example_branch_python_dop_operator_3.py
[2024-10-08T08:43:25.062+0000] {processor.py:925} INFO - DAG(s) 'example_branch_dop_operator_v3' retrieved from /root/miniconda3/envs/project/lib/python3.8/site-packages/airflow/example_dags/example_branch_python_dop_operator_3.py
[2024-10-08T08:43:25.092+0000] {logging_mixin.py:190} INFO - [2024-10-08T08:43:25.085+0000] {dag.py:3239} INFO - Sync 1 DAGs
[2024-10-08T08:43:25.130+0000] {logging_mixin.py:190} INFO - [2024-10-08T08:43:25.129+0000] {dag.py:4180} INFO - Setting next_dagrun for example_branch_dop_operator_v3 to 2024-10-08 08:42:00+00:00, run_after=2024-10-08 08:43:00+00:00
[2024-10-08T08:43:25.164+0000] {processor.py:208} INFO - Processing /root/miniconda3/envs/project/lib/python3.8/site-packages/airflow/example_dags/example_branch_python_dop_operator_3.py took 0.135 seconds
[2024-10-08T08:44:36.036+0000] {processor.py:186} INFO - Started process (PID=217011) to work on /root/miniconda3/envs/project/lib/python3.8/site-packages/airflow/example_dags/example_branch_python_dop_operator_3.py
[2024-10-08T08:44:36.039+0000] {processor.py:914} INFO - Processing file /root/miniconda3/envs/project/lib/python3.8/site-packages/airflow/example_dags/example_branch_python_dop_operator_3.py for tasks to queue
[2024-10-08T08:44:36.042+0000] {logging_mixin.py:190} INFO - [2024-10-08T08:44:36.042+0000] {dagbag.py:588} INFO - Filling up the DagBag from /root/miniconda3/envs/project/lib/python3.8/site-packages/airflow/example_dags/example_branch_python_dop_operator_3.py
[2024-10-08T08:44:36.058+0000] {processor.py:925} INFO - DAG(s) 'example_branch_dop_operator_v3' retrieved from /root/miniconda3/envs/project/lib/python3.8/site-packages/airflow/example_dags/example_branch_python_dop_operator_3.py
[2024-10-08T08:44:36.081+0000] {logging_mixin.py:190} INFO - [2024-10-08T08:44:36.081+0000] {dag.py:3239} INFO - Sync 1 DAGs
[2024-10-08T08:44:36.115+0000] {logging_mixin.py:190} INFO - [2024-10-08T08:44:36.115+0000] {dag.py:4180} INFO - Setting next_dagrun for example_branch_dop_operator_v3 to 2024-10-08 08:43:00+00:00, run_after=2024-10-08 08:44:00+00:00
[2024-10-08T08:44:36.152+0000] {processor.py:208} INFO - Processing /root/miniconda3/envs/project/lib/python3.8/site-packages/airflow/example_dags/example_branch_python_dop_operator_3.py took 0.127 seconds
[2024-10-08T08:45:49.960+0000] {processor.py:186} INFO - Started process (PID=217300) to work on /root/miniconda3/envs/project/lib/python3.8/site-packages/airflow/example_dags/example_branch_python_dop_operator_3.py
[2024-10-08T08:45:49.962+0000] {processor.py:914} INFO - Processing file /root/miniconda3/envs/project/lib/python3.8/site-packages/airflow/example_dags/example_branch_python_dop_operator_3.py for tasks to queue
[2024-10-08T08:45:49.966+0000] {logging_mixin.py:190} INFO - [2024-10-08T08:45:49.965+0000] {dagbag.py:588} INFO - Filling up the DagBag from /root/miniconda3/envs/project/lib/python3.8/site-packages/airflow/example_dags/example_branch_python_dop_operator_3.py
[2024-10-08T08:45:49.982+0000] {processor.py:925} INFO - DAG(s) 'example_branch_dop_operator_v3' retrieved from /root/miniconda3/envs/project/lib/python3.8/site-packages/airflow/example_dags/example_branch_python_dop_operator_3.py
[2024-10-08T08:45:50.005+0000] {logging_mixin.py:190} INFO - [2024-10-08T08:45:50.004+0000] {dag.py:3239} INFO - Sync 1 DAGs
[2024-10-08T08:45:50.038+0000] {logging_mixin.py:190} INFO - [2024-10-08T08:45:50.037+0000] {dag.py:4180} INFO - Setting next_dagrun for example_branch_dop_operator_v3 to 2024-10-08 08:44:00+00:00, run_after=2024-10-08 08:45:00+00:00
[2024-10-08T08:45:50.069+0000] {processor.py:208} INFO - Processing /root/miniconda3/envs/project/lib/python3.8/site-packages/airflow/example_dags/example_branch_python_dop_operator_3.py took 0.122 seconds
[2024-10-08T08:47:01.347+0000] {processor.py:186} INFO - Started process (PID=217651) to work on /root/miniconda3/envs/project/lib/python3.8/site-packages/airflow/example_dags/example_branch_python_dop_operator_3.py
[2024-10-08T08:47:01.350+0000] {processor.py:914} INFO - Processing file /root/miniconda3/envs/project/lib/python3.8/site-packages/airflow/example_dags/example_branch_python_dop_operator_3.py for tasks to queue
[2024-10-08T08:47:01.353+0000] {logging_mixin.py:190} INFO - [2024-10-08T08:47:01.353+0000] {dagbag.py:588} INFO - Filling up the DagBag from /root/miniconda3/envs/project/lib/python3.8/site-packages/airflow/example_dags/example_branch_python_dop_operator_3.py
[2024-10-08T08:47:01.369+0000] {processor.py:925} INFO - DAG(s) 'example_branch_dop_operator_v3' retrieved from /root/miniconda3/envs/project/lib/python3.8/site-packages/airflow/example_dags/example_branch_python_dop_operator_3.py
[2024-10-08T08:47:01.393+0000] {logging_mixin.py:190} INFO - [2024-10-08T08:47:01.392+0000] {dag.py:3239} INFO - Sync 1 DAGs
[2024-10-08T08:47:01.427+0000] {logging_mixin.py:190} INFO - [2024-10-08T08:47:01.426+0000] {dag.py:4180} INFO - Setting next_dagrun for example_branch_dop_operator_v3 to 2024-10-08 08:46:00+00:00, run_after=2024-10-08 08:47:00+00:00
[2024-10-08T08:47:01.460+0000] {processor.py:208} INFO - Processing /root/miniconda3/envs/project/lib/python3.8/site-packages/airflow/example_dags/example_branch_python_dop_operator_3.py took 0.123 seconds
[2024-10-08T08:48:14.286+0000] {processor.py:186} INFO - Started process (PID=217952) to work on /root/miniconda3/envs/project/lib/python3.8/site-packages/airflow/example_dags/example_branch_python_dop_operator_3.py
[2024-10-08T08:48:14.289+0000] {processor.py:914} INFO - Processing file /root/miniconda3/envs/project/lib/python3.8/site-packages/airflow/example_dags/example_branch_python_dop_operator_3.py for tasks to queue
[2024-10-08T08:48:14.292+0000] {logging_mixin.py:190} INFO - [2024-10-08T08:48:14.291+0000] {dagbag.py:588} INFO - Filling up the DagBag from /root/miniconda3/envs/project/lib/python3.8/site-packages/airflow/example_dags/example_branch_python_dop_operator_3.py
[2024-10-08T08:48:14.308+0000] {processor.py:925} INFO - DAG(s) 'example_branch_dop_operator_v3' retrieved from /root/miniconda3/envs/project/lib/python3.8/site-packages/airflow/example_dags/example_branch_python_dop_operator_3.py
[2024-10-08T08:48:14.333+0000] {logging_mixin.py:190} INFO - [2024-10-08T08:48:14.333+0000] {dag.py:3239} INFO - Sync 1 DAGs
[2024-10-08T08:48:14.366+0000] {logging_mixin.py:190} INFO - [2024-10-08T08:48:14.366+0000] {dag.py:4180} INFO - Setting next_dagrun for example_branch_dop_operator_v3 to 2024-10-08 08:47:00+00:00, run_after=2024-10-08 08:48:00+00:00
[2024-10-08T08:48:14.399+0000] {processor.py:208} INFO - Processing /root/miniconda3/envs/project/lib/python3.8/site-packages/airflow/example_dags/example_branch_python_dop_operator_3.py took 0.123 seconds
[2024-10-08T08:49:25.057+0000] {processor.py:186} INFO - Started process (PID=218175) to work on /root/miniconda3/envs/project/lib/python3.8/site-packages/airflow/example_dags/example_branch_python_dop_operator_3.py
[2024-10-08T08:49:25.060+0000] {processor.py:914} INFO - Processing file /root/miniconda3/envs/project/lib/python3.8/site-packages/airflow/example_dags/example_branch_python_dop_operator_3.py for tasks to queue
[2024-10-08T08:49:25.063+0000] {logging_mixin.py:190} INFO - [2024-10-08T08:49:25.063+0000] {dagbag.py:588} INFO - Filling up the DagBag from /root/miniconda3/envs/project/lib/python3.8/site-packages/airflow/example_dags/example_branch_python_dop_operator_3.py
[2024-10-08T08:49:25.079+0000] {processor.py:925} INFO - DAG(s) 'example_branch_dop_operator_v3' retrieved from /root/miniconda3/envs/project/lib/python3.8/site-packages/airflow/example_dags/example_branch_python_dop_operator_3.py
[2024-10-08T08:49:25.102+0000] {logging_mixin.py:190} INFO - [2024-10-08T08:49:25.102+0000] {dag.py:3239} INFO - Sync 1 DAGs
[2024-10-08T08:49:25.136+0000] {logging_mixin.py:190} INFO - [2024-10-08T08:49:25.136+0000] {dag.py:4180} INFO - Setting next_dagrun for example_branch_dop_operator_v3 to 2024-10-08 08:48:00+00:00, run_after=2024-10-08 08:49:00+00:00
[2024-10-08T08:49:25.169+0000] {processor.py:208} INFO - Processing /root/miniconda3/envs/project/lib/python3.8/site-packages/airflow/example_dags/example_branch_python_dop_operator_3.py took 0.123 seconds
[2024-10-08T08:50:35.712+0000] {processor.py:186} INFO - Started process (PID=218402) to work on /root/miniconda3/envs/project/lib/python3.8/site-packages/airflow/example_dags/example_branch_python_dop_operator_3.py
[2024-10-08T08:50:35.715+0000] {processor.py:914} INFO - Processing file /root/miniconda3/envs/project/lib/python3.8/site-packages/airflow/example_dags/example_branch_python_dop_operator_3.py for tasks to queue
[2024-10-08T08:50:35.718+0000] {logging_mixin.py:190} INFO - [2024-10-08T08:50:35.717+0000] {dagbag.py:588} INFO - Filling up the DagBag from /root/miniconda3/envs/project/lib/python3.8/site-packages/airflow/example_dags/example_branch_python_dop_operator_3.py
[2024-10-08T08:50:35.733+0000] {processor.py:925} INFO - DAG(s) 'example_branch_dop_operator_v3' retrieved from /root/miniconda3/envs/project/lib/python3.8/site-packages/airflow/example_dags/example_branch_python_dop_operator_3.py
[2024-10-08T08:50:35.755+0000] {logging_mixin.py:190} INFO - [2024-10-08T08:50:35.755+0000] {dag.py:3239} INFO - Sync 1 DAGs
[2024-10-08T08:50:35.787+0000] {logging_mixin.py:190} INFO - [2024-10-08T08:50:35.787+0000] {dag.py:4180} INFO - Setting next_dagrun for example_branch_dop_operator_v3 to 2024-10-08 08:49:00+00:00, run_after=2024-10-08 08:50:00+00:00
[2024-10-08T08:50:35.816+0000] {processor.py:208} INFO - Processing /root/miniconda3/envs/project/lib/python3.8/site-packages/airflow/example_dags/example_branch_python_dop_operator_3.py took 0.116 seconds
[2024-10-08T09:05:45.566+0000] {processor.py:186} INFO - Started process (PID=220110) to work on /root/miniconda3/envs/project/lib/python3.8/site-packages/airflow/example_dags/example_branch_python_dop_operator_3.py
[2024-10-08T09:05:45.569+0000] {processor.py:914} INFO - Processing file /root/miniconda3/envs/project/lib/python3.8/site-packages/airflow/example_dags/example_branch_python_dop_operator_3.py for tasks to queue
[2024-10-08T09:05:45.572+0000] {logging_mixin.py:190} INFO - [2024-10-08T09:05:45.572+0000] {dagbag.py:588} INFO - Filling up the DagBag from /root/miniconda3/envs/project/lib/python3.8/site-packages/airflow/example_dags/example_branch_python_dop_operator_3.py
[2024-10-08T09:05:45.589+0000] {processor.py:925} INFO - DAG(s) 'example_branch_dop_operator_v3' retrieved from /root/miniconda3/envs/project/lib/python3.8/site-packages/airflow/example_dags/example_branch_python_dop_operator_3.py
[2024-10-08T09:05:45.614+0000] {logging_mixin.py:190} INFO - [2024-10-08T09:05:45.614+0000] {dag.py:3239} INFO - Sync 1 DAGs
[2024-10-08T09:05:45.650+0000] {logging_mixin.py:190} INFO - [2024-10-08T09:05:45.649+0000] {dag.py:4180} INFO - Setting next_dagrun for example_branch_dop_operator_v3 to 2024-10-08 09:04:00+00:00, run_after=2024-10-08 09:05:00+00:00
[2024-10-08T09:05:45.682+0000] {processor.py:208} INFO - Processing /root/miniconda3/envs/project/lib/python3.8/site-packages/airflow/example_dags/example_branch_python_dop_operator_3.py took 0.126 seconds
[2024-10-08T09:09:18.925+0000] {processor.py:186} INFO - Started process (PID=220920) to work on /root/miniconda3/envs/project/lib/python3.8/site-packages/airflow/example_dags/example_branch_python_dop_operator_3.py
[2024-10-08T09:09:18.928+0000] {processor.py:914} INFO - Processing file /root/miniconda3/envs/project/lib/python3.8/site-packages/airflow/example_dags/example_branch_python_dop_operator_3.py for tasks to queue
[2024-10-08T09:09:18.931+0000] {logging_mixin.py:190} INFO - [2024-10-08T09:09:18.930+0000] {dagbag.py:588} INFO - Filling up the DagBag from /root/miniconda3/envs/project/lib/python3.8/site-packages/airflow/example_dags/example_branch_python_dop_operator_3.py
[2024-10-08T09:09:18.947+0000] {processor.py:925} INFO - DAG(s) 'example_branch_dop_operator_v3' retrieved from /root/miniconda3/envs/project/lib/python3.8/site-packages/airflow/example_dags/example_branch_python_dop_operator_3.py
[2024-10-08T09:09:18.971+0000] {logging_mixin.py:190} INFO - [2024-10-08T09:09:18.971+0000] {dag.py:3239} INFO - Sync 1 DAGs
[2024-10-08T09:09:19.005+0000] {logging_mixin.py:190} INFO - [2024-10-08T09:09:19.005+0000] {dag.py:4180} INFO - Setting next_dagrun for example_branch_dop_operator_v3 to 2024-10-08 09:08:00+00:00, run_after=2024-10-08 09:09:00+00:00
[2024-10-08T09:09:19.036+0000] {processor.py:208} INFO - Processing /root/miniconda3/envs/project/lib/python3.8/site-packages/airflow/example_dags/example_branch_python_dop_operator_3.py took 0.122 seconds
[2024-10-08T09:10:48.318+0000] {processor.py:186} INFO - Started process (PID=221637) to work on /root/miniconda3/envs/project/lib/python3.8/site-packages/airflow/example_dags/example_branch_python_dop_operator_3.py
[2024-10-08T09:10:48.322+0000] {processor.py:914} INFO - Processing file /root/miniconda3/envs/project/lib/python3.8/site-packages/airflow/example_dags/example_branch_python_dop_operator_3.py for tasks to queue
[2024-10-08T09:10:48.325+0000] {logging_mixin.py:190} INFO - [2024-10-08T09:10:48.325+0000] {dagbag.py:588} INFO - Filling up the DagBag from /root/miniconda3/envs/project/lib/python3.8/site-packages/airflow/example_dags/example_branch_python_dop_operator_3.py
[2024-10-08T09:10:48.342+0000] {processor.py:925} INFO - DAG(s) 'example_branch_dop_operator_v3' retrieved from /root/miniconda3/envs/project/lib/python3.8/site-packages/airflow/example_dags/example_branch_python_dop_operator_3.py
[2024-10-08T09:10:48.367+0000] {logging_mixin.py:190} INFO - [2024-10-08T09:10:48.367+0000] {dag.py:3239} INFO - Sync 1 DAGs
[2024-10-08T09:10:48.401+0000] {logging_mixin.py:190} INFO - [2024-10-08T09:10:48.401+0000] {dag.py:4180} INFO - Setting next_dagrun for example_branch_dop_operator_v3 to 2024-10-08 09:09:00+00:00, run_after=2024-10-08 09:10:00+00:00
[2024-10-08T09:10:48.436+0000] {processor.py:208} INFO - Processing /root/miniconda3/envs/project/lib/python3.8/site-packages/airflow/example_dags/example_branch_python_dop_operator_3.py took 0.130 seconds
[2024-10-08T09:11:56.995+0000] {processor.py:186} INFO - Started process (PID=221922) to work on /root/miniconda3/envs/project/lib/python3.8/site-packages/airflow/example_dags/example_branch_python_dop_operator_3.py
[2024-10-08T09:11:56.999+0000] {processor.py:914} INFO - Processing file /root/miniconda3/envs/project/lib/python3.8/site-packages/airflow/example_dags/example_branch_python_dop_operator_3.py for tasks to queue
[2024-10-08T09:11:57.002+0000] {logging_mixin.py:190} INFO - [2024-10-08T09:11:57.002+0000] {dagbag.py:588} INFO - Filling up the DagBag from /root/miniconda3/envs/project/lib/python3.8/site-packages/airflow/example_dags/example_branch_python_dop_operator_3.py
[2024-10-08T09:11:57.020+0000] {processor.py:925} INFO - DAG(s) 'example_branch_dop_operator_v3' retrieved from /root/miniconda3/envs/project/lib/python3.8/site-packages/airflow/example_dags/example_branch_python_dop_operator_3.py
[2024-10-08T09:11:57.044+0000] {logging_mixin.py:190} INFO - [2024-10-08T09:11:57.043+0000] {dag.py:3239} INFO - Sync 1 DAGs
[2024-10-08T09:11:57.078+0000] {logging_mixin.py:190} INFO - [2024-10-08T09:11:57.078+0000] {dag.py:4180} INFO - Setting next_dagrun for example_branch_dop_operator_v3 to 2024-10-08 09:10:00+00:00, run_after=2024-10-08 09:11:00+00:00
[2024-10-08T09:11:57.110+0000] {processor.py:208} INFO - Processing /root/miniconda3/envs/project/lib/python3.8/site-packages/airflow/example_dags/example_branch_python_dop_operator_3.py took 0.127 seconds
[2024-10-08T09:13:01.447+0000] {processor.py:186} INFO - Started process (PID=222191) to work on /root/miniconda3/envs/project/lib/python3.8/site-packages/airflow/example_dags/example_branch_python_dop_operator_3.py
[2024-10-08T09:13:01.450+0000] {processor.py:914} INFO - Processing file /root/miniconda3/envs/project/lib/python3.8/site-packages/airflow/example_dags/example_branch_python_dop_operator_3.py for tasks to queue
[2024-10-08T09:13:01.454+0000] {logging_mixin.py:190} INFO - [2024-10-08T09:13:01.453+0000] {dagbag.py:588} INFO - Filling up the DagBag from /root/miniconda3/envs/project/lib/python3.8/site-packages/airflow/example_dags/example_branch_python_dop_operator_3.py
[2024-10-08T09:13:01.470+0000] {processor.py:925} INFO - DAG(s) 'example_branch_dop_operator_v3' retrieved from /root/miniconda3/envs/project/lib/python3.8/site-packages/airflow/example_dags/example_branch_python_dop_operator_3.py
[2024-10-08T09:13:01.494+0000] {logging_mixin.py:190} INFO - [2024-10-08T09:13:01.494+0000] {dag.py:3239} INFO - Sync 1 DAGs
[2024-10-08T09:13:01.529+0000] {logging_mixin.py:190} INFO - [2024-10-08T09:13:01.529+0000] {dag.py:4180} INFO - Setting next_dagrun for example_branch_dop_operator_v3 to 2024-10-08 09:12:00+00:00, run_after=2024-10-08 09:13:00+00:00
[2024-10-08T09:13:01.561+0000] {processor.py:208} INFO - Processing /root/miniconda3/envs/project/lib/python3.8/site-packages/airflow/example_dags/example_branch_python_dop_operator_3.py took 0.126 seconds
[2024-10-08T09:14:09.329+0000] {processor.py:186} INFO - Started process (PID=222537) to work on /root/miniconda3/envs/project/lib/python3.8/site-packages/airflow/example_dags/example_branch_python_dop_operator_3.py
[2024-10-08T09:14:09.332+0000] {processor.py:914} INFO - Processing file /root/miniconda3/envs/project/lib/python3.8/site-packages/airflow/example_dags/example_branch_python_dop_operator_3.py for tasks to queue
[2024-10-08T09:14:09.335+0000] {logging_mixin.py:190} INFO - [2024-10-08T09:14:09.335+0000] {dagbag.py:588} INFO - Filling up the DagBag from /root/miniconda3/envs/project/lib/python3.8/site-packages/airflow/example_dags/example_branch_python_dop_operator_3.py
[2024-10-08T09:14:09.352+0000] {processor.py:925} INFO - DAG(s) 'example_branch_dop_operator_v3' retrieved from /root/miniconda3/envs/project/lib/python3.8/site-packages/airflow/example_dags/example_branch_python_dop_operator_3.py
[2024-10-08T09:14:09.375+0000] {logging_mixin.py:190} INFO - [2024-10-08T09:14:09.374+0000] {dag.py:3239} INFO - Sync 1 DAGs
[2024-10-08T09:14:09.408+0000] {logging_mixin.py:190} INFO - [2024-10-08T09:14:09.408+0000] {dag.py:4180} INFO - Setting next_dagrun for example_branch_dop_operator_v3 to 2024-10-08 09:13:00+00:00, run_after=2024-10-08 09:14:00+00:00
[2024-10-08T09:14:09.442+0000] {processor.py:208} INFO - Processing /root/miniconda3/envs/project/lib/python3.8/site-packages/airflow/example_dags/example_branch_python_dop_operator_3.py took 0.123 seconds
[2024-10-08T09:15:14.351+0000] {processor.py:186} INFO - Started process (PID=222803) to work on /root/miniconda3/envs/project/lib/python3.8/site-packages/airflow/example_dags/example_branch_python_dop_operator_3.py
[2024-10-08T09:15:14.355+0000] {processor.py:914} INFO - Processing file /root/miniconda3/envs/project/lib/python3.8/site-packages/airflow/example_dags/example_branch_python_dop_operator_3.py for tasks to queue
[2024-10-08T09:15:14.359+0000] {logging_mixin.py:190} INFO - [2024-10-08T09:15:14.358+0000] {dagbag.py:588} INFO - Filling up the DagBag from /root/miniconda3/envs/project/lib/python3.8/site-packages/airflow/example_dags/example_branch_python_dop_operator_3.py
[2024-10-08T09:15:14.375+0000] {processor.py:925} INFO - DAG(s) 'example_branch_dop_operator_v3' retrieved from /root/miniconda3/envs/project/lib/python3.8/site-packages/airflow/example_dags/example_branch_python_dop_operator_3.py
[2024-10-08T09:15:14.399+0000] {logging_mixin.py:190} INFO - [2024-10-08T09:15:14.399+0000] {dag.py:3239} INFO - Sync 1 DAGs
[2024-10-08T09:15:14.432+0000] {logging_mixin.py:190} INFO - [2024-10-08T09:15:14.432+0000] {dag.py:4180} INFO - Setting next_dagrun for example_branch_dop_operator_v3 to 2024-10-08 09:14:00+00:00, run_after=2024-10-08 09:15:00+00:00
[2024-10-08T09:15:14.467+0000] {processor.py:208} INFO - Processing /root/miniconda3/envs/project/lib/python3.8/site-packages/airflow/example_dags/example_branch_python_dop_operator_3.py took 0.127 seconds
[2024-10-08T09:16:28.941+0000] {processor.py:186} INFO - Started process (PID=223038) to work on /root/miniconda3/envs/project/lib/python3.8/site-packages/airflow/example_dags/example_branch_python_dop_operator_3.py
[2024-10-08T09:16:28.945+0000] {processor.py:914} INFO - Processing file /root/miniconda3/envs/project/lib/python3.8/site-packages/airflow/example_dags/example_branch_python_dop_operator_3.py for tasks to queue
[2024-10-08T09:16:28.948+0000] {logging_mixin.py:190} INFO - [2024-10-08T09:16:28.947+0000] {dagbag.py:588} INFO - Filling up the DagBag from /root/miniconda3/envs/project/lib/python3.8/site-packages/airflow/example_dags/example_branch_python_dop_operator_3.py
[2024-10-08T09:16:28.965+0000] {processor.py:925} INFO - DAG(s) 'example_branch_dop_operator_v3' retrieved from /root/miniconda3/envs/project/lib/python3.8/site-packages/airflow/example_dags/example_branch_python_dop_operator_3.py
[2024-10-08T09:16:28.988+0000] {logging_mixin.py:190} INFO - [2024-10-08T09:16:28.988+0000] {dag.py:3239} INFO - Sync 1 DAGs
[2024-10-08T09:16:29.024+0000] {logging_mixin.py:190} INFO - [2024-10-08T09:16:29.024+0000] {dag.py:4180} INFO - Setting next_dagrun for example_branch_dop_operator_v3 to 2024-10-08 09:15:00+00:00, run_after=2024-10-08 09:16:00+00:00
[2024-10-08T09:16:29.059+0000] {processor.py:208} INFO - Processing /root/miniconda3/envs/project/lib/python3.8/site-packages/airflow/example_dags/example_branch_python_dop_operator_3.py took 0.128 seconds
[2024-10-08T09:17:38.302+0000] {processor.py:186} INFO - Started process (PID=223270) to work on /root/miniconda3/envs/project/lib/python3.8/site-packages/airflow/example_dags/example_branch_python_dop_operator_3.py
[2024-10-08T09:17:38.305+0000] {processor.py:914} INFO - Processing file /root/miniconda3/envs/project/lib/python3.8/site-packages/airflow/example_dags/example_branch_python_dop_operator_3.py for tasks to queue
[2024-10-08T09:17:38.309+0000] {logging_mixin.py:190} INFO - [2024-10-08T09:17:38.308+0000] {dagbag.py:588} INFO - Filling up the DagBag from /root/miniconda3/envs/project/lib/python3.8/site-packages/airflow/example_dags/example_branch_python_dop_operator_3.py
[2024-10-08T09:17:38.326+0000] {processor.py:925} INFO - DAG(s) 'example_branch_dop_operator_v3' retrieved from /root/miniconda3/envs/project/lib/python3.8/site-packages/airflow/example_dags/example_branch_python_dop_operator_3.py
[2024-10-08T09:17:38.351+0000] {logging_mixin.py:190} INFO - [2024-10-08T09:17:38.350+0000] {dag.py:3239} INFO - Sync 1 DAGs
[2024-10-08T09:17:38.386+0000] {logging_mixin.py:190} INFO - [2024-10-08T09:17:38.385+0000] {dag.py:4180} INFO - Setting next_dagrun for example_branch_dop_operator_v3 to 2024-10-08 09:16:00+00:00, run_after=2024-10-08 09:17:00+00:00
[2024-10-08T09:17:38.418+0000] {processor.py:208} INFO - Processing /root/miniconda3/envs/project/lib/python3.8/site-packages/airflow/example_dags/example_branch_python_dop_operator_3.py took 0.129 seconds
[2024-10-08T09:18:49.569+0000] {processor.py:186} INFO - Started process (PID=223560) to work on /root/miniconda3/envs/project/lib/python3.8/site-packages/airflow/example_dags/example_branch_python_dop_operator_3.py
[2024-10-08T09:18:49.572+0000] {processor.py:914} INFO - Processing file /root/miniconda3/envs/project/lib/python3.8/site-packages/airflow/example_dags/example_branch_python_dop_operator_3.py for tasks to queue
[2024-10-08T09:18:49.576+0000] {logging_mixin.py:190} INFO - [2024-10-08T09:18:49.575+0000] {dagbag.py:588} INFO - Filling up the DagBag from /root/miniconda3/envs/project/lib/python3.8/site-packages/airflow/example_dags/example_branch_python_dop_operator_3.py
[2024-10-08T09:18:49.598+0000] {processor.py:925} INFO - DAG(s) 'example_branch_dop_operator_v3' retrieved from /root/miniconda3/envs/project/lib/python3.8/site-packages/airflow/example_dags/example_branch_python_dop_operator_3.py
[2024-10-08T09:18:49.624+0000] {logging_mixin.py:190} INFO - [2024-10-08T09:18:49.624+0000] {dag.py:3239} INFO - Sync 1 DAGs
[2024-10-08T09:18:49.659+0000] {logging_mixin.py:190} INFO - [2024-10-08T09:18:49.658+0000] {dag.py:4180} INFO - Setting next_dagrun for example_branch_dop_operator_v3 to 2024-10-08 09:17:00+00:00, run_after=2024-10-08 09:18:00+00:00
[2024-10-08T09:18:49.691+0000] {processor.py:208} INFO - Processing /root/miniconda3/envs/project/lib/python3.8/site-packages/airflow/example_dags/example_branch_python_dop_operator_3.py took 0.134 seconds
[2024-10-08T09:20:02.498+0000] {processor.py:186} INFO - Started process (PID=223853) to work on /root/miniconda3/envs/project/lib/python3.8/site-packages/airflow/example_dags/example_branch_python_dop_operator_3.py
[2024-10-08T09:20:02.501+0000] {processor.py:914} INFO - Processing file /root/miniconda3/envs/project/lib/python3.8/site-packages/airflow/example_dags/example_branch_python_dop_operator_3.py for tasks to queue
[2024-10-08T09:20:02.504+0000] {logging_mixin.py:190} INFO - [2024-10-08T09:20:02.504+0000] {dagbag.py:588} INFO - Filling up the DagBag from /root/miniconda3/envs/project/lib/python3.8/site-packages/airflow/example_dags/example_branch_python_dop_operator_3.py
[2024-10-08T09:20:02.521+0000] {processor.py:925} INFO - DAG(s) 'example_branch_dop_operator_v3' retrieved from /root/miniconda3/envs/project/lib/python3.8/site-packages/airflow/example_dags/example_branch_python_dop_operator_3.py
[2024-10-08T09:20:02.544+0000] {logging_mixin.py:190} INFO - [2024-10-08T09:20:02.544+0000] {dag.py:3239} INFO - Sync 1 DAGs
[2024-10-08T09:20:02.578+0000] {logging_mixin.py:190} INFO - [2024-10-08T09:20:02.578+0000] {dag.py:4180} INFO - Setting next_dagrun for example_branch_dop_operator_v3 to 2024-10-08 09:19:00+00:00, run_after=2024-10-08 09:20:00+00:00
[2024-10-08T09:20:02.612+0000] {processor.py:208} INFO - Processing /root/miniconda3/envs/project/lib/python3.8/site-packages/airflow/example_dags/example_branch_python_dop_operator_3.py took 0.126 seconds
[2024-10-08T09:21:14.556+0000] {processor.py:186} INFO - Started process (PID=224083) to work on /root/miniconda3/envs/project/lib/python3.8/site-packages/airflow/example_dags/example_branch_python_dop_operator_3.py
[2024-10-08T09:21:14.559+0000] {processor.py:914} INFO - Processing file /root/miniconda3/envs/project/lib/python3.8/site-packages/airflow/example_dags/example_branch_python_dop_operator_3.py for tasks to queue
[2024-10-08T09:21:14.563+0000] {logging_mixin.py:190} INFO - [2024-10-08T09:21:14.562+0000] {dagbag.py:588} INFO - Filling up the DagBag from /root/miniconda3/envs/project/lib/python3.8/site-packages/airflow/example_dags/example_branch_python_dop_operator_3.py
[2024-10-08T09:21:14.579+0000] {processor.py:925} INFO - DAG(s) 'example_branch_dop_operator_v3' retrieved from /root/miniconda3/envs/project/lib/python3.8/site-packages/airflow/example_dags/example_branch_python_dop_operator_3.py
[2024-10-08T09:21:14.602+0000] {logging_mixin.py:190} INFO - [2024-10-08T09:21:14.602+0000] {dag.py:3239} INFO - Sync 1 DAGs
[2024-10-08T09:21:14.636+0000] {logging_mixin.py:190} INFO - [2024-10-08T09:21:14.636+0000] {dag.py:4180} INFO - Setting next_dagrun for example_branch_dop_operator_v3 to 2024-10-08 09:20:00+00:00, run_after=2024-10-08 09:21:00+00:00
[2024-10-08T09:21:14.667+0000] {processor.py:208} INFO - Processing /root/miniconda3/envs/project/lib/python3.8/site-packages/airflow/example_dags/example_branch_python_dop_operator_3.py took 0.122 seconds
[2024-10-08T09:22:24.011+0000] {processor.py:186} INFO - Started process (PID=224310) to work on /root/miniconda3/envs/project/lib/python3.8/site-packages/airflow/example_dags/example_branch_python_dop_operator_3.py
[2024-10-08T09:22:24.014+0000] {processor.py:914} INFO - Processing file /root/miniconda3/envs/project/lib/python3.8/site-packages/airflow/example_dags/example_branch_python_dop_operator_3.py for tasks to queue
[2024-10-08T09:22:24.017+0000] {logging_mixin.py:190} INFO - [2024-10-08T09:22:24.017+0000] {dagbag.py:588} INFO - Filling up the DagBag from /root/miniconda3/envs/project/lib/python3.8/site-packages/airflow/example_dags/example_branch_python_dop_operator_3.py
[2024-10-08T09:22:24.033+0000] {processor.py:925} INFO - DAG(s) 'example_branch_dop_operator_v3' retrieved from /root/miniconda3/envs/project/lib/python3.8/site-packages/airflow/example_dags/example_branch_python_dop_operator_3.py
[2024-10-08T09:22:24.056+0000] {logging_mixin.py:190} INFO - [2024-10-08T09:22:24.055+0000] {dag.py:3239} INFO - Sync 1 DAGs
[2024-10-08T09:22:24.089+0000] {logging_mixin.py:190} INFO - [2024-10-08T09:22:24.088+0000] {dag.py:4180} INFO - Setting next_dagrun for example_branch_dop_operator_v3 to 2024-10-08 09:21:00+00:00, run_after=2024-10-08 09:22:00+00:00
[2024-10-08T09:22:24.120+0000] {processor.py:208} INFO - Processing /root/miniconda3/envs/project/lib/python3.8/site-packages/airflow/example_dags/example_branch_python_dop_operator_3.py took 0.120 seconds
[2024-10-08T09:23:33.962+0000] {processor.py:186} INFO - Started process (PID=224505) to work on /root/miniconda3/envs/project/lib/python3.8/site-packages/airflow/example_dags/example_branch_python_dop_operator_3.py
[2024-10-08T09:23:33.965+0000] {processor.py:914} INFO - Processing file /root/miniconda3/envs/project/lib/python3.8/site-packages/airflow/example_dags/example_branch_python_dop_operator_3.py for tasks to queue
[2024-10-08T09:23:33.968+0000] {logging_mixin.py:190} INFO - [2024-10-08T09:23:33.968+0000] {dagbag.py:588} INFO - Filling up the DagBag from /root/miniconda3/envs/project/lib/python3.8/site-packages/airflow/example_dags/example_branch_python_dop_operator_3.py
[2024-10-08T09:23:33.983+0000] {processor.py:925} INFO - DAG(s) 'example_branch_dop_operator_v3' retrieved from /root/miniconda3/envs/project/lib/python3.8/site-packages/airflow/example_dags/example_branch_python_dop_operator_3.py
[2024-10-08T09:23:34.006+0000] {logging_mixin.py:190} INFO - [2024-10-08T09:23:34.005+0000] {dag.py:3239} INFO - Sync 1 DAGs
[2024-10-08T09:23:34.039+0000] {logging_mixin.py:190} INFO - [2024-10-08T09:23:34.038+0000] {dag.py:4180} INFO - Setting next_dagrun for example_branch_dop_operator_v3 to 2024-10-08 09:22:00+00:00, run_after=2024-10-08 09:23:00+00:00
[2024-10-08T09:23:34.069+0000] {processor.py:208} INFO - Processing /root/miniconda3/envs/project/lib/python3.8/site-packages/airflow/example_dags/example_branch_python_dop_operator_3.py took 0.118 seconds
[2024-10-08T09:24:44.488+0000] {processor.py:186} INFO - Started process (PID=224961) to work on /root/miniconda3/envs/project/lib/python3.8/site-packages/airflow/example_dags/example_branch_python_dop_operator_3.py
[2024-10-08T09:24:44.491+0000] {processor.py:914} INFO - Processing file /root/miniconda3/envs/project/lib/python3.8/site-packages/airflow/example_dags/example_branch_python_dop_operator_3.py for tasks to queue
[2024-10-08T09:24:44.494+0000] {logging_mixin.py:190} INFO - [2024-10-08T09:24:44.494+0000] {dagbag.py:588} INFO - Filling up the DagBag from /root/miniconda3/envs/project/lib/python3.8/site-packages/airflow/example_dags/example_branch_python_dop_operator_3.py
[2024-10-08T09:24:44.511+0000] {processor.py:925} INFO - DAG(s) 'example_branch_dop_operator_v3' retrieved from /root/miniconda3/envs/project/lib/python3.8/site-packages/airflow/example_dags/example_branch_python_dop_operator_3.py
[2024-10-08T09:24:44.534+0000] {logging_mixin.py:190} INFO - [2024-10-08T09:24:44.534+0000] {dag.py:3239} INFO - Sync 1 DAGs
[2024-10-08T09:24:44.568+0000] {logging_mixin.py:190} INFO - [2024-10-08T09:24:44.568+0000] {dag.py:4180} INFO - Setting next_dagrun for example_branch_dop_operator_v3 to 2024-10-08 09:23:00+00:00, run_after=2024-10-08 09:24:00+00:00
[2024-10-08T09:24:44.602+0000] {processor.py:208} INFO - Processing /root/miniconda3/envs/project/lib/python3.8/site-packages/airflow/example_dags/example_branch_python_dop_operator_3.py took 0.126 seconds
[2024-10-08T09:25:52.923+0000] {processor.py:186} INFO - Started process (PID=225580) to work on /root/miniconda3/envs/project/lib/python3.8/site-packages/airflow/example_dags/example_branch_python_dop_operator_3.py
[2024-10-08T09:25:52.926+0000] {processor.py:914} INFO - Processing file /root/miniconda3/envs/project/lib/python3.8/site-packages/airflow/example_dags/example_branch_python_dop_operator_3.py for tasks to queue
[2024-10-08T09:25:52.930+0000] {logging_mixin.py:190} INFO - [2024-10-08T09:25:52.930+0000] {dagbag.py:588} INFO - Filling up the DagBag from /root/miniconda3/envs/project/lib/python3.8/site-packages/airflow/example_dags/example_branch_python_dop_operator_3.py
[2024-10-08T09:25:52.947+0000] {processor.py:925} INFO - DAG(s) 'example_branch_dop_operator_v3' retrieved from /root/miniconda3/envs/project/lib/python3.8/site-packages/airflow/example_dags/example_branch_python_dop_operator_3.py
[2024-10-08T09:25:52.971+0000] {logging_mixin.py:190} INFO - [2024-10-08T09:25:52.970+0000] {dag.py:3239} INFO - Sync 1 DAGs
[2024-10-08T09:25:53.007+0000] {logging_mixin.py:190} INFO - [2024-10-08T09:25:53.007+0000] {dag.py:4180} INFO - Setting next_dagrun for example_branch_dop_operator_v3 to 2024-10-08 09:24:00+00:00, run_after=2024-10-08 09:25:00+00:00
[2024-10-08T09:25:53.045+0000] {processor.py:208} INFO - Processing /root/miniconda3/envs/project/lib/python3.8/site-packages/airflow/example_dags/example_branch_python_dop_operator_3.py took 0.132 seconds
[2024-10-08T09:27:06.063+0000] {processor.py:186} INFO - Started process (PID=225998) to work on /root/miniconda3/envs/project/lib/python3.8/site-packages/airflow/example_dags/example_branch_python_dop_operator_3.py
[2024-10-08T09:27:06.067+0000] {processor.py:914} INFO - Processing file /root/miniconda3/envs/project/lib/python3.8/site-packages/airflow/example_dags/example_branch_python_dop_operator_3.py for tasks to queue
[2024-10-08T09:27:06.070+0000] {logging_mixin.py:190} INFO - [2024-10-08T09:27:06.070+0000] {dagbag.py:588} INFO - Filling up the DagBag from /root/miniconda3/envs/project/lib/python3.8/site-packages/airflow/example_dags/example_branch_python_dop_operator_3.py
[2024-10-08T09:27:06.089+0000] {processor.py:925} INFO - DAG(s) 'example_branch_dop_operator_v3' retrieved from /root/miniconda3/envs/project/lib/python3.8/site-packages/airflow/example_dags/example_branch_python_dop_operator_3.py
[2024-10-08T09:27:06.114+0000] {logging_mixin.py:190} INFO - [2024-10-08T09:27:06.113+0000] {dag.py:3239} INFO - Sync 1 DAGs
[2024-10-08T09:27:06.159+0000] {logging_mixin.py:190} INFO - [2024-10-08T09:27:06.159+0000] {dag.py:4180} INFO - Setting next_dagrun for example_branch_dop_operator_v3 to 2024-10-08 09:26:00+00:00, run_after=2024-10-08 09:27:00+00:00
[2024-10-08T09:27:06.189+0000] {processor.py:208} INFO - Processing /root/miniconda3/envs/project/lib/python3.8/site-packages/airflow/example_dags/example_branch_python_dop_operator_3.py took 0.139 seconds
[2024-10-08T09:28:17.519+0000] {processor.py:186} INFO - Started process (PID=226490) to work on /root/miniconda3/envs/project/lib/python3.8/site-packages/airflow/example_dags/example_branch_python_dop_operator_3.py
[2024-10-08T09:28:17.522+0000] {processor.py:914} INFO - Processing file /root/miniconda3/envs/project/lib/python3.8/site-packages/airflow/example_dags/example_branch_python_dop_operator_3.py for tasks to queue
[2024-10-08T09:28:17.526+0000] {logging_mixin.py:190} INFO - [2024-10-08T09:28:17.525+0000] {dagbag.py:588} INFO - Filling up the DagBag from /root/miniconda3/envs/project/lib/python3.8/site-packages/airflow/example_dags/example_branch_python_dop_operator_3.py
[2024-10-08T09:28:17.543+0000] {processor.py:925} INFO - DAG(s) 'example_branch_dop_operator_v3' retrieved from /root/miniconda3/envs/project/lib/python3.8/site-packages/airflow/example_dags/example_branch_python_dop_operator_3.py
[2024-10-08T09:28:17.567+0000] {logging_mixin.py:190} INFO - [2024-10-08T09:28:17.567+0000] {dag.py:3239} INFO - Sync 1 DAGs
[2024-10-08T09:28:17.603+0000] {logging_mixin.py:190} INFO - [2024-10-08T09:28:17.603+0000] {dag.py:4180} INFO - Setting next_dagrun for example_branch_dop_operator_v3 to 2024-10-08 09:27:00+00:00, run_after=2024-10-08 09:28:00+00:00
[2024-10-08T09:28:17.638+0000] {processor.py:208} INFO - Processing /root/miniconda3/envs/project/lib/python3.8/site-packages/airflow/example_dags/example_branch_python_dop_operator_3.py took 0.130 seconds
[2024-10-08T09:29:33.931+0000] {processor.py:186} INFO - Started process (PID=227047) to work on /root/miniconda3/envs/project/lib/python3.8/site-packages/airflow/example_dags/example_branch_python_dop_operator_3.py
[2024-10-08T09:29:33.934+0000] {processor.py:914} INFO - Processing file /root/miniconda3/envs/project/lib/python3.8/site-packages/airflow/example_dags/example_branch_python_dop_operator_3.py for tasks to queue
[2024-10-08T09:29:33.937+0000] {logging_mixin.py:190} INFO - [2024-10-08T09:29:33.936+0000] {dagbag.py:588} INFO - Filling up the DagBag from /root/miniconda3/envs/project/lib/python3.8/site-packages/airflow/example_dags/example_branch_python_dop_operator_3.py
[2024-10-08T09:29:33.953+0000] {processor.py:925} INFO - DAG(s) 'example_branch_dop_operator_v3' retrieved from /root/miniconda3/envs/project/lib/python3.8/site-packages/airflow/example_dags/example_branch_python_dop_operator_3.py
[2024-10-08T09:29:34.087+0000] {logging_mixin.py:190} INFO - [2024-10-08T09:29:34.087+0000] {dag.py:3239} INFO - Sync 1 DAGs
[2024-10-08T09:29:34.118+0000] {logging_mixin.py:190} INFO - [2024-10-08T09:29:34.117+0000] {dag.py:4180} INFO - Setting next_dagrun for example_branch_dop_operator_v3 to 2024-10-08 09:28:00+00:00, run_after=2024-10-08 09:29:00+00:00
[2024-10-08T09:29:34.148+0000] {processor.py:208} INFO - Processing /root/miniconda3/envs/project/lib/python3.8/site-packages/airflow/example_dags/example_branch_python_dop_operator_3.py took 0.228 seconds
[2024-10-08T09:30:58.404+0000] {processor.py:186} INFO - Started process (PID=228004) to work on /root/miniconda3/envs/project/lib/python3.8/site-packages/airflow/example_dags/example_branch_python_dop_operator_3.py
[2024-10-08T09:30:58.407+0000] {processor.py:914} INFO - Processing file /root/miniconda3/envs/project/lib/python3.8/site-packages/airflow/example_dags/example_branch_python_dop_operator_3.py for tasks to queue
[2024-10-08T09:30:58.410+0000] {logging_mixin.py:190} INFO - [2024-10-08T09:30:58.410+0000] {dagbag.py:588} INFO - Filling up the DagBag from /root/miniconda3/envs/project/lib/python3.8/site-packages/airflow/example_dags/example_branch_python_dop_operator_3.py
[2024-10-08T09:30:58.427+0000] {processor.py:925} INFO - DAG(s) 'example_branch_dop_operator_v3' retrieved from /root/miniconda3/envs/project/lib/python3.8/site-packages/airflow/example_dags/example_branch_python_dop_operator_3.py
[2024-10-08T09:30:58.561+0000] {logging_mixin.py:190} INFO - [2024-10-08T09:30:58.561+0000] {dag.py:3239} INFO - Sync 1 DAGs
[2024-10-08T09:30:58.593+0000] {logging_mixin.py:190} INFO - [2024-10-08T09:30:58.592+0000] {dag.py:4180} INFO - Setting next_dagrun for example_branch_dop_operator_v3 to 2024-10-08 09:29:00+00:00, run_after=2024-10-08 09:30:00+00:00
[2024-10-08T09:30:58.624+0000] {processor.py:208} INFO - Processing /root/miniconda3/envs/project/lib/python3.8/site-packages/airflow/example_dags/example_branch_python_dop_operator_3.py took 0.232 seconds
[2024-10-08T09:32:26.653+0000] {processor.py:186} INFO - Started process (PID=229055) to work on /root/miniconda3/envs/project/lib/python3.8/site-packages/airflow/example_dags/example_branch_python_dop_operator_3.py
[2024-10-08T09:32:26.655+0000] {processor.py:914} INFO - Processing file /root/miniconda3/envs/project/lib/python3.8/site-packages/airflow/example_dags/example_branch_python_dop_operator_3.py for tasks to queue
[2024-10-08T09:32:26.659+0000] {logging_mixin.py:190} INFO - [2024-10-08T09:32:26.658+0000] {dagbag.py:588} INFO - Filling up the DagBag from /root/miniconda3/envs/project/lib/python3.8/site-packages/airflow/example_dags/example_branch_python_dop_operator_3.py
[2024-10-08T09:32:26.676+0000] {processor.py:925} INFO - DAG(s) 'example_branch_dop_operator_v3' retrieved from /root/miniconda3/envs/project/lib/python3.8/site-packages/airflow/example_dags/example_branch_python_dop_operator_3.py
[2024-10-08T09:32:26.699+0000] {logging_mixin.py:190} INFO - [2024-10-08T09:32:26.699+0000] {dag.py:3239} INFO - Sync 1 DAGs
[2024-10-08T09:32:26.734+0000] {logging_mixin.py:190} INFO - [2024-10-08T09:32:26.733+0000] {dag.py:4180} INFO - Setting next_dagrun for example_branch_dop_operator_v3 to 2024-10-08 09:31:00+00:00, run_after=2024-10-08 09:32:00+00:00
[2024-10-08T09:32:26.769+0000] {processor.py:208} INFO - Processing /root/miniconda3/envs/project/lib/python3.8/site-packages/airflow/example_dags/example_branch_python_dop_operator_3.py took 0.129 seconds
[2024-10-08T09:33:39.141+0000] {processor.py:186} INFO - Started process (PID=229483) to work on /root/miniconda3/envs/project/lib/python3.8/site-packages/airflow/example_dags/example_branch_python_dop_operator_3.py
[2024-10-08T09:33:39.143+0000] {processor.py:914} INFO - Processing file /root/miniconda3/envs/project/lib/python3.8/site-packages/airflow/example_dags/example_branch_python_dop_operator_3.py for tasks to queue
[2024-10-08T09:33:39.147+0000] {logging_mixin.py:190} INFO - [2024-10-08T09:33:39.146+0000] {dagbag.py:588} INFO - Filling up the DagBag from /root/miniconda3/envs/project/lib/python3.8/site-packages/airflow/example_dags/example_branch_python_dop_operator_3.py
[2024-10-08T09:33:39.162+0000] {processor.py:925} INFO - DAG(s) 'example_branch_dop_operator_v3' retrieved from /root/miniconda3/envs/project/lib/python3.8/site-packages/airflow/example_dags/example_branch_python_dop_operator_3.py
[2024-10-08T09:33:39.185+0000] {logging_mixin.py:190} INFO - [2024-10-08T09:33:39.184+0000] {dag.py:3239} INFO - Sync 1 DAGs
[2024-10-08T09:33:39.218+0000] {logging_mixin.py:190} INFO - [2024-10-08T09:33:39.218+0000] {dag.py:4180} INFO - Setting next_dagrun for example_branch_dop_operator_v3 to 2024-10-08 09:32:00+00:00, run_after=2024-10-08 09:33:00+00:00
[2024-10-08T09:33:39.249+0000] {processor.py:208} INFO - Processing /root/miniconda3/envs/project/lib/python3.8/site-packages/airflow/example_dags/example_branch_python_dop_operator_3.py took 0.118 seconds
