[2024-10-08T07:58:03.199+0000] {processor.py:186} INFO - Started process (PID=207228) to work on /root/miniconda3/envs/project/lib/python3.8/site-packages/airflow/example_dags/example_bash_operator.py
[2024-10-08T07:58:03.201+0000] {processor.py:914} INFO - Processing file /root/miniconda3/envs/project/lib/python3.8/site-packages/airflow/example_dags/example_bash_operator.py for tasks to queue
[2024-10-08T07:58:03.204+0000] {logging_mixin.py:190} INFO - [2024-10-08T07:58:03.204+0000] {dagbag.py:588} INFO - Filling up the DagBag from /root/miniconda3/envs/project/lib/python3.8/site-packages/airflow/example_dags/example_bash_operator.py
[2024-10-08T07:58:03.227+0000] {processor.py:925} INFO - DAG(s) 'example_bash_operator' retrieved from /root/miniconda3/envs/project/lib/python3.8/site-packages/airflow/example_dags/example_bash_operator.py
[2024-10-08T07:58:03.383+0000] {logging_mixin.py:190} INFO - [2024-10-08T07:58:03.382+0000] {override.py:1901} INFO - Created Permission View: can delete on DAG:example_bash_operator
[2024-10-08T07:58:03.405+0000] {logging_mixin.py:190} INFO - [2024-10-08T07:58:03.405+0000] {override.py:1901} INFO - Created Permission View: can read on DAG:example_bash_operator
[2024-10-08T07:58:03.421+0000] {logging_mixin.py:190} INFO - [2024-10-08T07:58:03.421+0000] {override.py:1901} INFO - Created Permission View: can edit on DAG:example_bash_operator
[2024-10-08T07:58:03.443+0000] {logging_mixin.py:190} INFO - [2024-10-08T07:58:03.443+0000] {override.py:1901} INFO - Created Permission View: can delete on DAG Run:example_bash_operator
[2024-10-08T07:58:03.458+0000] {logging_mixin.py:190} INFO - [2024-10-08T07:58:03.457+0000] {override.py:1901} INFO - Created Permission View: menu access on DAG Run:example_bash_operator
[2024-10-08T07:58:03.473+0000] {logging_mixin.py:190} INFO - [2024-10-08T07:58:03.472+0000] {override.py:1901} INFO - Created Permission View: can create on DAG Run:example_bash_operator
[2024-10-08T07:58:03.486+0000] {logging_mixin.py:190} INFO - [2024-10-08T07:58:03.486+0000] {override.py:1901} INFO - Created Permission View: can read on DAG Run:example_bash_operator
[2024-10-08T07:58:03.487+0000] {logging_mixin.py:190} INFO - [2024-10-08T07:58:03.487+0000] {dag.py:3239} INFO - Sync 1 DAGs
[2024-10-08T07:58:03.504+0000] {logging_mixin.py:190} INFO - [2024-10-08T07:58:03.504+0000] {dag.py:3262} INFO - Creating ORM DAG for example_bash_operator
[2024-10-08T07:58:03.523+0000] {logging_mixin.py:190} INFO - [2024-10-08T07:58:03.523+0000] {dag.py:4180} INFO - Setting next_dagrun for example_bash_operator to 2024-10-07 00:00:00+00:00, run_after=2024-10-08 00:00:00+00:00
[2024-10-08T07:58:03.560+0000] {processor.py:208} INFO - Processing /root/miniconda3/envs/project/lib/python3.8/site-packages/airflow/example_dags/example_bash_operator.py took 0.371 seconds
[2024-10-08T07:59:22.262+0000] {processor.py:186} INFO - Started process (PID=207497) to work on /root/miniconda3/envs/project/lib/python3.8/site-packages/airflow/example_dags/example_bash_operator.py
[2024-10-08T07:59:22.265+0000] {processor.py:914} INFO - Processing file /root/miniconda3/envs/project/lib/python3.8/site-packages/airflow/example_dags/example_bash_operator.py for tasks to queue
[2024-10-08T07:59:22.269+0000] {logging_mixin.py:190} INFO - [2024-10-08T07:59:22.268+0000] {dagbag.py:588} INFO - Filling up the DagBag from /root/miniconda3/envs/project/lib/python3.8/site-packages/airflow/example_dags/example_bash_operator.py
[2024-10-08T07:59:22.290+0000] {processor.py:925} INFO - DAG(s) 'example_bash_operator' retrieved from /root/miniconda3/envs/project/lib/python3.8/site-packages/airflow/example_dags/example_bash_operator.py
[2024-10-08T07:59:22.328+0000] {logging_mixin.py:190} INFO - [2024-10-08T07:59:22.327+0000] {dag.py:3239} INFO - Sync 1 DAGs
[2024-10-08T07:59:22.357+0000] {logging_mixin.py:190} INFO - [2024-10-08T07:59:22.357+0000] {dag.py:4180} INFO - Setting next_dagrun for example_bash_operator to 2024-10-07 00:00:00+00:00, run_after=2024-10-08 00:00:00+00:00
[2024-10-08T07:59:22.390+0000] {processor.py:208} INFO - Processing /root/miniconda3/envs/project/lib/python3.8/site-packages/airflow/example_dags/example_bash_operator.py took 0.140 seconds
[2024-10-08T08:00:32.890+0000] {processor.py:186} INFO - Started process (PID=207705) to work on /root/miniconda3/envs/project/lib/python3.8/site-packages/airflow/example_dags/example_bash_operator.py
[2024-10-08T08:00:32.892+0000] {processor.py:914} INFO - Processing file /root/miniconda3/envs/project/lib/python3.8/site-packages/airflow/example_dags/example_bash_operator.py for tasks to queue
[2024-10-08T08:00:32.896+0000] {logging_mixin.py:190} INFO - [2024-10-08T08:00:32.895+0000] {dagbag.py:588} INFO - Filling up the DagBag from /root/miniconda3/envs/project/lib/python3.8/site-packages/airflow/example_dags/example_bash_operator.py
[2024-10-08T08:00:32.918+0000] {processor.py:925} INFO - DAG(s) 'example_bash_operator' retrieved from /root/miniconda3/envs/project/lib/python3.8/site-packages/airflow/example_dags/example_bash_operator.py
[2024-10-08T08:00:32.955+0000] {logging_mixin.py:190} INFO - [2024-10-08T08:00:32.954+0000] {dag.py:3239} INFO - Sync 1 DAGs
[2024-10-08T08:00:32.985+0000] {logging_mixin.py:190} INFO - [2024-10-08T08:00:32.985+0000] {dag.py:4180} INFO - Setting next_dagrun for example_bash_operator to 2024-10-07 00:00:00+00:00, run_after=2024-10-08 00:00:00+00:00
[2024-10-08T08:00:33.020+0000] {processor.py:208} INFO - Processing /root/miniconda3/envs/project/lib/python3.8/site-packages/airflow/example_dags/example_bash_operator.py took 0.140 seconds
[2024-10-08T08:01:47.718+0000] {processor.py:186} INFO - Started process (PID=208057) to work on /root/miniconda3/envs/project/lib/python3.8/site-packages/airflow/example_dags/example_bash_operator.py
[2024-10-08T08:01:47.721+0000] {processor.py:914} INFO - Processing file /root/miniconda3/envs/project/lib/python3.8/site-packages/airflow/example_dags/example_bash_operator.py for tasks to queue
[2024-10-08T08:01:47.724+0000] {logging_mixin.py:190} INFO - [2024-10-08T08:01:47.723+0000] {dagbag.py:588} INFO - Filling up the DagBag from /root/miniconda3/envs/project/lib/python3.8/site-packages/airflow/example_dags/example_bash_operator.py
[2024-10-08T08:01:47.746+0000] {processor.py:925} INFO - DAG(s) 'example_bash_operator' retrieved from /root/miniconda3/envs/project/lib/python3.8/site-packages/airflow/example_dags/example_bash_operator.py
[2024-10-08T08:01:47.784+0000] {logging_mixin.py:190} INFO - [2024-10-08T08:01:47.784+0000] {dag.py:3239} INFO - Sync 1 DAGs
[2024-10-08T08:01:47.814+0000] {logging_mixin.py:190} INFO - [2024-10-08T08:01:47.814+0000] {dag.py:4180} INFO - Setting next_dagrun for example_bash_operator to 2024-10-07 00:00:00+00:00, run_after=2024-10-08 00:00:00+00:00
[2024-10-08T08:01:47.857+0000] {processor.py:208} INFO - Processing /root/miniconda3/envs/project/lib/python3.8/site-packages/airflow/example_dags/example_bash_operator.py took 0.149 seconds
[2024-10-08T08:02:57.471+0000] {processor.py:186} INFO - Started process (PID=208351) to work on /root/miniconda3/envs/project/lib/python3.8/site-packages/airflow/example_dags/example_bash_operator.py
[2024-10-08T08:02:57.475+0000] {processor.py:914} INFO - Processing file /root/miniconda3/envs/project/lib/python3.8/site-packages/airflow/example_dags/example_bash_operator.py for tasks to queue
[2024-10-08T08:02:57.478+0000] {logging_mixin.py:190} INFO - [2024-10-08T08:02:57.477+0000] {dagbag.py:588} INFO - Filling up the DagBag from /root/miniconda3/envs/project/lib/python3.8/site-packages/airflow/example_dags/example_bash_operator.py
[2024-10-08T08:02:57.499+0000] {processor.py:925} INFO - DAG(s) 'example_bash_operator' retrieved from /root/miniconda3/envs/project/lib/python3.8/site-packages/airflow/example_dags/example_bash_operator.py
[2024-10-08T08:02:57.535+0000] {logging_mixin.py:190} INFO - [2024-10-08T08:02:57.535+0000] {dag.py:3239} INFO - Sync 1 DAGs
[2024-10-08T08:02:57.564+0000] {logging_mixin.py:190} INFO - [2024-10-08T08:02:57.564+0000] {dag.py:4180} INFO - Setting next_dagrun for example_bash_operator to 2024-10-07 00:00:00+00:00, run_after=2024-10-08 00:00:00+00:00
[2024-10-08T08:02:57.596+0000] {processor.py:208} INFO - Processing /root/miniconda3/envs/project/lib/python3.8/site-packages/airflow/example_dags/example_bash_operator.py took 0.137 seconds
[2024-10-08T08:04:06.660+0000] {processor.py:186} INFO - Started process (PID=208557) to work on /root/miniconda3/envs/project/lib/python3.8/site-packages/airflow/example_dags/example_bash_operator.py
[2024-10-08T08:04:06.663+0000] {processor.py:914} INFO - Processing file /root/miniconda3/envs/project/lib/python3.8/site-packages/airflow/example_dags/example_bash_operator.py for tasks to queue
[2024-10-08T08:04:06.666+0000] {logging_mixin.py:190} INFO - [2024-10-08T08:04:06.666+0000] {dagbag.py:588} INFO - Filling up the DagBag from /root/miniconda3/envs/project/lib/python3.8/site-packages/airflow/example_dags/example_bash_operator.py
[2024-10-08T08:04:06.687+0000] {processor.py:925} INFO - DAG(s) 'example_bash_operator' retrieved from /root/miniconda3/envs/project/lib/python3.8/site-packages/airflow/example_dags/example_bash_operator.py
[2024-10-08T08:04:06.721+0000] {logging_mixin.py:190} INFO - [2024-10-08T08:04:06.721+0000] {dag.py:3239} INFO - Sync 1 DAGs
[2024-10-08T08:04:06.749+0000] {logging_mixin.py:190} INFO - [2024-10-08T08:04:06.749+0000] {dag.py:4180} INFO - Setting next_dagrun for example_bash_operator to 2024-10-07 00:00:00+00:00, run_after=2024-10-08 00:00:00+00:00
[2024-10-08T08:04:06.781+0000] {processor.py:208} INFO - Processing /root/miniconda3/envs/project/lib/python3.8/site-packages/airflow/example_dags/example_bash_operator.py took 0.133 seconds
[2024-10-08T08:05:13.826+0000] {processor.py:186} INFO - Started process (PID=208759) to work on /root/miniconda3/envs/project/lib/python3.8/site-packages/airflow/example_dags/example_bash_operator.py
[2024-10-08T08:05:13.830+0000] {processor.py:914} INFO - Processing file /root/miniconda3/envs/project/lib/python3.8/site-packages/airflow/example_dags/example_bash_operator.py for tasks to queue
[2024-10-08T08:05:13.833+0000] {logging_mixin.py:190} INFO - [2024-10-08T08:05:13.832+0000] {dagbag.py:588} INFO - Filling up the DagBag from /root/miniconda3/envs/project/lib/python3.8/site-packages/airflow/example_dags/example_bash_operator.py
[2024-10-08T08:05:13.854+0000] {processor.py:925} INFO - DAG(s) 'example_bash_operator' retrieved from /root/miniconda3/envs/project/lib/python3.8/site-packages/airflow/example_dags/example_bash_operator.py
[2024-10-08T08:05:13.890+0000] {logging_mixin.py:190} INFO - [2024-10-08T08:05:13.890+0000] {dag.py:3239} INFO - Sync 1 DAGs
[2024-10-08T08:05:13.921+0000] {logging_mixin.py:190} INFO - [2024-10-08T08:05:13.920+0000] {dag.py:4180} INFO - Setting next_dagrun for example_bash_operator to 2024-10-07 00:00:00+00:00, run_after=2024-10-08 00:00:00+00:00
[2024-10-08T08:05:13.954+0000] {processor.py:208} INFO - Processing /root/miniconda3/envs/project/lib/python3.8/site-packages/airflow/example_dags/example_bash_operator.py took 0.139 seconds
[2024-10-08T08:06:15.707+0000] {processor.py:186} INFO - Started process (PID=208942) to work on /root/miniconda3/envs/project/lib/python3.8/site-packages/airflow/example_dags/example_bash_operator.py
[2024-10-08T08:06:15.710+0000] {processor.py:914} INFO - Processing file /root/miniconda3/envs/project/lib/python3.8/site-packages/airflow/example_dags/example_bash_operator.py for tasks to queue
[2024-10-08T08:06:15.713+0000] {logging_mixin.py:190} INFO - [2024-10-08T08:06:15.712+0000] {dagbag.py:588} INFO - Filling up the DagBag from /root/miniconda3/envs/project/lib/python3.8/site-packages/airflow/example_dags/example_bash_operator.py
[2024-10-08T08:06:15.735+0000] {processor.py:925} INFO - DAG(s) 'example_bash_operator' retrieved from /root/miniconda3/envs/project/lib/python3.8/site-packages/airflow/example_dags/example_bash_operator.py
[2024-10-08T08:06:15.772+0000] {logging_mixin.py:190} INFO - [2024-10-08T08:06:15.772+0000] {dag.py:3239} INFO - Sync 1 DAGs
[2024-10-08T08:06:15.801+0000] {logging_mixin.py:190} INFO - [2024-10-08T08:06:15.801+0000] {dag.py:4180} INFO - Setting next_dagrun for example_bash_operator to 2024-10-07 00:00:00+00:00, run_after=2024-10-08 00:00:00+00:00
[2024-10-08T08:06:15.833+0000] {processor.py:208} INFO - Processing /root/miniconda3/envs/project/lib/python3.8/site-packages/airflow/example_dags/example_bash_operator.py took 0.137 seconds
[2024-10-08T08:07:21.847+0000] {processor.py:186} INFO - Started process (PID=209174) to work on /root/miniconda3/envs/project/lib/python3.8/site-packages/airflow/example_dags/example_bash_operator.py
[2024-10-08T08:07:21.850+0000] {processor.py:914} INFO - Processing file /root/miniconda3/envs/project/lib/python3.8/site-packages/airflow/example_dags/example_bash_operator.py for tasks to queue
[2024-10-08T08:07:21.854+0000] {logging_mixin.py:190} INFO - [2024-10-08T08:07:21.853+0000] {dagbag.py:588} INFO - Filling up the DagBag from /root/miniconda3/envs/project/lib/python3.8/site-packages/airflow/example_dags/example_bash_operator.py
[2024-10-08T08:07:21.875+0000] {processor.py:925} INFO - DAG(s) 'example_bash_operator' retrieved from /root/miniconda3/envs/project/lib/python3.8/site-packages/airflow/example_dags/example_bash_operator.py
[2024-10-08T08:07:21.910+0000] {logging_mixin.py:190} INFO - [2024-10-08T08:07:21.910+0000] {dag.py:3239} INFO - Sync 1 DAGs
[2024-10-08T08:07:21.939+0000] {logging_mixin.py:190} INFO - [2024-10-08T08:07:21.939+0000] {dag.py:4180} INFO - Setting next_dagrun for example_bash_operator to 2024-10-07 00:00:00+00:00, run_after=2024-10-08 00:00:00+00:00
[2024-10-08T08:07:21.970+0000] {processor.py:208} INFO - Processing /root/miniconda3/envs/project/lib/python3.8/site-packages/airflow/example_dags/example_bash_operator.py took 0.135 seconds
[2024-10-08T08:08:30.440+0000] {processor.py:186} INFO - Started process (PID=209602) to work on /root/miniconda3/envs/project/lib/python3.8/site-packages/airflow/example_dags/example_bash_operator.py
[2024-10-08T08:08:30.443+0000] {processor.py:914} INFO - Processing file /root/miniconda3/envs/project/lib/python3.8/site-packages/airflow/example_dags/example_bash_operator.py for tasks to queue
[2024-10-08T08:08:30.447+0000] {logging_mixin.py:190} INFO - [2024-10-08T08:08:30.447+0000] {dagbag.py:588} INFO - Filling up the DagBag from /root/miniconda3/envs/project/lib/python3.8/site-packages/airflow/example_dags/example_bash_operator.py
[2024-10-08T08:08:30.481+0000] {processor.py:925} INFO - DAG(s) 'example_bash_operator' retrieved from /root/miniconda3/envs/project/lib/python3.8/site-packages/airflow/example_dags/example_bash_operator.py
[2024-10-08T08:08:30.519+0000] {logging_mixin.py:190} INFO - [2024-10-08T08:08:30.518+0000] {dag.py:3239} INFO - Sync 1 DAGs
[2024-10-08T08:08:30.549+0000] {logging_mixin.py:190} INFO - [2024-10-08T08:08:30.548+0000] {dag.py:4180} INFO - Setting next_dagrun for example_bash_operator to 2024-10-07 00:00:00+00:00, run_after=2024-10-08 00:00:00+00:00
[2024-10-08T08:08:30.586+0000] {processor.py:208} INFO - Processing /root/miniconda3/envs/project/lib/python3.8/site-packages/airflow/example_dags/example_bash_operator.py took 0.156 seconds
[2024-10-08T08:13:30.475+0000] {processor.py:186} INFO - Started process (PID=211160) to work on /root/miniconda3/envs/project/lib/python3.8/site-packages/airflow/example_dags/example_bash_operator.py
[2024-10-08T08:13:30.478+0000] {processor.py:914} INFO - Processing file /root/miniconda3/envs/project/lib/python3.8/site-packages/airflow/example_dags/example_bash_operator.py for tasks to queue
[2024-10-08T08:13:30.483+0000] {logging_mixin.py:190} INFO - [2024-10-08T08:13:30.481+0000] {dagbag.py:588} INFO - Filling up the DagBag from /root/miniconda3/envs/project/lib/python3.8/site-packages/airflow/example_dags/example_bash_operator.py
[2024-10-08T08:13:30.504+0000] {processor.py:925} INFO - DAG(s) 'example_bash_operator' retrieved from /root/miniconda3/envs/project/lib/python3.8/site-packages/airflow/example_dags/example_bash_operator.py
[2024-10-08T08:13:30.540+0000] {logging_mixin.py:190} INFO - [2024-10-08T08:13:30.540+0000] {dag.py:3239} INFO - Sync 1 DAGs
[2024-10-08T08:13:30.570+0000] {logging_mixin.py:190} INFO - [2024-10-08T08:13:30.570+0000] {dag.py:4180} INFO - Setting next_dagrun for example_bash_operator to 2024-10-07 00:00:00+00:00, run_after=2024-10-08 00:00:00+00:00
[2024-10-08T08:13:30.605+0000] {processor.py:208} INFO - Processing /root/miniconda3/envs/project/lib/python3.8/site-packages/airflow/example_dags/example_bash_operator.py took 0.141 seconds
[2024-10-08T08:14:41.235+0000] {processor.py:186} INFO - Started process (PID=211438) to work on /root/miniconda3/envs/project/lib/python3.8/site-packages/airflow/example_dags/example_bash_operator.py
[2024-10-08T08:14:41.239+0000] {processor.py:914} INFO - Processing file /root/miniconda3/envs/project/lib/python3.8/site-packages/airflow/example_dags/example_bash_operator.py for tasks to queue
[2024-10-08T08:14:41.243+0000] {logging_mixin.py:190} INFO - [2024-10-08T08:14:41.242+0000] {dagbag.py:588} INFO - Filling up the DagBag from /root/miniconda3/envs/project/lib/python3.8/site-packages/airflow/example_dags/example_bash_operator.py
[2024-10-08T08:14:41.266+0000] {processor.py:925} INFO - DAG(s) 'example_bash_operator' retrieved from /root/miniconda3/envs/project/lib/python3.8/site-packages/airflow/example_dags/example_bash_operator.py
[2024-10-08T08:14:41.302+0000] {logging_mixin.py:190} INFO - [2024-10-08T08:14:41.302+0000] {dag.py:3239} INFO - Sync 1 DAGs
[2024-10-08T08:14:41.333+0000] {logging_mixin.py:190} INFO - [2024-10-08T08:14:41.333+0000] {dag.py:4180} INFO - Setting next_dagrun for example_bash_operator to 2024-10-07 00:00:00+00:00, run_after=2024-10-08 00:00:00+00:00
[2024-10-08T08:14:41.368+0000] {processor.py:208} INFO - Processing /root/miniconda3/envs/project/lib/python3.8/site-packages/airflow/example_dags/example_bash_operator.py took 0.146 seconds
[2024-10-08T08:15:49.257+0000] {processor.py:186} INFO - Started process (PID=211640) to work on /root/miniconda3/envs/project/lib/python3.8/site-packages/airflow/example_dags/example_bash_operator.py
[2024-10-08T08:15:49.260+0000] {processor.py:914} INFO - Processing file /root/miniconda3/envs/project/lib/python3.8/site-packages/airflow/example_dags/example_bash_operator.py for tasks to queue
[2024-10-08T08:15:49.263+0000] {logging_mixin.py:190} INFO - [2024-10-08T08:15:49.263+0000] {dagbag.py:588} INFO - Filling up the DagBag from /root/miniconda3/envs/project/lib/python3.8/site-packages/airflow/example_dags/example_bash_operator.py
[2024-10-08T08:15:49.285+0000] {processor.py:925} INFO - DAG(s) 'example_bash_operator' retrieved from /root/miniconda3/envs/project/lib/python3.8/site-packages/airflow/example_dags/example_bash_operator.py
[2024-10-08T08:15:49.320+0000] {logging_mixin.py:190} INFO - [2024-10-08T08:15:49.320+0000] {dag.py:3239} INFO - Sync 1 DAGs
[2024-10-08T08:15:49.351+0000] {logging_mixin.py:190} INFO - [2024-10-08T08:15:49.351+0000] {dag.py:4180} INFO - Setting next_dagrun for example_bash_operator to 2024-10-07 00:00:00+00:00, run_after=2024-10-08 00:00:00+00:00
[2024-10-08T08:15:49.385+0000] {processor.py:208} INFO - Processing /root/miniconda3/envs/project/lib/python3.8/site-packages/airflow/example_dags/example_bash_operator.py took 0.140 seconds
[2024-10-08T08:16:57.576+0000] {processor.py:186} INFO - Started process (PID=211843) to work on /root/miniconda3/envs/project/lib/python3.8/site-packages/airflow/example_dags/example_bash_operator.py
[2024-10-08T08:16:57.580+0000] {processor.py:914} INFO - Processing file /root/miniconda3/envs/project/lib/python3.8/site-packages/airflow/example_dags/example_bash_operator.py for tasks to queue
[2024-10-08T08:16:57.583+0000] {logging_mixin.py:190} INFO - [2024-10-08T08:16:57.582+0000] {dagbag.py:588} INFO - Filling up the DagBag from /root/miniconda3/envs/project/lib/python3.8/site-packages/airflow/example_dags/example_bash_operator.py
[2024-10-08T08:16:57.604+0000] {processor.py:925} INFO - DAG(s) 'example_bash_operator' retrieved from /root/miniconda3/envs/project/lib/python3.8/site-packages/airflow/example_dags/example_bash_operator.py
[2024-10-08T08:16:57.640+0000] {logging_mixin.py:190} INFO - [2024-10-08T08:16:57.640+0000] {dag.py:3239} INFO - Sync 1 DAGs
[2024-10-08T08:16:57.670+0000] {logging_mixin.py:190} INFO - [2024-10-08T08:16:57.669+0000] {dag.py:4180} INFO - Setting next_dagrun for example_bash_operator to 2024-10-07 00:00:00+00:00, run_after=2024-10-08 00:00:00+00:00
[2024-10-08T08:16:57.703+0000] {processor.py:208} INFO - Processing /root/miniconda3/envs/project/lib/python3.8/site-packages/airflow/example_dags/example_bash_operator.py took 0.137 seconds
[2024-10-08T08:18:08.113+0000] {processor.py:186} INFO - Started process (PID=212096) to work on /root/miniconda3/envs/project/lib/python3.8/site-packages/airflow/example_dags/example_bash_operator.py
[2024-10-08T08:18:08.115+0000] {processor.py:914} INFO - Processing file /root/miniconda3/envs/project/lib/python3.8/site-packages/airflow/example_dags/example_bash_operator.py for tasks to queue
[2024-10-08T08:18:08.118+0000] {logging_mixin.py:190} INFO - [2024-10-08T08:18:08.118+0000] {dagbag.py:588} INFO - Filling up the DagBag from /root/miniconda3/envs/project/lib/python3.8/site-packages/airflow/example_dags/example_bash_operator.py
[2024-10-08T08:18:08.139+0000] {processor.py:925} INFO - DAG(s) 'example_bash_operator' retrieved from /root/miniconda3/envs/project/lib/python3.8/site-packages/airflow/example_dags/example_bash_operator.py
[2024-10-08T08:18:08.176+0000] {logging_mixin.py:190} INFO - [2024-10-08T08:18:08.175+0000] {dag.py:3239} INFO - Sync 1 DAGs
[2024-10-08T08:18:08.205+0000] {logging_mixin.py:190} INFO - [2024-10-08T08:18:08.205+0000] {dag.py:4180} INFO - Setting next_dagrun for example_bash_operator to 2024-10-07 00:00:00+00:00, run_after=2024-10-08 00:00:00+00:00
[2024-10-08T08:18:08.239+0000] {processor.py:208} INFO - Processing /root/miniconda3/envs/project/lib/python3.8/site-packages/airflow/example_dags/example_bash_operator.py took 0.137 seconds
[2024-10-08T08:19:19.744+0000] {processor.py:186} INFO - Started process (PID=212298) to work on /root/miniconda3/envs/project/lib/python3.8/site-packages/airflow/example_dags/example_bash_operator.py
[2024-10-08T08:19:19.746+0000] {processor.py:914} INFO - Processing file /root/miniconda3/envs/project/lib/python3.8/site-packages/airflow/example_dags/example_bash_operator.py for tasks to queue
[2024-10-08T08:19:19.750+0000] {logging_mixin.py:190} INFO - [2024-10-08T08:19:19.749+0000] {dagbag.py:588} INFO - Filling up the DagBag from /root/miniconda3/envs/project/lib/python3.8/site-packages/airflow/example_dags/example_bash_operator.py
[2024-10-08T08:19:19.770+0000] {processor.py:925} INFO - DAG(s) 'example_bash_operator' retrieved from /root/miniconda3/envs/project/lib/python3.8/site-packages/airflow/example_dags/example_bash_operator.py
[2024-10-08T08:19:19.806+0000] {logging_mixin.py:190} INFO - [2024-10-08T08:19:19.806+0000] {dag.py:3239} INFO - Sync 1 DAGs
[2024-10-08T08:19:19.835+0000] {logging_mixin.py:190} INFO - [2024-10-08T08:19:19.835+0000] {dag.py:4180} INFO - Setting next_dagrun for example_bash_operator to 2024-10-07 00:00:00+00:00, run_after=2024-10-08 00:00:00+00:00
[2024-10-08T08:19:19.870+0000] {processor.py:208} INFO - Processing /root/miniconda3/envs/project/lib/python3.8/site-packages/airflow/example_dags/example_bash_operator.py took 0.138 seconds
[2024-10-08T08:20:24.734+0000] {processor.py:186} INFO - Started process (PID=212483) to work on /root/miniconda3/envs/project/lib/python3.8/site-packages/airflow/example_dags/example_bash_operator.py
[2024-10-08T08:20:24.737+0000] {processor.py:914} INFO - Processing file /root/miniconda3/envs/project/lib/python3.8/site-packages/airflow/example_dags/example_bash_operator.py for tasks to queue
[2024-10-08T08:20:24.740+0000] {logging_mixin.py:190} INFO - [2024-10-08T08:20:24.740+0000] {dagbag.py:588} INFO - Filling up the DagBag from /root/miniconda3/envs/project/lib/python3.8/site-packages/airflow/example_dags/example_bash_operator.py
[2024-10-08T08:20:24.761+0000] {processor.py:925} INFO - DAG(s) 'example_bash_operator' retrieved from /root/miniconda3/envs/project/lib/python3.8/site-packages/airflow/example_dags/example_bash_operator.py
[2024-10-08T08:20:24.796+0000] {logging_mixin.py:190} INFO - [2024-10-08T08:20:24.796+0000] {dag.py:3239} INFO - Sync 1 DAGs
[2024-10-08T08:20:24.826+0000] {logging_mixin.py:190} INFO - [2024-10-08T08:20:24.826+0000] {dag.py:4180} INFO - Setting next_dagrun for example_bash_operator to 2024-10-07 00:00:00+00:00, run_after=2024-10-08 00:00:00+00:00
[2024-10-08T08:20:24.860+0000] {processor.py:208} INFO - Processing /root/miniconda3/envs/project/lib/python3.8/site-packages/airflow/example_dags/example_bash_operator.py took 0.138 seconds
[2024-10-08T08:21:40.713+0000] {processor.py:186} INFO - Started process (PID=212747) to work on /root/miniconda3/envs/project/lib/python3.8/site-packages/airflow/example_dags/example_bash_operator.py
[2024-10-08T08:21:40.715+0000] {processor.py:914} INFO - Processing file /root/miniconda3/envs/project/lib/python3.8/site-packages/airflow/example_dags/example_bash_operator.py for tasks to queue
[2024-10-08T08:21:40.719+0000] {logging_mixin.py:190} INFO - [2024-10-08T08:21:40.718+0000] {dagbag.py:588} INFO - Filling up the DagBag from /root/miniconda3/envs/project/lib/python3.8/site-packages/airflow/example_dags/example_bash_operator.py
[2024-10-08T08:21:40.740+0000] {processor.py:925} INFO - DAG(s) 'example_bash_operator' retrieved from /root/miniconda3/envs/project/lib/python3.8/site-packages/airflow/example_dags/example_bash_operator.py
[2024-10-08T08:21:40.777+0000] {logging_mixin.py:190} INFO - [2024-10-08T08:21:40.776+0000] {dag.py:3239} INFO - Sync 1 DAGs
[2024-10-08T08:21:40.806+0000] {logging_mixin.py:190} INFO - [2024-10-08T08:21:40.806+0000] {dag.py:4180} INFO - Setting next_dagrun for example_bash_operator to 2024-10-07 00:00:00+00:00, run_after=2024-10-08 00:00:00+00:00
[2024-10-08T08:21:40.838+0000] {processor.py:208} INFO - Processing /root/miniconda3/envs/project/lib/python3.8/site-packages/airflow/example_dags/example_bash_operator.py took 0.136 seconds
[2024-10-08T08:22:49.666+0000] {processor.py:186} INFO - Started process (PID=212994) to work on /root/miniconda3/envs/project/lib/python3.8/site-packages/airflow/example_dags/example_bash_operator.py
[2024-10-08T08:22:49.669+0000] {processor.py:914} INFO - Processing file /root/miniconda3/envs/project/lib/python3.8/site-packages/airflow/example_dags/example_bash_operator.py for tasks to queue
[2024-10-08T08:22:49.672+0000] {logging_mixin.py:190} INFO - [2024-10-08T08:22:49.672+0000] {dagbag.py:588} INFO - Filling up the DagBag from /root/miniconda3/envs/project/lib/python3.8/site-packages/airflow/example_dags/example_bash_operator.py
[2024-10-08T08:22:49.693+0000] {processor.py:925} INFO - DAG(s) 'example_bash_operator' retrieved from /root/miniconda3/envs/project/lib/python3.8/site-packages/airflow/example_dags/example_bash_operator.py
[2024-10-08T08:22:49.729+0000] {logging_mixin.py:190} INFO - [2024-10-08T08:22:49.729+0000] {dag.py:3239} INFO - Sync 1 DAGs
[2024-10-08T08:22:49.759+0000] {logging_mixin.py:190} INFO - [2024-10-08T08:22:49.759+0000] {dag.py:4180} INFO - Setting next_dagrun for example_bash_operator to 2024-10-07 00:00:00+00:00, run_after=2024-10-08 00:00:00+00:00
[2024-10-08T08:22:49.793+0000] {processor.py:208} INFO - Processing /root/miniconda3/envs/project/lib/python3.8/site-packages/airflow/example_dags/example_bash_operator.py took 0.139 seconds
[2024-10-08T08:23:52.778+0000] {processor.py:186} INFO - Started process (PID=213177) to work on /root/miniconda3/envs/project/lib/python3.8/site-packages/airflow/example_dags/example_bash_operator.py
[2024-10-08T08:23:52.781+0000] {processor.py:914} INFO - Processing file /root/miniconda3/envs/project/lib/python3.8/site-packages/airflow/example_dags/example_bash_operator.py for tasks to queue
[2024-10-08T08:23:52.785+0000] {logging_mixin.py:190} INFO - [2024-10-08T08:23:52.784+0000] {dagbag.py:588} INFO - Filling up the DagBag from /root/miniconda3/envs/project/lib/python3.8/site-packages/airflow/example_dags/example_bash_operator.py
[2024-10-08T08:23:52.806+0000] {processor.py:925} INFO - DAG(s) 'example_bash_operator' retrieved from /root/miniconda3/envs/project/lib/python3.8/site-packages/airflow/example_dags/example_bash_operator.py
[2024-10-08T08:23:52.842+0000] {logging_mixin.py:190} INFO - [2024-10-08T08:23:52.842+0000] {dag.py:3239} INFO - Sync 1 DAGs
[2024-10-08T08:23:52.871+0000] {logging_mixin.py:190} INFO - [2024-10-08T08:23:52.871+0000] {dag.py:4180} INFO - Setting next_dagrun for example_bash_operator to 2024-10-07 00:00:00+00:00, run_after=2024-10-08 00:00:00+00:00
[2024-10-08T08:23:52.906+0000] {processor.py:208} INFO - Processing /root/miniconda3/envs/project/lib/python3.8/site-packages/airflow/example_dags/example_bash_operator.py took 0.139 seconds
[2024-10-08T08:37:43.947+0000] {processor.py:186} INFO - Started process (PID=215136) to work on /root/miniconda3/envs/project/lib/python3.8/site-packages/airflow/example_dags/example_bash_operator.py
[2024-10-08T08:37:43.950+0000] {processor.py:914} INFO - Processing file /root/miniconda3/envs/project/lib/python3.8/site-packages/airflow/example_dags/example_bash_operator.py for tasks to queue
[2024-10-08T08:37:43.953+0000] {logging_mixin.py:190} INFO - [2024-10-08T08:37:43.953+0000] {dagbag.py:588} INFO - Filling up the DagBag from /root/miniconda3/envs/project/lib/python3.8/site-packages/airflow/example_dags/example_bash_operator.py
[2024-10-08T08:37:43.976+0000] {processor.py:925} INFO - DAG(s) 'example_bash_operator' retrieved from /root/miniconda3/envs/project/lib/python3.8/site-packages/airflow/example_dags/example_bash_operator.py
[2024-10-08T08:37:44.013+0000] {logging_mixin.py:190} INFO - [2024-10-08T08:37:44.013+0000] {dag.py:3239} INFO - Sync 1 DAGs
[2024-10-08T08:37:44.046+0000] {logging_mixin.py:190} INFO - [2024-10-08T08:37:44.045+0000] {dag.py:4180} INFO - Setting next_dagrun for example_bash_operator to 2024-10-07 00:00:00+00:00, run_after=2024-10-08 00:00:00+00:00
[2024-10-08T08:37:44.078+0000] {processor.py:208} INFO - Processing /root/miniconda3/envs/project/lib/python3.8/site-packages/airflow/example_dags/example_bash_operator.py took 0.142 seconds
[2024-10-08T08:38:54.674+0000] {processor.py:186} INFO - Started process (PID=215545) to work on /root/miniconda3/envs/project/lib/python3.8/site-packages/airflow/example_dags/example_bash_operator.py
[2024-10-08T08:38:54.676+0000] {processor.py:914} INFO - Processing file /root/miniconda3/envs/project/lib/python3.8/site-packages/airflow/example_dags/example_bash_operator.py for tasks to queue
[2024-10-08T08:38:54.679+0000] {logging_mixin.py:190} INFO - [2024-10-08T08:38:54.679+0000] {dagbag.py:588} INFO - Filling up the DagBag from /root/miniconda3/envs/project/lib/python3.8/site-packages/airflow/example_dags/example_bash_operator.py
[2024-10-08T08:38:54.700+0000] {processor.py:925} INFO - DAG(s) 'example_bash_operator' retrieved from /root/miniconda3/envs/project/lib/python3.8/site-packages/airflow/example_dags/example_bash_operator.py
[2024-10-08T08:38:54.741+0000] {logging_mixin.py:190} INFO - [2024-10-08T08:38:54.740+0000] {dag.py:3239} INFO - Sync 1 DAGs
[2024-10-08T08:38:54.770+0000] {logging_mixin.py:190} INFO - [2024-10-08T08:38:54.770+0000] {dag.py:4180} INFO - Setting next_dagrun for example_bash_operator to 2024-10-07 00:00:00+00:00, run_after=2024-10-08 00:00:00+00:00
[2024-10-08T08:38:54.805+0000] {processor.py:208} INFO - Processing /root/miniconda3/envs/project/lib/python3.8/site-packages/airflow/example_dags/example_bash_operator.py took 0.143 seconds
[2024-10-08T08:40:06.657+0000] {processor.py:186} INFO - Started process (PID=215773) to work on /root/miniconda3/envs/project/lib/python3.8/site-packages/airflow/example_dags/example_bash_operator.py
[2024-10-08T08:40:06.660+0000] {processor.py:914} INFO - Processing file /root/miniconda3/envs/project/lib/python3.8/site-packages/airflow/example_dags/example_bash_operator.py for tasks to queue
[2024-10-08T08:40:06.663+0000] {logging_mixin.py:190} INFO - [2024-10-08T08:40:06.663+0000] {dagbag.py:588} INFO - Filling up the DagBag from /root/miniconda3/envs/project/lib/python3.8/site-packages/airflow/example_dags/example_bash_operator.py
[2024-10-08T08:40:06.686+0000] {processor.py:925} INFO - DAG(s) 'example_bash_operator' retrieved from /root/miniconda3/envs/project/lib/python3.8/site-packages/airflow/example_dags/example_bash_operator.py
[2024-10-08T08:40:06.723+0000] {logging_mixin.py:190} INFO - [2024-10-08T08:40:06.723+0000] {dag.py:3239} INFO - Sync 1 DAGs
[2024-10-08T08:40:06.752+0000] {logging_mixin.py:190} INFO - [2024-10-08T08:40:06.752+0000] {dag.py:4180} INFO - Setting next_dagrun for example_bash_operator to 2024-10-07 00:00:00+00:00, run_after=2024-10-08 00:00:00+00:00
[2024-10-08T08:40:06.784+0000] {processor.py:208} INFO - Processing /root/miniconda3/envs/project/lib/python3.8/site-packages/airflow/example_dags/example_bash_operator.py took 0.139 seconds
[2024-10-08T08:41:14.947+0000] {processor.py:186} INFO - Started process (PID=216235) to work on /root/miniconda3/envs/project/lib/python3.8/site-packages/airflow/example_dags/example_bash_operator.py
[2024-10-08T08:41:14.950+0000] {processor.py:914} INFO - Processing file /root/miniconda3/envs/project/lib/python3.8/site-packages/airflow/example_dags/example_bash_operator.py for tasks to queue
[2024-10-08T08:41:14.953+0000] {logging_mixin.py:190} INFO - [2024-10-08T08:41:14.953+0000] {dagbag.py:588} INFO - Filling up the DagBag from /root/miniconda3/envs/project/lib/python3.8/site-packages/airflow/example_dags/example_bash_operator.py
[2024-10-08T08:41:14.977+0000] {processor.py:925} INFO - DAG(s) 'example_bash_operator' retrieved from /root/miniconda3/envs/project/lib/python3.8/site-packages/airflow/example_dags/example_bash_operator.py
[2024-10-08T08:41:15.015+0000] {logging_mixin.py:190} INFO - [2024-10-08T08:41:15.014+0000] {dag.py:3239} INFO - Sync 1 DAGs
[2024-10-08T08:41:15.043+0000] {logging_mixin.py:190} INFO - [2024-10-08T08:41:15.043+0000] {dag.py:4180} INFO - Setting next_dagrun for example_bash_operator to 2024-10-07 00:00:00+00:00, run_after=2024-10-08 00:00:00+00:00
[2024-10-08T08:41:15.079+0000] {processor.py:208} INFO - Processing /root/miniconda3/envs/project/lib/python3.8/site-packages/airflow/example_dags/example_bash_operator.py took 0.142 seconds
[2024-10-08T08:42:21.933+0000] {processor.py:186} INFO - Started process (PID=216575) to work on /root/miniconda3/envs/project/lib/python3.8/site-packages/airflow/example_dags/example_bash_operator.py
[2024-10-08T08:42:21.937+0000] {processor.py:914} INFO - Processing file /root/miniconda3/envs/project/lib/python3.8/site-packages/airflow/example_dags/example_bash_operator.py for tasks to queue
[2024-10-08T08:42:21.940+0000] {logging_mixin.py:190} INFO - [2024-10-08T08:42:21.940+0000] {dagbag.py:588} INFO - Filling up the DagBag from /root/miniconda3/envs/project/lib/python3.8/site-packages/airflow/example_dags/example_bash_operator.py
[2024-10-08T08:42:21.963+0000] {processor.py:925} INFO - DAG(s) 'example_bash_operator' retrieved from /root/miniconda3/envs/project/lib/python3.8/site-packages/airflow/example_dags/example_bash_operator.py
[2024-10-08T08:42:22.001+0000] {logging_mixin.py:190} INFO - [2024-10-08T08:42:22.001+0000] {dag.py:3239} INFO - Sync 1 DAGs
[2024-10-08T08:42:22.030+0000] {logging_mixin.py:190} INFO - [2024-10-08T08:42:22.030+0000] {dag.py:4180} INFO - Setting next_dagrun for example_bash_operator to 2024-10-07 00:00:00+00:00, run_after=2024-10-08 00:00:00+00:00
[2024-10-08T08:42:22.062+0000] {processor.py:208} INFO - Processing /root/miniconda3/envs/project/lib/python3.8/site-packages/airflow/example_dags/example_bash_operator.py took 0.140 seconds
[2024-10-08T08:43:28.746+0000] {processor.py:186} INFO - Started process (PID=216793) to work on /root/miniconda3/envs/project/lib/python3.8/site-packages/airflow/example_dags/example_bash_operator.py
[2024-10-08T08:43:28.749+0000] {processor.py:914} INFO - Processing file /root/miniconda3/envs/project/lib/python3.8/site-packages/airflow/example_dags/example_bash_operator.py for tasks to queue
[2024-10-08T08:43:28.752+0000] {logging_mixin.py:190} INFO - [2024-10-08T08:43:28.751+0000] {dagbag.py:588} INFO - Filling up the DagBag from /root/miniconda3/envs/project/lib/python3.8/site-packages/airflow/example_dags/example_bash_operator.py
[2024-10-08T08:43:28.773+0000] {processor.py:925} INFO - DAG(s) 'example_bash_operator' retrieved from /root/miniconda3/envs/project/lib/python3.8/site-packages/airflow/example_dags/example_bash_operator.py
[2024-10-08T08:43:28.810+0000] {logging_mixin.py:190} INFO - [2024-10-08T08:43:28.809+0000] {dag.py:3239} INFO - Sync 1 DAGs
[2024-10-08T08:43:28.839+0000] {logging_mixin.py:190} INFO - [2024-10-08T08:43:28.839+0000] {dag.py:4180} INFO - Setting next_dagrun for example_bash_operator to 2024-10-07 00:00:00+00:00, run_after=2024-10-08 00:00:00+00:00
[2024-10-08T08:43:28.873+0000] {processor.py:208} INFO - Processing /root/miniconda3/envs/project/lib/python3.8/site-packages/airflow/example_dags/example_bash_operator.py took 0.139 seconds
[2024-10-08T08:44:38.619+0000] {processor.py:186} INFO - Started process (PID=217077) to work on /root/miniconda3/envs/project/lib/python3.8/site-packages/airflow/example_dags/example_bash_operator.py
[2024-10-08T08:44:38.622+0000] {processor.py:914} INFO - Processing file /root/miniconda3/envs/project/lib/python3.8/site-packages/airflow/example_dags/example_bash_operator.py for tasks to queue
[2024-10-08T08:44:38.625+0000] {logging_mixin.py:190} INFO - [2024-10-08T08:44:38.624+0000] {dagbag.py:588} INFO - Filling up the DagBag from /root/miniconda3/envs/project/lib/python3.8/site-packages/airflow/example_dags/example_bash_operator.py
[2024-10-08T08:44:38.647+0000] {processor.py:925} INFO - DAG(s) 'example_bash_operator' retrieved from /root/miniconda3/envs/project/lib/python3.8/site-packages/airflow/example_dags/example_bash_operator.py
[2024-10-08T08:44:38.683+0000] {logging_mixin.py:190} INFO - [2024-10-08T08:44:38.683+0000] {dag.py:3239} INFO - Sync 1 DAGs
[2024-10-08T08:44:38.713+0000] {logging_mixin.py:190} INFO - [2024-10-08T08:44:38.713+0000] {dag.py:4180} INFO - Setting next_dagrun for example_bash_operator to 2024-10-07 00:00:00+00:00, run_after=2024-10-08 00:00:00+00:00
[2024-10-08T08:44:38.745+0000] {processor.py:208} INFO - Processing /root/miniconda3/envs/project/lib/python3.8/site-packages/airflow/example_dags/example_bash_operator.py took 0.138 seconds
[2024-10-08T08:45:53.243+0000] {processor.py:186} INFO - Started process (PID=217306) to work on /root/miniconda3/envs/project/lib/python3.8/site-packages/airflow/example_dags/example_bash_operator.py
[2024-10-08T08:45:53.246+0000] {processor.py:914} INFO - Processing file /root/miniconda3/envs/project/lib/python3.8/site-packages/airflow/example_dags/example_bash_operator.py for tasks to queue
[2024-10-08T08:45:53.249+0000] {logging_mixin.py:190} INFO - [2024-10-08T08:45:53.248+0000] {dagbag.py:588} INFO - Filling up the DagBag from /root/miniconda3/envs/project/lib/python3.8/site-packages/airflow/example_dags/example_bash_operator.py
[2024-10-08T08:45:53.270+0000] {processor.py:925} INFO - DAG(s) 'example_bash_operator' retrieved from /root/miniconda3/envs/project/lib/python3.8/site-packages/airflow/example_dags/example_bash_operator.py
[2024-10-08T08:45:53.306+0000] {logging_mixin.py:190} INFO - [2024-10-08T08:45:53.306+0000] {dag.py:3239} INFO - Sync 1 DAGs
[2024-10-08T08:45:53.336+0000] {logging_mixin.py:190} INFO - [2024-10-08T08:45:53.336+0000] {dag.py:4180} INFO - Setting next_dagrun for example_bash_operator to 2024-10-07 00:00:00+00:00, run_after=2024-10-08 00:00:00+00:00
[2024-10-08T08:45:53.369+0000] {processor.py:208} INFO - Processing /root/miniconda3/envs/project/lib/python3.8/site-packages/airflow/example_dags/example_bash_operator.py took 0.136 seconds
[2024-10-08T08:47:04.389+0000] {processor.py:186} INFO - Started process (PID=217660) to work on /root/miniconda3/envs/project/lib/python3.8/site-packages/airflow/example_dags/example_bash_operator.py
[2024-10-08T08:47:04.392+0000] {processor.py:914} INFO - Processing file /root/miniconda3/envs/project/lib/python3.8/site-packages/airflow/example_dags/example_bash_operator.py for tasks to queue
[2024-10-08T08:47:04.396+0000] {logging_mixin.py:190} INFO - [2024-10-08T08:47:04.395+0000] {dagbag.py:588} INFO - Filling up the DagBag from /root/miniconda3/envs/project/lib/python3.8/site-packages/airflow/example_dags/example_bash_operator.py
[2024-10-08T08:47:04.418+0000] {processor.py:925} INFO - DAG(s) 'example_bash_operator' retrieved from /root/miniconda3/envs/project/lib/python3.8/site-packages/airflow/example_dags/example_bash_operator.py
[2024-10-08T08:47:04.455+0000] {logging_mixin.py:190} INFO - [2024-10-08T08:47:04.455+0000] {dag.py:3239} INFO - Sync 1 DAGs
[2024-10-08T08:47:04.484+0000] {logging_mixin.py:190} INFO - [2024-10-08T08:47:04.484+0000] {dag.py:4180} INFO - Setting next_dagrun for example_bash_operator to 2024-10-07 00:00:00+00:00, run_after=2024-10-08 00:00:00+00:00
[2024-10-08T08:47:04.516+0000] {processor.py:208} INFO - Processing /root/miniconda3/envs/project/lib/python3.8/site-packages/airflow/example_dags/example_bash_operator.py took 0.140 seconds
[2024-10-08T08:48:16.958+0000] {processor.py:186} INFO - Started process (PID=217958) to work on /root/miniconda3/envs/project/lib/python3.8/site-packages/airflow/example_dags/example_bash_operator.py
[2024-10-08T08:48:16.962+0000] {processor.py:914} INFO - Processing file /root/miniconda3/envs/project/lib/python3.8/site-packages/airflow/example_dags/example_bash_operator.py for tasks to queue
[2024-10-08T08:48:16.965+0000] {logging_mixin.py:190} INFO - [2024-10-08T08:48:16.964+0000] {dagbag.py:588} INFO - Filling up the DagBag from /root/miniconda3/envs/project/lib/python3.8/site-packages/airflow/example_dags/example_bash_operator.py
[2024-10-08T08:48:16.987+0000] {processor.py:925} INFO - DAG(s) 'example_bash_operator' retrieved from /root/miniconda3/envs/project/lib/python3.8/site-packages/airflow/example_dags/example_bash_operator.py
[2024-10-08T08:48:17.023+0000] {logging_mixin.py:190} INFO - [2024-10-08T08:48:17.022+0000] {dag.py:3239} INFO - Sync 1 DAGs
[2024-10-08T08:48:17.051+0000] {logging_mixin.py:190} INFO - [2024-10-08T08:48:17.051+0000] {dag.py:4180} INFO - Setting next_dagrun for example_bash_operator to 2024-10-07 00:00:00+00:00, run_after=2024-10-08 00:00:00+00:00
[2024-10-08T08:48:17.084+0000] {processor.py:208} INFO - Processing /root/miniconda3/envs/project/lib/python3.8/site-packages/airflow/example_dags/example_bash_operator.py took 0.137 seconds
[2024-10-08T08:49:28.129+0000] {processor.py:186} INFO - Started process (PID=218181) to work on /root/miniconda3/envs/project/lib/python3.8/site-packages/airflow/example_dags/example_bash_operator.py
[2024-10-08T08:49:28.132+0000] {processor.py:914} INFO - Processing file /root/miniconda3/envs/project/lib/python3.8/site-packages/airflow/example_dags/example_bash_operator.py for tasks to queue
[2024-10-08T08:49:28.135+0000] {logging_mixin.py:190} INFO - [2024-10-08T08:49:28.134+0000] {dagbag.py:588} INFO - Filling up the DagBag from /root/miniconda3/envs/project/lib/python3.8/site-packages/airflow/example_dags/example_bash_operator.py
[2024-10-08T08:49:28.157+0000] {processor.py:925} INFO - DAG(s) 'example_bash_operator' retrieved from /root/miniconda3/envs/project/lib/python3.8/site-packages/airflow/example_dags/example_bash_operator.py
[2024-10-08T08:49:28.193+0000] {logging_mixin.py:190} INFO - [2024-10-08T08:49:28.193+0000] {dag.py:3239} INFO - Sync 1 DAGs
[2024-10-08T08:49:28.223+0000] {logging_mixin.py:190} INFO - [2024-10-08T08:49:28.222+0000] {dag.py:4180} INFO - Setting next_dagrun for example_bash_operator to 2024-10-07 00:00:00+00:00, run_after=2024-10-08 00:00:00+00:00
[2024-10-08T08:49:28.255+0000] {processor.py:208} INFO - Processing /root/miniconda3/envs/project/lib/python3.8/site-packages/airflow/example_dags/example_bash_operator.py took 0.137 seconds
[2024-10-08T08:50:39.397+0000] {processor.py:186} INFO - Started process (PID=218468) to work on /root/miniconda3/envs/project/lib/python3.8/site-packages/airflow/example_dags/example_bash_operator.py
[2024-10-08T08:50:39.400+0000] {processor.py:914} INFO - Processing file /root/miniconda3/envs/project/lib/python3.8/site-packages/airflow/example_dags/example_bash_operator.py for tasks to queue
[2024-10-08T08:50:39.403+0000] {logging_mixin.py:190} INFO - [2024-10-08T08:50:39.403+0000] {dagbag.py:588} INFO - Filling up the DagBag from /root/miniconda3/envs/project/lib/python3.8/site-packages/airflow/example_dags/example_bash_operator.py
[2024-10-08T08:50:39.425+0000] {processor.py:925} INFO - DAG(s) 'example_bash_operator' retrieved from /root/miniconda3/envs/project/lib/python3.8/site-packages/airflow/example_dags/example_bash_operator.py
[2024-10-08T08:50:39.461+0000] {logging_mixin.py:190} INFO - [2024-10-08T08:50:39.461+0000] {dag.py:3239} INFO - Sync 1 DAGs
[2024-10-08T08:50:39.491+0000] {logging_mixin.py:190} INFO - [2024-10-08T08:50:39.491+0000] {dag.py:4180} INFO - Setting next_dagrun for example_bash_operator to 2024-10-07 00:00:00+00:00, run_after=2024-10-08 00:00:00+00:00
[2024-10-08T08:50:39.524+0000] {processor.py:208} INFO - Processing /root/miniconda3/envs/project/lib/python3.8/site-packages/airflow/example_dags/example_bash_operator.py took 0.138 seconds
[2024-10-08T09:09:21.287+0000] {processor.py:186} INFO - Started process (PID=220926) to work on /root/miniconda3/envs/project/lib/python3.8/site-packages/airflow/example_dags/example_bash_operator.py
[2024-10-08T09:09:21.290+0000] {processor.py:914} INFO - Processing file /root/miniconda3/envs/project/lib/python3.8/site-packages/airflow/example_dags/example_bash_operator.py for tasks to queue
[2024-10-08T09:09:21.295+0000] {logging_mixin.py:190} INFO - [2024-10-08T09:09:21.293+0000] {dagbag.py:588} INFO - Filling up the DagBag from /root/miniconda3/envs/project/lib/python3.8/site-packages/airflow/example_dags/example_bash_operator.py
[2024-10-08T09:09:21.316+0000] {processor.py:925} INFO - DAG(s) 'example_bash_operator' retrieved from /root/miniconda3/envs/project/lib/python3.8/site-packages/airflow/example_dags/example_bash_operator.py
[2024-10-08T09:09:21.351+0000] {logging_mixin.py:190} INFO - [2024-10-08T09:09:21.351+0000] {dag.py:3239} INFO - Sync 1 DAGs
[2024-10-08T09:09:21.381+0000] {logging_mixin.py:190} INFO - [2024-10-08T09:09:21.380+0000] {dag.py:4180} INFO - Setting next_dagrun for example_bash_operator to 2024-10-07 00:00:00+00:00, run_after=2024-10-08 00:00:00+00:00
[2024-10-08T09:09:21.412+0000] {processor.py:208} INFO - Processing /root/miniconda3/envs/project/lib/python3.8/site-packages/airflow/example_dags/example_bash_operator.py took 0.134 seconds
[2024-10-08T09:10:51.015+0000] {processor.py:186} INFO - Started process (PID=221643) to work on /root/miniconda3/envs/project/lib/python3.8/site-packages/airflow/example_dags/example_bash_operator.py
[2024-10-08T09:10:51.018+0000] {processor.py:914} INFO - Processing file /root/miniconda3/envs/project/lib/python3.8/site-packages/airflow/example_dags/example_bash_operator.py for tasks to queue
[2024-10-08T09:10:51.022+0000] {logging_mixin.py:190} INFO - [2024-10-08T09:10:51.022+0000] {dagbag.py:588} INFO - Filling up the DagBag from /root/miniconda3/envs/project/lib/python3.8/site-packages/airflow/example_dags/example_bash_operator.py
[2024-10-08T09:10:51.047+0000] {processor.py:925} INFO - DAG(s) 'example_bash_operator' retrieved from /root/miniconda3/envs/project/lib/python3.8/site-packages/airflow/example_dags/example_bash_operator.py
[2024-10-08T09:10:51.085+0000] {logging_mixin.py:190} INFO - [2024-10-08T09:10:51.085+0000] {dag.py:3239} INFO - Sync 1 DAGs
[2024-10-08T09:10:51.116+0000] {logging_mixin.py:190} INFO - [2024-10-08T09:10:51.116+0000] {dag.py:4180} INFO - Setting next_dagrun for example_bash_operator to 2024-10-07 00:00:00+00:00, run_after=2024-10-08 00:00:00+00:00
[2024-10-08T09:10:51.149+0000] {processor.py:208} INFO - Processing /root/miniconda3/envs/project/lib/python3.8/site-packages/airflow/example_dags/example_bash_operator.py took 0.145 seconds
[2024-10-08T09:11:59.723+0000] {processor.py:186} INFO - Started process (PID=221991) to work on /root/miniconda3/envs/project/lib/python3.8/site-packages/airflow/example_dags/example_bash_operator.py
[2024-10-08T09:11:59.726+0000] {processor.py:914} INFO - Processing file /root/miniconda3/envs/project/lib/python3.8/site-packages/airflow/example_dags/example_bash_operator.py for tasks to queue
[2024-10-08T09:11:59.729+0000] {logging_mixin.py:190} INFO - [2024-10-08T09:11:59.729+0000] {dagbag.py:588} INFO - Filling up the DagBag from /root/miniconda3/envs/project/lib/python3.8/site-packages/airflow/example_dags/example_bash_operator.py
[2024-10-08T09:11:59.751+0000] {processor.py:925} INFO - DAG(s) 'example_bash_operator' retrieved from /root/miniconda3/envs/project/lib/python3.8/site-packages/airflow/example_dags/example_bash_operator.py
[2024-10-08T09:11:59.790+0000] {logging_mixin.py:190} INFO - [2024-10-08T09:11:59.789+0000] {dag.py:3239} INFO - Sync 1 DAGs
[2024-10-08T09:11:59.821+0000] {logging_mixin.py:190} INFO - [2024-10-08T09:11:59.821+0000] {dag.py:4180} INFO - Setting next_dagrun for example_bash_operator to 2024-10-07 00:00:00+00:00, run_after=2024-10-08 00:00:00+00:00
[2024-10-08T09:11:59.854+0000] {processor.py:208} INFO - Processing /root/miniconda3/envs/project/lib/python3.8/site-packages/airflow/example_dags/example_bash_operator.py took 0.142 seconds
[2024-10-08T09:13:04.179+0000] {processor.py:186} INFO - Started process (PID=222197) to work on /root/miniconda3/envs/project/lib/python3.8/site-packages/airflow/example_dags/example_bash_operator.py
[2024-10-08T09:13:04.182+0000] {processor.py:914} INFO - Processing file /root/miniconda3/envs/project/lib/python3.8/site-packages/airflow/example_dags/example_bash_operator.py for tasks to queue
[2024-10-08T09:13:04.185+0000] {logging_mixin.py:190} INFO - [2024-10-08T09:13:04.185+0000] {dagbag.py:588} INFO - Filling up the DagBag from /root/miniconda3/envs/project/lib/python3.8/site-packages/airflow/example_dags/example_bash_operator.py
[2024-10-08T09:13:04.208+0000] {processor.py:925} INFO - DAG(s) 'example_bash_operator' retrieved from /root/miniconda3/envs/project/lib/python3.8/site-packages/airflow/example_dags/example_bash_operator.py
[2024-10-08T09:13:04.247+0000] {logging_mixin.py:190} INFO - [2024-10-08T09:13:04.246+0000] {dag.py:3239} INFO - Sync 1 DAGs
[2024-10-08T09:13:04.277+0000] {logging_mixin.py:190} INFO - [2024-10-08T09:13:04.277+0000] {dag.py:4180} INFO - Setting next_dagrun for example_bash_operator to 2024-10-07 00:00:00+00:00, run_after=2024-10-08 00:00:00+00:00
[2024-10-08T09:13:04.308+0000] {processor.py:208} INFO - Processing /root/miniconda3/envs/project/lib/python3.8/site-packages/airflow/example_dags/example_bash_operator.py took 0.140 seconds
[2024-10-08T09:14:11.576+0000] {processor.py:186} INFO - Started process (PID=222543) to work on /root/miniconda3/envs/project/lib/python3.8/site-packages/airflow/example_dags/example_bash_operator.py
[2024-10-08T09:14:11.579+0000] {processor.py:914} INFO - Processing file /root/miniconda3/envs/project/lib/python3.8/site-packages/airflow/example_dags/example_bash_operator.py for tasks to queue
[2024-10-08T09:14:11.582+0000] {logging_mixin.py:190} INFO - [2024-10-08T09:14:11.581+0000] {dagbag.py:588} INFO - Filling up the DagBag from /root/miniconda3/envs/project/lib/python3.8/site-packages/airflow/example_dags/example_bash_operator.py
[2024-10-08T09:14:11.603+0000] {processor.py:925} INFO - DAG(s) 'example_bash_operator' retrieved from /root/miniconda3/envs/project/lib/python3.8/site-packages/airflow/example_dags/example_bash_operator.py
[2024-10-08T09:14:11.639+0000] {logging_mixin.py:190} INFO - [2024-10-08T09:14:11.639+0000] {dag.py:3239} INFO - Sync 1 DAGs
[2024-10-08T09:14:11.668+0000] {logging_mixin.py:190} INFO - [2024-10-08T09:14:11.668+0000] {dag.py:4180} INFO - Setting next_dagrun for example_bash_operator to 2024-10-07 00:00:00+00:00, run_after=2024-10-08 00:00:00+00:00
[2024-10-08T09:14:11.699+0000] {processor.py:208} INFO - Processing /root/miniconda3/envs/project/lib/python3.8/site-packages/airflow/example_dags/example_bash_operator.py took 0.135 seconds
[2024-10-08T09:15:18.060+0000] {processor.py:186} INFO - Started process (PID=222812) to work on /root/miniconda3/envs/project/lib/python3.8/site-packages/airflow/example_dags/example_bash_operator.py
[2024-10-08T09:15:18.064+0000] {processor.py:914} INFO - Processing file /root/miniconda3/envs/project/lib/python3.8/site-packages/airflow/example_dags/example_bash_operator.py for tasks to queue
[2024-10-08T09:15:18.067+0000] {logging_mixin.py:190} INFO - [2024-10-08T09:15:18.067+0000] {dagbag.py:588} INFO - Filling up the DagBag from /root/miniconda3/envs/project/lib/python3.8/site-packages/airflow/example_dags/example_bash_operator.py
[2024-10-08T09:15:18.089+0000] {processor.py:925} INFO - DAG(s) 'example_bash_operator' retrieved from /root/miniconda3/envs/project/lib/python3.8/site-packages/airflow/example_dags/example_bash_operator.py
[2024-10-08T09:15:18.126+0000] {logging_mixin.py:190} INFO - [2024-10-08T09:15:18.126+0000] {dag.py:3239} INFO - Sync 1 DAGs
[2024-10-08T09:15:18.158+0000] {logging_mixin.py:190} INFO - [2024-10-08T09:15:18.157+0000] {dag.py:4180} INFO - Setting next_dagrun for example_bash_operator to 2024-10-07 00:00:00+00:00, run_after=2024-10-08 00:00:00+00:00
[2024-10-08T09:15:18.191+0000] {processor.py:208} INFO - Processing /root/miniconda3/envs/project/lib/python3.8/site-packages/airflow/example_dags/example_bash_operator.py took 0.141 seconds
[2024-10-08T09:16:31.935+0000] {processor.py:186} INFO - Started process (PID=223047) to work on /root/miniconda3/envs/project/lib/python3.8/site-packages/airflow/example_dags/example_bash_operator.py
[2024-10-08T09:16:31.938+0000] {processor.py:914} INFO - Processing file /root/miniconda3/envs/project/lib/python3.8/site-packages/airflow/example_dags/example_bash_operator.py for tasks to queue
[2024-10-08T09:16:31.941+0000] {logging_mixin.py:190} INFO - [2024-10-08T09:16:31.941+0000] {dagbag.py:588} INFO - Filling up the DagBag from /root/miniconda3/envs/project/lib/python3.8/site-packages/airflow/example_dags/example_bash_operator.py
[2024-10-08T09:16:31.964+0000] {processor.py:925} INFO - DAG(s) 'example_bash_operator' retrieved from /root/miniconda3/envs/project/lib/python3.8/site-packages/airflow/example_dags/example_bash_operator.py
[2024-10-08T09:16:32.002+0000] {logging_mixin.py:190} INFO - [2024-10-08T09:16:32.001+0000] {dag.py:3239} INFO - Sync 1 DAGs
[2024-10-08T09:16:32.032+0000] {logging_mixin.py:190} INFO - [2024-10-08T09:16:32.032+0000] {dag.py:4180} INFO - Setting next_dagrun for example_bash_operator to 2024-10-07 00:00:00+00:00, run_after=2024-10-08 00:00:00+00:00
[2024-10-08T09:16:32.063+0000] {processor.py:208} INFO - Processing /root/miniconda3/envs/project/lib/python3.8/site-packages/airflow/example_dags/example_bash_operator.py took 0.139 seconds
[2024-10-08T09:17:41.031+0000] {processor.py:186} INFO - Started process (PID=223278) to work on /root/miniconda3/envs/project/lib/python3.8/site-packages/airflow/example_dags/example_bash_operator.py
[2024-10-08T09:17:41.034+0000] {processor.py:914} INFO - Processing file /root/miniconda3/envs/project/lib/python3.8/site-packages/airflow/example_dags/example_bash_operator.py for tasks to queue
[2024-10-08T09:17:41.037+0000] {logging_mixin.py:190} INFO - [2024-10-08T09:17:41.036+0000] {dagbag.py:588} INFO - Filling up the DagBag from /root/miniconda3/envs/project/lib/python3.8/site-packages/airflow/example_dags/example_bash_operator.py
[2024-10-08T09:17:41.059+0000] {processor.py:925} INFO - DAG(s) 'example_bash_operator' retrieved from /root/miniconda3/envs/project/lib/python3.8/site-packages/airflow/example_dags/example_bash_operator.py
[2024-10-08T09:17:41.095+0000] {logging_mixin.py:190} INFO - [2024-10-08T09:17:41.095+0000] {dag.py:3239} INFO - Sync 1 DAGs
[2024-10-08T09:17:41.126+0000] {logging_mixin.py:190} INFO - [2024-10-08T09:17:41.126+0000] {dag.py:4180} INFO - Setting next_dagrun for example_bash_operator to 2024-10-07 00:00:00+00:00, run_after=2024-10-08 00:00:00+00:00
[2024-10-08T09:17:41.158+0000] {processor.py:208} INFO - Processing /root/miniconda3/envs/project/lib/python3.8/site-packages/airflow/example_dags/example_bash_operator.py took 0.139 seconds
[2024-10-08T09:18:52.479+0000] {processor.py:186} INFO - Started process (PID=223566) to work on /root/miniconda3/envs/project/lib/python3.8/site-packages/airflow/example_dags/example_bash_operator.py
[2024-10-08T09:18:52.483+0000] {processor.py:914} INFO - Processing file /root/miniconda3/envs/project/lib/python3.8/site-packages/airflow/example_dags/example_bash_operator.py for tasks to queue
[2024-10-08T09:18:52.486+0000] {logging_mixin.py:190} INFO - [2024-10-08T09:18:52.485+0000] {dagbag.py:588} INFO - Filling up the DagBag from /root/miniconda3/envs/project/lib/python3.8/site-packages/airflow/example_dags/example_bash_operator.py
[2024-10-08T09:18:52.507+0000] {processor.py:925} INFO - DAG(s) 'example_bash_operator' retrieved from /root/miniconda3/envs/project/lib/python3.8/site-packages/airflow/example_dags/example_bash_operator.py
[2024-10-08T09:18:52.543+0000] {logging_mixin.py:190} INFO - [2024-10-08T09:18:52.543+0000] {dag.py:3239} INFO - Sync 1 DAGs
[2024-10-08T09:18:52.573+0000] {logging_mixin.py:190} INFO - [2024-10-08T09:18:52.572+0000] {dag.py:4180} INFO - Setting next_dagrun for example_bash_operator to 2024-10-07 00:00:00+00:00, run_after=2024-10-08 00:00:00+00:00
[2024-10-08T09:18:52.605+0000] {processor.py:208} INFO - Processing /root/miniconda3/envs/project/lib/python3.8/site-packages/airflow/example_dags/example_bash_operator.py took 0.137 seconds
[2024-10-08T09:20:04.519+0000] {processor.py:186} INFO - Started process (PID=223859) to work on /root/miniconda3/envs/project/lib/python3.8/site-packages/airflow/example_dags/example_bash_operator.py
[2024-10-08T09:20:04.522+0000] {processor.py:914} INFO - Processing file /root/miniconda3/envs/project/lib/python3.8/site-packages/airflow/example_dags/example_bash_operator.py for tasks to queue
[2024-10-08T09:20:04.525+0000] {logging_mixin.py:190} INFO - [2024-10-08T09:20:04.524+0000] {dagbag.py:588} INFO - Filling up the DagBag from /root/miniconda3/envs/project/lib/python3.8/site-packages/airflow/example_dags/example_bash_operator.py
[2024-10-08T09:20:04.546+0000] {processor.py:925} INFO - DAG(s) 'example_bash_operator' retrieved from /root/miniconda3/envs/project/lib/python3.8/site-packages/airflow/example_dags/example_bash_operator.py
[2024-10-08T09:20:04.582+0000] {logging_mixin.py:190} INFO - [2024-10-08T09:20:04.581+0000] {dag.py:3239} INFO - Sync 1 DAGs
[2024-10-08T09:20:04.612+0000] {logging_mixin.py:190} INFO - [2024-10-08T09:20:04.612+0000] {dag.py:4180} INFO - Setting next_dagrun for example_bash_operator to 2024-10-07 00:00:00+00:00, run_after=2024-10-08 00:00:00+00:00
[2024-10-08T09:20:04.646+0000] {processor.py:208} INFO - Processing /root/miniconda3/envs/project/lib/python3.8/site-packages/airflow/example_dags/example_bash_operator.py took 0.139 seconds
[2024-10-08T09:21:18.269+0000] {processor.py:186} INFO - Started process (PID=224092) to work on /root/miniconda3/envs/project/lib/python3.8/site-packages/airflow/example_dags/example_bash_operator.py
[2024-10-08T09:21:18.271+0000] {processor.py:914} INFO - Processing file /root/miniconda3/envs/project/lib/python3.8/site-packages/airflow/example_dags/example_bash_operator.py for tasks to queue
[2024-10-08T09:21:18.275+0000] {logging_mixin.py:190} INFO - [2024-10-08T09:21:18.274+0000] {dagbag.py:588} INFO - Filling up the DagBag from /root/miniconda3/envs/project/lib/python3.8/site-packages/airflow/example_dags/example_bash_operator.py
[2024-10-08T09:21:18.297+0000] {processor.py:925} INFO - DAG(s) 'example_bash_operator' retrieved from /root/miniconda3/envs/project/lib/python3.8/site-packages/airflow/example_dags/example_bash_operator.py
[2024-10-08T09:21:18.334+0000] {logging_mixin.py:190} INFO - [2024-10-08T09:21:18.334+0000] {dag.py:3239} INFO - Sync 1 DAGs
[2024-10-08T09:21:18.364+0000] {logging_mixin.py:190} INFO - [2024-10-08T09:21:18.364+0000] {dag.py:4180} INFO - Setting next_dagrun for example_bash_operator to 2024-10-07 00:00:00+00:00, run_after=2024-10-08 00:00:00+00:00
[2024-10-08T09:21:18.396+0000] {processor.py:208} INFO - Processing /root/miniconda3/envs/project/lib/python3.8/site-packages/airflow/example_dags/example_bash_operator.py took 0.139 seconds
[2024-10-08T09:22:27.715+0000] {processor.py:186} INFO - Started process (PID=224319) to work on /root/miniconda3/envs/project/lib/python3.8/site-packages/airflow/example_dags/example_bash_operator.py
[2024-10-08T09:22:27.718+0000] {processor.py:914} INFO - Processing file /root/miniconda3/envs/project/lib/python3.8/site-packages/airflow/example_dags/example_bash_operator.py for tasks to queue
[2024-10-08T09:22:27.723+0000] {logging_mixin.py:190} INFO - [2024-10-08T09:22:27.722+0000] {dagbag.py:588} INFO - Filling up the DagBag from /root/miniconda3/envs/project/lib/python3.8/site-packages/airflow/example_dags/example_bash_operator.py
[2024-10-08T09:22:27.745+0000] {processor.py:925} INFO - DAG(s) 'example_bash_operator' retrieved from /root/miniconda3/envs/project/lib/python3.8/site-packages/airflow/example_dags/example_bash_operator.py
[2024-10-08T09:22:27.789+0000] {logging_mixin.py:190} INFO - [2024-10-08T09:22:27.788+0000] {dag.py:3239} INFO - Sync 1 DAGs
[2024-10-08T09:22:27.819+0000] {logging_mixin.py:190} INFO - [2024-10-08T09:22:27.819+0000] {dag.py:4180} INFO - Setting next_dagrun for example_bash_operator to 2024-10-07 00:00:00+00:00, run_after=2024-10-08 00:00:00+00:00
[2024-10-08T09:22:27.853+0000] {processor.py:208} INFO - Processing /root/miniconda3/envs/project/lib/python3.8/site-packages/airflow/example_dags/example_bash_operator.py took 0.149 seconds
[2024-10-08T09:23:36.702+0000] {processor.py:186} INFO - Started process (PID=224508) to work on /root/miniconda3/envs/project/lib/python3.8/site-packages/airflow/example_dags/example_bash_operator.py
[2024-10-08T09:23:36.705+0000] {processor.py:914} INFO - Processing file /root/miniconda3/envs/project/lib/python3.8/site-packages/airflow/example_dags/example_bash_operator.py for tasks to queue
[2024-10-08T09:23:36.709+0000] {logging_mixin.py:190} INFO - [2024-10-08T09:23:36.708+0000] {dagbag.py:588} INFO - Filling up the DagBag from /root/miniconda3/envs/project/lib/python3.8/site-packages/airflow/example_dags/example_bash_operator.py
[2024-10-08T09:23:36.731+0000] {processor.py:925} INFO - DAG(s) 'example_bash_operator' retrieved from /root/miniconda3/envs/project/lib/python3.8/site-packages/airflow/example_dags/example_bash_operator.py
[2024-10-08T09:23:36.768+0000] {logging_mixin.py:190} INFO - [2024-10-08T09:23:36.768+0000] {dag.py:3239} INFO - Sync 1 DAGs
[2024-10-08T09:23:36.798+0000] {logging_mixin.py:190} INFO - [2024-10-08T09:23:36.797+0000] {dag.py:4180} INFO - Setting next_dagrun for example_bash_operator to 2024-10-07 00:00:00+00:00, run_after=2024-10-08 00:00:00+00:00
[2024-10-08T09:23:36.834+0000] {processor.py:208} INFO - Processing /root/miniconda3/envs/project/lib/python3.8/site-packages/airflow/example_dags/example_bash_operator.py took 0.144 seconds
[2024-10-08T09:24:48.172+0000] {processor.py:186} INFO - Started process (PID=225033) to work on /root/miniconda3/envs/project/lib/python3.8/site-packages/airflow/example_dags/example_bash_operator.py
[2024-10-08T09:24:48.174+0000] {processor.py:914} INFO - Processing file /root/miniconda3/envs/project/lib/python3.8/site-packages/airflow/example_dags/example_bash_operator.py for tasks to queue
[2024-10-08T09:24:48.178+0000] {logging_mixin.py:190} INFO - [2024-10-08T09:24:48.177+0000] {dagbag.py:588} INFO - Filling up the DagBag from /root/miniconda3/envs/project/lib/python3.8/site-packages/airflow/example_dags/example_bash_operator.py
[2024-10-08T09:24:48.200+0000] {processor.py:925} INFO - DAG(s) 'example_bash_operator' retrieved from /root/miniconda3/envs/project/lib/python3.8/site-packages/airflow/example_dags/example_bash_operator.py
[2024-10-08T09:24:48.239+0000] {logging_mixin.py:190} INFO - [2024-10-08T09:24:48.238+0000] {dag.py:3239} INFO - Sync 1 DAGs
[2024-10-08T09:24:48.270+0000] {logging_mixin.py:190} INFO - [2024-10-08T09:24:48.270+0000] {dag.py:4180} INFO - Setting next_dagrun for example_bash_operator to 2024-10-07 00:00:00+00:00, run_after=2024-10-08 00:00:00+00:00
[2024-10-08T09:24:48.301+0000] {processor.py:208} INFO - Processing /root/miniconda3/envs/project/lib/python3.8/site-packages/airflow/example_dags/example_bash_operator.py took 0.140 seconds
[2024-10-08T09:25:56.302+0000] {processor.py:186} INFO - Started process (PID=225586) to work on /root/miniconda3/envs/project/lib/python3.8/site-packages/airflow/example_dags/example_bash_operator.py
[2024-10-08T09:25:56.305+0000] {processor.py:914} INFO - Processing file /root/miniconda3/envs/project/lib/python3.8/site-packages/airflow/example_dags/example_bash_operator.py for tasks to queue
[2024-10-08T09:25:56.309+0000] {logging_mixin.py:190} INFO - [2024-10-08T09:25:56.308+0000] {dagbag.py:588} INFO - Filling up the DagBag from /root/miniconda3/envs/project/lib/python3.8/site-packages/airflow/example_dags/example_bash_operator.py
[2024-10-08T09:25:56.330+0000] {processor.py:925} INFO - DAG(s) 'example_bash_operator' retrieved from /root/miniconda3/envs/project/lib/python3.8/site-packages/airflow/example_dags/example_bash_operator.py
[2024-10-08T09:25:56.367+0000] {logging_mixin.py:190} INFO - [2024-10-08T09:25:56.366+0000] {dag.py:3239} INFO - Sync 1 DAGs
[2024-10-08T09:25:56.399+0000] {logging_mixin.py:190} INFO - [2024-10-08T09:25:56.398+0000] {dag.py:4180} INFO - Setting next_dagrun for example_bash_operator to 2024-10-07 00:00:00+00:00, run_after=2024-10-08 00:00:00+00:00
[2024-10-08T09:25:56.445+0000] {processor.py:208} INFO - Processing /root/miniconda3/envs/project/lib/python3.8/site-packages/airflow/example_dags/example_bash_operator.py took 0.154 seconds
[2024-10-08T09:27:08.817+0000] {processor.py:186} INFO - Started process (PID=226004) to work on /root/miniconda3/envs/project/lib/python3.8/site-packages/airflow/example_dags/example_bash_operator.py
[2024-10-08T09:27:08.820+0000] {processor.py:914} INFO - Processing file /root/miniconda3/envs/project/lib/python3.8/site-packages/airflow/example_dags/example_bash_operator.py for tasks to queue
[2024-10-08T09:27:08.824+0000] {logging_mixin.py:190} INFO - [2024-10-08T09:27:08.823+0000] {dagbag.py:588} INFO - Filling up the DagBag from /root/miniconda3/envs/project/lib/python3.8/site-packages/airflow/example_dags/example_bash_operator.py
[2024-10-08T09:27:08.846+0000] {processor.py:925} INFO - DAG(s) 'example_bash_operator' retrieved from /root/miniconda3/envs/project/lib/python3.8/site-packages/airflow/example_dags/example_bash_operator.py
[2024-10-08T09:27:08.882+0000] {logging_mixin.py:190} INFO - [2024-10-08T09:27:08.881+0000] {dag.py:3239} INFO - Sync 1 DAGs
[2024-10-08T09:27:08.911+0000] {logging_mixin.py:190} INFO - [2024-10-08T09:27:08.911+0000] {dag.py:4180} INFO - Setting next_dagrun for example_bash_operator to 2024-10-07 00:00:00+00:00, run_after=2024-10-08 00:00:00+00:00
[2024-10-08T09:27:08.944+0000] {processor.py:208} INFO - Processing /root/miniconda3/envs/project/lib/python3.8/site-packages/airflow/example_dags/example_bash_operator.py took 0.138 seconds
[2024-10-08T09:28:20.265+0000] {processor.py:186} INFO - Started process (PID=226500) to work on /root/miniconda3/envs/project/lib/python3.8/site-packages/airflow/example_dags/example_bash_operator.py
[2024-10-08T09:28:20.268+0000] {processor.py:914} INFO - Processing file /root/miniconda3/envs/project/lib/python3.8/site-packages/airflow/example_dags/example_bash_operator.py for tasks to queue
[2024-10-08T09:28:20.272+0000] {logging_mixin.py:190} INFO - [2024-10-08T09:28:20.271+0000] {dagbag.py:588} INFO - Filling up the DagBag from /root/miniconda3/envs/project/lib/python3.8/site-packages/airflow/example_dags/example_bash_operator.py
[2024-10-08T09:28:20.293+0000] {processor.py:925} INFO - DAG(s) 'example_bash_operator' retrieved from /root/miniconda3/envs/project/lib/python3.8/site-packages/airflow/example_dags/example_bash_operator.py
[2024-10-08T09:28:20.330+0000] {logging_mixin.py:190} INFO - [2024-10-08T09:28:20.330+0000] {dag.py:3239} INFO - Sync 1 DAGs
[2024-10-08T09:28:20.361+0000] {logging_mixin.py:190} INFO - [2024-10-08T09:28:20.361+0000] {dag.py:4180} INFO - Setting next_dagrun for example_bash_operator to 2024-10-07 00:00:00+00:00, run_after=2024-10-08 00:00:00+00:00
[2024-10-08T09:28:20.394+0000] {processor.py:208} INFO - Processing /root/miniconda3/envs/project/lib/python3.8/site-packages/airflow/example_dags/example_bash_operator.py took 0.140 seconds
[2024-10-08T09:29:37.534+0000] {processor.py:186} INFO - Started process (PID=227058) to work on /root/miniconda3/envs/project/lib/python3.8/site-packages/airflow/example_dags/example_bash_operator.py
[2024-10-08T09:29:37.537+0000] {processor.py:914} INFO - Processing file /root/miniconda3/envs/project/lib/python3.8/site-packages/airflow/example_dags/example_bash_operator.py for tasks to queue
[2024-10-08T09:29:37.541+0000] {logging_mixin.py:190} INFO - [2024-10-08T09:29:37.540+0000] {dagbag.py:588} INFO - Filling up the DagBag from /root/miniconda3/envs/project/lib/python3.8/site-packages/airflow/example_dags/example_bash_operator.py
[2024-10-08T09:29:37.562+0000] {processor.py:925} INFO - DAG(s) 'example_bash_operator' retrieved from /root/miniconda3/envs/project/lib/python3.8/site-packages/airflow/example_dags/example_bash_operator.py
[2024-10-08T09:29:37.712+0000] {logging_mixin.py:190} INFO - [2024-10-08T09:29:37.712+0000] {dag.py:3239} INFO - Sync 1 DAGs
[2024-10-08T09:29:37.740+0000] {logging_mixin.py:190} INFO - [2024-10-08T09:29:37.740+0000] {dag.py:4180} INFO - Setting next_dagrun for example_bash_operator to 2024-10-07 00:00:00+00:00, run_after=2024-10-08 00:00:00+00:00
[2024-10-08T09:29:37.770+0000] {processor.py:208} INFO - Processing /root/miniconda3/envs/project/lib/python3.8/site-packages/airflow/example_dags/example_bash_operator.py took 0.247 seconds
[2024-10-08T09:31:01.034+0000] {processor.py:186} INFO - Started process (PID=228058) to work on /root/miniconda3/envs/project/lib/python3.8/site-packages/airflow/example_dags/example_bash_operator.py
[2024-10-08T09:31:01.037+0000] {processor.py:914} INFO - Processing file /root/miniconda3/envs/project/lib/python3.8/site-packages/airflow/example_dags/example_bash_operator.py for tasks to queue
[2024-10-08T09:31:01.040+0000] {logging_mixin.py:190} INFO - [2024-10-08T09:31:01.039+0000] {dagbag.py:588} INFO - Filling up the DagBag from /root/miniconda3/envs/project/lib/python3.8/site-packages/airflow/example_dags/example_bash_operator.py
[2024-10-08T09:31:01.061+0000] {processor.py:925} INFO - DAG(s) 'example_bash_operator' retrieved from /root/miniconda3/envs/project/lib/python3.8/site-packages/airflow/example_dags/example_bash_operator.py
[2024-10-08T09:31:01.216+0000] {logging_mixin.py:190} INFO - [2024-10-08T09:31:01.216+0000] {dag.py:3239} INFO - Sync 1 DAGs
[2024-10-08T09:31:01.243+0000] {logging_mixin.py:190} INFO - [2024-10-08T09:31:01.242+0000] {dag.py:4180} INFO - Setting next_dagrun for example_bash_operator to 2024-10-07 00:00:00+00:00, run_after=2024-10-08 00:00:00+00:00
[2024-10-08T09:31:01.273+0000] {processor.py:208} INFO - Processing /root/miniconda3/envs/project/lib/python3.8/site-packages/airflow/example_dags/example_bash_operator.py took 0.251 seconds
[2024-10-08T09:32:30.420+0000] {processor.py:186} INFO - Started process (PID=229061) to work on /root/miniconda3/envs/project/lib/python3.8/site-packages/airflow/example_dags/example_bash_operator.py
[2024-10-08T09:32:30.423+0000] {processor.py:914} INFO - Processing file /root/miniconda3/envs/project/lib/python3.8/site-packages/airflow/example_dags/example_bash_operator.py for tasks to queue
[2024-10-08T09:32:30.426+0000] {logging_mixin.py:190} INFO - [2024-10-08T09:32:30.426+0000] {dagbag.py:588} INFO - Filling up the DagBag from /root/miniconda3/envs/project/lib/python3.8/site-packages/airflow/example_dags/example_bash_operator.py
[2024-10-08T09:32:30.447+0000] {processor.py:925} INFO - DAG(s) 'example_bash_operator' retrieved from /root/miniconda3/envs/project/lib/python3.8/site-packages/airflow/example_dags/example_bash_operator.py
[2024-10-08T09:32:30.483+0000] {logging_mixin.py:190} INFO - [2024-10-08T09:32:30.483+0000] {dag.py:3239} INFO - Sync 1 DAGs
[2024-10-08T09:32:30.512+0000] {logging_mixin.py:190} INFO - [2024-10-08T09:32:30.511+0000] {dag.py:4180} INFO - Setting next_dagrun for example_bash_operator to 2024-10-07 00:00:00+00:00, run_after=2024-10-08 00:00:00+00:00
[2024-10-08T09:32:30.542+0000] {processor.py:208} INFO - Processing /root/miniconda3/envs/project/lib/python3.8/site-packages/airflow/example_dags/example_bash_operator.py took 0.132 seconds
[2024-10-08T09:33:42.923+0000] {processor.py:186} INFO - Started process (PID=229537) to work on /root/miniconda3/envs/project/lib/python3.8/site-packages/airflow/example_dags/example_bash_operator.py
[2024-10-08T09:33:42.926+0000] {processor.py:914} INFO - Processing file /root/miniconda3/envs/project/lib/python3.8/site-packages/airflow/example_dags/example_bash_operator.py for tasks to queue
[2024-10-08T09:33:42.929+0000] {logging_mixin.py:190} INFO - [2024-10-08T09:33:42.929+0000] {dagbag.py:588} INFO - Filling up the DagBag from /root/miniconda3/envs/project/lib/python3.8/site-packages/airflow/example_dags/example_bash_operator.py
[2024-10-08T09:33:42.950+0000] {processor.py:925} INFO - DAG(s) 'example_bash_operator' retrieved from /root/miniconda3/envs/project/lib/python3.8/site-packages/airflow/example_dags/example_bash_operator.py
[2024-10-08T09:33:42.986+0000] {logging_mixin.py:190} INFO - [2024-10-08T09:33:42.985+0000] {dag.py:3239} INFO - Sync 1 DAGs
[2024-10-08T09:33:43.015+0000] {logging_mixin.py:190} INFO - [2024-10-08T09:33:43.015+0000] {dag.py:4180} INFO - Setting next_dagrun for example_bash_operator to 2024-10-07 00:00:00+00:00, run_after=2024-10-08 00:00:00+00:00
[2024-10-08T09:33:43.045+0000] {processor.py:208} INFO - Processing /root/miniconda3/envs/project/lib/python3.8/site-packages/airflow/example_dags/example_bash_operator.py took 0.133 seconds
