[2024-10-08T07:57:07.671+0000] {processor.py:186} INFO - Started process (PID=207069) to work on /root/miniconda3/envs/project/lib/python3.8/site-packages/airflow/example_dags/example_time_delta_sensor_async.py
[2024-10-08T07:57:07.671+0000] {processor.py:914} INFO - Processing file /root/miniconda3/envs/project/lib/python3.8/site-packages/airflow/example_dags/example_time_delta_sensor_async.py for tasks to queue
[2024-10-08T07:57:07.673+0000] {logging_mixin.py:190} INFO - [2024-10-08T07:57:07.673+0000] {dagbag.py:588} INFO - Filling up the DagBag from /root/miniconda3/envs/project/lib/python3.8/site-packages/airflow/example_dags/example_time_delta_sensor_async.py
[2024-10-08T07:57:07.679+0000] {processor.py:925} INFO - DAG(s) 'example_time_delta_sensor_async' retrieved from /root/miniconda3/envs/project/lib/python3.8/site-packages/airflow/example_dags/example_time_delta_sensor_async.py
[2024-10-08T07:57:07.800+0000] {logging_mixin.py:190} INFO - [2024-10-08T07:57:07.799+0000] {override.py:1901} INFO - Created Permission View: can delete on DAG:example_time_delta_sensor_async
[2024-10-08T07:57:07.823+0000] {logging_mixin.py:190} INFO - [2024-10-08T07:57:07.822+0000] {override.py:1901} INFO - Created Permission View: can read on DAG:example_time_delta_sensor_async
[2024-10-08T07:57:07.840+0000] {logging_mixin.py:190} INFO - [2024-10-08T07:57:07.840+0000] {override.py:1901} INFO - Created Permission View: can edit on DAG:example_time_delta_sensor_async
[2024-10-08T07:57:07.863+0000] {logging_mixin.py:190} INFO - [2024-10-08T07:57:07.863+0000] {override.py:1901} INFO - Created Permission View: can delete on DAG Run:example_time_delta_sensor_async
[2024-10-08T07:57:07.880+0000] {logging_mixin.py:190} INFO - [2024-10-08T07:57:07.879+0000] {override.py:1901} INFO - Created Permission View: menu access on DAG Run:example_time_delta_sensor_async
[2024-10-08T07:57:07.903+0000] {logging_mixin.py:190} INFO - [2024-10-08T07:57:07.902+0000] {override.py:1901} INFO - Created Permission View: can create on DAG Run:example_time_delta_sensor_async
[2024-10-08T07:57:07.921+0000] {logging_mixin.py:190} INFO - [2024-10-08T07:57:07.921+0000] {override.py:1901} INFO - Created Permission View: can read on DAG Run:example_time_delta_sensor_async
[2024-10-08T07:57:07.921+0000] {logging_mixin.py:190} INFO - [2024-10-08T07:57:07.921+0000] {dag.py:3239} INFO - Sync 1 DAGs
[2024-10-08T07:57:07.938+0000] {logging_mixin.py:190} INFO - [2024-10-08T07:57:07.938+0000] {dag.py:3262} INFO - Creating ORM DAG for example_time_delta_sensor_async
[2024-10-08T07:57:07.939+0000] {logging_mixin.py:190} INFO - [2024-10-08T07:57:07.938+0000] {dag.py:4180} INFO - Setting next_dagrun for example_time_delta_sensor_async to None, run_after=None
[2024-10-08T07:57:07.969+0000] {processor.py:208} INFO - Processing /root/miniconda3/envs/project/lib/python3.8/site-packages/airflow/example_dags/example_time_delta_sensor_async.py took 0.462 seconds
[2024-10-08T07:58:22.946+0000] {processor.py:186} INFO - Started process (PID=207274) to work on /root/miniconda3/envs/project/lib/python3.8/site-packages/airflow/example_dags/example_time_delta_sensor_async.py
[2024-10-08T07:58:22.949+0000] {processor.py:914} INFO - Processing file /root/miniconda3/envs/project/lib/python3.8/site-packages/airflow/example_dags/example_time_delta_sensor_async.py for tasks to queue
[2024-10-08T07:58:22.954+0000] {logging_mixin.py:190} INFO - [2024-10-08T07:58:22.953+0000] {dagbag.py:588} INFO - Filling up the DagBag from /root/miniconda3/envs/project/lib/python3.8/site-packages/airflow/example_dags/example_time_delta_sensor_async.py
[2024-10-08T07:58:22.967+0000] {processor.py:925} INFO - DAG(s) 'example_time_delta_sensor_async' retrieved from /root/miniconda3/envs/project/lib/python3.8/site-packages/airflow/example_dags/example_time_delta_sensor_async.py
[2024-10-08T07:58:22.996+0000] {logging_mixin.py:190} INFO - [2024-10-08T07:58:22.995+0000] {dag.py:3239} INFO - Sync 1 DAGs
[2024-10-08T07:58:23.021+0000] {logging_mixin.py:190} INFO - [2024-10-08T07:58:23.020+0000] {dag.py:4180} INFO - Setting next_dagrun for example_time_delta_sensor_async to None, run_after=None
[2024-10-08T07:58:23.053+0000] {processor.py:208} INFO - Processing /root/miniconda3/envs/project/lib/python3.8/site-packages/airflow/example_dags/example_time_delta_sensor_async.py took 0.119 seconds
[2024-10-08T07:59:36.313+0000] {processor.py:186} INFO - Started process (PID=207533) to work on /root/miniconda3/envs/project/lib/python3.8/site-packages/airflow/example_dags/example_time_delta_sensor_async.py
[2024-10-08T07:59:36.316+0000] {processor.py:914} INFO - Processing file /root/miniconda3/envs/project/lib/python3.8/site-packages/airflow/example_dags/example_time_delta_sensor_async.py for tasks to queue
[2024-10-08T07:59:36.319+0000] {logging_mixin.py:190} INFO - [2024-10-08T07:59:36.318+0000] {dagbag.py:588} INFO - Filling up the DagBag from /root/miniconda3/envs/project/lib/python3.8/site-packages/airflow/example_dags/example_time_delta_sensor_async.py
[2024-10-08T07:59:36.330+0000] {processor.py:925} INFO - DAG(s) 'example_time_delta_sensor_async' retrieved from /root/miniconda3/envs/project/lib/python3.8/site-packages/airflow/example_dags/example_time_delta_sensor_async.py
[2024-10-08T07:59:36.353+0000] {logging_mixin.py:190} INFO - [2024-10-08T07:59:36.353+0000] {dag.py:3239} INFO - Sync 1 DAGs
[2024-10-08T07:59:36.371+0000] {logging_mixin.py:190} INFO - [2024-10-08T07:59:36.371+0000] {dag.py:4180} INFO - Setting next_dagrun for example_time_delta_sensor_async to None, run_after=None
[2024-10-08T07:59:36.405+0000] {processor.py:208} INFO - Processing /root/miniconda3/envs/project/lib/python3.8/site-packages/airflow/example_dags/example_time_delta_sensor_async.py took 0.105 seconds
[2024-10-08T08:00:45.769+0000] {processor.py:186} INFO - Started process (PID=207878) to work on /root/miniconda3/envs/project/lib/python3.8/site-packages/airflow/example_dags/example_time_delta_sensor_async.py
[2024-10-08T08:00:45.772+0000] {processor.py:914} INFO - Processing file /root/miniconda3/envs/project/lib/python3.8/site-packages/airflow/example_dags/example_time_delta_sensor_async.py for tasks to queue
[2024-10-08T08:00:45.775+0000] {logging_mixin.py:190} INFO - [2024-10-08T08:00:45.775+0000] {dagbag.py:588} INFO - Filling up the DagBag from /root/miniconda3/envs/project/lib/python3.8/site-packages/airflow/example_dags/example_time_delta_sensor_async.py
[2024-10-08T08:00:45.786+0000] {processor.py:925} INFO - DAG(s) 'example_time_delta_sensor_async' retrieved from /root/miniconda3/envs/project/lib/python3.8/site-packages/airflow/example_dags/example_time_delta_sensor_async.py
[2024-10-08T08:00:45.810+0000] {logging_mixin.py:190} INFO - [2024-10-08T08:00:45.810+0000] {dag.py:3239} INFO - Sync 1 DAGs
[2024-10-08T08:00:45.828+0000] {logging_mixin.py:190} INFO - [2024-10-08T08:00:45.828+0000] {dag.py:4180} INFO - Setting next_dagrun for example_time_delta_sensor_async to None, run_after=None
[2024-10-08T08:00:45.860+0000] {processor.py:208} INFO - Processing /root/miniconda3/envs/project/lib/python3.8/site-packages/airflow/example_dags/example_time_delta_sensor_async.py took 0.103 seconds
[2024-10-08T08:01:28.661+0000] {processor.py:186} INFO - Started process (PID=208019) to work on /root/miniconda3/envs/project/lib/python3.8/site-packages/airflow/example_dags/example_time_delta_sensor_async.py
[2024-10-08T08:01:28.664+0000] {processor.py:914} INFO - Processing file /root/miniconda3/envs/project/lib/python3.8/site-packages/airflow/example_dags/example_time_delta_sensor_async.py for tasks to queue
[2024-10-08T08:01:28.668+0000] {logging_mixin.py:190} INFO - [2024-10-08T08:01:28.667+0000] {dagbag.py:588} INFO - Filling up the DagBag from /root/miniconda3/envs/project/lib/python3.8/site-packages/airflow/example_dags/example_time_delta_sensor_async.py
[2024-10-08T08:01:28.678+0000] {processor.py:925} INFO - DAG(s) 'example_time_delta_sensor_async' retrieved from /root/miniconda3/envs/project/lib/python3.8/site-packages/airflow/example_dags/example_time_delta_sensor_async.py
[2024-10-08T08:01:28.701+0000] {logging_mixin.py:190} INFO - [2024-10-08T08:01:28.701+0000] {dag.py:3239} INFO - Sync 1 DAGs
[2024-10-08T08:01:28.719+0000] {logging_mixin.py:190} INFO - [2024-10-08T08:01:28.719+0000] {dag.py:4180} INFO - Setting next_dagrun for example_time_delta_sensor_async to None, run_after=None
[2024-10-08T08:01:28.750+0000] {processor.py:208} INFO - Processing /root/miniconda3/envs/project/lib/python3.8/site-packages/airflow/example_dags/example_time_delta_sensor_async.py took 0.100 seconds
[2024-10-08T08:02:38.893+0000] {processor.py:186} INFO - Started process (PID=208268) to work on /root/miniconda3/envs/project/lib/python3.8/site-packages/airflow/example_dags/example_time_delta_sensor_async.py
[2024-10-08T08:02:38.895+0000] {processor.py:914} INFO - Processing file /root/miniconda3/envs/project/lib/python3.8/site-packages/airflow/example_dags/example_time_delta_sensor_async.py for tasks to queue
[2024-10-08T08:02:38.899+0000] {logging_mixin.py:190} INFO - [2024-10-08T08:02:38.898+0000] {dagbag.py:588} INFO - Filling up the DagBag from /root/miniconda3/envs/project/lib/python3.8/site-packages/airflow/example_dags/example_time_delta_sensor_async.py
[2024-10-08T08:02:38.909+0000] {processor.py:925} INFO - DAG(s) 'example_time_delta_sensor_async' retrieved from /root/miniconda3/envs/project/lib/python3.8/site-packages/airflow/example_dags/example_time_delta_sensor_async.py
[2024-10-08T08:02:38.932+0000] {logging_mixin.py:190} INFO - [2024-10-08T08:02:38.931+0000] {dag.py:3239} INFO - Sync 1 DAGs
[2024-10-08T08:02:38.949+0000] {logging_mixin.py:190} INFO - [2024-10-08T08:02:38.949+0000] {dag.py:4180} INFO - Setting next_dagrun for example_time_delta_sensor_async to None, run_after=None
[2024-10-08T08:02:38.993+0000] {processor.py:208} INFO - Processing /root/miniconda3/envs/project/lib/python3.8/site-packages/airflow/example_dags/example_time_delta_sensor_async.py took 0.110 seconds
[2024-10-08T08:03:49.348+0000] {processor.py:186} INFO - Started process (PID=208472) to work on /root/miniconda3/envs/project/lib/python3.8/site-packages/airflow/example_dags/example_time_delta_sensor_async.py
[2024-10-08T08:03:49.351+0000] {processor.py:914} INFO - Processing file /root/miniconda3/envs/project/lib/python3.8/site-packages/airflow/example_dags/example_time_delta_sensor_async.py for tasks to queue
[2024-10-08T08:03:49.354+0000] {logging_mixin.py:190} INFO - [2024-10-08T08:03:49.354+0000] {dagbag.py:588} INFO - Filling up the DagBag from /root/miniconda3/envs/project/lib/python3.8/site-packages/airflow/example_dags/example_time_delta_sensor_async.py
[2024-10-08T08:03:49.366+0000] {processor.py:925} INFO - DAG(s) 'example_time_delta_sensor_async' retrieved from /root/miniconda3/envs/project/lib/python3.8/site-packages/airflow/example_dags/example_time_delta_sensor_async.py
[2024-10-08T08:03:49.391+0000] {logging_mixin.py:190} INFO - [2024-10-08T08:03:49.391+0000] {dag.py:3239} INFO - Sync 1 DAGs
[2024-10-08T08:03:49.415+0000] {logging_mixin.py:190} INFO - [2024-10-08T08:03:49.415+0000] {dag.py:4180} INFO - Setting next_dagrun for example_time_delta_sensor_async to None, run_after=None
[2024-10-08T08:03:49.451+0000] {processor.py:208} INFO - Processing /root/miniconda3/envs/project/lib/python3.8/site-packages/airflow/example_dags/example_time_delta_sensor_async.py took 0.116 seconds
[2024-10-08T08:04:56.513+0000] {processor.py:186} INFO - Started process (PID=208721) to work on /root/miniconda3/envs/project/lib/python3.8/site-packages/airflow/example_dags/example_time_delta_sensor_async.py
[2024-10-08T08:04:56.516+0000] {processor.py:914} INFO - Processing file /root/miniconda3/envs/project/lib/python3.8/site-packages/airflow/example_dags/example_time_delta_sensor_async.py for tasks to queue
[2024-10-08T08:04:56.520+0000] {logging_mixin.py:190} INFO - [2024-10-08T08:04:56.519+0000] {dagbag.py:588} INFO - Filling up the DagBag from /root/miniconda3/envs/project/lib/python3.8/site-packages/airflow/example_dags/example_time_delta_sensor_async.py
[2024-10-08T08:04:56.531+0000] {processor.py:925} INFO - DAG(s) 'example_time_delta_sensor_async' retrieved from /root/miniconda3/envs/project/lib/python3.8/site-packages/airflow/example_dags/example_time_delta_sensor_async.py
[2024-10-08T08:04:56.555+0000] {logging_mixin.py:190} INFO - [2024-10-08T08:04:56.555+0000] {dag.py:3239} INFO - Sync 1 DAGs
[2024-10-08T08:04:56.574+0000] {logging_mixin.py:190} INFO - [2024-10-08T08:04:56.574+0000] {dag.py:4180} INFO - Setting next_dagrun for example_time_delta_sensor_async to None, run_after=None
[2024-10-08T08:04:56.607+0000] {processor.py:208} INFO - Processing /root/miniconda3/envs/project/lib/python3.8/site-packages/airflow/example_dags/example_time_delta_sensor_async.py took 0.106 seconds
[2024-10-08T08:05:57.895+0000] {processor.py:186} INFO - Started process (PID=208906) to work on /root/miniconda3/envs/project/lib/python3.8/site-packages/airflow/example_dags/example_time_delta_sensor_async.py
[2024-10-08T08:05:57.898+0000] {processor.py:914} INFO - Processing file /root/miniconda3/envs/project/lib/python3.8/site-packages/airflow/example_dags/example_time_delta_sensor_async.py for tasks to queue
[2024-10-08T08:05:57.901+0000] {logging_mixin.py:190} INFO - [2024-10-08T08:05:57.900+0000] {dagbag.py:588} INFO - Filling up the DagBag from /root/miniconda3/envs/project/lib/python3.8/site-packages/airflow/example_dags/example_time_delta_sensor_async.py
[2024-10-08T08:05:57.911+0000] {processor.py:925} INFO - DAG(s) 'example_time_delta_sensor_async' retrieved from /root/miniconda3/envs/project/lib/python3.8/site-packages/airflow/example_dags/example_time_delta_sensor_async.py
[2024-10-08T08:05:57.933+0000] {logging_mixin.py:190} INFO - [2024-10-08T08:05:57.933+0000] {dag.py:3239} INFO - Sync 1 DAGs
[2024-10-08T08:05:57.951+0000] {logging_mixin.py:190} INFO - [2024-10-08T08:05:57.951+0000] {dag.py:4180} INFO - Setting next_dagrun for example_time_delta_sensor_async to None, run_after=None
[2024-10-08T08:05:57.984+0000] {processor.py:208} INFO - Processing /root/miniconda3/envs/project/lib/python3.8/site-packages/airflow/example_dags/example_time_delta_sensor_async.py took 0.101 seconds
[2024-10-08T08:07:01.547+0000] {processor.py:186} INFO - Started process (PID=209136) to work on /root/miniconda3/envs/project/lib/python3.8/site-packages/airflow/example_dags/example_time_delta_sensor_async.py
[2024-10-08T08:07:01.550+0000] {processor.py:914} INFO - Processing file /root/miniconda3/envs/project/lib/python3.8/site-packages/airflow/example_dags/example_time_delta_sensor_async.py for tasks to queue
[2024-10-08T08:07:01.553+0000] {logging_mixin.py:190} INFO - [2024-10-08T08:07:01.552+0000] {dagbag.py:588} INFO - Filling up the DagBag from /root/miniconda3/envs/project/lib/python3.8/site-packages/airflow/example_dags/example_time_delta_sensor_async.py
[2024-10-08T08:07:01.564+0000] {processor.py:925} INFO - DAG(s) 'example_time_delta_sensor_async' retrieved from /root/miniconda3/envs/project/lib/python3.8/site-packages/airflow/example_dags/example_time_delta_sensor_async.py
[2024-10-08T08:07:01.588+0000] {logging_mixin.py:190} INFO - [2024-10-08T08:07:01.587+0000] {dag.py:3239} INFO - Sync 1 DAGs
[2024-10-08T08:07:01.607+0000] {logging_mixin.py:190} INFO - [2024-10-08T08:07:01.607+0000] {dag.py:4180} INFO - Setting next_dagrun for example_time_delta_sensor_async to None, run_after=None
[2024-10-08T08:07:01.638+0000] {processor.py:208} INFO - Processing /root/miniconda3/envs/project/lib/python3.8/site-packages/airflow/example_dags/example_time_delta_sensor_async.py took 0.102 seconds
[2024-10-08T08:08:11.361+0000] {processor.py:186} INFO - Started process (PID=209383) to work on /root/miniconda3/envs/project/lib/python3.8/site-packages/airflow/example_dags/example_time_delta_sensor_async.py
[2024-10-08T08:08:11.364+0000] {processor.py:914} INFO - Processing file /root/miniconda3/envs/project/lib/python3.8/site-packages/airflow/example_dags/example_time_delta_sensor_async.py for tasks to queue
[2024-10-08T08:08:11.367+0000] {logging_mixin.py:190} INFO - [2024-10-08T08:08:11.366+0000] {dagbag.py:588} INFO - Filling up the DagBag from /root/miniconda3/envs/project/lib/python3.8/site-packages/airflow/example_dags/example_time_delta_sensor_async.py
[2024-10-08T08:08:11.378+0000] {processor.py:925} INFO - DAG(s) 'example_time_delta_sensor_async' retrieved from /root/miniconda3/envs/project/lib/python3.8/site-packages/airflow/example_dags/example_time_delta_sensor_async.py
[2024-10-08T08:08:11.401+0000] {logging_mixin.py:190} INFO - [2024-10-08T08:08:11.401+0000] {dag.py:3239} INFO - Sync 1 DAGs
[2024-10-08T08:08:11.419+0000] {logging_mixin.py:190} INFO - [2024-10-08T08:08:11.419+0000] {dag.py:4180} INFO - Setting next_dagrun for example_time_delta_sensor_async to None, run_after=None
[2024-10-08T08:08:11.451+0000] {processor.py:208} INFO - Processing /root/miniconda3/envs/project/lib/python3.8/site-packages/airflow/example_dags/example_time_delta_sensor_async.py took 0.100 seconds
[2024-10-08T08:09:39.364+0000] {processor.py:186} INFO - Started process (PID=210030) to work on /root/miniconda3/envs/project/lib/python3.8/site-packages/airflow/example_dags/example_time_delta_sensor_async.py
[2024-10-08T08:09:39.367+0000] {processor.py:914} INFO - Processing file /root/miniconda3/envs/project/lib/python3.8/site-packages/airflow/example_dags/example_time_delta_sensor_async.py for tasks to queue
[2024-10-08T08:09:39.370+0000] {logging_mixin.py:190} INFO - [2024-10-08T08:09:39.369+0000] {dagbag.py:588} INFO - Filling up the DagBag from /root/miniconda3/envs/project/lib/python3.8/site-packages/airflow/example_dags/example_time_delta_sensor_async.py
[2024-10-08T08:09:39.381+0000] {processor.py:925} INFO - DAG(s) 'example_time_delta_sensor_async' retrieved from /root/miniconda3/envs/project/lib/python3.8/site-packages/airflow/example_dags/example_time_delta_sensor_async.py
[2024-10-08T08:09:39.412+0000] {logging_mixin.py:190} INFO - [2024-10-08T08:09:39.412+0000] {dag.py:3239} INFO - Sync 1 DAGs
[2024-10-08T08:09:39.430+0000] {logging_mixin.py:190} INFO - [2024-10-08T08:09:39.430+0000] {dag.py:4180} INFO - Setting next_dagrun for example_time_delta_sensor_async to None, run_after=None
[2024-10-08T08:09:39.461+0000] {processor.py:208} INFO - Processing /root/miniconda3/envs/project/lib/python3.8/site-packages/airflow/example_dags/example_time_delta_sensor_async.py took 0.110 seconds
[2024-10-08T08:11:03.626+0000] {processor.py:186} INFO - Started process (PID=210470) to work on /root/miniconda3/envs/project/lib/python3.8/site-packages/airflow/example_dags/example_time_delta_sensor_async.py
[2024-10-08T08:11:03.629+0000] {processor.py:914} INFO - Processing file /root/miniconda3/envs/project/lib/python3.8/site-packages/airflow/example_dags/example_time_delta_sensor_async.py for tasks to queue
[2024-10-08T08:11:03.633+0000] {logging_mixin.py:190} INFO - [2024-10-08T08:11:03.632+0000] {dagbag.py:588} INFO - Filling up the DagBag from /root/miniconda3/envs/project/lib/python3.8/site-packages/airflow/example_dags/example_time_delta_sensor_async.py
[2024-10-08T08:11:03.644+0000] {processor.py:925} INFO - DAG(s) 'example_time_delta_sensor_async' retrieved from /root/miniconda3/envs/project/lib/python3.8/site-packages/airflow/example_dags/example_time_delta_sensor_async.py
[2024-10-08T08:11:03.676+0000] {logging_mixin.py:190} INFO - [2024-10-08T08:11:03.676+0000] {dag.py:3239} INFO - Sync 1 DAGs
[2024-10-08T08:11:03.695+0000] {logging_mixin.py:190} INFO - [2024-10-08T08:11:03.695+0000] {dag.py:4180} INFO - Setting next_dagrun for example_time_delta_sensor_async to None, run_after=None
[2024-10-08T08:11:03.728+0000] {processor.py:208} INFO - Processing /root/miniconda3/envs/project/lib/python3.8/site-packages/airflow/example_dags/example_time_delta_sensor_async.py took 0.116 seconds
[2024-10-08T08:12:41.754+0000] {processor.py:186} INFO - Started process (PID=211000) to work on /root/miniconda3/envs/project/lib/python3.8/site-packages/airflow/example_dags/example_time_delta_sensor_async.py
[2024-10-08T08:12:41.757+0000] {processor.py:914} INFO - Processing file /root/miniconda3/envs/project/lib/python3.8/site-packages/airflow/example_dags/example_time_delta_sensor_async.py for tasks to queue
[2024-10-08T08:12:41.760+0000] {logging_mixin.py:190} INFO - [2024-10-08T08:12:41.760+0000] {dagbag.py:588} INFO - Filling up the DagBag from /root/miniconda3/envs/project/lib/python3.8/site-packages/airflow/example_dags/example_time_delta_sensor_async.py
[2024-10-08T08:12:41.771+0000] {processor.py:925} INFO - DAG(s) 'example_time_delta_sensor_async' retrieved from /root/miniconda3/envs/project/lib/python3.8/site-packages/airflow/example_dags/example_time_delta_sensor_async.py
[2024-10-08T08:12:41.804+0000] {logging_mixin.py:190} INFO - [2024-10-08T08:12:41.804+0000] {dag.py:3239} INFO - Sync 1 DAGs
[2024-10-08T08:12:41.822+0000] {logging_mixin.py:190} INFO - [2024-10-08T08:12:41.822+0000] {dag.py:4180} INFO - Setting next_dagrun for example_time_delta_sensor_async to None, run_after=None
[2024-10-08T08:12:41.852+0000] {processor.py:208} INFO - Processing /root/miniconda3/envs/project/lib/python3.8/site-packages/airflow/example_dags/example_time_delta_sensor_async.py took 0.110 seconds
[2024-10-08T08:13:47.679+0000] {processor.py:186} INFO - Started process (PID=211230) to work on /root/miniconda3/envs/project/lib/python3.8/site-packages/airflow/example_dags/example_time_delta_sensor_async.py
[2024-10-08T08:13:47.682+0000] {processor.py:914} INFO - Processing file /root/miniconda3/envs/project/lib/python3.8/site-packages/airflow/example_dags/example_time_delta_sensor_async.py for tasks to queue
[2024-10-08T08:13:47.686+0000] {logging_mixin.py:190} INFO - [2024-10-08T08:13:47.685+0000] {dagbag.py:588} INFO - Filling up the DagBag from /root/miniconda3/envs/project/lib/python3.8/site-packages/airflow/example_dags/example_time_delta_sensor_async.py
[2024-10-08T08:13:47.696+0000] {processor.py:925} INFO - DAG(s) 'example_time_delta_sensor_async' retrieved from /root/miniconda3/envs/project/lib/python3.8/site-packages/airflow/example_dags/example_time_delta_sensor_async.py
[2024-10-08T08:13:47.719+0000] {logging_mixin.py:190} INFO - [2024-10-08T08:13:47.719+0000] {dag.py:3239} INFO - Sync 1 DAGs
[2024-10-08T08:13:47.737+0000] {logging_mixin.py:190} INFO - [2024-10-08T08:13:47.737+0000] {dag.py:4180} INFO - Setting next_dagrun for example_time_delta_sensor_async to None, run_after=None
[2024-10-08T08:13:47.771+0000] {processor.py:208} INFO - Processing /root/miniconda3/envs/project/lib/python3.8/site-packages/airflow/example_dags/example_time_delta_sensor_async.py took 0.104 seconds
[2024-10-08T08:14:56.963+0000] {processor.py:186} INFO - Started process (PID=211480) to work on /root/miniconda3/envs/project/lib/python3.8/site-packages/airflow/example_dags/example_time_delta_sensor_async.py
[2024-10-08T08:14:56.966+0000] {processor.py:914} INFO - Processing file /root/miniconda3/envs/project/lib/python3.8/site-packages/airflow/example_dags/example_time_delta_sensor_async.py for tasks to queue
[2024-10-08T08:14:56.970+0000] {logging_mixin.py:190} INFO - [2024-10-08T08:14:56.970+0000] {dagbag.py:588} INFO - Filling up the DagBag from /root/miniconda3/envs/project/lib/python3.8/site-packages/airflow/example_dags/example_time_delta_sensor_async.py
[2024-10-08T08:14:56.980+0000] {processor.py:925} INFO - DAG(s) 'example_time_delta_sensor_async' retrieved from /root/miniconda3/envs/project/lib/python3.8/site-packages/airflow/example_dags/example_time_delta_sensor_async.py
[2024-10-08T08:14:57.004+0000] {logging_mixin.py:190} INFO - [2024-10-08T08:14:57.004+0000] {dag.py:3239} INFO - Sync 1 DAGs
[2024-10-08T08:14:57.023+0000] {logging_mixin.py:190} INFO - [2024-10-08T08:14:57.022+0000] {dag.py:4180} INFO - Setting next_dagrun for example_time_delta_sensor_async to None, run_after=None
[2024-10-08T08:14:57.056+0000] {processor.py:208} INFO - Processing /root/miniconda3/envs/project/lib/python3.8/site-packages/airflow/example_dags/example_time_delta_sensor_async.py took 0.105 seconds
[2024-10-08T08:16:04.519+0000] {processor.py:186} INFO - Started process (PID=211682) to work on /root/miniconda3/envs/project/lib/python3.8/site-packages/airflow/example_dags/example_time_delta_sensor_async.py
[2024-10-08T08:16:04.522+0000] {processor.py:914} INFO - Processing file /root/miniconda3/envs/project/lib/python3.8/site-packages/airflow/example_dags/example_time_delta_sensor_async.py for tasks to queue
[2024-10-08T08:16:04.526+0000] {logging_mixin.py:190} INFO - [2024-10-08T08:16:04.526+0000] {dagbag.py:588} INFO - Filling up the DagBag from /root/miniconda3/envs/project/lib/python3.8/site-packages/airflow/example_dags/example_time_delta_sensor_async.py
[2024-10-08T08:16:04.537+0000] {processor.py:925} INFO - DAG(s) 'example_time_delta_sensor_async' retrieved from /root/miniconda3/envs/project/lib/python3.8/site-packages/airflow/example_dags/example_time_delta_sensor_async.py
[2024-10-08T08:16:04.563+0000] {logging_mixin.py:190} INFO - [2024-10-08T08:16:04.562+0000] {dag.py:3239} INFO - Sync 1 DAGs
[2024-10-08T08:16:04.581+0000] {logging_mixin.py:190} INFO - [2024-10-08T08:16:04.581+0000] {dag.py:4180} INFO - Setting next_dagrun for example_time_delta_sensor_async to None, run_after=None
[2024-10-08T08:16:04.620+0000] {processor.py:208} INFO - Processing /root/miniconda3/envs/project/lib/python3.8/site-packages/airflow/example_dags/example_time_delta_sensor_async.py took 0.112 seconds
[2024-10-08T08:17:15.858+0000] {processor.py:186} INFO - Started process (PID=211892) to work on /root/miniconda3/envs/project/lib/python3.8/site-packages/airflow/example_dags/example_time_delta_sensor_async.py
[2024-10-08T08:17:15.861+0000] {processor.py:914} INFO - Processing file /root/miniconda3/envs/project/lib/python3.8/site-packages/airflow/example_dags/example_time_delta_sensor_async.py for tasks to queue
[2024-10-08T08:17:15.865+0000] {logging_mixin.py:190} INFO - [2024-10-08T08:17:15.865+0000] {dagbag.py:588} INFO - Filling up the DagBag from /root/miniconda3/envs/project/lib/python3.8/site-packages/airflow/example_dags/example_time_delta_sensor_async.py
[2024-10-08T08:17:15.876+0000] {processor.py:925} INFO - DAG(s) 'example_time_delta_sensor_async' retrieved from /root/miniconda3/envs/project/lib/python3.8/site-packages/airflow/example_dags/example_time_delta_sensor_async.py
[2024-10-08T08:17:15.898+0000] {logging_mixin.py:190} INFO - [2024-10-08T08:17:15.898+0000] {dag.py:3239} INFO - Sync 1 DAGs
[2024-10-08T08:17:15.917+0000] {logging_mixin.py:190} INFO - [2024-10-08T08:17:15.916+0000] {dag.py:4180} INFO - Setting next_dagrun for example_time_delta_sensor_async to None, run_after=None
[2024-10-08T08:17:15.948+0000] {processor.py:208} INFO - Processing /root/miniconda3/envs/project/lib/python3.8/site-packages/airflow/example_dags/example_time_delta_sensor_async.py took 0.100 seconds
[2024-10-08T08:18:24.388+0000] {processor.py:186} INFO - Started process (PID=212135) to work on /root/miniconda3/envs/project/lib/python3.8/site-packages/airflow/example_dags/example_time_delta_sensor_async.py
[2024-10-08T08:18:24.391+0000] {processor.py:914} INFO - Processing file /root/miniconda3/envs/project/lib/python3.8/site-packages/airflow/example_dags/example_time_delta_sensor_async.py for tasks to queue
[2024-10-08T08:18:24.394+0000] {logging_mixin.py:190} INFO - [2024-10-08T08:18:24.393+0000] {dagbag.py:588} INFO - Filling up the DagBag from /root/miniconda3/envs/project/lib/python3.8/site-packages/airflow/example_dags/example_time_delta_sensor_async.py
[2024-10-08T08:18:24.405+0000] {processor.py:925} INFO - DAG(s) 'example_time_delta_sensor_async' retrieved from /root/miniconda3/envs/project/lib/python3.8/site-packages/airflow/example_dags/example_time_delta_sensor_async.py
[2024-10-08T08:18:24.430+0000] {logging_mixin.py:190} INFO - [2024-10-08T08:18:24.429+0000] {dag.py:3239} INFO - Sync 1 DAGs
[2024-10-08T08:18:24.449+0000] {logging_mixin.py:190} INFO - [2024-10-08T08:18:24.448+0000] {dag.py:4180} INFO - Setting next_dagrun for example_time_delta_sensor_async to None, run_after=None
[2024-10-08T08:18:24.481+0000] {processor.py:208} INFO - Processing /root/miniconda3/envs/project/lib/python3.8/site-packages/airflow/example_dags/example_time_delta_sensor_async.py took 0.105 seconds
[2024-10-08T08:19:34.192+0000] {processor.py:186} INFO - Started process (PID=212385) to work on /root/miniconda3/envs/project/lib/python3.8/site-packages/airflow/example_dags/example_time_delta_sensor_async.py
[2024-10-08T08:19:34.195+0000] {processor.py:914} INFO - Processing file /root/miniconda3/envs/project/lib/python3.8/site-packages/airflow/example_dags/example_time_delta_sensor_async.py for tasks to queue
[2024-10-08T08:19:34.198+0000] {logging_mixin.py:190} INFO - [2024-10-08T08:19:34.198+0000] {dagbag.py:588} INFO - Filling up the DagBag from /root/miniconda3/envs/project/lib/python3.8/site-packages/airflow/example_dags/example_time_delta_sensor_async.py
[2024-10-08T08:19:34.209+0000] {processor.py:925} INFO - DAG(s) 'example_time_delta_sensor_async' retrieved from /root/miniconda3/envs/project/lib/python3.8/site-packages/airflow/example_dags/example_time_delta_sensor_async.py
[2024-10-08T08:19:34.233+0000] {logging_mixin.py:190} INFO - [2024-10-08T08:19:34.233+0000] {dag.py:3239} INFO - Sync 1 DAGs
[2024-10-08T08:19:34.253+0000] {logging_mixin.py:190} INFO - [2024-10-08T08:19:34.252+0000] {dag.py:4180} INFO - Setting next_dagrun for example_time_delta_sensor_async to None, run_after=None
[2024-10-08T08:19:34.285+0000] {processor.py:208} INFO - Processing /root/miniconda3/envs/project/lib/python3.8/site-packages/airflow/example_dags/example_time_delta_sensor_async.py took 0.103 seconds
[2024-10-08T08:20:42.524+0000] {processor.py:186} INFO - Started process (PID=212571) to work on /root/miniconda3/envs/project/lib/python3.8/site-packages/airflow/example_dags/example_time_delta_sensor_async.py
[2024-10-08T08:20:42.527+0000] {processor.py:914} INFO - Processing file /root/miniconda3/envs/project/lib/python3.8/site-packages/airflow/example_dags/example_time_delta_sensor_async.py for tasks to queue
[2024-10-08T08:20:42.530+0000] {logging_mixin.py:190} INFO - [2024-10-08T08:20:42.530+0000] {dagbag.py:588} INFO - Filling up the DagBag from /root/miniconda3/envs/project/lib/python3.8/site-packages/airflow/example_dags/example_time_delta_sensor_async.py
[2024-10-08T08:20:42.541+0000] {processor.py:925} INFO - DAG(s) 'example_time_delta_sensor_async' retrieved from /root/miniconda3/envs/project/lib/python3.8/site-packages/airflow/example_dags/example_time_delta_sensor_async.py
[2024-10-08T08:20:42.565+0000] {logging_mixin.py:190} INFO - [2024-10-08T08:20:42.565+0000] {dag.py:3239} INFO - Sync 1 DAGs
[2024-10-08T08:20:42.583+0000] {logging_mixin.py:190} INFO - [2024-10-08T08:20:42.583+0000] {dag.py:4180} INFO - Setting next_dagrun for example_time_delta_sensor_async to None, run_after=None
[2024-10-08T08:20:42.615+0000] {processor.py:208} INFO - Processing /root/miniconda3/envs/project/lib/python3.8/site-packages/airflow/example_dags/example_time_delta_sensor_async.py took 0.102 seconds
[2024-10-08T08:21:53.610+0000] {processor.py:186} INFO - Started process (PID=212780) to work on /root/miniconda3/envs/project/lib/python3.8/site-packages/airflow/example_dags/example_time_delta_sensor_async.py
[2024-10-08T08:21:53.613+0000] {processor.py:914} INFO - Processing file /root/miniconda3/envs/project/lib/python3.8/site-packages/airflow/example_dags/example_time_delta_sensor_async.py for tasks to queue
[2024-10-08T08:21:53.616+0000] {logging_mixin.py:190} INFO - [2024-10-08T08:21:53.616+0000] {dagbag.py:588} INFO - Filling up the DagBag from /root/miniconda3/envs/project/lib/python3.8/site-packages/airflow/example_dags/example_time_delta_sensor_async.py
[2024-10-08T08:21:53.627+0000] {processor.py:925} INFO - DAG(s) 'example_time_delta_sensor_async' retrieved from /root/miniconda3/envs/project/lib/python3.8/site-packages/airflow/example_dags/example_time_delta_sensor_async.py
[2024-10-08T08:21:53.649+0000] {logging_mixin.py:190} INFO - [2024-10-08T08:21:53.649+0000] {dag.py:3239} INFO - Sync 1 DAGs
[2024-10-08T08:21:53.667+0000] {logging_mixin.py:190} INFO - [2024-10-08T08:21:53.667+0000] {dag.py:4180} INFO - Setting next_dagrun for example_time_delta_sensor_async to None, run_after=None
[2024-10-08T08:21:53.703+0000] {processor.py:208} INFO - Processing /root/miniconda3/envs/project/lib/python3.8/site-packages/airflow/example_dags/example_time_delta_sensor_async.py took 0.105 seconds
[2024-10-08T08:23:01.522+0000] {processor.py:186} INFO - Started process (PID=213025) to work on /root/miniconda3/envs/project/lib/python3.8/site-packages/airflow/example_dags/example_time_delta_sensor_async.py
[2024-10-08T08:23:01.525+0000] {processor.py:914} INFO - Processing file /root/miniconda3/envs/project/lib/python3.8/site-packages/airflow/example_dags/example_time_delta_sensor_async.py for tasks to queue
[2024-10-08T08:23:01.528+0000] {logging_mixin.py:190} INFO - [2024-10-08T08:23:01.527+0000] {dagbag.py:588} INFO - Filling up the DagBag from /root/miniconda3/envs/project/lib/python3.8/site-packages/airflow/example_dags/example_time_delta_sensor_async.py
[2024-10-08T08:23:01.539+0000] {processor.py:925} INFO - DAG(s) 'example_time_delta_sensor_async' retrieved from /root/miniconda3/envs/project/lib/python3.8/site-packages/airflow/example_dags/example_time_delta_sensor_async.py
[2024-10-08T08:23:01.561+0000] {logging_mixin.py:190} INFO - [2024-10-08T08:23:01.561+0000] {dag.py:3239} INFO - Sync 1 DAGs
[2024-10-08T08:23:01.579+0000] {logging_mixin.py:190} INFO - [2024-10-08T08:23:01.579+0000] {dag.py:4180} INFO - Setting next_dagrun for example_time_delta_sensor_async to None, run_after=None
[2024-10-08T08:23:01.614+0000] {processor.py:208} INFO - Processing /root/miniconda3/envs/project/lib/python3.8/site-packages/airflow/example_dags/example_time_delta_sensor_async.py took 0.102 seconds
[2024-10-08T08:24:05.868+0000] {processor.py:186} INFO - Started process (PID=213213) to work on /root/miniconda3/envs/project/lib/python3.8/site-packages/airflow/example_dags/example_time_delta_sensor_async.py
[2024-10-08T08:24:05.870+0000] {processor.py:914} INFO - Processing file /root/miniconda3/envs/project/lib/python3.8/site-packages/airflow/example_dags/example_time_delta_sensor_async.py for tasks to queue
[2024-10-08T08:24:05.873+0000] {logging_mixin.py:190} INFO - [2024-10-08T08:24:05.873+0000] {dagbag.py:588} INFO - Filling up the DagBag from /root/miniconda3/envs/project/lib/python3.8/site-packages/airflow/example_dags/example_time_delta_sensor_async.py
[2024-10-08T08:24:05.884+0000] {processor.py:925} INFO - DAG(s) 'example_time_delta_sensor_async' retrieved from /root/miniconda3/envs/project/lib/python3.8/site-packages/airflow/example_dags/example_time_delta_sensor_async.py
[2024-10-08T08:24:05.907+0000] {logging_mixin.py:190} INFO - [2024-10-08T08:24:05.907+0000] {dag.py:3239} INFO - Sync 1 DAGs
[2024-10-08T08:24:05.925+0000] {logging_mixin.py:190} INFO - [2024-10-08T08:24:05.925+0000] {dag.py:4180} INFO - Setting next_dagrun for example_time_delta_sensor_async to None, run_after=None
[2024-10-08T08:24:05.959+0000] {processor.py:208} INFO - Processing /root/miniconda3/envs/project/lib/python3.8/site-packages/airflow/example_dags/example_time_delta_sensor_async.py took 0.102 seconds
[2024-10-08T08:36:53.960+0000] {processor.py:186} INFO - Started process (PID=214760) to work on /root/miniconda3/envs/project/lib/python3.8/site-packages/airflow/example_dags/example_time_delta_sensor_async.py
[2024-10-08T08:36:53.963+0000] {processor.py:914} INFO - Processing file /root/miniconda3/envs/project/lib/python3.8/site-packages/airflow/example_dags/example_time_delta_sensor_async.py for tasks to queue
[2024-10-08T08:36:53.966+0000] {logging_mixin.py:190} INFO - [2024-10-08T08:36:53.966+0000] {dagbag.py:588} INFO - Filling up the DagBag from /root/miniconda3/envs/project/lib/python3.8/site-packages/airflow/example_dags/example_time_delta_sensor_async.py
[2024-10-08T08:36:53.977+0000] {processor.py:925} INFO - DAG(s) 'example_time_delta_sensor_async' retrieved from /root/miniconda3/envs/project/lib/python3.8/site-packages/airflow/example_dags/example_time_delta_sensor_async.py
[2024-10-08T08:36:54.008+0000] {logging_mixin.py:190} INFO - [2024-10-08T08:36:54.008+0000] {dag.py:3239} INFO - Sync 1 DAGs
[2024-10-08T08:36:54.026+0000] {logging_mixin.py:190} INFO - [2024-10-08T08:36:54.025+0000] {dag.py:4180} INFO - Setting next_dagrun for example_time_delta_sensor_async to None, run_after=None
[2024-10-08T08:36:54.057+0000] {processor.py:208} INFO - Processing /root/miniconda3/envs/project/lib/python3.8/site-packages/airflow/example_dags/example_time_delta_sensor_async.py took 0.115 seconds
[2024-10-08T08:38:02.617+0000] {processor.py:186} INFO - Started process (PID=215185) to work on /root/miniconda3/envs/project/lib/python3.8/site-packages/airflow/example_dags/example_time_delta_sensor_async.py
[2024-10-08T08:38:02.620+0000] {processor.py:914} INFO - Processing file /root/miniconda3/envs/project/lib/python3.8/site-packages/airflow/example_dags/example_time_delta_sensor_async.py for tasks to queue
[2024-10-08T08:38:02.624+0000] {logging_mixin.py:190} INFO - [2024-10-08T08:38:02.624+0000] {dagbag.py:588} INFO - Filling up the DagBag from /root/miniconda3/envs/project/lib/python3.8/site-packages/airflow/example_dags/example_time_delta_sensor_async.py
[2024-10-08T08:38:02.634+0000] {processor.py:925} INFO - DAG(s) 'example_time_delta_sensor_async' retrieved from /root/miniconda3/envs/project/lib/python3.8/site-packages/airflow/example_dags/example_time_delta_sensor_async.py
[2024-10-08T08:38:02.658+0000] {logging_mixin.py:190} INFO - [2024-10-08T08:38:02.657+0000] {dag.py:3239} INFO - Sync 1 DAGs
[2024-10-08T08:38:02.675+0000] {logging_mixin.py:190} INFO - [2024-10-08T08:38:02.675+0000] {dag.py:4180} INFO - Setting next_dagrun for example_time_delta_sensor_async to None, run_after=None
[2024-10-08T08:38:02.707+0000] {processor.py:208} INFO - Processing /root/miniconda3/envs/project/lib/python3.8/site-packages/airflow/example_dags/example_time_delta_sensor_async.py took 0.100 seconds
[2024-10-08T08:39:11.926+0000] {processor.py:186} INFO - Started process (PID=215588) to work on /root/miniconda3/envs/project/lib/python3.8/site-packages/airflow/example_dags/example_time_delta_sensor_async.py
[2024-10-08T08:39:11.929+0000] {processor.py:914} INFO - Processing file /root/miniconda3/envs/project/lib/python3.8/site-packages/airflow/example_dags/example_time_delta_sensor_async.py for tasks to queue
[2024-10-08T08:39:11.933+0000] {logging_mixin.py:190} INFO - [2024-10-08T08:39:11.932+0000] {dagbag.py:588} INFO - Filling up the DagBag from /root/miniconda3/envs/project/lib/python3.8/site-packages/airflow/example_dags/example_time_delta_sensor_async.py
[2024-10-08T08:39:11.943+0000] {processor.py:925} INFO - DAG(s) 'example_time_delta_sensor_async' retrieved from /root/miniconda3/envs/project/lib/python3.8/site-packages/airflow/example_dags/example_time_delta_sensor_async.py
[2024-10-08T08:39:11.967+0000] {logging_mixin.py:190} INFO - [2024-10-08T08:39:11.967+0000] {dag.py:3239} INFO - Sync 1 DAGs
[2024-10-08T08:39:11.985+0000] {logging_mixin.py:190} INFO - [2024-10-08T08:39:11.984+0000] {dag.py:4180} INFO - Setting next_dagrun for example_time_delta_sensor_async to None, run_after=None
[2024-10-08T08:39:12.016+0000] {processor.py:208} INFO - Processing /root/miniconda3/envs/project/lib/python3.8/site-packages/airflow/example_dags/example_time_delta_sensor_async.py took 0.102 seconds
[2024-10-08T08:40:22.399+0000] {processor.py:186} INFO - Started process (PID=215816) to work on /root/miniconda3/envs/project/lib/python3.8/site-packages/airflow/example_dags/example_time_delta_sensor_async.py
[2024-10-08T08:40:22.402+0000] {processor.py:914} INFO - Processing file /root/miniconda3/envs/project/lib/python3.8/site-packages/airflow/example_dags/example_time_delta_sensor_async.py for tasks to queue
[2024-10-08T08:40:22.405+0000] {logging_mixin.py:190} INFO - [2024-10-08T08:40:22.405+0000] {dagbag.py:588} INFO - Filling up the DagBag from /root/miniconda3/envs/project/lib/python3.8/site-packages/airflow/example_dags/example_time_delta_sensor_async.py
[2024-10-08T08:40:22.417+0000] {processor.py:925} INFO - DAG(s) 'example_time_delta_sensor_async' retrieved from /root/miniconda3/envs/project/lib/python3.8/site-packages/airflow/example_dags/example_time_delta_sensor_async.py
[2024-10-08T08:40:22.440+0000] {logging_mixin.py:190} INFO - [2024-10-08T08:40:22.440+0000] {dag.py:3239} INFO - Sync 1 DAGs
[2024-10-08T08:40:22.459+0000] {logging_mixin.py:190} INFO - [2024-10-08T08:40:22.459+0000] {dag.py:4180} INFO - Setting next_dagrun for example_time_delta_sensor_async to None, run_after=None
[2024-10-08T08:40:22.491+0000] {processor.py:208} INFO - Processing /root/miniconda3/envs/project/lib/python3.8/site-packages/airflow/example_dags/example_time_delta_sensor_async.py took 0.103 seconds
[2024-10-08T08:41:30.423+0000] {processor.py:186} INFO - Started process (PID=216288) to work on /root/miniconda3/envs/project/lib/python3.8/site-packages/airflow/example_dags/example_time_delta_sensor_async.py
[2024-10-08T08:41:30.426+0000] {processor.py:914} INFO - Processing file /root/miniconda3/envs/project/lib/python3.8/site-packages/airflow/example_dags/example_time_delta_sensor_async.py for tasks to queue
[2024-10-08T08:41:30.430+0000] {logging_mixin.py:190} INFO - [2024-10-08T08:41:30.429+0000] {dagbag.py:588} INFO - Filling up the DagBag from /root/miniconda3/envs/project/lib/python3.8/site-packages/airflow/example_dags/example_time_delta_sensor_async.py
[2024-10-08T08:41:30.441+0000] {processor.py:925} INFO - DAG(s) 'example_time_delta_sensor_async' retrieved from /root/miniconda3/envs/project/lib/python3.8/site-packages/airflow/example_dags/example_time_delta_sensor_async.py
[2024-10-08T08:41:30.466+0000] {logging_mixin.py:190} INFO - [2024-10-08T08:41:30.465+0000] {dag.py:3239} INFO - Sync 1 DAGs
[2024-10-08T08:41:30.485+0000] {logging_mixin.py:190} INFO - [2024-10-08T08:41:30.484+0000] {dag.py:4180} INFO - Setting next_dagrun for example_time_delta_sensor_async to None, run_after=None
[2024-10-08T08:41:30.519+0000] {processor.py:208} INFO - Processing /root/miniconda3/envs/project/lib/python3.8/site-packages/airflow/example_dags/example_time_delta_sensor_async.py took 0.107 seconds
[2024-10-08T08:42:37.238+0000] {processor.py:186} INFO - Started process (PID=216626) to work on /root/miniconda3/envs/project/lib/python3.8/site-packages/airflow/example_dags/example_time_delta_sensor_async.py
[2024-10-08T08:42:37.240+0000] {processor.py:914} INFO - Processing file /root/miniconda3/envs/project/lib/python3.8/site-packages/airflow/example_dags/example_time_delta_sensor_async.py for tasks to queue
[2024-10-08T08:42:37.244+0000] {logging_mixin.py:190} INFO - [2024-10-08T08:42:37.243+0000] {dagbag.py:588} INFO - Filling up the DagBag from /root/miniconda3/envs/project/lib/python3.8/site-packages/airflow/example_dags/example_time_delta_sensor_async.py
[2024-10-08T08:42:37.255+0000] {processor.py:925} INFO - DAG(s) 'example_time_delta_sensor_async' retrieved from /root/miniconda3/envs/project/lib/python3.8/site-packages/airflow/example_dags/example_time_delta_sensor_async.py
[2024-10-08T08:42:37.279+0000] {logging_mixin.py:190} INFO - [2024-10-08T08:42:37.279+0000] {dag.py:3239} INFO - Sync 1 DAGs
[2024-10-08T08:42:37.298+0000] {logging_mixin.py:190} INFO - [2024-10-08T08:42:37.297+0000] {dag.py:4180} INFO - Setting next_dagrun for example_time_delta_sensor_async to None, run_after=None
[2024-10-08T08:42:37.332+0000] {processor.py:208} INFO - Processing /root/miniconda3/envs/project/lib/python3.8/site-packages/airflow/example_dags/example_time_delta_sensor_async.py took 0.107 seconds
[2024-10-08T08:43:44.157+0000] {processor.py:186} INFO - Started process (PID=216894) to work on /root/miniconda3/envs/project/lib/python3.8/site-packages/airflow/example_dags/example_time_delta_sensor_async.py
[2024-10-08T08:43:44.160+0000] {processor.py:914} INFO - Processing file /root/miniconda3/envs/project/lib/python3.8/site-packages/airflow/example_dags/example_time_delta_sensor_async.py for tasks to queue
[2024-10-08T08:43:44.164+0000] {logging_mixin.py:190} INFO - [2024-10-08T08:43:44.163+0000] {dagbag.py:588} INFO - Filling up the DagBag from /root/miniconda3/envs/project/lib/python3.8/site-packages/airflow/example_dags/example_time_delta_sensor_async.py
[2024-10-08T08:43:44.174+0000] {processor.py:925} INFO - DAG(s) 'example_time_delta_sensor_async' retrieved from /root/miniconda3/envs/project/lib/python3.8/site-packages/airflow/example_dags/example_time_delta_sensor_async.py
[2024-10-08T08:43:44.198+0000] {logging_mixin.py:190} INFO - [2024-10-08T08:43:44.198+0000] {dag.py:3239} INFO - Sync 1 DAGs
[2024-10-08T08:43:44.217+0000] {logging_mixin.py:190} INFO - [2024-10-08T08:43:44.216+0000] {dag.py:4180} INFO - Setting next_dagrun for example_time_delta_sensor_async to None, run_after=None
[2024-10-08T08:43:44.250+0000] {processor.py:208} INFO - Processing /root/miniconda3/envs/project/lib/python3.8/site-packages/airflow/example_dags/example_time_delta_sensor_async.py took 0.106 seconds
[2024-10-08T08:44:56.425+0000] {processor.py:186} INFO - Started process (PID=217123) to work on /root/miniconda3/envs/project/lib/python3.8/site-packages/airflow/example_dags/example_time_delta_sensor_async.py
[2024-10-08T08:44:56.429+0000] {processor.py:914} INFO - Processing file /root/miniconda3/envs/project/lib/python3.8/site-packages/airflow/example_dags/example_time_delta_sensor_async.py for tasks to queue
[2024-10-08T08:44:56.432+0000] {logging_mixin.py:190} INFO - [2024-10-08T08:44:56.432+0000] {dagbag.py:588} INFO - Filling up the DagBag from /root/miniconda3/envs/project/lib/python3.8/site-packages/airflow/example_dags/example_time_delta_sensor_async.py
[2024-10-08T08:44:56.444+0000] {processor.py:925} INFO - DAG(s) 'example_time_delta_sensor_async' retrieved from /root/miniconda3/envs/project/lib/python3.8/site-packages/airflow/example_dags/example_time_delta_sensor_async.py
[2024-10-08T08:44:56.468+0000] {logging_mixin.py:190} INFO - [2024-10-08T08:44:56.468+0000] {dag.py:3239} INFO - Sync 1 DAGs
[2024-10-08T08:44:56.487+0000] {logging_mixin.py:190} INFO - [2024-10-08T08:44:56.486+0000] {dag.py:4180} INFO - Setting next_dagrun for example_time_delta_sensor_async to None, run_after=None
[2024-10-08T08:44:56.518+0000] {processor.py:208} INFO - Processing /root/miniconda3/envs/project/lib/python3.8/site-packages/airflow/example_dags/example_time_delta_sensor_async.py took 0.104 seconds
[2024-10-08T08:46:10.634+0000] {processor.py:186} INFO - Started process (PID=217351) to work on /root/miniconda3/envs/project/lib/python3.8/site-packages/airflow/example_dags/example_time_delta_sensor_async.py
[2024-10-08T08:46:10.636+0000] {processor.py:914} INFO - Processing file /root/miniconda3/envs/project/lib/python3.8/site-packages/airflow/example_dags/example_time_delta_sensor_async.py for tasks to queue
[2024-10-08T08:46:10.640+0000] {logging_mixin.py:190} INFO - [2024-10-08T08:46:10.639+0000] {dagbag.py:588} INFO - Filling up the DagBag from /root/miniconda3/envs/project/lib/python3.8/site-packages/airflow/example_dags/example_time_delta_sensor_async.py
[2024-10-08T08:46:10.650+0000] {processor.py:925} INFO - DAG(s) 'example_time_delta_sensor_async' retrieved from /root/miniconda3/envs/project/lib/python3.8/site-packages/airflow/example_dags/example_time_delta_sensor_async.py
[2024-10-08T08:46:10.673+0000] {logging_mixin.py:190} INFO - [2024-10-08T08:46:10.673+0000] {dag.py:3239} INFO - Sync 1 DAGs
[2024-10-08T08:46:10.692+0000] {logging_mixin.py:190} INFO - [2024-10-08T08:46:10.692+0000] {dag.py:4180} INFO - Setting next_dagrun for example_time_delta_sensor_async to None, run_after=None
[2024-10-08T08:46:10.726+0000] {processor.py:208} INFO - Processing /root/miniconda3/envs/project/lib/python3.8/site-packages/airflow/example_dags/example_time_delta_sensor_async.py took 0.104 seconds
[2024-10-08T08:47:22.044+0000] {processor.py:186} INFO - Started process (PID=217757) to work on /root/miniconda3/envs/project/lib/python3.8/site-packages/airflow/example_dags/example_time_delta_sensor_async.py
[2024-10-08T08:47:22.047+0000] {processor.py:914} INFO - Processing file /root/miniconda3/envs/project/lib/python3.8/site-packages/airflow/example_dags/example_time_delta_sensor_async.py for tasks to queue
[2024-10-08T08:47:22.050+0000] {logging_mixin.py:190} INFO - [2024-10-08T08:47:22.050+0000] {dagbag.py:588} INFO - Filling up the DagBag from /root/miniconda3/envs/project/lib/python3.8/site-packages/airflow/example_dags/example_time_delta_sensor_async.py
[2024-10-08T08:47:22.061+0000] {processor.py:925} INFO - DAG(s) 'example_time_delta_sensor_async' retrieved from /root/miniconda3/envs/project/lib/python3.8/site-packages/airflow/example_dags/example_time_delta_sensor_async.py
[2024-10-08T08:47:22.084+0000] {logging_mixin.py:190} INFO - [2024-10-08T08:47:22.084+0000] {dag.py:3239} INFO - Sync 1 DAGs
[2024-10-08T08:47:22.102+0000] {logging_mixin.py:190} INFO - [2024-10-08T08:47:22.102+0000] {dag.py:4180} INFO - Setting next_dagrun for example_time_delta_sensor_async to None, run_after=None
[2024-10-08T08:47:22.134+0000] {processor.py:208} INFO - Processing /root/miniconda3/envs/project/lib/python3.8/site-packages/airflow/example_dags/example_time_delta_sensor_async.py took 0.100 seconds
[2024-10-08T08:48:35.509+0000] {processor.py:186} INFO - Started process (PID=218004) to work on /root/miniconda3/envs/project/lib/python3.8/site-packages/airflow/example_dags/example_time_delta_sensor_async.py
[2024-10-08T08:48:35.512+0000] {processor.py:914} INFO - Processing file /root/miniconda3/envs/project/lib/python3.8/site-packages/airflow/example_dags/example_time_delta_sensor_async.py for tasks to queue
[2024-10-08T08:48:35.515+0000] {logging_mixin.py:190} INFO - [2024-10-08T08:48:35.514+0000] {dagbag.py:588} INFO - Filling up the DagBag from /root/miniconda3/envs/project/lib/python3.8/site-packages/airflow/example_dags/example_time_delta_sensor_async.py
[2024-10-08T08:48:35.525+0000] {processor.py:925} INFO - DAG(s) 'example_time_delta_sensor_async' retrieved from /root/miniconda3/envs/project/lib/python3.8/site-packages/airflow/example_dags/example_time_delta_sensor_async.py
[2024-10-08T08:48:35.548+0000] {logging_mixin.py:190} INFO - [2024-10-08T08:48:35.547+0000] {dag.py:3239} INFO - Sync 1 DAGs
[2024-10-08T08:48:35.566+0000] {logging_mixin.py:190} INFO - [2024-10-08T08:48:35.566+0000] {dag.py:4180} INFO - Setting next_dagrun for example_time_delta_sensor_async to None, run_after=None
[2024-10-08T08:48:35.599+0000] {processor.py:208} INFO - Processing /root/miniconda3/envs/project/lib/python3.8/site-packages/airflow/example_dags/example_time_delta_sensor_async.py took 0.101 seconds
[2024-10-08T08:49:45.090+0000] {processor.py:186} INFO - Started process (PID=218283) to work on /root/miniconda3/envs/project/lib/python3.8/site-packages/airflow/example_dags/example_time_delta_sensor_async.py
[2024-10-08T08:49:45.093+0000] {processor.py:914} INFO - Processing file /root/miniconda3/envs/project/lib/python3.8/site-packages/airflow/example_dags/example_time_delta_sensor_async.py for tasks to queue
[2024-10-08T08:49:45.097+0000] {logging_mixin.py:190} INFO - [2024-10-08T08:49:45.096+0000] {dagbag.py:588} INFO - Filling up the DagBag from /root/miniconda3/envs/project/lib/python3.8/site-packages/airflow/example_dags/example_time_delta_sensor_async.py
[2024-10-08T08:49:45.108+0000] {processor.py:925} INFO - DAG(s) 'example_time_delta_sensor_async' retrieved from /root/miniconda3/envs/project/lib/python3.8/site-packages/airflow/example_dags/example_time_delta_sensor_async.py
[2024-10-08T08:49:45.133+0000] {logging_mixin.py:190} INFO - [2024-10-08T08:49:45.132+0000] {dag.py:3239} INFO - Sync 1 DAGs
[2024-10-08T08:49:45.151+0000] {logging_mixin.py:190} INFO - [2024-10-08T08:49:45.151+0000] {dag.py:4180} INFO - Setting next_dagrun for example_time_delta_sensor_async to None, run_after=None
[2024-10-08T08:49:45.183+0000] {processor.py:208} INFO - Processing /root/miniconda3/envs/project/lib/python3.8/site-packages/airflow/example_dags/example_time_delta_sensor_async.py took 0.105 seconds
[2024-10-08T08:50:54.538+0000] {processor.py:186} INFO - Started process (PID=218629) to work on /root/miniconda3/envs/project/lib/python3.8/site-packages/airflow/example_dags/example_time_delta_sensor_async.py
[2024-10-08T08:50:54.541+0000] {processor.py:914} INFO - Processing file /root/miniconda3/envs/project/lib/python3.8/site-packages/airflow/example_dags/example_time_delta_sensor_async.py for tasks to queue
[2024-10-08T08:50:54.545+0000] {logging_mixin.py:190} INFO - [2024-10-08T08:50:54.544+0000] {dagbag.py:588} INFO - Filling up the DagBag from /root/miniconda3/envs/project/lib/python3.8/site-packages/airflow/example_dags/example_time_delta_sensor_async.py
[2024-10-08T08:50:54.555+0000] {processor.py:925} INFO - DAG(s) 'example_time_delta_sensor_async' retrieved from /root/miniconda3/envs/project/lib/python3.8/site-packages/airflow/example_dags/example_time_delta_sensor_async.py
[2024-10-08T08:50:54.578+0000] {logging_mixin.py:190} INFO - [2024-10-08T08:50:54.578+0000] {dag.py:3239} INFO - Sync 1 DAGs
[2024-10-08T08:50:54.596+0000] {logging_mixin.py:190} INFO - [2024-10-08T08:50:54.596+0000] {dag.py:4180} INFO - Setting next_dagrun for example_time_delta_sensor_async to None, run_after=None
[2024-10-08T08:50:54.626+0000] {processor.py:208} INFO - Processing /root/miniconda3/envs/project/lib/python3.8/site-packages/airflow/example_dags/example_time_delta_sensor_async.py took 0.099 seconds
[2024-10-08T09:03:19.393+0000] {processor.py:186} INFO - Started process (PID=219426) to work on /root/miniconda3/envs/project/lib/python3.8/site-packages/airflow/example_dags/example_time_delta_sensor_async.py
[2024-10-08T09:03:19.396+0000] {processor.py:914} INFO - Processing file /root/miniconda3/envs/project/lib/python3.8/site-packages/airflow/example_dags/example_time_delta_sensor_async.py for tasks to queue
[2024-10-08T09:03:19.400+0000] {logging_mixin.py:190} INFO - [2024-10-08T09:03:19.399+0000] {dagbag.py:588} INFO - Filling up the DagBag from /root/miniconda3/envs/project/lib/python3.8/site-packages/airflow/example_dags/example_time_delta_sensor_async.py
[2024-10-08T09:03:19.412+0000] {processor.py:925} INFO - DAG(s) 'example_time_delta_sensor_async' retrieved from /root/miniconda3/envs/project/lib/python3.8/site-packages/airflow/example_dags/example_time_delta_sensor_async.py
[2024-10-08T09:03:19.449+0000] {logging_mixin.py:190} INFO - [2024-10-08T09:03:19.449+0000] {dag.py:3239} INFO - Sync 1 DAGs
[2024-10-08T09:03:19.468+0000] {logging_mixin.py:190} INFO - [2024-10-08T09:03:19.468+0000] {dag.py:4180} INFO - Setting next_dagrun for example_time_delta_sensor_async to None, run_after=None
[2024-10-08T09:03:19.500+0000] {processor.py:208} INFO - Processing /root/miniconda3/envs/project/lib/python3.8/site-packages/airflow/example_dags/example_time_delta_sensor_async.py took 0.123 seconds
[2024-10-08T09:05:00.179+0000] {processor.py:186} INFO - Started process (PID=219980) to work on /root/miniconda3/envs/project/lib/python3.8/site-packages/airflow/example_dags/example_time_delta_sensor_async.py
[2024-10-08T09:05:00.182+0000] {processor.py:914} INFO - Processing file /root/miniconda3/envs/project/lib/python3.8/site-packages/airflow/example_dags/example_time_delta_sensor_async.py for tasks to queue
[2024-10-08T09:05:00.186+0000] {logging_mixin.py:190} INFO - [2024-10-08T09:05:00.185+0000] {dagbag.py:588} INFO - Filling up the DagBag from /root/miniconda3/envs/project/lib/python3.8/site-packages/airflow/example_dags/example_time_delta_sensor_async.py
[2024-10-08T09:05:00.197+0000] {processor.py:925} INFO - DAG(s) 'example_time_delta_sensor_async' retrieved from /root/miniconda3/envs/project/lib/python3.8/site-packages/airflow/example_dags/example_time_delta_sensor_async.py
[2024-10-08T09:05:00.231+0000] {logging_mixin.py:190} INFO - [2024-10-08T09:05:00.231+0000] {dag.py:3239} INFO - Sync 1 DAGs
[2024-10-08T09:05:00.251+0000] {logging_mixin.py:190} INFO - [2024-10-08T09:05:00.251+0000] {dag.py:4180} INFO - Setting next_dagrun for example_time_delta_sensor_async to None, run_after=None
[2024-10-08T09:05:00.283+0000] {processor.py:208} INFO - Processing /root/miniconda3/envs/project/lib/python3.8/site-packages/airflow/example_dags/example_time_delta_sensor_async.py took 0.118 seconds
[2024-10-08T09:08:32.585+0000] {processor.py:186} INFO - Started process (PID=220766) to work on /root/miniconda3/envs/project/lib/python3.8/site-packages/airflow/example_dags/example_time_delta_sensor_async.py
[2024-10-08T09:08:32.588+0000] {processor.py:914} INFO - Processing file /root/miniconda3/envs/project/lib/python3.8/site-packages/airflow/example_dags/example_time_delta_sensor_async.py for tasks to queue
[2024-10-08T09:08:32.591+0000] {logging_mixin.py:190} INFO - [2024-10-08T09:08:32.591+0000] {dagbag.py:588} INFO - Filling up the DagBag from /root/miniconda3/envs/project/lib/python3.8/site-packages/airflow/example_dags/example_time_delta_sensor_async.py
[2024-10-08T09:08:32.602+0000] {processor.py:925} INFO - DAG(s) 'example_time_delta_sensor_async' retrieved from /root/miniconda3/envs/project/lib/python3.8/site-packages/airflow/example_dags/example_time_delta_sensor_async.py
[2024-10-08T09:08:32.634+0000] {logging_mixin.py:190} INFO - [2024-10-08T09:08:32.634+0000] {dag.py:3239} INFO - Sync 1 DAGs
[2024-10-08T09:08:32.652+0000] {logging_mixin.py:190} INFO - [2024-10-08T09:08:32.652+0000] {dag.py:4180} INFO - Setting next_dagrun for example_time_delta_sensor_async to None, run_after=None
[2024-10-08T09:08:32.685+0000] {processor.py:208} INFO - Processing /root/miniconda3/envs/project/lib/python3.8/site-packages/airflow/example_dags/example_time_delta_sensor_async.py took 0.115 seconds
[2024-10-08T09:10:00.944+0000] {processor.py:186} INFO - Started process (PID=221339) to work on /root/miniconda3/envs/project/lib/python3.8/site-packages/airflow/example_dags/example_time_delta_sensor_async.py
[2024-10-08T09:10:00.947+0000] {processor.py:914} INFO - Processing file /root/miniconda3/envs/project/lib/python3.8/site-packages/airflow/example_dags/example_time_delta_sensor_async.py for tasks to queue
[2024-10-08T09:10:00.951+0000] {logging_mixin.py:190} INFO - [2024-10-08T09:10:00.950+0000] {dagbag.py:588} INFO - Filling up the DagBag from /root/miniconda3/envs/project/lib/python3.8/site-packages/airflow/example_dags/example_time_delta_sensor_async.py
[2024-10-08T09:10:00.962+0000] {processor.py:925} INFO - DAG(s) 'example_time_delta_sensor_async' retrieved from /root/miniconda3/envs/project/lib/python3.8/site-packages/airflow/example_dags/example_time_delta_sensor_async.py
[2024-10-08T09:10:00.995+0000] {logging_mixin.py:190} INFO - [2024-10-08T09:10:00.995+0000] {dag.py:3239} INFO - Sync 1 DAGs
[2024-10-08T09:10:01.013+0000] {logging_mixin.py:190} INFO - [2024-10-08T09:10:01.013+0000] {dag.py:4180} INFO - Setting next_dagrun for example_time_delta_sensor_async to None, run_after=None
[2024-10-08T09:10:01.047+0000] {processor.py:208} INFO - Processing /root/miniconda3/envs/project/lib/python3.8/site-packages/airflow/example_dags/example_time_delta_sensor_async.py took 0.117 seconds
[2024-10-08T09:11:09.874+0000] {processor.py:186} INFO - Started process (PID=221692) to work on /root/miniconda3/envs/project/lib/python3.8/site-packages/airflow/example_dags/example_time_delta_sensor_async.py
[2024-10-08T09:11:09.877+0000] {processor.py:914} INFO - Processing file /root/miniconda3/envs/project/lib/python3.8/site-packages/airflow/example_dags/example_time_delta_sensor_async.py for tasks to queue
[2024-10-08T09:11:09.881+0000] {logging_mixin.py:190} INFO - [2024-10-08T09:11:09.880+0000] {dagbag.py:588} INFO - Filling up the DagBag from /root/miniconda3/envs/project/lib/python3.8/site-packages/airflow/example_dags/example_time_delta_sensor_async.py
[2024-10-08T09:11:09.891+0000] {processor.py:925} INFO - DAG(s) 'example_time_delta_sensor_async' retrieved from /root/miniconda3/envs/project/lib/python3.8/site-packages/airflow/example_dags/example_time_delta_sensor_async.py
[2024-10-08T09:11:09.914+0000] {logging_mixin.py:190} INFO - [2024-10-08T09:11:09.914+0000] {dag.py:3239} INFO - Sync 1 DAGs
[2024-10-08T09:11:09.932+0000] {logging_mixin.py:190} INFO - [2024-10-08T09:11:09.932+0000] {dag.py:4180} INFO - Setting next_dagrun for example_time_delta_sensor_async to None, run_after=None
[2024-10-08T09:11:09.965+0000] {processor.py:208} INFO - Processing /root/miniconda3/envs/project/lib/python3.8/site-packages/airflow/example_dags/example_time_delta_sensor_async.py took 0.103 seconds
[2024-10-08T09:12:11.554+0000] {processor.py:186} INFO - Started process (PID=222014) to work on /root/miniconda3/envs/project/lib/python3.8/site-packages/airflow/example_dags/example_time_delta_sensor_async.py
[2024-10-08T09:12:11.558+0000] {processor.py:914} INFO - Processing file /root/miniconda3/envs/project/lib/python3.8/site-packages/airflow/example_dags/example_time_delta_sensor_async.py for tasks to queue
[2024-10-08T09:12:11.564+0000] {logging_mixin.py:190} INFO - [2024-10-08T09:12:11.563+0000] {dagbag.py:588} INFO - Filling up the DagBag from /root/miniconda3/envs/project/lib/python3.8/site-packages/airflow/example_dags/example_time_delta_sensor_async.py
[2024-10-08T09:12:11.577+0000] {processor.py:925} INFO - DAG(s) 'example_time_delta_sensor_async' retrieved from /root/miniconda3/envs/project/lib/python3.8/site-packages/airflow/example_dags/example_time_delta_sensor_async.py
[2024-10-08T09:12:11.602+0000] {logging_mixin.py:190} INFO - [2024-10-08T09:12:11.602+0000] {dag.py:3239} INFO - Sync 1 DAGs
[2024-10-08T09:12:11.621+0000] {logging_mixin.py:190} INFO - [2024-10-08T09:12:11.621+0000] {dag.py:4180} INFO - Setting next_dagrun for example_time_delta_sensor_async to None, run_after=None
[2024-10-08T09:12:11.654+0000] {processor.py:208} INFO - Processing /root/miniconda3/envs/project/lib/python3.8/site-packages/airflow/example_dags/example_time_delta_sensor_async.py took 0.111 seconds
[2024-10-08T09:13:19.012+0000] {processor.py:186} INFO - Started process (PID=222238) to work on /root/miniconda3/envs/project/lib/python3.8/site-packages/airflow/example_dags/example_time_delta_sensor_async.py
[2024-10-08T09:13:19.015+0000] {processor.py:914} INFO - Processing file /root/miniconda3/envs/project/lib/python3.8/site-packages/airflow/example_dags/example_time_delta_sensor_async.py for tasks to queue
[2024-10-08T09:13:19.019+0000] {logging_mixin.py:190} INFO - [2024-10-08T09:13:19.019+0000] {dagbag.py:588} INFO - Filling up the DagBag from /root/miniconda3/envs/project/lib/python3.8/site-packages/airflow/example_dags/example_time_delta_sensor_async.py
[2024-10-08T09:13:19.030+0000] {processor.py:925} INFO - DAG(s) 'example_time_delta_sensor_async' retrieved from /root/miniconda3/envs/project/lib/python3.8/site-packages/airflow/example_dags/example_time_delta_sensor_async.py
[2024-10-08T09:13:19.055+0000] {logging_mixin.py:190} INFO - [2024-10-08T09:13:19.055+0000] {dag.py:3239} INFO - Sync 1 DAGs
[2024-10-08T09:13:19.073+0000] {logging_mixin.py:190} INFO - [2024-10-08T09:13:19.073+0000] {dag.py:4180} INFO - Setting next_dagrun for example_time_delta_sensor_async to None, run_after=None
[2024-10-08T09:13:19.105+0000] {processor.py:208} INFO - Processing /root/miniconda3/envs/project/lib/python3.8/site-packages/airflow/example_dags/example_time_delta_sensor_async.py took 0.106 seconds
[2024-10-08T09:14:19.599+0000] {processor.py:186} INFO - Started process (PID=222560) to work on /root/miniconda3/envs/project/lib/python3.8/site-packages/airflow/example_dags/example_time_delta_sensor_async.py
[2024-10-08T09:14:19.602+0000] {processor.py:914} INFO - Processing file /root/miniconda3/envs/project/lib/python3.8/site-packages/airflow/example_dags/example_time_delta_sensor_async.py for tasks to queue
[2024-10-08T09:14:19.606+0000] {logging_mixin.py:190} INFO - [2024-10-08T09:14:19.605+0000] {dagbag.py:588} INFO - Filling up the DagBag from /root/miniconda3/envs/project/lib/python3.8/site-packages/airflow/example_dags/example_time_delta_sensor_async.py
[2024-10-08T09:14:19.616+0000] {processor.py:925} INFO - DAG(s) 'example_time_delta_sensor_async' retrieved from /root/miniconda3/envs/project/lib/python3.8/site-packages/airflow/example_dags/example_time_delta_sensor_async.py
[2024-10-08T09:14:19.639+0000] {logging_mixin.py:190} INFO - [2024-10-08T09:14:19.639+0000] {dag.py:3239} INFO - Sync 1 DAGs
[2024-10-08T09:14:19.657+0000] {logging_mixin.py:190} INFO - [2024-10-08T09:14:19.657+0000] {dag.py:4180} INFO - Setting next_dagrun for example_time_delta_sensor_async to None, run_after=None
[2024-10-08T09:14:19.693+0000] {processor.py:208} INFO - Processing /root/miniconda3/envs/project/lib/python3.8/site-packages/airflow/example_dags/example_time_delta_sensor_async.py took 0.106 seconds
[2024-10-08T09:15:35.526+0000] {processor.py:186} INFO - Started process (PID=222857) to work on /root/miniconda3/envs/project/lib/python3.8/site-packages/airflow/example_dags/example_time_delta_sensor_async.py
[2024-10-08T09:15:35.530+0000] {processor.py:914} INFO - Processing file /root/miniconda3/envs/project/lib/python3.8/site-packages/airflow/example_dags/example_time_delta_sensor_async.py for tasks to queue
[2024-10-08T09:15:35.533+0000] {logging_mixin.py:190} INFO - [2024-10-08T09:15:35.533+0000] {dagbag.py:588} INFO - Filling up the DagBag from /root/miniconda3/envs/project/lib/python3.8/site-packages/airflow/example_dags/example_time_delta_sensor_async.py
[2024-10-08T09:15:35.545+0000] {processor.py:925} INFO - DAG(s) 'example_time_delta_sensor_async' retrieved from /root/miniconda3/envs/project/lib/python3.8/site-packages/airflow/example_dags/example_time_delta_sensor_async.py
[2024-10-08T09:15:35.570+0000] {logging_mixin.py:190} INFO - [2024-10-08T09:15:35.570+0000] {dag.py:3239} INFO - Sync 1 DAGs
[2024-10-08T09:15:35.589+0000] {logging_mixin.py:190} INFO - [2024-10-08T09:15:35.589+0000] {dag.py:4180} INFO - Setting next_dagrun for example_time_delta_sensor_async to None, run_after=None
[2024-10-08T09:15:35.620+0000] {processor.py:208} INFO - Processing /root/miniconda3/envs/project/lib/python3.8/site-packages/airflow/example_dags/example_time_delta_sensor_async.py took 0.106 seconds
[2024-10-08T09:16:45.469+0000] {processor.py:186} INFO - Started process (PID=223146) to work on /root/miniconda3/envs/project/lib/python3.8/site-packages/airflow/example_dags/example_time_delta_sensor_async.py
[2024-10-08T09:16:45.472+0000] {processor.py:914} INFO - Processing file /root/miniconda3/envs/project/lib/python3.8/site-packages/airflow/example_dags/example_time_delta_sensor_async.py for tasks to queue
[2024-10-08T09:16:45.476+0000] {logging_mixin.py:190} INFO - [2024-10-08T09:16:45.475+0000] {dagbag.py:588} INFO - Filling up the DagBag from /root/miniconda3/envs/project/lib/python3.8/site-packages/airflow/example_dags/example_time_delta_sensor_async.py
[2024-10-08T09:16:45.486+0000] {processor.py:925} INFO - DAG(s) 'example_time_delta_sensor_async' retrieved from /root/miniconda3/envs/project/lib/python3.8/site-packages/airflow/example_dags/example_time_delta_sensor_async.py
[2024-10-08T09:16:45.510+0000] {logging_mixin.py:190} INFO - [2024-10-08T09:16:45.510+0000] {dag.py:3239} INFO - Sync 1 DAGs
[2024-10-08T09:16:45.528+0000] {logging_mixin.py:190} INFO - [2024-10-08T09:16:45.528+0000] {dag.py:4180} INFO - Setting next_dagrun for example_time_delta_sensor_async to None, run_after=None
[2024-10-08T09:16:45.560+0000] {processor.py:208} INFO - Processing /root/miniconda3/envs/project/lib/python3.8/site-packages/airflow/example_dags/example_time_delta_sensor_async.py took 0.102 seconds
[2024-10-08T09:17:52.310+0000] {processor.py:186} INFO - Started process (PID=223373) to work on /root/miniconda3/envs/project/lib/python3.8/site-packages/airflow/example_dags/example_time_delta_sensor_async.py
[2024-10-08T09:17:52.313+0000] {processor.py:914} INFO - Processing file /root/miniconda3/envs/project/lib/python3.8/site-packages/airflow/example_dags/example_time_delta_sensor_async.py for tasks to queue
[2024-10-08T09:17:52.317+0000] {logging_mixin.py:190} INFO - [2024-10-08T09:17:52.316+0000] {dagbag.py:588} INFO - Filling up the DagBag from /root/miniconda3/envs/project/lib/python3.8/site-packages/airflow/example_dags/example_time_delta_sensor_async.py
[2024-10-08T09:17:52.327+0000] {processor.py:925} INFO - DAG(s) 'example_time_delta_sensor_async' retrieved from /root/miniconda3/envs/project/lib/python3.8/site-packages/airflow/example_dags/example_time_delta_sensor_async.py
[2024-10-08T09:17:52.351+0000] {logging_mixin.py:190} INFO - [2024-10-08T09:17:52.351+0000] {dag.py:3239} INFO - Sync 1 DAGs
[2024-10-08T09:17:52.370+0000] {logging_mixin.py:190} INFO - [2024-10-08T09:17:52.370+0000] {dag.py:4180} INFO - Setting next_dagrun for example_time_delta_sensor_async to None, run_after=None
[2024-10-08T09:17:52.403+0000] {processor.py:208} INFO - Processing /root/miniconda3/envs/project/lib/python3.8/site-packages/airflow/example_dags/example_time_delta_sensor_async.py took 0.105 seconds
[2024-10-08T09:19:10.451+0000] {processor.py:186} INFO - Started process (PID=223612) to work on /root/miniconda3/envs/project/lib/python3.8/site-packages/airflow/example_dags/example_time_delta_sensor_async.py
[2024-10-08T09:19:10.453+0000] {processor.py:914} INFO - Processing file /root/miniconda3/envs/project/lib/python3.8/site-packages/airflow/example_dags/example_time_delta_sensor_async.py for tasks to queue
[2024-10-08T09:19:10.457+0000] {logging_mixin.py:190} INFO - [2024-10-08T09:19:10.456+0000] {dagbag.py:588} INFO - Filling up the DagBag from /root/miniconda3/envs/project/lib/python3.8/site-packages/airflow/example_dags/example_time_delta_sensor_async.py
[2024-10-08T09:19:10.468+0000] {processor.py:925} INFO - DAG(s) 'example_time_delta_sensor_async' retrieved from /root/miniconda3/envs/project/lib/python3.8/site-packages/airflow/example_dags/example_time_delta_sensor_async.py
[2024-10-08T09:19:10.491+0000] {logging_mixin.py:190} INFO - [2024-10-08T09:19:10.491+0000] {dag.py:3239} INFO - Sync 1 DAGs
[2024-10-08T09:19:10.510+0000] {logging_mixin.py:190} INFO - [2024-10-08T09:19:10.510+0000] {dag.py:4180} INFO - Setting next_dagrun for example_time_delta_sensor_async to None, run_after=None
[2024-10-08T09:19:10.543+0000] {processor.py:208} INFO - Processing /root/miniconda3/envs/project/lib/python3.8/site-packages/airflow/example_dags/example_time_delta_sensor_async.py took 0.104 seconds
[2024-10-08T09:20:17.772+0000] {processor.py:186} INFO - Started process (PID=223895) to work on /root/miniconda3/envs/project/lib/python3.8/site-packages/airflow/example_dags/example_time_delta_sensor_async.py
[2024-10-08T09:20:17.775+0000] {processor.py:914} INFO - Processing file /root/miniconda3/envs/project/lib/python3.8/site-packages/airflow/example_dags/example_time_delta_sensor_async.py for tasks to queue
[2024-10-08T09:20:17.778+0000] {logging_mixin.py:190} INFO - [2024-10-08T09:20:17.778+0000] {dagbag.py:588} INFO - Filling up the DagBag from /root/miniconda3/envs/project/lib/python3.8/site-packages/airflow/example_dags/example_time_delta_sensor_async.py
[2024-10-08T09:20:17.790+0000] {processor.py:925} INFO - DAG(s) 'example_time_delta_sensor_async' retrieved from /root/miniconda3/envs/project/lib/python3.8/site-packages/airflow/example_dags/example_time_delta_sensor_async.py
[2024-10-08T09:20:17.814+0000] {logging_mixin.py:190} INFO - [2024-10-08T09:20:17.813+0000] {dag.py:3239} INFO - Sync 1 DAGs
[2024-10-08T09:20:17.833+0000] {logging_mixin.py:190} INFO - [2024-10-08T09:20:17.833+0000] {dag.py:4180} INFO - Setting next_dagrun for example_time_delta_sensor_async to None, run_after=None
[2024-10-08T09:20:17.869+0000] {processor.py:208} INFO - Processing /root/miniconda3/envs/project/lib/python3.8/site-packages/airflow/example_dags/example_time_delta_sensor_async.py took 0.109 seconds
[2024-10-08T09:21:35.013+0000] {processor.py:186} INFO - Started process (PID=224137) to work on /root/miniconda3/envs/project/lib/python3.8/site-packages/airflow/example_dags/example_time_delta_sensor_async.py
[2024-10-08T09:21:35.017+0000] {processor.py:914} INFO - Processing file /root/miniconda3/envs/project/lib/python3.8/site-packages/airflow/example_dags/example_time_delta_sensor_async.py for tasks to queue
[2024-10-08T09:21:35.020+0000] {logging_mixin.py:190} INFO - [2024-10-08T09:21:35.020+0000] {dagbag.py:588} INFO - Filling up the DagBag from /root/miniconda3/envs/project/lib/python3.8/site-packages/airflow/example_dags/example_time_delta_sensor_async.py
[2024-10-08T09:21:35.031+0000] {processor.py:925} INFO - DAG(s) 'example_time_delta_sensor_async' retrieved from /root/miniconda3/envs/project/lib/python3.8/site-packages/airflow/example_dags/example_time_delta_sensor_async.py
[2024-10-08T09:21:35.057+0000] {logging_mixin.py:190} INFO - [2024-10-08T09:21:35.056+0000] {dag.py:3239} INFO - Sync 1 DAGs
[2024-10-08T09:21:35.077+0000] {logging_mixin.py:190} INFO - [2024-10-08T09:21:35.076+0000] {dag.py:4180} INFO - Setting next_dagrun for example_time_delta_sensor_async to None, run_after=None
[2024-10-08T09:21:35.116+0000] {processor.py:208} INFO - Processing /root/miniconda3/envs/project/lib/python3.8/site-packages/airflow/example_dags/example_time_delta_sensor_async.py took 0.113 seconds
[2024-10-08T09:22:42.686+0000] {processor.py:186} INFO - Started process (PID=224360) to work on /root/miniconda3/envs/project/lib/python3.8/site-packages/airflow/example_dags/example_time_delta_sensor_async.py
[2024-10-08T09:22:42.688+0000] {processor.py:914} INFO - Processing file /root/miniconda3/envs/project/lib/python3.8/site-packages/airflow/example_dags/example_time_delta_sensor_async.py for tasks to queue
[2024-10-08T09:22:42.692+0000] {logging_mixin.py:190} INFO - [2024-10-08T09:22:42.691+0000] {dagbag.py:588} INFO - Filling up the DagBag from /root/miniconda3/envs/project/lib/python3.8/site-packages/airflow/example_dags/example_time_delta_sensor_async.py
[2024-10-08T09:22:42.702+0000] {processor.py:925} INFO - DAG(s) 'example_time_delta_sensor_async' retrieved from /root/miniconda3/envs/project/lib/python3.8/site-packages/airflow/example_dags/example_time_delta_sensor_async.py
[2024-10-08T09:22:42.725+0000] {logging_mixin.py:190} INFO - [2024-10-08T09:22:42.725+0000] {dag.py:3239} INFO - Sync 1 DAGs
[2024-10-08T09:22:42.744+0000] {logging_mixin.py:190} INFO - [2024-10-08T09:22:42.743+0000] {dag.py:4180} INFO - Setting next_dagrun for example_time_delta_sensor_async to None, run_after=None
[2024-10-08T09:22:42.776+0000] {processor.py:208} INFO - Processing /root/miniconda3/envs/project/lib/python3.8/site-packages/airflow/example_dags/example_time_delta_sensor_async.py took 0.102 seconds
[2024-10-08T09:23:52.393+0000] {processor.py:186} INFO - Started process (PID=224613) to work on /root/miniconda3/envs/project/lib/python3.8/site-packages/airflow/example_dags/example_time_delta_sensor_async.py
[2024-10-08T09:23:52.396+0000] {processor.py:914} INFO - Processing file /root/miniconda3/envs/project/lib/python3.8/site-packages/airflow/example_dags/example_time_delta_sensor_async.py for tasks to queue
[2024-10-08T09:23:52.400+0000] {logging_mixin.py:190} INFO - [2024-10-08T09:23:52.399+0000] {dagbag.py:588} INFO - Filling up the DagBag from /root/miniconda3/envs/project/lib/python3.8/site-packages/airflow/example_dags/example_time_delta_sensor_async.py
[2024-10-08T09:23:52.410+0000] {processor.py:925} INFO - DAG(s) 'example_time_delta_sensor_async' retrieved from /root/miniconda3/envs/project/lib/python3.8/site-packages/airflow/example_dags/example_time_delta_sensor_async.py
[2024-10-08T09:23:52.433+0000] {logging_mixin.py:190} INFO - [2024-10-08T09:23:52.432+0000] {dag.py:3239} INFO - Sync 1 DAGs
[2024-10-08T09:23:52.450+0000] {logging_mixin.py:190} INFO - [2024-10-08T09:23:52.450+0000] {dag.py:4180} INFO - Setting next_dagrun for example_time_delta_sensor_async to None, run_after=None
[2024-10-08T09:23:52.486+0000] {processor.py:208} INFO - Processing /root/miniconda3/envs/project/lib/python3.8/site-packages/airflow/example_dags/example_time_delta_sensor_async.py took 0.105 seconds
[2024-10-08T09:25:00.910+0000] {processor.py:186} INFO - Started process (PID=225190) to work on /root/miniconda3/envs/project/lib/python3.8/site-packages/airflow/example_dags/example_time_delta_sensor_async.py
[2024-10-08T09:25:00.913+0000] {processor.py:914} INFO - Processing file /root/miniconda3/envs/project/lib/python3.8/site-packages/airflow/example_dags/example_time_delta_sensor_async.py for tasks to queue
[2024-10-08T09:25:00.917+0000] {logging_mixin.py:190} INFO - [2024-10-08T09:25:00.916+0000] {dagbag.py:588} INFO - Filling up the DagBag from /root/miniconda3/envs/project/lib/python3.8/site-packages/airflow/example_dags/example_time_delta_sensor_async.py
[2024-10-08T09:25:00.930+0000] {processor.py:925} INFO - DAG(s) 'example_time_delta_sensor_async' retrieved from /root/miniconda3/envs/project/lib/python3.8/site-packages/airflow/example_dags/example_time_delta_sensor_async.py
[2024-10-08T09:25:00.956+0000] {logging_mixin.py:190} INFO - [2024-10-08T09:25:00.955+0000] {dag.py:3239} INFO - Sync 1 DAGs
[2024-10-08T09:25:00.975+0000] {logging_mixin.py:190} INFO - [2024-10-08T09:25:00.975+0000] {dag.py:4180} INFO - Setting next_dagrun for example_time_delta_sensor_async to None, run_after=None
[2024-10-08T09:25:01.010+0000] {processor.py:208} INFO - Processing /root/miniconda3/envs/project/lib/python3.8/site-packages/airflow/example_dags/example_time_delta_sensor_async.py took 0.117 seconds
[2024-10-08T09:26:10.319+0000] {processor.py:186} INFO - Started process (PID=225659) to work on /root/miniconda3/envs/project/lib/python3.8/site-packages/airflow/example_dags/example_time_delta_sensor_async.py
[2024-10-08T09:26:10.322+0000] {processor.py:914} INFO - Processing file /root/miniconda3/envs/project/lib/python3.8/site-packages/airflow/example_dags/example_time_delta_sensor_async.py for tasks to queue
[2024-10-08T09:26:10.325+0000] {logging_mixin.py:190} INFO - [2024-10-08T09:26:10.325+0000] {dagbag.py:588} INFO - Filling up the DagBag from /root/miniconda3/envs/project/lib/python3.8/site-packages/airflow/example_dags/example_time_delta_sensor_async.py
[2024-10-08T09:26:10.337+0000] {processor.py:925} INFO - DAG(s) 'example_time_delta_sensor_async' retrieved from /root/miniconda3/envs/project/lib/python3.8/site-packages/airflow/example_dags/example_time_delta_sensor_async.py
[2024-10-08T09:26:10.360+0000] {logging_mixin.py:190} INFO - [2024-10-08T09:26:10.360+0000] {dag.py:3239} INFO - Sync 1 DAGs
[2024-10-08T09:26:10.378+0000] {logging_mixin.py:190} INFO - [2024-10-08T09:26:10.378+0000] {dag.py:4180} INFO - Setting next_dagrun for example_time_delta_sensor_async to None, run_after=None
[2024-10-08T09:26:10.410+0000] {processor.py:208} INFO - Processing /root/miniconda3/envs/project/lib/python3.8/site-packages/airflow/example_dags/example_time_delta_sensor_async.py took 0.101 seconds
[2024-10-08T09:27:23.270+0000] {processor.py:186} INFO - Started process (PID=226045) to work on /root/miniconda3/envs/project/lib/python3.8/site-packages/airflow/example_dags/example_time_delta_sensor_async.py
[2024-10-08T09:27:23.274+0000] {processor.py:914} INFO - Processing file /root/miniconda3/envs/project/lib/python3.8/site-packages/airflow/example_dags/example_time_delta_sensor_async.py for tasks to queue
[2024-10-08T09:27:23.277+0000] {logging_mixin.py:190} INFO - [2024-10-08T09:27:23.277+0000] {dagbag.py:588} INFO - Filling up the DagBag from /root/miniconda3/envs/project/lib/python3.8/site-packages/airflow/example_dags/example_time_delta_sensor_async.py
[2024-10-08T09:27:23.289+0000] {processor.py:925} INFO - DAG(s) 'example_time_delta_sensor_async' retrieved from /root/miniconda3/envs/project/lib/python3.8/site-packages/airflow/example_dags/example_time_delta_sensor_async.py
[2024-10-08T09:27:23.314+0000] {logging_mixin.py:190} INFO - [2024-10-08T09:27:23.313+0000] {dag.py:3239} INFO - Sync 1 DAGs
[2024-10-08T09:27:23.333+0000] {logging_mixin.py:190} INFO - [2024-10-08T09:27:23.332+0000] {dag.py:4180} INFO - Setting next_dagrun for example_time_delta_sensor_async to None, run_after=None
[2024-10-08T09:27:23.371+0000] {processor.py:208} INFO - Processing /root/miniconda3/envs/project/lib/python3.8/site-packages/airflow/example_dags/example_time_delta_sensor_async.py took 0.114 seconds
[2024-10-08T09:28:33.756+0000] {processor.py:186} INFO - Started process (PID=226553) to work on /root/miniconda3/envs/project/lib/python3.8/site-packages/airflow/example_dags/example_time_delta_sensor_async.py
[2024-10-08T09:28:33.759+0000] {processor.py:914} INFO - Processing file /root/miniconda3/envs/project/lib/python3.8/site-packages/airflow/example_dags/example_time_delta_sensor_async.py for tasks to queue
[2024-10-08T09:28:33.762+0000] {logging_mixin.py:190} INFO - [2024-10-08T09:28:33.761+0000] {dagbag.py:588} INFO - Filling up the DagBag from /root/miniconda3/envs/project/lib/python3.8/site-packages/airflow/example_dags/example_time_delta_sensor_async.py
[2024-10-08T09:28:33.773+0000] {processor.py:925} INFO - DAG(s) 'example_time_delta_sensor_async' retrieved from /root/miniconda3/envs/project/lib/python3.8/site-packages/airflow/example_dags/example_time_delta_sensor_async.py
[2024-10-08T09:28:33.796+0000] {logging_mixin.py:190} INFO - [2024-10-08T09:28:33.796+0000] {dag.py:3239} INFO - Sync 1 DAGs
[2024-10-08T09:28:33.815+0000] {logging_mixin.py:190} INFO - [2024-10-08T09:28:33.815+0000] {dag.py:4180} INFO - Setting next_dagrun for example_time_delta_sensor_async to None, run_after=None
[2024-10-08T09:28:33.847+0000] {processor.py:208} INFO - Processing /root/miniconda3/envs/project/lib/python3.8/site-packages/airflow/example_dags/example_time_delta_sensor_async.py took 0.101 seconds
[2024-10-08T09:29:53.376+0000] {processor.py:186} INFO - Started process (PID=227308) to work on /root/miniconda3/envs/project/lib/python3.8/site-packages/airflow/example_dags/example_time_delta_sensor_async.py
[2024-10-08T09:29:53.382+0000] {processor.py:914} INFO - Processing file /root/miniconda3/envs/project/lib/python3.8/site-packages/airflow/example_dags/example_time_delta_sensor_async.py for tasks to queue
[2024-10-08T09:29:53.388+0000] {logging_mixin.py:190} INFO - [2024-10-08T09:29:53.387+0000] {dagbag.py:588} INFO - Filling up the DagBag from /root/miniconda3/envs/project/lib/python3.8/site-packages/airflow/example_dags/example_time_delta_sensor_async.py
[2024-10-08T09:29:53.400+0000] {processor.py:925} INFO - DAG(s) 'example_time_delta_sensor_async' retrieved from /root/miniconda3/envs/project/lib/python3.8/site-packages/airflow/example_dags/example_time_delta_sensor_async.py
[2024-10-08T09:29:53.538+0000] {logging_mixin.py:190} INFO - [2024-10-08T09:29:53.537+0000] {dag.py:3239} INFO - Sync 1 DAGs
[2024-10-08T09:29:53.557+0000] {logging_mixin.py:190} INFO - [2024-10-08T09:29:53.557+0000] {dag.py:4180} INFO - Setting next_dagrun for example_time_delta_sensor_async to None, run_after=None
[2024-10-08T09:29:53.587+0000] {processor.py:208} INFO - Processing /root/miniconda3/envs/project/lib/python3.8/site-packages/airflow/example_dags/example_time_delta_sensor_async.py took 0.248 seconds
[2024-10-08T09:30:36.970+0000] {processor.py:186} INFO - Started process (PID=227829) to work on /root/miniconda3/envs/project/lib/python3.8/site-packages/airflow/example_dags/example_time_delta_sensor_async.py
[2024-10-08T09:30:36.973+0000] {processor.py:914} INFO - Processing file /root/miniconda3/envs/project/lib/python3.8/site-packages/airflow/example_dags/example_time_delta_sensor_async.py for tasks to queue
[2024-10-08T09:30:36.976+0000] {logging_mixin.py:190} INFO - [2024-10-08T09:30:36.975+0000] {dagbag.py:588} INFO - Filling up the DagBag from /root/miniconda3/envs/project/lib/python3.8/site-packages/airflow/example_dags/example_time_delta_sensor_async.py
[2024-10-08T09:30:36.988+0000] {processor.py:925} INFO - DAG(s) 'example_time_delta_sensor_async' retrieved from /root/miniconda3/envs/project/lib/python3.8/site-packages/airflow/example_dags/example_time_delta_sensor_async.py
[2024-10-08T09:30:37.118+0000] {logging_mixin.py:190} INFO - [2024-10-08T09:30:37.118+0000] {dag.py:3239} INFO - Sync 1 DAGs
[2024-10-08T09:30:37.131+0000] {logging_mixin.py:190} INFO - [2024-10-08T09:30:37.131+0000] {dag.py:4180} INFO - Setting next_dagrun for example_time_delta_sensor_async to None, run_after=None
[2024-10-08T09:30:37.160+0000] {processor.py:208} INFO - Processing /root/miniconda3/envs/project/lib/python3.8/site-packages/airflow/example_dags/example_time_delta_sensor_async.py took 0.200 seconds
[2024-10-08T09:31:29.867+0000] {processor.py:186} INFO - Started process (PID=228483) to work on /root/miniconda3/envs/project/lib/python3.8/site-packages/airflow/example_dags/example_time_delta_sensor_async.py
[2024-10-08T09:31:29.869+0000] {processor.py:914} INFO - Processing file /root/miniconda3/envs/project/lib/python3.8/site-packages/airflow/example_dags/example_time_delta_sensor_async.py for tasks to queue
[2024-10-08T09:31:29.873+0000] {logging_mixin.py:190} INFO - [2024-10-08T09:31:29.872+0000] {dagbag.py:588} INFO - Filling up the DagBag from /root/miniconda3/envs/project/lib/python3.8/site-packages/airflow/example_dags/example_time_delta_sensor_async.py
[2024-10-08T09:31:29.884+0000] {processor.py:925} INFO - DAG(s) 'example_time_delta_sensor_async' retrieved from /root/miniconda3/envs/project/lib/python3.8/site-packages/airflow/example_dags/example_time_delta_sensor_async.py
[2024-10-08T09:31:29.910+0000] {logging_mixin.py:190} INFO - [2024-10-08T09:31:29.909+0000] {dag.py:3239} INFO - Sync 1 DAGs
[2024-10-08T09:31:29.928+0000] {logging_mixin.py:190} INFO - [2024-10-08T09:31:29.928+0000] {dag.py:4180} INFO - Setting next_dagrun for example_time_delta_sensor_async to None, run_after=None
[2024-10-08T09:31:29.963+0000] {processor.py:208} INFO - Processing /root/miniconda3/envs/project/lib/python3.8/site-packages/airflow/example_dags/example_time_delta_sensor_async.py took 0.107 seconds
[2024-10-08T09:32:42.841+0000] {processor.py:186} INFO - Started process (PID=229097) to work on /root/miniconda3/envs/project/lib/python3.8/site-packages/airflow/example_dags/example_time_delta_sensor_async.py
[2024-10-08T09:32:42.843+0000] {processor.py:914} INFO - Processing file /root/miniconda3/envs/project/lib/python3.8/site-packages/airflow/example_dags/example_time_delta_sensor_async.py for tasks to queue
[2024-10-08T09:32:42.847+0000] {logging_mixin.py:190} INFO - [2024-10-08T09:32:42.846+0000] {dagbag.py:588} INFO - Filling up the DagBag from /root/miniconda3/envs/project/lib/python3.8/site-packages/airflow/example_dags/example_time_delta_sensor_async.py
[2024-10-08T09:32:42.858+0000] {processor.py:925} INFO - DAG(s) 'example_time_delta_sensor_async' retrieved from /root/miniconda3/envs/project/lib/python3.8/site-packages/airflow/example_dags/example_time_delta_sensor_async.py
[2024-10-08T09:32:42.881+0000] {logging_mixin.py:190} INFO - [2024-10-08T09:32:42.881+0000] {dag.py:3239} INFO - Sync 1 DAGs
[2024-10-08T09:32:42.900+0000] {logging_mixin.py:190} INFO - [2024-10-08T09:32:42.900+0000] {dag.py:4180} INFO - Setting next_dagrun for example_time_delta_sensor_async to None, run_after=None
[2024-10-08T09:32:42.932+0000] {processor.py:208} INFO - Processing /root/miniconda3/envs/project/lib/python3.8/site-packages/airflow/example_dags/example_time_delta_sensor_async.py took 0.102 seconds
