[2024-10-08T07:57:04.354+0000] {processor.py:186} INFO - Started process (PID=207063) to work on /root/miniconda3/envs/project/lib/python3.8/site-packages/airflow/example_dags/example_xcom.py
[2024-10-08T07:57:04.356+0000] {processor.py:914} INFO - Processing file /root/miniconda3/envs/project/lib/python3.8/site-packages/airflow/example_dags/example_xcom.py for tasks to queue
[2024-10-08T07:57:04.537+0000] {logging_mixin.py:190} INFO - [2024-10-08T07:57:04.358+0000] {dagbag.py:588} INFO - Filling up the DagBag from /root/miniconda3/envs/project/lib/python3.8/site-packages/airflow/example_dags/example_xcom.py
[2024-10-08T07:57:04.547+0000] {processor.py:925} INFO - DAG(s) 'example_xcom' retrieved from /root/miniconda3/envs/project/lib/python3.8/site-packages/airflow/example_dags/example_xcom.py
[2024-10-08T07:57:04.676+0000] {logging_mixin.py:190} INFO - [2024-10-08T07:57:04.675+0000] {override.py:1901} INFO - Created Permission View: can delete on DAG:example_xcom
[2024-10-08T07:57:04.696+0000] {logging_mixin.py:190} INFO - [2024-10-08T07:57:04.695+0000] {override.py:1901} INFO - Created Permission View: can read on DAG:example_xcom
[2024-10-08T07:57:04.711+0000] {logging_mixin.py:190} INFO - [2024-10-08T07:57:04.710+0000] {override.py:1901} INFO - Created Permission View: can edit on DAG:example_xcom
[2024-10-08T07:57:04.736+0000] {logging_mixin.py:190} INFO - [2024-10-08T07:57:04.735+0000] {override.py:1901} INFO - Created Permission View: can delete on DAG Run:example_xcom
[2024-10-08T07:57:04.754+0000] {logging_mixin.py:190} INFO - [2024-10-08T07:57:04.754+0000] {override.py:1901} INFO - Created Permission View: menu access on DAG Run:example_xcom
[2024-10-08T07:57:04.771+0000] {logging_mixin.py:190} INFO - [2024-10-08T07:57:04.770+0000] {override.py:1901} INFO - Created Permission View: can create on DAG Run:example_xcom
[2024-10-08T07:57:04.783+0000] {logging_mixin.py:190} INFO - [2024-10-08T07:57:04.783+0000] {override.py:1901} INFO - Created Permission View: can read on DAG Run:example_xcom
[2024-10-08T07:57:04.784+0000] {logging_mixin.py:190} INFO - [2024-10-08T07:57:04.784+0000] {dag.py:3239} INFO - Sync 1 DAGs
[2024-10-08T07:57:04.800+0000] {logging_mixin.py:190} INFO - [2024-10-08T07:57:04.800+0000] {dag.py:3262} INFO - Creating ORM DAG for example_xcom
[2024-10-08T07:57:04.810+0000] {logging_mixin.py:190} INFO - [2024-10-08T07:57:04.810+0000] {dag.py:4180} INFO - Setting next_dagrun for example_xcom to 2021-01-01 00:00:00+00:00, run_after=2021-01-01 00:00:00+00:00
[2024-10-08T07:57:04.837+0000] {processor.py:208} INFO - Processing /root/miniconda3/envs/project/lib/python3.8/site-packages/airflow/example_dags/example_xcom.py took 0.492 seconds
[2024-10-08T07:58:20.403+0000] {processor.py:186} INFO - Started process (PID=207269) to work on /root/miniconda3/envs/project/lib/python3.8/site-packages/airflow/example_dags/example_xcom.py
[2024-10-08T07:58:20.406+0000] {processor.py:914} INFO - Processing file /root/miniconda3/envs/project/lib/python3.8/site-packages/airflow/example_dags/example_xcom.py for tasks to queue
[2024-10-08T07:58:20.409+0000] {logging_mixin.py:190} INFO - [2024-10-08T07:58:20.409+0000] {dagbag.py:588} INFO - Filling up the DagBag from /root/miniconda3/envs/project/lib/python3.8/site-packages/airflow/example_dags/example_xcom.py
[2024-10-08T07:58:20.424+0000] {processor.py:925} INFO - DAG(s) 'example_xcom' retrieved from /root/miniconda3/envs/project/lib/python3.8/site-packages/airflow/example_dags/example_xcom.py
[2024-10-08T07:58:20.449+0000] {logging_mixin.py:190} INFO - [2024-10-08T07:58:20.449+0000] {dag.py:3239} INFO - Sync 1 DAGs
[2024-10-08T07:58:20.476+0000] {logging_mixin.py:190} INFO - [2024-10-08T07:58:20.476+0000] {dag.py:4180} INFO - Setting next_dagrun for example_xcom to 2021-01-01 00:00:00+00:00, run_after=2021-01-01 00:00:00+00:00
[2024-10-08T07:58:20.508+0000] {processor.py:208} INFO - Processing /root/miniconda3/envs/project/lib/python3.8/site-packages/airflow/example_dags/example_xcom.py took 0.115 seconds
[2024-10-08T07:59:00.921+0000] {processor.py:186} INFO - Started process (PID=207453) to work on /root/miniconda3/envs/project/lib/python3.8/site-packages/airflow/example_dags/example_xcom.py
[2024-10-08T07:59:00.924+0000] {processor.py:914} INFO - Processing file /root/miniconda3/envs/project/lib/python3.8/site-packages/airflow/example_dags/example_xcom.py for tasks to queue
[2024-10-08T07:59:00.928+0000] {logging_mixin.py:190} INFO - [2024-10-08T07:59:00.927+0000] {dagbag.py:588} INFO - Filling up the DagBag from /root/miniconda3/envs/project/lib/python3.8/site-packages/airflow/example_dags/example_xcom.py
[2024-10-08T07:59:00.944+0000] {processor.py:925} INFO - DAG(s) 'example_xcom' retrieved from /root/miniconda3/envs/project/lib/python3.8/site-packages/airflow/example_dags/example_xcom.py
[2024-10-08T07:59:00.970+0000] {logging_mixin.py:190} INFO - [2024-10-08T07:59:00.970+0000] {dag.py:3239} INFO - Sync 1 DAGs
[2024-10-08T07:59:00.998+0000] {logging_mixin.py:190} INFO - [2024-10-08T07:59:00.997+0000] {dag.py:4180} INFO - Setting next_dagrun for example_xcom to 2021-01-01 00:00:00+00:00, run_after=2021-01-01 00:00:00+00:00
[2024-10-08T07:59:01.029+0000] {processor.py:208} INFO - Processing /root/miniconda3/envs/project/lib/python3.8/site-packages/airflow/example_dags/example_xcom.py took 0.119 seconds
[2024-10-08T08:00:12.482+0000] {processor.py:186} INFO - Started process (PID=207666) to work on /root/miniconda3/envs/project/lib/python3.8/site-packages/airflow/example_dags/example_xcom.py
[2024-10-08T08:00:12.485+0000] {processor.py:914} INFO - Processing file /root/miniconda3/envs/project/lib/python3.8/site-packages/airflow/example_dags/example_xcom.py for tasks to queue
[2024-10-08T08:00:12.488+0000] {logging_mixin.py:190} INFO - [2024-10-08T08:00:12.488+0000] {dagbag.py:588} INFO - Filling up the DagBag from /root/miniconda3/envs/project/lib/python3.8/site-packages/airflow/example_dags/example_xcom.py
[2024-10-08T08:00:12.504+0000] {processor.py:925} INFO - DAG(s) 'example_xcom' retrieved from /root/miniconda3/envs/project/lib/python3.8/site-packages/airflow/example_dags/example_xcom.py
[2024-10-08T08:00:12.532+0000] {logging_mixin.py:190} INFO - [2024-10-08T08:00:12.531+0000] {dag.py:3239} INFO - Sync 1 DAGs
[2024-10-08T08:00:12.562+0000] {logging_mixin.py:190} INFO - [2024-10-08T08:00:12.561+0000] {dag.py:4180} INFO - Setting next_dagrun for example_xcom to 2021-01-01 00:00:00+00:00, run_after=2021-01-01 00:00:00+00:00
[2024-10-08T08:00:12.596+0000] {processor.py:208} INFO - Processing /root/miniconda3/envs/project/lib/python3.8/site-packages/airflow/example_dags/example_xcom.py took 0.127 seconds
[2024-10-08T08:01:26.136+0000] {processor.py:186} INFO - Started process (PID=208014) to work on /root/miniconda3/envs/project/lib/python3.8/site-packages/airflow/example_dags/example_xcom.py
[2024-10-08T08:01:26.139+0000] {processor.py:914} INFO - Processing file /root/miniconda3/envs/project/lib/python3.8/site-packages/airflow/example_dags/example_xcom.py for tasks to queue
[2024-10-08T08:01:26.142+0000] {logging_mixin.py:190} INFO - [2024-10-08T08:01:26.142+0000] {dagbag.py:588} INFO - Filling up the DagBag from /root/miniconda3/envs/project/lib/python3.8/site-packages/airflow/example_dags/example_xcom.py
[2024-10-08T08:01:26.157+0000] {processor.py:925} INFO - DAG(s) 'example_xcom' retrieved from /root/miniconda3/envs/project/lib/python3.8/site-packages/airflow/example_dags/example_xcom.py
[2024-10-08T08:01:26.183+0000] {logging_mixin.py:190} INFO - [2024-10-08T08:01:26.183+0000] {dag.py:3239} INFO - Sync 1 DAGs
[2024-10-08T08:01:26.210+0000] {logging_mixin.py:190} INFO - [2024-10-08T08:01:26.210+0000] {dag.py:4180} INFO - Setting next_dagrun for example_xcom to 2021-01-01 00:00:00+00:00, run_after=2021-01-01 00:00:00+00:00
[2024-10-08T08:01:26.242+0000] {processor.py:208} INFO - Processing /root/miniconda3/envs/project/lib/python3.8/site-packages/airflow/example_dags/example_xcom.py took 0.117 seconds
[2024-10-08T08:02:37.074+0000] {processor.py:186} INFO - Started process (PID=208263) to work on /root/miniconda3/envs/project/lib/python3.8/site-packages/airflow/example_dags/example_xcom.py
[2024-10-08T08:02:37.077+0000] {processor.py:914} INFO - Processing file /root/miniconda3/envs/project/lib/python3.8/site-packages/airflow/example_dags/example_xcom.py for tasks to queue
[2024-10-08T08:02:37.080+0000] {logging_mixin.py:190} INFO - [2024-10-08T08:02:37.080+0000] {dagbag.py:588} INFO - Filling up the DagBag from /root/miniconda3/envs/project/lib/python3.8/site-packages/airflow/example_dags/example_xcom.py
[2024-10-08T08:02:37.095+0000] {processor.py:925} INFO - DAG(s) 'example_xcom' retrieved from /root/miniconda3/envs/project/lib/python3.8/site-packages/airflow/example_dags/example_xcom.py
[2024-10-08T08:02:37.119+0000] {logging_mixin.py:190} INFO - [2024-10-08T08:02:37.118+0000] {dag.py:3239} INFO - Sync 1 DAGs
[2024-10-08T08:02:37.146+0000] {logging_mixin.py:190} INFO - [2024-10-08T08:02:37.145+0000] {dag.py:4180} INFO - Setting next_dagrun for example_xcom to 2021-01-01 00:00:00+00:00, run_after=2021-01-01 00:00:00+00:00
[2024-10-08T08:02:37.177+0000] {processor.py:208} INFO - Processing /root/miniconda3/envs/project/lib/python3.8/site-packages/airflow/example_dags/example_xcom.py took 0.115 seconds
[2024-10-08T08:03:46.815+0000] {processor.py:186} INFO - Started process (PID=208466) to work on /root/miniconda3/envs/project/lib/python3.8/site-packages/airflow/example_dags/example_xcom.py
[2024-10-08T08:03:46.817+0000] {processor.py:914} INFO - Processing file /root/miniconda3/envs/project/lib/python3.8/site-packages/airflow/example_dags/example_xcom.py for tasks to queue
[2024-10-08T08:03:46.821+0000] {logging_mixin.py:190} INFO - [2024-10-08T08:03:46.820+0000] {dagbag.py:588} INFO - Filling up the DagBag from /root/miniconda3/envs/project/lib/python3.8/site-packages/airflow/example_dags/example_xcom.py
[2024-10-08T08:03:46.836+0000] {processor.py:925} INFO - DAG(s) 'example_xcom' retrieved from /root/miniconda3/envs/project/lib/python3.8/site-packages/airflow/example_dags/example_xcom.py
[2024-10-08T08:03:46.870+0000] {logging_mixin.py:190} INFO - [2024-10-08T08:03:46.869+0000] {dag.py:3239} INFO - Sync 1 DAGs
[2024-10-08T08:03:46.898+0000] {logging_mixin.py:190} INFO - [2024-10-08T08:03:46.898+0000] {dag.py:4180} INFO - Setting next_dagrun for example_xcom to 2021-01-01 00:00:00+00:00, run_after=2021-01-01 00:00:00+00:00
[2024-10-08T08:03:46.932+0000] {processor.py:208} INFO - Processing /root/miniconda3/envs/project/lib/python3.8/site-packages/airflow/example_dags/example_xcom.py took 0.127 seconds
[2024-10-08T08:04:54.284+0000] {processor.py:186} INFO - Started process (PID=208674) to work on /root/miniconda3/envs/project/lib/python3.8/site-packages/airflow/example_dags/example_xcom.py
[2024-10-08T08:04:54.287+0000] {processor.py:914} INFO - Processing file /root/miniconda3/envs/project/lib/python3.8/site-packages/airflow/example_dags/example_xcom.py for tasks to queue
[2024-10-08T08:04:54.291+0000] {logging_mixin.py:190} INFO - [2024-10-08T08:04:54.290+0000] {dagbag.py:588} INFO - Filling up the DagBag from /root/miniconda3/envs/project/lib/python3.8/site-packages/airflow/example_dags/example_xcom.py
[2024-10-08T08:04:54.307+0000] {processor.py:925} INFO - DAG(s) 'example_xcom' retrieved from /root/miniconda3/envs/project/lib/python3.8/site-packages/airflow/example_dags/example_xcom.py
[2024-10-08T08:04:54.336+0000] {logging_mixin.py:190} INFO - [2024-10-08T08:04:54.335+0000] {dag.py:3239} INFO - Sync 1 DAGs
[2024-10-08T08:04:54.368+0000] {logging_mixin.py:190} INFO - [2024-10-08T08:04:54.368+0000] {dag.py:4180} INFO - Setting next_dagrun for example_xcom to 2021-01-01 00:00:00+00:00, run_after=2021-01-01 00:00:00+00:00
[2024-10-08T08:04:54.410+0000] {processor.py:208} INFO - Processing /root/miniconda3/envs/project/lib/python3.8/site-packages/airflow/example_dags/example_xcom.py took 0.137 seconds
[2024-10-08T08:05:55.366+0000] {processor.py:186} INFO - Started process (PID=208876) to work on /root/miniconda3/envs/project/lib/python3.8/site-packages/airflow/example_dags/example_xcom.py
[2024-10-08T08:05:55.369+0000] {processor.py:914} INFO - Processing file /root/miniconda3/envs/project/lib/python3.8/site-packages/airflow/example_dags/example_xcom.py for tasks to queue
[2024-10-08T08:05:55.373+0000] {logging_mixin.py:190} INFO - [2024-10-08T08:05:55.372+0000] {dagbag.py:588} INFO - Filling up the DagBag from /root/miniconda3/envs/project/lib/python3.8/site-packages/airflow/example_dags/example_xcom.py
[2024-10-08T08:05:55.389+0000] {processor.py:925} INFO - DAG(s) 'example_xcom' retrieved from /root/miniconda3/envs/project/lib/python3.8/site-packages/airflow/example_dags/example_xcom.py
[2024-10-08T08:05:55.414+0000] {logging_mixin.py:190} INFO - [2024-10-08T08:05:55.414+0000] {dag.py:3239} INFO - Sync 1 DAGs
[2024-10-08T08:05:55.442+0000] {logging_mixin.py:190} INFO - [2024-10-08T08:05:55.442+0000] {dag.py:4180} INFO - Setting next_dagrun for example_xcom to 2021-01-01 00:00:00+00:00, run_after=2021-01-01 00:00:00+00:00
[2024-10-08T08:05:55.477+0000] {processor.py:208} INFO - Processing /root/miniconda3/envs/project/lib/python3.8/site-packages/airflow/example_dags/example_xcom.py took 0.123 seconds
[2024-10-08T08:06:59.382+0000] {processor.py:186} INFO - Started process (PID=209086) to work on /root/miniconda3/envs/project/lib/python3.8/site-packages/airflow/example_dags/example_xcom.py
[2024-10-08T08:06:59.385+0000] {processor.py:914} INFO - Processing file /root/miniconda3/envs/project/lib/python3.8/site-packages/airflow/example_dags/example_xcom.py for tasks to queue
[2024-10-08T08:06:59.388+0000] {logging_mixin.py:190} INFO - [2024-10-08T08:06:59.388+0000] {dagbag.py:588} INFO - Filling up the DagBag from /root/miniconda3/envs/project/lib/python3.8/site-packages/airflow/example_dags/example_xcom.py
[2024-10-08T08:06:59.403+0000] {processor.py:925} INFO - DAG(s) 'example_xcom' retrieved from /root/miniconda3/envs/project/lib/python3.8/site-packages/airflow/example_dags/example_xcom.py
[2024-10-08T08:06:59.428+0000] {logging_mixin.py:190} INFO - [2024-10-08T08:06:59.428+0000] {dag.py:3239} INFO - Sync 1 DAGs
[2024-10-08T08:06:59.455+0000] {logging_mixin.py:190} INFO - [2024-10-08T08:06:59.455+0000] {dag.py:4180} INFO - Setting next_dagrun for example_xcom to 2021-01-01 00:00:00+00:00, run_after=2021-01-01 00:00:00+00:00
[2024-10-08T08:06:59.486+0000] {processor.py:208} INFO - Processing /root/miniconda3/envs/project/lib/python3.8/site-packages/airflow/example_dags/example_xcom.py took 0.115 seconds
[2024-10-08T08:08:08.816+0000] {processor.py:186} INFO - Started process (PID=209353) to work on /root/miniconda3/envs/project/lib/python3.8/site-packages/airflow/example_dags/example_xcom.py
[2024-10-08T08:08:08.819+0000] {processor.py:914} INFO - Processing file /root/miniconda3/envs/project/lib/python3.8/site-packages/airflow/example_dags/example_xcom.py for tasks to queue
[2024-10-08T08:08:08.822+0000] {logging_mixin.py:190} INFO - [2024-10-08T08:08:08.822+0000] {dagbag.py:588} INFO - Filling up the DagBag from /root/miniconda3/envs/project/lib/python3.8/site-packages/airflow/example_dags/example_xcom.py
[2024-10-08T08:08:08.836+0000] {processor.py:925} INFO - DAG(s) 'example_xcom' retrieved from /root/miniconda3/envs/project/lib/python3.8/site-packages/airflow/example_dags/example_xcom.py
[2024-10-08T08:08:08.861+0000] {logging_mixin.py:190} INFO - [2024-10-08T08:08:08.861+0000] {dag.py:3239} INFO - Sync 1 DAGs
[2024-10-08T08:08:08.888+0000] {logging_mixin.py:190} INFO - [2024-10-08T08:08:08.887+0000] {dag.py:4180} INFO - Setting next_dagrun for example_xcom to 2021-01-01 00:00:00+00:00, run_after=2021-01-01 00:00:00+00:00
[2024-10-08T08:08:08.924+0000] {processor.py:208} INFO - Processing /root/miniconda3/envs/project/lib/python3.8/site-packages/airflow/example_dags/example_xcom.py took 0.118 seconds
[2024-10-08T08:09:36.796+0000] {processor.py:186} INFO - Started process (PID=210025) to work on /root/miniconda3/envs/project/lib/python3.8/site-packages/airflow/example_dags/example_xcom.py
[2024-10-08T08:09:36.799+0000] {processor.py:914} INFO - Processing file /root/miniconda3/envs/project/lib/python3.8/site-packages/airflow/example_dags/example_xcom.py for tasks to queue
[2024-10-08T08:09:36.806+0000] {logging_mixin.py:190} INFO - [2024-10-08T08:09:36.805+0000] {dagbag.py:588} INFO - Filling up the DagBag from /root/miniconda3/envs/project/lib/python3.8/site-packages/airflow/example_dags/example_xcom.py
[2024-10-08T08:09:36.821+0000] {processor.py:925} INFO - DAG(s) 'example_xcom' retrieved from /root/miniconda3/envs/project/lib/python3.8/site-packages/airflow/example_dags/example_xcom.py
[2024-10-08T08:09:36.856+0000] {logging_mixin.py:190} INFO - [2024-10-08T08:09:36.855+0000] {dag.py:3239} INFO - Sync 1 DAGs
[2024-10-08T08:09:36.882+0000] {logging_mixin.py:190} INFO - [2024-10-08T08:09:36.882+0000] {dag.py:4180} INFO - Setting next_dagrun for example_xcom to 2021-01-01 00:00:00+00:00, run_after=2021-01-01 00:00:00+00:00
[2024-10-08T08:09:36.915+0000] {processor.py:208} INFO - Processing /root/miniconda3/envs/project/lib/python3.8/site-packages/airflow/example_dags/example_xcom.py took 0.128 seconds
[2024-10-08T08:11:01.073+0000] {processor.py:186} INFO - Started process (PID=210444) to work on /root/miniconda3/envs/project/lib/python3.8/site-packages/airflow/example_dags/example_xcom.py
[2024-10-08T08:11:01.076+0000] {processor.py:914} INFO - Processing file /root/miniconda3/envs/project/lib/python3.8/site-packages/airflow/example_dags/example_xcom.py for tasks to queue
[2024-10-08T08:11:01.080+0000] {logging_mixin.py:190} INFO - [2024-10-08T08:11:01.079+0000] {dagbag.py:588} INFO - Filling up the DagBag from /root/miniconda3/envs/project/lib/python3.8/site-packages/airflow/example_dags/example_xcom.py
[2024-10-08T08:11:01.094+0000] {processor.py:925} INFO - DAG(s) 'example_xcom' retrieved from /root/miniconda3/envs/project/lib/python3.8/site-packages/airflow/example_dags/example_xcom.py
[2024-10-08T08:11:01.128+0000] {logging_mixin.py:190} INFO - [2024-10-08T08:11:01.128+0000] {dag.py:3239} INFO - Sync 1 DAGs
[2024-10-08T08:11:01.156+0000] {logging_mixin.py:190} INFO - [2024-10-08T08:11:01.155+0000] {dag.py:4180} INFO - Setting next_dagrun for example_xcom to 2021-01-01 00:00:00+00:00, run_after=2021-01-01 00:00:00+00:00
[2024-10-08T08:11:01.188+0000] {processor.py:208} INFO - Processing /root/miniconda3/envs/project/lib/python3.8/site-packages/airflow/example_dags/example_xcom.py took 0.126 seconds
[2024-10-08T08:12:39.196+0000] {processor.py:186} INFO - Started process (PID=210974) to work on /root/miniconda3/envs/project/lib/python3.8/site-packages/airflow/example_dags/example_xcom.py
[2024-10-08T08:12:39.199+0000] {processor.py:914} INFO - Processing file /root/miniconda3/envs/project/lib/python3.8/site-packages/airflow/example_dags/example_xcom.py for tasks to queue
[2024-10-08T08:12:39.203+0000] {logging_mixin.py:190} INFO - [2024-10-08T08:12:39.202+0000] {dagbag.py:588} INFO - Filling up the DagBag from /root/miniconda3/envs/project/lib/python3.8/site-packages/airflow/example_dags/example_xcom.py
[2024-10-08T08:12:39.216+0000] {processor.py:925} INFO - DAG(s) 'example_xcom' retrieved from /root/miniconda3/envs/project/lib/python3.8/site-packages/airflow/example_dags/example_xcom.py
[2024-10-08T08:12:39.250+0000] {logging_mixin.py:190} INFO - [2024-10-08T08:12:39.250+0000] {dag.py:3239} INFO - Sync 1 DAGs
[2024-10-08T08:12:39.278+0000] {logging_mixin.py:190} INFO - [2024-10-08T08:12:39.277+0000] {dag.py:4180} INFO - Setting next_dagrun for example_xcom to 2021-01-01 00:00:00+00:00, run_after=2021-01-01 00:00:00+00:00
[2024-10-08T08:12:39.313+0000] {processor.py:208} INFO - Processing /root/miniconda3/envs/project/lib/python3.8/site-packages/airflow/example_dags/example_xcom.py took 0.128 seconds
[2024-10-08T08:13:45.325+0000] {processor.py:186} INFO - Started process (PID=211225) to work on /root/miniconda3/envs/project/lib/python3.8/site-packages/airflow/example_dags/example_xcom.py
[2024-10-08T08:13:45.328+0000] {processor.py:914} INFO - Processing file /root/miniconda3/envs/project/lib/python3.8/site-packages/airflow/example_dags/example_xcom.py for tasks to queue
[2024-10-08T08:13:45.333+0000] {logging_mixin.py:190} INFO - [2024-10-08T08:13:45.332+0000] {dagbag.py:588} INFO - Filling up the DagBag from /root/miniconda3/envs/project/lib/python3.8/site-packages/airflow/example_dags/example_xcom.py
[2024-10-08T08:13:45.349+0000] {processor.py:925} INFO - DAG(s) 'example_xcom' retrieved from /root/miniconda3/envs/project/lib/python3.8/site-packages/airflow/example_dags/example_xcom.py
[2024-10-08T08:13:45.375+0000] {logging_mixin.py:190} INFO - [2024-10-08T08:13:45.375+0000] {dag.py:3239} INFO - Sync 1 DAGs
[2024-10-08T08:13:45.403+0000] {logging_mixin.py:190} INFO - [2024-10-08T08:13:45.402+0000] {dag.py:4180} INFO - Setting next_dagrun for example_xcom to 2021-01-01 00:00:00+00:00, run_after=2021-01-01 00:00:00+00:00
[2024-10-08T08:13:45.436+0000] {processor.py:208} INFO - Processing /root/miniconda3/envs/project/lib/python3.8/site-packages/airflow/example_dags/example_xcom.py took 0.123 seconds
[2024-10-08T08:14:54.417+0000] {processor.py:186} INFO - Started process (PID=211475) to work on /root/miniconda3/envs/project/lib/python3.8/site-packages/airflow/example_dags/example_xcom.py
[2024-10-08T08:14:54.420+0000] {processor.py:914} INFO - Processing file /root/miniconda3/envs/project/lib/python3.8/site-packages/airflow/example_dags/example_xcom.py for tasks to queue
[2024-10-08T08:14:54.423+0000] {logging_mixin.py:190} INFO - [2024-10-08T08:14:54.422+0000] {dagbag.py:588} INFO - Filling up the DagBag from /root/miniconda3/envs/project/lib/python3.8/site-packages/airflow/example_dags/example_xcom.py
[2024-10-08T08:14:54.437+0000] {processor.py:925} INFO - DAG(s) 'example_xcom' retrieved from /root/miniconda3/envs/project/lib/python3.8/site-packages/airflow/example_dags/example_xcom.py
[2024-10-08T08:14:54.462+0000] {logging_mixin.py:190} INFO - [2024-10-08T08:14:54.462+0000] {dag.py:3239} INFO - Sync 1 DAGs
[2024-10-08T08:14:54.489+0000] {logging_mixin.py:190} INFO - [2024-10-08T08:14:54.488+0000] {dag.py:4180} INFO - Setting next_dagrun for example_xcom to 2021-01-01 00:00:00+00:00, run_after=2021-01-01 00:00:00+00:00
[2024-10-08T08:14:54.520+0000] {processor.py:208} INFO - Processing /root/miniconda3/envs/project/lib/python3.8/site-packages/airflow/example_dags/example_xcom.py took 0.114 seconds
[2024-10-08T08:16:02.823+0000] {processor.py:186} INFO - Started process (PID=211680) to work on /root/miniconda3/envs/project/lib/python3.8/site-packages/airflow/example_dags/example_xcom.py
[2024-10-08T08:16:02.826+0000] {processor.py:914} INFO - Processing file /root/miniconda3/envs/project/lib/python3.8/site-packages/airflow/example_dags/example_xcom.py for tasks to queue
[2024-10-08T08:16:02.830+0000] {logging_mixin.py:190} INFO - [2024-10-08T08:16:02.829+0000] {dagbag.py:588} INFO - Filling up the DagBag from /root/miniconda3/envs/project/lib/python3.8/site-packages/airflow/example_dags/example_xcom.py
[2024-10-08T08:16:02.844+0000] {processor.py:925} INFO - DAG(s) 'example_xcom' retrieved from /root/miniconda3/envs/project/lib/python3.8/site-packages/airflow/example_dags/example_xcom.py
[2024-10-08T08:16:02.869+0000] {logging_mixin.py:190} INFO - [2024-10-08T08:16:02.869+0000] {dag.py:3239} INFO - Sync 1 DAGs
[2024-10-08T08:16:02.896+0000] {logging_mixin.py:190} INFO - [2024-10-08T08:16:02.896+0000] {dag.py:4180} INFO - Setting next_dagrun for example_xcom to 2021-01-01 00:00:00+00:00, run_after=2021-01-01 00:00:00+00:00
[2024-10-08T08:16:02.929+0000] {processor.py:208} INFO - Processing /root/miniconda3/envs/project/lib/python3.8/site-packages/airflow/example_dags/example_xcom.py took 0.116 seconds
[2024-10-08T08:17:13.314+0000] {processor.py:186} INFO - Started process (PID=211887) to work on /root/miniconda3/envs/project/lib/python3.8/site-packages/airflow/example_dags/example_xcom.py
[2024-10-08T08:17:13.317+0000] {processor.py:914} INFO - Processing file /root/miniconda3/envs/project/lib/python3.8/site-packages/airflow/example_dags/example_xcom.py for tasks to queue
[2024-10-08T08:17:13.321+0000] {logging_mixin.py:190} INFO - [2024-10-08T08:17:13.320+0000] {dagbag.py:588} INFO - Filling up the DagBag from /root/miniconda3/envs/project/lib/python3.8/site-packages/airflow/example_dags/example_xcom.py
[2024-10-08T08:17:13.335+0000] {processor.py:925} INFO - DAG(s) 'example_xcom' retrieved from /root/miniconda3/envs/project/lib/python3.8/site-packages/airflow/example_dags/example_xcom.py
[2024-10-08T08:17:13.360+0000] {logging_mixin.py:190} INFO - [2024-10-08T08:17:13.360+0000] {dag.py:3239} INFO - Sync 1 DAGs
[2024-10-08T08:17:13.388+0000] {logging_mixin.py:190} INFO - [2024-10-08T08:17:13.388+0000] {dag.py:4180} INFO - Setting next_dagrun for example_xcom to 2021-01-01 00:00:00+00:00, run_after=2021-01-01 00:00:00+00:00
[2024-10-08T08:17:13.419+0000] {processor.py:208} INFO - Processing /root/miniconda3/envs/project/lib/python3.8/site-packages/airflow/example_dags/example_xcom.py took 0.117 seconds
[2024-10-08T08:18:21.835+0000] {processor.py:186} INFO - Started process (PID=212133) to work on /root/miniconda3/envs/project/lib/python3.8/site-packages/airflow/example_dags/example_xcom.py
[2024-10-08T08:18:21.838+0000] {processor.py:914} INFO - Processing file /root/miniconda3/envs/project/lib/python3.8/site-packages/airflow/example_dags/example_xcom.py for tasks to queue
[2024-10-08T08:18:21.842+0000] {logging_mixin.py:190} INFO - [2024-10-08T08:18:21.841+0000] {dagbag.py:588} INFO - Filling up the DagBag from /root/miniconda3/envs/project/lib/python3.8/site-packages/airflow/example_dags/example_xcom.py
[2024-10-08T08:18:21.856+0000] {processor.py:925} INFO - DAG(s) 'example_xcom' retrieved from /root/miniconda3/envs/project/lib/python3.8/site-packages/airflow/example_dags/example_xcom.py
[2024-10-08T08:18:21.881+0000] {logging_mixin.py:190} INFO - [2024-10-08T08:18:21.881+0000] {dag.py:3239} INFO - Sync 1 DAGs
[2024-10-08T08:18:21.908+0000] {logging_mixin.py:190} INFO - [2024-10-08T08:18:21.908+0000] {dag.py:4180} INFO - Setting next_dagrun for example_xcom to 2021-01-01 00:00:00+00:00, run_after=2021-01-01 00:00:00+00:00
[2024-10-08T08:18:21.940+0000] {processor.py:208} INFO - Processing /root/miniconda3/envs/project/lib/python3.8/site-packages/airflow/example_dags/example_xcom.py took 0.115 seconds
[2024-10-08T08:19:33.426+0000] {processor.py:186} INFO - Started process (PID=212380) to work on /root/miniconda3/envs/project/lib/python3.8/site-packages/airflow/example_dags/example_xcom.py
[2024-10-08T08:19:33.428+0000] {processor.py:914} INFO - Processing file /root/miniconda3/envs/project/lib/python3.8/site-packages/airflow/example_dags/example_xcom.py for tasks to queue
[2024-10-08T08:19:33.431+0000] {logging_mixin.py:190} INFO - [2024-10-08T08:19:33.431+0000] {dagbag.py:588} INFO - Filling up the DagBag from /root/miniconda3/envs/project/lib/python3.8/site-packages/airflow/example_dags/example_xcom.py
[2024-10-08T08:19:33.446+0000] {processor.py:925} INFO - DAG(s) 'example_xcom' retrieved from /root/miniconda3/envs/project/lib/python3.8/site-packages/airflow/example_dags/example_xcom.py
[2024-10-08T08:19:33.471+0000] {logging_mixin.py:190} INFO - [2024-10-08T08:19:33.471+0000] {dag.py:3239} INFO - Sync 1 DAGs
[2024-10-08T08:19:33.499+0000] {logging_mixin.py:190} INFO - [2024-10-08T08:19:33.499+0000] {dag.py:4180} INFO - Setting next_dagrun for example_xcom to 2021-01-01 00:00:00+00:00, run_after=2021-01-01 00:00:00+00:00
[2024-10-08T08:19:33.533+0000] {processor.py:208} INFO - Processing /root/miniconda3/envs/project/lib/python3.8/site-packages/airflow/example_dags/example_xcom.py took 0.118 seconds
[2024-10-08T08:20:39.997+0000] {processor.py:186} INFO - Started process (PID=212566) to work on /root/miniconda3/envs/project/lib/python3.8/site-packages/airflow/example_dags/example_xcom.py
[2024-10-08T08:20:40.000+0000] {processor.py:914} INFO - Processing file /root/miniconda3/envs/project/lib/python3.8/site-packages/airflow/example_dags/example_xcom.py for tasks to queue
[2024-10-08T08:20:40.003+0000] {logging_mixin.py:190} INFO - [2024-10-08T08:20:40.003+0000] {dagbag.py:588} INFO - Filling up the DagBag from /root/miniconda3/envs/project/lib/python3.8/site-packages/airflow/example_dags/example_xcom.py
[2024-10-08T08:20:40.018+0000] {processor.py:925} INFO - DAG(s) 'example_xcom' retrieved from /root/miniconda3/envs/project/lib/python3.8/site-packages/airflow/example_dags/example_xcom.py
[2024-10-08T08:20:40.044+0000] {logging_mixin.py:190} INFO - [2024-10-08T08:20:40.044+0000] {dag.py:3239} INFO - Sync 1 DAGs
[2024-10-08T08:20:40.072+0000] {logging_mixin.py:190} INFO - [2024-10-08T08:20:40.072+0000] {dag.py:4180} INFO - Setting next_dagrun for example_xcom to 2021-01-01 00:00:00+00:00, run_after=2021-01-01 00:00:00+00:00
[2024-10-08T08:20:40.106+0000] {processor.py:208} INFO - Processing /root/miniconda3/envs/project/lib/python3.8/site-packages/airflow/example_dags/example_xcom.py took 0.120 seconds
[2024-10-08T08:21:19.942+0000] {processor.py:186} INFO - Started process (PID=212657) to work on /root/miniconda3/envs/project/lib/python3.8/site-packages/airflow/example_dags/example_xcom.py
[2024-10-08T08:21:19.945+0000] {processor.py:914} INFO - Processing file /root/miniconda3/envs/project/lib/python3.8/site-packages/airflow/example_dags/example_xcom.py for tasks to queue
[2024-10-08T08:21:19.948+0000] {logging_mixin.py:190} INFO - [2024-10-08T08:21:19.947+0000] {dagbag.py:588} INFO - Filling up the DagBag from /root/miniconda3/envs/project/lib/python3.8/site-packages/airflow/example_dags/example_xcom.py
[2024-10-08T08:21:19.962+0000] {processor.py:925} INFO - DAG(s) 'example_xcom' retrieved from /root/miniconda3/envs/project/lib/python3.8/site-packages/airflow/example_dags/example_xcom.py
[2024-10-08T08:21:19.987+0000] {logging_mixin.py:190} INFO - [2024-10-08T08:21:19.987+0000] {dag.py:3239} INFO - Sync 1 DAGs
[2024-10-08T08:21:20.014+0000] {logging_mixin.py:190} INFO - [2024-10-08T08:21:20.014+0000] {dag.py:4180} INFO - Setting next_dagrun for example_xcom to 2021-01-01 00:00:00+00:00, run_after=2021-01-01 00:00:00+00:00
[2024-10-08T08:21:20.044+0000] {processor.py:208} INFO - Processing /root/miniconda3/envs/project/lib/python3.8/site-packages/airflow/example_dags/example_xcom.py took 0.112 seconds
[2024-10-08T08:22:31.041+0000] {processor.py:186} INFO - Started process (PID=212884) to work on /root/miniconda3/envs/project/lib/python3.8/site-packages/airflow/example_dags/example_xcom.py
[2024-10-08T08:22:31.044+0000] {processor.py:914} INFO - Processing file /root/miniconda3/envs/project/lib/python3.8/site-packages/airflow/example_dags/example_xcom.py for tasks to queue
[2024-10-08T08:22:31.047+0000] {logging_mixin.py:190} INFO - [2024-10-08T08:22:31.046+0000] {dagbag.py:588} INFO - Filling up the DagBag from /root/miniconda3/envs/project/lib/python3.8/site-packages/airflow/example_dags/example_xcom.py
[2024-10-08T08:22:31.061+0000] {processor.py:925} INFO - DAG(s) 'example_xcom' retrieved from /root/miniconda3/envs/project/lib/python3.8/site-packages/airflow/example_dags/example_xcom.py
[2024-10-08T08:22:31.087+0000] {logging_mixin.py:190} INFO - [2024-10-08T08:22:31.087+0000] {dag.py:3239} INFO - Sync 1 DAGs
[2024-10-08T08:22:31.123+0000] {logging_mixin.py:190} INFO - [2024-10-08T08:22:31.123+0000] {dag.py:4180} INFO - Setting next_dagrun for example_xcom to 2021-01-01 00:00:00+00:00, run_after=2021-01-01 00:00:00+00:00
[2024-10-08T08:22:31.156+0000] {processor.py:208} INFO - Processing /root/miniconda3/envs/project/lib/python3.8/site-packages/airflow/example_dags/example_xcom.py took 0.126 seconds
[2024-10-08T08:23:33.390+0000] {processor.py:186} INFO - Started process (PID=213137) to work on /root/miniconda3/envs/project/lib/python3.8/site-packages/airflow/example_dags/example_xcom.py
[2024-10-08T08:23:33.392+0000] {processor.py:914} INFO - Processing file /root/miniconda3/envs/project/lib/python3.8/site-packages/airflow/example_dags/example_xcom.py for tasks to queue
[2024-10-08T08:23:33.396+0000] {logging_mixin.py:190} INFO - [2024-10-08T08:23:33.395+0000] {dagbag.py:588} INFO - Filling up the DagBag from /root/miniconda3/envs/project/lib/python3.8/site-packages/airflow/example_dags/example_xcom.py
[2024-10-08T08:23:33.410+0000] {processor.py:925} INFO - DAG(s) 'example_xcom' retrieved from /root/miniconda3/envs/project/lib/python3.8/site-packages/airflow/example_dags/example_xcom.py
[2024-10-08T08:23:33.435+0000] {logging_mixin.py:190} INFO - [2024-10-08T08:23:33.435+0000] {dag.py:3239} INFO - Sync 1 DAGs
[2024-10-08T08:23:33.462+0000] {logging_mixin.py:190} INFO - [2024-10-08T08:23:33.462+0000] {dag.py:4180} INFO - Setting next_dagrun for example_xcom to 2021-01-01 00:00:00+00:00, run_after=2021-01-01 00:00:00+00:00
[2024-10-08T08:23:33.497+0000] {processor.py:208} INFO - Processing /root/miniconda3/envs/project/lib/python3.8/site-packages/airflow/example_dags/example_xcom.py took 0.119 seconds
[2024-10-08T08:36:51.405+0000] {processor.py:186} INFO - Started process (PID=214730) to work on /root/miniconda3/envs/project/lib/python3.8/site-packages/airflow/example_dags/example_xcom.py
[2024-10-08T08:36:51.408+0000] {processor.py:914} INFO - Processing file /root/miniconda3/envs/project/lib/python3.8/site-packages/airflow/example_dags/example_xcom.py for tasks to queue
[2024-10-08T08:36:51.412+0000] {logging_mixin.py:190} INFO - [2024-10-08T08:36:51.412+0000] {dagbag.py:588} INFO - Filling up the DagBag from /root/miniconda3/envs/project/lib/python3.8/site-packages/airflow/example_dags/example_xcom.py
[2024-10-08T08:36:51.426+0000] {processor.py:925} INFO - DAG(s) 'example_xcom' retrieved from /root/miniconda3/envs/project/lib/python3.8/site-packages/airflow/example_dags/example_xcom.py
[2024-10-08T08:36:51.460+0000] {logging_mixin.py:190} INFO - [2024-10-08T08:36:51.460+0000] {dag.py:3239} INFO - Sync 1 DAGs
[2024-10-08T08:36:51.487+0000] {logging_mixin.py:190} INFO - [2024-10-08T08:36:51.487+0000] {dag.py:4180} INFO - Setting next_dagrun for example_xcom to 2021-01-01 00:00:00+00:00, run_after=2021-01-01 00:00:00+00:00
[2024-10-08T08:36:51.519+0000] {processor.py:208} INFO - Processing /root/miniconda3/envs/project/lib/python3.8/site-packages/airflow/example_dags/example_xcom.py took 0.124 seconds
[2024-10-08T08:38:00.090+0000] {processor.py:186} INFO - Started process (PID=215180) to work on /root/miniconda3/envs/project/lib/python3.8/site-packages/airflow/example_dags/example_xcom.py
[2024-10-08T08:38:00.093+0000] {processor.py:914} INFO - Processing file /root/miniconda3/envs/project/lib/python3.8/site-packages/airflow/example_dags/example_xcom.py for tasks to queue
[2024-10-08T08:38:00.097+0000] {logging_mixin.py:190} INFO - [2024-10-08T08:38:00.096+0000] {dagbag.py:588} INFO - Filling up the DagBag from /root/miniconda3/envs/project/lib/python3.8/site-packages/airflow/example_dags/example_xcom.py
[2024-10-08T08:38:00.112+0000] {processor.py:925} INFO - DAG(s) 'example_xcom' retrieved from /root/miniconda3/envs/project/lib/python3.8/site-packages/airflow/example_dags/example_xcom.py
[2024-10-08T08:38:00.138+0000] {logging_mixin.py:190} INFO - [2024-10-08T08:38:00.138+0000] {dag.py:3239} INFO - Sync 1 DAGs
[2024-10-08T08:38:00.166+0000] {logging_mixin.py:190} INFO - [2024-10-08T08:38:00.166+0000] {dag.py:4180} INFO - Setting next_dagrun for example_xcom to 2021-01-01 00:00:00+00:00, run_after=2021-01-01 00:00:00+00:00
[2024-10-08T08:38:00.199+0000] {processor.py:208} INFO - Processing /root/miniconda3/envs/project/lib/python3.8/site-packages/airflow/example_dags/example_xcom.py took 0.119 seconds
[2024-10-08T08:39:09.386+0000] {processor.py:186} INFO - Started process (PID=215583) to work on /root/miniconda3/envs/project/lib/python3.8/site-packages/airflow/example_dags/example_xcom.py
[2024-10-08T08:39:09.389+0000] {processor.py:914} INFO - Processing file /root/miniconda3/envs/project/lib/python3.8/site-packages/airflow/example_dags/example_xcom.py for tasks to queue
[2024-10-08T08:39:09.393+0000] {logging_mixin.py:190} INFO - [2024-10-08T08:39:09.393+0000] {dagbag.py:588} INFO - Filling up the DagBag from /root/miniconda3/envs/project/lib/python3.8/site-packages/airflow/example_dags/example_xcom.py
[2024-10-08T08:39:09.414+0000] {processor.py:925} INFO - DAG(s) 'example_xcom' retrieved from /root/miniconda3/envs/project/lib/python3.8/site-packages/airflow/example_dags/example_xcom.py
[2024-10-08T08:39:09.443+0000] {logging_mixin.py:190} INFO - [2024-10-08T08:39:09.443+0000] {dag.py:3239} INFO - Sync 1 DAGs
[2024-10-08T08:39:09.469+0000] {logging_mixin.py:190} INFO - [2024-10-08T08:39:09.469+0000] {dag.py:4180} INFO - Setting next_dagrun for example_xcom to 2021-01-01 00:00:00+00:00, run_after=2021-01-01 00:00:00+00:00
[2024-10-08T08:39:09.502+0000] {processor.py:208} INFO - Processing /root/miniconda3/envs/project/lib/python3.8/site-packages/airflow/example_dags/example_xcom.py took 0.130 seconds
[2024-10-08T08:40:20.737+0000] {processor.py:186} INFO - Started process (PID=215810) to work on /root/miniconda3/envs/project/lib/python3.8/site-packages/airflow/example_dags/example_xcom.py
[2024-10-08T08:40:20.740+0000] {processor.py:914} INFO - Processing file /root/miniconda3/envs/project/lib/python3.8/site-packages/airflow/example_dags/example_xcom.py for tasks to queue
[2024-10-08T08:40:20.743+0000] {logging_mixin.py:190} INFO - [2024-10-08T08:40:20.743+0000] {dagbag.py:588} INFO - Filling up the DagBag from /root/miniconda3/envs/project/lib/python3.8/site-packages/airflow/example_dags/example_xcom.py
[2024-10-08T08:40:20.758+0000] {processor.py:925} INFO - DAG(s) 'example_xcom' retrieved from /root/miniconda3/envs/project/lib/python3.8/site-packages/airflow/example_dags/example_xcom.py
[2024-10-08T08:40:20.785+0000] {logging_mixin.py:190} INFO - [2024-10-08T08:40:20.784+0000] {dag.py:3239} INFO - Sync 1 DAGs
[2024-10-08T08:40:20.813+0000] {logging_mixin.py:190} INFO - [2024-10-08T08:40:20.812+0000] {dag.py:4180} INFO - Setting next_dagrun for example_xcom to 2021-01-01 00:00:00+00:00, run_after=2021-01-01 00:00:00+00:00
[2024-10-08T08:40:20.849+0000] {processor.py:208} INFO - Processing /root/miniconda3/envs/project/lib/python3.8/site-packages/airflow/example_dags/example_xcom.py took 0.122 seconds
[2024-10-08T08:41:28.619+0000] {processor.py:186} INFO - Started process (PID=216283) to work on /root/miniconda3/envs/project/lib/python3.8/site-packages/airflow/example_dags/example_xcom.py
[2024-10-08T08:41:28.622+0000] {processor.py:914} INFO - Processing file /root/miniconda3/envs/project/lib/python3.8/site-packages/airflow/example_dags/example_xcom.py for tasks to queue
[2024-10-08T08:41:28.625+0000] {logging_mixin.py:190} INFO - [2024-10-08T08:41:28.624+0000] {dagbag.py:588} INFO - Filling up the DagBag from /root/miniconda3/envs/project/lib/python3.8/site-packages/airflow/example_dags/example_xcom.py
[2024-10-08T08:41:28.640+0000] {processor.py:925} INFO - DAG(s) 'example_xcom' retrieved from /root/miniconda3/envs/project/lib/python3.8/site-packages/airflow/example_dags/example_xcom.py
[2024-10-08T08:41:28.673+0000] {logging_mixin.py:190} INFO - [2024-10-08T08:41:28.673+0000] {dag.py:3239} INFO - Sync 1 DAGs
[2024-10-08T08:41:28.702+0000] {logging_mixin.py:190} INFO - [2024-10-08T08:41:28.702+0000] {dag.py:4180} INFO - Setting next_dagrun for example_xcom to 2021-01-01 00:00:00+00:00, run_after=2021-01-01 00:00:00+00:00
[2024-10-08T08:41:28.737+0000] {processor.py:208} INFO - Processing /root/miniconda3/envs/project/lib/python3.8/site-packages/airflow/example_dags/example_xcom.py took 0.129 seconds
[2024-10-08T08:42:35.435+0000] {processor.py:186} INFO - Started process (PID=216614) to work on /root/miniconda3/envs/project/lib/python3.8/site-packages/airflow/example_dags/example_xcom.py
[2024-10-08T08:42:35.438+0000] {processor.py:914} INFO - Processing file /root/miniconda3/envs/project/lib/python3.8/site-packages/airflow/example_dags/example_xcom.py for tasks to queue
[2024-10-08T08:42:35.442+0000] {logging_mixin.py:190} INFO - [2024-10-08T08:42:35.441+0000] {dagbag.py:588} INFO - Filling up the DagBag from /root/miniconda3/envs/project/lib/python3.8/site-packages/airflow/example_dags/example_xcom.py
[2024-10-08T08:42:35.459+0000] {processor.py:925} INFO - DAG(s) 'example_xcom' retrieved from /root/miniconda3/envs/project/lib/python3.8/site-packages/airflow/example_dags/example_xcom.py
[2024-10-08T08:42:35.490+0000] {logging_mixin.py:190} INFO - [2024-10-08T08:42:35.490+0000] {dag.py:3239} INFO - Sync 1 DAGs
[2024-10-08T08:42:35.525+0000] {logging_mixin.py:190} INFO - [2024-10-08T08:42:35.524+0000] {dag.py:4180} INFO - Setting next_dagrun for example_xcom to 2021-01-01 00:00:00+00:00, run_after=2021-01-01 00:00:00+00:00
[2024-10-08T08:42:35.557+0000] {processor.py:208} INFO - Processing /root/miniconda3/envs/project/lib/python3.8/site-packages/airflow/example_dags/example_xcom.py took 0.133 seconds
[2024-10-08T08:43:42.357+0000] {processor.py:186} INFO - Started process (PID=216892) to work on /root/miniconda3/envs/project/lib/python3.8/site-packages/airflow/example_dags/example_xcom.py
[2024-10-08T08:43:42.360+0000] {processor.py:914} INFO - Processing file /root/miniconda3/envs/project/lib/python3.8/site-packages/airflow/example_dags/example_xcom.py for tasks to queue
[2024-10-08T08:43:42.363+0000] {logging_mixin.py:190} INFO - [2024-10-08T08:43:42.363+0000] {dagbag.py:588} INFO - Filling up the DagBag from /root/miniconda3/envs/project/lib/python3.8/site-packages/airflow/example_dags/example_xcom.py
[2024-10-08T08:43:42.378+0000] {processor.py:925} INFO - DAG(s) 'example_xcom' retrieved from /root/miniconda3/envs/project/lib/python3.8/site-packages/airflow/example_dags/example_xcom.py
[2024-10-08T08:43:42.403+0000] {logging_mixin.py:190} INFO - [2024-10-08T08:43:42.403+0000] {dag.py:3239} INFO - Sync 1 DAGs
[2024-10-08T08:43:42.431+0000] {logging_mixin.py:190} INFO - [2024-10-08T08:43:42.431+0000] {dag.py:4180} INFO - Setting next_dagrun for example_xcom to 2021-01-01 00:00:00+00:00, run_after=2021-01-01 00:00:00+00:00
[2024-10-08T08:43:42.462+0000] {processor.py:208} INFO - Processing /root/miniconda3/envs/project/lib/python3.8/site-packages/airflow/example_dags/example_xcom.py took 0.117 seconds
[2024-10-08T08:44:53.893+0000] {processor.py:186} INFO - Started process (PID=217118) to work on /root/miniconda3/envs/project/lib/python3.8/site-packages/airflow/example_dags/example_xcom.py
[2024-10-08T08:44:53.896+0000] {processor.py:914} INFO - Processing file /root/miniconda3/envs/project/lib/python3.8/site-packages/airflow/example_dags/example_xcom.py for tasks to queue
[2024-10-08T08:44:53.900+0000] {logging_mixin.py:190} INFO - [2024-10-08T08:44:53.899+0000] {dagbag.py:588} INFO - Filling up the DagBag from /root/miniconda3/envs/project/lib/python3.8/site-packages/airflow/example_dags/example_xcom.py
[2024-10-08T08:44:53.916+0000] {processor.py:925} INFO - DAG(s) 'example_xcom' retrieved from /root/miniconda3/envs/project/lib/python3.8/site-packages/airflow/example_dags/example_xcom.py
[2024-10-08T08:44:53.942+0000] {logging_mixin.py:190} INFO - [2024-10-08T08:44:53.942+0000] {dag.py:3239} INFO - Sync 1 DAGs
[2024-10-08T08:44:53.969+0000] {logging_mixin.py:190} INFO - [2024-10-08T08:44:53.969+0000] {dag.py:4180} INFO - Setting next_dagrun for example_xcom to 2021-01-01 00:00:00+00:00, run_after=2021-01-01 00:00:00+00:00
[2024-10-08T08:44:54.001+0000] {processor.py:208} INFO - Processing /root/miniconda3/envs/project/lib/python3.8/site-packages/airflow/example_dags/example_xcom.py took 0.119 seconds
[2024-10-08T08:46:08.096+0000] {processor.py:186} INFO - Started process (PID=217346) to work on /root/miniconda3/envs/project/lib/python3.8/site-packages/airflow/example_dags/example_xcom.py
[2024-10-08T08:46:08.099+0000] {processor.py:914} INFO - Processing file /root/miniconda3/envs/project/lib/python3.8/site-packages/airflow/example_dags/example_xcom.py for tasks to queue
[2024-10-08T08:46:08.102+0000] {logging_mixin.py:190} INFO - [2024-10-08T08:46:08.101+0000] {dagbag.py:588} INFO - Filling up the DagBag from /root/miniconda3/envs/project/lib/python3.8/site-packages/airflow/example_dags/example_xcom.py
[2024-10-08T08:46:08.116+0000] {processor.py:925} INFO - DAG(s) 'example_xcom' retrieved from /root/miniconda3/envs/project/lib/python3.8/site-packages/airflow/example_dags/example_xcom.py
[2024-10-08T08:46:08.140+0000] {logging_mixin.py:190} INFO - [2024-10-08T08:46:08.140+0000] {dag.py:3239} INFO - Sync 1 DAGs
[2024-10-08T08:46:08.166+0000] {logging_mixin.py:190} INFO - [2024-10-08T08:46:08.166+0000] {dag.py:4180} INFO - Setting next_dagrun for example_xcom to 2021-01-01 00:00:00+00:00, run_after=2021-01-01 00:00:00+00:00
[2024-10-08T08:46:08.198+0000] {processor.py:208} INFO - Processing /root/miniconda3/envs/project/lib/python3.8/site-packages/airflow/example_dags/example_xcom.py took 0.114 seconds
[2024-10-08T08:47:20.244+0000] {processor.py:186} INFO - Started process (PID=217740) to work on /root/miniconda3/envs/project/lib/python3.8/site-packages/airflow/example_dags/example_xcom.py
[2024-10-08T08:47:20.247+0000] {processor.py:914} INFO - Processing file /root/miniconda3/envs/project/lib/python3.8/site-packages/airflow/example_dags/example_xcom.py for tasks to queue
[2024-10-08T08:47:20.250+0000] {logging_mixin.py:190} INFO - [2024-10-08T08:47:20.249+0000] {dagbag.py:588} INFO - Filling up the DagBag from /root/miniconda3/envs/project/lib/python3.8/site-packages/airflow/example_dags/example_xcom.py
[2024-10-08T08:47:20.264+0000] {processor.py:925} INFO - DAG(s) 'example_xcom' retrieved from /root/miniconda3/envs/project/lib/python3.8/site-packages/airflow/example_dags/example_xcom.py
[2024-10-08T08:47:20.289+0000] {logging_mixin.py:190} INFO - [2024-10-08T08:47:20.289+0000] {dag.py:3239} INFO - Sync 1 DAGs
[2024-10-08T08:47:20.316+0000] {logging_mixin.py:190} INFO - [2024-10-08T08:47:20.316+0000] {dag.py:4180} INFO - Setting next_dagrun for example_xcom to 2021-01-01 00:00:00+00:00, run_after=2021-01-01 00:00:00+00:00
[2024-10-08T08:47:20.348+0000] {processor.py:208} INFO - Processing /root/miniconda3/envs/project/lib/python3.8/site-packages/airflow/example_dags/example_xcom.py took 0.113 seconds
[2024-10-08T08:48:32.987+0000] {processor.py:186} INFO - Started process (PID=217999) to work on /root/miniconda3/envs/project/lib/python3.8/site-packages/airflow/example_dags/example_xcom.py
[2024-10-08T08:48:32.990+0000] {processor.py:914} INFO - Processing file /root/miniconda3/envs/project/lib/python3.8/site-packages/airflow/example_dags/example_xcom.py for tasks to queue
[2024-10-08T08:48:32.993+0000] {logging_mixin.py:190} INFO - [2024-10-08T08:48:32.993+0000] {dagbag.py:588} INFO - Filling up the DagBag from /root/miniconda3/envs/project/lib/python3.8/site-packages/airflow/example_dags/example_xcom.py
[2024-10-08T08:48:33.008+0000] {processor.py:925} INFO - DAG(s) 'example_xcom' retrieved from /root/miniconda3/envs/project/lib/python3.8/site-packages/airflow/example_dags/example_xcom.py
[2024-10-08T08:48:33.033+0000] {logging_mixin.py:190} INFO - [2024-10-08T08:48:33.033+0000] {dag.py:3239} INFO - Sync 1 DAGs
[2024-10-08T08:48:33.061+0000] {logging_mixin.py:190} INFO - [2024-10-08T08:48:33.061+0000] {dag.py:4180} INFO - Setting next_dagrun for example_xcom to 2021-01-01 00:00:00+00:00, run_after=2021-01-01 00:00:00+00:00
[2024-10-08T08:48:33.094+0000] {processor.py:208} INFO - Processing /root/miniconda3/envs/project/lib/python3.8/site-packages/airflow/example_dags/example_xcom.py took 0.117 seconds
[2024-10-08T08:49:42.536+0000] {processor.py:186} INFO - Started process (PID=218278) to work on /root/miniconda3/envs/project/lib/python3.8/site-packages/airflow/example_dags/example_xcom.py
[2024-10-08T08:49:42.539+0000] {processor.py:914} INFO - Processing file /root/miniconda3/envs/project/lib/python3.8/site-packages/airflow/example_dags/example_xcom.py for tasks to queue
[2024-10-08T08:49:42.542+0000] {logging_mixin.py:190} INFO - [2024-10-08T08:49:42.541+0000] {dagbag.py:588} INFO - Filling up the DagBag from /root/miniconda3/envs/project/lib/python3.8/site-packages/airflow/example_dags/example_xcom.py
[2024-10-08T08:49:42.557+0000] {processor.py:925} INFO - DAG(s) 'example_xcom' retrieved from /root/miniconda3/envs/project/lib/python3.8/site-packages/airflow/example_dags/example_xcom.py
[2024-10-08T08:49:42.582+0000] {logging_mixin.py:190} INFO - [2024-10-08T08:49:42.582+0000] {dag.py:3239} INFO - Sync 1 DAGs
[2024-10-08T08:49:42.609+0000] {logging_mixin.py:190} INFO - [2024-10-08T08:49:42.609+0000] {dag.py:4180} INFO - Setting next_dagrun for example_xcom to 2021-01-01 00:00:00+00:00, run_after=2021-01-01 00:00:00+00:00
[2024-10-08T08:49:42.647+0000] {processor.py:208} INFO - Processing /root/miniconda3/envs/project/lib/python3.8/site-packages/airflow/example_dags/example_xcom.py took 0.121 seconds
[2024-10-08T08:50:52.105+0000] {processor.py:186} INFO - Started process (PID=218564) to work on /root/miniconda3/envs/project/lib/python3.8/site-packages/airflow/example_dags/example_xcom.py
[2024-10-08T08:50:52.108+0000] {processor.py:914} INFO - Processing file /root/miniconda3/envs/project/lib/python3.8/site-packages/airflow/example_dags/example_xcom.py for tasks to queue
[2024-10-08T08:50:52.112+0000] {logging_mixin.py:190} INFO - [2024-10-08T08:50:52.111+0000] {dagbag.py:588} INFO - Filling up the DagBag from /root/miniconda3/envs/project/lib/python3.8/site-packages/airflow/example_dags/example_xcom.py
[2024-10-08T08:50:52.127+0000] {processor.py:925} INFO - DAG(s) 'example_xcom' retrieved from /root/miniconda3/envs/project/lib/python3.8/site-packages/airflow/example_dags/example_xcom.py
[2024-10-08T08:50:52.152+0000] {logging_mixin.py:190} INFO - [2024-10-08T08:50:52.152+0000] {dag.py:3239} INFO - Sync 1 DAGs
[2024-10-08T08:50:52.179+0000] {logging_mixin.py:190} INFO - [2024-10-08T08:50:52.179+0000] {dag.py:4180} INFO - Setting next_dagrun for example_xcom to 2021-01-01 00:00:00+00:00, run_after=2021-01-01 00:00:00+00:00
[2024-10-08T08:50:52.210+0000] {processor.py:208} INFO - Processing /root/miniconda3/envs/project/lib/python3.8/site-packages/airflow/example_dags/example_xcom.py took 0.116 seconds
[2024-10-08T09:03:16.829+0000] {processor.py:186} INFO - Started process (PID=219402) to work on /root/miniconda3/envs/project/lib/python3.8/site-packages/airflow/example_dags/example_xcom.py
[2024-10-08T09:03:16.832+0000] {processor.py:914} INFO - Processing file /root/miniconda3/envs/project/lib/python3.8/site-packages/airflow/example_dags/example_xcom.py for tasks to queue
[2024-10-08T09:03:16.835+0000] {logging_mixin.py:190} INFO - [2024-10-08T09:03:16.835+0000] {dagbag.py:588} INFO - Filling up the DagBag from /root/miniconda3/envs/project/lib/python3.8/site-packages/airflow/example_dags/example_xcom.py
[2024-10-08T09:03:16.850+0000] {processor.py:925} INFO - DAG(s) 'example_xcom' retrieved from /root/miniconda3/envs/project/lib/python3.8/site-packages/airflow/example_dags/example_xcom.py
[2024-10-08T09:03:16.885+0000] {logging_mixin.py:190} INFO - [2024-10-08T09:03:16.884+0000] {dag.py:3239} INFO - Sync 1 DAGs
[2024-10-08T09:03:16.911+0000] {logging_mixin.py:190} INFO - [2024-10-08T09:03:16.911+0000] {dag.py:4180} INFO - Setting next_dagrun for example_xcom to 2021-01-01 00:00:00+00:00, run_after=2021-01-01 00:00:00+00:00
[2024-10-08T09:03:16.944+0000] {processor.py:208} INFO - Processing /root/miniconda3/envs/project/lib/python3.8/site-packages/airflow/example_dags/example_xcom.py took 0.125 seconds
[2024-10-08T09:04:57.622+0000] {processor.py:186} INFO - Started process (PID=219975) to work on /root/miniconda3/envs/project/lib/python3.8/site-packages/airflow/example_dags/example_xcom.py
[2024-10-08T09:04:57.625+0000] {processor.py:914} INFO - Processing file /root/miniconda3/envs/project/lib/python3.8/site-packages/airflow/example_dags/example_xcom.py for tasks to queue
[2024-10-08T09:04:57.629+0000] {logging_mixin.py:190} INFO - [2024-10-08T09:04:57.629+0000] {dagbag.py:588} INFO - Filling up the DagBag from /root/miniconda3/envs/project/lib/python3.8/site-packages/airflow/example_dags/example_xcom.py
[2024-10-08T09:04:57.644+0000] {processor.py:925} INFO - DAG(s) 'example_xcom' retrieved from /root/miniconda3/envs/project/lib/python3.8/site-packages/airflow/example_dags/example_xcom.py
[2024-10-08T09:04:57.680+0000] {logging_mixin.py:190} INFO - [2024-10-08T09:04:57.680+0000] {dag.py:3239} INFO - Sync 1 DAGs
[2024-10-08T09:04:57.708+0000] {logging_mixin.py:190} INFO - [2024-10-08T09:04:57.707+0000] {dag.py:4180} INFO - Setting next_dagrun for example_xcom to 2021-01-01 00:00:00+00:00, run_after=2021-01-01 00:00:00+00:00
[2024-10-08T09:04:57.743+0000] {processor.py:208} INFO - Processing /root/miniconda3/envs/project/lib/python3.8/site-packages/airflow/example_dags/example_xcom.py took 0.131 seconds
[2024-10-08T09:08:30.022+0000] {processor.py:186} INFO - Started process (PID=220761) to work on /root/miniconda3/envs/project/lib/python3.8/site-packages/airflow/example_dags/example_xcom.py
[2024-10-08T09:08:30.025+0000] {processor.py:914} INFO - Processing file /root/miniconda3/envs/project/lib/python3.8/site-packages/airflow/example_dags/example_xcom.py for tasks to queue
[2024-10-08T09:08:30.029+0000] {logging_mixin.py:190} INFO - [2024-10-08T09:08:30.028+0000] {dagbag.py:588} INFO - Filling up the DagBag from /root/miniconda3/envs/project/lib/python3.8/site-packages/airflow/example_dags/example_xcom.py
[2024-10-08T09:08:30.043+0000] {processor.py:925} INFO - DAG(s) 'example_xcom' retrieved from /root/miniconda3/envs/project/lib/python3.8/site-packages/airflow/example_dags/example_xcom.py
[2024-10-08T09:08:30.076+0000] {logging_mixin.py:190} INFO - [2024-10-08T09:08:30.076+0000] {dag.py:3239} INFO - Sync 1 DAGs
[2024-10-08T09:08:30.103+0000] {logging_mixin.py:190} INFO - [2024-10-08T09:08:30.103+0000] {dag.py:4180} INFO - Setting next_dagrun for example_xcom to 2021-01-01 00:00:00+00:00, run_after=2021-01-01 00:00:00+00:00
[2024-10-08T09:08:30.136+0000] {processor.py:208} INFO - Processing /root/miniconda3/envs/project/lib/python3.8/site-packages/airflow/example_dags/example_xcom.py took 0.126 seconds
[2024-10-08T09:09:58.375+0000] {processor.py:186} INFO - Started process (PID=221274) to work on /root/miniconda3/envs/project/lib/python3.8/site-packages/airflow/example_dags/example_xcom.py
[2024-10-08T09:09:58.378+0000] {processor.py:914} INFO - Processing file /root/miniconda3/envs/project/lib/python3.8/site-packages/airflow/example_dags/example_xcom.py for tasks to queue
[2024-10-08T09:09:58.383+0000] {logging_mixin.py:190} INFO - [2024-10-08T09:09:58.382+0000] {dagbag.py:588} INFO - Filling up the DagBag from /root/miniconda3/envs/project/lib/python3.8/site-packages/airflow/example_dags/example_xcom.py
[2024-10-08T09:09:58.398+0000] {processor.py:925} INFO - DAG(s) 'example_xcom' retrieved from /root/miniconda3/envs/project/lib/python3.8/site-packages/airflow/example_dags/example_xcom.py
[2024-10-08T09:09:58.434+0000] {logging_mixin.py:190} INFO - [2024-10-08T09:09:58.433+0000] {dag.py:3239} INFO - Sync 1 DAGs
[2024-10-08T09:09:58.461+0000] {logging_mixin.py:190} INFO - [2024-10-08T09:09:58.461+0000] {dag.py:4180} INFO - Setting next_dagrun for example_xcom to 2021-01-01 00:00:00+00:00, run_after=2021-01-01 00:00:00+00:00
[2024-10-08T09:09:58.498+0000] {processor.py:208} INFO - Processing /root/miniconda3/envs/project/lib/python3.8/site-packages/airflow/example_dags/example_xcom.py took 0.134 seconds
[2024-10-08T09:11:07.345+0000] {processor.py:186} INFO - Started process (PID=221687) to work on /root/miniconda3/envs/project/lib/python3.8/site-packages/airflow/example_dags/example_xcom.py
[2024-10-08T09:11:07.348+0000] {processor.py:914} INFO - Processing file /root/miniconda3/envs/project/lib/python3.8/site-packages/airflow/example_dags/example_xcom.py for tasks to queue
[2024-10-08T09:11:07.351+0000] {logging_mixin.py:190} INFO - [2024-10-08T09:11:07.351+0000] {dagbag.py:588} INFO - Filling up the DagBag from /root/miniconda3/envs/project/lib/python3.8/site-packages/airflow/example_dags/example_xcom.py
[2024-10-08T09:11:07.367+0000] {processor.py:925} INFO - DAG(s) 'example_xcom' retrieved from /root/miniconda3/envs/project/lib/python3.8/site-packages/airflow/example_dags/example_xcom.py
[2024-10-08T09:11:07.393+0000] {logging_mixin.py:190} INFO - [2024-10-08T09:11:07.393+0000] {dag.py:3239} INFO - Sync 1 DAGs
[2024-10-08T09:11:07.422+0000] {logging_mixin.py:190} INFO - [2024-10-08T09:11:07.421+0000] {dag.py:4180} INFO - Setting next_dagrun for example_xcom to 2021-01-01 00:00:00+00:00, run_after=2021-01-01 00:00:00+00:00
[2024-10-08T09:11:07.454+0000] {processor.py:208} INFO - Processing /root/miniconda3/envs/project/lib/python3.8/site-packages/airflow/example_dags/example_xcom.py took 0.121 seconds
[2024-10-08T09:12:09.008+0000] {processor.py:186} INFO - Started process (PID=222009) to work on /root/miniconda3/envs/project/lib/python3.8/site-packages/airflow/example_dags/example_xcom.py
[2024-10-08T09:12:09.011+0000] {processor.py:914} INFO - Processing file /root/miniconda3/envs/project/lib/python3.8/site-packages/airflow/example_dags/example_xcom.py for tasks to queue
[2024-10-08T09:12:09.014+0000] {logging_mixin.py:190} INFO - [2024-10-08T09:12:09.014+0000] {dagbag.py:588} INFO - Filling up the DagBag from /root/miniconda3/envs/project/lib/python3.8/site-packages/airflow/example_dags/example_xcom.py
[2024-10-08T09:12:09.029+0000] {processor.py:925} INFO - DAG(s) 'example_xcom' retrieved from /root/miniconda3/envs/project/lib/python3.8/site-packages/airflow/example_dags/example_xcom.py
[2024-10-08T09:12:09.055+0000] {logging_mixin.py:190} INFO - [2024-10-08T09:12:09.055+0000] {dag.py:3239} INFO - Sync 1 DAGs
[2024-10-08T09:12:09.084+0000] {logging_mixin.py:190} INFO - [2024-10-08T09:12:09.084+0000] {dag.py:4180} INFO - Setting next_dagrun for example_xcom to 2021-01-01 00:00:00+00:00, run_after=2021-01-01 00:00:00+00:00
[2024-10-08T09:12:09.116+0000] {processor.py:208} INFO - Processing /root/miniconda3/envs/project/lib/python3.8/site-packages/airflow/example_dags/example_xcom.py took 0.120 seconds
[2024-10-08T09:13:16.467+0000] {processor.py:186} INFO - Started process (PID=222233) to work on /root/miniconda3/envs/project/lib/python3.8/site-packages/airflow/example_dags/example_xcom.py
[2024-10-08T09:13:16.471+0000] {processor.py:914} INFO - Processing file /root/miniconda3/envs/project/lib/python3.8/site-packages/airflow/example_dags/example_xcom.py for tasks to queue
[2024-10-08T09:13:16.474+0000] {logging_mixin.py:190} INFO - [2024-10-08T09:13:16.473+0000] {dagbag.py:588} INFO - Filling up the DagBag from /root/miniconda3/envs/project/lib/python3.8/site-packages/airflow/example_dags/example_xcom.py
[2024-10-08T09:13:16.489+0000] {processor.py:925} INFO - DAG(s) 'example_xcom' retrieved from /root/miniconda3/envs/project/lib/python3.8/site-packages/airflow/example_dags/example_xcom.py
[2024-10-08T09:13:16.514+0000] {logging_mixin.py:190} INFO - [2024-10-08T09:13:16.513+0000] {dag.py:3239} INFO - Sync 1 DAGs
[2024-10-08T09:13:16.541+0000] {logging_mixin.py:190} INFO - [2024-10-08T09:13:16.541+0000] {dag.py:4180} INFO - Setting next_dagrun for example_xcom to 2021-01-01 00:00:00+00:00, run_after=2021-01-01 00:00:00+00:00
[2024-10-08T09:13:16.572+0000] {processor.py:208} INFO - Processing /root/miniconda3/envs/project/lib/python3.8/site-packages/airflow/example_dags/example_xcom.py took 0.115 seconds
[2024-10-08T09:14:18.016+0000] {processor.py:186} INFO - Started process (PID=222558) to work on /root/miniconda3/envs/project/lib/python3.8/site-packages/airflow/example_dags/example_xcom.py
[2024-10-08T09:14:18.019+0000] {processor.py:914} INFO - Processing file /root/miniconda3/envs/project/lib/python3.8/site-packages/airflow/example_dags/example_xcom.py for tasks to queue
[2024-10-08T09:14:18.022+0000] {logging_mixin.py:190} INFO - [2024-10-08T09:14:18.022+0000] {dagbag.py:588} INFO - Filling up the DagBag from /root/miniconda3/envs/project/lib/python3.8/site-packages/airflow/example_dags/example_xcom.py
[2024-10-08T09:14:18.037+0000] {processor.py:925} INFO - DAG(s) 'example_xcom' retrieved from /root/miniconda3/envs/project/lib/python3.8/site-packages/airflow/example_dags/example_xcom.py
[2024-10-08T09:14:18.062+0000] {logging_mixin.py:190} INFO - [2024-10-08T09:14:18.062+0000] {dag.py:3239} INFO - Sync 1 DAGs
[2024-10-08T09:14:18.089+0000] {logging_mixin.py:190} INFO - [2024-10-08T09:14:18.089+0000] {dag.py:4180} INFO - Setting next_dagrun for example_xcom to 2021-01-01 00:00:00+00:00, run_after=2021-01-01 00:00:00+00:00
[2024-10-08T09:14:18.122+0000] {processor.py:208} INFO - Processing /root/miniconda3/envs/project/lib/python3.8/site-packages/airflow/example_dags/example_xcom.py took 0.117 seconds
[2024-10-08T09:15:32.991+0000] {processor.py:186} INFO - Started process (PID=222852) to work on /root/miniconda3/envs/project/lib/python3.8/site-packages/airflow/example_dags/example_xcom.py
[2024-10-08T09:15:32.994+0000] {processor.py:914} INFO - Processing file /root/miniconda3/envs/project/lib/python3.8/site-packages/airflow/example_dags/example_xcom.py for tasks to queue
[2024-10-08T09:15:32.997+0000] {logging_mixin.py:190} INFO - [2024-10-08T09:15:32.997+0000] {dagbag.py:588} INFO - Filling up the DagBag from /root/miniconda3/envs/project/lib/python3.8/site-packages/airflow/example_dags/example_xcom.py
[2024-10-08T09:15:33.012+0000] {processor.py:925} INFO - DAG(s) 'example_xcom' retrieved from /root/miniconda3/envs/project/lib/python3.8/site-packages/airflow/example_dags/example_xcom.py
[2024-10-08T09:15:33.037+0000] {logging_mixin.py:190} INFO - [2024-10-08T09:15:33.037+0000] {dag.py:3239} INFO - Sync 1 DAGs
[2024-10-08T09:15:33.064+0000] {logging_mixin.py:190} INFO - [2024-10-08T09:15:33.064+0000] {dag.py:4180} INFO - Setting next_dagrun for example_xcom to 2021-01-01 00:00:00+00:00, run_after=2021-01-01 00:00:00+00:00
[2024-10-08T09:15:33.101+0000] {processor.py:208} INFO - Processing /root/miniconda3/envs/project/lib/python3.8/site-packages/airflow/example_dags/example_xcom.py took 0.121 seconds
[2024-10-08T09:16:42.938+0000] {processor.py:186} INFO - Started process (PID=223079) to work on /root/miniconda3/envs/project/lib/python3.8/site-packages/airflow/example_dags/example_xcom.py
[2024-10-08T09:16:42.941+0000] {processor.py:914} INFO - Processing file /root/miniconda3/envs/project/lib/python3.8/site-packages/airflow/example_dags/example_xcom.py for tasks to queue
[2024-10-08T09:16:42.944+0000] {logging_mixin.py:190} INFO - [2024-10-08T09:16:42.944+0000] {dagbag.py:588} INFO - Filling up the DagBag from /root/miniconda3/envs/project/lib/python3.8/site-packages/airflow/example_dags/example_xcom.py
[2024-10-08T09:16:42.959+0000] {processor.py:925} INFO - DAG(s) 'example_xcom' retrieved from /root/miniconda3/envs/project/lib/python3.8/site-packages/airflow/example_dags/example_xcom.py
[2024-10-08T09:16:42.986+0000] {logging_mixin.py:190} INFO - [2024-10-08T09:16:42.986+0000] {dag.py:3239} INFO - Sync 1 DAGs
[2024-10-08T09:16:43.013+0000] {logging_mixin.py:190} INFO - [2024-10-08T09:16:43.013+0000] {dag.py:4180} INFO - Setting next_dagrun for example_xcom to 2021-01-01 00:00:00+00:00, run_after=2021-01-01 00:00:00+00:00
[2024-10-08T09:16:43.048+0000] {processor.py:208} INFO - Processing /root/miniconda3/envs/project/lib/python3.8/site-packages/airflow/example_dags/example_xcom.py took 0.120 seconds
[2024-10-08T09:17:49.780+0000] {processor.py:186} INFO - Started process (PID=223368) to work on /root/miniconda3/envs/project/lib/python3.8/site-packages/airflow/example_dags/example_xcom.py
[2024-10-08T09:17:49.782+0000] {processor.py:914} INFO - Processing file /root/miniconda3/envs/project/lib/python3.8/site-packages/airflow/example_dags/example_xcom.py for tasks to queue
[2024-10-08T09:17:49.786+0000] {logging_mixin.py:190} INFO - [2024-10-08T09:17:49.785+0000] {dagbag.py:588} INFO - Filling up the DagBag from /root/miniconda3/envs/project/lib/python3.8/site-packages/airflow/example_dags/example_xcom.py
[2024-10-08T09:17:49.800+0000] {processor.py:925} INFO - DAG(s) 'example_xcom' retrieved from /root/miniconda3/envs/project/lib/python3.8/site-packages/airflow/example_dags/example_xcom.py
[2024-10-08T09:17:49.824+0000] {logging_mixin.py:190} INFO - [2024-10-08T09:17:49.824+0000] {dag.py:3239} INFO - Sync 1 DAGs
[2024-10-08T09:17:49.852+0000] {logging_mixin.py:190} INFO - [2024-10-08T09:17:49.851+0000] {dag.py:4180} INFO - Setting next_dagrun for example_xcom to 2021-01-01 00:00:00+00:00, run_after=2021-01-01 00:00:00+00:00
[2024-10-08T09:17:49.884+0000] {processor.py:208} INFO - Processing /root/miniconda3/envs/project/lib/python3.8/site-packages/airflow/example_dags/example_xcom.py took 0.115 seconds
[2024-10-08T09:19:07.923+0000] {processor.py:186} INFO - Started process (PID=223606) to work on /root/miniconda3/envs/project/lib/python3.8/site-packages/airflow/example_dags/example_xcom.py
[2024-10-08T09:19:07.926+0000] {processor.py:914} INFO - Processing file /root/miniconda3/envs/project/lib/python3.8/site-packages/airflow/example_dags/example_xcom.py for tasks to queue
[2024-10-08T09:19:07.929+0000] {logging_mixin.py:190} INFO - [2024-10-08T09:19:07.929+0000] {dagbag.py:588} INFO - Filling up the DagBag from /root/miniconda3/envs/project/lib/python3.8/site-packages/airflow/example_dags/example_xcom.py
[2024-10-08T09:19:07.943+0000] {processor.py:925} INFO - DAG(s) 'example_xcom' retrieved from /root/miniconda3/envs/project/lib/python3.8/site-packages/airflow/example_dags/example_xcom.py
[2024-10-08T09:19:07.968+0000] {logging_mixin.py:190} INFO - [2024-10-08T09:19:07.968+0000] {dag.py:3239} INFO - Sync 1 DAGs
[2024-10-08T09:19:07.995+0000] {logging_mixin.py:190} INFO - [2024-10-08T09:19:07.994+0000] {dag.py:4180} INFO - Setting next_dagrun for example_xcom to 2021-01-01 00:00:00+00:00, run_after=2021-01-01 00:00:00+00:00
[2024-10-08T09:19:08.027+0000] {processor.py:208} INFO - Processing /root/miniconda3/envs/project/lib/python3.8/site-packages/airflow/example_dags/example_xcom.py took 0.115 seconds
[2024-10-08T09:20:15.549+0000] {processor.py:186} INFO - Started process (PID=223890) to work on /root/miniconda3/envs/project/lib/python3.8/site-packages/airflow/example_dags/example_xcom.py
[2024-10-08T09:20:15.553+0000] {processor.py:914} INFO - Processing file /root/miniconda3/envs/project/lib/python3.8/site-packages/airflow/example_dags/example_xcom.py for tasks to queue
[2024-10-08T09:20:15.558+0000] {logging_mixin.py:190} INFO - [2024-10-08T09:20:15.557+0000] {dagbag.py:588} INFO - Filling up the DagBag from /root/miniconda3/envs/project/lib/python3.8/site-packages/airflow/example_dags/example_xcom.py
[2024-10-08T09:20:15.574+0000] {processor.py:925} INFO - DAG(s) 'example_xcom' retrieved from /root/miniconda3/envs/project/lib/python3.8/site-packages/airflow/example_dags/example_xcom.py
[2024-10-08T09:20:15.600+0000] {logging_mixin.py:190} INFO - [2024-10-08T09:20:15.600+0000] {dag.py:3239} INFO - Sync 1 DAGs
[2024-10-08T09:20:15.628+0000] {logging_mixin.py:190} INFO - [2024-10-08T09:20:15.628+0000] {dag.py:4180} INFO - Setting next_dagrun for example_xcom to 2021-01-01 00:00:00+00:00, run_after=2021-01-01 00:00:00+00:00
[2024-10-08T09:20:15.662+0000] {processor.py:208} INFO - Processing /root/miniconda3/envs/project/lib/python3.8/site-packages/airflow/example_dags/example_xcom.py took 0.127 seconds
[2024-10-08T09:21:33.057+0000] {processor.py:186} INFO - Started process (PID=224132) to work on /root/miniconda3/envs/project/lib/python3.8/site-packages/airflow/example_dags/example_xcom.py
[2024-10-08T09:21:33.061+0000] {processor.py:914} INFO - Processing file /root/miniconda3/envs/project/lib/python3.8/site-packages/airflow/example_dags/example_xcom.py for tasks to queue
[2024-10-08T09:21:33.064+0000] {logging_mixin.py:190} INFO - [2024-10-08T09:21:33.064+0000] {dagbag.py:588} INFO - Filling up the DagBag from /root/miniconda3/envs/project/lib/python3.8/site-packages/airflow/example_dags/example_xcom.py
[2024-10-08T09:21:33.080+0000] {processor.py:925} INFO - DAG(s) 'example_xcom' retrieved from /root/miniconda3/envs/project/lib/python3.8/site-packages/airflow/example_dags/example_xcom.py
[2024-10-08T09:21:33.106+0000] {logging_mixin.py:190} INFO - [2024-10-08T09:21:33.106+0000] {dag.py:3239} INFO - Sync 1 DAGs
[2024-10-08T09:21:33.134+0000] {logging_mixin.py:190} INFO - [2024-10-08T09:21:33.134+0000] {dag.py:4180} INFO - Setting next_dagrun for example_xcom to 2021-01-01 00:00:00+00:00, run_after=2021-01-01 00:00:00+00:00
[2024-10-08T09:21:33.166+0000] {processor.py:208} INFO - Processing /root/miniconda3/envs/project/lib/python3.8/site-packages/airflow/example_dags/example_xcom.py took 0.121 seconds
[2024-10-08T09:22:40.710+0000] {processor.py:186} INFO - Started process (PID=224355) to work on /root/miniconda3/envs/project/lib/python3.8/site-packages/airflow/example_dags/example_xcom.py
[2024-10-08T09:22:40.713+0000] {processor.py:914} INFO - Processing file /root/miniconda3/envs/project/lib/python3.8/site-packages/airflow/example_dags/example_xcom.py for tasks to queue
[2024-10-08T09:22:40.717+0000] {logging_mixin.py:190} INFO - [2024-10-08T09:22:40.716+0000] {dagbag.py:588} INFO - Filling up the DagBag from /root/miniconda3/envs/project/lib/python3.8/site-packages/airflow/example_dags/example_xcom.py
[2024-10-08T09:22:40.732+0000] {processor.py:925} INFO - DAG(s) 'example_xcom' retrieved from /root/miniconda3/envs/project/lib/python3.8/site-packages/airflow/example_dags/example_xcom.py
[2024-10-08T09:22:40.759+0000] {logging_mixin.py:190} INFO - [2024-10-08T09:22:40.758+0000] {dag.py:3239} INFO - Sync 1 DAGs
[2024-10-08T09:22:40.787+0000] {logging_mixin.py:190} INFO - [2024-10-08T09:22:40.787+0000] {dag.py:4180} INFO - Setting next_dagrun for example_xcom to 2021-01-01 00:00:00+00:00, run_after=2021-01-01 00:00:00+00:00
[2024-10-08T09:22:40.820+0000] {processor.py:208} INFO - Processing /root/miniconda3/envs/project/lib/python3.8/site-packages/airflow/example_dags/example_xcom.py took 0.121 seconds
[2024-10-08T09:23:50.621+0000] {processor.py:186} INFO - Started process (PID=224608) to work on /root/miniconda3/envs/project/lib/python3.8/site-packages/airflow/example_dags/example_xcom.py
[2024-10-08T09:23:50.624+0000] {processor.py:914} INFO - Processing file /root/miniconda3/envs/project/lib/python3.8/site-packages/airflow/example_dags/example_xcom.py for tasks to queue
[2024-10-08T09:23:50.627+0000] {logging_mixin.py:190} INFO - [2024-10-08T09:23:50.627+0000] {dagbag.py:588} INFO - Filling up the DagBag from /root/miniconda3/envs/project/lib/python3.8/site-packages/airflow/example_dags/example_xcom.py
[2024-10-08T09:23:50.642+0000] {processor.py:925} INFO - DAG(s) 'example_xcom' retrieved from /root/miniconda3/envs/project/lib/python3.8/site-packages/airflow/example_dags/example_xcom.py
[2024-10-08T09:23:50.667+0000] {logging_mixin.py:190} INFO - [2024-10-08T09:23:50.667+0000] {dag.py:3239} INFO - Sync 1 DAGs
[2024-10-08T09:23:50.694+0000] {logging_mixin.py:190} INFO - [2024-10-08T09:23:50.694+0000] {dag.py:4180} INFO - Setting next_dagrun for example_xcom to 2021-01-01 00:00:00+00:00, run_after=2021-01-01 00:00:00+00:00
[2024-10-08T09:23:50.731+0000] {processor.py:208} INFO - Processing /root/miniconda3/envs/project/lib/python3.8/site-packages/airflow/example_dags/example_xcom.py took 0.122 seconds
[2024-10-08T09:24:58.862+0000] {processor.py:186} INFO - Started process (PID=225186) to work on /root/miniconda3/envs/project/lib/python3.8/site-packages/airflow/example_dags/example_xcom.py
[2024-10-08T09:24:58.865+0000] {processor.py:914} INFO - Processing file /root/miniconda3/envs/project/lib/python3.8/site-packages/airflow/example_dags/example_xcom.py for tasks to queue
[2024-10-08T09:24:58.869+0000] {logging_mixin.py:190} INFO - [2024-10-08T09:24:58.868+0000] {dagbag.py:588} INFO - Filling up the DagBag from /root/miniconda3/envs/project/lib/python3.8/site-packages/airflow/example_dags/example_xcom.py
[2024-10-08T09:24:58.884+0000] {processor.py:925} INFO - DAG(s) 'example_xcom' retrieved from /root/miniconda3/envs/project/lib/python3.8/site-packages/airflow/example_dags/example_xcom.py
[2024-10-08T09:24:58.910+0000] {logging_mixin.py:190} INFO - [2024-10-08T09:24:58.910+0000] {dag.py:3239} INFO - Sync 1 DAGs
[2024-10-08T09:24:58.939+0000] {logging_mixin.py:190} INFO - [2024-10-08T09:24:58.938+0000] {dag.py:4180} INFO - Setting next_dagrun for example_xcom to 2021-01-01 00:00:00+00:00, run_after=2021-01-01 00:00:00+00:00
[2024-10-08T09:24:58.973+0000] {processor.py:208} INFO - Processing /root/miniconda3/envs/project/lib/python3.8/site-packages/airflow/example_dags/example_xcom.py took 0.122 seconds
[2024-10-08T09:26:08.459+0000] {processor.py:186} INFO - Started process (PID=225657) to work on /root/miniconda3/envs/project/lib/python3.8/site-packages/airflow/example_dags/example_xcom.py
[2024-10-08T09:26:08.462+0000] {processor.py:914} INFO - Processing file /root/miniconda3/envs/project/lib/python3.8/site-packages/airflow/example_dags/example_xcom.py for tasks to queue
[2024-10-08T09:26:08.466+0000] {logging_mixin.py:190} INFO - [2024-10-08T09:26:08.465+0000] {dagbag.py:588} INFO - Filling up the DagBag from /root/miniconda3/envs/project/lib/python3.8/site-packages/airflow/example_dags/example_xcom.py
[2024-10-08T09:26:08.481+0000] {processor.py:925} INFO - DAG(s) 'example_xcom' retrieved from /root/miniconda3/envs/project/lib/python3.8/site-packages/airflow/example_dags/example_xcom.py
[2024-10-08T09:26:08.506+0000] {logging_mixin.py:190} INFO - [2024-10-08T09:26:08.506+0000] {dag.py:3239} INFO - Sync 1 DAGs
[2024-10-08T09:26:08.534+0000] {logging_mixin.py:190} INFO - [2024-10-08T09:26:08.534+0000] {dag.py:4180} INFO - Setting next_dagrun for example_xcom to 2021-01-01 00:00:00+00:00, run_after=2021-01-01 00:00:00+00:00
[2024-10-08T09:26:08.573+0000] {processor.py:208} INFO - Processing /root/miniconda3/envs/project/lib/python3.8/site-packages/airflow/example_dags/example_xcom.py took 0.125 seconds
[2024-10-08T09:27:21.230+0000] {processor.py:186} INFO - Started process (PID=226040) to work on /root/miniconda3/envs/project/lib/python3.8/site-packages/airflow/example_dags/example_xcom.py
[2024-10-08T09:27:21.233+0000] {processor.py:914} INFO - Processing file /root/miniconda3/envs/project/lib/python3.8/site-packages/airflow/example_dags/example_xcom.py for tasks to queue
[2024-10-08T09:27:21.236+0000] {logging_mixin.py:190} INFO - [2024-10-08T09:27:21.235+0000] {dagbag.py:588} INFO - Filling up the DagBag from /root/miniconda3/envs/project/lib/python3.8/site-packages/airflow/example_dags/example_xcom.py
[2024-10-08T09:27:21.250+0000] {processor.py:925} INFO - DAG(s) 'example_xcom' retrieved from /root/miniconda3/envs/project/lib/python3.8/site-packages/airflow/example_dags/example_xcom.py
[2024-10-08T09:27:21.276+0000] {logging_mixin.py:190} INFO - [2024-10-08T09:27:21.275+0000] {dag.py:3239} INFO - Sync 1 DAGs
[2024-10-08T09:27:21.304+0000] {logging_mixin.py:190} INFO - [2024-10-08T09:27:21.303+0000] {dag.py:4180} INFO - Setting next_dagrun for example_xcom to 2021-01-01 00:00:00+00:00, run_after=2021-01-01 00:00:00+00:00
[2024-10-08T09:27:21.337+0000] {processor.py:208} INFO - Processing /root/miniconda3/envs/project/lib/python3.8/site-packages/airflow/example_dags/example_xcom.py took 0.119 seconds
[2024-10-08T09:28:33.055+0000] {processor.py:186} INFO - Started process (PID=226549) to work on /root/miniconda3/envs/project/lib/python3.8/site-packages/airflow/example_dags/example_xcom.py
[2024-10-08T09:28:33.058+0000] {processor.py:914} INFO - Processing file /root/miniconda3/envs/project/lib/python3.8/site-packages/airflow/example_dags/example_xcom.py for tasks to queue
[2024-10-08T09:28:33.061+0000] {logging_mixin.py:190} INFO - [2024-10-08T09:28:33.061+0000] {dagbag.py:588} INFO - Filling up the DagBag from /root/miniconda3/envs/project/lib/python3.8/site-packages/airflow/example_dags/example_xcom.py
[2024-10-08T09:28:33.076+0000] {processor.py:925} INFO - DAG(s) 'example_xcom' retrieved from /root/miniconda3/envs/project/lib/python3.8/site-packages/airflow/example_dags/example_xcom.py
[2024-10-08T09:28:33.103+0000] {logging_mixin.py:190} INFO - [2024-10-08T09:28:33.103+0000] {dag.py:3239} INFO - Sync 1 DAGs
[2024-10-08T09:28:33.130+0000] {logging_mixin.py:190} INFO - [2024-10-08T09:28:33.130+0000] {dag.py:4180} INFO - Setting next_dagrun for example_xcom to 2021-01-01 00:00:00+00:00, run_after=2021-01-01 00:00:00+00:00
[2024-10-08T09:28:33.164+0000] {processor.py:208} INFO - Processing /root/miniconda3/envs/project/lib/python3.8/site-packages/airflow/example_dags/example_xcom.py took 0.121 seconds
[2024-10-08T09:29:51.716+0000] {processor.py:186} INFO - Started process (PID=227280) to work on /root/miniconda3/envs/project/lib/python3.8/site-packages/airflow/example_dags/example_xcom.py
[2024-10-08T09:29:51.718+0000] {processor.py:914} INFO - Processing file /root/miniconda3/envs/project/lib/python3.8/site-packages/airflow/example_dags/example_xcom.py for tasks to queue
[2024-10-08T09:29:51.722+0000] {logging_mixin.py:190} INFO - [2024-10-08T09:29:51.721+0000] {dagbag.py:588} INFO - Filling up the DagBag from /root/miniconda3/envs/project/lib/python3.8/site-packages/airflow/example_dags/example_xcom.py
[2024-10-08T09:29:51.736+0000] {processor.py:925} INFO - DAG(s) 'example_xcom' retrieved from /root/miniconda3/envs/project/lib/python3.8/site-packages/airflow/example_dags/example_xcom.py
[2024-10-08T09:29:51.882+0000] {logging_mixin.py:190} INFO - [2024-10-08T09:29:51.881+0000] {dag.py:3239} INFO - Sync 1 DAGs
[2024-10-08T09:29:51.911+0000] {logging_mixin.py:190} INFO - [2024-10-08T09:29:51.910+0000] {dag.py:4180} INFO - Setting next_dagrun for example_xcom to 2021-01-01 00:00:00+00:00, run_after=2021-01-01 00:00:00+00:00
[2024-10-08T09:29:51.944+0000] {processor.py:208} INFO - Processing /root/miniconda3/envs/project/lib/python3.8/site-packages/airflow/example_dags/example_xcom.py took 0.240 seconds
[2024-10-08T09:30:34.234+0000] {processor.py:186} INFO - Started process (PID=227803) to work on /root/miniconda3/envs/project/lib/python3.8/site-packages/airflow/example_dags/example_xcom.py
[2024-10-08T09:30:34.237+0000] {processor.py:914} INFO - Processing file /root/miniconda3/envs/project/lib/python3.8/site-packages/airflow/example_dags/example_xcom.py for tasks to queue
[2024-10-08T09:30:34.240+0000] {logging_mixin.py:190} INFO - [2024-10-08T09:30:34.240+0000] {dagbag.py:588} INFO - Filling up the DagBag from /root/miniconda3/envs/project/lib/python3.8/site-packages/airflow/example_dags/example_xcom.py
[2024-10-08T09:30:34.256+0000] {processor.py:925} INFO - DAG(s) 'example_xcom' retrieved from /root/miniconda3/envs/project/lib/python3.8/site-packages/airflow/example_dags/example_xcom.py
[2024-10-08T09:30:34.396+0000] {logging_mixin.py:190} INFO - [2024-10-08T09:30:34.396+0000] {dag.py:3239} INFO - Sync 1 DAGs
[2024-10-08T09:30:34.424+0000] {logging_mixin.py:190} INFO - [2024-10-08T09:30:34.424+0000] {dag.py:4180} INFO - Setting next_dagrun for example_xcom to 2021-01-01 00:00:00+00:00, run_after=2021-01-01 00:00:00+00:00
[2024-10-08T09:30:34.461+0000] {processor.py:208} INFO - Processing /root/miniconda3/envs/project/lib/python3.8/site-packages/airflow/example_dags/example_xcom.py took 0.239 seconds
[2024-10-08T09:31:16.879+0000] {processor.py:186} INFO - Started process (PID=228159) to work on /root/miniconda3/envs/project/lib/python3.8/site-packages/airflow/example_dags/example_xcom.py
[2024-10-08T09:31:16.882+0000] {processor.py:914} INFO - Processing file /root/miniconda3/envs/project/lib/python3.8/site-packages/airflow/example_dags/example_xcom.py for tasks to queue
[2024-10-08T09:31:16.885+0000] {logging_mixin.py:190} INFO - [2024-10-08T09:31:16.884+0000] {dagbag.py:588} INFO - Filling up the DagBag from /root/miniconda3/envs/project/lib/python3.8/site-packages/airflow/example_dags/example_xcom.py
[2024-10-08T09:31:16.899+0000] {processor.py:925} INFO - DAG(s) 'example_xcom' retrieved from /root/miniconda3/envs/project/lib/python3.8/site-packages/airflow/example_dags/example_xcom.py
[2024-10-08T09:31:16.924+0000] {logging_mixin.py:190} INFO - [2024-10-08T09:31:16.924+0000] {dag.py:3239} INFO - Sync 1 DAGs
[2024-10-08T09:31:16.951+0000] {logging_mixin.py:190} INFO - [2024-10-08T09:31:16.951+0000] {dag.py:4180} INFO - Setting next_dagrun for example_xcom to 2021-01-01 00:00:00+00:00, run_after=2021-01-01 00:00:00+00:00
[2024-10-08T09:31:16.984+0000] {processor.py:208} INFO - Processing /root/miniconda3/envs/project/lib/python3.8/site-packages/airflow/example_dags/example_xcom.py took 0.116 seconds
[2024-10-08T09:32:06.993+0000] {processor.py:186} INFO - Started process (PID=229002) to work on /root/miniconda3/envs/project/lib/python3.8/site-packages/airflow/example_dags/example_xcom.py
[2024-10-08T09:32:06.996+0000] {processor.py:914} INFO - Processing file /root/miniconda3/envs/project/lib/python3.8/site-packages/airflow/example_dags/example_xcom.py for tasks to queue
[2024-10-08T09:32:07.002+0000] {logging_mixin.py:190} INFO - [2024-10-08T09:32:07.001+0000] {dagbag.py:588} INFO - Filling up the DagBag from /root/miniconda3/envs/project/lib/python3.8/site-packages/airflow/example_dags/example_xcom.py
[2024-10-08T09:32:07.019+0000] {processor.py:925} INFO - DAG(s) 'example_xcom' retrieved from /root/miniconda3/envs/project/lib/python3.8/site-packages/airflow/example_dags/example_xcom.py
[2024-10-08T09:32:07.045+0000] {logging_mixin.py:190} INFO - [2024-10-08T09:32:07.044+0000] {dag.py:3239} INFO - Sync 1 DAGs
[2024-10-08T09:32:07.072+0000] {logging_mixin.py:190} INFO - [2024-10-08T09:32:07.072+0000] {dag.py:4180} INFO - Setting next_dagrun for example_xcom to 2021-01-01 00:00:00+00:00, run_after=2021-01-01 00:00:00+00:00
[2024-10-08T09:32:07.111+0000] {processor.py:208} INFO - Processing /root/miniconda3/envs/project/lib/python3.8/site-packages/airflow/example_dags/example_xcom.py took 0.129 seconds
[2024-10-08T09:33:19.005+0000] {processor.py:186} INFO - Started process (PID=229285) to work on /root/miniconda3/envs/project/lib/python3.8/site-packages/airflow/example_dags/example_xcom.py
[2024-10-08T09:33:19.008+0000] {processor.py:914} INFO - Processing file /root/miniconda3/envs/project/lib/python3.8/site-packages/airflow/example_dags/example_xcom.py for tasks to queue
[2024-10-08T09:33:19.012+0000] {logging_mixin.py:190} INFO - [2024-10-08T09:33:19.011+0000] {dagbag.py:588} INFO - Filling up the DagBag from /root/miniconda3/envs/project/lib/python3.8/site-packages/airflow/example_dags/example_xcom.py
[2024-10-08T09:33:19.028+0000] {processor.py:925} INFO - DAG(s) 'example_xcom' retrieved from /root/miniconda3/envs/project/lib/python3.8/site-packages/airflow/example_dags/example_xcom.py
[2024-10-08T09:33:19.053+0000] {logging_mixin.py:190} INFO - [2024-10-08T09:33:19.053+0000] {dag.py:3239} INFO - Sync 1 DAGs
[2024-10-08T09:33:19.091+0000] {logging_mixin.py:190} INFO - [2024-10-08T09:33:19.091+0000] {dag.py:4180} INFO - Setting next_dagrun for example_xcom to 2021-01-01 00:00:00+00:00, run_after=2021-01-01 00:00:00+00:00
[2024-10-08T09:33:19.125+0000] {processor.py:208} INFO - Processing /root/miniconda3/envs/project/lib/python3.8/site-packages/airflow/example_dags/example_xcom.py took 0.132 seconds
