[2024-10-08T07:57:19.994+0000] {processor.py:186} INFO - Started process (PID=207094) to work on /root/miniconda3/envs/project/lib/python3.8/site-packages/airflow/example_dags/example_task_group.py
[2024-10-08T07:57:19.995+0000] {processor.py:914} INFO - Processing file /root/miniconda3/envs/project/lib/python3.8/site-packages/airflow/example_dags/example_task_group.py for tasks to queue
[2024-10-08T07:57:19.998+0000] {logging_mixin.py:190} INFO - [2024-10-08T07:57:19.998+0000] {dagbag.py:588} INFO - Filling up the DagBag from /root/miniconda3/envs/project/lib/python3.8/site-packages/airflow/example_dags/example_task_group.py
[2024-10-08T07:57:20.012+0000] {processor.py:925} INFO - DAG(s) 'example_task_group' retrieved from /root/miniconda3/envs/project/lib/python3.8/site-packages/airflow/example_dags/example_task_group.py
[2024-10-08T07:57:20.163+0000] {logging_mixin.py:190} INFO - [2024-10-08T07:57:20.162+0000] {override.py:1901} INFO - Created Permission View: can delete on DAG:example_task_group
[2024-10-08T07:57:20.183+0000] {logging_mixin.py:190} INFO - [2024-10-08T07:57:20.183+0000] {override.py:1901} INFO - Created Permission View: can read on DAG:example_task_group
[2024-10-08T07:57:20.200+0000] {logging_mixin.py:190} INFO - [2024-10-08T07:57:20.200+0000] {override.py:1901} INFO - Created Permission View: can edit on DAG:example_task_group
[2024-10-08T07:57:20.223+0000] {logging_mixin.py:190} INFO - [2024-10-08T07:57:20.223+0000] {override.py:1901} INFO - Created Permission View: can delete on DAG Run:example_task_group
[2024-10-08T07:57:20.239+0000] {logging_mixin.py:190} INFO - [2024-10-08T07:57:20.239+0000] {override.py:1901} INFO - Created Permission View: menu access on DAG Run:example_task_group
[2024-10-08T07:57:20.253+0000] {logging_mixin.py:190} INFO - [2024-10-08T07:57:20.252+0000] {override.py:1901} INFO - Created Permission View: can create on DAG Run:example_task_group
[2024-10-08T07:57:20.266+0000] {logging_mixin.py:190} INFO - [2024-10-08T07:57:20.266+0000] {override.py:1901} INFO - Created Permission View: can read on DAG Run:example_task_group
[2024-10-08T07:57:20.267+0000] {logging_mixin.py:190} INFO - [2024-10-08T07:57:20.266+0000] {dag.py:3239} INFO - Sync 1 DAGs
[2024-10-08T07:57:20.285+0000] {logging_mixin.py:190} INFO - [2024-10-08T07:57:20.285+0000] {dag.py:3262} INFO - Creating ORM DAG for example_task_group
[2024-10-08T07:57:20.286+0000] {logging_mixin.py:190} INFO - [2024-10-08T07:57:20.286+0000] {dag.py:4180} INFO - Setting next_dagrun for example_task_group to None, run_after=None
[2024-10-08T07:57:20.315+0000] {processor.py:208} INFO - Processing /root/miniconda3/envs/project/lib/python3.8/site-packages/airflow/example_dags/example_task_group.py took 0.333 seconds
[2024-10-08T07:58:34.300+0000] {processor.py:186} INFO - Started process (PID=207296) to work on /root/miniconda3/envs/project/lib/python3.8/site-packages/airflow/example_dags/example_task_group.py
[2024-10-08T07:58:34.303+0000] {processor.py:914} INFO - Processing file /root/miniconda3/envs/project/lib/python3.8/site-packages/airflow/example_dags/example_task_group.py for tasks to queue
[2024-10-08T07:58:34.306+0000] {logging_mixin.py:190} INFO - [2024-10-08T07:58:34.305+0000] {dagbag.py:588} INFO - Filling up the DagBag from /root/miniconda3/envs/project/lib/python3.8/site-packages/airflow/example_dags/example_task_group.py
[2024-10-08T07:58:34.319+0000] {processor.py:925} INFO - DAG(s) 'example_task_group' retrieved from /root/miniconda3/envs/project/lib/python3.8/site-packages/airflow/example_dags/example_task_group.py
[2024-10-08T07:58:34.345+0000] {logging_mixin.py:190} INFO - [2024-10-08T07:58:34.345+0000] {dag.py:3239} INFO - Sync 1 DAGs
[2024-10-08T07:58:34.363+0000] {logging_mixin.py:190} INFO - [2024-10-08T07:58:34.363+0000] {dag.py:4180} INFO - Setting next_dagrun for example_task_group to None, run_after=None
[2024-10-08T07:58:34.400+0000] {processor.py:208} INFO - Processing /root/miniconda3/envs/project/lib/python3.8/site-packages/airflow/example_dags/example_task_group.py took 0.110 seconds
[2024-10-08T07:59:47.074+0000] {processor.py:186} INFO - Started process (PID=207555) to work on /root/miniconda3/envs/project/lib/python3.8/site-packages/airflow/example_dags/example_task_group.py
[2024-10-08T07:59:47.077+0000] {processor.py:914} INFO - Processing file /root/miniconda3/envs/project/lib/python3.8/site-packages/airflow/example_dags/example_task_group.py for tasks to queue
[2024-10-08T07:59:47.080+0000] {logging_mixin.py:190} INFO - [2024-10-08T07:59:47.080+0000] {dagbag.py:588} INFO - Filling up the DagBag from /root/miniconda3/envs/project/lib/python3.8/site-packages/airflow/example_dags/example_task_group.py
[2024-10-08T07:59:47.094+0000] {processor.py:925} INFO - DAG(s) 'example_task_group' retrieved from /root/miniconda3/envs/project/lib/python3.8/site-packages/airflow/example_dags/example_task_group.py
[2024-10-08T07:59:47.120+0000] {logging_mixin.py:190} INFO - [2024-10-08T07:59:47.120+0000] {dag.py:3239} INFO - Sync 1 DAGs
[2024-10-08T07:59:47.139+0000] {logging_mixin.py:190} INFO - [2024-10-08T07:59:47.138+0000] {dag.py:4180} INFO - Setting next_dagrun for example_task_group to None, run_after=None
[2024-10-08T07:59:47.176+0000] {processor.py:208} INFO - Processing /root/miniconda3/envs/project/lib/python3.8/site-packages/airflow/example_dags/example_task_group.py took 0.114 seconds
[2024-10-08T08:00:56.255+0000] {processor.py:186} INFO - Started process (PID=207947) to work on /root/miniconda3/envs/project/lib/python3.8/site-packages/airflow/example_dags/example_task_group.py
[2024-10-08T08:00:56.258+0000] {processor.py:914} INFO - Processing file /root/miniconda3/envs/project/lib/python3.8/site-packages/airflow/example_dags/example_task_group.py for tasks to queue
[2024-10-08T08:00:56.261+0000] {logging_mixin.py:190} INFO - [2024-10-08T08:00:56.260+0000] {dagbag.py:588} INFO - Filling up the DagBag from /root/miniconda3/envs/project/lib/python3.8/site-packages/airflow/example_dags/example_task_group.py
[2024-10-08T08:00:56.274+0000] {processor.py:925} INFO - DAG(s) 'example_task_group' retrieved from /root/miniconda3/envs/project/lib/python3.8/site-packages/airflow/example_dags/example_task_group.py
[2024-10-08T08:00:56.300+0000] {logging_mixin.py:190} INFO - [2024-10-08T08:00:56.300+0000] {dag.py:3239} INFO - Sync 1 DAGs
[2024-10-08T08:00:56.318+0000] {logging_mixin.py:190} INFO - [2024-10-08T08:00:56.317+0000] {dag.py:4180} INFO - Setting next_dagrun for example_task_group to None, run_after=None
[2024-10-08T08:00:56.348+0000] {processor.py:208} INFO - Processing /root/miniconda3/envs/project/lib/python3.8/site-packages/airflow/example_dags/example_task_group.py took 0.105 seconds
[2024-10-08T08:02:10.283+0000] {processor.py:186} INFO - Started process (PID=208204) to work on /root/miniconda3/envs/project/lib/python3.8/site-packages/airflow/example_dags/example_task_group.py
[2024-10-08T08:02:10.286+0000] {processor.py:914} INFO - Processing file /root/miniconda3/envs/project/lib/python3.8/site-packages/airflow/example_dags/example_task_group.py for tasks to queue
[2024-10-08T08:02:10.290+0000] {logging_mixin.py:190} INFO - [2024-10-08T08:02:10.289+0000] {dagbag.py:588} INFO - Filling up the DagBag from /root/miniconda3/envs/project/lib/python3.8/site-packages/airflow/example_dags/example_task_group.py
[2024-10-08T08:02:10.304+0000] {processor.py:925} INFO - DAG(s) 'example_task_group' retrieved from /root/miniconda3/envs/project/lib/python3.8/site-packages/airflow/example_dags/example_task_group.py
[2024-10-08T08:02:10.331+0000] {logging_mixin.py:190} INFO - [2024-10-08T08:02:10.330+0000] {dag.py:3239} INFO - Sync 1 DAGs
[2024-10-08T08:02:10.350+0000] {logging_mixin.py:190} INFO - [2024-10-08T08:02:10.349+0000] {dag.py:4180} INFO - Setting next_dagrun for example_task_group to None, run_after=None
[2024-10-08T08:02:10.388+0000] {processor.py:208} INFO - Processing /root/miniconda3/envs/project/lib/python3.8/site-packages/airflow/example_dags/example_task_group.py took 0.116 seconds
[2024-10-08T08:03:21.593+0000] {processor.py:186} INFO - Started process (PID=208406) to work on /root/miniconda3/envs/project/lib/python3.8/site-packages/airflow/example_dags/example_task_group.py
[2024-10-08T08:03:21.596+0000] {processor.py:914} INFO - Processing file /root/miniconda3/envs/project/lib/python3.8/site-packages/airflow/example_dags/example_task_group.py for tasks to queue
[2024-10-08T08:03:21.599+0000] {logging_mixin.py:190} INFO - [2024-10-08T08:03:21.599+0000] {dagbag.py:588} INFO - Filling up the DagBag from /root/miniconda3/envs/project/lib/python3.8/site-packages/airflow/example_dags/example_task_group.py
[2024-10-08T08:03:21.613+0000] {processor.py:925} INFO - DAG(s) 'example_task_group' retrieved from /root/miniconda3/envs/project/lib/python3.8/site-packages/airflow/example_dags/example_task_group.py
[2024-10-08T08:03:21.639+0000] {logging_mixin.py:190} INFO - [2024-10-08T08:03:21.638+0000] {dag.py:3239} INFO - Sync 1 DAGs
[2024-10-08T08:03:21.657+0000] {logging_mixin.py:190} INFO - [2024-10-08T08:03:21.657+0000] {dag.py:4180} INFO - Setting next_dagrun for example_task_group to None, run_after=None
[2024-10-08T08:03:21.689+0000] {processor.py:208} INFO - Processing /root/miniconda3/envs/project/lib/python3.8/site-packages/airflow/example_dags/example_task_group.py took 0.108 seconds
[2024-10-08T08:04:29.176+0000] {processor.py:186} INFO - Started process (PID=208611) to work on /root/miniconda3/envs/project/lib/python3.8/site-packages/airflow/example_dags/example_task_group.py
[2024-10-08T08:04:29.179+0000] {processor.py:914} INFO - Processing file /root/miniconda3/envs/project/lib/python3.8/site-packages/airflow/example_dags/example_task_group.py for tasks to queue
[2024-10-08T08:04:29.182+0000] {logging_mixin.py:190} INFO - [2024-10-08T08:04:29.181+0000] {dagbag.py:588} INFO - Filling up the DagBag from /root/miniconda3/envs/project/lib/python3.8/site-packages/airflow/example_dags/example_task_group.py
[2024-10-08T08:04:29.195+0000] {processor.py:925} INFO - DAG(s) 'example_task_group' retrieved from /root/miniconda3/envs/project/lib/python3.8/site-packages/airflow/example_dags/example_task_group.py
[2024-10-08T08:04:29.222+0000] {logging_mixin.py:190} INFO - [2024-10-08T08:04:29.222+0000] {dag.py:3239} INFO - Sync 1 DAGs
[2024-10-08T08:04:29.240+0000] {logging_mixin.py:190} INFO - [2024-10-08T08:04:29.240+0000] {dag.py:4180} INFO - Setting next_dagrun for example_task_group to None, run_after=None
[2024-10-08T08:04:29.273+0000] {processor.py:208} INFO - Processing /root/miniconda3/envs/project/lib/python3.8/site-packages/airflow/example_dags/example_task_group.py took 0.110 seconds
[2024-10-08T08:05:31.802+0000] {processor.py:186} INFO - Started process (PID=208795) to work on /root/miniconda3/envs/project/lib/python3.8/site-packages/airflow/example_dags/example_task_group.py
[2024-10-08T08:05:31.804+0000] {processor.py:914} INFO - Processing file /root/miniconda3/envs/project/lib/python3.8/site-packages/airflow/example_dags/example_task_group.py for tasks to queue
[2024-10-08T08:05:31.808+0000] {logging_mixin.py:190} INFO - [2024-10-08T08:05:31.807+0000] {dagbag.py:588} INFO - Filling up the DagBag from /root/miniconda3/envs/project/lib/python3.8/site-packages/airflow/example_dags/example_task_group.py
[2024-10-08T08:05:31.821+0000] {processor.py:925} INFO - DAG(s) 'example_task_group' retrieved from /root/miniconda3/envs/project/lib/python3.8/site-packages/airflow/example_dags/example_task_group.py
[2024-10-08T08:05:31.847+0000] {logging_mixin.py:190} INFO - [2024-10-08T08:05:31.847+0000] {dag.py:3239} INFO - Sync 1 DAGs
[2024-10-08T08:05:31.865+0000] {logging_mixin.py:190} INFO - [2024-10-08T08:05:31.865+0000] {dag.py:4180} INFO - Setting next_dagrun for example_task_group to None, run_after=None
[2024-10-08T08:05:31.899+0000] {processor.py:208} INFO - Processing /root/miniconda3/envs/project/lib/python3.8/site-packages/airflow/example_dags/example_task_group.py took 0.108 seconds
[2024-10-08T08:06:32.304+0000] {processor.py:186} INFO - Started process (PID=208976) to work on /root/miniconda3/envs/project/lib/python3.8/site-packages/airflow/example_dags/example_task_group.py
[2024-10-08T08:06:32.307+0000] {processor.py:914} INFO - Processing file /root/miniconda3/envs/project/lib/python3.8/site-packages/airflow/example_dags/example_task_group.py for tasks to queue
[2024-10-08T08:06:32.310+0000] {logging_mixin.py:190} INFO - [2024-10-08T08:06:32.309+0000] {dagbag.py:588} INFO - Filling up the DagBag from /root/miniconda3/envs/project/lib/python3.8/site-packages/airflow/example_dags/example_task_group.py
[2024-10-08T08:06:32.323+0000] {processor.py:925} INFO - DAG(s) 'example_task_group' retrieved from /root/miniconda3/envs/project/lib/python3.8/site-packages/airflow/example_dags/example_task_group.py
[2024-10-08T08:06:32.349+0000] {logging_mixin.py:190} INFO - [2024-10-08T08:06:32.348+0000] {dag.py:3239} INFO - Sync 1 DAGs
[2024-10-08T08:06:32.366+0000] {logging_mixin.py:190} INFO - [2024-10-08T08:06:32.366+0000] {dag.py:4180} INFO - Setting next_dagrun for example_task_group to None, run_after=None
[2024-10-08T08:06:32.397+0000] {processor.py:208} INFO - Processing /root/miniconda3/envs/project/lib/python3.8/site-packages/airflow/example_dags/example_task_group.py took 0.104 seconds
[2024-10-08T08:07:42.261+0000] {processor.py:186} INFO - Started process (PID=209225) to work on /root/miniconda3/envs/project/lib/python3.8/site-packages/airflow/example_dags/example_task_group.py
[2024-10-08T08:07:42.264+0000] {processor.py:914} INFO - Processing file /root/miniconda3/envs/project/lib/python3.8/site-packages/airflow/example_dags/example_task_group.py for tasks to queue
[2024-10-08T08:07:42.267+0000] {logging_mixin.py:190} INFO - [2024-10-08T08:07:42.267+0000] {dagbag.py:588} INFO - Filling up the DagBag from /root/miniconda3/envs/project/lib/python3.8/site-packages/airflow/example_dags/example_task_group.py
[2024-10-08T08:07:42.281+0000] {processor.py:925} INFO - DAG(s) 'example_task_group' retrieved from /root/miniconda3/envs/project/lib/python3.8/site-packages/airflow/example_dags/example_task_group.py
[2024-10-08T08:07:42.307+0000] {logging_mixin.py:190} INFO - [2024-10-08T08:07:42.307+0000] {dag.py:3239} INFO - Sync 1 DAGs
[2024-10-08T08:07:42.326+0000] {logging_mixin.py:190} INFO - [2024-10-08T08:07:42.326+0000] {dag.py:4180} INFO - Setting next_dagrun for example_task_group to None, run_after=None
[2024-10-08T08:07:42.362+0000] {processor.py:208} INFO - Processing /root/miniconda3/envs/project/lib/python3.8/site-packages/airflow/example_dags/example_task_group.py took 0.113 seconds
[2024-10-08T08:09:50.866+0000] {processor.py:186} INFO - Started process (PID=210052) to work on /root/miniconda3/envs/project/lib/python3.8/site-packages/airflow/example_dags/example_task_group.py
[2024-10-08T08:09:50.868+0000] {processor.py:914} INFO - Processing file /root/miniconda3/envs/project/lib/python3.8/site-packages/airflow/example_dags/example_task_group.py for tasks to queue
[2024-10-08T08:09:50.872+0000] {logging_mixin.py:190} INFO - [2024-10-08T08:09:50.872+0000] {dagbag.py:588} INFO - Filling up the DagBag from /root/miniconda3/envs/project/lib/python3.8/site-packages/airflow/example_dags/example_task_group.py
[2024-10-08T08:09:50.885+0000] {processor.py:925} INFO - DAG(s) 'example_task_group' retrieved from /root/miniconda3/envs/project/lib/python3.8/site-packages/airflow/example_dags/example_task_group.py
[2024-10-08T08:09:50.913+0000] {logging_mixin.py:190} INFO - [2024-10-08T08:09:50.913+0000] {dag.py:3239} INFO - Sync 1 DAGs
[2024-10-08T08:09:50.931+0000] {logging_mixin.py:190} INFO - [2024-10-08T08:09:50.931+0000] {dag.py:4180} INFO - Setting next_dagrun for example_task_group to None, run_after=None
[2024-10-08T08:09:50.963+0000] {processor.py:208} INFO - Processing /root/miniconda3/envs/project/lib/python3.8/site-packages/airflow/example_dags/example_task_group.py took 0.108 seconds
[2024-10-08T08:11:15.175+0000] {processor.py:186} INFO - Started process (PID=210519) to work on /root/miniconda3/envs/project/lib/python3.8/site-packages/airflow/example_dags/example_task_group.py
[2024-10-08T08:11:15.178+0000] {processor.py:914} INFO - Processing file /root/miniconda3/envs/project/lib/python3.8/site-packages/airflow/example_dags/example_task_group.py for tasks to queue
[2024-10-08T08:11:15.183+0000] {logging_mixin.py:190} INFO - [2024-10-08T08:11:15.182+0000] {dagbag.py:588} INFO - Filling up the DagBag from /root/miniconda3/envs/project/lib/python3.8/site-packages/airflow/example_dags/example_task_group.py
[2024-10-08T08:11:15.197+0000] {processor.py:925} INFO - DAG(s) 'example_task_group' retrieved from /root/miniconda3/envs/project/lib/python3.8/site-packages/airflow/example_dags/example_task_group.py
[2024-10-08T08:11:15.226+0000] {logging_mixin.py:190} INFO - [2024-10-08T08:11:15.226+0000] {dag.py:3239} INFO - Sync 1 DAGs
[2024-10-08T08:11:15.244+0000] {logging_mixin.py:190} INFO - [2024-10-08T08:11:15.244+0000] {dag.py:4180} INFO - Setting next_dagrun for example_task_group to None, run_after=None
[2024-10-08T08:11:15.276+0000] {processor.py:208} INFO - Processing /root/miniconda3/envs/project/lib/python3.8/site-packages/airflow/example_dags/example_task_group.py took 0.114 seconds
[2024-10-08T08:12:53.317+0000] {processor.py:186} INFO - Started process (PID=211050) to work on /root/miniconda3/envs/project/lib/python3.8/site-packages/airflow/example_dags/example_task_group.py
[2024-10-08T08:12:53.320+0000] {processor.py:914} INFO - Processing file /root/miniconda3/envs/project/lib/python3.8/site-packages/airflow/example_dags/example_task_group.py for tasks to queue
[2024-10-08T08:12:53.324+0000] {logging_mixin.py:190} INFO - [2024-10-08T08:12:53.323+0000] {dagbag.py:588} INFO - Filling up the DagBag from /root/miniconda3/envs/project/lib/python3.8/site-packages/airflow/example_dags/example_task_group.py
[2024-10-08T08:12:53.337+0000] {processor.py:925} INFO - DAG(s) 'example_task_group' retrieved from /root/miniconda3/envs/project/lib/python3.8/site-packages/airflow/example_dags/example_task_group.py
[2024-10-08T08:12:53.366+0000] {logging_mixin.py:190} INFO - [2024-10-08T08:12:53.365+0000] {dag.py:3239} INFO - Sync 1 DAGs
[2024-10-08T08:12:53.383+0000] {logging_mixin.py:190} INFO - [2024-10-08T08:12:53.383+0000] {dag.py:4180} INFO - Setting next_dagrun for example_task_group to None, run_after=None
[2024-10-08T08:12:53.416+0000] {processor.py:208} INFO - Processing /root/miniconda3/envs/project/lib/python3.8/site-packages/airflow/example_dags/example_task_group.py took 0.110 seconds
[2024-10-08T08:13:59.296+0000] {processor.py:186} INFO - Started process (PID=211252) to work on /root/miniconda3/envs/project/lib/python3.8/site-packages/airflow/example_dags/example_task_group.py
[2024-10-08T08:13:59.298+0000] {processor.py:914} INFO - Processing file /root/miniconda3/envs/project/lib/python3.8/site-packages/airflow/example_dags/example_task_group.py for tasks to queue
[2024-10-08T08:13:59.302+0000] {logging_mixin.py:190} INFO - [2024-10-08T08:13:59.301+0000] {dagbag.py:588} INFO - Filling up the DagBag from /root/miniconda3/envs/project/lib/python3.8/site-packages/airflow/example_dags/example_task_group.py
[2024-10-08T08:13:59.315+0000] {processor.py:925} INFO - DAG(s) 'example_task_group' retrieved from /root/miniconda3/envs/project/lib/python3.8/site-packages/airflow/example_dags/example_task_group.py
[2024-10-08T08:13:59.341+0000] {logging_mixin.py:190} INFO - [2024-10-08T08:13:59.341+0000] {dag.py:3239} INFO - Sync 1 DAGs
[2024-10-08T08:13:59.359+0000] {logging_mixin.py:190} INFO - [2024-10-08T08:13:59.359+0000] {dag.py:4180} INFO - Setting next_dagrun for example_task_group to None, run_after=None
[2024-10-08T08:13:59.394+0000] {processor.py:208} INFO - Processing /root/miniconda3/envs/project/lib/python3.8/site-packages/airflow/example_dags/example_task_group.py took 0.110 seconds
[2024-10-08T08:15:07.315+0000] {processor.py:186} INFO - Started process (PID=211503) to work on /root/miniconda3/envs/project/lib/python3.8/site-packages/airflow/example_dags/example_task_group.py
[2024-10-08T08:15:07.318+0000] {processor.py:914} INFO - Processing file /root/miniconda3/envs/project/lib/python3.8/site-packages/airflow/example_dags/example_task_group.py for tasks to queue
[2024-10-08T08:15:07.321+0000] {logging_mixin.py:190} INFO - [2024-10-08T08:15:07.321+0000] {dagbag.py:588} INFO - Filling up the DagBag from /root/miniconda3/envs/project/lib/python3.8/site-packages/airflow/example_dags/example_task_group.py
[2024-10-08T08:15:07.335+0000] {processor.py:925} INFO - DAG(s) 'example_task_group' retrieved from /root/miniconda3/envs/project/lib/python3.8/site-packages/airflow/example_dags/example_task_group.py
[2024-10-08T08:15:07.362+0000] {logging_mixin.py:190} INFO - [2024-10-08T08:15:07.362+0000] {dag.py:3239} INFO - Sync 1 DAGs
[2024-10-08T08:15:07.380+0000] {logging_mixin.py:190} INFO - [2024-10-08T08:15:07.380+0000] {dag.py:4180} INFO - Setting next_dagrun for example_task_group to None, run_after=None
[2024-10-08T08:15:07.413+0000] {processor.py:208} INFO - Processing /root/miniconda3/envs/project/lib/python3.8/site-packages/airflow/example_dags/example_task_group.py took 0.109 seconds
[2024-10-08T08:16:16.052+0000] {processor.py:186} INFO - Started process (PID=211704) to work on /root/miniconda3/envs/project/lib/python3.8/site-packages/airflow/example_dags/example_task_group.py
[2024-10-08T08:16:16.055+0000] {processor.py:914} INFO - Processing file /root/miniconda3/envs/project/lib/python3.8/site-packages/airflow/example_dags/example_task_group.py for tasks to queue
[2024-10-08T08:16:16.058+0000] {logging_mixin.py:190} INFO - [2024-10-08T08:16:16.057+0000] {dagbag.py:588} INFO - Filling up the DagBag from /root/miniconda3/envs/project/lib/python3.8/site-packages/airflow/example_dags/example_task_group.py
[2024-10-08T08:16:16.072+0000] {processor.py:925} INFO - DAG(s) 'example_task_group' retrieved from /root/miniconda3/envs/project/lib/python3.8/site-packages/airflow/example_dags/example_task_group.py
[2024-10-08T08:16:16.097+0000] {logging_mixin.py:190} INFO - [2024-10-08T08:16:16.097+0000] {dag.py:3239} INFO - Sync 1 DAGs
[2024-10-08T08:16:16.115+0000] {logging_mixin.py:190} INFO - [2024-10-08T08:16:16.115+0000] {dag.py:4180} INFO - Setting next_dagrun for example_task_group to None, run_after=None
[2024-10-08T08:16:16.148+0000] {processor.py:208} INFO - Processing /root/miniconda3/envs/project/lib/python3.8/site-packages/airflow/example_dags/example_task_group.py took 0.107 seconds
[2024-10-08T08:17:27.383+0000] {processor.py:186} INFO - Started process (PID=211914) to work on /root/miniconda3/envs/project/lib/python3.8/site-packages/airflow/example_dags/example_task_group.py
[2024-10-08T08:17:27.386+0000] {processor.py:914} INFO - Processing file /root/miniconda3/envs/project/lib/python3.8/site-packages/airflow/example_dags/example_task_group.py for tasks to queue
[2024-10-08T08:17:27.389+0000] {logging_mixin.py:190} INFO - [2024-10-08T08:17:27.388+0000] {dagbag.py:588} INFO - Filling up the DagBag from /root/miniconda3/envs/project/lib/python3.8/site-packages/airflow/example_dags/example_task_group.py
[2024-10-08T08:17:27.402+0000] {processor.py:925} INFO - DAG(s) 'example_task_group' retrieved from /root/miniconda3/envs/project/lib/python3.8/site-packages/airflow/example_dags/example_task_group.py
[2024-10-08T08:17:27.429+0000] {logging_mixin.py:190} INFO - [2024-10-08T08:17:27.429+0000] {dag.py:3239} INFO - Sync 1 DAGs
[2024-10-08T08:17:27.448+0000] {logging_mixin.py:190} INFO - [2024-10-08T08:17:27.447+0000] {dag.py:4180} INFO - Setting next_dagrun for example_task_group to None, run_after=None
[2024-10-08T08:17:27.480+0000] {processor.py:208} INFO - Processing /root/miniconda3/envs/project/lib/python3.8/site-packages/airflow/example_dags/example_task_group.py took 0.109 seconds
[2024-10-08T08:18:35.783+0000] {processor.py:186} INFO - Started process (PID=212205) to work on /root/miniconda3/envs/project/lib/python3.8/site-packages/airflow/example_dags/example_task_group.py
[2024-10-08T08:18:35.786+0000] {processor.py:914} INFO - Processing file /root/miniconda3/envs/project/lib/python3.8/site-packages/airflow/example_dags/example_task_group.py for tasks to queue
[2024-10-08T08:18:35.789+0000] {logging_mixin.py:190} INFO - [2024-10-08T08:18:35.788+0000] {dagbag.py:588} INFO - Filling up the DagBag from /root/miniconda3/envs/project/lib/python3.8/site-packages/airflow/example_dags/example_task_group.py
[2024-10-08T08:18:35.803+0000] {processor.py:925} INFO - DAG(s) 'example_task_group' retrieved from /root/miniconda3/envs/project/lib/python3.8/site-packages/airflow/example_dags/example_task_group.py
[2024-10-08T08:18:35.829+0000] {logging_mixin.py:190} INFO - [2024-10-08T08:18:35.828+0000] {dag.py:3239} INFO - Sync 1 DAGs
[2024-10-08T08:18:35.847+0000] {logging_mixin.py:190} INFO - [2024-10-08T08:18:35.846+0000] {dag.py:4180} INFO - Setting next_dagrun for example_task_group to None, run_after=None
[2024-10-08T08:18:35.879+0000] {processor.py:208} INFO - Processing /root/miniconda3/envs/project/lib/python3.8/site-packages/airflow/example_dags/example_task_group.py took 0.107 seconds
[2024-10-08T08:19:44.750+0000] {processor.py:186} INFO - Started process (PID=212404) to work on /root/miniconda3/envs/project/lib/python3.8/site-packages/airflow/example_dags/example_task_group.py
[2024-10-08T08:19:44.753+0000] {processor.py:914} INFO - Processing file /root/miniconda3/envs/project/lib/python3.8/site-packages/airflow/example_dags/example_task_group.py for tasks to queue
[2024-10-08T08:19:44.756+0000] {logging_mixin.py:190} INFO - [2024-10-08T08:19:44.756+0000] {dagbag.py:588} INFO - Filling up the DagBag from /root/miniconda3/envs/project/lib/python3.8/site-packages/airflow/example_dags/example_task_group.py
[2024-10-08T08:19:44.770+0000] {processor.py:925} INFO - DAG(s) 'example_task_group' retrieved from /root/miniconda3/envs/project/lib/python3.8/site-packages/airflow/example_dags/example_task_group.py
[2024-10-08T08:19:44.797+0000] {logging_mixin.py:190} INFO - [2024-10-08T08:19:44.796+0000] {dag.py:3239} INFO - Sync 1 DAGs
[2024-10-08T08:19:44.815+0000] {logging_mixin.py:190} INFO - [2024-10-08T08:19:44.815+0000] {dag.py:4180} INFO - Setting next_dagrun for example_task_group to None, run_after=None
[2024-10-08T08:19:44.849+0000] {processor.py:208} INFO - Processing /root/miniconda3/envs/project/lib/python3.8/site-packages/airflow/example_dags/example_task_group.py took 0.109 seconds
[2024-10-08T08:20:53.930+0000] {processor.py:186} INFO - Started process (PID=212596) to work on /root/miniconda3/envs/project/lib/python3.8/site-packages/airflow/example_dags/example_task_group.py
[2024-10-08T08:20:53.933+0000] {processor.py:914} INFO - Processing file /root/miniconda3/envs/project/lib/python3.8/site-packages/airflow/example_dags/example_task_group.py for tasks to queue
[2024-10-08T08:20:53.936+0000] {logging_mixin.py:190} INFO - [2024-10-08T08:20:53.935+0000] {dagbag.py:588} INFO - Filling up the DagBag from /root/miniconda3/envs/project/lib/python3.8/site-packages/airflow/example_dags/example_task_group.py
[2024-10-08T08:20:53.949+0000] {processor.py:925} INFO - DAG(s) 'example_task_group' retrieved from /root/miniconda3/envs/project/lib/python3.8/site-packages/airflow/example_dags/example_task_group.py
[2024-10-08T08:20:53.976+0000] {logging_mixin.py:190} INFO - [2024-10-08T08:20:53.976+0000] {dag.py:3239} INFO - Sync 1 DAGs
[2024-10-08T08:20:53.994+0000] {logging_mixin.py:190} INFO - [2024-10-08T08:20:53.994+0000] {dag.py:4180} INFO - Setting next_dagrun for example_task_group to None, run_after=None
[2024-10-08T08:20:54.026+0000] {processor.py:208} INFO - Processing /root/miniconda3/envs/project/lib/python3.8/site-packages/airflow/example_dags/example_task_group.py took 0.107 seconds
[2024-10-08T08:22:04.264+0000] {processor.py:186} INFO - Started process (PID=212802) to work on /root/miniconda3/envs/project/lib/python3.8/site-packages/airflow/example_dags/example_task_group.py
[2024-10-08T08:22:04.267+0000] {processor.py:914} INFO - Processing file /root/miniconda3/envs/project/lib/python3.8/site-packages/airflow/example_dags/example_task_group.py for tasks to queue
[2024-10-08T08:22:04.271+0000] {logging_mixin.py:190} INFO - [2024-10-08T08:22:04.270+0000] {dagbag.py:588} INFO - Filling up the DagBag from /root/miniconda3/envs/project/lib/python3.8/site-packages/airflow/example_dags/example_task_group.py
[2024-10-08T08:22:04.286+0000] {processor.py:925} INFO - DAG(s) 'example_task_group' retrieved from /root/miniconda3/envs/project/lib/python3.8/site-packages/airflow/example_dags/example_task_group.py
[2024-10-08T08:22:04.313+0000] {logging_mixin.py:190} INFO - [2024-10-08T08:22:04.313+0000] {dag.py:3239} INFO - Sync 1 DAGs
[2024-10-08T08:22:04.333+0000] {logging_mixin.py:190} INFO - [2024-10-08T08:22:04.332+0000] {dag.py:4180} INFO - Setting next_dagrun for example_task_group to None, run_after=None
[2024-10-08T08:22:04.367+0000] {processor.py:208} INFO - Processing /root/miniconda3/envs/project/lib/python3.8/site-packages/airflow/example_dags/example_task_group.py took 0.113 seconds
[2024-10-08T08:23:13.049+0000] {processor.py:186} INFO - Started process (PID=213050) to work on /root/miniconda3/envs/project/lib/python3.8/site-packages/airflow/example_dags/example_task_group.py
[2024-10-08T08:23:13.051+0000] {processor.py:914} INFO - Processing file /root/miniconda3/envs/project/lib/python3.8/site-packages/airflow/example_dags/example_task_group.py for tasks to queue
[2024-10-08T08:23:13.055+0000] {logging_mixin.py:190} INFO - [2024-10-08T08:23:13.055+0000] {dagbag.py:588} INFO - Filling up the DagBag from /root/miniconda3/envs/project/lib/python3.8/site-packages/airflow/example_dags/example_task_group.py
[2024-10-08T08:23:13.071+0000] {processor.py:925} INFO - DAG(s) 'example_task_group' retrieved from /root/miniconda3/envs/project/lib/python3.8/site-packages/airflow/example_dags/example_task_group.py
[2024-10-08T08:23:13.108+0000] {logging_mixin.py:190} INFO - [2024-10-08T08:23:13.108+0000] {dag.py:3239} INFO - Sync 1 DAGs
[2024-10-08T08:23:13.127+0000] {logging_mixin.py:190} INFO - [2024-10-08T08:23:13.126+0000] {dag.py:4180} INFO - Setting next_dagrun for example_task_group to None, run_after=None
[2024-10-08T08:23:13.160+0000] {processor.py:208} INFO - Processing /root/miniconda3/envs/project/lib/python3.8/site-packages/airflow/example_dags/example_task_group.py took 0.123 seconds
[2024-10-08T08:24:16.528+0000] {processor.py:186} INFO - Started process (PID=213235) to work on /root/miniconda3/envs/project/lib/python3.8/site-packages/airflow/example_dags/example_task_group.py
[2024-10-08T08:24:16.531+0000] {processor.py:914} INFO - Processing file /root/miniconda3/envs/project/lib/python3.8/site-packages/airflow/example_dags/example_task_group.py for tasks to queue
[2024-10-08T08:24:16.534+0000] {logging_mixin.py:190} INFO - [2024-10-08T08:24:16.534+0000] {dagbag.py:588} INFO - Filling up the DagBag from /root/miniconda3/envs/project/lib/python3.8/site-packages/airflow/example_dags/example_task_group.py
[2024-10-08T08:24:16.548+0000] {processor.py:925} INFO - DAG(s) 'example_task_group' retrieved from /root/miniconda3/envs/project/lib/python3.8/site-packages/airflow/example_dags/example_task_group.py
[2024-10-08T08:24:16.573+0000] {logging_mixin.py:190} INFO - [2024-10-08T08:24:16.573+0000] {dag.py:3239} INFO - Sync 1 DAGs
[2024-10-08T08:24:16.591+0000] {logging_mixin.py:190} INFO - [2024-10-08T08:24:16.591+0000] {dag.py:4180} INFO - Setting next_dagrun for example_task_group to None, run_after=None
[2024-10-08T08:24:16.625+0000] {processor.py:208} INFO - Processing /root/miniconda3/envs/project/lib/python3.8/site-packages/airflow/example_dags/example_task_group.py took 0.108 seconds
[2024-10-08T08:37:05.469+0000] {processor.py:186} INFO - Started process (PID=214878) to work on /root/miniconda3/envs/project/lib/python3.8/site-packages/airflow/example_dags/example_task_group.py
[2024-10-08T08:37:05.471+0000] {processor.py:914} INFO - Processing file /root/miniconda3/envs/project/lib/python3.8/site-packages/airflow/example_dags/example_task_group.py for tasks to queue
[2024-10-08T08:37:05.475+0000] {logging_mixin.py:190} INFO - [2024-10-08T08:37:05.475+0000] {dagbag.py:588} INFO - Filling up the DagBag from /root/miniconda3/envs/project/lib/python3.8/site-packages/airflow/example_dags/example_task_group.py
[2024-10-08T08:37:05.488+0000] {processor.py:925} INFO - DAG(s) 'example_task_group' retrieved from /root/miniconda3/envs/project/lib/python3.8/site-packages/airflow/example_dags/example_task_group.py
[2024-10-08T08:37:05.518+0000] {logging_mixin.py:190} INFO - [2024-10-08T08:37:05.517+0000] {dag.py:3239} INFO - Sync 1 DAGs
[2024-10-08T08:37:05.535+0000] {logging_mixin.py:190} INFO - [2024-10-08T08:37:05.535+0000] {dag.py:4180} INFO - Setting next_dagrun for example_task_group to None, run_after=None
[2024-10-08T08:37:05.569+0000] {processor.py:208} INFO - Processing /root/miniconda3/envs/project/lib/python3.8/site-packages/airflow/example_dags/example_task_group.py took 0.110 seconds
[2024-10-08T08:38:13.662+0000] {processor.py:186} INFO - Started process (PID=215207) to work on /root/miniconda3/envs/project/lib/python3.8/site-packages/airflow/example_dags/example_task_group.py
[2024-10-08T08:38:13.665+0000] {processor.py:914} INFO - Processing file /root/miniconda3/envs/project/lib/python3.8/site-packages/airflow/example_dags/example_task_group.py for tasks to queue
[2024-10-08T08:38:13.668+0000] {logging_mixin.py:190} INFO - [2024-10-08T08:38:13.668+0000] {dagbag.py:588} INFO - Filling up the DagBag from /root/miniconda3/envs/project/lib/python3.8/site-packages/airflow/example_dags/example_task_group.py
[2024-10-08T08:38:13.682+0000] {processor.py:925} INFO - DAG(s) 'example_task_group' retrieved from /root/miniconda3/envs/project/lib/python3.8/site-packages/airflow/example_dags/example_task_group.py
[2024-10-08T08:38:13.708+0000] {logging_mixin.py:190} INFO - [2024-10-08T08:38:13.707+0000] {dag.py:3239} INFO - Sync 1 DAGs
[2024-10-08T08:38:13.725+0000] {logging_mixin.py:190} INFO - [2024-10-08T08:38:13.725+0000] {dag.py:4180} INFO - Setting next_dagrun for example_task_group to None, run_after=None
[2024-10-08T08:38:13.755+0000] {processor.py:208} INFO - Processing /root/miniconda3/envs/project/lib/python3.8/site-packages/airflow/example_dags/example_task_group.py took 0.105 seconds
[2024-10-08T08:39:22.275+0000] {processor.py:186} INFO - Started process (PID=215610) to work on /root/miniconda3/envs/project/lib/python3.8/site-packages/airflow/example_dags/example_task_group.py
[2024-10-08T08:39:22.277+0000] {processor.py:914} INFO - Processing file /root/miniconda3/envs/project/lib/python3.8/site-packages/airflow/example_dags/example_task_group.py for tasks to queue
[2024-10-08T08:39:22.281+0000] {logging_mixin.py:190} INFO - [2024-10-08T08:39:22.280+0000] {dagbag.py:588} INFO - Filling up the DagBag from /root/miniconda3/envs/project/lib/python3.8/site-packages/airflow/example_dags/example_task_group.py
[2024-10-08T08:39:22.294+0000] {processor.py:925} INFO - DAG(s) 'example_task_group' retrieved from /root/miniconda3/envs/project/lib/python3.8/site-packages/airflow/example_dags/example_task_group.py
[2024-10-08T08:39:22.321+0000] {logging_mixin.py:190} INFO - [2024-10-08T08:39:22.320+0000] {dag.py:3239} INFO - Sync 1 DAGs
[2024-10-08T08:39:22.339+0000] {logging_mixin.py:190} INFO - [2024-10-08T08:39:22.338+0000] {dag.py:4180} INFO - Setting next_dagrun for example_task_group to None, run_after=None
[2024-10-08T08:39:22.371+0000] {processor.py:208} INFO - Processing /root/miniconda3/envs/project/lib/python3.8/site-packages/airflow/example_dags/example_task_group.py took 0.107 seconds
[2024-10-08T08:40:32.958+0000] {processor.py:186} INFO - Started process (PID=215961) to work on /root/miniconda3/envs/project/lib/python3.8/site-packages/airflow/example_dags/example_task_group.py
[2024-10-08T08:40:32.961+0000] {processor.py:914} INFO - Processing file /root/miniconda3/envs/project/lib/python3.8/site-packages/airflow/example_dags/example_task_group.py for tasks to queue
[2024-10-08T08:40:32.964+0000] {logging_mixin.py:190} INFO - [2024-10-08T08:40:32.963+0000] {dagbag.py:588} INFO - Filling up the DagBag from /root/miniconda3/envs/project/lib/python3.8/site-packages/airflow/example_dags/example_task_group.py
[2024-10-08T08:40:32.977+0000] {processor.py:925} INFO - DAG(s) 'example_task_group' retrieved from /root/miniconda3/envs/project/lib/python3.8/site-packages/airflow/example_dags/example_task_group.py
[2024-10-08T08:40:33.003+0000] {logging_mixin.py:190} INFO - [2024-10-08T08:40:33.002+0000] {dag.py:3239} INFO - Sync 1 DAGs
[2024-10-08T08:40:33.020+0000] {logging_mixin.py:190} INFO - [2024-10-08T08:40:33.020+0000] {dag.py:4180} INFO - Setting next_dagrun for example_task_group to None, run_after=None
[2024-10-08T08:40:33.053+0000] {processor.py:208} INFO - Processing /root/miniconda3/envs/project/lib/python3.8/site-packages/airflow/example_dags/example_task_group.py took 0.106 seconds
[2024-10-08T08:41:40.978+0000] {processor.py:186} INFO - Started process (PID=216407) to work on /root/miniconda3/envs/project/lib/python3.8/site-packages/airflow/example_dags/example_task_group.py
[2024-10-08T08:41:40.981+0000] {processor.py:914} INFO - Processing file /root/miniconda3/envs/project/lib/python3.8/site-packages/airflow/example_dags/example_task_group.py for tasks to queue
[2024-10-08T08:41:40.984+0000] {logging_mixin.py:190} INFO - [2024-10-08T08:41:40.984+0000] {dagbag.py:588} INFO - Filling up the DagBag from /root/miniconda3/envs/project/lib/python3.8/site-packages/airflow/example_dags/example_task_group.py
[2024-10-08T08:41:40.997+0000] {processor.py:925} INFO - DAG(s) 'example_task_group' retrieved from /root/miniconda3/envs/project/lib/python3.8/site-packages/airflow/example_dags/example_task_group.py
[2024-10-08T08:41:41.023+0000] {logging_mixin.py:190} INFO - [2024-10-08T08:41:41.023+0000] {dag.py:3239} INFO - Sync 1 DAGs
[2024-10-08T08:41:41.041+0000] {logging_mixin.py:190} INFO - [2024-10-08T08:41:41.040+0000] {dag.py:4180} INFO - Setting next_dagrun for example_task_group to None, run_after=None
[2024-10-08T08:41:41.076+0000] {processor.py:208} INFO - Processing /root/miniconda3/envs/project/lib/python3.8/site-packages/airflow/example_dags/example_task_group.py took 0.107 seconds
[2024-10-08T08:42:46.509+0000] {processor.py:186} INFO - Started process (PID=216698) to work on /root/miniconda3/envs/project/lib/python3.8/site-packages/airflow/example_dags/example_task_group.py
[2024-10-08T08:42:46.511+0000] {processor.py:914} INFO - Processing file /root/miniconda3/envs/project/lib/python3.8/site-packages/airflow/example_dags/example_task_group.py for tasks to queue
[2024-10-08T08:42:46.514+0000] {logging_mixin.py:190} INFO - [2024-10-08T08:42:46.514+0000] {dagbag.py:588} INFO - Filling up the DagBag from /root/miniconda3/envs/project/lib/python3.8/site-packages/airflow/example_dags/example_task_group.py
[2024-10-08T08:42:46.527+0000] {processor.py:925} INFO - DAG(s) 'example_task_group' retrieved from /root/miniconda3/envs/project/lib/python3.8/site-packages/airflow/example_dags/example_task_group.py
[2024-10-08T08:42:46.552+0000] {logging_mixin.py:190} INFO - [2024-10-08T08:42:46.552+0000] {dag.py:3239} INFO - Sync 1 DAGs
[2024-10-08T08:42:46.569+0000] {logging_mixin.py:190} INFO - [2024-10-08T08:42:46.569+0000] {dag.py:4180} INFO - Setting next_dagrun for example_task_group to None, run_after=None
[2024-10-08T08:42:46.601+0000] {processor.py:208} INFO - Processing /root/miniconda3/envs/project/lib/python3.8/site-packages/airflow/example_dags/example_task_group.py took 0.104 seconds
[2024-10-08T08:43:54.710+0000] {processor.py:186} INFO - Started process (PID=216916) to work on /root/miniconda3/envs/project/lib/python3.8/site-packages/airflow/example_dags/example_task_group.py
[2024-10-08T08:43:54.712+0000] {processor.py:914} INFO - Processing file /root/miniconda3/envs/project/lib/python3.8/site-packages/airflow/example_dags/example_task_group.py for tasks to queue
[2024-10-08T08:43:54.716+0000] {logging_mixin.py:190} INFO - [2024-10-08T08:43:54.715+0000] {dagbag.py:588} INFO - Filling up the DagBag from /root/miniconda3/envs/project/lib/python3.8/site-packages/airflow/example_dags/example_task_group.py
[2024-10-08T08:43:54.729+0000] {processor.py:925} INFO - DAG(s) 'example_task_group' retrieved from /root/miniconda3/envs/project/lib/python3.8/site-packages/airflow/example_dags/example_task_group.py
[2024-10-08T08:43:54.756+0000] {logging_mixin.py:190} INFO - [2024-10-08T08:43:54.755+0000] {dag.py:3239} INFO - Sync 1 DAGs
[2024-10-08T08:43:54.774+0000] {logging_mixin.py:190} INFO - [2024-10-08T08:43:54.774+0000] {dag.py:4180} INFO - Setting next_dagrun for example_task_group to None, run_after=None
[2024-10-08T08:43:54.807+0000] {processor.py:208} INFO - Processing /root/miniconda3/envs/project/lib/python3.8/site-packages/airflow/example_dags/example_task_group.py took 0.109 seconds
[2024-10-08T08:45:07.627+0000] {processor.py:186} INFO - Started process (PID=217146) to work on /root/miniconda3/envs/project/lib/python3.8/site-packages/airflow/example_dags/example_task_group.py
[2024-10-08T08:45:07.629+0000] {processor.py:914} INFO - Processing file /root/miniconda3/envs/project/lib/python3.8/site-packages/airflow/example_dags/example_task_group.py for tasks to queue
[2024-10-08T08:45:07.633+0000] {logging_mixin.py:190} INFO - [2024-10-08T08:45:07.632+0000] {dagbag.py:588} INFO - Filling up the DagBag from /root/miniconda3/envs/project/lib/python3.8/site-packages/airflow/example_dags/example_task_group.py
[2024-10-08T08:45:07.647+0000] {processor.py:925} INFO - DAG(s) 'example_task_group' retrieved from /root/miniconda3/envs/project/lib/python3.8/site-packages/airflow/example_dags/example_task_group.py
[2024-10-08T08:45:07.673+0000] {logging_mixin.py:190} INFO - [2024-10-08T08:45:07.673+0000] {dag.py:3239} INFO - Sync 1 DAGs
[2024-10-08T08:45:07.692+0000] {logging_mixin.py:190} INFO - [2024-10-08T08:45:07.692+0000] {dag.py:4180} INFO - Setting next_dagrun for example_task_group to None, run_after=None
[2024-10-08T08:45:07.724+0000] {processor.py:208} INFO - Processing /root/miniconda3/envs/project/lib/python3.8/site-packages/airflow/example_dags/example_task_group.py took 0.108 seconds
[2024-10-08T08:46:22.154+0000] {processor.py:186} INFO - Started process (PID=217376) to work on /root/miniconda3/envs/project/lib/python3.8/site-packages/airflow/example_dags/example_task_group.py
[2024-10-08T08:46:22.157+0000] {processor.py:914} INFO - Processing file /root/miniconda3/envs/project/lib/python3.8/site-packages/airflow/example_dags/example_task_group.py for tasks to queue
[2024-10-08T08:46:22.161+0000] {logging_mixin.py:190} INFO - [2024-10-08T08:46:22.160+0000] {dagbag.py:588} INFO - Filling up the DagBag from /root/miniconda3/envs/project/lib/python3.8/site-packages/airflow/example_dags/example_task_group.py
[2024-10-08T08:46:22.175+0000] {processor.py:925} INFO - DAG(s) 'example_task_group' retrieved from /root/miniconda3/envs/project/lib/python3.8/site-packages/airflow/example_dags/example_task_group.py
[2024-10-08T08:46:22.202+0000] {logging_mixin.py:190} INFO - [2024-10-08T08:46:22.202+0000] {dag.py:3239} INFO - Sync 1 DAGs
[2024-10-08T08:46:22.220+0000] {logging_mixin.py:190} INFO - [2024-10-08T08:46:22.220+0000] {dag.py:4180} INFO - Setting next_dagrun for example_task_group to None, run_after=None
[2024-10-08T08:46:22.255+0000] {processor.py:208} INFO - Processing /root/miniconda3/envs/project/lib/python3.8/site-packages/airflow/example_dags/example_task_group.py took 0.113 seconds
[2024-10-08T08:47:33.676+0000] {processor.py:186} INFO - Started process (PID=217797) to work on /root/miniconda3/envs/project/lib/python3.8/site-packages/airflow/example_dags/example_task_group.py
[2024-10-08T08:47:33.679+0000] {processor.py:914} INFO - Processing file /root/miniconda3/envs/project/lib/python3.8/site-packages/airflow/example_dags/example_task_group.py for tasks to queue
[2024-10-08T08:47:33.684+0000] {logging_mixin.py:190} INFO - [2024-10-08T08:47:33.683+0000] {dagbag.py:588} INFO - Filling up the DagBag from /root/miniconda3/envs/project/lib/python3.8/site-packages/airflow/example_dags/example_task_group.py
[2024-10-08T08:47:33.702+0000] {processor.py:925} INFO - DAG(s) 'example_task_group' retrieved from /root/miniconda3/envs/project/lib/python3.8/site-packages/airflow/example_dags/example_task_group.py
[2024-10-08T08:47:33.728+0000] {logging_mixin.py:190} INFO - [2024-10-08T08:47:33.728+0000] {dag.py:3239} INFO - Sync 1 DAGs
[2024-10-08T08:47:33.746+0000] {logging_mixin.py:190} INFO - [2024-10-08T08:47:33.746+0000] {dag.py:4180} INFO - Setting next_dagrun for example_task_group to None, run_after=None
[2024-10-08T08:47:33.779+0000] {processor.py:208} INFO - Processing /root/miniconda3/envs/project/lib/python3.8/site-packages/airflow/example_dags/example_task_group.py took 0.115 seconds
[2024-10-08T08:48:45.856+0000] {processor.py:186} INFO - Started process (PID=218086) to work on /root/miniconda3/envs/project/lib/python3.8/site-packages/airflow/example_dags/example_task_group.py
[2024-10-08T08:48:45.859+0000] {processor.py:914} INFO - Processing file /root/miniconda3/envs/project/lib/python3.8/site-packages/airflow/example_dags/example_task_group.py for tasks to queue
[2024-10-08T08:48:45.862+0000] {logging_mixin.py:190} INFO - [2024-10-08T08:48:45.862+0000] {dagbag.py:588} INFO - Filling up the DagBag from /root/miniconda3/envs/project/lib/python3.8/site-packages/airflow/example_dags/example_task_group.py
[2024-10-08T08:48:45.876+0000] {processor.py:925} INFO - DAG(s) 'example_task_group' retrieved from /root/miniconda3/envs/project/lib/python3.8/site-packages/airflow/example_dags/example_task_group.py
[2024-10-08T08:48:45.901+0000] {logging_mixin.py:190} INFO - [2024-10-08T08:48:45.901+0000] {dag.py:3239} INFO - Sync 1 DAGs
[2024-10-08T08:48:45.919+0000] {logging_mixin.py:190} INFO - [2024-10-08T08:48:45.919+0000] {dag.py:4180} INFO - Setting next_dagrun for example_task_group to None, run_after=None
[2024-10-08T08:48:45.957+0000] {processor.py:208} INFO - Processing /root/miniconda3/envs/project/lib/python3.8/site-packages/airflow/example_dags/example_task_group.py took 0.112 seconds
[2024-10-08T08:49:56.723+0000] {processor.py:186} INFO - Started process (PID=218308) to work on /root/miniconda3/envs/project/lib/python3.8/site-packages/airflow/example_dags/example_task_group.py
[2024-10-08T08:49:56.726+0000] {processor.py:914} INFO - Processing file /root/miniconda3/envs/project/lib/python3.8/site-packages/airflow/example_dags/example_task_group.py for tasks to queue
[2024-10-08T08:49:56.730+0000] {logging_mixin.py:190} INFO - [2024-10-08T08:49:56.729+0000] {dagbag.py:588} INFO - Filling up the DagBag from /root/miniconda3/envs/project/lib/python3.8/site-packages/airflow/example_dags/example_task_group.py
[2024-10-08T08:49:56.743+0000] {processor.py:925} INFO - DAG(s) 'example_task_group' retrieved from /root/miniconda3/envs/project/lib/python3.8/site-packages/airflow/example_dags/example_task_group.py
[2024-10-08T08:49:56.770+0000] {logging_mixin.py:190} INFO - [2024-10-08T08:49:56.769+0000] {dag.py:3239} INFO - Sync 1 DAGs
[2024-10-08T08:49:56.787+0000] {logging_mixin.py:190} INFO - [2024-10-08T08:49:56.787+0000] {dag.py:4180} INFO - Setting next_dagrun for example_task_group to None, run_after=None
[2024-10-08T08:49:56.820+0000] {processor.py:208} INFO - Processing /root/miniconda3/envs/project/lib/python3.8/site-packages/airflow/example_dags/example_task_group.py took 0.107 seconds
[2024-10-08T08:51:06.180+0000] {processor.py:186} INFO - Started process (PID=218652) to work on /root/miniconda3/envs/project/lib/python3.8/site-packages/airflow/example_dags/example_task_group.py
[2024-10-08T08:51:06.183+0000] {processor.py:914} INFO - Processing file /root/miniconda3/envs/project/lib/python3.8/site-packages/airflow/example_dags/example_task_group.py for tasks to queue
[2024-10-08T08:51:06.186+0000] {logging_mixin.py:190} INFO - [2024-10-08T08:51:06.186+0000] {dagbag.py:588} INFO - Filling up the DagBag from /root/miniconda3/envs/project/lib/python3.8/site-packages/airflow/example_dags/example_task_group.py
[2024-10-08T08:51:06.199+0000] {processor.py:925} INFO - DAG(s) 'example_task_group' retrieved from /root/miniconda3/envs/project/lib/python3.8/site-packages/airflow/example_dags/example_task_group.py
[2024-10-08T08:51:06.225+0000] {logging_mixin.py:190} INFO - [2024-10-08T08:51:06.225+0000] {dag.py:3239} INFO - Sync 1 DAGs
[2024-10-08T08:51:06.243+0000] {logging_mixin.py:190} INFO - [2024-10-08T08:51:06.243+0000] {dag.py:4180} INFO - Setting next_dagrun for example_task_group to None, run_after=None
[2024-10-08T08:51:06.282+0000] {processor.py:208} INFO - Processing /root/miniconda3/envs/project/lib/python3.8/site-packages/airflow/example_dags/example_task_group.py took 0.112 seconds
[2024-10-08T09:03:30.930+0000] {processor.py:186} INFO - Started process (PID=219448) to work on /root/miniconda3/envs/project/lib/python3.8/site-packages/airflow/example_dags/example_task_group.py
[2024-10-08T09:03:30.933+0000] {processor.py:914} INFO - Processing file /root/miniconda3/envs/project/lib/python3.8/site-packages/airflow/example_dags/example_task_group.py for tasks to queue
[2024-10-08T09:03:30.937+0000] {logging_mixin.py:190} INFO - [2024-10-08T09:03:30.937+0000] {dagbag.py:588} INFO - Filling up the DagBag from /root/miniconda3/envs/project/lib/python3.8/site-packages/airflow/example_dags/example_task_group.py
[2024-10-08T09:03:30.951+0000] {processor.py:925} INFO - DAG(s) 'example_task_group' retrieved from /root/miniconda3/envs/project/lib/python3.8/site-packages/airflow/example_dags/example_task_group.py
[2024-10-08T09:03:30.981+0000] {logging_mixin.py:190} INFO - [2024-10-08T09:03:30.981+0000] {dag.py:3239} INFO - Sync 1 DAGs
[2024-10-08T09:03:31.001+0000] {logging_mixin.py:190} INFO - [2024-10-08T09:03:31.000+0000] {dag.py:4180} INFO - Setting next_dagrun for example_task_group to None, run_after=None
[2024-10-08T09:03:31.036+0000] {processor.py:208} INFO - Processing /root/miniconda3/envs/project/lib/python3.8/site-packages/airflow/example_dags/example_task_group.py took 0.119 seconds
[2024-10-08T09:05:11.718+0000] {processor.py:186} INFO - Started process (PID=220002) to work on /root/miniconda3/envs/project/lib/python3.8/site-packages/airflow/example_dags/example_task_group.py
[2024-10-08T09:05:11.721+0000] {processor.py:914} INFO - Processing file /root/miniconda3/envs/project/lib/python3.8/site-packages/airflow/example_dags/example_task_group.py for tasks to queue
[2024-10-08T09:05:11.726+0000] {logging_mixin.py:190} INFO - [2024-10-08T09:05:11.725+0000] {dagbag.py:588} INFO - Filling up the DagBag from /root/miniconda3/envs/project/lib/python3.8/site-packages/airflow/example_dags/example_task_group.py
[2024-10-08T09:05:11.739+0000] {processor.py:925} INFO - DAG(s) 'example_task_group' retrieved from /root/miniconda3/envs/project/lib/python3.8/site-packages/airflow/example_dags/example_task_group.py
[2024-10-08T09:05:11.768+0000] {logging_mixin.py:190} INFO - [2024-10-08T09:05:11.768+0000] {dag.py:3239} INFO - Sync 1 DAGs
[2024-10-08T09:05:11.787+0000] {logging_mixin.py:190} INFO - [2024-10-08T09:05:11.786+0000] {dag.py:4180} INFO - Setting next_dagrun for example_task_group to None, run_after=None
[2024-10-08T09:05:11.820+0000] {processor.py:208} INFO - Processing /root/miniconda3/envs/project/lib/python3.8/site-packages/airflow/example_dags/example_task_group.py took 0.112 seconds
[2024-10-08T09:08:44.114+0000] {processor.py:186} INFO - Started process (PID=220788) to work on /root/miniconda3/envs/project/lib/python3.8/site-packages/airflow/example_dags/example_task_group.py
[2024-10-08T09:08:44.117+0000] {processor.py:914} INFO - Processing file /root/miniconda3/envs/project/lib/python3.8/site-packages/airflow/example_dags/example_task_group.py for tasks to queue
[2024-10-08T09:08:44.122+0000] {logging_mixin.py:190} INFO - [2024-10-08T09:08:44.121+0000] {dagbag.py:588} INFO - Filling up the DagBag from /root/miniconda3/envs/project/lib/python3.8/site-packages/airflow/example_dags/example_task_group.py
[2024-10-08T09:08:44.134+0000] {processor.py:925} INFO - DAG(s) 'example_task_group' retrieved from /root/miniconda3/envs/project/lib/python3.8/site-packages/airflow/example_dags/example_task_group.py
[2024-10-08T09:08:44.163+0000] {logging_mixin.py:190} INFO - [2024-10-08T09:08:44.162+0000] {dag.py:3239} INFO - Sync 1 DAGs
[2024-10-08T09:08:44.181+0000] {logging_mixin.py:190} INFO - [2024-10-08T09:08:44.180+0000] {dag.py:4180} INFO - Setting next_dagrun for example_task_group to None, run_after=None
[2024-10-08T09:08:44.215+0000] {processor.py:208} INFO - Processing /root/miniconda3/envs/project/lib/python3.8/site-packages/airflow/example_dags/example_task_group.py took 0.111 seconds
[2024-10-08T09:10:12.439+0000] {processor.py:186} INFO - Started process (PID=221493) to work on /root/miniconda3/envs/project/lib/python3.8/site-packages/airflow/example_dags/example_task_group.py
[2024-10-08T09:10:12.442+0000] {processor.py:914} INFO - Processing file /root/miniconda3/envs/project/lib/python3.8/site-packages/airflow/example_dags/example_task_group.py for tasks to queue
[2024-10-08T09:10:12.447+0000] {logging_mixin.py:190} INFO - [2024-10-08T09:10:12.446+0000] {dagbag.py:588} INFO - Filling up the DagBag from /root/miniconda3/envs/project/lib/python3.8/site-packages/airflow/example_dags/example_task_group.py
[2024-10-08T09:10:12.460+0000] {processor.py:925} INFO - DAG(s) 'example_task_group' retrieved from /root/miniconda3/envs/project/lib/python3.8/site-packages/airflow/example_dags/example_task_group.py
[2024-10-08T09:10:12.489+0000] {logging_mixin.py:190} INFO - [2024-10-08T09:10:12.488+0000] {dag.py:3239} INFO - Sync 1 DAGs
[2024-10-08T09:10:12.507+0000] {logging_mixin.py:190} INFO - [2024-10-08T09:10:12.506+0000] {dag.py:4180} INFO - Setting next_dagrun for example_task_group to None, run_after=None
[2024-10-08T09:10:12.538+0000] {processor.py:208} INFO - Processing /root/miniconda3/envs/project/lib/python3.8/site-packages/airflow/example_dags/example_task_group.py took 0.110 seconds
[2024-10-08T09:11:20.786+0000] {processor.py:186} INFO - Started process (PID=221714) to work on /root/miniconda3/envs/project/lib/python3.8/site-packages/airflow/example_dags/example_task_group.py
[2024-10-08T09:11:20.789+0000] {processor.py:914} INFO - Processing file /root/miniconda3/envs/project/lib/python3.8/site-packages/airflow/example_dags/example_task_group.py for tasks to queue
[2024-10-08T09:11:20.792+0000] {logging_mixin.py:190} INFO - [2024-10-08T09:11:20.792+0000] {dagbag.py:588} INFO - Filling up the DagBag from /root/miniconda3/envs/project/lib/python3.8/site-packages/airflow/example_dags/example_task_group.py
[2024-10-08T09:11:20.806+0000] {processor.py:925} INFO - DAG(s) 'example_task_group' retrieved from /root/miniconda3/envs/project/lib/python3.8/site-packages/airflow/example_dags/example_task_group.py
[2024-10-08T09:11:20.833+0000] {logging_mixin.py:190} INFO - [2024-10-08T09:11:20.833+0000] {dag.py:3239} INFO - Sync 1 DAGs
[2024-10-08T09:11:20.852+0000] {logging_mixin.py:190} INFO - [2024-10-08T09:11:20.852+0000] {dag.py:4180} INFO - Setting next_dagrun for example_task_group to None, run_after=None
[2024-10-08T09:11:20.887+0000] {processor.py:208} INFO - Processing /root/miniconda3/envs/project/lib/python3.8/site-packages/airflow/example_dags/example_task_group.py took 0.111 seconds
[2024-10-08T09:12:22.134+0000] {processor.py:186} INFO - Started process (PID=222039) to work on /root/miniconda3/envs/project/lib/python3.8/site-packages/airflow/example_dags/example_task_group.py
[2024-10-08T09:12:22.137+0000] {processor.py:914} INFO - Processing file /root/miniconda3/envs/project/lib/python3.8/site-packages/airflow/example_dags/example_task_group.py for tasks to queue
[2024-10-08T09:12:22.140+0000] {logging_mixin.py:190} INFO - [2024-10-08T09:12:22.140+0000] {dagbag.py:588} INFO - Filling up the DagBag from /root/miniconda3/envs/project/lib/python3.8/site-packages/airflow/example_dags/example_task_group.py
[2024-10-08T09:12:22.154+0000] {processor.py:925} INFO - DAG(s) 'example_task_group' retrieved from /root/miniconda3/envs/project/lib/python3.8/site-packages/airflow/example_dags/example_task_group.py
[2024-10-08T09:12:22.180+0000] {logging_mixin.py:190} INFO - [2024-10-08T09:12:22.180+0000] {dag.py:3239} INFO - Sync 1 DAGs
[2024-10-08T09:12:22.198+0000] {logging_mixin.py:190} INFO - [2024-10-08T09:12:22.198+0000] {dag.py:4180} INFO - Setting next_dagrun for example_task_group to None, run_after=None
[2024-10-08T09:12:22.234+0000] {processor.py:208} INFO - Processing /root/miniconda3/envs/project/lib/python3.8/site-packages/airflow/example_dags/example_task_group.py took 0.111 seconds
[2024-10-08T09:13:29.567+0000] {processor.py:186} INFO - Started process (PID=222260) to work on /root/miniconda3/envs/project/lib/python3.8/site-packages/airflow/example_dags/example_task_group.py
[2024-10-08T09:13:29.571+0000] {processor.py:914} INFO - Processing file /root/miniconda3/envs/project/lib/python3.8/site-packages/airflow/example_dags/example_task_group.py for tasks to queue
[2024-10-08T09:13:29.576+0000] {logging_mixin.py:190} INFO - [2024-10-08T09:13:29.575+0000] {dagbag.py:588} INFO - Filling up the DagBag from /root/miniconda3/envs/project/lib/python3.8/site-packages/airflow/example_dags/example_task_group.py
[2024-10-08T09:13:29.597+0000] {processor.py:925} INFO - DAG(s) 'example_task_group' retrieved from /root/miniconda3/envs/project/lib/python3.8/site-packages/airflow/example_dags/example_task_group.py
[2024-10-08T09:13:29.635+0000] {logging_mixin.py:190} INFO - [2024-10-08T09:13:29.635+0000] {dag.py:3239} INFO - Sync 1 DAGs
[2024-10-08T09:13:29.654+0000] {logging_mixin.py:190} INFO - [2024-10-08T09:13:29.653+0000] {dag.py:4180} INFO - Setting next_dagrun for example_task_group to None, run_after=None
[2024-10-08T09:13:29.688+0000] {processor.py:208} INFO - Processing /root/miniconda3/envs/project/lib/python3.8/site-packages/airflow/example_dags/example_task_group.py took 0.137 seconds
[2024-10-08T09:14:31.139+0000] {processor.py:186} INFO - Started process (PID=222585) to work on /root/miniconda3/envs/project/lib/python3.8/site-packages/airflow/example_dags/example_task_group.py
[2024-10-08T09:14:31.142+0000] {processor.py:914} INFO - Processing file /root/miniconda3/envs/project/lib/python3.8/site-packages/airflow/example_dags/example_task_group.py for tasks to queue
[2024-10-08T09:14:31.146+0000] {logging_mixin.py:190} INFO - [2024-10-08T09:14:31.145+0000] {dagbag.py:588} INFO - Filling up the DagBag from /root/miniconda3/envs/project/lib/python3.8/site-packages/airflow/example_dags/example_task_group.py
[2024-10-08T09:14:31.159+0000] {processor.py:925} INFO - DAG(s) 'example_task_group' retrieved from /root/miniconda3/envs/project/lib/python3.8/site-packages/airflow/example_dags/example_task_group.py
[2024-10-08T09:14:31.185+0000] {logging_mixin.py:190} INFO - [2024-10-08T09:14:31.185+0000] {dag.py:3239} INFO - Sync 1 DAGs
[2024-10-08T09:14:31.203+0000] {logging_mixin.py:190} INFO - [2024-10-08T09:14:31.203+0000] {dag.py:4180} INFO - Setting next_dagrun for example_task_group to None, run_after=None
[2024-10-08T09:14:31.235+0000] {processor.py:208} INFO - Processing /root/miniconda3/envs/project/lib/python3.8/site-packages/airflow/example_dags/example_task_group.py took 0.107 seconds
[2024-10-08T09:15:46.923+0000] {processor.py:186} INFO - Started process (PID=222939) to work on /root/miniconda3/envs/project/lib/python3.8/site-packages/airflow/example_dags/example_task_group.py
[2024-10-08T09:15:46.926+0000] {processor.py:914} INFO - Processing file /root/miniconda3/envs/project/lib/python3.8/site-packages/airflow/example_dags/example_task_group.py for tasks to queue
[2024-10-08T09:15:46.929+0000] {logging_mixin.py:190} INFO - [2024-10-08T09:15:46.929+0000] {dagbag.py:588} INFO - Filling up the DagBag from /root/miniconda3/envs/project/lib/python3.8/site-packages/airflow/example_dags/example_task_group.py
[2024-10-08T09:15:46.943+0000] {processor.py:925} INFO - DAG(s) 'example_task_group' retrieved from /root/miniconda3/envs/project/lib/python3.8/site-packages/airflow/example_dags/example_task_group.py
[2024-10-08T09:15:46.968+0000] {logging_mixin.py:190} INFO - [2024-10-08T09:15:46.968+0000] {dag.py:3239} INFO - Sync 1 DAGs
[2024-10-08T09:15:46.986+0000] {logging_mixin.py:190} INFO - [2024-10-08T09:15:46.986+0000] {dag.py:4180} INFO - Setting next_dagrun for example_task_group to None, run_after=None
[2024-10-08T09:15:47.019+0000] {processor.py:208} INFO - Processing /root/miniconda3/envs/project/lib/python3.8/site-packages/airflow/example_dags/example_task_group.py took 0.106 seconds
[2024-10-08T09:16:55.472+0000] {processor.py:186} INFO - Started process (PID=223168) to work on /root/miniconda3/envs/project/lib/python3.8/site-packages/airflow/example_dags/example_task_group.py
[2024-10-08T09:16:55.475+0000] {processor.py:914} INFO - Processing file /root/miniconda3/envs/project/lib/python3.8/site-packages/airflow/example_dags/example_task_group.py for tasks to queue
[2024-10-08T09:16:55.478+0000] {logging_mixin.py:190} INFO - [2024-10-08T09:16:55.477+0000] {dagbag.py:588} INFO - Filling up the DagBag from /root/miniconda3/envs/project/lib/python3.8/site-packages/airflow/example_dags/example_task_group.py
[2024-10-08T09:16:55.492+0000] {processor.py:925} INFO - DAG(s) 'example_task_group' retrieved from /root/miniconda3/envs/project/lib/python3.8/site-packages/airflow/example_dags/example_task_group.py
[2024-10-08T09:16:55.518+0000] {logging_mixin.py:190} INFO - [2024-10-08T09:16:55.518+0000] {dag.py:3239} INFO - Sync 1 DAGs
[2024-10-08T09:16:55.537+0000] {logging_mixin.py:190} INFO - [2024-10-08T09:16:55.536+0000] {dag.py:4180} INFO - Setting next_dagrun for example_task_group to None, run_after=None
[2024-10-08T09:16:55.573+0000] {processor.py:208} INFO - Processing /root/miniconda3/envs/project/lib/python3.8/site-packages/airflow/example_dags/example_task_group.py took 0.113 seconds
[2024-10-08T09:18:03.937+0000] {processor.py:186} INFO - Started process (PID=223395) to work on /root/miniconda3/envs/project/lib/python3.8/site-packages/airflow/example_dags/example_task_group.py
[2024-10-08T09:18:03.940+0000] {processor.py:914} INFO - Processing file /root/miniconda3/envs/project/lib/python3.8/site-packages/airflow/example_dags/example_task_group.py for tasks to queue
[2024-10-08T09:18:03.943+0000] {logging_mixin.py:190} INFO - [2024-10-08T09:18:03.942+0000] {dagbag.py:588} INFO - Filling up the DagBag from /root/miniconda3/envs/project/lib/python3.8/site-packages/airflow/example_dags/example_task_group.py
[2024-10-08T09:18:03.957+0000] {processor.py:925} INFO - DAG(s) 'example_task_group' retrieved from /root/miniconda3/envs/project/lib/python3.8/site-packages/airflow/example_dags/example_task_group.py
[2024-10-08T09:18:03.983+0000] {logging_mixin.py:190} INFO - [2024-10-08T09:18:03.982+0000] {dag.py:3239} INFO - Sync 1 DAGs
[2024-10-08T09:18:04.000+0000] {logging_mixin.py:190} INFO - [2024-10-08T09:18:04.000+0000] {dag.py:4180} INFO - Setting next_dagrun for example_task_group to None, run_after=None
[2024-10-08T09:18:04.031+0000] {processor.py:208} INFO - Processing /root/miniconda3/envs/project/lib/python3.8/site-packages/airflow/example_dags/example_task_group.py took 0.106 seconds
[2024-10-08T09:19:21.994+0000] {processor.py:186} INFO - Started process (PID=223637) to work on /root/miniconda3/envs/project/lib/python3.8/site-packages/airflow/example_dags/example_task_group.py
[2024-10-08T09:19:21.996+0000] {processor.py:914} INFO - Processing file /root/miniconda3/envs/project/lib/python3.8/site-packages/airflow/example_dags/example_task_group.py for tasks to queue
[2024-10-08T09:19:22.000+0000] {logging_mixin.py:190} INFO - [2024-10-08T09:19:21.999+0000] {dagbag.py:588} INFO - Filling up the DagBag from /root/miniconda3/envs/project/lib/python3.8/site-packages/airflow/example_dags/example_task_group.py
[2024-10-08T09:19:22.013+0000] {processor.py:925} INFO - DAG(s) 'example_task_group' retrieved from /root/miniconda3/envs/project/lib/python3.8/site-packages/airflow/example_dags/example_task_group.py
[2024-10-08T09:19:22.039+0000] {logging_mixin.py:190} INFO - [2024-10-08T09:19:22.039+0000] {dag.py:3239} INFO - Sync 1 DAGs
[2024-10-08T09:19:22.057+0000] {logging_mixin.py:190} INFO - [2024-10-08T09:19:22.057+0000] {dag.py:4180} INFO - Setting next_dagrun for example_task_group to None, run_after=None
[2024-10-08T09:19:22.087+0000] {processor.py:208} INFO - Processing /root/miniconda3/envs/project/lib/python3.8/site-packages/airflow/example_dags/example_task_group.py took 0.106 seconds
[2024-10-08T09:20:28.330+0000] {processor.py:186} INFO - Started process (PID=223920) to work on /root/miniconda3/envs/project/lib/python3.8/site-packages/airflow/example_dags/example_task_group.py
[2024-10-08T09:20:28.333+0000] {processor.py:914} INFO - Processing file /root/miniconda3/envs/project/lib/python3.8/site-packages/airflow/example_dags/example_task_group.py for tasks to queue
[2024-10-08T09:20:28.336+0000] {logging_mixin.py:190} INFO - [2024-10-08T09:20:28.335+0000] {dagbag.py:588} INFO - Filling up the DagBag from /root/miniconda3/envs/project/lib/python3.8/site-packages/airflow/example_dags/example_task_group.py
[2024-10-08T09:20:28.350+0000] {processor.py:925} INFO - DAG(s) 'example_task_group' retrieved from /root/miniconda3/envs/project/lib/python3.8/site-packages/airflow/example_dags/example_task_group.py
[2024-10-08T09:20:28.375+0000] {logging_mixin.py:190} INFO - [2024-10-08T09:20:28.375+0000] {dag.py:3239} INFO - Sync 1 DAGs
[2024-10-08T09:20:28.393+0000] {logging_mixin.py:190} INFO - [2024-10-08T09:20:28.393+0000] {dag.py:4180} INFO - Setting next_dagrun for example_task_group to None, run_after=None
[2024-10-08T09:20:28.424+0000] {processor.py:208} INFO - Processing /root/miniconda3/envs/project/lib/python3.8/site-packages/airflow/example_dags/example_task_group.py took 0.106 seconds
[2024-10-08T09:21:45.980+0000] {processor.py:186} INFO - Started process (PID=224219) to work on /root/miniconda3/envs/project/lib/python3.8/site-packages/airflow/example_dags/example_task_group.py
[2024-10-08T09:21:45.983+0000] {processor.py:914} INFO - Processing file /root/miniconda3/envs/project/lib/python3.8/site-packages/airflow/example_dags/example_task_group.py for tasks to queue
[2024-10-08T09:21:45.988+0000] {logging_mixin.py:190} INFO - [2024-10-08T09:21:45.987+0000] {dagbag.py:588} INFO - Filling up the DagBag from /root/miniconda3/envs/project/lib/python3.8/site-packages/airflow/example_dags/example_task_group.py
[2024-10-08T09:21:46.003+0000] {processor.py:925} INFO - DAG(s) 'example_task_group' retrieved from /root/miniconda3/envs/project/lib/python3.8/site-packages/airflow/example_dags/example_task_group.py
[2024-10-08T09:21:46.030+0000] {logging_mixin.py:190} INFO - [2024-10-08T09:21:46.029+0000] {dag.py:3239} INFO - Sync 1 DAGs
[2024-10-08T09:21:46.048+0000] {logging_mixin.py:190} INFO - [2024-10-08T09:21:46.048+0000] {dag.py:4180} INFO - Setting next_dagrun for example_task_group to None, run_after=None
[2024-10-08T09:21:46.081+0000] {processor.py:208} INFO - Processing /root/miniconda3/envs/project/lib/python3.8/site-packages/airflow/example_dags/example_task_group.py took 0.113 seconds
[2024-10-08T09:22:51.972+0000] {processor.py:186} INFO - Started process (PID=224441) to work on /root/miniconda3/envs/project/lib/python3.8/site-packages/airflow/example_dags/example_task_group.py
[2024-10-08T09:22:51.975+0000] {processor.py:914} INFO - Processing file /root/miniconda3/envs/project/lib/python3.8/site-packages/airflow/example_dags/example_task_group.py for tasks to queue
[2024-10-08T09:22:51.979+0000] {logging_mixin.py:190} INFO - [2024-10-08T09:22:51.978+0000] {dagbag.py:588} INFO - Filling up the DagBag from /root/miniconda3/envs/project/lib/python3.8/site-packages/airflow/example_dags/example_task_group.py
[2024-10-08T09:22:51.994+0000] {processor.py:925} INFO - DAG(s) 'example_task_group' retrieved from /root/miniconda3/envs/project/lib/python3.8/site-packages/airflow/example_dags/example_task_group.py
[2024-10-08T09:22:52.022+0000] {logging_mixin.py:190} INFO - [2024-10-08T09:22:52.021+0000] {dag.py:3239} INFO - Sync 1 DAGs
[2024-10-08T09:22:52.040+0000] {logging_mixin.py:190} INFO - [2024-10-08T09:22:52.040+0000] {dag.py:4180} INFO - Setting next_dagrun for example_task_group to None, run_after=None
[2024-10-08T09:22:52.072+0000] {processor.py:208} INFO - Processing /root/miniconda3/envs/project/lib/python3.8/site-packages/airflow/example_dags/example_task_group.py took 0.112 seconds
[2024-10-08T09:24:02.950+0000] {processor.py:186} INFO - Started process (PID=224637) to work on /root/miniconda3/envs/project/lib/python3.8/site-packages/airflow/example_dags/example_task_group.py
[2024-10-08T09:24:02.953+0000] {processor.py:914} INFO - Processing file /root/miniconda3/envs/project/lib/python3.8/site-packages/airflow/example_dags/example_task_group.py for tasks to queue
[2024-10-08T09:24:02.956+0000] {logging_mixin.py:190} INFO - [2024-10-08T09:24:02.956+0000] {dagbag.py:588} INFO - Filling up the DagBag from /root/miniconda3/envs/project/lib/python3.8/site-packages/airflow/example_dags/example_task_group.py
[2024-10-08T09:24:02.971+0000] {processor.py:925} INFO - DAG(s) 'example_task_group' retrieved from /root/miniconda3/envs/project/lib/python3.8/site-packages/airflow/example_dags/example_task_group.py
[2024-10-08T09:24:02.998+0000] {logging_mixin.py:190} INFO - [2024-10-08T09:24:02.998+0000] {dag.py:3239} INFO - Sync 1 DAGs
[2024-10-08T09:24:03.017+0000] {logging_mixin.py:190} INFO - [2024-10-08T09:24:03.017+0000] {dag.py:4180} INFO - Setting next_dagrun for example_task_group to None, run_after=None
[2024-10-08T09:24:03.050+0000] {processor.py:208} INFO - Processing /root/miniconda3/envs/project/lib/python3.8/site-packages/airflow/example_dags/example_task_group.py took 0.111 seconds
[2024-10-08T09:25:11.695+0000] {processor.py:186} INFO - Started process (PID=225336) to work on /root/miniconda3/envs/project/lib/python3.8/site-packages/airflow/example_dags/example_task_group.py
[2024-10-08T09:25:11.698+0000] {processor.py:914} INFO - Processing file /root/miniconda3/envs/project/lib/python3.8/site-packages/airflow/example_dags/example_task_group.py for tasks to queue
[2024-10-08T09:25:11.701+0000] {logging_mixin.py:190} INFO - [2024-10-08T09:25:11.701+0000] {dagbag.py:588} INFO - Filling up the DagBag from /root/miniconda3/envs/project/lib/python3.8/site-packages/airflow/example_dags/example_task_group.py
[2024-10-08T09:25:11.715+0000] {processor.py:925} INFO - DAG(s) 'example_task_group' retrieved from /root/miniconda3/envs/project/lib/python3.8/site-packages/airflow/example_dags/example_task_group.py
[2024-10-08T09:25:11.741+0000] {logging_mixin.py:190} INFO - [2024-10-08T09:25:11.741+0000] {dag.py:3239} INFO - Sync 1 DAGs
[2024-10-08T09:25:11.760+0000] {logging_mixin.py:190} INFO - [2024-10-08T09:25:11.760+0000] {dag.py:4180} INFO - Setting next_dagrun for example_task_group to None, run_after=None
[2024-10-08T09:25:11.795+0000] {processor.py:208} INFO - Processing /root/miniconda3/envs/project/lib/python3.8/site-packages/airflow/example_dags/example_task_group.py took 0.111 seconds
[2024-10-08T09:26:20.876+0000] {processor.py:186} INFO - Started process (PID=225702) to work on /root/miniconda3/envs/project/lib/python3.8/site-packages/airflow/example_dags/example_task_group.py
[2024-10-08T09:26:20.879+0000] {processor.py:914} INFO - Processing file /root/miniconda3/envs/project/lib/python3.8/site-packages/airflow/example_dags/example_task_group.py for tasks to queue
[2024-10-08T09:26:20.883+0000] {logging_mixin.py:190} INFO - [2024-10-08T09:26:20.882+0000] {dagbag.py:588} INFO - Filling up the DagBag from /root/miniconda3/envs/project/lib/python3.8/site-packages/airflow/example_dags/example_task_group.py
[2024-10-08T09:26:20.896+0000] {processor.py:925} INFO - DAG(s) 'example_task_group' retrieved from /root/miniconda3/envs/project/lib/python3.8/site-packages/airflow/example_dags/example_task_group.py
[2024-10-08T09:26:20.922+0000] {logging_mixin.py:190} INFO - [2024-10-08T09:26:20.922+0000] {dag.py:3239} INFO - Sync 1 DAGs
[2024-10-08T09:26:20.940+0000] {logging_mixin.py:190} INFO - [2024-10-08T09:26:20.940+0000] {dag.py:4180} INFO - Setting next_dagrun for example_task_group to None, run_after=None
[2024-10-08T09:26:20.973+0000] {processor.py:208} INFO - Processing /root/miniconda3/envs/project/lib/python3.8/site-packages/airflow/example_dags/example_task_group.py took 0.110 seconds
[2024-10-08T09:27:33.827+0000] {processor.py:186} INFO - Started process (PID=226084) to work on /root/miniconda3/envs/project/lib/python3.8/site-packages/airflow/example_dags/example_task_group.py
[2024-10-08T09:27:33.830+0000] {processor.py:914} INFO - Processing file /root/miniconda3/envs/project/lib/python3.8/site-packages/airflow/example_dags/example_task_group.py for tasks to queue
[2024-10-08T09:27:33.833+0000] {logging_mixin.py:190} INFO - [2024-10-08T09:27:33.832+0000] {dagbag.py:588} INFO - Filling up the DagBag from /root/miniconda3/envs/project/lib/python3.8/site-packages/airflow/example_dags/example_task_group.py
[2024-10-08T09:27:33.852+0000] {processor.py:925} INFO - DAG(s) 'example_task_group' retrieved from /root/miniconda3/envs/project/lib/python3.8/site-packages/airflow/example_dags/example_task_group.py
[2024-10-08T09:27:33.879+0000] {logging_mixin.py:190} INFO - [2024-10-08T09:27:33.879+0000] {dag.py:3239} INFO - Sync 1 DAGs
[2024-10-08T09:27:33.897+0000] {logging_mixin.py:190} INFO - [2024-10-08T09:27:33.897+0000] {dag.py:4180} INFO - Setting next_dagrun for example_task_group to None, run_after=None
[2024-10-08T09:27:33.928+0000] {processor.py:208} INFO - Processing /root/miniconda3/envs/project/lib/python3.8/site-packages/airflow/example_dags/example_task_group.py took 0.111 seconds
[2024-10-08T09:28:45.066+0000] {processor.py:186} INFO - Started process (PID=226704) to work on /root/miniconda3/envs/project/lib/python3.8/site-packages/airflow/example_dags/example_task_group.py
[2024-10-08T09:28:45.069+0000] {processor.py:914} INFO - Processing file /root/miniconda3/envs/project/lib/python3.8/site-packages/airflow/example_dags/example_task_group.py for tasks to queue
[2024-10-08T09:28:45.073+0000] {logging_mixin.py:190} INFO - [2024-10-08T09:28:45.072+0000] {dagbag.py:588} INFO - Filling up the DagBag from /root/miniconda3/envs/project/lib/python3.8/site-packages/airflow/example_dags/example_task_group.py
[2024-10-08T09:28:45.086+0000] {processor.py:925} INFO - DAG(s) 'example_task_group' retrieved from /root/miniconda3/envs/project/lib/python3.8/site-packages/airflow/example_dags/example_task_group.py
[2024-10-08T09:28:45.115+0000] {logging_mixin.py:190} INFO - [2024-10-08T09:28:45.114+0000] {dag.py:3239} INFO - Sync 1 DAGs
[2024-10-08T09:28:45.132+0000] {logging_mixin.py:190} INFO - [2024-10-08T09:28:45.132+0000] {dag.py:4180} INFO - Setting next_dagrun for example_task_group to None, run_after=None
[2024-10-08T09:28:45.166+0000] {processor.py:208} INFO - Processing /root/miniconda3/envs/project/lib/python3.8/site-packages/airflow/example_dags/example_task_group.py took 0.112 seconds
[2024-10-08T09:30:05.187+0000] {processor.py:186} INFO - Started process (PID=227524) to work on /root/miniconda3/envs/project/lib/python3.8/site-packages/airflow/example_dags/example_task_group.py
[2024-10-08T09:30:05.190+0000] {processor.py:914} INFO - Processing file /root/miniconda3/envs/project/lib/python3.8/site-packages/airflow/example_dags/example_task_group.py for tasks to queue
[2024-10-08T09:30:05.194+0000] {logging_mixin.py:190} INFO - [2024-10-08T09:30:05.193+0000] {dagbag.py:588} INFO - Filling up the DagBag from /root/miniconda3/envs/project/lib/python3.8/site-packages/airflow/example_dags/example_task_group.py
[2024-10-08T09:30:05.207+0000] {processor.py:925} INFO - DAG(s) 'example_task_group' retrieved from /root/miniconda3/envs/project/lib/python3.8/site-packages/airflow/example_dags/example_task_group.py
[2024-10-08T09:30:05.347+0000] {logging_mixin.py:190} INFO - [2024-10-08T09:30:05.347+0000] {dag.py:3239} INFO - Sync 1 DAGs
[2024-10-08T09:30:05.363+0000] {logging_mixin.py:190} INFO - [2024-10-08T09:30:05.362+0000] {dag.py:4180} INFO - Setting next_dagrun for example_task_group to None, run_after=None
[2024-10-08T09:30:05.395+0000] {processor.py:208} INFO - Processing /root/miniconda3/envs/project/lib/python3.8/site-packages/airflow/example_dags/example_task_group.py took 0.218 seconds
[2024-10-08T09:31:40.283+0000] {processor.py:186} INFO - Started process (PID=228642) to work on /root/miniconda3/envs/project/lib/python3.8/site-packages/airflow/example_dags/example_task_group.py
[2024-10-08T09:31:40.287+0000] {processor.py:914} INFO - Processing file /root/miniconda3/envs/project/lib/python3.8/site-packages/airflow/example_dags/example_task_group.py for tasks to queue
[2024-10-08T09:31:40.290+0000] {logging_mixin.py:190} INFO - [2024-10-08T09:31:40.290+0000] {dagbag.py:588} INFO - Filling up the DagBag from /root/miniconda3/envs/project/lib/python3.8/site-packages/airflow/example_dags/example_task_group.py
[2024-10-08T09:31:40.305+0000] {processor.py:925} INFO - DAG(s) 'example_task_group' retrieved from /root/miniconda3/envs/project/lib/python3.8/site-packages/airflow/example_dags/example_task_group.py
[2024-10-08T09:31:40.331+0000] {logging_mixin.py:190} INFO - [2024-10-08T09:31:40.331+0000] {dag.py:3239} INFO - Sync 1 DAGs
[2024-10-08T09:31:40.349+0000] {logging_mixin.py:190} INFO - [2024-10-08T09:31:40.349+0000] {dag.py:4180} INFO - Setting next_dagrun for example_task_group to None, run_after=None
[2024-10-08T09:31:40.382+0000] {processor.py:208} INFO - Processing /root/miniconda3/envs/project/lib/python3.8/site-packages/airflow/example_dags/example_task_group.py took 0.111 seconds
[2024-10-08T09:32:53.135+0000] {processor.py:186} INFO - Started process (PID=229164) to work on /root/miniconda3/envs/project/lib/python3.8/site-packages/airflow/example_dags/example_task_group.py
[2024-10-08T09:32:53.137+0000] {processor.py:914} INFO - Processing file /root/miniconda3/envs/project/lib/python3.8/site-packages/airflow/example_dags/example_task_group.py for tasks to queue
[2024-10-08T09:32:53.141+0000] {logging_mixin.py:190} INFO - [2024-10-08T09:32:53.140+0000] {dagbag.py:588} INFO - Filling up the DagBag from /root/miniconda3/envs/project/lib/python3.8/site-packages/airflow/example_dags/example_task_group.py
[2024-10-08T09:32:53.154+0000] {processor.py:925} INFO - DAG(s) 'example_task_group' retrieved from /root/miniconda3/envs/project/lib/python3.8/site-packages/airflow/example_dags/example_task_group.py
[2024-10-08T09:32:53.179+0000] {logging_mixin.py:190} INFO - [2024-10-08T09:32:53.179+0000] {dag.py:3239} INFO - Sync 1 DAGs
[2024-10-08T09:32:53.197+0000] {logging_mixin.py:190} INFO - [2024-10-08T09:32:53.197+0000] {dag.py:4180} INFO - Setting next_dagrun for example_task_group to None, run_after=None
[2024-10-08T09:32:53.231+0000] {processor.py:208} INFO - Processing /root/miniconda3/envs/project/lib/python3.8/site-packages/airflow/example_dags/example_task_group.py took 0.108 seconds
