[2024-10-08T07:57:36.940+0000] {processor.py:186} INFO - Started process (PID=207128) to work on /root/miniconda3/envs/project/lib/python3.8/site-packages/airflow/example_dags/example_sensor_decorator.py
[2024-10-08T07:57:36.942+0000] {processor.py:914} INFO - Processing file /root/miniconda3/envs/project/lib/python3.8/site-packages/airflow/example_dags/example_sensor_decorator.py for tasks to queue
[2024-10-08T07:57:36.945+0000] {logging_mixin.py:190} INFO - [2024-10-08T07:57:36.944+0000] {dagbag.py:588} INFO - Filling up the DagBag from /root/miniconda3/envs/project/lib/python3.8/site-packages/airflow/example_dags/example_sensor_decorator.py
[2024-10-08T07:57:36.957+0000] {processor.py:925} INFO - DAG(s) 'example_sensor_decorator' retrieved from /root/miniconda3/envs/project/lib/python3.8/site-packages/airflow/example_dags/example_sensor_decorator.py
[2024-10-08T07:57:37.105+0000] {logging_mixin.py:190} INFO - [2024-10-08T07:57:37.104+0000] {override.py:1901} INFO - Created Permission View: can delete on DAG:example_sensor_decorator
[2024-10-08T07:57:37.124+0000] {logging_mixin.py:190} INFO - [2024-10-08T07:57:37.124+0000] {override.py:1901} INFO - Created Permission View: can read on DAG:example_sensor_decorator
[2024-10-08T07:57:37.139+0000] {logging_mixin.py:190} INFO - [2024-10-08T07:57:37.139+0000] {override.py:1901} INFO - Created Permission View: can edit on DAG:example_sensor_decorator
[2024-10-08T07:57:37.164+0000] {logging_mixin.py:190} INFO - [2024-10-08T07:57:37.164+0000] {override.py:1901} INFO - Created Permission View: can delete on DAG Run:example_sensor_decorator
[2024-10-08T07:57:37.179+0000] {logging_mixin.py:190} INFO - [2024-10-08T07:57:37.178+0000] {override.py:1901} INFO - Created Permission View: menu access on DAG Run:example_sensor_decorator
[2024-10-08T07:57:37.199+0000] {logging_mixin.py:190} INFO - [2024-10-08T07:57:37.198+0000] {override.py:1901} INFO - Created Permission View: can create on DAG Run:example_sensor_decorator
[2024-10-08T07:57:37.215+0000] {logging_mixin.py:190} INFO - [2024-10-08T07:57:37.215+0000] {override.py:1901} INFO - Created Permission View: can read on DAG Run:example_sensor_decorator
[2024-10-08T07:57:37.216+0000] {logging_mixin.py:190} INFO - [2024-10-08T07:57:37.216+0000] {dag.py:3239} INFO - Sync 1 DAGs
[2024-10-08T07:57:37.236+0000] {logging_mixin.py:190} INFO - [2024-10-08T07:57:37.236+0000] {dag.py:3262} INFO - Creating ORM DAG for example_sensor_decorator
[2024-10-08T07:57:37.237+0000] {logging_mixin.py:190} INFO - [2024-10-08T07:57:37.237+0000] {dag.py:4180} INFO - Setting next_dagrun for example_sensor_decorator to None, run_after=None
[2024-10-08T07:57:37.274+0000] {processor.py:208} INFO - Processing /root/miniconda3/envs/project/lib/python3.8/site-packages/airflow/example_dags/example_sensor_decorator.py took 0.345 seconds
[2024-10-08T07:58:48.078+0000] {processor.py:186} INFO - Started process (PID=207324) to work on /root/miniconda3/envs/project/lib/python3.8/site-packages/airflow/example_dags/example_sensor_decorator.py
[2024-10-08T07:58:48.081+0000] {processor.py:914} INFO - Processing file /root/miniconda3/envs/project/lib/python3.8/site-packages/airflow/example_dags/example_sensor_decorator.py for tasks to queue
[2024-10-08T07:58:48.084+0000] {logging_mixin.py:190} INFO - [2024-10-08T07:58:48.084+0000] {dagbag.py:588} INFO - Filling up the DagBag from /root/miniconda3/envs/project/lib/python3.8/site-packages/airflow/example_dags/example_sensor_decorator.py
[2024-10-08T07:58:48.097+0000] {processor.py:925} INFO - DAG(s) 'example_sensor_decorator' retrieved from /root/miniconda3/envs/project/lib/python3.8/site-packages/airflow/example_dags/example_sensor_decorator.py
[2024-10-08T07:58:48.120+0000] {logging_mixin.py:190} INFO - [2024-10-08T07:58:48.120+0000] {dag.py:3239} INFO - Sync 1 DAGs
[2024-10-08T07:58:48.139+0000] {logging_mixin.py:190} INFO - [2024-10-08T07:58:48.139+0000] {dag.py:4180} INFO - Setting next_dagrun for example_sensor_decorator to None, run_after=None
[2024-10-08T07:58:48.174+0000] {processor.py:208} INFO - Processing /root/miniconda3/envs/project/lib/python3.8/site-packages/airflow/example_dags/example_sensor_decorator.py took 0.106 seconds
[2024-10-08T08:00:01.448+0000] {processor.py:186} INFO - Started process (PID=207633) to work on /root/miniconda3/envs/project/lib/python3.8/site-packages/airflow/example_dags/example_sensor_decorator.py
[2024-10-08T08:00:01.451+0000] {processor.py:914} INFO - Processing file /root/miniconda3/envs/project/lib/python3.8/site-packages/airflow/example_dags/example_sensor_decorator.py for tasks to queue
[2024-10-08T08:00:01.454+0000] {logging_mixin.py:190} INFO - [2024-10-08T08:00:01.454+0000] {dagbag.py:588} INFO - Filling up the DagBag from /root/miniconda3/envs/project/lib/python3.8/site-packages/airflow/example_dags/example_sensor_decorator.py
[2024-10-08T08:00:01.467+0000] {processor.py:925} INFO - DAG(s) 'example_sensor_decorator' retrieved from /root/miniconda3/envs/project/lib/python3.8/site-packages/airflow/example_dags/example_sensor_decorator.py
[2024-10-08T08:00:01.490+0000] {logging_mixin.py:190} INFO - [2024-10-08T08:00:01.490+0000] {dag.py:3239} INFO - Sync 1 DAGs
[2024-10-08T08:00:01.508+0000] {logging_mixin.py:190} INFO - [2024-10-08T08:00:01.508+0000] {dag.py:4180} INFO - Setting next_dagrun for example_sensor_decorator to None, run_after=None
[2024-10-08T08:00:01.541+0000] {processor.py:208} INFO - Processing /root/miniconda3/envs/project/lib/python3.8/site-packages/airflow/example_dags/example_sensor_decorator.py took 0.102 seconds
[2024-10-08T08:01:11.462+0000] {processor.py:186} INFO - Started process (PID=207975) to work on /root/miniconda3/envs/project/lib/python3.8/site-packages/airflow/example_dags/example_sensor_decorator.py
[2024-10-08T08:01:11.465+0000] {processor.py:914} INFO - Processing file /root/miniconda3/envs/project/lib/python3.8/site-packages/airflow/example_dags/example_sensor_decorator.py for tasks to queue
[2024-10-08T08:01:11.468+0000] {logging_mixin.py:190} INFO - [2024-10-08T08:01:11.468+0000] {dagbag.py:588} INFO - Filling up the DagBag from /root/miniconda3/envs/project/lib/python3.8/site-packages/airflow/example_dags/example_sensor_decorator.py
[2024-10-08T08:01:11.481+0000] {processor.py:925} INFO - DAG(s) 'example_sensor_decorator' retrieved from /root/miniconda3/envs/project/lib/python3.8/site-packages/airflow/example_dags/example_sensor_decorator.py
[2024-10-08T08:01:11.505+0000] {logging_mixin.py:190} INFO - [2024-10-08T08:01:11.505+0000] {dag.py:3239} INFO - Sync 1 DAGs
[2024-10-08T08:01:11.523+0000] {logging_mixin.py:190} INFO - [2024-10-08T08:01:11.523+0000] {dag.py:4180} INFO - Setting next_dagrun for example_sensor_decorator to None, run_after=None
[2024-10-08T08:01:11.556+0000] {processor.py:208} INFO - Processing /root/miniconda3/envs/project/lib/python3.8/site-packages/airflow/example_dags/example_sensor_decorator.py took 0.104 seconds
[2024-10-08T08:02:25.699+0000] {processor.py:186} INFO - Started process (PID=208232) to work on /root/miniconda3/envs/project/lib/python3.8/site-packages/airflow/example_dags/example_sensor_decorator.py
[2024-10-08T08:02:25.701+0000] {processor.py:914} INFO - Processing file /root/miniconda3/envs/project/lib/python3.8/site-packages/airflow/example_dags/example_sensor_decorator.py for tasks to queue
[2024-10-08T08:02:25.705+0000] {logging_mixin.py:190} INFO - [2024-10-08T08:02:25.704+0000] {dagbag.py:588} INFO - Filling up the DagBag from /root/miniconda3/envs/project/lib/python3.8/site-packages/airflow/example_dags/example_sensor_decorator.py
[2024-10-08T08:02:25.717+0000] {processor.py:925} INFO - DAG(s) 'example_sensor_decorator' retrieved from /root/miniconda3/envs/project/lib/python3.8/site-packages/airflow/example_dags/example_sensor_decorator.py
[2024-10-08T08:02:25.740+0000] {logging_mixin.py:190} INFO - [2024-10-08T08:02:25.740+0000] {dag.py:3239} INFO - Sync 1 DAGs
[2024-10-08T08:02:25.759+0000] {logging_mixin.py:190} INFO - [2024-10-08T08:02:25.759+0000] {dag.py:4180} INFO - Setting next_dagrun for example_sensor_decorator to None, run_after=None
[2024-10-08T08:02:25.791+0000] {processor.py:208} INFO - Processing /root/miniconda3/envs/project/lib/python3.8/site-packages/airflow/example_dags/example_sensor_decorator.py took 0.104 seconds
[2024-10-08T08:03:35.385+0000] {processor.py:186} INFO - Started process (PID=208434) to work on /root/miniconda3/envs/project/lib/python3.8/site-packages/airflow/example_dags/example_sensor_decorator.py
[2024-10-08T08:03:35.388+0000] {processor.py:914} INFO - Processing file /root/miniconda3/envs/project/lib/python3.8/site-packages/airflow/example_dags/example_sensor_decorator.py for tasks to queue
[2024-10-08T08:03:35.391+0000] {logging_mixin.py:190} INFO - [2024-10-08T08:03:35.390+0000] {dagbag.py:588} INFO - Filling up the DagBag from /root/miniconda3/envs/project/lib/python3.8/site-packages/airflow/example_dags/example_sensor_decorator.py
[2024-10-08T08:03:35.403+0000] {processor.py:925} INFO - DAG(s) 'example_sensor_decorator' retrieved from /root/miniconda3/envs/project/lib/python3.8/site-packages/airflow/example_dags/example_sensor_decorator.py
[2024-10-08T08:03:35.425+0000] {logging_mixin.py:190} INFO - [2024-10-08T08:03:35.425+0000] {dag.py:3239} INFO - Sync 1 DAGs
[2024-10-08T08:03:35.443+0000] {logging_mixin.py:190} INFO - [2024-10-08T08:03:35.443+0000] {dag.py:4180} INFO - Setting next_dagrun for example_sensor_decorator to None, run_after=None
[2024-10-08T08:03:35.476+0000] {processor.py:208} INFO - Processing /root/miniconda3/envs/project/lib/python3.8/site-packages/airflow/example_dags/example_sensor_decorator.py took 0.102 seconds
[2024-10-08T08:04:43.543+0000] {processor.py:186} INFO - Started process (PID=208642) to work on /root/miniconda3/envs/project/lib/python3.8/site-packages/airflow/example_dags/example_sensor_decorator.py
[2024-10-08T08:04:43.546+0000] {processor.py:914} INFO - Processing file /root/miniconda3/envs/project/lib/python3.8/site-packages/airflow/example_dags/example_sensor_decorator.py for tasks to queue
[2024-10-08T08:04:43.549+0000] {logging_mixin.py:190} INFO - [2024-10-08T08:04:43.549+0000] {dagbag.py:588} INFO - Filling up the DagBag from /root/miniconda3/envs/project/lib/python3.8/site-packages/airflow/example_dags/example_sensor_decorator.py
[2024-10-08T08:04:43.562+0000] {processor.py:925} INFO - DAG(s) 'example_sensor_decorator' retrieved from /root/miniconda3/envs/project/lib/python3.8/site-packages/airflow/example_dags/example_sensor_decorator.py
[2024-10-08T08:04:43.586+0000] {logging_mixin.py:190} INFO - [2024-10-08T08:04:43.585+0000] {dag.py:3239} INFO - Sync 1 DAGs
[2024-10-08T08:04:43.603+0000] {logging_mixin.py:190} INFO - [2024-10-08T08:04:43.603+0000] {dag.py:4180} INFO - Setting next_dagrun for example_sensor_decorator to None, run_after=None
[2024-10-08T08:04:43.636+0000] {processor.py:208} INFO - Processing /root/miniconda3/envs/project/lib/python3.8/site-packages/airflow/example_dags/example_sensor_decorator.py took 0.104 seconds
[2024-10-08T08:05:44.248+0000] {processor.py:186} INFO - Started process (PID=208825) to work on /root/miniconda3/envs/project/lib/python3.8/site-packages/airflow/example_dags/example_sensor_decorator.py
[2024-10-08T08:05:44.251+0000] {processor.py:914} INFO - Processing file /root/miniconda3/envs/project/lib/python3.8/site-packages/airflow/example_dags/example_sensor_decorator.py for tasks to queue
[2024-10-08T08:05:44.255+0000] {logging_mixin.py:190} INFO - [2024-10-08T08:05:44.254+0000] {dagbag.py:588} INFO - Filling up the DagBag from /root/miniconda3/envs/project/lib/python3.8/site-packages/airflow/example_dags/example_sensor_decorator.py
[2024-10-08T08:05:44.268+0000] {processor.py:925} INFO - DAG(s) 'example_sensor_decorator' retrieved from /root/miniconda3/envs/project/lib/python3.8/site-packages/airflow/example_dags/example_sensor_decorator.py
[2024-10-08T08:05:44.291+0000] {logging_mixin.py:190} INFO - [2024-10-08T08:05:44.291+0000] {dag.py:3239} INFO - Sync 1 DAGs
[2024-10-08T08:05:44.309+0000] {logging_mixin.py:190} INFO - [2024-10-08T08:05:44.309+0000] {dag.py:4180} INFO - Setting next_dagrun for example_sensor_decorator to None, run_after=None
[2024-10-08T08:05:44.340+0000] {processor.py:208} INFO - Processing /root/miniconda3/envs/project/lib/python3.8/site-packages/airflow/example_dags/example_sensor_decorator.py took 0.104 seconds
[2024-10-08T08:06:46.001+0000] {processor.py:186} INFO - Started process (PID=209004) to work on /root/miniconda3/envs/project/lib/python3.8/site-packages/airflow/example_dags/example_sensor_decorator.py
[2024-10-08T08:06:46.004+0000] {processor.py:914} INFO - Processing file /root/miniconda3/envs/project/lib/python3.8/site-packages/airflow/example_dags/example_sensor_decorator.py for tasks to queue
[2024-10-08T08:06:46.007+0000] {logging_mixin.py:190} INFO - [2024-10-08T08:06:46.007+0000] {dagbag.py:588} INFO - Filling up the DagBag from /root/miniconda3/envs/project/lib/python3.8/site-packages/airflow/example_dags/example_sensor_decorator.py
[2024-10-08T08:06:46.020+0000] {processor.py:925} INFO - DAG(s) 'example_sensor_decorator' retrieved from /root/miniconda3/envs/project/lib/python3.8/site-packages/airflow/example_dags/example_sensor_decorator.py
[2024-10-08T08:06:46.044+0000] {logging_mixin.py:190} INFO - [2024-10-08T08:06:46.044+0000] {dag.py:3239} INFO - Sync 1 DAGs
[2024-10-08T08:06:46.062+0000] {logging_mixin.py:190} INFO - [2024-10-08T08:06:46.062+0000] {dag.py:4180} INFO - Setting next_dagrun for example_sensor_decorator to None, run_after=None
[2024-10-08T08:06:46.093+0000] {processor.py:208} INFO - Processing /root/miniconda3/envs/project/lib/python3.8/site-packages/airflow/example_dags/example_sensor_decorator.py took 0.105 seconds
[2024-10-08T08:07:56.363+0000] {processor.py:186} INFO - Started process (PID=209274) to work on /root/miniconda3/envs/project/lib/python3.8/site-packages/airflow/example_dags/example_sensor_decorator.py
[2024-10-08T08:07:56.366+0000] {processor.py:914} INFO - Processing file /root/miniconda3/envs/project/lib/python3.8/site-packages/airflow/example_dags/example_sensor_decorator.py for tasks to queue
[2024-10-08T08:07:56.369+0000] {logging_mixin.py:190} INFO - [2024-10-08T08:07:56.369+0000] {dagbag.py:588} INFO - Filling up the DagBag from /root/miniconda3/envs/project/lib/python3.8/site-packages/airflow/example_dags/example_sensor_decorator.py
[2024-10-08T08:07:56.382+0000] {processor.py:925} INFO - DAG(s) 'example_sensor_decorator' retrieved from /root/miniconda3/envs/project/lib/python3.8/site-packages/airflow/example_dags/example_sensor_decorator.py
[2024-10-08T08:07:56.406+0000] {logging_mixin.py:190} INFO - [2024-10-08T08:07:56.405+0000] {dag.py:3239} INFO - Sync 1 DAGs
[2024-10-08T08:07:56.424+0000] {logging_mixin.py:190} INFO - [2024-10-08T08:07:56.424+0000] {dag.py:4180} INFO - Setting next_dagrun for example_sensor_decorator to None, run_after=None
[2024-10-08T08:07:56.461+0000] {processor.py:208} INFO - Processing /root/miniconda3/envs/project/lib/python3.8/site-packages/airflow/example_dags/example_sensor_decorator.py took 0.110 seconds
[2024-10-08T08:10:06.224+0000] {processor.py:186} INFO - Started process (PID=210083) to work on /root/miniconda3/envs/project/lib/python3.8/site-packages/airflow/example_dags/example_sensor_decorator.py
[2024-10-08T08:10:06.228+0000] {processor.py:914} INFO - Processing file /root/miniconda3/envs/project/lib/python3.8/site-packages/airflow/example_dags/example_sensor_decorator.py for tasks to queue
[2024-10-08T08:10:06.232+0000] {logging_mixin.py:190} INFO - [2024-10-08T08:10:06.230+0000] {dagbag.py:588} INFO - Filling up the DagBag from /root/miniconda3/envs/project/lib/python3.8/site-packages/airflow/example_dags/example_sensor_decorator.py
[2024-10-08T08:10:06.244+0000] {processor.py:925} INFO - DAG(s) 'example_sensor_decorator' retrieved from /root/miniconda3/envs/project/lib/python3.8/site-packages/airflow/example_dags/example_sensor_decorator.py
[2024-10-08T08:10:06.269+0000] {logging_mixin.py:190} INFO - [2024-10-08T08:10:06.269+0000] {dag.py:3239} INFO - Sync 1 DAGs
[2024-10-08T08:10:06.289+0000] {logging_mixin.py:190} INFO - [2024-10-08T08:10:06.289+0000] {dag.py:4180} INFO - Setting next_dagrun for example_sensor_decorator to None, run_after=None
[2024-10-08T08:10:06.326+0000] {processor.py:208} INFO - Processing /root/miniconda3/envs/project/lib/python3.8/site-packages/airflow/example_dags/example_sensor_decorator.py took 0.113 seconds
[2024-10-08T08:13:08.661+0000] {processor.py:186} INFO - Started process (PID=211095) to work on /root/miniconda3/envs/project/lib/python3.8/site-packages/airflow/example_dags/example_sensor_decorator.py
[2024-10-08T08:13:08.664+0000] {processor.py:914} INFO - Processing file /root/miniconda3/envs/project/lib/python3.8/site-packages/airflow/example_dags/example_sensor_decorator.py for tasks to queue
[2024-10-08T08:13:08.668+0000] {logging_mixin.py:190} INFO - [2024-10-08T08:13:08.667+0000] {dagbag.py:588} INFO - Filling up the DagBag from /root/miniconda3/envs/project/lib/python3.8/site-packages/airflow/example_dags/example_sensor_decorator.py
[2024-10-08T08:13:08.680+0000] {processor.py:925} INFO - DAG(s) 'example_sensor_decorator' retrieved from /root/miniconda3/envs/project/lib/python3.8/site-packages/airflow/example_dags/example_sensor_decorator.py
[2024-10-08T08:13:08.704+0000] {logging_mixin.py:190} INFO - [2024-10-08T08:13:08.704+0000] {dag.py:3239} INFO - Sync 1 DAGs
[2024-10-08T08:13:08.724+0000] {logging_mixin.py:190} INFO - [2024-10-08T08:13:08.724+0000] {dag.py:4180} INFO - Setting next_dagrun for example_sensor_decorator to None, run_after=None
[2024-10-08T08:13:08.754+0000] {processor.py:208} INFO - Processing /root/miniconda3/envs/project/lib/python3.8/site-packages/airflow/example_dags/example_sensor_decorator.py took 0.104 seconds
[2024-10-08T08:14:19.399+0000] {processor.py:186} INFO - Started process (PID=211300) to work on /root/miniconda3/envs/project/lib/python3.8/site-packages/airflow/example_dags/example_sensor_decorator.py
[2024-10-08T08:14:19.402+0000] {processor.py:914} INFO - Processing file /root/miniconda3/envs/project/lib/python3.8/site-packages/airflow/example_dags/example_sensor_decorator.py for tasks to queue
[2024-10-08T08:14:19.405+0000] {logging_mixin.py:190} INFO - [2024-10-08T08:14:19.404+0000] {dagbag.py:588} INFO - Filling up the DagBag from /root/miniconda3/envs/project/lib/python3.8/site-packages/airflow/example_dags/example_sensor_decorator.py
[2024-10-08T08:14:19.417+0000] {processor.py:925} INFO - DAG(s) 'example_sensor_decorator' retrieved from /root/miniconda3/envs/project/lib/python3.8/site-packages/airflow/example_dags/example_sensor_decorator.py
[2024-10-08T08:14:19.440+0000] {logging_mixin.py:190} INFO - [2024-10-08T08:14:19.440+0000] {dag.py:3239} INFO - Sync 1 DAGs
[2024-10-08T08:14:19.458+0000] {logging_mixin.py:190} INFO - [2024-10-08T08:14:19.458+0000] {dag.py:4180} INFO - Setting next_dagrun for example_sensor_decorator to None, run_after=None
[2024-10-08T08:14:19.495+0000] {processor.py:208} INFO - Processing /root/miniconda3/envs/project/lib/python3.8/site-packages/airflow/example_dags/example_sensor_decorator.py took 0.105 seconds
[2024-10-08T08:15:27.149+0000] {processor.py:186} INFO - Started process (PID=211551) to work on /root/miniconda3/envs/project/lib/python3.8/site-packages/airflow/example_dags/example_sensor_decorator.py
[2024-10-08T08:15:27.151+0000] {processor.py:914} INFO - Processing file /root/miniconda3/envs/project/lib/python3.8/site-packages/airflow/example_dags/example_sensor_decorator.py for tasks to queue
[2024-10-08T08:15:27.155+0000] {logging_mixin.py:190} INFO - [2024-10-08T08:15:27.154+0000] {dagbag.py:588} INFO - Filling up the DagBag from /root/miniconda3/envs/project/lib/python3.8/site-packages/airflow/example_dags/example_sensor_decorator.py
[2024-10-08T08:15:27.167+0000] {processor.py:925} INFO - DAG(s) 'example_sensor_decorator' retrieved from /root/miniconda3/envs/project/lib/python3.8/site-packages/airflow/example_dags/example_sensor_decorator.py
[2024-10-08T08:15:27.189+0000] {logging_mixin.py:190} INFO - [2024-10-08T08:15:27.189+0000] {dag.py:3239} INFO - Sync 1 DAGs
[2024-10-08T08:15:27.207+0000] {logging_mixin.py:190} INFO - [2024-10-08T08:15:27.207+0000] {dag.py:4180} INFO - Setting next_dagrun for example_sensor_decorator to None, run_after=None
[2024-10-08T08:15:27.241+0000] {processor.py:208} INFO - Processing /root/miniconda3/envs/project/lib/python3.8/site-packages/airflow/example_dags/example_sensor_decorator.py took 0.103 seconds
[2024-10-08T08:16:35.290+0000] {processor.py:186} INFO - Started process (PID=211799) to work on /root/miniconda3/envs/project/lib/python3.8/site-packages/airflow/example_dags/example_sensor_decorator.py
[2024-10-08T08:16:35.294+0000] {processor.py:914} INFO - Processing file /root/miniconda3/envs/project/lib/python3.8/site-packages/airflow/example_dags/example_sensor_decorator.py for tasks to queue
[2024-10-08T08:16:35.297+0000] {logging_mixin.py:190} INFO - [2024-10-08T08:16:35.296+0000] {dagbag.py:588} INFO - Filling up the DagBag from /root/miniconda3/envs/project/lib/python3.8/site-packages/airflow/example_dags/example_sensor_decorator.py
[2024-10-08T08:16:35.309+0000] {processor.py:925} INFO - DAG(s) 'example_sensor_decorator' retrieved from /root/miniconda3/envs/project/lib/python3.8/site-packages/airflow/example_dags/example_sensor_decorator.py
[2024-10-08T08:16:35.333+0000] {logging_mixin.py:190} INFO - [2024-10-08T08:16:35.332+0000] {dag.py:3239} INFO - Sync 1 DAGs
[2024-10-08T08:16:35.351+0000] {logging_mixin.py:190} INFO - [2024-10-08T08:16:35.351+0000] {dag.py:4180} INFO - Setting next_dagrun for example_sensor_decorator to None, run_after=None
[2024-10-08T08:16:35.387+0000] {processor.py:208} INFO - Processing /root/miniconda3/envs/project/lib/python3.8/site-packages/airflow/example_dags/example_sensor_decorator.py took 0.109 seconds
[2024-10-08T08:17:46.038+0000] {processor.py:186} INFO - Started process (PID=212051) to work on /root/miniconda3/envs/project/lib/python3.8/site-packages/airflow/example_dags/example_sensor_decorator.py
[2024-10-08T08:17:46.041+0000] {processor.py:914} INFO - Processing file /root/miniconda3/envs/project/lib/python3.8/site-packages/airflow/example_dags/example_sensor_decorator.py for tasks to queue
[2024-10-08T08:17:46.044+0000] {logging_mixin.py:190} INFO - [2024-10-08T08:17:46.044+0000] {dagbag.py:588} INFO - Filling up the DagBag from /root/miniconda3/envs/project/lib/python3.8/site-packages/airflow/example_dags/example_sensor_decorator.py
[2024-10-08T08:17:46.056+0000] {processor.py:925} INFO - DAG(s) 'example_sensor_decorator' retrieved from /root/miniconda3/envs/project/lib/python3.8/site-packages/airflow/example_dags/example_sensor_decorator.py
[2024-10-08T08:17:46.079+0000] {logging_mixin.py:190} INFO - [2024-10-08T08:17:46.079+0000] {dag.py:3239} INFO - Sync 1 DAGs
[2024-10-08T08:17:46.097+0000] {logging_mixin.py:190} INFO - [2024-10-08T08:17:46.097+0000] {dag.py:4180} INFO - Setting next_dagrun for example_sensor_decorator to None, run_after=None
[2024-10-08T08:17:46.131+0000] {processor.py:208} INFO - Processing /root/miniconda3/envs/project/lib/python3.8/site-packages/airflow/example_dags/example_sensor_decorator.py took 0.105 seconds
[2024-10-08T08:18:57.802+0000] {processor.py:186} INFO - Started process (PID=212254) to work on /root/miniconda3/envs/project/lib/python3.8/site-packages/airflow/example_dags/example_sensor_decorator.py
[2024-10-08T08:18:57.805+0000] {processor.py:914} INFO - Processing file /root/miniconda3/envs/project/lib/python3.8/site-packages/airflow/example_dags/example_sensor_decorator.py for tasks to queue
[2024-10-08T08:18:57.808+0000] {logging_mixin.py:190} INFO - [2024-10-08T08:18:57.808+0000] {dagbag.py:588} INFO - Filling up the DagBag from /root/miniconda3/envs/project/lib/python3.8/site-packages/airflow/example_dags/example_sensor_decorator.py
[2024-10-08T08:18:57.821+0000] {processor.py:925} INFO - DAG(s) 'example_sensor_decorator' retrieved from /root/miniconda3/envs/project/lib/python3.8/site-packages/airflow/example_dags/example_sensor_decorator.py
[2024-10-08T08:18:57.844+0000] {logging_mixin.py:190} INFO - [2024-10-08T08:18:57.843+0000] {dag.py:3239} INFO - Sync 1 DAGs
[2024-10-08T08:18:57.862+0000] {logging_mixin.py:190} INFO - [2024-10-08T08:18:57.861+0000] {dag.py:4180} INFO - Setting next_dagrun for example_sensor_decorator to None, run_after=None
[2024-10-08T08:18:57.895+0000] {processor.py:208} INFO - Processing /root/miniconda3/envs/project/lib/python3.8/site-packages/airflow/example_dags/example_sensor_decorator.py took 0.105 seconds
[2024-10-08T08:20:00.283+0000] {processor.py:186} INFO - Started process (PID=212436) to work on /root/miniconda3/envs/project/lib/python3.8/site-packages/airflow/example_dags/example_sensor_decorator.py
[2024-10-08T08:20:00.286+0000] {processor.py:914} INFO - Processing file /root/miniconda3/envs/project/lib/python3.8/site-packages/airflow/example_dags/example_sensor_decorator.py for tasks to queue
[2024-10-08T08:20:00.290+0000] {logging_mixin.py:190} INFO - [2024-10-08T08:20:00.289+0000] {dagbag.py:588} INFO - Filling up the DagBag from /root/miniconda3/envs/project/lib/python3.8/site-packages/airflow/example_dags/example_sensor_decorator.py
[2024-10-08T08:20:00.302+0000] {processor.py:925} INFO - DAG(s) 'example_sensor_decorator' retrieved from /root/miniconda3/envs/project/lib/python3.8/site-packages/airflow/example_dags/example_sensor_decorator.py
[2024-10-08T08:20:00.325+0000] {logging_mixin.py:190} INFO - [2024-10-08T08:20:00.325+0000] {dag.py:3239} INFO - Sync 1 DAGs
[2024-10-08T08:20:00.343+0000] {logging_mixin.py:190} INFO - [2024-10-08T08:20:00.343+0000] {dag.py:4180} INFO - Setting next_dagrun for example_sensor_decorator to None, run_after=None
[2024-10-08T08:20:00.375+0000] {processor.py:208} INFO - Processing /root/miniconda3/envs/project/lib/python3.8/site-packages/airflow/example_dags/example_sensor_decorator.py took 0.103 seconds
[2024-10-08T08:21:08.299+0000] {processor.py:186} INFO - Started process (PID=212626) to work on /root/miniconda3/envs/project/lib/python3.8/site-packages/airflow/example_dags/example_sensor_decorator.py
[2024-10-08T08:21:08.302+0000] {processor.py:914} INFO - Processing file /root/miniconda3/envs/project/lib/python3.8/site-packages/airflow/example_dags/example_sensor_decorator.py for tasks to queue
[2024-10-08T08:21:08.305+0000] {logging_mixin.py:190} INFO - [2024-10-08T08:21:08.305+0000] {dagbag.py:588} INFO - Filling up the DagBag from /root/miniconda3/envs/project/lib/python3.8/site-packages/airflow/example_dags/example_sensor_decorator.py
[2024-10-08T08:21:08.319+0000] {processor.py:925} INFO - DAG(s) 'example_sensor_decorator' retrieved from /root/miniconda3/envs/project/lib/python3.8/site-packages/airflow/example_dags/example_sensor_decorator.py
[2024-10-08T08:21:08.343+0000] {logging_mixin.py:190} INFO - [2024-10-08T08:21:08.342+0000] {dag.py:3239} INFO - Sync 1 DAGs
[2024-10-08T08:21:08.361+0000] {logging_mixin.py:190} INFO - [2024-10-08T08:21:08.361+0000] {dag.py:4180} INFO - Setting next_dagrun for example_sensor_decorator to None, run_after=None
[2024-10-08T08:21:08.392+0000] {processor.py:208} INFO - Processing /root/miniconda3/envs/project/lib/python3.8/site-packages/airflow/example_dags/example_sensor_decorator.py took 0.105 seconds
[2024-10-08T08:22:19.646+0000] {processor.py:186} INFO - Started process (PID=212833) to work on /root/miniconda3/envs/project/lib/python3.8/site-packages/airflow/example_dags/example_sensor_decorator.py
[2024-10-08T08:22:19.649+0000] {processor.py:914} INFO - Processing file /root/miniconda3/envs/project/lib/python3.8/site-packages/airflow/example_dags/example_sensor_decorator.py for tasks to queue
[2024-10-08T08:22:19.653+0000] {logging_mixin.py:190} INFO - [2024-10-08T08:22:19.652+0000] {dagbag.py:588} INFO - Filling up the DagBag from /root/miniconda3/envs/project/lib/python3.8/site-packages/airflow/example_dags/example_sensor_decorator.py
[2024-10-08T08:22:19.665+0000] {processor.py:925} INFO - DAG(s) 'example_sensor_decorator' retrieved from /root/miniconda3/envs/project/lib/python3.8/site-packages/airflow/example_dags/example_sensor_decorator.py
[2024-10-08T08:22:19.688+0000] {logging_mixin.py:190} INFO - [2024-10-08T08:22:19.687+0000] {dag.py:3239} INFO - Sync 1 DAGs
[2024-10-08T08:22:19.707+0000] {logging_mixin.py:190} INFO - [2024-10-08T08:22:19.706+0000] {dag.py:4180} INFO - Setting next_dagrun for example_sensor_decorator to None, run_after=None
[2024-10-08T08:22:19.740+0000] {processor.py:208} INFO - Processing /root/miniconda3/envs/project/lib/python3.8/site-packages/airflow/example_dags/example_sensor_decorator.py took 0.105 seconds
[2024-10-08T08:23:26.607+0000] {processor.py:186} INFO - Started process (PID=213078) to work on /root/miniconda3/envs/project/lib/python3.8/site-packages/airflow/example_dags/example_sensor_decorator.py
[2024-10-08T08:23:26.610+0000] {processor.py:914} INFO - Processing file /root/miniconda3/envs/project/lib/python3.8/site-packages/airflow/example_dags/example_sensor_decorator.py for tasks to queue
[2024-10-08T08:23:26.613+0000] {logging_mixin.py:190} INFO - [2024-10-08T08:23:26.613+0000] {dagbag.py:588} INFO - Filling up the DagBag from /root/miniconda3/envs/project/lib/python3.8/site-packages/airflow/example_dags/example_sensor_decorator.py
[2024-10-08T08:23:26.625+0000] {processor.py:925} INFO - DAG(s) 'example_sensor_decorator' retrieved from /root/miniconda3/envs/project/lib/python3.8/site-packages/airflow/example_dags/example_sensor_decorator.py
[2024-10-08T08:23:26.648+0000] {logging_mixin.py:190} INFO - [2024-10-08T08:23:26.648+0000] {dag.py:3239} INFO - Sync 1 DAGs
[2024-10-08T08:23:26.666+0000] {logging_mixin.py:190} INFO - [2024-10-08T08:23:26.666+0000] {dag.py:4180} INFO - Setting next_dagrun for example_sensor_decorator to None, run_after=None
[2024-10-08T08:23:26.698+0000] {processor.py:208} INFO - Processing /root/miniconda3/envs/project/lib/python3.8/site-packages/airflow/example_dags/example_sensor_decorator.py took 0.101 seconds
[2024-10-08T08:24:30.904+0000] {processor.py:186} INFO - Started process (PID=213283) to work on /root/miniconda3/envs/project/lib/python3.8/site-packages/airflow/example_dags/example_sensor_decorator.py
[2024-10-08T08:24:30.907+0000] {processor.py:914} INFO - Processing file /root/miniconda3/envs/project/lib/python3.8/site-packages/airflow/example_dags/example_sensor_decorator.py for tasks to queue
[2024-10-08T08:24:30.912+0000] {logging_mixin.py:190} INFO - [2024-10-08T08:24:30.911+0000] {dagbag.py:588} INFO - Filling up the DagBag from /root/miniconda3/envs/project/lib/python3.8/site-packages/airflow/example_dags/example_sensor_decorator.py
[2024-10-08T08:24:30.927+0000] {processor.py:925} INFO - DAG(s) 'example_sensor_decorator' retrieved from /root/miniconda3/envs/project/lib/python3.8/site-packages/airflow/example_dags/example_sensor_decorator.py
[2024-10-08T08:24:30.950+0000] {logging_mixin.py:190} INFO - [2024-10-08T08:24:30.950+0000] {dag.py:3239} INFO - Sync 1 DAGs
[2024-10-08T08:24:30.968+0000] {logging_mixin.py:190} INFO - [2024-10-08T08:24:30.968+0000] {dag.py:4180} INFO - Setting next_dagrun for example_sensor_decorator to None, run_after=None
[2024-10-08T08:24:31.002+0000] {processor.py:208} INFO - Processing /root/miniconda3/envs/project/lib/python3.8/site-packages/airflow/example_dags/example_sensor_decorator.py took 0.110 seconds
[2024-10-08T08:37:20.828+0000] {processor.py:186} INFO - Started process (PID=215029) to work on /root/miniconda3/envs/project/lib/python3.8/site-packages/airflow/example_dags/example_sensor_decorator.py
[2024-10-08T08:37:20.832+0000] {processor.py:914} INFO - Processing file /root/miniconda3/envs/project/lib/python3.8/site-packages/airflow/example_dags/example_sensor_decorator.py for tasks to queue
[2024-10-08T08:37:20.836+0000] {logging_mixin.py:190} INFO - [2024-10-08T08:37:20.835+0000] {dagbag.py:588} INFO - Filling up the DagBag from /root/miniconda3/envs/project/lib/python3.8/site-packages/airflow/example_dags/example_sensor_decorator.py
[2024-10-08T08:37:20.848+0000] {processor.py:925} INFO - DAG(s) 'example_sensor_decorator' retrieved from /root/miniconda3/envs/project/lib/python3.8/site-packages/airflow/example_dags/example_sensor_decorator.py
[2024-10-08T08:37:20.873+0000] {logging_mixin.py:190} INFO - [2024-10-08T08:37:20.873+0000] {dag.py:3239} INFO - Sync 1 DAGs
[2024-10-08T08:37:20.894+0000] {logging_mixin.py:190} INFO - [2024-10-08T08:37:20.894+0000] {dag.py:4180} INFO - Setting next_dagrun for example_sensor_decorator to None, run_after=None
[2024-10-08T08:37:20.928+0000] {processor.py:208} INFO - Processing /root/miniconda3/envs/project/lib/python3.8/site-packages/airflow/example_dags/example_sensor_decorator.py took 0.111 seconds
[2024-10-08T08:38:32.612+0000] {processor.py:186} INFO - Started process (PID=215378) to work on /root/miniconda3/envs/project/lib/python3.8/site-packages/airflow/example_dags/example_sensor_decorator.py
[2024-10-08T08:38:32.614+0000] {processor.py:914} INFO - Processing file /root/miniconda3/envs/project/lib/python3.8/site-packages/airflow/example_dags/example_sensor_decorator.py for tasks to queue
[2024-10-08T08:38:32.617+0000] {logging_mixin.py:190} INFO - [2024-10-08T08:38:32.617+0000] {dagbag.py:588} INFO - Filling up the DagBag from /root/miniconda3/envs/project/lib/python3.8/site-packages/airflow/example_dags/example_sensor_decorator.py
[2024-10-08T08:38:32.630+0000] {processor.py:925} INFO - DAG(s) 'example_sensor_decorator' retrieved from /root/miniconda3/envs/project/lib/python3.8/site-packages/airflow/example_dags/example_sensor_decorator.py
[2024-10-08T08:38:32.652+0000] {logging_mixin.py:190} INFO - [2024-10-08T08:38:32.652+0000] {dag.py:3239} INFO - Sync 1 DAGs
[2024-10-08T08:38:32.670+0000] {logging_mixin.py:190} INFO - [2024-10-08T08:38:32.670+0000] {dag.py:4180} INFO - Setting next_dagrun for example_sensor_decorator to None, run_after=None
[2024-10-08T08:38:32.702+0000] {processor.py:208} INFO - Processing /root/miniconda3/envs/project/lib/python3.8/site-packages/airflow/example_dags/example_sensor_decorator.py took 0.100 seconds
[2024-10-08T08:39:45.135+0000] {processor.py:186} INFO - Started process (PID=215725) to work on /root/miniconda3/envs/project/lib/python3.8/site-packages/airflow/example_dags/example_sensor_decorator.py
[2024-10-08T08:39:45.138+0000] {processor.py:914} INFO - Processing file /root/miniconda3/envs/project/lib/python3.8/site-packages/airflow/example_dags/example_sensor_decorator.py for tasks to queue
[2024-10-08T08:39:45.141+0000] {logging_mixin.py:190} INFO - [2024-10-08T08:39:45.140+0000] {dagbag.py:588} INFO - Filling up the DagBag from /root/miniconda3/envs/project/lib/python3.8/site-packages/airflow/example_dags/example_sensor_decorator.py
[2024-10-08T08:39:45.153+0000] {processor.py:925} INFO - DAG(s) 'example_sensor_decorator' retrieved from /root/miniconda3/envs/project/lib/python3.8/site-packages/airflow/example_dags/example_sensor_decorator.py
[2024-10-08T08:39:45.177+0000] {logging_mixin.py:190} INFO - [2024-10-08T08:39:45.176+0000] {dag.py:3239} INFO - Sync 1 DAGs
[2024-10-08T08:39:45.195+0000] {logging_mixin.py:190} INFO - [2024-10-08T08:39:45.194+0000] {dag.py:4180} INFO - Setting next_dagrun for example_sensor_decorator to None, run_after=None
[2024-10-08T08:39:45.229+0000] {processor.py:208} INFO - Processing /root/miniconda3/envs/project/lib/python3.8/site-packages/airflow/example_dags/example_sensor_decorator.py took 0.106 seconds
[2024-10-08T08:40:53.817+0000] {processor.py:186} INFO - Started process (PID=216072) to work on /root/miniconda3/envs/project/lib/python3.8/site-packages/airflow/example_dags/example_sensor_decorator.py
[2024-10-08T08:40:53.820+0000] {processor.py:914} INFO - Processing file /root/miniconda3/envs/project/lib/python3.8/site-packages/airflow/example_dags/example_sensor_decorator.py for tasks to queue
[2024-10-08T08:40:53.824+0000] {logging_mixin.py:190} INFO - [2024-10-08T08:40:53.823+0000] {dagbag.py:588} INFO - Filling up the DagBag from /root/miniconda3/envs/project/lib/python3.8/site-packages/airflow/example_dags/example_sensor_decorator.py
[2024-10-08T08:40:53.837+0000] {processor.py:925} INFO - DAG(s) 'example_sensor_decorator' retrieved from /root/miniconda3/envs/project/lib/python3.8/site-packages/airflow/example_dags/example_sensor_decorator.py
[2024-10-08T08:40:53.862+0000] {logging_mixin.py:190} INFO - [2024-10-08T08:40:53.862+0000] {dag.py:3239} INFO - Sync 1 DAGs
[2024-10-08T08:40:53.880+0000] {logging_mixin.py:190} INFO - [2024-10-08T08:40:53.880+0000] {dag.py:4180} INFO - Setting next_dagrun for example_sensor_decorator to None, run_after=None
[2024-10-08T08:40:53.914+0000] {processor.py:208} INFO - Processing /root/miniconda3/envs/project/lib/python3.8/site-packages/airflow/example_dags/example_sensor_decorator.py took 0.108 seconds
[2024-10-08T08:42:00.820+0000] {processor.py:186} INFO - Started process (PID=216530) to work on /root/miniconda3/envs/project/lib/python3.8/site-packages/airflow/example_dags/example_sensor_decorator.py
[2024-10-08T08:42:00.823+0000] {processor.py:914} INFO - Processing file /root/miniconda3/envs/project/lib/python3.8/site-packages/airflow/example_dags/example_sensor_decorator.py for tasks to queue
[2024-10-08T08:42:00.826+0000] {logging_mixin.py:190} INFO - [2024-10-08T08:42:00.826+0000] {dagbag.py:588} INFO - Filling up the DagBag from /root/miniconda3/envs/project/lib/python3.8/site-packages/airflow/example_dags/example_sensor_decorator.py
[2024-10-08T08:42:00.838+0000] {processor.py:925} INFO - DAG(s) 'example_sensor_decorator' retrieved from /root/miniconda3/envs/project/lib/python3.8/site-packages/airflow/example_dags/example_sensor_decorator.py
[2024-10-08T08:42:00.861+0000] {logging_mixin.py:190} INFO - [2024-10-08T08:42:00.861+0000] {dag.py:3239} INFO - Sync 1 DAGs
[2024-10-08T08:42:00.880+0000] {logging_mixin.py:190} INFO - [2024-10-08T08:42:00.879+0000] {dag.py:4180} INFO - Setting next_dagrun for example_sensor_decorator to None, run_after=None
[2024-10-08T08:42:00.917+0000] {processor.py:208} INFO - Processing /root/miniconda3/envs/project/lib/python3.8/site-packages/airflow/example_dags/example_sensor_decorator.py took 0.108 seconds
[2024-10-08T08:43:07.627+0000] {processor.py:186} INFO - Started process (PID=216749) to work on /root/miniconda3/envs/project/lib/python3.8/site-packages/airflow/example_dags/example_sensor_decorator.py
[2024-10-08T08:43:07.630+0000] {processor.py:914} INFO - Processing file /root/miniconda3/envs/project/lib/python3.8/site-packages/airflow/example_dags/example_sensor_decorator.py for tasks to queue
[2024-10-08T08:43:07.633+0000] {logging_mixin.py:190} INFO - [2024-10-08T08:43:07.633+0000] {dagbag.py:588} INFO - Filling up the DagBag from /root/miniconda3/envs/project/lib/python3.8/site-packages/airflow/example_dags/example_sensor_decorator.py
[2024-10-08T08:43:07.646+0000] {processor.py:925} INFO - DAG(s) 'example_sensor_decorator' retrieved from /root/miniconda3/envs/project/lib/python3.8/site-packages/airflow/example_dags/example_sensor_decorator.py
[2024-10-08T08:43:07.669+0000] {logging_mixin.py:190} INFO - [2024-10-08T08:43:07.669+0000] {dag.py:3239} INFO - Sync 1 DAGs
[2024-10-08T08:43:07.687+0000] {logging_mixin.py:190} INFO - [2024-10-08T08:43:07.687+0000] {dag.py:4180} INFO - Setting next_dagrun for example_sensor_decorator to None, run_after=None
[2024-10-08T08:43:07.717+0000] {processor.py:208} INFO - Processing /root/miniconda3/envs/project/lib/python3.8/site-packages/airflow/example_dags/example_sensor_decorator.py took 0.102 seconds
[2024-10-08T08:44:15.319+0000] {processor.py:186} INFO - Started process (PID=216970) to work on /root/miniconda3/envs/project/lib/python3.8/site-packages/airflow/example_dags/example_sensor_decorator.py
[2024-10-08T08:44:15.322+0000] {processor.py:914} INFO - Processing file /root/miniconda3/envs/project/lib/python3.8/site-packages/airflow/example_dags/example_sensor_decorator.py for tasks to queue
[2024-10-08T08:44:15.325+0000] {logging_mixin.py:190} INFO - [2024-10-08T08:44:15.325+0000] {dagbag.py:588} INFO - Filling up the DagBag from /root/miniconda3/envs/project/lib/python3.8/site-packages/airflow/example_dags/example_sensor_decorator.py
[2024-10-08T08:44:15.338+0000] {processor.py:925} INFO - DAG(s) 'example_sensor_decorator' retrieved from /root/miniconda3/envs/project/lib/python3.8/site-packages/airflow/example_dags/example_sensor_decorator.py
[2024-10-08T08:44:15.360+0000] {logging_mixin.py:190} INFO - [2024-10-08T08:44:15.360+0000] {dag.py:3239} INFO - Sync 1 DAGs
[2024-10-08T08:44:15.378+0000] {logging_mixin.py:190} INFO - [2024-10-08T08:44:15.378+0000] {dag.py:4180} INFO - Setting next_dagrun for example_sensor_decorator to None, run_after=None
[2024-10-08T08:44:15.412+0000] {processor.py:208} INFO - Processing /root/miniconda3/envs/project/lib/python3.8/site-packages/airflow/example_dags/example_sensor_decorator.py took 0.103 seconds
[2024-10-08T08:45:31.247+0000] {processor.py:186} INFO - Started process (PID=217202) to work on /root/miniconda3/envs/project/lib/python3.8/site-packages/airflow/example_dags/example_sensor_decorator.py
[2024-10-08T08:45:31.250+0000] {processor.py:914} INFO - Processing file /root/miniconda3/envs/project/lib/python3.8/site-packages/airflow/example_dags/example_sensor_decorator.py for tasks to queue
[2024-10-08T08:45:31.253+0000] {logging_mixin.py:190} INFO - [2024-10-08T08:45:31.253+0000] {dagbag.py:588} INFO - Filling up the DagBag from /root/miniconda3/envs/project/lib/python3.8/site-packages/airflow/example_dags/example_sensor_decorator.py
[2024-10-08T08:45:31.267+0000] {processor.py:925} INFO - DAG(s) 'example_sensor_decorator' retrieved from /root/miniconda3/envs/project/lib/python3.8/site-packages/airflow/example_dags/example_sensor_decorator.py
[2024-10-08T08:45:31.290+0000] {logging_mixin.py:190} INFO - [2024-10-08T08:45:31.290+0000] {dag.py:3239} INFO - Sync 1 DAGs
[2024-10-08T08:45:31.308+0000] {logging_mixin.py:190} INFO - [2024-10-08T08:45:31.308+0000] {dag.py:4180} INFO - Setting next_dagrun for example_sensor_decorator to None, run_after=None
[2024-10-08T08:45:31.339+0000] {processor.py:208} INFO - Processing /root/miniconda3/envs/project/lib/python3.8/site-packages/airflow/example_dags/example_sensor_decorator.py took 0.103 seconds
[2024-10-08T08:46:42.344+0000] {processor.py:186} INFO - Started process (PID=217489) to work on /root/miniconda3/envs/project/lib/python3.8/site-packages/airflow/example_dags/example_sensor_decorator.py
[2024-10-08T08:46:42.347+0000] {processor.py:914} INFO - Processing file /root/miniconda3/envs/project/lib/python3.8/site-packages/airflow/example_dags/example_sensor_decorator.py for tasks to queue
[2024-10-08T08:46:42.350+0000] {logging_mixin.py:190} INFO - [2024-10-08T08:46:42.349+0000] {dagbag.py:588} INFO - Filling up the DagBag from /root/miniconda3/envs/project/lib/python3.8/site-packages/airflow/example_dags/example_sensor_decorator.py
[2024-10-08T08:46:42.361+0000] {processor.py:925} INFO - DAG(s) 'example_sensor_decorator' retrieved from /root/miniconda3/envs/project/lib/python3.8/site-packages/airflow/example_dags/example_sensor_decorator.py
[2024-10-08T08:46:42.384+0000] {logging_mixin.py:190} INFO - [2024-10-08T08:46:42.383+0000] {dag.py:3239} INFO - Sync 1 DAGs
[2024-10-08T08:46:42.401+0000] {logging_mixin.py:190} INFO - [2024-10-08T08:46:42.401+0000] {dag.py:4180} INFO - Setting next_dagrun for example_sensor_decorator to None, run_after=None
[2024-10-08T08:46:42.433+0000] {processor.py:208} INFO - Processing /root/miniconda3/envs/project/lib/python3.8/site-packages/airflow/example_dags/example_sensor_decorator.py took 0.102 seconds
[2024-10-08T08:47:53.469+0000] {processor.py:186} INFO - Started process (PID=217910) to work on /root/miniconda3/envs/project/lib/python3.8/site-packages/airflow/example_dags/example_sensor_decorator.py
[2024-10-08T08:47:53.472+0000] {processor.py:914} INFO - Processing file /root/miniconda3/envs/project/lib/python3.8/site-packages/airflow/example_dags/example_sensor_decorator.py for tasks to queue
[2024-10-08T08:47:53.475+0000] {logging_mixin.py:190} INFO - [2024-10-08T08:47:53.475+0000] {dagbag.py:588} INFO - Filling up the DagBag from /root/miniconda3/envs/project/lib/python3.8/site-packages/airflow/example_dags/example_sensor_decorator.py
[2024-10-08T08:47:53.488+0000] {processor.py:925} INFO - DAG(s) 'example_sensor_decorator' retrieved from /root/miniconda3/envs/project/lib/python3.8/site-packages/airflow/example_dags/example_sensor_decorator.py
[2024-10-08T08:47:53.511+0000] {logging_mixin.py:190} INFO - [2024-10-08T08:47:53.511+0000] {dag.py:3239} INFO - Sync 1 DAGs
[2024-10-08T08:47:53.530+0000] {logging_mixin.py:190} INFO - [2024-10-08T08:47:53.530+0000] {dag.py:4180} INFO - Setting next_dagrun for example_sensor_decorator to None, run_after=None
[2024-10-08T08:47:53.565+0000] {processor.py:208} INFO - Processing /root/miniconda3/envs/project/lib/python3.8/site-packages/airflow/example_dags/example_sensor_decorator.py took 0.107 seconds
[2024-10-08T08:49:05.516+0000] {processor.py:186} INFO - Started process (PID=218134) to work on /root/miniconda3/envs/project/lib/python3.8/site-packages/airflow/example_dags/example_sensor_decorator.py
[2024-10-08T08:49:05.519+0000] {processor.py:914} INFO - Processing file /root/miniconda3/envs/project/lib/python3.8/site-packages/airflow/example_dags/example_sensor_decorator.py for tasks to queue
[2024-10-08T08:49:05.522+0000] {logging_mixin.py:190} INFO - [2024-10-08T08:49:05.522+0000] {dagbag.py:588} INFO - Filling up the DagBag from /root/miniconda3/envs/project/lib/python3.8/site-packages/airflow/example_dags/example_sensor_decorator.py
[2024-10-08T08:49:05.535+0000] {processor.py:925} INFO - DAG(s) 'example_sensor_decorator' retrieved from /root/miniconda3/envs/project/lib/python3.8/site-packages/airflow/example_dags/example_sensor_decorator.py
[2024-10-08T08:49:05.558+0000] {logging_mixin.py:190} INFO - [2024-10-08T08:49:05.558+0000] {dag.py:3239} INFO - Sync 1 DAGs
[2024-10-08T08:49:05.576+0000] {logging_mixin.py:190} INFO - [2024-10-08T08:49:05.576+0000] {dag.py:4180} INFO - Setting next_dagrun for example_sensor_decorator to None, run_after=None
[2024-10-08T08:49:05.608+0000] {processor.py:208} INFO - Processing /root/miniconda3/envs/project/lib/python3.8/site-packages/airflow/example_dags/example_sensor_decorator.py took 0.103 seconds
[2024-10-08T08:50:17.100+0000] {processor.py:186} INFO - Started process (PID=218363) to work on /root/miniconda3/envs/project/lib/python3.8/site-packages/airflow/example_dags/example_sensor_decorator.py
[2024-10-08T08:50:17.102+0000] {processor.py:914} INFO - Processing file /root/miniconda3/envs/project/lib/python3.8/site-packages/airflow/example_dags/example_sensor_decorator.py for tasks to queue
[2024-10-08T08:50:17.106+0000] {logging_mixin.py:190} INFO - [2024-10-08T08:50:17.105+0000] {dagbag.py:588} INFO - Filling up the DagBag from /root/miniconda3/envs/project/lib/python3.8/site-packages/airflow/example_dags/example_sensor_decorator.py
[2024-10-08T08:50:17.118+0000] {processor.py:925} INFO - DAG(s) 'example_sensor_decorator' retrieved from /root/miniconda3/envs/project/lib/python3.8/site-packages/airflow/example_dags/example_sensor_decorator.py
[2024-10-08T08:50:17.141+0000] {logging_mixin.py:190} INFO - [2024-10-08T08:50:17.141+0000] {dag.py:3239} INFO - Sync 1 DAGs
[2024-10-08T08:50:17.160+0000] {logging_mixin.py:190} INFO - [2024-10-08T08:50:17.160+0000] {dag.py:4180} INFO - Setting next_dagrun for example_sensor_decorator to None, run_after=None
[2024-10-08T08:50:17.192+0000] {processor.py:208} INFO - Processing /root/miniconda3/envs/project/lib/python3.8/site-packages/airflow/example_dags/example_sensor_decorator.py took 0.103 seconds
[2024-10-08T09:05:27.163+0000] {processor.py:186} INFO - Started process (PID=220033) to work on /root/miniconda3/envs/project/lib/python3.8/site-packages/airflow/example_dags/example_sensor_decorator.py
[2024-10-08T09:05:27.166+0000] {processor.py:914} INFO - Processing file /root/miniconda3/envs/project/lib/python3.8/site-packages/airflow/example_dags/example_sensor_decorator.py for tasks to queue
[2024-10-08T09:05:27.170+0000] {logging_mixin.py:190} INFO - [2024-10-08T09:05:27.169+0000] {dagbag.py:588} INFO - Filling up the DagBag from /root/miniconda3/envs/project/lib/python3.8/site-packages/airflow/example_dags/example_sensor_decorator.py
[2024-10-08T09:05:27.182+0000] {processor.py:925} INFO - DAG(s) 'example_sensor_decorator' retrieved from /root/miniconda3/envs/project/lib/python3.8/site-packages/airflow/example_dags/example_sensor_decorator.py
[2024-10-08T09:05:27.209+0000] {logging_mixin.py:190} INFO - [2024-10-08T09:05:27.209+0000] {dag.py:3239} INFO - Sync 1 DAGs
[2024-10-08T09:05:27.229+0000] {logging_mixin.py:190} INFO - [2024-10-08T09:05:27.229+0000] {dag.py:4180} INFO - Setting next_dagrun for example_sensor_decorator to None, run_after=None
[2024-10-08T09:05:27.263+0000] {processor.py:208} INFO - Processing /root/miniconda3/envs/project/lib/python3.8/site-packages/airflow/example_dags/example_sensor_decorator.py took 0.112 seconds
[2024-10-08T09:08:59.479+0000] {processor.py:186} INFO - Started process (PID=220819) to work on /root/miniconda3/envs/project/lib/python3.8/site-packages/airflow/example_dags/example_sensor_decorator.py
[2024-10-08T09:08:59.482+0000] {processor.py:914} INFO - Processing file /root/miniconda3/envs/project/lib/python3.8/site-packages/airflow/example_dags/example_sensor_decorator.py for tasks to queue
[2024-10-08T09:08:59.486+0000] {logging_mixin.py:190} INFO - [2024-10-08T09:08:59.485+0000] {dagbag.py:588} INFO - Filling up the DagBag from /root/miniconda3/envs/project/lib/python3.8/site-packages/airflow/example_dags/example_sensor_decorator.py
[2024-10-08T09:08:59.498+0000] {processor.py:925} INFO - DAG(s) 'example_sensor_decorator' retrieved from /root/miniconda3/envs/project/lib/python3.8/site-packages/airflow/example_dags/example_sensor_decorator.py
[2024-10-08T09:08:59.523+0000] {logging_mixin.py:190} INFO - [2024-10-08T09:08:59.523+0000] {dag.py:3239} INFO - Sync 1 DAGs
[2024-10-08T09:08:59.543+0000] {logging_mixin.py:190} INFO - [2024-10-08T09:08:59.543+0000] {dag.py:4180} INFO - Setting next_dagrun for example_sensor_decorator to None, run_after=None
[2024-10-08T09:08:59.575+0000] {processor.py:208} INFO - Processing /root/miniconda3/envs/project/lib/python3.8/site-packages/airflow/example_dags/example_sensor_decorator.py took 0.108 seconds
[2024-10-08T09:10:27.796+0000] {processor.py:186} INFO - Started process (PID=221536) to work on /root/miniconda3/envs/project/lib/python3.8/site-packages/airflow/example_dags/example_sensor_decorator.py
[2024-10-08T09:10:27.799+0000] {processor.py:914} INFO - Processing file /root/miniconda3/envs/project/lib/python3.8/site-packages/airflow/example_dags/example_sensor_decorator.py for tasks to queue
[2024-10-08T09:10:27.803+0000] {logging_mixin.py:190} INFO - [2024-10-08T09:10:27.802+0000] {dagbag.py:588} INFO - Filling up the DagBag from /root/miniconda3/envs/project/lib/python3.8/site-packages/airflow/example_dags/example_sensor_decorator.py
[2024-10-08T09:10:27.816+0000] {processor.py:925} INFO - DAG(s) 'example_sensor_decorator' retrieved from /root/miniconda3/envs/project/lib/python3.8/site-packages/airflow/example_dags/example_sensor_decorator.py
[2024-10-08T09:10:27.841+0000] {logging_mixin.py:190} INFO - [2024-10-08T09:10:27.841+0000] {dag.py:3239} INFO - Sync 1 DAGs
[2024-10-08T09:10:27.861+0000] {logging_mixin.py:190} INFO - [2024-10-08T09:10:27.861+0000] {dag.py:4180} INFO - Setting next_dagrun for example_sensor_decorator to None, run_after=None
[2024-10-08T09:10:27.894+0000] {processor.py:208} INFO - Processing /root/miniconda3/envs/project/lib/python3.8/site-packages/airflow/example_dags/example_sensor_decorator.py took 0.107 seconds
[2024-10-08T09:11:39.876+0000] {processor.py:186} INFO - Started process (PID=221766) to work on /root/miniconda3/envs/project/lib/python3.8/site-packages/airflow/example_dags/example_sensor_decorator.py
[2024-10-08T09:11:39.879+0000] {processor.py:914} INFO - Processing file /root/miniconda3/envs/project/lib/python3.8/site-packages/airflow/example_dags/example_sensor_decorator.py for tasks to queue
[2024-10-08T09:11:39.883+0000] {logging_mixin.py:190} INFO - [2024-10-08T09:11:39.882+0000] {dagbag.py:588} INFO - Filling up the DagBag from /root/miniconda3/envs/project/lib/python3.8/site-packages/airflow/example_dags/example_sensor_decorator.py
[2024-10-08T09:11:39.896+0000] {processor.py:925} INFO - DAG(s) 'example_sensor_decorator' retrieved from /root/miniconda3/envs/project/lib/python3.8/site-packages/airflow/example_dags/example_sensor_decorator.py
[2024-10-08T09:11:39.920+0000] {logging_mixin.py:190} INFO - [2024-10-08T09:11:39.919+0000] {dag.py:3239} INFO - Sync 1 DAGs
[2024-10-08T09:11:39.938+0000] {logging_mixin.py:190} INFO - [2024-10-08T09:11:39.937+0000] {dag.py:4180} INFO - Setting next_dagrun for example_sensor_decorator to None, run_after=None
[2024-10-08T09:11:39.969+0000] {processor.py:208} INFO - Processing /root/miniconda3/envs/project/lib/python3.8/site-packages/airflow/example_dags/example_sensor_decorator.py took 0.104 seconds
[2024-10-08T09:12:41.872+0000] {processor.py:186} INFO - Started process (PID=222090) to work on /root/miniconda3/envs/project/lib/python3.8/site-packages/airflow/example_dags/example_sensor_decorator.py
[2024-10-08T09:12:41.875+0000] {processor.py:914} INFO - Processing file /root/miniconda3/envs/project/lib/python3.8/site-packages/airflow/example_dags/example_sensor_decorator.py for tasks to queue
[2024-10-08T09:12:41.878+0000] {logging_mixin.py:190} INFO - [2024-10-08T09:12:41.878+0000] {dagbag.py:588} INFO - Filling up the DagBag from /root/miniconda3/envs/project/lib/python3.8/site-packages/airflow/example_dags/example_sensor_decorator.py
[2024-10-08T09:12:41.891+0000] {processor.py:925} INFO - DAG(s) 'example_sensor_decorator' retrieved from /root/miniconda3/envs/project/lib/python3.8/site-packages/airflow/example_dags/example_sensor_decorator.py
[2024-10-08T09:12:41.915+0000] {logging_mixin.py:190} INFO - [2024-10-08T09:12:41.915+0000] {dag.py:3239} INFO - Sync 1 DAGs
[2024-10-08T09:12:41.934+0000] {logging_mixin.py:190} INFO - [2024-10-08T09:12:41.934+0000] {dag.py:4180} INFO - Setting next_dagrun for example_sensor_decorator to None, run_after=None
[2024-10-08T09:12:41.964+0000] {processor.py:208} INFO - Processing /root/miniconda3/envs/project/lib/python3.8/site-packages/airflow/example_dags/example_sensor_decorator.py took 0.104 seconds
[2024-10-08T09:13:51.622+0000] {processor.py:186} INFO - Started process (PID=222499) to work on /root/miniconda3/envs/project/lib/python3.8/site-packages/airflow/example_dags/example_sensor_decorator.py
[2024-10-08T09:13:51.626+0000] {processor.py:914} INFO - Processing file /root/miniconda3/envs/project/lib/python3.8/site-packages/airflow/example_dags/example_sensor_decorator.py for tasks to queue
[2024-10-08T09:13:51.629+0000] {logging_mixin.py:190} INFO - [2024-10-08T09:13:51.629+0000] {dagbag.py:588} INFO - Filling up the DagBag from /root/miniconda3/envs/project/lib/python3.8/site-packages/airflow/example_dags/example_sensor_decorator.py
[2024-10-08T09:13:51.644+0000] {processor.py:925} INFO - DAG(s) 'example_sensor_decorator' retrieved from /root/miniconda3/envs/project/lib/python3.8/site-packages/airflow/example_dags/example_sensor_decorator.py
[2024-10-08T09:13:51.669+0000] {logging_mixin.py:190} INFO - [2024-10-08T09:13:51.668+0000] {dag.py:3239} INFO - Sync 1 DAGs
[2024-10-08T09:13:51.688+0000] {logging_mixin.py:190} INFO - [2024-10-08T09:13:51.688+0000] {dag.py:4180} INFO - Setting next_dagrun for example_sensor_decorator to None, run_after=None
[2024-10-08T09:13:51.720+0000] {processor.py:208} INFO - Processing /root/miniconda3/envs/project/lib/python3.8/site-packages/airflow/example_dags/example_sensor_decorator.py took 0.111 seconds
[2024-10-08T09:14:53.746+0000] {processor.py:186} INFO - Started process (PID=222762) to work on /root/miniconda3/envs/project/lib/python3.8/site-packages/airflow/example_dags/example_sensor_decorator.py
[2024-10-08T09:14:53.749+0000] {processor.py:914} INFO - Processing file /root/miniconda3/envs/project/lib/python3.8/site-packages/airflow/example_dags/example_sensor_decorator.py for tasks to queue
[2024-10-08T09:14:53.752+0000] {logging_mixin.py:190} INFO - [2024-10-08T09:14:53.752+0000] {dagbag.py:588} INFO - Filling up the DagBag from /root/miniconda3/envs/project/lib/python3.8/site-packages/airflow/example_dags/example_sensor_decorator.py
[2024-10-08T09:14:53.765+0000] {processor.py:925} INFO - DAG(s) 'example_sensor_decorator' retrieved from /root/miniconda3/envs/project/lib/python3.8/site-packages/airflow/example_dags/example_sensor_decorator.py
[2024-10-08T09:14:53.788+0000] {logging_mixin.py:190} INFO - [2024-10-08T09:14:53.788+0000] {dag.py:3239} INFO - Sync 1 DAGs
[2024-10-08T09:14:53.806+0000] {logging_mixin.py:190} INFO - [2024-10-08T09:14:53.806+0000] {dag.py:4180} INFO - Setting next_dagrun for example_sensor_decorator to None, run_after=None
[2024-10-08T09:14:53.839+0000] {processor.py:208} INFO - Processing /root/miniconda3/envs/project/lib/python3.8/site-packages/airflow/example_dags/example_sensor_decorator.py took 0.105 seconds
[2024-10-08T09:16:09.803+0000] {processor.py:186} INFO - Started process (PID=223000) to work on /root/miniconda3/envs/project/lib/python3.8/site-packages/airflow/example_dags/example_sensor_decorator.py
[2024-10-08T09:16:09.807+0000] {processor.py:914} INFO - Processing file /root/miniconda3/envs/project/lib/python3.8/site-packages/airflow/example_dags/example_sensor_decorator.py for tasks to queue
[2024-10-08T09:16:09.810+0000] {logging_mixin.py:190} INFO - [2024-10-08T09:16:09.810+0000] {dagbag.py:588} INFO - Filling up the DagBag from /root/miniconda3/envs/project/lib/python3.8/site-packages/airflow/example_dags/example_sensor_decorator.py
[2024-10-08T09:16:09.823+0000] {processor.py:925} INFO - DAG(s) 'example_sensor_decorator' retrieved from /root/miniconda3/envs/project/lib/python3.8/site-packages/airflow/example_dags/example_sensor_decorator.py
[2024-10-08T09:16:09.849+0000] {logging_mixin.py:190} INFO - [2024-10-08T09:16:09.848+0000] {dag.py:3239} INFO - Sync 1 DAGs
[2024-10-08T09:16:09.867+0000] {logging_mixin.py:190} INFO - [2024-10-08T09:16:09.867+0000] {dag.py:4180} INFO - Setting next_dagrun for example_sensor_decorator to None, run_after=None
[2024-10-08T09:16:09.903+0000] {processor.py:208} INFO - Processing /root/miniconda3/envs/project/lib/python3.8/site-packages/airflow/example_dags/example_sensor_decorator.py took 0.111 seconds
[2024-10-08T09:17:19.818+0000] {processor.py:186} INFO - Started process (PID=223231) to work on /root/miniconda3/envs/project/lib/python3.8/site-packages/airflow/example_dags/example_sensor_decorator.py
[2024-10-08T09:17:19.821+0000] {processor.py:914} INFO - Processing file /root/miniconda3/envs/project/lib/python3.8/site-packages/airflow/example_dags/example_sensor_decorator.py for tasks to queue
[2024-10-08T09:17:19.825+0000] {logging_mixin.py:190} INFO - [2024-10-08T09:17:19.824+0000] {dagbag.py:588} INFO - Filling up the DagBag from /root/miniconda3/envs/project/lib/python3.8/site-packages/airflow/example_dags/example_sensor_decorator.py
[2024-10-08T09:17:19.838+0000] {processor.py:925} INFO - DAG(s) 'example_sensor_decorator' retrieved from /root/miniconda3/envs/project/lib/python3.8/site-packages/airflow/example_dags/example_sensor_decorator.py
[2024-10-08T09:17:19.862+0000] {logging_mixin.py:190} INFO - [2024-10-08T09:17:19.861+0000] {dag.py:3239} INFO - Sync 1 DAGs
[2024-10-08T09:17:19.880+0000] {logging_mixin.py:190} INFO - [2024-10-08T09:17:19.880+0000] {dag.py:4180} INFO - Setting next_dagrun for example_sensor_decorator to None, run_after=None
[2024-10-08T09:17:19.912+0000] {processor.py:208} INFO - Processing /root/miniconda3/envs/project/lib/python3.8/site-packages/airflow/example_dags/example_sensor_decorator.py took 0.107 seconds
[2024-10-08T09:18:29.046+0000] {processor.py:186} INFO - Started process (PID=223459) to work on /root/miniconda3/envs/project/lib/python3.8/site-packages/airflow/example_dags/example_sensor_decorator.py
[2024-10-08T09:18:29.050+0000] {processor.py:914} INFO - Processing file /root/miniconda3/envs/project/lib/python3.8/site-packages/airflow/example_dags/example_sensor_decorator.py for tasks to queue
[2024-10-08T09:18:29.053+0000] {logging_mixin.py:190} INFO - [2024-10-08T09:18:29.053+0000] {dagbag.py:588} INFO - Filling up the DagBag from /root/miniconda3/envs/project/lib/python3.8/site-packages/airflow/example_dags/example_sensor_decorator.py
[2024-10-08T09:18:29.066+0000] {processor.py:925} INFO - DAG(s) 'example_sensor_decorator' retrieved from /root/miniconda3/envs/project/lib/python3.8/site-packages/airflow/example_dags/example_sensor_decorator.py
[2024-10-08T09:18:29.089+0000] {logging_mixin.py:190} INFO - [2024-10-08T09:18:29.089+0000] {dag.py:3239} INFO - Sync 1 DAGs
[2024-10-08T09:18:29.107+0000] {logging_mixin.py:190} INFO - [2024-10-08T09:18:29.107+0000] {dag.py:4180} INFO - Setting next_dagrun for example_sensor_decorator to None, run_after=None
[2024-10-08T09:18:29.139+0000] {processor.py:208} INFO - Processing /root/miniconda3/envs/project/lib/python3.8/site-packages/airflow/example_dags/example_sensor_decorator.py took 0.103 seconds
[2024-10-08T09:19:42.523+0000] {processor.py:186} INFO - Started process (PID=223690) to work on /root/miniconda3/envs/project/lib/python3.8/site-packages/airflow/example_dags/example_sensor_decorator.py
[2024-10-08T09:19:42.526+0000] {processor.py:914} INFO - Processing file /root/miniconda3/envs/project/lib/python3.8/site-packages/airflow/example_dags/example_sensor_decorator.py for tasks to queue
[2024-10-08T09:19:42.530+0000] {logging_mixin.py:190} INFO - [2024-10-08T09:19:42.529+0000] {dagbag.py:588} INFO - Filling up the DagBag from /root/miniconda3/envs/project/lib/python3.8/site-packages/airflow/example_dags/example_sensor_decorator.py
[2024-10-08T09:19:42.543+0000] {processor.py:925} INFO - DAG(s) 'example_sensor_decorator' retrieved from /root/miniconda3/envs/project/lib/python3.8/site-packages/airflow/example_dags/example_sensor_decorator.py
[2024-10-08T09:19:42.567+0000] {logging_mixin.py:190} INFO - [2024-10-08T09:19:42.567+0000] {dag.py:3239} INFO - Sync 1 DAGs
[2024-10-08T09:19:42.586+0000] {logging_mixin.py:190} INFO - [2024-10-08T09:19:42.586+0000] {dag.py:4180} INFO - Setting next_dagrun for example_sensor_decorator to None, run_after=None
[2024-10-08T09:19:42.620+0000] {processor.py:208} INFO - Processing /root/miniconda3/envs/project/lib/python3.8/site-packages/airflow/example_dags/example_sensor_decorator.py took 0.108 seconds
[2024-10-08T09:20:54.021+0000] {processor.py:186} INFO - Started process (PID=224041) to work on /root/miniconda3/envs/project/lib/python3.8/site-packages/airflow/example_dags/example_sensor_decorator.py
[2024-10-08T09:20:54.024+0000] {processor.py:914} INFO - Processing file /root/miniconda3/envs/project/lib/python3.8/site-packages/airflow/example_dags/example_sensor_decorator.py for tasks to queue
[2024-10-08T09:20:54.028+0000] {logging_mixin.py:190} INFO - [2024-10-08T09:20:54.027+0000] {dagbag.py:588} INFO - Filling up the DagBag from /root/miniconda3/envs/project/lib/python3.8/site-packages/airflow/example_dags/example_sensor_decorator.py
[2024-10-08T09:20:54.041+0000] {processor.py:925} INFO - DAG(s) 'example_sensor_decorator' retrieved from /root/miniconda3/envs/project/lib/python3.8/site-packages/airflow/example_dags/example_sensor_decorator.py
[2024-10-08T09:20:54.064+0000] {logging_mixin.py:190} INFO - [2024-10-08T09:20:54.063+0000] {dag.py:3239} INFO - Sync 1 DAGs
[2024-10-08T09:20:54.082+0000] {logging_mixin.py:190} INFO - [2024-10-08T09:20:54.082+0000] {dag.py:4180} INFO - Setting next_dagrun for example_sensor_decorator to None, run_after=None
[2024-10-08T09:20:54.115+0000] {processor.py:208} INFO - Processing /root/miniconda3/envs/project/lib/python3.8/site-packages/airflow/example_dags/example_sensor_decorator.py took 0.104 seconds
[2024-10-08T09:22:05.367+0000] {processor.py:186} INFO - Started process (PID=224271) to work on /root/miniconda3/envs/project/lib/python3.8/site-packages/airflow/example_dags/example_sensor_decorator.py
[2024-10-08T09:22:05.370+0000] {processor.py:914} INFO - Processing file /root/miniconda3/envs/project/lib/python3.8/site-packages/airflow/example_dags/example_sensor_decorator.py for tasks to queue
[2024-10-08T09:22:05.374+0000] {logging_mixin.py:190} INFO - [2024-10-08T09:22:05.373+0000] {dagbag.py:588} INFO - Filling up the DagBag from /root/miniconda3/envs/project/lib/python3.8/site-packages/airflow/example_dags/example_sensor_decorator.py
[2024-10-08T09:22:05.386+0000] {processor.py:925} INFO - DAG(s) 'example_sensor_decorator' retrieved from /root/miniconda3/envs/project/lib/python3.8/site-packages/airflow/example_dags/example_sensor_decorator.py
[2024-10-08T09:22:05.409+0000] {logging_mixin.py:190} INFO - [2024-10-08T09:22:05.409+0000] {dag.py:3239} INFO - Sync 1 DAGs
[2024-10-08T09:22:05.426+0000] {logging_mixin.py:190} INFO - [2024-10-08T09:22:05.426+0000] {dag.py:4180} INFO - Setting next_dagrun for example_sensor_decorator to None, run_after=None
[2024-10-08T09:22:05.459+0000] {processor.py:208} INFO - Processing /root/miniconda3/envs/project/lib/python3.8/site-packages/airflow/example_dags/example_sensor_decorator.py took 0.102 seconds
[2024-10-08T09:23:13.306+0000] {processor.py:186} INFO - Started process (PID=224486) to work on /root/miniconda3/envs/project/lib/python3.8/site-packages/airflow/example_dags/example_sensor_decorator.py
[2024-10-08T09:23:13.309+0000] {processor.py:914} INFO - Processing file /root/miniconda3/envs/project/lib/python3.8/site-packages/airflow/example_dags/example_sensor_decorator.py for tasks to queue
[2024-10-08T09:23:13.312+0000] {logging_mixin.py:190} INFO - [2024-10-08T09:23:13.312+0000] {dagbag.py:588} INFO - Filling up the DagBag from /root/miniconda3/envs/project/lib/python3.8/site-packages/airflow/example_dags/example_sensor_decorator.py
[2024-10-08T09:23:13.325+0000] {processor.py:925} INFO - DAG(s) 'example_sensor_decorator' retrieved from /root/miniconda3/envs/project/lib/python3.8/site-packages/airflow/example_dags/example_sensor_decorator.py
[2024-10-08T09:23:13.348+0000] {logging_mixin.py:190} INFO - [2024-10-08T09:23:13.348+0000] {dag.py:3239} INFO - Sync 1 DAGs
[2024-10-08T09:23:13.366+0000] {logging_mixin.py:190} INFO - [2024-10-08T09:23:13.366+0000] {dag.py:4180} INFO - Setting next_dagrun for example_sensor_decorator to None, run_after=None
[2024-10-08T09:23:13.399+0000] {processor.py:208} INFO - Processing /root/miniconda3/envs/project/lib/python3.8/site-packages/airflow/example_dags/example_sensor_decorator.py took 0.103 seconds
[2024-10-08T09:24:25.903+0000] {processor.py:186} INFO - Started process (PID=224693) to work on /root/miniconda3/envs/project/lib/python3.8/site-packages/airflow/example_dags/example_sensor_decorator.py
[2024-10-08T09:24:25.905+0000] {processor.py:914} INFO - Processing file /root/miniconda3/envs/project/lib/python3.8/site-packages/airflow/example_dags/example_sensor_decorator.py for tasks to queue
[2024-10-08T09:24:25.909+0000] {logging_mixin.py:190} INFO - [2024-10-08T09:24:25.908+0000] {dagbag.py:588} INFO - Filling up the DagBag from /root/miniconda3/envs/project/lib/python3.8/site-packages/airflow/example_dags/example_sensor_decorator.py
[2024-10-08T09:24:25.921+0000] {processor.py:925} INFO - DAG(s) 'example_sensor_decorator' retrieved from /root/miniconda3/envs/project/lib/python3.8/site-packages/airflow/example_dags/example_sensor_decorator.py
[2024-10-08T09:24:25.944+0000] {logging_mixin.py:190} INFO - [2024-10-08T09:24:25.944+0000] {dag.py:3239} INFO - Sync 1 DAGs
[2024-10-08T09:24:25.963+0000] {logging_mixin.py:190} INFO - [2024-10-08T09:24:25.963+0000] {dag.py:4180} INFO - Setting next_dagrun for example_sensor_decorator to None, run_after=None
[2024-10-08T09:24:25.999+0000] {processor.py:208} INFO - Processing /root/miniconda3/envs/project/lib/python3.8/site-packages/airflow/example_dags/example_sensor_decorator.py took 0.108 seconds
[2024-10-08T09:25:35.439+0000] {processor.py:186} INFO - Started process (PID=225458) to work on /root/miniconda3/envs/project/lib/python3.8/site-packages/airflow/example_dags/example_sensor_decorator.py
[2024-10-08T09:25:35.443+0000] {processor.py:914} INFO - Processing file /root/miniconda3/envs/project/lib/python3.8/site-packages/airflow/example_dags/example_sensor_decorator.py for tasks to queue
[2024-10-08T09:25:35.447+0000] {logging_mixin.py:190} INFO - [2024-10-08T09:25:35.446+0000] {dagbag.py:588} INFO - Filling up the DagBag from /root/miniconda3/envs/project/lib/python3.8/site-packages/airflow/example_dags/example_sensor_decorator.py
[2024-10-08T09:25:35.461+0000] {processor.py:925} INFO - DAG(s) 'example_sensor_decorator' retrieved from /root/miniconda3/envs/project/lib/python3.8/site-packages/airflow/example_dags/example_sensor_decorator.py
[2024-10-08T09:25:35.485+0000] {logging_mixin.py:190} INFO - [2024-10-08T09:25:35.485+0000] {dag.py:3239} INFO - Sync 1 DAGs
[2024-10-08T09:25:35.504+0000] {logging_mixin.py:190} INFO - [2024-10-08T09:25:35.504+0000] {dag.py:4180} INFO - Setting next_dagrun for example_sensor_decorator to None, run_after=None
[2024-10-08T09:25:35.538+0000] {processor.py:208} INFO - Processing /root/miniconda3/envs/project/lib/python3.8/site-packages/airflow/example_dags/example_sensor_decorator.py took 0.110 seconds
[2024-10-08T09:26:46.509+0000] {processor.py:186} INFO - Started process (PID=225918) to work on /root/miniconda3/envs/project/lib/python3.8/site-packages/airflow/example_dags/example_sensor_decorator.py
[2024-10-08T09:26:46.512+0000] {processor.py:914} INFO - Processing file /root/miniconda3/envs/project/lib/python3.8/site-packages/airflow/example_dags/example_sensor_decorator.py for tasks to queue
[2024-10-08T09:26:46.516+0000] {logging_mixin.py:190} INFO - [2024-10-08T09:26:46.515+0000] {dagbag.py:588} INFO - Filling up the DagBag from /root/miniconda3/envs/project/lib/python3.8/site-packages/airflow/example_dags/example_sensor_decorator.py
[2024-10-08T09:26:46.529+0000] {processor.py:925} INFO - DAG(s) 'example_sensor_decorator' retrieved from /root/miniconda3/envs/project/lib/python3.8/site-packages/airflow/example_dags/example_sensor_decorator.py
[2024-10-08T09:26:46.553+0000] {logging_mixin.py:190} INFO - [2024-10-08T09:26:46.553+0000] {dag.py:3239} INFO - Sync 1 DAGs
[2024-10-08T09:26:46.574+0000] {logging_mixin.py:190} INFO - [2024-10-08T09:26:46.574+0000] {dag.py:4180} INFO - Setting next_dagrun for example_sensor_decorator to None, run_after=None
[2024-10-08T09:26:46.610+0000] {processor.py:208} INFO - Processing /root/miniconda3/envs/project/lib/python3.8/site-packages/airflow/example_dags/example_sensor_decorator.py took 0.110 seconds
[2024-10-08T09:27:57.958+0000] {processor.py:186} INFO - Started process (PID=226434) to work on /root/miniconda3/envs/project/lib/python3.8/site-packages/airflow/example_dags/example_sensor_decorator.py
[2024-10-08T09:27:57.961+0000] {processor.py:914} INFO - Processing file /root/miniconda3/envs/project/lib/python3.8/site-packages/airflow/example_dags/example_sensor_decorator.py for tasks to queue
[2024-10-08T09:27:57.965+0000] {logging_mixin.py:190} INFO - [2024-10-08T09:27:57.964+0000] {dagbag.py:588} INFO - Filling up the DagBag from /root/miniconda3/envs/project/lib/python3.8/site-packages/airflow/example_dags/example_sensor_decorator.py
[2024-10-08T09:27:57.978+0000] {processor.py:925} INFO - DAG(s) 'example_sensor_decorator' retrieved from /root/miniconda3/envs/project/lib/python3.8/site-packages/airflow/example_dags/example_sensor_decorator.py
[2024-10-08T09:27:58.002+0000] {logging_mixin.py:190} INFO - [2024-10-08T09:27:58.002+0000] {dag.py:3239} INFO - Sync 1 DAGs
[2024-10-08T09:27:58.021+0000] {logging_mixin.py:190} INFO - [2024-10-08T09:27:58.021+0000] {dag.py:4180} INFO - Setting next_dagrun for example_sensor_decorator to None, run_after=None
[2024-10-08T09:27:58.053+0000] {processor.py:208} INFO - Processing /root/miniconda3/envs/project/lib/python3.8/site-packages/airflow/example_dags/example_sensor_decorator.py took 0.108 seconds
[2024-10-08T09:29:11.394+0000] {processor.py:186} INFO - Started process (PID=226937) to work on /root/miniconda3/envs/project/lib/python3.8/site-packages/airflow/example_dags/example_sensor_decorator.py
[2024-10-08T09:29:11.397+0000] {processor.py:914} INFO - Processing file /root/miniconda3/envs/project/lib/python3.8/site-packages/airflow/example_dags/example_sensor_decorator.py for tasks to queue
[2024-10-08T09:29:11.400+0000] {logging_mixin.py:190} INFO - [2024-10-08T09:29:11.399+0000] {dagbag.py:588} INFO - Filling up the DagBag from /root/miniconda3/envs/project/lib/python3.8/site-packages/airflow/example_dags/example_sensor_decorator.py
[2024-10-08T09:29:11.412+0000] {processor.py:925} INFO - DAG(s) 'example_sensor_decorator' retrieved from /root/miniconda3/envs/project/lib/python3.8/site-packages/airflow/example_dags/example_sensor_decorator.py
[2024-10-08T09:29:11.548+0000] {logging_mixin.py:190} INFO - [2024-10-08T09:29:11.548+0000] {dag.py:3239} INFO - Sync 1 DAGs
[2024-10-08T09:29:11.566+0000] {logging_mixin.py:190} INFO - [2024-10-08T09:29:11.566+0000] {dag.py:4180} INFO - Setting next_dagrun for example_sensor_decorator to None, run_after=None
[2024-10-08T09:29:11.598+0000] {processor.py:208} INFO - Processing /root/miniconda3/envs/project/lib/python3.8/site-packages/airflow/example_dags/example_sensor_decorator.py took 0.215 seconds
[2024-10-08T09:30:21.911+0000] {processor.py:186} INFO - Started process (PID=227712) to work on /root/miniconda3/envs/project/lib/python3.8/site-packages/airflow/example_dags/example_sensor_decorator.py
[2024-10-08T09:30:21.914+0000] {processor.py:914} INFO - Processing file /root/miniconda3/envs/project/lib/python3.8/site-packages/airflow/example_dags/example_sensor_decorator.py for tasks to queue
[2024-10-08T09:30:21.918+0000] {logging_mixin.py:190} INFO - [2024-10-08T09:30:21.917+0000] {dagbag.py:588} INFO - Filling up the DagBag from /root/miniconda3/envs/project/lib/python3.8/site-packages/airflow/example_dags/example_sensor_decorator.py
[2024-10-08T09:30:21.932+0000] {processor.py:925} INFO - DAG(s) 'example_sensor_decorator' retrieved from /root/miniconda3/envs/project/lib/python3.8/site-packages/airflow/example_dags/example_sensor_decorator.py
[2024-10-08T09:30:22.093+0000] {logging_mixin.py:190} INFO - [2024-10-08T09:30:22.093+0000] {dag.py:3239} INFO - Sync 1 DAGs
[2024-10-08T09:30:22.111+0000] {logging_mixin.py:190} INFO - [2024-10-08T09:30:22.110+0000] {dag.py:4180} INFO - Setting next_dagrun for example_sensor_decorator to None, run_after=None
[2024-10-08T09:30:22.146+0000] {processor.py:208} INFO - Processing /root/miniconda3/envs/project/lib/python3.8/site-packages/airflow/example_dags/example_sensor_decorator.py took 0.248 seconds
[2024-10-08T09:31:53.972+0000] {processor.py:186} INFO - Started process (PID=228844) to work on /root/miniconda3/envs/project/lib/python3.8/site-packages/airflow/example_dags/example_sensor_decorator.py
[2024-10-08T09:31:53.975+0000] {processor.py:914} INFO - Processing file /root/miniconda3/envs/project/lib/python3.8/site-packages/airflow/example_dags/example_sensor_decorator.py for tasks to queue
[2024-10-08T09:31:53.979+0000] {logging_mixin.py:190} INFO - [2024-10-08T09:31:53.978+0000] {dagbag.py:588} INFO - Filling up the DagBag from /root/miniconda3/envs/project/lib/python3.8/site-packages/airflow/example_dags/example_sensor_decorator.py
[2024-10-08T09:31:53.992+0000] {processor.py:925} INFO - DAG(s) 'example_sensor_decorator' retrieved from /root/miniconda3/envs/project/lib/python3.8/site-packages/airflow/example_dags/example_sensor_decorator.py
[2024-10-08T09:31:54.017+0000] {logging_mixin.py:190} INFO - [2024-10-08T09:31:54.017+0000] {dag.py:3239} INFO - Sync 1 DAGs
[2024-10-08T09:31:54.037+0000] {logging_mixin.py:190} INFO - [2024-10-08T09:31:54.036+0000] {dag.py:4180} INFO - Setting next_dagrun for example_sensor_decorator to None, run_after=None
[2024-10-08T09:31:54.071+0000] {processor.py:208} INFO - Processing /root/miniconda3/envs/project/lib/python3.8/site-packages/airflow/example_dags/example_sensor_decorator.py took 0.112 seconds
[2024-10-08T09:33:06.601+0000] {processor.py:186} INFO - Started process (PID=229254) to work on /root/miniconda3/envs/project/lib/python3.8/site-packages/airflow/example_dags/example_sensor_decorator.py
[2024-10-08T09:33:06.604+0000] {processor.py:914} INFO - Processing file /root/miniconda3/envs/project/lib/python3.8/site-packages/airflow/example_dags/example_sensor_decorator.py for tasks to queue
[2024-10-08T09:33:06.607+0000] {logging_mixin.py:190} INFO - [2024-10-08T09:33:06.606+0000] {dagbag.py:588} INFO - Filling up the DagBag from /root/miniconda3/envs/project/lib/python3.8/site-packages/airflow/example_dags/example_sensor_decorator.py
[2024-10-08T09:33:06.618+0000] {processor.py:925} INFO - DAG(s) 'example_sensor_decorator' retrieved from /root/miniconda3/envs/project/lib/python3.8/site-packages/airflow/example_dags/example_sensor_decorator.py
[2024-10-08T09:33:06.639+0000] {logging_mixin.py:190} INFO - [2024-10-08T09:33:06.639+0000] {dag.py:3239} INFO - Sync 1 DAGs
[2024-10-08T09:33:06.655+0000] {logging_mixin.py:190} INFO - [2024-10-08T09:33:06.655+0000] {dag.py:4180} INFO - Setting next_dagrun for example_sensor_decorator to None, run_after=None
[2024-10-08T09:33:06.691+0000] {processor.py:208} INFO - Processing /root/miniconda3/envs/project/lib/python3.8/site-packages/airflow/example_dags/example_sensor_decorator.py took 0.098 seconds
