[2024-10-08T07:57:48.428+0000] {processor.py:186} INFO - Started process (PID=207149) to work on /root/miniconda3/envs/project/lib/python3.8/site-packages/airflow/example_dags/example_latest_only_with_trigger.py
[2024-10-08T07:57:48.429+0000] {processor.py:914} INFO - Processing file /root/miniconda3/envs/project/lib/python3.8/site-packages/airflow/example_dags/example_latest_only_with_trigger.py for tasks to queue
[2024-10-08T07:57:48.433+0000] {logging_mixin.py:190} INFO - [2024-10-08T07:57:48.432+0000] {dagbag.py:588} INFO - Filling up the DagBag from /root/miniconda3/envs/project/lib/python3.8/site-packages/airflow/example_dags/example_latest_only_with_trigger.py
[2024-10-08T07:57:48.445+0000] {processor.py:925} INFO - DAG(s) 'latest_only_with_trigger' retrieved from /root/miniconda3/envs/project/lib/python3.8/site-packages/airflow/example_dags/example_latest_only_with_trigger.py
[2024-10-08T07:57:48.598+0000] {logging_mixin.py:190} INFO - [2024-10-08T07:57:48.597+0000] {override.py:1901} INFO - Created Permission View: can delete on DAG:latest_only_with_trigger
[2024-10-08T07:57:48.619+0000] {logging_mixin.py:190} INFO - [2024-10-08T07:57:48.619+0000] {override.py:1901} INFO - Created Permission View: can read on DAG:latest_only_with_trigger
[2024-10-08T07:57:48.637+0000] {logging_mixin.py:190} INFO - [2024-10-08T07:57:48.636+0000] {override.py:1901} INFO - Created Permission View: can edit on DAG:latest_only_with_trigger
[2024-10-08T07:57:48.666+0000] {logging_mixin.py:190} INFO - [2024-10-08T07:57:48.665+0000] {override.py:1901} INFO - Created Permission View: can delete on DAG Run:latest_only_with_trigger
[2024-10-08T07:57:48.682+0000] {logging_mixin.py:190} INFO - [2024-10-08T07:57:48.681+0000] {override.py:1901} INFO - Created Permission View: menu access on DAG Run:latest_only_with_trigger
[2024-10-08T07:57:48.699+0000] {logging_mixin.py:190} INFO - [2024-10-08T07:57:48.698+0000] {override.py:1901} INFO - Created Permission View: can create on DAG Run:latest_only_with_trigger
[2024-10-08T07:57:48.714+0000] {logging_mixin.py:190} INFO - [2024-10-08T07:57:48.713+0000] {override.py:1901} INFO - Created Permission View: can read on DAG Run:latest_only_with_trigger
[2024-10-08T07:57:48.715+0000] {logging_mixin.py:190} INFO - [2024-10-08T07:57:48.714+0000] {dag.py:3239} INFO - Sync 1 DAGs
[2024-10-08T07:57:48.734+0000] {logging_mixin.py:190} INFO - [2024-10-08T07:57:48.734+0000] {dag.py:3262} INFO - Creating ORM DAG for latest_only_with_trigger
[2024-10-08T07:57:48.746+0000] {logging_mixin.py:190} INFO - [2024-10-08T07:57:48.745+0000] {dag.py:4180} INFO - Setting next_dagrun for latest_only_with_trigger to 2024-10-08 00:00:00+00:00, run_after=2024-10-08 04:00:00+00:00
[2024-10-08T07:57:48.778+0000] {processor.py:208} INFO - Processing /root/miniconda3/envs/project/lib/python3.8/site-packages/airflow/example_dags/example_latest_only_with_trigger.py took 0.363 seconds
[2024-10-08T07:59:08.513+0000] {processor.py:186} INFO - Started process (PID=207469) to work on /root/miniconda3/envs/project/lib/python3.8/site-packages/airflow/example_dags/example_latest_only_with_trigger.py
[2024-10-08T07:59:08.516+0000] {processor.py:914} INFO - Processing file /root/miniconda3/envs/project/lib/python3.8/site-packages/airflow/example_dags/example_latest_only_with_trigger.py for tasks to queue
[2024-10-08T07:59:08.520+0000] {logging_mixin.py:190} INFO - [2024-10-08T07:59:08.519+0000] {dagbag.py:588} INFO - Filling up the DagBag from /root/miniconda3/envs/project/lib/python3.8/site-packages/airflow/example_dags/example_latest_only_with_trigger.py
[2024-10-08T07:59:08.531+0000] {processor.py:925} INFO - DAG(s) 'latest_only_with_trigger' retrieved from /root/miniconda3/envs/project/lib/python3.8/site-packages/airflow/example_dags/example_latest_only_with_trigger.py
[2024-10-08T07:59:08.556+0000] {logging_mixin.py:190} INFO - [2024-10-08T07:59:08.556+0000] {dag.py:3239} INFO - Sync 1 DAGs
[2024-10-08T07:59:08.584+0000] {logging_mixin.py:190} INFO - [2024-10-08T07:59:08.584+0000] {dag.py:4180} INFO - Setting next_dagrun for latest_only_with_trigger to 2024-10-08 00:00:00+00:00, run_after=2024-10-08 04:00:00+00:00
[2024-10-08T07:59:08.618+0000] {processor.py:208} INFO - Processing /root/miniconda3/envs/project/lib/python3.8/site-packages/airflow/example_dags/example_latest_only_with_trigger.py took 0.117 seconds
[2024-10-08T08:00:20.158+0000] {processor.py:186} INFO - Started process (PID=207679) to work on /root/miniconda3/envs/project/lib/python3.8/site-packages/airflow/example_dags/example_latest_only_with_trigger.py
[2024-10-08T08:00:20.161+0000] {processor.py:914} INFO - Processing file /root/miniconda3/envs/project/lib/python3.8/site-packages/airflow/example_dags/example_latest_only_with_trigger.py for tasks to queue
[2024-10-08T08:00:20.164+0000] {logging_mixin.py:190} INFO - [2024-10-08T08:00:20.164+0000] {dagbag.py:588} INFO - Filling up the DagBag from /root/miniconda3/envs/project/lib/python3.8/site-packages/airflow/example_dags/example_latest_only_with_trigger.py
[2024-10-08T08:00:20.175+0000] {processor.py:925} INFO - DAG(s) 'latest_only_with_trigger' retrieved from /root/miniconda3/envs/project/lib/python3.8/site-packages/airflow/example_dags/example_latest_only_with_trigger.py
[2024-10-08T08:00:20.201+0000] {logging_mixin.py:190} INFO - [2024-10-08T08:00:20.201+0000] {dag.py:3239} INFO - Sync 1 DAGs
[2024-10-08T08:00:20.232+0000] {logging_mixin.py:190} INFO - [2024-10-08T08:00:20.231+0000] {dag.py:4180} INFO - Setting next_dagrun for latest_only_with_trigger to 2024-10-08 04:00:00+00:00, run_after=2024-10-08 08:00:00+00:00
[2024-10-08T08:00:20.268+0000] {processor.py:208} INFO - Processing /root/miniconda3/envs/project/lib/python3.8/site-packages/airflow/example_dags/example_latest_only_with_trigger.py took 0.121 seconds
[2024-10-08T08:01:34.930+0000] {processor.py:186} INFO - Started process (PID=208031) to work on /root/miniconda3/envs/project/lib/python3.8/site-packages/airflow/example_dags/example_latest_only_with_trigger.py
[2024-10-08T08:01:34.933+0000] {processor.py:914} INFO - Processing file /root/miniconda3/envs/project/lib/python3.8/site-packages/airflow/example_dags/example_latest_only_with_trigger.py for tasks to queue
[2024-10-08T08:01:34.936+0000] {logging_mixin.py:190} INFO - [2024-10-08T08:01:34.935+0000] {dagbag.py:588} INFO - Filling up the DagBag from /root/miniconda3/envs/project/lib/python3.8/site-packages/airflow/example_dags/example_latest_only_with_trigger.py
[2024-10-08T08:01:34.947+0000] {processor.py:925} INFO - DAG(s) 'latest_only_with_trigger' retrieved from /root/miniconda3/envs/project/lib/python3.8/site-packages/airflow/example_dags/example_latest_only_with_trigger.py
[2024-10-08T08:01:34.972+0000] {logging_mixin.py:190} INFO - [2024-10-08T08:01:34.972+0000] {dag.py:3239} INFO - Sync 1 DAGs
[2024-10-08T08:01:34.999+0000] {logging_mixin.py:190} INFO - [2024-10-08T08:01:34.999+0000] {dag.py:4180} INFO - Setting next_dagrun for latest_only_with_trigger to 2024-10-08 04:00:00+00:00, run_after=2024-10-08 08:00:00+00:00
[2024-10-08T08:01:35.031+0000] {processor.py:208} INFO - Processing /root/miniconda3/envs/project/lib/python3.8/site-packages/airflow/example_dags/example_latest_only_with_trigger.py took 0.114 seconds
[2024-10-08T08:02:46.513+0000] {processor.py:186} INFO - Started process (PID=208283) to work on /root/miniconda3/envs/project/lib/python3.8/site-packages/airflow/example_dags/example_latest_only_with_trigger.py
[2024-10-08T08:02:46.516+0000] {processor.py:914} INFO - Processing file /root/miniconda3/envs/project/lib/python3.8/site-packages/airflow/example_dags/example_latest_only_with_trigger.py for tasks to queue
[2024-10-08T08:02:46.519+0000] {logging_mixin.py:190} INFO - [2024-10-08T08:02:46.519+0000] {dagbag.py:588} INFO - Filling up the DagBag from /root/miniconda3/envs/project/lib/python3.8/site-packages/airflow/example_dags/example_latest_only_with_trigger.py
[2024-10-08T08:02:46.531+0000] {processor.py:925} INFO - DAG(s) 'latest_only_with_trigger' retrieved from /root/miniconda3/envs/project/lib/python3.8/site-packages/airflow/example_dags/example_latest_only_with_trigger.py
[2024-10-08T08:02:46.555+0000] {logging_mixin.py:190} INFO - [2024-10-08T08:02:46.554+0000] {dag.py:3239} INFO - Sync 1 DAGs
[2024-10-08T08:02:46.583+0000] {logging_mixin.py:190} INFO - [2024-10-08T08:02:46.583+0000] {dag.py:4180} INFO - Setting next_dagrun for latest_only_with_trigger to 2024-10-08 04:00:00+00:00, run_after=2024-10-08 08:00:00+00:00
[2024-10-08T08:02:46.616+0000] {processor.py:208} INFO - Processing /root/miniconda3/envs/project/lib/python3.8/site-packages/airflow/example_dags/example_latest_only_with_trigger.py took 0.116 seconds
[2024-10-08T08:03:54.459+0000] {processor.py:186} INFO - Started process (PID=208484) to work on /root/miniconda3/envs/project/lib/python3.8/site-packages/airflow/example_dags/example_latest_only_with_trigger.py
[2024-10-08T08:03:54.462+0000] {processor.py:914} INFO - Processing file /root/miniconda3/envs/project/lib/python3.8/site-packages/airflow/example_dags/example_latest_only_with_trigger.py for tasks to queue
[2024-10-08T08:03:54.465+0000] {logging_mixin.py:190} INFO - [2024-10-08T08:03:54.465+0000] {dagbag.py:588} INFO - Filling up the DagBag from /root/miniconda3/envs/project/lib/python3.8/site-packages/airflow/example_dags/example_latest_only_with_trigger.py
[2024-10-08T08:03:54.476+0000] {processor.py:925} INFO - DAG(s) 'latest_only_with_trigger' retrieved from /root/miniconda3/envs/project/lib/python3.8/site-packages/airflow/example_dags/example_latest_only_with_trigger.py
[2024-10-08T08:03:54.500+0000] {logging_mixin.py:190} INFO - [2024-10-08T08:03:54.500+0000] {dag.py:3239} INFO - Sync 1 DAGs
[2024-10-08T08:03:54.528+0000] {logging_mixin.py:190} INFO - [2024-10-08T08:03:54.528+0000] {dag.py:4180} INFO - Setting next_dagrun for latest_only_with_trigger to 2024-10-08 04:00:00+00:00, run_after=2024-10-08 08:00:00+00:00
[2024-10-08T08:03:54.563+0000] {processor.py:208} INFO - Processing /root/miniconda3/envs/project/lib/python3.8/site-packages/airflow/example_dags/example_latest_only_with_trigger.py took 0.117 seconds
[2024-10-08T08:05:02.107+0000] {processor.py:186} INFO - Started process (PID=208733) to work on /root/miniconda3/envs/project/lib/python3.8/site-packages/airflow/example_dags/example_latest_only_with_trigger.py
[2024-10-08T08:05:02.110+0000] {processor.py:914} INFO - Processing file /root/miniconda3/envs/project/lib/python3.8/site-packages/airflow/example_dags/example_latest_only_with_trigger.py for tasks to queue
[2024-10-08T08:05:02.113+0000] {logging_mixin.py:190} INFO - [2024-10-08T08:05:02.113+0000] {dagbag.py:588} INFO - Filling up the DagBag from /root/miniconda3/envs/project/lib/python3.8/site-packages/airflow/example_dags/example_latest_only_with_trigger.py
[2024-10-08T08:05:02.125+0000] {processor.py:925} INFO - DAG(s) 'latest_only_with_trigger' retrieved from /root/miniconda3/envs/project/lib/python3.8/site-packages/airflow/example_dags/example_latest_only_with_trigger.py
[2024-10-08T08:05:02.150+0000] {logging_mixin.py:190} INFO - [2024-10-08T08:05:02.150+0000] {dag.py:3239} INFO - Sync 1 DAGs
[2024-10-08T08:05:02.178+0000] {logging_mixin.py:190} INFO - [2024-10-08T08:05:02.177+0000] {dag.py:4180} INFO - Setting next_dagrun for latest_only_with_trigger to 2024-10-08 04:00:00+00:00, run_after=2024-10-08 08:00:00+00:00
[2024-10-08T08:05:02.210+0000] {processor.py:208} INFO - Processing /root/miniconda3/envs/project/lib/python3.8/site-packages/airflow/example_dags/example_latest_only_with_trigger.py took 0.116 seconds
[2024-10-08T08:06:03.765+0000] {processor.py:186} INFO - Started process (PID=208918) to work on /root/miniconda3/envs/project/lib/python3.8/site-packages/airflow/example_dags/example_latest_only_with_trigger.py
[2024-10-08T08:06:03.768+0000] {processor.py:914} INFO - Processing file /root/miniconda3/envs/project/lib/python3.8/site-packages/airflow/example_dags/example_latest_only_with_trigger.py for tasks to queue
[2024-10-08T08:06:03.771+0000] {logging_mixin.py:190} INFO - [2024-10-08T08:06:03.770+0000] {dagbag.py:588} INFO - Filling up the DagBag from /root/miniconda3/envs/project/lib/python3.8/site-packages/airflow/example_dags/example_latest_only_with_trigger.py
[2024-10-08T08:06:03.782+0000] {processor.py:925} INFO - DAG(s) 'latest_only_with_trigger' retrieved from /root/miniconda3/envs/project/lib/python3.8/site-packages/airflow/example_dags/example_latest_only_with_trigger.py
[2024-10-08T08:06:03.807+0000] {logging_mixin.py:190} INFO - [2024-10-08T08:06:03.806+0000] {dag.py:3239} INFO - Sync 1 DAGs
[2024-10-08T08:06:03.835+0000] {logging_mixin.py:190} INFO - [2024-10-08T08:06:03.835+0000] {dag.py:4180} INFO - Setting next_dagrun for latest_only_with_trigger to 2024-10-08 04:00:00+00:00, run_after=2024-10-08 08:00:00+00:00
[2024-10-08T08:06:03.868+0000] {processor.py:208} INFO - Processing /root/miniconda3/envs/project/lib/python3.8/site-packages/airflow/example_dags/example_latest_only_with_trigger.py took 0.115 seconds
[2024-10-08T08:07:09.155+0000] {processor.py:186} INFO - Started process (PID=209151) to work on /root/miniconda3/envs/project/lib/python3.8/site-packages/airflow/example_dags/example_latest_only_with_trigger.py
[2024-10-08T08:07:09.158+0000] {processor.py:914} INFO - Processing file /root/miniconda3/envs/project/lib/python3.8/site-packages/airflow/example_dags/example_latest_only_with_trigger.py for tasks to queue
[2024-10-08T08:07:09.162+0000] {logging_mixin.py:190} INFO - [2024-10-08T08:07:09.162+0000] {dagbag.py:588} INFO - Filling up the DagBag from /root/miniconda3/envs/project/lib/python3.8/site-packages/airflow/example_dags/example_latest_only_with_trigger.py
[2024-10-08T08:07:09.173+0000] {processor.py:925} INFO - DAG(s) 'latest_only_with_trigger' retrieved from /root/miniconda3/envs/project/lib/python3.8/site-packages/airflow/example_dags/example_latest_only_with_trigger.py
[2024-10-08T08:07:09.197+0000] {logging_mixin.py:190} INFO - [2024-10-08T08:07:09.197+0000] {dag.py:3239} INFO - Sync 1 DAGs
[2024-10-08T08:07:09.225+0000] {logging_mixin.py:190} INFO - [2024-10-08T08:07:09.224+0000] {dag.py:4180} INFO - Setting next_dagrun for latest_only_with_trigger to 2024-10-08 04:00:00+00:00, run_after=2024-10-08 08:00:00+00:00
[2024-10-08T08:07:09.255+0000] {processor.py:208} INFO - Processing /root/miniconda3/envs/project/lib/python3.8/site-packages/airflow/example_dags/example_latest_only_with_trigger.py took 0.111 seconds
[2024-10-08T08:08:18.069+0000] {processor.py:186} INFO - Started process (PID=209415) to work on /root/miniconda3/envs/project/lib/python3.8/site-packages/airflow/example_dags/example_latest_only_with_trigger.py
[2024-10-08T08:08:18.072+0000] {processor.py:914} INFO - Processing file /root/miniconda3/envs/project/lib/python3.8/site-packages/airflow/example_dags/example_latest_only_with_trigger.py for tasks to queue
[2024-10-08T08:08:18.076+0000] {logging_mixin.py:190} INFO - [2024-10-08T08:08:18.075+0000] {dagbag.py:588} INFO - Filling up the DagBag from /root/miniconda3/envs/project/lib/python3.8/site-packages/airflow/example_dags/example_latest_only_with_trigger.py
[2024-10-08T08:08:18.088+0000] {processor.py:925} INFO - DAG(s) 'latest_only_with_trigger' retrieved from /root/miniconda3/envs/project/lib/python3.8/site-packages/airflow/example_dags/example_latest_only_with_trigger.py
[2024-10-08T08:08:18.116+0000] {logging_mixin.py:190} INFO - [2024-10-08T08:08:18.115+0000] {dag.py:3239} INFO - Sync 1 DAGs
[2024-10-08T08:08:18.147+0000] {logging_mixin.py:190} INFO - [2024-10-08T08:08:18.147+0000] {dag.py:4180} INFO - Setting next_dagrun for latest_only_with_trigger to 2024-10-08 04:00:00+00:00, run_after=2024-10-08 08:00:00+00:00
[2024-10-08T08:08:18.188+0000] {processor.py:208} INFO - Processing /root/miniconda3/envs/project/lib/python3.8/site-packages/airflow/example_dags/example_latest_only_with_trigger.py took 0.133 seconds
[2024-10-08T08:10:16.576+0000] {processor.py:186} INFO - Started process (PID=210105) to work on /root/miniconda3/envs/project/lib/python3.8/site-packages/airflow/example_dags/example_latest_only_with_trigger.py
[2024-10-08T08:10:16.579+0000] {processor.py:914} INFO - Processing file /root/miniconda3/envs/project/lib/python3.8/site-packages/airflow/example_dags/example_latest_only_with_trigger.py for tasks to queue
[2024-10-08T08:10:16.584+0000] {logging_mixin.py:190} INFO - [2024-10-08T08:10:16.584+0000] {dagbag.py:588} INFO - Filling up the DagBag from /root/miniconda3/envs/project/lib/python3.8/site-packages/airflow/example_dags/example_latest_only_with_trigger.py
[2024-10-08T08:10:16.598+0000] {processor.py:925} INFO - DAG(s) 'latest_only_with_trigger' retrieved from /root/miniconda3/envs/project/lib/python3.8/site-packages/airflow/example_dags/example_latest_only_with_trigger.py
[2024-10-08T08:10:16.623+0000] {logging_mixin.py:190} INFO - [2024-10-08T08:10:16.623+0000] {dag.py:3239} INFO - Sync 1 DAGs
[2024-10-08T08:10:16.653+0000] {logging_mixin.py:190} INFO - [2024-10-08T08:10:16.653+0000] {dag.py:4180} INFO - Setting next_dagrun for latest_only_with_trigger to 2024-10-08 04:00:00+00:00, run_after=2024-10-08 08:00:00+00:00
[2024-10-08T08:10:16.703+0000] {processor.py:208} INFO - Processing /root/miniconda3/envs/project/lib/python3.8/site-packages/airflow/example_dags/example_latest_only_with_trigger.py took 0.139 seconds
[2024-10-08T08:13:19.013+0000] {processor.py:186} INFO - Started process (PID=211113) to work on /root/miniconda3/envs/project/lib/python3.8/site-packages/airflow/example_dags/example_latest_only_with_trigger.py
[2024-10-08T08:13:19.016+0000] {processor.py:914} INFO - Processing file /root/miniconda3/envs/project/lib/python3.8/site-packages/airflow/example_dags/example_latest_only_with_trigger.py for tasks to queue
[2024-10-08T08:13:19.019+0000] {logging_mixin.py:190} INFO - [2024-10-08T08:13:19.019+0000] {dagbag.py:588} INFO - Filling up the DagBag from /root/miniconda3/envs/project/lib/python3.8/site-packages/airflow/example_dags/example_latest_only_with_trigger.py
[2024-10-08T08:13:19.031+0000] {processor.py:925} INFO - DAG(s) 'latest_only_with_trigger' retrieved from /root/miniconda3/envs/project/lib/python3.8/site-packages/airflow/example_dags/example_latest_only_with_trigger.py
[2024-10-08T08:13:19.056+0000] {logging_mixin.py:190} INFO - [2024-10-08T08:13:19.056+0000] {dag.py:3239} INFO - Sync 1 DAGs
[2024-10-08T08:13:19.085+0000] {logging_mixin.py:190} INFO - [2024-10-08T08:13:19.085+0000] {dag.py:4180} INFO - Setting next_dagrun for latest_only_with_trigger to 2024-10-08 04:00:00+00:00, run_after=2024-10-08 08:00:00+00:00
[2024-10-08T08:13:19.117+0000] {processor.py:208} INFO - Processing /root/miniconda3/envs/project/lib/python3.8/site-packages/airflow/example_dags/example_latest_only_with_trigger.py took 0.115 seconds
[2024-10-08T08:14:29.222+0000] {processor.py:186} INFO - Started process (PID=211321) to work on /root/miniconda3/envs/project/lib/python3.8/site-packages/airflow/example_dags/example_latest_only_with_trigger.py
[2024-10-08T08:14:29.225+0000] {processor.py:914} INFO - Processing file /root/miniconda3/envs/project/lib/python3.8/site-packages/airflow/example_dags/example_latest_only_with_trigger.py for tasks to queue
[2024-10-08T08:14:29.230+0000] {logging_mixin.py:190} INFO - [2024-10-08T08:14:29.229+0000] {dagbag.py:588} INFO - Filling up the DagBag from /root/miniconda3/envs/project/lib/python3.8/site-packages/airflow/example_dags/example_latest_only_with_trigger.py
[2024-10-08T08:14:29.242+0000] {processor.py:925} INFO - DAG(s) 'latest_only_with_trigger' retrieved from /root/miniconda3/envs/project/lib/python3.8/site-packages/airflow/example_dags/example_latest_only_with_trigger.py
[2024-10-08T08:14:29.267+0000] {logging_mixin.py:190} INFO - [2024-10-08T08:14:29.267+0000] {dag.py:3239} INFO - Sync 1 DAGs
[2024-10-08T08:14:29.296+0000] {logging_mixin.py:190} INFO - [2024-10-08T08:14:29.295+0000] {dag.py:4180} INFO - Setting next_dagrun for latest_only_with_trigger to 2024-10-08 04:00:00+00:00, run_after=2024-10-08 08:00:00+00:00
[2024-10-08T08:14:29.326+0000] {processor.py:208} INFO - Processing /root/miniconda3/envs/project/lib/python3.8/site-packages/airflow/example_dags/example_latest_only_with_trigger.py took 0.116 seconds
[2024-10-08T08:15:36.262+0000] {processor.py:186} INFO - Started process (PID=211614) to work on /root/miniconda3/envs/project/lib/python3.8/site-packages/airflow/example_dags/example_latest_only_with_trigger.py
[2024-10-08T08:15:36.265+0000] {processor.py:914} INFO - Processing file /root/miniconda3/envs/project/lib/python3.8/site-packages/airflow/example_dags/example_latest_only_with_trigger.py for tasks to queue
[2024-10-08T08:15:36.269+0000] {logging_mixin.py:190} INFO - [2024-10-08T08:15:36.268+0000] {dagbag.py:588} INFO - Filling up the DagBag from /root/miniconda3/envs/project/lib/python3.8/site-packages/airflow/example_dags/example_latest_only_with_trigger.py
[2024-10-08T08:15:36.280+0000] {processor.py:925} INFO - DAG(s) 'latest_only_with_trigger' retrieved from /root/miniconda3/envs/project/lib/python3.8/site-packages/airflow/example_dags/example_latest_only_with_trigger.py
[2024-10-08T08:15:36.304+0000] {logging_mixin.py:190} INFO - [2024-10-08T08:15:36.304+0000] {dag.py:3239} INFO - Sync 1 DAGs
[2024-10-08T08:15:36.332+0000] {logging_mixin.py:190} INFO - [2024-10-08T08:15:36.332+0000] {dag.py:4180} INFO - Setting next_dagrun for latest_only_with_trigger to 2024-10-08 04:00:00+00:00, run_after=2024-10-08 08:00:00+00:00
[2024-10-08T08:15:36.365+0000] {processor.py:208} INFO - Processing /root/miniconda3/envs/project/lib/python3.8/site-packages/airflow/example_dags/example_latest_only_with_trigger.py took 0.113 seconds
[2024-10-08T08:16:45.559+0000] {processor.py:186} INFO - Started process (PID=211820) to work on /root/miniconda3/envs/project/lib/python3.8/site-packages/airflow/example_dags/example_latest_only_with_trigger.py
[2024-10-08T08:16:45.561+0000] {processor.py:914} INFO - Processing file /root/miniconda3/envs/project/lib/python3.8/site-packages/airflow/example_dags/example_latest_only_with_trigger.py for tasks to queue
[2024-10-08T08:16:45.565+0000] {logging_mixin.py:190} INFO - [2024-10-08T08:16:45.565+0000] {dagbag.py:588} INFO - Filling up the DagBag from /root/miniconda3/envs/project/lib/python3.8/site-packages/airflow/example_dags/example_latest_only_with_trigger.py
[2024-10-08T08:16:45.576+0000] {processor.py:925} INFO - DAG(s) 'latest_only_with_trigger' retrieved from /root/miniconda3/envs/project/lib/python3.8/site-packages/airflow/example_dags/example_latest_only_with_trigger.py
[2024-10-08T08:16:45.601+0000] {logging_mixin.py:190} INFO - [2024-10-08T08:16:45.601+0000] {dag.py:3239} INFO - Sync 1 DAGs
[2024-10-08T08:16:45.631+0000] {logging_mixin.py:190} INFO - [2024-10-08T08:16:45.631+0000] {dag.py:4180} INFO - Setting next_dagrun for latest_only_with_trigger to 2024-10-08 04:00:00+00:00, run_after=2024-10-08 08:00:00+00:00
[2024-10-08T08:16:45.662+0000] {processor.py:208} INFO - Processing /root/miniconda3/envs/project/lib/python3.8/site-packages/airflow/example_dags/example_latest_only_with_trigger.py took 0.113 seconds
[2024-10-08T08:17:55.381+0000] {processor.py:186} INFO - Started process (PID=212069) to work on /root/miniconda3/envs/project/lib/python3.8/site-packages/airflow/example_dags/example_latest_only_with_trigger.py
[2024-10-08T08:17:55.384+0000] {processor.py:914} INFO - Processing file /root/miniconda3/envs/project/lib/python3.8/site-packages/airflow/example_dags/example_latest_only_with_trigger.py for tasks to queue
[2024-10-08T08:17:55.387+0000] {logging_mixin.py:190} INFO - [2024-10-08T08:17:55.386+0000] {dagbag.py:588} INFO - Filling up the DagBag from /root/miniconda3/envs/project/lib/python3.8/site-packages/airflow/example_dags/example_latest_only_with_trigger.py
[2024-10-08T08:17:55.398+0000] {processor.py:925} INFO - DAG(s) 'latest_only_with_trigger' retrieved from /root/miniconda3/envs/project/lib/python3.8/site-packages/airflow/example_dags/example_latest_only_with_trigger.py
[2024-10-08T08:17:55.423+0000] {logging_mixin.py:190} INFO - [2024-10-08T08:17:55.422+0000] {dag.py:3239} INFO - Sync 1 DAGs
[2024-10-08T08:17:55.451+0000] {logging_mixin.py:190} INFO - [2024-10-08T08:17:55.450+0000] {dag.py:4180} INFO - Setting next_dagrun for latest_only_with_trigger to 2024-10-08 04:00:00+00:00, run_after=2024-10-08 08:00:00+00:00
[2024-10-08T08:17:55.483+0000] {processor.py:208} INFO - Processing /root/miniconda3/envs/project/lib/python3.8/site-packages/airflow/example_dags/example_latest_only_with_trigger.py took 0.113 seconds
[2024-10-08T08:19:08.153+0000] {processor.py:186} INFO - Started process (PID=212275) to work on /root/miniconda3/envs/project/lib/python3.8/site-packages/airflow/example_dags/example_latest_only_with_trigger.py
[2024-10-08T08:19:08.156+0000] {processor.py:914} INFO - Processing file /root/miniconda3/envs/project/lib/python3.8/site-packages/airflow/example_dags/example_latest_only_with_trigger.py for tasks to queue
[2024-10-08T08:19:08.159+0000] {logging_mixin.py:190} INFO - [2024-10-08T08:19:08.158+0000] {dagbag.py:588} INFO - Filling up the DagBag from /root/miniconda3/envs/project/lib/python3.8/site-packages/airflow/example_dags/example_latest_only_with_trigger.py
[2024-10-08T08:19:08.171+0000] {processor.py:925} INFO - DAG(s) 'latest_only_with_trigger' retrieved from /root/miniconda3/envs/project/lib/python3.8/site-packages/airflow/example_dags/example_latest_only_with_trigger.py
[2024-10-08T08:19:08.197+0000] {logging_mixin.py:190} INFO - [2024-10-08T08:19:08.196+0000] {dag.py:3239} INFO - Sync 1 DAGs
[2024-10-08T08:19:08.225+0000] {logging_mixin.py:190} INFO - [2024-10-08T08:19:08.225+0000] {dag.py:4180} INFO - Setting next_dagrun for latest_only_with_trigger to 2024-10-08 04:00:00+00:00, run_after=2024-10-08 08:00:00+00:00
[2024-10-08T08:19:08.257+0000] {processor.py:208} INFO - Processing /root/miniconda3/envs/project/lib/python3.8/site-packages/airflow/example_dags/example_latest_only_with_trigger.py took 0.115 seconds
[2024-10-08T08:20:10.747+0000] {processor.py:186} INFO - Started process (PID=212457) to work on /root/miniconda3/envs/project/lib/python3.8/site-packages/airflow/example_dags/example_latest_only_with_trigger.py
[2024-10-08T08:20:10.750+0000] {processor.py:914} INFO - Processing file /root/miniconda3/envs/project/lib/python3.8/site-packages/airflow/example_dags/example_latest_only_with_trigger.py for tasks to queue
[2024-10-08T08:20:10.753+0000] {logging_mixin.py:190} INFO - [2024-10-08T08:20:10.753+0000] {dagbag.py:588} INFO - Filling up the DagBag from /root/miniconda3/envs/project/lib/python3.8/site-packages/airflow/example_dags/example_latest_only_with_trigger.py
[2024-10-08T08:20:10.765+0000] {processor.py:925} INFO - DAG(s) 'latest_only_with_trigger' retrieved from /root/miniconda3/envs/project/lib/python3.8/site-packages/airflow/example_dags/example_latest_only_with_trigger.py
[2024-10-08T08:20:10.791+0000] {logging_mixin.py:190} INFO - [2024-10-08T08:20:10.791+0000] {dag.py:3239} INFO - Sync 1 DAGs
[2024-10-08T08:20:10.819+0000] {logging_mixin.py:190} INFO - [2024-10-08T08:20:10.819+0000] {dag.py:4180} INFO - Setting next_dagrun for latest_only_with_trigger to 2024-10-08 04:00:00+00:00, run_after=2024-10-08 08:00:00+00:00
[2024-10-08T08:20:10.854+0000] {processor.py:208} INFO - Processing /root/miniconda3/envs/project/lib/python3.8/site-packages/airflow/example_dags/example_latest_only_with_trigger.py took 0.119 seconds
[2024-10-08T08:21:28.765+0000] {processor.py:186} INFO - Started process (PID=212674) to work on /root/miniconda3/envs/project/lib/python3.8/site-packages/airflow/example_dags/example_latest_only_with_trigger.py
[2024-10-08T08:21:28.768+0000] {processor.py:914} INFO - Processing file /root/miniconda3/envs/project/lib/python3.8/site-packages/airflow/example_dags/example_latest_only_with_trigger.py for tasks to queue
[2024-10-08T08:21:28.771+0000] {logging_mixin.py:190} INFO - [2024-10-08T08:21:28.771+0000] {dagbag.py:588} INFO - Filling up the DagBag from /root/miniconda3/envs/project/lib/python3.8/site-packages/airflow/example_dags/example_latest_only_with_trigger.py
[2024-10-08T08:21:28.783+0000] {processor.py:925} INFO - DAG(s) 'latest_only_with_trigger' retrieved from /root/miniconda3/envs/project/lib/python3.8/site-packages/airflow/example_dags/example_latest_only_with_trigger.py
[2024-10-08T08:21:28.807+0000] {logging_mixin.py:190} INFO - [2024-10-08T08:21:28.807+0000] {dag.py:3239} INFO - Sync 1 DAGs
[2024-10-08T08:21:28.835+0000] {logging_mixin.py:190} INFO - [2024-10-08T08:21:28.835+0000] {dag.py:4180} INFO - Setting next_dagrun for latest_only_with_trigger to 2024-10-08 04:00:00+00:00, run_after=2024-10-08 08:00:00+00:00
[2024-10-08T08:21:28.868+0000] {processor.py:208} INFO - Processing /root/miniconda3/envs/project/lib/python3.8/site-packages/airflow/example_dags/example_latest_only_with_trigger.py took 0.115 seconds
[2024-10-08T08:22:37.950+0000] {processor.py:186} INFO - Started process (PID=212971) to work on /root/miniconda3/envs/project/lib/python3.8/site-packages/airflow/example_dags/example_latest_only_with_trigger.py
[2024-10-08T08:22:37.953+0000] {processor.py:914} INFO - Processing file /root/miniconda3/envs/project/lib/python3.8/site-packages/airflow/example_dags/example_latest_only_with_trigger.py for tasks to queue
[2024-10-08T08:22:37.956+0000] {logging_mixin.py:190} INFO - [2024-10-08T08:22:37.956+0000] {dagbag.py:588} INFO - Filling up the DagBag from /root/miniconda3/envs/project/lib/python3.8/site-packages/airflow/example_dags/example_latest_only_with_trigger.py
[2024-10-08T08:22:37.968+0000] {processor.py:925} INFO - DAG(s) 'latest_only_with_trigger' retrieved from /root/miniconda3/envs/project/lib/python3.8/site-packages/airflow/example_dags/example_latest_only_with_trigger.py
[2024-10-08T08:22:37.992+0000] {logging_mixin.py:190} INFO - [2024-10-08T08:22:37.992+0000] {dag.py:3239} INFO - Sync 1 DAGs
[2024-10-08T08:22:38.020+0000] {logging_mixin.py:190} INFO - [2024-10-08T08:22:38.019+0000] {dag.py:4180} INFO - Setting next_dagrun for latest_only_with_trigger to 2024-10-08 04:00:00+00:00, run_after=2024-10-08 08:00:00+00:00
[2024-10-08T08:22:38.054+0000] {processor.py:208} INFO - Processing /root/miniconda3/envs/project/lib/python3.8/site-packages/airflow/example_dags/example_latest_only_with_trigger.py took 0.116 seconds
[2024-10-08T08:23:41.226+0000] {processor.py:186} INFO - Started process (PID=213154) to work on /root/miniconda3/envs/project/lib/python3.8/site-packages/airflow/example_dags/example_latest_only_with_trigger.py
[2024-10-08T08:23:41.229+0000] {processor.py:914} INFO - Processing file /root/miniconda3/envs/project/lib/python3.8/site-packages/airflow/example_dags/example_latest_only_with_trigger.py for tasks to queue
[2024-10-08T08:23:41.232+0000] {logging_mixin.py:190} INFO - [2024-10-08T08:23:41.232+0000] {dagbag.py:588} INFO - Filling up the DagBag from /root/miniconda3/envs/project/lib/python3.8/site-packages/airflow/example_dags/example_latest_only_with_trigger.py
[2024-10-08T08:23:41.244+0000] {processor.py:925} INFO - DAG(s) 'latest_only_with_trigger' retrieved from /root/miniconda3/envs/project/lib/python3.8/site-packages/airflow/example_dags/example_latest_only_with_trigger.py
[2024-10-08T08:23:41.268+0000] {logging_mixin.py:190} INFO - [2024-10-08T08:23:41.268+0000] {dag.py:3239} INFO - Sync 1 DAGs
[2024-10-08T08:23:41.296+0000] {logging_mixin.py:190} INFO - [2024-10-08T08:23:41.296+0000] {dag.py:4180} INFO - Setting next_dagrun for latest_only_with_trigger to 2024-10-08 04:00:00+00:00, run_after=2024-10-08 08:00:00+00:00
[2024-10-08T08:23:41.330+0000] {processor.py:208} INFO - Processing /root/miniconda3/envs/project/lib/python3.8/site-packages/airflow/example_dags/example_latest_only_with_trigger.py took 0.115 seconds
[2024-10-08T08:37:31.172+0000] {processor.py:186} INFO - Started process (PID=215050) to work on /root/miniconda3/envs/project/lib/python3.8/site-packages/airflow/example_dags/example_latest_only_with_trigger.py
[2024-10-08T08:37:31.175+0000] {processor.py:914} INFO - Processing file /root/miniconda3/envs/project/lib/python3.8/site-packages/airflow/example_dags/example_latest_only_with_trigger.py for tasks to queue
[2024-10-08T08:37:31.179+0000] {logging_mixin.py:190} INFO - [2024-10-08T08:37:31.178+0000] {dagbag.py:588} INFO - Filling up the DagBag from /root/miniconda3/envs/project/lib/python3.8/site-packages/airflow/example_dags/example_latest_only_with_trigger.py
[2024-10-08T08:37:31.190+0000] {processor.py:925} INFO - DAG(s) 'latest_only_with_trigger' retrieved from /root/miniconda3/envs/project/lib/python3.8/site-packages/airflow/example_dags/example_latest_only_with_trigger.py
[2024-10-08T08:37:31.215+0000] {logging_mixin.py:190} INFO - [2024-10-08T08:37:31.215+0000] {dag.py:3239} INFO - Sync 1 DAGs
[2024-10-08T08:37:31.244+0000] {logging_mixin.py:190} INFO - [2024-10-08T08:37:31.244+0000] {dag.py:4180} INFO - Setting next_dagrun for latest_only_with_trigger to 2024-10-08 04:00:00+00:00, run_after=2024-10-08 08:00:00+00:00
[2024-10-08T08:37:31.276+0000] {processor.py:208} INFO - Processing /root/miniconda3/envs/project/lib/python3.8/site-packages/airflow/example_dags/example_latest_only_with_trigger.py took 0.117 seconds
[2024-10-08T08:38:42.643+0000] {processor.py:186} INFO - Started process (PID=215519) to work on /root/miniconda3/envs/project/lib/python3.8/site-packages/airflow/example_dags/example_latest_only_with_trigger.py
[2024-10-08T08:38:42.646+0000] {processor.py:914} INFO - Processing file /root/miniconda3/envs/project/lib/python3.8/site-packages/airflow/example_dags/example_latest_only_with_trigger.py for tasks to queue
[2024-10-08T08:38:42.651+0000] {logging_mixin.py:190} INFO - [2024-10-08T08:38:42.650+0000] {dagbag.py:588} INFO - Filling up the DagBag from /root/miniconda3/envs/project/lib/python3.8/site-packages/airflow/example_dags/example_latest_only_with_trigger.py
[2024-10-08T08:38:42.662+0000] {processor.py:925} INFO - DAG(s) 'latest_only_with_trigger' retrieved from /root/miniconda3/envs/project/lib/python3.8/site-packages/airflow/example_dags/example_latest_only_with_trigger.py
[2024-10-08T08:38:42.686+0000] {logging_mixin.py:190} INFO - [2024-10-08T08:38:42.686+0000] {dag.py:3239} INFO - Sync 1 DAGs
[2024-10-08T08:38:42.714+0000] {logging_mixin.py:190} INFO - [2024-10-08T08:38:42.714+0000] {dag.py:4180} INFO - Setting next_dagrun for latest_only_with_trigger to 2024-10-08 04:00:00+00:00, run_after=2024-10-08 08:00:00+00:00
[2024-10-08T08:38:42.749+0000] {processor.py:208} INFO - Processing /root/miniconda3/envs/project/lib/python3.8/site-packages/airflow/example_dags/example_latest_only_with_trigger.py took 0.120 seconds
[2024-10-08T08:39:54.733+0000] {processor.py:186} INFO - Started process (PID=215747) to work on /root/miniconda3/envs/project/lib/python3.8/site-packages/airflow/example_dags/example_latest_only_with_trigger.py
[2024-10-08T08:39:54.737+0000] {processor.py:914} INFO - Processing file /root/miniconda3/envs/project/lib/python3.8/site-packages/airflow/example_dags/example_latest_only_with_trigger.py for tasks to queue
[2024-10-08T08:39:54.741+0000] {logging_mixin.py:190} INFO - [2024-10-08T08:39:54.740+0000] {dagbag.py:588} INFO - Filling up the DagBag from /root/miniconda3/envs/project/lib/python3.8/site-packages/airflow/example_dags/example_latest_only_with_trigger.py
[2024-10-08T08:39:54.753+0000] {processor.py:925} INFO - DAG(s) 'latest_only_with_trigger' retrieved from /root/miniconda3/envs/project/lib/python3.8/site-packages/airflow/example_dags/example_latest_only_with_trigger.py
[2024-10-08T08:39:54.778+0000] {logging_mixin.py:190} INFO - [2024-10-08T08:39:54.778+0000] {dag.py:3239} INFO - Sync 1 DAGs
[2024-10-08T08:39:54.807+0000] {logging_mixin.py:190} INFO - [2024-10-08T08:39:54.806+0000] {dag.py:4180} INFO - Setting next_dagrun for latest_only_with_trigger to 2024-10-08 04:00:00+00:00, run_after=2024-10-08 08:00:00+00:00
[2024-10-08T08:39:54.839+0000] {processor.py:208} INFO - Processing /root/miniconda3/envs/project/lib/python3.8/site-packages/airflow/example_dags/example_latest_only_with_trigger.py took 0.118 seconds
[2024-10-08T08:41:03.325+0000] {processor.py:186} INFO - Started process (PID=216093) to work on /root/miniconda3/envs/project/lib/python3.8/site-packages/airflow/example_dags/example_latest_only_with_trigger.py
[2024-10-08T08:41:03.328+0000] {processor.py:914} INFO - Processing file /root/miniconda3/envs/project/lib/python3.8/site-packages/airflow/example_dags/example_latest_only_with_trigger.py for tasks to queue
[2024-10-08T08:41:03.332+0000] {logging_mixin.py:190} INFO - [2024-10-08T08:41:03.332+0000] {dagbag.py:588} INFO - Filling up the DagBag from /root/miniconda3/envs/project/lib/python3.8/site-packages/airflow/example_dags/example_latest_only_with_trigger.py
[2024-10-08T08:41:03.344+0000] {processor.py:925} INFO - DAG(s) 'latest_only_with_trigger' retrieved from /root/miniconda3/envs/project/lib/python3.8/site-packages/airflow/example_dags/example_latest_only_with_trigger.py
[2024-10-08T08:41:03.370+0000] {logging_mixin.py:190} INFO - [2024-10-08T08:41:03.370+0000] {dag.py:3239} INFO - Sync 1 DAGs
[2024-10-08T08:41:03.399+0000] {logging_mixin.py:190} INFO - [2024-10-08T08:41:03.398+0000] {dag.py:4180} INFO - Setting next_dagrun for latest_only_with_trigger to 2024-10-08 04:00:00+00:00, run_after=2024-10-08 08:00:00+00:00
[2024-10-08T08:41:03.433+0000] {processor.py:208} INFO - Processing /root/miniconda3/envs/project/lib/python3.8/site-packages/airflow/example_dags/example_latest_only_with_trigger.py took 0.120 seconds
[2024-10-08T08:42:10.303+0000] {processor.py:186} INFO - Started process (PID=216552) to work on /root/miniconda3/envs/project/lib/python3.8/site-packages/airflow/example_dags/example_latest_only_with_trigger.py
[2024-10-08T08:42:10.306+0000] {processor.py:914} INFO - Processing file /root/miniconda3/envs/project/lib/python3.8/site-packages/airflow/example_dags/example_latest_only_with_trigger.py for tasks to queue
[2024-10-08T08:42:10.309+0000] {logging_mixin.py:190} INFO - [2024-10-08T08:42:10.309+0000] {dagbag.py:588} INFO - Filling up the DagBag from /root/miniconda3/envs/project/lib/python3.8/site-packages/airflow/example_dags/example_latest_only_with_trigger.py
[2024-10-08T08:42:10.321+0000] {processor.py:925} INFO - DAG(s) 'latest_only_with_trigger' retrieved from /root/miniconda3/envs/project/lib/python3.8/site-packages/airflow/example_dags/example_latest_only_with_trigger.py
[2024-10-08T08:42:10.346+0000] {logging_mixin.py:190} INFO - [2024-10-08T08:42:10.346+0000] {dag.py:3239} INFO - Sync 1 DAGs
[2024-10-08T08:42:10.374+0000] {logging_mixin.py:190} INFO - [2024-10-08T08:42:10.374+0000] {dag.py:4180} INFO - Setting next_dagrun for latest_only_with_trigger to 2024-10-08 04:00:00+00:00, run_after=2024-10-08 08:00:00+00:00
[2024-10-08T08:42:10.410+0000] {processor.py:208} INFO - Processing /root/miniconda3/envs/project/lib/python3.8/site-packages/airflow/example_dags/example_latest_only_with_trigger.py took 0.117 seconds
[2024-10-08T08:43:17.127+0000] {processor.py:186} INFO - Started process (PID=216770) to work on /root/miniconda3/envs/project/lib/python3.8/site-packages/airflow/example_dags/example_latest_only_with_trigger.py
[2024-10-08T08:43:17.130+0000] {processor.py:914} INFO - Processing file /root/miniconda3/envs/project/lib/python3.8/site-packages/airflow/example_dags/example_latest_only_with_trigger.py for tasks to queue
[2024-10-08T08:43:17.133+0000] {logging_mixin.py:190} INFO - [2024-10-08T08:43:17.133+0000] {dagbag.py:588} INFO - Filling up the DagBag from /root/miniconda3/envs/project/lib/python3.8/site-packages/airflow/example_dags/example_latest_only_with_trigger.py
[2024-10-08T08:43:17.146+0000] {processor.py:925} INFO - DAG(s) 'latest_only_with_trigger' retrieved from /root/miniconda3/envs/project/lib/python3.8/site-packages/airflow/example_dags/example_latest_only_with_trigger.py
[2024-10-08T08:43:17.172+0000] {logging_mixin.py:190} INFO - [2024-10-08T08:43:17.171+0000] {dag.py:3239} INFO - Sync 1 DAGs
[2024-10-08T08:43:17.199+0000] {logging_mixin.py:190} INFO - [2024-10-08T08:43:17.199+0000] {dag.py:4180} INFO - Setting next_dagrun for latest_only_with_trigger to 2024-10-08 04:00:00+00:00, run_after=2024-10-08 08:00:00+00:00
[2024-10-08T08:43:17.232+0000] {processor.py:208} INFO - Processing /root/miniconda3/envs/project/lib/python3.8/site-packages/airflow/example_dags/example_latest_only_with_trigger.py took 0.117 seconds
[2024-10-08T08:44:25.875+0000] {processor.py:186} INFO - Started process (PID=216991) to work on /root/miniconda3/envs/project/lib/python3.8/site-packages/airflow/example_dags/example_latest_only_with_trigger.py
[2024-10-08T08:44:25.878+0000] {processor.py:914} INFO - Processing file /root/miniconda3/envs/project/lib/python3.8/site-packages/airflow/example_dags/example_latest_only_with_trigger.py for tasks to queue
[2024-10-08T08:44:25.883+0000] {logging_mixin.py:190} INFO - [2024-10-08T08:44:25.882+0000] {dagbag.py:588} INFO - Filling up the DagBag from /root/miniconda3/envs/project/lib/python3.8/site-packages/airflow/example_dags/example_latest_only_with_trigger.py
[2024-10-08T08:44:25.898+0000] {processor.py:925} INFO - DAG(s) 'latest_only_with_trigger' retrieved from /root/miniconda3/envs/project/lib/python3.8/site-packages/airflow/example_dags/example_latest_only_with_trigger.py
[2024-10-08T08:44:25.923+0000] {logging_mixin.py:190} INFO - [2024-10-08T08:44:25.922+0000] {dag.py:3239} INFO - Sync 1 DAGs
[2024-10-08T08:44:25.951+0000] {logging_mixin.py:190} INFO - [2024-10-08T08:44:25.951+0000] {dag.py:4180} INFO - Setting next_dagrun for latest_only_with_trigger to 2024-10-08 04:00:00+00:00, run_after=2024-10-08 08:00:00+00:00
[2024-10-08T08:44:25.987+0000] {processor.py:208} INFO - Processing /root/miniconda3/envs/project/lib/python3.8/site-packages/airflow/example_dags/example_latest_only_with_trigger.py took 0.122 seconds
[2024-10-08T08:45:41.244+0000] {processor.py:186} INFO - Started process (PID=217283) to work on /root/miniconda3/envs/project/lib/python3.8/site-packages/airflow/example_dags/example_latest_only_with_trigger.py
[2024-10-08T08:45:41.247+0000] {processor.py:914} INFO - Processing file /root/miniconda3/envs/project/lib/python3.8/site-packages/airflow/example_dags/example_latest_only_with_trigger.py for tasks to queue
[2024-10-08T08:45:41.250+0000] {logging_mixin.py:190} INFO - [2024-10-08T08:45:41.250+0000] {dagbag.py:588} INFO - Filling up the DagBag from /root/miniconda3/envs/project/lib/python3.8/site-packages/airflow/example_dags/example_latest_only_with_trigger.py
[2024-10-08T08:45:41.263+0000] {processor.py:925} INFO - DAG(s) 'latest_only_with_trigger' retrieved from /root/miniconda3/envs/project/lib/python3.8/site-packages/airflow/example_dags/example_latest_only_with_trigger.py
[2024-10-08T08:45:41.289+0000] {logging_mixin.py:190} INFO - [2024-10-08T08:45:41.288+0000] {dag.py:3239} INFO - Sync 1 DAGs
[2024-10-08T08:45:41.316+0000] {logging_mixin.py:190} INFO - [2024-10-08T08:45:41.316+0000] {dag.py:4180} INFO - Setting next_dagrun for latest_only_with_trigger to 2024-10-08 04:00:00+00:00, run_after=2024-10-08 08:00:00+00:00
[2024-10-08T08:45:41.348+0000] {processor.py:208} INFO - Processing /root/miniconda3/envs/project/lib/python3.8/site-packages/airflow/example_dags/example_latest_only_with_trigger.py took 0.116 seconds
[2024-10-08T08:46:52.252+0000] {processor.py:186} INFO - Started process (PID=217579) to work on /root/miniconda3/envs/project/lib/python3.8/site-packages/airflow/example_dags/example_latest_only_with_trigger.py
[2024-10-08T08:46:52.255+0000] {processor.py:914} INFO - Processing file /root/miniconda3/envs/project/lib/python3.8/site-packages/airflow/example_dags/example_latest_only_with_trigger.py for tasks to queue
[2024-10-08T08:46:52.258+0000] {logging_mixin.py:190} INFO - [2024-10-08T08:46:52.258+0000] {dagbag.py:588} INFO - Filling up the DagBag from /root/miniconda3/envs/project/lib/python3.8/site-packages/airflow/example_dags/example_latest_only_with_trigger.py
[2024-10-08T08:46:52.270+0000] {processor.py:925} INFO - DAG(s) 'latest_only_with_trigger' retrieved from /root/miniconda3/envs/project/lib/python3.8/site-packages/airflow/example_dags/example_latest_only_with_trigger.py
[2024-10-08T08:46:52.294+0000] {logging_mixin.py:190} INFO - [2024-10-08T08:46:52.294+0000] {dag.py:3239} INFO - Sync 1 DAGs
[2024-10-08T08:46:52.321+0000] {logging_mixin.py:190} INFO - [2024-10-08T08:46:52.321+0000] {dag.py:4180} INFO - Setting next_dagrun for latest_only_with_trigger to 2024-10-08 04:00:00+00:00, run_after=2024-10-08 08:00:00+00:00
[2024-10-08T08:46:52.354+0000] {processor.py:208} INFO - Processing /root/miniconda3/envs/project/lib/python3.8/site-packages/airflow/example_dags/example_latest_only_with_trigger.py took 0.113 seconds
[2024-10-08T08:48:04.036+0000] {processor.py:186} INFO - Started process (PID=217931) to work on /root/miniconda3/envs/project/lib/python3.8/site-packages/airflow/example_dags/example_latest_only_with_trigger.py
[2024-10-08T08:48:04.039+0000] {processor.py:914} INFO - Processing file /root/miniconda3/envs/project/lib/python3.8/site-packages/airflow/example_dags/example_latest_only_with_trigger.py for tasks to queue
[2024-10-08T08:48:04.043+0000] {logging_mixin.py:190} INFO - [2024-10-08T08:48:04.042+0000] {dagbag.py:588} INFO - Filling up the DagBag from /root/miniconda3/envs/project/lib/python3.8/site-packages/airflow/example_dags/example_latest_only_with_trigger.py
[2024-10-08T08:48:04.058+0000] {processor.py:925} INFO - DAG(s) 'latest_only_with_trigger' retrieved from /root/miniconda3/envs/project/lib/python3.8/site-packages/airflow/example_dags/example_latest_only_with_trigger.py
[2024-10-08T08:48:04.083+0000] {logging_mixin.py:190} INFO - [2024-10-08T08:48:04.083+0000] {dag.py:3239} INFO - Sync 1 DAGs
[2024-10-08T08:48:04.112+0000] {logging_mixin.py:190} INFO - [2024-10-08T08:48:04.111+0000] {dag.py:4180} INFO - Setting next_dagrun for latest_only_with_trigger to 2024-10-08 04:00:00+00:00, run_after=2024-10-08 08:00:00+00:00
[2024-10-08T08:48:04.145+0000] {processor.py:208} INFO - Processing /root/miniconda3/envs/project/lib/python3.8/site-packages/airflow/example_dags/example_latest_only_with_trigger.py took 0.122 seconds
[2024-10-08T08:49:15.973+0000] {processor.py:186} INFO - Started process (PID=218155) to work on /root/miniconda3/envs/project/lib/python3.8/site-packages/airflow/example_dags/example_latest_only_with_trigger.py
[2024-10-08T08:49:15.976+0000] {processor.py:914} INFO - Processing file /root/miniconda3/envs/project/lib/python3.8/site-packages/airflow/example_dags/example_latest_only_with_trigger.py for tasks to queue
[2024-10-08T08:49:15.979+0000] {logging_mixin.py:190} INFO - [2024-10-08T08:49:15.978+0000] {dagbag.py:588} INFO - Filling up the DagBag from /root/miniconda3/envs/project/lib/python3.8/site-packages/airflow/example_dags/example_latest_only_with_trigger.py
[2024-10-08T08:49:15.990+0000] {processor.py:925} INFO - DAG(s) 'latest_only_with_trigger' retrieved from /root/miniconda3/envs/project/lib/python3.8/site-packages/airflow/example_dags/example_latest_only_with_trigger.py
[2024-10-08T08:49:16.014+0000] {logging_mixin.py:190} INFO - [2024-10-08T08:49:16.014+0000] {dag.py:3239} INFO - Sync 1 DAGs
[2024-10-08T08:49:16.042+0000] {logging_mixin.py:190} INFO - [2024-10-08T08:49:16.042+0000] {dag.py:4180} INFO - Setting next_dagrun for latest_only_with_trigger to 2024-10-08 04:00:00+00:00, run_after=2024-10-08 08:00:00+00:00
[2024-10-08T08:49:16.078+0000] {processor.py:208} INFO - Processing /root/miniconda3/envs/project/lib/python3.8/site-packages/airflow/example_dags/example_latest_only_with_trigger.py took 0.116 seconds
[2024-10-08T08:50:26.620+0000] {processor.py:186} INFO - Started process (PID=218381) to work on /root/miniconda3/envs/project/lib/python3.8/site-packages/airflow/example_dags/example_latest_only_with_trigger.py
[2024-10-08T08:50:26.623+0000] {processor.py:914} INFO - Processing file /root/miniconda3/envs/project/lib/python3.8/site-packages/airflow/example_dags/example_latest_only_with_trigger.py for tasks to queue
[2024-10-08T08:50:26.626+0000] {logging_mixin.py:190} INFO - [2024-10-08T08:50:26.625+0000] {dagbag.py:588} INFO - Filling up the DagBag from /root/miniconda3/envs/project/lib/python3.8/site-packages/airflow/example_dags/example_latest_only_with_trigger.py
[2024-10-08T08:50:26.638+0000] {processor.py:925} INFO - DAG(s) 'latest_only_with_trigger' retrieved from /root/miniconda3/envs/project/lib/python3.8/site-packages/airflow/example_dags/example_latest_only_with_trigger.py
[2024-10-08T08:50:26.663+0000] {logging_mixin.py:190} INFO - [2024-10-08T08:50:26.662+0000] {dag.py:3239} INFO - Sync 1 DAGs
[2024-10-08T08:50:26.690+0000] {logging_mixin.py:190} INFO - [2024-10-08T08:50:26.690+0000] {dag.py:4180} INFO - Setting next_dagrun for latest_only_with_trigger to 2024-10-08 04:00:00+00:00, run_after=2024-10-08 08:00:00+00:00
[2024-10-08T08:50:26.729+0000] {processor.py:208} INFO - Processing /root/miniconda3/envs/project/lib/python3.8/site-packages/airflow/example_dags/example_latest_only_with_trigger.py took 0.121 seconds
[2024-10-08T09:05:36.458+0000] {processor.py:186} INFO - Started process (PID=220054) to work on /root/miniconda3/envs/project/lib/python3.8/site-packages/airflow/example_dags/example_latest_only_with_trigger.py
[2024-10-08T09:05:36.461+0000] {processor.py:914} INFO - Processing file /root/miniconda3/envs/project/lib/python3.8/site-packages/airflow/example_dags/example_latest_only_with_trigger.py for tasks to queue
[2024-10-08T09:05:36.464+0000] {logging_mixin.py:190} INFO - [2024-10-08T09:05:36.464+0000] {dagbag.py:588} INFO - Filling up the DagBag from /root/miniconda3/envs/project/lib/python3.8/site-packages/airflow/example_dags/example_latest_only_with_trigger.py
[2024-10-08T09:05:36.476+0000] {processor.py:925} INFO - DAG(s) 'latest_only_with_trigger' retrieved from /root/miniconda3/envs/project/lib/python3.8/site-packages/airflow/example_dags/example_latest_only_with_trigger.py
[2024-10-08T09:05:36.501+0000] {logging_mixin.py:190} INFO - [2024-10-08T09:05:36.501+0000] {dag.py:3239} INFO - Sync 1 DAGs
[2024-10-08T09:05:36.531+0000] {logging_mixin.py:190} INFO - [2024-10-08T09:05:36.530+0000] {dag.py:4180} INFO - Setting next_dagrun for latest_only_with_trigger to 2024-10-08 04:00:00+00:00, run_after=2024-10-08 08:00:00+00:00
[2024-10-08T09:05:36.563+0000] {processor.py:208} INFO - Processing /root/miniconda3/envs/project/lib/python3.8/site-packages/airflow/example_dags/example_latest_only_with_trigger.py took 0.118 seconds
[2024-10-08T09:09:09.837+0000] {processor.py:186} INFO - Started process (PID=220840) to work on /root/miniconda3/envs/project/lib/python3.8/site-packages/airflow/example_dags/example_latest_only_with_trigger.py
[2024-10-08T09:09:09.840+0000] {processor.py:914} INFO - Processing file /root/miniconda3/envs/project/lib/python3.8/site-packages/airflow/example_dags/example_latest_only_with_trigger.py for tasks to queue
[2024-10-08T09:09:09.843+0000] {logging_mixin.py:190} INFO - [2024-10-08T09:09:09.842+0000] {dagbag.py:588} INFO - Filling up the DagBag from /root/miniconda3/envs/project/lib/python3.8/site-packages/airflow/example_dags/example_latest_only_with_trigger.py
[2024-10-08T09:09:09.854+0000] {processor.py:925} INFO - DAG(s) 'latest_only_with_trigger' retrieved from /root/miniconda3/envs/project/lib/python3.8/site-packages/airflow/example_dags/example_latest_only_with_trigger.py
[2024-10-08T09:09:09.878+0000] {logging_mixin.py:190} INFO - [2024-10-08T09:09:09.877+0000] {dag.py:3239} INFO - Sync 1 DAGs
[2024-10-08T09:09:09.906+0000] {logging_mixin.py:190} INFO - [2024-10-08T09:09:09.906+0000] {dag.py:4180} INFO - Setting next_dagrun for latest_only_with_trigger to 2024-10-08 04:00:00+00:00, run_after=2024-10-08 08:00:00+00:00
[2024-10-08T09:09:09.939+0000] {processor.py:208} INFO - Processing /root/miniconda3/envs/project/lib/python3.8/site-packages/airflow/example_dags/example_latest_only_with_trigger.py took 0.114 seconds
[2024-10-08T09:10:38.146+0000] {processor.py:186} INFO - Started process (PID=221557) to work on /root/miniconda3/envs/project/lib/python3.8/site-packages/airflow/example_dags/example_latest_only_with_trigger.py
[2024-10-08T09:10:38.150+0000] {processor.py:914} INFO - Processing file /root/miniconda3/envs/project/lib/python3.8/site-packages/airflow/example_dags/example_latest_only_with_trigger.py for tasks to queue
[2024-10-08T09:10:38.153+0000] {logging_mixin.py:190} INFO - [2024-10-08T09:10:38.153+0000] {dagbag.py:588} INFO - Filling up the DagBag from /root/miniconda3/envs/project/lib/python3.8/site-packages/airflow/example_dags/example_latest_only_with_trigger.py
[2024-10-08T09:10:38.165+0000] {processor.py:925} INFO - DAG(s) 'latest_only_with_trigger' retrieved from /root/miniconda3/envs/project/lib/python3.8/site-packages/airflow/example_dags/example_latest_only_with_trigger.py
[2024-10-08T09:10:38.189+0000] {logging_mixin.py:190} INFO - [2024-10-08T09:10:38.189+0000] {dag.py:3239} INFO - Sync 1 DAGs
[2024-10-08T09:10:38.219+0000] {logging_mixin.py:190} INFO - [2024-10-08T09:10:38.219+0000] {dag.py:4180} INFO - Setting next_dagrun for latest_only_with_trigger to 2024-10-08 04:00:00+00:00, run_after=2024-10-08 08:00:00+00:00
[2024-10-08T09:10:38.256+0000] {processor.py:208} INFO - Processing /root/miniconda3/envs/project/lib/python3.8/site-packages/airflow/example_dags/example_latest_only_with_trigger.py took 0.121 seconds
[2024-10-08T09:11:48.594+0000] {processor.py:186} INFO - Started process (PID=221844) to work on /root/miniconda3/envs/project/lib/python3.8/site-packages/airflow/example_dags/example_latest_only_with_trigger.py
[2024-10-08T09:11:48.597+0000] {processor.py:914} INFO - Processing file /root/miniconda3/envs/project/lib/python3.8/site-packages/airflow/example_dags/example_latest_only_with_trigger.py for tasks to queue
[2024-10-08T09:11:48.601+0000] {logging_mixin.py:190} INFO - [2024-10-08T09:11:48.600+0000] {dagbag.py:588} INFO - Filling up the DagBag from /root/miniconda3/envs/project/lib/python3.8/site-packages/airflow/example_dags/example_latest_only_with_trigger.py
[2024-10-08T09:11:48.612+0000] {processor.py:925} INFO - DAG(s) 'latest_only_with_trigger' retrieved from /root/miniconda3/envs/project/lib/python3.8/site-packages/airflow/example_dags/example_latest_only_with_trigger.py
[2024-10-08T09:11:48.637+0000] {logging_mixin.py:190} INFO - [2024-10-08T09:11:48.636+0000] {dag.py:3239} INFO - Sync 1 DAGs
[2024-10-08T09:11:48.665+0000] {logging_mixin.py:190} INFO - [2024-10-08T09:11:48.664+0000] {dag.py:4180} INFO - Setting next_dagrun for latest_only_with_trigger to 2024-10-08 04:00:00+00:00, run_after=2024-10-08 08:00:00+00:00
[2024-10-08T09:11:48.698+0000] {processor.py:208} INFO - Processing /root/miniconda3/envs/project/lib/python3.8/site-packages/airflow/example_dags/example_latest_only_with_trigger.py took 0.113 seconds
[2024-10-08T09:12:52.418+0000] {processor.py:186} INFO - Started process (PID=222174) to work on /root/miniconda3/envs/project/lib/python3.8/site-packages/airflow/example_dags/example_latest_only_with_trigger.py
[2024-10-08T09:12:52.421+0000] {processor.py:914} INFO - Processing file /root/miniconda3/envs/project/lib/python3.8/site-packages/airflow/example_dags/example_latest_only_with_trigger.py for tasks to queue
[2024-10-08T09:12:52.425+0000] {logging_mixin.py:190} INFO - [2024-10-08T09:12:52.425+0000] {dagbag.py:588} INFO - Filling up the DagBag from /root/miniconda3/envs/project/lib/python3.8/site-packages/airflow/example_dags/example_latest_only_with_trigger.py
[2024-10-08T09:12:52.437+0000] {processor.py:925} INFO - DAG(s) 'latest_only_with_trigger' retrieved from /root/miniconda3/envs/project/lib/python3.8/site-packages/airflow/example_dags/example_latest_only_with_trigger.py
[2024-10-08T09:12:52.462+0000] {logging_mixin.py:190} INFO - [2024-10-08T09:12:52.462+0000] {dag.py:3239} INFO - Sync 1 DAGs
[2024-10-08T09:12:52.491+0000] {logging_mixin.py:190} INFO - [2024-10-08T09:12:52.491+0000] {dag.py:4180} INFO - Setting next_dagrun for latest_only_with_trigger to 2024-10-08 04:00:00+00:00, run_after=2024-10-08 08:00:00+00:00
[2024-10-08T09:12:52.524+0000] {processor.py:208} INFO - Processing /root/miniconda3/envs/project/lib/python3.8/site-packages/airflow/example_dags/example_latest_only_with_trigger.py took 0.117 seconds
[2024-10-08T09:14:01.013+0000] {processor.py:186} INFO - Started process (PID=222520) to work on /root/miniconda3/envs/project/lib/python3.8/site-packages/airflow/example_dags/example_latest_only_with_trigger.py
[2024-10-08T09:14:01.016+0000] {processor.py:914} INFO - Processing file /root/miniconda3/envs/project/lib/python3.8/site-packages/airflow/example_dags/example_latest_only_with_trigger.py for tasks to queue
[2024-10-08T09:14:01.020+0000] {logging_mixin.py:190} INFO - [2024-10-08T09:14:01.020+0000] {dagbag.py:588} INFO - Filling up the DagBag from /root/miniconda3/envs/project/lib/python3.8/site-packages/airflow/example_dags/example_latest_only_with_trigger.py
[2024-10-08T09:14:01.031+0000] {processor.py:925} INFO - DAG(s) 'latest_only_with_trigger' retrieved from /root/miniconda3/envs/project/lib/python3.8/site-packages/airflow/example_dags/example_latest_only_with_trigger.py
[2024-10-08T09:14:01.056+0000] {logging_mixin.py:190} INFO - [2024-10-08T09:14:01.056+0000] {dag.py:3239} INFO - Sync 1 DAGs
[2024-10-08T09:14:01.084+0000] {logging_mixin.py:190} INFO - [2024-10-08T09:14:01.084+0000] {dag.py:4180} INFO - Setting next_dagrun for latest_only_with_trigger to 2024-10-08 04:00:00+00:00, run_after=2024-10-08 08:00:00+00:00
[2024-10-08T09:14:01.118+0000] {processor.py:208} INFO - Processing /root/miniconda3/envs/project/lib/python3.8/site-packages/airflow/example_dags/example_latest_only_with_trigger.py took 0.117 seconds
[2024-10-08T09:15:04.103+0000] {processor.py:186} INFO - Started process (PID=222783) to work on /root/miniconda3/envs/project/lib/python3.8/site-packages/airflow/example_dags/example_latest_only_with_trigger.py
[2024-10-08T09:15:04.106+0000] {processor.py:914} INFO - Processing file /root/miniconda3/envs/project/lib/python3.8/site-packages/airflow/example_dags/example_latest_only_with_trigger.py for tasks to queue
[2024-10-08T09:15:04.110+0000] {logging_mixin.py:190} INFO - [2024-10-08T09:15:04.109+0000] {dagbag.py:588} INFO - Filling up the DagBag from /root/miniconda3/envs/project/lib/python3.8/site-packages/airflow/example_dags/example_latest_only_with_trigger.py
[2024-10-08T09:15:04.122+0000] {processor.py:925} INFO - DAG(s) 'latest_only_with_trigger' retrieved from /root/miniconda3/envs/project/lib/python3.8/site-packages/airflow/example_dags/example_latest_only_with_trigger.py
[2024-10-08T09:15:04.147+0000] {logging_mixin.py:190} INFO - [2024-10-08T09:15:04.147+0000] {dag.py:3239} INFO - Sync 1 DAGs
[2024-10-08T09:15:04.175+0000] {logging_mixin.py:190} INFO - [2024-10-08T09:15:04.175+0000] {dag.py:4180} INFO - Setting next_dagrun for latest_only_with_trigger to 2024-10-08 04:00:00+00:00, run_after=2024-10-08 08:00:00+00:00
[2024-10-08T09:15:04.209+0000] {processor.py:208} INFO - Processing /root/miniconda3/envs/project/lib/python3.8/site-packages/airflow/example_dags/example_latest_only_with_trigger.py took 0.117 seconds
[2024-10-08T09:16:19.990+0000] {processor.py:186} INFO - Started process (PID=223021) to work on /root/miniconda3/envs/project/lib/python3.8/site-packages/airflow/example_dags/example_latest_only_with_trigger.py
[2024-10-08T09:16:19.993+0000] {processor.py:914} INFO - Processing file /root/miniconda3/envs/project/lib/python3.8/site-packages/airflow/example_dags/example_latest_only_with_trigger.py for tasks to queue
[2024-10-08T09:16:19.997+0000] {logging_mixin.py:190} INFO - [2024-10-08T09:16:19.996+0000] {dagbag.py:588} INFO - Filling up the DagBag from /root/miniconda3/envs/project/lib/python3.8/site-packages/airflow/example_dags/example_latest_only_with_trigger.py
[2024-10-08T09:16:20.008+0000] {processor.py:925} INFO - DAG(s) 'latest_only_with_trigger' retrieved from /root/miniconda3/envs/project/lib/python3.8/site-packages/airflow/example_dags/example_latest_only_with_trigger.py
[2024-10-08T09:16:20.042+0000] {logging_mixin.py:190} INFO - [2024-10-08T09:16:20.042+0000] {dag.py:3239} INFO - Sync 1 DAGs
[2024-10-08T09:16:20.072+0000] {logging_mixin.py:190} INFO - [2024-10-08T09:16:20.072+0000] {dag.py:4180} INFO - Setting next_dagrun for latest_only_with_trigger to 2024-10-08 04:00:00+00:00, run_after=2024-10-08 08:00:00+00:00
[2024-10-08T09:16:20.107+0000] {processor.py:208} INFO - Processing /root/miniconda3/envs/project/lib/python3.8/site-packages/airflow/example_dags/example_latest_only_with_trigger.py took 0.129 seconds
[2024-10-08T09:17:29.819+0000] {processor.py:186} INFO - Started process (PID=223252) to work on /root/miniconda3/envs/project/lib/python3.8/site-packages/airflow/example_dags/example_latest_only_with_trigger.py
[2024-10-08T09:17:29.822+0000] {processor.py:914} INFO - Processing file /root/miniconda3/envs/project/lib/python3.8/site-packages/airflow/example_dags/example_latest_only_with_trigger.py for tasks to queue
[2024-10-08T09:17:29.825+0000] {logging_mixin.py:190} INFO - [2024-10-08T09:17:29.825+0000] {dagbag.py:588} INFO - Filling up the DagBag from /root/miniconda3/envs/project/lib/python3.8/site-packages/airflow/example_dags/example_latest_only_with_trigger.py
[2024-10-08T09:17:29.837+0000] {processor.py:925} INFO - DAG(s) 'latest_only_with_trigger' retrieved from /root/miniconda3/envs/project/lib/python3.8/site-packages/airflow/example_dags/example_latest_only_with_trigger.py
[2024-10-08T09:17:29.861+0000] {logging_mixin.py:190} INFO - [2024-10-08T09:17:29.861+0000] {dag.py:3239} INFO - Sync 1 DAGs
[2024-10-08T09:17:29.888+0000] {logging_mixin.py:190} INFO - [2024-10-08T09:17:29.888+0000] {dag.py:4180} INFO - Setting next_dagrun for latest_only_with_trigger to 2024-10-08 04:00:00+00:00, run_after=2024-10-08 08:00:00+00:00
[2024-10-08T09:17:29.921+0000] {processor.py:208} INFO - Processing /root/miniconda3/envs/project/lib/python3.8/site-packages/airflow/example_dags/example_latest_only_with_trigger.py took 0.112 seconds
[2024-10-08T09:18:39.318+0000] {processor.py:186} INFO - Started process (PID=223480) to work on /root/miniconda3/envs/project/lib/python3.8/site-packages/airflow/example_dags/example_latest_only_with_trigger.py
[2024-10-08T09:18:39.322+0000] {processor.py:914} INFO - Processing file /root/miniconda3/envs/project/lib/python3.8/site-packages/airflow/example_dags/example_latest_only_with_trigger.py for tasks to queue
[2024-10-08T09:18:39.325+0000] {logging_mixin.py:190} INFO - [2024-10-08T09:18:39.325+0000] {dagbag.py:588} INFO - Filling up the DagBag from /root/miniconda3/envs/project/lib/python3.8/site-packages/airflow/example_dags/example_latest_only_with_trigger.py
[2024-10-08T09:18:39.337+0000] {processor.py:925} INFO - DAG(s) 'latest_only_with_trigger' retrieved from /root/miniconda3/envs/project/lib/python3.8/site-packages/airflow/example_dags/example_latest_only_with_trigger.py
[2024-10-08T09:18:39.362+0000] {logging_mixin.py:190} INFO - [2024-10-08T09:18:39.361+0000] {dag.py:3239} INFO - Sync 1 DAGs
[2024-10-08T09:18:39.390+0000] {logging_mixin.py:190} INFO - [2024-10-08T09:18:39.390+0000] {dag.py:4180} INFO - Setting next_dagrun for latest_only_with_trigger to 2024-10-08 04:00:00+00:00, run_after=2024-10-08 08:00:00+00:00
[2024-10-08T09:18:39.423+0000] {processor.py:208} INFO - Processing /root/miniconda3/envs/project/lib/python3.8/site-packages/airflow/example_dags/example_latest_only_with_trigger.py took 0.116 seconds
[2024-10-08T09:19:52.793+0000] {processor.py:186} INFO - Started process (PID=223833) to work on /root/miniconda3/envs/project/lib/python3.8/site-packages/airflow/example_dags/example_latest_only_with_trigger.py
[2024-10-08T09:19:52.797+0000] {processor.py:914} INFO - Processing file /root/miniconda3/envs/project/lib/python3.8/site-packages/airflow/example_dags/example_latest_only_with_trigger.py for tasks to queue
[2024-10-08T09:19:52.800+0000] {logging_mixin.py:190} INFO - [2024-10-08T09:19:52.800+0000] {dagbag.py:588} INFO - Filling up the DagBag from /root/miniconda3/envs/project/lib/python3.8/site-packages/airflow/example_dags/example_latest_only_with_trigger.py
[2024-10-08T09:19:52.812+0000] {processor.py:925} INFO - DAG(s) 'latest_only_with_trigger' retrieved from /root/miniconda3/envs/project/lib/python3.8/site-packages/airflow/example_dags/example_latest_only_with_trigger.py
[2024-10-08T09:19:52.836+0000] {logging_mixin.py:190} INFO - [2024-10-08T09:19:52.836+0000] {dag.py:3239} INFO - Sync 1 DAGs
[2024-10-08T09:19:52.864+0000] {logging_mixin.py:190} INFO - [2024-10-08T09:19:52.864+0000] {dag.py:4180} INFO - Setting next_dagrun for latest_only_with_trigger to 2024-10-08 04:00:00+00:00, run_after=2024-10-08 08:00:00+00:00
[2024-10-08T09:19:52.897+0000] {processor.py:208} INFO - Processing /root/miniconda3/envs/project/lib/python3.8/site-packages/airflow/example_dags/example_latest_only_with_trigger.py took 0.114 seconds
[2024-10-08T09:21:04.297+0000] {processor.py:186} INFO - Started process (PID=224063) to work on /root/miniconda3/envs/project/lib/python3.8/site-packages/airflow/example_dags/example_latest_only_with_trigger.py
[2024-10-08T09:21:04.300+0000] {processor.py:914} INFO - Processing file /root/miniconda3/envs/project/lib/python3.8/site-packages/airflow/example_dags/example_latest_only_with_trigger.py for tasks to queue
[2024-10-08T09:21:04.303+0000] {logging_mixin.py:190} INFO - [2024-10-08T09:21:04.303+0000] {dagbag.py:588} INFO - Filling up the DagBag from /root/miniconda3/envs/project/lib/python3.8/site-packages/airflow/example_dags/example_latest_only_with_trigger.py
[2024-10-08T09:21:04.315+0000] {processor.py:925} INFO - DAG(s) 'latest_only_with_trigger' retrieved from /root/miniconda3/envs/project/lib/python3.8/site-packages/airflow/example_dags/example_latest_only_with_trigger.py
[2024-10-08T09:21:04.340+0000] {logging_mixin.py:190} INFO - [2024-10-08T09:21:04.340+0000] {dag.py:3239} INFO - Sync 1 DAGs
[2024-10-08T09:21:04.369+0000] {logging_mixin.py:190} INFO - [2024-10-08T09:21:04.369+0000] {dag.py:4180} INFO - Setting next_dagrun for latest_only_with_trigger to 2024-10-08 04:00:00+00:00, run_after=2024-10-08 08:00:00+00:00
[2024-10-08T09:21:04.400+0000] {processor.py:208} INFO - Processing /root/miniconda3/envs/project/lib/python3.8/site-packages/airflow/example_dags/example_latest_only_with_trigger.py took 0.114 seconds
[2024-10-08T09:22:16.090+0000] {processor.py:186} INFO - Started process (PID=224293) to work on /root/miniconda3/envs/project/lib/python3.8/site-packages/airflow/example_dags/example_latest_only_with_trigger.py
[2024-10-08T09:22:16.093+0000] {processor.py:914} INFO - Processing file /root/miniconda3/envs/project/lib/python3.8/site-packages/airflow/example_dags/example_latest_only_with_trigger.py for tasks to queue
[2024-10-08T09:22:16.096+0000] {logging_mixin.py:190} INFO - [2024-10-08T09:22:16.096+0000] {dagbag.py:588} INFO - Filling up the DagBag from /root/miniconda3/envs/project/lib/python3.8/site-packages/airflow/example_dags/example_latest_only_with_trigger.py
[2024-10-08T09:22:16.107+0000] {processor.py:925} INFO - DAG(s) 'latest_only_with_trigger' retrieved from /root/miniconda3/envs/project/lib/python3.8/site-packages/airflow/example_dags/example_latest_only_with_trigger.py
[2024-10-08T09:22:16.131+0000] {logging_mixin.py:190} INFO - [2024-10-08T09:22:16.131+0000] {dag.py:3239} INFO - Sync 1 DAGs
[2024-10-08T09:22:16.159+0000] {logging_mixin.py:190} INFO - [2024-10-08T09:22:16.158+0000] {dag.py:4180} INFO - Setting next_dagrun for latest_only_with_trigger to 2024-10-08 04:00:00+00:00, run_after=2024-10-08 08:00:00+00:00
[2024-10-08T09:22:16.190+0000] {processor.py:208} INFO - Processing /root/miniconda3/envs/project/lib/python3.8/site-packages/airflow/example_dags/example_latest_only_with_trigger.py took 0.110 seconds
[2024-10-08T09:23:23.795+0000] {processor.py:186} INFO - Started process (PID=224495) to work on /root/miniconda3/envs/project/lib/python3.8/site-packages/airflow/example_dags/example_latest_only_with_trigger.py
[2024-10-08T09:23:23.798+0000] {processor.py:914} INFO - Processing file /root/miniconda3/envs/project/lib/python3.8/site-packages/airflow/example_dags/example_latest_only_with_trigger.py for tasks to queue
[2024-10-08T09:23:23.802+0000] {logging_mixin.py:190} INFO - [2024-10-08T09:23:23.801+0000] {dagbag.py:588} INFO - Filling up the DagBag from /root/miniconda3/envs/project/lib/python3.8/site-packages/airflow/example_dags/example_latest_only_with_trigger.py
[2024-10-08T09:23:23.814+0000] {processor.py:925} INFO - DAG(s) 'latest_only_with_trigger' retrieved from /root/miniconda3/envs/project/lib/python3.8/site-packages/airflow/example_dags/example_latest_only_with_trigger.py
[2024-10-08T09:23:23.840+0000] {logging_mixin.py:190} INFO - [2024-10-08T09:23:23.840+0000] {dag.py:3239} INFO - Sync 1 DAGs
[2024-10-08T09:23:23.868+0000] {logging_mixin.py:190} INFO - [2024-10-08T09:23:23.868+0000] {dag.py:4180} INFO - Setting next_dagrun for latest_only_with_trigger to 2024-10-08 04:00:00+00:00, run_after=2024-10-08 08:00:00+00:00
[2024-10-08T09:23:23.900+0000] {processor.py:208} INFO - Processing /root/miniconda3/envs/project/lib/python3.8/site-packages/airflow/example_dags/example_latest_only_with_trigger.py took 0.116 seconds
[2024-10-08T09:24:35.392+0000] {processor.py:186} INFO - Started process (PID=224938) to work on /root/miniconda3/envs/project/lib/python3.8/site-packages/airflow/example_dags/example_latest_only_with_trigger.py
[2024-10-08T09:24:35.395+0000] {processor.py:914} INFO - Processing file /root/miniconda3/envs/project/lib/python3.8/site-packages/airflow/example_dags/example_latest_only_with_trigger.py for tasks to queue
[2024-10-08T09:24:35.399+0000] {logging_mixin.py:190} INFO - [2024-10-08T09:24:35.398+0000] {dagbag.py:588} INFO - Filling up the DagBag from /root/miniconda3/envs/project/lib/python3.8/site-packages/airflow/example_dags/example_latest_only_with_trigger.py
[2024-10-08T09:24:35.411+0000] {processor.py:925} INFO - DAG(s) 'latest_only_with_trigger' retrieved from /root/miniconda3/envs/project/lib/python3.8/site-packages/airflow/example_dags/example_latest_only_with_trigger.py
[2024-10-08T09:24:35.436+0000] {logging_mixin.py:190} INFO - [2024-10-08T09:24:35.436+0000] {dag.py:3239} INFO - Sync 1 DAGs
[2024-10-08T09:24:35.465+0000] {logging_mixin.py:190} INFO - [2024-10-08T09:24:35.464+0000] {dag.py:4180} INFO - Setting next_dagrun for latest_only_with_trigger to 2024-10-08 04:00:00+00:00, run_after=2024-10-08 08:00:00+00:00
[2024-10-08T09:24:35.499+0000] {processor.py:208} INFO - Processing /root/miniconda3/envs/project/lib/python3.8/site-packages/airflow/example_dags/example_latest_only_with_trigger.py took 0.119 seconds
[2024-10-08T09:25:45.439+0000] {processor.py:186} INFO - Started process (PID=225504) to work on /root/miniconda3/envs/project/lib/python3.8/site-packages/airflow/example_dags/example_latest_only_with_trigger.py
[2024-10-08T09:25:45.442+0000] {processor.py:914} INFO - Processing file /root/miniconda3/envs/project/lib/python3.8/site-packages/airflow/example_dags/example_latest_only_with_trigger.py for tasks to queue
[2024-10-08T09:25:45.445+0000] {logging_mixin.py:190} INFO - [2024-10-08T09:25:45.444+0000] {dagbag.py:588} INFO - Filling up the DagBag from /root/miniconda3/envs/project/lib/python3.8/site-packages/airflow/example_dags/example_latest_only_with_trigger.py
[2024-10-08T09:25:45.457+0000] {processor.py:925} INFO - DAG(s) 'latest_only_with_trigger' retrieved from /root/miniconda3/envs/project/lib/python3.8/site-packages/airflow/example_dags/example_latest_only_with_trigger.py
[2024-10-08T09:25:45.482+0000] {logging_mixin.py:190} INFO - [2024-10-08T09:25:45.482+0000] {dag.py:3239} INFO - Sync 1 DAGs
[2024-10-08T09:25:45.510+0000] {logging_mixin.py:190} INFO - [2024-10-08T09:25:45.510+0000] {dag.py:4180} INFO - Setting next_dagrun for latest_only_with_trigger to 2024-10-08 04:00:00+00:00, run_after=2024-10-08 08:00:00+00:00
[2024-10-08T09:25:45.544+0000] {processor.py:208} INFO - Processing /root/miniconda3/envs/project/lib/python3.8/site-packages/airflow/example_dags/example_latest_only_with_trigger.py took 0.116 seconds
[2024-10-08T09:26:56.874+0000] {processor.py:186} INFO - Started process (PID=225976) to work on /root/miniconda3/envs/project/lib/python3.8/site-packages/airflow/example_dags/example_latest_only_with_trigger.py
[2024-10-08T09:26:56.876+0000] {processor.py:914} INFO - Processing file /root/miniconda3/envs/project/lib/python3.8/site-packages/airflow/example_dags/example_latest_only_with_trigger.py for tasks to queue
[2024-10-08T09:26:56.880+0000] {logging_mixin.py:190} INFO - [2024-10-08T09:26:56.879+0000] {dagbag.py:588} INFO - Filling up the DagBag from /root/miniconda3/envs/project/lib/python3.8/site-packages/airflow/example_dags/example_latest_only_with_trigger.py
[2024-10-08T09:26:56.892+0000] {processor.py:925} INFO - DAG(s) 'latest_only_with_trigger' retrieved from /root/miniconda3/envs/project/lib/python3.8/site-packages/airflow/example_dags/example_latest_only_with_trigger.py
[2024-10-08T09:26:56.916+0000] {logging_mixin.py:190} INFO - [2024-10-08T09:26:56.916+0000] {dag.py:3239} INFO - Sync 1 DAGs
[2024-10-08T09:26:56.944+0000] {logging_mixin.py:190} INFO - [2024-10-08T09:26:56.944+0000] {dag.py:4180} INFO - Setting next_dagrun for latest_only_with_trigger to 2024-10-08 04:00:00+00:00, run_after=2024-10-08 08:00:00+00:00
[2024-10-08T09:26:56.975+0000] {processor.py:208} INFO - Processing /root/miniconda3/envs/project/lib/python3.8/site-packages/airflow/example_dags/example_latest_only_with_trigger.py took 0.111 seconds
[2024-10-08T09:28:08.325+0000] {processor.py:186} INFO - Started process (PID=226461) to work on /root/miniconda3/envs/project/lib/python3.8/site-packages/airflow/example_dags/example_latest_only_with_trigger.py
[2024-10-08T09:28:08.328+0000] {processor.py:914} INFO - Processing file /root/miniconda3/envs/project/lib/python3.8/site-packages/airflow/example_dags/example_latest_only_with_trigger.py for tasks to queue
[2024-10-08T09:28:08.332+0000] {logging_mixin.py:190} INFO - [2024-10-08T09:28:08.331+0000] {dagbag.py:588} INFO - Filling up the DagBag from /root/miniconda3/envs/project/lib/python3.8/site-packages/airflow/example_dags/example_latest_only_with_trigger.py
[2024-10-08T09:28:08.343+0000] {processor.py:925} INFO - DAG(s) 'latest_only_with_trigger' retrieved from /root/miniconda3/envs/project/lib/python3.8/site-packages/airflow/example_dags/example_latest_only_with_trigger.py
[2024-10-08T09:28:08.368+0000] {logging_mixin.py:190} INFO - [2024-10-08T09:28:08.368+0000] {dag.py:3239} INFO - Sync 1 DAGs
[2024-10-08T09:28:08.397+0000] {logging_mixin.py:190} INFO - [2024-10-08T09:28:08.397+0000] {dag.py:4180} INFO - Setting next_dagrun for latest_only_with_trigger to 2024-10-08 04:00:00+00:00, run_after=2024-10-08 08:00:00+00:00
[2024-10-08T09:28:08.429+0000] {processor.py:208} INFO - Processing /root/miniconda3/envs/project/lib/python3.8/site-packages/airflow/example_dags/example_latest_only_with_trigger.py took 0.115 seconds
[2024-10-08T09:29:23.554+0000] {processor.py:186} INFO - Started process (PID=227002) to work on /root/miniconda3/envs/project/lib/python3.8/site-packages/airflow/example_dags/example_latest_only_with_trigger.py
[2024-10-08T09:29:23.557+0000] {processor.py:914} INFO - Processing file /root/miniconda3/envs/project/lib/python3.8/site-packages/airflow/example_dags/example_latest_only_with_trigger.py for tasks to queue
[2024-10-08T09:29:23.562+0000] {logging_mixin.py:190} INFO - [2024-10-08T09:29:23.561+0000] {dagbag.py:588} INFO - Filling up the DagBag from /root/miniconda3/envs/project/lib/python3.8/site-packages/airflow/example_dags/example_latest_only_with_trigger.py
[2024-10-08T09:29:23.578+0000] {processor.py:925} INFO - DAG(s) 'latest_only_with_trigger' retrieved from /root/miniconda3/envs/project/lib/python3.8/site-packages/airflow/example_dags/example_latest_only_with_trigger.py
[2024-10-08T09:29:23.742+0000] {logging_mixin.py:190} INFO - [2024-10-08T09:29:23.741+0000] {dag.py:3239} INFO - Sync 1 DAGs
[2024-10-08T09:29:23.769+0000] {logging_mixin.py:190} INFO - [2024-10-08T09:29:23.768+0000] {dag.py:4180} INFO - Setting next_dagrun for latest_only_with_trigger to 2024-10-08 04:00:00+00:00, run_after=2024-10-08 08:00:00+00:00
[2024-10-08T09:29:23.801+0000] {processor.py:208} INFO - Processing /root/miniconda3/envs/project/lib/python3.8/site-packages/airflow/example_dags/example_latest_only_with_trigger.py took 0.260 seconds
[2024-10-08T09:30:48.703+0000] {processor.py:186} INFO - Started process (PID=227984) to work on /root/miniconda3/envs/project/lib/python3.8/site-packages/airflow/example_dags/example_latest_only_with_trigger.py
[2024-10-08T09:30:48.706+0000] {processor.py:914} INFO - Processing file /root/miniconda3/envs/project/lib/python3.8/site-packages/airflow/example_dags/example_latest_only_with_trigger.py for tasks to queue
[2024-10-08T09:30:48.709+0000] {logging_mixin.py:190} INFO - [2024-10-08T09:30:48.709+0000] {dagbag.py:588} INFO - Filling up the DagBag from /root/miniconda3/envs/project/lib/python3.8/site-packages/airflow/example_dags/example_latest_only_with_trigger.py
[2024-10-08T09:30:48.721+0000] {processor.py:925} INFO - DAG(s) 'latest_only_with_trigger' retrieved from /root/miniconda3/envs/project/lib/python3.8/site-packages/airflow/example_dags/example_latest_only_with_trigger.py
[2024-10-08T09:30:48.858+0000] {logging_mixin.py:190} INFO - [2024-10-08T09:30:48.858+0000] {dag.py:3239} INFO - Sync 1 DAGs
[2024-10-08T09:30:48.884+0000] {logging_mixin.py:190} INFO - [2024-10-08T09:30:48.884+0000] {dag.py:4180} INFO - Setting next_dagrun for latest_only_with_trigger to 2024-10-08 04:00:00+00:00, run_after=2024-10-08 08:00:00+00:00
[2024-10-08T09:30:48.915+0000] {processor.py:208} INFO - Processing /root/miniconda3/envs/project/lib/python3.8/site-packages/airflow/example_dags/example_latest_only_with_trigger.py took 0.224 seconds
[2024-10-08T09:32:17.395+0000] {processor.py:186} INFO - Started process (PID=229023) to work on /root/miniconda3/envs/project/lib/python3.8/site-packages/airflow/example_dags/example_latest_only_with_trigger.py
[2024-10-08T09:32:17.397+0000] {processor.py:914} INFO - Processing file /root/miniconda3/envs/project/lib/python3.8/site-packages/airflow/example_dags/example_latest_only_with_trigger.py for tasks to queue
[2024-10-08T09:32:17.401+0000] {logging_mixin.py:190} INFO - [2024-10-08T09:32:17.400+0000] {dagbag.py:588} INFO - Filling up the DagBag from /root/miniconda3/envs/project/lib/python3.8/site-packages/airflow/example_dags/example_latest_only_with_trigger.py
[2024-10-08T09:32:17.413+0000] {processor.py:925} INFO - DAG(s) 'latest_only_with_trigger' retrieved from /root/miniconda3/envs/project/lib/python3.8/site-packages/airflow/example_dags/example_latest_only_with_trigger.py
[2024-10-08T09:32:17.437+0000] {logging_mixin.py:190} INFO - [2024-10-08T09:32:17.437+0000] {dag.py:3239} INFO - Sync 1 DAGs
[2024-10-08T09:32:17.464+0000] {logging_mixin.py:190} INFO - [2024-10-08T09:32:17.464+0000] {dag.py:4180} INFO - Setting next_dagrun for latest_only_with_trigger to 2024-10-08 04:00:00+00:00, run_after=2024-10-08 08:00:00+00:00
[2024-10-08T09:32:17.495+0000] {processor.py:208} INFO - Processing /root/miniconda3/envs/project/lib/python3.8/site-packages/airflow/example_dags/example_latest_only_with_trigger.py took 0.112 seconds
[2024-10-08T09:33:30.052+0000] {processor.py:186} INFO - Started process (PID=229390) to work on /root/miniconda3/envs/project/lib/python3.8/site-packages/airflow/example_dags/example_latest_only_with_trigger.py
[2024-10-08T09:33:30.055+0000] {processor.py:914} INFO - Processing file /root/miniconda3/envs/project/lib/python3.8/site-packages/airflow/example_dags/example_latest_only_with_trigger.py for tasks to queue
[2024-10-08T09:33:30.059+0000] {logging_mixin.py:190} INFO - [2024-10-08T09:33:30.058+0000] {dagbag.py:588} INFO - Filling up the DagBag from /root/miniconda3/envs/project/lib/python3.8/site-packages/airflow/example_dags/example_latest_only_with_trigger.py
[2024-10-08T09:33:30.073+0000] {processor.py:925} INFO - DAG(s) 'latest_only_with_trigger' retrieved from /root/miniconda3/envs/project/lib/python3.8/site-packages/airflow/example_dags/example_latest_only_with_trigger.py
[2024-10-08T09:33:30.098+0000] {logging_mixin.py:190} INFO - [2024-10-08T09:33:30.097+0000] {dag.py:3239} INFO - Sync 1 DAGs
[2024-10-08T09:33:30.125+0000] {logging_mixin.py:190} INFO - [2024-10-08T09:33:30.125+0000] {dag.py:4180} INFO - Setting next_dagrun for latest_only_with_trigger to 2024-10-08 04:00:00+00:00, run_after=2024-10-08 08:00:00+00:00
[2024-10-08T09:33:30.158+0000] {processor.py:208} INFO - Processing /root/miniconda3/envs/project/lib/python3.8/site-packages/airflow/example_dags/example_latest_only_with_trigger.py took 0.117 seconds
