[2024-10-08T07:58:06.919+0000] {processor.py:186} INFO - Started process (PID=207234) to work on /root/miniconda3/envs/project/lib/python3.8/site-packages/airflow/example_dags/example_branch_labels.py
[2024-10-08T07:58:06.921+0000] {processor.py:914} INFO - Processing file /root/miniconda3/envs/project/lib/python3.8/site-packages/airflow/example_dags/example_branch_labels.py for tasks to queue
[2024-10-08T07:58:06.924+0000] {logging_mixin.py:190} INFO - [2024-10-08T07:58:06.924+0000] {dagbag.py:588} INFO - Filling up the DagBag from /root/miniconda3/envs/project/lib/python3.8/site-packages/airflow/example_dags/example_branch_labels.py
[2024-10-08T07:58:06.941+0000] {processor.py:925} INFO - DAG(s) 'example_branch_labels' retrieved from /root/miniconda3/envs/project/lib/python3.8/site-packages/airflow/example_dags/example_branch_labels.py
[2024-10-08T07:58:07.093+0000] {logging_mixin.py:190} INFO - [2024-10-08T07:58:07.092+0000] {override.py:1901} INFO - Created Permission View: can delete on DAG:example_branch_labels
[2024-10-08T07:58:07.111+0000] {logging_mixin.py:190} INFO - [2024-10-08T07:58:07.110+0000] {override.py:1901} INFO - Created Permission View: can read on DAG:example_branch_labels
[2024-10-08T07:58:07.125+0000] {logging_mixin.py:190} INFO - [2024-10-08T07:58:07.124+0000] {override.py:1901} INFO - Created Permission View: can edit on DAG:example_branch_labels
[2024-10-08T07:58:07.149+0000] {logging_mixin.py:190} INFO - [2024-10-08T07:58:07.149+0000] {override.py:1901} INFO - Created Permission View: can delete on DAG Run:example_branch_labels
[2024-10-08T07:58:07.165+0000] {logging_mixin.py:190} INFO - [2024-10-08T07:58:07.165+0000] {override.py:1901} INFO - Created Permission View: menu access on DAG Run:example_branch_labels
[2024-10-08T07:58:07.179+0000] {logging_mixin.py:190} INFO - [2024-10-08T07:58:07.178+0000] {override.py:1901} INFO - Created Permission View: can create on DAG Run:example_branch_labels
[2024-10-08T07:58:07.194+0000] {logging_mixin.py:190} INFO - [2024-10-08T07:58:07.194+0000] {override.py:1901} INFO - Created Permission View: can read on DAG Run:example_branch_labels
[2024-10-08T07:58:07.195+0000] {logging_mixin.py:190} INFO - [2024-10-08T07:58:07.195+0000] {dag.py:3239} INFO - Sync 1 DAGs
[2024-10-08T07:58:07.214+0000] {logging_mixin.py:190} INFO - [2024-10-08T07:58:07.214+0000] {dag.py:3262} INFO - Creating ORM DAG for example_branch_labels
[2024-10-08T07:58:07.227+0000] {logging_mixin.py:190} INFO - [2024-10-08T07:58:07.227+0000] {dag.py:4180} INFO - Setting next_dagrun for example_branch_labels to 2024-10-07 00:00:00+00:00, run_after=2024-10-08 00:00:00+00:00
[2024-10-08T07:58:07.259+0000] {processor.py:208} INFO - Processing /root/miniconda3/envs/project/lib/python3.8/site-packages/airflow/example_dags/example_branch_labels.py took 0.352 seconds
[2024-10-08T07:59:25.012+0000] {processor.py:186} INFO - Started process (PID=207503) to work on /root/miniconda3/envs/project/lib/python3.8/site-packages/airflow/example_dags/example_branch_labels.py
[2024-10-08T07:59:25.015+0000] {processor.py:914} INFO - Processing file /root/miniconda3/envs/project/lib/python3.8/site-packages/airflow/example_dags/example_branch_labels.py for tasks to queue
[2024-10-08T07:59:25.019+0000] {logging_mixin.py:190} INFO - [2024-10-08T07:59:25.018+0000] {dagbag.py:588} INFO - Filling up the DagBag from /root/miniconda3/envs/project/lib/python3.8/site-packages/airflow/example_dags/example_branch_labels.py
[2024-10-08T07:59:25.035+0000] {processor.py:925} INFO - DAG(s) 'example_branch_labels' retrieved from /root/miniconda3/envs/project/lib/python3.8/site-packages/airflow/example_dags/example_branch_labels.py
[2024-10-08T07:59:25.060+0000] {logging_mixin.py:190} INFO - [2024-10-08T07:59:25.060+0000] {dag.py:3239} INFO - Sync 1 DAGs
[2024-10-08T07:59:25.090+0000] {logging_mixin.py:190} INFO - [2024-10-08T07:59:25.090+0000] {dag.py:4180} INFO - Setting next_dagrun for example_branch_labels to 2024-10-07 00:00:00+00:00, run_after=2024-10-08 00:00:00+00:00
[2024-10-08T07:59:25.122+0000] {processor.py:208} INFO - Processing /root/miniconda3/envs/project/lib/python3.8/site-packages/airflow/example_dags/example_branch_labels.py took 0.122 seconds
[2024-10-08T08:00:35.680+0000] {processor.py:186} INFO - Started process (PID=207711) to work on /root/miniconda3/envs/project/lib/python3.8/site-packages/airflow/example_dags/example_branch_labels.py
[2024-10-08T08:00:35.683+0000] {processor.py:914} INFO - Processing file /root/miniconda3/envs/project/lib/python3.8/site-packages/airflow/example_dags/example_branch_labels.py for tasks to queue
[2024-10-08T08:00:35.689+0000] {logging_mixin.py:190} INFO - [2024-10-08T08:00:35.688+0000] {dagbag.py:588} INFO - Filling up the DagBag from /root/miniconda3/envs/project/lib/python3.8/site-packages/airflow/example_dags/example_branch_labels.py
[2024-10-08T08:00:35.706+0000] {processor.py:925} INFO - DAG(s) 'example_branch_labels' retrieved from /root/miniconda3/envs/project/lib/python3.8/site-packages/airflow/example_dags/example_branch_labels.py
[2024-10-08T08:00:35.731+0000] {logging_mixin.py:190} INFO - [2024-10-08T08:00:35.731+0000] {dag.py:3239} INFO - Sync 1 DAGs
[2024-10-08T08:00:35.761+0000] {logging_mixin.py:190} INFO - [2024-10-08T08:00:35.760+0000] {dag.py:4180} INFO - Setting next_dagrun for example_branch_labels to 2024-10-07 00:00:00+00:00, run_after=2024-10-08 00:00:00+00:00
[2024-10-08T08:00:35.795+0000] {processor.py:208} INFO - Processing /root/miniconda3/envs/project/lib/python3.8/site-packages/airflow/example_dags/example_branch_labels.py took 0.127 seconds
[2024-10-08T08:01:50.459+0000] {processor.py:186} INFO - Started process (PID=208063) to work on /root/miniconda3/envs/project/lib/python3.8/site-packages/airflow/example_dags/example_branch_labels.py
[2024-10-08T08:01:50.462+0000] {processor.py:914} INFO - Processing file /root/miniconda3/envs/project/lib/python3.8/site-packages/airflow/example_dags/example_branch_labels.py for tasks to queue
[2024-10-08T08:01:50.465+0000] {logging_mixin.py:190} INFO - [2024-10-08T08:01:50.464+0000] {dagbag.py:588} INFO - Filling up the DagBag from /root/miniconda3/envs/project/lib/python3.8/site-packages/airflow/example_dags/example_branch_labels.py
[2024-10-08T08:01:50.480+0000] {processor.py:925} INFO - DAG(s) 'example_branch_labels' retrieved from /root/miniconda3/envs/project/lib/python3.8/site-packages/airflow/example_dags/example_branch_labels.py
[2024-10-08T08:01:50.506+0000] {logging_mixin.py:190} INFO - [2024-10-08T08:01:50.506+0000] {dag.py:3239} INFO - Sync 1 DAGs
[2024-10-08T08:01:50.537+0000] {logging_mixin.py:190} INFO - [2024-10-08T08:01:50.536+0000] {dag.py:4180} INFO - Setting next_dagrun for example_branch_labels to 2024-10-07 00:00:00+00:00, run_after=2024-10-08 00:00:00+00:00
[2024-10-08T08:01:50.571+0000] {processor.py:208} INFO - Processing /root/miniconda3/envs/project/lib/python3.8/site-packages/airflow/example_dags/example_branch_labels.py took 0.124 seconds
[2024-10-08T08:03:00.996+0000] {processor.py:186} INFO - Started process (PID=208357) to work on /root/miniconda3/envs/project/lib/python3.8/site-packages/airflow/example_dags/example_branch_labels.py
[2024-10-08T08:03:00.998+0000] {processor.py:914} INFO - Processing file /root/miniconda3/envs/project/lib/python3.8/site-packages/airflow/example_dags/example_branch_labels.py for tasks to queue
[2024-10-08T08:03:01.002+0000] {logging_mixin.py:190} INFO - [2024-10-08T08:03:01.001+0000] {dagbag.py:588} INFO - Filling up the DagBag from /root/miniconda3/envs/project/lib/python3.8/site-packages/airflow/example_dags/example_branch_labels.py
[2024-10-08T08:03:01.017+0000] {processor.py:925} INFO - DAG(s) 'example_branch_labels' retrieved from /root/miniconda3/envs/project/lib/python3.8/site-packages/airflow/example_dags/example_branch_labels.py
[2024-10-08T08:03:01.042+0000] {logging_mixin.py:190} INFO - [2024-10-08T08:03:01.041+0000] {dag.py:3239} INFO - Sync 1 DAGs
[2024-10-08T08:03:01.071+0000] {logging_mixin.py:190} INFO - [2024-10-08T08:03:01.071+0000] {dag.py:4180} INFO - Setting next_dagrun for example_branch_labels to 2024-10-07 00:00:00+00:00, run_after=2024-10-08 00:00:00+00:00
[2024-10-08T08:03:01.103+0000] {processor.py:208} INFO - Processing /root/miniconda3/envs/project/lib/python3.8/site-packages/airflow/example_dags/example_branch_labels.py took 0.117 seconds
[2024-10-08T08:04:09.748+0000] {processor.py:186} INFO - Started process (PID=208563) to work on /root/miniconda3/envs/project/lib/python3.8/site-packages/airflow/example_dags/example_branch_labels.py
[2024-10-08T08:04:09.751+0000] {processor.py:914} INFO - Processing file /root/miniconda3/envs/project/lib/python3.8/site-packages/airflow/example_dags/example_branch_labels.py for tasks to queue
[2024-10-08T08:04:09.754+0000] {logging_mixin.py:190} INFO - [2024-10-08T08:04:09.753+0000] {dagbag.py:588} INFO - Filling up the DagBag from /root/miniconda3/envs/project/lib/python3.8/site-packages/airflow/example_dags/example_branch_labels.py
[2024-10-08T08:04:09.770+0000] {processor.py:925} INFO - DAG(s) 'example_branch_labels' retrieved from /root/miniconda3/envs/project/lib/python3.8/site-packages/airflow/example_dags/example_branch_labels.py
[2024-10-08T08:04:09.795+0000] {logging_mixin.py:190} INFO - [2024-10-08T08:04:09.794+0000] {dag.py:3239} INFO - Sync 1 DAGs
[2024-10-08T08:04:09.824+0000] {logging_mixin.py:190} INFO - [2024-10-08T08:04:09.824+0000] {dag.py:4180} INFO - Setting next_dagrun for example_branch_labels to 2024-10-07 00:00:00+00:00, run_after=2024-10-08 00:00:00+00:00
[2024-10-08T08:04:09.859+0000] {processor.py:208} INFO - Processing /root/miniconda3/envs/project/lib/python3.8/site-packages/airflow/example_dags/example_branch_labels.py took 0.123 seconds
[2024-10-08T08:05:16.561+0000] {processor.py:186} INFO - Started process (PID=208765) to work on /root/miniconda3/envs/project/lib/python3.8/site-packages/airflow/example_dags/example_branch_labels.py
[2024-10-08T08:05:16.564+0000] {processor.py:914} INFO - Processing file /root/miniconda3/envs/project/lib/python3.8/site-packages/airflow/example_dags/example_branch_labels.py for tasks to queue
[2024-10-08T08:05:16.567+0000] {logging_mixin.py:190} INFO - [2024-10-08T08:05:16.567+0000] {dagbag.py:588} INFO - Filling up the DagBag from /root/miniconda3/envs/project/lib/python3.8/site-packages/airflow/example_dags/example_branch_labels.py
[2024-10-08T08:05:16.584+0000] {processor.py:925} INFO - DAG(s) 'example_branch_labels' retrieved from /root/miniconda3/envs/project/lib/python3.8/site-packages/airflow/example_dags/example_branch_labels.py
[2024-10-08T08:05:16.610+0000] {logging_mixin.py:190} INFO - [2024-10-08T08:05:16.610+0000] {dag.py:3239} INFO - Sync 1 DAGs
[2024-10-08T08:05:16.641+0000] {logging_mixin.py:190} INFO - [2024-10-08T08:05:16.641+0000] {dag.py:4180} INFO - Setting next_dagrun for example_branch_labels to 2024-10-07 00:00:00+00:00, run_after=2024-10-08 00:00:00+00:00
[2024-10-08T08:05:16.675+0000] {processor.py:208} INFO - Processing /root/miniconda3/envs/project/lib/python3.8/site-packages/airflow/example_dags/example_branch_labels.py took 0.124 seconds
[2024-10-08T08:06:19.396+0000] {processor.py:186} INFO - Started process (PID=208951) to work on /root/miniconda3/envs/project/lib/python3.8/site-packages/airflow/example_dags/example_branch_labels.py
[2024-10-08T08:06:19.399+0000] {processor.py:914} INFO - Processing file /root/miniconda3/envs/project/lib/python3.8/site-packages/airflow/example_dags/example_branch_labels.py for tasks to queue
[2024-10-08T08:06:19.402+0000] {logging_mixin.py:190} INFO - [2024-10-08T08:06:19.402+0000] {dagbag.py:588} INFO - Filling up the DagBag from /root/miniconda3/envs/project/lib/python3.8/site-packages/airflow/example_dags/example_branch_labels.py
[2024-10-08T08:06:19.421+0000] {processor.py:925} INFO - DAG(s) 'example_branch_labels' retrieved from /root/miniconda3/envs/project/lib/python3.8/site-packages/airflow/example_dags/example_branch_labels.py
[2024-10-08T08:06:19.458+0000] {logging_mixin.py:190} INFO - [2024-10-08T08:06:19.457+0000] {dag.py:3239} INFO - Sync 1 DAGs
[2024-10-08T08:06:19.502+0000] {logging_mixin.py:190} INFO - [2024-10-08T08:06:19.501+0000] {dag.py:4180} INFO - Setting next_dagrun for example_branch_labels to 2024-10-07 00:00:00+00:00, run_after=2024-10-08 00:00:00+00:00
[2024-10-08T08:06:19.537+0000] {processor.py:208} INFO - Processing /root/miniconda3/envs/project/lib/python3.8/site-packages/airflow/example_dags/example_branch_labels.py took 0.155 seconds
[2024-10-08T08:07:24.593+0000] {processor.py:186} INFO - Started process (PID=209180) to work on /root/miniconda3/envs/project/lib/python3.8/site-packages/airflow/example_dags/example_branch_labels.py
[2024-10-08T08:07:24.596+0000] {processor.py:914} INFO - Processing file /root/miniconda3/envs/project/lib/python3.8/site-packages/airflow/example_dags/example_branch_labels.py for tasks to queue
[2024-10-08T08:07:24.600+0000] {logging_mixin.py:190} INFO - [2024-10-08T08:07:24.599+0000] {dagbag.py:588} INFO - Filling up the DagBag from /root/miniconda3/envs/project/lib/python3.8/site-packages/airflow/example_dags/example_branch_labels.py
[2024-10-08T08:07:24.615+0000] {processor.py:925} INFO - DAG(s) 'example_branch_labels' retrieved from /root/miniconda3/envs/project/lib/python3.8/site-packages/airflow/example_dags/example_branch_labels.py
[2024-10-08T08:07:24.640+0000] {logging_mixin.py:190} INFO - [2024-10-08T08:07:24.639+0000] {dag.py:3239} INFO - Sync 1 DAGs
[2024-10-08T08:07:24.669+0000] {logging_mixin.py:190} INFO - [2024-10-08T08:07:24.668+0000] {dag.py:4180} INFO - Setting next_dagrun for example_branch_labels to 2024-10-07 00:00:00+00:00, run_after=2024-10-08 00:00:00+00:00
[2024-10-08T08:07:24.698+0000] {processor.py:208} INFO - Processing /root/miniconda3/envs/project/lib/python3.8/site-packages/airflow/example_dags/example_branch_labels.py took 0.116 seconds
[2024-10-08T08:08:34.134+0000] {processor.py:186} INFO - Started process (PID=209608) to work on /root/miniconda3/envs/project/lib/python3.8/site-packages/airflow/example_dags/example_branch_labels.py
[2024-10-08T08:08:34.137+0000] {processor.py:914} INFO - Processing file /root/miniconda3/envs/project/lib/python3.8/site-packages/airflow/example_dags/example_branch_labels.py for tasks to queue
[2024-10-08T08:08:34.141+0000] {logging_mixin.py:190} INFO - [2024-10-08T08:08:34.140+0000] {dagbag.py:588} INFO - Filling up the DagBag from /root/miniconda3/envs/project/lib/python3.8/site-packages/airflow/example_dags/example_branch_labels.py
[2024-10-08T08:08:34.156+0000] {processor.py:925} INFO - DAG(s) 'example_branch_labels' retrieved from /root/miniconda3/envs/project/lib/python3.8/site-packages/airflow/example_dags/example_branch_labels.py
[2024-10-08T08:08:34.181+0000] {logging_mixin.py:190} INFO - [2024-10-08T08:08:34.180+0000] {dag.py:3239} INFO - Sync 1 DAGs
[2024-10-08T08:08:34.211+0000] {logging_mixin.py:190} INFO - [2024-10-08T08:08:34.210+0000] {dag.py:4180} INFO - Setting next_dagrun for example_branch_labels to 2024-10-07 00:00:00+00:00, run_after=2024-10-08 00:00:00+00:00
[2024-10-08T08:08:34.242+0000] {processor.py:208} INFO - Processing /root/miniconda3/envs/project/lib/python3.8/site-packages/airflow/example_dags/example_branch_labels.py took 0.117 seconds
[2024-10-08T08:13:33.295+0000] {processor.py:186} INFO - Started process (PID=211193) to work on /root/miniconda3/envs/project/lib/python3.8/site-packages/airflow/example_dags/example_branch_labels.py
[2024-10-08T08:13:33.297+0000] {processor.py:914} INFO - Processing file /root/miniconda3/envs/project/lib/python3.8/site-packages/airflow/example_dags/example_branch_labels.py for tasks to queue
[2024-10-08T08:13:33.300+0000] {logging_mixin.py:190} INFO - [2024-10-08T08:13:33.300+0000] {dagbag.py:588} INFO - Filling up the DagBag from /root/miniconda3/envs/project/lib/python3.8/site-packages/airflow/example_dags/example_branch_labels.py
[2024-10-08T08:13:33.316+0000] {processor.py:925} INFO - DAG(s) 'example_branch_labels' retrieved from /root/miniconda3/envs/project/lib/python3.8/site-packages/airflow/example_dags/example_branch_labels.py
[2024-10-08T08:13:33.341+0000] {logging_mixin.py:190} INFO - [2024-10-08T08:13:33.340+0000] {dag.py:3239} INFO - Sync 1 DAGs
[2024-10-08T08:13:33.371+0000] {logging_mixin.py:190} INFO - [2024-10-08T08:13:33.371+0000] {dag.py:4180} INFO - Setting next_dagrun for example_branch_labels to 2024-10-07 00:00:00+00:00, run_after=2024-10-08 00:00:00+00:00
[2024-10-08T08:13:33.401+0000] {processor.py:208} INFO - Processing /root/miniconda3/envs/project/lib/python3.8/site-packages/airflow/example_dags/example_branch_labels.py took 0.116 seconds
[2024-10-08T08:14:43.098+0000] {processor.py:186} INFO - Started process (PID=211444) to work on /root/miniconda3/envs/project/lib/python3.8/site-packages/airflow/example_dags/example_branch_labels.py
[2024-10-08T08:14:43.101+0000] {processor.py:914} INFO - Processing file /root/miniconda3/envs/project/lib/python3.8/site-packages/airflow/example_dags/example_branch_labels.py for tasks to queue
[2024-10-08T08:14:43.105+0000] {logging_mixin.py:190} INFO - [2024-10-08T08:14:43.104+0000] {dagbag.py:588} INFO - Filling up the DagBag from /root/miniconda3/envs/project/lib/python3.8/site-packages/airflow/example_dags/example_branch_labels.py
[2024-10-08T08:14:43.121+0000] {processor.py:925} INFO - DAG(s) 'example_branch_labels' retrieved from /root/miniconda3/envs/project/lib/python3.8/site-packages/airflow/example_dags/example_branch_labels.py
[2024-10-08T08:14:43.147+0000] {logging_mixin.py:190} INFO - [2024-10-08T08:14:43.146+0000] {dag.py:3239} INFO - Sync 1 DAGs
[2024-10-08T08:14:43.177+0000] {logging_mixin.py:190} INFO - [2024-10-08T08:14:43.176+0000] {dag.py:4180} INFO - Setting next_dagrun for example_branch_labels to 2024-10-07 00:00:00+00:00, run_after=2024-10-08 00:00:00+00:00
[2024-10-08T08:14:43.208+0000] {processor.py:208} INFO - Processing /root/miniconda3/envs/project/lib/python3.8/site-packages/airflow/example_dags/example_branch_labels.py took 0.123 seconds
[2024-10-08T08:15:52.696+0000] {processor.py:186} INFO - Started process (PID=211647) to work on /root/miniconda3/envs/project/lib/python3.8/site-packages/airflow/example_dags/example_branch_labels.py
[2024-10-08T08:15:52.699+0000] {processor.py:914} INFO - Processing file /root/miniconda3/envs/project/lib/python3.8/site-packages/airflow/example_dags/example_branch_labels.py for tasks to queue
[2024-10-08T08:15:52.702+0000] {logging_mixin.py:190} INFO - [2024-10-08T08:15:52.701+0000] {dagbag.py:588} INFO - Filling up the DagBag from /root/miniconda3/envs/project/lib/python3.8/site-packages/airflow/example_dags/example_branch_labels.py
[2024-10-08T08:15:52.717+0000] {processor.py:925} INFO - DAG(s) 'example_branch_labels' retrieved from /root/miniconda3/envs/project/lib/python3.8/site-packages/airflow/example_dags/example_branch_labels.py
[2024-10-08T08:15:52.743+0000] {logging_mixin.py:190} INFO - [2024-10-08T08:15:52.742+0000] {dag.py:3239} INFO - Sync 1 DAGs
[2024-10-08T08:15:52.772+0000] {logging_mixin.py:190} INFO - [2024-10-08T08:15:52.771+0000] {dag.py:4180} INFO - Setting next_dagrun for example_branch_labels to 2024-10-07 00:00:00+00:00, run_after=2024-10-08 00:00:00+00:00
[2024-10-08T08:15:52.802+0000] {processor.py:208} INFO - Processing /root/miniconda3/envs/project/lib/python3.8/site-packages/airflow/example_dags/example_branch_labels.py took 0.119 seconds
[2024-10-08T08:17:01.285+0000] {processor.py:186} INFO - Started process (PID=211852) to work on /root/miniconda3/envs/project/lib/python3.8/site-packages/airflow/example_dags/example_branch_labels.py
[2024-10-08T08:17:01.289+0000] {processor.py:914} INFO - Processing file /root/miniconda3/envs/project/lib/python3.8/site-packages/airflow/example_dags/example_branch_labels.py for tasks to queue
[2024-10-08T08:17:01.292+0000] {logging_mixin.py:190} INFO - [2024-10-08T08:17:01.291+0000] {dagbag.py:588} INFO - Filling up the DagBag from /root/miniconda3/envs/project/lib/python3.8/site-packages/airflow/example_dags/example_branch_labels.py
[2024-10-08T08:17:01.307+0000] {processor.py:925} INFO - DAG(s) 'example_branch_labels' retrieved from /root/miniconda3/envs/project/lib/python3.8/site-packages/airflow/example_dags/example_branch_labels.py
[2024-10-08T08:17:01.332+0000] {logging_mixin.py:190} INFO - [2024-10-08T08:17:01.332+0000] {dag.py:3239} INFO - Sync 1 DAGs
[2024-10-08T08:17:01.362+0000] {logging_mixin.py:190} INFO - [2024-10-08T08:17:01.362+0000] {dag.py:4180} INFO - Setting next_dagrun for example_branch_labels to 2024-10-07 00:00:00+00:00, run_after=2024-10-08 00:00:00+00:00
[2024-10-08T08:17:01.397+0000] {processor.py:208} INFO - Processing /root/miniconda3/envs/project/lib/python3.8/site-packages/airflow/example_dags/example_branch_labels.py took 0.123 seconds
[2024-10-08T08:18:10.021+0000] {processor.py:186} INFO - Started process (PID=212099) to work on /root/miniconda3/envs/project/lib/python3.8/site-packages/airflow/example_dags/example_branch_labels.py
[2024-10-08T08:18:10.023+0000] {processor.py:914} INFO - Processing file /root/miniconda3/envs/project/lib/python3.8/site-packages/airflow/example_dags/example_branch_labels.py for tasks to queue
[2024-10-08T08:18:10.027+0000] {logging_mixin.py:190} INFO - [2024-10-08T08:18:10.026+0000] {dagbag.py:588} INFO - Filling up the DagBag from /root/miniconda3/envs/project/lib/python3.8/site-packages/airflow/example_dags/example_branch_labels.py
[2024-10-08T08:18:10.049+0000] {processor.py:925} INFO - DAG(s) 'example_branch_labels' retrieved from /root/miniconda3/envs/project/lib/python3.8/site-packages/airflow/example_dags/example_branch_labels.py
[2024-10-08T08:18:10.080+0000] {logging_mixin.py:190} INFO - [2024-10-08T08:18:10.080+0000] {dag.py:3239} INFO - Sync 1 DAGs
[2024-10-08T08:18:10.125+0000] {logging_mixin.py:190} INFO - [2024-10-08T08:18:10.125+0000] {dag.py:4180} INFO - Setting next_dagrun for example_branch_labels to 2024-10-07 00:00:00+00:00, run_after=2024-10-08 00:00:00+00:00
[2024-10-08T08:18:10.156+0000] {processor.py:208} INFO - Processing /root/miniconda3/envs/project/lib/python3.8/site-packages/airflow/example_dags/example_branch_labels.py took 0.147 seconds
[2024-10-08T08:19:23.419+0000] {processor.py:186} INFO - Started process (PID=212307) to work on /root/miniconda3/envs/project/lib/python3.8/site-packages/airflow/example_dags/example_branch_labels.py
[2024-10-08T08:19:23.422+0000] {processor.py:914} INFO - Processing file /root/miniconda3/envs/project/lib/python3.8/site-packages/airflow/example_dags/example_branch_labels.py for tasks to queue
[2024-10-08T08:19:23.425+0000] {logging_mixin.py:190} INFO - [2024-10-08T08:19:23.424+0000] {dagbag.py:588} INFO - Filling up the DagBag from /root/miniconda3/envs/project/lib/python3.8/site-packages/airflow/example_dags/example_branch_labels.py
[2024-10-08T08:19:23.440+0000] {processor.py:925} INFO - DAG(s) 'example_branch_labels' retrieved from /root/miniconda3/envs/project/lib/python3.8/site-packages/airflow/example_dags/example_branch_labels.py
[2024-10-08T08:19:23.465+0000] {logging_mixin.py:190} INFO - [2024-10-08T08:19:23.465+0000] {dag.py:3239} INFO - Sync 1 DAGs
[2024-10-08T08:19:23.495+0000] {logging_mixin.py:190} INFO - [2024-10-08T08:19:23.495+0000] {dag.py:4180} INFO - Setting next_dagrun for example_branch_labels to 2024-10-07 00:00:00+00:00, run_after=2024-10-08 00:00:00+00:00
[2024-10-08T08:19:23.531+0000] {processor.py:208} INFO - Processing /root/miniconda3/envs/project/lib/python3.8/site-packages/airflow/example_dags/example_branch_labels.py took 0.122 seconds
[2024-10-08T08:20:27.586+0000] {processor.py:186} INFO - Started process (PID=212489) to work on /root/miniconda3/envs/project/lib/python3.8/site-packages/airflow/example_dags/example_branch_labels.py
[2024-10-08T08:20:27.589+0000] {processor.py:914} INFO - Processing file /root/miniconda3/envs/project/lib/python3.8/site-packages/airflow/example_dags/example_branch_labels.py for tasks to queue
[2024-10-08T08:20:27.592+0000] {logging_mixin.py:190} INFO - [2024-10-08T08:20:27.591+0000] {dagbag.py:588} INFO - Filling up the DagBag from /root/miniconda3/envs/project/lib/python3.8/site-packages/airflow/example_dags/example_branch_labels.py
[2024-10-08T08:20:27.606+0000] {processor.py:925} INFO - DAG(s) 'example_branch_labels' retrieved from /root/miniconda3/envs/project/lib/python3.8/site-packages/airflow/example_dags/example_branch_labels.py
[2024-10-08T08:20:27.631+0000] {logging_mixin.py:190} INFO - [2024-10-08T08:20:27.630+0000] {dag.py:3239} INFO - Sync 1 DAGs
[2024-10-08T08:20:27.660+0000] {logging_mixin.py:190} INFO - [2024-10-08T08:20:27.660+0000] {dag.py:4180} INFO - Setting next_dagrun for example_branch_labels to 2024-10-07 00:00:00+00:00, run_after=2024-10-08 00:00:00+00:00
[2024-10-08T08:20:27.690+0000] {processor.py:208} INFO - Processing /root/miniconda3/envs/project/lib/python3.8/site-packages/airflow/example_dags/example_branch_labels.py took 0.114 seconds
[2024-10-08T08:21:44.033+0000] {processor.py:186} INFO - Started process (PID=212753) to work on /root/miniconda3/envs/project/lib/python3.8/site-packages/airflow/example_dags/example_branch_labels.py
[2024-10-08T08:21:44.037+0000] {processor.py:914} INFO - Processing file /root/miniconda3/envs/project/lib/python3.8/site-packages/airflow/example_dags/example_branch_labels.py for tasks to queue
[2024-10-08T08:21:44.040+0000] {logging_mixin.py:190} INFO - [2024-10-08T08:21:44.039+0000] {dagbag.py:588} INFO - Filling up the DagBag from /root/miniconda3/envs/project/lib/python3.8/site-packages/airflow/example_dags/example_branch_labels.py
[2024-10-08T08:21:44.055+0000] {processor.py:925} INFO - DAG(s) 'example_branch_labels' retrieved from /root/miniconda3/envs/project/lib/python3.8/site-packages/airflow/example_dags/example_branch_labels.py
[2024-10-08T08:21:44.080+0000] {logging_mixin.py:190} INFO - [2024-10-08T08:21:44.080+0000] {dag.py:3239} INFO - Sync 1 DAGs
[2024-10-08T08:21:44.109+0000] {logging_mixin.py:190} INFO - [2024-10-08T08:21:44.109+0000] {dag.py:4180} INFO - Setting next_dagrun for example_branch_labels to 2024-10-07 00:00:00+00:00, run_after=2024-10-08 00:00:00+00:00
[2024-10-08T08:21:44.140+0000] {processor.py:208} INFO - Processing /root/miniconda3/envs/project/lib/python3.8/site-packages/airflow/example_dags/example_branch_labels.py took 0.118 seconds
[2024-10-08T08:22:52.398+0000] {processor.py:186} INFO - Started process (PID=213000) to work on /root/miniconda3/envs/project/lib/python3.8/site-packages/airflow/example_dags/example_branch_labels.py
[2024-10-08T08:22:52.401+0000] {processor.py:914} INFO - Processing file /root/miniconda3/envs/project/lib/python3.8/site-packages/airflow/example_dags/example_branch_labels.py for tasks to queue
[2024-10-08T08:22:52.404+0000] {logging_mixin.py:190} INFO - [2024-10-08T08:22:52.404+0000] {dagbag.py:588} INFO - Filling up the DagBag from /root/miniconda3/envs/project/lib/python3.8/site-packages/airflow/example_dags/example_branch_labels.py
[2024-10-08T08:22:52.420+0000] {processor.py:925} INFO - DAG(s) 'example_branch_labels' retrieved from /root/miniconda3/envs/project/lib/python3.8/site-packages/airflow/example_dags/example_branch_labels.py
[2024-10-08T08:22:52.446+0000] {logging_mixin.py:190} INFO - [2024-10-08T08:22:52.446+0000] {dag.py:3239} INFO - Sync 1 DAGs
[2024-10-08T08:22:52.477+0000] {logging_mixin.py:190} INFO - [2024-10-08T08:22:52.476+0000] {dag.py:4180} INFO - Setting next_dagrun for example_branch_labels to 2024-10-07 00:00:00+00:00, run_after=2024-10-08 00:00:00+00:00
[2024-10-08T08:22:52.508+0000] {processor.py:208} INFO - Processing /root/miniconda3/envs/project/lib/python3.8/site-packages/airflow/example_dags/example_branch_labels.py took 0.121 seconds
[2024-10-08T08:23:56.467+0000] {processor.py:186} INFO - Started process (PID=213186) to work on /root/miniconda3/envs/project/lib/python3.8/site-packages/airflow/example_dags/example_branch_labels.py
[2024-10-08T08:23:56.470+0000] {processor.py:914} INFO - Processing file /root/miniconda3/envs/project/lib/python3.8/site-packages/airflow/example_dags/example_branch_labels.py for tasks to queue
[2024-10-08T08:23:56.473+0000] {logging_mixin.py:190} INFO - [2024-10-08T08:23:56.472+0000] {dagbag.py:588} INFO - Filling up the DagBag from /root/miniconda3/envs/project/lib/python3.8/site-packages/airflow/example_dags/example_branch_labels.py
[2024-10-08T08:23:56.488+0000] {processor.py:925} INFO - DAG(s) 'example_branch_labels' retrieved from /root/miniconda3/envs/project/lib/python3.8/site-packages/airflow/example_dags/example_branch_labels.py
[2024-10-08T08:23:56.514+0000] {logging_mixin.py:190} INFO - [2024-10-08T08:23:56.514+0000] {dag.py:3239} INFO - Sync 1 DAGs
[2024-10-08T08:23:56.544+0000] {logging_mixin.py:190} INFO - [2024-10-08T08:23:56.543+0000] {dag.py:4180} INFO - Setting next_dagrun for example_branch_labels to 2024-10-07 00:00:00+00:00, run_after=2024-10-08 00:00:00+00:00
[2024-10-08T08:23:56.576+0000] {processor.py:208} INFO - Processing /root/miniconda3/envs/project/lib/python3.8/site-packages/airflow/example_dags/example_branch_labels.py took 0.119 seconds
[2024-10-08T08:37:47.642+0000] {processor.py:186} INFO - Started process (PID=215145) to work on /root/miniconda3/envs/project/lib/python3.8/site-packages/airflow/example_dags/example_branch_labels.py
[2024-10-08T08:37:47.645+0000] {processor.py:914} INFO - Processing file /root/miniconda3/envs/project/lib/python3.8/site-packages/airflow/example_dags/example_branch_labels.py for tasks to queue
[2024-10-08T08:37:47.648+0000] {logging_mixin.py:190} INFO - [2024-10-08T08:37:47.648+0000] {dagbag.py:588} INFO - Filling up the DagBag from /root/miniconda3/envs/project/lib/python3.8/site-packages/airflow/example_dags/example_branch_labels.py
[2024-10-08T08:37:47.663+0000] {processor.py:925} INFO - DAG(s) 'example_branch_labels' retrieved from /root/miniconda3/envs/project/lib/python3.8/site-packages/airflow/example_dags/example_branch_labels.py
[2024-10-08T08:37:47.688+0000] {logging_mixin.py:190} INFO - [2024-10-08T08:37:47.687+0000] {dag.py:3239} INFO - Sync 1 DAGs
[2024-10-08T08:37:47.716+0000] {logging_mixin.py:190} INFO - [2024-10-08T08:37:47.716+0000] {dag.py:4180} INFO - Setting next_dagrun for example_branch_labels to 2024-10-07 00:00:00+00:00, run_after=2024-10-08 00:00:00+00:00
[2024-10-08T08:37:47.745+0000] {processor.py:208} INFO - Processing /root/miniconda3/envs/project/lib/python3.8/site-packages/airflow/example_dags/example_branch_labels.py took 0.114 seconds
[2024-10-08T08:38:57.532+0000] {processor.py:186} INFO - Started process (PID=215551) to work on /root/miniconda3/envs/project/lib/python3.8/site-packages/airflow/example_dags/example_branch_labels.py
[2024-10-08T08:38:57.535+0000] {processor.py:914} INFO - Processing file /root/miniconda3/envs/project/lib/python3.8/site-packages/airflow/example_dags/example_branch_labels.py for tasks to queue
[2024-10-08T08:38:57.538+0000] {logging_mixin.py:190} INFO - [2024-10-08T08:38:57.538+0000] {dagbag.py:588} INFO - Filling up the DagBag from /root/miniconda3/envs/project/lib/python3.8/site-packages/airflow/example_dags/example_branch_labels.py
[2024-10-08T08:38:57.553+0000] {processor.py:925} INFO - DAG(s) 'example_branch_labels' retrieved from /root/miniconda3/envs/project/lib/python3.8/site-packages/airflow/example_dags/example_branch_labels.py
[2024-10-08T08:38:57.579+0000] {logging_mixin.py:190} INFO - [2024-10-08T08:38:57.578+0000] {dag.py:3239} INFO - Sync 1 DAGs
[2024-10-08T08:38:57.609+0000] {logging_mixin.py:190} INFO - [2024-10-08T08:38:57.608+0000] {dag.py:4180} INFO - Setting next_dagrun for example_branch_labels to 2024-10-07 00:00:00+00:00, run_after=2024-10-08 00:00:00+00:00
[2024-10-08T08:38:57.638+0000] {processor.py:208} INFO - Processing /root/miniconda3/envs/project/lib/python3.8/site-packages/airflow/example_dags/example_branch_labels.py took 0.118 seconds
[2024-10-08T08:40:10.365+0000] {processor.py:186} INFO - Started process (PID=215779) to work on /root/miniconda3/envs/project/lib/python3.8/site-packages/airflow/example_dags/example_branch_labels.py
[2024-10-08T08:40:10.368+0000] {processor.py:914} INFO - Processing file /root/miniconda3/envs/project/lib/python3.8/site-packages/airflow/example_dags/example_branch_labels.py for tasks to queue
[2024-10-08T08:40:10.372+0000] {logging_mixin.py:190} INFO - [2024-10-08T08:40:10.371+0000] {dagbag.py:588} INFO - Filling up the DagBag from /root/miniconda3/envs/project/lib/python3.8/site-packages/airflow/example_dags/example_branch_labels.py
[2024-10-08T08:40:10.387+0000] {processor.py:925} INFO - DAG(s) 'example_branch_labels' retrieved from /root/miniconda3/envs/project/lib/python3.8/site-packages/airflow/example_dags/example_branch_labels.py
[2024-10-08T08:40:10.412+0000] {logging_mixin.py:190} INFO - [2024-10-08T08:40:10.412+0000] {dag.py:3239} INFO - Sync 1 DAGs
[2024-10-08T08:40:10.442+0000] {logging_mixin.py:190} INFO - [2024-10-08T08:40:10.441+0000] {dag.py:4180} INFO - Setting next_dagrun for example_branch_labels to 2024-10-07 00:00:00+00:00, run_after=2024-10-08 00:00:00+00:00
[2024-10-08T08:40:10.474+0000] {processor.py:208} INFO - Processing /root/miniconda3/envs/project/lib/python3.8/site-packages/airflow/example_dags/example_branch_labels.py took 0.121 seconds
[2024-10-08T08:41:17.804+0000] {processor.py:186} INFO - Started process (PID=216253) to work on /root/miniconda3/envs/project/lib/python3.8/site-packages/airflow/example_dags/example_branch_labels.py
[2024-10-08T08:41:17.807+0000] {processor.py:914} INFO - Processing file /root/miniconda3/envs/project/lib/python3.8/site-packages/airflow/example_dags/example_branch_labels.py for tasks to queue
[2024-10-08T08:41:17.810+0000] {logging_mixin.py:190} INFO - [2024-10-08T08:41:17.810+0000] {dagbag.py:588} INFO - Filling up the DagBag from /root/miniconda3/envs/project/lib/python3.8/site-packages/airflow/example_dags/example_branch_labels.py
[2024-10-08T08:41:17.827+0000] {processor.py:925} INFO - DAG(s) 'example_branch_labels' retrieved from /root/miniconda3/envs/project/lib/python3.8/site-packages/airflow/example_dags/example_branch_labels.py
[2024-10-08T08:41:17.853+0000] {logging_mixin.py:190} INFO - [2024-10-08T08:41:17.853+0000] {dag.py:3239} INFO - Sync 1 DAGs
[2024-10-08T08:41:17.883+0000] {logging_mixin.py:190} INFO - [2024-10-08T08:41:17.883+0000] {dag.py:4180} INFO - Setting next_dagrun for example_branch_labels to 2024-10-07 00:00:00+00:00, run_after=2024-10-08 00:00:00+00:00
[2024-10-08T08:41:17.915+0000] {processor.py:208} INFO - Processing /root/miniconda3/envs/project/lib/python3.8/site-packages/airflow/example_dags/example_branch_labels.py took 0.123 seconds
[2024-10-08T08:42:24.782+0000] {processor.py:186} INFO - Started process (PID=216581) to work on /root/miniconda3/envs/project/lib/python3.8/site-packages/airflow/example_dags/example_branch_labels.py
[2024-10-08T08:42:24.785+0000] {processor.py:914} INFO - Processing file /root/miniconda3/envs/project/lib/python3.8/site-packages/airflow/example_dags/example_branch_labels.py for tasks to queue
[2024-10-08T08:42:24.788+0000] {logging_mixin.py:190} INFO - [2024-10-08T08:42:24.788+0000] {dagbag.py:588} INFO - Filling up the DagBag from /root/miniconda3/envs/project/lib/python3.8/site-packages/airflow/example_dags/example_branch_labels.py
[2024-10-08T08:42:24.804+0000] {processor.py:925} INFO - DAG(s) 'example_branch_labels' retrieved from /root/miniconda3/envs/project/lib/python3.8/site-packages/airflow/example_dags/example_branch_labels.py
[2024-10-08T08:42:24.829+0000] {logging_mixin.py:190} INFO - [2024-10-08T08:42:24.829+0000] {dag.py:3239} INFO - Sync 1 DAGs
[2024-10-08T08:42:24.859+0000] {logging_mixin.py:190} INFO - [2024-10-08T08:42:24.859+0000] {dag.py:4180} INFO - Setting next_dagrun for example_branch_labels to 2024-10-07 00:00:00+00:00, run_after=2024-10-08 00:00:00+00:00
[2024-10-08T08:42:24.891+0000] {processor.py:208} INFO - Processing /root/miniconda3/envs/project/lib/python3.8/site-packages/airflow/example_dags/example_branch_labels.py took 0.120 seconds
[2024-10-08T08:43:31.602+0000] {processor.py:186} INFO - Started process (PID=216799) to work on /root/miniconda3/envs/project/lib/python3.8/site-packages/airflow/example_dags/example_branch_labels.py
[2024-10-08T08:43:31.605+0000] {processor.py:914} INFO - Processing file /root/miniconda3/envs/project/lib/python3.8/site-packages/airflow/example_dags/example_branch_labels.py for tasks to queue
[2024-10-08T08:43:31.609+0000] {logging_mixin.py:190} INFO - [2024-10-08T08:43:31.608+0000] {dagbag.py:588} INFO - Filling up the DagBag from /root/miniconda3/envs/project/lib/python3.8/site-packages/airflow/example_dags/example_branch_labels.py
[2024-10-08T08:43:31.624+0000] {processor.py:925} INFO - DAG(s) 'example_branch_labels' retrieved from /root/miniconda3/envs/project/lib/python3.8/site-packages/airflow/example_dags/example_branch_labels.py
[2024-10-08T08:43:31.650+0000] {logging_mixin.py:190} INFO - [2024-10-08T08:43:31.650+0000] {dag.py:3239} INFO - Sync 1 DAGs
[2024-10-08T08:43:31.680+0000] {logging_mixin.py:190} INFO - [2024-10-08T08:43:31.680+0000] {dag.py:4180} INFO - Setting next_dagrun for example_branch_labels to 2024-10-07 00:00:00+00:00, run_after=2024-10-08 00:00:00+00:00
[2024-10-08T08:43:31.712+0000] {processor.py:208} INFO - Processing /root/miniconda3/envs/project/lib/python3.8/site-packages/airflow/example_dags/example_branch_labels.py took 0.121 seconds
[2024-10-08T08:44:42.167+0000] {processor.py:186} INFO - Started process (PID=217083) to work on /root/miniconda3/envs/project/lib/python3.8/site-packages/airflow/example_dags/example_branch_labels.py
[2024-10-08T08:44:42.170+0000] {processor.py:914} INFO - Processing file /root/miniconda3/envs/project/lib/python3.8/site-packages/airflow/example_dags/example_branch_labels.py for tasks to queue
[2024-10-08T08:44:42.173+0000] {logging_mixin.py:190} INFO - [2024-10-08T08:44:42.172+0000] {dagbag.py:588} INFO - Filling up the DagBag from /root/miniconda3/envs/project/lib/python3.8/site-packages/airflow/example_dags/example_branch_labels.py
[2024-10-08T08:44:42.189+0000] {processor.py:925} INFO - DAG(s) 'example_branch_labels' retrieved from /root/miniconda3/envs/project/lib/python3.8/site-packages/airflow/example_dags/example_branch_labels.py
[2024-10-08T08:44:42.214+0000] {logging_mixin.py:190} INFO - [2024-10-08T08:44:42.214+0000] {dag.py:3239} INFO - Sync 1 DAGs
[2024-10-08T08:44:42.244+0000] {logging_mixin.py:190} INFO - [2024-10-08T08:44:42.244+0000] {dag.py:4180} INFO - Setting next_dagrun for example_branch_labels to 2024-10-07 00:00:00+00:00, run_after=2024-10-08 00:00:00+00:00
[2024-10-08T08:44:42.277+0000] {processor.py:208} INFO - Processing /root/miniconda3/envs/project/lib/python3.8/site-packages/airflow/example_dags/example_branch_labels.py took 0.122 seconds
[2024-10-08T08:45:56.510+0000] {processor.py:186} INFO - Started process (PID=217315) to work on /root/miniconda3/envs/project/lib/python3.8/site-packages/airflow/example_dags/example_branch_labels.py
[2024-10-08T08:45:56.512+0000] {processor.py:914} INFO - Processing file /root/miniconda3/envs/project/lib/python3.8/site-packages/airflow/example_dags/example_branch_labels.py for tasks to queue
[2024-10-08T08:45:56.516+0000] {logging_mixin.py:190} INFO - [2024-10-08T08:45:56.515+0000] {dagbag.py:588} INFO - Filling up the DagBag from /root/miniconda3/envs/project/lib/python3.8/site-packages/airflow/example_dags/example_branch_labels.py
[2024-10-08T08:45:56.532+0000] {processor.py:925} INFO - DAG(s) 'example_branch_labels' retrieved from /root/miniconda3/envs/project/lib/python3.8/site-packages/airflow/example_dags/example_branch_labels.py
[2024-10-08T08:45:56.557+0000] {logging_mixin.py:190} INFO - [2024-10-08T08:45:56.557+0000] {dag.py:3239} INFO - Sync 1 DAGs
[2024-10-08T08:45:56.587+0000] {logging_mixin.py:190} INFO - [2024-10-08T08:45:56.587+0000] {dag.py:4180} INFO - Setting next_dagrun for example_branch_labels to 2024-10-07 00:00:00+00:00, run_after=2024-10-08 00:00:00+00:00
[2024-10-08T08:45:56.619+0000] {processor.py:208} INFO - Processing /root/miniconda3/envs/project/lib/python3.8/site-packages/airflow/example_dags/example_branch_labels.py took 0.119 seconds
[2024-10-08T08:47:07.783+0000] {processor.py:186} INFO - Started process (PID=217678) to work on /root/miniconda3/envs/project/lib/python3.8/site-packages/airflow/example_dags/example_branch_labels.py
[2024-10-08T08:47:07.786+0000] {processor.py:914} INFO - Processing file /root/miniconda3/envs/project/lib/python3.8/site-packages/airflow/example_dags/example_branch_labels.py for tasks to queue
[2024-10-08T08:47:07.789+0000] {logging_mixin.py:190} INFO - [2024-10-08T08:47:07.789+0000] {dagbag.py:588} INFO - Filling up the DagBag from /root/miniconda3/envs/project/lib/python3.8/site-packages/airflow/example_dags/example_branch_labels.py
[2024-10-08T08:47:07.804+0000] {processor.py:925} INFO - DAG(s) 'example_branch_labels' retrieved from /root/miniconda3/envs/project/lib/python3.8/site-packages/airflow/example_dags/example_branch_labels.py
[2024-10-08T08:47:07.830+0000] {logging_mixin.py:190} INFO - [2024-10-08T08:47:07.830+0000] {dag.py:3239} INFO - Sync 1 DAGs
[2024-10-08T08:47:07.866+0000] {logging_mixin.py:190} INFO - [2024-10-08T08:47:07.866+0000] {dag.py:4180} INFO - Setting next_dagrun for example_branch_labels to 2024-10-07 00:00:00+00:00, run_after=2024-10-08 00:00:00+00:00
[2024-10-08T08:47:07.902+0000] {processor.py:208} INFO - Processing /root/miniconda3/envs/project/lib/python3.8/site-packages/airflow/example_dags/example_branch_labels.py took 0.129 seconds
[2024-10-08T08:48:20.646+0000] {processor.py:186} INFO - Started process (PID=217964) to work on /root/miniconda3/envs/project/lib/python3.8/site-packages/airflow/example_dags/example_branch_labels.py
[2024-10-08T08:48:20.649+0000] {processor.py:914} INFO - Processing file /root/miniconda3/envs/project/lib/python3.8/site-packages/airflow/example_dags/example_branch_labels.py for tasks to queue
[2024-10-08T08:48:20.653+0000] {logging_mixin.py:190} INFO - [2024-10-08T08:48:20.652+0000] {dagbag.py:588} INFO - Filling up the DagBag from /root/miniconda3/envs/project/lib/python3.8/site-packages/airflow/example_dags/example_branch_labels.py
[2024-10-08T08:48:20.668+0000] {processor.py:925} INFO - DAG(s) 'example_branch_labels' retrieved from /root/miniconda3/envs/project/lib/python3.8/site-packages/airflow/example_dags/example_branch_labels.py
[2024-10-08T08:48:20.694+0000] {logging_mixin.py:190} INFO - [2024-10-08T08:48:20.693+0000] {dag.py:3239} INFO - Sync 1 DAGs
[2024-10-08T08:48:20.723+0000] {logging_mixin.py:190} INFO - [2024-10-08T08:48:20.722+0000] {dag.py:4180} INFO - Setting next_dagrun for example_branch_labels to 2024-10-07 00:00:00+00:00, run_after=2024-10-08 00:00:00+00:00
[2024-10-08T08:48:20.756+0000] {processor.py:208} INFO - Processing /root/miniconda3/envs/project/lib/python3.8/site-packages/airflow/example_dags/example_branch_labels.py took 0.120 seconds
[2024-10-08T08:49:31.499+0000] {processor.py:186} INFO - Started process (PID=218187) to work on /root/miniconda3/envs/project/lib/python3.8/site-packages/airflow/example_dags/example_branch_labels.py
[2024-10-08T08:49:31.502+0000] {processor.py:914} INFO - Processing file /root/miniconda3/envs/project/lib/python3.8/site-packages/airflow/example_dags/example_branch_labels.py for tasks to queue
[2024-10-08T08:49:31.508+0000] {logging_mixin.py:190} INFO - [2024-10-08T08:49:31.507+0000] {dagbag.py:588} INFO - Filling up the DagBag from /root/miniconda3/envs/project/lib/python3.8/site-packages/airflow/example_dags/example_branch_labels.py
[2024-10-08T08:49:31.526+0000] {processor.py:925} INFO - DAG(s) 'example_branch_labels' retrieved from /root/miniconda3/envs/project/lib/python3.8/site-packages/airflow/example_dags/example_branch_labels.py
[2024-10-08T08:49:31.552+0000] {logging_mixin.py:190} INFO - [2024-10-08T08:49:31.551+0000] {dag.py:3239} INFO - Sync 1 DAGs
[2024-10-08T08:49:31.582+0000] {logging_mixin.py:190} INFO - [2024-10-08T08:49:31.581+0000] {dag.py:4180} INFO - Setting next_dagrun for example_branch_labels to 2024-10-07 00:00:00+00:00, run_after=2024-10-08 00:00:00+00:00
[2024-10-08T08:49:31.612+0000] {processor.py:208} INFO - Processing /root/miniconda3/envs/project/lib/python3.8/site-packages/airflow/example_dags/example_branch_labels.py took 0.124 seconds
[2024-10-08T08:50:42.136+0000] {processor.py:186} INFO - Started process (PID=218474) to work on /root/miniconda3/envs/project/lib/python3.8/site-packages/airflow/example_dags/example_branch_labels.py
[2024-10-08T08:50:42.139+0000] {processor.py:914} INFO - Processing file /root/miniconda3/envs/project/lib/python3.8/site-packages/airflow/example_dags/example_branch_labels.py for tasks to queue
[2024-10-08T08:50:42.142+0000] {logging_mixin.py:190} INFO - [2024-10-08T08:50:42.141+0000] {dagbag.py:588} INFO - Filling up the DagBag from /root/miniconda3/envs/project/lib/python3.8/site-packages/airflow/example_dags/example_branch_labels.py
[2024-10-08T08:50:42.157+0000] {processor.py:925} INFO - DAG(s) 'example_branch_labels' retrieved from /root/miniconda3/envs/project/lib/python3.8/site-packages/airflow/example_dags/example_branch_labels.py
[2024-10-08T08:50:42.181+0000] {logging_mixin.py:190} INFO - [2024-10-08T08:50:42.181+0000] {dag.py:3239} INFO - Sync 1 DAGs
[2024-10-08T08:50:42.210+0000] {logging_mixin.py:190} INFO - [2024-10-08T08:50:42.209+0000] {dag.py:4180} INFO - Setting next_dagrun for example_branch_labels to 2024-10-07 00:00:00+00:00, run_after=2024-10-08 00:00:00+00:00
[2024-10-08T08:50:42.239+0000] {processor.py:208} INFO - Processing /root/miniconda3/envs/project/lib/python3.8/site-packages/airflow/example_dags/example_branch_labels.py took 0.116 seconds
[2024-10-08T09:09:24.114+0000] {processor.py:186} INFO - Started process (PID=220932) to work on /root/miniconda3/envs/project/lib/python3.8/site-packages/airflow/example_dags/example_branch_labels.py
[2024-10-08T09:09:24.117+0000] {processor.py:914} INFO - Processing file /root/miniconda3/envs/project/lib/python3.8/site-packages/airflow/example_dags/example_branch_labels.py for tasks to queue
[2024-10-08T09:09:24.121+0000] {logging_mixin.py:190} INFO - [2024-10-08T09:09:24.120+0000] {dagbag.py:588} INFO - Filling up the DagBag from /root/miniconda3/envs/project/lib/python3.8/site-packages/airflow/example_dags/example_branch_labels.py
[2024-10-08T09:09:24.136+0000] {processor.py:925} INFO - DAG(s) 'example_branch_labels' retrieved from /root/miniconda3/envs/project/lib/python3.8/site-packages/airflow/example_dags/example_branch_labels.py
[2024-10-08T09:09:24.162+0000] {logging_mixin.py:190} INFO - [2024-10-08T09:09:24.162+0000] {dag.py:3239} INFO - Sync 1 DAGs
[2024-10-08T09:09:24.191+0000] {logging_mixin.py:190} INFO - [2024-10-08T09:09:24.191+0000] {dag.py:4180} INFO - Setting next_dagrun for example_branch_labels to 2024-10-07 00:00:00+00:00, run_after=2024-10-08 00:00:00+00:00
[2024-10-08T09:09:24.222+0000] {processor.py:208} INFO - Processing /root/miniconda3/envs/project/lib/python3.8/site-packages/airflow/example_dags/example_branch_labels.py took 0.120 seconds
[2024-10-08T09:10:54.729+0000] {processor.py:186} INFO - Started process (PID=221652) to work on /root/miniconda3/envs/project/lib/python3.8/site-packages/airflow/example_dags/example_branch_labels.py
[2024-10-08T09:10:54.733+0000] {processor.py:914} INFO - Processing file /root/miniconda3/envs/project/lib/python3.8/site-packages/airflow/example_dags/example_branch_labels.py for tasks to queue
[2024-10-08T09:10:54.737+0000] {logging_mixin.py:190} INFO - [2024-10-08T09:10:54.736+0000] {dagbag.py:588} INFO - Filling up the DagBag from /root/miniconda3/envs/project/lib/python3.8/site-packages/airflow/example_dags/example_branch_labels.py
[2024-10-08T09:10:54.754+0000] {processor.py:925} INFO - DAG(s) 'example_branch_labels' retrieved from /root/miniconda3/envs/project/lib/python3.8/site-packages/airflow/example_dags/example_branch_labels.py
[2024-10-08T09:10:54.782+0000] {logging_mixin.py:190} INFO - [2024-10-08T09:10:54.781+0000] {dag.py:3239} INFO - Sync 1 DAGs
[2024-10-08T09:10:54.812+0000] {logging_mixin.py:190} INFO - [2024-10-08T09:10:54.812+0000] {dag.py:4180} INFO - Setting next_dagrun for example_branch_labels to 2024-10-07 00:00:00+00:00, run_after=2024-10-08 00:00:00+00:00
[2024-10-08T09:10:54.843+0000] {processor.py:208} INFO - Processing /root/miniconda3/envs/project/lib/python3.8/site-packages/airflow/example_dags/example_branch_labels.py took 0.126 seconds
[2024-10-08T09:12:02.483+0000] {processor.py:186} INFO - Started process (PID=221997) to work on /root/miniconda3/envs/project/lib/python3.8/site-packages/airflow/example_dags/example_branch_labels.py
[2024-10-08T09:12:02.486+0000] {processor.py:914} INFO - Processing file /root/miniconda3/envs/project/lib/python3.8/site-packages/airflow/example_dags/example_branch_labels.py for tasks to queue
[2024-10-08T09:12:02.490+0000] {logging_mixin.py:190} INFO - [2024-10-08T09:12:02.489+0000] {dagbag.py:588} INFO - Filling up the DagBag from /root/miniconda3/envs/project/lib/python3.8/site-packages/airflow/example_dags/example_branch_labels.py
[2024-10-08T09:12:02.506+0000] {processor.py:925} INFO - DAG(s) 'example_branch_labels' retrieved from /root/miniconda3/envs/project/lib/python3.8/site-packages/airflow/example_dags/example_branch_labels.py
[2024-10-08T09:12:02.532+0000] {logging_mixin.py:190} INFO - [2024-10-08T09:12:02.532+0000] {dag.py:3239} INFO - Sync 1 DAGs
[2024-10-08T09:12:02.562+0000] {logging_mixin.py:190} INFO - [2024-10-08T09:12:02.562+0000] {dag.py:4180} INFO - Setting next_dagrun for example_branch_labels to 2024-10-07 00:00:00+00:00, run_after=2024-10-08 00:00:00+00:00
[2024-10-08T09:12:02.592+0000] {processor.py:208} INFO - Processing /root/miniconda3/envs/project/lib/python3.8/site-packages/airflow/example_dags/example_branch_labels.py took 0.121 seconds
[2024-10-08T09:13:07.892+0000] {processor.py:186} INFO - Started process (PID=222206) to work on /root/miniconda3/envs/project/lib/python3.8/site-packages/airflow/example_dags/example_branch_labels.py
[2024-10-08T09:13:07.896+0000] {processor.py:914} INFO - Processing file /root/miniconda3/envs/project/lib/python3.8/site-packages/airflow/example_dags/example_branch_labels.py for tasks to queue
[2024-10-08T09:13:07.899+0000] {logging_mixin.py:190} INFO - [2024-10-08T09:13:07.899+0000] {dagbag.py:588} INFO - Filling up the DagBag from /root/miniconda3/envs/project/lib/python3.8/site-packages/airflow/example_dags/example_branch_labels.py
[2024-10-08T09:13:07.915+0000] {processor.py:925} INFO - DAG(s) 'example_branch_labels' retrieved from /root/miniconda3/envs/project/lib/python3.8/site-packages/airflow/example_dags/example_branch_labels.py
[2024-10-08T09:13:07.942+0000] {logging_mixin.py:190} INFO - [2024-10-08T09:13:07.941+0000] {dag.py:3239} INFO - Sync 1 DAGs
[2024-10-08T09:13:07.971+0000] {logging_mixin.py:190} INFO - [2024-10-08T09:13:07.971+0000] {dag.py:4180} INFO - Setting next_dagrun for example_branch_labels to 2024-10-07 00:00:00+00:00, run_after=2024-10-08 00:00:00+00:00
[2024-10-08T09:13:08.001+0000] {processor.py:208} INFO - Processing /root/miniconda3/envs/project/lib/python3.8/site-packages/airflow/example_dags/example_branch_labels.py took 0.120 seconds
[2024-10-08T09:14:15.262+0000] {processor.py:186} INFO - Started process (PID=222552) to work on /root/miniconda3/envs/project/lib/python3.8/site-packages/airflow/example_dags/example_branch_labels.py
[2024-10-08T09:14:15.265+0000] {processor.py:914} INFO - Processing file /root/miniconda3/envs/project/lib/python3.8/site-packages/airflow/example_dags/example_branch_labels.py for tasks to queue
[2024-10-08T09:14:15.269+0000] {logging_mixin.py:190} INFO - [2024-10-08T09:14:15.268+0000] {dagbag.py:588} INFO - Filling up the DagBag from /root/miniconda3/envs/project/lib/python3.8/site-packages/airflow/example_dags/example_branch_labels.py
[2024-10-08T09:14:15.283+0000] {processor.py:925} INFO - DAG(s) 'example_branch_labels' retrieved from /root/miniconda3/envs/project/lib/python3.8/site-packages/airflow/example_dags/example_branch_labels.py
[2024-10-08T09:14:15.308+0000] {logging_mixin.py:190} INFO - [2024-10-08T09:14:15.308+0000] {dag.py:3239} INFO - Sync 1 DAGs
[2024-10-08T09:14:15.338+0000] {logging_mixin.py:190} INFO - [2024-10-08T09:14:15.337+0000] {dag.py:4180} INFO - Setting next_dagrun for example_branch_labels to 2024-10-07 00:00:00+00:00, run_after=2024-10-08 00:00:00+00:00
[2024-10-08T09:14:15.371+0000] {processor.py:208} INFO - Processing /root/miniconda3/envs/project/lib/python3.8/site-packages/airflow/example_dags/example_branch_labels.py took 0.118 seconds
[2024-10-08T09:15:20.915+0000] {processor.py:186} INFO - Started process (PID=222818) to work on /root/miniconda3/envs/project/lib/python3.8/site-packages/airflow/example_dags/example_branch_labels.py
[2024-10-08T09:15:20.918+0000] {processor.py:914} INFO - Processing file /root/miniconda3/envs/project/lib/python3.8/site-packages/airflow/example_dags/example_branch_labels.py for tasks to queue
[2024-10-08T09:15:20.921+0000] {logging_mixin.py:190} INFO - [2024-10-08T09:15:20.921+0000] {dagbag.py:588} INFO - Filling up the DagBag from /root/miniconda3/envs/project/lib/python3.8/site-packages/airflow/example_dags/example_branch_labels.py
[2024-10-08T09:15:20.937+0000] {processor.py:925} INFO - DAG(s) 'example_branch_labels' retrieved from /root/miniconda3/envs/project/lib/python3.8/site-packages/airflow/example_dags/example_branch_labels.py
[2024-10-08T09:15:20.965+0000] {logging_mixin.py:190} INFO - [2024-10-08T09:15:20.965+0000] {dag.py:3239} INFO - Sync 1 DAGs
[2024-10-08T09:15:20.997+0000] {logging_mixin.py:190} INFO - [2024-10-08T09:15:20.997+0000] {dag.py:4180} INFO - Setting next_dagrun for example_branch_labels to 2024-10-07 00:00:00+00:00, run_after=2024-10-08 00:00:00+00:00
[2024-10-08T09:15:21.031+0000] {processor.py:208} INFO - Processing /root/miniconda3/envs/project/lib/python3.8/site-packages/airflow/example_dags/example_branch_labels.py took 0.127 seconds
[2024-10-08T09:16:35.622+0000] {processor.py:186} INFO - Started process (PID=223053) to work on /root/miniconda3/envs/project/lib/python3.8/site-packages/airflow/example_dags/example_branch_labels.py
[2024-10-08T09:16:35.625+0000] {processor.py:914} INFO - Processing file /root/miniconda3/envs/project/lib/python3.8/site-packages/airflow/example_dags/example_branch_labels.py for tasks to queue
[2024-10-08T09:16:35.628+0000] {logging_mixin.py:190} INFO - [2024-10-08T09:16:35.627+0000] {dagbag.py:588} INFO - Filling up the DagBag from /root/miniconda3/envs/project/lib/python3.8/site-packages/airflow/example_dags/example_branch_labels.py
[2024-10-08T09:16:35.643+0000] {processor.py:925} INFO - DAG(s) 'example_branch_labels' retrieved from /root/miniconda3/envs/project/lib/python3.8/site-packages/airflow/example_dags/example_branch_labels.py
[2024-10-08T09:16:35.668+0000] {logging_mixin.py:190} INFO - [2024-10-08T09:16:35.667+0000] {dag.py:3239} INFO - Sync 1 DAGs
[2024-10-08T09:16:35.697+0000] {logging_mixin.py:190} INFO - [2024-10-08T09:16:35.697+0000] {dag.py:4180} INFO - Setting next_dagrun for example_branch_labels to 2024-10-07 00:00:00+00:00, run_after=2024-10-08 00:00:00+00:00
[2024-10-08T09:16:35.728+0000] {processor.py:208} INFO - Processing /root/miniconda3/envs/project/lib/python3.8/site-packages/airflow/example_dags/example_branch_labels.py took 0.116 seconds
[2024-10-08T09:17:44.755+0000] {processor.py:186} INFO - Started process (PID=223312) to work on /root/miniconda3/envs/project/lib/python3.8/site-packages/airflow/example_dags/example_branch_labels.py
[2024-10-08T09:17:44.758+0000] {processor.py:914} INFO - Processing file /root/miniconda3/envs/project/lib/python3.8/site-packages/airflow/example_dags/example_branch_labels.py for tasks to queue
[2024-10-08T09:17:44.761+0000] {logging_mixin.py:190} INFO - [2024-10-08T09:17:44.761+0000] {dagbag.py:588} INFO - Filling up the DagBag from /root/miniconda3/envs/project/lib/python3.8/site-packages/airflow/example_dags/example_branch_labels.py
[2024-10-08T09:17:44.777+0000] {processor.py:925} INFO - DAG(s) 'example_branch_labels' retrieved from /root/miniconda3/envs/project/lib/python3.8/site-packages/airflow/example_dags/example_branch_labels.py
[2024-10-08T09:17:44.802+0000] {logging_mixin.py:190} INFO - [2024-10-08T09:17:44.801+0000] {dag.py:3239} INFO - Sync 1 DAGs
[2024-10-08T09:17:44.832+0000] {logging_mixin.py:190} INFO - [2024-10-08T09:17:44.832+0000] {dag.py:4180} INFO - Setting next_dagrun for example_branch_labels to 2024-10-07 00:00:00+00:00, run_after=2024-10-08 00:00:00+00:00
[2024-10-08T09:17:44.864+0000] {processor.py:208} INFO - Processing /root/miniconda3/envs/project/lib/python3.8/site-packages/airflow/example_dags/example_branch_labels.py took 0.121 seconds
[2024-10-08T09:18:56.018+0000] {processor.py:186} INFO - Started process (PID=223572) to work on /root/miniconda3/envs/project/lib/python3.8/site-packages/airflow/example_dags/example_branch_labels.py
[2024-10-08T09:18:56.021+0000] {processor.py:914} INFO - Processing file /root/miniconda3/envs/project/lib/python3.8/site-packages/airflow/example_dags/example_branch_labels.py for tasks to queue
[2024-10-08T09:18:56.025+0000] {logging_mixin.py:190} INFO - [2024-10-08T09:18:56.024+0000] {dagbag.py:588} INFO - Filling up the DagBag from /root/miniconda3/envs/project/lib/python3.8/site-packages/airflow/example_dags/example_branch_labels.py
[2024-10-08T09:18:56.041+0000] {processor.py:925} INFO - DAG(s) 'example_branch_labels' retrieved from /root/miniconda3/envs/project/lib/python3.8/site-packages/airflow/example_dags/example_branch_labels.py
[2024-10-08T09:18:56.067+0000] {logging_mixin.py:190} INFO - [2024-10-08T09:18:56.067+0000] {dag.py:3239} INFO - Sync 1 DAGs
[2024-10-08T09:18:56.096+0000] {logging_mixin.py:190} INFO - [2024-10-08T09:18:56.096+0000] {dag.py:4180} INFO - Setting next_dagrun for example_branch_labels to 2024-10-07 00:00:00+00:00, run_after=2024-10-08 00:00:00+00:00
[2024-10-08T09:18:56.129+0000] {processor.py:208} INFO - Processing /root/miniconda3/envs/project/lib/python3.8/site-packages/airflow/example_dags/example_branch_labels.py took 0.121 seconds
[2024-10-08T09:20:08.229+0000] {processor.py:186} INFO - Started process (PID=223865) to work on /root/miniconda3/envs/project/lib/python3.8/site-packages/airflow/example_dags/example_branch_labels.py
[2024-10-08T09:20:08.231+0000] {processor.py:914} INFO - Processing file /root/miniconda3/envs/project/lib/python3.8/site-packages/airflow/example_dags/example_branch_labels.py for tasks to queue
[2024-10-08T09:20:08.235+0000] {logging_mixin.py:190} INFO - [2024-10-08T09:20:08.234+0000] {dagbag.py:588} INFO - Filling up the DagBag from /root/miniconda3/envs/project/lib/python3.8/site-packages/airflow/example_dags/example_branch_labels.py
[2024-10-08T09:20:08.251+0000] {processor.py:925} INFO - DAG(s) 'example_branch_labels' retrieved from /root/miniconda3/envs/project/lib/python3.8/site-packages/airflow/example_dags/example_branch_labels.py
[2024-10-08T09:20:08.277+0000] {logging_mixin.py:190} INFO - [2024-10-08T09:20:08.277+0000] {dag.py:3239} INFO - Sync 1 DAGs
[2024-10-08T09:20:08.308+0000] {logging_mixin.py:190} INFO - [2024-10-08T09:20:08.308+0000] {dag.py:4180} INFO - Setting next_dagrun for example_branch_labels to 2024-10-07 00:00:00+00:00, run_after=2024-10-08 00:00:00+00:00
[2024-10-08T09:20:08.340+0000] {processor.py:208} INFO - Processing /root/miniconda3/envs/project/lib/python3.8/site-packages/airflow/example_dags/example_branch_labels.py took 0.122 seconds
[2024-10-08T09:21:21.022+0000] {processor.py:186} INFO - Started process (PID=224098) to work on /root/miniconda3/envs/project/lib/python3.8/site-packages/airflow/example_dags/example_branch_labels.py
[2024-10-08T09:21:21.024+0000] {processor.py:914} INFO - Processing file /root/miniconda3/envs/project/lib/python3.8/site-packages/airflow/example_dags/example_branch_labels.py for tasks to queue
[2024-10-08T09:21:21.028+0000] {logging_mixin.py:190} INFO - [2024-10-08T09:21:21.027+0000] {dagbag.py:588} INFO - Filling up the DagBag from /root/miniconda3/envs/project/lib/python3.8/site-packages/airflow/example_dags/example_branch_labels.py
[2024-10-08T09:21:21.044+0000] {processor.py:925} INFO - DAG(s) 'example_branch_labels' retrieved from /root/miniconda3/envs/project/lib/python3.8/site-packages/airflow/example_dags/example_branch_labels.py
[2024-10-08T09:21:21.068+0000] {logging_mixin.py:190} INFO - [2024-10-08T09:21:21.068+0000] {dag.py:3239} INFO - Sync 1 DAGs
[2024-10-08T09:21:21.098+0000] {logging_mixin.py:190} INFO - [2024-10-08T09:21:21.097+0000] {dag.py:4180} INFO - Setting next_dagrun for example_branch_labels to 2024-10-07 00:00:00+00:00, run_after=2024-10-08 00:00:00+00:00
[2024-10-08T09:21:21.126+0000] {processor.py:208} INFO - Processing /root/miniconda3/envs/project/lib/python3.8/site-packages/airflow/example_dags/example_branch_labels.py took 0.114 seconds
[2024-10-08T09:22:30.570+0000] {processor.py:186} INFO - Started process (PID=224325) to work on /root/miniconda3/envs/project/lib/python3.8/site-packages/airflow/example_dags/example_branch_labels.py
[2024-10-08T09:22:30.573+0000] {processor.py:914} INFO - Processing file /root/miniconda3/envs/project/lib/python3.8/site-packages/airflow/example_dags/example_branch_labels.py for tasks to queue
[2024-10-08T09:22:30.577+0000] {logging_mixin.py:190} INFO - [2024-10-08T09:22:30.576+0000] {dagbag.py:588} INFO - Filling up the DagBag from /root/miniconda3/envs/project/lib/python3.8/site-packages/airflow/example_dags/example_branch_labels.py
[2024-10-08T09:22:30.592+0000] {processor.py:925} INFO - DAG(s) 'example_branch_labels' retrieved from /root/miniconda3/envs/project/lib/python3.8/site-packages/airflow/example_dags/example_branch_labels.py
[2024-10-08T09:22:30.618+0000] {logging_mixin.py:190} INFO - [2024-10-08T09:22:30.617+0000] {dag.py:3239} INFO - Sync 1 DAGs
[2024-10-08T09:22:30.647+0000] {logging_mixin.py:190} INFO - [2024-10-08T09:22:30.647+0000] {dag.py:4180} INFO - Setting next_dagrun for example_branch_labels to 2024-10-07 00:00:00+00:00, run_after=2024-10-08 00:00:00+00:00
[2024-10-08T09:22:30.679+0000] {processor.py:208} INFO - Processing /root/miniconda3/envs/project/lib/python3.8/site-packages/airflow/example_dags/example_branch_labels.py took 0.119 seconds
[2024-10-08T09:23:40.349+0000] {processor.py:186} INFO - Started process (PID=224514) to work on /root/miniconda3/envs/project/lib/python3.8/site-packages/airflow/example_dags/example_branch_labels.py
[2024-10-08T09:23:40.352+0000] {processor.py:914} INFO - Processing file /root/miniconda3/envs/project/lib/python3.8/site-packages/airflow/example_dags/example_branch_labels.py for tasks to queue
[2024-10-08T09:23:40.355+0000] {logging_mixin.py:190} INFO - [2024-10-08T09:23:40.355+0000] {dagbag.py:588} INFO - Filling up the DagBag from /root/miniconda3/envs/project/lib/python3.8/site-packages/airflow/example_dags/example_branch_labels.py
[2024-10-08T09:23:40.371+0000] {processor.py:925} INFO - DAG(s) 'example_branch_labels' retrieved from /root/miniconda3/envs/project/lib/python3.8/site-packages/airflow/example_dags/example_branch_labels.py
[2024-10-08T09:23:40.402+0000] {logging_mixin.py:190} INFO - [2024-10-08T09:23:40.402+0000] {dag.py:3239} INFO - Sync 1 DAGs
[2024-10-08T09:23:40.431+0000] {logging_mixin.py:190} INFO - [2024-10-08T09:23:40.431+0000] {dag.py:4180} INFO - Setting next_dagrun for example_branch_labels to 2024-10-07 00:00:00+00:00, run_after=2024-10-08 00:00:00+00:00
[2024-10-08T09:23:40.464+0000] {processor.py:208} INFO - Processing /root/miniconda3/envs/project/lib/python3.8/site-packages/airflow/example_dags/example_branch_labels.py took 0.126 seconds
[2024-10-08T09:24:50.603+0000] {processor.py:186} INFO - Started process (PID=225064) to work on /root/miniconda3/envs/project/lib/python3.8/site-packages/airflow/example_dags/example_branch_labels.py
[2024-10-08T09:24:50.606+0000] {processor.py:914} INFO - Processing file /root/miniconda3/envs/project/lib/python3.8/site-packages/airflow/example_dags/example_branch_labels.py for tasks to queue
[2024-10-08T09:24:50.609+0000] {logging_mixin.py:190} INFO - [2024-10-08T09:24:50.609+0000] {dagbag.py:588} INFO - Filling up the DagBag from /root/miniconda3/envs/project/lib/python3.8/site-packages/airflow/example_dags/example_branch_labels.py
[2024-10-08T09:24:50.624+0000] {processor.py:925} INFO - DAG(s) 'example_branch_labels' retrieved from /root/miniconda3/envs/project/lib/python3.8/site-packages/airflow/example_dags/example_branch_labels.py
[2024-10-08T09:24:50.649+0000] {logging_mixin.py:190} INFO - [2024-10-08T09:24:50.649+0000] {dag.py:3239} INFO - Sync 1 DAGs
[2024-10-08T09:24:50.678+0000] {logging_mixin.py:190} INFO - [2024-10-08T09:24:50.678+0000] {dag.py:4180} INFO - Setting next_dagrun for example_branch_labels to 2024-10-07 00:00:00+00:00, run_after=2024-10-08 00:00:00+00:00
[2024-10-08T09:24:50.710+0000] {processor.py:208} INFO - Processing /root/miniconda3/envs/project/lib/python3.8/site-packages/airflow/example_dags/example_branch_labels.py took 0.117 seconds
[2024-10-08T09:25:59.558+0000] {processor.py:186} INFO - Started process (PID=225594) to work on /root/miniconda3/envs/project/lib/python3.8/site-packages/airflow/example_dags/example_branch_labels.py
[2024-10-08T09:25:59.562+0000] {processor.py:914} INFO - Processing file /root/miniconda3/envs/project/lib/python3.8/site-packages/airflow/example_dags/example_branch_labels.py for tasks to queue
[2024-10-08T09:25:59.566+0000] {logging_mixin.py:190} INFO - [2024-10-08T09:25:59.565+0000] {dagbag.py:588} INFO - Filling up the DagBag from /root/miniconda3/envs/project/lib/python3.8/site-packages/airflow/example_dags/example_branch_labels.py
[2024-10-08T09:25:59.582+0000] {processor.py:925} INFO - DAG(s) 'example_branch_labels' retrieved from /root/miniconda3/envs/project/lib/python3.8/site-packages/airflow/example_dags/example_branch_labels.py
[2024-10-08T09:25:59.607+0000] {logging_mixin.py:190} INFO - [2024-10-08T09:25:59.607+0000] {dag.py:3239} INFO - Sync 1 DAGs
[2024-10-08T09:25:59.638+0000] {logging_mixin.py:190} INFO - [2024-10-08T09:25:59.638+0000] {dag.py:4180} INFO - Setting next_dagrun for example_branch_labels to 2024-10-07 00:00:00+00:00, run_after=2024-10-08 00:00:00+00:00
[2024-10-08T09:25:59.694+0000] {processor.py:208} INFO - Processing /root/miniconda3/envs/project/lib/python3.8/site-packages/airflow/example_dags/example_branch_labels.py took 0.148 seconds
[2024-10-08T09:27:12.227+0000] {processor.py:186} INFO - Started process (PID=226010) to work on /root/miniconda3/envs/project/lib/python3.8/site-packages/airflow/example_dags/example_branch_labels.py
[2024-10-08T09:27:12.230+0000] {processor.py:914} INFO - Processing file /root/miniconda3/envs/project/lib/python3.8/site-packages/airflow/example_dags/example_branch_labels.py for tasks to queue
[2024-10-08T09:27:12.234+0000] {logging_mixin.py:190} INFO - [2024-10-08T09:27:12.233+0000] {dagbag.py:588} INFO - Filling up the DagBag from /root/miniconda3/envs/project/lib/python3.8/site-packages/airflow/example_dags/example_branch_labels.py
[2024-10-08T09:27:12.249+0000] {processor.py:925} INFO - DAG(s) 'example_branch_labels' retrieved from /root/miniconda3/envs/project/lib/python3.8/site-packages/airflow/example_dags/example_branch_labels.py
[2024-10-08T09:27:12.275+0000] {logging_mixin.py:190} INFO - [2024-10-08T09:27:12.275+0000] {dag.py:3239} INFO - Sync 1 DAGs
[2024-10-08T09:27:12.305+0000] {logging_mixin.py:190} INFO - [2024-10-08T09:27:12.305+0000] {dag.py:4180} INFO - Setting next_dagrun for example_branch_labels to 2024-10-07 00:00:00+00:00, run_after=2024-10-08 00:00:00+00:00
[2024-10-08T09:27:12.338+0000] {processor.py:208} INFO - Processing /root/miniconda3/envs/project/lib/python3.8/site-packages/airflow/example_dags/example_branch_labels.py took 0.121 seconds
[2024-10-08T09:28:23.493+0000] {processor.py:186} INFO - Started process (PID=226512) to work on /root/miniconda3/envs/project/lib/python3.8/site-packages/airflow/example_dags/example_branch_labels.py
[2024-10-08T09:28:23.496+0000] {processor.py:914} INFO - Processing file /root/miniconda3/envs/project/lib/python3.8/site-packages/airflow/example_dags/example_branch_labels.py for tasks to queue
[2024-10-08T09:28:23.499+0000] {logging_mixin.py:190} INFO - [2024-10-08T09:28:23.499+0000] {dagbag.py:588} INFO - Filling up the DagBag from /root/miniconda3/envs/project/lib/python3.8/site-packages/airflow/example_dags/example_branch_labels.py
[2024-10-08T09:28:23.515+0000] {processor.py:925} INFO - DAG(s) 'example_branch_labels' retrieved from /root/miniconda3/envs/project/lib/python3.8/site-packages/airflow/example_dags/example_branch_labels.py
[2024-10-08T09:28:23.541+0000] {logging_mixin.py:190} INFO - [2024-10-08T09:28:23.540+0000] {dag.py:3239} INFO - Sync 1 DAGs
[2024-10-08T09:28:23.572+0000] {logging_mixin.py:190} INFO - [2024-10-08T09:28:23.571+0000] {dag.py:4180} INFO - Setting next_dagrun for example_branch_labels to 2024-10-07 00:00:00+00:00, run_after=2024-10-08 00:00:00+00:00
[2024-10-08T09:28:23.607+0000] {processor.py:208} INFO - Processing /root/miniconda3/envs/project/lib/python3.8/site-packages/airflow/example_dags/example_branch_labels.py took 0.124 seconds
[2024-10-08T09:29:40.473+0000] {processor.py:186} INFO - Started process (PID=227088) to work on /root/miniconda3/envs/project/lib/python3.8/site-packages/airflow/example_dags/example_branch_labels.py
[2024-10-08T09:29:40.476+0000] {processor.py:914} INFO - Processing file /root/miniconda3/envs/project/lib/python3.8/site-packages/airflow/example_dags/example_branch_labels.py for tasks to queue
[2024-10-08T09:29:40.479+0000] {logging_mixin.py:190} INFO - [2024-10-08T09:29:40.479+0000] {dagbag.py:588} INFO - Filling up the DagBag from /root/miniconda3/envs/project/lib/python3.8/site-packages/airflow/example_dags/example_branch_labels.py
[2024-10-08T09:29:40.495+0000] {processor.py:925} INFO - DAG(s) 'example_branch_labels' retrieved from /root/miniconda3/envs/project/lib/python3.8/site-packages/airflow/example_dags/example_branch_labels.py
[2024-10-08T09:29:40.645+0000] {logging_mixin.py:190} INFO - [2024-10-08T09:29:40.645+0000] {dag.py:3239} INFO - Sync 1 DAGs
[2024-10-08T09:29:40.672+0000] {logging_mixin.py:190} INFO - [2024-10-08T09:29:40.672+0000] {dag.py:4180} INFO - Setting next_dagrun for example_branch_labels to 2024-10-07 00:00:00+00:00, run_after=2024-10-08 00:00:00+00:00
[2024-10-08T09:29:40.706+0000] {processor.py:208} INFO - Processing /root/miniconda3/envs/project/lib/python3.8/site-packages/airflow/example_dags/example_branch_labels.py took 0.244 seconds
[2024-10-08T09:31:04.954+0000] {processor.py:186} INFO - Started process (PID=228064) to work on /root/miniconda3/envs/project/lib/python3.8/site-packages/airflow/example_dags/example_branch_labels.py
[2024-10-08T09:31:04.958+0000] {processor.py:914} INFO - Processing file /root/miniconda3/envs/project/lib/python3.8/site-packages/airflow/example_dags/example_branch_labels.py for tasks to queue
[2024-10-08T09:31:04.961+0000] {logging_mixin.py:190} INFO - [2024-10-08T09:31:04.961+0000] {dagbag.py:588} INFO - Filling up the DagBag from /root/miniconda3/envs/project/lib/python3.8/site-packages/airflow/example_dags/example_branch_labels.py
[2024-10-08T09:31:04.977+0000] {processor.py:925} INFO - DAG(s) 'example_branch_labels' retrieved from /root/miniconda3/envs/project/lib/python3.8/site-packages/airflow/example_dags/example_branch_labels.py
[2024-10-08T09:31:05.115+0000] {logging_mixin.py:190} INFO - [2024-10-08T09:31:05.115+0000] {dag.py:3239} INFO - Sync 1 DAGs
[2024-10-08T09:31:05.142+0000] {logging_mixin.py:190} INFO - [2024-10-08T09:31:05.142+0000] {dag.py:4180} INFO - Setting next_dagrun for example_branch_labels to 2024-10-07 00:00:00+00:00, run_after=2024-10-08 00:00:00+00:00
[2024-10-08T09:31:05.177+0000] {processor.py:208} INFO - Processing /root/miniconda3/envs/project/lib/python3.8/site-packages/airflow/example_dags/example_branch_labels.py took 0.235 seconds
[2024-10-08T09:32:31.951+0000] {processor.py:186} INFO - Started process (PID=229067) to work on /root/miniconda3/envs/project/lib/python3.8/site-packages/airflow/example_dags/example_branch_labels.py
[2024-10-08T09:32:31.954+0000] {processor.py:914} INFO - Processing file /root/miniconda3/envs/project/lib/python3.8/site-packages/airflow/example_dags/example_branch_labels.py for tasks to queue
[2024-10-08T09:32:31.959+0000] {logging_mixin.py:190} INFO - [2024-10-08T09:32:31.958+0000] {dagbag.py:588} INFO - Filling up the DagBag from /root/miniconda3/envs/project/lib/python3.8/site-packages/airflow/example_dags/example_branch_labels.py
[2024-10-08T09:32:31.976+0000] {processor.py:925} INFO - DAG(s) 'example_branch_labels' retrieved from /root/miniconda3/envs/project/lib/python3.8/site-packages/airflow/example_dags/example_branch_labels.py
[2024-10-08T09:32:32.022+0000] {logging_mixin.py:190} INFO - [2024-10-08T09:32:32.021+0000] {dag.py:3239} INFO - Sync 1 DAGs
[2024-10-08T09:32:32.051+0000] {logging_mixin.py:190} INFO - [2024-10-08T09:32:32.051+0000] {dag.py:4180} INFO - Setting next_dagrun for example_branch_labels to 2024-10-07 00:00:00+00:00, run_after=2024-10-08 00:00:00+00:00
[2024-10-08T09:32:32.081+0000] {processor.py:208} INFO - Processing /root/miniconda3/envs/project/lib/python3.8/site-packages/airflow/example_dags/example_branch_labels.py took 0.141 seconds
[2024-10-08T09:33:46.677+0000] {processor.py:186} INFO - Started process (PID=229639) to work on /root/miniconda3/envs/project/lib/python3.8/site-packages/airflow/example_dags/example_branch_labels.py
[2024-10-08T09:33:46.680+0000] {processor.py:914} INFO - Processing file /root/miniconda3/envs/project/lib/python3.8/site-packages/airflow/example_dags/example_branch_labels.py for tasks to queue
[2024-10-08T09:33:46.686+0000] {logging_mixin.py:190} INFO - [2024-10-08T09:33:46.685+0000] {dagbag.py:588} INFO - Filling up the DagBag from /root/miniconda3/envs/project/lib/python3.8/site-packages/airflow/example_dags/example_branch_labels.py
[2024-10-08T09:33:46.703+0000] {processor.py:925} INFO - DAG(s) 'example_branch_labels' retrieved from /root/miniconda3/envs/project/lib/python3.8/site-packages/airflow/example_dags/example_branch_labels.py
[2024-10-08T09:33:46.728+0000] {logging_mixin.py:190} INFO - [2024-10-08T09:33:46.727+0000] {dag.py:3239} INFO - Sync 1 DAGs
[2024-10-08T09:33:46.760+0000] {logging_mixin.py:190} INFO - [2024-10-08T09:33:46.760+0000] {dag.py:4180} INFO - Setting next_dagrun for example_branch_labels to 2024-10-07 00:00:00+00:00, run_after=2024-10-08 00:00:00+00:00
[2024-10-08T09:33:46.797+0000] {processor.py:208} INFO - Processing /root/miniconda3/envs/project/lib/python3.8/site-packages/airflow/example_dags/example_branch_labels.py took 0.133 seconds
