[2024-10-08T07:57:47.358+0000] {processor.py:186} INFO - Started process (PID=207148) to work on /root/miniconda3/envs/project/lib/python3.8/site-packages/airflow/example_dags/example_dynamic_task_mapping.py
[2024-10-08T07:57:47.360+0000] {processor.py:914} INFO - Processing file /root/miniconda3/envs/project/lib/python3.8/site-packages/airflow/example_dags/example_dynamic_task_mapping.py for tasks to queue
[2024-10-08T07:57:47.363+0000] {logging_mixin.py:190} INFO - [2024-10-08T07:57:47.363+0000] {dagbag.py:588} INFO - Filling up the DagBag from /root/miniconda3/envs/project/lib/python3.8/site-packages/airflow/example_dags/example_dynamic_task_mapping.py
[2024-10-08T07:57:47.376+0000] {processor.py:925} INFO - DAG(s) 'example_dynamic_task_mapping' retrieved from /root/miniconda3/envs/project/lib/python3.8/site-packages/airflow/example_dags/example_dynamic_task_mapping.py
[2024-10-08T07:57:47.534+0000] {logging_mixin.py:190} INFO - [2024-10-08T07:57:47.533+0000] {override.py:1901} INFO - Created Permission View: can delete on DAG:example_dynamic_task_mapping
[2024-10-08T07:57:47.557+0000] {logging_mixin.py:190} INFO - [2024-10-08T07:57:47.557+0000] {override.py:1901} INFO - Created Permission View: can read on DAG:example_dynamic_task_mapping
[2024-10-08T07:57:47.575+0000] {logging_mixin.py:190} INFO - [2024-10-08T07:57:47.575+0000] {override.py:1901} INFO - Created Permission View: can edit on DAG:example_dynamic_task_mapping
[2024-10-08T07:57:47.602+0000] {logging_mixin.py:190} INFO - [2024-10-08T07:57:47.601+0000] {override.py:1901} INFO - Created Permission View: can delete on DAG Run:example_dynamic_task_mapping
[2024-10-08T07:57:47.626+0000] {logging_mixin.py:190} INFO - [2024-10-08T07:57:47.626+0000] {override.py:1901} INFO - Created Permission View: menu access on DAG Run:example_dynamic_task_mapping
[2024-10-08T07:57:47.641+0000] {logging_mixin.py:190} INFO - [2024-10-08T07:57:47.641+0000] {override.py:1901} INFO - Created Permission View: can create on DAG Run:example_dynamic_task_mapping
[2024-10-08T07:57:47.657+0000] {logging_mixin.py:190} INFO - [2024-10-08T07:57:47.657+0000] {override.py:1901} INFO - Created Permission View: can read on DAG Run:example_dynamic_task_mapping
[2024-10-08T07:57:47.658+0000] {logging_mixin.py:190} INFO - [2024-10-08T07:57:47.658+0000] {dag.py:3239} INFO - Sync 1 DAGs
[2024-10-08T07:57:47.675+0000] {logging_mixin.py:190} INFO - [2024-10-08T07:57:47.675+0000] {dag.py:3262} INFO - Creating ORM DAG for example_dynamic_task_mapping
[2024-10-08T07:57:47.676+0000] {logging_mixin.py:190} INFO - [2024-10-08T07:57:47.675+0000] {dag.py:4180} INFO - Setting next_dagrun for example_dynamic_task_mapping to None, run_after=None
[2024-10-08T07:57:47.706+0000] {processor.py:208} INFO - Processing /root/miniconda3/envs/project/lib/python3.8/site-packages/airflow/example_dags/example_dynamic_task_mapping.py took 0.361 seconds
[2024-10-08T07:59:08.214+0000] {processor.py:186} INFO - Started process (PID=207468) to work on /root/miniconda3/envs/project/lib/python3.8/site-packages/airflow/example_dags/example_dynamic_task_mapping.py
[2024-10-08T07:59:08.217+0000] {processor.py:914} INFO - Processing file /root/miniconda3/envs/project/lib/python3.8/site-packages/airflow/example_dags/example_dynamic_task_mapping.py for tasks to queue
[2024-10-08T07:59:08.222+0000] {logging_mixin.py:190} INFO - [2024-10-08T07:59:08.221+0000] {dagbag.py:588} INFO - Filling up the DagBag from /root/miniconda3/envs/project/lib/python3.8/site-packages/airflow/example_dags/example_dynamic_task_mapping.py
[2024-10-08T07:59:08.235+0000] {processor.py:925} INFO - DAG(s) 'example_dynamic_task_mapping' retrieved from /root/miniconda3/envs/project/lib/python3.8/site-packages/airflow/example_dags/example_dynamic_task_mapping.py
[2024-10-08T07:59:08.259+0000] {logging_mixin.py:190} INFO - [2024-10-08T07:59:08.258+0000] {dag.py:3239} INFO - Sync 1 DAGs
[2024-10-08T07:59:08.278+0000] {logging_mixin.py:190} INFO - [2024-10-08T07:59:08.277+0000] {dag.py:4180} INFO - Setting next_dagrun for example_dynamic_task_mapping to None, run_after=None
[2024-10-08T07:59:08.310+0000] {processor.py:208} INFO - Processing /root/miniconda3/envs/project/lib/python3.8/site-packages/airflow/example_dags/example_dynamic_task_mapping.py took 0.108 seconds
[2024-10-08T08:00:18.897+0000] {processor.py:186} INFO - Started process (PID=207678) to work on /root/miniconda3/envs/project/lib/python3.8/site-packages/airflow/example_dags/example_dynamic_task_mapping.py
[2024-10-08T08:00:18.899+0000] {processor.py:914} INFO - Processing file /root/miniconda3/envs/project/lib/python3.8/site-packages/airflow/example_dags/example_dynamic_task_mapping.py for tasks to queue
[2024-10-08T08:00:18.904+0000] {logging_mixin.py:190} INFO - [2024-10-08T08:00:18.903+0000] {dagbag.py:588} INFO - Filling up the DagBag from /root/miniconda3/envs/project/lib/python3.8/site-packages/airflow/example_dags/example_dynamic_task_mapping.py
[2024-10-08T08:00:18.915+0000] {processor.py:925} INFO - DAG(s) 'example_dynamic_task_mapping' retrieved from /root/miniconda3/envs/project/lib/python3.8/site-packages/airflow/example_dags/example_dynamic_task_mapping.py
[2024-10-08T08:00:18.938+0000] {logging_mixin.py:190} INFO - [2024-10-08T08:00:18.938+0000] {dag.py:3239} INFO - Sync 1 DAGs
[2024-10-08T08:00:18.957+0000] {logging_mixin.py:190} INFO - [2024-10-08T08:00:18.957+0000] {dag.py:4180} INFO - Setting next_dagrun for example_dynamic_task_mapping to None, run_after=None
[2024-10-08T08:00:18.988+0000] {processor.py:208} INFO - Processing /root/miniconda3/envs/project/lib/python3.8/site-packages/airflow/example_dags/example_dynamic_task_mapping.py took 0.104 seconds
[2024-10-08T08:01:34.437+0000] {processor.py:186} INFO - Started process (PID=208030) to work on /root/miniconda3/envs/project/lib/python3.8/site-packages/airflow/example_dags/example_dynamic_task_mapping.py
[2024-10-08T08:01:34.440+0000] {processor.py:914} INFO - Processing file /root/miniconda3/envs/project/lib/python3.8/site-packages/airflow/example_dags/example_dynamic_task_mapping.py for tasks to queue
[2024-10-08T08:01:34.443+0000] {logging_mixin.py:190} INFO - [2024-10-08T08:01:34.442+0000] {dagbag.py:588} INFO - Filling up the DagBag from /root/miniconda3/envs/project/lib/python3.8/site-packages/airflow/example_dags/example_dynamic_task_mapping.py
[2024-10-08T08:01:34.455+0000] {processor.py:925} INFO - DAG(s) 'example_dynamic_task_mapping' retrieved from /root/miniconda3/envs/project/lib/python3.8/site-packages/airflow/example_dags/example_dynamic_task_mapping.py
[2024-10-08T08:01:34.478+0000] {logging_mixin.py:190} INFO - [2024-10-08T08:01:34.478+0000] {dag.py:3239} INFO - Sync 1 DAGs
[2024-10-08T08:01:34.497+0000] {logging_mixin.py:190} INFO - [2024-10-08T08:01:34.496+0000] {dag.py:4180} INFO - Setting next_dagrun for example_dynamic_task_mapping to None, run_after=None
[2024-10-08T08:01:34.528+0000] {processor.py:208} INFO - Processing /root/miniconda3/envs/project/lib/python3.8/site-packages/airflow/example_dags/example_dynamic_task_mapping.py took 0.105 seconds
[2024-10-08T08:02:45.250+0000] {processor.py:186} INFO - Started process (PID=208279) to work on /root/miniconda3/envs/project/lib/python3.8/site-packages/airflow/example_dags/example_dynamic_task_mapping.py
[2024-10-08T08:02:45.253+0000] {processor.py:914} INFO - Processing file /root/miniconda3/envs/project/lib/python3.8/site-packages/airflow/example_dags/example_dynamic_task_mapping.py for tasks to queue
[2024-10-08T08:02:45.257+0000] {logging_mixin.py:190} INFO - [2024-10-08T08:02:45.257+0000] {dagbag.py:588} INFO - Filling up the DagBag from /root/miniconda3/envs/project/lib/python3.8/site-packages/airflow/example_dags/example_dynamic_task_mapping.py
[2024-10-08T08:02:45.269+0000] {processor.py:925} INFO - DAG(s) 'example_dynamic_task_mapping' retrieved from /root/miniconda3/envs/project/lib/python3.8/site-packages/airflow/example_dags/example_dynamic_task_mapping.py
[2024-10-08T08:02:45.292+0000] {logging_mixin.py:190} INFO - [2024-10-08T08:02:45.292+0000] {dag.py:3239} INFO - Sync 1 DAGs
[2024-10-08T08:02:45.311+0000] {logging_mixin.py:190} INFO - [2024-10-08T08:02:45.311+0000] {dag.py:4180} INFO - Setting next_dagrun for example_dynamic_task_mapping to None, run_after=None
[2024-10-08T08:02:45.348+0000] {processor.py:208} INFO - Processing /root/miniconda3/envs/project/lib/python3.8/site-packages/airflow/example_dags/example_dynamic_task_mapping.py took 0.109 seconds
[2024-10-08T08:03:53.197+0000] {processor.py:186} INFO - Started process (PID=208483) to work on /root/miniconda3/envs/project/lib/python3.8/site-packages/airflow/example_dags/example_dynamic_task_mapping.py
[2024-10-08T08:03:53.200+0000] {processor.py:914} INFO - Processing file /root/miniconda3/envs/project/lib/python3.8/site-packages/airflow/example_dags/example_dynamic_task_mapping.py for tasks to queue
[2024-10-08T08:03:53.204+0000] {logging_mixin.py:190} INFO - [2024-10-08T08:03:53.204+0000] {dagbag.py:588} INFO - Filling up the DagBag from /root/miniconda3/envs/project/lib/python3.8/site-packages/airflow/example_dags/example_dynamic_task_mapping.py
[2024-10-08T08:03:53.217+0000] {processor.py:925} INFO - DAG(s) 'example_dynamic_task_mapping' retrieved from /root/miniconda3/envs/project/lib/python3.8/site-packages/airflow/example_dags/example_dynamic_task_mapping.py
[2024-10-08T08:03:53.240+0000] {logging_mixin.py:190} INFO - [2024-10-08T08:03:53.239+0000] {dag.py:3239} INFO - Sync 1 DAGs
[2024-10-08T08:03:53.258+0000] {logging_mixin.py:190} INFO - [2024-10-08T08:03:53.258+0000] {dag.py:4180} INFO - Setting next_dagrun for example_dynamic_task_mapping to None, run_after=None
[2024-10-08T08:03:53.288+0000] {processor.py:208} INFO - Processing /root/miniconda3/envs/project/lib/python3.8/site-packages/airflow/example_dags/example_dynamic_task_mapping.py took 0.102 seconds
[2024-10-08T08:05:00.826+0000] {processor.py:186} INFO - Started process (PID=208732) to work on /root/miniconda3/envs/project/lib/python3.8/site-packages/airflow/example_dags/example_dynamic_task_mapping.py
[2024-10-08T08:05:00.829+0000] {processor.py:914} INFO - Processing file /root/miniconda3/envs/project/lib/python3.8/site-packages/airflow/example_dags/example_dynamic_task_mapping.py for tasks to queue
[2024-10-08T08:05:00.833+0000] {logging_mixin.py:190} INFO - [2024-10-08T08:05:00.833+0000] {dagbag.py:588} INFO - Filling up the DagBag from /root/miniconda3/envs/project/lib/python3.8/site-packages/airflow/example_dags/example_dynamic_task_mapping.py
[2024-10-08T08:05:00.846+0000] {processor.py:925} INFO - DAG(s) 'example_dynamic_task_mapping' retrieved from /root/miniconda3/envs/project/lib/python3.8/site-packages/airflow/example_dags/example_dynamic_task_mapping.py
[2024-10-08T08:05:00.869+0000] {logging_mixin.py:190} INFO - [2024-10-08T08:05:00.869+0000] {dag.py:3239} INFO - Sync 1 DAGs
[2024-10-08T08:05:00.887+0000] {logging_mixin.py:190} INFO - [2024-10-08T08:05:00.887+0000] {dag.py:4180} INFO - Setting next_dagrun for example_dynamic_task_mapping to None, run_after=None
[2024-10-08T08:05:00.919+0000] {processor.py:208} INFO - Processing /root/miniconda3/envs/project/lib/python3.8/site-packages/airflow/example_dags/example_dynamic_task_mapping.py took 0.105 seconds
[2024-10-08T08:06:02.993+0000] {processor.py:186} INFO - Started process (PID=208917) to work on /root/miniconda3/envs/project/lib/python3.8/site-packages/airflow/example_dags/example_dynamic_task_mapping.py
[2024-10-08T08:06:02.996+0000] {processor.py:914} INFO - Processing file /root/miniconda3/envs/project/lib/python3.8/site-packages/airflow/example_dags/example_dynamic_task_mapping.py for tasks to queue
[2024-10-08T08:06:03.001+0000] {logging_mixin.py:190} INFO - [2024-10-08T08:06:03.000+0000] {dagbag.py:588} INFO - Filling up the DagBag from /root/miniconda3/envs/project/lib/python3.8/site-packages/airflow/example_dags/example_dynamic_task_mapping.py
[2024-10-08T08:06:03.013+0000] {processor.py:925} INFO - DAG(s) 'example_dynamic_task_mapping' retrieved from /root/miniconda3/envs/project/lib/python3.8/site-packages/airflow/example_dags/example_dynamic_task_mapping.py
[2024-10-08T08:06:03.037+0000] {logging_mixin.py:190} INFO - [2024-10-08T08:06:03.036+0000] {dag.py:3239} INFO - Sync 1 DAGs
[2024-10-08T08:06:03.056+0000] {logging_mixin.py:190} INFO - [2024-10-08T08:06:03.055+0000] {dag.py:4180} INFO - Setting next_dagrun for example_dynamic_task_mapping to None, run_after=None
[2024-10-08T08:06:03.089+0000] {processor.py:208} INFO - Processing /root/miniconda3/envs/project/lib/python3.8/site-packages/airflow/example_dags/example_dynamic_task_mapping.py took 0.107 seconds
[2024-10-08T08:07:07.892+0000] {processor.py:186} INFO - Started process (PID=209147) to work on /root/miniconda3/envs/project/lib/python3.8/site-packages/airflow/example_dags/example_dynamic_task_mapping.py
[2024-10-08T08:07:07.895+0000] {processor.py:914} INFO - Processing file /root/miniconda3/envs/project/lib/python3.8/site-packages/airflow/example_dags/example_dynamic_task_mapping.py for tasks to queue
[2024-10-08T08:07:07.900+0000] {logging_mixin.py:190} INFO - [2024-10-08T08:07:07.899+0000] {dagbag.py:588} INFO - Filling up the DagBag from /root/miniconda3/envs/project/lib/python3.8/site-packages/airflow/example_dags/example_dynamic_task_mapping.py
[2024-10-08T08:07:07.912+0000] {processor.py:925} INFO - DAG(s) 'example_dynamic_task_mapping' retrieved from /root/miniconda3/envs/project/lib/python3.8/site-packages/airflow/example_dags/example_dynamic_task_mapping.py
[2024-10-08T08:07:07.934+0000] {logging_mixin.py:190} INFO - [2024-10-08T08:07:07.934+0000] {dag.py:3239} INFO - Sync 1 DAGs
[2024-10-08T08:07:07.952+0000] {logging_mixin.py:190} INFO - [2024-10-08T08:07:07.952+0000] {dag.py:4180} INFO - Setting next_dagrun for example_dynamic_task_mapping to None, run_after=None
[2024-10-08T08:07:08.005+0000] {processor.py:208} INFO - Processing /root/miniconda3/envs/project/lib/python3.8/site-packages/airflow/example_dags/example_dynamic_task_mapping.py took 0.123 seconds
[2024-10-08T08:08:16.798+0000] {processor.py:186} INFO - Started process (PID=209394) to work on /root/miniconda3/envs/project/lib/python3.8/site-packages/airflow/example_dags/example_dynamic_task_mapping.py
[2024-10-08T08:08:16.801+0000] {processor.py:914} INFO - Processing file /root/miniconda3/envs/project/lib/python3.8/site-packages/airflow/example_dags/example_dynamic_task_mapping.py for tasks to queue
[2024-10-08T08:08:16.806+0000] {logging_mixin.py:190} INFO - [2024-10-08T08:08:16.805+0000] {dagbag.py:588} INFO - Filling up the DagBag from /root/miniconda3/envs/project/lib/python3.8/site-packages/airflow/example_dags/example_dynamic_task_mapping.py
[2024-10-08T08:08:16.819+0000] {processor.py:925} INFO - DAG(s) 'example_dynamic_task_mapping' retrieved from /root/miniconda3/envs/project/lib/python3.8/site-packages/airflow/example_dags/example_dynamic_task_mapping.py
[2024-10-08T08:08:16.843+0000] {logging_mixin.py:190} INFO - [2024-10-08T08:08:16.843+0000] {dag.py:3239} INFO - Sync 1 DAGs
[2024-10-08T08:08:16.862+0000] {logging_mixin.py:190} INFO - [2024-10-08T08:08:16.862+0000] {dag.py:4180} INFO - Setting next_dagrun for example_dynamic_task_mapping to None, run_after=None
[2024-10-08T08:08:16.895+0000] {processor.py:208} INFO - Processing /root/miniconda3/envs/project/lib/python3.8/site-packages/airflow/example_dags/example_dynamic_task_mapping.py took 0.108 seconds
[2024-10-08T08:10:15.314+0000] {processor.py:186} INFO - Started process (PID=210101) to work on /root/miniconda3/envs/project/lib/python3.8/site-packages/airflow/example_dags/example_dynamic_task_mapping.py
[2024-10-08T08:10:15.317+0000] {processor.py:914} INFO - Processing file /root/miniconda3/envs/project/lib/python3.8/site-packages/airflow/example_dags/example_dynamic_task_mapping.py for tasks to queue
[2024-10-08T08:10:15.320+0000] {logging_mixin.py:190} INFO - [2024-10-08T08:10:15.320+0000] {dagbag.py:588} INFO - Filling up the DagBag from /root/miniconda3/envs/project/lib/python3.8/site-packages/airflow/example_dags/example_dynamic_task_mapping.py
[2024-10-08T08:10:15.333+0000] {processor.py:925} INFO - DAG(s) 'example_dynamic_task_mapping' retrieved from /root/miniconda3/envs/project/lib/python3.8/site-packages/airflow/example_dags/example_dynamic_task_mapping.py
[2024-10-08T08:10:15.357+0000] {logging_mixin.py:190} INFO - [2024-10-08T08:10:15.356+0000] {dag.py:3239} INFO - Sync 1 DAGs
[2024-10-08T08:10:15.378+0000] {logging_mixin.py:190} INFO - [2024-10-08T08:10:15.377+0000] {dag.py:4180} INFO - Setting next_dagrun for example_dynamic_task_mapping to None, run_after=None
[2024-10-08T08:10:15.410+0000] {processor.py:208} INFO - Processing /root/miniconda3/envs/project/lib/python3.8/site-packages/airflow/example_dags/example_dynamic_task_mapping.py took 0.107 seconds
[2024-10-08T08:13:17.753+0000] {processor.py:186} INFO - Started process (PID=211112) to work on /root/miniconda3/envs/project/lib/python3.8/site-packages/airflow/example_dags/example_dynamic_task_mapping.py
[2024-10-08T08:13:17.756+0000] {processor.py:914} INFO - Processing file /root/miniconda3/envs/project/lib/python3.8/site-packages/airflow/example_dags/example_dynamic_task_mapping.py for tasks to queue
[2024-10-08T08:13:17.759+0000] {logging_mixin.py:190} INFO - [2024-10-08T08:13:17.759+0000] {dagbag.py:588} INFO - Filling up the DagBag from /root/miniconda3/envs/project/lib/python3.8/site-packages/airflow/example_dags/example_dynamic_task_mapping.py
[2024-10-08T08:13:17.772+0000] {processor.py:925} INFO - DAG(s) 'example_dynamic_task_mapping' retrieved from /root/miniconda3/envs/project/lib/python3.8/site-packages/airflow/example_dags/example_dynamic_task_mapping.py
[2024-10-08T08:13:17.796+0000] {logging_mixin.py:190} INFO - [2024-10-08T08:13:17.796+0000] {dag.py:3239} INFO - Sync 1 DAGs
[2024-10-08T08:13:17.816+0000] {logging_mixin.py:190} INFO - [2024-10-08T08:13:17.816+0000] {dag.py:4180} INFO - Setting next_dagrun for example_dynamic_task_mapping to None, run_after=None
[2024-10-08T08:13:17.848+0000] {processor.py:208} INFO - Processing /root/miniconda3/envs/project/lib/python3.8/site-packages/airflow/example_dags/example_dynamic_task_mapping.py took 0.108 seconds
[2024-10-08T08:14:28.413+0000] {processor.py:186} INFO - Started process (PID=211320) to work on /root/miniconda3/envs/project/lib/python3.8/site-packages/airflow/example_dags/example_dynamic_task_mapping.py
[2024-10-08T08:14:28.416+0000] {processor.py:914} INFO - Processing file /root/miniconda3/envs/project/lib/python3.8/site-packages/airflow/example_dags/example_dynamic_task_mapping.py for tasks to queue
[2024-10-08T08:14:28.419+0000] {logging_mixin.py:190} INFO - [2024-10-08T08:14:28.418+0000] {dagbag.py:588} INFO - Filling up the DagBag from /root/miniconda3/envs/project/lib/python3.8/site-packages/airflow/example_dags/example_dynamic_task_mapping.py
[2024-10-08T08:14:28.432+0000] {processor.py:925} INFO - DAG(s) 'example_dynamic_task_mapping' retrieved from /root/miniconda3/envs/project/lib/python3.8/site-packages/airflow/example_dags/example_dynamic_task_mapping.py
[2024-10-08T08:14:28.456+0000] {logging_mixin.py:190} INFO - [2024-10-08T08:14:28.456+0000] {dag.py:3239} INFO - Sync 1 DAGs
[2024-10-08T08:14:28.475+0000] {logging_mixin.py:190} INFO - [2024-10-08T08:14:28.475+0000] {dag.py:4180} INFO - Setting next_dagrun for example_dynamic_task_mapping to None, run_after=None
[2024-10-08T08:14:28.508+0000] {processor.py:208} INFO - Processing /root/miniconda3/envs/project/lib/python3.8/site-packages/airflow/example_dags/example_dynamic_task_mapping.py took 0.106 seconds
[2024-10-08T08:15:35.001+0000] {processor.py:186} INFO - Started process (PID=211613) to work on /root/miniconda3/envs/project/lib/python3.8/site-packages/airflow/example_dags/example_dynamic_task_mapping.py
[2024-10-08T08:15:35.004+0000] {processor.py:914} INFO - Processing file /root/miniconda3/envs/project/lib/python3.8/site-packages/airflow/example_dags/example_dynamic_task_mapping.py for tasks to queue
[2024-10-08T08:15:35.007+0000] {logging_mixin.py:190} INFO - [2024-10-08T08:15:35.006+0000] {dagbag.py:588} INFO - Filling up the DagBag from /root/miniconda3/envs/project/lib/python3.8/site-packages/airflow/example_dags/example_dynamic_task_mapping.py
[2024-10-08T08:15:35.020+0000] {processor.py:925} INFO - DAG(s) 'example_dynamic_task_mapping' retrieved from /root/miniconda3/envs/project/lib/python3.8/site-packages/airflow/example_dags/example_dynamic_task_mapping.py
[2024-10-08T08:15:35.043+0000] {logging_mixin.py:190} INFO - [2024-10-08T08:15:35.042+0000] {dag.py:3239} INFO - Sync 1 DAGs
[2024-10-08T08:15:35.061+0000] {logging_mixin.py:190} INFO - [2024-10-08T08:15:35.060+0000] {dag.py:4180} INFO - Setting next_dagrun for example_dynamic_task_mapping to None, run_after=None
[2024-10-08T08:15:35.091+0000] {processor.py:208} INFO - Processing /root/miniconda3/envs/project/lib/python3.8/site-packages/airflow/example_dags/example_dynamic_task_mapping.py took 0.102 seconds
[2024-10-08T08:16:44.493+0000] {processor.py:186} INFO - Started process (PID=211819) to work on /root/miniconda3/envs/project/lib/python3.8/site-packages/airflow/example_dags/example_dynamic_task_mapping.py
[2024-10-08T08:16:44.496+0000] {processor.py:914} INFO - Processing file /root/miniconda3/envs/project/lib/python3.8/site-packages/airflow/example_dags/example_dynamic_task_mapping.py for tasks to queue
[2024-10-08T08:16:44.500+0000] {logging_mixin.py:190} INFO - [2024-10-08T08:16:44.499+0000] {dagbag.py:588} INFO - Filling up the DagBag from /root/miniconda3/envs/project/lib/python3.8/site-packages/airflow/example_dags/example_dynamic_task_mapping.py
[2024-10-08T08:16:44.515+0000] {processor.py:925} INFO - DAG(s) 'example_dynamic_task_mapping' retrieved from /root/miniconda3/envs/project/lib/python3.8/site-packages/airflow/example_dags/example_dynamic_task_mapping.py
[2024-10-08T08:16:44.541+0000] {logging_mixin.py:190} INFO - [2024-10-08T08:16:44.540+0000] {dag.py:3239} INFO - Sync 1 DAGs
[2024-10-08T08:16:44.561+0000] {logging_mixin.py:190} INFO - [2024-10-08T08:16:44.561+0000] {dag.py:4180} INFO - Setting next_dagrun for example_dynamic_task_mapping to None, run_after=None
[2024-10-08T08:16:44.598+0000] {processor.py:208} INFO - Processing /root/miniconda3/envs/project/lib/python3.8/site-packages/airflow/example_dags/example_dynamic_task_mapping.py took 0.115 seconds
[2024-10-08T08:17:54.116+0000] {processor.py:186} INFO - Started process (PID=212068) to work on /root/miniconda3/envs/project/lib/python3.8/site-packages/airflow/example_dags/example_dynamic_task_mapping.py
[2024-10-08T08:17:54.119+0000] {processor.py:914} INFO - Processing file /root/miniconda3/envs/project/lib/python3.8/site-packages/airflow/example_dags/example_dynamic_task_mapping.py for tasks to queue
[2024-10-08T08:17:54.122+0000] {logging_mixin.py:190} INFO - [2024-10-08T08:17:54.122+0000] {dagbag.py:588} INFO - Filling up the DagBag from /root/miniconda3/envs/project/lib/python3.8/site-packages/airflow/example_dags/example_dynamic_task_mapping.py
[2024-10-08T08:17:54.135+0000] {processor.py:925} INFO - DAG(s) 'example_dynamic_task_mapping' retrieved from /root/miniconda3/envs/project/lib/python3.8/site-packages/airflow/example_dags/example_dynamic_task_mapping.py
[2024-10-08T08:17:54.159+0000] {logging_mixin.py:190} INFO - [2024-10-08T08:17:54.159+0000] {dag.py:3239} INFO - Sync 1 DAGs
[2024-10-08T08:17:54.177+0000] {logging_mixin.py:190} INFO - [2024-10-08T08:17:54.177+0000] {dag.py:4180} INFO - Setting next_dagrun for example_dynamic_task_mapping to None, run_after=None
[2024-10-08T08:17:54.213+0000] {processor.py:208} INFO - Processing /root/miniconda3/envs/project/lib/python3.8/site-packages/airflow/example_dags/example_dynamic_task_mapping.py took 0.107 seconds
[2024-10-08T08:19:06.890+0000] {processor.py:186} INFO - Started process (PID=212274) to work on /root/miniconda3/envs/project/lib/python3.8/site-packages/airflow/example_dags/example_dynamic_task_mapping.py
[2024-10-08T08:19:06.893+0000] {processor.py:914} INFO - Processing file /root/miniconda3/envs/project/lib/python3.8/site-packages/airflow/example_dags/example_dynamic_task_mapping.py for tasks to queue
[2024-10-08T08:19:06.897+0000] {logging_mixin.py:190} INFO - [2024-10-08T08:19:06.896+0000] {dagbag.py:588} INFO - Filling up the DagBag from /root/miniconda3/envs/project/lib/python3.8/site-packages/airflow/example_dags/example_dynamic_task_mapping.py
[2024-10-08T08:19:06.910+0000] {processor.py:925} INFO - DAG(s) 'example_dynamic_task_mapping' retrieved from /root/miniconda3/envs/project/lib/python3.8/site-packages/airflow/example_dags/example_dynamic_task_mapping.py
[2024-10-08T08:19:06.934+0000] {logging_mixin.py:190} INFO - [2024-10-08T08:19:06.933+0000] {dag.py:3239} INFO - Sync 1 DAGs
[2024-10-08T08:19:06.952+0000] {logging_mixin.py:190} INFO - [2024-10-08T08:19:06.952+0000] {dag.py:4180} INFO - Setting next_dagrun for example_dynamic_task_mapping to None, run_after=None
[2024-10-08T08:19:06.982+0000] {processor.py:208} INFO - Processing /root/miniconda3/envs/project/lib/python3.8/site-packages/airflow/example_dags/example_dynamic_task_mapping.py took 0.104 seconds
[2024-10-08T08:20:09.483+0000] {processor.py:186} INFO - Started process (PID=212453) to work on /root/miniconda3/envs/project/lib/python3.8/site-packages/airflow/example_dags/example_dynamic_task_mapping.py
[2024-10-08T08:20:09.486+0000] {processor.py:914} INFO - Processing file /root/miniconda3/envs/project/lib/python3.8/site-packages/airflow/example_dags/example_dynamic_task_mapping.py for tasks to queue
[2024-10-08T08:20:09.489+0000] {logging_mixin.py:190} INFO - [2024-10-08T08:20:09.489+0000] {dagbag.py:588} INFO - Filling up the DagBag from /root/miniconda3/envs/project/lib/python3.8/site-packages/airflow/example_dags/example_dynamic_task_mapping.py
[2024-10-08T08:20:09.502+0000] {processor.py:925} INFO - DAG(s) 'example_dynamic_task_mapping' retrieved from /root/miniconda3/envs/project/lib/python3.8/site-packages/airflow/example_dags/example_dynamic_task_mapping.py
[2024-10-08T08:20:09.541+0000] {logging_mixin.py:190} INFO - [2024-10-08T08:20:09.541+0000] {dag.py:3239} INFO - Sync 1 DAGs
[2024-10-08T08:20:09.561+0000] {logging_mixin.py:190} INFO - [2024-10-08T08:20:09.561+0000] {dag.py:4180} INFO - Setting next_dagrun for example_dynamic_task_mapping to None, run_after=None
[2024-10-08T08:20:09.594+0000] {processor.py:208} INFO - Processing /root/miniconda3/envs/project/lib/python3.8/site-packages/airflow/example_dags/example_dynamic_task_mapping.py took 0.122 seconds
[2024-10-08T08:21:28.432+0000] {processor.py:186} INFO - Started process (PID=212673) to work on /root/miniconda3/envs/project/lib/python3.8/site-packages/airflow/example_dags/example_dynamic_task_mapping.py
[2024-10-08T08:21:28.436+0000] {processor.py:914} INFO - Processing file /root/miniconda3/envs/project/lib/python3.8/site-packages/airflow/example_dags/example_dynamic_task_mapping.py for tasks to queue
[2024-10-08T08:21:28.439+0000] {logging_mixin.py:190} INFO - [2024-10-08T08:21:28.438+0000] {dagbag.py:588} INFO - Filling up the DagBag from /root/miniconda3/envs/project/lib/python3.8/site-packages/airflow/example_dags/example_dynamic_task_mapping.py
[2024-10-08T08:21:28.451+0000] {processor.py:925} INFO - DAG(s) 'example_dynamic_task_mapping' retrieved from /root/miniconda3/envs/project/lib/python3.8/site-packages/airflow/example_dags/example_dynamic_task_mapping.py
[2024-10-08T08:21:28.473+0000] {logging_mixin.py:190} INFO - [2024-10-08T08:21:28.473+0000] {dag.py:3239} INFO - Sync 1 DAGs
[2024-10-08T08:21:28.492+0000] {logging_mixin.py:190} INFO - [2024-10-08T08:21:28.492+0000] {dag.py:4180} INFO - Setting next_dagrun for example_dynamic_task_mapping to None, run_after=None
[2024-10-08T08:21:28.523+0000] {processor.py:208} INFO - Processing /root/miniconda3/envs/project/lib/python3.8/site-packages/airflow/example_dags/example_dynamic_task_mapping.py took 0.101 seconds
[2024-10-08T08:22:36.671+0000] {processor.py:186} INFO - Started process (PID=212967) to work on /root/miniconda3/envs/project/lib/python3.8/site-packages/airflow/example_dags/example_dynamic_task_mapping.py
[2024-10-08T08:22:36.675+0000] {processor.py:914} INFO - Processing file /root/miniconda3/envs/project/lib/python3.8/site-packages/airflow/example_dags/example_dynamic_task_mapping.py for tasks to queue
[2024-10-08T08:22:36.678+0000] {logging_mixin.py:190} INFO - [2024-10-08T08:22:36.677+0000] {dagbag.py:588} INFO - Filling up the DagBag from /root/miniconda3/envs/project/lib/python3.8/site-packages/airflow/example_dags/example_dynamic_task_mapping.py
[2024-10-08T08:22:36.691+0000] {processor.py:925} INFO - DAG(s) 'example_dynamic_task_mapping' retrieved from /root/miniconda3/envs/project/lib/python3.8/site-packages/airflow/example_dags/example_dynamic_task_mapping.py
[2024-10-08T08:22:36.715+0000] {logging_mixin.py:190} INFO - [2024-10-08T08:22:36.715+0000] {dag.py:3239} INFO - Sync 1 DAGs
[2024-10-08T08:22:36.733+0000] {logging_mixin.py:190} INFO - [2024-10-08T08:22:36.733+0000] {dag.py:4180} INFO - Setting next_dagrun for example_dynamic_task_mapping to None, run_after=None
[2024-10-08T08:22:36.764+0000] {processor.py:208} INFO - Processing /root/miniconda3/envs/project/lib/python3.8/site-packages/airflow/example_dags/example_dynamic_task_mapping.py took 0.105 seconds
[2024-10-08T08:23:40.858+0000] {processor.py:186} INFO - Started process (PID=213153) to work on /root/miniconda3/envs/project/lib/python3.8/site-packages/airflow/example_dags/example_dynamic_task_mapping.py
[2024-10-08T08:23:40.862+0000] {processor.py:914} INFO - Processing file /root/miniconda3/envs/project/lib/python3.8/site-packages/airflow/example_dags/example_dynamic_task_mapping.py for tasks to queue
[2024-10-08T08:23:40.865+0000] {logging_mixin.py:190} INFO - [2024-10-08T08:23:40.864+0000] {dagbag.py:588} INFO - Filling up the DagBag from /root/miniconda3/envs/project/lib/python3.8/site-packages/airflow/example_dags/example_dynamic_task_mapping.py
[2024-10-08T08:23:40.878+0000] {processor.py:925} INFO - DAG(s) 'example_dynamic_task_mapping' retrieved from /root/miniconda3/envs/project/lib/python3.8/site-packages/airflow/example_dags/example_dynamic_task_mapping.py
[2024-10-08T08:23:40.911+0000] {logging_mixin.py:190} INFO - [2024-10-08T08:23:40.910+0000] {dag.py:3239} INFO - Sync 1 DAGs
[2024-10-08T08:23:40.935+0000] {logging_mixin.py:190} INFO - [2024-10-08T08:23:40.934+0000] {dag.py:4180} INFO - Setting next_dagrun for example_dynamic_task_mapping to None, run_after=None
[2024-10-08T08:23:40.968+0000] {processor.py:208} INFO - Processing /root/miniconda3/envs/project/lib/python3.8/site-packages/airflow/example_dags/example_dynamic_task_mapping.py took 0.122 seconds
[2024-10-08T08:37:29.912+0000] {processor.py:186} INFO - Started process (PID=215049) to work on /root/miniconda3/envs/project/lib/python3.8/site-packages/airflow/example_dags/example_dynamic_task_mapping.py
[2024-10-08T08:37:29.915+0000] {processor.py:914} INFO - Processing file /root/miniconda3/envs/project/lib/python3.8/site-packages/airflow/example_dags/example_dynamic_task_mapping.py for tasks to queue
[2024-10-08T08:37:29.918+0000] {logging_mixin.py:190} INFO - [2024-10-08T08:37:29.918+0000] {dagbag.py:588} INFO - Filling up the DagBag from /root/miniconda3/envs/project/lib/python3.8/site-packages/airflow/example_dags/example_dynamic_task_mapping.py
[2024-10-08T08:37:29.931+0000] {processor.py:925} INFO - DAG(s) 'example_dynamic_task_mapping' retrieved from /root/miniconda3/envs/project/lib/python3.8/site-packages/airflow/example_dags/example_dynamic_task_mapping.py
[2024-10-08T08:37:29.955+0000] {logging_mixin.py:190} INFO - [2024-10-08T08:37:29.954+0000] {dag.py:3239} INFO - Sync 1 DAGs
[2024-10-08T08:37:29.974+0000] {logging_mixin.py:190} INFO - [2024-10-08T08:37:29.974+0000] {dag.py:4180} INFO - Setting next_dagrun for example_dynamic_task_mapping to None, run_after=None
[2024-10-08T08:37:30.007+0000] {processor.py:208} INFO - Processing /root/miniconda3/envs/project/lib/python3.8/site-packages/airflow/example_dags/example_dynamic_task_mapping.py took 0.107 seconds
[2024-10-08T08:38:41.358+0000] {processor.py:186} INFO - Started process (PID=215518) to work on /root/miniconda3/envs/project/lib/python3.8/site-packages/airflow/example_dags/example_dynamic_task_mapping.py
[2024-10-08T08:38:41.361+0000] {processor.py:914} INFO - Processing file /root/miniconda3/envs/project/lib/python3.8/site-packages/airflow/example_dags/example_dynamic_task_mapping.py for tasks to queue
[2024-10-08T08:38:41.364+0000] {logging_mixin.py:190} INFO - [2024-10-08T08:38:41.364+0000] {dagbag.py:588} INFO - Filling up the DagBag from /root/miniconda3/envs/project/lib/python3.8/site-packages/airflow/example_dags/example_dynamic_task_mapping.py
[2024-10-08T08:38:41.377+0000] {processor.py:925} INFO - DAG(s) 'example_dynamic_task_mapping' retrieved from /root/miniconda3/envs/project/lib/python3.8/site-packages/airflow/example_dags/example_dynamic_task_mapping.py
[2024-10-08T08:38:41.401+0000] {logging_mixin.py:190} INFO - [2024-10-08T08:38:41.401+0000] {dag.py:3239} INFO - Sync 1 DAGs
[2024-10-08T08:38:41.420+0000] {logging_mixin.py:190} INFO - [2024-10-08T08:38:41.420+0000] {dag.py:4180} INFO - Setting next_dagrun for example_dynamic_task_mapping to None, run_after=None
[2024-10-08T08:38:41.452+0000] {processor.py:208} INFO - Processing /root/miniconda3/envs/project/lib/python3.8/site-packages/airflow/example_dags/example_dynamic_task_mapping.py took 0.104 seconds
[2024-10-08T08:39:53.470+0000] {processor.py:186} INFO - Started process (PID=215746) to work on /root/miniconda3/envs/project/lib/python3.8/site-packages/airflow/example_dags/example_dynamic_task_mapping.py
[2024-10-08T08:39:53.473+0000] {processor.py:914} INFO - Processing file /root/miniconda3/envs/project/lib/python3.8/site-packages/airflow/example_dags/example_dynamic_task_mapping.py for tasks to queue
[2024-10-08T08:39:53.477+0000] {logging_mixin.py:190} INFO - [2024-10-08T08:39:53.476+0000] {dagbag.py:588} INFO - Filling up the DagBag from /root/miniconda3/envs/project/lib/python3.8/site-packages/airflow/example_dags/example_dynamic_task_mapping.py
[2024-10-08T08:39:53.491+0000] {processor.py:925} INFO - DAG(s) 'example_dynamic_task_mapping' retrieved from /root/miniconda3/envs/project/lib/python3.8/site-packages/airflow/example_dags/example_dynamic_task_mapping.py
[2024-10-08T08:39:53.515+0000] {logging_mixin.py:190} INFO - [2024-10-08T08:39:53.515+0000] {dag.py:3239} INFO - Sync 1 DAGs
[2024-10-08T08:39:53.534+0000] {logging_mixin.py:190} INFO - [2024-10-08T08:39:53.534+0000] {dag.py:4180} INFO - Setting next_dagrun for example_dynamic_task_mapping to None, run_after=None
[2024-10-08T08:39:53.566+0000] {processor.py:208} INFO - Processing /root/miniconda3/envs/project/lib/python3.8/site-packages/airflow/example_dags/example_dynamic_task_mapping.py took 0.108 seconds
[2024-10-08T08:41:02.063+0000] {processor.py:186} INFO - Started process (PID=216089) to work on /root/miniconda3/envs/project/lib/python3.8/site-packages/airflow/example_dags/example_dynamic_task_mapping.py
[2024-10-08T08:41:02.066+0000] {processor.py:914} INFO - Processing file /root/miniconda3/envs/project/lib/python3.8/site-packages/airflow/example_dags/example_dynamic_task_mapping.py for tasks to queue
[2024-10-08T08:41:02.070+0000] {logging_mixin.py:190} INFO - [2024-10-08T08:41:02.069+0000] {dagbag.py:588} INFO - Filling up the DagBag from /root/miniconda3/envs/project/lib/python3.8/site-packages/airflow/example_dags/example_dynamic_task_mapping.py
[2024-10-08T08:41:02.084+0000] {processor.py:925} INFO - DAG(s) 'example_dynamic_task_mapping' retrieved from /root/miniconda3/envs/project/lib/python3.8/site-packages/airflow/example_dags/example_dynamic_task_mapping.py
[2024-10-08T08:41:02.108+0000] {logging_mixin.py:190} INFO - [2024-10-08T08:41:02.108+0000] {dag.py:3239} INFO - Sync 1 DAGs
[2024-10-08T08:41:02.127+0000] {logging_mixin.py:190} INFO - [2024-10-08T08:41:02.126+0000] {dag.py:4180} INFO - Setting next_dagrun for example_dynamic_task_mapping to None, run_after=None
[2024-10-08T08:41:02.159+0000] {processor.py:208} INFO - Processing /root/miniconda3/envs/project/lib/python3.8/site-packages/airflow/example_dags/example_dynamic_task_mapping.py took 0.108 seconds
[2024-10-08T08:42:09.044+0000] {processor.py:186} INFO - Started process (PID=216548) to work on /root/miniconda3/envs/project/lib/python3.8/site-packages/airflow/example_dags/example_dynamic_task_mapping.py
[2024-10-08T08:42:09.047+0000] {processor.py:914} INFO - Processing file /root/miniconda3/envs/project/lib/python3.8/site-packages/airflow/example_dags/example_dynamic_task_mapping.py for tasks to queue
[2024-10-08T08:42:09.050+0000] {logging_mixin.py:190} INFO - [2024-10-08T08:42:09.049+0000] {dagbag.py:588} INFO - Filling up the DagBag from /root/miniconda3/envs/project/lib/python3.8/site-packages/airflow/example_dags/example_dynamic_task_mapping.py
[2024-10-08T08:42:09.063+0000] {processor.py:925} INFO - DAG(s) 'example_dynamic_task_mapping' retrieved from /root/miniconda3/envs/project/lib/python3.8/site-packages/airflow/example_dags/example_dynamic_task_mapping.py
[2024-10-08T08:42:09.087+0000] {logging_mixin.py:190} INFO - [2024-10-08T08:42:09.086+0000] {dag.py:3239} INFO - Sync 1 DAGs
[2024-10-08T08:42:09.105+0000] {logging_mixin.py:190} INFO - [2024-10-08T08:42:09.105+0000] {dag.py:4180} INFO - Setting next_dagrun for example_dynamic_task_mapping to None, run_after=None
[2024-10-08T08:42:09.141+0000] {processor.py:208} INFO - Processing /root/miniconda3/envs/project/lib/python3.8/site-packages/airflow/example_dags/example_dynamic_task_mapping.py took 0.109 seconds
[2024-10-08T08:43:15.864+0000] {processor.py:186} INFO - Started process (PID=216766) to work on /root/miniconda3/envs/project/lib/python3.8/site-packages/airflow/example_dags/example_dynamic_task_mapping.py
[2024-10-08T08:43:15.867+0000] {processor.py:914} INFO - Processing file /root/miniconda3/envs/project/lib/python3.8/site-packages/airflow/example_dags/example_dynamic_task_mapping.py for tasks to queue
[2024-10-08T08:43:15.871+0000] {logging_mixin.py:190} INFO - [2024-10-08T08:43:15.870+0000] {dagbag.py:588} INFO - Filling up the DagBag from /root/miniconda3/envs/project/lib/python3.8/site-packages/airflow/example_dags/example_dynamic_task_mapping.py
[2024-10-08T08:43:15.885+0000] {processor.py:925} INFO - DAG(s) 'example_dynamic_task_mapping' retrieved from /root/miniconda3/envs/project/lib/python3.8/site-packages/airflow/example_dags/example_dynamic_task_mapping.py
[2024-10-08T08:43:15.910+0000] {logging_mixin.py:190} INFO - [2024-10-08T08:43:15.909+0000] {dag.py:3239} INFO - Sync 1 DAGs
[2024-10-08T08:43:15.928+0000] {logging_mixin.py:190} INFO - [2024-10-08T08:43:15.928+0000] {dag.py:4180} INFO - Setting next_dagrun for example_dynamic_task_mapping to None, run_after=None
[2024-10-08T08:43:15.960+0000] {processor.py:208} INFO - Processing /root/miniconda3/envs/project/lib/python3.8/site-packages/airflow/example_dags/example_dynamic_task_mapping.py took 0.107 seconds
[2024-10-08T08:44:24.616+0000] {processor.py:186} INFO - Started process (PID=216987) to work on /root/miniconda3/envs/project/lib/python3.8/site-packages/airflow/example_dags/example_dynamic_task_mapping.py
[2024-10-08T08:44:24.619+0000] {processor.py:914} INFO - Processing file /root/miniconda3/envs/project/lib/python3.8/site-packages/airflow/example_dags/example_dynamic_task_mapping.py for tasks to queue
[2024-10-08T08:44:24.623+0000] {logging_mixin.py:190} INFO - [2024-10-08T08:44:24.622+0000] {dagbag.py:588} INFO - Filling up the DagBag from /root/miniconda3/envs/project/lib/python3.8/site-packages/airflow/example_dags/example_dynamic_task_mapping.py
[2024-10-08T08:44:24.635+0000] {processor.py:925} INFO - DAG(s) 'example_dynamic_task_mapping' retrieved from /root/miniconda3/envs/project/lib/python3.8/site-packages/airflow/example_dags/example_dynamic_task_mapping.py
[2024-10-08T08:44:24.658+0000] {logging_mixin.py:190} INFO - [2024-10-08T08:44:24.658+0000] {dag.py:3239} INFO - Sync 1 DAGs
[2024-10-08T08:44:24.676+0000] {logging_mixin.py:190} INFO - [2024-10-08T08:44:24.676+0000] {dag.py:4180} INFO - Setting next_dagrun for example_dynamic_task_mapping to None, run_after=None
[2024-10-08T08:44:24.709+0000] {processor.py:208} INFO - Processing /root/miniconda3/envs/project/lib/python3.8/site-packages/airflow/example_dags/example_dynamic_task_mapping.py took 0.105 seconds
[2024-10-08T08:45:40.959+0000] {processor.py:186} INFO - Started process (PID=217282) to work on /root/miniconda3/envs/project/lib/python3.8/site-packages/airflow/example_dags/example_dynamic_task_mapping.py
[2024-10-08T08:45:40.962+0000] {processor.py:914} INFO - Processing file /root/miniconda3/envs/project/lib/python3.8/site-packages/airflow/example_dags/example_dynamic_task_mapping.py for tasks to queue
[2024-10-08T08:45:40.965+0000] {logging_mixin.py:190} INFO - [2024-10-08T08:45:40.965+0000] {dagbag.py:588} INFO - Filling up the DagBag from /root/miniconda3/envs/project/lib/python3.8/site-packages/airflow/example_dags/example_dynamic_task_mapping.py
[2024-10-08T08:45:40.978+0000] {processor.py:925} INFO - DAG(s) 'example_dynamic_task_mapping' retrieved from /root/miniconda3/envs/project/lib/python3.8/site-packages/airflow/example_dags/example_dynamic_task_mapping.py
[2024-10-08T08:45:41.003+0000] {logging_mixin.py:190} INFO - [2024-10-08T08:45:41.003+0000] {dag.py:3239} INFO - Sync 1 DAGs
[2024-10-08T08:45:41.022+0000] {logging_mixin.py:190} INFO - [2024-10-08T08:45:41.021+0000] {dag.py:4180} INFO - Setting next_dagrun for example_dynamic_task_mapping to None, run_after=None
[2024-10-08T08:45:41.053+0000] {processor.py:208} INFO - Processing /root/miniconda3/envs/project/lib/python3.8/site-packages/airflow/example_dags/example_dynamic_task_mapping.py took 0.105 seconds
[2024-10-08T08:46:50.987+0000] {processor.py:186} INFO - Started process (PID=217569) to work on /root/miniconda3/envs/project/lib/python3.8/site-packages/airflow/example_dags/example_dynamic_task_mapping.py
[2024-10-08T08:46:50.991+0000] {processor.py:914} INFO - Processing file /root/miniconda3/envs/project/lib/python3.8/site-packages/airflow/example_dags/example_dynamic_task_mapping.py for tasks to queue
[2024-10-08T08:46:50.996+0000] {logging_mixin.py:190} INFO - [2024-10-08T08:46:50.995+0000] {dagbag.py:588} INFO - Filling up the DagBag from /root/miniconda3/envs/project/lib/python3.8/site-packages/airflow/example_dags/example_dynamic_task_mapping.py
[2024-10-08T08:46:51.011+0000] {processor.py:925} INFO - DAG(s) 'example_dynamic_task_mapping' retrieved from /root/miniconda3/envs/project/lib/python3.8/site-packages/airflow/example_dags/example_dynamic_task_mapping.py
[2024-10-08T08:46:51.035+0000] {logging_mixin.py:190} INFO - [2024-10-08T08:46:51.035+0000] {dag.py:3239} INFO - Sync 1 DAGs
[2024-10-08T08:46:51.052+0000] {logging_mixin.py:190} INFO - [2024-10-08T08:46:51.052+0000] {dag.py:4180} INFO - Setting next_dagrun for example_dynamic_task_mapping to None, run_after=None
[2024-10-08T08:46:51.085+0000] {processor.py:208} INFO - Processing /root/miniconda3/envs/project/lib/python3.8/site-packages/airflow/example_dags/example_dynamic_task_mapping.py took 0.108 seconds
[2024-10-08T08:48:02.772+0000] {processor.py:186} INFO - Started process (PID=217927) to work on /root/miniconda3/envs/project/lib/python3.8/site-packages/airflow/example_dags/example_dynamic_task_mapping.py
[2024-10-08T08:48:02.775+0000] {processor.py:914} INFO - Processing file /root/miniconda3/envs/project/lib/python3.8/site-packages/airflow/example_dags/example_dynamic_task_mapping.py for tasks to queue
[2024-10-08T08:48:02.778+0000] {logging_mixin.py:190} INFO - [2024-10-08T08:48:02.778+0000] {dagbag.py:588} INFO - Filling up the DagBag from /root/miniconda3/envs/project/lib/python3.8/site-packages/airflow/example_dags/example_dynamic_task_mapping.py
[2024-10-08T08:48:02.791+0000] {processor.py:925} INFO - DAG(s) 'example_dynamic_task_mapping' retrieved from /root/miniconda3/envs/project/lib/python3.8/site-packages/airflow/example_dags/example_dynamic_task_mapping.py
[2024-10-08T08:48:02.814+0000] {logging_mixin.py:190} INFO - [2024-10-08T08:48:02.813+0000] {dag.py:3239} INFO - Sync 1 DAGs
[2024-10-08T08:48:02.831+0000] {logging_mixin.py:190} INFO - [2024-10-08T08:48:02.831+0000] {dag.py:4180} INFO - Setting next_dagrun for example_dynamic_task_mapping to None, run_after=None
[2024-10-08T08:48:02.862+0000] {processor.py:208} INFO - Processing /root/miniconda3/envs/project/lib/python3.8/site-packages/airflow/example_dags/example_dynamic_task_mapping.py took 0.100 seconds
[2024-10-08T08:49:14.709+0000] {processor.py:186} INFO - Started process (PID=218154) to work on /root/miniconda3/envs/project/lib/python3.8/site-packages/airflow/example_dags/example_dynamic_task_mapping.py
[2024-10-08T08:49:14.713+0000] {processor.py:914} INFO - Processing file /root/miniconda3/envs/project/lib/python3.8/site-packages/airflow/example_dags/example_dynamic_task_mapping.py for tasks to queue
[2024-10-08T08:49:14.716+0000] {logging_mixin.py:190} INFO - [2024-10-08T08:49:14.715+0000] {dagbag.py:588} INFO - Filling up the DagBag from /root/miniconda3/envs/project/lib/python3.8/site-packages/airflow/example_dags/example_dynamic_task_mapping.py
[2024-10-08T08:49:14.728+0000] {processor.py:925} INFO - DAG(s) 'example_dynamic_task_mapping' retrieved from /root/miniconda3/envs/project/lib/python3.8/site-packages/airflow/example_dags/example_dynamic_task_mapping.py
[2024-10-08T08:49:14.751+0000] {logging_mixin.py:190} INFO - [2024-10-08T08:49:14.751+0000] {dag.py:3239} INFO - Sync 1 DAGs
[2024-10-08T08:49:14.769+0000] {logging_mixin.py:190} INFO - [2024-10-08T08:49:14.768+0000] {dag.py:4180} INFO - Setting next_dagrun for example_dynamic_task_mapping to None, run_after=None
[2024-10-08T08:49:14.799+0000] {processor.py:208} INFO - Processing /root/miniconda3/envs/project/lib/python3.8/site-packages/airflow/example_dags/example_dynamic_task_mapping.py took 0.099 seconds
[2024-10-08T08:50:25.356+0000] {processor.py:186} INFO - Started process (PID=218380) to work on /root/miniconda3/envs/project/lib/python3.8/site-packages/airflow/example_dags/example_dynamic_task_mapping.py
[2024-10-08T08:50:25.359+0000] {processor.py:914} INFO - Processing file /root/miniconda3/envs/project/lib/python3.8/site-packages/airflow/example_dags/example_dynamic_task_mapping.py for tasks to queue
[2024-10-08T08:50:25.362+0000] {logging_mixin.py:190} INFO - [2024-10-08T08:50:25.362+0000] {dagbag.py:588} INFO - Filling up the DagBag from /root/miniconda3/envs/project/lib/python3.8/site-packages/airflow/example_dags/example_dynamic_task_mapping.py
[2024-10-08T08:50:25.375+0000] {processor.py:925} INFO - DAG(s) 'example_dynamic_task_mapping' retrieved from /root/miniconda3/envs/project/lib/python3.8/site-packages/airflow/example_dags/example_dynamic_task_mapping.py
[2024-10-08T08:50:25.399+0000] {logging_mixin.py:190} INFO - [2024-10-08T08:50:25.399+0000] {dag.py:3239} INFO - Sync 1 DAGs
[2024-10-08T08:50:25.417+0000] {logging_mixin.py:190} INFO - [2024-10-08T08:50:25.417+0000] {dag.py:4180} INFO - Setting next_dagrun for example_dynamic_task_mapping to None, run_after=None
[2024-10-08T08:50:25.446+0000] {processor.py:208} INFO - Processing /root/miniconda3/envs/project/lib/python3.8/site-packages/airflow/example_dags/example_dynamic_task_mapping.py took 0.102 seconds
[2024-10-08T09:05:35.192+0000] {processor.py:186} INFO - Started process (PID=220050) to work on /root/miniconda3/envs/project/lib/python3.8/site-packages/airflow/example_dags/example_dynamic_task_mapping.py
[2024-10-08T09:05:35.195+0000] {processor.py:914} INFO - Processing file /root/miniconda3/envs/project/lib/python3.8/site-packages/airflow/example_dags/example_dynamic_task_mapping.py for tasks to queue
[2024-10-08T09:05:35.198+0000] {logging_mixin.py:190} INFO - [2024-10-08T09:05:35.198+0000] {dagbag.py:588} INFO - Filling up the DagBag from /root/miniconda3/envs/project/lib/python3.8/site-packages/airflow/example_dags/example_dynamic_task_mapping.py
[2024-10-08T09:05:35.211+0000] {processor.py:925} INFO - DAG(s) 'example_dynamic_task_mapping' retrieved from /root/miniconda3/envs/project/lib/python3.8/site-packages/airflow/example_dags/example_dynamic_task_mapping.py
[2024-10-08T09:05:35.235+0000] {logging_mixin.py:190} INFO - [2024-10-08T09:05:35.234+0000] {dag.py:3239} INFO - Sync 1 DAGs
[2024-10-08T09:05:35.254+0000] {logging_mixin.py:190} INFO - [2024-10-08T09:05:35.254+0000] {dag.py:4180} INFO - Setting next_dagrun for example_dynamic_task_mapping to None, run_after=None
[2024-10-08T09:05:35.285+0000] {processor.py:208} INFO - Processing /root/miniconda3/envs/project/lib/python3.8/site-packages/airflow/example_dags/example_dynamic_task_mapping.py took 0.104 seconds
[2024-10-08T09:09:08.573+0000] {processor.py:186} INFO - Started process (PID=220839) to work on /root/miniconda3/envs/project/lib/python3.8/site-packages/airflow/example_dags/example_dynamic_task_mapping.py
[2024-10-08T09:09:08.576+0000] {processor.py:914} INFO - Processing file /root/miniconda3/envs/project/lib/python3.8/site-packages/airflow/example_dags/example_dynamic_task_mapping.py for tasks to queue
[2024-10-08T09:09:08.579+0000] {logging_mixin.py:190} INFO - [2024-10-08T09:09:08.579+0000] {dagbag.py:588} INFO - Filling up the DagBag from /root/miniconda3/envs/project/lib/python3.8/site-packages/airflow/example_dags/example_dynamic_task_mapping.py
[2024-10-08T09:09:08.592+0000] {processor.py:925} INFO - DAG(s) 'example_dynamic_task_mapping' retrieved from /root/miniconda3/envs/project/lib/python3.8/site-packages/airflow/example_dags/example_dynamic_task_mapping.py
[2024-10-08T09:09:08.614+0000] {logging_mixin.py:190} INFO - [2024-10-08T09:09:08.614+0000] {dag.py:3239} INFO - Sync 1 DAGs
[2024-10-08T09:09:08.634+0000] {logging_mixin.py:190} INFO - [2024-10-08T09:09:08.633+0000] {dag.py:4180} INFO - Setting next_dagrun for example_dynamic_task_mapping to None, run_after=None
[2024-10-08T09:09:08.664+0000] {processor.py:208} INFO - Processing /root/miniconda3/envs/project/lib/python3.8/site-packages/airflow/example_dags/example_dynamic_task_mapping.py took 0.103 seconds
[2024-10-08T09:10:36.891+0000] {processor.py:186} INFO - Started process (PID=221556) to work on /root/miniconda3/envs/project/lib/python3.8/site-packages/airflow/example_dags/example_dynamic_task_mapping.py
[2024-10-08T09:10:36.895+0000] {processor.py:914} INFO - Processing file /root/miniconda3/envs/project/lib/python3.8/site-packages/airflow/example_dags/example_dynamic_task_mapping.py for tasks to queue
[2024-10-08T09:10:36.898+0000] {logging_mixin.py:190} INFO - [2024-10-08T09:10:36.898+0000] {dagbag.py:588} INFO - Filling up the DagBag from /root/miniconda3/envs/project/lib/python3.8/site-packages/airflow/example_dags/example_dynamic_task_mapping.py
[2024-10-08T09:10:36.911+0000] {processor.py:925} INFO - DAG(s) 'example_dynamic_task_mapping' retrieved from /root/miniconda3/envs/project/lib/python3.8/site-packages/airflow/example_dags/example_dynamic_task_mapping.py
[2024-10-08T09:10:36.935+0000] {logging_mixin.py:190} INFO - [2024-10-08T09:10:36.934+0000] {dag.py:3239} INFO - Sync 1 DAGs
[2024-10-08T09:10:36.954+0000] {logging_mixin.py:190} INFO - [2024-10-08T09:10:36.954+0000] {dag.py:4180} INFO - Setting next_dagrun for example_dynamic_task_mapping to None, run_after=None
[2024-10-08T09:10:36.989+0000] {processor.py:208} INFO - Processing /root/miniconda3/envs/project/lib/python3.8/site-packages/airflow/example_dags/example_dynamic_task_mapping.py took 0.110 seconds
[2024-10-08T09:11:48.324+0000] {processor.py:186} INFO - Started process (PID=221843) to work on /root/miniconda3/envs/project/lib/python3.8/site-packages/airflow/example_dags/example_dynamic_task_mapping.py
[2024-10-08T09:11:48.327+0000] {processor.py:914} INFO - Processing file /root/miniconda3/envs/project/lib/python3.8/site-packages/airflow/example_dags/example_dynamic_task_mapping.py for tasks to queue
[2024-10-08T09:11:48.331+0000] {logging_mixin.py:190} INFO - [2024-10-08T09:11:48.330+0000] {dagbag.py:588} INFO - Filling up the DagBag from /root/miniconda3/envs/project/lib/python3.8/site-packages/airflow/example_dags/example_dynamic_task_mapping.py
[2024-10-08T09:11:48.345+0000] {processor.py:925} INFO - DAG(s) 'example_dynamic_task_mapping' retrieved from /root/miniconda3/envs/project/lib/python3.8/site-packages/airflow/example_dags/example_dynamic_task_mapping.py
[2024-10-08T09:11:48.370+0000] {logging_mixin.py:190} INFO - [2024-10-08T09:11:48.370+0000] {dag.py:3239} INFO - Sync 1 DAGs
[2024-10-08T09:11:48.389+0000] {logging_mixin.py:190} INFO - [2024-10-08T09:11:48.388+0000] {dag.py:4180} INFO - Setting next_dagrun for example_dynamic_task_mapping to None, run_after=None
[2024-10-08T09:11:48.419+0000] {processor.py:208} INFO - Processing /root/miniconda3/envs/project/lib/python3.8/site-packages/airflow/example_dags/example_dynamic_task_mapping.py took 0.106 seconds
[2024-10-08T09:12:51.159+0000] {processor.py:186} INFO - Started process (PID=222170) to work on /root/miniconda3/envs/project/lib/python3.8/site-packages/airflow/example_dags/example_dynamic_task_mapping.py
[2024-10-08T09:12:51.163+0000] {processor.py:914} INFO - Processing file /root/miniconda3/envs/project/lib/python3.8/site-packages/airflow/example_dags/example_dynamic_task_mapping.py for tasks to queue
[2024-10-08T09:12:51.167+0000] {logging_mixin.py:190} INFO - [2024-10-08T09:12:51.166+0000] {dagbag.py:588} INFO - Filling up the DagBag from /root/miniconda3/envs/project/lib/python3.8/site-packages/airflow/example_dags/example_dynamic_task_mapping.py
[2024-10-08T09:12:51.180+0000] {processor.py:925} INFO - DAG(s) 'example_dynamic_task_mapping' retrieved from /root/miniconda3/envs/project/lib/python3.8/site-packages/airflow/example_dags/example_dynamic_task_mapping.py
[2024-10-08T09:12:51.206+0000] {logging_mixin.py:190} INFO - [2024-10-08T09:12:51.205+0000] {dag.py:3239} INFO - Sync 1 DAGs
[2024-10-08T09:12:51.224+0000] {logging_mixin.py:190} INFO - [2024-10-08T09:12:51.224+0000] {dag.py:4180} INFO - Setting next_dagrun for example_dynamic_task_mapping to None, run_after=None
[2024-10-08T09:12:51.257+0000] {processor.py:208} INFO - Processing /root/miniconda3/envs/project/lib/python3.8/site-packages/airflow/example_dags/example_dynamic_task_mapping.py took 0.111 seconds
[2024-10-08T09:13:59.733+0000] {processor.py:186} INFO - Started process (PID=222516) to work on /root/miniconda3/envs/project/lib/python3.8/site-packages/airflow/example_dags/example_dynamic_task_mapping.py
[2024-10-08T09:13:59.737+0000] {processor.py:914} INFO - Processing file /root/miniconda3/envs/project/lib/python3.8/site-packages/airflow/example_dags/example_dynamic_task_mapping.py for tasks to queue
[2024-10-08T09:13:59.740+0000] {logging_mixin.py:190} INFO - [2024-10-08T09:13:59.740+0000] {dagbag.py:588} INFO - Filling up the DagBag from /root/miniconda3/envs/project/lib/python3.8/site-packages/airflow/example_dags/example_dynamic_task_mapping.py
[2024-10-08T09:13:59.754+0000] {processor.py:925} INFO - DAG(s) 'example_dynamic_task_mapping' retrieved from /root/miniconda3/envs/project/lib/python3.8/site-packages/airflow/example_dags/example_dynamic_task_mapping.py
[2024-10-08T09:13:59.779+0000] {logging_mixin.py:190} INFO - [2024-10-08T09:13:59.779+0000] {dag.py:3239} INFO - Sync 1 DAGs
[2024-10-08T09:13:59.798+0000] {logging_mixin.py:190} INFO - [2024-10-08T09:13:59.798+0000] {dag.py:4180} INFO - Setting next_dagrun for example_dynamic_task_mapping to None, run_after=None
[2024-10-08T09:13:59.830+0000] {processor.py:208} INFO - Processing /root/miniconda3/envs/project/lib/python3.8/site-packages/airflow/example_dags/example_dynamic_task_mapping.py took 0.109 seconds
[2024-10-08T09:15:02.839+0000] {processor.py:186} INFO - Started process (PID=222782) to work on /root/miniconda3/envs/project/lib/python3.8/site-packages/airflow/example_dags/example_dynamic_task_mapping.py
[2024-10-08T09:15:02.841+0000] {processor.py:914} INFO - Processing file /root/miniconda3/envs/project/lib/python3.8/site-packages/airflow/example_dags/example_dynamic_task_mapping.py for tasks to queue
[2024-10-08T09:15:02.845+0000] {logging_mixin.py:190} INFO - [2024-10-08T09:15:02.844+0000] {dagbag.py:588} INFO - Filling up the DagBag from /root/miniconda3/envs/project/lib/python3.8/site-packages/airflow/example_dags/example_dynamic_task_mapping.py
[2024-10-08T09:15:02.857+0000] {processor.py:925} INFO - DAG(s) 'example_dynamic_task_mapping' retrieved from /root/miniconda3/envs/project/lib/python3.8/site-packages/airflow/example_dags/example_dynamic_task_mapping.py
[2024-10-08T09:15:02.881+0000] {logging_mixin.py:190} INFO - [2024-10-08T09:15:02.880+0000] {dag.py:3239} INFO - Sync 1 DAGs
[2024-10-08T09:15:02.899+0000] {logging_mixin.py:190} INFO - [2024-10-08T09:15:02.899+0000] {dag.py:4180} INFO - Setting next_dagrun for example_dynamic_task_mapping to None, run_after=None
[2024-10-08T09:15:02.929+0000] {processor.py:208} INFO - Processing /root/miniconda3/envs/project/lib/python3.8/site-packages/airflow/example_dags/example_dynamic_task_mapping.py took 0.101 seconds
[2024-10-08T09:16:18.724+0000] {processor.py:186} INFO - Started process (PID=223017) to work on /root/miniconda3/envs/project/lib/python3.8/site-packages/airflow/example_dags/example_dynamic_task_mapping.py
[2024-10-08T09:16:18.728+0000] {processor.py:914} INFO - Processing file /root/miniconda3/envs/project/lib/python3.8/site-packages/airflow/example_dags/example_dynamic_task_mapping.py for tasks to queue
[2024-10-08T09:16:18.731+0000] {logging_mixin.py:190} INFO - [2024-10-08T09:16:18.730+0000] {dagbag.py:588} INFO - Filling up the DagBag from /root/miniconda3/envs/project/lib/python3.8/site-packages/airflow/example_dags/example_dynamic_task_mapping.py
[2024-10-08T09:16:18.744+0000] {processor.py:925} INFO - DAG(s) 'example_dynamic_task_mapping' retrieved from /root/miniconda3/envs/project/lib/python3.8/site-packages/airflow/example_dags/example_dynamic_task_mapping.py
[2024-10-08T09:16:18.767+0000] {logging_mixin.py:190} INFO - [2024-10-08T09:16:18.767+0000] {dag.py:3239} INFO - Sync 1 DAGs
[2024-10-08T09:16:18.786+0000] {logging_mixin.py:190} INFO - [2024-10-08T09:16:18.786+0000] {dag.py:4180} INFO - Setting next_dagrun for example_dynamic_task_mapping to None, run_after=None
[2024-10-08T09:16:18.819+0000] {processor.py:208} INFO - Processing /root/miniconda3/envs/project/lib/python3.8/site-packages/airflow/example_dags/example_dynamic_task_mapping.py took 0.105 seconds
[2024-10-08T09:17:28.895+0000] {processor.py:186} INFO - Started process (PID=223248) to work on /root/miniconda3/envs/project/lib/python3.8/site-packages/airflow/example_dags/example_dynamic_task_mapping.py
[2024-10-08T09:17:28.898+0000] {processor.py:914} INFO - Processing file /root/miniconda3/envs/project/lib/python3.8/site-packages/airflow/example_dags/example_dynamic_task_mapping.py for tasks to queue
[2024-10-08T09:17:28.902+0000] {logging_mixin.py:190} INFO - [2024-10-08T09:17:28.901+0000] {dagbag.py:588} INFO - Filling up the DagBag from /root/miniconda3/envs/project/lib/python3.8/site-packages/airflow/example_dags/example_dynamic_task_mapping.py
[2024-10-08T09:17:28.915+0000] {processor.py:925} INFO - DAG(s) 'example_dynamic_task_mapping' retrieved from /root/miniconda3/envs/project/lib/python3.8/site-packages/airflow/example_dags/example_dynamic_task_mapping.py
[2024-10-08T09:17:28.938+0000] {logging_mixin.py:190} INFO - [2024-10-08T09:17:28.937+0000] {dag.py:3239} INFO - Sync 1 DAGs
[2024-10-08T09:17:28.956+0000] {logging_mixin.py:190} INFO - [2024-10-08T09:17:28.956+0000] {dag.py:4180} INFO - Setting next_dagrun for example_dynamic_task_mapping to None, run_after=None
[2024-10-08T09:17:28.994+0000] {processor.py:208} INFO - Processing /root/miniconda3/envs/project/lib/python3.8/site-packages/airflow/example_dags/example_dynamic_task_mapping.py took 0.110 seconds
[2024-10-08T09:18:38.102+0000] {processor.py:186} INFO - Started process (PID=223476) to work on /root/miniconda3/envs/project/lib/python3.8/site-packages/airflow/example_dags/example_dynamic_task_mapping.py
[2024-10-08T09:18:38.105+0000] {processor.py:914} INFO - Processing file /root/miniconda3/envs/project/lib/python3.8/site-packages/airflow/example_dags/example_dynamic_task_mapping.py for tasks to queue
[2024-10-08T09:18:38.111+0000] {logging_mixin.py:190} INFO - [2024-10-08T09:18:38.110+0000] {dagbag.py:588} INFO - Filling up the DagBag from /root/miniconda3/envs/project/lib/python3.8/site-packages/airflow/example_dags/example_dynamic_task_mapping.py
[2024-10-08T09:18:38.126+0000] {processor.py:925} INFO - DAG(s) 'example_dynamic_task_mapping' retrieved from /root/miniconda3/envs/project/lib/python3.8/site-packages/airflow/example_dags/example_dynamic_task_mapping.py
[2024-10-08T09:18:38.150+0000] {logging_mixin.py:190} INFO - [2024-10-08T09:18:38.150+0000] {dag.py:3239} INFO - Sync 1 DAGs
[2024-10-08T09:18:38.169+0000] {logging_mixin.py:190} INFO - [2024-10-08T09:18:38.169+0000] {dag.py:4180} INFO - Setting next_dagrun for example_dynamic_task_mapping to None, run_after=None
[2024-10-08T09:18:38.204+0000] {processor.py:208} INFO - Processing /root/miniconda3/envs/project/lib/python3.8/site-packages/airflow/example_dags/example_dynamic_task_mapping.py took 0.112 seconds
[2024-10-08T09:19:51.530+0000] {processor.py:186} INFO - Started process (PID=223832) to work on /root/miniconda3/envs/project/lib/python3.8/site-packages/airflow/example_dags/example_dynamic_task_mapping.py
[2024-10-08T09:19:51.533+0000] {processor.py:914} INFO - Processing file /root/miniconda3/envs/project/lib/python3.8/site-packages/airflow/example_dags/example_dynamic_task_mapping.py for tasks to queue
[2024-10-08T09:19:51.536+0000] {logging_mixin.py:190} INFO - [2024-10-08T09:19:51.536+0000] {dagbag.py:588} INFO - Filling up the DagBag from /root/miniconda3/envs/project/lib/python3.8/site-packages/airflow/example_dags/example_dynamic_task_mapping.py
[2024-10-08T09:19:51.550+0000] {processor.py:925} INFO - DAG(s) 'example_dynamic_task_mapping' retrieved from /root/miniconda3/envs/project/lib/python3.8/site-packages/airflow/example_dags/example_dynamic_task_mapping.py
[2024-10-08T09:19:51.574+0000] {logging_mixin.py:190} INFO - [2024-10-08T09:19:51.574+0000] {dag.py:3239} INFO - Sync 1 DAGs
[2024-10-08T09:19:51.592+0000] {logging_mixin.py:190} INFO - [2024-10-08T09:19:51.592+0000] {dag.py:4180} INFO - Setting next_dagrun for example_dynamic_task_mapping to None, run_after=None
[2024-10-08T09:19:51.631+0000] {processor.py:208} INFO - Processing /root/miniconda3/envs/project/lib/python3.8/site-packages/airflow/example_dags/example_dynamic_task_mapping.py took 0.112 seconds
[2024-10-08T09:21:03.309+0000] {processor.py:186} INFO - Started process (PID=224062) to work on /root/miniconda3/envs/project/lib/python3.8/site-packages/airflow/example_dags/example_dynamic_task_mapping.py
[2024-10-08T09:21:03.313+0000] {processor.py:914} INFO - Processing file /root/miniconda3/envs/project/lib/python3.8/site-packages/airflow/example_dags/example_dynamic_task_mapping.py for tasks to queue
[2024-10-08T09:21:03.318+0000] {logging_mixin.py:190} INFO - [2024-10-08T09:21:03.317+0000] {dagbag.py:588} INFO - Filling up the DagBag from /root/miniconda3/envs/project/lib/python3.8/site-packages/airflow/example_dags/example_dynamic_task_mapping.py
[2024-10-08T09:21:03.332+0000] {processor.py:925} INFO - DAG(s) 'example_dynamic_task_mapping' retrieved from /root/miniconda3/envs/project/lib/python3.8/site-packages/airflow/example_dags/example_dynamic_task_mapping.py
[2024-10-08T09:21:03.355+0000] {logging_mixin.py:190} INFO - [2024-10-08T09:21:03.355+0000] {dag.py:3239} INFO - Sync 1 DAGs
[2024-10-08T09:21:03.374+0000] {logging_mixin.py:190} INFO - [2024-10-08T09:21:03.374+0000] {dag.py:4180} INFO - Setting next_dagrun for example_dynamic_task_mapping to None, run_after=None
[2024-10-08T09:21:03.404+0000] {processor.py:208} INFO - Processing /root/miniconda3/envs/project/lib/python3.8/site-packages/airflow/example_dags/example_dynamic_task_mapping.py took 0.107 seconds
[2024-10-08T09:22:14.830+0000] {processor.py:186} INFO - Started process (PID=224289) to work on /root/miniconda3/envs/project/lib/python3.8/site-packages/airflow/example_dags/example_dynamic_task_mapping.py
[2024-10-08T09:22:14.833+0000] {processor.py:914} INFO - Processing file /root/miniconda3/envs/project/lib/python3.8/site-packages/airflow/example_dags/example_dynamic_task_mapping.py for tasks to queue
[2024-10-08T09:22:14.836+0000] {logging_mixin.py:190} INFO - [2024-10-08T09:22:14.836+0000] {dagbag.py:588} INFO - Filling up the DagBag from /root/miniconda3/envs/project/lib/python3.8/site-packages/airflow/example_dags/example_dynamic_task_mapping.py
[2024-10-08T09:22:14.849+0000] {processor.py:925} INFO - DAG(s) 'example_dynamic_task_mapping' retrieved from /root/miniconda3/envs/project/lib/python3.8/site-packages/airflow/example_dags/example_dynamic_task_mapping.py
[2024-10-08T09:22:14.873+0000] {logging_mixin.py:190} INFO - [2024-10-08T09:22:14.872+0000] {dag.py:3239} INFO - Sync 1 DAGs
[2024-10-08T09:22:14.891+0000] {logging_mixin.py:190} INFO - [2024-10-08T09:22:14.891+0000] {dag.py:4180} INFO - Setting next_dagrun for example_dynamic_task_mapping to None, run_after=None
[2024-10-08T09:22:14.926+0000] {processor.py:208} INFO - Processing /root/miniconda3/envs/project/lib/python3.8/site-packages/airflow/example_dags/example_dynamic_task_mapping.py took 0.108 seconds
[2024-10-08T09:23:22.527+0000] {processor.py:186} INFO - Started process (PID=224494) to work on /root/miniconda3/envs/project/lib/python3.8/site-packages/airflow/example_dags/example_dynamic_task_mapping.py
[2024-10-08T09:23:22.530+0000] {processor.py:914} INFO - Processing file /root/miniconda3/envs/project/lib/python3.8/site-packages/airflow/example_dags/example_dynamic_task_mapping.py for tasks to queue
[2024-10-08T09:23:22.533+0000] {logging_mixin.py:190} INFO - [2024-10-08T09:23:22.532+0000] {dagbag.py:588} INFO - Filling up the DagBag from /root/miniconda3/envs/project/lib/python3.8/site-packages/airflow/example_dags/example_dynamic_task_mapping.py
[2024-10-08T09:23:22.546+0000] {processor.py:925} INFO - DAG(s) 'example_dynamic_task_mapping' retrieved from /root/miniconda3/envs/project/lib/python3.8/site-packages/airflow/example_dags/example_dynamic_task_mapping.py
[2024-10-08T09:23:22.569+0000] {logging_mixin.py:190} INFO - [2024-10-08T09:23:22.569+0000] {dag.py:3239} INFO - Sync 1 DAGs
[2024-10-08T09:23:22.587+0000] {logging_mixin.py:190} INFO - [2024-10-08T09:23:22.587+0000] {dag.py:4180} INFO - Setting next_dagrun for example_dynamic_task_mapping to None, run_after=None
[2024-10-08T09:23:22.620+0000] {processor.py:208} INFO - Processing /root/miniconda3/envs/project/lib/python3.8/site-packages/airflow/example_dags/example_dynamic_task_mapping.py took 0.105 seconds
[2024-10-08T09:24:34.132+0000] {processor.py:186} INFO - Started process (PID=224932) to work on /root/miniconda3/envs/project/lib/python3.8/site-packages/airflow/example_dags/example_dynamic_task_mapping.py
[2024-10-08T09:24:34.136+0000] {processor.py:914} INFO - Processing file /root/miniconda3/envs/project/lib/python3.8/site-packages/airflow/example_dags/example_dynamic_task_mapping.py for tasks to queue
[2024-10-08T09:24:34.140+0000] {logging_mixin.py:190} INFO - [2024-10-08T09:24:34.139+0000] {dagbag.py:588} INFO - Filling up the DagBag from /root/miniconda3/envs/project/lib/python3.8/site-packages/airflow/example_dags/example_dynamic_task_mapping.py
[2024-10-08T09:24:34.153+0000] {processor.py:925} INFO - DAG(s) 'example_dynamic_task_mapping' retrieved from /root/miniconda3/envs/project/lib/python3.8/site-packages/airflow/example_dags/example_dynamic_task_mapping.py
[2024-10-08T09:24:34.177+0000] {logging_mixin.py:190} INFO - [2024-10-08T09:24:34.177+0000] {dag.py:3239} INFO - Sync 1 DAGs
[2024-10-08T09:24:34.196+0000] {logging_mixin.py:190} INFO - [2024-10-08T09:24:34.195+0000] {dag.py:4180} INFO - Setting next_dagrun for example_dynamic_task_mapping to None, run_after=None
[2024-10-08T09:24:34.229+0000] {processor.py:208} INFO - Processing /root/miniconda3/envs/project/lib/python3.8/site-packages/airflow/example_dags/example_dynamic_task_mapping.py took 0.108 seconds
[2024-10-08T09:25:44.533+0000] {processor.py:186} INFO - Started process (PID=225475) to work on /root/miniconda3/envs/project/lib/python3.8/site-packages/airflow/example_dags/example_dynamic_task_mapping.py
[2024-10-08T09:25:44.536+0000] {processor.py:914} INFO - Processing file /root/miniconda3/envs/project/lib/python3.8/site-packages/airflow/example_dags/example_dynamic_task_mapping.py for tasks to queue
[2024-10-08T09:25:44.542+0000] {logging_mixin.py:190} INFO - [2024-10-08T09:25:44.541+0000] {dagbag.py:588} INFO - Filling up the DagBag from /root/miniconda3/envs/project/lib/python3.8/site-packages/airflow/example_dags/example_dynamic_task_mapping.py
[2024-10-08T09:25:44.556+0000] {processor.py:925} INFO - DAG(s) 'example_dynamic_task_mapping' retrieved from /root/miniconda3/envs/project/lib/python3.8/site-packages/airflow/example_dags/example_dynamic_task_mapping.py
[2024-10-08T09:25:44.581+0000] {logging_mixin.py:190} INFO - [2024-10-08T09:25:44.581+0000] {dag.py:3239} INFO - Sync 1 DAGs
[2024-10-08T09:25:44.600+0000] {logging_mixin.py:190} INFO - [2024-10-08T09:25:44.599+0000] {dag.py:4180} INFO - Setting next_dagrun for example_dynamic_task_mapping to None, run_after=None
[2024-10-08T09:25:44.634+0000] {processor.py:208} INFO - Processing /root/miniconda3/envs/project/lib/python3.8/site-packages/airflow/example_dags/example_dynamic_task_mapping.py took 0.114 seconds
[2024-10-08T09:26:55.606+0000] {processor.py:186} INFO - Started process (PID=225975) to work on /root/miniconda3/envs/project/lib/python3.8/site-packages/airflow/example_dags/example_dynamic_task_mapping.py
[2024-10-08T09:26:55.609+0000] {processor.py:914} INFO - Processing file /root/miniconda3/envs/project/lib/python3.8/site-packages/airflow/example_dags/example_dynamic_task_mapping.py for tasks to queue
[2024-10-08T09:26:55.613+0000] {logging_mixin.py:190} INFO - [2024-10-08T09:26:55.612+0000] {dagbag.py:588} INFO - Filling up the DagBag from /root/miniconda3/envs/project/lib/python3.8/site-packages/airflow/example_dags/example_dynamic_task_mapping.py
[2024-10-08T09:26:55.626+0000] {processor.py:925} INFO - DAG(s) 'example_dynamic_task_mapping' retrieved from /root/miniconda3/envs/project/lib/python3.8/site-packages/airflow/example_dags/example_dynamic_task_mapping.py
[2024-10-08T09:26:55.649+0000] {logging_mixin.py:190} INFO - [2024-10-08T09:26:55.649+0000] {dag.py:3239} INFO - Sync 1 DAGs
[2024-10-08T09:26:55.667+0000] {logging_mixin.py:190} INFO - [2024-10-08T09:26:55.667+0000] {dag.py:4180} INFO - Setting next_dagrun for example_dynamic_task_mapping to None, run_after=None
[2024-10-08T09:26:55.700+0000] {processor.py:208} INFO - Processing /root/miniconda3/envs/project/lib/python3.8/site-packages/airflow/example_dags/example_dynamic_task_mapping.py took 0.106 seconds
[2024-10-08T09:28:07.060+0000] {processor.py:186} INFO - Started process (PID=226456) to work on /root/miniconda3/envs/project/lib/python3.8/site-packages/airflow/example_dags/example_dynamic_task_mapping.py
[2024-10-08T09:28:07.063+0000] {processor.py:914} INFO - Processing file /root/miniconda3/envs/project/lib/python3.8/site-packages/airflow/example_dags/example_dynamic_task_mapping.py for tasks to queue
[2024-10-08T09:28:07.067+0000] {logging_mixin.py:190} INFO - [2024-10-08T09:28:07.066+0000] {dagbag.py:588} INFO - Filling up the DagBag from /root/miniconda3/envs/project/lib/python3.8/site-packages/airflow/example_dags/example_dynamic_task_mapping.py
[2024-10-08T09:28:07.080+0000] {processor.py:925} INFO - DAG(s) 'example_dynamic_task_mapping' retrieved from /root/miniconda3/envs/project/lib/python3.8/site-packages/airflow/example_dags/example_dynamic_task_mapping.py
[2024-10-08T09:28:07.103+0000] {logging_mixin.py:190} INFO - [2024-10-08T09:28:07.103+0000] {dag.py:3239} INFO - Sync 1 DAGs
[2024-10-08T09:28:07.123+0000] {logging_mixin.py:190} INFO - [2024-10-08T09:28:07.122+0000] {dag.py:4180} INFO - Setting next_dagrun for example_dynamic_task_mapping to None, run_after=None
[2024-10-08T09:28:07.158+0000] {processor.py:208} INFO - Processing /root/miniconda3/envs/project/lib/python3.8/site-packages/airflow/example_dags/example_dynamic_task_mapping.py took 0.109 seconds
[2024-10-08T09:29:22.154+0000] {processor.py:186} INFO - Started process (PID=226981) to work on /root/miniconda3/envs/project/lib/python3.8/site-packages/airflow/example_dags/example_dynamic_task_mapping.py
[2024-10-08T09:29:22.157+0000] {processor.py:914} INFO - Processing file /root/miniconda3/envs/project/lib/python3.8/site-packages/airflow/example_dags/example_dynamic_task_mapping.py for tasks to queue
[2024-10-08T09:29:22.160+0000] {logging_mixin.py:190} INFO - [2024-10-08T09:29:22.160+0000] {dagbag.py:588} INFO - Filling up the DagBag from /root/miniconda3/envs/project/lib/python3.8/site-packages/airflow/example_dags/example_dynamic_task_mapping.py
[2024-10-08T09:29:22.173+0000] {processor.py:925} INFO - DAG(s) 'example_dynamic_task_mapping' retrieved from /root/miniconda3/envs/project/lib/python3.8/site-packages/airflow/example_dags/example_dynamic_task_mapping.py
[2024-10-08T09:29:22.323+0000] {logging_mixin.py:190} INFO - [2024-10-08T09:29:22.322+0000] {dag.py:3239} INFO - Sync 1 DAGs
[2024-10-08T09:29:22.338+0000] {logging_mixin.py:190} INFO - [2024-10-08T09:29:22.338+0000] {dag.py:4180} INFO - Setting next_dagrun for example_dynamic_task_mapping to None, run_after=None
[2024-10-08T09:29:22.370+0000] {processor.py:208} INFO - Processing /root/miniconda3/envs/project/lib/python3.8/site-packages/airflow/example_dags/example_dynamic_task_mapping.py took 0.226 seconds
[2024-10-08T09:30:47.630+0000] {processor.py:186} INFO - Started process (PID=227983) to work on /root/miniconda3/envs/project/lib/python3.8/site-packages/airflow/example_dags/example_dynamic_task_mapping.py
[2024-10-08T09:30:47.632+0000] {processor.py:914} INFO - Processing file /root/miniconda3/envs/project/lib/python3.8/site-packages/airflow/example_dags/example_dynamic_task_mapping.py for tasks to queue
[2024-10-08T09:30:47.636+0000] {logging_mixin.py:190} INFO - [2024-10-08T09:30:47.635+0000] {dagbag.py:588} INFO - Filling up the DagBag from /root/miniconda3/envs/project/lib/python3.8/site-packages/airflow/example_dags/example_dynamic_task_mapping.py
[2024-10-08T09:30:47.648+0000] {processor.py:925} INFO - DAG(s) 'example_dynamic_task_mapping' retrieved from /root/miniconda3/envs/project/lib/python3.8/site-packages/airflow/example_dags/example_dynamic_task_mapping.py
[2024-10-08T09:30:47.784+0000] {logging_mixin.py:190} INFO - [2024-10-08T09:30:47.784+0000] {dag.py:3239} INFO - Sync 1 DAGs
[2024-10-08T09:30:47.799+0000] {logging_mixin.py:190} INFO - [2024-10-08T09:30:47.799+0000] {dag.py:4180} INFO - Setting next_dagrun for example_dynamic_task_mapping to None, run_after=None
[2024-10-08T09:30:47.832+0000] {processor.py:208} INFO - Processing /root/miniconda3/envs/project/lib/python3.8/site-packages/airflow/example_dags/example_dynamic_task_mapping.py took 0.213 seconds
[2024-10-08T09:32:16.094+0000] {processor.py:186} INFO - Started process (PID=229022) to work on /root/miniconda3/envs/project/lib/python3.8/site-packages/airflow/example_dags/example_dynamic_task_mapping.py
[2024-10-08T09:32:16.097+0000] {processor.py:914} INFO - Processing file /root/miniconda3/envs/project/lib/python3.8/site-packages/airflow/example_dags/example_dynamic_task_mapping.py for tasks to queue
[2024-10-08T09:32:16.101+0000] {logging_mixin.py:190} INFO - [2024-10-08T09:32:16.100+0000] {dagbag.py:588} INFO - Filling up the DagBag from /root/miniconda3/envs/project/lib/python3.8/site-packages/airflow/example_dags/example_dynamic_task_mapping.py
[2024-10-08T09:32:16.113+0000] {processor.py:925} INFO - DAG(s) 'example_dynamic_task_mapping' retrieved from /root/miniconda3/envs/project/lib/python3.8/site-packages/airflow/example_dags/example_dynamic_task_mapping.py
[2024-10-08T09:32:16.136+0000] {logging_mixin.py:190} INFO - [2024-10-08T09:32:16.136+0000] {dag.py:3239} INFO - Sync 1 DAGs
[2024-10-08T09:32:16.154+0000] {logging_mixin.py:190} INFO - [2024-10-08T09:32:16.154+0000] {dag.py:4180} INFO - Setting next_dagrun for example_dynamic_task_mapping to None, run_after=None
[2024-10-08T09:32:16.186+0000] {processor.py:208} INFO - Processing /root/miniconda3/envs/project/lib/python3.8/site-packages/airflow/example_dags/example_dynamic_task_mapping.py took 0.103 seconds
[2024-10-08T09:33:28.776+0000] {processor.py:186} INFO - Started process (PID=229365) to work on /root/miniconda3/envs/project/lib/python3.8/site-packages/airflow/example_dags/example_dynamic_task_mapping.py
[2024-10-08T09:33:28.779+0000] {processor.py:914} INFO - Processing file /root/miniconda3/envs/project/lib/python3.8/site-packages/airflow/example_dags/example_dynamic_task_mapping.py for tasks to queue
[2024-10-08T09:33:28.782+0000] {logging_mixin.py:190} INFO - [2024-10-08T09:33:28.782+0000] {dagbag.py:588} INFO - Filling up the DagBag from /root/miniconda3/envs/project/lib/python3.8/site-packages/airflow/example_dags/example_dynamic_task_mapping.py
[2024-10-08T09:33:28.794+0000] {processor.py:925} INFO - DAG(s) 'example_dynamic_task_mapping' retrieved from /root/miniconda3/envs/project/lib/python3.8/site-packages/airflow/example_dags/example_dynamic_task_mapping.py
[2024-10-08T09:33:28.816+0000] {logging_mixin.py:190} INFO - [2024-10-08T09:33:28.816+0000] {dag.py:3239} INFO - Sync 1 DAGs
[2024-10-08T09:33:28.834+0000] {logging_mixin.py:190} INFO - [2024-10-08T09:33:28.834+0000] {dag.py:4180} INFO - Setting next_dagrun for example_dynamic_task_mapping to None, run_after=None
[2024-10-08T09:33:28.862+0000] {processor.py:208} INFO - Processing /root/miniconda3/envs/project/lib/python3.8/site-packages/airflow/example_dags/example_dynamic_task_mapping.py took 0.108 seconds
