[2024-10-08T07:57:33.704+0000] {processor.py:186} INFO - Started process (PID=207120) to work on /root/miniconda3/envs/project/lib/python3.8/site-packages/airflow/example_dags/example_sla_dag.py
[2024-10-08T07:57:33.705+0000] {processor.py:914} INFO - Processing file /root/miniconda3/envs/project/lib/python3.8/site-packages/airflow/example_dags/example_sla_dag.py for tasks to queue
[2024-10-08T07:57:33.709+0000] {logging_mixin.py:190} INFO - [2024-10-08T07:57:33.708+0000] {dagbag.py:588} INFO - Filling up the DagBag from /root/miniconda3/envs/project/lib/python3.8/site-packages/airflow/example_dags/example_sla_dag.py
[2024-10-08T07:57:33.727+0000] {processor.py:925} INFO - DAG(s) 'example_sla_dag' retrieved from /root/miniconda3/envs/project/lib/python3.8/site-packages/airflow/example_dags/example_sla_dag.py
[2024-10-08T07:57:33.881+0000] {logging_mixin.py:190} INFO - [2024-10-08T07:57:33.880+0000] {override.py:1901} INFO - Created Permission View: can delete on DAG:example_sla_dag
[2024-10-08T07:57:33.902+0000] {logging_mixin.py:190} INFO - [2024-10-08T07:57:33.901+0000] {override.py:1901} INFO - Created Permission View: can read on DAG:example_sla_dag
[2024-10-08T07:57:33.918+0000] {logging_mixin.py:190} INFO - [2024-10-08T07:57:33.917+0000] {override.py:1901} INFO - Created Permission View: can edit on DAG:example_sla_dag
[2024-10-08T07:57:33.947+0000] {logging_mixin.py:190} INFO - [2024-10-08T07:57:33.947+0000] {override.py:1901} INFO - Created Permission View: can delete on DAG Run:example_sla_dag
[2024-10-08T07:57:33.965+0000] {logging_mixin.py:190} INFO - [2024-10-08T07:57:33.965+0000] {override.py:1901} INFO - Created Permission View: menu access on DAG Run:example_sla_dag
[2024-10-08T07:57:33.978+0000] {logging_mixin.py:190} INFO - [2024-10-08T07:57:33.978+0000] {override.py:1901} INFO - Created Permission View: can create on DAG Run:example_sla_dag
[2024-10-08T07:57:33.992+0000] {logging_mixin.py:190} INFO - [2024-10-08T07:57:33.992+0000] {override.py:1901} INFO - Created Permission View: can read on DAG Run:example_sla_dag
[2024-10-08T07:57:33.993+0000] {logging_mixin.py:190} INFO - [2024-10-08T07:57:33.993+0000] {dag.py:3239} INFO - Sync 1 DAGs
[2024-10-08T07:57:34.011+0000] {logging_mixin.py:190} INFO - [2024-10-08T07:57:34.011+0000] {dag.py:3262} INFO - Creating ORM DAG for example_sla_dag
[2024-10-08T07:57:34.026+0000] {logging_mixin.py:190} INFO - [2024-10-08T07:57:34.026+0000] {dag.py:4180} INFO - Setting next_dagrun for example_sla_dag to 2024-10-08 07:54:00+00:00, run_after=2024-10-08 07:56:00+00:00
[2024-10-08T07:57:34.054+0000] {processor.py:208} INFO - Processing /root/miniconda3/envs/project/lib/python3.8/site-packages/airflow/example_dags/example_sla_dag.py took 0.361 seconds
[2024-10-08T07:58:46.114+0000] {processor.py:186} INFO - Started process (PID=207322) to work on /root/miniconda3/envs/project/lib/python3.8/site-packages/airflow/example_dags/example_sla_dag.py
[2024-10-08T07:58:46.116+0000] {processor.py:914} INFO - Processing file /root/miniconda3/envs/project/lib/python3.8/site-packages/airflow/example_dags/example_sla_dag.py for tasks to queue
[2024-10-08T07:58:46.120+0000] {logging_mixin.py:190} INFO - [2024-10-08T07:58:46.119+0000] {dagbag.py:588} INFO - Filling up the DagBag from /root/miniconda3/envs/project/lib/python3.8/site-packages/airflow/example_dags/example_sla_dag.py
[2024-10-08T07:58:46.136+0000] {processor.py:925} INFO - DAG(s) 'example_sla_dag' retrieved from /root/miniconda3/envs/project/lib/python3.8/site-packages/airflow/example_dags/example_sla_dag.py
[2024-10-08T07:58:46.159+0000] {logging_mixin.py:190} INFO - [2024-10-08T07:58:46.159+0000] {dag.py:3239} INFO - Sync 1 DAGs
[2024-10-08T07:58:46.193+0000] {logging_mixin.py:190} INFO - [2024-10-08T07:58:46.192+0000] {dag.py:4180} INFO - Setting next_dagrun for example_sla_dag to 2024-10-08 07:56:00+00:00, run_after=2024-10-08 07:58:00+00:00
[2024-10-08T07:58:46.226+0000] {processor.py:208} INFO - Processing /root/miniconda3/envs/project/lib/python3.8/site-packages/airflow/example_dags/example_sla_dag.py took 0.123 seconds
[2024-10-08T07:59:58.906+0000] {processor.py:186} INFO - Started process (PID=207628) to work on /root/miniconda3/envs/project/lib/python3.8/site-packages/airflow/example_dags/example_sla_dag.py
[2024-10-08T07:59:58.908+0000] {processor.py:914} INFO - Processing file /root/miniconda3/envs/project/lib/python3.8/site-packages/airflow/example_dags/example_sla_dag.py for tasks to queue
[2024-10-08T07:59:58.911+0000] {logging_mixin.py:190} INFO - [2024-10-08T07:59:58.911+0000] {dagbag.py:588} INFO - Filling up the DagBag from /root/miniconda3/envs/project/lib/python3.8/site-packages/airflow/example_dags/example_sla_dag.py
[2024-10-08T07:59:58.927+0000] {processor.py:925} INFO - DAG(s) 'example_sla_dag' retrieved from /root/miniconda3/envs/project/lib/python3.8/site-packages/airflow/example_dags/example_sla_dag.py
[2024-10-08T07:59:58.950+0000] {logging_mixin.py:190} INFO - [2024-10-08T07:59:58.950+0000] {dag.py:3239} INFO - Sync 1 DAGs
[2024-10-08T07:59:58.985+0000] {logging_mixin.py:190} INFO - [2024-10-08T07:59:58.985+0000] {dag.py:4180} INFO - Setting next_dagrun for example_sla_dag to 2024-10-08 07:56:00+00:00, run_after=2024-10-08 07:58:00+00:00
[2024-10-08T07:59:59.017+0000] {processor.py:208} INFO - Processing /root/miniconda3/envs/project/lib/python3.8/site-packages/airflow/example_dags/example_sla_dag.py took 0.123 seconds
[2024-10-08T08:01:08.924+0000] {processor.py:186} INFO - Started process (PID=207970) to work on /root/miniconda3/envs/project/lib/python3.8/site-packages/airflow/example_dags/example_sla_dag.py
[2024-10-08T08:01:08.926+0000] {processor.py:914} INFO - Processing file /root/miniconda3/envs/project/lib/python3.8/site-packages/airflow/example_dags/example_sla_dag.py for tasks to queue
[2024-10-08T08:01:08.930+0000] {logging_mixin.py:190} INFO - [2024-10-08T08:01:08.929+0000] {dagbag.py:588} INFO - Filling up the DagBag from /root/miniconda3/envs/project/lib/python3.8/site-packages/airflow/example_dags/example_sla_dag.py
[2024-10-08T08:01:08.945+0000] {processor.py:925} INFO - DAG(s) 'example_sla_dag' retrieved from /root/miniconda3/envs/project/lib/python3.8/site-packages/airflow/example_dags/example_sla_dag.py
[2024-10-08T08:01:08.969+0000] {logging_mixin.py:190} INFO - [2024-10-08T08:01:08.968+0000] {dag.py:3239} INFO - Sync 1 DAGs
[2024-10-08T08:01:09.002+0000] {logging_mixin.py:190} INFO - [2024-10-08T08:01:09.001+0000] {dag.py:4180} INFO - Setting next_dagrun for example_sla_dag to 2024-10-08 07:58:00+00:00, run_after=2024-10-08 08:00:00+00:00
[2024-10-08T08:01:09.035+0000] {processor.py:208} INFO - Processing /root/miniconda3/envs/project/lib/python3.8/site-packages/airflow/example_dags/example_sla_dag.py took 0.121 seconds
[2024-10-08T08:02:23.162+0000] {processor.py:186} INFO - Started process (PID=208227) to work on /root/miniconda3/envs/project/lib/python3.8/site-packages/airflow/example_dags/example_sla_dag.py
[2024-10-08T08:02:23.165+0000] {processor.py:914} INFO - Processing file /root/miniconda3/envs/project/lib/python3.8/site-packages/airflow/example_dags/example_sla_dag.py for tasks to queue
[2024-10-08T08:02:23.169+0000] {logging_mixin.py:190} INFO - [2024-10-08T08:02:23.168+0000] {dagbag.py:588} INFO - Filling up the DagBag from /root/miniconda3/envs/project/lib/python3.8/site-packages/airflow/example_dags/example_sla_dag.py
[2024-10-08T08:02:23.185+0000] {processor.py:925} INFO - DAG(s) 'example_sla_dag' retrieved from /root/miniconda3/envs/project/lib/python3.8/site-packages/airflow/example_dags/example_sla_dag.py
[2024-10-08T08:02:23.209+0000] {logging_mixin.py:190} INFO - [2024-10-08T08:02:23.208+0000] {dag.py:3239} INFO - Sync 1 DAGs
[2024-10-08T08:02:23.241+0000] {logging_mixin.py:190} INFO - [2024-10-08T08:02:23.241+0000] {dag.py:4180} INFO - Setting next_dagrun for example_sla_dag to 2024-10-08 08:00:00+00:00, run_after=2024-10-08 08:02:00+00:00
[2024-10-08T08:02:23.275+0000] {processor.py:208} INFO - Processing /root/miniconda3/envs/project/lib/python3.8/site-packages/airflow/example_dags/example_sla_dag.py took 0.125 seconds
[2024-10-08T08:03:33.130+0000] {processor.py:186} INFO - Started process (PID=208432) to work on /root/miniconda3/envs/project/lib/python3.8/site-packages/airflow/example_dags/example_sla_dag.py
[2024-10-08T08:03:33.133+0000] {processor.py:914} INFO - Processing file /root/miniconda3/envs/project/lib/python3.8/site-packages/airflow/example_dags/example_sla_dag.py for tasks to queue
[2024-10-08T08:03:33.137+0000] {logging_mixin.py:190} INFO - [2024-10-08T08:03:33.136+0000] {dagbag.py:588} INFO - Filling up the DagBag from /root/miniconda3/envs/project/lib/python3.8/site-packages/airflow/example_dags/example_sla_dag.py
[2024-10-08T08:03:33.154+0000] {processor.py:925} INFO - DAG(s) 'example_sla_dag' retrieved from /root/miniconda3/envs/project/lib/python3.8/site-packages/airflow/example_dags/example_sla_dag.py
[2024-10-08T08:03:33.177+0000] {logging_mixin.py:190} INFO - [2024-10-08T08:03:33.176+0000] {dag.py:3239} INFO - Sync 1 DAGs
[2024-10-08T08:03:33.210+0000] {logging_mixin.py:190} INFO - [2024-10-08T08:03:33.210+0000] {dag.py:4180} INFO - Setting next_dagrun for example_sla_dag to 2024-10-08 08:00:00+00:00, run_after=2024-10-08 08:02:00+00:00
[2024-10-08T08:03:33.242+0000] {processor.py:208} INFO - Processing /root/miniconda3/envs/project/lib/python3.8/site-packages/airflow/example_dags/example_sla_dag.py took 0.124 seconds
[2024-10-08T08:04:41.546+0000] {processor.py:186} INFO - Started process (PID=208637) to work on /root/miniconda3/envs/project/lib/python3.8/site-packages/airflow/example_dags/example_sla_dag.py
[2024-10-08T08:04:41.549+0000] {processor.py:914} INFO - Processing file /root/miniconda3/envs/project/lib/python3.8/site-packages/airflow/example_dags/example_sla_dag.py for tasks to queue
[2024-10-08T08:04:41.552+0000] {logging_mixin.py:190} INFO - [2024-10-08T08:04:41.552+0000] {dagbag.py:588} INFO - Filling up the DagBag from /root/miniconda3/envs/project/lib/python3.8/site-packages/airflow/example_dags/example_sla_dag.py
[2024-10-08T08:04:41.568+0000] {processor.py:925} INFO - DAG(s) 'example_sla_dag' retrieved from /root/miniconda3/envs/project/lib/python3.8/site-packages/airflow/example_dags/example_sla_dag.py
[2024-10-08T08:04:41.591+0000] {logging_mixin.py:190} INFO - [2024-10-08T08:04:41.591+0000] {dag.py:3239} INFO - Sync 1 DAGs
[2024-10-08T08:04:41.625+0000] {logging_mixin.py:190} INFO - [2024-10-08T08:04:41.624+0000] {dag.py:4180} INFO - Setting next_dagrun for example_sla_dag to 2024-10-08 08:02:00+00:00, run_after=2024-10-08 08:04:00+00:00
[2024-10-08T08:04:41.659+0000] {processor.py:208} INFO - Processing /root/miniconda3/envs/project/lib/python3.8/site-packages/airflow/example_dags/example_sla_dag.py took 0.122 seconds
[2024-10-08T08:05:42.633+0000] {processor.py:186} INFO - Started process (PID=208819) to work on /root/miniconda3/envs/project/lib/python3.8/site-packages/airflow/example_dags/example_sla_dag.py
[2024-10-08T08:05:42.636+0000] {processor.py:914} INFO - Processing file /root/miniconda3/envs/project/lib/python3.8/site-packages/airflow/example_dags/example_sla_dag.py for tasks to queue
[2024-10-08T08:05:42.639+0000] {logging_mixin.py:190} INFO - [2024-10-08T08:05:42.638+0000] {dagbag.py:588} INFO - Filling up the DagBag from /root/miniconda3/envs/project/lib/python3.8/site-packages/airflow/example_dags/example_sla_dag.py
[2024-10-08T08:05:42.656+0000] {processor.py:925} INFO - DAG(s) 'example_sla_dag' retrieved from /root/miniconda3/envs/project/lib/python3.8/site-packages/airflow/example_dags/example_sla_dag.py
[2024-10-08T08:05:42.679+0000] {logging_mixin.py:190} INFO - [2024-10-08T08:05:42.679+0000] {dag.py:3239} INFO - Sync 1 DAGs
[2024-10-08T08:05:42.711+0000] {logging_mixin.py:190} INFO - [2024-10-08T08:05:42.711+0000] {dag.py:4180} INFO - Setting next_dagrun for example_sla_dag to 2024-10-08 08:02:00+00:00, run_after=2024-10-08 08:04:00+00:00
[2024-10-08T08:05:42.741+0000] {processor.py:208} INFO - Processing /root/miniconda3/envs/project/lib/python3.8/site-packages/airflow/example_dags/example_sla_dag.py took 0.122 seconds
[2024-10-08T08:06:43.835+0000] {processor.py:186} INFO - Started process (PID=208999) to work on /root/miniconda3/envs/project/lib/python3.8/site-packages/airflow/example_dags/example_sla_dag.py
[2024-10-08T08:06:43.839+0000] {processor.py:914} INFO - Processing file /root/miniconda3/envs/project/lib/python3.8/site-packages/airflow/example_dags/example_sla_dag.py for tasks to queue
[2024-10-08T08:06:43.844+0000] {logging_mixin.py:190} INFO - [2024-10-08T08:06:43.843+0000] {dagbag.py:588} INFO - Filling up the DagBag from /root/miniconda3/envs/project/lib/python3.8/site-packages/airflow/example_dags/example_sla_dag.py
[2024-10-08T08:06:43.862+0000] {processor.py:925} INFO - DAG(s) 'example_sla_dag' retrieved from /root/miniconda3/envs/project/lib/python3.8/site-packages/airflow/example_dags/example_sla_dag.py
[2024-10-08T08:06:43.886+0000] {logging_mixin.py:190} INFO - [2024-10-08T08:06:43.886+0000] {dag.py:3239} INFO - Sync 1 DAGs
[2024-10-08T08:06:43.919+0000] {logging_mixin.py:190} INFO - [2024-10-08T08:06:43.919+0000] {dag.py:4180} INFO - Setting next_dagrun for example_sla_dag to 2024-10-08 08:04:00+00:00, run_after=2024-10-08 08:06:00+00:00
[2024-10-08T08:06:43.951+0000] {processor.py:208} INFO - Processing /root/miniconda3/envs/project/lib/python3.8/site-packages/airflow/example_dags/example_sla_dag.py took 0.128 seconds
[2024-10-08T08:07:54.082+0000] {processor.py:186} INFO - Started process (PID=209248) to work on /root/miniconda3/envs/project/lib/python3.8/site-packages/airflow/example_dags/example_sla_dag.py
[2024-10-08T08:07:54.085+0000] {processor.py:914} INFO - Processing file /root/miniconda3/envs/project/lib/python3.8/site-packages/airflow/example_dags/example_sla_dag.py for tasks to queue
[2024-10-08T08:07:54.089+0000] {logging_mixin.py:190} INFO - [2024-10-08T08:07:54.088+0000] {dagbag.py:588} INFO - Filling up the DagBag from /root/miniconda3/envs/project/lib/python3.8/site-packages/airflow/example_dags/example_sla_dag.py
[2024-10-08T08:07:54.106+0000] {processor.py:925} INFO - DAG(s) 'example_sla_dag' retrieved from /root/miniconda3/envs/project/lib/python3.8/site-packages/airflow/example_dags/example_sla_dag.py
[2024-10-08T08:07:54.129+0000] {logging_mixin.py:190} INFO - [2024-10-08T08:07:54.129+0000] {dag.py:3239} INFO - Sync 1 DAGs
[2024-10-08T08:07:54.162+0000] {logging_mixin.py:190} INFO - [2024-10-08T08:07:54.162+0000] {dag.py:4180} INFO - Setting next_dagrun for example_sla_dag to 2024-10-08 08:04:00+00:00, run_after=2024-10-08 08:06:00+00:00
[2024-10-08T08:07:54.195+0000] {processor.py:208} INFO - Processing /root/miniconda3/envs/project/lib/python3.8/site-packages/airflow/example_dags/example_sla_dag.py took 0.125 seconds
[2024-10-08T08:10:03.695+0000] {processor.py:186} INFO - Started process (PID=210078) to work on /root/miniconda3/envs/project/lib/python3.8/site-packages/airflow/example_dags/example_sla_dag.py
[2024-10-08T08:10:03.698+0000] {processor.py:914} INFO - Processing file /root/miniconda3/envs/project/lib/python3.8/site-packages/airflow/example_dags/example_sla_dag.py for tasks to queue
[2024-10-08T08:10:03.702+0000] {logging_mixin.py:190} INFO - [2024-10-08T08:10:03.701+0000] {dagbag.py:588} INFO - Filling up the DagBag from /root/miniconda3/envs/project/lib/python3.8/site-packages/airflow/example_dags/example_sla_dag.py
[2024-10-08T08:10:03.718+0000] {processor.py:925} INFO - DAG(s) 'example_sla_dag' retrieved from /root/miniconda3/envs/project/lib/python3.8/site-packages/airflow/example_dags/example_sla_dag.py
[2024-10-08T08:10:03.744+0000] {logging_mixin.py:190} INFO - [2024-10-08T08:10:03.744+0000] {dag.py:3239} INFO - Sync 1 DAGs
[2024-10-08T08:10:03.777+0000] {logging_mixin.py:190} INFO - [2024-10-08T08:10:03.777+0000] {dag.py:4180} INFO - Setting next_dagrun for example_sla_dag to 2024-10-08 08:08:00+00:00, run_after=2024-10-08 08:10:00+00:00
[2024-10-08T08:10:03.809+0000] {processor.py:208} INFO - Processing /root/miniconda3/envs/project/lib/python3.8/site-packages/airflow/example_dags/example_sla_dag.py took 0.126 seconds
[2024-10-08T08:13:06.134+0000] {processor.py:186} INFO - Started process (PID=211076) to work on /root/miniconda3/envs/project/lib/python3.8/site-packages/airflow/example_dags/example_sla_dag.py
[2024-10-08T08:13:06.137+0000] {processor.py:914} INFO - Processing file /root/miniconda3/envs/project/lib/python3.8/site-packages/airflow/example_dags/example_sla_dag.py for tasks to queue
[2024-10-08T08:13:06.141+0000] {logging_mixin.py:190} INFO - [2024-10-08T08:13:06.140+0000] {dagbag.py:588} INFO - Filling up the DagBag from /root/miniconda3/envs/project/lib/python3.8/site-packages/airflow/example_dags/example_sla_dag.py
[2024-10-08T08:13:06.157+0000] {processor.py:925} INFO - DAG(s) 'example_sla_dag' retrieved from /root/miniconda3/envs/project/lib/python3.8/site-packages/airflow/example_dags/example_sla_dag.py
[2024-10-08T08:13:06.183+0000] {logging_mixin.py:190} INFO - [2024-10-08T08:13:06.183+0000] {dag.py:3239} INFO - Sync 1 DAGs
[2024-10-08T08:13:06.217+0000] {logging_mixin.py:190} INFO - [2024-10-08T08:13:06.217+0000] {dag.py:4180} INFO - Setting next_dagrun for example_sla_dag to 2024-10-08 08:10:00+00:00, run_after=2024-10-08 08:12:00+00:00
[2024-10-08T08:13:06.247+0000] {processor.py:208} INFO - Processing /root/miniconda3/envs/project/lib/python3.8/site-packages/airflow/example_dags/example_sla_dag.py took 0.124 seconds
[2024-10-08T08:14:11.135+0000] {processor.py:186} INFO - Started process (PID=211275) to work on /root/miniconda3/envs/project/lib/python3.8/site-packages/airflow/example_dags/example_sla_dag.py
[2024-10-08T08:14:11.137+0000] {processor.py:914} INFO - Processing file /root/miniconda3/envs/project/lib/python3.8/site-packages/airflow/example_dags/example_sla_dag.py for tasks to queue
[2024-10-08T08:14:11.140+0000] {logging_mixin.py:190} INFO - [2024-10-08T08:14:11.140+0000] {dagbag.py:588} INFO - Filling up the DagBag from /root/miniconda3/envs/project/lib/python3.8/site-packages/airflow/example_dags/example_sla_dag.py
[2024-10-08T08:14:11.158+0000] {processor.py:925} INFO - DAG(s) 'example_sla_dag' retrieved from /root/miniconda3/envs/project/lib/python3.8/site-packages/airflow/example_dags/example_sla_dag.py
[2024-10-08T08:14:11.181+0000] {logging_mixin.py:190} INFO - [2024-10-08T08:14:11.181+0000] {dag.py:3239} INFO - Sync 1 DAGs
[2024-10-08T08:14:11.214+0000] {logging_mixin.py:190} INFO - [2024-10-08T08:14:11.213+0000] {dag.py:4180} INFO - Setting next_dagrun for example_sla_dag to 2024-10-08 08:12:00+00:00, run_after=2024-10-08 08:14:00+00:00
[2024-10-08T08:14:11.245+0000] {processor.py:208} INFO - Processing /root/miniconda3/envs/project/lib/python3.8/site-packages/airflow/example_dags/example_sla_dag.py took 0.123 seconds
[2024-10-08T08:15:19.736+0000] {processor.py:186} INFO - Started process (PID=211526) to work on /root/miniconda3/envs/project/lib/python3.8/site-packages/airflow/example_dags/example_sla_dag.py
[2024-10-08T08:15:19.739+0000] {processor.py:914} INFO - Processing file /root/miniconda3/envs/project/lib/python3.8/site-packages/airflow/example_dags/example_sla_dag.py for tasks to queue
[2024-10-08T08:15:19.742+0000] {logging_mixin.py:190} INFO - [2024-10-08T08:15:19.742+0000] {dagbag.py:588} INFO - Filling up the DagBag from /root/miniconda3/envs/project/lib/python3.8/site-packages/airflow/example_dags/example_sla_dag.py
[2024-10-08T08:15:19.758+0000] {processor.py:925} INFO - DAG(s) 'example_sla_dag' retrieved from /root/miniconda3/envs/project/lib/python3.8/site-packages/airflow/example_dags/example_sla_dag.py
[2024-10-08T08:15:19.782+0000] {logging_mixin.py:190} INFO - [2024-10-08T08:15:19.781+0000] {dag.py:3239} INFO - Sync 1 DAGs
[2024-10-08T08:15:19.815+0000] {logging_mixin.py:190} INFO - [2024-10-08T08:15:19.814+0000] {dag.py:4180} INFO - Setting next_dagrun for example_sla_dag to 2024-10-08 08:12:00+00:00, run_after=2024-10-08 08:14:00+00:00
[2024-10-08T08:15:19.849+0000] {processor.py:208} INFO - Processing /root/miniconda3/envs/project/lib/python3.8/site-packages/airflow/example_dags/example_sla_dag.py took 0.125 seconds
[2024-10-08T08:16:27.587+0000] {processor.py:186} INFO - Started process (PID=211730) to work on /root/miniconda3/envs/project/lib/python3.8/site-packages/airflow/example_dags/example_sla_dag.py
[2024-10-08T08:16:27.589+0000] {processor.py:914} INFO - Processing file /root/miniconda3/envs/project/lib/python3.8/site-packages/airflow/example_dags/example_sla_dag.py for tasks to queue
[2024-10-08T08:16:27.593+0000] {logging_mixin.py:190} INFO - [2024-10-08T08:16:27.592+0000] {dagbag.py:588} INFO - Filling up the DagBag from /root/miniconda3/envs/project/lib/python3.8/site-packages/airflow/example_dags/example_sla_dag.py
[2024-10-08T08:16:27.609+0000] {processor.py:925} INFO - DAG(s) 'example_sla_dag' retrieved from /root/miniconda3/envs/project/lib/python3.8/site-packages/airflow/example_dags/example_sla_dag.py
[2024-10-08T08:16:27.634+0000] {logging_mixin.py:190} INFO - [2024-10-08T08:16:27.633+0000] {dag.py:3239} INFO - Sync 1 DAGs
[2024-10-08T08:16:27.668+0000] {logging_mixin.py:190} INFO - [2024-10-08T08:16:27.668+0000] {dag.py:4180} INFO - Setting next_dagrun for example_sla_dag to 2024-10-08 08:14:00+00:00, run_after=2024-10-08 08:16:00+00:00
[2024-10-08T08:16:27.700+0000] {processor.py:208} INFO - Processing /root/miniconda3/envs/project/lib/python3.8/site-packages/airflow/example_dags/example_sla_dag.py took 0.124 seconds
[2024-10-08T08:17:38.040+0000] {processor.py:186} INFO - Started process (PID=212027) to work on /root/miniconda3/envs/project/lib/python3.8/site-packages/airflow/example_dags/example_sla_dag.py
[2024-10-08T08:17:38.043+0000] {processor.py:914} INFO - Processing file /root/miniconda3/envs/project/lib/python3.8/site-packages/airflow/example_dags/example_sla_dag.py for tasks to queue
[2024-10-08T08:17:38.046+0000] {logging_mixin.py:190} INFO - [2024-10-08T08:17:38.045+0000] {dagbag.py:588} INFO - Filling up the DagBag from /root/miniconda3/envs/project/lib/python3.8/site-packages/airflow/example_dags/example_sla_dag.py
[2024-10-08T08:17:38.062+0000] {processor.py:925} INFO - DAG(s) 'example_sla_dag' retrieved from /root/miniconda3/envs/project/lib/python3.8/site-packages/airflow/example_dags/example_sla_dag.py
[2024-10-08T08:17:38.084+0000] {logging_mixin.py:190} INFO - [2024-10-08T08:17:38.084+0000] {dag.py:3239} INFO - Sync 1 DAGs
[2024-10-08T08:17:38.117+0000] {logging_mixin.py:190} INFO - [2024-10-08T08:17:38.116+0000] {dag.py:4180} INFO - Setting next_dagrun for example_sla_dag to 2024-10-08 08:14:00+00:00, run_after=2024-10-08 08:16:00+00:00
[2024-10-08T08:17:38.149+0000] {processor.py:208} INFO - Processing /root/miniconda3/envs/project/lib/python3.8/site-packages/airflow/example_dags/example_sla_dag.py took 0.121 seconds
[2024-10-08T08:18:48.681+0000] {processor.py:186} INFO - Started process (PID=212228) to work on /root/miniconda3/envs/project/lib/python3.8/site-packages/airflow/example_dags/example_sla_dag.py
[2024-10-08T08:18:48.684+0000] {processor.py:914} INFO - Processing file /root/miniconda3/envs/project/lib/python3.8/site-packages/airflow/example_dags/example_sla_dag.py for tasks to queue
[2024-10-08T08:18:48.687+0000] {logging_mixin.py:190} INFO - [2024-10-08T08:18:48.687+0000] {dagbag.py:588} INFO - Filling up the DagBag from /root/miniconda3/envs/project/lib/python3.8/site-packages/airflow/example_dags/example_sla_dag.py
[2024-10-08T08:18:48.703+0000] {processor.py:925} INFO - DAG(s) 'example_sla_dag' retrieved from /root/miniconda3/envs/project/lib/python3.8/site-packages/airflow/example_dags/example_sla_dag.py
[2024-10-08T08:18:48.725+0000] {logging_mixin.py:190} INFO - [2024-10-08T08:18:48.724+0000] {dag.py:3239} INFO - Sync 1 DAGs
[2024-10-08T08:18:48.756+0000] {logging_mixin.py:190} INFO - [2024-10-08T08:18:48.756+0000] {dag.py:4180} INFO - Setting next_dagrun for example_sla_dag to 2024-10-08 08:16:00+00:00, run_after=2024-10-08 08:18:00+00:00
[2024-10-08T08:18:48.788+0000] {processor.py:208} INFO - Processing /root/miniconda3/envs/project/lib/python3.8/site-packages/airflow/example_dags/example_sla_dag.py took 0.116 seconds
[2024-10-08T08:19:56.598+0000] {processor.py:186} INFO - Started process (PID=212430) to work on /root/miniconda3/envs/project/lib/python3.8/site-packages/airflow/example_dags/example_sla_dag.py
[2024-10-08T08:19:56.601+0000] {processor.py:914} INFO - Processing file /root/miniconda3/envs/project/lib/python3.8/site-packages/airflow/example_dags/example_sla_dag.py for tasks to queue
[2024-10-08T08:19:56.604+0000] {logging_mixin.py:190} INFO - [2024-10-08T08:19:56.603+0000] {dagbag.py:588} INFO - Filling up the DagBag from /root/miniconda3/envs/project/lib/python3.8/site-packages/airflow/example_dags/example_sla_dag.py
[2024-10-08T08:19:56.620+0000] {processor.py:925} INFO - DAG(s) 'example_sla_dag' retrieved from /root/miniconda3/envs/project/lib/python3.8/site-packages/airflow/example_dags/example_sla_dag.py
[2024-10-08T08:19:56.643+0000] {logging_mixin.py:190} INFO - [2024-10-08T08:19:56.643+0000] {dag.py:3239} INFO - Sync 1 DAGs
[2024-10-08T08:19:56.675+0000] {logging_mixin.py:190} INFO - [2024-10-08T08:19:56.675+0000] {dag.py:4180} INFO - Setting next_dagrun for example_sla_dag to 2024-10-08 08:16:00+00:00, run_after=2024-10-08 08:18:00+00:00
[2024-10-08T08:19:56.704+0000] {processor.py:208} INFO - Processing /root/miniconda3/envs/project/lib/python3.8/site-packages/airflow/example_dags/example_sla_dag.py took 0.119 seconds
[2024-10-08T08:21:05.753+0000] {processor.py:186} INFO - Started process (PID=212621) to work on /root/miniconda3/envs/project/lib/python3.8/site-packages/airflow/example_dags/example_sla_dag.py
[2024-10-08T08:21:05.756+0000] {processor.py:914} INFO - Processing file /root/miniconda3/envs/project/lib/python3.8/site-packages/airflow/example_dags/example_sla_dag.py for tasks to queue
[2024-10-08T08:21:05.759+0000] {logging_mixin.py:190} INFO - [2024-10-08T08:21:05.758+0000] {dagbag.py:588} INFO - Filling up the DagBag from /root/miniconda3/envs/project/lib/python3.8/site-packages/airflow/example_dags/example_sla_dag.py
[2024-10-08T08:21:05.776+0000] {processor.py:925} INFO - DAG(s) 'example_sla_dag' retrieved from /root/miniconda3/envs/project/lib/python3.8/site-packages/airflow/example_dags/example_sla_dag.py
[2024-10-08T08:21:05.800+0000] {logging_mixin.py:190} INFO - [2024-10-08T08:21:05.799+0000] {dag.py:3239} INFO - Sync 1 DAGs
[2024-10-08T08:21:05.832+0000] {logging_mixin.py:190} INFO - [2024-10-08T08:21:05.832+0000] {dag.py:4180} INFO - Setting next_dagrun for example_sla_dag to 2024-10-08 08:18:00+00:00, run_after=2024-10-08 08:20:00+00:00
[2024-10-08T08:21:05.864+0000] {processor.py:208} INFO - Processing /root/miniconda3/envs/project/lib/python3.8/site-packages/airflow/example_dags/example_sla_dag.py took 0.123 seconds
[2024-10-08T08:22:17.116+0000] {processor.py:186} INFO - Started process (PID=212828) to work on /root/miniconda3/envs/project/lib/python3.8/site-packages/airflow/example_dags/example_sla_dag.py
[2024-10-08T08:22:17.119+0000] {processor.py:914} INFO - Processing file /root/miniconda3/envs/project/lib/python3.8/site-packages/airflow/example_dags/example_sla_dag.py for tasks to queue
[2024-10-08T08:22:17.122+0000] {logging_mixin.py:190} INFO - [2024-10-08T08:22:17.122+0000] {dagbag.py:588} INFO - Filling up the DagBag from /root/miniconda3/envs/project/lib/python3.8/site-packages/airflow/example_dags/example_sla_dag.py
[2024-10-08T08:22:17.139+0000] {processor.py:925} INFO - DAG(s) 'example_sla_dag' retrieved from /root/miniconda3/envs/project/lib/python3.8/site-packages/airflow/example_dags/example_sla_dag.py
[2024-10-08T08:22:17.162+0000] {logging_mixin.py:190} INFO - [2024-10-08T08:22:17.162+0000] {dag.py:3239} INFO - Sync 1 DAGs
[2024-10-08T08:22:17.195+0000] {logging_mixin.py:190} INFO - [2024-10-08T08:22:17.194+0000] {dag.py:4180} INFO - Setting next_dagrun for example_sla_dag to 2024-10-08 08:20:00+00:00, run_after=2024-10-08 08:22:00+00:00
[2024-10-08T08:22:17.226+0000] {processor.py:208} INFO - Processing /root/miniconda3/envs/project/lib/python3.8/site-packages/airflow/example_dags/example_sla_dag.py took 0.120 seconds
[2024-10-08T08:23:24.594+0000] {processor.py:186} INFO - Started process (PID=213073) to work on /root/miniconda3/envs/project/lib/python3.8/site-packages/airflow/example_dags/example_sla_dag.py
[2024-10-08T08:23:24.596+0000] {processor.py:914} INFO - Processing file /root/miniconda3/envs/project/lib/python3.8/site-packages/airflow/example_dags/example_sla_dag.py for tasks to queue
[2024-10-08T08:23:24.600+0000] {logging_mixin.py:190} INFO - [2024-10-08T08:23:24.599+0000] {dagbag.py:588} INFO - Filling up the DagBag from /root/miniconda3/envs/project/lib/python3.8/site-packages/airflow/example_dags/example_sla_dag.py
[2024-10-08T08:23:24.615+0000] {processor.py:925} INFO - DAG(s) 'example_sla_dag' retrieved from /root/miniconda3/envs/project/lib/python3.8/site-packages/airflow/example_dags/example_sla_dag.py
[2024-10-08T08:23:24.638+0000] {logging_mixin.py:190} INFO - [2024-10-08T08:23:24.638+0000] {dag.py:3239} INFO - Sync 1 DAGs
[2024-10-08T08:23:24.682+0000] {logging_mixin.py:190} INFO - [2024-10-08T08:23:24.682+0000] {dag.py:4180} INFO - Setting next_dagrun for example_sla_dag to 2024-10-08 08:20:00+00:00, run_after=2024-10-08 08:22:00+00:00
[2024-10-08T08:23:24.721+0000] {processor.py:208} INFO - Processing /root/miniconda3/envs/project/lib/python3.8/site-packages/airflow/example_dags/example_sla_dag.py took 0.137 seconds
[2024-10-08T08:24:28.358+0000] {processor.py:186} INFO - Started process (PID=213258) to work on /root/miniconda3/envs/project/lib/python3.8/site-packages/airflow/example_dags/example_sla_dag.py
[2024-10-08T08:24:28.361+0000] {processor.py:914} INFO - Processing file /root/miniconda3/envs/project/lib/python3.8/site-packages/airflow/example_dags/example_sla_dag.py for tasks to queue
[2024-10-08T08:24:28.364+0000] {logging_mixin.py:190} INFO - [2024-10-08T08:24:28.363+0000] {dagbag.py:588} INFO - Filling up the DagBag from /root/miniconda3/envs/project/lib/python3.8/site-packages/airflow/example_dags/example_sla_dag.py
[2024-10-08T08:24:28.380+0000] {processor.py:925} INFO - DAG(s) 'example_sla_dag' retrieved from /root/miniconda3/envs/project/lib/python3.8/site-packages/airflow/example_dags/example_sla_dag.py
[2024-10-08T08:24:28.403+0000] {logging_mixin.py:190} INFO - [2024-10-08T08:24:28.403+0000] {dag.py:3239} INFO - Sync 1 DAGs
[2024-10-08T08:24:28.435+0000] {logging_mixin.py:190} INFO - [2024-10-08T08:24:28.435+0000] {dag.py:4180} INFO - Setting next_dagrun for example_sla_dag to 2024-10-08 08:22:00+00:00, run_after=2024-10-08 08:24:00+00:00
[2024-10-08T08:24:28.469+0000] {processor.py:208} INFO - Processing /root/miniconda3/envs/project/lib/python3.8/site-packages/airflow/example_dags/example_sla_dag.py took 0.121 seconds
[2024-10-08T08:37:18.298+0000] {processor.py:186} INFO - Started process (PID=215024) to work on /root/miniconda3/envs/project/lib/python3.8/site-packages/airflow/example_dags/example_sla_dag.py
[2024-10-08T08:37:18.302+0000] {processor.py:914} INFO - Processing file /root/miniconda3/envs/project/lib/python3.8/site-packages/airflow/example_dags/example_sla_dag.py for tasks to queue
[2024-10-08T08:37:18.305+0000] {logging_mixin.py:190} INFO - [2024-10-08T08:37:18.304+0000] {dagbag.py:588} INFO - Filling up the DagBag from /root/miniconda3/envs/project/lib/python3.8/site-packages/airflow/example_dags/example_sla_dag.py
[2024-10-08T08:37:18.322+0000] {processor.py:925} INFO - DAG(s) 'example_sla_dag' retrieved from /root/miniconda3/envs/project/lib/python3.8/site-packages/airflow/example_dags/example_sla_dag.py
[2024-10-08T08:37:18.349+0000] {logging_mixin.py:190} INFO - [2024-10-08T08:37:18.348+0000] {dag.py:3239} INFO - Sync 1 DAGs
[2024-10-08T08:37:18.382+0000] {logging_mixin.py:190} INFO - [2024-10-08T08:37:18.382+0000] {dag.py:4180} INFO - Setting next_dagrun for example_sla_dag to 2024-10-08 08:34:00+00:00, run_after=2024-10-08 08:36:00+00:00
[2024-10-08T08:37:18.415+0000] {processor.py:208} INFO - Processing /root/miniconda3/envs/project/lib/python3.8/site-packages/airflow/example_dags/example_sla_dag.py took 0.128 seconds
[2024-10-08T08:38:24.420+0000] {processor.py:186} INFO - Started process (PID=215290) to work on /root/miniconda3/envs/project/lib/python3.8/site-packages/airflow/example_dags/example_sla_dag.py
[2024-10-08T08:38:24.423+0000] {processor.py:914} INFO - Processing file /root/miniconda3/envs/project/lib/python3.8/site-packages/airflow/example_dags/example_sla_dag.py for tasks to queue
[2024-10-08T08:38:24.426+0000] {logging_mixin.py:190} INFO - [2024-10-08T08:38:24.426+0000] {dagbag.py:588} INFO - Filling up the DagBag from /root/miniconda3/envs/project/lib/python3.8/site-packages/airflow/example_dags/example_sla_dag.py
[2024-10-08T08:38:24.443+0000] {processor.py:925} INFO - DAG(s) 'example_sla_dag' retrieved from /root/miniconda3/envs/project/lib/python3.8/site-packages/airflow/example_dags/example_sla_dag.py
[2024-10-08T08:38:24.466+0000] {logging_mixin.py:190} INFO - [2024-10-08T08:38:24.466+0000] {dag.py:3239} INFO - Sync 1 DAGs
[2024-10-08T08:38:24.500+0000] {logging_mixin.py:190} INFO - [2024-10-08T08:38:24.500+0000] {dag.py:4180} INFO - Setting next_dagrun for example_sla_dag to 2024-10-08 08:36:00+00:00, run_after=2024-10-08 08:38:00+00:00
[2024-10-08T08:38:24.534+0000] {processor.py:208} INFO - Processing /root/miniconda3/envs/project/lib/python3.8/site-packages/airflow/example_dags/example_sla_dag.py took 0.125 seconds
[2024-10-08T08:39:35.146+0000] {processor.py:186} INFO - Started process (PID=215636) to work on /root/miniconda3/envs/project/lib/python3.8/site-packages/airflow/example_dags/example_sla_dag.py
[2024-10-08T08:39:35.149+0000] {processor.py:914} INFO - Processing file /root/miniconda3/envs/project/lib/python3.8/site-packages/airflow/example_dags/example_sla_dag.py for tasks to queue
[2024-10-08T08:39:35.152+0000] {logging_mixin.py:190} INFO - [2024-10-08T08:39:35.151+0000] {dagbag.py:588} INFO - Filling up the DagBag from /root/miniconda3/envs/project/lib/python3.8/site-packages/airflow/example_dags/example_sla_dag.py
[2024-10-08T08:39:35.168+0000] {processor.py:925} INFO - DAG(s) 'example_sla_dag' retrieved from /root/miniconda3/envs/project/lib/python3.8/site-packages/airflow/example_dags/example_sla_dag.py
[2024-10-08T08:39:35.191+0000] {logging_mixin.py:190} INFO - [2024-10-08T08:39:35.190+0000] {dag.py:3239} INFO - Sync 1 DAGs
[2024-10-08T08:39:35.222+0000] {logging_mixin.py:190} INFO - [2024-10-08T08:39:35.222+0000] {dag.py:4180} INFO - Setting next_dagrun for example_sla_dag to 2024-10-08 08:36:00+00:00, run_after=2024-10-08 08:38:00+00:00
[2024-10-08T08:39:35.255+0000] {processor.py:208} INFO - Processing /root/miniconda3/envs/project/lib/python3.8/site-packages/airflow/example_dags/example_sla_dag.py took 0.120 seconds
[2024-10-08T08:40:44.804+0000] {processor.py:186} INFO - Started process (PID=216044) to work on /root/miniconda3/envs/project/lib/python3.8/site-packages/airflow/example_dags/example_sla_dag.py
[2024-10-08T08:40:44.807+0000] {processor.py:914} INFO - Processing file /root/miniconda3/envs/project/lib/python3.8/site-packages/airflow/example_dags/example_sla_dag.py for tasks to queue
[2024-10-08T08:40:44.811+0000] {logging_mixin.py:190} INFO - [2024-10-08T08:40:44.810+0000] {dagbag.py:588} INFO - Filling up the DagBag from /root/miniconda3/envs/project/lib/python3.8/site-packages/airflow/example_dags/example_sla_dag.py
[2024-10-08T08:40:44.828+0000] {processor.py:925} INFO - DAG(s) 'example_sla_dag' retrieved from /root/miniconda3/envs/project/lib/python3.8/site-packages/airflow/example_dags/example_sla_dag.py
[2024-10-08T08:40:44.854+0000] {logging_mixin.py:190} INFO - [2024-10-08T08:40:44.853+0000] {dag.py:3239} INFO - Sync 1 DAGs
[2024-10-08T08:40:44.888+0000] {logging_mixin.py:190} INFO - [2024-10-08T08:40:44.888+0000] {dag.py:4180} INFO - Setting next_dagrun for example_sla_dag to 2024-10-08 08:38:00+00:00, run_after=2024-10-08 08:40:00+00:00
[2024-10-08T08:40:44.931+0000] {processor.py:208} INFO - Processing /root/miniconda3/envs/project/lib/python3.8/site-packages/airflow/example_dags/example_sla_dag.py took 0.144 seconds
[2024-10-08T08:41:52.595+0000] {processor.py:186} INFO - Started process (PID=216505) to work on /root/miniconda3/envs/project/lib/python3.8/site-packages/airflow/example_dags/example_sla_dag.py
[2024-10-08T08:41:52.597+0000] {processor.py:914} INFO - Processing file /root/miniconda3/envs/project/lib/python3.8/site-packages/airflow/example_dags/example_sla_dag.py for tasks to queue
[2024-10-08T08:41:52.601+0000] {logging_mixin.py:190} INFO - [2024-10-08T08:41:52.600+0000] {dagbag.py:588} INFO - Filling up the DagBag from /root/miniconda3/envs/project/lib/python3.8/site-packages/airflow/example_dags/example_sla_dag.py
[2024-10-08T08:41:52.617+0000] {processor.py:925} INFO - DAG(s) 'example_sla_dag' retrieved from /root/miniconda3/envs/project/lib/python3.8/site-packages/airflow/example_dags/example_sla_dag.py
[2024-10-08T08:41:52.639+0000] {logging_mixin.py:190} INFO - [2024-10-08T08:41:52.639+0000] {dag.py:3239} INFO - Sync 1 DAGs
[2024-10-08T08:41:52.671+0000] {logging_mixin.py:190} INFO - [2024-10-08T08:41:52.671+0000] {dag.py:4180} INFO - Setting next_dagrun for example_sla_dag to 2024-10-08 08:38:00+00:00, run_after=2024-10-08 08:40:00+00:00
[2024-10-08T08:41:52.703+0000] {processor.py:208} INFO - Processing /root/miniconda3/envs/project/lib/python3.8/site-packages/airflow/example_dags/example_sla_dag.py took 0.119 seconds
[2024-10-08T08:42:59.418+0000] {processor.py:186} INFO - Started process (PID=216724) to work on /root/miniconda3/envs/project/lib/python3.8/site-packages/airflow/example_dags/example_sla_dag.py
[2024-10-08T08:42:59.421+0000] {processor.py:914} INFO - Processing file /root/miniconda3/envs/project/lib/python3.8/site-packages/airflow/example_dags/example_sla_dag.py for tasks to queue
[2024-10-08T08:42:59.424+0000] {logging_mixin.py:190} INFO - [2024-10-08T08:42:59.423+0000] {dagbag.py:588} INFO - Filling up the DagBag from /root/miniconda3/envs/project/lib/python3.8/site-packages/airflow/example_dags/example_sla_dag.py
[2024-10-08T08:42:59.440+0000] {processor.py:925} INFO - DAG(s) 'example_sla_dag' retrieved from /root/miniconda3/envs/project/lib/python3.8/site-packages/airflow/example_dags/example_sla_dag.py
[2024-10-08T08:42:59.463+0000] {logging_mixin.py:190} INFO - [2024-10-08T08:42:59.463+0000] {dag.py:3239} INFO - Sync 1 DAGs
[2024-10-08T08:42:59.496+0000] {logging_mixin.py:190} INFO - [2024-10-08T08:42:59.495+0000] {dag.py:4180} INFO - Setting next_dagrun for example_sla_dag to 2024-10-08 08:40:00+00:00, run_after=2024-10-08 08:42:00+00:00
[2024-10-08T08:42:59.527+0000] {processor.py:208} INFO - Processing /root/miniconda3/envs/project/lib/python3.8/site-packages/airflow/example_dags/example_sla_dag.py took 0.119 seconds
[2024-10-08T08:44:07.502+0000] {processor.py:186} INFO - Started process (PID=216942) to work on /root/miniconda3/envs/project/lib/python3.8/site-packages/airflow/example_dags/example_sla_dag.py
[2024-10-08T08:44:07.505+0000] {processor.py:914} INFO - Processing file /root/miniconda3/envs/project/lib/python3.8/site-packages/airflow/example_dags/example_sla_dag.py for tasks to queue
[2024-10-08T08:44:07.508+0000] {logging_mixin.py:190} INFO - [2024-10-08T08:44:07.508+0000] {dagbag.py:588} INFO - Filling up the DagBag from /root/miniconda3/envs/project/lib/python3.8/site-packages/airflow/example_dags/example_sla_dag.py
[2024-10-08T08:44:07.524+0000] {processor.py:925} INFO - DAG(s) 'example_sla_dag' retrieved from /root/miniconda3/envs/project/lib/python3.8/site-packages/airflow/example_dags/example_sla_dag.py
[2024-10-08T08:44:07.547+0000] {logging_mixin.py:190} INFO - [2024-10-08T08:44:07.547+0000] {dag.py:3239} INFO - Sync 1 DAGs
[2024-10-08T08:44:07.579+0000] {logging_mixin.py:190} INFO - [2024-10-08T08:44:07.579+0000] {dag.py:4180} INFO - Setting next_dagrun for example_sla_dag to 2024-10-08 08:42:00+00:00, run_after=2024-10-08 08:44:00+00:00
[2024-10-08T08:44:07.613+0000] {processor.py:208} INFO - Processing /root/miniconda3/envs/project/lib/python3.8/site-packages/airflow/example_dags/example_sla_dag.py took 0.123 seconds
[2024-10-08T08:45:20.519+0000] {processor.py:186} INFO - Started process (PID=217172) to work on /root/miniconda3/envs/project/lib/python3.8/site-packages/airflow/example_dags/example_sla_dag.py
[2024-10-08T08:45:20.522+0000] {processor.py:914} INFO - Processing file /root/miniconda3/envs/project/lib/python3.8/site-packages/airflow/example_dags/example_sla_dag.py for tasks to queue
[2024-10-08T08:45:20.525+0000] {logging_mixin.py:190} INFO - [2024-10-08T08:45:20.525+0000] {dagbag.py:588} INFO - Filling up the DagBag from /root/miniconda3/envs/project/lib/python3.8/site-packages/airflow/example_dags/example_sla_dag.py
[2024-10-08T08:45:20.547+0000] {processor.py:925} INFO - DAG(s) 'example_sla_dag' retrieved from /root/miniconda3/envs/project/lib/python3.8/site-packages/airflow/example_dags/example_sla_dag.py
[2024-10-08T08:45:20.571+0000] {logging_mixin.py:190} INFO - [2024-10-08T08:45:20.570+0000] {dag.py:3239} INFO - Sync 1 DAGs
[2024-10-08T08:45:20.604+0000] {logging_mixin.py:190} INFO - [2024-10-08T08:45:20.603+0000] {dag.py:4180} INFO - Setting next_dagrun for example_sla_dag to 2024-10-08 08:42:00+00:00, run_after=2024-10-08 08:44:00+00:00
[2024-10-08T08:45:20.637+0000] {processor.py:208} INFO - Processing /root/miniconda3/envs/project/lib/python3.8/site-packages/airflow/example_dags/example_sla_dag.py took 0.131 seconds
[2024-10-08T08:46:33.583+0000] {processor.py:186} INFO - Started process (PID=217399) to work on /root/miniconda3/envs/project/lib/python3.8/site-packages/airflow/example_dags/example_sla_dag.py
[2024-10-08T08:46:33.586+0000] {processor.py:914} INFO - Processing file /root/miniconda3/envs/project/lib/python3.8/site-packages/airflow/example_dags/example_sla_dag.py for tasks to queue
[2024-10-08T08:46:33.589+0000] {logging_mixin.py:190} INFO - [2024-10-08T08:46:33.589+0000] {dagbag.py:588} INFO - Filling up the DagBag from /root/miniconda3/envs/project/lib/python3.8/site-packages/airflow/example_dags/example_sla_dag.py
[2024-10-08T08:46:33.611+0000] {processor.py:925} INFO - DAG(s) 'example_sla_dag' retrieved from /root/miniconda3/envs/project/lib/python3.8/site-packages/airflow/example_dags/example_sla_dag.py
[2024-10-08T08:46:33.634+0000] {logging_mixin.py:190} INFO - [2024-10-08T08:46:33.634+0000] {dag.py:3239} INFO - Sync 1 DAGs
[2024-10-08T08:46:33.665+0000] {logging_mixin.py:190} INFO - [2024-10-08T08:46:33.664+0000] {dag.py:4180} INFO - Setting next_dagrun for example_sla_dag to 2024-10-08 08:44:00+00:00, run_after=2024-10-08 08:46:00+00:00
[2024-10-08T08:46:33.696+0000] {processor.py:208} INFO - Processing /root/miniconda3/envs/project/lib/python3.8/site-packages/airflow/example_dags/example_sla_dag.py took 0.124 seconds
[2024-10-08T08:47:45.108+0000] {processor.py:186} INFO - Started process (PID=217885) to work on /root/miniconda3/envs/project/lib/python3.8/site-packages/airflow/example_dags/example_sla_dag.py
[2024-10-08T08:47:45.111+0000] {processor.py:914} INFO - Processing file /root/miniconda3/envs/project/lib/python3.8/site-packages/airflow/example_dags/example_sla_dag.py for tasks to queue
[2024-10-08T08:47:45.115+0000] {logging_mixin.py:190} INFO - [2024-10-08T08:47:45.114+0000] {dagbag.py:588} INFO - Filling up the DagBag from /root/miniconda3/envs/project/lib/python3.8/site-packages/airflow/example_dags/example_sla_dag.py
[2024-10-08T08:47:45.131+0000] {processor.py:925} INFO - DAG(s) 'example_sla_dag' retrieved from /root/miniconda3/envs/project/lib/python3.8/site-packages/airflow/example_dags/example_sla_dag.py
[2024-10-08T08:47:45.153+0000] {logging_mixin.py:190} INFO - [2024-10-08T08:47:45.153+0000] {dag.py:3239} INFO - Sync 1 DAGs
[2024-10-08T08:47:45.185+0000] {logging_mixin.py:190} INFO - [2024-10-08T08:47:45.185+0000] {dag.py:4180} INFO - Setting next_dagrun for example_sla_dag to 2024-10-08 08:44:00+00:00, run_after=2024-10-08 08:46:00+00:00
[2024-10-08T08:47:45.215+0000] {processor.py:208} INFO - Processing /root/miniconda3/envs/project/lib/python3.8/site-packages/airflow/example_dags/example_sla_dag.py took 0.119 seconds
[2024-10-08T08:48:57.337+0000] {processor.py:186} INFO - Started process (PID=218109) to work on /root/miniconda3/envs/project/lib/python3.8/site-packages/airflow/example_dags/example_sla_dag.py
[2024-10-08T08:48:57.339+0000] {processor.py:914} INFO - Processing file /root/miniconda3/envs/project/lib/python3.8/site-packages/airflow/example_dags/example_sla_dag.py for tasks to queue
[2024-10-08T08:48:57.343+0000] {logging_mixin.py:190} INFO - [2024-10-08T08:48:57.342+0000] {dagbag.py:588} INFO - Filling up the DagBag from /root/miniconda3/envs/project/lib/python3.8/site-packages/airflow/example_dags/example_sla_dag.py
[2024-10-08T08:48:57.358+0000] {processor.py:925} INFO - DAG(s) 'example_sla_dag' retrieved from /root/miniconda3/envs/project/lib/python3.8/site-packages/airflow/example_dags/example_sla_dag.py
[2024-10-08T08:48:57.381+0000] {logging_mixin.py:190} INFO - [2024-10-08T08:48:57.381+0000] {dag.py:3239} INFO - Sync 1 DAGs
[2024-10-08T08:48:57.412+0000] {logging_mixin.py:190} INFO - [2024-10-08T08:48:57.412+0000] {dag.py:4180} INFO - Setting next_dagrun for example_sla_dag to 2024-10-08 08:46:00+00:00, run_after=2024-10-08 08:48:00+00:00
[2024-10-08T08:48:57.440+0000] {processor.py:208} INFO - Processing /root/miniconda3/envs/project/lib/python3.8/site-packages/airflow/example_dags/example_sla_dag.py took 0.115 seconds
[2024-10-08T08:50:08.334+0000] {processor.py:186} INFO - Started process (PID=218331) to work on /root/miniconda3/envs/project/lib/python3.8/site-packages/airflow/example_dags/example_sla_dag.py
[2024-10-08T08:50:08.337+0000] {processor.py:914} INFO - Processing file /root/miniconda3/envs/project/lib/python3.8/site-packages/airflow/example_dags/example_sla_dag.py for tasks to queue
[2024-10-08T08:50:08.340+0000] {logging_mixin.py:190} INFO - [2024-10-08T08:50:08.340+0000] {dagbag.py:588} INFO - Filling up the DagBag from /root/miniconda3/envs/project/lib/python3.8/site-packages/airflow/example_dags/example_sla_dag.py
[2024-10-08T08:50:08.356+0000] {processor.py:925} INFO - DAG(s) 'example_sla_dag' retrieved from /root/miniconda3/envs/project/lib/python3.8/site-packages/airflow/example_dags/example_sla_dag.py
[2024-10-08T08:50:08.379+0000] {logging_mixin.py:190} INFO - [2024-10-08T08:50:08.379+0000] {dag.py:3239} INFO - Sync 1 DAGs
[2024-10-08T08:50:08.412+0000] {logging_mixin.py:190} INFO - [2024-10-08T08:50:08.411+0000] {dag.py:4180} INFO - Setting next_dagrun for example_sla_dag to 2024-10-08 08:48:00+00:00, run_after=2024-10-08 08:50:00+00:00
[2024-10-08T08:50:08.443+0000] {processor.py:208} INFO - Processing /root/miniconda3/envs/project/lib/python3.8/site-packages/airflow/example_dags/example_sla_dag.py took 0.120 seconds
[2024-10-08T08:51:18.909+0000] {processor.py:186} INFO - Started process (PID=218687) to work on /root/miniconda3/envs/project/lib/python3.8/site-packages/airflow/example_dags/example_sla_dag.py
[2024-10-08T08:51:18.911+0000] {processor.py:914} INFO - Processing file /root/miniconda3/envs/project/lib/python3.8/site-packages/airflow/example_dags/example_sla_dag.py for tasks to queue
[2024-10-08T08:51:18.915+0000] {logging_mixin.py:190} INFO - [2024-10-08T08:51:18.914+0000] {dagbag.py:588} INFO - Filling up the DagBag from /root/miniconda3/envs/project/lib/python3.8/site-packages/airflow/example_dags/example_sla_dag.py
[2024-10-08T08:51:18.931+0000] {processor.py:925} INFO - DAG(s) 'example_sla_dag' retrieved from /root/miniconda3/envs/project/lib/python3.8/site-packages/airflow/example_dags/example_sla_dag.py
[2024-10-08T08:51:18.953+0000] {logging_mixin.py:190} INFO - [2024-10-08T08:51:18.953+0000] {dag.py:3239} INFO - Sync 1 DAGs
[2024-10-08T08:51:18.985+0000] {logging_mixin.py:190} INFO - [2024-10-08T08:51:18.985+0000] {dag.py:4180} INFO - Setting next_dagrun for example_sla_dag to 2024-10-08 08:48:00+00:00, run_after=2024-10-08 08:50:00+00:00
[2024-10-08T08:51:19.015+0000] {processor.py:208} INFO - Processing /root/miniconda3/envs/project/lib/python3.8/site-packages/airflow/example_dags/example_sla_dag.py took 0.118 seconds
[2024-10-08T09:05:24.634+0000] {processor.py:186} INFO - Started process (PID=220028) to work on /root/miniconda3/envs/project/lib/python3.8/site-packages/airflow/example_dags/example_sla_dag.py
[2024-10-08T09:05:24.636+0000] {processor.py:914} INFO - Processing file /root/miniconda3/envs/project/lib/python3.8/site-packages/airflow/example_dags/example_sla_dag.py for tasks to queue
[2024-10-08T09:05:24.640+0000] {logging_mixin.py:190} INFO - [2024-10-08T09:05:24.639+0000] {dagbag.py:588} INFO - Filling up the DagBag from /root/miniconda3/envs/project/lib/python3.8/site-packages/airflow/example_dags/example_sla_dag.py
[2024-10-08T09:05:24.655+0000] {processor.py:925} INFO - DAG(s) 'example_sla_dag' retrieved from /root/miniconda3/envs/project/lib/python3.8/site-packages/airflow/example_dags/example_sla_dag.py
[2024-10-08T09:05:24.680+0000] {logging_mixin.py:190} INFO - [2024-10-08T09:05:24.680+0000] {dag.py:3239} INFO - Sync 1 DAGs
[2024-10-08T09:05:24.714+0000] {logging_mixin.py:190} INFO - [2024-10-08T09:05:24.714+0000] {dag.py:4180} INFO - Setting next_dagrun for example_sla_dag to 2024-10-08 09:02:00+00:00, run_after=2024-10-08 09:04:00+00:00
[2024-10-08T09:05:24.749+0000] {processor.py:208} INFO - Processing /root/miniconda3/envs/project/lib/python3.8/site-packages/airflow/example_dags/example_sla_dag.py took 0.128 seconds
[2024-10-08T09:08:56.955+0000] {processor.py:186} INFO - Started process (PID=220814) to work on /root/miniconda3/envs/project/lib/python3.8/site-packages/airflow/example_dags/example_sla_dag.py
[2024-10-08T09:08:56.958+0000] {processor.py:914} INFO - Processing file /root/miniconda3/envs/project/lib/python3.8/site-packages/airflow/example_dags/example_sla_dag.py for tasks to queue
[2024-10-08T09:08:56.961+0000] {logging_mixin.py:190} INFO - [2024-10-08T09:08:56.961+0000] {dagbag.py:588} INFO - Filling up the DagBag from /root/miniconda3/envs/project/lib/python3.8/site-packages/airflow/example_dags/example_sla_dag.py
[2024-10-08T09:08:56.977+0000] {processor.py:925} INFO - DAG(s) 'example_sla_dag' retrieved from /root/miniconda3/envs/project/lib/python3.8/site-packages/airflow/example_dags/example_sla_dag.py
[2024-10-08T09:08:57.002+0000] {logging_mixin.py:190} INFO - [2024-10-08T09:08:57.001+0000] {dag.py:3239} INFO - Sync 1 DAGs
[2024-10-08T09:08:57.035+0000] {logging_mixin.py:190} INFO - [2024-10-08T09:08:57.035+0000] {dag.py:4180} INFO - Setting next_dagrun for example_sla_dag to 2024-10-08 09:06:00+00:00, run_after=2024-10-08 09:08:00+00:00
[2024-10-08T09:08:57.071+0000] {processor.py:208} INFO - Processing /root/miniconda3/envs/project/lib/python3.8/site-packages/airflow/example_dags/example_sla_dag.py took 0.127 seconds
[2024-10-08T09:10:25.268+0000] {processor.py:186} INFO - Started process (PID=221531) to work on /root/miniconda3/envs/project/lib/python3.8/site-packages/airflow/example_dags/example_sla_dag.py
[2024-10-08T09:10:25.271+0000] {processor.py:914} INFO - Processing file /root/miniconda3/envs/project/lib/python3.8/site-packages/airflow/example_dags/example_sla_dag.py for tasks to queue
[2024-10-08T09:10:25.274+0000] {logging_mixin.py:190} INFO - [2024-10-08T09:10:25.273+0000] {dagbag.py:588} INFO - Filling up the DagBag from /root/miniconda3/envs/project/lib/python3.8/site-packages/airflow/example_dags/example_sla_dag.py
[2024-10-08T09:10:25.290+0000] {processor.py:925} INFO - DAG(s) 'example_sla_dag' retrieved from /root/miniconda3/envs/project/lib/python3.8/site-packages/airflow/example_dags/example_sla_dag.py
[2024-10-08T09:10:25.316+0000] {logging_mixin.py:190} INFO - [2024-10-08T09:10:25.315+0000] {dag.py:3239} INFO - Sync 1 DAGs
[2024-10-08T09:10:25.350+0000] {logging_mixin.py:190} INFO - [2024-10-08T09:10:25.350+0000] {dag.py:4180} INFO - Setting next_dagrun for example_sla_dag to 2024-10-08 09:08:00+00:00, run_after=2024-10-08 09:10:00+00:00
[2024-10-08T09:10:25.384+0000] {processor.py:208} INFO - Processing /root/miniconda3/envs/project/lib/python3.8/site-packages/airflow/example_dags/example_sla_dag.py took 0.126 seconds
[2024-10-08T09:11:31.684+0000] {processor.py:186} INFO - Started process (PID=221738) to work on /root/miniconda3/envs/project/lib/python3.8/site-packages/airflow/example_dags/example_sla_dag.py
[2024-10-08T09:11:31.687+0000] {processor.py:914} INFO - Processing file /root/miniconda3/envs/project/lib/python3.8/site-packages/airflow/example_dags/example_sla_dag.py for tasks to queue
[2024-10-08T09:11:31.690+0000] {logging_mixin.py:190} INFO - [2024-10-08T09:11:31.690+0000] {dagbag.py:588} INFO - Filling up the DagBag from /root/miniconda3/envs/project/lib/python3.8/site-packages/airflow/example_dags/example_sla_dag.py
[2024-10-08T09:11:31.707+0000] {processor.py:925} INFO - DAG(s) 'example_sla_dag' retrieved from /root/miniconda3/envs/project/lib/python3.8/site-packages/airflow/example_dags/example_sla_dag.py
[2024-10-08T09:11:31.732+0000] {logging_mixin.py:190} INFO - [2024-10-08T09:11:31.731+0000] {dag.py:3239} INFO - Sync 1 DAGs
[2024-10-08T09:11:31.765+0000] {logging_mixin.py:190} INFO - [2024-10-08T09:11:31.765+0000] {dag.py:4180} INFO - Setting next_dagrun for example_sla_dag to 2024-10-08 09:08:00+00:00, run_after=2024-10-08 09:10:00+00:00
[2024-10-08T09:11:31.798+0000] {processor.py:208} INFO - Processing /root/miniconda3/envs/project/lib/python3.8/site-packages/airflow/example_dags/example_sla_dag.py took 0.126 seconds
[2024-10-08T09:12:33.288+0000] {processor.py:186} INFO - Started process (PID=222063) to work on /root/miniconda3/envs/project/lib/python3.8/site-packages/airflow/example_dags/example_sla_dag.py
[2024-10-08T09:12:33.291+0000] {processor.py:914} INFO - Processing file /root/miniconda3/envs/project/lib/python3.8/site-packages/airflow/example_dags/example_sla_dag.py for tasks to queue
[2024-10-08T09:12:33.295+0000] {logging_mixin.py:190} INFO - [2024-10-08T09:12:33.294+0000] {dagbag.py:588} INFO - Filling up the DagBag from /root/miniconda3/envs/project/lib/python3.8/site-packages/airflow/example_dags/example_sla_dag.py
[2024-10-08T09:12:33.311+0000] {processor.py:925} INFO - DAG(s) 'example_sla_dag' retrieved from /root/miniconda3/envs/project/lib/python3.8/site-packages/airflow/example_dags/example_sla_dag.py
[2024-10-08T09:12:33.335+0000] {logging_mixin.py:190} INFO - [2024-10-08T09:12:33.335+0000] {dag.py:3239} INFO - Sync 1 DAGs
[2024-10-08T09:12:33.368+0000] {logging_mixin.py:190} INFO - [2024-10-08T09:12:33.367+0000] {dag.py:4180} INFO - Setting next_dagrun for example_sla_dag to 2024-10-08 09:10:00+00:00, run_after=2024-10-08 09:12:00+00:00
[2024-10-08T09:12:33.403+0000] {processor.py:208} INFO - Processing /root/miniconda3/envs/project/lib/python3.8/site-packages/airflow/example_dags/example_sla_dag.py took 0.127 seconds
[2024-10-08T09:13:41.880+0000] {processor.py:186} INFO - Started process (PID=222406) to work on /root/miniconda3/envs/project/lib/python3.8/site-packages/airflow/example_dags/example_sla_dag.py
[2024-10-08T09:13:41.883+0000] {processor.py:914} INFO - Processing file /root/miniconda3/envs/project/lib/python3.8/site-packages/airflow/example_dags/example_sla_dag.py for tasks to queue
[2024-10-08T09:13:41.887+0000] {logging_mixin.py:190} INFO - [2024-10-08T09:13:41.887+0000] {dagbag.py:588} INFO - Filling up the DagBag from /root/miniconda3/envs/project/lib/python3.8/site-packages/airflow/example_dags/example_sla_dag.py
[2024-10-08T09:13:41.904+0000] {processor.py:925} INFO - DAG(s) 'example_sla_dag' retrieved from /root/miniconda3/envs/project/lib/python3.8/site-packages/airflow/example_dags/example_sla_dag.py
[2024-10-08T09:13:41.928+0000] {logging_mixin.py:190} INFO - [2024-10-08T09:13:41.928+0000] {dag.py:3239} INFO - Sync 1 DAGs
[2024-10-08T09:13:41.961+0000] {logging_mixin.py:190} INFO - [2024-10-08T09:13:41.961+0000] {dag.py:4180} INFO - Setting next_dagrun for example_sla_dag to 2024-10-08 09:10:00+00:00, run_after=2024-10-08 09:12:00+00:00
[2024-10-08T09:13:41.994+0000] {processor.py:208} INFO - Processing /root/miniconda3/envs/project/lib/python3.8/site-packages/airflow/example_dags/example_sla_dag.py took 0.125 seconds
[2024-10-08T09:14:41.976+0000] {processor.py:186} INFO - Started process (PID=222608) to work on /root/miniconda3/envs/project/lib/python3.8/site-packages/airflow/example_dags/example_sla_dag.py
[2024-10-08T09:14:41.979+0000] {processor.py:914} INFO - Processing file /root/miniconda3/envs/project/lib/python3.8/site-packages/airflow/example_dags/example_sla_dag.py for tasks to queue
[2024-10-08T09:14:41.982+0000] {logging_mixin.py:190} INFO - [2024-10-08T09:14:41.982+0000] {dagbag.py:588} INFO - Filling up the DagBag from /root/miniconda3/envs/project/lib/python3.8/site-packages/airflow/example_dags/example_sla_dag.py
[2024-10-08T09:14:41.999+0000] {processor.py:925} INFO - DAG(s) 'example_sla_dag' retrieved from /root/miniconda3/envs/project/lib/python3.8/site-packages/airflow/example_dags/example_sla_dag.py
[2024-10-08T09:14:42.023+0000] {logging_mixin.py:190} INFO - [2024-10-08T09:14:42.023+0000] {dag.py:3239} INFO - Sync 1 DAGs
[2024-10-08T09:14:42.056+0000] {logging_mixin.py:190} INFO - [2024-10-08T09:14:42.056+0000] {dag.py:4180} INFO - Setting next_dagrun for example_sla_dag to 2024-10-08 09:12:00+00:00, run_after=2024-10-08 09:14:00+00:00
[2024-10-08T09:14:42.088+0000] {processor.py:208} INFO - Processing /root/miniconda3/envs/project/lib/python3.8/site-packages/airflow/example_dags/example_sla_dag.py took 0.124 seconds
[2024-10-08T09:15:57.485+0000] {processor.py:186} INFO - Started process (PID=222965) to work on /root/miniconda3/envs/project/lib/python3.8/site-packages/airflow/example_dags/example_sla_dag.py
[2024-10-08T09:15:57.488+0000] {processor.py:914} INFO - Processing file /root/miniconda3/envs/project/lib/python3.8/site-packages/airflow/example_dags/example_sla_dag.py for tasks to queue
[2024-10-08T09:15:57.491+0000] {logging_mixin.py:190} INFO - [2024-10-08T09:15:57.491+0000] {dagbag.py:588} INFO - Filling up the DagBag from /root/miniconda3/envs/project/lib/python3.8/site-packages/airflow/example_dags/example_sla_dag.py
[2024-10-08T09:15:57.508+0000] {processor.py:925} INFO - DAG(s) 'example_sla_dag' retrieved from /root/miniconda3/envs/project/lib/python3.8/site-packages/airflow/example_dags/example_sla_dag.py
[2024-10-08T09:15:57.531+0000] {logging_mixin.py:190} INFO - [2024-10-08T09:15:57.531+0000] {dag.py:3239} INFO - Sync 1 DAGs
[2024-10-08T09:15:57.564+0000] {logging_mixin.py:190} INFO - [2024-10-08T09:15:57.563+0000] {dag.py:4180} INFO - Setting next_dagrun for example_sla_dag to 2024-10-08 09:12:00+00:00, run_after=2024-10-08 09:14:00+00:00
[2024-10-08T09:15:57.596+0000] {processor.py:208} INFO - Processing /root/miniconda3/envs/project/lib/python3.8/site-packages/airflow/example_dags/example_sla_dag.py took 0.121 seconds
[2024-10-08T09:17:08.364+0000] {processor.py:186} INFO - Started process (PID=223197) to work on /root/miniconda3/envs/project/lib/python3.8/site-packages/airflow/example_dags/example_sla_dag.py
[2024-10-08T09:17:08.367+0000] {processor.py:914} INFO - Processing file /root/miniconda3/envs/project/lib/python3.8/site-packages/airflow/example_dags/example_sla_dag.py for tasks to queue
[2024-10-08T09:17:08.371+0000] {logging_mixin.py:190} INFO - [2024-10-08T09:17:08.370+0000] {dagbag.py:588} INFO - Filling up the DagBag from /root/miniconda3/envs/project/lib/python3.8/site-packages/airflow/example_dags/example_sla_dag.py
[2024-10-08T09:17:08.387+0000] {processor.py:925} INFO - DAG(s) 'example_sla_dag' retrieved from /root/miniconda3/envs/project/lib/python3.8/site-packages/airflow/example_dags/example_sla_dag.py
[2024-10-08T09:17:08.410+0000] {logging_mixin.py:190} INFO - [2024-10-08T09:17:08.410+0000] {dag.py:3239} INFO - Sync 1 DAGs
[2024-10-08T09:17:08.443+0000] {logging_mixin.py:190} INFO - [2024-10-08T09:17:08.443+0000] {dag.py:4180} INFO - Setting next_dagrun for example_sla_dag to 2024-10-08 09:14:00+00:00, run_after=2024-10-08 09:16:00+00:00
[2024-10-08T09:17:08.477+0000] {processor.py:208} INFO - Processing /root/miniconda3/envs/project/lib/python3.8/site-packages/airflow/example_dags/example_sla_dag.py took 0.124 seconds
[2024-10-08T09:18:16.651+0000] {processor.py:186} INFO - Started process (PID=223424) to work on /root/miniconda3/envs/project/lib/python3.8/site-packages/airflow/example_dags/example_sla_dag.py
[2024-10-08T09:18:16.654+0000] {processor.py:914} INFO - Processing file /root/miniconda3/envs/project/lib/python3.8/site-packages/airflow/example_dags/example_sla_dag.py for tasks to queue
[2024-10-08T09:18:16.657+0000] {logging_mixin.py:190} INFO - [2024-10-08T09:18:16.657+0000] {dagbag.py:588} INFO - Filling up the DagBag from /root/miniconda3/envs/project/lib/python3.8/site-packages/airflow/example_dags/example_sla_dag.py
[2024-10-08T09:18:16.674+0000] {processor.py:925} INFO - DAG(s) 'example_sla_dag' retrieved from /root/miniconda3/envs/project/lib/python3.8/site-packages/airflow/example_dags/example_sla_dag.py
[2024-10-08T09:18:16.696+0000] {logging_mixin.py:190} INFO - [2024-10-08T09:18:16.696+0000] {dag.py:3239} INFO - Sync 1 DAGs
[2024-10-08T09:18:16.728+0000] {logging_mixin.py:190} INFO - [2024-10-08T09:18:16.727+0000] {dag.py:4180} INFO - Setting next_dagrun for example_sla_dag to 2024-10-08 09:16:00+00:00, run_after=2024-10-08 09:18:00+00:00
[2024-10-08T09:18:16.759+0000] {processor.py:208} INFO - Processing /root/miniconda3/envs/project/lib/python3.8/site-packages/airflow/example_dags/example_sla_dag.py took 0.120 seconds
[2024-10-08T09:19:32.257+0000] {processor.py:186} INFO - Started process (PID=223660) to work on /root/miniconda3/envs/project/lib/python3.8/site-packages/airflow/example_dags/example_sla_dag.py
[2024-10-08T09:19:32.260+0000] {processor.py:914} INFO - Processing file /root/miniconda3/envs/project/lib/python3.8/site-packages/airflow/example_dags/example_sla_dag.py for tasks to queue
[2024-10-08T09:19:32.263+0000] {logging_mixin.py:190} INFO - [2024-10-08T09:19:32.262+0000] {dagbag.py:588} INFO - Filling up the DagBag from /root/miniconda3/envs/project/lib/python3.8/site-packages/airflow/example_dags/example_sla_dag.py
[2024-10-08T09:19:32.279+0000] {processor.py:925} INFO - DAG(s) 'example_sla_dag' retrieved from /root/miniconda3/envs/project/lib/python3.8/site-packages/airflow/example_dags/example_sla_dag.py
[2024-10-08T09:19:32.302+0000] {logging_mixin.py:190} INFO - [2024-10-08T09:19:32.301+0000] {dag.py:3239} INFO - Sync 1 DAGs
[2024-10-08T09:19:32.334+0000] {logging_mixin.py:190} INFO - [2024-10-08T09:19:32.334+0000] {dag.py:4180} INFO - Setting next_dagrun for example_sla_dag to 2024-10-08 09:16:00+00:00, run_after=2024-10-08 09:18:00+00:00
[2024-10-08T09:19:32.370+0000] {processor.py:208} INFO - Processing /root/miniconda3/envs/project/lib/python3.8/site-packages/airflow/example_dags/example_sla_dag.py took 0.124 seconds
[2024-10-08T09:20:41.215+0000] {processor.py:186} INFO - Started process (PID=223946) to work on /root/miniconda3/envs/project/lib/python3.8/site-packages/airflow/example_dags/example_sla_dag.py
[2024-10-08T09:20:41.218+0000] {processor.py:914} INFO - Processing file /root/miniconda3/envs/project/lib/python3.8/site-packages/airflow/example_dags/example_sla_dag.py for tasks to queue
[2024-10-08T09:20:41.222+0000] {logging_mixin.py:190} INFO - [2024-10-08T09:20:41.221+0000] {dagbag.py:588} INFO - Filling up the DagBag from /root/miniconda3/envs/project/lib/python3.8/site-packages/airflow/example_dags/example_sla_dag.py
[2024-10-08T09:20:41.238+0000] {processor.py:925} INFO - DAG(s) 'example_sla_dag' retrieved from /root/miniconda3/envs/project/lib/python3.8/site-packages/airflow/example_dags/example_sla_dag.py
[2024-10-08T09:20:41.261+0000] {logging_mixin.py:190} INFO - [2024-10-08T09:20:41.261+0000] {dag.py:3239} INFO - Sync 1 DAGs
[2024-10-08T09:20:41.293+0000] {logging_mixin.py:190} INFO - [2024-10-08T09:20:41.293+0000] {dag.py:4180} INFO - Setting next_dagrun for example_sla_dag to 2024-10-08 09:18:00+00:00, run_after=2024-10-08 09:20:00+00:00
[2024-10-08T09:20:41.330+0000] {processor.py:208} INFO - Processing /root/miniconda3/envs/project/lib/python3.8/site-packages/airflow/example_dags/example_sla_dag.py took 0.125 seconds
[2024-10-08T09:21:56.536+0000] {processor.py:186} INFO - Started process (PID=224242) to work on /root/miniconda3/envs/project/lib/python3.8/site-packages/airflow/example_dags/example_sla_dag.py
[2024-10-08T09:21:56.539+0000] {processor.py:914} INFO - Processing file /root/miniconda3/envs/project/lib/python3.8/site-packages/airflow/example_dags/example_sla_dag.py for tasks to queue
[2024-10-08T09:21:56.542+0000] {logging_mixin.py:190} INFO - [2024-10-08T09:21:56.541+0000] {dagbag.py:588} INFO - Filling up the DagBag from /root/miniconda3/envs/project/lib/python3.8/site-packages/airflow/example_dags/example_sla_dag.py
[2024-10-08T09:21:56.559+0000] {processor.py:925} INFO - DAG(s) 'example_sla_dag' retrieved from /root/miniconda3/envs/project/lib/python3.8/site-packages/airflow/example_dags/example_sla_dag.py
[2024-10-08T09:21:56.582+0000] {logging_mixin.py:190} INFO - [2024-10-08T09:21:56.581+0000] {dag.py:3239} INFO - Sync 1 DAGs
[2024-10-08T09:21:56.614+0000] {logging_mixin.py:190} INFO - [2024-10-08T09:21:56.614+0000] {dag.py:4180} INFO - Setting next_dagrun for example_sla_dag to 2024-10-08 09:18:00+00:00, run_after=2024-10-08 09:20:00+00:00
[2024-10-08T09:21:56.644+0000] {processor.py:208} INFO - Processing /root/miniconda3/envs/project/lib/python3.8/site-packages/airflow/example_dags/example_sla_dag.py took 0.121 seconds
[2024-10-08T09:23:03.818+0000] {processor.py:186} INFO - Started process (PID=224469) to work on /root/miniconda3/envs/project/lib/python3.8/site-packages/airflow/example_dags/example_sla_dag.py
[2024-10-08T09:23:03.821+0000] {processor.py:914} INFO - Processing file /root/miniconda3/envs/project/lib/python3.8/site-packages/airflow/example_dags/example_sla_dag.py for tasks to queue
[2024-10-08T09:23:03.824+0000] {logging_mixin.py:190} INFO - [2024-10-08T09:23:03.824+0000] {dagbag.py:588} INFO - Filling up the DagBag from /root/miniconda3/envs/project/lib/python3.8/site-packages/airflow/example_dags/example_sla_dag.py
[2024-10-08T09:23:03.841+0000] {processor.py:925} INFO - DAG(s) 'example_sla_dag' retrieved from /root/miniconda3/envs/project/lib/python3.8/site-packages/airflow/example_dags/example_sla_dag.py
[2024-10-08T09:23:03.865+0000] {logging_mixin.py:190} INFO - [2024-10-08T09:23:03.864+0000] {dag.py:3239} INFO - Sync 1 DAGs
[2024-10-08T09:23:03.897+0000] {logging_mixin.py:190} INFO - [2024-10-08T09:23:03.896+0000] {dag.py:4180} INFO - Setting next_dagrun for example_sla_dag to 2024-10-08 09:20:00+00:00, run_after=2024-10-08 09:22:00+00:00
[2024-10-08T09:23:03.929+0000] {processor.py:208} INFO - Processing /root/miniconda3/envs/project/lib/python3.8/site-packages/airflow/example_dags/example_sla_dag.py took 0.124 seconds
[2024-10-08T09:24:14.586+0000] {processor.py:186} INFO - Started process (PID=224660) to work on /root/miniconda3/envs/project/lib/python3.8/site-packages/airflow/example_dags/example_sla_dag.py
[2024-10-08T09:24:14.589+0000] {processor.py:914} INFO - Processing file /root/miniconda3/envs/project/lib/python3.8/site-packages/airflow/example_dags/example_sla_dag.py for tasks to queue
[2024-10-08T09:24:14.592+0000] {logging_mixin.py:190} INFO - [2024-10-08T09:24:14.592+0000] {dagbag.py:588} INFO - Filling up the DagBag from /root/miniconda3/envs/project/lib/python3.8/site-packages/airflow/example_dags/example_sla_dag.py
[2024-10-08T09:24:14.608+0000] {processor.py:925} INFO - DAG(s) 'example_sla_dag' retrieved from /root/miniconda3/envs/project/lib/python3.8/site-packages/airflow/example_dags/example_sla_dag.py
[2024-10-08T09:24:14.631+0000] {logging_mixin.py:190} INFO - [2024-10-08T09:24:14.631+0000] {dag.py:3239} INFO - Sync 1 DAGs
[2024-10-08T09:24:14.664+0000] {logging_mixin.py:190} INFO - [2024-10-08T09:24:14.663+0000] {dag.py:4180} INFO - Setting next_dagrun for example_sla_dag to 2024-10-08 09:22:00+00:00, run_after=2024-10-08 09:24:00+00:00
[2024-10-08T09:24:14.698+0000] {processor.py:208} INFO - Processing /root/miniconda3/envs/project/lib/python3.8/site-packages/airflow/example_dags/example_sla_dag.py took 0.122 seconds
[2024-10-08T09:25:24.168+0000] {processor.py:186} INFO - Started process (PID=225422) to work on /root/miniconda3/envs/project/lib/python3.8/site-packages/airflow/example_dags/example_sla_dag.py
[2024-10-08T09:25:24.171+0000] {processor.py:914} INFO - Processing file /root/miniconda3/envs/project/lib/python3.8/site-packages/airflow/example_dags/example_sla_dag.py for tasks to queue
[2024-10-08T09:25:24.176+0000] {logging_mixin.py:190} INFO - [2024-10-08T09:25:24.175+0000] {dagbag.py:588} INFO - Filling up the DagBag from /root/miniconda3/envs/project/lib/python3.8/site-packages/airflow/example_dags/example_sla_dag.py
[2024-10-08T09:25:24.194+0000] {processor.py:925} INFO - DAG(s) 'example_sla_dag' retrieved from /root/miniconda3/envs/project/lib/python3.8/site-packages/airflow/example_dags/example_sla_dag.py
[2024-10-08T09:25:24.219+0000] {logging_mixin.py:190} INFO - [2024-10-08T09:25:24.219+0000] {dag.py:3239} INFO - Sync 1 DAGs
[2024-10-08T09:25:24.259+0000] {logging_mixin.py:190} INFO - [2024-10-08T09:25:24.259+0000] {dag.py:4180} INFO - Setting next_dagrun for example_sla_dag to 2024-10-08 09:22:00+00:00, run_after=2024-10-08 09:24:00+00:00
[2024-10-08T09:25:24.298+0000] {processor.py:208} INFO - Processing /root/miniconda3/envs/project/lib/python3.8/site-packages/airflow/example_dags/example_sla_dag.py took 0.141 seconds
[2024-10-08T09:26:33.774+0000] {processor.py:186} INFO - Started process (PID=225754) to work on /root/miniconda3/envs/project/lib/python3.8/site-packages/airflow/example_dags/example_sla_dag.py
[2024-10-08T09:26:33.777+0000] {processor.py:914} INFO - Processing file /root/miniconda3/envs/project/lib/python3.8/site-packages/airflow/example_dags/example_sla_dag.py for tasks to queue
[2024-10-08T09:26:33.781+0000] {logging_mixin.py:190} INFO - [2024-10-08T09:26:33.780+0000] {dagbag.py:588} INFO - Filling up the DagBag from /root/miniconda3/envs/project/lib/python3.8/site-packages/airflow/example_dags/example_sla_dag.py
[2024-10-08T09:26:33.798+0000] {processor.py:925} INFO - DAG(s) 'example_sla_dag' retrieved from /root/miniconda3/envs/project/lib/python3.8/site-packages/airflow/example_dags/example_sla_dag.py
[2024-10-08T09:26:33.822+0000] {logging_mixin.py:190} INFO - [2024-10-08T09:26:33.822+0000] {dag.py:3239} INFO - Sync 1 DAGs
[2024-10-08T09:26:33.857+0000] {logging_mixin.py:190} INFO - [2024-10-08T09:26:33.856+0000] {dag.py:4180} INFO - Setting next_dagrun for example_sla_dag to 2024-10-08 09:24:00+00:00, run_after=2024-10-08 09:26:00+00:00
[2024-10-08T09:26:33.891+0000] {processor.py:208} INFO - Processing /root/miniconda3/envs/project/lib/python3.8/site-packages/airflow/example_dags/example_sla_dag.py took 0.129 seconds
[2024-10-08T09:27:46.751+0000] {processor.py:186} INFO - Started process (PID=226318) to work on /root/miniconda3/envs/project/lib/python3.8/site-packages/airflow/example_dags/example_sla_dag.py
[2024-10-08T09:27:46.754+0000] {processor.py:914} INFO - Processing file /root/miniconda3/envs/project/lib/python3.8/site-packages/airflow/example_dags/example_sla_dag.py for tasks to queue
[2024-10-08T09:27:46.759+0000] {logging_mixin.py:190} INFO - [2024-10-08T09:27:46.758+0000] {dagbag.py:588} INFO - Filling up the DagBag from /root/miniconda3/envs/project/lib/python3.8/site-packages/airflow/example_dags/example_sla_dag.py
[2024-10-08T09:27:46.776+0000] {processor.py:925} INFO - DAG(s) 'example_sla_dag' retrieved from /root/miniconda3/envs/project/lib/python3.8/site-packages/airflow/example_dags/example_sla_dag.py
[2024-10-08T09:27:46.798+0000] {logging_mixin.py:190} INFO - [2024-10-08T09:27:46.798+0000] {dag.py:3239} INFO - Sync 1 DAGs
[2024-10-08T09:27:46.830+0000] {logging_mixin.py:190} INFO - [2024-10-08T09:27:46.830+0000] {dag.py:4180} INFO - Setting next_dagrun for example_sla_dag to 2024-10-08 09:24:00+00:00, run_after=2024-10-08 09:26:00+00:00
[2024-10-08T09:27:46.861+0000] {processor.py:208} INFO - Processing /root/miniconda3/envs/project/lib/python3.8/site-packages/airflow/example_dags/example_sla_dag.py took 0.120 seconds
[2024-10-08T09:28:58.196+0000] {processor.py:186} INFO - Started process (PID=226852) to work on /root/miniconda3/envs/project/lib/python3.8/site-packages/airflow/example_dags/example_sla_dag.py
[2024-10-08T09:28:58.199+0000] {processor.py:914} INFO - Processing file /root/miniconda3/envs/project/lib/python3.8/site-packages/airflow/example_dags/example_sla_dag.py for tasks to queue
[2024-10-08T09:28:58.202+0000] {logging_mixin.py:190} INFO - [2024-10-08T09:28:58.202+0000] {dagbag.py:588} INFO - Filling up the DagBag from /root/miniconda3/envs/project/lib/python3.8/site-packages/airflow/example_dags/example_sla_dag.py
[2024-10-08T09:28:58.218+0000] {processor.py:925} INFO - DAG(s) 'example_sla_dag' retrieved from /root/miniconda3/envs/project/lib/python3.8/site-packages/airflow/example_dags/example_sla_dag.py
[2024-10-08T09:28:58.353+0000] {logging_mixin.py:190} INFO - [2024-10-08T09:28:58.353+0000] {dag.py:3239} INFO - Sync 1 DAGs
[2024-10-08T09:28:58.384+0000] {logging_mixin.py:190} INFO - [2024-10-08T09:28:58.384+0000] {dag.py:4180} INFO - Setting next_dagrun for example_sla_dag to 2024-10-08 09:26:00+00:00, run_after=2024-10-08 09:28:00+00:00
[2024-10-08T09:28:58.422+0000] {processor.py:208} INFO - Processing /root/miniconda3/envs/project/lib/python3.8/site-packages/airflow/example_dags/example_sla_dag.py took 0.238 seconds
[2024-10-08T09:30:19.672+0000] {processor.py:186} INFO - Started process (PID=227707) to work on /root/miniconda3/envs/project/lib/python3.8/site-packages/airflow/example_dags/example_sla_dag.py
[2024-10-08T09:30:19.675+0000] {processor.py:914} INFO - Processing file /root/miniconda3/envs/project/lib/python3.8/site-packages/airflow/example_dags/example_sla_dag.py for tasks to queue
[2024-10-08T09:30:19.679+0000] {logging_mixin.py:190} INFO - [2024-10-08T09:30:19.678+0000] {dagbag.py:588} INFO - Filling up the DagBag from /root/miniconda3/envs/project/lib/python3.8/site-packages/airflow/example_dags/example_sla_dag.py
[2024-10-08T09:30:19.697+0000] {processor.py:925} INFO - DAG(s) 'example_sla_dag' retrieved from /root/miniconda3/envs/project/lib/python3.8/site-packages/airflow/example_dags/example_sla_dag.py
[2024-10-08T09:30:19.839+0000] {logging_mixin.py:190} INFO - [2024-10-08T09:30:19.839+0000] {dag.py:3239} INFO - Sync 1 DAGs
[2024-10-08T09:30:19.870+0000] {logging_mixin.py:190} INFO - [2024-10-08T09:30:19.870+0000] {dag.py:4180} INFO - Setting next_dagrun for example_sla_dag to 2024-10-08 09:28:00+00:00, run_after=2024-10-08 09:30:00+00:00
[2024-10-08T09:30:19.906+0000] {processor.py:208} INFO - Processing /root/miniconda3/envs/project/lib/python3.8/site-packages/airflow/example_dags/example_sla_dag.py took 0.245 seconds
[2024-10-08T09:31:52.065+0000] {processor.py:186} INFO - Started process (PID=228821) to work on /root/miniconda3/envs/project/lib/python3.8/site-packages/airflow/example_dags/example_sla_dag.py
[2024-10-08T09:31:52.068+0000] {processor.py:914} INFO - Processing file /root/miniconda3/envs/project/lib/python3.8/site-packages/airflow/example_dags/example_sla_dag.py for tasks to queue
[2024-10-08T09:31:52.072+0000] {logging_mixin.py:190} INFO - [2024-10-08T09:31:52.071+0000] {dagbag.py:588} INFO - Filling up the DagBag from /root/miniconda3/envs/project/lib/python3.8/site-packages/airflow/example_dags/example_sla_dag.py
[2024-10-08T09:31:52.088+0000] {processor.py:925} INFO - DAG(s) 'example_sla_dag' retrieved from /root/miniconda3/envs/project/lib/python3.8/site-packages/airflow/example_dags/example_sla_dag.py
[2024-10-08T09:31:52.111+0000] {logging_mixin.py:190} INFO - [2024-10-08T09:31:52.110+0000] {dag.py:3239} INFO - Sync 1 DAGs
[2024-10-08T09:31:52.143+0000] {logging_mixin.py:190} INFO - [2024-10-08T09:31:52.143+0000] {dag.py:4180} INFO - Setting next_dagrun for example_sla_dag to 2024-10-08 09:28:00+00:00, run_after=2024-10-08 09:30:00+00:00
[2024-10-08T09:31:52.176+0000] {processor.py:208} INFO - Processing /root/miniconda3/envs/project/lib/python3.8/site-packages/airflow/example_dags/example_sla_dag.py took 0.121 seconds
[2024-10-08T09:33:04.019+0000] {processor.py:186} INFO - Started process (PID=229249) to work on /root/miniconda3/envs/project/lib/python3.8/site-packages/airflow/example_dags/example_sla_dag.py
[2024-10-08T09:33:04.022+0000] {processor.py:914} INFO - Processing file /root/miniconda3/envs/project/lib/python3.8/site-packages/airflow/example_dags/example_sla_dag.py for tasks to queue
[2024-10-08T09:33:04.025+0000] {logging_mixin.py:190} INFO - [2024-10-08T09:33:04.025+0000] {dagbag.py:588} INFO - Filling up the DagBag from /root/miniconda3/envs/project/lib/python3.8/site-packages/airflow/example_dags/example_sla_dag.py
[2024-10-08T09:33:04.043+0000] {processor.py:925} INFO - DAG(s) 'example_sla_dag' retrieved from /root/miniconda3/envs/project/lib/python3.8/site-packages/airflow/example_dags/example_sla_dag.py
[2024-10-08T09:33:04.069+0000] {logging_mixin.py:190} INFO - [2024-10-08T09:33:04.068+0000] {dag.py:3239} INFO - Sync 1 DAGs
[2024-10-08T09:33:04.100+0000] {logging_mixin.py:190} INFO - [2024-10-08T09:33:04.100+0000] {dag.py:4180} INFO - Setting next_dagrun for example_sla_dag to 2024-10-08 09:30:00+00:00, run_after=2024-10-08 09:32:00+00:00
[2024-10-08T09:33:04.132+0000] {processor.py:208} INFO - Processing /root/miniconda3/envs/project/lib/python3.8/site-packages/airflow/example_dags/example_sla_dag.py took 0.123 seconds
