[2024-10-08T07:57:24.211+0000] {processor.py:186} INFO - Started process (PID=207103) to work on /root/miniconda3/envs/project/lib/python3.8/site-packages/airflow/example_dags/example_skip_dag.py
[2024-10-08T07:57:24.212+0000] {processor.py:914} INFO - Processing file /root/miniconda3/envs/project/lib/python3.8/site-packages/airflow/example_dags/example_skip_dag.py for tasks to queue
[2024-10-08T07:57:24.216+0000] {logging_mixin.py:190} INFO - [2024-10-08T07:57:24.215+0000] {dagbag.py:588} INFO - Filling up the DagBag from /root/miniconda3/envs/project/lib/python3.8/site-packages/airflow/example_dags/example_skip_dag.py
[2024-10-08T07:57:24.228+0000] {processor.py:925} INFO - DAG(s) 'example_skip_dag' retrieved from /root/miniconda3/envs/project/lib/python3.8/site-packages/airflow/example_dags/example_skip_dag.py
[2024-10-08T07:57:24.378+0000] {logging_mixin.py:190} INFO - [2024-10-08T07:57:24.377+0000] {override.py:1901} INFO - Created Permission View: can delete on DAG:example_skip_dag
[2024-10-08T07:57:24.400+0000] {logging_mixin.py:190} INFO - [2024-10-08T07:57:24.400+0000] {override.py:1901} INFO - Created Permission View: can read on DAG:example_skip_dag
[2024-10-08T07:57:24.415+0000] {logging_mixin.py:190} INFO - [2024-10-08T07:57:24.415+0000] {override.py:1901} INFO - Created Permission View: can edit on DAG:example_skip_dag
[2024-10-08T07:57:24.438+0000] {logging_mixin.py:190} INFO - [2024-10-08T07:57:24.438+0000] {override.py:1901} INFO - Created Permission View: can delete on DAG Run:example_skip_dag
[2024-10-08T07:57:24.455+0000] {logging_mixin.py:190} INFO - [2024-10-08T07:57:24.454+0000] {override.py:1901} INFO - Created Permission View: menu access on DAG Run:example_skip_dag
[2024-10-08T07:57:24.471+0000] {logging_mixin.py:190} INFO - [2024-10-08T07:57:24.470+0000] {override.py:1901} INFO - Created Permission View: can create on DAG Run:example_skip_dag
[2024-10-08T07:57:24.485+0000] {logging_mixin.py:190} INFO - [2024-10-08T07:57:24.484+0000] {override.py:1901} INFO - Created Permission View: can read on DAG Run:example_skip_dag
[2024-10-08T07:57:24.485+0000] {logging_mixin.py:190} INFO - [2024-10-08T07:57:24.485+0000] {dag.py:3239} INFO - Sync 1 DAGs
[2024-10-08T07:57:24.510+0000] {logging_mixin.py:190} INFO - [2024-10-08T07:57:24.510+0000] {dag.py:3262} INFO - Creating ORM DAG for example_skip_dag
[2024-10-08T07:57:24.522+0000] {logging_mixin.py:190} INFO - [2024-10-08T07:57:24.522+0000] {dag.py:4180} INFO - Setting next_dagrun for example_skip_dag to 2024-10-07 00:00:00+00:00, run_after=2024-10-08 00:00:00+00:00
[2024-10-08T07:57:24.555+0000] {processor.py:208} INFO - Processing /root/miniconda3/envs/project/lib/python3.8/site-packages/airflow/example_dags/example_skip_dag.py took 0.356 seconds
[2024-10-08T07:58:37.814+0000] {processor.py:186} INFO - Started process (PID=207305) to work on /root/miniconda3/envs/project/lib/python3.8/site-packages/airflow/example_dags/example_skip_dag.py
[2024-10-08T07:58:37.817+0000] {processor.py:914} INFO - Processing file /root/miniconda3/envs/project/lib/python3.8/site-packages/airflow/example_dags/example_skip_dag.py for tasks to queue
[2024-10-08T07:58:37.821+0000] {logging_mixin.py:190} INFO - [2024-10-08T07:58:37.820+0000] {dagbag.py:588} INFO - Filling up the DagBag from /root/miniconda3/envs/project/lib/python3.8/site-packages/airflow/example_dags/example_skip_dag.py
[2024-10-08T07:58:37.832+0000] {processor.py:925} INFO - DAG(s) 'example_skip_dag' retrieved from /root/miniconda3/envs/project/lib/python3.8/site-packages/airflow/example_dags/example_skip_dag.py
[2024-10-08T07:58:37.858+0000] {logging_mixin.py:190} INFO - [2024-10-08T07:58:37.858+0000] {dag.py:3239} INFO - Sync 1 DAGs
[2024-10-08T07:58:37.886+0000] {logging_mixin.py:190} INFO - [2024-10-08T07:58:37.886+0000] {dag.py:4180} INFO - Setting next_dagrun for example_skip_dag to 2024-10-07 00:00:00+00:00, run_after=2024-10-08 00:00:00+00:00
[2024-10-08T07:58:37.916+0000] {processor.py:208} INFO - Processing /root/miniconda3/envs/project/lib/python3.8/site-packages/airflow/example_dags/example_skip_dag.py took 0.113 seconds
[2024-10-08T07:59:50.875+0000] {processor.py:186} INFO - Started process (PID=207564) to work on /root/miniconda3/envs/project/lib/python3.8/site-packages/airflow/example_dags/example_skip_dag.py
[2024-10-08T07:59:50.878+0000] {processor.py:914} INFO - Processing file /root/miniconda3/envs/project/lib/python3.8/site-packages/airflow/example_dags/example_skip_dag.py for tasks to queue
[2024-10-08T07:59:50.882+0000] {logging_mixin.py:190} INFO - [2024-10-08T07:59:50.881+0000] {dagbag.py:588} INFO - Filling up the DagBag from /root/miniconda3/envs/project/lib/python3.8/site-packages/airflow/example_dags/example_skip_dag.py
[2024-10-08T07:59:50.893+0000] {processor.py:925} INFO - DAG(s) 'example_skip_dag' retrieved from /root/miniconda3/envs/project/lib/python3.8/site-packages/airflow/example_dags/example_skip_dag.py
[2024-10-08T07:59:50.919+0000] {logging_mixin.py:190} INFO - [2024-10-08T07:59:50.919+0000] {dag.py:3239} INFO - Sync 1 DAGs
[2024-10-08T07:59:50.947+0000] {logging_mixin.py:190} INFO - [2024-10-08T07:59:50.947+0000] {dag.py:4180} INFO - Setting next_dagrun for example_skip_dag to 2024-10-07 00:00:00+00:00, run_after=2024-10-08 00:00:00+00:00
[2024-10-08T07:59:50.977+0000] {processor.py:208} INFO - Processing /root/miniconda3/envs/project/lib/python3.8/site-packages/airflow/example_dags/example_skip_dag.py took 0.113 seconds
[2024-10-08T08:01:00.066+0000] {processor.py:186} INFO - Started process (PID=207953) to work on /root/miniconda3/envs/project/lib/python3.8/site-packages/airflow/example_dags/example_skip_dag.py
[2024-10-08T08:01:00.069+0000] {processor.py:914} INFO - Processing file /root/miniconda3/envs/project/lib/python3.8/site-packages/airflow/example_dags/example_skip_dag.py for tasks to queue
[2024-10-08T08:01:00.073+0000] {logging_mixin.py:190} INFO - [2024-10-08T08:01:00.072+0000] {dagbag.py:588} INFO - Filling up the DagBag from /root/miniconda3/envs/project/lib/python3.8/site-packages/airflow/example_dags/example_skip_dag.py
[2024-10-08T08:01:00.084+0000] {processor.py:925} INFO - DAG(s) 'example_skip_dag' retrieved from /root/miniconda3/envs/project/lib/python3.8/site-packages/airflow/example_dags/example_skip_dag.py
[2024-10-08T08:01:00.110+0000] {logging_mixin.py:190} INFO - [2024-10-08T08:01:00.109+0000] {dag.py:3239} INFO - Sync 1 DAGs
[2024-10-08T08:01:00.137+0000] {logging_mixin.py:190} INFO - [2024-10-08T08:01:00.136+0000] {dag.py:4180} INFO - Setting next_dagrun for example_skip_dag to 2024-10-07 00:00:00+00:00, run_after=2024-10-08 00:00:00+00:00
[2024-10-08T08:01:00.168+0000] {processor.py:208} INFO - Processing /root/miniconda3/envs/project/lib/python3.8/site-packages/airflow/example_dags/example_skip_dag.py took 0.112 seconds
[2024-10-08T08:02:14.091+0000] {processor.py:186} INFO - Started process (PID=208210) to work on /root/miniconda3/envs/project/lib/python3.8/site-packages/airflow/example_dags/example_skip_dag.py
[2024-10-08T08:02:14.095+0000] {processor.py:914} INFO - Processing file /root/miniconda3/envs/project/lib/python3.8/site-packages/airflow/example_dags/example_skip_dag.py for tasks to queue
[2024-10-08T08:02:14.098+0000] {logging_mixin.py:190} INFO - [2024-10-08T08:02:14.098+0000] {dagbag.py:588} INFO - Filling up the DagBag from /root/miniconda3/envs/project/lib/python3.8/site-packages/airflow/example_dags/example_skip_dag.py
[2024-10-08T08:02:14.112+0000] {processor.py:925} INFO - DAG(s) 'example_skip_dag' retrieved from /root/miniconda3/envs/project/lib/python3.8/site-packages/airflow/example_dags/example_skip_dag.py
[2024-10-08T08:02:14.139+0000] {logging_mixin.py:190} INFO - [2024-10-08T08:02:14.139+0000] {dag.py:3239} INFO - Sync 1 DAGs
[2024-10-08T08:02:14.167+0000] {logging_mixin.py:190} INFO - [2024-10-08T08:02:14.167+0000] {dag.py:4180} INFO - Setting next_dagrun for example_skip_dag to 2024-10-07 00:00:00+00:00, run_after=2024-10-08 00:00:00+00:00
[2024-10-08T08:02:14.199+0000] {processor.py:208} INFO - Processing /root/miniconda3/envs/project/lib/python3.8/site-packages/airflow/example_dags/example_skip_dag.py took 0.120 seconds
[2024-10-08T08:03:24.828+0000] {processor.py:186} INFO - Started process (PID=208415) to work on /root/miniconda3/envs/project/lib/python3.8/site-packages/airflow/example_dags/example_skip_dag.py
[2024-10-08T08:03:24.831+0000] {processor.py:914} INFO - Processing file /root/miniconda3/envs/project/lib/python3.8/site-packages/airflow/example_dags/example_skip_dag.py for tasks to queue
[2024-10-08T08:03:24.834+0000] {logging_mixin.py:190} INFO - [2024-10-08T08:03:24.833+0000] {dagbag.py:588} INFO - Filling up the DagBag from /root/miniconda3/envs/project/lib/python3.8/site-packages/airflow/example_dags/example_skip_dag.py
[2024-10-08T08:03:24.846+0000] {processor.py:925} INFO - DAG(s) 'example_skip_dag' retrieved from /root/miniconda3/envs/project/lib/python3.8/site-packages/airflow/example_dags/example_skip_dag.py
[2024-10-08T08:03:24.872+0000] {logging_mixin.py:190} INFO - [2024-10-08T08:03:24.872+0000] {dag.py:3239} INFO - Sync 1 DAGs
[2024-10-08T08:03:24.900+0000] {logging_mixin.py:190} INFO - [2024-10-08T08:03:24.900+0000] {dag.py:4180} INFO - Setting next_dagrun for example_skip_dag to 2024-10-07 00:00:00+00:00, run_after=2024-10-08 00:00:00+00:00
[2024-10-08T08:03:24.935+0000] {processor.py:208} INFO - Processing /root/miniconda3/envs/project/lib/python3.8/site-packages/airflow/example_dags/example_skip_dag.py took 0.117 seconds
[2024-10-08T08:04:32.987+0000] {processor.py:186} INFO - Started process (PID=208618) to work on /root/miniconda3/envs/project/lib/python3.8/site-packages/airflow/example_dags/example_skip_dag.py
[2024-10-08T08:04:32.990+0000] {processor.py:914} INFO - Processing file /root/miniconda3/envs/project/lib/python3.8/site-packages/airflow/example_dags/example_skip_dag.py for tasks to queue
[2024-10-08T08:04:32.994+0000] {logging_mixin.py:190} INFO - [2024-10-08T08:04:32.993+0000] {dagbag.py:588} INFO - Filling up the DagBag from /root/miniconda3/envs/project/lib/python3.8/site-packages/airflow/example_dags/example_skip_dag.py
[2024-10-08T08:04:33.007+0000] {processor.py:925} INFO - DAG(s) 'example_skip_dag' retrieved from /root/miniconda3/envs/project/lib/python3.8/site-packages/airflow/example_dags/example_skip_dag.py
[2024-10-08T08:04:33.033+0000] {logging_mixin.py:190} INFO - [2024-10-08T08:04:33.033+0000] {dag.py:3239} INFO - Sync 1 DAGs
[2024-10-08T08:04:33.062+0000] {logging_mixin.py:190} INFO - [2024-10-08T08:04:33.062+0000] {dag.py:4180} INFO - Setting next_dagrun for example_skip_dag to 2024-10-07 00:00:00+00:00, run_after=2024-10-08 00:00:00+00:00
[2024-10-08T08:04:33.095+0000] {processor.py:208} INFO - Processing /root/miniconda3/envs/project/lib/python3.8/site-packages/airflow/example_dags/example_skip_dag.py took 0.120 seconds
[2024-10-08T08:05:34.952+0000] {processor.py:186} INFO - Started process (PID=208801) to work on /root/miniconda3/envs/project/lib/python3.8/site-packages/airflow/example_dags/example_skip_dag.py
[2024-10-08T08:05:34.955+0000] {processor.py:914} INFO - Processing file /root/miniconda3/envs/project/lib/python3.8/site-packages/airflow/example_dags/example_skip_dag.py for tasks to queue
[2024-10-08T08:05:34.959+0000] {logging_mixin.py:190} INFO - [2024-10-08T08:05:34.958+0000] {dagbag.py:588} INFO - Filling up the DagBag from /root/miniconda3/envs/project/lib/python3.8/site-packages/airflow/example_dags/example_skip_dag.py
[2024-10-08T08:05:34.974+0000] {processor.py:925} INFO - DAG(s) 'example_skip_dag' retrieved from /root/miniconda3/envs/project/lib/python3.8/site-packages/airflow/example_dags/example_skip_dag.py
[2024-10-08T08:05:35.007+0000] {logging_mixin.py:190} INFO - [2024-10-08T08:05:35.007+0000] {dag.py:3239} INFO - Sync 1 DAGs
[2024-10-08T08:05:35.044+0000] {logging_mixin.py:190} INFO - [2024-10-08T08:05:35.044+0000] {dag.py:4180} INFO - Setting next_dagrun for example_skip_dag to 2024-10-07 00:00:00+00:00, run_after=2024-10-08 00:00:00+00:00
[2024-10-08T08:05:35.078+0000] {processor.py:208} INFO - Processing /root/miniconda3/envs/project/lib/python3.8/site-packages/airflow/example_dags/example_skip_dag.py took 0.138 seconds
[2024-10-08T08:06:35.437+0000] {processor.py:186} INFO - Started process (PID=208982) to work on /root/miniconda3/envs/project/lib/python3.8/site-packages/airflow/example_dags/example_skip_dag.py
[2024-10-08T08:06:35.440+0000] {processor.py:914} INFO - Processing file /root/miniconda3/envs/project/lib/python3.8/site-packages/airflow/example_dags/example_skip_dag.py for tasks to queue
[2024-10-08T08:06:35.444+0000] {logging_mixin.py:190} INFO - [2024-10-08T08:06:35.443+0000] {dagbag.py:588} INFO - Filling up the DagBag from /root/miniconda3/envs/project/lib/python3.8/site-packages/airflow/example_dags/example_skip_dag.py
[2024-10-08T08:06:35.457+0000] {processor.py:925} INFO - DAG(s) 'example_skip_dag' retrieved from /root/miniconda3/envs/project/lib/python3.8/site-packages/airflow/example_dags/example_skip_dag.py
[2024-10-08T08:06:35.483+0000] {logging_mixin.py:190} INFO - [2024-10-08T08:06:35.483+0000] {dag.py:3239} INFO - Sync 1 DAGs
[2024-10-08T08:06:35.511+0000] {logging_mixin.py:190} INFO - [2024-10-08T08:06:35.511+0000] {dag.py:4180} INFO - Setting next_dagrun for example_skip_dag to 2024-10-07 00:00:00+00:00, run_after=2024-10-08 00:00:00+00:00
[2024-10-08T08:06:35.544+0000] {processor.py:208} INFO - Processing /root/miniconda3/envs/project/lib/python3.8/site-packages/airflow/example_dags/example_skip_dag.py took 0.118 seconds
[2024-10-08T08:07:44.996+0000] {processor.py:186} INFO - Started process (PID=209231) to work on /root/miniconda3/envs/project/lib/python3.8/site-packages/airflow/example_dags/example_skip_dag.py
[2024-10-08T08:07:44.999+0000] {processor.py:914} INFO - Processing file /root/miniconda3/envs/project/lib/python3.8/site-packages/airflow/example_dags/example_skip_dag.py for tasks to queue
[2024-10-08T08:07:45.002+0000] {logging_mixin.py:190} INFO - [2024-10-08T08:07:45.001+0000] {dagbag.py:588} INFO - Filling up the DagBag from /root/miniconda3/envs/project/lib/python3.8/site-packages/airflow/example_dags/example_skip_dag.py
[2024-10-08T08:07:45.015+0000] {processor.py:925} INFO - DAG(s) 'example_skip_dag' retrieved from /root/miniconda3/envs/project/lib/python3.8/site-packages/airflow/example_dags/example_skip_dag.py
[2024-10-08T08:07:45.041+0000] {logging_mixin.py:190} INFO - [2024-10-08T08:07:45.040+0000] {dag.py:3239} INFO - Sync 1 DAGs
[2024-10-08T08:07:45.071+0000] {logging_mixin.py:190} INFO - [2024-10-08T08:07:45.070+0000] {dag.py:4180} INFO - Setting next_dagrun for example_skip_dag to 2024-10-07 00:00:00+00:00, run_after=2024-10-08 00:00:00+00:00
[2024-10-08T08:07:45.102+0000] {processor.py:208} INFO - Processing /root/miniconda3/envs/project/lib/python3.8/site-packages/airflow/example_dags/example_skip_dag.py took 0.118 seconds
[2024-10-08T08:09:54.670+0000] {processor.py:186} INFO - Started process (PID=210061) to work on /root/miniconda3/envs/project/lib/python3.8/site-packages/airflow/example_dags/example_skip_dag.py
[2024-10-08T08:09:54.673+0000] {processor.py:914} INFO - Processing file /root/miniconda3/envs/project/lib/python3.8/site-packages/airflow/example_dags/example_skip_dag.py for tasks to queue
[2024-10-08T08:09:54.676+0000] {logging_mixin.py:190} INFO - [2024-10-08T08:09:54.676+0000] {dagbag.py:588} INFO - Filling up the DagBag from /root/miniconda3/envs/project/lib/python3.8/site-packages/airflow/example_dags/example_skip_dag.py
[2024-10-08T08:09:54.688+0000] {processor.py:925} INFO - DAG(s) 'example_skip_dag' retrieved from /root/miniconda3/envs/project/lib/python3.8/site-packages/airflow/example_dags/example_skip_dag.py
[2024-10-08T08:09:54.716+0000] {logging_mixin.py:190} INFO - [2024-10-08T08:09:54.716+0000] {dag.py:3239} INFO - Sync 1 DAGs
[2024-10-08T08:09:54.743+0000] {logging_mixin.py:190} INFO - [2024-10-08T08:09:54.743+0000] {dag.py:4180} INFO - Setting next_dagrun for example_skip_dag to 2024-10-07 00:00:00+00:00, run_after=2024-10-08 00:00:00+00:00
[2024-10-08T08:09:54.776+0000] {processor.py:208} INFO - Processing /root/miniconda3/envs/project/lib/python3.8/site-packages/airflow/example_dags/example_skip_dag.py took 0.118 seconds
[2024-10-08T08:11:18.982+0000] {processor.py:186} INFO - Started process (PID=210528) to work on /root/miniconda3/envs/project/lib/python3.8/site-packages/airflow/example_dags/example_skip_dag.py
[2024-10-08T08:11:18.985+0000] {processor.py:914} INFO - Processing file /root/miniconda3/envs/project/lib/python3.8/site-packages/airflow/example_dags/example_skip_dag.py for tasks to queue
[2024-10-08T08:11:18.989+0000] {logging_mixin.py:190} INFO - [2024-10-08T08:11:18.988+0000] {dagbag.py:588} INFO - Filling up the DagBag from /root/miniconda3/envs/project/lib/python3.8/site-packages/airflow/example_dags/example_skip_dag.py
[2024-10-08T08:11:19.002+0000] {processor.py:925} INFO - DAG(s) 'example_skip_dag' retrieved from /root/miniconda3/envs/project/lib/python3.8/site-packages/airflow/example_dags/example_skip_dag.py
[2024-10-08T08:11:19.031+0000] {logging_mixin.py:190} INFO - [2024-10-08T08:11:19.031+0000] {dag.py:3239} INFO - Sync 1 DAGs
[2024-10-08T08:11:19.059+0000] {logging_mixin.py:190} INFO - [2024-10-08T08:11:19.059+0000] {dag.py:4180} INFO - Setting next_dagrun for example_skip_dag to 2024-10-07 00:00:00+00:00, run_after=2024-10-08 00:00:00+00:00
[2024-10-08T08:11:19.094+0000] {processor.py:208} INFO - Processing /root/miniconda3/envs/project/lib/python3.8/site-packages/airflow/example_dags/example_skip_dag.py took 0.125 seconds
[2024-10-08T08:12:57.113+0000] {processor.py:186} INFO - Started process (PID=211056) to work on /root/miniconda3/envs/project/lib/python3.8/site-packages/airflow/example_dags/example_skip_dag.py
[2024-10-08T08:12:57.117+0000] {processor.py:914} INFO - Processing file /root/miniconda3/envs/project/lib/python3.8/site-packages/airflow/example_dags/example_skip_dag.py for tasks to queue
[2024-10-08T08:12:57.120+0000] {logging_mixin.py:190} INFO - [2024-10-08T08:12:57.119+0000] {dagbag.py:588} INFO - Filling up the DagBag from /root/miniconda3/envs/project/lib/python3.8/site-packages/airflow/example_dags/example_skip_dag.py
[2024-10-08T08:12:57.132+0000] {processor.py:925} INFO - DAG(s) 'example_skip_dag' retrieved from /root/miniconda3/envs/project/lib/python3.8/site-packages/airflow/example_dags/example_skip_dag.py
[2024-10-08T08:12:57.161+0000] {logging_mixin.py:190} INFO - [2024-10-08T08:12:57.161+0000] {dag.py:3239} INFO - Sync 1 DAGs
[2024-10-08T08:12:57.189+0000] {logging_mixin.py:190} INFO - [2024-10-08T08:12:57.189+0000] {dag.py:4180} INFO - Setting next_dagrun for example_skip_dag to 2024-10-07 00:00:00+00:00, run_after=2024-10-08 00:00:00+00:00
[2024-10-08T08:12:57.227+0000] {processor.py:208} INFO - Processing /root/miniconda3/envs/project/lib/python3.8/site-packages/airflow/example_dags/example_skip_dag.py took 0.123 seconds
[2024-10-08T08:14:02.030+0000] {processor.py:186} INFO - Started process (PID=211258) to work on /root/miniconda3/envs/project/lib/python3.8/site-packages/airflow/example_dags/example_skip_dag.py
[2024-10-08T08:14:02.033+0000] {processor.py:914} INFO - Processing file /root/miniconda3/envs/project/lib/python3.8/site-packages/airflow/example_dags/example_skip_dag.py for tasks to queue
[2024-10-08T08:14:02.037+0000] {logging_mixin.py:190} INFO - [2024-10-08T08:14:02.036+0000] {dagbag.py:588} INFO - Filling up the DagBag from /root/miniconda3/envs/project/lib/python3.8/site-packages/airflow/example_dags/example_skip_dag.py
[2024-10-08T08:14:02.049+0000] {processor.py:925} INFO - DAG(s) 'example_skip_dag' retrieved from /root/miniconda3/envs/project/lib/python3.8/site-packages/airflow/example_dags/example_skip_dag.py
[2024-10-08T08:14:02.074+0000] {logging_mixin.py:190} INFO - [2024-10-08T08:14:02.074+0000] {dag.py:3239} INFO - Sync 1 DAGs
[2024-10-08T08:14:02.102+0000] {logging_mixin.py:190} INFO - [2024-10-08T08:14:02.102+0000] {dag.py:4180} INFO - Setting next_dagrun for example_skip_dag to 2024-10-07 00:00:00+00:00, run_after=2024-10-08 00:00:00+00:00
[2024-10-08T08:14:02.134+0000] {processor.py:208} INFO - Processing /root/miniconda3/envs/project/lib/python3.8/site-packages/airflow/example_dags/example_skip_dag.py took 0.114 seconds
[2024-10-08T08:15:11.131+0000] {processor.py:186} INFO - Started process (PID=211509) to work on /root/miniconda3/envs/project/lib/python3.8/site-packages/airflow/example_dags/example_skip_dag.py
[2024-10-08T08:15:11.134+0000] {processor.py:914} INFO - Processing file /root/miniconda3/envs/project/lib/python3.8/site-packages/airflow/example_dags/example_skip_dag.py for tasks to queue
[2024-10-08T08:15:11.138+0000] {logging_mixin.py:190} INFO - [2024-10-08T08:15:11.137+0000] {dagbag.py:588} INFO - Filling up the DagBag from /root/miniconda3/envs/project/lib/python3.8/site-packages/airflow/example_dags/example_skip_dag.py
[2024-10-08T08:15:11.151+0000] {processor.py:925} INFO - DAG(s) 'example_skip_dag' retrieved from /root/miniconda3/envs/project/lib/python3.8/site-packages/airflow/example_dags/example_skip_dag.py
[2024-10-08T08:15:11.177+0000] {logging_mixin.py:190} INFO - [2024-10-08T08:15:11.177+0000] {dag.py:3239} INFO - Sync 1 DAGs
[2024-10-08T08:15:11.205+0000] {logging_mixin.py:190} INFO - [2024-10-08T08:15:11.205+0000] {dag.py:4180} INFO - Setting next_dagrun for example_skip_dag to 2024-10-07 00:00:00+00:00, run_after=2024-10-08 00:00:00+00:00
[2024-10-08T08:15:11.238+0000] {processor.py:208} INFO - Processing /root/miniconda3/envs/project/lib/python3.8/site-packages/airflow/example_dags/example_skip_dag.py took 0.119 seconds
[2024-10-08T08:16:19.487+0000] {processor.py:186} INFO - Started process (PID=211713) to work on /root/miniconda3/envs/project/lib/python3.8/site-packages/airflow/example_dags/example_skip_dag.py
[2024-10-08T08:16:19.490+0000] {processor.py:914} INFO - Processing file /root/miniconda3/envs/project/lib/python3.8/site-packages/airflow/example_dags/example_skip_dag.py for tasks to queue
[2024-10-08T08:16:19.494+0000] {logging_mixin.py:190} INFO - [2024-10-08T08:16:19.492+0000] {dagbag.py:588} INFO - Filling up the DagBag from /root/miniconda3/envs/project/lib/python3.8/site-packages/airflow/example_dags/example_skip_dag.py
[2024-10-08T08:16:19.505+0000] {processor.py:925} INFO - DAG(s) 'example_skip_dag' retrieved from /root/miniconda3/envs/project/lib/python3.8/site-packages/airflow/example_dags/example_skip_dag.py
[2024-10-08T08:16:19.532+0000] {logging_mixin.py:190} INFO - [2024-10-08T08:16:19.531+0000] {dag.py:3239} INFO - Sync 1 DAGs
[2024-10-08T08:16:19.560+0000] {logging_mixin.py:190} INFO - [2024-10-08T08:16:19.560+0000] {dag.py:4180} INFO - Setting next_dagrun for example_skip_dag to 2024-10-07 00:00:00+00:00, run_after=2024-10-08 00:00:00+00:00
[2024-10-08T08:16:19.598+0000] {processor.py:208} INFO - Processing /root/miniconda3/envs/project/lib/python3.8/site-packages/airflow/example_dags/example_skip_dag.py took 0.121 seconds
[2024-10-08T08:17:29.219+0000] {processor.py:186} INFO - Started process (PID=211920) to work on /root/miniconda3/envs/project/lib/python3.8/site-packages/airflow/example_dags/example_skip_dag.py
[2024-10-08T08:17:29.222+0000] {processor.py:914} INFO - Processing file /root/miniconda3/envs/project/lib/python3.8/site-packages/airflow/example_dags/example_skip_dag.py for tasks to queue
[2024-10-08T08:17:29.226+0000] {logging_mixin.py:190} INFO - [2024-10-08T08:17:29.225+0000] {dagbag.py:588} INFO - Filling up the DagBag from /root/miniconda3/envs/project/lib/python3.8/site-packages/airflow/example_dags/example_skip_dag.py
[2024-10-08T08:17:29.238+0000] {processor.py:925} INFO - DAG(s) 'example_skip_dag' retrieved from /root/miniconda3/envs/project/lib/python3.8/site-packages/airflow/example_dags/example_skip_dag.py
[2024-10-08T08:17:29.264+0000] {logging_mixin.py:190} INFO - [2024-10-08T08:17:29.264+0000] {dag.py:3239} INFO - Sync 1 DAGs
[2024-10-08T08:17:29.292+0000] {logging_mixin.py:190} INFO - [2024-10-08T08:17:29.292+0000] {dag.py:4180} INFO - Setting next_dagrun for example_skip_dag to 2024-10-07 00:00:00+00:00, run_after=2024-10-08 00:00:00+00:00
[2024-10-08T08:17:29.327+0000] {processor.py:208} INFO - Processing /root/miniconda3/envs/project/lib/python3.8/site-packages/airflow/example_dags/example_skip_dag.py took 0.119 seconds
[2024-10-08T08:18:39.432+0000] {processor.py:186} INFO - Started process (PID=212211) to work on /root/miniconda3/envs/project/lib/python3.8/site-packages/airflow/example_dags/example_skip_dag.py
[2024-10-08T08:18:39.435+0000] {processor.py:914} INFO - Processing file /root/miniconda3/envs/project/lib/python3.8/site-packages/airflow/example_dags/example_skip_dag.py for tasks to queue
[2024-10-08T08:18:39.438+0000] {logging_mixin.py:190} INFO - [2024-10-08T08:18:39.438+0000] {dagbag.py:588} INFO - Filling up the DagBag from /root/miniconda3/envs/project/lib/python3.8/site-packages/airflow/example_dags/example_skip_dag.py
[2024-10-08T08:18:39.451+0000] {processor.py:925} INFO - DAG(s) 'example_skip_dag' retrieved from /root/miniconda3/envs/project/lib/python3.8/site-packages/airflow/example_dags/example_skip_dag.py
[2024-10-08T08:18:39.477+0000] {logging_mixin.py:190} INFO - [2024-10-08T08:18:39.477+0000] {dag.py:3239} INFO - Sync 1 DAGs
[2024-10-08T08:18:39.508+0000] {logging_mixin.py:190} INFO - [2024-10-08T08:18:39.507+0000] {dag.py:4180} INFO - Setting next_dagrun for example_skip_dag to 2024-10-07 00:00:00+00:00, run_after=2024-10-08 00:00:00+00:00
[2024-10-08T08:18:39.540+0000] {processor.py:208} INFO - Processing /root/miniconda3/envs/project/lib/python3.8/site-packages/airflow/example_dags/example_skip_dag.py took 0.120 seconds
[2024-10-08T08:19:48.586+0000] {processor.py:186} INFO - Started process (PID=212413) to work on /root/miniconda3/envs/project/lib/python3.8/site-packages/airflow/example_dags/example_skip_dag.py
[2024-10-08T08:19:48.588+0000] {processor.py:914} INFO - Processing file /root/miniconda3/envs/project/lib/python3.8/site-packages/airflow/example_dags/example_skip_dag.py for tasks to queue
[2024-10-08T08:19:48.592+0000] {logging_mixin.py:190} INFO - [2024-10-08T08:19:48.591+0000] {dagbag.py:588} INFO - Filling up the DagBag from /root/miniconda3/envs/project/lib/python3.8/site-packages/airflow/example_dags/example_skip_dag.py
[2024-10-08T08:19:48.604+0000] {processor.py:925} INFO - DAG(s) 'example_skip_dag' retrieved from /root/miniconda3/envs/project/lib/python3.8/site-packages/airflow/example_dags/example_skip_dag.py
[2024-10-08T08:19:48.631+0000] {logging_mixin.py:190} INFO - [2024-10-08T08:19:48.630+0000] {dag.py:3239} INFO - Sync 1 DAGs
[2024-10-08T08:19:48.659+0000] {logging_mixin.py:190} INFO - [2024-10-08T08:19:48.659+0000] {dag.py:4180} INFO - Setting next_dagrun for example_skip_dag to 2024-10-07 00:00:00+00:00, run_after=2024-10-08 00:00:00+00:00
[2024-10-08T08:19:48.689+0000] {processor.py:208} INFO - Processing /root/miniconda3/envs/project/lib/python3.8/site-packages/airflow/example_dags/example_skip_dag.py took 0.116 seconds
[2024-10-08T08:20:57.739+0000] {processor.py:186} INFO - Started process (PID=212603) to work on /root/miniconda3/envs/project/lib/python3.8/site-packages/airflow/example_dags/example_skip_dag.py
[2024-10-08T08:20:57.742+0000] {processor.py:914} INFO - Processing file /root/miniconda3/envs/project/lib/python3.8/site-packages/airflow/example_dags/example_skip_dag.py for tasks to queue
[2024-10-08T08:20:57.745+0000] {logging_mixin.py:190} INFO - [2024-10-08T08:20:57.744+0000] {dagbag.py:588} INFO - Filling up the DagBag from /root/miniconda3/envs/project/lib/python3.8/site-packages/airflow/example_dags/example_skip_dag.py
[2024-10-08T08:20:57.758+0000] {processor.py:925} INFO - DAG(s) 'example_skip_dag' retrieved from /root/miniconda3/envs/project/lib/python3.8/site-packages/airflow/example_dags/example_skip_dag.py
[2024-10-08T08:20:57.784+0000] {logging_mixin.py:190} INFO - [2024-10-08T08:20:57.784+0000] {dag.py:3239} INFO - Sync 1 DAGs
[2024-10-08T08:20:57.812+0000] {logging_mixin.py:190} INFO - [2024-10-08T08:20:57.812+0000] {dag.py:4180} INFO - Setting next_dagrun for example_skip_dag to 2024-10-07 00:00:00+00:00, run_after=2024-10-08 00:00:00+00:00
[2024-10-08T08:20:57.843+0000] {processor.py:208} INFO - Processing /root/miniconda3/envs/project/lib/python3.8/site-packages/airflow/example_dags/example_skip_dag.py took 0.116 seconds
[2024-10-08T08:22:08.072+0000] {processor.py:186} INFO - Started process (PID=212811) to work on /root/miniconda3/envs/project/lib/python3.8/site-packages/airflow/example_dags/example_skip_dag.py
[2024-10-08T08:22:08.075+0000] {processor.py:914} INFO - Processing file /root/miniconda3/envs/project/lib/python3.8/site-packages/airflow/example_dags/example_skip_dag.py for tasks to queue
[2024-10-08T08:22:08.078+0000] {logging_mixin.py:190} INFO - [2024-10-08T08:22:08.077+0000] {dagbag.py:588} INFO - Filling up the DagBag from /root/miniconda3/envs/project/lib/python3.8/site-packages/airflow/example_dags/example_skip_dag.py
[2024-10-08T08:22:08.089+0000] {processor.py:925} INFO - DAG(s) 'example_skip_dag' retrieved from /root/miniconda3/envs/project/lib/python3.8/site-packages/airflow/example_dags/example_skip_dag.py
[2024-10-08T08:22:08.115+0000] {logging_mixin.py:190} INFO - [2024-10-08T08:22:08.114+0000] {dag.py:3239} INFO - Sync 1 DAGs
[2024-10-08T08:22:08.143+0000] {logging_mixin.py:190} INFO - [2024-10-08T08:22:08.142+0000] {dag.py:4180} INFO - Setting next_dagrun for example_skip_dag to 2024-10-07 00:00:00+00:00, run_after=2024-10-08 00:00:00+00:00
[2024-10-08T08:22:08.178+0000] {processor.py:208} INFO - Processing /root/miniconda3/envs/project/lib/python3.8/site-packages/airflow/example_dags/example_skip_dag.py took 0.117 seconds
[2024-10-08T08:23:15.520+0000] {processor.py:186} INFO - Started process (PID=213056) to work on /root/miniconda3/envs/project/lib/python3.8/site-packages/airflow/example_dags/example_skip_dag.py
[2024-10-08T08:23:15.523+0000] {processor.py:914} INFO - Processing file /root/miniconda3/envs/project/lib/python3.8/site-packages/airflow/example_dags/example_skip_dag.py for tasks to queue
[2024-10-08T08:23:15.526+0000] {logging_mixin.py:190} INFO - [2024-10-08T08:23:15.525+0000] {dagbag.py:588} INFO - Filling up the DagBag from /root/miniconda3/envs/project/lib/python3.8/site-packages/airflow/example_dags/example_skip_dag.py
[2024-10-08T08:23:15.538+0000] {processor.py:925} INFO - DAG(s) 'example_skip_dag' retrieved from /root/miniconda3/envs/project/lib/python3.8/site-packages/airflow/example_dags/example_skip_dag.py
[2024-10-08T08:23:15.563+0000] {logging_mixin.py:190} INFO - [2024-10-08T08:23:15.563+0000] {dag.py:3239} INFO - Sync 1 DAGs
[2024-10-08T08:23:15.590+0000] {logging_mixin.py:190} INFO - [2024-10-08T08:23:15.590+0000] {dag.py:4180} INFO - Setting next_dagrun for example_skip_dag to 2024-10-07 00:00:00+00:00, run_after=2024-10-08 00:00:00+00:00
[2024-10-08T08:23:15.621+0000] {processor.py:208} INFO - Processing /root/miniconda3/envs/project/lib/python3.8/site-packages/airflow/example_dags/example_skip_dag.py took 0.112 seconds
[2024-10-08T08:24:19.285+0000] {processor.py:186} INFO - Started process (PID=213241) to work on /root/miniconda3/envs/project/lib/python3.8/site-packages/airflow/example_dags/example_skip_dag.py
[2024-10-08T08:24:19.288+0000] {processor.py:914} INFO - Processing file /root/miniconda3/envs/project/lib/python3.8/site-packages/airflow/example_dags/example_skip_dag.py for tasks to queue
[2024-10-08T08:24:19.292+0000] {logging_mixin.py:190} INFO - [2024-10-08T08:24:19.291+0000] {dagbag.py:588} INFO - Filling up the DagBag from /root/miniconda3/envs/project/lib/python3.8/site-packages/airflow/example_dags/example_skip_dag.py
[2024-10-08T08:24:19.304+0000] {processor.py:925} INFO - DAG(s) 'example_skip_dag' retrieved from /root/miniconda3/envs/project/lib/python3.8/site-packages/airflow/example_dags/example_skip_dag.py
[2024-10-08T08:24:19.331+0000] {logging_mixin.py:190} INFO - [2024-10-08T08:24:19.331+0000] {dag.py:3239} INFO - Sync 1 DAGs
[2024-10-08T08:24:19.359+0000] {logging_mixin.py:190} INFO - [2024-10-08T08:24:19.359+0000] {dag.py:4180} INFO - Setting next_dagrun for example_skip_dag to 2024-10-07 00:00:00+00:00, run_after=2024-10-08 00:00:00+00:00
[2024-10-08T08:24:19.397+0000] {processor.py:208} INFO - Processing /root/miniconda3/envs/project/lib/python3.8/site-packages/airflow/example_dags/example_skip_dag.py took 0.123 seconds
[2024-10-08T08:37:09.298+0000] {processor.py:186} INFO - Started process (PID=214912) to work on /root/miniconda3/envs/project/lib/python3.8/site-packages/airflow/example_dags/example_skip_dag.py
[2024-10-08T08:37:09.302+0000] {processor.py:914} INFO - Processing file /root/miniconda3/envs/project/lib/python3.8/site-packages/airflow/example_dags/example_skip_dag.py for tasks to queue
[2024-10-08T08:37:09.307+0000] {logging_mixin.py:190} INFO - [2024-10-08T08:37:09.306+0000] {dagbag.py:588} INFO - Filling up the DagBag from /root/miniconda3/envs/project/lib/python3.8/site-packages/airflow/example_dags/example_skip_dag.py
[2024-10-08T08:37:09.322+0000] {processor.py:925} INFO - DAG(s) 'example_skip_dag' retrieved from /root/miniconda3/envs/project/lib/python3.8/site-packages/airflow/example_dags/example_skip_dag.py
[2024-10-08T08:37:09.358+0000] {logging_mixin.py:190} INFO - [2024-10-08T08:37:09.358+0000] {dag.py:3239} INFO - Sync 1 DAGs
[2024-10-08T08:37:09.391+0000] {logging_mixin.py:190} INFO - [2024-10-08T08:37:09.390+0000] {dag.py:4180} INFO - Setting next_dagrun for example_skip_dag to 2024-10-07 00:00:00+00:00, run_after=2024-10-08 00:00:00+00:00
[2024-10-08T08:37:09.425+0000] {processor.py:208} INFO - Processing /root/miniconda3/envs/project/lib/python3.8/site-packages/airflow/example_dags/example_skip_dag.py took 0.142 seconds
[2024-10-08T08:38:15.717+0000] {processor.py:186} INFO - Started process (PID=215213) to work on /root/miniconda3/envs/project/lib/python3.8/site-packages/airflow/example_dags/example_skip_dag.py
[2024-10-08T08:38:15.719+0000] {processor.py:914} INFO - Processing file /root/miniconda3/envs/project/lib/python3.8/site-packages/airflow/example_dags/example_skip_dag.py for tasks to queue
[2024-10-08T08:38:15.723+0000] {logging_mixin.py:190} INFO - [2024-10-08T08:38:15.722+0000] {dagbag.py:588} INFO - Filling up the DagBag from /root/miniconda3/envs/project/lib/python3.8/site-packages/airflow/example_dags/example_skip_dag.py
[2024-10-08T08:38:15.735+0000] {processor.py:925} INFO - DAG(s) 'example_skip_dag' retrieved from /root/miniconda3/envs/project/lib/python3.8/site-packages/airflow/example_dags/example_skip_dag.py
[2024-10-08T08:38:15.761+0000] {logging_mixin.py:190} INFO - [2024-10-08T08:38:15.760+0000] {dag.py:3239} INFO - Sync 1 DAGs
[2024-10-08T08:38:15.789+0000] {logging_mixin.py:190} INFO - [2024-10-08T08:38:15.789+0000] {dag.py:4180} INFO - Setting next_dagrun for example_skip_dag to 2024-10-07 00:00:00+00:00, run_after=2024-10-08 00:00:00+00:00
[2024-10-08T08:38:15.819+0000] {processor.py:208} INFO - Processing /root/miniconda3/envs/project/lib/python3.8/site-packages/airflow/example_dags/example_skip_dag.py took 0.113 seconds
[2024-10-08T08:39:25.717+0000] {processor.py:186} INFO - Started process (PID=215619) to work on /root/miniconda3/envs/project/lib/python3.8/site-packages/airflow/example_dags/example_skip_dag.py
[2024-10-08T08:39:25.720+0000] {processor.py:914} INFO - Processing file /root/miniconda3/envs/project/lib/python3.8/site-packages/airflow/example_dags/example_skip_dag.py for tasks to queue
[2024-10-08T08:39:25.724+0000] {logging_mixin.py:190} INFO - [2024-10-08T08:39:25.722+0000] {dagbag.py:588} INFO - Filling up the DagBag from /root/miniconda3/envs/project/lib/python3.8/site-packages/airflow/example_dags/example_skip_dag.py
[2024-10-08T08:39:25.735+0000] {processor.py:925} INFO - DAG(s) 'example_skip_dag' retrieved from /root/miniconda3/envs/project/lib/python3.8/site-packages/airflow/example_dags/example_skip_dag.py
[2024-10-08T08:39:25.760+0000] {logging_mixin.py:190} INFO - [2024-10-08T08:39:25.760+0000] {dag.py:3239} INFO - Sync 1 DAGs
[2024-10-08T08:39:25.787+0000] {logging_mixin.py:190} INFO - [2024-10-08T08:39:25.786+0000] {dag.py:4180} INFO - Setting next_dagrun for example_skip_dag to 2024-10-07 00:00:00+00:00, run_after=2024-10-08 00:00:00+00:00
[2024-10-08T08:39:25.817+0000] {processor.py:208} INFO - Processing /root/miniconda3/envs/project/lib/python3.8/site-packages/airflow/example_dags/example_skip_dag.py took 0.112 seconds
[2024-10-08T08:40:36.770+0000] {processor.py:186} INFO - Started process (PID=215967) to work on /root/miniconda3/envs/project/lib/python3.8/site-packages/airflow/example_dags/example_skip_dag.py
[2024-10-08T08:40:36.773+0000] {processor.py:914} INFO - Processing file /root/miniconda3/envs/project/lib/python3.8/site-packages/airflow/example_dags/example_skip_dag.py for tasks to queue
[2024-10-08T08:40:36.777+0000] {logging_mixin.py:190} INFO - [2024-10-08T08:40:36.776+0000] {dagbag.py:588} INFO - Filling up the DagBag from /root/miniconda3/envs/project/lib/python3.8/site-packages/airflow/example_dags/example_skip_dag.py
[2024-10-08T08:40:36.789+0000] {processor.py:925} INFO - DAG(s) 'example_skip_dag' retrieved from /root/miniconda3/envs/project/lib/python3.8/site-packages/airflow/example_dags/example_skip_dag.py
[2024-10-08T08:40:36.817+0000] {logging_mixin.py:190} INFO - [2024-10-08T08:40:36.816+0000] {dag.py:3239} INFO - Sync 1 DAGs
[2024-10-08T08:40:36.846+0000] {logging_mixin.py:190} INFO - [2024-10-08T08:40:36.845+0000] {dag.py:4180} INFO - Setting next_dagrun for example_skip_dag to 2024-10-07 00:00:00+00:00, run_after=2024-10-08 00:00:00+00:00
[2024-10-08T08:40:36.879+0000] {processor.py:208} INFO - Processing /root/miniconda3/envs/project/lib/python3.8/site-packages/airflow/example_dags/example_skip_dag.py took 0.120 seconds
[2024-10-08T08:41:43.209+0000] {processor.py:186} INFO - Started process (PID=216438) to work on /root/miniconda3/envs/project/lib/python3.8/site-packages/airflow/example_dags/example_skip_dag.py
[2024-10-08T08:41:43.212+0000] {processor.py:914} INFO - Processing file /root/miniconda3/envs/project/lib/python3.8/site-packages/airflow/example_dags/example_skip_dag.py for tasks to queue
[2024-10-08T08:41:43.215+0000] {logging_mixin.py:190} INFO - [2024-10-08T08:41:43.214+0000] {dagbag.py:588} INFO - Filling up the DagBag from /root/miniconda3/envs/project/lib/python3.8/site-packages/airflow/example_dags/example_skip_dag.py
[2024-10-08T08:41:43.228+0000] {processor.py:925} INFO - DAG(s) 'example_skip_dag' retrieved from /root/miniconda3/envs/project/lib/python3.8/site-packages/airflow/example_dags/example_skip_dag.py
[2024-10-08T08:41:43.254+0000] {logging_mixin.py:190} INFO - [2024-10-08T08:41:43.254+0000] {dag.py:3239} INFO - Sync 1 DAGs
[2024-10-08T08:41:43.282+0000] {logging_mixin.py:190} INFO - [2024-10-08T08:41:43.282+0000] {dag.py:4180} INFO - Setting next_dagrun for example_skip_dag to 2024-10-07 00:00:00+00:00, run_after=2024-10-08 00:00:00+00:00
[2024-10-08T08:41:43.321+0000] {processor.py:208} INFO - Processing /root/miniconda3/envs/project/lib/python3.8/site-packages/airflow/example_dags/example_skip_dag.py took 0.122 seconds
[2024-10-08T08:42:50.306+0000] {processor.py:186} INFO - Started process (PID=216704) to work on /root/miniconda3/envs/project/lib/python3.8/site-packages/airflow/example_dags/example_skip_dag.py
[2024-10-08T08:42:50.309+0000] {processor.py:914} INFO - Processing file /root/miniconda3/envs/project/lib/python3.8/site-packages/airflow/example_dags/example_skip_dag.py for tasks to queue
[2024-10-08T08:42:50.312+0000] {logging_mixin.py:190} INFO - [2024-10-08T08:42:50.312+0000] {dagbag.py:588} INFO - Filling up the DagBag from /root/miniconda3/envs/project/lib/python3.8/site-packages/airflow/example_dags/example_skip_dag.py
[2024-10-08T08:42:50.325+0000] {processor.py:925} INFO - DAG(s) 'example_skip_dag' retrieved from /root/miniconda3/envs/project/lib/python3.8/site-packages/airflow/example_dags/example_skip_dag.py
[2024-10-08T08:42:50.351+0000] {logging_mixin.py:190} INFO - [2024-10-08T08:42:50.350+0000] {dag.py:3239} INFO - Sync 1 DAGs
[2024-10-08T08:42:50.380+0000] {logging_mixin.py:190} INFO - [2024-10-08T08:42:50.380+0000] {dag.py:4180} INFO - Setting next_dagrun for example_skip_dag to 2024-10-07 00:00:00+00:00, run_after=2024-10-08 00:00:00+00:00
[2024-10-08T08:42:50.414+0000] {processor.py:208} INFO - Processing /root/miniconda3/envs/project/lib/python3.8/site-packages/airflow/example_dags/example_skip_dag.py took 0.119 seconds
[2024-10-08T08:43:58.034+0000] {processor.py:186} INFO - Started process (PID=216925) to work on /root/miniconda3/envs/project/lib/python3.8/site-packages/airflow/example_dags/example_skip_dag.py
[2024-10-08T08:43:58.037+0000] {processor.py:914} INFO - Processing file /root/miniconda3/envs/project/lib/python3.8/site-packages/airflow/example_dags/example_skip_dag.py for tasks to queue
[2024-10-08T08:43:58.040+0000] {logging_mixin.py:190} INFO - [2024-10-08T08:43:58.039+0000] {dagbag.py:588} INFO - Filling up the DagBag from /root/miniconda3/envs/project/lib/python3.8/site-packages/airflow/example_dags/example_skip_dag.py
[2024-10-08T08:43:58.052+0000] {processor.py:925} INFO - DAG(s) 'example_skip_dag' retrieved from /root/miniconda3/envs/project/lib/python3.8/site-packages/airflow/example_dags/example_skip_dag.py
[2024-10-08T08:43:58.077+0000] {logging_mixin.py:190} INFO - [2024-10-08T08:43:58.077+0000] {dag.py:3239} INFO - Sync 1 DAGs
[2024-10-08T08:43:58.105+0000] {logging_mixin.py:190} INFO - [2024-10-08T08:43:58.104+0000] {dag.py:4180} INFO - Setting next_dagrun for example_skip_dag to 2024-10-07 00:00:00+00:00, run_after=2024-10-08 00:00:00+00:00
[2024-10-08T08:43:58.136+0000] {processor.py:208} INFO - Processing /root/miniconda3/envs/project/lib/python3.8/site-packages/airflow/example_dags/example_skip_dag.py took 0.113 seconds
[2024-10-08T08:45:10.477+0000] {processor.py:186} INFO - Started process (PID=217152) to work on /root/miniconda3/envs/project/lib/python3.8/site-packages/airflow/example_dags/example_skip_dag.py
[2024-10-08T08:45:10.480+0000] {processor.py:914} INFO - Processing file /root/miniconda3/envs/project/lib/python3.8/site-packages/airflow/example_dags/example_skip_dag.py for tasks to queue
[2024-10-08T08:45:10.483+0000] {logging_mixin.py:190} INFO - [2024-10-08T08:45:10.483+0000] {dagbag.py:588} INFO - Filling up the DagBag from /root/miniconda3/envs/project/lib/python3.8/site-packages/airflow/example_dags/example_skip_dag.py
[2024-10-08T08:45:10.496+0000] {processor.py:925} INFO - DAG(s) 'example_skip_dag' retrieved from /root/miniconda3/envs/project/lib/python3.8/site-packages/airflow/example_dags/example_skip_dag.py
[2024-10-08T08:45:10.522+0000] {logging_mixin.py:190} INFO - [2024-10-08T08:45:10.522+0000] {dag.py:3239} INFO - Sync 1 DAGs
[2024-10-08T08:45:10.551+0000] {logging_mixin.py:190} INFO - [2024-10-08T08:45:10.551+0000] {dag.py:4180} INFO - Setting next_dagrun for example_skip_dag to 2024-10-07 00:00:00+00:00, run_after=2024-10-08 00:00:00+00:00
[2024-10-08T08:45:10.582+0000] {processor.py:208} INFO - Processing /root/miniconda3/envs/project/lib/python3.8/site-packages/airflow/example_dags/example_skip_dag.py took 0.116 seconds
[2024-10-08T08:46:24.899+0000] {processor.py:186} INFO - Started process (PID=217382) to work on /root/miniconda3/envs/project/lib/python3.8/site-packages/airflow/example_dags/example_skip_dag.py
[2024-10-08T08:46:24.902+0000] {processor.py:914} INFO - Processing file /root/miniconda3/envs/project/lib/python3.8/site-packages/airflow/example_dags/example_skip_dag.py for tasks to queue
[2024-10-08T08:46:24.905+0000] {logging_mixin.py:190} INFO - [2024-10-08T08:46:24.904+0000] {dagbag.py:588} INFO - Filling up the DagBag from /root/miniconda3/envs/project/lib/python3.8/site-packages/airflow/example_dags/example_skip_dag.py
[2024-10-08T08:46:24.918+0000] {processor.py:925} INFO - DAG(s) 'example_skip_dag' retrieved from /root/miniconda3/envs/project/lib/python3.8/site-packages/airflow/example_dags/example_skip_dag.py
[2024-10-08T08:46:24.944+0000] {logging_mixin.py:190} INFO - [2024-10-08T08:46:24.943+0000] {dag.py:3239} INFO - Sync 1 DAGs
[2024-10-08T08:46:24.972+0000] {logging_mixin.py:190} INFO - [2024-10-08T08:46:24.972+0000] {dag.py:4180} INFO - Setting next_dagrun for example_skip_dag to 2024-10-07 00:00:00+00:00, run_after=2024-10-08 00:00:00+00:00
[2024-10-08T08:46:25.003+0000] {processor.py:208} INFO - Processing /root/miniconda3/envs/project/lib/python3.8/site-packages/airflow/example_dags/example_skip_dag.py took 0.116 seconds
[2024-10-08T08:47:37.486+0000] {processor.py:186} INFO - Started process (PID=217808) to work on /root/miniconda3/envs/project/lib/python3.8/site-packages/airflow/example_dags/example_skip_dag.py
[2024-10-08T08:47:37.489+0000] {processor.py:914} INFO - Processing file /root/miniconda3/envs/project/lib/python3.8/site-packages/airflow/example_dags/example_skip_dag.py for tasks to queue
[2024-10-08T08:47:37.495+0000] {logging_mixin.py:190} INFO - [2024-10-08T08:47:37.494+0000] {dagbag.py:588} INFO - Filling up the DagBag from /root/miniconda3/envs/project/lib/python3.8/site-packages/airflow/example_dags/example_skip_dag.py
[2024-10-08T08:47:37.510+0000] {processor.py:925} INFO - DAG(s) 'example_skip_dag' retrieved from /root/miniconda3/envs/project/lib/python3.8/site-packages/airflow/example_dags/example_skip_dag.py
[2024-10-08T08:47:37.536+0000] {logging_mixin.py:190} INFO - [2024-10-08T08:47:37.536+0000] {dag.py:3239} INFO - Sync 1 DAGs
[2024-10-08T08:47:37.565+0000] {logging_mixin.py:190} INFO - [2024-10-08T08:47:37.564+0000] {dag.py:4180} INFO - Setting next_dagrun for example_skip_dag to 2024-10-07 00:00:00+00:00, run_after=2024-10-08 00:00:00+00:00
[2024-10-08T08:47:37.598+0000] {processor.py:208} INFO - Processing /root/miniconda3/envs/project/lib/python3.8/site-packages/airflow/example_dags/example_skip_dag.py took 0.123 seconds
[2024-10-08T08:48:48.608+0000] {processor.py:186} INFO - Started process (PID=218092) to work on /root/miniconda3/envs/project/lib/python3.8/site-packages/airflow/example_dags/example_skip_dag.py
[2024-10-08T08:48:48.611+0000] {processor.py:914} INFO - Processing file /root/miniconda3/envs/project/lib/python3.8/site-packages/airflow/example_dags/example_skip_dag.py for tasks to queue
[2024-10-08T08:48:48.614+0000] {logging_mixin.py:190} INFO - [2024-10-08T08:48:48.614+0000] {dagbag.py:588} INFO - Filling up the DagBag from /root/miniconda3/envs/project/lib/python3.8/site-packages/airflow/example_dags/example_skip_dag.py
[2024-10-08T08:48:48.626+0000] {processor.py:925} INFO - DAG(s) 'example_skip_dag' retrieved from /root/miniconda3/envs/project/lib/python3.8/site-packages/airflow/example_dags/example_skip_dag.py
[2024-10-08T08:48:48.652+0000] {logging_mixin.py:190} INFO - [2024-10-08T08:48:48.651+0000] {dag.py:3239} INFO - Sync 1 DAGs
[2024-10-08T08:48:48.679+0000] {logging_mixin.py:190} INFO - [2024-10-08T08:48:48.679+0000] {dag.py:4180} INFO - Setting next_dagrun for example_skip_dag to 2024-10-07 00:00:00+00:00, run_after=2024-10-08 00:00:00+00:00
[2024-10-08T08:48:48.712+0000] {processor.py:208} INFO - Processing /root/miniconda3/envs/project/lib/python3.8/site-packages/airflow/example_dags/example_skip_dag.py took 0.116 seconds
[2024-10-08T08:49:59.994+0000] {processor.py:186} INFO - Started process (PID=218314) to work on /root/miniconda3/envs/project/lib/python3.8/site-packages/airflow/example_dags/example_skip_dag.py
[2024-10-08T08:49:59.997+0000] {processor.py:914} INFO - Processing file /root/miniconda3/envs/project/lib/python3.8/site-packages/airflow/example_dags/example_skip_dag.py for tasks to queue
[2024-10-08T08:50:00.001+0000] {logging_mixin.py:190} INFO - [2024-10-08T08:50:00.000+0000] {dagbag.py:588} INFO - Filling up the DagBag from /root/miniconda3/envs/project/lib/python3.8/site-packages/airflow/example_dags/example_skip_dag.py
[2024-10-08T08:50:00.017+0000] {processor.py:925} INFO - DAG(s) 'example_skip_dag' retrieved from /root/miniconda3/envs/project/lib/python3.8/site-packages/airflow/example_dags/example_skip_dag.py
[2024-10-08T08:50:00.043+0000] {logging_mixin.py:190} INFO - [2024-10-08T08:50:00.043+0000] {dag.py:3239} INFO - Sync 1 DAGs
[2024-10-08T08:50:00.071+0000] {logging_mixin.py:190} INFO - [2024-10-08T08:50:00.071+0000] {dag.py:4180} INFO - Setting next_dagrun for example_skip_dag to 2024-10-07 00:00:00+00:00, run_after=2024-10-08 00:00:00+00:00
[2024-10-08T08:50:00.102+0000] {processor.py:208} INFO - Processing /root/miniconda3/envs/project/lib/python3.8/site-packages/airflow/example_dags/example_skip_dag.py took 0.120 seconds
[2024-10-08T08:51:09.989+0000] {processor.py:186} INFO - Started process (PID=218661) to work on /root/miniconda3/envs/project/lib/python3.8/site-packages/airflow/example_dags/example_skip_dag.py
[2024-10-08T08:51:09.992+0000] {processor.py:914} INFO - Processing file /root/miniconda3/envs/project/lib/python3.8/site-packages/airflow/example_dags/example_skip_dag.py for tasks to queue
[2024-10-08T08:51:09.995+0000] {logging_mixin.py:190} INFO - [2024-10-08T08:51:09.994+0000] {dagbag.py:588} INFO - Filling up the DagBag from /root/miniconda3/envs/project/lib/python3.8/site-packages/airflow/example_dags/example_skip_dag.py
[2024-10-08T08:51:10.007+0000] {processor.py:925} INFO - DAG(s) 'example_skip_dag' retrieved from /root/miniconda3/envs/project/lib/python3.8/site-packages/airflow/example_dags/example_skip_dag.py
[2024-10-08T08:51:10.034+0000] {logging_mixin.py:190} INFO - [2024-10-08T08:51:10.033+0000] {dag.py:3239} INFO - Sync 1 DAGs
[2024-10-08T08:51:10.062+0000] {logging_mixin.py:190} INFO - [2024-10-08T08:51:10.062+0000] {dag.py:4180} INFO - Setting next_dagrun for example_skip_dag to 2024-10-07 00:00:00+00:00, run_after=2024-10-08 00:00:00+00:00
[2024-10-08T08:51:10.095+0000] {processor.py:208} INFO - Processing /root/miniconda3/envs/project/lib/python3.8/site-packages/airflow/example_dags/example_skip_dag.py took 0.118 seconds
[2024-10-08T09:05:15.523+0000] {processor.py:186} INFO - Started process (PID=220011) to work on /root/miniconda3/envs/project/lib/python3.8/site-packages/airflow/example_dags/example_skip_dag.py
[2024-10-08T09:05:15.526+0000] {processor.py:914} INFO - Processing file /root/miniconda3/envs/project/lib/python3.8/site-packages/airflow/example_dags/example_skip_dag.py for tasks to queue
[2024-10-08T09:05:15.531+0000] {logging_mixin.py:190} INFO - [2024-10-08T09:05:15.530+0000] {dagbag.py:588} INFO - Filling up the DagBag from /root/miniconda3/envs/project/lib/python3.8/site-packages/airflow/example_dags/example_skip_dag.py
[2024-10-08T09:05:15.544+0000] {processor.py:925} INFO - DAG(s) 'example_skip_dag' retrieved from /root/miniconda3/envs/project/lib/python3.8/site-packages/airflow/example_dags/example_skip_dag.py
[2024-10-08T09:05:15.573+0000] {logging_mixin.py:190} INFO - [2024-10-08T09:05:15.572+0000] {dag.py:3239} INFO - Sync 1 DAGs
[2024-10-08T09:05:15.600+0000] {logging_mixin.py:190} INFO - [2024-10-08T09:05:15.600+0000] {dag.py:4180} INFO - Setting next_dagrun for example_skip_dag to 2024-10-07 00:00:00+00:00, run_after=2024-10-08 00:00:00+00:00
[2024-10-08T09:05:15.638+0000] {processor.py:208} INFO - Processing /root/miniconda3/envs/project/lib/python3.8/site-packages/airflow/example_dags/example_skip_dag.py took 0.128 seconds
[2024-10-08T09:08:47.940+0000] {processor.py:186} INFO - Started process (PID=220797) to work on /root/miniconda3/envs/project/lib/python3.8/site-packages/airflow/example_dags/example_skip_dag.py
[2024-10-08T09:08:47.944+0000] {processor.py:914} INFO - Processing file /root/miniconda3/envs/project/lib/python3.8/site-packages/airflow/example_dags/example_skip_dag.py for tasks to queue
[2024-10-08T09:08:47.947+0000] {logging_mixin.py:190} INFO - [2024-10-08T09:08:47.946+0000] {dagbag.py:588} INFO - Filling up the DagBag from /root/miniconda3/envs/project/lib/python3.8/site-packages/airflow/example_dags/example_skip_dag.py
[2024-10-08T09:08:47.959+0000] {processor.py:925} INFO - DAG(s) 'example_skip_dag' retrieved from /root/miniconda3/envs/project/lib/python3.8/site-packages/airflow/example_dags/example_skip_dag.py
[2024-10-08T09:08:47.987+0000] {logging_mixin.py:190} INFO - [2024-10-08T09:08:47.987+0000] {dag.py:3239} INFO - Sync 1 DAGs
[2024-10-08T09:08:48.015+0000] {logging_mixin.py:190} INFO - [2024-10-08T09:08:48.014+0000] {dag.py:4180} INFO - Setting next_dagrun for example_skip_dag to 2024-10-07 00:00:00+00:00, run_after=2024-10-08 00:00:00+00:00
[2024-10-08T09:08:48.052+0000] {processor.py:208} INFO - Processing /root/miniconda3/envs/project/lib/python3.8/site-packages/airflow/example_dags/example_skip_dag.py took 0.122 seconds
[2024-10-08T09:10:16.254+0000] {processor.py:186} INFO - Started process (PID=221514) to work on /root/miniconda3/envs/project/lib/python3.8/site-packages/airflow/example_dags/example_skip_dag.py
[2024-10-08T09:10:16.256+0000] {processor.py:914} INFO - Processing file /root/miniconda3/envs/project/lib/python3.8/site-packages/airflow/example_dags/example_skip_dag.py for tasks to queue
[2024-10-08T09:10:16.260+0000] {logging_mixin.py:190} INFO - [2024-10-08T09:10:16.259+0000] {dagbag.py:588} INFO - Filling up the DagBag from /root/miniconda3/envs/project/lib/python3.8/site-packages/airflow/example_dags/example_skip_dag.py
[2024-10-08T09:10:16.272+0000] {processor.py:925} INFO - DAG(s) 'example_skip_dag' retrieved from /root/miniconda3/envs/project/lib/python3.8/site-packages/airflow/example_dags/example_skip_dag.py
[2024-10-08T09:10:16.301+0000] {logging_mixin.py:190} INFO - [2024-10-08T09:10:16.300+0000] {dag.py:3239} INFO - Sync 1 DAGs
[2024-10-08T09:10:16.332+0000] {logging_mixin.py:190} INFO - [2024-10-08T09:10:16.332+0000] {dag.py:4180} INFO - Setting next_dagrun for example_skip_dag to 2024-10-07 00:00:00+00:00, run_after=2024-10-08 00:00:00+00:00
[2024-10-08T09:10:16.366+0000] {processor.py:208} INFO - Processing /root/miniconda3/envs/project/lib/python3.8/site-packages/airflow/example_dags/example_skip_dag.py took 0.124 seconds
[2024-10-08T09:11:22.972+0000] {processor.py:186} INFO - Started process (PID=221720) to work on /root/miniconda3/envs/project/lib/python3.8/site-packages/airflow/example_dags/example_skip_dag.py
[2024-10-08T09:11:22.975+0000] {processor.py:914} INFO - Processing file /root/miniconda3/envs/project/lib/python3.8/site-packages/airflow/example_dags/example_skip_dag.py for tasks to queue
[2024-10-08T09:11:22.979+0000] {logging_mixin.py:190} INFO - [2024-10-08T09:11:22.979+0000] {dagbag.py:588} INFO - Filling up the DagBag from /root/miniconda3/envs/project/lib/python3.8/site-packages/airflow/example_dags/example_skip_dag.py
[2024-10-08T09:11:22.991+0000] {processor.py:925} INFO - DAG(s) 'example_skip_dag' retrieved from /root/miniconda3/envs/project/lib/python3.8/site-packages/airflow/example_dags/example_skip_dag.py
[2024-10-08T09:11:23.018+0000] {logging_mixin.py:190} INFO - [2024-10-08T09:11:23.018+0000] {dag.py:3239} INFO - Sync 1 DAGs
[2024-10-08T09:11:23.048+0000] {logging_mixin.py:190} INFO - [2024-10-08T09:11:23.048+0000] {dag.py:4180} INFO - Setting next_dagrun for example_skip_dag to 2024-10-07 00:00:00+00:00, run_after=2024-10-08 00:00:00+00:00
[2024-10-08T09:11:23.080+0000] {processor.py:208} INFO - Processing /root/miniconda3/envs/project/lib/python3.8/site-packages/airflow/example_dags/example_skip_dag.py took 0.118 seconds
[2024-10-08T09:12:24.582+0000] {processor.py:186} INFO - Started process (PID=222045) to work on /root/miniconda3/envs/project/lib/python3.8/site-packages/airflow/example_dags/example_skip_dag.py
[2024-10-08T09:12:24.585+0000] {processor.py:914} INFO - Processing file /root/miniconda3/envs/project/lib/python3.8/site-packages/airflow/example_dags/example_skip_dag.py for tasks to queue
[2024-10-08T09:12:24.588+0000] {logging_mixin.py:190} INFO - [2024-10-08T09:12:24.588+0000] {dagbag.py:588} INFO - Filling up the DagBag from /root/miniconda3/envs/project/lib/python3.8/site-packages/airflow/example_dags/example_skip_dag.py
[2024-10-08T09:12:24.600+0000] {processor.py:925} INFO - DAG(s) 'example_skip_dag' retrieved from /root/miniconda3/envs/project/lib/python3.8/site-packages/airflow/example_dags/example_skip_dag.py
[2024-10-08T09:12:24.626+0000] {logging_mixin.py:190} INFO - [2024-10-08T09:12:24.626+0000] {dag.py:3239} INFO - Sync 1 DAGs
[2024-10-08T09:12:24.654+0000] {logging_mixin.py:190} INFO - [2024-10-08T09:12:24.654+0000] {dag.py:4180} INFO - Setting next_dagrun for example_skip_dag to 2024-10-07 00:00:00+00:00, run_after=2024-10-08 00:00:00+00:00
[2024-10-08T09:12:24.685+0000] {processor.py:208} INFO - Processing /root/miniconda3/envs/project/lib/python3.8/site-packages/airflow/example_dags/example_skip_dag.py took 0.115 seconds
[2024-10-08T09:13:33.419+0000] {processor.py:186} INFO - Started process (PID=222329) to work on /root/miniconda3/envs/project/lib/python3.8/site-packages/airflow/example_dags/example_skip_dag.py
[2024-10-08T09:13:33.422+0000] {processor.py:914} INFO - Processing file /root/miniconda3/envs/project/lib/python3.8/site-packages/airflow/example_dags/example_skip_dag.py for tasks to queue
[2024-10-08T09:13:33.426+0000] {logging_mixin.py:190} INFO - [2024-10-08T09:13:33.426+0000] {dagbag.py:588} INFO - Filling up the DagBag from /root/miniconda3/envs/project/lib/python3.8/site-packages/airflow/example_dags/example_skip_dag.py
[2024-10-08T09:13:33.439+0000] {processor.py:925} INFO - DAG(s) 'example_skip_dag' retrieved from /root/miniconda3/envs/project/lib/python3.8/site-packages/airflow/example_dags/example_skip_dag.py
[2024-10-08T09:13:33.466+0000] {logging_mixin.py:190} INFO - [2024-10-08T09:13:33.465+0000] {dag.py:3239} INFO - Sync 1 DAGs
[2024-10-08T09:13:33.494+0000] {logging_mixin.py:190} INFO - [2024-10-08T09:13:33.494+0000] {dag.py:4180} INFO - Setting next_dagrun for example_skip_dag to 2024-10-07 00:00:00+00:00, run_after=2024-10-08 00:00:00+00:00
[2024-10-08T09:13:33.525+0000] {processor.py:208} INFO - Processing /root/miniconda3/envs/project/lib/python3.8/site-packages/airflow/example_dags/example_skip_dag.py took 0.118 seconds
[2024-10-08T09:14:33.959+0000] {processor.py:186} INFO - Started process (PID=222591) to work on /root/miniconda3/envs/project/lib/python3.8/site-packages/airflow/example_dags/example_skip_dag.py
[2024-10-08T09:14:33.962+0000] {processor.py:914} INFO - Processing file /root/miniconda3/envs/project/lib/python3.8/site-packages/airflow/example_dags/example_skip_dag.py for tasks to queue
[2024-10-08T09:14:33.966+0000] {logging_mixin.py:190} INFO - [2024-10-08T09:14:33.965+0000] {dagbag.py:588} INFO - Filling up the DagBag from /root/miniconda3/envs/project/lib/python3.8/site-packages/airflow/example_dags/example_skip_dag.py
[2024-10-08T09:14:33.978+0000] {processor.py:925} INFO - DAG(s) 'example_skip_dag' retrieved from /root/miniconda3/envs/project/lib/python3.8/site-packages/airflow/example_dags/example_skip_dag.py
[2024-10-08T09:14:34.004+0000] {logging_mixin.py:190} INFO - [2024-10-08T09:14:34.004+0000] {dag.py:3239} INFO - Sync 1 DAGs
[2024-10-08T09:14:34.031+0000] {logging_mixin.py:190} INFO - [2024-10-08T09:14:34.031+0000] {dag.py:4180} INFO - Setting next_dagrun for example_skip_dag to 2024-10-07 00:00:00+00:00, run_after=2024-10-08 00:00:00+00:00
[2024-10-08T09:14:34.064+0000] {processor.py:208} INFO - Processing /root/miniconda3/envs/project/lib/python3.8/site-packages/airflow/example_dags/example_skip_dag.py took 0.115 seconds
[2024-10-08T09:15:49.246+0000] {processor.py:186} INFO - Started process (PID=222945) to work on /root/miniconda3/envs/project/lib/python3.8/site-packages/airflow/example_dags/example_skip_dag.py
[2024-10-08T09:15:49.249+0000] {processor.py:914} INFO - Processing file /root/miniconda3/envs/project/lib/python3.8/site-packages/airflow/example_dags/example_skip_dag.py for tasks to queue
[2024-10-08T09:15:49.252+0000] {logging_mixin.py:190} INFO - [2024-10-08T09:15:49.252+0000] {dagbag.py:588} INFO - Filling up the DagBag from /root/miniconda3/envs/project/lib/python3.8/site-packages/airflow/example_dags/example_skip_dag.py
[2024-10-08T09:15:49.265+0000] {processor.py:925} INFO - DAG(s) 'example_skip_dag' retrieved from /root/miniconda3/envs/project/lib/python3.8/site-packages/airflow/example_dags/example_skip_dag.py
[2024-10-08T09:15:49.290+0000] {logging_mixin.py:190} INFO - [2024-10-08T09:15:49.290+0000] {dag.py:3239} INFO - Sync 1 DAGs
[2024-10-08T09:15:49.318+0000] {logging_mixin.py:190} INFO - [2024-10-08T09:15:49.318+0000] {dag.py:4180} INFO - Setting next_dagrun for example_skip_dag to 2024-10-07 00:00:00+00:00, run_after=2024-10-08 00:00:00+00:00
[2024-10-08T09:15:49.350+0000] {processor.py:208} INFO - Processing /root/miniconda3/envs/project/lib/python3.8/site-packages/airflow/example_dags/example_skip_dag.py took 0.113 seconds
[2024-10-08T09:16:59.278+0000] {processor.py:186} INFO - Started process (PID=223177) to work on /root/miniconda3/envs/project/lib/python3.8/site-packages/airflow/example_dags/example_skip_dag.py
[2024-10-08T09:16:59.281+0000] {processor.py:914} INFO - Processing file /root/miniconda3/envs/project/lib/python3.8/site-packages/airflow/example_dags/example_skip_dag.py for tasks to queue
[2024-10-08T09:16:59.286+0000] {logging_mixin.py:190} INFO - [2024-10-08T09:16:59.285+0000] {dagbag.py:588} INFO - Filling up the DagBag from /root/miniconda3/envs/project/lib/python3.8/site-packages/airflow/example_dags/example_skip_dag.py
[2024-10-08T09:16:59.305+0000] {processor.py:925} INFO - DAG(s) 'example_skip_dag' retrieved from /root/miniconda3/envs/project/lib/python3.8/site-packages/airflow/example_dags/example_skip_dag.py
[2024-10-08T09:16:59.346+0000] {logging_mixin.py:190} INFO - [2024-10-08T09:16:59.345+0000] {dag.py:3239} INFO - Sync 1 DAGs
[2024-10-08T09:16:59.385+0000] {logging_mixin.py:190} INFO - [2024-10-08T09:16:59.385+0000] {dag.py:4180} INFO - Setting next_dagrun for example_skip_dag to 2024-10-07 00:00:00+00:00, run_after=2024-10-08 00:00:00+00:00
[2024-10-08T09:16:59.421+0000] {processor.py:208} INFO - Processing /root/miniconda3/envs/project/lib/python3.8/site-packages/airflow/example_dags/example_skip_dag.py took 0.155 seconds
[2024-10-08T09:18:07.741+0000] {processor.py:186} INFO - Started process (PID=223404) to work on /root/miniconda3/envs/project/lib/python3.8/site-packages/airflow/example_dags/example_skip_dag.py
[2024-10-08T09:18:07.744+0000] {processor.py:914} INFO - Processing file /root/miniconda3/envs/project/lib/python3.8/site-packages/airflow/example_dags/example_skip_dag.py for tasks to queue
[2024-10-08T09:18:07.747+0000] {logging_mixin.py:190} INFO - [2024-10-08T09:18:07.747+0000] {dagbag.py:588} INFO - Filling up the DagBag from /root/miniconda3/envs/project/lib/python3.8/site-packages/airflow/example_dags/example_skip_dag.py
[2024-10-08T09:18:07.759+0000] {processor.py:925} INFO - DAG(s) 'example_skip_dag' retrieved from /root/miniconda3/envs/project/lib/python3.8/site-packages/airflow/example_dags/example_skip_dag.py
[2024-10-08T09:18:07.785+0000] {logging_mixin.py:190} INFO - [2024-10-08T09:18:07.785+0000] {dag.py:3239} INFO - Sync 1 DAGs
[2024-10-08T09:18:07.815+0000] {logging_mixin.py:190} INFO - [2024-10-08T09:18:07.814+0000] {dag.py:4180} INFO - Setting next_dagrun for example_skip_dag to 2024-10-07 00:00:00+00:00, run_after=2024-10-08 00:00:00+00:00
[2024-10-08T09:18:07.848+0000] {processor.py:208} INFO - Processing /root/miniconda3/envs/project/lib/python3.8/site-packages/airflow/example_dags/example_skip_dag.py took 0.119 seconds
[2024-10-08T09:19:24.830+0000] {processor.py:186} INFO - Started process (PID=223643) to work on /root/miniconda3/envs/project/lib/python3.8/site-packages/airflow/example_dags/example_skip_dag.py
[2024-10-08T09:19:24.833+0000] {processor.py:914} INFO - Processing file /root/miniconda3/envs/project/lib/python3.8/site-packages/airflow/example_dags/example_skip_dag.py for tasks to queue
[2024-10-08T09:19:24.837+0000] {logging_mixin.py:190} INFO - [2024-10-08T09:19:24.836+0000] {dagbag.py:588} INFO - Filling up the DagBag from /root/miniconda3/envs/project/lib/python3.8/site-packages/airflow/example_dags/example_skip_dag.py
[2024-10-08T09:19:24.849+0000] {processor.py:925} INFO - DAG(s) 'example_skip_dag' retrieved from /root/miniconda3/envs/project/lib/python3.8/site-packages/airflow/example_dags/example_skip_dag.py
[2024-10-08T09:19:24.876+0000] {logging_mixin.py:190} INFO - [2024-10-08T09:19:24.876+0000] {dag.py:3239} INFO - Sync 1 DAGs
[2024-10-08T09:19:24.904+0000] {logging_mixin.py:190} INFO - [2024-10-08T09:19:24.904+0000] {dag.py:4180} INFO - Setting next_dagrun for example_skip_dag to 2024-10-07 00:00:00+00:00, run_after=2024-10-08 00:00:00+00:00
[2024-10-08T09:19:24.939+0000] {processor.py:208} INFO - Processing /root/miniconda3/envs/project/lib/python3.8/site-packages/airflow/example_dags/example_skip_dag.py took 0.118 seconds
[2024-10-08T09:20:32.127+0000] {processor.py:186} INFO - Started process (PID=223926) to work on /root/miniconda3/envs/project/lib/python3.8/site-packages/airflow/example_dags/example_skip_dag.py
[2024-10-08T09:20:32.130+0000] {processor.py:914} INFO - Processing file /root/miniconda3/envs/project/lib/python3.8/site-packages/airflow/example_dags/example_skip_dag.py for tasks to queue
[2024-10-08T09:20:32.133+0000] {logging_mixin.py:190} INFO - [2024-10-08T09:20:32.133+0000] {dagbag.py:588} INFO - Filling up the DagBag from /root/miniconda3/envs/project/lib/python3.8/site-packages/airflow/example_dags/example_skip_dag.py
[2024-10-08T09:20:32.146+0000] {processor.py:925} INFO - DAG(s) 'example_skip_dag' retrieved from /root/miniconda3/envs/project/lib/python3.8/site-packages/airflow/example_dags/example_skip_dag.py
[2024-10-08T09:20:32.172+0000] {logging_mixin.py:190} INFO - [2024-10-08T09:20:32.171+0000] {dag.py:3239} INFO - Sync 1 DAGs
[2024-10-08T09:20:32.199+0000] {logging_mixin.py:190} INFO - [2024-10-08T09:20:32.199+0000] {dag.py:4180} INFO - Setting next_dagrun for example_skip_dag to 2024-10-07 00:00:00+00:00, run_after=2024-10-08 00:00:00+00:00
[2024-10-08T09:20:32.229+0000] {processor.py:208} INFO - Processing /root/miniconda3/envs/project/lib/python3.8/site-packages/airflow/example_dags/example_skip_dag.py took 0.114 seconds
[2024-10-08T09:21:48.729+0000] {processor.py:186} INFO - Started process (PID=224225) to work on /root/miniconda3/envs/project/lib/python3.8/site-packages/airflow/example_dags/example_skip_dag.py
[2024-10-08T09:21:48.732+0000] {processor.py:914} INFO - Processing file /root/miniconda3/envs/project/lib/python3.8/site-packages/airflow/example_dags/example_skip_dag.py for tasks to queue
[2024-10-08T09:21:48.736+0000] {logging_mixin.py:190} INFO - [2024-10-08T09:21:48.735+0000] {dagbag.py:588} INFO - Filling up the DagBag from /root/miniconda3/envs/project/lib/python3.8/site-packages/airflow/example_dags/example_skip_dag.py
[2024-10-08T09:21:48.749+0000] {processor.py:925} INFO - DAG(s) 'example_skip_dag' retrieved from /root/miniconda3/envs/project/lib/python3.8/site-packages/airflow/example_dags/example_skip_dag.py
[2024-10-08T09:21:48.776+0000] {logging_mixin.py:190} INFO - [2024-10-08T09:21:48.775+0000] {dag.py:3239} INFO - Sync 1 DAGs
[2024-10-08T09:21:48.803+0000] {logging_mixin.py:190} INFO - [2024-10-08T09:21:48.803+0000] {dag.py:4180} INFO - Setting next_dagrun for example_skip_dag to 2024-10-07 00:00:00+00:00, run_after=2024-10-08 00:00:00+00:00
[2024-10-08T09:21:48.837+0000] {processor.py:208} INFO - Processing /root/miniconda3/envs/project/lib/python3.8/site-packages/airflow/example_dags/example_skip_dag.py took 0.120 seconds
[2024-10-08T09:22:55.777+0000] {processor.py:186} INFO - Started process (PID=224450) to work on /root/miniconda3/envs/project/lib/python3.8/site-packages/airflow/example_dags/example_skip_dag.py
[2024-10-08T09:22:55.780+0000] {processor.py:914} INFO - Processing file /root/miniconda3/envs/project/lib/python3.8/site-packages/airflow/example_dags/example_skip_dag.py for tasks to queue
[2024-10-08T09:22:55.783+0000] {logging_mixin.py:190} INFO - [2024-10-08T09:22:55.783+0000] {dagbag.py:588} INFO - Filling up the DagBag from /root/miniconda3/envs/project/lib/python3.8/site-packages/airflow/example_dags/example_skip_dag.py
[2024-10-08T09:22:55.795+0000] {processor.py:925} INFO - DAG(s) 'example_skip_dag' retrieved from /root/miniconda3/envs/project/lib/python3.8/site-packages/airflow/example_dags/example_skip_dag.py
[2024-10-08T09:22:55.821+0000] {logging_mixin.py:190} INFO - [2024-10-08T09:22:55.821+0000] {dag.py:3239} INFO - Sync 1 DAGs
[2024-10-08T09:22:55.849+0000] {logging_mixin.py:190} INFO - [2024-10-08T09:22:55.849+0000] {dag.py:4180} INFO - Setting next_dagrun for example_skip_dag to 2024-10-07 00:00:00+00:00, run_after=2024-10-08 00:00:00+00:00
[2024-10-08T09:22:55.881+0000] {processor.py:208} INFO - Processing /root/miniconda3/envs/project/lib/python3.8/site-packages/airflow/example_dags/example_skip_dag.py took 0.114 seconds
[2024-10-08T09:24:06.736+0000] {processor.py:186} INFO - Started process (PID=224643) to work on /root/miniconda3/envs/project/lib/python3.8/site-packages/airflow/example_dags/example_skip_dag.py
[2024-10-08T09:24:06.739+0000] {processor.py:914} INFO - Processing file /root/miniconda3/envs/project/lib/python3.8/site-packages/airflow/example_dags/example_skip_dag.py for tasks to queue
[2024-10-08T09:24:06.744+0000] {logging_mixin.py:190} INFO - [2024-10-08T09:24:06.744+0000] {dagbag.py:588} INFO - Filling up the DagBag from /root/miniconda3/envs/project/lib/python3.8/site-packages/airflow/example_dags/example_skip_dag.py
[2024-10-08T09:24:06.758+0000] {processor.py:925} INFO - DAG(s) 'example_skip_dag' retrieved from /root/miniconda3/envs/project/lib/python3.8/site-packages/airflow/example_dags/example_skip_dag.py
[2024-10-08T09:24:06.784+0000] {logging_mixin.py:190} INFO - [2024-10-08T09:24:06.784+0000] {dag.py:3239} INFO - Sync 1 DAGs
[2024-10-08T09:24:06.812+0000] {logging_mixin.py:190} INFO - [2024-10-08T09:24:06.812+0000] {dag.py:4180} INFO - Setting next_dagrun for example_skip_dag to 2024-10-07 00:00:00+00:00, run_after=2024-10-08 00:00:00+00:00
[2024-10-08T09:24:06.852+0000] {processor.py:208} INFO - Processing /root/miniconda3/envs/project/lib/python3.8/site-packages/airflow/example_dags/example_skip_dag.py took 0.127 seconds
[2024-10-08T09:25:15.487+0000] {processor.py:186} INFO - Started process (PID=225369) to work on /root/miniconda3/envs/project/lib/python3.8/site-packages/airflow/example_dags/example_skip_dag.py
[2024-10-08T09:25:15.489+0000] {processor.py:914} INFO - Processing file /root/miniconda3/envs/project/lib/python3.8/site-packages/airflow/example_dags/example_skip_dag.py for tasks to queue
[2024-10-08T09:25:15.493+0000] {logging_mixin.py:190} INFO - [2024-10-08T09:25:15.492+0000] {dagbag.py:588} INFO - Filling up the DagBag from /root/miniconda3/envs/project/lib/python3.8/site-packages/airflow/example_dags/example_skip_dag.py
[2024-10-08T09:25:15.505+0000] {processor.py:925} INFO - DAG(s) 'example_skip_dag' retrieved from /root/miniconda3/envs/project/lib/python3.8/site-packages/airflow/example_dags/example_skip_dag.py
[2024-10-08T09:25:15.530+0000] {logging_mixin.py:190} INFO - [2024-10-08T09:25:15.530+0000] {dag.py:3239} INFO - Sync 1 DAGs
[2024-10-08T09:25:15.558+0000] {logging_mixin.py:190} INFO - [2024-10-08T09:25:15.557+0000] {dag.py:4180} INFO - Setting next_dagrun for example_skip_dag to 2024-10-07 00:00:00+00:00, run_after=2024-10-08 00:00:00+00:00
[2024-10-08T09:25:15.590+0000] {processor.py:208} INFO - Processing /root/miniconda3/envs/project/lib/python3.8/site-packages/airflow/example_dags/example_skip_dag.py took 0.115 seconds
[2024-10-08T09:26:24.684+0000] {processor.py:186} INFO - Started process (PID=225732) to work on /root/miniconda3/envs/project/lib/python3.8/site-packages/airflow/example_dags/example_skip_dag.py
[2024-10-08T09:26:24.687+0000] {processor.py:914} INFO - Processing file /root/miniconda3/envs/project/lib/python3.8/site-packages/airflow/example_dags/example_skip_dag.py for tasks to queue
[2024-10-08T09:26:24.691+0000] {logging_mixin.py:190} INFO - [2024-10-08T09:26:24.690+0000] {dagbag.py:588} INFO - Filling up the DagBag from /root/miniconda3/envs/project/lib/python3.8/site-packages/airflow/example_dags/example_skip_dag.py
[2024-10-08T09:26:24.703+0000] {processor.py:925} INFO - DAG(s) 'example_skip_dag' retrieved from /root/miniconda3/envs/project/lib/python3.8/site-packages/airflow/example_dags/example_skip_dag.py
[2024-10-08T09:26:24.729+0000] {logging_mixin.py:190} INFO - [2024-10-08T09:26:24.729+0000] {dag.py:3239} INFO - Sync 1 DAGs
[2024-10-08T09:26:24.757+0000] {logging_mixin.py:190} INFO - [2024-10-08T09:26:24.757+0000] {dag.py:4180} INFO - Setting next_dagrun for example_skip_dag to 2024-10-07 00:00:00+00:00, run_after=2024-10-08 00:00:00+00:00
[2024-10-08T09:26:24.789+0000] {processor.py:208} INFO - Processing /root/miniconda3/envs/project/lib/python3.8/site-packages/airflow/example_dags/example_skip_dag.py took 0.116 seconds
[2024-10-08T09:27:37.642+0000] {processor.py:186} INFO - Started process (PID=226148) to work on /root/miniconda3/envs/project/lib/python3.8/site-packages/airflow/example_dags/example_skip_dag.py
[2024-10-08T09:27:37.645+0000] {processor.py:914} INFO - Processing file /root/miniconda3/envs/project/lib/python3.8/site-packages/airflow/example_dags/example_skip_dag.py for tasks to queue
[2024-10-08T09:27:37.649+0000] {logging_mixin.py:190} INFO - [2024-10-08T09:27:37.648+0000] {dagbag.py:588} INFO - Filling up the DagBag from /root/miniconda3/envs/project/lib/python3.8/site-packages/airflow/example_dags/example_skip_dag.py
[2024-10-08T09:27:37.661+0000] {processor.py:925} INFO - DAG(s) 'example_skip_dag' retrieved from /root/miniconda3/envs/project/lib/python3.8/site-packages/airflow/example_dags/example_skip_dag.py
[2024-10-08T09:27:37.688+0000] {logging_mixin.py:190} INFO - [2024-10-08T09:27:37.688+0000] {dag.py:3239} INFO - Sync 1 DAGs
[2024-10-08T09:27:37.717+0000] {logging_mixin.py:190} INFO - [2024-10-08T09:27:37.717+0000] {dag.py:4180} INFO - Setting next_dagrun for example_skip_dag to 2024-10-07 00:00:00+00:00, run_after=2024-10-08 00:00:00+00:00
[2024-10-08T09:27:37.749+0000] {processor.py:208} INFO - Processing /root/miniconda3/envs/project/lib/python3.8/site-packages/airflow/example_dags/example_skip_dag.py took 0.119 seconds
[2024-10-08T09:28:48.667+0000] {processor.py:186} INFO - Started process (PID=226757) to work on /root/miniconda3/envs/project/lib/python3.8/site-packages/airflow/example_dags/example_skip_dag.py
[2024-10-08T09:28:48.669+0000] {processor.py:914} INFO - Processing file /root/miniconda3/envs/project/lib/python3.8/site-packages/airflow/example_dags/example_skip_dag.py for tasks to queue
[2024-10-08T09:28:48.673+0000] {logging_mixin.py:190} INFO - [2024-10-08T09:28:48.672+0000] {dagbag.py:588} INFO - Filling up the DagBag from /root/miniconda3/envs/project/lib/python3.8/site-packages/airflow/example_dags/example_skip_dag.py
[2024-10-08T09:28:48.685+0000] {processor.py:925} INFO - DAG(s) 'example_skip_dag' retrieved from /root/miniconda3/envs/project/lib/python3.8/site-packages/airflow/example_dags/example_skip_dag.py
[2024-10-08T09:28:48.713+0000] {logging_mixin.py:190} INFO - [2024-10-08T09:28:48.713+0000] {dag.py:3239} INFO - Sync 1 DAGs
[2024-10-08T09:28:48.741+0000] {logging_mixin.py:190} INFO - [2024-10-08T09:28:48.741+0000] {dag.py:4180} INFO - Setting next_dagrun for example_skip_dag to 2024-10-07 00:00:00+00:00, run_after=2024-10-08 00:00:00+00:00
[2024-10-08T09:28:48.777+0000] {processor.py:208} INFO - Processing /root/miniconda3/envs/project/lib/python3.8/site-packages/airflow/example_dags/example_skip_dag.py took 0.122 seconds
[2024-10-08T09:30:09.229+0000] {processor.py:186} INFO - Started process (PID=227575) to work on /root/miniconda3/envs/project/lib/python3.8/site-packages/airflow/example_dags/example_skip_dag.py
[2024-10-08T09:30:09.232+0000] {processor.py:914} INFO - Processing file /root/miniconda3/envs/project/lib/python3.8/site-packages/airflow/example_dags/example_skip_dag.py for tasks to queue
[2024-10-08T09:30:09.237+0000] {logging_mixin.py:190} INFO - [2024-10-08T09:30:09.236+0000] {dagbag.py:588} INFO - Filling up the DagBag from /root/miniconda3/envs/project/lib/python3.8/site-packages/airflow/example_dags/example_skip_dag.py
[2024-10-08T09:30:09.252+0000] {processor.py:925} INFO - DAG(s) 'example_skip_dag' retrieved from /root/miniconda3/envs/project/lib/python3.8/site-packages/airflow/example_dags/example_skip_dag.py
[2024-10-08T09:30:09.416+0000] {logging_mixin.py:190} INFO - [2024-10-08T09:30:09.415+0000] {dag.py:3239} INFO - Sync 1 DAGs
[2024-10-08T09:30:09.441+0000] {logging_mixin.py:190} INFO - [2024-10-08T09:30:09.440+0000] {dag.py:4180} INFO - Setting next_dagrun for example_skip_dag to 2024-10-07 00:00:00+00:00, run_after=2024-10-08 00:00:00+00:00
[2024-10-08T09:30:09.479+0000] {processor.py:208} INFO - Processing /root/miniconda3/envs/project/lib/python3.8/site-packages/airflow/example_dags/example_skip_dag.py took 0.264 seconds
[2024-10-08T09:31:43.578+0000] {processor.py:186} INFO - Started process (PID=228672) to work on /root/miniconda3/envs/project/lib/python3.8/site-packages/airflow/example_dags/example_skip_dag.py
[2024-10-08T09:31:43.581+0000] {processor.py:914} INFO - Processing file /root/miniconda3/envs/project/lib/python3.8/site-packages/airflow/example_dags/example_skip_dag.py for tasks to queue
[2024-10-08T09:31:43.585+0000] {logging_mixin.py:190} INFO - [2024-10-08T09:31:43.584+0000] {dagbag.py:588} INFO - Filling up the DagBag from /root/miniconda3/envs/project/lib/python3.8/site-packages/airflow/example_dags/example_skip_dag.py
[2024-10-08T09:31:43.597+0000] {processor.py:925} INFO - DAG(s) 'example_skip_dag' retrieved from /root/miniconda3/envs/project/lib/python3.8/site-packages/airflow/example_dags/example_skip_dag.py
[2024-10-08T09:31:43.623+0000] {logging_mixin.py:190} INFO - [2024-10-08T09:31:43.622+0000] {dag.py:3239} INFO - Sync 1 DAGs
[2024-10-08T09:31:43.650+0000] {logging_mixin.py:190} INFO - [2024-10-08T09:31:43.650+0000] {dag.py:4180} INFO - Setting next_dagrun for example_skip_dag to 2024-10-07 00:00:00+00:00, run_after=2024-10-08 00:00:00+00:00
[2024-10-08T09:31:43.681+0000] {processor.py:208} INFO - Processing /root/miniconda3/envs/project/lib/python3.8/site-packages/airflow/example_dags/example_skip_dag.py took 0.115 seconds
[2024-10-08T09:32:55.540+0000] {processor.py:186} INFO - Started process (PID=229179) to work on /root/miniconda3/envs/project/lib/python3.8/site-packages/airflow/example_dags/example_skip_dag.py
[2024-10-08T09:32:55.543+0000] {processor.py:914} INFO - Processing file /root/miniconda3/envs/project/lib/python3.8/site-packages/airflow/example_dags/example_skip_dag.py for tasks to queue
[2024-10-08T09:32:55.547+0000] {logging_mixin.py:190} INFO - [2024-10-08T09:32:55.546+0000] {dagbag.py:588} INFO - Filling up the DagBag from /root/miniconda3/envs/project/lib/python3.8/site-packages/airflow/example_dags/example_skip_dag.py
[2024-10-08T09:32:55.559+0000] {processor.py:925} INFO - DAG(s) 'example_skip_dag' retrieved from /root/miniconda3/envs/project/lib/python3.8/site-packages/airflow/example_dags/example_skip_dag.py
[2024-10-08T09:32:55.593+0000] {logging_mixin.py:190} INFO - [2024-10-08T09:32:55.592+0000] {dag.py:3239} INFO - Sync 1 DAGs
[2024-10-08T09:32:55.622+0000] {logging_mixin.py:190} INFO - [2024-10-08T09:32:55.622+0000] {dag.py:4180} INFO - Setting next_dagrun for example_skip_dag to 2024-10-07 00:00:00+00:00, run_after=2024-10-08 00:00:00+00:00
[2024-10-08T09:32:55.675+0000] {processor.py:208} INFO - Processing /root/miniconda3/envs/project/lib/python3.8/site-packages/airflow/example_dags/example_skip_dag.py took 0.150 seconds
