[2024-10-08T07:57:42.844+0000] {processor.py:186} INFO - Started process (PID=207139) to work on /root/miniconda3/envs/project/lib/python3.8/site-packages/airflow/example_dags/example_external_task_marker_dag.py
[2024-10-08T07:57:42.846+0000] {processor.py:914} INFO - Processing file /root/miniconda3/envs/project/lib/python3.8/site-packages/airflow/example_dags/example_external_task_marker_dag.py for tasks to queue
[2024-10-08T07:57:42.850+0000] {logging_mixin.py:190} INFO - [2024-10-08T07:57:42.849+0000] {dagbag.py:588} INFO - Filling up the DagBag from /root/miniconda3/envs/project/lib/python3.8/site-packages/airflow/example_dags/example_external_task_marker_dag.py
[2024-10-08T07:57:42.861+0000] {processor.py:925} INFO - DAG(s) 'example_external_task_marker_child', 'example_external_task_marker_parent' retrieved from /root/miniconda3/envs/project/lib/python3.8/site-packages/airflow/example_dags/example_external_task_marker_dag.py
[2024-10-08T07:57:43.006+0000] {logging_mixin.py:190} INFO - [2024-10-08T07:57:43.005+0000] {override.py:1901} INFO - Created Permission View: can delete on DAG:example_external_task_marker_child
[2024-10-08T07:57:43.030+0000] {logging_mixin.py:190} INFO - [2024-10-08T07:57:43.029+0000] {override.py:1901} INFO - Created Permission View: can read on DAG:example_external_task_marker_child
[2024-10-08T07:57:43.053+0000] {logging_mixin.py:190} INFO - [2024-10-08T07:57:43.052+0000] {override.py:1901} INFO - Created Permission View: can edit on DAG:example_external_task_marker_child
[2024-10-08T07:57:43.084+0000] {logging_mixin.py:190} INFO - [2024-10-08T07:57:43.084+0000] {override.py:1901} INFO - Created Permission View: can delete on DAG Run:example_external_task_marker_child
[2024-10-08T07:57:43.102+0000] {logging_mixin.py:190} INFO - [2024-10-08T07:57:43.101+0000] {override.py:1901} INFO - Created Permission View: menu access on DAG Run:example_external_task_marker_child
[2024-10-08T07:57:43.118+0000] {logging_mixin.py:190} INFO - [2024-10-08T07:57:43.118+0000] {override.py:1901} INFO - Created Permission View: can create on DAG Run:example_external_task_marker_child
[2024-10-08T07:57:43.137+0000] {logging_mixin.py:190} INFO - [2024-10-08T07:57:43.137+0000] {override.py:1901} INFO - Created Permission View: can read on DAG Run:example_external_task_marker_child
[2024-10-08T07:57:43.168+0000] {logging_mixin.py:190} INFO - [2024-10-08T07:57:43.167+0000] {override.py:1901} INFO - Created Permission View: can delete on DAG:example_external_task_marker_parent
[2024-10-08T07:57:43.184+0000] {logging_mixin.py:190} INFO - [2024-10-08T07:57:43.183+0000] {override.py:1901} INFO - Created Permission View: can read on DAG:example_external_task_marker_parent
[2024-10-08T07:57:43.201+0000] {logging_mixin.py:190} INFO - [2024-10-08T07:57:43.201+0000] {override.py:1901} INFO - Created Permission View: can edit on DAG:example_external_task_marker_parent
[2024-10-08T07:57:43.224+0000] {logging_mixin.py:190} INFO - [2024-10-08T07:57:43.224+0000] {override.py:1901} INFO - Created Permission View: can delete on DAG Run:example_external_task_marker_parent
[2024-10-08T07:57:43.241+0000] {logging_mixin.py:190} INFO - [2024-10-08T07:57:43.240+0000] {override.py:1901} INFO - Created Permission View: menu access on DAG Run:example_external_task_marker_parent
[2024-10-08T07:57:43.256+0000] {logging_mixin.py:190} INFO - [2024-10-08T07:57:43.256+0000] {override.py:1901} INFO - Created Permission View: can create on DAG Run:example_external_task_marker_parent
[2024-10-08T07:57:43.271+0000] {logging_mixin.py:190} INFO - [2024-10-08T07:57:43.271+0000] {override.py:1901} INFO - Created Permission View: can read on DAG Run:example_external_task_marker_parent
[2024-10-08T07:57:43.272+0000] {logging_mixin.py:190} INFO - [2024-10-08T07:57:43.271+0000] {dag.py:3239} INFO - Sync 2 DAGs
[2024-10-08T07:57:43.290+0000] {logging_mixin.py:190} INFO - [2024-10-08T07:57:43.290+0000] {dag.py:3262} INFO - Creating ORM DAG for example_external_task_marker_parent
[2024-10-08T07:57:43.291+0000] {logging_mixin.py:190} INFO - [2024-10-08T07:57:43.291+0000] {dag.py:3262} INFO - Creating ORM DAG for example_external_task_marker_child
[2024-10-08T07:57:43.292+0000] {logging_mixin.py:190} INFO - [2024-10-08T07:57:43.292+0000] {dag.py:4180} INFO - Setting next_dagrun for example_external_task_marker_child to None, run_after=None
[2024-10-08T07:57:43.293+0000] {logging_mixin.py:190} INFO - [2024-10-08T07:57:43.293+0000] {dag.py:4180} INFO - Setting next_dagrun for example_external_task_marker_parent to None, run_after=None
[2024-10-08T07:57:43.323+0000] {processor.py:208} INFO - Processing /root/miniconda3/envs/project/lib/python3.8/site-packages/airflow/example_dags/example_external_task_marker_dag.py took 0.491 seconds
[2024-10-08T07:59:04.404+0000] {processor.py:186} INFO - Started process (PID=207462) to work on /root/miniconda3/envs/project/lib/python3.8/site-packages/airflow/example_dags/example_external_task_marker_dag.py
[2024-10-08T07:59:04.407+0000] {processor.py:914} INFO - Processing file /root/miniconda3/envs/project/lib/python3.8/site-packages/airflow/example_dags/example_external_task_marker_dag.py for tasks to queue
[2024-10-08T07:59:04.411+0000] {logging_mixin.py:190} INFO - [2024-10-08T07:59:04.411+0000] {dagbag.py:588} INFO - Filling up the DagBag from /root/miniconda3/envs/project/lib/python3.8/site-packages/airflow/example_dags/example_external_task_marker_dag.py
[2024-10-08T07:59:04.424+0000] {processor.py:925} INFO - DAG(s) 'example_external_task_marker_parent', 'example_external_task_marker_child' retrieved from /root/miniconda3/envs/project/lib/python3.8/site-packages/airflow/example_dags/example_external_task_marker_dag.py
[2024-10-08T07:59:04.452+0000] {logging_mixin.py:190} INFO - [2024-10-08T07:59:04.452+0000] {dag.py:3239} INFO - Sync 2 DAGs
[2024-10-08T07:59:04.471+0000] {logging_mixin.py:190} INFO - [2024-10-08T07:59:04.470+0000] {dag.py:4180} INFO - Setting next_dagrun for example_external_task_marker_child to None, run_after=None
[2024-10-08T07:59:04.475+0000] {logging_mixin.py:190} INFO - [2024-10-08T07:59:04.475+0000] {dag.py:4180} INFO - Setting next_dagrun for example_external_task_marker_parent to None, run_after=None
[2024-10-08T07:59:04.504+0000] {processor.py:208} INFO - Processing /root/miniconda3/envs/project/lib/python3.8/site-packages/airflow/example_dags/example_external_task_marker_dag.py took 0.112 seconds
[2024-10-08T08:00:15.423+0000] {processor.py:186} INFO - Started process (PID=207672) to work on /root/miniconda3/envs/project/lib/python3.8/site-packages/airflow/example_dags/example_external_task_marker_dag.py
[2024-10-08T08:00:15.426+0000] {processor.py:914} INFO - Processing file /root/miniconda3/envs/project/lib/python3.8/site-packages/airflow/example_dags/example_external_task_marker_dag.py for tasks to queue
[2024-10-08T08:00:15.430+0000] {logging_mixin.py:190} INFO - [2024-10-08T08:00:15.430+0000] {dagbag.py:588} INFO - Filling up the DagBag from /root/miniconda3/envs/project/lib/python3.8/site-packages/airflow/example_dags/example_external_task_marker_dag.py
[2024-10-08T08:00:15.443+0000] {processor.py:925} INFO - DAG(s) 'example_external_task_marker_parent', 'example_external_task_marker_child' retrieved from /root/miniconda3/envs/project/lib/python3.8/site-packages/airflow/example_dags/example_external_task_marker_dag.py
[2024-10-08T08:00:15.471+0000] {logging_mixin.py:190} INFO - [2024-10-08T08:00:15.470+0000] {dag.py:3239} INFO - Sync 2 DAGs
[2024-10-08T08:00:15.490+0000] {logging_mixin.py:190} INFO - [2024-10-08T08:00:15.490+0000] {dag.py:4180} INFO - Setting next_dagrun for example_external_task_marker_child to None, run_after=None
[2024-10-08T08:00:15.494+0000] {logging_mixin.py:190} INFO - [2024-10-08T08:00:15.494+0000] {dag.py:4180} INFO - Setting next_dagrun for example_external_task_marker_parent to None, run_after=None
[2024-10-08T08:00:15.522+0000] {processor.py:208} INFO - Processing /root/miniconda3/envs/project/lib/python3.8/site-packages/airflow/example_dags/example_external_task_marker_dag.py took 0.110 seconds
[2024-10-08T08:01:31.198+0000] {processor.py:186} INFO - Started process (PID=208024) to work on /root/miniconda3/envs/project/lib/python3.8/site-packages/airflow/example_dags/example_external_task_marker_dag.py
[2024-10-08T08:01:31.201+0000] {processor.py:914} INFO - Processing file /root/miniconda3/envs/project/lib/python3.8/site-packages/airflow/example_dags/example_external_task_marker_dag.py for tasks to queue
[2024-10-08T08:01:31.205+0000] {logging_mixin.py:190} INFO - [2024-10-08T08:01:31.204+0000] {dagbag.py:588} INFO - Filling up the DagBag from /root/miniconda3/envs/project/lib/python3.8/site-packages/airflow/example_dags/example_external_task_marker_dag.py
[2024-10-08T08:01:31.217+0000] {processor.py:925} INFO - DAG(s) 'example_external_task_marker_child', 'example_external_task_marker_parent' retrieved from /root/miniconda3/envs/project/lib/python3.8/site-packages/airflow/example_dags/example_external_task_marker_dag.py
[2024-10-08T08:01:31.245+0000] {logging_mixin.py:190} INFO - [2024-10-08T08:01:31.245+0000] {dag.py:3239} INFO - Sync 2 DAGs
[2024-10-08T08:01:31.264+0000] {logging_mixin.py:190} INFO - [2024-10-08T08:01:31.264+0000] {dag.py:4180} INFO - Setting next_dagrun for example_external_task_marker_child to None, run_after=None
[2024-10-08T08:01:31.268+0000] {logging_mixin.py:190} INFO - [2024-10-08T08:01:31.268+0000] {dag.py:4180} INFO - Setting next_dagrun for example_external_task_marker_parent to None, run_after=None
[2024-10-08T08:01:31.300+0000] {processor.py:208} INFO - Processing /root/miniconda3/envs/project/lib/python3.8/site-packages/airflow/example_dags/example_external_task_marker_dag.py took 0.114 seconds
[2024-10-08T08:02:41.438+0000] {processor.py:186} INFO - Started process (PID=208273) to work on /root/miniconda3/envs/project/lib/python3.8/site-packages/airflow/example_dags/example_external_task_marker_dag.py
[2024-10-08T08:02:41.441+0000] {processor.py:914} INFO - Processing file /root/miniconda3/envs/project/lib/python3.8/site-packages/airflow/example_dags/example_external_task_marker_dag.py for tasks to queue
[2024-10-08T08:02:41.445+0000] {logging_mixin.py:190} INFO - [2024-10-08T08:02:41.444+0000] {dagbag.py:588} INFO - Filling up the DagBag from /root/miniconda3/envs/project/lib/python3.8/site-packages/airflow/example_dags/example_external_task_marker_dag.py
[2024-10-08T08:02:41.457+0000] {processor.py:925} INFO - DAG(s) 'example_external_task_marker_parent', 'example_external_task_marker_child' retrieved from /root/miniconda3/envs/project/lib/python3.8/site-packages/airflow/example_dags/example_external_task_marker_dag.py
[2024-10-08T08:02:41.484+0000] {logging_mixin.py:190} INFO - [2024-10-08T08:02:41.484+0000] {dag.py:3239} INFO - Sync 2 DAGs
[2024-10-08T08:02:41.503+0000] {logging_mixin.py:190} INFO - [2024-10-08T08:02:41.502+0000] {dag.py:4180} INFO - Setting next_dagrun for example_external_task_marker_child to None, run_after=None
[2024-10-08T08:02:41.507+0000] {logging_mixin.py:190} INFO - [2024-10-08T08:02:41.507+0000] {dag.py:4180} INFO - Setting next_dagrun for example_external_task_marker_parent to None, run_after=None
[2024-10-08T08:02:41.559+0000] {processor.py:208} INFO - Processing /root/miniconda3/envs/project/lib/python3.8/site-packages/airflow/example_dags/example_external_task_marker_dag.py took 0.131 seconds
[2024-10-08T08:03:50.932+0000] {processor.py:186} INFO - Started process (PID=208477) to work on /root/miniconda3/envs/project/lib/python3.8/site-packages/airflow/example_dags/example_external_task_marker_dag.py
[2024-10-08T08:03:50.935+0000] {processor.py:914} INFO - Processing file /root/miniconda3/envs/project/lib/python3.8/site-packages/airflow/example_dags/example_external_task_marker_dag.py for tasks to queue
[2024-10-08T08:03:50.939+0000] {logging_mixin.py:190} INFO - [2024-10-08T08:03:50.939+0000] {dagbag.py:588} INFO - Filling up the DagBag from /root/miniconda3/envs/project/lib/python3.8/site-packages/airflow/example_dags/example_external_task_marker_dag.py
[2024-10-08T08:03:50.952+0000] {processor.py:925} INFO - DAG(s) 'example_external_task_marker_child', 'example_external_task_marker_parent' retrieved from /root/miniconda3/envs/project/lib/python3.8/site-packages/airflow/example_dags/example_external_task_marker_dag.py
[2024-10-08T08:03:50.980+0000] {logging_mixin.py:190} INFO - [2024-10-08T08:03:50.980+0000] {dag.py:3239} INFO - Sync 2 DAGs
[2024-10-08T08:03:50.999+0000] {logging_mixin.py:190} INFO - [2024-10-08T08:03:50.999+0000] {dag.py:4180} INFO - Setting next_dagrun for example_external_task_marker_child to None, run_after=None
[2024-10-08T08:03:51.003+0000] {logging_mixin.py:190} INFO - [2024-10-08T08:03:51.003+0000] {dag.py:4180} INFO - Setting next_dagrun for example_external_task_marker_parent to None, run_after=None
[2024-10-08T08:03:51.033+0000] {processor.py:208} INFO - Processing /root/miniconda3/envs/project/lib/python3.8/site-packages/airflow/example_dags/example_external_task_marker_dag.py took 0.111 seconds
[2024-10-08T08:04:57.743+0000] {processor.py:186} INFO - Started process (PID=208726) to work on /root/miniconda3/envs/project/lib/python3.8/site-packages/airflow/example_dags/example_external_task_marker_dag.py
[2024-10-08T08:04:57.746+0000] {processor.py:914} INFO - Processing file /root/miniconda3/envs/project/lib/python3.8/site-packages/airflow/example_dags/example_external_task_marker_dag.py for tasks to queue
[2024-10-08T08:04:57.750+0000] {logging_mixin.py:190} INFO - [2024-10-08T08:04:57.750+0000] {dagbag.py:588} INFO - Filling up the DagBag from /root/miniconda3/envs/project/lib/python3.8/site-packages/airflow/example_dags/example_external_task_marker_dag.py
[2024-10-08T08:04:57.763+0000] {processor.py:925} INFO - DAG(s) 'example_external_task_marker_parent', 'example_external_task_marker_child' retrieved from /root/miniconda3/envs/project/lib/python3.8/site-packages/airflow/example_dags/example_external_task_marker_dag.py
[2024-10-08T08:04:57.792+0000] {logging_mixin.py:190} INFO - [2024-10-08T08:04:57.792+0000] {dag.py:3239} INFO - Sync 2 DAGs
[2024-10-08T08:04:57.811+0000] {logging_mixin.py:190} INFO - [2024-10-08T08:04:57.811+0000] {dag.py:4180} INFO - Setting next_dagrun for example_external_task_marker_child to None, run_after=None
[2024-10-08T08:04:57.815+0000] {logging_mixin.py:190} INFO - [2024-10-08T08:04:57.815+0000] {dag.py:4180} INFO - Setting next_dagrun for example_external_task_marker_parent to None, run_after=None
[2024-10-08T08:04:57.849+0000] {processor.py:208} INFO - Processing /root/miniconda3/envs/project/lib/python3.8/site-packages/airflow/example_dags/example_external_task_marker_dag.py took 0.118 seconds
[2024-10-08T08:05:59.766+0000] {processor.py:186} INFO - Started process (PID=208908) to work on /root/miniconda3/envs/project/lib/python3.8/site-packages/airflow/example_dags/example_external_task_marker_dag.py
[2024-10-08T08:05:59.768+0000] {processor.py:914} INFO - Processing file /root/miniconda3/envs/project/lib/python3.8/site-packages/airflow/example_dags/example_external_task_marker_dag.py for tasks to queue
[2024-10-08T08:05:59.773+0000] {logging_mixin.py:190} INFO - [2024-10-08T08:05:59.772+0000] {dagbag.py:588} INFO - Filling up the DagBag from /root/miniconda3/envs/project/lib/python3.8/site-packages/airflow/example_dags/example_external_task_marker_dag.py
[2024-10-08T08:05:59.785+0000] {processor.py:925} INFO - DAG(s) 'example_external_task_marker_parent', 'example_external_task_marker_child' retrieved from /root/miniconda3/envs/project/lib/python3.8/site-packages/airflow/example_dags/example_external_task_marker_dag.py
[2024-10-08T08:05:59.811+0000] {logging_mixin.py:190} INFO - [2024-10-08T08:05:59.811+0000] {dag.py:3239} INFO - Sync 2 DAGs
[2024-10-08T08:05:59.829+0000] {logging_mixin.py:190} INFO - [2024-10-08T08:05:59.829+0000] {dag.py:4180} INFO - Setting next_dagrun for example_external_task_marker_child to None, run_after=None
[2024-10-08T08:05:59.834+0000] {logging_mixin.py:190} INFO - [2024-10-08T08:05:59.834+0000] {dag.py:4180} INFO - Setting next_dagrun for example_external_task_marker_parent to None, run_after=None
[2024-10-08T08:05:59.862+0000] {processor.py:208} INFO - Processing /root/miniconda3/envs/project/lib/python3.8/site-packages/airflow/example_dags/example_external_task_marker_dag.py took 0.108 seconds
[2024-10-08T08:07:04.088+0000] {processor.py:186} INFO - Started process (PID=209141) to work on /root/miniconda3/envs/project/lib/python3.8/site-packages/airflow/example_dags/example_external_task_marker_dag.py
[2024-10-08T08:07:04.091+0000] {processor.py:914} INFO - Processing file /root/miniconda3/envs/project/lib/python3.8/site-packages/airflow/example_dags/example_external_task_marker_dag.py for tasks to queue
[2024-10-08T08:07:04.094+0000] {logging_mixin.py:190} INFO - [2024-10-08T08:07:04.094+0000] {dagbag.py:588} INFO - Filling up the DagBag from /root/miniconda3/envs/project/lib/python3.8/site-packages/airflow/example_dags/example_external_task_marker_dag.py
[2024-10-08T08:07:04.106+0000] {processor.py:925} INFO - DAG(s) 'example_external_task_marker_parent', 'example_external_task_marker_child' retrieved from /root/miniconda3/envs/project/lib/python3.8/site-packages/airflow/example_dags/example_external_task_marker_dag.py
[2024-10-08T08:07:04.133+0000] {logging_mixin.py:190} INFO - [2024-10-08T08:07:04.133+0000] {dag.py:3239} INFO - Sync 2 DAGs
[2024-10-08T08:07:04.151+0000] {logging_mixin.py:190} INFO - [2024-10-08T08:07:04.151+0000] {dag.py:4180} INFO - Setting next_dagrun for example_external_task_marker_child to None, run_after=None
[2024-10-08T08:07:04.155+0000] {logging_mixin.py:190} INFO - [2024-10-08T08:07:04.155+0000] {dag.py:4180} INFO - Setting next_dagrun for example_external_task_marker_parent to None, run_after=None
[2024-10-08T08:07:04.182+0000] {processor.py:208} INFO - Processing /root/miniconda3/envs/project/lib/python3.8/site-packages/airflow/example_dags/example_external_task_marker_dag.py took 0.105 seconds
[2024-10-08T08:08:13.896+0000] {processor.py:186} INFO - Started process (PID=209388) to work on /root/miniconda3/envs/project/lib/python3.8/site-packages/airflow/example_dags/example_external_task_marker_dag.py
[2024-10-08T08:08:13.899+0000] {processor.py:914} INFO - Processing file /root/miniconda3/envs/project/lib/python3.8/site-packages/airflow/example_dags/example_external_task_marker_dag.py for tasks to queue
[2024-10-08T08:08:13.903+0000] {logging_mixin.py:190} INFO - [2024-10-08T08:08:13.903+0000] {dagbag.py:588} INFO - Filling up the DagBag from /root/miniconda3/envs/project/lib/python3.8/site-packages/airflow/example_dags/example_external_task_marker_dag.py
[2024-10-08T08:08:13.915+0000] {processor.py:925} INFO - DAG(s) 'example_external_task_marker_child', 'example_external_task_marker_parent' retrieved from /root/miniconda3/envs/project/lib/python3.8/site-packages/airflow/example_dags/example_external_task_marker_dag.py
[2024-10-08T08:08:13.942+0000] {logging_mixin.py:190} INFO - [2024-10-08T08:08:13.942+0000] {dag.py:3239} INFO - Sync 2 DAGs
[2024-10-08T08:08:13.961+0000] {logging_mixin.py:190} INFO - [2024-10-08T08:08:13.961+0000] {dag.py:4180} INFO - Setting next_dagrun for example_external_task_marker_child to None, run_after=None
[2024-10-08T08:08:13.965+0000] {logging_mixin.py:190} INFO - [2024-10-08T08:08:13.965+0000] {dag.py:4180} INFO - Setting next_dagrun for example_external_task_marker_parent to None, run_after=None
[2024-10-08T08:08:13.996+0000] {processor.py:208} INFO - Processing /root/miniconda3/envs/project/lib/python3.8/site-packages/airflow/example_dags/example_external_task_marker_dag.py took 0.112 seconds
[2024-10-08T08:10:12.328+0000] {processor.py:186} INFO - Started process (PID=210094) to work on /root/miniconda3/envs/project/lib/python3.8/site-packages/airflow/example_dags/example_external_task_marker_dag.py
[2024-10-08T08:10:12.331+0000] {processor.py:914} INFO - Processing file /root/miniconda3/envs/project/lib/python3.8/site-packages/airflow/example_dags/example_external_task_marker_dag.py for tasks to queue
[2024-10-08T08:10:12.335+0000] {logging_mixin.py:190} INFO - [2024-10-08T08:10:12.335+0000] {dagbag.py:588} INFO - Filling up the DagBag from /root/miniconda3/envs/project/lib/python3.8/site-packages/airflow/example_dags/example_external_task_marker_dag.py
[2024-10-08T08:10:12.347+0000] {processor.py:925} INFO - DAG(s) 'example_external_task_marker_parent', 'example_external_task_marker_child' retrieved from /root/miniconda3/envs/project/lib/python3.8/site-packages/airflow/example_dags/example_external_task_marker_dag.py
[2024-10-08T08:10:12.374+0000] {logging_mixin.py:190} INFO - [2024-10-08T08:10:12.374+0000] {dag.py:3239} INFO - Sync 2 DAGs
[2024-10-08T08:10:12.394+0000] {logging_mixin.py:190} INFO - [2024-10-08T08:10:12.394+0000] {dag.py:4180} INFO - Setting next_dagrun for example_external_task_marker_child to None, run_after=None
[2024-10-08T08:10:12.398+0000] {logging_mixin.py:190} INFO - [2024-10-08T08:10:12.398+0000] {dag.py:4180} INFO - Setting next_dagrun for example_external_task_marker_parent to None, run_after=None
[2024-10-08T08:10:12.428+0000] {processor.py:208} INFO - Processing /root/miniconda3/envs/project/lib/python3.8/site-packages/airflow/example_dags/example_external_task_marker_dag.py took 0.109 seconds
[2024-10-08T08:13:14.784+0000] {processor.py:186} INFO - Started process (PID=211106) to work on /root/miniconda3/envs/project/lib/python3.8/site-packages/airflow/example_dags/example_external_task_marker_dag.py
[2024-10-08T08:13:14.795+0000] {processor.py:914} INFO - Processing file /root/miniconda3/envs/project/lib/python3.8/site-packages/airflow/example_dags/example_external_task_marker_dag.py for tasks to queue
[2024-10-08T08:13:14.798+0000] {logging_mixin.py:190} INFO - [2024-10-08T08:13:14.798+0000] {dagbag.py:588} INFO - Filling up the DagBag from /root/miniconda3/envs/project/lib/python3.8/site-packages/airflow/example_dags/example_external_task_marker_dag.py
[2024-10-08T08:13:14.811+0000] {processor.py:925} INFO - DAG(s) 'example_external_task_marker_parent', 'example_external_task_marker_child' retrieved from /root/miniconda3/envs/project/lib/python3.8/site-packages/airflow/example_dags/example_external_task_marker_dag.py
[2024-10-08T08:13:14.839+0000] {logging_mixin.py:190} INFO - [2024-10-08T08:13:14.839+0000] {dag.py:3239} INFO - Sync 2 DAGs
[2024-10-08T08:13:14.860+0000] {logging_mixin.py:190} INFO - [2024-10-08T08:13:14.860+0000] {dag.py:4180} INFO - Setting next_dagrun for example_external_task_marker_child to None, run_after=None
[2024-10-08T08:13:14.864+0000] {logging_mixin.py:190} INFO - [2024-10-08T08:13:14.864+0000] {dag.py:4180} INFO - Setting next_dagrun for example_external_task_marker_parent to None, run_after=None
[2024-10-08T08:13:14.893+0000] {processor.py:208} INFO - Processing /root/miniconda3/envs/project/lib/python3.8/site-packages/airflow/example_dags/example_external_task_marker_dag.py took 0.121 seconds
[2024-10-08T08:14:25.192+0000] {processor.py:186} INFO - Started process (PID=211314) to work on /root/miniconda3/envs/project/lib/python3.8/site-packages/airflow/example_dags/example_external_task_marker_dag.py
[2024-10-08T08:14:25.196+0000] {processor.py:914} INFO - Processing file /root/miniconda3/envs/project/lib/python3.8/site-packages/airflow/example_dags/example_external_task_marker_dag.py for tasks to queue
[2024-10-08T08:14:25.201+0000] {logging_mixin.py:190} INFO - [2024-10-08T08:14:25.200+0000] {dagbag.py:588} INFO - Filling up the DagBag from /root/miniconda3/envs/project/lib/python3.8/site-packages/airflow/example_dags/example_external_task_marker_dag.py
[2024-10-08T08:14:25.220+0000] {processor.py:925} INFO - DAG(s) 'example_external_task_marker_child', 'example_external_task_marker_parent' retrieved from /root/miniconda3/envs/project/lib/python3.8/site-packages/airflow/example_dags/example_external_task_marker_dag.py
[2024-10-08T08:14:25.265+0000] {logging_mixin.py:190} INFO - [2024-10-08T08:14:25.264+0000] {dag.py:3239} INFO - Sync 2 DAGs
[2024-10-08T08:14:25.284+0000] {logging_mixin.py:190} INFO - [2024-10-08T08:14:25.284+0000] {dag.py:4180} INFO - Setting next_dagrun for example_external_task_marker_child to None, run_after=None
[2024-10-08T08:14:25.288+0000] {logging_mixin.py:190} INFO - [2024-10-08T08:14:25.288+0000] {dag.py:4180} INFO - Setting next_dagrun for example_external_task_marker_parent to None, run_after=None
[2024-10-08T08:14:25.322+0000] {processor.py:208} INFO - Processing /root/miniconda3/envs/project/lib/python3.8/site-packages/airflow/example_dags/example_external_task_marker_dag.py took 0.145 seconds
[2024-10-08T08:15:32.038+0000] {processor.py:186} INFO - Started process (PID=211607) to work on /root/miniconda3/envs/project/lib/python3.8/site-packages/airflow/example_dags/example_external_task_marker_dag.py
[2024-10-08T08:15:32.040+0000] {processor.py:914} INFO - Processing file /root/miniconda3/envs/project/lib/python3.8/site-packages/airflow/example_dags/example_external_task_marker_dag.py for tasks to queue
[2024-10-08T08:15:32.044+0000] {logging_mixin.py:190} INFO - [2024-10-08T08:15:32.043+0000] {dagbag.py:588} INFO - Filling up the DagBag from /root/miniconda3/envs/project/lib/python3.8/site-packages/airflow/example_dags/example_external_task_marker_dag.py
[2024-10-08T08:15:32.056+0000] {processor.py:925} INFO - DAG(s) 'example_external_task_marker_parent', 'example_external_task_marker_child' retrieved from /root/miniconda3/envs/project/lib/python3.8/site-packages/airflow/example_dags/example_external_task_marker_dag.py
[2024-10-08T08:15:32.083+0000] {logging_mixin.py:190} INFO - [2024-10-08T08:15:32.083+0000] {dag.py:3239} INFO - Sync 2 DAGs
[2024-10-08T08:15:32.101+0000] {logging_mixin.py:190} INFO - [2024-10-08T08:15:32.101+0000] {dag.py:4180} INFO - Setting next_dagrun for example_external_task_marker_child to None, run_after=None
[2024-10-08T08:15:32.105+0000] {logging_mixin.py:190} INFO - [2024-10-08T08:15:32.105+0000] {dag.py:4180} INFO - Setting next_dagrun for example_external_task_marker_parent to None, run_after=None
[2024-10-08T08:15:32.135+0000] {processor.py:208} INFO - Processing /root/miniconda3/envs/project/lib/python3.8/site-packages/airflow/example_dags/example_external_task_marker_dag.py took 0.107 seconds
[2024-10-08T08:16:40.686+0000] {processor.py:186} INFO - Started process (PID=211810) to work on /root/miniconda3/envs/project/lib/python3.8/site-packages/airflow/example_dags/example_external_task_marker_dag.py
[2024-10-08T08:16:40.689+0000] {processor.py:914} INFO - Processing file /root/miniconda3/envs/project/lib/python3.8/site-packages/airflow/example_dags/example_external_task_marker_dag.py for tasks to queue
[2024-10-08T08:16:40.692+0000] {logging_mixin.py:190} INFO - [2024-10-08T08:16:40.691+0000] {dagbag.py:588} INFO - Filling up the DagBag from /root/miniconda3/envs/project/lib/python3.8/site-packages/airflow/example_dags/example_external_task_marker_dag.py
[2024-10-08T08:16:40.704+0000] {processor.py:925} INFO - DAG(s) 'example_external_task_marker_child', 'example_external_task_marker_parent' retrieved from /root/miniconda3/envs/project/lib/python3.8/site-packages/airflow/example_dags/example_external_task_marker_dag.py
[2024-10-08T08:16:40.731+0000] {logging_mixin.py:190} INFO - [2024-10-08T08:16:40.731+0000] {dag.py:3239} INFO - Sync 2 DAGs
[2024-10-08T08:16:40.749+0000] {logging_mixin.py:190} INFO - [2024-10-08T08:16:40.749+0000] {dag.py:4180} INFO - Setting next_dagrun for example_external_task_marker_child to None, run_after=None
[2024-10-08T08:16:40.754+0000] {logging_mixin.py:190} INFO - [2024-10-08T08:16:40.753+0000] {dag.py:4180} INFO - Setting next_dagrun for example_external_task_marker_parent to None, run_after=None
[2024-10-08T08:16:40.782+0000] {processor.py:208} INFO - Processing /root/miniconda3/envs/project/lib/python3.8/site-packages/airflow/example_dags/example_external_task_marker_dag.py took 0.109 seconds
[2024-10-08T08:17:50.843+0000] {processor.py:186} INFO - Started process (PID=212059) to work on /root/miniconda3/envs/project/lib/python3.8/site-packages/airflow/example_dags/example_external_task_marker_dag.py
[2024-10-08T08:17:50.846+0000] {processor.py:914} INFO - Processing file /root/miniconda3/envs/project/lib/python3.8/site-packages/airflow/example_dags/example_external_task_marker_dag.py for tasks to queue
[2024-10-08T08:17:50.849+0000] {logging_mixin.py:190} INFO - [2024-10-08T08:17:50.848+0000] {dagbag.py:588} INFO - Filling up the DagBag from /root/miniconda3/envs/project/lib/python3.8/site-packages/airflow/example_dags/example_external_task_marker_dag.py
[2024-10-08T08:17:50.861+0000] {processor.py:925} INFO - DAG(s) 'example_external_task_marker_parent', 'example_external_task_marker_child' retrieved from /root/miniconda3/envs/project/lib/python3.8/site-packages/airflow/example_dags/example_external_task_marker_dag.py
[2024-10-08T08:17:50.889+0000] {logging_mixin.py:190} INFO - [2024-10-08T08:17:50.889+0000] {dag.py:3239} INFO - Sync 2 DAGs
[2024-10-08T08:17:50.907+0000] {logging_mixin.py:190} INFO - [2024-10-08T08:17:50.907+0000] {dag.py:4180} INFO - Setting next_dagrun for example_external_task_marker_child to None, run_after=None
[2024-10-08T08:17:50.911+0000] {logging_mixin.py:190} INFO - [2024-10-08T08:17:50.911+0000] {dag.py:4180} INFO - Setting next_dagrun for example_external_task_marker_parent to None, run_after=None
[2024-10-08T08:17:50.943+0000] {processor.py:208} INFO - Processing /root/miniconda3/envs/project/lib/python3.8/site-packages/airflow/example_dags/example_external_task_marker_dag.py took 0.112 seconds
[2024-10-08T08:19:03.089+0000] {processor.py:186} INFO - Started process (PID=212265) to work on /root/miniconda3/envs/project/lib/python3.8/site-packages/airflow/example_dags/example_external_task_marker_dag.py
[2024-10-08T08:19:03.091+0000] {processor.py:914} INFO - Processing file /root/miniconda3/envs/project/lib/python3.8/site-packages/airflow/example_dags/example_external_task_marker_dag.py for tasks to queue
[2024-10-08T08:19:03.095+0000] {logging_mixin.py:190} INFO - [2024-10-08T08:19:03.094+0000] {dagbag.py:588} INFO - Filling up the DagBag from /root/miniconda3/envs/project/lib/python3.8/site-packages/airflow/example_dags/example_external_task_marker_dag.py
[2024-10-08T08:19:03.107+0000] {processor.py:925} INFO - DAG(s) 'example_external_task_marker_child', 'example_external_task_marker_parent' retrieved from /root/miniconda3/envs/project/lib/python3.8/site-packages/airflow/example_dags/example_external_task_marker_dag.py
[2024-10-08T08:19:03.135+0000] {logging_mixin.py:190} INFO - [2024-10-08T08:19:03.134+0000] {dag.py:3239} INFO - Sync 2 DAGs
[2024-10-08T08:19:03.153+0000] {logging_mixin.py:190} INFO - [2024-10-08T08:19:03.153+0000] {dag.py:4180} INFO - Setting next_dagrun for example_external_task_marker_child to None, run_after=None
[2024-10-08T08:19:03.158+0000] {logging_mixin.py:190} INFO - [2024-10-08T08:19:03.157+0000] {dag.py:4180} INFO - Setting next_dagrun for example_external_task_marker_parent to None, run_after=None
[2024-10-08T08:19:03.189+0000] {processor.py:208} INFO - Processing /root/miniconda3/envs/project/lib/python3.8/site-packages/airflow/example_dags/example_external_task_marker_dag.py took 0.111 seconds
[2024-10-08T08:20:05.678+0000] {processor.py:186} INFO - Started process (PID=212447) to work on /root/miniconda3/envs/project/lib/python3.8/site-packages/airflow/example_dags/example_external_task_marker_dag.py
[2024-10-08T08:20:05.681+0000] {processor.py:914} INFO - Processing file /root/miniconda3/envs/project/lib/python3.8/site-packages/airflow/example_dags/example_external_task_marker_dag.py for tasks to queue
[2024-10-08T08:20:05.685+0000] {logging_mixin.py:190} INFO - [2024-10-08T08:20:05.684+0000] {dagbag.py:588} INFO - Filling up the DagBag from /root/miniconda3/envs/project/lib/python3.8/site-packages/airflow/example_dags/example_external_task_marker_dag.py
[2024-10-08T08:20:05.698+0000] {processor.py:925} INFO - DAG(s) 'example_external_task_marker_child', 'example_external_task_marker_parent' retrieved from /root/miniconda3/envs/project/lib/python3.8/site-packages/airflow/example_dags/example_external_task_marker_dag.py
[2024-10-08T08:20:05.726+0000] {logging_mixin.py:190} INFO - [2024-10-08T08:20:05.726+0000] {dag.py:3239} INFO - Sync 2 DAGs
[2024-10-08T08:20:05.745+0000] {logging_mixin.py:190} INFO - [2024-10-08T08:20:05.744+0000] {dag.py:4180} INFO - Setting next_dagrun for example_external_task_marker_child to None, run_after=None
[2024-10-08T08:20:05.749+0000] {logging_mixin.py:190} INFO - [2024-10-08T08:20:05.748+0000] {dag.py:4180} INFO - Setting next_dagrun for example_external_task_marker_parent to None, run_after=None
[2024-10-08T08:20:05.779+0000] {processor.py:208} INFO - Processing /root/miniconda3/envs/project/lib/python3.8/site-packages/airflow/example_dags/example_external_task_marker_dag.py took 0.111 seconds
[2024-10-08T08:21:25.092+0000] {processor.py:186} INFO - Started process (PID=212667) to work on /root/miniconda3/envs/project/lib/python3.8/site-packages/airflow/example_dags/example_external_task_marker_dag.py
[2024-10-08T08:21:25.095+0000] {processor.py:914} INFO - Processing file /root/miniconda3/envs/project/lib/python3.8/site-packages/airflow/example_dags/example_external_task_marker_dag.py for tasks to queue
[2024-10-08T08:21:25.098+0000] {logging_mixin.py:190} INFO - [2024-10-08T08:21:25.097+0000] {dagbag.py:588} INFO - Filling up the DagBag from /root/miniconda3/envs/project/lib/python3.8/site-packages/airflow/example_dags/example_external_task_marker_dag.py
[2024-10-08T08:21:25.110+0000] {processor.py:925} INFO - DAG(s) 'example_external_task_marker_parent', 'example_external_task_marker_child' retrieved from /root/miniconda3/envs/project/lib/python3.8/site-packages/airflow/example_dags/example_external_task_marker_dag.py
[2024-10-08T08:21:25.137+0000] {logging_mixin.py:190} INFO - [2024-10-08T08:21:25.136+0000] {dag.py:3239} INFO - Sync 2 DAGs
[2024-10-08T08:21:25.155+0000] {logging_mixin.py:190} INFO - [2024-10-08T08:21:25.155+0000] {dag.py:4180} INFO - Setting next_dagrun for example_external_task_marker_child to None, run_after=None
[2024-10-08T08:21:25.159+0000] {logging_mixin.py:190} INFO - [2024-10-08T08:21:25.159+0000] {dag.py:4180} INFO - Setting next_dagrun for example_external_task_marker_parent to None, run_after=None
[2024-10-08T08:21:25.189+0000] {processor.py:208} INFO - Processing /root/miniconda3/envs/project/lib/python3.8/site-packages/airflow/example_dags/example_external_task_marker_dag.py took 0.108 seconds
[2024-10-08T08:22:34.765+0000] {processor.py:186} INFO - Started process (PID=212919) to work on /root/miniconda3/envs/project/lib/python3.8/site-packages/airflow/example_dags/example_external_task_marker_dag.py
[2024-10-08T08:22:34.768+0000] {processor.py:914} INFO - Processing file /root/miniconda3/envs/project/lib/python3.8/site-packages/airflow/example_dags/example_external_task_marker_dag.py for tasks to queue
[2024-10-08T08:22:34.771+0000] {logging_mixin.py:190} INFO - [2024-10-08T08:22:34.770+0000] {dagbag.py:588} INFO - Filling up the DagBag from /root/miniconda3/envs/project/lib/python3.8/site-packages/airflow/example_dags/example_external_task_marker_dag.py
[2024-10-08T08:22:34.783+0000] {processor.py:925} INFO - DAG(s) 'example_external_task_marker_child', 'example_external_task_marker_parent' retrieved from /root/miniconda3/envs/project/lib/python3.8/site-packages/airflow/example_dags/example_external_task_marker_dag.py
[2024-10-08T08:22:34.810+0000] {logging_mixin.py:190} INFO - [2024-10-08T08:22:34.810+0000] {dag.py:3239} INFO - Sync 2 DAGs
[2024-10-08T08:22:34.829+0000] {logging_mixin.py:190} INFO - [2024-10-08T08:22:34.828+0000] {dag.py:4180} INFO - Setting next_dagrun for example_external_task_marker_child to None, run_after=None
[2024-10-08T08:22:34.833+0000] {logging_mixin.py:190} INFO - [2024-10-08T08:22:34.832+0000] {dag.py:4180} INFO - Setting next_dagrun for example_external_task_marker_parent to None, run_after=None
[2024-10-08T08:22:34.862+0000] {processor.py:208} INFO - Processing /root/miniconda3/envs/project/lib/python3.8/site-packages/airflow/example_dags/example_external_task_marker_dag.py took 0.107 seconds
[2024-10-08T08:23:37.069+0000] {processor.py:186} INFO - Started process (PID=213144) to work on /root/miniconda3/envs/project/lib/python3.8/site-packages/airflow/example_dags/example_external_task_marker_dag.py
[2024-10-08T08:23:37.072+0000] {processor.py:914} INFO - Processing file /root/miniconda3/envs/project/lib/python3.8/site-packages/airflow/example_dags/example_external_task_marker_dag.py for tasks to queue
[2024-10-08T08:23:37.075+0000] {logging_mixin.py:190} INFO - [2024-10-08T08:23:37.075+0000] {dagbag.py:588} INFO - Filling up the DagBag from /root/miniconda3/envs/project/lib/python3.8/site-packages/airflow/example_dags/example_external_task_marker_dag.py
[2024-10-08T08:23:37.089+0000] {processor.py:925} INFO - DAG(s) 'example_external_task_marker_parent', 'example_external_task_marker_child' retrieved from /root/miniconda3/envs/project/lib/python3.8/site-packages/airflow/example_dags/example_external_task_marker_dag.py
[2024-10-08T08:23:37.119+0000] {logging_mixin.py:190} INFO - [2024-10-08T08:23:37.118+0000] {dag.py:3239} INFO - Sync 2 DAGs
[2024-10-08T08:23:37.138+0000] {logging_mixin.py:190} INFO - [2024-10-08T08:23:37.138+0000] {dag.py:4180} INFO - Setting next_dagrun for example_external_task_marker_child to None, run_after=None
[2024-10-08T08:23:37.142+0000] {logging_mixin.py:190} INFO - [2024-10-08T08:23:37.142+0000] {dag.py:4180} INFO - Setting next_dagrun for example_external_task_marker_parent to None, run_after=None
[2024-10-08T08:23:37.172+0000] {processor.py:208} INFO - Processing /root/miniconda3/envs/project/lib/python3.8/site-packages/airflow/example_dags/example_external_task_marker_dag.py took 0.116 seconds
[2024-10-08T08:37:26.907+0000] {processor.py:186} INFO - Started process (PID=215043) to work on /root/miniconda3/envs/project/lib/python3.8/site-packages/airflow/example_dags/example_external_task_marker_dag.py
[2024-10-08T08:37:26.909+0000] {processor.py:914} INFO - Processing file /root/miniconda3/envs/project/lib/python3.8/site-packages/airflow/example_dags/example_external_task_marker_dag.py for tasks to queue
[2024-10-08T08:37:26.913+0000] {logging_mixin.py:190} INFO - [2024-10-08T08:37:26.913+0000] {dagbag.py:588} INFO - Filling up the DagBag from /root/miniconda3/envs/project/lib/python3.8/site-packages/airflow/example_dags/example_external_task_marker_dag.py
[2024-10-08T08:37:26.926+0000] {processor.py:925} INFO - DAG(s) 'example_external_task_marker_parent', 'example_external_task_marker_child' retrieved from /root/miniconda3/envs/project/lib/python3.8/site-packages/airflow/example_dags/example_external_task_marker_dag.py
[2024-10-08T08:37:26.964+0000] {logging_mixin.py:190} INFO - [2024-10-08T08:37:26.963+0000] {dag.py:3239} INFO - Sync 2 DAGs
[2024-10-08T08:37:26.984+0000] {logging_mixin.py:190} INFO - [2024-10-08T08:37:26.983+0000] {dag.py:4180} INFO - Setting next_dagrun for example_external_task_marker_child to None, run_after=None
[2024-10-08T08:37:26.988+0000] {logging_mixin.py:190} INFO - [2024-10-08T08:37:26.987+0000] {dag.py:4180} INFO - Setting next_dagrun for example_external_task_marker_parent to None, run_after=None
[2024-10-08T08:37:27.017+0000] {processor.py:208} INFO - Processing /root/miniconda3/envs/project/lib/python3.8/site-packages/airflow/example_dags/example_external_task_marker_dag.py took 0.122 seconds
[2024-10-08T08:38:37.987+0000] {processor.py:186} INFO - Started process (PID=215449) to work on /root/miniconda3/envs/project/lib/python3.8/site-packages/airflow/example_dags/example_external_task_marker_dag.py
[2024-10-08T08:38:37.990+0000] {processor.py:914} INFO - Processing file /root/miniconda3/envs/project/lib/python3.8/site-packages/airflow/example_dags/example_external_task_marker_dag.py for tasks to queue
[2024-10-08T08:38:37.993+0000] {logging_mixin.py:190} INFO - [2024-10-08T08:38:37.992+0000] {dagbag.py:588} INFO - Filling up the DagBag from /root/miniconda3/envs/project/lib/python3.8/site-packages/airflow/example_dags/example_external_task_marker_dag.py
[2024-10-08T08:38:38.006+0000] {processor.py:925} INFO - DAG(s) 'example_external_task_marker_child', 'example_external_task_marker_parent' retrieved from /root/miniconda3/envs/project/lib/python3.8/site-packages/airflow/example_dags/example_external_task_marker_dag.py
[2024-10-08T08:38:38.039+0000] {logging_mixin.py:190} INFO - [2024-10-08T08:38:38.039+0000] {dag.py:3239} INFO - Sync 2 DAGs
[2024-10-08T08:38:38.060+0000] {logging_mixin.py:190} INFO - [2024-10-08T08:38:38.059+0000] {dag.py:4180} INFO - Setting next_dagrun for example_external_task_marker_child to None, run_after=None
[2024-10-08T08:38:38.064+0000] {logging_mixin.py:190} INFO - [2024-10-08T08:38:38.064+0000] {dag.py:4180} INFO - Setting next_dagrun for example_external_task_marker_parent to None, run_after=None
[2024-10-08T08:38:38.093+0000] {processor.py:208} INFO - Processing /root/miniconda3/envs/project/lib/python3.8/site-packages/airflow/example_dags/example_external_task_marker_dag.py took 0.116 seconds
[2024-10-08T08:39:50.053+0000] {processor.py:186} INFO - Started process (PID=215736) to work on /root/miniconda3/envs/project/lib/python3.8/site-packages/airflow/example_dags/example_external_task_marker_dag.py
[2024-10-08T08:39:50.056+0000] {processor.py:914} INFO - Processing file /root/miniconda3/envs/project/lib/python3.8/site-packages/airflow/example_dags/example_external_task_marker_dag.py for tasks to queue
[2024-10-08T08:39:50.060+0000] {logging_mixin.py:190} INFO - [2024-10-08T08:39:50.059+0000] {dagbag.py:588} INFO - Filling up the DagBag from /root/miniconda3/envs/project/lib/python3.8/site-packages/airflow/example_dags/example_external_task_marker_dag.py
[2024-10-08T08:39:50.072+0000] {processor.py:925} INFO - DAG(s) 'example_external_task_marker_parent', 'example_external_task_marker_child' retrieved from /root/miniconda3/envs/project/lib/python3.8/site-packages/airflow/example_dags/example_external_task_marker_dag.py
[2024-10-08T08:39:50.100+0000] {logging_mixin.py:190} INFO - [2024-10-08T08:39:50.100+0000] {dag.py:3239} INFO - Sync 2 DAGs
[2024-10-08T08:39:50.119+0000] {logging_mixin.py:190} INFO - [2024-10-08T08:39:50.119+0000] {dag.py:4180} INFO - Setting next_dagrun for example_external_task_marker_child to None, run_after=None
[2024-10-08T08:39:50.123+0000] {logging_mixin.py:190} INFO - [2024-10-08T08:39:50.123+0000] {dag.py:4180} INFO - Setting next_dagrun for example_external_task_marker_parent to None, run_after=None
[2024-10-08T08:39:50.174+0000] {processor.py:208} INFO - Processing /root/miniconda3/envs/project/lib/python3.8/site-packages/airflow/example_dags/example_external_task_marker_dag.py took 0.133 seconds
[2024-10-08T08:40:59.313+0000] {processor.py:186} INFO - Started process (PID=216083) to work on /root/miniconda3/envs/project/lib/python3.8/site-packages/airflow/example_dags/example_external_task_marker_dag.py
[2024-10-08T08:40:59.316+0000] {processor.py:914} INFO - Processing file /root/miniconda3/envs/project/lib/python3.8/site-packages/airflow/example_dags/example_external_task_marker_dag.py for tasks to queue
[2024-10-08T08:40:59.321+0000] {logging_mixin.py:190} INFO - [2024-10-08T08:40:59.320+0000] {dagbag.py:588} INFO - Filling up the DagBag from /root/miniconda3/envs/project/lib/python3.8/site-packages/airflow/example_dags/example_external_task_marker_dag.py
[2024-10-08T08:40:59.337+0000] {processor.py:925} INFO - DAG(s) 'example_external_task_marker_parent', 'example_external_task_marker_child' retrieved from /root/miniconda3/envs/project/lib/python3.8/site-packages/airflow/example_dags/example_external_task_marker_dag.py
[2024-10-08T08:40:59.364+0000] {logging_mixin.py:190} INFO - [2024-10-08T08:40:59.364+0000] {dag.py:3239} INFO - Sync 2 DAGs
[2024-10-08T08:40:59.382+0000] {logging_mixin.py:190} INFO - [2024-10-08T08:40:59.382+0000] {dag.py:4180} INFO - Setting next_dagrun for example_external_task_marker_child to None, run_after=None
[2024-10-08T08:40:59.386+0000] {logging_mixin.py:190} INFO - [2024-10-08T08:40:59.386+0000] {dag.py:4180} INFO - Setting next_dagrun for example_external_task_marker_parent to None, run_after=None
[2024-10-08T08:40:59.421+0000] {processor.py:208} INFO - Processing /root/miniconda3/envs/project/lib/python3.8/site-packages/airflow/example_dags/example_external_task_marker_dag.py took 0.122 seconds
[2024-10-08T08:42:06.302+0000] {processor.py:186} INFO - Started process (PID=216542) to work on /root/miniconda3/envs/project/lib/python3.8/site-packages/airflow/example_dags/example_external_task_marker_dag.py
[2024-10-08T08:42:06.305+0000] {processor.py:914} INFO - Processing file /root/miniconda3/envs/project/lib/python3.8/site-packages/airflow/example_dags/example_external_task_marker_dag.py for tasks to queue
[2024-10-08T08:42:06.308+0000] {logging_mixin.py:190} INFO - [2024-10-08T08:42:06.308+0000] {dagbag.py:588} INFO - Filling up the DagBag from /root/miniconda3/envs/project/lib/python3.8/site-packages/airflow/example_dags/example_external_task_marker_dag.py
[2024-10-08T08:42:06.321+0000] {processor.py:925} INFO - DAG(s) 'example_external_task_marker_parent', 'example_external_task_marker_child' retrieved from /root/miniconda3/envs/project/lib/python3.8/site-packages/airflow/example_dags/example_external_task_marker_dag.py
[2024-10-08T08:42:06.349+0000] {logging_mixin.py:190} INFO - [2024-10-08T08:42:06.348+0000] {dag.py:3239} INFO - Sync 2 DAGs
[2024-10-08T08:42:06.367+0000] {logging_mixin.py:190} INFO - [2024-10-08T08:42:06.367+0000] {dag.py:4180} INFO - Setting next_dagrun for example_external_task_marker_child to None, run_after=None
[2024-10-08T08:42:06.371+0000] {logging_mixin.py:190} INFO - [2024-10-08T08:42:06.370+0000] {dag.py:4180} INFO - Setting next_dagrun for example_external_task_marker_parent to None, run_after=None
[2024-10-08T08:42:06.401+0000] {processor.py:208} INFO - Processing /root/miniconda3/envs/project/lib/python3.8/site-packages/airflow/example_dags/example_external_task_marker_dag.py took 0.110 seconds
[2024-10-08T08:43:13.110+0000] {processor.py:186} INFO - Started process (PID=216760) to work on /root/miniconda3/envs/project/lib/python3.8/site-packages/airflow/example_dags/example_external_task_marker_dag.py
[2024-10-08T08:43:13.113+0000] {processor.py:914} INFO - Processing file /root/miniconda3/envs/project/lib/python3.8/site-packages/airflow/example_dags/example_external_task_marker_dag.py for tasks to queue
[2024-10-08T08:43:13.116+0000] {logging_mixin.py:190} INFO - [2024-10-08T08:43:13.116+0000] {dagbag.py:588} INFO - Filling up the DagBag from /root/miniconda3/envs/project/lib/python3.8/site-packages/airflow/example_dags/example_external_task_marker_dag.py
[2024-10-08T08:43:13.130+0000] {processor.py:925} INFO - DAG(s) 'example_external_task_marker_child', 'example_external_task_marker_parent' retrieved from /root/miniconda3/envs/project/lib/python3.8/site-packages/airflow/example_dags/example_external_task_marker_dag.py
[2024-10-08T08:43:13.158+0000] {logging_mixin.py:190} INFO - [2024-10-08T08:43:13.158+0000] {dag.py:3239} INFO - Sync 2 DAGs
[2024-10-08T08:43:13.177+0000] {logging_mixin.py:190} INFO - [2024-10-08T08:43:13.176+0000] {dag.py:4180} INFO - Setting next_dagrun for example_external_task_marker_child to None, run_after=None
[2024-10-08T08:43:13.180+0000] {logging_mixin.py:190} INFO - [2024-10-08T08:43:13.180+0000] {dag.py:4180} INFO - Setting next_dagrun for example_external_task_marker_parent to None, run_after=None
[2024-10-08T08:43:13.213+0000] {processor.py:208} INFO - Processing /root/miniconda3/envs/project/lib/python3.8/site-packages/airflow/example_dags/example_external_task_marker_dag.py took 0.116 seconds
[2024-10-08T08:44:20.809+0000] {processor.py:186} INFO - Started process (PID=216981) to work on /root/miniconda3/envs/project/lib/python3.8/site-packages/airflow/example_dags/example_external_task_marker_dag.py
[2024-10-08T08:44:20.812+0000] {processor.py:914} INFO - Processing file /root/miniconda3/envs/project/lib/python3.8/site-packages/airflow/example_dags/example_external_task_marker_dag.py for tasks to queue
[2024-10-08T08:44:20.815+0000] {logging_mixin.py:190} INFO - [2024-10-08T08:44:20.815+0000] {dagbag.py:588} INFO - Filling up the DagBag from /root/miniconda3/envs/project/lib/python3.8/site-packages/airflow/example_dags/example_external_task_marker_dag.py
[2024-10-08T08:44:20.828+0000] {processor.py:925} INFO - DAG(s) 'example_external_task_marker_child', 'example_external_task_marker_parent' retrieved from /root/miniconda3/envs/project/lib/python3.8/site-packages/airflow/example_dags/example_external_task_marker_dag.py
[2024-10-08T08:44:20.855+0000] {logging_mixin.py:190} INFO - [2024-10-08T08:44:20.855+0000] {dag.py:3239} INFO - Sync 2 DAGs
[2024-10-08T08:44:20.874+0000] {logging_mixin.py:190} INFO - [2024-10-08T08:44:20.874+0000] {dag.py:4180} INFO - Setting next_dagrun for example_external_task_marker_child to None, run_after=None
[2024-10-08T08:44:20.878+0000] {logging_mixin.py:190} INFO - [2024-10-08T08:44:20.878+0000] {dag.py:4180} INFO - Setting next_dagrun for example_external_task_marker_parent to None, run_after=None
[2024-10-08T08:44:20.910+0000] {processor.py:208} INFO - Processing /root/miniconda3/envs/project/lib/python3.8/site-packages/airflow/example_dags/example_external_task_marker_dag.py took 0.113 seconds
[2024-10-08T08:45:37.589+0000] {processor.py:186} INFO - Started process (PID=217238) to work on /root/miniconda3/envs/project/lib/python3.8/site-packages/airflow/example_dags/example_external_task_marker_dag.py
[2024-10-08T08:45:37.592+0000] {processor.py:914} INFO - Processing file /root/miniconda3/envs/project/lib/python3.8/site-packages/airflow/example_dags/example_external_task_marker_dag.py for tasks to queue
[2024-10-08T08:45:37.597+0000] {logging_mixin.py:190} INFO - [2024-10-08T08:45:37.596+0000] {dagbag.py:588} INFO - Filling up the DagBag from /root/miniconda3/envs/project/lib/python3.8/site-packages/airflow/example_dags/example_external_task_marker_dag.py
[2024-10-08T08:45:37.611+0000] {processor.py:925} INFO - DAG(s) 'example_external_task_marker_child', 'example_external_task_marker_parent' retrieved from /root/miniconda3/envs/project/lib/python3.8/site-packages/airflow/example_dags/example_external_task_marker_dag.py
[2024-10-08T08:45:37.639+0000] {logging_mixin.py:190} INFO - [2024-10-08T08:45:37.639+0000] {dag.py:3239} INFO - Sync 2 DAGs
[2024-10-08T08:45:37.657+0000] {logging_mixin.py:190} INFO - [2024-10-08T08:45:37.657+0000] {dag.py:4180} INFO - Setting next_dagrun for example_external_task_marker_child to None, run_after=None
[2024-10-08T08:45:37.661+0000] {logging_mixin.py:190} INFO - [2024-10-08T08:45:37.661+0000] {dag.py:4180} INFO - Setting next_dagrun for example_external_task_marker_parent to None, run_after=None
[2024-10-08T08:45:37.691+0000] {processor.py:208} INFO - Processing /root/miniconda3/envs/project/lib/python3.8/site-packages/airflow/example_dags/example_external_task_marker_dag.py took 0.113 seconds
[2024-10-08T08:46:47.188+0000] {processor.py:186} INFO - Started process (PID=217560) to work on /root/miniconda3/envs/project/lib/python3.8/site-packages/airflow/example_dags/example_external_task_marker_dag.py
[2024-10-08T08:46:47.191+0000] {processor.py:914} INFO - Processing file /root/miniconda3/envs/project/lib/python3.8/site-packages/airflow/example_dags/example_external_task_marker_dag.py for tasks to queue
[2024-10-08T08:46:47.194+0000] {logging_mixin.py:190} INFO - [2024-10-08T08:46:47.193+0000] {dagbag.py:588} INFO - Filling up the DagBag from /root/miniconda3/envs/project/lib/python3.8/site-packages/airflow/example_dags/example_external_task_marker_dag.py
[2024-10-08T08:46:47.207+0000] {processor.py:925} INFO - DAG(s) 'example_external_task_marker_parent', 'example_external_task_marker_child' retrieved from /root/miniconda3/envs/project/lib/python3.8/site-packages/airflow/example_dags/example_external_task_marker_dag.py
[2024-10-08T08:46:47.234+0000] {logging_mixin.py:190} INFO - [2024-10-08T08:46:47.234+0000] {dag.py:3239} INFO - Sync 2 DAGs
[2024-10-08T08:46:47.253+0000] {logging_mixin.py:190} INFO - [2024-10-08T08:46:47.252+0000] {dag.py:4180} INFO - Setting next_dagrun for example_external_task_marker_child to None, run_after=None
[2024-10-08T08:46:47.257+0000] {logging_mixin.py:190} INFO - [2024-10-08T08:46:47.256+0000] {dag.py:4180} INFO - Setting next_dagrun for example_external_task_marker_parent to None, run_after=None
[2024-10-08T08:46:47.288+0000] {processor.py:208} INFO - Processing /root/miniconda3/envs/project/lib/python3.8/site-packages/airflow/example_dags/example_external_task_marker_dag.py took 0.110 seconds
[2024-10-08T08:47:58.960+0000] {processor.py:186} INFO - Started process (PID=217921) to work on /root/miniconda3/envs/project/lib/python3.8/site-packages/airflow/example_dags/example_external_task_marker_dag.py
[2024-10-08T08:47:58.963+0000] {processor.py:914} INFO - Processing file /root/miniconda3/envs/project/lib/python3.8/site-packages/airflow/example_dags/example_external_task_marker_dag.py for tasks to queue
[2024-10-08T08:47:58.966+0000] {logging_mixin.py:190} INFO - [2024-10-08T08:47:58.966+0000] {dagbag.py:588} INFO - Filling up the DagBag from /root/miniconda3/envs/project/lib/python3.8/site-packages/airflow/example_dags/example_external_task_marker_dag.py
[2024-10-08T08:47:58.979+0000] {processor.py:925} INFO - DAG(s) 'example_external_task_marker_parent', 'example_external_task_marker_child' retrieved from /root/miniconda3/envs/project/lib/python3.8/site-packages/airflow/example_dags/example_external_task_marker_dag.py
[2024-10-08T08:47:59.006+0000] {logging_mixin.py:190} INFO - [2024-10-08T08:47:59.006+0000] {dag.py:3239} INFO - Sync 2 DAGs
[2024-10-08T08:47:59.025+0000] {logging_mixin.py:190} INFO - [2024-10-08T08:47:59.024+0000] {dag.py:4180} INFO - Setting next_dagrun for example_external_task_marker_child to None, run_after=None
[2024-10-08T08:47:59.029+0000] {logging_mixin.py:190} INFO - [2024-10-08T08:47:59.028+0000] {dag.py:4180} INFO - Setting next_dagrun for example_external_task_marker_parent to None, run_after=None
[2024-10-08T08:47:59.060+0000] {processor.py:208} INFO - Processing /root/miniconda3/envs/project/lib/python3.8/site-packages/airflow/example_dags/example_external_task_marker_dag.py took 0.110 seconds
[2024-10-08T08:49:10.901+0000] {processor.py:186} INFO - Started process (PID=218145) to work on /root/miniconda3/envs/project/lib/python3.8/site-packages/airflow/example_dags/example_external_task_marker_dag.py
[2024-10-08T08:49:10.903+0000] {processor.py:914} INFO - Processing file /root/miniconda3/envs/project/lib/python3.8/site-packages/airflow/example_dags/example_external_task_marker_dag.py for tasks to queue
[2024-10-08T08:49:10.907+0000] {logging_mixin.py:190} INFO - [2024-10-08T08:49:10.906+0000] {dagbag.py:588} INFO - Filling up the DagBag from /root/miniconda3/envs/project/lib/python3.8/site-packages/airflow/example_dags/example_external_task_marker_dag.py
[2024-10-08T08:49:10.920+0000] {processor.py:925} INFO - DAG(s) 'example_external_task_marker_child', 'example_external_task_marker_parent' retrieved from /root/miniconda3/envs/project/lib/python3.8/site-packages/airflow/example_dags/example_external_task_marker_dag.py
[2024-10-08T08:49:10.948+0000] {logging_mixin.py:190} INFO - [2024-10-08T08:49:10.947+0000] {dag.py:3239} INFO - Sync 2 DAGs
[2024-10-08T08:49:10.966+0000] {logging_mixin.py:190} INFO - [2024-10-08T08:49:10.966+0000] {dag.py:4180} INFO - Setting next_dagrun for example_external_task_marker_child to None, run_after=None
[2024-10-08T08:49:10.970+0000] {logging_mixin.py:190} INFO - [2024-10-08T08:49:10.970+0000] {dag.py:4180} INFO - Setting next_dagrun for example_external_task_marker_parent to None, run_after=None
[2024-10-08T08:49:11.005+0000] {processor.py:208} INFO - Processing /root/miniconda3/envs/project/lib/python3.8/site-packages/airflow/example_dags/example_external_task_marker_dag.py took 0.117 seconds
[2024-10-08T08:50:21.785+0000] {processor.py:186} INFO - Started process (PID=218371) to work on /root/miniconda3/envs/project/lib/python3.8/site-packages/airflow/example_dags/example_external_task_marker_dag.py
[2024-10-08T08:50:21.788+0000] {processor.py:914} INFO - Processing file /root/miniconda3/envs/project/lib/python3.8/site-packages/airflow/example_dags/example_external_task_marker_dag.py for tasks to queue
[2024-10-08T08:50:21.792+0000] {logging_mixin.py:190} INFO - [2024-10-08T08:50:21.791+0000] {dagbag.py:588} INFO - Filling up the DagBag from /root/miniconda3/envs/project/lib/python3.8/site-packages/airflow/example_dags/example_external_task_marker_dag.py
[2024-10-08T08:50:21.811+0000] {processor.py:925} INFO - DAG(s) 'example_external_task_marker_parent', 'example_external_task_marker_child' retrieved from /root/miniconda3/envs/project/lib/python3.8/site-packages/airflow/example_dags/example_external_task_marker_dag.py
[2024-10-08T08:50:21.846+0000] {logging_mixin.py:190} INFO - [2024-10-08T08:50:21.846+0000] {dag.py:3239} INFO - Sync 2 DAGs
[2024-10-08T08:50:21.866+0000] {logging_mixin.py:190} INFO - [2024-10-08T08:50:21.866+0000] {dag.py:4180} INFO - Setting next_dagrun for example_external_task_marker_child to None, run_after=None
[2024-10-08T08:50:21.871+0000] {logging_mixin.py:190} INFO - [2024-10-08T08:50:21.870+0000] {dag.py:4180} INFO - Setting next_dagrun for example_external_task_marker_parent to None, run_after=None
[2024-10-08T08:50:21.904+0000] {processor.py:208} INFO - Processing /root/miniconda3/envs/project/lib/python3.8/site-packages/airflow/example_dags/example_external_task_marker_dag.py took 0.130 seconds
[2024-10-08T09:05:32.459+0000] {processor.py:186} INFO - Started process (PID=220044) to work on /root/miniconda3/envs/project/lib/python3.8/site-packages/airflow/example_dags/example_external_task_marker_dag.py
[2024-10-08T09:05:32.462+0000] {processor.py:914} INFO - Processing file /root/miniconda3/envs/project/lib/python3.8/site-packages/airflow/example_dags/example_external_task_marker_dag.py for tasks to queue
[2024-10-08T09:05:32.467+0000] {logging_mixin.py:190} INFO - [2024-10-08T09:05:32.466+0000] {dagbag.py:588} INFO - Filling up the DagBag from /root/miniconda3/envs/project/lib/python3.8/site-packages/airflow/example_dags/example_external_task_marker_dag.py
[2024-10-08T09:05:32.480+0000] {processor.py:925} INFO - DAG(s) 'example_external_task_marker_child', 'example_external_task_marker_parent' retrieved from /root/miniconda3/envs/project/lib/python3.8/site-packages/airflow/example_dags/example_external_task_marker_dag.py
[2024-10-08T09:05:32.509+0000] {logging_mixin.py:190} INFO - [2024-10-08T09:05:32.509+0000] {dag.py:3239} INFO - Sync 2 DAGs
[2024-10-08T09:05:32.529+0000] {logging_mixin.py:190} INFO - [2024-10-08T09:05:32.529+0000] {dag.py:4180} INFO - Setting next_dagrun for example_external_task_marker_child to None, run_after=None
[2024-10-08T09:05:32.533+0000] {logging_mixin.py:190} INFO - [2024-10-08T09:05:32.533+0000] {dag.py:4180} INFO - Setting next_dagrun for example_external_task_marker_parent to None, run_after=None
[2024-10-08T09:05:32.565+0000] {processor.py:208} INFO - Processing /root/miniconda3/envs/project/lib/python3.8/site-packages/airflow/example_dags/example_external_task_marker_dag.py took 0.118 seconds
[2024-10-08T09:09:05.584+0000] {processor.py:186} INFO - Started process (PID=220833) to work on /root/miniconda3/envs/project/lib/python3.8/site-packages/airflow/example_dags/example_external_task_marker_dag.py
[2024-10-08T09:09:05.587+0000] {processor.py:914} INFO - Processing file /root/miniconda3/envs/project/lib/python3.8/site-packages/airflow/example_dags/example_external_task_marker_dag.py for tasks to queue
[2024-10-08T09:09:05.591+0000] {logging_mixin.py:190} INFO - [2024-10-08T09:09:05.591+0000] {dagbag.py:588} INFO - Filling up the DagBag from /root/miniconda3/envs/project/lib/python3.8/site-packages/airflow/example_dags/example_external_task_marker_dag.py
[2024-10-08T09:09:05.603+0000] {processor.py:925} INFO - DAG(s) 'example_external_task_marker_child', 'example_external_task_marker_parent' retrieved from /root/miniconda3/envs/project/lib/python3.8/site-packages/airflow/example_dags/example_external_task_marker_dag.py
[2024-10-08T09:09:05.631+0000] {logging_mixin.py:190} INFO - [2024-10-08T09:09:05.630+0000] {dag.py:3239} INFO - Sync 2 DAGs
[2024-10-08T09:09:05.650+0000] {logging_mixin.py:190} INFO - [2024-10-08T09:09:05.650+0000] {dag.py:4180} INFO - Setting next_dagrun for example_external_task_marker_child to None, run_after=None
[2024-10-08T09:09:05.654+0000] {logging_mixin.py:190} INFO - [2024-10-08T09:09:05.654+0000] {dag.py:4180} INFO - Setting next_dagrun for example_external_task_marker_parent to None, run_after=None
[2024-10-08T09:09:05.684+0000] {processor.py:208} INFO - Processing /root/miniconda3/envs/project/lib/python3.8/site-packages/airflow/example_dags/example_external_task_marker_dag.py took 0.111 seconds
[2024-10-08T09:10:33.886+0000] {processor.py:186} INFO - Started process (PID=221550) to work on /root/miniconda3/envs/project/lib/python3.8/site-packages/airflow/example_dags/example_external_task_marker_dag.py
[2024-10-08T09:10:33.889+0000] {processor.py:914} INFO - Processing file /root/miniconda3/envs/project/lib/python3.8/site-packages/airflow/example_dags/example_external_task_marker_dag.py for tasks to queue
[2024-10-08T09:10:33.893+0000] {logging_mixin.py:190} INFO - [2024-10-08T09:10:33.892+0000] {dagbag.py:588} INFO - Filling up the DagBag from /root/miniconda3/envs/project/lib/python3.8/site-packages/airflow/example_dags/example_external_task_marker_dag.py
[2024-10-08T09:10:33.906+0000] {processor.py:925} INFO - DAG(s) 'example_external_task_marker_child', 'example_external_task_marker_parent' retrieved from /root/miniconda3/envs/project/lib/python3.8/site-packages/airflow/example_dags/example_external_task_marker_dag.py
[2024-10-08T09:10:33.934+0000] {logging_mixin.py:190} INFO - [2024-10-08T09:10:33.933+0000] {dag.py:3239} INFO - Sync 2 DAGs
[2024-10-08T09:10:33.954+0000] {logging_mixin.py:190} INFO - [2024-10-08T09:10:33.954+0000] {dag.py:4180} INFO - Setting next_dagrun for example_external_task_marker_child to None, run_after=None
[2024-10-08T09:10:33.959+0000] {logging_mixin.py:190} INFO - [2024-10-08T09:10:33.958+0000] {dag.py:4180} INFO - Setting next_dagrun for example_external_task_marker_parent to None, run_after=None
[2024-10-08T09:10:33.989+0000] {processor.py:208} INFO - Processing /root/miniconda3/envs/project/lib/python3.8/site-packages/airflow/example_dags/example_external_task_marker_dag.py took 0.115 seconds
[2024-10-08T09:11:45.255+0000] {processor.py:186} INFO - Started process (PID=221837) to work on /root/miniconda3/envs/project/lib/python3.8/site-packages/airflow/example_dags/example_external_task_marker_dag.py
[2024-10-08T09:11:45.257+0000] {processor.py:914} INFO - Processing file /root/miniconda3/envs/project/lib/python3.8/site-packages/airflow/example_dags/example_external_task_marker_dag.py for tasks to queue
[2024-10-08T09:11:45.261+0000] {logging_mixin.py:190} INFO - [2024-10-08T09:11:45.260+0000] {dagbag.py:588} INFO - Filling up the DagBag from /root/miniconda3/envs/project/lib/python3.8/site-packages/airflow/example_dags/example_external_task_marker_dag.py
[2024-10-08T09:11:45.274+0000] {processor.py:925} INFO - DAG(s) 'example_external_task_marker_child', 'example_external_task_marker_parent' retrieved from /root/miniconda3/envs/project/lib/python3.8/site-packages/airflow/example_dags/example_external_task_marker_dag.py
[2024-10-08T09:11:45.302+0000] {logging_mixin.py:190} INFO - [2024-10-08T09:11:45.302+0000] {dag.py:3239} INFO - Sync 2 DAGs
[2024-10-08T09:11:45.320+0000] {logging_mixin.py:190} INFO - [2024-10-08T09:11:45.320+0000] {dag.py:4180} INFO - Setting next_dagrun for example_external_task_marker_child to None, run_after=None
[2024-10-08T09:11:45.324+0000] {logging_mixin.py:190} INFO - [2024-10-08T09:11:45.324+0000] {dag.py:4180} INFO - Setting next_dagrun for example_external_task_marker_parent to None, run_after=None
[2024-10-08T09:11:45.356+0000] {processor.py:208} INFO - Processing /root/miniconda3/envs/project/lib/python3.8/site-packages/airflow/example_dags/example_external_task_marker_dag.py took 0.113 seconds
[2024-10-08T09:12:47.349+0000] {processor.py:186} INFO - Started process (PID=222164) to work on /root/miniconda3/envs/project/lib/python3.8/site-packages/airflow/example_dags/example_external_task_marker_dag.py
[2024-10-08T09:12:47.352+0000] {processor.py:914} INFO - Processing file /root/miniconda3/envs/project/lib/python3.8/site-packages/airflow/example_dags/example_external_task_marker_dag.py for tasks to queue
[2024-10-08T09:12:47.355+0000] {logging_mixin.py:190} INFO - [2024-10-08T09:12:47.355+0000] {dagbag.py:588} INFO - Filling up the DagBag from /root/miniconda3/envs/project/lib/python3.8/site-packages/airflow/example_dags/example_external_task_marker_dag.py
[2024-10-08T09:12:47.368+0000] {processor.py:925} INFO - DAG(s) 'example_external_task_marker_parent', 'example_external_task_marker_child' retrieved from /root/miniconda3/envs/project/lib/python3.8/site-packages/airflow/example_dags/example_external_task_marker_dag.py
[2024-10-08T09:12:47.395+0000] {logging_mixin.py:190} INFO - [2024-10-08T09:12:47.395+0000] {dag.py:3239} INFO - Sync 2 DAGs
[2024-10-08T09:12:47.413+0000] {logging_mixin.py:190} INFO - [2024-10-08T09:12:47.413+0000] {dag.py:4180} INFO - Setting next_dagrun for example_external_task_marker_child to None, run_after=None
[2024-10-08T09:12:47.417+0000] {logging_mixin.py:190} INFO - [2024-10-08T09:12:47.417+0000] {dag.py:4180} INFO - Setting next_dagrun for example_external_task_marker_parent to None, run_after=None
[2024-10-08T09:12:47.448+0000] {processor.py:208} INFO - Processing /root/miniconda3/envs/project/lib/python3.8/site-packages/airflow/example_dags/example_external_task_marker_dag.py took 0.109 seconds
[2024-10-08T09:13:57.010+0000] {processor.py:186} INFO - Started process (PID=222510) to work on /root/miniconda3/envs/project/lib/python3.8/site-packages/airflow/example_dags/example_external_task_marker_dag.py
[2024-10-08T09:13:57.013+0000] {processor.py:914} INFO - Processing file /root/miniconda3/envs/project/lib/python3.8/site-packages/airflow/example_dags/example_external_task_marker_dag.py for tasks to queue
[2024-10-08T09:13:57.017+0000] {logging_mixin.py:190} INFO - [2024-10-08T09:13:57.016+0000] {dagbag.py:588} INFO - Filling up the DagBag from /root/miniconda3/envs/project/lib/python3.8/site-packages/airflow/example_dags/example_external_task_marker_dag.py
[2024-10-08T09:13:57.030+0000] {processor.py:925} INFO - DAG(s) 'example_external_task_marker_child', 'example_external_task_marker_parent' retrieved from /root/miniconda3/envs/project/lib/python3.8/site-packages/airflow/example_dags/example_external_task_marker_dag.py
[2024-10-08T09:13:57.058+0000] {logging_mixin.py:190} INFO - [2024-10-08T09:13:57.058+0000] {dag.py:3239} INFO - Sync 2 DAGs
[2024-10-08T09:13:57.077+0000] {logging_mixin.py:190} INFO - [2024-10-08T09:13:57.077+0000] {dag.py:4180} INFO - Setting next_dagrun for example_external_task_marker_child to None, run_after=None
[2024-10-08T09:13:57.081+0000] {logging_mixin.py:190} INFO - [2024-10-08T09:13:57.081+0000] {dag.py:4180} INFO - Setting next_dagrun for example_external_task_marker_parent to None, run_after=None
[2024-10-08T09:13:57.115+0000] {processor.py:208} INFO - Processing /root/miniconda3/envs/project/lib/python3.8/site-packages/airflow/example_dags/example_external_task_marker_dag.py took 0.115 seconds
[2024-10-08T09:14:59.029+0000] {processor.py:186} INFO - Started process (PID=222773) to work on /root/miniconda3/envs/project/lib/python3.8/site-packages/airflow/example_dags/example_external_task_marker_dag.py
[2024-10-08T09:14:59.032+0000] {processor.py:914} INFO - Processing file /root/miniconda3/envs/project/lib/python3.8/site-packages/airflow/example_dags/example_external_task_marker_dag.py for tasks to queue
[2024-10-08T09:14:59.035+0000] {logging_mixin.py:190} INFO - [2024-10-08T09:14:59.035+0000] {dagbag.py:588} INFO - Filling up the DagBag from /root/miniconda3/envs/project/lib/python3.8/site-packages/airflow/example_dags/example_external_task_marker_dag.py
[2024-10-08T09:14:59.049+0000] {processor.py:925} INFO - DAG(s) 'example_external_task_marker_parent', 'example_external_task_marker_child' retrieved from /root/miniconda3/envs/project/lib/python3.8/site-packages/airflow/example_dags/example_external_task_marker_dag.py
[2024-10-08T09:14:59.076+0000] {logging_mixin.py:190} INFO - [2024-10-08T09:14:59.076+0000] {dag.py:3239} INFO - Sync 2 DAGs
[2024-10-08T09:14:59.095+0000] {logging_mixin.py:190} INFO - [2024-10-08T09:14:59.095+0000] {dag.py:4180} INFO - Setting next_dagrun for example_external_task_marker_child to None, run_after=None
[2024-10-08T09:14:59.100+0000] {logging_mixin.py:190} INFO - [2024-10-08T09:14:59.099+0000] {dag.py:4180} INFO - Setting next_dagrun for example_external_task_marker_parent to None, run_after=None
[2024-10-08T09:14:59.130+0000] {processor.py:208} INFO - Processing /root/miniconda3/envs/project/lib/python3.8/site-packages/airflow/example_dags/example_external_task_marker_dag.py took 0.111 seconds
[2024-10-08T09:16:14.934+0000] {processor.py:186} INFO - Started process (PID=223011) to work on /root/miniconda3/envs/project/lib/python3.8/site-packages/airflow/example_dags/example_external_task_marker_dag.py
[2024-10-08T09:16:14.937+0000] {processor.py:914} INFO - Processing file /root/miniconda3/envs/project/lib/python3.8/site-packages/airflow/example_dags/example_external_task_marker_dag.py for tasks to queue
[2024-10-08T09:16:14.940+0000] {logging_mixin.py:190} INFO - [2024-10-08T09:16:14.939+0000] {dagbag.py:588} INFO - Filling up the DagBag from /root/miniconda3/envs/project/lib/python3.8/site-packages/airflow/example_dags/example_external_task_marker_dag.py
[2024-10-08T09:16:14.953+0000] {processor.py:925} INFO - DAG(s) 'example_external_task_marker_parent', 'example_external_task_marker_child' retrieved from /root/miniconda3/envs/project/lib/python3.8/site-packages/airflow/example_dags/example_external_task_marker_dag.py
[2024-10-08T09:16:14.980+0000] {logging_mixin.py:190} INFO - [2024-10-08T09:16:14.980+0000] {dag.py:3239} INFO - Sync 2 DAGs
[2024-10-08T09:16:14.999+0000] {logging_mixin.py:190} INFO - [2024-10-08T09:16:14.999+0000] {dag.py:4180} INFO - Setting next_dagrun for example_external_task_marker_child to None, run_after=None
[2024-10-08T09:16:15.003+0000] {logging_mixin.py:190} INFO - [2024-10-08T09:16:15.003+0000] {dag.py:4180} INFO - Setting next_dagrun for example_external_task_marker_parent to None, run_after=None
[2024-10-08T09:16:15.032+0000] {processor.py:208} INFO - Processing /root/miniconda3/envs/project/lib/python3.8/site-packages/airflow/example_dags/example_external_task_marker_dag.py took 0.109 seconds
[2024-10-08T09:17:25.089+0000] {processor.py:186} INFO - Started process (PID=223242) to work on /root/miniconda3/envs/project/lib/python3.8/site-packages/airflow/example_dags/example_external_task_marker_dag.py
[2024-10-08T09:17:25.092+0000] {processor.py:914} INFO - Processing file /root/miniconda3/envs/project/lib/python3.8/site-packages/airflow/example_dags/example_external_task_marker_dag.py for tasks to queue
[2024-10-08T09:17:25.095+0000] {logging_mixin.py:190} INFO - [2024-10-08T09:17:25.095+0000] {dagbag.py:588} INFO - Filling up the DagBag from /root/miniconda3/envs/project/lib/python3.8/site-packages/airflow/example_dags/example_external_task_marker_dag.py
[2024-10-08T09:17:25.107+0000] {processor.py:925} INFO - DAG(s) 'example_external_task_marker_parent', 'example_external_task_marker_child' retrieved from /root/miniconda3/envs/project/lib/python3.8/site-packages/airflow/example_dags/example_external_task_marker_dag.py
[2024-10-08T09:17:25.134+0000] {logging_mixin.py:190} INFO - [2024-10-08T09:17:25.134+0000] {dag.py:3239} INFO - Sync 2 DAGs
[2024-10-08T09:17:25.153+0000] {logging_mixin.py:190} INFO - [2024-10-08T09:17:25.152+0000] {dag.py:4180} INFO - Setting next_dagrun for example_external_task_marker_child to None, run_after=None
[2024-10-08T09:17:25.157+0000] {logging_mixin.py:190} INFO - [2024-10-08T09:17:25.157+0000] {dag.py:4180} INFO - Setting next_dagrun for example_external_task_marker_parent to None, run_after=None
[2024-10-08T09:17:25.185+0000] {processor.py:208} INFO - Processing /root/miniconda3/envs/project/lib/python3.8/site-packages/airflow/example_dags/example_external_task_marker_dag.py took 0.106 seconds
[2024-10-08T09:18:34.324+0000] {processor.py:186} INFO - Started process (PID=223470) to work on /root/miniconda3/envs/project/lib/python3.8/site-packages/airflow/example_dags/example_external_task_marker_dag.py
[2024-10-08T09:18:34.327+0000] {processor.py:914} INFO - Processing file /root/miniconda3/envs/project/lib/python3.8/site-packages/airflow/example_dags/example_external_task_marker_dag.py for tasks to queue
[2024-10-08T09:18:34.331+0000] {logging_mixin.py:190} INFO - [2024-10-08T09:18:34.330+0000] {dagbag.py:588} INFO - Filling up the DagBag from /root/miniconda3/envs/project/lib/python3.8/site-packages/airflow/example_dags/example_external_task_marker_dag.py
[2024-10-08T09:18:34.343+0000] {processor.py:925} INFO - DAG(s) 'example_external_task_marker_child', 'example_external_task_marker_parent' retrieved from /root/miniconda3/envs/project/lib/python3.8/site-packages/airflow/example_dags/example_external_task_marker_dag.py
[2024-10-08T09:18:34.369+0000] {logging_mixin.py:190} INFO - [2024-10-08T09:18:34.369+0000] {dag.py:3239} INFO - Sync 2 DAGs
[2024-10-08T09:18:34.393+0000] {logging_mixin.py:190} INFO - [2024-10-08T09:18:34.393+0000] {dag.py:4180} INFO - Setting next_dagrun for example_external_task_marker_child to None, run_after=None
[2024-10-08T09:18:34.399+0000] {logging_mixin.py:190} INFO - [2024-10-08T09:18:34.398+0000] {dag.py:4180} INFO - Setting next_dagrun for example_external_task_marker_parent to None, run_after=None
[2024-10-08T09:18:34.430+0000] {processor.py:208} INFO - Processing /root/miniconda3/envs/project/lib/python3.8/site-packages/airflow/example_dags/example_external_task_marker_dag.py took 0.116 seconds
[2024-10-08T09:19:48.494+0000] {processor.py:186} INFO - Started process (PID=223764) to work on /root/miniconda3/envs/project/lib/python3.8/site-packages/airflow/example_dags/example_external_task_marker_dag.py
[2024-10-08T09:19:48.497+0000] {processor.py:914} INFO - Processing file /root/miniconda3/envs/project/lib/python3.8/site-packages/airflow/example_dags/example_external_task_marker_dag.py for tasks to queue
[2024-10-08T09:19:48.501+0000] {logging_mixin.py:190} INFO - [2024-10-08T09:19:48.500+0000] {dagbag.py:588} INFO - Filling up the DagBag from /root/miniconda3/envs/project/lib/python3.8/site-packages/airflow/example_dags/example_external_task_marker_dag.py
[2024-10-08T09:19:48.527+0000] {processor.py:925} INFO - DAG(s) 'example_external_task_marker_child', 'example_external_task_marker_parent' retrieved from /root/miniconda3/envs/project/lib/python3.8/site-packages/airflow/example_dags/example_external_task_marker_dag.py
[2024-10-08T09:19:48.555+0000] {logging_mixin.py:190} INFO - [2024-10-08T09:19:48.554+0000] {dag.py:3239} INFO - Sync 2 DAGs
[2024-10-08T09:19:48.579+0000] {logging_mixin.py:190} INFO - [2024-10-08T09:19:48.579+0000] {dag.py:4180} INFO - Setting next_dagrun for example_external_task_marker_child to None, run_after=None
[2024-10-08T09:19:48.584+0000] {logging_mixin.py:190} INFO - [2024-10-08T09:19:48.584+0000] {dag.py:4180} INFO - Setting next_dagrun for example_external_task_marker_parent to None, run_after=None
[2024-10-08T09:19:48.615+0000] {processor.py:208} INFO - Processing /root/miniconda3/envs/project/lib/python3.8/site-packages/airflow/example_dags/example_external_task_marker_dag.py took 0.132 seconds
[2024-10-08T09:21:00.378+0000] {processor.py:186} INFO - Started process (PID=224056) to work on /root/miniconda3/envs/project/lib/python3.8/site-packages/airflow/example_dags/example_external_task_marker_dag.py
[2024-10-08T09:21:00.380+0000] {processor.py:914} INFO - Processing file /root/miniconda3/envs/project/lib/python3.8/site-packages/airflow/example_dags/example_external_task_marker_dag.py for tasks to queue
[2024-10-08T09:21:00.384+0000] {logging_mixin.py:190} INFO - [2024-10-08T09:21:00.383+0000] {dagbag.py:588} INFO - Filling up the DagBag from /root/miniconda3/envs/project/lib/python3.8/site-packages/airflow/example_dags/example_external_task_marker_dag.py
[2024-10-08T09:21:00.396+0000] {processor.py:925} INFO - DAG(s) 'example_external_task_marker_parent', 'example_external_task_marker_child' retrieved from /root/miniconda3/envs/project/lib/python3.8/site-packages/airflow/example_dags/example_external_task_marker_dag.py
[2024-10-08T09:21:00.424+0000] {logging_mixin.py:190} INFO - [2024-10-08T09:21:00.424+0000] {dag.py:3239} INFO - Sync 2 DAGs
[2024-10-08T09:21:00.442+0000] {logging_mixin.py:190} INFO - [2024-10-08T09:21:00.442+0000] {dag.py:4180} INFO - Setting next_dagrun for example_external_task_marker_child to None, run_after=None
[2024-10-08T09:21:00.446+0000] {logging_mixin.py:190} INFO - [2024-10-08T09:21:00.446+0000] {dag.py:4180} INFO - Setting next_dagrun for example_external_task_marker_parent to None, run_after=None
[2024-10-08T09:21:00.477+0000] {processor.py:208} INFO - Processing /root/miniconda3/envs/project/lib/python3.8/site-packages/airflow/example_dags/example_external_task_marker_dag.py took 0.109 seconds
[2024-10-08T09:22:11.020+0000] {processor.py:186} INFO - Started process (PID=224283) to work on /root/miniconda3/envs/project/lib/python3.8/site-packages/airflow/example_dags/example_external_task_marker_dag.py
[2024-10-08T09:22:11.023+0000] {processor.py:914} INFO - Processing file /root/miniconda3/envs/project/lib/python3.8/site-packages/airflow/example_dags/example_external_task_marker_dag.py for tasks to queue
[2024-10-08T09:22:11.027+0000] {logging_mixin.py:190} INFO - [2024-10-08T09:22:11.026+0000] {dagbag.py:588} INFO - Filling up the DagBag from /root/miniconda3/envs/project/lib/python3.8/site-packages/airflow/example_dags/example_external_task_marker_dag.py
[2024-10-08T09:22:11.039+0000] {processor.py:925} INFO - DAG(s) 'example_external_task_marker_parent', 'example_external_task_marker_child' retrieved from /root/miniconda3/envs/project/lib/python3.8/site-packages/airflow/example_dags/example_external_task_marker_dag.py
[2024-10-08T09:22:11.067+0000] {logging_mixin.py:190} INFO - [2024-10-08T09:22:11.067+0000] {dag.py:3239} INFO - Sync 2 DAGs
[2024-10-08T09:22:11.085+0000] {logging_mixin.py:190} INFO - [2024-10-08T09:22:11.085+0000] {dag.py:4180} INFO - Setting next_dagrun for example_external_task_marker_child to None, run_after=None
[2024-10-08T09:22:11.089+0000] {logging_mixin.py:190} INFO - [2024-10-08T09:22:11.089+0000] {dag.py:4180} INFO - Setting next_dagrun for example_external_task_marker_parent to None, run_after=None
[2024-10-08T09:22:11.118+0000] {processor.py:208} INFO - Processing /root/miniconda3/envs/project/lib/python3.8/site-packages/airflow/example_dags/example_external_task_marker_dag.py took 0.111 seconds
[2024-10-08T09:23:18.776+0000] {processor.py:186} INFO - Started process (PID=224491) to work on /root/miniconda3/envs/project/lib/python3.8/site-packages/airflow/example_dags/example_external_task_marker_dag.py
[2024-10-08T09:23:18.778+0000] {processor.py:914} INFO - Processing file /root/miniconda3/envs/project/lib/python3.8/site-packages/airflow/example_dags/example_external_task_marker_dag.py for tasks to queue
[2024-10-08T09:23:18.782+0000] {logging_mixin.py:190} INFO - [2024-10-08T09:23:18.781+0000] {dagbag.py:588} INFO - Filling up the DagBag from /root/miniconda3/envs/project/lib/python3.8/site-packages/airflow/example_dags/example_external_task_marker_dag.py
[2024-10-08T09:23:18.795+0000] {processor.py:925} INFO - DAG(s) 'example_external_task_marker_parent', 'example_external_task_marker_child' retrieved from /root/miniconda3/envs/project/lib/python3.8/site-packages/airflow/example_dags/example_external_task_marker_dag.py
[2024-10-08T09:23:18.822+0000] {logging_mixin.py:190} INFO - [2024-10-08T09:23:18.822+0000] {dag.py:3239} INFO - Sync 2 DAGs
[2024-10-08T09:23:18.841+0000] {logging_mixin.py:190} INFO - [2024-10-08T09:23:18.841+0000] {dag.py:4180} INFO - Setting next_dagrun for example_external_task_marker_child to None, run_after=None
[2024-10-08T09:23:18.845+0000] {logging_mixin.py:190} INFO - [2024-10-08T09:23:18.845+0000] {dag.py:4180} INFO - Setting next_dagrun for example_external_task_marker_parent to None, run_after=None
[2024-10-08T09:23:18.886+0000] {processor.py:208} INFO - Processing /root/miniconda3/envs/project/lib/python3.8/site-packages/airflow/example_dags/example_external_task_marker_dag.py took 0.122 seconds
[2024-10-08T09:24:31.381+0000] {processor.py:186} INFO - Started process (PID=224874) to work on /root/miniconda3/envs/project/lib/python3.8/site-packages/airflow/example_dags/example_external_task_marker_dag.py
[2024-10-08T09:24:31.384+0000] {processor.py:914} INFO - Processing file /root/miniconda3/envs/project/lib/python3.8/site-packages/airflow/example_dags/example_external_task_marker_dag.py for tasks to queue
[2024-10-08T09:24:31.388+0000] {logging_mixin.py:190} INFO - [2024-10-08T09:24:31.388+0000] {dagbag.py:588} INFO - Filling up the DagBag from /root/miniconda3/envs/project/lib/python3.8/site-packages/airflow/example_dags/example_external_task_marker_dag.py
[2024-10-08T09:24:31.403+0000] {processor.py:925} INFO - DAG(s) 'example_external_task_marker_child', 'example_external_task_marker_parent' retrieved from /root/miniconda3/envs/project/lib/python3.8/site-packages/airflow/example_dags/example_external_task_marker_dag.py
[2024-10-08T09:24:31.436+0000] {logging_mixin.py:190} INFO - [2024-10-08T09:24:31.435+0000] {dag.py:3239} INFO - Sync 2 DAGs
[2024-10-08T09:24:31.456+0000] {logging_mixin.py:190} INFO - [2024-10-08T09:24:31.456+0000] {dag.py:4180} INFO - Setting next_dagrun for example_external_task_marker_child to None, run_after=None
[2024-10-08T09:24:31.460+0000] {logging_mixin.py:190} INFO - [2024-10-08T09:24:31.460+0000] {dag.py:4180} INFO - Setting next_dagrun for example_external_task_marker_parent to None, run_after=None
[2024-10-08T09:24:31.490+0000] {processor.py:208} INFO - Processing /root/miniconda3/envs/project/lib/python3.8/site-packages/airflow/example_dags/example_external_task_marker_dag.py took 0.121 seconds
[2024-10-08T09:25:40.721+0000] {processor.py:186} INFO - Started process (PID=225469) to work on /root/miniconda3/envs/project/lib/python3.8/site-packages/airflow/example_dags/example_external_task_marker_dag.py
[2024-10-08T09:25:40.724+0000] {processor.py:914} INFO - Processing file /root/miniconda3/envs/project/lib/python3.8/site-packages/airflow/example_dags/example_external_task_marker_dag.py for tasks to queue
[2024-10-08T09:25:40.727+0000] {logging_mixin.py:190} INFO - [2024-10-08T09:25:40.727+0000] {dagbag.py:588} INFO - Filling up the DagBag from /root/miniconda3/envs/project/lib/python3.8/site-packages/airflow/example_dags/example_external_task_marker_dag.py
[2024-10-08T09:25:40.741+0000] {processor.py:925} INFO - DAG(s) 'example_external_task_marker_parent', 'example_external_task_marker_child' retrieved from /root/miniconda3/envs/project/lib/python3.8/site-packages/airflow/example_dags/example_external_task_marker_dag.py
[2024-10-08T09:25:40.769+0000] {logging_mixin.py:190} INFO - [2024-10-08T09:25:40.769+0000] {dag.py:3239} INFO - Sync 2 DAGs
[2024-10-08T09:25:40.787+0000] {logging_mixin.py:190} INFO - [2024-10-08T09:25:40.787+0000] {dag.py:4180} INFO - Setting next_dagrun for example_external_task_marker_child to None, run_after=None
[2024-10-08T09:25:40.791+0000] {logging_mixin.py:190} INFO - [2024-10-08T09:25:40.791+0000] {dag.py:4180} INFO - Setting next_dagrun for example_external_task_marker_parent to None, run_after=None
[2024-10-08T09:25:40.822+0000] {processor.py:208} INFO - Processing /root/miniconda3/envs/project/lib/python3.8/site-packages/airflow/example_dags/example_external_task_marker_dag.py took 0.113 seconds
[2024-10-08T09:26:51.796+0000] {processor.py:186} INFO - Started process (PID=225963) to work on /root/miniconda3/envs/project/lib/python3.8/site-packages/airflow/example_dags/example_external_task_marker_dag.py
[2024-10-08T09:26:51.799+0000] {processor.py:914} INFO - Processing file /root/miniconda3/envs/project/lib/python3.8/site-packages/airflow/example_dags/example_external_task_marker_dag.py for tasks to queue
[2024-10-08T09:26:51.802+0000] {logging_mixin.py:190} INFO - [2024-10-08T09:26:51.802+0000] {dagbag.py:588} INFO - Filling up the DagBag from /root/miniconda3/envs/project/lib/python3.8/site-packages/airflow/example_dags/example_external_task_marker_dag.py
[2024-10-08T09:26:51.815+0000] {processor.py:925} INFO - DAG(s) 'example_external_task_marker_child', 'example_external_task_marker_parent' retrieved from /root/miniconda3/envs/project/lib/python3.8/site-packages/airflow/example_dags/example_external_task_marker_dag.py
[2024-10-08T09:26:51.842+0000] {logging_mixin.py:190} INFO - [2024-10-08T09:26:51.842+0000] {dag.py:3239} INFO - Sync 2 DAGs
[2024-10-08T09:26:51.863+0000] {logging_mixin.py:190} INFO - [2024-10-08T09:26:51.862+0000] {dag.py:4180} INFO - Setting next_dagrun for example_external_task_marker_child to None, run_after=None
[2024-10-08T09:26:51.867+0000] {logging_mixin.py:190} INFO - [2024-10-08T09:26:51.867+0000] {dag.py:4180} INFO - Setting next_dagrun for example_external_task_marker_parent to None, run_after=None
[2024-10-08T09:26:51.898+0000] {processor.py:208} INFO - Processing /root/miniconda3/envs/project/lib/python3.8/site-packages/airflow/example_dags/example_external_task_marker_dag.py took 0.113 seconds
[2024-10-08T09:28:03.235+0000] {processor.py:186} INFO - Started process (PID=226445) to work on /root/miniconda3/envs/project/lib/python3.8/site-packages/airflow/example_dags/example_external_task_marker_dag.py
[2024-10-08T09:28:03.237+0000] {processor.py:914} INFO - Processing file /root/miniconda3/envs/project/lib/python3.8/site-packages/airflow/example_dags/example_external_task_marker_dag.py for tasks to queue
[2024-10-08T09:28:03.240+0000] {logging_mixin.py:190} INFO - [2024-10-08T09:28:03.240+0000] {dagbag.py:588} INFO - Filling up the DagBag from /root/miniconda3/envs/project/lib/python3.8/site-packages/airflow/example_dags/example_external_task_marker_dag.py
[2024-10-08T09:28:03.253+0000] {processor.py:925} INFO - DAG(s) 'example_external_task_marker_parent', 'example_external_task_marker_child' retrieved from /root/miniconda3/envs/project/lib/python3.8/site-packages/airflow/example_dags/example_external_task_marker_dag.py
[2024-10-08T09:28:03.279+0000] {logging_mixin.py:190} INFO - [2024-10-08T09:28:03.279+0000] {dag.py:3239} INFO - Sync 2 DAGs
[2024-10-08T09:28:03.297+0000] {logging_mixin.py:190} INFO - [2024-10-08T09:28:03.297+0000] {dag.py:4180} INFO - Setting next_dagrun for example_external_task_marker_child to None, run_after=None
[2024-10-08T09:28:03.301+0000] {logging_mixin.py:190} INFO - [2024-10-08T09:28:03.301+0000] {dag.py:4180} INFO - Setting next_dagrun for example_external_task_marker_parent to None, run_after=None
[2024-10-08T09:28:03.332+0000] {processor.py:208} INFO - Processing /root/miniconda3/envs/project/lib/python3.8/site-packages/airflow/example_dags/example_external_task_marker_dag.py took 0.107 seconds
[2024-10-08T09:29:18.154+0000] {processor.py:186} INFO - Started process (PID=226971) to work on /root/miniconda3/envs/project/lib/python3.8/site-packages/airflow/example_dags/example_external_task_marker_dag.py
[2024-10-08T09:29:18.157+0000] {processor.py:914} INFO - Processing file /root/miniconda3/envs/project/lib/python3.8/site-packages/airflow/example_dags/example_external_task_marker_dag.py for tasks to queue
[2024-10-08T09:29:18.160+0000] {logging_mixin.py:190} INFO - [2024-10-08T09:29:18.159+0000] {dagbag.py:588} INFO - Filling up the DagBag from /root/miniconda3/envs/project/lib/python3.8/site-packages/airflow/example_dags/example_external_task_marker_dag.py
[2024-10-08T09:29:18.172+0000] {processor.py:925} INFO - DAG(s) 'example_external_task_marker_parent', 'example_external_task_marker_child' retrieved from /root/miniconda3/envs/project/lib/python3.8/site-packages/airflow/example_dags/example_external_task_marker_dag.py
[2024-10-08T09:29:18.343+0000] {logging_mixin.py:190} INFO - [2024-10-08T09:29:18.343+0000] {dag.py:3239} INFO - Sync 2 DAGs
[2024-10-08T09:29:18.359+0000] {logging_mixin.py:190} INFO - [2024-10-08T09:29:18.359+0000] {dag.py:4180} INFO - Setting next_dagrun for example_external_task_marker_child to None, run_after=None
[2024-10-08T09:29:18.363+0000] {logging_mixin.py:190} INFO - [2024-10-08T09:29:18.362+0000] {dag.py:4180} INFO - Setting next_dagrun for example_external_task_marker_parent to None, run_after=None
[2024-10-08T09:29:18.394+0000] {processor.py:208} INFO - Processing /root/miniconda3/envs/project/lib/python3.8/site-packages/airflow/example_dags/example_external_task_marker_dag.py took 0.250 seconds
[2024-10-08T09:30:43.613+0000] {processor.py:186} INFO - Started process (PID=227927) to work on /root/miniconda3/envs/project/lib/python3.8/site-packages/airflow/example_dags/example_external_task_marker_dag.py
[2024-10-08T09:30:43.616+0000] {processor.py:914} INFO - Processing file /root/miniconda3/envs/project/lib/python3.8/site-packages/airflow/example_dags/example_external_task_marker_dag.py for tasks to queue
[2024-10-08T09:30:43.620+0000] {logging_mixin.py:190} INFO - [2024-10-08T09:30:43.619+0000] {dagbag.py:588} INFO - Filling up the DagBag from /root/miniconda3/envs/project/lib/python3.8/site-packages/airflow/example_dags/example_external_task_marker_dag.py
[2024-10-08T09:30:43.632+0000] {processor.py:925} INFO - DAG(s) 'example_external_task_marker_child', 'example_external_task_marker_parent' retrieved from /root/miniconda3/envs/project/lib/python3.8/site-packages/airflow/example_dags/example_external_task_marker_dag.py
[2024-10-08T09:30:43.788+0000] {logging_mixin.py:190} INFO - [2024-10-08T09:30:43.788+0000] {dag.py:3239} INFO - Sync 2 DAGs
[2024-10-08T09:30:43.804+0000] {logging_mixin.py:190} INFO - [2024-10-08T09:30:43.803+0000] {dag.py:4180} INFO - Setting next_dagrun for example_external_task_marker_child to None, run_after=None
[2024-10-08T09:30:43.807+0000] {logging_mixin.py:190} INFO - [2024-10-08T09:30:43.806+0000] {dag.py:4180} INFO - Setting next_dagrun for example_external_task_marker_parent to None, run_after=None
[2024-10-08T09:30:43.838+0000] {processor.py:208} INFO - Processing /root/miniconda3/envs/project/lib/python3.8/site-packages/airflow/example_dags/example_external_task_marker_dag.py took 0.237 seconds
[2024-10-08T09:32:13.376+0000] {processor.py:186} INFO - Started process (PID=229016) to work on /root/miniconda3/envs/project/lib/python3.8/site-packages/airflow/example_dags/example_external_task_marker_dag.py
[2024-10-08T09:32:13.379+0000] {processor.py:914} INFO - Processing file /root/miniconda3/envs/project/lib/python3.8/site-packages/airflow/example_dags/example_external_task_marker_dag.py for tasks to queue
[2024-10-08T09:32:13.383+0000] {logging_mixin.py:190} INFO - [2024-10-08T09:32:13.382+0000] {dagbag.py:588} INFO - Filling up the DagBag from /root/miniconda3/envs/project/lib/python3.8/site-packages/airflow/example_dags/example_external_task_marker_dag.py
[2024-10-08T09:32:13.396+0000] {processor.py:925} INFO - DAG(s) 'example_external_task_marker_parent', 'example_external_task_marker_child' retrieved from /root/miniconda3/envs/project/lib/python3.8/site-packages/airflow/example_dags/example_external_task_marker_dag.py
[2024-10-08T09:32:13.425+0000] {logging_mixin.py:190} INFO - [2024-10-08T09:32:13.424+0000] {dag.py:3239} INFO - Sync 2 DAGs
[2024-10-08T09:32:13.443+0000] {logging_mixin.py:190} INFO - [2024-10-08T09:32:13.443+0000] {dag.py:4180} INFO - Setting next_dagrun for example_external_task_marker_child to None, run_after=None
[2024-10-08T09:32:13.448+0000] {logging_mixin.py:190} INFO - [2024-10-08T09:32:13.447+0000] {dag.py:4180} INFO - Setting next_dagrun for example_external_task_marker_parent to None, run_after=None
[2024-10-08T09:32:13.477+0000] {processor.py:208} INFO - Processing /root/miniconda3/envs/project/lib/python3.8/site-packages/airflow/example_dags/example_external_task_marker_dag.py took 0.112 seconds
[2024-10-08T09:33:24.899+0000] {processor.py:186} INFO - Started process (PID=229320) to work on /root/miniconda3/envs/project/lib/python3.8/site-packages/airflow/example_dags/example_external_task_marker_dag.py
[2024-10-08T09:33:24.902+0000] {processor.py:914} INFO - Processing file /root/miniconda3/envs/project/lib/python3.8/site-packages/airflow/example_dags/example_external_task_marker_dag.py for tasks to queue
[2024-10-08T09:33:24.905+0000] {logging_mixin.py:190} INFO - [2024-10-08T09:33:24.905+0000] {dagbag.py:588} INFO - Filling up the DagBag from /root/miniconda3/envs/project/lib/python3.8/site-packages/airflow/example_dags/example_external_task_marker_dag.py
[2024-10-08T09:33:24.918+0000] {processor.py:925} INFO - DAG(s) 'example_external_task_marker_child', 'example_external_task_marker_parent' retrieved from /root/miniconda3/envs/project/lib/python3.8/site-packages/airflow/example_dags/example_external_task_marker_dag.py
[2024-10-08T09:33:24.946+0000] {logging_mixin.py:190} INFO - [2024-10-08T09:33:24.946+0000] {dag.py:3239} INFO - Sync 2 DAGs
[2024-10-08T09:33:24.965+0000] {logging_mixin.py:190} INFO - [2024-10-08T09:33:24.964+0000] {dag.py:4180} INFO - Setting next_dagrun for example_external_task_marker_child to None, run_after=None
[2024-10-08T09:33:24.969+0000] {logging_mixin.py:190} INFO - [2024-10-08T09:33:24.969+0000] {dag.py:4180} INFO - Setting next_dagrun for example_external_task_marker_parent to None, run_after=None
[2024-10-08T09:33:24.998+0000] {processor.py:208} INFO - Processing /root/miniconda3/envs/project/lib/python3.8/site-packages/airflow/example_dags/example_external_task_marker_dag.py took 0.109 seconds
