[2024-10-08T07:58:01.736+0000] {processor.py:186} INFO - Started process (PID=207224) to work on /root/miniconda3/envs/project/lib/python3.8/site-packages/airflow/example_dags/example_dynamic_task_mapping_with_no_taskflow_operators.py
[2024-10-08T07:58:01.738+0000] {processor.py:914} INFO - Processing file /root/miniconda3/envs/project/lib/python3.8/site-packages/airflow/example_dags/example_dynamic_task_mapping_with_no_taskflow_operators.py for tasks to queue
[2024-10-08T07:58:01.741+0000] {logging_mixin.py:190} INFO - [2024-10-08T07:58:01.741+0000] {dagbag.py:588} INFO - Filling up the DagBag from /root/miniconda3/envs/project/lib/python3.8/site-packages/airflow/example_dags/example_dynamic_task_mapping_with_no_taskflow_operators.py
[2024-10-08T07:58:01.753+0000] {processor.py:925} INFO - DAG(s) 'example_dynamic_task_mapping_with_no_taskflow_operators' retrieved from /root/miniconda3/envs/project/lib/python3.8/site-packages/airflow/example_dags/example_dynamic_task_mapping_with_no_taskflow_operators.py
[2024-10-08T07:58:01.900+0000] {logging_mixin.py:190} INFO - [2024-10-08T07:58:01.899+0000] {override.py:1901} INFO - Created Permission View: can delete on DAG:example_dynamic_task_mapping_with_no_taskflow_operators
[2024-10-08T07:58:01.933+0000] {logging_mixin.py:190} INFO - [2024-10-08T07:58:01.932+0000] {override.py:1901} INFO - Created Permission View: can read on DAG:example_dynamic_task_mapping_with_no_taskflow_operators
[2024-10-08T07:58:01.951+0000] {logging_mixin.py:190} INFO - [2024-10-08T07:58:01.950+0000] {override.py:1901} INFO - Created Permission View: can edit on DAG:example_dynamic_task_mapping_with_no_taskflow_operators
[2024-10-08T07:58:01.974+0000] {logging_mixin.py:190} INFO - [2024-10-08T07:58:01.973+0000] {override.py:1901} INFO - Created Permission View: can delete on DAG Run:example_dynamic_task_mapping_with_no_taskflow_operators
[2024-10-08T07:58:01.989+0000] {logging_mixin.py:190} INFO - [2024-10-08T07:58:01.989+0000] {override.py:1901} INFO - Created Permission View: menu access on DAG Run:example_dynamic_task_mapping_with_no_taskflow_operators
[2024-10-08T07:58:02.005+0000] {logging_mixin.py:190} INFO - [2024-10-08T07:58:02.005+0000] {override.py:1901} INFO - Created Permission View: can create on DAG Run:example_dynamic_task_mapping_with_no_taskflow_operators
[2024-10-08T07:58:02.019+0000] {logging_mixin.py:190} INFO - [2024-10-08T07:58:02.019+0000] {override.py:1901} INFO - Created Permission View: can read on DAG Run:example_dynamic_task_mapping_with_no_taskflow_operators
[2024-10-08T07:58:02.020+0000] {logging_mixin.py:190} INFO - [2024-10-08T07:58:02.020+0000] {dag.py:3239} INFO - Sync 1 DAGs
[2024-10-08T07:58:02.040+0000] {logging_mixin.py:190} INFO - [2024-10-08T07:58:02.039+0000] {dag.py:3262} INFO - Creating ORM DAG for example_dynamic_task_mapping_with_no_taskflow_operators
[2024-10-08T07:58:02.040+0000] {logging_mixin.py:190} INFO - [2024-10-08T07:58:02.040+0000] {dag.py:4180} INFO - Setting next_dagrun for example_dynamic_task_mapping_with_no_taskflow_operators to None, run_after=None
[2024-10-08T07:58:02.071+0000] {processor.py:208} INFO - Processing /root/miniconda3/envs/project/lib/python3.8/site-packages/airflow/example_dags/example_dynamic_task_mapping_with_no_taskflow_operators.py took 0.346 seconds
[2024-10-08T07:59:20.995+0000] {processor.py:186} INFO - Started process (PID=207496) to work on /root/miniconda3/envs/project/lib/python3.8/site-packages/airflow/example_dags/example_dynamic_task_mapping_with_no_taskflow_operators.py
[2024-10-08T07:59:20.998+0000] {processor.py:914} INFO - Processing file /root/miniconda3/envs/project/lib/python3.8/site-packages/airflow/example_dags/example_dynamic_task_mapping_with_no_taskflow_operators.py for tasks to queue
[2024-10-08T07:59:21.002+0000] {logging_mixin.py:190} INFO - [2024-10-08T07:59:21.001+0000] {dagbag.py:588} INFO - Filling up the DagBag from /root/miniconda3/envs/project/lib/python3.8/site-packages/airflow/example_dags/example_dynamic_task_mapping_with_no_taskflow_operators.py
[2024-10-08T07:59:21.014+0000] {processor.py:925} INFO - DAG(s) 'example_dynamic_task_mapping_with_no_taskflow_operators' retrieved from /root/miniconda3/envs/project/lib/python3.8/site-packages/airflow/example_dags/example_dynamic_task_mapping_with_no_taskflow_operators.py
[2024-10-08T07:59:21.037+0000] {logging_mixin.py:190} INFO - [2024-10-08T07:59:21.037+0000] {dag.py:3239} INFO - Sync 1 DAGs
[2024-10-08T07:59:21.055+0000] {logging_mixin.py:190} INFO - [2024-10-08T07:59:21.055+0000] {dag.py:4180} INFO - Setting next_dagrun for example_dynamic_task_mapping_with_no_taskflow_operators to None, run_after=None
[2024-10-08T07:59:21.088+0000] {processor.py:208} INFO - Processing /root/miniconda3/envs/project/lib/python3.8/site-packages/airflow/example_dags/example_dynamic_task_mapping_with_no_taskflow_operators.py took 0.104 seconds
[2024-10-08T08:00:31.667+0000] {processor.py:186} INFO - Started process (PID=207704) to work on /root/miniconda3/envs/project/lib/python3.8/site-packages/airflow/example_dags/example_dynamic_task_mapping_with_no_taskflow_operators.py
[2024-10-08T08:00:31.670+0000] {processor.py:914} INFO - Processing file /root/miniconda3/envs/project/lib/python3.8/site-packages/airflow/example_dags/example_dynamic_task_mapping_with_no_taskflow_operators.py for tasks to queue
[2024-10-08T08:00:31.674+0000] {logging_mixin.py:190} INFO - [2024-10-08T08:00:31.673+0000] {dagbag.py:588} INFO - Filling up the DagBag from /root/miniconda3/envs/project/lib/python3.8/site-packages/airflow/example_dags/example_dynamic_task_mapping_with_no_taskflow_operators.py
[2024-10-08T08:00:31.686+0000] {processor.py:925} INFO - DAG(s) 'example_dynamic_task_mapping_with_no_taskflow_operators' retrieved from /root/miniconda3/envs/project/lib/python3.8/site-packages/airflow/example_dags/example_dynamic_task_mapping_with_no_taskflow_operators.py
[2024-10-08T08:00:31.709+0000] {logging_mixin.py:190} INFO - [2024-10-08T08:00:31.709+0000] {dag.py:3239} INFO - Sync 1 DAGs
[2024-10-08T08:00:31.727+0000] {logging_mixin.py:190} INFO - [2024-10-08T08:00:31.727+0000] {dag.py:4180} INFO - Setting next_dagrun for example_dynamic_task_mapping_with_no_taskflow_operators to None, run_after=None
[2024-10-08T08:00:31.758+0000] {processor.py:208} INFO - Processing /root/miniconda3/envs/project/lib/python3.8/site-packages/airflow/example_dags/example_dynamic_task_mapping_with_no_taskflow_operators.py took 0.101 seconds
[2024-10-08T08:01:46.462+0000] {processor.py:186} INFO - Started process (PID=208053) to work on /root/miniconda3/envs/project/lib/python3.8/site-packages/airflow/example_dags/example_dynamic_task_mapping_with_no_taskflow_operators.py
[2024-10-08T08:01:46.464+0000] {processor.py:914} INFO - Processing file /root/miniconda3/envs/project/lib/python3.8/site-packages/airflow/example_dags/example_dynamic_task_mapping_with_no_taskflow_operators.py for tasks to queue
[2024-10-08T08:01:46.468+0000] {logging_mixin.py:190} INFO - [2024-10-08T08:01:46.467+0000] {dagbag.py:588} INFO - Filling up the DagBag from /root/miniconda3/envs/project/lib/python3.8/site-packages/airflow/example_dags/example_dynamic_task_mapping_with_no_taskflow_operators.py
[2024-10-08T08:01:46.480+0000] {processor.py:925} INFO - DAG(s) 'example_dynamic_task_mapping_with_no_taskflow_operators' retrieved from /root/miniconda3/envs/project/lib/python3.8/site-packages/airflow/example_dags/example_dynamic_task_mapping_with_no_taskflow_operators.py
[2024-10-08T08:01:46.503+0000] {logging_mixin.py:190} INFO - [2024-10-08T08:01:46.503+0000] {dag.py:3239} INFO - Sync 1 DAGs
[2024-10-08T08:01:46.521+0000] {logging_mixin.py:190} INFO - [2024-10-08T08:01:46.521+0000] {dag.py:4180} INFO - Setting next_dagrun for example_dynamic_task_mapping_with_no_taskflow_operators to None, run_after=None
[2024-10-08T08:01:46.554+0000] {processor.py:208} INFO - Processing /root/miniconda3/envs/project/lib/python3.8/site-packages/airflow/example_dags/example_dynamic_task_mapping_with_no_taskflow_operators.py took 0.105 seconds
[2024-10-08T08:02:56.243+0000] {processor.py:186} INFO - Started process (PID=208335) to work on /root/miniconda3/envs/project/lib/python3.8/site-packages/airflow/example_dags/example_dynamic_task_mapping_with_no_taskflow_operators.py
[2024-10-08T08:02:56.246+0000] {processor.py:914} INFO - Processing file /root/miniconda3/envs/project/lib/python3.8/site-packages/airflow/example_dags/example_dynamic_task_mapping_with_no_taskflow_operators.py for tasks to queue
[2024-10-08T08:02:56.249+0000] {logging_mixin.py:190} INFO - [2024-10-08T08:02:56.249+0000] {dagbag.py:588} INFO - Filling up the DagBag from /root/miniconda3/envs/project/lib/python3.8/site-packages/airflow/example_dags/example_dynamic_task_mapping_with_no_taskflow_operators.py
[2024-10-08T08:02:56.263+0000] {processor.py:925} INFO - DAG(s) 'example_dynamic_task_mapping_with_no_taskflow_operators' retrieved from /root/miniconda3/envs/project/lib/python3.8/site-packages/airflow/example_dags/example_dynamic_task_mapping_with_no_taskflow_operators.py
[2024-10-08T08:02:56.287+0000] {logging_mixin.py:190} INFO - [2024-10-08T08:02:56.287+0000] {dag.py:3239} INFO - Sync 1 DAGs
[2024-10-08T08:02:56.307+0000] {logging_mixin.py:190} INFO - [2024-10-08T08:02:56.307+0000] {dag.py:4180} INFO - Setting next_dagrun for example_dynamic_task_mapping_with_no_taskflow_operators to None, run_after=None
[2024-10-08T08:02:56.340+0000] {processor.py:208} INFO - Processing /root/miniconda3/envs/project/lib/python3.8/site-packages/airflow/example_dags/example_dynamic_task_mapping_with_no_taskflow_operators.py took 0.108 seconds
[2024-10-08T08:04:05.385+0000] {processor.py:186} INFO - Started process (PID=208553) to work on /root/miniconda3/envs/project/lib/python3.8/site-packages/airflow/example_dags/example_dynamic_task_mapping_with_no_taskflow_operators.py
[2024-10-08T08:04:05.388+0000] {processor.py:914} INFO - Processing file /root/miniconda3/envs/project/lib/python3.8/site-packages/airflow/example_dags/example_dynamic_task_mapping_with_no_taskflow_operators.py for tasks to queue
[2024-10-08T08:04:05.391+0000] {logging_mixin.py:190} INFO - [2024-10-08T08:04:05.391+0000] {dagbag.py:588} INFO - Filling up the DagBag from /root/miniconda3/envs/project/lib/python3.8/site-packages/airflow/example_dags/example_dynamic_task_mapping_with_no_taskflow_operators.py
[2024-10-08T08:04:05.404+0000] {processor.py:925} INFO - DAG(s) 'example_dynamic_task_mapping_with_no_taskflow_operators' retrieved from /root/miniconda3/envs/project/lib/python3.8/site-packages/airflow/example_dags/example_dynamic_task_mapping_with_no_taskflow_operators.py
[2024-10-08T08:04:05.426+0000] {logging_mixin.py:190} INFO - [2024-10-08T08:04:05.426+0000] {dag.py:3239} INFO - Sync 1 DAGs
[2024-10-08T08:04:05.444+0000] {logging_mixin.py:190} INFO - [2024-10-08T08:04:05.444+0000] {dag.py:4180} INFO - Setting next_dagrun for example_dynamic_task_mapping_with_no_taskflow_operators to None, run_after=None
[2024-10-08T08:04:05.483+0000] {processor.py:208} INFO - Processing /root/miniconda3/envs/project/lib/python3.8/site-packages/airflow/example_dags/example_dynamic_task_mapping_with_no_taskflow_operators.py took 0.109 seconds
[2024-10-08T08:05:12.562+0000] {processor.py:186} INFO - Started process (PID=208755) to work on /root/miniconda3/envs/project/lib/python3.8/site-packages/airflow/example_dags/example_dynamic_task_mapping_with_no_taskflow_operators.py
[2024-10-08T08:05:12.565+0000] {processor.py:914} INFO - Processing file /root/miniconda3/envs/project/lib/python3.8/site-packages/airflow/example_dags/example_dynamic_task_mapping_with_no_taskflow_operators.py for tasks to queue
[2024-10-08T08:05:12.568+0000] {logging_mixin.py:190} INFO - [2024-10-08T08:05:12.568+0000] {dagbag.py:588} INFO - Filling up the DagBag from /root/miniconda3/envs/project/lib/python3.8/site-packages/airflow/example_dags/example_dynamic_task_mapping_with_no_taskflow_operators.py
[2024-10-08T08:05:12.581+0000] {processor.py:925} INFO - DAG(s) 'example_dynamic_task_mapping_with_no_taskflow_operators' retrieved from /root/miniconda3/envs/project/lib/python3.8/site-packages/airflow/example_dags/example_dynamic_task_mapping_with_no_taskflow_operators.py
[2024-10-08T08:05:12.603+0000] {logging_mixin.py:190} INFO - [2024-10-08T08:05:12.603+0000] {dag.py:3239} INFO - Sync 1 DAGs
[2024-10-08T08:05:12.622+0000] {logging_mixin.py:190} INFO - [2024-10-08T08:05:12.622+0000] {dag.py:4180} INFO - Setting next_dagrun for example_dynamic_task_mapping_with_no_taskflow_operators to None, run_after=None
[2024-10-08T08:05:12.656+0000] {processor.py:208} INFO - Processing /root/miniconda3/envs/project/lib/python3.8/site-packages/airflow/example_dags/example_dynamic_task_mapping_with_no_taskflow_operators.py took 0.106 seconds
[2024-10-08T08:06:14.421+0000] {processor.py:186} INFO - Started process (PID=208941) to work on /root/miniconda3/envs/project/lib/python3.8/site-packages/airflow/example_dags/example_dynamic_task_mapping_with_no_taskflow_operators.py
[2024-10-08T08:06:14.424+0000] {processor.py:914} INFO - Processing file /root/miniconda3/envs/project/lib/python3.8/site-packages/airflow/example_dags/example_dynamic_task_mapping_with_no_taskflow_operators.py for tasks to queue
[2024-10-08T08:06:14.427+0000] {logging_mixin.py:190} INFO - [2024-10-08T08:06:14.426+0000] {dagbag.py:588} INFO - Filling up the DagBag from /root/miniconda3/envs/project/lib/python3.8/site-packages/airflow/example_dags/example_dynamic_task_mapping_with_no_taskflow_operators.py
[2024-10-08T08:06:14.439+0000] {processor.py:925} INFO - DAG(s) 'example_dynamic_task_mapping_with_no_taskflow_operators' retrieved from /root/miniconda3/envs/project/lib/python3.8/site-packages/airflow/example_dags/example_dynamic_task_mapping_with_no_taskflow_operators.py
[2024-10-08T08:06:14.463+0000] {logging_mixin.py:190} INFO - [2024-10-08T08:06:14.463+0000] {dag.py:3239} INFO - Sync 1 DAGs
[2024-10-08T08:06:14.482+0000] {logging_mixin.py:190} INFO - [2024-10-08T08:06:14.482+0000] {dag.py:4180} INFO - Setting next_dagrun for example_dynamic_task_mapping_with_no_taskflow_operators to None, run_after=None
[2024-10-08T08:06:14.515+0000] {processor.py:208} INFO - Processing /root/miniconda3/envs/project/lib/python3.8/site-packages/airflow/example_dags/example_dynamic_task_mapping_with_no_taskflow_operators.py took 0.106 seconds
[2024-10-08T08:07:20.585+0000] {processor.py:186} INFO - Started process (PID=209173) to work on /root/miniconda3/envs/project/lib/python3.8/site-packages/airflow/example_dags/example_dynamic_task_mapping_with_no_taskflow_operators.py
[2024-10-08T08:07:20.587+0000] {processor.py:914} INFO - Processing file /root/miniconda3/envs/project/lib/python3.8/site-packages/airflow/example_dags/example_dynamic_task_mapping_with_no_taskflow_operators.py for tasks to queue
[2024-10-08T08:07:20.590+0000] {logging_mixin.py:190} INFO - [2024-10-08T08:07:20.590+0000] {dagbag.py:588} INFO - Filling up the DagBag from /root/miniconda3/envs/project/lib/python3.8/site-packages/airflow/example_dags/example_dynamic_task_mapping_with_no_taskflow_operators.py
[2024-10-08T08:07:20.603+0000] {processor.py:925} INFO - DAG(s) 'example_dynamic_task_mapping_with_no_taskflow_operators' retrieved from /root/miniconda3/envs/project/lib/python3.8/site-packages/airflow/example_dags/example_dynamic_task_mapping_with_no_taskflow_operators.py
[2024-10-08T08:07:20.625+0000] {logging_mixin.py:190} INFO - [2024-10-08T08:07:20.625+0000] {dag.py:3239} INFO - Sync 1 DAGs
[2024-10-08T08:07:20.643+0000] {logging_mixin.py:190} INFO - [2024-10-08T08:07:20.643+0000] {dag.py:4180} INFO - Setting next_dagrun for example_dynamic_task_mapping_with_no_taskflow_operators to None, run_after=None
[2024-10-08T08:07:20.673+0000] {processor.py:208} INFO - Processing /root/miniconda3/envs/project/lib/python3.8/site-packages/airflow/example_dags/example_dynamic_task_mapping_with_no_taskflow_operators.py took 0.100 seconds
[2024-10-08T08:08:29.624+0000] {processor.py:186} INFO - Started process (PID=209598) to work on /root/miniconda3/envs/project/lib/python3.8/site-packages/airflow/example_dags/example_dynamic_task_mapping_with_no_taskflow_operators.py
[2024-10-08T08:08:29.626+0000] {processor.py:914} INFO - Processing file /root/miniconda3/envs/project/lib/python3.8/site-packages/airflow/example_dags/example_dynamic_task_mapping_with_no_taskflow_operators.py for tasks to queue
[2024-10-08T08:08:29.629+0000] {logging_mixin.py:190} INFO - [2024-10-08T08:08:29.629+0000] {dagbag.py:588} INFO - Filling up the DagBag from /root/miniconda3/envs/project/lib/python3.8/site-packages/airflow/example_dags/example_dynamic_task_mapping_with_no_taskflow_operators.py
[2024-10-08T08:08:29.641+0000] {processor.py:925} INFO - DAG(s) 'example_dynamic_task_mapping_with_no_taskflow_operators' retrieved from /root/miniconda3/envs/project/lib/python3.8/site-packages/airflow/example_dags/example_dynamic_task_mapping_with_no_taskflow_operators.py
[2024-10-08T08:08:29.664+0000] {logging_mixin.py:190} INFO - [2024-10-08T08:08:29.664+0000] {dag.py:3239} INFO - Sync 1 DAGs
[2024-10-08T08:08:29.683+0000] {logging_mixin.py:190} INFO - [2024-10-08T08:08:29.683+0000] {dag.py:4180} INFO - Setting next_dagrun for example_dynamic_task_mapping_with_no_taskflow_operators to None, run_after=None
[2024-10-08T08:08:29.712+0000] {processor.py:208} INFO - Processing /root/miniconda3/envs/project/lib/python3.8/site-packages/airflow/example_dags/example_dynamic_task_mapping_with_no_taskflow_operators.py took 0.100 seconds
[2024-10-08T08:13:30.058+0000] {processor.py:186} INFO - Started process (PID=211156) to work on /root/miniconda3/envs/project/lib/python3.8/site-packages/airflow/example_dags/example_dynamic_task_mapping_with_no_taskflow_operators.py
[2024-10-08T08:13:30.061+0000] {processor.py:914} INFO - Processing file /root/miniconda3/envs/project/lib/python3.8/site-packages/airflow/example_dags/example_dynamic_task_mapping_with_no_taskflow_operators.py for tasks to queue
[2024-10-08T08:13:30.064+0000] {logging_mixin.py:190} INFO - [2024-10-08T08:13:30.064+0000] {dagbag.py:588} INFO - Filling up the DagBag from /root/miniconda3/envs/project/lib/python3.8/site-packages/airflow/example_dags/example_dynamic_task_mapping_with_no_taskflow_operators.py
[2024-10-08T08:13:30.078+0000] {processor.py:925} INFO - DAG(s) 'example_dynamic_task_mapping_with_no_taskflow_operators' retrieved from /root/miniconda3/envs/project/lib/python3.8/site-packages/airflow/example_dags/example_dynamic_task_mapping_with_no_taskflow_operators.py
[2024-10-08T08:13:30.103+0000] {logging_mixin.py:190} INFO - [2024-10-08T08:13:30.102+0000] {dag.py:3239} INFO - Sync 1 DAGs
[2024-10-08T08:13:30.121+0000] {logging_mixin.py:190} INFO - [2024-10-08T08:13:30.121+0000] {dag.py:4180} INFO - Setting next_dagrun for example_dynamic_task_mapping_with_no_taskflow_operators to None, run_after=None
[2024-10-08T08:13:30.152+0000] {processor.py:208} INFO - Processing /root/miniconda3/envs/project/lib/python3.8/site-packages/airflow/example_dags/example_dynamic_task_mapping_with_no_taskflow_operators.py took 0.106 seconds
[2024-10-08T08:14:39.973+0000] {processor.py:186} INFO - Started process (PID=211437) to work on /root/miniconda3/envs/project/lib/python3.8/site-packages/airflow/example_dags/example_dynamic_task_mapping_with_no_taskflow_operators.py
[2024-10-08T08:14:39.976+0000] {processor.py:914} INFO - Processing file /root/miniconda3/envs/project/lib/python3.8/site-packages/airflow/example_dags/example_dynamic_task_mapping_with_no_taskflow_operators.py for tasks to queue
[2024-10-08T08:14:39.979+0000] {logging_mixin.py:190} INFO - [2024-10-08T08:14:39.978+0000] {dagbag.py:588} INFO - Filling up the DagBag from /root/miniconda3/envs/project/lib/python3.8/site-packages/airflow/example_dags/example_dynamic_task_mapping_with_no_taskflow_operators.py
[2024-10-08T08:14:39.991+0000] {processor.py:925} INFO - DAG(s) 'example_dynamic_task_mapping_with_no_taskflow_operators' retrieved from /root/miniconda3/envs/project/lib/python3.8/site-packages/airflow/example_dags/example_dynamic_task_mapping_with_no_taskflow_operators.py
[2024-10-08T08:14:40.015+0000] {logging_mixin.py:190} INFO - [2024-10-08T08:14:40.015+0000] {dag.py:3239} INFO - Sync 1 DAGs
[2024-10-08T08:14:40.033+0000] {logging_mixin.py:190} INFO - [2024-10-08T08:14:40.033+0000] {dag.py:4180} INFO - Setting next_dagrun for example_dynamic_task_mapping_with_no_taskflow_operators to None, run_after=None
[2024-10-08T08:14:40.067+0000] {processor.py:208} INFO - Processing /root/miniconda3/envs/project/lib/python3.8/site-packages/airflow/example_dags/example_dynamic_task_mapping_with_no_taskflow_operators.py took 0.105 seconds
[2024-10-08T08:15:48.953+0000] {processor.py:186} INFO - Started process (PID=211639) to work on /root/miniconda3/envs/project/lib/python3.8/site-packages/airflow/example_dags/example_dynamic_task_mapping_with_no_taskflow_operators.py
[2024-10-08T08:15:48.956+0000] {processor.py:914} INFO - Processing file /root/miniconda3/envs/project/lib/python3.8/site-packages/airflow/example_dags/example_dynamic_task_mapping_with_no_taskflow_operators.py for tasks to queue
[2024-10-08T08:15:48.959+0000] {logging_mixin.py:190} INFO - [2024-10-08T08:15:48.959+0000] {dagbag.py:588} INFO - Filling up the DagBag from /root/miniconda3/envs/project/lib/python3.8/site-packages/airflow/example_dags/example_dynamic_task_mapping_with_no_taskflow_operators.py
[2024-10-08T08:15:48.971+0000] {processor.py:925} INFO - DAG(s) 'example_dynamic_task_mapping_with_no_taskflow_operators' retrieved from /root/miniconda3/envs/project/lib/python3.8/site-packages/airflow/example_dags/example_dynamic_task_mapping_with_no_taskflow_operators.py
[2024-10-08T08:15:48.994+0000] {logging_mixin.py:190} INFO - [2024-10-08T08:15:48.994+0000] {dag.py:3239} INFO - Sync 1 DAGs
[2024-10-08T08:15:49.012+0000] {logging_mixin.py:190} INFO - [2024-10-08T08:15:49.012+0000] {dag.py:4180} INFO - Setting next_dagrun for example_dynamic_task_mapping_with_no_taskflow_operators to None, run_after=None
[2024-10-08T08:15:49.044+0000] {processor.py:208} INFO - Processing /root/miniconda3/envs/project/lib/python3.8/site-packages/airflow/example_dags/example_dynamic_task_mapping_with_no_taskflow_operators.py took 0.103 seconds
[2024-10-08T08:16:56.986+0000] {processor.py:186} INFO - Started process (PID=211842) to work on /root/miniconda3/envs/project/lib/python3.8/site-packages/airflow/example_dags/example_dynamic_task_mapping_with_no_taskflow_operators.py
[2024-10-08T08:16:56.989+0000] {processor.py:914} INFO - Processing file /root/miniconda3/envs/project/lib/python3.8/site-packages/airflow/example_dags/example_dynamic_task_mapping_with_no_taskflow_operators.py for tasks to queue
[2024-10-08T08:16:56.992+0000] {logging_mixin.py:190} INFO - [2024-10-08T08:16:56.992+0000] {dagbag.py:588} INFO - Filling up the DagBag from /root/miniconda3/envs/project/lib/python3.8/site-packages/airflow/example_dags/example_dynamic_task_mapping_with_no_taskflow_operators.py
[2024-10-08T08:16:57.004+0000] {processor.py:925} INFO - DAG(s) 'example_dynamic_task_mapping_with_no_taskflow_operators' retrieved from /root/miniconda3/envs/project/lib/python3.8/site-packages/airflow/example_dags/example_dynamic_task_mapping_with_no_taskflow_operators.py
[2024-10-08T08:16:57.027+0000] {logging_mixin.py:190} INFO - [2024-10-08T08:16:57.027+0000] {dag.py:3239} INFO - Sync 1 DAGs
[2024-10-08T08:16:57.045+0000] {logging_mixin.py:190} INFO - [2024-10-08T08:16:57.045+0000] {dag.py:4180} INFO - Setting next_dagrun for example_dynamic_task_mapping_with_no_taskflow_operators to None, run_after=None
[2024-10-08T08:16:57.077+0000] {processor.py:208} INFO - Processing /root/miniconda3/envs/project/lib/python3.8/site-packages/airflow/example_dags/example_dynamic_task_mapping_with_no_taskflow_operators.py took 0.101 seconds
[2024-10-08T08:18:06.890+0000] {processor.py:186} INFO - Started process (PID=212092) to work on /root/miniconda3/envs/project/lib/python3.8/site-packages/airflow/example_dags/example_dynamic_task_mapping_with_no_taskflow_operators.py
[2024-10-08T08:18:06.893+0000] {processor.py:914} INFO - Processing file /root/miniconda3/envs/project/lib/python3.8/site-packages/airflow/example_dags/example_dynamic_task_mapping_with_no_taskflow_operators.py for tasks to queue
[2024-10-08T08:18:06.896+0000] {logging_mixin.py:190} INFO - [2024-10-08T08:18:06.895+0000] {dagbag.py:588} INFO - Filling up the DagBag from /root/miniconda3/envs/project/lib/python3.8/site-packages/airflow/example_dags/example_dynamic_task_mapping_with_no_taskflow_operators.py
[2024-10-08T08:18:06.908+0000] {processor.py:925} INFO - DAG(s) 'example_dynamic_task_mapping_with_no_taskflow_operators' retrieved from /root/miniconda3/envs/project/lib/python3.8/site-packages/airflow/example_dags/example_dynamic_task_mapping_with_no_taskflow_operators.py
[2024-10-08T08:18:06.932+0000] {logging_mixin.py:190} INFO - [2024-10-08T08:18:06.932+0000] {dag.py:3239} INFO - Sync 1 DAGs
[2024-10-08T08:18:06.951+0000] {logging_mixin.py:190} INFO - [2024-10-08T08:18:06.951+0000] {dag.py:4180} INFO - Setting next_dagrun for example_dynamic_task_mapping_with_no_taskflow_operators to None, run_after=None
[2024-10-08T08:18:06.984+0000] {processor.py:208} INFO - Processing /root/miniconda3/envs/project/lib/python3.8/site-packages/airflow/example_dags/example_dynamic_task_mapping_with_no_taskflow_operators.py took 0.106 seconds
[2024-10-08T08:19:18.455+0000] {processor.py:186} INFO - Started process (PID=212297) to work on /root/miniconda3/envs/project/lib/python3.8/site-packages/airflow/example_dags/example_dynamic_task_mapping_with_no_taskflow_operators.py
[2024-10-08T08:19:18.458+0000] {processor.py:914} INFO - Processing file /root/miniconda3/envs/project/lib/python3.8/site-packages/airflow/example_dags/example_dynamic_task_mapping_with_no_taskflow_operators.py for tasks to queue
[2024-10-08T08:19:18.461+0000] {logging_mixin.py:190} INFO - [2024-10-08T08:19:18.461+0000] {dagbag.py:588} INFO - Filling up the DagBag from /root/miniconda3/envs/project/lib/python3.8/site-packages/airflow/example_dags/example_dynamic_task_mapping_with_no_taskflow_operators.py
[2024-10-08T08:19:18.474+0000] {processor.py:925} INFO - DAG(s) 'example_dynamic_task_mapping_with_no_taskflow_operators' retrieved from /root/miniconda3/envs/project/lib/python3.8/site-packages/airflow/example_dags/example_dynamic_task_mapping_with_no_taskflow_operators.py
[2024-10-08T08:19:18.497+0000] {logging_mixin.py:190} INFO - [2024-10-08T08:19:18.496+0000] {dag.py:3239} INFO - Sync 1 DAGs
[2024-10-08T08:19:18.515+0000] {logging_mixin.py:190} INFO - [2024-10-08T08:19:18.515+0000] {dag.py:4180} INFO - Setting next_dagrun for example_dynamic_task_mapping_with_no_taskflow_operators to None, run_after=None
[2024-10-08T08:19:18.546+0000] {processor.py:208} INFO - Processing /root/miniconda3/envs/project/lib/python3.8/site-packages/airflow/example_dags/example_dynamic_task_mapping_with_no_taskflow_operators.py took 0.101 seconds
[2024-10-08T08:20:23.470+0000] {processor.py:186} INFO - Started process (PID=212479) to work on /root/miniconda3/envs/project/lib/python3.8/site-packages/airflow/example_dags/example_dynamic_task_mapping_with_no_taskflow_operators.py
[2024-10-08T08:20:23.472+0000] {processor.py:914} INFO - Processing file /root/miniconda3/envs/project/lib/python3.8/site-packages/airflow/example_dags/example_dynamic_task_mapping_with_no_taskflow_operators.py for tasks to queue
[2024-10-08T08:20:23.476+0000] {logging_mixin.py:190} INFO - [2024-10-08T08:20:23.475+0000] {dagbag.py:588} INFO - Filling up the DagBag from /root/miniconda3/envs/project/lib/python3.8/site-packages/airflow/example_dags/example_dynamic_task_mapping_with_no_taskflow_operators.py
[2024-10-08T08:20:23.488+0000] {processor.py:925} INFO - DAG(s) 'example_dynamic_task_mapping_with_no_taskflow_operators' retrieved from /root/miniconda3/envs/project/lib/python3.8/site-packages/airflow/example_dags/example_dynamic_task_mapping_with_no_taskflow_operators.py
[2024-10-08T08:20:23.510+0000] {logging_mixin.py:190} INFO - [2024-10-08T08:20:23.510+0000] {dag.py:3239} INFO - Sync 1 DAGs
[2024-10-08T08:20:23.528+0000] {logging_mixin.py:190} INFO - [2024-10-08T08:20:23.528+0000] {dag.py:4180} INFO - Setting next_dagrun for example_dynamic_task_mapping_with_no_taskflow_operators to None, run_after=None
[2024-10-08T08:20:23.563+0000] {processor.py:208} INFO - Processing /root/miniconda3/envs/project/lib/python3.8/site-packages/airflow/example_dags/example_dynamic_task_mapping_with_no_taskflow_operators.py took 0.105 seconds
[2024-10-08T08:21:39.441+0000] {processor.py:186} INFO - Started process (PID=212743) to work on /root/miniconda3/envs/project/lib/python3.8/site-packages/airflow/example_dags/example_dynamic_task_mapping_with_no_taskflow_operators.py
[2024-10-08T08:21:39.444+0000] {processor.py:914} INFO - Processing file /root/miniconda3/envs/project/lib/python3.8/site-packages/airflow/example_dags/example_dynamic_task_mapping_with_no_taskflow_operators.py for tasks to queue
[2024-10-08T08:21:39.448+0000] {logging_mixin.py:190} INFO - [2024-10-08T08:21:39.447+0000] {dagbag.py:588} INFO - Filling up the DagBag from /root/miniconda3/envs/project/lib/python3.8/site-packages/airflow/example_dags/example_dynamic_task_mapping_with_no_taskflow_operators.py
[2024-10-08T08:21:39.461+0000] {processor.py:925} INFO - DAG(s) 'example_dynamic_task_mapping_with_no_taskflow_operators' retrieved from /root/miniconda3/envs/project/lib/python3.8/site-packages/airflow/example_dags/example_dynamic_task_mapping_with_no_taskflow_operators.py
[2024-10-08T08:21:39.484+0000] {logging_mixin.py:190} INFO - [2024-10-08T08:21:39.484+0000] {dag.py:3239} INFO - Sync 1 DAGs
[2024-10-08T08:21:39.502+0000] {logging_mixin.py:190} INFO - [2024-10-08T08:21:39.502+0000] {dag.py:4180} INFO - Setting next_dagrun for example_dynamic_task_mapping_with_no_taskflow_operators to None, run_after=None
[2024-10-08T08:21:39.536+0000] {processor.py:208} INFO - Processing /root/miniconda3/envs/project/lib/python3.8/site-packages/airflow/example_dags/example_dynamic_task_mapping_with_no_taskflow_operators.py took 0.107 seconds
[2024-10-08T08:22:48.402+0000] {processor.py:186} INFO - Started process (PID=212993) to work on /root/miniconda3/envs/project/lib/python3.8/site-packages/airflow/example_dags/example_dynamic_task_mapping_with_no_taskflow_operators.py
[2024-10-08T08:22:48.405+0000] {processor.py:914} INFO - Processing file /root/miniconda3/envs/project/lib/python3.8/site-packages/airflow/example_dags/example_dynamic_task_mapping_with_no_taskflow_operators.py for tasks to queue
[2024-10-08T08:22:48.408+0000] {logging_mixin.py:190} INFO - [2024-10-08T08:22:48.407+0000] {dagbag.py:588} INFO - Filling up the DagBag from /root/miniconda3/envs/project/lib/python3.8/site-packages/airflow/example_dags/example_dynamic_task_mapping_with_no_taskflow_operators.py
[2024-10-08T08:22:48.420+0000] {processor.py:925} INFO - DAG(s) 'example_dynamic_task_mapping_with_no_taskflow_operators' retrieved from /root/miniconda3/envs/project/lib/python3.8/site-packages/airflow/example_dags/example_dynamic_task_mapping_with_no_taskflow_operators.py
[2024-10-08T08:22:48.443+0000] {logging_mixin.py:190} INFO - [2024-10-08T08:22:48.442+0000] {dag.py:3239} INFO - Sync 1 DAGs
[2024-10-08T08:22:48.461+0000] {logging_mixin.py:190} INFO - [2024-10-08T08:22:48.461+0000] {dag.py:4180} INFO - Setting next_dagrun for example_dynamic_task_mapping_with_no_taskflow_operators to None, run_after=None
[2024-10-08T08:22:48.495+0000] {processor.py:208} INFO - Processing /root/miniconda3/envs/project/lib/python3.8/site-packages/airflow/example_dags/example_dynamic_task_mapping_with_no_taskflow_operators.py took 0.104 seconds
[2024-10-08T08:23:51.491+0000] {processor.py:186} INFO - Started process (PID=213176) to work on /root/miniconda3/envs/project/lib/python3.8/site-packages/airflow/example_dags/example_dynamic_task_mapping_with_no_taskflow_operators.py
[2024-10-08T08:23:51.495+0000] {processor.py:914} INFO - Processing file /root/miniconda3/envs/project/lib/python3.8/site-packages/airflow/example_dags/example_dynamic_task_mapping_with_no_taskflow_operators.py for tasks to queue
[2024-10-08T08:23:51.498+0000] {logging_mixin.py:190} INFO - [2024-10-08T08:23:51.497+0000] {dagbag.py:588} INFO - Filling up the DagBag from /root/miniconda3/envs/project/lib/python3.8/site-packages/airflow/example_dags/example_dynamic_task_mapping_with_no_taskflow_operators.py
[2024-10-08T08:23:51.510+0000] {processor.py:925} INFO - DAG(s) 'example_dynamic_task_mapping_with_no_taskflow_operators' retrieved from /root/miniconda3/envs/project/lib/python3.8/site-packages/airflow/example_dags/example_dynamic_task_mapping_with_no_taskflow_operators.py
[2024-10-08T08:23:51.533+0000] {logging_mixin.py:190} INFO - [2024-10-08T08:23:51.533+0000] {dag.py:3239} INFO - Sync 1 DAGs
[2024-10-08T08:23:51.551+0000] {logging_mixin.py:190} INFO - [2024-10-08T08:23:51.551+0000] {dag.py:4180} INFO - Setting next_dagrun for example_dynamic_task_mapping_with_no_taskflow_operators to None, run_after=None
[2024-10-08T08:23:51.583+0000] {processor.py:208} INFO - Processing /root/miniconda3/envs/project/lib/python3.8/site-packages/airflow/example_dags/example_dynamic_task_mapping_with_no_taskflow_operators.py took 0.103 seconds
[2024-10-08T08:37:42.663+0000] {processor.py:186} INFO - Started process (PID=215135) to work on /root/miniconda3/envs/project/lib/python3.8/site-packages/airflow/example_dags/example_dynamic_task_mapping_with_no_taskflow_operators.py
[2024-10-08T08:37:42.666+0000] {processor.py:914} INFO - Processing file /root/miniconda3/envs/project/lib/python3.8/site-packages/airflow/example_dags/example_dynamic_task_mapping_with_no_taskflow_operators.py for tasks to queue
[2024-10-08T08:37:42.669+0000] {logging_mixin.py:190} INFO - [2024-10-08T08:37:42.669+0000] {dagbag.py:588} INFO - Filling up the DagBag from /root/miniconda3/envs/project/lib/python3.8/site-packages/airflow/example_dags/example_dynamic_task_mapping_with_no_taskflow_operators.py
[2024-10-08T08:37:42.683+0000] {processor.py:925} INFO - DAG(s) 'example_dynamic_task_mapping_with_no_taskflow_operators' retrieved from /root/miniconda3/envs/project/lib/python3.8/site-packages/airflow/example_dags/example_dynamic_task_mapping_with_no_taskflow_operators.py
[2024-10-08T08:37:42.706+0000] {logging_mixin.py:190} INFO - [2024-10-08T08:37:42.706+0000] {dag.py:3239} INFO - Sync 1 DAGs
[2024-10-08T08:37:42.724+0000] {logging_mixin.py:190} INFO - [2024-10-08T08:37:42.724+0000] {dag.py:4180} INFO - Setting next_dagrun for example_dynamic_task_mapping_with_no_taskflow_operators to None, run_after=None
[2024-10-08T08:37:42.753+0000] {processor.py:208} INFO - Processing /root/miniconda3/envs/project/lib/python3.8/site-packages/airflow/example_dags/example_dynamic_task_mapping_with_no_taskflow_operators.py took 0.101 seconds
[2024-10-08T08:38:53.410+0000] {processor.py:186} INFO - Started process (PID=215541) to work on /root/miniconda3/envs/project/lib/python3.8/site-packages/airflow/example_dags/example_dynamic_task_mapping_with_no_taskflow_operators.py
[2024-10-08T08:38:53.413+0000] {processor.py:914} INFO - Processing file /root/miniconda3/envs/project/lib/python3.8/site-packages/airflow/example_dags/example_dynamic_task_mapping_with_no_taskflow_operators.py for tasks to queue
[2024-10-08T08:38:53.416+0000] {logging_mixin.py:190} INFO - [2024-10-08T08:38:53.416+0000] {dagbag.py:588} INFO - Filling up the DagBag from /root/miniconda3/envs/project/lib/python3.8/site-packages/airflow/example_dags/example_dynamic_task_mapping_with_no_taskflow_operators.py
[2024-10-08T08:38:53.428+0000] {processor.py:925} INFO - DAG(s) 'example_dynamic_task_mapping_with_no_taskflow_operators' retrieved from /root/miniconda3/envs/project/lib/python3.8/site-packages/airflow/example_dags/example_dynamic_task_mapping_with_no_taskflow_operators.py
[2024-10-08T08:38:53.452+0000] {logging_mixin.py:190} INFO - [2024-10-08T08:38:53.452+0000] {dag.py:3239} INFO - Sync 1 DAGs
[2024-10-08T08:38:53.470+0000] {logging_mixin.py:190} INFO - [2024-10-08T08:38:53.470+0000] {dag.py:4180} INFO - Setting next_dagrun for example_dynamic_task_mapping_with_no_taskflow_operators to None, run_after=None
[2024-10-08T08:38:53.500+0000] {processor.py:208} INFO - Processing /root/miniconda3/envs/project/lib/python3.8/site-packages/airflow/example_dags/example_dynamic_task_mapping_with_no_taskflow_operators.py took 0.100 seconds
[2024-10-08T08:40:06.338+0000] {processor.py:186} INFO - Started process (PID=215772) to work on /root/miniconda3/envs/project/lib/python3.8/site-packages/airflow/example_dags/example_dynamic_task_mapping_with_no_taskflow_operators.py
[2024-10-08T08:40:06.341+0000] {processor.py:914} INFO - Processing file /root/miniconda3/envs/project/lib/python3.8/site-packages/airflow/example_dags/example_dynamic_task_mapping_with_no_taskflow_operators.py for tasks to queue
[2024-10-08T08:40:06.344+0000] {logging_mixin.py:190} INFO - [2024-10-08T08:40:06.344+0000] {dagbag.py:588} INFO - Filling up the DagBag from /root/miniconda3/envs/project/lib/python3.8/site-packages/airflow/example_dags/example_dynamic_task_mapping_with_no_taskflow_operators.py
[2024-10-08T08:40:06.357+0000] {processor.py:925} INFO - DAG(s) 'example_dynamic_task_mapping_with_no_taskflow_operators' retrieved from /root/miniconda3/envs/project/lib/python3.8/site-packages/airflow/example_dags/example_dynamic_task_mapping_with_no_taskflow_operators.py
[2024-10-08T08:40:06.380+0000] {logging_mixin.py:190} INFO - [2024-10-08T08:40:06.380+0000] {dag.py:3239} INFO - Sync 1 DAGs
[2024-10-08T08:40:06.398+0000] {logging_mixin.py:190} INFO - [2024-10-08T08:40:06.398+0000] {dag.py:4180} INFO - Setting next_dagrun for example_dynamic_task_mapping_with_no_taskflow_operators to None, run_after=None
[2024-10-08T08:40:06.431+0000] {processor.py:208} INFO - Processing /root/miniconda3/envs/project/lib/python3.8/site-packages/airflow/example_dags/example_dynamic_task_mapping_with_no_taskflow_operators.py took 0.104 seconds
[2024-10-08T08:41:13.682+0000] {processor.py:186} INFO - Started process (PID=216234) to work on /root/miniconda3/envs/project/lib/python3.8/site-packages/airflow/example_dags/example_dynamic_task_mapping_with_no_taskflow_operators.py
[2024-10-08T08:41:13.685+0000] {processor.py:914} INFO - Processing file /root/miniconda3/envs/project/lib/python3.8/site-packages/airflow/example_dags/example_dynamic_task_mapping_with_no_taskflow_operators.py for tasks to queue
[2024-10-08T08:41:13.689+0000] {logging_mixin.py:190} INFO - [2024-10-08T08:41:13.688+0000] {dagbag.py:588} INFO - Filling up the DagBag from /root/miniconda3/envs/project/lib/python3.8/site-packages/airflow/example_dags/example_dynamic_task_mapping_with_no_taskflow_operators.py
[2024-10-08T08:41:13.701+0000] {processor.py:925} INFO - DAG(s) 'example_dynamic_task_mapping_with_no_taskflow_operators' retrieved from /root/miniconda3/envs/project/lib/python3.8/site-packages/airflow/example_dags/example_dynamic_task_mapping_with_no_taskflow_operators.py
[2024-10-08T08:41:13.724+0000] {logging_mixin.py:190} INFO - [2024-10-08T08:41:13.724+0000] {dag.py:3239} INFO - Sync 1 DAGs
[2024-10-08T08:41:13.742+0000] {logging_mixin.py:190} INFO - [2024-10-08T08:41:13.742+0000] {dag.py:4180} INFO - Setting next_dagrun for example_dynamic_task_mapping_with_no_taskflow_operators to None, run_after=None
[2024-10-08T08:41:13.772+0000] {processor.py:208} INFO - Processing /root/miniconda3/envs/project/lib/python3.8/site-packages/airflow/example_dags/example_dynamic_task_mapping_with_no_taskflow_operators.py took 0.100 seconds
[2024-10-08T08:42:20.670+0000] {processor.py:186} INFO - Started process (PID=216574) to work on /root/miniconda3/envs/project/lib/python3.8/site-packages/airflow/example_dags/example_dynamic_task_mapping_with_no_taskflow_operators.py
[2024-10-08T08:42:20.672+0000] {processor.py:914} INFO - Processing file /root/miniconda3/envs/project/lib/python3.8/site-packages/airflow/example_dags/example_dynamic_task_mapping_with_no_taskflow_operators.py for tasks to queue
[2024-10-08T08:42:20.676+0000] {logging_mixin.py:190} INFO - [2024-10-08T08:42:20.675+0000] {dagbag.py:588} INFO - Filling up the DagBag from /root/miniconda3/envs/project/lib/python3.8/site-packages/airflow/example_dags/example_dynamic_task_mapping_with_no_taskflow_operators.py
[2024-10-08T08:42:20.690+0000] {processor.py:925} INFO - DAG(s) 'example_dynamic_task_mapping_with_no_taskflow_operators' retrieved from /root/miniconda3/envs/project/lib/python3.8/site-packages/airflow/example_dags/example_dynamic_task_mapping_with_no_taskflow_operators.py
[2024-10-08T08:42:20.714+0000] {logging_mixin.py:190} INFO - [2024-10-08T08:42:20.714+0000] {dag.py:3239} INFO - Sync 1 DAGs
[2024-10-08T08:42:20.733+0000] {logging_mixin.py:190} INFO - [2024-10-08T08:42:20.732+0000] {dag.py:4180} INFO - Setting next_dagrun for example_dynamic_task_mapping_with_no_taskflow_operators to None, run_after=None
[2024-10-08T08:42:20.765+0000] {processor.py:208} INFO - Processing /root/miniconda3/envs/project/lib/python3.8/site-packages/airflow/example_dags/example_dynamic_task_mapping_with_no_taskflow_operators.py took 0.108 seconds
[2024-10-08T08:43:27.485+0000] {processor.py:186} INFO - Started process (PID=216792) to work on /root/miniconda3/envs/project/lib/python3.8/site-packages/airflow/example_dags/example_dynamic_task_mapping_with_no_taskflow_operators.py
[2024-10-08T08:43:27.488+0000] {processor.py:914} INFO - Processing file /root/miniconda3/envs/project/lib/python3.8/site-packages/airflow/example_dags/example_dynamic_task_mapping_with_no_taskflow_operators.py for tasks to queue
[2024-10-08T08:43:27.491+0000] {logging_mixin.py:190} INFO - [2024-10-08T08:43:27.491+0000] {dagbag.py:588} INFO - Filling up the DagBag from /root/miniconda3/envs/project/lib/python3.8/site-packages/airflow/example_dags/example_dynamic_task_mapping_with_no_taskflow_operators.py
[2024-10-08T08:43:27.504+0000] {processor.py:925} INFO - DAG(s) 'example_dynamic_task_mapping_with_no_taskflow_operators' retrieved from /root/miniconda3/envs/project/lib/python3.8/site-packages/airflow/example_dags/example_dynamic_task_mapping_with_no_taskflow_operators.py
[2024-10-08T08:43:27.527+0000] {logging_mixin.py:190} INFO - [2024-10-08T08:43:27.526+0000] {dag.py:3239} INFO - Sync 1 DAGs
[2024-10-08T08:43:27.545+0000] {logging_mixin.py:190} INFO - [2024-10-08T08:43:27.545+0000] {dag.py:4180} INFO - Setting next_dagrun for example_dynamic_task_mapping_with_no_taskflow_operators to None, run_after=None
[2024-10-08T08:43:27.576+0000] {processor.py:208} INFO - Processing /root/miniconda3/envs/project/lib/python3.8/site-packages/airflow/example_dags/example_dynamic_task_mapping_with_no_taskflow_operators.py took 0.103 seconds
[2024-10-08T08:44:37.505+0000] {processor.py:186} INFO - Started process (PID=217038) to work on /root/miniconda3/envs/project/lib/python3.8/site-packages/airflow/example_dags/example_dynamic_task_mapping_with_no_taskflow_operators.py
[2024-10-08T08:44:37.508+0000] {processor.py:914} INFO - Processing file /root/miniconda3/envs/project/lib/python3.8/site-packages/airflow/example_dags/example_dynamic_task_mapping_with_no_taskflow_operators.py for tasks to queue
[2024-10-08T08:44:37.511+0000] {logging_mixin.py:190} INFO - [2024-10-08T08:44:37.510+0000] {dagbag.py:588} INFO - Filling up the DagBag from /root/miniconda3/envs/project/lib/python3.8/site-packages/airflow/example_dags/example_dynamic_task_mapping_with_no_taskflow_operators.py
[2024-10-08T08:44:37.523+0000] {processor.py:925} INFO - DAG(s) 'example_dynamic_task_mapping_with_no_taskflow_operators' retrieved from /root/miniconda3/envs/project/lib/python3.8/site-packages/airflow/example_dags/example_dynamic_task_mapping_with_no_taskflow_operators.py
[2024-10-08T08:44:37.546+0000] {logging_mixin.py:190} INFO - [2024-10-08T08:44:37.545+0000] {dag.py:3239} INFO - Sync 1 DAGs
[2024-10-08T08:44:37.564+0000] {logging_mixin.py:190} INFO - [2024-10-08T08:44:37.564+0000] {dag.py:4180} INFO - Setting next_dagrun for example_dynamic_task_mapping_with_no_taskflow_operators to None, run_after=None
[2024-10-08T08:44:37.597+0000] {processor.py:208} INFO - Processing /root/miniconda3/envs/project/lib/python3.8/site-packages/airflow/example_dags/example_dynamic_task_mapping_with_no_taskflow_operators.py took 0.104 seconds
[2024-10-08T08:45:51.965+0000] {processor.py:186} INFO - Started process (PID=217305) to work on /root/miniconda3/envs/project/lib/python3.8/site-packages/airflow/example_dags/example_dynamic_task_mapping_with_no_taskflow_operators.py
[2024-10-08T08:45:51.968+0000] {processor.py:914} INFO - Processing file /root/miniconda3/envs/project/lib/python3.8/site-packages/airflow/example_dags/example_dynamic_task_mapping_with_no_taskflow_operators.py for tasks to queue
[2024-10-08T08:45:51.971+0000] {logging_mixin.py:190} INFO - [2024-10-08T08:45:51.970+0000] {dagbag.py:588} INFO - Filling up the DagBag from /root/miniconda3/envs/project/lib/python3.8/site-packages/airflow/example_dags/example_dynamic_task_mapping_with_no_taskflow_operators.py
[2024-10-08T08:45:51.983+0000] {processor.py:925} INFO - DAG(s) 'example_dynamic_task_mapping_with_no_taskflow_operators' retrieved from /root/miniconda3/envs/project/lib/python3.8/site-packages/airflow/example_dags/example_dynamic_task_mapping_with_no_taskflow_operators.py
[2024-10-08T08:45:52.006+0000] {logging_mixin.py:190} INFO - [2024-10-08T08:45:52.005+0000] {dag.py:3239} INFO - Sync 1 DAGs
[2024-10-08T08:45:52.024+0000] {logging_mixin.py:190} INFO - [2024-10-08T08:45:52.023+0000] {dag.py:4180} INFO - Setting next_dagrun for example_dynamic_task_mapping_with_no_taskflow_operators to None, run_after=None
[2024-10-08T08:45:52.056+0000] {processor.py:208} INFO - Processing /root/miniconda3/envs/project/lib/python3.8/site-packages/airflow/example_dags/example_dynamic_task_mapping_with_no_taskflow_operators.py took 0.102 seconds
[2024-10-08T08:47:03.778+0000] {processor.py:186} INFO - Started process (PID=217659) to work on /root/miniconda3/envs/project/lib/python3.8/site-packages/airflow/example_dags/example_dynamic_task_mapping_with_no_taskflow_operators.py
[2024-10-08T08:47:03.781+0000] {processor.py:914} INFO - Processing file /root/miniconda3/envs/project/lib/python3.8/site-packages/airflow/example_dags/example_dynamic_task_mapping_with_no_taskflow_operators.py for tasks to queue
[2024-10-08T08:47:03.787+0000] {logging_mixin.py:190} INFO - [2024-10-08T08:47:03.786+0000] {dagbag.py:588} INFO - Filling up the DagBag from /root/miniconda3/envs/project/lib/python3.8/site-packages/airflow/example_dags/example_dynamic_task_mapping_with_no_taskflow_operators.py
[2024-10-08T08:47:03.801+0000] {processor.py:925} INFO - DAG(s) 'example_dynamic_task_mapping_with_no_taskflow_operators' retrieved from /root/miniconda3/envs/project/lib/python3.8/site-packages/airflow/example_dags/example_dynamic_task_mapping_with_no_taskflow_operators.py
[2024-10-08T08:47:03.825+0000] {logging_mixin.py:190} INFO - [2024-10-08T08:47:03.825+0000] {dag.py:3239} INFO - Sync 1 DAGs
[2024-10-08T08:47:03.844+0000] {logging_mixin.py:190} INFO - [2024-10-08T08:47:03.843+0000] {dag.py:4180} INFO - Setting next_dagrun for example_dynamic_task_mapping_with_no_taskflow_operators to None, run_after=None
[2024-10-08T08:47:03.874+0000] {processor.py:208} INFO - Processing /root/miniconda3/envs/project/lib/python3.8/site-packages/airflow/example_dags/example_dynamic_task_mapping_with_no_taskflow_operators.py took 0.109 seconds
[2024-10-08T08:48:15.680+0000] {processor.py:186} INFO - Started process (PID=217954) to work on /root/miniconda3/envs/project/lib/python3.8/site-packages/airflow/example_dags/example_dynamic_task_mapping_with_no_taskflow_operators.py
[2024-10-08T08:48:15.683+0000] {processor.py:914} INFO - Processing file /root/miniconda3/envs/project/lib/python3.8/site-packages/airflow/example_dags/example_dynamic_task_mapping_with_no_taskflow_operators.py for tasks to queue
[2024-10-08T08:48:15.686+0000] {logging_mixin.py:190} INFO - [2024-10-08T08:48:15.686+0000] {dagbag.py:588} INFO - Filling up the DagBag from /root/miniconda3/envs/project/lib/python3.8/site-packages/airflow/example_dags/example_dynamic_task_mapping_with_no_taskflow_operators.py
[2024-10-08T08:48:15.699+0000] {processor.py:925} INFO - DAG(s) 'example_dynamic_task_mapping_with_no_taskflow_operators' retrieved from /root/miniconda3/envs/project/lib/python3.8/site-packages/airflow/example_dags/example_dynamic_task_mapping_with_no_taskflow_operators.py
[2024-10-08T08:48:15.722+0000] {logging_mixin.py:190} INFO - [2024-10-08T08:48:15.722+0000] {dag.py:3239} INFO - Sync 1 DAGs
[2024-10-08T08:48:15.740+0000] {logging_mixin.py:190} INFO - [2024-10-08T08:48:15.740+0000] {dag.py:4180} INFO - Setting next_dagrun for example_dynamic_task_mapping_with_no_taskflow_operators to None, run_after=None
[2024-10-08T08:48:15.772+0000] {processor.py:208} INFO - Processing /root/miniconda3/envs/project/lib/python3.8/site-packages/airflow/example_dags/example_dynamic_task_mapping_with_no_taskflow_operators.py took 0.105 seconds
[2024-10-08T08:49:27.486+0000] {processor.py:186} INFO - Started process (PID=218180) to work on /root/miniconda3/envs/project/lib/python3.8/site-packages/airflow/example_dags/example_dynamic_task_mapping_with_no_taskflow_operators.py
[2024-10-08T08:49:27.489+0000] {processor.py:914} INFO - Processing file /root/miniconda3/envs/project/lib/python3.8/site-packages/airflow/example_dags/example_dynamic_task_mapping_with_no_taskflow_operators.py for tasks to queue
[2024-10-08T08:49:27.492+0000] {logging_mixin.py:190} INFO - [2024-10-08T08:49:27.492+0000] {dagbag.py:588} INFO - Filling up the DagBag from /root/miniconda3/envs/project/lib/python3.8/site-packages/airflow/example_dags/example_dynamic_task_mapping_with_no_taskflow_operators.py
[2024-10-08T08:49:27.505+0000] {processor.py:925} INFO - DAG(s) 'example_dynamic_task_mapping_with_no_taskflow_operators' retrieved from /root/miniconda3/envs/project/lib/python3.8/site-packages/airflow/example_dags/example_dynamic_task_mapping_with_no_taskflow_operators.py
[2024-10-08T08:49:27.528+0000] {logging_mixin.py:190} INFO - [2024-10-08T08:49:27.528+0000] {dag.py:3239} INFO - Sync 1 DAGs
[2024-10-08T08:49:27.547+0000] {logging_mixin.py:190} INFO - [2024-10-08T08:49:27.546+0000] {dag.py:4180} INFO - Setting next_dagrun for example_dynamic_task_mapping_with_no_taskflow_operators to None, run_after=None
[2024-10-08T08:49:27.577+0000] {processor.py:208} INFO - Processing /root/miniconda3/envs/project/lib/python3.8/site-packages/airflow/example_dags/example_dynamic_task_mapping_with_no_taskflow_operators.py took 0.103 seconds
[2024-10-08T08:50:38.134+0000] {processor.py:186} INFO - Started process (PID=218432) to work on /root/miniconda3/envs/project/lib/python3.8/site-packages/airflow/example_dags/example_dynamic_task_mapping_with_no_taskflow_operators.py
[2024-10-08T08:50:38.136+0000] {processor.py:914} INFO - Processing file /root/miniconda3/envs/project/lib/python3.8/site-packages/airflow/example_dags/example_dynamic_task_mapping_with_no_taskflow_operators.py for tasks to queue
[2024-10-08T08:50:38.139+0000] {logging_mixin.py:190} INFO - [2024-10-08T08:50:38.139+0000] {dagbag.py:588} INFO - Filling up the DagBag from /root/miniconda3/envs/project/lib/python3.8/site-packages/airflow/example_dags/example_dynamic_task_mapping_with_no_taskflow_operators.py
[2024-10-08T08:50:38.151+0000] {processor.py:925} INFO - DAG(s) 'example_dynamic_task_mapping_with_no_taskflow_operators' retrieved from /root/miniconda3/envs/project/lib/python3.8/site-packages/airflow/example_dags/example_dynamic_task_mapping_with_no_taskflow_operators.py
[2024-10-08T08:50:38.173+0000] {logging_mixin.py:190} INFO - [2024-10-08T08:50:38.173+0000] {dag.py:3239} INFO - Sync 1 DAGs
[2024-10-08T08:50:38.191+0000] {logging_mixin.py:190} INFO - [2024-10-08T08:50:38.191+0000] {dag.py:4180} INFO - Setting next_dagrun for example_dynamic_task_mapping_with_no_taskflow_operators to None, run_after=None
[2024-10-08T08:50:38.237+0000] {processor.py:208} INFO - Processing /root/miniconda3/envs/project/lib/python3.8/site-packages/airflow/example_dags/example_dynamic_task_mapping_with_no_taskflow_operators.py took 0.115 seconds
[2024-10-08T09:09:20.856+0000] {processor.py:186} INFO - Started process (PID=220925) to work on /root/miniconda3/envs/project/lib/python3.8/site-packages/airflow/example_dags/example_dynamic_task_mapping_with_no_taskflow_operators.py
[2024-10-08T09:09:20.860+0000] {processor.py:914} INFO - Processing file /root/miniconda3/envs/project/lib/python3.8/site-packages/airflow/example_dags/example_dynamic_task_mapping_with_no_taskflow_operators.py for tasks to queue
[2024-10-08T09:09:20.863+0000] {logging_mixin.py:190} INFO - [2024-10-08T09:09:20.863+0000] {dagbag.py:588} INFO - Filling up the DagBag from /root/miniconda3/envs/project/lib/python3.8/site-packages/airflow/example_dags/example_dynamic_task_mapping_with_no_taskflow_operators.py
[2024-10-08T09:09:20.877+0000] {processor.py:925} INFO - DAG(s) 'example_dynamic_task_mapping_with_no_taskflow_operators' retrieved from /root/miniconda3/envs/project/lib/python3.8/site-packages/airflow/example_dags/example_dynamic_task_mapping_with_no_taskflow_operators.py
[2024-10-08T09:09:20.900+0000] {logging_mixin.py:190} INFO - [2024-10-08T09:09:20.900+0000] {dag.py:3239} INFO - Sync 1 DAGs
[2024-10-08T09:09:20.919+0000] {logging_mixin.py:190} INFO - [2024-10-08T09:09:20.919+0000] {dag.py:4180} INFO - Setting next_dagrun for example_dynamic_task_mapping_with_no_taskflow_operators to None, run_after=None
[2024-10-08T09:09:20.961+0000] {processor.py:208} INFO - Processing /root/miniconda3/envs/project/lib/python3.8/site-packages/airflow/example_dags/example_dynamic_task_mapping_with_no_taskflow_operators.py took 0.115 seconds
[2024-10-08T09:10:49.726+0000] {processor.py:186} INFO - Started process (PID=221642) to work on /root/miniconda3/envs/project/lib/python3.8/site-packages/airflow/example_dags/example_dynamic_task_mapping_with_no_taskflow_operators.py
[2024-10-08T09:10:49.729+0000] {processor.py:914} INFO - Processing file /root/miniconda3/envs/project/lib/python3.8/site-packages/airflow/example_dags/example_dynamic_task_mapping_with_no_taskflow_operators.py for tasks to queue
[2024-10-08T09:10:49.733+0000] {logging_mixin.py:190} INFO - [2024-10-08T09:10:49.732+0000] {dagbag.py:588} INFO - Filling up the DagBag from /root/miniconda3/envs/project/lib/python3.8/site-packages/airflow/example_dags/example_dynamic_task_mapping_with_no_taskflow_operators.py
[2024-10-08T09:10:49.748+0000] {processor.py:925} INFO - DAG(s) 'example_dynamic_task_mapping_with_no_taskflow_operators' retrieved from /root/miniconda3/envs/project/lib/python3.8/site-packages/airflow/example_dags/example_dynamic_task_mapping_with_no_taskflow_operators.py
[2024-10-08T09:10:49.772+0000] {logging_mixin.py:190} INFO - [2024-10-08T09:10:49.772+0000] {dag.py:3239} INFO - Sync 1 DAGs
[2024-10-08T09:10:49.791+0000] {logging_mixin.py:190} INFO - [2024-10-08T09:10:49.791+0000] {dag.py:4180} INFO - Setting next_dagrun for example_dynamic_task_mapping_with_no_taskflow_operators to None, run_after=None
[2024-10-08T09:10:49.823+0000] {processor.py:208} INFO - Processing /root/miniconda3/envs/project/lib/python3.8/site-packages/airflow/example_dags/example_dynamic_task_mapping_with_no_taskflow_operators.py took 0.109 seconds
[2024-10-08T09:11:58.446+0000] {processor.py:186} INFO - Started process (PID=221952) to work on /root/miniconda3/envs/project/lib/python3.8/site-packages/airflow/example_dags/example_dynamic_task_mapping_with_no_taskflow_operators.py
[2024-10-08T09:11:58.449+0000] {processor.py:914} INFO - Processing file /root/miniconda3/envs/project/lib/python3.8/site-packages/airflow/example_dags/example_dynamic_task_mapping_with_no_taskflow_operators.py for tasks to queue
[2024-10-08T09:11:58.452+0000] {logging_mixin.py:190} INFO - [2024-10-08T09:11:58.452+0000] {dagbag.py:588} INFO - Filling up the DagBag from /root/miniconda3/envs/project/lib/python3.8/site-packages/airflow/example_dags/example_dynamic_task_mapping_with_no_taskflow_operators.py
[2024-10-08T09:11:58.465+0000] {processor.py:925} INFO - DAG(s) 'example_dynamic_task_mapping_with_no_taskflow_operators' retrieved from /root/miniconda3/envs/project/lib/python3.8/site-packages/airflow/example_dags/example_dynamic_task_mapping_with_no_taskflow_operators.py
[2024-10-08T09:11:58.488+0000] {logging_mixin.py:190} INFO - [2024-10-08T09:11:58.488+0000] {dag.py:3239} INFO - Sync 1 DAGs
[2024-10-08T09:11:58.506+0000] {logging_mixin.py:190} INFO - [2024-10-08T09:11:58.506+0000] {dag.py:4180} INFO - Setting next_dagrun for example_dynamic_task_mapping_with_no_taskflow_operators to None, run_after=None
[2024-10-08T09:11:58.540+0000] {processor.py:208} INFO - Processing /root/miniconda3/envs/project/lib/python3.8/site-packages/airflow/example_dags/example_dynamic_task_mapping_with_no_taskflow_operators.py took 0.106 seconds
[2024-10-08T09:13:03.869+0000] {processor.py:186} INFO - Started process (PID=222196) to work on /root/miniconda3/envs/project/lib/python3.8/site-packages/airflow/example_dags/example_dynamic_task_mapping_with_no_taskflow_operators.py
[2024-10-08T09:13:03.872+0000] {processor.py:914} INFO - Processing file /root/miniconda3/envs/project/lib/python3.8/site-packages/airflow/example_dags/example_dynamic_task_mapping_with_no_taskflow_operators.py for tasks to queue
[2024-10-08T09:13:03.875+0000] {logging_mixin.py:190} INFO - [2024-10-08T09:13:03.875+0000] {dagbag.py:588} INFO - Filling up the DagBag from /root/miniconda3/envs/project/lib/python3.8/site-packages/airflow/example_dags/example_dynamic_task_mapping_with_no_taskflow_operators.py
[2024-10-08T09:13:03.888+0000] {processor.py:925} INFO - DAG(s) 'example_dynamic_task_mapping_with_no_taskflow_operators' retrieved from /root/miniconda3/envs/project/lib/python3.8/site-packages/airflow/example_dags/example_dynamic_task_mapping_with_no_taskflow_operators.py
[2024-10-08T09:13:03.911+0000] {logging_mixin.py:190} INFO - [2024-10-08T09:13:03.911+0000] {dag.py:3239} INFO - Sync 1 DAGs
[2024-10-08T09:13:03.930+0000] {logging_mixin.py:190} INFO - [2024-10-08T09:13:03.929+0000] {dag.py:4180} INFO - Setting next_dagrun for example_dynamic_task_mapping_with_no_taskflow_operators to None, run_after=None
[2024-10-08T09:13:03.959+0000] {processor.py:208} INFO - Processing /root/miniconda3/envs/project/lib/python3.8/site-packages/airflow/example_dags/example_dynamic_task_mapping_with_no_taskflow_operators.py took 0.101 seconds
[2024-10-08T09:14:10.296+0000] {processor.py:186} INFO - Started process (PID=222542) to work on /root/miniconda3/envs/project/lib/python3.8/site-packages/airflow/example_dags/example_dynamic_task_mapping_with_no_taskflow_operators.py
[2024-10-08T09:14:10.299+0000] {processor.py:914} INFO - Processing file /root/miniconda3/envs/project/lib/python3.8/site-packages/airflow/example_dags/example_dynamic_task_mapping_with_no_taskflow_operators.py for tasks to queue
[2024-10-08T09:14:10.303+0000] {logging_mixin.py:190} INFO - [2024-10-08T09:14:10.302+0000] {dagbag.py:588} INFO - Filling up the DagBag from /root/miniconda3/envs/project/lib/python3.8/site-packages/airflow/example_dags/example_dynamic_task_mapping_with_no_taskflow_operators.py
[2024-10-08T09:14:10.316+0000] {processor.py:925} INFO - DAG(s) 'example_dynamic_task_mapping_with_no_taskflow_operators' retrieved from /root/miniconda3/envs/project/lib/python3.8/site-packages/airflow/example_dags/example_dynamic_task_mapping_with_no_taskflow_operators.py
[2024-10-08T09:14:10.341+0000] {logging_mixin.py:190} INFO - [2024-10-08T09:14:10.340+0000] {dag.py:3239} INFO - Sync 1 DAGs
[2024-10-08T09:14:10.360+0000] {logging_mixin.py:190} INFO - [2024-10-08T09:14:10.359+0000] {dag.py:4180} INFO - Setting next_dagrun for example_dynamic_task_mapping_with_no_taskflow_operators to None, run_after=None
[2024-10-08T09:14:10.392+0000] {processor.py:208} INFO - Processing /root/miniconda3/envs/project/lib/python3.8/site-packages/airflow/example_dags/example_dynamic_task_mapping_with_no_taskflow_operators.py took 0.108 seconds
[2024-10-08T09:15:16.793+0000] {processor.py:186} INFO - Started process (PID=222808) to work on /root/miniconda3/envs/project/lib/python3.8/site-packages/airflow/example_dags/example_dynamic_task_mapping_with_no_taskflow_operators.py
[2024-10-08T09:15:16.796+0000] {processor.py:914} INFO - Processing file /root/miniconda3/envs/project/lib/python3.8/site-packages/airflow/example_dags/example_dynamic_task_mapping_with_no_taskflow_operators.py for tasks to queue
[2024-10-08T09:15:16.800+0000] {logging_mixin.py:190} INFO - [2024-10-08T09:15:16.799+0000] {dagbag.py:588} INFO - Filling up the DagBag from /root/miniconda3/envs/project/lib/python3.8/site-packages/airflow/example_dags/example_dynamic_task_mapping_with_no_taskflow_operators.py
[2024-10-08T09:15:16.813+0000] {processor.py:925} INFO - DAG(s) 'example_dynamic_task_mapping_with_no_taskflow_operators' retrieved from /root/miniconda3/envs/project/lib/python3.8/site-packages/airflow/example_dags/example_dynamic_task_mapping_with_no_taskflow_operators.py
[2024-10-08T09:15:16.837+0000] {logging_mixin.py:190} INFO - [2024-10-08T09:15:16.836+0000] {dag.py:3239} INFO - Sync 1 DAGs
[2024-10-08T09:15:16.855+0000] {logging_mixin.py:190} INFO - [2024-10-08T09:15:16.855+0000] {dag.py:4180} INFO - Setting next_dagrun for example_dynamic_task_mapping_with_no_taskflow_operators to None, run_after=None
[2024-10-08T09:15:16.888+0000] {processor.py:208} INFO - Processing /root/miniconda3/envs/project/lib/python3.8/site-packages/airflow/example_dags/example_dynamic_task_mapping_with_no_taskflow_operators.py took 0.106 seconds
[2024-10-08T09:16:30.650+0000] {processor.py:186} INFO - Started process (PID=223043) to work on /root/miniconda3/envs/project/lib/python3.8/site-packages/airflow/example_dags/example_dynamic_task_mapping_with_no_taskflow_operators.py
[2024-10-08T09:16:30.653+0000] {processor.py:914} INFO - Processing file /root/miniconda3/envs/project/lib/python3.8/site-packages/airflow/example_dags/example_dynamic_task_mapping_with_no_taskflow_operators.py for tasks to queue
[2024-10-08T09:16:30.657+0000] {logging_mixin.py:190} INFO - [2024-10-08T09:16:30.656+0000] {dagbag.py:588} INFO - Filling up the DagBag from /root/miniconda3/envs/project/lib/python3.8/site-packages/airflow/example_dags/example_dynamic_task_mapping_with_no_taskflow_operators.py
[2024-10-08T09:16:30.670+0000] {processor.py:925} INFO - DAG(s) 'example_dynamic_task_mapping_with_no_taskflow_operators' retrieved from /root/miniconda3/envs/project/lib/python3.8/site-packages/airflow/example_dags/example_dynamic_task_mapping_with_no_taskflow_operators.py
[2024-10-08T09:16:30.694+0000] {logging_mixin.py:190} INFO - [2024-10-08T09:16:30.694+0000] {dag.py:3239} INFO - Sync 1 DAGs
[2024-10-08T09:16:30.713+0000] {logging_mixin.py:190} INFO - [2024-10-08T09:16:30.712+0000] {dag.py:4180} INFO - Setting next_dagrun for example_dynamic_task_mapping_with_no_taskflow_operators to None, run_after=None
[2024-10-08T09:16:30.745+0000] {processor.py:208} INFO - Processing /root/miniconda3/envs/project/lib/python3.8/site-packages/airflow/example_dags/example_dynamic_task_mapping_with_no_taskflow_operators.py took 0.107 seconds
[2024-10-08T09:17:40.723+0000] {processor.py:186} INFO - Started process (PID=223277) to work on /root/miniconda3/envs/project/lib/python3.8/site-packages/airflow/example_dags/example_dynamic_task_mapping_with_no_taskflow_operators.py
[2024-10-08T09:17:40.726+0000] {processor.py:914} INFO - Processing file /root/miniconda3/envs/project/lib/python3.8/site-packages/airflow/example_dags/example_dynamic_task_mapping_with_no_taskflow_operators.py for tasks to queue
[2024-10-08T09:17:40.730+0000] {logging_mixin.py:190} INFO - [2024-10-08T09:17:40.729+0000] {dagbag.py:588} INFO - Filling up the DagBag from /root/miniconda3/envs/project/lib/python3.8/site-packages/airflow/example_dags/example_dynamic_task_mapping_with_no_taskflow_operators.py
[2024-10-08T09:17:40.742+0000] {processor.py:925} INFO - DAG(s) 'example_dynamic_task_mapping_with_no_taskflow_operators' retrieved from /root/miniconda3/envs/project/lib/python3.8/site-packages/airflow/example_dags/example_dynamic_task_mapping_with_no_taskflow_operators.py
[2024-10-08T09:17:40.764+0000] {logging_mixin.py:190} INFO - [2024-10-08T09:17:40.764+0000] {dag.py:3239} INFO - Sync 1 DAGs
[2024-10-08T09:17:40.782+0000] {logging_mixin.py:190} INFO - [2024-10-08T09:17:40.782+0000] {dag.py:4180} INFO - Setting next_dagrun for example_dynamic_task_mapping_with_no_taskflow_operators to None, run_after=None
[2024-10-08T09:17:40.814+0000] {processor.py:208} INFO - Processing /root/miniconda3/envs/project/lib/python3.8/site-packages/airflow/example_dags/example_dynamic_task_mapping_with_no_taskflow_operators.py took 0.103 seconds
[2024-10-08T09:18:51.215+0000] {processor.py:186} INFO - Started process (PID=223562) to work on /root/miniconda3/envs/project/lib/python3.8/site-packages/airflow/example_dags/example_dynamic_task_mapping_with_no_taskflow_operators.py
[2024-10-08T09:18:51.218+0000] {processor.py:914} INFO - Processing file /root/miniconda3/envs/project/lib/python3.8/site-packages/airflow/example_dags/example_dynamic_task_mapping_with_no_taskflow_operators.py for tasks to queue
[2024-10-08T09:18:51.223+0000] {logging_mixin.py:190} INFO - [2024-10-08T09:18:51.222+0000] {dagbag.py:588} INFO - Filling up the DagBag from /root/miniconda3/envs/project/lib/python3.8/site-packages/airflow/example_dags/example_dynamic_task_mapping_with_no_taskflow_operators.py
[2024-10-08T09:18:51.235+0000] {processor.py:925} INFO - DAG(s) 'example_dynamic_task_mapping_with_no_taskflow_operators' retrieved from /root/miniconda3/envs/project/lib/python3.8/site-packages/airflow/example_dags/example_dynamic_task_mapping_with_no_taskflow_operators.py
[2024-10-08T09:18:51.258+0000] {logging_mixin.py:190} INFO - [2024-10-08T09:18:51.258+0000] {dag.py:3239} INFO - Sync 1 DAGs
[2024-10-08T09:18:51.276+0000] {logging_mixin.py:190} INFO - [2024-10-08T09:18:51.276+0000] {dag.py:4180} INFO - Setting next_dagrun for example_dynamic_task_mapping_with_no_taskflow_operators to None, run_after=None
[2024-10-08T09:18:51.318+0000] {processor.py:208} INFO - Processing /root/miniconda3/envs/project/lib/python3.8/site-packages/airflow/example_dags/example_dynamic_task_mapping_with_no_taskflow_operators.py took 0.114 seconds
[2024-10-08T09:20:04.227+0000] {processor.py:186} INFO - Started process (PID=223858) to work on /root/miniconda3/envs/project/lib/python3.8/site-packages/airflow/example_dags/example_dynamic_task_mapping_with_no_taskflow_operators.py
[2024-10-08T09:20:04.230+0000] {processor.py:914} INFO - Processing file /root/miniconda3/envs/project/lib/python3.8/site-packages/airflow/example_dags/example_dynamic_task_mapping_with_no_taskflow_operators.py for tasks to queue
[2024-10-08T09:20:04.233+0000] {logging_mixin.py:190} INFO - [2024-10-08T09:20:04.232+0000] {dagbag.py:588} INFO - Filling up the DagBag from /root/miniconda3/envs/project/lib/python3.8/site-packages/airflow/example_dags/example_dynamic_task_mapping_with_no_taskflow_operators.py
[2024-10-08T09:20:04.245+0000] {processor.py:925} INFO - DAG(s) 'example_dynamic_task_mapping_with_no_taskflow_operators' retrieved from /root/miniconda3/envs/project/lib/python3.8/site-packages/airflow/example_dags/example_dynamic_task_mapping_with_no_taskflow_operators.py
[2024-10-08T09:20:04.268+0000] {logging_mixin.py:190} INFO - [2024-10-08T09:20:04.267+0000] {dag.py:3239} INFO - Sync 1 DAGs
[2024-10-08T09:20:04.286+0000] {logging_mixin.py:190} INFO - [2024-10-08T09:20:04.285+0000] {dag.py:4180} INFO - Setting next_dagrun for example_dynamic_task_mapping_with_no_taskflow_operators to None, run_after=None
[2024-10-08T09:20:04.320+0000] {processor.py:208} INFO - Processing /root/miniconda3/envs/project/lib/python3.8/site-packages/airflow/example_dags/example_dynamic_task_mapping_with_no_taskflow_operators.py took 0.105 seconds
[2024-10-08T09:21:17.006+0000] {processor.py:186} INFO - Started process (PID=224088) to work on /root/miniconda3/envs/project/lib/python3.8/site-packages/airflow/example_dags/example_dynamic_task_mapping_with_no_taskflow_operators.py
[2024-10-08T09:21:17.009+0000] {processor.py:914} INFO - Processing file /root/miniconda3/envs/project/lib/python3.8/site-packages/airflow/example_dags/example_dynamic_task_mapping_with_no_taskflow_operators.py for tasks to queue
[2024-10-08T09:21:17.012+0000] {logging_mixin.py:190} INFO - [2024-10-08T09:21:17.012+0000] {dagbag.py:588} INFO - Filling up the DagBag from /root/miniconda3/envs/project/lib/python3.8/site-packages/airflow/example_dags/example_dynamic_task_mapping_with_no_taskflow_operators.py
[2024-10-08T09:21:17.025+0000] {processor.py:925} INFO - DAG(s) 'example_dynamic_task_mapping_with_no_taskflow_operators' retrieved from /root/miniconda3/envs/project/lib/python3.8/site-packages/airflow/example_dags/example_dynamic_task_mapping_with_no_taskflow_operators.py
[2024-10-08T09:21:17.049+0000] {logging_mixin.py:190} INFO - [2024-10-08T09:21:17.049+0000] {dag.py:3239} INFO - Sync 1 DAGs
[2024-10-08T09:21:17.068+0000] {logging_mixin.py:190} INFO - [2024-10-08T09:21:17.068+0000] {dag.py:4180} INFO - Setting next_dagrun for example_dynamic_task_mapping_with_no_taskflow_operators to None, run_after=None
[2024-10-08T09:21:17.098+0000] {processor.py:208} INFO - Processing /root/miniconda3/envs/project/lib/python3.8/site-packages/airflow/example_dags/example_dynamic_task_mapping_with_no_taskflow_operators.py took 0.104 seconds
[2024-10-08T09:22:26.456+0000] {processor.py:186} INFO - Started process (PID=224315) to work on /root/miniconda3/envs/project/lib/python3.8/site-packages/airflow/example_dags/example_dynamic_task_mapping_with_no_taskflow_operators.py
[2024-10-08T09:22:26.459+0000] {processor.py:914} INFO - Processing file /root/miniconda3/envs/project/lib/python3.8/site-packages/airflow/example_dags/example_dynamic_task_mapping_with_no_taskflow_operators.py for tasks to queue
[2024-10-08T09:22:26.463+0000] {logging_mixin.py:190} INFO - [2024-10-08T09:22:26.462+0000] {dagbag.py:588} INFO - Filling up the DagBag from /root/miniconda3/envs/project/lib/python3.8/site-packages/airflow/example_dags/example_dynamic_task_mapping_with_no_taskflow_operators.py
[2024-10-08T09:22:26.475+0000] {processor.py:925} INFO - DAG(s) 'example_dynamic_task_mapping_with_no_taskflow_operators' retrieved from /root/miniconda3/envs/project/lib/python3.8/site-packages/airflow/example_dags/example_dynamic_task_mapping_with_no_taskflow_operators.py
[2024-10-08T09:22:26.499+0000] {logging_mixin.py:190} INFO - [2024-10-08T09:22:26.498+0000] {dag.py:3239} INFO - Sync 1 DAGs
[2024-10-08T09:22:26.517+0000] {logging_mixin.py:190} INFO - [2024-10-08T09:22:26.517+0000] {dag.py:4180} INFO - Setting next_dagrun for example_dynamic_task_mapping_with_no_taskflow_operators to None, run_after=None
[2024-10-08T09:22:26.547+0000] {processor.py:208} INFO - Processing /root/miniconda3/envs/project/lib/python3.8/site-packages/airflow/example_dags/example_dynamic_task_mapping_with_no_taskflow_operators.py took 0.102 seconds
[2024-10-08T09:23:35.422+0000] {processor.py:186} INFO - Started process (PID=224507) to work on /root/miniconda3/envs/project/lib/python3.8/site-packages/airflow/example_dags/example_dynamic_task_mapping_with_no_taskflow_operators.py
[2024-10-08T09:23:35.425+0000] {processor.py:914} INFO - Processing file /root/miniconda3/envs/project/lib/python3.8/site-packages/airflow/example_dags/example_dynamic_task_mapping_with_no_taskflow_operators.py for tasks to queue
[2024-10-08T09:23:35.428+0000] {logging_mixin.py:190} INFO - [2024-10-08T09:23:35.428+0000] {dagbag.py:588} INFO - Filling up the DagBag from /root/miniconda3/envs/project/lib/python3.8/site-packages/airflow/example_dags/example_dynamic_task_mapping_with_no_taskflow_operators.py
[2024-10-08T09:23:35.440+0000] {processor.py:925} INFO - DAG(s) 'example_dynamic_task_mapping_with_no_taskflow_operators' retrieved from /root/miniconda3/envs/project/lib/python3.8/site-packages/airflow/example_dags/example_dynamic_task_mapping_with_no_taskflow_operators.py
[2024-10-08T09:23:35.462+0000] {logging_mixin.py:190} INFO - [2024-10-08T09:23:35.462+0000] {dag.py:3239} INFO - Sync 1 DAGs
[2024-10-08T09:23:35.480+0000] {logging_mixin.py:190} INFO - [2024-10-08T09:23:35.479+0000] {dag.py:4180} INFO - Setting next_dagrun for example_dynamic_task_mapping_with_no_taskflow_operators to None, run_after=None
[2024-10-08T09:23:35.515+0000] {processor.py:208} INFO - Processing /root/miniconda3/envs/project/lib/python3.8/site-packages/airflow/example_dags/example_dynamic_task_mapping_with_no_taskflow_operators.py took 0.104 seconds
[2024-10-08T09:24:46.911+0000] {processor.py:186} INFO - Started process (PID=225029) to work on /root/miniconda3/envs/project/lib/python3.8/site-packages/airflow/example_dags/example_dynamic_task_mapping_with_no_taskflow_operators.py
[2024-10-08T09:24:46.915+0000] {processor.py:914} INFO - Processing file /root/miniconda3/envs/project/lib/python3.8/site-packages/airflow/example_dags/example_dynamic_task_mapping_with_no_taskflow_operators.py for tasks to queue
[2024-10-08T09:24:46.920+0000] {logging_mixin.py:190} INFO - [2024-10-08T09:24:46.919+0000] {dagbag.py:588} INFO - Filling up the DagBag from /root/miniconda3/envs/project/lib/python3.8/site-packages/airflow/example_dags/example_dynamic_task_mapping_with_no_taskflow_operators.py
[2024-10-08T09:24:46.932+0000] {processor.py:925} INFO - DAG(s) 'example_dynamic_task_mapping_with_no_taskflow_operators' retrieved from /root/miniconda3/envs/project/lib/python3.8/site-packages/airflow/example_dags/example_dynamic_task_mapping_with_no_taskflow_operators.py
[2024-10-08T09:24:46.960+0000] {logging_mixin.py:190} INFO - [2024-10-08T09:24:46.960+0000] {dag.py:3239} INFO - Sync 1 DAGs
[2024-10-08T09:24:46.982+0000] {logging_mixin.py:190} INFO - [2024-10-08T09:24:46.982+0000] {dag.py:4180} INFO - Setting next_dagrun for example_dynamic_task_mapping_with_no_taskflow_operators to None, run_after=None
[2024-10-08T09:24:47.022+0000] {processor.py:208} INFO - Processing /root/miniconda3/envs/project/lib/python3.8/site-packages/airflow/example_dags/example_dynamic_task_mapping_with_no_taskflow_operators.py took 0.125 seconds
[2024-10-08T09:25:55.350+0000] {processor.py:186} INFO - Started process (PID=225585) to work on /root/miniconda3/envs/project/lib/python3.8/site-packages/airflow/example_dags/example_dynamic_task_mapping_with_no_taskflow_operators.py
[2024-10-08T09:25:55.353+0000] {processor.py:914} INFO - Processing file /root/miniconda3/envs/project/lib/python3.8/site-packages/airflow/example_dags/example_dynamic_task_mapping_with_no_taskflow_operators.py for tasks to queue
[2024-10-08T09:25:55.356+0000] {logging_mixin.py:190} INFO - [2024-10-08T09:25:55.356+0000] {dagbag.py:588} INFO - Filling up the DagBag from /root/miniconda3/envs/project/lib/python3.8/site-packages/airflow/example_dags/example_dynamic_task_mapping_with_no_taskflow_operators.py
[2024-10-08T09:25:55.369+0000] {processor.py:925} INFO - DAG(s) 'example_dynamic_task_mapping_with_no_taskflow_operators' retrieved from /root/miniconda3/envs/project/lib/python3.8/site-packages/airflow/example_dags/example_dynamic_task_mapping_with_no_taskflow_operators.py
[2024-10-08T09:25:55.393+0000] {logging_mixin.py:190} INFO - [2024-10-08T09:25:55.392+0000] {dag.py:3239} INFO - Sync 1 DAGs
[2024-10-08T09:25:55.412+0000] {logging_mixin.py:190} INFO - [2024-10-08T09:25:55.412+0000] {dag.py:4180} INFO - Setting next_dagrun for example_dynamic_task_mapping_with_no_taskflow_operators to None, run_after=None
[2024-10-08T09:25:55.451+0000] {processor.py:208} INFO - Processing /root/miniconda3/envs/project/lib/python3.8/site-packages/airflow/example_dags/example_dynamic_task_mapping_with_no_taskflow_operators.py took 0.111 seconds
[2024-10-08T09:27:07.536+0000] {processor.py:186} INFO - Started process (PID=226000) to work on /root/miniconda3/envs/project/lib/python3.8/site-packages/airflow/example_dags/example_dynamic_task_mapping_with_no_taskflow_operators.py
[2024-10-08T09:27:07.539+0000] {processor.py:914} INFO - Processing file /root/miniconda3/envs/project/lib/python3.8/site-packages/airflow/example_dags/example_dynamic_task_mapping_with_no_taskflow_operators.py for tasks to queue
[2024-10-08T09:27:07.542+0000] {logging_mixin.py:190} INFO - [2024-10-08T09:27:07.541+0000] {dagbag.py:588} INFO - Filling up the DagBag from /root/miniconda3/envs/project/lib/python3.8/site-packages/airflow/example_dags/example_dynamic_task_mapping_with_no_taskflow_operators.py
[2024-10-08T09:27:07.554+0000] {processor.py:925} INFO - DAG(s) 'example_dynamic_task_mapping_with_no_taskflow_operators' retrieved from /root/miniconda3/envs/project/lib/python3.8/site-packages/airflow/example_dags/example_dynamic_task_mapping_with_no_taskflow_operators.py
[2024-10-08T09:27:07.577+0000] {logging_mixin.py:190} INFO - [2024-10-08T09:27:07.577+0000] {dag.py:3239} INFO - Sync 1 DAGs
[2024-10-08T09:27:07.595+0000] {logging_mixin.py:190} INFO - [2024-10-08T09:27:07.595+0000] {dag.py:4180} INFO - Setting next_dagrun for example_dynamic_task_mapping_with_no_taskflow_operators to None, run_after=None
[2024-10-08T09:27:07.630+0000] {processor.py:208} INFO - Processing /root/miniconda3/envs/project/lib/python3.8/site-packages/airflow/example_dags/example_dynamic_task_mapping_with_no_taskflow_operators.py took 0.106 seconds
[2024-10-08T09:28:18.987+0000] {processor.py:186} INFO - Started process (PID=226494) to work on /root/miniconda3/envs/project/lib/python3.8/site-packages/airflow/example_dags/example_dynamic_task_mapping_with_no_taskflow_operators.py
[2024-10-08T09:28:18.991+0000] {processor.py:914} INFO - Processing file /root/miniconda3/envs/project/lib/python3.8/site-packages/airflow/example_dags/example_dynamic_task_mapping_with_no_taskflow_operators.py for tasks to queue
[2024-10-08T09:28:18.995+0000] {logging_mixin.py:190} INFO - [2024-10-08T09:28:18.994+0000] {dagbag.py:588} INFO - Filling up the DagBag from /root/miniconda3/envs/project/lib/python3.8/site-packages/airflow/example_dags/example_dynamic_task_mapping_with_no_taskflow_operators.py
[2024-10-08T09:28:19.009+0000] {processor.py:925} INFO - DAG(s) 'example_dynamic_task_mapping_with_no_taskflow_operators' retrieved from /root/miniconda3/envs/project/lib/python3.8/site-packages/airflow/example_dags/example_dynamic_task_mapping_with_no_taskflow_operators.py
[2024-10-08T09:28:19.034+0000] {logging_mixin.py:190} INFO - [2024-10-08T09:28:19.034+0000] {dag.py:3239} INFO - Sync 1 DAGs
[2024-10-08T09:28:19.054+0000] {logging_mixin.py:190} INFO - [2024-10-08T09:28:19.054+0000] {dag.py:4180} INFO - Setting next_dagrun for example_dynamic_task_mapping_with_no_taskflow_operators to None, run_after=None
[2024-10-08T09:28:19.086+0000] {processor.py:208} INFO - Processing /root/miniconda3/envs/project/lib/python3.8/site-packages/airflow/example_dags/example_dynamic_task_mapping_with_no_taskflow_operators.py took 0.110 seconds
[2024-10-08T09:29:36.164+0000] {processor.py:186} INFO - Started process (PID=227054) to work on /root/miniconda3/envs/project/lib/python3.8/site-packages/airflow/example_dags/example_dynamic_task_mapping_with_no_taskflow_operators.py
[2024-10-08T09:29:36.166+0000] {processor.py:914} INFO - Processing file /root/miniconda3/envs/project/lib/python3.8/site-packages/airflow/example_dags/example_dynamic_task_mapping_with_no_taskflow_operators.py for tasks to queue
[2024-10-08T09:29:36.170+0000] {logging_mixin.py:190} INFO - [2024-10-08T09:29:36.169+0000] {dagbag.py:588} INFO - Filling up the DagBag from /root/miniconda3/envs/project/lib/python3.8/site-packages/airflow/example_dags/example_dynamic_task_mapping_with_no_taskflow_operators.py
[2024-10-08T09:29:36.182+0000] {processor.py:925} INFO - DAG(s) 'example_dynamic_task_mapping_with_no_taskflow_operators' retrieved from /root/miniconda3/envs/project/lib/python3.8/site-packages/airflow/example_dags/example_dynamic_task_mapping_with_no_taskflow_operators.py
[2024-10-08T09:29:36.323+0000] {logging_mixin.py:190} INFO - [2024-10-08T09:29:36.322+0000] {dag.py:3239} INFO - Sync 1 DAGs
[2024-10-08T09:29:36.338+0000] {logging_mixin.py:190} INFO - [2024-10-08T09:29:36.338+0000] {dag.py:4180} INFO - Setting next_dagrun for example_dynamic_task_mapping_with_no_taskflow_operators to None, run_after=None
[2024-10-08T09:29:36.371+0000] {processor.py:208} INFO - Processing /root/miniconda3/envs/project/lib/python3.8/site-packages/airflow/example_dags/example_dynamic_task_mapping_with_no_taskflow_operators.py took 0.217 seconds
[2024-10-08T09:31:00.234+0000] {processor.py:186} INFO - Started process (PID=228054) to work on /root/miniconda3/envs/project/lib/python3.8/site-packages/airflow/example_dags/example_dynamic_task_mapping_with_no_taskflow_operators.py
[2024-10-08T09:31:00.238+0000] {processor.py:914} INFO - Processing file /root/miniconda3/envs/project/lib/python3.8/site-packages/airflow/example_dags/example_dynamic_task_mapping_with_no_taskflow_operators.py for tasks to queue
[2024-10-08T09:31:00.241+0000] {logging_mixin.py:190} INFO - [2024-10-08T09:31:00.241+0000] {dagbag.py:588} INFO - Filling up the DagBag from /root/miniconda3/envs/project/lib/python3.8/site-packages/airflow/example_dags/example_dynamic_task_mapping_with_no_taskflow_operators.py
[2024-10-08T09:31:00.254+0000] {processor.py:925} INFO - DAG(s) 'example_dynamic_task_mapping_with_no_taskflow_operators' retrieved from /root/miniconda3/envs/project/lib/python3.8/site-packages/airflow/example_dags/example_dynamic_task_mapping_with_no_taskflow_operators.py
[2024-10-08T09:31:00.389+0000] {logging_mixin.py:190} INFO - [2024-10-08T09:31:00.389+0000] {dag.py:3239} INFO - Sync 1 DAGs
[2024-10-08T09:31:00.404+0000] {logging_mixin.py:190} INFO - [2024-10-08T09:31:00.404+0000] {dag.py:4180} INFO - Setting next_dagrun for example_dynamic_task_mapping_with_no_taskflow_operators to None, run_after=None
[2024-10-08T09:31:00.440+0000] {processor.py:208} INFO - Processing /root/miniconda3/envs/project/lib/python3.8/site-packages/airflow/example_dags/example_dynamic_task_mapping_with_no_taskflow_operators.py took 0.216 seconds
[2024-10-08T09:32:29.141+0000] {processor.py:186} INFO - Started process (PID=229060) to work on /root/miniconda3/envs/project/lib/python3.8/site-packages/airflow/example_dags/example_dynamic_task_mapping_with_no_taskflow_operators.py
[2024-10-08T09:32:29.144+0000] {processor.py:914} INFO - Processing file /root/miniconda3/envs/project/lib/python3.8/site-packages/airflow/example_dags/example_dynamic_task_mapping_with_no_taskflow_operators.py for tasks to queue
[2024-10-08T09:32:29.147+0000] {logging_mixin.py:190} INFO - [2024-10-08T09:32:29.147+0000] {dagbag.py:588} INFO - Filling up the DagBag from /root/miniconda3/envs/project/lib/python3.8/site-packages/airflow/example_dags/example_dynamic_task_mapping_with_no_taskflow_operators.py
[2024-10-08T09:32:29.160+0000] {processor.py:925} INFO - DAG(s) 'example_dynamic_task_mapping_with_no_taskflow_operators' retrieved from /root/miniconda3/envs/project/lib/python3.8/site-packages/airflow/example_dags/example_dynamic_task_mapping_with_no_taskflow_operators.py
[2024-10-08T09:32:29.184+0000] {logging_mixin.py:190} INFO - [2024-10-08T09:32:29.184+0000] {dag.py:3239} INFO - Sync 1 DAGs
[2024-10-08T09:32:29.203+0000] {logging_mixin.py:190} INFO - [2024-10-08T09:32:29.203+0000] {dag.py:4180} INFO - Setting next_dagrun for example_dynamic_task_mapping_with_no_taskflow_operators to None, run_after=None
[2024-10-08T09:32:29.239+0000] {processor.py:208} INFO - Processing /root/miniconda3/envs/project/lib/python3.8/site-packages/airflow/example_dags/example_dynamic_task_mapping_with_no_taskflow_operators.py took 0.108 seconds
[2024-10-08T09:33:41.643+0000] {processor.py:186} INFO - Started process (PID=229536) to work on /root/miniconda3/envs/project/lib/python3.8/site-packages/airflow/example_dags/example_dynamic_task_mapping_with_no_taskflow_operators.py
[2024-10-08T09:33:41.645+0000] {processor.py:914} INFO - Processing file /root/miniconda3/envs/project/lib/python3.8/site-packages/airflow/example_dags/example_dynamic_task_mapping_with_no_taskflow_operators.py for tasks to queue
[2024-10-08T09:33:41.649+0000] {logging_mixin.py:190} INFO - [2024-10-08T09:33:41.648+0000] {dagbag.py:588} INFO - Filling up the DagBag from /root/miniconda3/envs/project/lib/python3.8/site-packages/airflow/example_dags/example_dynamic_task_mapping_with_no_taskflow_operators.py
[2024-10-08T09:33:41.661+0000] {processor.py:925} INFO - DAG(s) 'example_dynamic_task_mapping_with_no_taskflow_operators' retrieved from /root/miniconda3/envs/project/lib/python3.8/site-packages/airflow/example_dags/example_dynamic_task_mapping_with_no_taskflow_operators.py
[2024-10-08T09:33:41.684+0000] {logging_mixin.py:190} INFO - [2024-10-08T09:33:41.684+0000] {dag.py:3239} INFO - Sync 1 DAGs
[2024-10-08T09:33:41.703+0000] {logging_mixin.py:190} INFO - [2024-10-08T09:33:41.703+0000] {dag.py:4180} INFO - Setting next_dagrun for example_dynamic_task_mapping_with_no_taskflow_operators to None, run_after=None
[2024-10-08T09:33:41.737+0000] {processor.py:208} INFO - Processing /root/miniconda3/envs/project/lib/python3.8/site-packages/airflow/example_dags/example_dynamic_task_mapping_with_no_taskflow_operators.py took 0.107 seconds
