[2024-10-08T07:57:29.694+0000] {processor.py:186} INFO - Started process (PID=207114) to work on /root/miniconda3/envs/project/lib/python3.8/site-packages/airflow/example_dags/example_nested_branch_dag.py
[2024-10-08T07:57:29.696+0000] {processor.py:914} INFO - Processing file /root/miniconda3/envs/project/lib/python3.8/site-packages/airflow/example_dags/example_nested_branch_dag.py for tasks to queue
[2024-10-08T07:57:29.700+0000] {logging_mixin.py:190} INFO - [2024-10-08T07:57:29.699+0000] {dagbag.py:588} INFO - Filling up the DagBag from /root/miniconda3/envs/project/lib/python3.8/site-packages/airflow/example_dags/example_nested_branch_dag.py
[2024-10-08T07:57:29.717+0000] {processor.py:925} INFO - DAG(s) 'example_nested_branch_dag' retrieved from /root/miniconda3/envs/project/lib/python3.8/site-packages/airflow/example_dags/example_nested_branch_dag.py
[2024-10-08T07:57:29.864+0000] {logging_mixin.py:190} INFO - [2024-10-08T07:57:29.863+0000] {override.py:1901} INFO - Created Permission View: can delete on DAG:example_nested_branch_dag
[2024-10-08T07:57:29.883+0000] {logging_mixin.py:190} INFO - [2024-10-08T07:57:29.882+0000] {override.py:1901} INFO - Created Permission View: can read on DAG:example_nested_branch_dag
[2024-10-08T07:57:29.898+0000] {logging_mixin.py:190} INFO - [2024-10-08T07:57:29.897+0000] {override.py:1901} INFO - Created Permission View: can edit on DAG:example_nested_branch_dag
[2024-10-08T07:57:29.927+0000] {logging_mixin.py:190} INFO - [2024-10-08T07:57:29.926+0000] {override.py:1901} INFO - Created Permission View: can delete on DAG Run:example_nested_branch_dag
[2024-10-08T07:57:29.943+0000] {logging_mixin.py:190} INFO - [2024-10-08T07:57:29.943+0000] {override.py:1901} INFO - Created Permission View: menu access on DAG Run:example_nested_branch_dag
[2024-10-08T07:57:29.963+0000] {logging_mixin.py:190} INFO - [2024-10-08T07:57:29.963+0000] {override.py:1901} INFO - Created Permission View: can create on DAG Run:example_nested_branch_dag
[2024-10-08T07:57:29.978+0000] {logging_mixin.py:190} INFO - [2024-10-08T07:57:29.978+0000] {override.py:1901} INFO - Created Permission View: can read on DAG Run:example_nested_branch_dag
[2024-10-08T07:57:29.979+0000] {logging_mixin.py:190} INFO - [2024-10-08T07:57:29.979+0000] {dag.py:3239} INFO - Sync 1 DAGs
[2024-10-08T07:57:29.998+0000] {logging_mixin.py:190} INFO - [2024-10-08T07:57:29.998+0000] {dag.py:3262} INFO - Creating ORM DAG for example_nested_branch_dag
[2024-10-08T07:57:30.011+0000] {logging_mixin.py:190} INFO - [2024-10-08T07:57:30.011+0000] {dag.py:4180} INFO - Setting next_dagrun for example_nested_branch_dag to 2024-10-07 00:00:00+00:00, run_after=2024-10-08 00:00:00+00:00
[2024-10-08T07:57:30.043+0000] {processor.py:208} INFO - Processing /root/miniconda3/envs/project/lib/python3.8/site-packages/airflow/example_dags/example_nested_branch_dag.py took 0.361 seconds
[2024-10-08T07:58:43.372+0000] {processor.py:186} INFO - Started process (PID=207316) to work on /root/miniconda3/envs/project/lib/python3.8/site-packages/airflow/example_dags/example_nested_branch_dag.py
[2024-10-08T07:58:43.375+0000] {processor.py:914} INFO - Processing file /root/miniconda3/envs/project/lib/python3.8/site-packages/airflow/example_dags/example_nested_branch_dag.py for tasks to queue
[2024-10-08T07:58:43.379+0000] {logging_mixin.py:190} INFO - [2024-10-08T07:58:43.378+0000] {dagbag.py:588} INFO - Filling up the DagBag from /root/miniconda3/envs/project/lib/python3.8/site-packages/airflow/example_dags/example_nested_branch_dag.py
[2024-10-08T07:58:43.396+0000] {processor.py:925} INFO - DAG(s) 'example_nested_branch_dag' retrieved from /root/miniconda3/envs/project/lib/python3.8/site-packages/airflow/example_dags/example_nested_branch_dag.py
[2024-10-08T07:58:43.421+0000] {logging_mixin.py:190} INFO - [2024-10-08T07:58:43.421+0000] {dag.py:3239} INFO - Sync 1 DAGs
[2024-10-08T07:58:43.451+0000] {logging_mixin.py:190} INFO - [2024-10-08T07:58:43.450+0000] {dag.py:4180} INFO - Setting next_dagrun for example_nested_branch_dag to 2024-10-07 00:00:00+00:00, run_after=2024-10-08 00:00:00+00:00
[2024-10-08T07:58:43.482+0000] {processor.py:208} INFO - Processing /root/miniconda3/envs/project/lib/python3.8/site-packages/airflow/example_dags/example_nested_branch_dag.py took 0.121 seconds
[2024-10-08T07:59:55.983+0000] {processor.py:186} INFO - Started process (PID=207596) to work on /root/miniconda3/envs/project/lib/python3.8/site-packages/airflow/example_dags/example_nested_branch_dag.py
[2024-10-08T07:59:55.986+0000] {processor.py:914} INFO - Processing file /root/miniconda3/envs/project/lib/python3.8/site-packages/airflow/example_dags/example_nested_branch_dag.py for tasks to queue
[2024-10-08T07:59:55.991+0000] {logging_mixin.py:190} INFO - [2024-10-08T07:59:55.990+0000] {dagbag.py:588} INFO - Filling up the DagBag from /root/miniconda3/envs/project/lib/python3.8/site-packages/airflow/example_dags/example_nested_branch_dag.py
[2024-10-08T07:59:56.012+0000] {processor.py:925} INFO - DAG(s) 'example_nested_branch_dag' retrieved from /root/miniconda3/envs/project/lib/python3.8/site-packages/airflow/example_dags/example_nested_branch_dag.py
[2024-10-08T07:59:56.039+0000] {logging_mixin.py:190} INFO - [2024-10-08T07:59:56.039+0000] {dag.py:3239} INFO - Sync 1 DAGs
[2024-10-08T07:59:56.070+0000] {logging_mixin.py:190} INFO - [2024-10-08T07:59:56.069+0000] {dag.py:4180} INFO - Setting next_dagrun for example_nested_branch_dag to 2024-10-07 00:00:00+00:00, run_after=2024-10-08 00:00:00+00:00
[2024-10-08T07:59:56.102+0000] {processor.py:208} INFO - Processing /root/miniconda3/envs/project/lib/python3.8/site-packages/airflow/example_dags/example_nested_branch_dag.py took 0.130 seconds
[2024-10-08T08:01:05.133+0000] {processor.py:186} INFO - Started process (PID=207964) to work on /root/miniconda3/envs/project/lib/python3.8/site-packages/airflow/example_dags/example_nested_branch_dag.py
[2024-10-08T08:01:05.136+0000] {processor.py:914} INFO - Processing file /root/miniconda3/envs/project/lib/python3.8/site-packages/airflow/example_dags/example_nested_branch_dag.py for tasks to queue
[2024-10-08T08:01:05.139+0000] {logging_mixin.py:190} INFO - [2024-10-08T08:01:05.139+0000] {dagbag.py:588} INFO - Filling up the DagBag from /root/miniconda3/envs/project/lib/python3.8/site-packages/airflow/example_dags/example_nested_branch_dag.py
[2024-10-08T08:01:05.157+0000] {processor.py:925} INFO - DAG(s) 'example_nested_branch_dag' retrieved from /root/miniconda3/envs/project/lib/python3.8/site-packages/airflow/example_dags/example_nested_branch_dag.py
[2024-10-08T08:01:05.184+0000] {logging_mixin.py:190} INFO - [2024-10-08T08:01:05.184+0000] {dag.py:3239} INFO - Sync 1 DAGs
[2024-10-08T08:01:05.215+0000] {logging_mixin.py:190} INFO - [2024-10-08T08:01:05.215+0000] {dag.py:4180} INFO - Setting next_dagrun for example_nested_branch_dag to 2024-10-07 00:00:00+00:00, run_after=2024-10-08 00:00:00+00:00
[2024-10-08T08:01:05.247+0000] {processor.py:208} INFO - Processing /root/miniconda3/envs/project/lib/python3.8/site-packages/airflow/example_dags/example_nested_branch_dag.py took 0.125 seconds
[2024-10-08T08:02:19.368+0000] {processor.py:186} INFO - Started process (PID=208221) to work on /root/miniconda3/envs/project/lib/python3.8/site-packages/airflow/example_dags/example_nested_branch_dag.py
[2024-10-08T08:02:19.371+0000] {processor.py:914} INFO - Processing file /root/miniconda3/envs/project/lib/python3.8/site-packages/airflow/example_dags/example_nested_branch_dag.py for tasks to queue
[2024-10-08T08:02:19.374+0000] {logging_mixin.py:190} INFO - [2024-10-08T08:02:19.373+0000] {dagbag.py:588} INFO - Filling up the DagBag from /root/miniconda3/envs/project/lib/python3.8/site-packages/airflow/example_dags/example_nested_branch_dag.py
[2024-10-08T08:02:19.393+0000] {processor.py:925} INFO - DAG(s) 'example_nested_branch_dag' retrieved from /root/miniconda3/envs/project/lib/python3.8/site-packages/airflow/example_dags/example_nested_branch_dag.py
[2024-10-08T08:02:19.423+0000] {logging_mixin.py:190} INFO - [2024-10-08T08:02:19.422+0000] {dag.py:3239} INFO - Sync 1 DAGs
[2024-10-08T08:02:19.453+0000] {logging_mixin.py:190} INFO - [2024-10-08T08:02:19.453+0000] {dag.py:4180} INFO - Setting next_dagrun for example_nested_branch_dag to 2024-10-07 00:00:00+00:00, run_after=2024-10-08 00:00:00+00:00
[2024-10-08T08:02:19.489+0000] {processor.py:208} INFO - Processing /root/miniconda3/envs/project/lib/python3.8/site-packages/airflow/example_dags/example_nested_branch_dag.py took 0.133 seconds
[2024-10-08T08:03:29.329+0000] {processor.py:186} INFO - Started process (PID=208423) to work on /root/miniconda3/envs/project/lib/python3.8/site-packages/airflow/example_dags/example_nested_branch_dag.py
[2024-10-08T08:03:29.332+0000] {processor.py:914} INFO - Processing file /root/miniconda3/envs/project/lib/python3.8/site-packages/airflow/example_dags/example_nested_branch_dag.py for tasks to queue
[2024-10-08T08:03:29.335+0000] {logging_mixin.py:190} INFO - [2024-10-08T08:03:29.335+0000] {dagbag.py:588} INFO - Filling up the DagBag from /root/miniconda3/envs/project/lib/python3.8/site-packages/airflow/example_dags/example_nested_branch_dag.py
[2024-10-08T08:03:29.353+0000] {processor.py:925} INFO - DAG(s) 'example_nested_branch_dag' retrieved from /root/miniconda3/envs/project/lib/python3.8/site-packages/airflow/example_dags/example_nested_branch_dag.py
[2024-10-08T08:03:29.379+0000] {logging_mixin.py:190} INFO - [2024-10-08T08:03:29.379+0000] {dag.py:3239} INFO - Sync 1 DAGs
[2024-10-08T08:03:29.408+0000] {logging_mixin.py:190} INFO - [2024-10-08T08:03:29.408+0000] {dag.py:4180} INFO - Setting next_dagrun for example_nested_branch_dag to 2024-10-07 00:00:00+00:00, run_after=2024-10-08 00:00:00+00:00
[2024-10-08T08:03:29.440+0000] {processor.py:208} INFO - Processing /root/miniconda3/envs/project/lib/python3.8/site-packages/airflow/example_dags/example_nested_branch_dag.py took 0.121 seconds
[2024-10-08T08:04:38.266+0000] {processor.py:186} INFO - Started process (PID=208630) to work on /root/miniconda3/envs/project/lib/python3.8/site-packages/airflow/example_dags/example_nested_branch_dag.py
[2024-10-08T08:04:38.269+0000] {processor.py:914} INFO - Processing file /root/miniconda3/envs/project/lib/python3.8/site-packages/airflow/example_dags/example_nested_branch_dag.py for tasks to queue
[2024-10-08T08:04:38.272+0000] {logging_mixin.py:190} INFO - [2024-10-08T08:04:38.272+0000] {dagbag.py:588} INFO - Filling up the DagBag from /root/miniconda3/envs/project/lib/python3.8/site-packages/airflow/example_dags/example_nested_branch_dag.py
[2024-10-08T08:04:38.290+0000] {processor.py:925} INFO - DAG(s) 'example_nested_branch_dag' retrieved from /root/miniconda3/envs/project/lib/python3.8/site-packages/airflow/example_dags/example_nested_branch_dag.py
[2024-10-08T08:04:38.317+0000] {logging_mixin.py:190} INFO - [2024-10-08T08:04:38.317+0000] {dag.py:3239} INFO - Sync 1 DAGs
[2024-10-08T08:04:38.347+0000] {logging_mixin.py:190} INFO - [2024-10-08T08:04:38.346+0000] {dag.py:4180} INFO - Setting next_dagrun for example_nested_branch_dag to 2024-10-07 00:00:00+00:00, run_after=2024-10-08 00:00:00+00:00
[2024-10-08T08:04:38.381+0000] {processor.py:208} INFO - Processing /root/miniconda3/envs/project/lib/python3.8/site-packages/airflow/example_dags/example_nested_branch_dag.py took 0.128 seconds
[2024-10-08T08:05:39.546+0000] {processor.py:186} INFO - Started process (PID=208812) to work on /root/miniconda3/envs/project/lib/python3.8/site-packages/airflow/example_dags/example_nested_branch_dag.py
[2024-10-08T08:05:39.549+0000] {processor.py:914} INFO - Processing file /root/miniconda3/envs/project/lib/python3.8/site-packages/airflow/example_dags/example_nested_branch_dag.py for tasks to queue
[2024-10-08T08:05:39.552+0000] {logging_mixin.py:190} INFO - [2024-10-08T08:05:39.551+0000] {dagbag.py:588} INFO - Filling up the DagBag from /root/miniconda3/envs/project/lib/python3.8/site-packages/airflow/example_dags/example_nested_branch_dag.py
[2024-10-08T08:05:39.570+0000] {processor.py:925} INFO - DAG(s) 'example_nested_branch_dag' retrieved from /root/miniconda3/envs/project/lib/python3.8/site-packages/airflow/example_dags/example_nested_branch_dag.py
[2024-10-08T08:05:39.596+0000] {logging_mixin.py:190} INFO - [2024-10-08T08:05:39.595+0000] {dag.py:3239} INFO - Sync 1 DAGs
[2024-10-08T08:05:39.624+0000] {logging_mixin.py:190} INFO - [2024-10-08T08:05:39.624+0000] {dag.py:4180} INFO - Setting next_dagrun for example_nested_branch_dag to 2024-10-07 00:00:00+00:00, run_after=2024-10-08 00:00:00+00:00
[2024-10-08T08:05:39.657+0000] {processor.py:208} INFO - Processing /root/miniconda3/envs/project/lib/python3.8/site-packages/airflow/example_dags/example_nested_branch_dag.py took 0.124 seconds
[2024-10-08T08:06:40.719+0000] {processor.py:186} INFO - Started process (PID=208993) to work on /root/miniconda3/envs/project/lib/python3.8/site-packages/airflow/example_dags/example_nested_branch_dag.py
[2024-10-08T08:06:40.722+0000] {processor.py:914} INFO - Processing file /root/miniconda3/envs/project/lib/python3.8/site-packages/airflow/example_dags/example_nested_branch_dag.py for tasks to queue
[2024-10-08T08:06:40.728+0000] {logging_mixin.py:190} INFO - [2024-10-08T08:06:40.727+0000] {dagbag.py:588} INFO - Filling up the DagBag from /root/miniconda3/envs/project/lib/python3.8/site-packages/airflow/example_dags/example_nested_branch_dag.py
[2024-10-08T08:06:40.750+0000] {processor.py:925} INFO - DAG(s) 'example_nested_branch_dag' retrieved from /root/miniconda3/envs/project/lib/python3.8/site-packages/airflow/example_dags/example_nested_branch_dag.py
[2024-10-08T08:06:40.778+0000] {logging_mixin.py:190} INFO - [2024-10-08T08:06:40.778+0000] {dag.py:3239} INFO - Sync 1 DAGs
[2024-10-08T08:06:40.809+0000] {logging_mixin.py:190} INFO - [2024-10-08T08:06:40.808+0000] {dag.py:4180} INFO - Setting next_dagrun for example_nested_branch_dag to 2024-10-07 00:00:00+00:00, run_after=2024-10-08 00:00:00+00:00
[2024-10-08T08:06:40.842+0000] {processor.py:208} INFO - Processing /root/miniconda3/envs/project/lib/python3.8/site-packages/airflow/example_dags/example_nested_branch_dag.py took 0.135 seconds
[2024-10-08T08:07:50.268+0000] {processor.py:186} INFO - Started process (PID=209239) to work on /root/miniconda3/envs/project/lib/python3.8/site-packages/airflow/example_dags/example_nested_branch_dag.py
[2024-10-08T08:07:50.271+0000] {processor.py:914} INFO - Processing file /root/miniconda3/envs/project/lib/python3.8/site-packages/airflow/example_dags/example_nested_branch_dag.py for tasks to queue
[2024-10-08T08:07:50.274+0000] {logging_mixin.py:190} INFO - [2024-10-08T08:07:50.274+0000] {dagbag.py:588} INFO - Filling up the DagBag from /root/miniconda3/envs/project/lib/python3.8/site-packages/airflow/example_dags/example_nested_branch_dag.py
[2024-10-08T08:07:50.292+0000] {processor.py:925} INFO - DAG(s) 'example_nested_branch_dag' retrieved from /root/miniconda3/envs/project/lib/python3.8/site-packages/airflow/example_dags/example_nested_branch_dag.py
[2024-10-08T08:07:50.317+0000] {logging_mixin.py:190} INFO - [2024-10-08T08:07:50.317+0000] {dag.py:3239} INFO - Sync 1 DAGs
[2024-10-08T08:07:50.347+0000] {logging_mixin.py:190} INFO - [2024-10-08T08:07:50.347+0000] {dag.py:4180} INFO - Setting next_dagrun for example_nested_branch_dag to 2024-10-07 00:00:00+00:00, run_after=2024-10-08 00:00:00+00:00
[2024-10-08T08:07:50.381+0000] {processor.py:208} INFO - Processing /root/miniconda3/envs/project/lib/python3.8/site-packages/airflow/example_dags/example_nested_branch_dag.py took 0.123 seconds
[2024-10-08T08:09:59.885+0000] {processor.py:186} INFO - Started process (PID=210072) to work on /root/miniconda3/envs/project/lib/python3.8/site-packages/airflow/example_dags/example_nested_branch_dag.py
[2024-10-08T08:09:59.888+0000] {processor.py:914} INFO - Processing file /root/miniconda3/envs/project/lib/python3.8/site-packages/airflow/example_dags/example_nested_branch_dag.py for tasks to queue
[2024-10-08T08:09:59.892+0000] {logging_mixin.py:190} INFO - [2024-10-08T08:09:59.891+0000] {dagbag.py:588} INFO - Filling up the DagBag from /root/miniconda3/envs/project/lib/python3.8/site-packages/airflow/example_dags/example_nested_branch_dag.py
[2024-10-08T08:09:59.911+0000] {processor.py:925} INFO - DAG(s) 'example_nested_branch_dag' retrieved from /root/miniconda3/envs/project/lib/python3.8/site-packages/airflow/example_dags/example_nested_branch_dag.py
[2024-10-08T08:09:59.941+0000] {logging_mixin.py:190} INFO - [2024-10-08T08:09:59.940+0000] {dag.py:3239} INFO - Sync 1 DAGs
[2024-10-08T08:09:59.974+0000] {logging_mixin.py:190} INFO - [2024-10-08T08:09:59.973+0000] {dag.py:4180} INFO - Setting next_dagrun for example_nested_branch_dag to 2024-10-07 00:00:00+00:00, run_after=2024-10-08 00:00:00+00:00
[2024-10-08T08:10:00.009+0000] {processor.py:208} INFO - Processing /root/miniconda3/envs/project/lib/python3.8/site-packages/airflow/example_dags/example_nested_branch_dag.py took 0.134 seconds
[2024-10-08T08:11:24.263+0000] {processor.py:186} INFO - Started process (PID=210539) to work on /root/miniconda3/envs/project/lib/python3.8/site-packages/airflow/example_dags/example_nested_branch_dag.py
[2024-10-08T08:11:24.266+0000] {processor.py:914} INFO - Processing file /root/miniconda3/envs/project/lib/python3.8/site-packages/airflow/example_dags/example_nested_branch_dag.py for tasks to queue
[2024-10-08T08:11:24.269+0000] {logging_mixin.py:190} INFO - [2024-10-08T08:11:24.269+0000] {dagbag.py:588} INFO - Filling up the DagBag from /root/miniconda3/envs/project/lib/python3.8/site-packages/airflow/example_dags/example_nested_branch_dag.py
[2024-10-08T08:11:24.297+0000] {processor.py:925} INFO - DAG(s) 'example_nested_branch_dag' retrieved from /root/miniconda3/envs/project/lib/python3.8/site-packages/airflow/example_dags/example_nested_branch_dag.py
[2024-10-08T08:11:24.328+0000] {logging_mixin.py:190} INFO - [2024-10-08T08:11:24.328+0000] {dag.py:3239} INFO - Sync 1 DAGs
[2024-10-08T08:11:24.365+0000] {logging_mixin.py:190} INFO - [2024-10-08T08:11:24.364+0000] {dag.py:4180} INFO - Setting next_dagrun for example_nested_branch_dag to 2024-10-07 00:00:00+00:00, run_after=2024-10-08 00:00:00+00:00
[2024-10-08T08:11:24.399+0000] {processor.py:208} INFO - Processing /root/miniconda3/envs/project/lib/python3.8/site-packages/airflow/example_dags/example_nested_branch_dag.py took 0.147 seconds
[2024-10-08T08:13:02.324+0000] {processor.py:186} INFO - Started process (PID=211067) to work on /root/miniconda3/envs/project/lib/python3.8/site-packages/airflow/example_dags/example_nested_branch_dag.py
[2024-10-08T08:13:02.327+0000] {processor.py:914} INFO - Processing file /root/miniconda3/envs/project/lib/python3.8/site-packages/airflow/example_dags/example_nested_branch_dag.py for tasks to queue
[2024-10-08T08:13:02.330+0000] {logging_mixin.py:190} INFO - [2024-10-08T08:13:02.329+0000] {dagbag.py:588} INFO - Filling up the DagBag from /root/miniconda3/envs/project/lib/python3.8/site-packages/airflow/example_dags/example_nested_branch_dag.py
[2024-10-08T08:13:02.350+0000] {processor.py:925} INFO - DAG(s) 'example_nested_branch_dag' retrieved from /root/miniconda3/envs/project/lib/python3.8/site-packages/airflow/example_dags/example_nested_branch_dag.py
[2024-10-08T08:13:02.378+0000] {logging_mixin.py:190} INFO - [2024-10-08T08:13:02.378+0000] {dag.py:3239} INFO - Sync 1 DAGs
[2024-10-08T08:13:02.411+0000] {logging_mixin.py:190} INFO - [2024-10-08T08:13:02.411+0000] {dag.py:4180} INFO - Setting next_dagrun for example_nested_branch_dag to 2024-10-07 00:00:00+00:00, run_after=2024-10-08 00:00:00+00:00
[2024-10-08T08:13:02.445+0000] {processor.py:208} INFO - Processing /root/miniconda3/envs/project/lib/python3.8/site-packages/airflow/example_dags/example_nested_branch_dag.py took 0.133 seconds
[2024-10-08T08:14:07.316+0000] {processor.py:186} INFO - Started process (PID=211269) to work on /root/miniconda3/envs/project/lib/python3.8/site-packages/airflow/example_dags/example_nested_branch_dag.py
[2024-10-08T08:14:07.319+0000] {processor.py:914} INFO - Processing file /root/miniconda3/envs/project/lib/python3.8/site-packages/airflow/example_dags/example_nested_branch_dag.py for tasks to queue
[2024-10-08T08:14:07.322+0000] {logging_mixin.py:190} INFO - [2024-10-08T08:14:07.322+0000] {dagbag.py:588} INFO - Filling up the DagBag from /root/miniconda3/envs/project/lib/python3.8/site-packages/airflow/example_dags/example_nested_branch_dag.py
[2024-10-08T08:14:07.340+0000] {processor.py:925} INFO - DAG(s) 'example_nested_branch_dag' retrieved from /root/miniconda3/envs/project/lib/python3.8/site-packages/airflow/example_dags/example_nested_branch_dag.py
[2024-10-08T08:14:07.366+0000] {logging_mixin.py:190} INFO - [2024-10-08T08:14:07.366+0000] {dag.py:3239} INFO - Sync 1 DAGs
[2024-10-08T08:14:07.397+0000] {logging_mixin.py:190} INFO - [2024-10-08T08:14:07.397+0000] {dag.py:4180} INFO - Setting next_dagrun for example_nested_branch_dag to 2024-10-07 00:00:00+00:00, run_after=2024-10-08 00:00:00+00:00
[2024-10-08T08:14:07.430+0000] {processor.py:208} INFO - Processing /root/miniconda3/envs/project/lib/python3.8/site-packages/airflow/example_dags/example_nested_branch_dag.py took 0.126 seconds
[2024-10-08T08:15:16.412+0000] {processor.py:186} INFO - Started process (PID=211520) to work on /root/miniconda3/envs/project/lib/python3.8/site-packages/airflow/example_dags/example_nested_branch_dag.py
[2024-10-08T08:15:16.415+0000] {processor.py:914} INFO - Processing file /root/miniconda3/envs/project/lib/python3.8/site-packages/airflow/example_dags/example_nested_branch_dag.py for tasks to queue
[2024-10-08T08:15:16.419+0000] {logging_mixin.py:190} INFO - [2024-10-08T08:15:16.418+0000] {dagbag.py:588} INFO - Filling up the DagBag from /root/miniconda3/envs/project/lib/python3.8/site-packages/airflow/example_dags/example_nested_branch_dag.py
[2024-10-08T08:15:16.438+0000] {processor.py:925} INFO - DAG(s) 'example_nested_branch_dag' retrieved from /root/miniconda3/envs/project/lib/python3.8/site-packages/airflow/example_dags/example_nested_branch_dag.py
[2024-10-08T08:15:16.464+0000] {logging_mixin.py:190} INFO - [2024-10-08T08:15:16.464+0000] {dag.py:3239} INFO - Sync 1 DAGs
[2024-10-08T08:15:16.493+0000] {logging_mixin.py:190} INFO - [2024-10-08T08:15:16.493+0000] {dag.py:4180} INFO - Setting next_dagrun for example_nested_branch_dag to 2024-10-07 00:00:00+00:00, run_after=2024-10-08 00:00:00+00:00
[2024-10-08T08:15:16.525+0000] {processor.py:208} INFO - Processing /root/miniconda3/envs/project/lib/python3.8/site-packages/airflow/example_dags/example_nested_branch_dag.py took 0.124 seconds
[2024-10-08T08:16:24.771+0000] {processor.py:186} INFO - Started process (PID=211724) to work on /root/miniconda3/envs/project/lib/python3.8/site-packages/airflow/example_dags/example_nested_branch_dag.py
[2024-10-08T08:16:24.775+0000] {processor.py:914} INFO - Processing file /root/miniconda3/envs/project/lib/python3.8/site-packages/airflow/example_dags/example_nested_branch_dag.py for tasks to queue
[2024-10-08T08:16:24.778+0000] {logging_mixin.py:190} INFO - [2024-10-08T08:16:24.777+0000] {dagbag.py:588} INFO - Filling up the DagBag from /root/miniconda3/envs/project/lib/python3.8/site-packages/airflow/example_dags/example_nested_branch_dag.py
[2024-10-08T08:16:24.797+0000] {processor.py:925} INFO - DAG(s) 'example_nested_branch_dag' retrieved from /root/miniconda3/envs/project/lib/python3.8/site-packages/airflow/example_dags/example_nested_branch_dag.py
[2024-10-08T08:16:24.825+0000] {logging_mixin.py:190} INFO - [2024-10-08T08:16:24.824+0000] {dag.py:3239} INFO - Sync 1 DAGs
[2024-10-08T08:16:24.857+0000] {logging_mixin.py:190} INFO - [2024-10-08T08:16:24.857+0000] {dag.py:4180} INFO - Setting next_dagrun for example_nested_branch_dag to 2024-10-07 00:00:00+00:00, run_after=2024-10-08 00:00:00+00:00
[2024-10-08T08:16:24.889+0000] {processor.py:208} INFO - Processing /root/miniconda3/envs/project/lib/python3.8/site-packages/airflow/example_dags/example_nested_branch_dag.py took 0.131 seconds
[2024-10-08T08:17:35.413+0000] {processor.py:186} INFO - Started process (PID=211996) to work on /root/miniconda3/envs/project/lib/python3.8/site-packages/airflow/example_dags/example_nested_branch_dag.py
[2024-10-08T08:17:35.416+0000] {processor.py:914} INFO - Processing file /root/miniconda3/envs/project/lib/python3.8/site-packages/airflow/example_dags/example_nested_branch_dag.py for tasks to queue
[2024-10-08T08:17:35.419+0000] {logging_mixin.py:190} INFO - [2024-10-08T08:17:35.419+0000] {dagbag.py:588} INFO - Filling up the DagBag from /root/miniconda3/envs/project/lib/python3.8/site-packages/airflow/example_dags/example_nested_branch_dag.py
[2024-10-08T08:17:35.438+0000] {processor.py:925} INFO - DAG(s) 'example_nested_branch_dag' retrieved from /root/miniconda3/envs/project/lib/python3.8/site-packages/airflow/example_dags/example_nested_branch_dag.py
[2024-10-08T08:17:35.464+0000] {logging_mixin.py:190} INFO - [2024-10-08T08:17:35.463+0000] {dag.py:3239} INFO - Sync 1 DAGs
[2024-10-08T08:17:35.494+0000] {logging_mixin.py:190} INFO - [2024-10-08T08:17:35.494+0000] {dag.py:4180} INFO - Setting next_dagrun for example_nested_branch_dag to 2024-10-07 00:00:00+00:00, run_after=2024-10-08 00:00:00+00:00
[2024-10-08T08:17:35.527+0000] {processor.py:208} INFO - Processing /root/miniconda3/envs/project/lib/python3.8/site-packages/airflow/example_dags/example_nested_branch_dag.py took 0.124 seconds
[2024-10-08T08:18:44.884+0000] {processor.py:186} INFO - Started process (PID=212222) to work on /root/miniconda3/envs/project/lib/python3.8/site-packages/airflow/example_dags/example_nested_branch_dag.py
[2024-10-08T08:18:44.887+0000] {processor.py:914} INFO - Processing file /root/miniconda3/envs/project/lib/python3.8/site-packages/airflow/example_dags/example_nested_branch_dag.py for tasks to queue
[2024-10-08T08:18:44.890+0000] {logging_mixin.py:190} INFO - [2024-10-08T08:18:44.889+0000] {dagbag.py:588} INFO - Filling up the DagBag from /root/miniconda3/envs/project/lib/python3.8/site-packages/airflow/example_dags/example_nested_branch_dag.py
[2024-10-08T08:18:44.908+0000] {processor.py:925} INFO - DAG(s) 'example_nested_branch_dag' retrieved from /root/miniconda3/envs/project/lib/python3.8/site-packages/airflow/example_dags/example_nested_branch_dag.py
[2024-10-08T08:18:44.933+0000] {logging_mixin.py:190} INFO - [2024-10-08T08:18:44.933+0000] {dag.py:3239} INFO - Sync 1 DAGs
[2024-10-08T08:18:44.963+0000] {logging_mixin.py:190} INFO - [2024-10-08T08:18:44.963+0000] {dag.py:4180} INFO - Setting next_dagrun for example_nested_branch_dag to 2024-10-07 00:00:00+00:00, run_after=2024-10-08 00:00:00+00:00
[2024-10-08T08:18:44.998+0000] {processor.py:208} INFO - Processing /root/miniconda3/envs/project/lib/python3.8/site-packages/airflow/example_dags/example_nested_branch_dag.py took 0.126 seconds
[2024-10-08T08:19:53.842+0000] {processor.py:186} INFO - Started process (PID=212424) to work on /root/miniconda3/envs/project/lib/python3.8/site-packages/airflow/example_dags/example_nested_branch_dag.py
[2024-10-08T08:19:53.845+0000] {processor.py:914} INFO - Processing file /root/miniconda3/envs/project/lib/python3.8/site-packages/airflow/example_dags/example_nested_branch_dag.py for tasks to queue
[2024-10-08T08:19:53.848+0000] {logging_mixin.py:190} INFO - [2024-10-08T08:19:53.848+0000] {dagbag.py:588} INFO - Filling up the DagBag from /root/miniconda3/envs/project/lib/python3.8/site-packages/airflow/example_dags/example_nested_branch_dag.py
[2024-10-08T08:19:53.866+0000] {processor.py:925} INFO - DAG(s) 'example_nested_branch_dag' retrieved from /root/miniconda3/envs/project/lib/python3.8/site-packages/airflow/example_dags/example_nested_branch_dag.py
[2024-10-08T08:19:53.891+0000] {logging_mixin.py:190} INFO - [2024-10-08T08:19:53.891+0000] {dag.py:3239} INFO - Sync 1 DAGs
[2024-10-08T08:19:53.920+0000] {logging_mixin.py:190} INFO - [2024-10-08T08:19:53.919+0000] {dag.py:4180} INFO - Setting next_dagrun for example_nested_branch_dag to 2024-10-07 00:00:00+00:00, run_after=2024-10-08 00:00:00+00:00
[2024-10-08T08:19:53.949+0000] {processor.py:208} INFO - Processing /root/miniconda3/envs/project/lib/python3.8/site-packages/airflow/example_dags/example_nested_branch_dag.py took 0.118 seconds
[2024-10-08T08:21:03.007+0000] {processor.py:186} INFO - Started process (PID=212614) to work on /root/miniconda3/envs/project/lib/python3.8/site-packages/airflow/example_dags/example_nested_branch_dag.py
[2024-10-08T08:21:03.009+0000] {processor.py:914} INFO - Processing file /root/miniconda3/envs/project/lib/python3.8/site-packages/airflow/example_dags/example_nested_branch_dag.py for tasks to queue
[2024-10-08T08:21:03.012+0000] {logging_mixin.py:190} INFO - [2024-10-08T08:21:03.012+0000] {dagbag.py:588} INFO - Filling up the DagBag from /root/miniconda3/envs/project/lib/python3.8/site-packages/airflow/example_dags/example_nested_branch_dag.py
[2024-10-08T08:21:03.030+0000] {processor.py:925} INFO - DAG(s) 'example_nested_branch_dag' retrieved from /root/miniconda3/envs/project/lib/python3.8/site-packages/airflow/example_dags/example_nested_branch_dag.py
[2024-10-08T08:21:03.055+0000] {logging_mixin.py:190} INFO - [2024-10-08T08:21:03.055+0000] {dag.py:3239} INFO - Sync 1 DAGs
[2024-10-08T08:21:03.084+0000] {logging_mixin.py:190} INFO - [2024-10-08T08:21:03.083+0000] {dag.py:4180} INFO - Setting next_dagrun for example_nested_branch_dag to 2024-10-07 00:00:00+00:00, run_after=2024-10-08 00:00:00+00:00
[2024-10-08T08:21:03.117+0000] {processor.py:208} INFO - Processing /root/miniconda3/envs/project/lib/python3.8/site-packages/airflow/example_dags/example_nested_branch_dag.py took 0.120 seconds
[2024-10-08T08:22:13.358+0000] {processor.py:186} INFO - Started process (PID=212822) to work on /root/miniconda3/envs/project/lib/python3.8/site-packages/airflow/example_dags/example_nested_branch_dag.py
[2024-10-08T08:22:13.362+0000] {processor.py:914} INFO - Processing file /root/miniconda3/envs/project/lib/python3.8/site-packages/airflow/example_dags/example_nested_branch_dag.py for tasks to queue
[2024-10-08T08:22:13.365+0000] {logging_mixin.py:190} INFO - [2024-10-08T08:22:13.365+0000] {dagbag.py:588} INFO - Filling up the DagBag from /root/miniconda3/envs/project/lib/python3.8/site-packages/airflow/example_dags/example_nested_branch_dag.py
[2024-10-08T08:22:13.384+0000] {processor.py:925} INFO - DAG(s) 'example_nested_branch_dag' retrieved from /root/miniconda3/envs/project/lib/python3.8/site-packages/airflow/example_dags/example_nested_branch_dag.py
[2024-10-08T08:22:13.411+0000] {logging_mixin.py:190} INFO - [2024-10-08T08:22:13.410+0000] {dag.py:3239} INFO - Sync 1 DAGs
[2024-10-08T08:22:13.441+0000] {logging_mixin.py:190} INFO - [2024-10-08T08:22:13.440+0000] {dag.py:4180} INFO - Setting next_dagrun for example_nested_branch_dag to 2024-10-07 00:00:00+00:00, run_after=2024-10-08 00:00:00+00:00
[2024-10-08T08:22:13.471+0000] {processor.py:208} INFO - Processing /root/miniconda3/envs/project/lib/python3.8/site-packages/airflow/example_dags/example_nested_branch_dag.py took 0.123 seconds
[2024-10-08T08:23:20.793+0000] {processor.py:186} INFO - Started process (PID=213067) to work on /root/miniconda3/envs/project/lib/python3.8/site-packages/airflow/example_dags/example_nested_branch_dag.py
[2024-10-08T08:23:20.796+0000] {processor.py:914} INFO - Processing file /root/miniconda3/envs/project/lib/python3.8/site-packages/airflow/example_dags/example_nested_branch_dag.py for tasks to queue
[2024-10-08T08:23:20.799+0000] {logging_mixin.py:190} INFO - [2024-10-08T08:23:20.798+0000] {dagbag.py:588} INFO - Filling up the DagBag from /root/miniconda3/envs/project/lib/python3.8/site-packages/airflow/example_dags/example_nested_branch_dag.py
[2024-10-08T08:23:20.817+0000] {processor.py:925} INFO - DAG(s) 'example_nested_branch_dag' retrieved from /root/miniconda3/envs/project/lib/python3.8/site-packages/airflow/example_dags/example_nested_branch_dag.py
[2024-10-08T08:23:20.843+0000] {logging_mixin.py:190} INFO - [2024-10-08T08:23:20.842+0000] {dag.py:3239} INFO - Sync 1 DAGs
[2024-10-08T08:23:20.872+0000] {logging_mixin.py:190} INFO - [2024-10-08T08:23:20.872+0000] {dag.py:4180} INFO - Setting next_dagrun for example_nested_branch_dag to 2024-10-07 00:00:00+00:00, run_after=2024-10-08 00:00:00+00:00
[2024-10-08T08:23:20.909+0000] {processor.py:208} INFO - Processing /root/miniconda3/envs/project/lib/python3.8/site-packages/airflow/example_dags/example_nested_branch_dag.py took 0.128 seconds
[2024-10-08T08:24:24.566+0000] {processor.py:186} INFO - Started process (PID=213252) to work on /root/miniconda3/envs/project/lib/python3.8/site-packages/airflow/example_dags/example_nested_branch_dag.py
[2024-10-08T08:24:24.569+0000] {processor.py:914} INFO - Processing file /root/miniconda3/envs/project/lib/python3.8/site-packages/airflow/example_dags/example_nested_branch_dag.py for tasks to queue
[2024-10-08T08:24:24.572+0000] {logging_mixin.py:190} INFO - [2024-10-08T08:24:24.571+0000] {dagbag.py:588} INFO - Filling up the DagBag from /root/miniconda3/envs/project/lib/python3.8/site-packages/airflow/example_dags/example_nested_branch_dag.py
[2024-10-08T08:24:24.590+0000] {processor.py:925} INFO - DAG(s) 'example_nested_branch_dag' retrieved from /root/miniconda3/envs/project/lib/python3.8/site-packages/airflow/example_dags/example_nested_branch_dag.py
[2024-10-08T08:24:24.616+0000] {logging_mixin.py:190} INFO - [2024-10-08T08:24:24.616+0000] {dag.py:3239} INFO - Sync 1 DAGs
[2024-10-08T08:24:24.647+0000] {logging_mixin.py:190} INFO - [2024-10-08T08:24:24.647+0000] {dag.py:4180} INFO - Setting next_dagrun for example_nested_branch_dag to 2024-10-07 00:00:00+00:00, run_after=2024-10-08 00:00:00+00:00
[2024-10-08T08:24:24.678+0000] {processor.py:208} INFO - Processing /root/miniconda3/envs/project/lib/python3.8/site-packages/airflow/example_dags/example_nested_branch_dag.py took 0.123 seconds
[2024-10-08T08:37:14.490+0000] {processor.py:186} INFO - Started process (PID=214983) to work on /root/miniconda3/envs/project/lib/python3.8/site-packages/airflow/example_dags/example_nested_branch_dag.py
[2024-10-08T08:37:14.493+0000] {processor.py:914} INFO - Processing file /root/miniconda3/envs/project/lib/python3.8/site-packages/airflow/example_dags/example_nested_branch_dag.py for tasks to queue
[2024-10-08T08:37:14.497+0000] {logging_mixin.py:190} INFO - [2024-10-08T08:37:14.496+0000] {dagbag.py:588} INFO - Filling up the DagBag from /root/miniconda3/envs/project/lib/python3.8/site-packages/airflow/example_dags/example_nested_branch_dag.py
[2024-10-08T08:37:14.515+0000] {processor.py:925} INFO - DAG(s) 'example_nested_branch_dag' retrieved from /root/miniconda3/envs/project/lib/python3.8/site-packages/airflow/example_dags/example_nested_branch_dag.py
[2024-10-08T08:37:14.543+0000] {logging_mixin.py:190} INFO - [2024-10-08T08:37:14.543+0000] {dag.py:3239} INFO - Sync 1 DAGs
[2024-10-08T08:37:14.575+0000] {logging_mixin.py:190} INFO - [2024-10-08T08:37:14.575+0000] {dag.py:4180} INFO - Setting next_dagrun for example_nested_branch_dag to 2024-10-07 00:00:00+00:00, run_after=2024-10-08 00:00:00+00:00
[2024-10-08T08:37:14.611+0000] {processor.py:208} INFO - Processing /root/miniconda3/envs/project/lib/python3.8/site-packages/airflow/example_dags/example_nested_branch_dag.py took 0.133 seconds
[2024-10-08T08:38:20.990+0000] {processor.py:186} INFO - Started process (PID=215224) to work on /root/miniconda3/envs/project/lib/python3.8/site-packages/airflow/example_dags/example_nested_branch_dag.py
[2024-10-08T08:38:20.993+0000] {processor.py:914} INFO - Processing file /root/miniconda3/envs/project/lib/python3.8/site-packages/airflow/example_dags/example_nested_branch_dag.py for tasks to queue
[2024-10-08T08:38:20.996+0000] {logging_mixin.py:190} INFO - [2024-10-08T08:38:20.995+0000] {dagbag.py:588} INFO - Filling up the DagBag from /root/miniconda3/envs/project/lib/python3.8/site-packages/airflow/example_dags/example_nested_branch_dag.py
[2024-10-08T08:38:21.013+0000] {processor.py:925} INFO - DAG(s) 'example_nested_branch_dag' retrieved from /root/miniconda3/envs/project/lib/python3.8/site-packages/airflow/example_dags/example_nested_branch_dag.py
[2024-10-08T08:38:21.039+0000] {logging_mixin.py:190} INFO - [2024-10-08T08:38:21.038+0000] {dag.py:3239} INFO - Sync 1 DAGs
[2024-10-08T08:38:21.068+0000] {logging_mixin.py:190} INFO - [2024-10-08T08:38:21.068+0000] {dag.py:4180} INFO - Setting next_dagrun for example_nested_branch_dag to 2024-10-07 00:00:00+00:00, run_after=2024-10-08 00:00:00+00:00
[2024-10-08T08:38:21.101+0000] {processor.py:208} INFO - Processing /root/miniconda3/envs/project/lib/python3.8/site-packages/airflow/example_dags/example_nested_branch_dag.py took 0.121 seconds
[2024-10-08T08:39:31.360+0000] {processor.py:186} INFO - Started process (PID=215630) to work on /root/miniconda3/envs/project/lib/python3.8/site-packages/airflow/example_dags/example_nested_branch_dag.py
[2024-10-08T08:39:31.363+0000] {processor.py:914} INFO - Processing file /root/miniconda3/envs/project/lib/python3.8/site-packages/airflow/example_dags/example_nested_branch_dag.py for tasks to queue
[2024-10-08T08:39:31.366+0000] {logging_mixin.py:190} INFO - [2024-10-08T08:39:31.365+0000] {dagbag.py:588} INFO - Filling up the DagBag from /root/miniconda3/envs/project/lib/python3.8/site-packages/airflow/example_dags/example_nested_branch_dag.py
[2024-10-08T08:39:31.384+0000] {processor.py:925} INFO - DAG(s) 'example_nested_branch_dag' retrieved from /root/miniconda3/envs/project/lib/python3.8/site-packages/airflow/example_dags/example_nested_branch_dag.py
[2024-10-08T08:39:31.411+0000] {logging_mixin.py:190} INFO - [2024-10-08T08:39:31.410+0000] {dag.py:3239} INFO - Sync 1 DAGs
[2024-10-08T08:39:31.441+0000] {logging_mixin.py:190} INFO - [2024-10-08T08:39:31.440+0000] {dag.py:4180} INFO - Setting next_dagrun for example_nested_branch_dag to 2024-10-07 00:00:00+00:00, run_after=2024-10-08 00:00:00+00:00
[2024-10-08T08:39:31.472+0000] {processor.py:208} INFO - Processing /root/miniconda3/envs/project/lib/python3.8/site-packages/airflow/example_dags/example_nested_branch_dag.py took 0.124 seconds
[2024-10-08T08:40:41.628+0000] {processor.py:186} INFO - Started process (PID=216038) to work on /root/miniconda3/envs/project/lib/python3.8/site-packages/airflow/example_dags/example_nested_branch_dag.py
[2024-10-08T08:40:41.631+0000] {processor.py:914} INFO - Processing file /root/miniconda3/envs/project/lib/python3.8/site-packages/airflow/example_dags/example_nested_branch_dag.py for tasks to queue
[2024-10-08T08:40:41.635+0000] {logging_mixin.py:190} INFO - [2024-10-08T08:40:41.634+0000] {dagbag.py:588} INFO - Filling up the DagBag from /root/miniconda3/envs/project/lib/python3.8/site-packages/airflow/example_dags/example_nested_branch_dag.py
[2024-10-08T08:40:41.653+0000] {processor.py:925} INFO - DAG(s) 'example_nested_branch_dag' retrieved from /root/miniconda3/envs/project/lib/python3.8/site-packages/airflow/example_dags/example_nested_branch_dag.py
[2024-10-08T08:40:41.681+0000] {logging_mixin.py:190} INFO - [2024-10-08T08:40:41.681+0000] {dag.py:3239} INFO - Sync 1 DAGs
[2024-10-08T08:40:41.712+0000] {logging_mixin.py:190} INFO - [2024-10-08T08:40:41.712+0000] {dag.py:4180} INFO - Setting next_dagrun for example_nested_branch_dag to 2024-10-07 00:00:00+00:00, run_after=2024-10-08 00:00:00+00:00
[2024-10-08T08:40:41.746+0000] {processor.py:208} INFO - Processing /root/miniconda3/envs/project/lib/python3.8/site-packages/airflow/example_dags/example_nested_branch_dag.py took 0.130 seconds
[2024-10-08T08:41:48.783+0000] {processor.py:186} INFO - Started process (PID=216496) to work on /root/miniconda3/envs/project/lib/python3.8/site-packages/airflow/example_dags/example_nested_branch_dag.py
[2024-10-08T08:41:48.786+0000] {processor.py:914} INFO - Processing file /root/miniconda3/envs/project/lib/python3.8/site-packages/airflow/example_dags/example_nested_branch_dag.py for tasks to queue
[2024-10-08T08:41:48.789+0000] {logging_mixin.py:190} INFO - [2024-10-08T08:41:48.789+0000] {dagbag.py:588} INFO - Filling up the DagBag from /root/miniconda3/envs/project/lib/python3.8/site-packages/airflow/example_dags/example_nested_branch_dag.py
[2024-10-08T08:41:48.808+0000] {processor.py:925} INFO - DAG(s) 'example_nested_branch_dag' retrieved from /root/miniconda3/envs/project/lib/python3.8/site-packages/airflow/example_dags/example_nested_branch_dag.py
[2024-10-08T08:41:48.834+0000] {logging_mixin.py:190} INFO - [2024-10-08T08:41:48.834+0000] {dag.py:3239} INFO - Sync 1 DAGs
[2024-10-08T08:41:48.864+0000] {logging_mixin.py:190} INFO - [2024-10-08T08:41:48.863+0000] {dag.py:4180} INFO - Setting next_dagrun for example_nested_branch_dag to 2024-10-07 00:00:00+00:00, run_after=2024-10-08 00:00:00+00:00
[2024-10-08T08:41:48.897+0000] {processor.py:208} INFO - Processing /root/miniconda3/envs/project/lib/python3.8/site-packages/airflow/example_dags/example_nested_branch_dag.py took 0.126 seconds
[2024-10-08T08:42:55.607+0000] {processor.py:186} INFO - Started process (PID=216715) to work on /root/miniconda3/envs/project/lib/python3.8/site-packages/airflow/example_dags/example_nested_branch_dag.py
[2024-10-08T08:42:55.609+0000] {processor.py:914} INFO - Processing file /root/miniconda3/envs/project/lib/python3.8/site-packages/airflow/example_dags/example_nested_branch_dag.py for tasks to queue
[2024-10-08T08:42:55.613+0000] {logging_mixin.py:190} INFO - [2024-10-08T08:42:55.612+0000] {dagbag.py:588} INFO - Filling up the DagBag from /root/miniconda3/envs/project/lib/python3.8/site-packages/airflow/example_dags/example_nested_branch_dag.py
[2024-10-08T08:42:55.631+0000] {processor.py:925} INFO - DAG(s) 'example_nested_branch_dag' retrieved from /root/miniconda3/envs/project/lib/python3.8/site-packages/airflow/example_dags/example_nested_branch_dag.py
[2024-10-08T08:42:55.660+0000] {logging_mixin.py:190} INFO - [2024-10-08T08:42:55.659+0000] {dag.py:3239} INFO - Sync 1 DAGs
[2024-10-08T08:42:55.690+0000] {logging_mixin.py:190} INFO - [2024-10-08T08:42:55.690+0000] {dag.py:4180} INFO - Setting next_dagrun for example_nested_branch_dag to 2024-10-07 00:00:00+00:00, run_after=2024-10-08 00:00:00+00:00
[2024-10-08T08:42:55.725+0000] {processor.py:208} INFO - Processing /root/miniconda3/envs/project/lib/python3.8/site-packages/airflow/example_dags/example_nested_branch_dag.py took 0.131 seconds
[2024-10-08T08:44:03.695+0000] {processor.py:186} INFO - Started process (PID=216936) to work on /root/miniconda3/envs/project/lib/python3.8/site-packages/airflow/example_dags/example_nested_branch_dag.py
[2024-10-08T08:44:03.698+0000] {processor.py:914} INFO - Processing file /root/miniconda3/envs/project/lib/python3.8/site-packages/airflow/example_dags/example_nested_branch_dag.py for tasks to queue
[2024-10-08T08:44:03.701+0000] {logging_mixin.py:190} INFO - [2024-10-08T08:44:03.701+0000] {dagbag.py:588} INFO - Filling up the DagBag from /root/miniconda3/envs/project/lib/python3.8/site-packages/airflow/example_dags/example_nested_branch_dag.py
[2024-10-08T08:44:03.719+0000] {processor.py:925} INFO - DAG(s) 'example_nested_branch_dag' retrieved from /root/miniconda3/envs/project/lib/python3.8/site-packages/airflow/example_dags/example_nested_branch_dag.py
[2024-10-08T08:44:03.746+0000] {logging_mixin.py:190} INFO - [2024-10-08T08:44:03.746+0000] {dag.py:3239} INFO - Sync 1 DAGs
[2024-10-08T08:44:03.775+0000] {logging_mixin.py:190} INFO - [2024-10-08T08:44:03.775+0000] {dag.py:4180} INFO - Setting next_dagrun for example_nested_branch_dag to 2024-10-07 00:00:00+00:00, run_after=2024-10-08 00:00:00+00:00
[2024-10-08T08:44:03.814+0000] {processor.py:208} INFO - Processing /root/miniconda3/envs/project/lib/python3.8/site-packages/airflow/example_dags/example_nested_branch_dag.py took 0.131 seconds
[2024-10-08T08:45:16.706+0000] {processor.py:186} INFO - Started process (PID=217163) to work on /root/miniconda3/envs/project/lib/python3.8/site-packages/airflow/example_dags/example_nested_branch_dag.py
[2024-10-08T08:45:16.709+0000] {processor.py:914} INFO - Processing file /root/miniconda3/envs/project/lib/python3.8/site-packages/airflow/example_dags/example_nested_branch_dag.py for tasks to queue
[2024-10-08T08:45:16.713+0000] {logging_mixin.py:190} INFO - [2024-10-08T08:45:16.712+0000] {dagbag.py:588} INFO - Filling up the DagBag from /root/miniconda3/envs/project/lib/python3.8/site-packages/airflow/example_dags/example_nested_branch_dag.py
[2024-10-08T08:45:16.732+0000] {processor.py:925} INFO - DAG(s) 'example_nested_branch_dag' retrieved from /root/miniconda3/envs/project/lib/python3.8/site-packages/airflow/example_dags/example_nested_branch_dag.py
[2024-10-08T08:45:16.758+0000] {logging_mixin.py:190} INFO - [2024-10-08T08:45:16.758+0000] {dag.py:3239} INFO - Sync 1 DAGs
[2024-10-08T08:45:16.787+0000] {logging_mixin.py:190} INFO - [2024-10-08T08:45:16.787+0000] {dag.py:4180} INFO - Setting next_dagrun for example_nested_branch_dag to 2024-10-07 00:00:00+00:00, run_after=2024-10-08 00:00:00+00:00
[2024-10-08T08:45:16.822+0000] {processor.py:208} INFO - Processing /root/miniconda3/envs/project/lib/python3.8/site-packages/airflow/example_dags/example_nested_branch_dag.py took 0.128 seconds
[2024-10-08T08:46:30.180+0000] {processor.py:186} INFO - Started process (PID=217393) to work on /root/miniconda3/envs/project/lib/python3.8/site-packages/airflow/example_dags/example_nested_branch_dag.py
[2024-10-08T08:46:30.183+0000] {processor.py:914} INFO - Processing file /root/miniconda3/envs/project/lib/python3.8/site-packages/airflow/example_dags/example_nested_branch_dag.py for tasks to queue
[2024-10-08T08:46:30.186+0000] {logging_mixin.py:190} INFO - [2024-10-08T08:46:30.186+0000] {dagbag.py:588} INFO - Filling up the DagBag from /root/miniconda3/envs/project/lib/python3.8/site-packages/airflow/example_dags/example_nested_branch_dag.py
[2024-10-08T08:46:30.204+0000] {processor.py:925} INFO - DAG(s) 'example_nested_branch_dag' retrieved from /root/miniconda3/envs/project/lib/python3.8/site-packages/airflow/example_dags/example_nested_branch_dag.py
[2024-10-08T08:46:30.230+0000] {logging_mixin.py:190} INFO - [2024-10-08T08:46:30.229+0000] {dag.py:3239} INFO - Sync 1 DAGs
[2024-10-08T08:46:30.259+0000] {logging_mixin.py:190} INFO - [2024-10-08T08:46:30.259+0000] {dag.py:4180} INFO - Setting next_dagrun for example_nested_branch_dag to 2024-10-07 00:00:00+00:00, run_after=2024-10-08 00:00:00+00:00
[2024-10-08T08:46:30.291+0000] {processor.py:208} INFO - Processing /root/miniconda3/envs/project/lib/python3.8/site-packages/airflow/example_dags/example_nested_branch_dag.py took 0.122 seconds
[2024-10-08T08:47:42.758+0000] {processor.py:186} INFO - Started process (PID=217879) to work on /root/miniconda3/envs/project/lib/python3.8/site-packages/airflow/example_dags/example_nested_branch_dag.py
[2024-10-08T08:47:42.761+0000] {processor.py:914} INFO - Processing file /root/miniconda3/envs/project/lib/python3.8/site-packages/airflow/example_dags/example_nested_branch_dag.py for tasks to queue
[2024-10-08T08:47:42.764+0000] {logging_mixin.py:190} INFO - [2024-10-08T08:47:42.763+0000] {dagbag.py:588} INFO - Filling up the DagBag from /root/miniconda3/envs/project/lib/python3.8/site-packages/airflow/example_dags/example_nested_branch_dag.py
[2024-10-08T08:47:42.782+0000] {processor.py:925} INFO - DAG(s) 'example_nested_branch_dag' retrieved from /root/miniconda3/envs/project/lib/python3.8/site-packages/airflow/example_dags/example_nested_branch_dag.py
[2024-10-08T08:47:42.808+0000] {logging_mixin.py:190} INFO - [2024-10-08T08:47:42.807+0000] {dag.py:3239} INFO - Sync 1 DAGs
[2024-10-08T08:47:42.837+0000] {logging_mixin.py:190} INFO - [2024-10-08T08:47:42.837+0000] {dag.py:4180} INFO - Setting next_dagrun for example_nested_branch_dag to 2024-10-07 00:00:00+00:00, run_after=2024-10-08 00:00:00+00:00
[2024-10-08T08:47:42.873+0000] {processor.py:208} INFO - Processing /root/miniconda3/envs/project/lib/python3.8/site-packages/airflow/example_dags/example_nested_branch_dag.py took 0.126 seconds
[2024-10-08T08:48:53.887+0000] {processor.py:186} INFO - Started process (PID=218103) to work on /root/miniconda3/envs/project/lib/python3.8/site-packages/airflow/example_dags/example_nested_branch_dag.py
[2024-10-08T08:48:53.891+0000] {processor.py:914} INFO - Processing file /root/miniconda3/envs/project/lib/python3.8/site-packages/airflow/example_dags/example_nested_branch_dag.py for tasks to queue
[2024-10-08T08:48:53.894+0000] {logging_mixin.py:190} INFO - [2024-10-08T08:48:53.893+0000] {dagbag.py:588} INFO - Filling up the DagBag from /root/miniconda3/envs/project/lib/python3.8/site-packages/airflow/example_dags/example_nested_branch_dag.py
[2024-10-08T08:48:53.911+0000] {processor.py:925} INFO - DAG(s) 'example_nested_branch_dag' retrieved from /root/miniconda3/envs/project/lib/python3.8/site-packages/airflow/example_dags/example_nested_branch_dag.py
[2024-10-08T08:48:53.936+0000] {logging_mixin.py:190} INFO - [2024-10-08T08:48:53.936+0000] {dag.py:3239} INFO - Sync 1 DAGs
[2024-10-08T08:48:53.966+0000] {logging_mixin.py:190} INFO - [2024-10-08T08:48:53.965+0000] {dag.py:4180} INFO - Setting next_dagrun for example_nested_branch_dag to 2024-10-07 00:00:00+00:00, run_after=2024-10-08 00:00:00+00:00
[2024-10-08T08:48:53.997+0000] {processor.py:208} INFO - Processing /root/miniconda3/envs/project/lib/python3.8/site-packages/airflow/example_dags/example_nested_branch_dag.py took 0.120 seconds
[2024-10-08T08:50:04.536+0000] {processor.py:186} INFO - Started process (PID=218325) to work on /root/miniconda3/envs/project/lib/python3.8/site-packages/airflow/example_dags/example_nested_branch_dag.py
[2024-10-08T08:50:04.539+0000] {processor.py:914} INFO - Processing file /root/miniconda3/envs/project/lib/python3.8/site-packages/airflow/example_dags/example_nested_branch_dag.py for tasks to queue
[2024-10-08T08:50:04.542+0000] {logging_mixin.py:190} INFO - [2024-10-08T08:50:04.542+0000] {dagbag.py:588} INFO - Filling up the DagBag from /root/miniconda3/envs/project/lib/python3.8/site-packages/airflow/example_dags/example_nested_branch_dag.py
[2024-10-08T08:50:04.560+0000] {processor.py:925} INFO - DAG(s) 'example_nested_branch_dag' retrieved from /root/miniconda3/envs/project/lib/python3.8/site-packages/airflow/example_dags/example_nested_branch_dag.py
[2024-10-08T08:50:04.585+0000] {logging_mixin.py:190} INFO - [2024-10-08T08:50:04.585+0000] {dag.py:3239} INFO - Sync 1 DAGs
[2024-10-08T08:50:04.614+0000] {logging_mixin.py:190} INFO - [2024-10-08T08:50:04.614+0000] {dag.py:4180} INFO - Setting next_dagrun for example_nested_branch_dag to 2024-10-07 00:00:00+00:00, run_after=2024-10-08 00:00:00+00:00
[2024-10-08T08:50:04.651+0000] {processor.py:208} INFO - Processing /root/miniconda3/envs/project/lib/python3.8/site-packages/airflow/example_dags/example_nested_branch_dag.py took 0.124 seconds
[2024-10-08T08:51:15.267+0000] {processor.py:186} INFO - Started process (PID=218672) to work on /root/miniconda3/envs/project/lib/python3.8/site-packages/airflow/example_dags/example_nested_branch_dag.py
[2024-10-08T08:51:15.270+0000] {processor.py:914} INFO - Processing file /root/miniconda3/envs/project/lib/python3.8/site-packages/airflow/example_dags/example_nested_branch_dag.py for tasks to queue
[2024-10-08T08:51:15.274+0000] {logging_mixin.py:190} INFO - [2024-10-08T08:51:15.273+0000] {dagbag.py:588} INFO - Filling up the DagBag from /root/miniconda3/envs/project/lib/python3.8/site-packages/airflow/example_dags/example_nested_branch_dag.py
[2024-10-08T08:51:15.292+0000] {processor.py:925} INFO - DAG(s) 'example_nested_branch_dag' retrieved from /root/miniconda3/envs/project/lib/python3.8/site-packages/airflow/example_dags/example_nested_branch_dag.py
[2024-10-08T08:51:15.319+0000] {logging_mixin.py:190} INFO - [2024-10-08T08:51:15.318+0000] {dag.py:3239} INFO - Sync 1 DAGs
[2024-10-08T08:51:15.357+0000] {logging_mixin.py:190} INFO - [2024-10-08T08:51:15.357+0000] {dag.py:4180} INFO - Setting next_dagrun for example_nested_branch_dag to 2024-10-07 00:00:00+00:00, run_after=2024-10-08 00:00:00+00:00
[2024-10-08T08:51:15.392+0000] {processor.py:208} INFO - Processing /root/miniconda3/envs/project/lib/python3.8/site-packages/airflow/example_dags/example_nested_branch_dag.py took 0.138 seconds
[2024-10-08T09:05:20.812+0000] {processor.py:186} INFO - Started process (PID=220022) to work on /root/miniconda3/envs/project/lib/python3.8/site-packages/airflow/example_dags/example_nested_branch_dag.py
[2024-10-08T09:05:20.815+0000] {processor.py:914} INFO - Processing file /root/miniconda3/envs/project/lib/python3.8/site-packages/airflow/example_dags/example_nested_branch_dag.py for tasks to queue
[2024-10-08T09:05:20.818+0000] {logging_mixin.py:190} INFO - [2024-10-08T09:05:20.818+0000] {dagbag.py:588} INFO - Filling up the DagBag from /root/miniconda3/envs/project/lib/python3.8/site-packages/airflow/example_dags/example_nested_branch_dag.py
[2024-10-08T09:05:20.836+0000] {processor.py:925} INFO - DAG(s) 'example_nested_branch_dag' retrieved from /root/miniconda3/envs/project/lib/python3.8/site-packages/airflow/example_dags/example_nested_branch_dag.py
[2024-10-08T09:05:20.865+0000] {logging_mixin.py:190} INFO - [2024-10-08T09:05:20.864+0000] {dag.py:3239} INFO - Sync 1 DAGs
[2024-10-08T09:05:20.896+0000] {logging_mixin.py:190} INFO - [2024-10-08T09:05:20.895+0000] {dag.py:4180} INFO - Setting next_dagrun for example_nested_branch_dag to 2024-10-07 00:00:00+00:00, run_after=2024-10-08 00:00:00+00:00
[2024-10-08T09:05:20.930+0000] {processor.py:208} INFO - Processing /root/miniconda3/envs/project/lib/python3.8/site-packages/airflow/example_dags/example_nested_branch_dag.py took 0.130 seconds
[2024-10-08T09:08:53.127+0000] {processor.py:186} INFO - Started process (PID=220808) to work on /root/miniconda3/envs/project/lib/python3.8/site-packages/airflow/example_dags/example_nested_branch_dag.py
[2024-10-08T09:08:53.130+0000] {processor.py:914} INFO - Processing file /root/miniconda3/envs/project/lib/python3.8/site-packages/airflow/example_dags/example_nested_branch_dag.py for tasks to queue
[2024-10-08T09:08:53.133+0000] {logging_mixin.py:190} INFO - [2024-10-08T09:08:53.133+0000] {dagbag.py:588} INFO - Filling up the DagBag from /root/miniconda3/envs/project/lib/python3.8/site-packages/airflow/example_dags/example_nested_branch_dag.py
[2024-10-08T09:08:53.152+0000] {processor.py:925} INFO - DAG(s) 'example_nested_branch_dag' retrieved from /root/miniconda3/envs/project/lib/python3.8/site-packages/airflow/example_dags/example_nested_branch_dag.py
[2024-10-08T09:08:53.181+0000] {logging_mixin.py:190} INFO - [2024-10-08T09:08:53.180+0000] {dag.py:3239} INFO - Sync 1 DAGs
[2024-10-08T09:08:53.212+0000] {logging_mixin.py:190} INFO - [2024-10-08T09:08:53.212+0000] {dag.py:4180} INFO - Setting next_dagrun for example_nested_branch_dag to 2024-10-07 00:00:00+00:00, run_after=2024-10-08 00:00:00+00:00
[2024-10-08T09:08:53.249+0000] {processor.py:208} INFO - Processing /root/miniconda3/envs/project/lib/python3.8/site-packages/airflow/example_dags/example_nested_branch_dag.py took 0.134 seconds
[2024-10-08T09:10:21.461+0000] {processor.py:186} INFO - Started process (PID=221525) to work on /root/miniconda3/envs/project/lib/python3.8/site-packages/airflow/example_dags/example_nested_branch_dag.py
[2024-10-08T09:10:21.464+0000] {processor.py:914} INFO - Processing file /root/miniconda3/envs/project/lib/python3.8/site-packages/airflow/example_dags/example_nested_branch_dag.py for tasks to queue
[2024-10-08T09:10:21.469+0000] {logging_mixin.py:190} INFO - [2024-10-08T09:10:21.468+0000] {dagbag.py:588} INFO - Filling up the DagBag from /root/miniconda3/envs/project/lib/python3.8/site-packages/airflow/example_dags/example_nested_branch_dag.py
[2024-10-08T09:10:21.489+0000] {processor.py:925} INFO - DAG(s) 'example_nested_branch_dag' retrieved from /root/miniconda3/envs/project/lib/python3.8/site-packages/airflow/example_dags/example_nested_branch_dag.py
[2024-10-08T09:10:21.517+0000] {logging_mixin.py:190} INFO - [2024-10-08T09:10:21.517+0000] {dag.py:3239} INFO - Sync 1 DAGs
[2024-10-08T09:10:21.548+0000] {logging_mixin.py:190} INFO - [2024-10-08T09:10:21.548+0000] {dag.py:4180} INFO - Setting next_dagrun for example_nested_branch_dag to 2024-10-07 00:00:00+00:00, run_after=2024-10-08 00:00:00+00:00
[2024-10-08T09:10:21.579+0000] {processor.py:208} INFO - Processing /root/miniconda3/envs/project/lib/python3.8/site-packages/airflow/example_dags/example_nested_branch_dag.py took 0.132 seconds
[2024-10-08T09:11:28.246+0000] {processor.py:186} INFO - Started process (PID=221732) to work on /root/miniconda3/envs/project/lib/python3.8/site-packages/airflow/example_dags/example_nested_branch_dag.py
[2024-10-08T09:11:28.248+0000] {processor.py:914} INFO - Processing file /root/miniconda3/envs/project/lib/python3.8/site-packages/airflow/example_dags/example_nested_branch_dag.py for tasks to queue
[2024-10-08T09:11:28.252+0000] {logging_mixin.py:190} INFO - [2024-10-08T09:11:28.251+0000] {dagbag.py:588} INFO - Filling up the DagBag from /root/miniconda3/envs/project/lib/python3.8/site-packages/airflow/example_dags/example_nested_branch_dag.py
[2024-10-08T09:11:28.270+0000] {processor.py:925} INFO - DAG(s) 'example_nested_branch_dag' retrieved from /root/miniconda3/envs/project/lib/python3.8/site-packages/airflow/example_dags/example_nested_branch_dag.py
[2024-10-08T09:11:28.296+0000] {logging_mixin.py:190} INFO - [2024-10-08T09:11:28.295+0000] {dag.py:3239} INFO - Sync 1 DAGs
[2024-10-08T09:11:28.326+0000] {logging_mixin.py:190} INFO - [2024-10-08T09:11:28.325+0000] {dag.py:4180} INFO - Setting next_dagrun for example_nested_branch_dag to 2024-10-07 00:00:00+00:00, run_after=2024-10-08 00:00:00+00:00
[2024-10-08T09:11:28.356+0000] {processor.py:208} INFO - Processing /root/miniconda3/envs/project/lib/python3.8/site-packages/airflow/example_dags/example_nested_branch_dag.py took 0.121 seconds
[2024-10-08T09:12:29.863+0000] {processor.py:186} INFO - Started process (PID=222057) to work on /root/miniconda3/envs/project/lib/python3.8/site-packages/airflow/example_dags/example_nested_branch_dag.py
[2024-10-08T09:12:29.866+0000] {processor.py:914} INFO - Processing file /root/miniconda3/envs/project/lib/python3.8/site-packages/airflow/example_dags/example_nested_branch_dag.py for tasks to queue
[2024-10-08T09:12:29.870+0000] {logging_mixin.py:190} INFO - [2024-10-08T09:12:29.869+0000] {dagbag.py:588} INFO - Filling up the DagBag from /root/miniconda3/envs/project/lib/python3.8/site-packages/airflow/example_dags/example_nested_branch_dag.py
[2024-10-08T09:12:29.888+0000] {processor.py:925} INFO - DAG(s) 'example_nested_branch_dag' retrieved from /root/miniconda3/envs/project/lib/python3.8/site-packages/airflow/example_dags/example_nested_branch_dag.py
[2024-10-08T09:12:29.915+0000] {logging_mixin.py:190} INFO - [2024-10-08T09:12:29.915+0000] {dag.py:3239} INFO - Sync 1 DAGs
[2024-10-08T09:12:29.946+0000] {logging_mixin.py:190} INFO - [2024-10-08T09:12:29.945+0000] {dag.py:4180} INFO - Setting next_dagrun for example_nested_branch_dag to 2024-10-07 00:00:00+00:00, run_after=2024-10-08 00:00:00+00:00
[2024-10-08T09:12:29.978+0000] {processor.py:208} INFO - Processing /root/miniconda3/envs/project/lib/python3.8/site-packages/airflow/example_dags/example_nested_branch_dag.py took 0.126 seconds
[2024-10-08T09:13:38.699+0000] {processor.py:186} INFO - Started process (PID=222400) to work on /root/miniconda3/envs/project/lib/python3.8/site-packages/airflow/example_dags/example_nested_branch_dag.py
[2024-10-08T09:13:38.702+0000] {processor.py:914} INFO - Processing file /root/miniconda3/envs/project/lib/python3.8/site-packages/airflow/example_dags/example_nested_branch_dag.py for tasks to queue
[2024-10-08T09:13:38.706+0000] {logging_mixin.py:190} INFO - [2024-10-08T09:13:38.705+0000] {dagbag.py:588} INFO - Filling up the DagBag from /root/miniconda3/envs/project/lib/python3.8/site-packages/airflow/example_dags/example_nested_branch_dag.py
[2024-10-08T09:13:38.725+0000] {processor.py:925} INFO - DAG(s) 'example_nested_branch_dag' retrieved from /root/miniconda3/envs/project/lib/python3.8/site-packages/airflow/example_dags/example_nested_branch_dag.py
[2024-10-08T09:13:38.752+0000] {logging_mixin.py:190} INFO - [2024-10-08T09:13:38.752+0000] {dag.py:3239} INFO - Sync 1 DAGs
[2024-10-08T09:13:38.783+0000] {logging_mixin.py:190} INFO - [2024-10-08T09:13:38.782+0000] {dag.py:4180} INFO - Setting next_dagrun for example_nested_branch_dag to 2024-10-07 00:00:00+00:00, run_after=2024-10-08 00:00:00+00:00
[2024-10-08T09:13:38.818+0000] {processor.py:208} INFO - Processing /root/miniconda3/envs/project/lib/python3.8/site-packages/airflow/example_dags/example_nested_branch_dag.py took 0.131 seconds
[2024-10-08T09:14:38.870+0000] {processor.py:186} INFO - Started process (PID=222602) to work on /root/miniconda3/envs/project/lib/python3.8/site-packages/airflow/example_dags/example_nested_branch_dag.py
[2024-10-08T09:14:38.873+0000] {processor.py:914} INFO - Processing file /root/miniconda3/envs/project/lib/python3.8/site-packages/airflow/example_dags/example_nested_branch_dag.py for tasks to queue
[2024-10-08T09:14:38.876+0000] {logging_mixin.py:190} INFO - [2024-10-08T09:14:38.875+0000] {dagbag.py:588} INFO - Filling up the DagBag from /root/miniconda3/envs/project/lib/python3.8/site-packages/airflow/example_dags/example_nested_branch_dag.py
[2024-10-08T09:14:38.893+0000] {processor.py:925} INFO - DAG(s) 'example_nested_branch_dag' retrieved from /root/miniconda3/envs/project/lib/python3.8/site-packages/airflow/example_dags/example_nested_branch_dag.py
[2024-10-08T09:14:38.919+0000] {logging_mixin.py:190} INFO - [2024-10-08T09:14:38.919+0000] {dag.py:3239} INFO - Sync 1 DAGs
[2024-10-08T09:14:38.949+0000] {logging_mixin.py:190} INFO - [2024-10-08T09:14:38.949+0000] {dag.py:4180} INFO - Setting next_dagrun for example_nested_branch_dag to 2024-10-07 00:00:00+00:00, run_after=2024-10-08 00:00:00+00:00
[2024-10-08T09:14:38.980+0000] {processor.py:208} INFO - Processing /root/miniconda3/envs/project/lib/python3.8/site-packages/airflow/example_dags/example_nested_branch_dag.py took 0.122 seconds
[2024-10-08T09:15:54.750+0000] {processor.py:186} INFO - Started process (PID=222959) to work on /root/miniconda3/envs/project/lib/python3.8/site-packages/airflow/example_dags/example_nested_branch_dag.py
[2024-10-08T09:15:54.752+0000] {processor.py:914} INFO - Processing file /root/miniconda3/envs/project/lib/python3.8/site-packages/airflow/example_dags/example_nested_branch_dag.py for tasks to queue
[2024-10-08T09:15:54.756+0000] {logging_mixin.py:190} INFO - [2024-10-08T09:15:54.755+0000] {dagbag.py:588} INFO - Filling up the DagBag from /root/miniconda3/envs/project/lib/python3.8/site-packages/airflow/example_dags/example_nested_branch_dag.py
[2024-10-08T09:15:54.773+0000] {processor.py:925} INFO - DAG(s) 'example_nested_branch_dag' retrieved from /root/miniconda3/envs/project/lib/python3.8/site-packages/airflow/example_dags/example_nested_branch_dag.py
[2024-10-08T09:15:54.799+0000] {logging_mixin.py:190} INFO - [2024-10-08T09:15:54.798+0000] {dag.py:3239} INFO - Sync 1 DAGs
[2024-10-08T09:15:54.828+0000] {logging_mixin.py:190} INFO - [2024-10-08T09:15:54.827+0000] {dag.py:4180} INFO - Setting next_dagrun for example_nested_branch_dag to 2024-10-07 00:00:00+00:00, run_after=2024-10-08 00:00:00+00:00
[2024-10-08T09:15:54.863+0000] {processor.py:208} INFO - Processing /root/miniconda3/envs/project/lib/python3.8/site-packages/airflow/example_dags/example_nested_branch_dag.py took 0.125 seconds
[2024-10-08T09:17:04.556+0000] {processor.py:186} INFO - Started process (PID=223191) to work on /root/miniconda3/envs/project/lib/python3.8/site-packages/airflow/example_dags/example_nested_branch_dag.py
[2024-10-08T09:17:04.559+0000] {processor.py:914} INFO - Processing file /root/miniconda3/envs/project/lib/python3.8/site-packages/airflow/example_dags/example_nested_branch_dag.py for tasks to queue
[2024-10-08T09:17:04.563+0000] {logging_mixin.py:190} INFO - [2024-10-08T09:17:04.562+0000] {dagbag.py:588} INFO - Filling up the DagBag from /root/miniconda3/envs/project/lib/python3.8/site-packages/airflow/example_dags/example_nested_branch_dag.py
[2024-10-08T09:17:04.583+0000] {processor.py:925} INFO - DAG(s) 'example_nested_branch_dag' retrieved from /root/miniconda3/envs/project/lib/python3.8/site-packages/airflow/example_dags/example_nested_branch_dag.py
[2024-10-08T09:17:04.610+0000] {logging_mixin.py:190} INFO - [2024-10-08T09:17:04.610+0000] {dag.py:3239} INFO - Sync 1 DAGs
[2024-10-08T09:17:04.642+0000] {logging_mixin.py:190} INFO - [2024-10-08T09:17:04.641+0000] {dag.py:4180} INFO - Setting next_dagrun for example_nested_branch_dag to 2024-10-07 00:00:00+00:00, run_after=2024-10-08 00:00:00+00:00
[2024-10-08T09:17:04.676+0000] {processor.py:208} INFO - Processing /root/miniconda3/envs/project/lib/python3.8/site-packages/airflow/example_dags/example_nested_branch_dag.py took 0.132 seconds
[2024-10-08T09:18:13.029+0000] {processor.py:186} INFO - Started process (PID=223415) to work on /root/miniconda3/envs/project/lib/python3.8/site-packages/airflow/example_dags/example_nested_branch_dag.py
[2024-10-08T09:18:13.032+0000] {processor.py:914} INFO - Processing file /root/miniconda3/envs/project/lib/python3.8/site-packages/airflow/example_dags/example_nested_branch_dag.py for tasks to queue
[2024-10-08T09:18:13.036+0000] {logging_mixin.py:190} INFO - [2024-10-08T09:18:13.035+0000] {dagbag.py:588} INFO - Filling up the DagBag from /root/miniconda3/envs/project/lib/python3.8/site-packages/airflow/example_dags/example_nested_branch_dag.py
[2024-10-08T09:18:13.055+0000] {processor.py:925} INFO - DAG(s) 'example_nested_branch_dag' retrieved from /root/miniconda3/envs/project/lib/python3.8/site-packages/airflow/example_dags/example_nested_branch_dag.py
[2024-10-08T09:18:13.083+0000] {logging_mixin.py:190} INFO - [2024-10-08T09:18:13.082+0000] {dag.py:3239} INFO - Sync 1 DAGs
[2024-10-08T09:18:13.113+0000] {logging_mixin.py:190} INFO - [2024-10-08T09:18:13.112+0000] {dag.py:4180} INFO - Setting next_dagrun for example_nested_branch_dag to 2024-10-07 00:00:00+00:00, run_after=2024-10-08 00:00:00+00:00
[2024-10-08T09:18:13.147+0000] {processor.py:208} INFO - Processing /root/miniconda3/envs/project/lib/python3.8/site-packages/airflow/example_dags/example_nested_branch_dag.py took 0.131 seconds
[2024-10-08T09:19:30.112+0000] {processor.py:186} INFO - Started process (PID=223654) to work on /root/miniconda3/envs/project/lib/python3.8/site-packages/airflow/example_dags/example_nested_branch_dag.py
[2024-10-08T09:19:30.115+0000] {processor.py:914} INFO - Processing file /root/miniconda3/envs/project/lib/python3.8/site-packages/airflow/example_dags/example_nested_branch_dag.py for tasks to queue
[2024-10-08T09:19:30.119+0000] {logging_mixin.py:190} INFO - [2024-10-08T09:19:30.118+0000] {dagbag.py:588} INFO - Filling up the DagBag from /root/miniconda3/envs/project/lib/python3.8/site-packages/airflow/example_dags/example_nested_branch_dag.py
[2024-10-08T09:19:30.137+0000] {processor.py:925} INFO - DAG(s) 'example_nested_branch_dag' retrieved from /root/miniconda3/envs/project/lib/python3.8/site-packages/airflow/example_dags/example_nested_branch_dag.py
[2024-10-08T09:19:30.163+0000] {logging_mixin.py:190} INFO - [2024-10-08T09:19:30.162+0000] {dag.py:3239} INFO - Sync 1 DAGs
[2024-10-08T09:19:30.193+0000] {logging_mixin.py:190} INFO - [2024-10-08T09:19:30.192+0000] {dag.py:4180} INFO - Setting next_dagrun for example_nested_branch_dag to 2024-10-07 00:00:00+00:00, run_after=2024-10-08 00:00:00+00:00
[2024-10-08T09:19:30.227+0000] {processor.py:208} INFO - Processing /root/miniconda3/envs/project/lib/python3.8/site-packages/airflow/example_dags/example_nested_branch_dag.py took 0.126 seconds
[2024-10-08T09:20:37.411+0000] {processor.py:186} INFO - Started process (PID=223937) to work on /root/miniconda3/envs/project/lib/python3.8/site-packages/airflow/example_dags/example_nested_branch_dag.py
[2024-10-08T09:20:37.414+0000] {processor.py:914} INFO - Processing file /root/miniconda3/envs/project/lib/python3.8/site-packages/airflow/example_dags/example_nested_branch_dag.py for tasks to queue
[2024-10-08T09:20:37.417+0000] {logging_mixin.py:190} INFO - [2024-10-08T09:20:37.417+0000] {dagbag.py:588} INFO - Filling up the DagBag from /root/miniconda3/envs/project/lib/python3.8/site-packages/airflow/example_dags/example_nested_branch_dag.py
[2024-10-08T09:20:37.436+0000] {processor.py:925} INFO - DAG(s) 'example_nested_branch_dag' retrieved from /root/miniconda3/envs/project/lib/python3.8/site-packages/airflow/example_dags/example_nested_branch_dag.py
[2024-10-08T09:20:37.462+0000] {logging_mixin.py:190} INFO - [2024-10-08T09:20:37.461+0000] {dag.py:3239} INFO - Sync 1 DAGs
[2024-10-08T09:20:37.491+0000] {logging_mixin.py:190} INFO - [2024-10-08T09:20:37.491+0000] {dag.py:4180} INFO - Setting next_dagrun for example_nested_branch_dag to 2024-10-07 00:00:00+00:00, run_after=2024-10-08 00:00:00+00:00
[2024-10-08T09:20:37.523+0000] {processor.py:208} INFO - Processing /root/miniconda3/envs/project/lib/python3.8/site-packages/airflow/example_dags/example_nested_branch_dag.py took 0.124 seconds
[2024-10-08T09:21:52.724+0000] {processor.py:186} INFO - Started process (PID=224236) to work on /root/miniconda3/envs/project/lib/python3.8/site-packages/airflow/example_dags/example_nested_branch_dag.py
[2024-10-08T09:21:52.727+0000] {processor.py:914} INFO - Processing file /root/miniconda3/envs/project/lib/python3.8/site-packages/airflow/example_dags/example_nested_branch_dag.py for tasks to queue
[2024-10-08T09:21:52.731+0000] {logging_mixin.py:190} INFO - [2024-10-08T09:21:52.730+0000] {dagbag.py:588} INFO - Filling up the DagBag from /root/miniconda3/envs/project/lib/python3.8/site-packages/airflow/example_dags/example_nested_branch_dag.py
[2024-10-08T09:21:52.749+0000] {processor.py:925} INFO - DAG(s) 'example_nested_branch_dag' retrieved from /root/miniconda3/envs/project/lib/python3.8/site-packages/airflow/example_dags/example_nested_branch_dag.py
[2024-10-08T09:21:52.774+0000] {logging_mixin.py:190} INFO - [2024-10-08T09:21:52.774+0000] {dag.py:3239} INFO - Sync 1 DAGs
[2024-10-08T09:21:52.802+0000] {logging_mixin.py:190} INFO - [2024-10-08T09:21:52.802+0000] {dag.py:4180} INFO - Setting next_dagrun for example_nested_branch_dag to 2024-10-07 00:00:00+00:00, run_after=2024-10-08 00:00:00+00:00
[2024-10-08T09:21:52.836+0000] {processor.py:208} INFO - Processing /root/miniconda3/envs/project/lib/python3.8/site-packages/airflow/example_dags/example_nested_branch_dag.py took 0.122 seconds
[2024-10-08T09:23:00.079+0000] {processor.py:186} INFO - Started process (PID=224461) to work on /root/miniconda3/envs/project/lib/python3.8/site-packages/airflow/example_dags/example_nested_branch_dag.py
[2024-10-08T09:23:00.082+0000] {processor.py:914} INFO - Processing file /root/miniconda3/envs/project/lib/python3.8/site-packages/airflow/example_dags/example_nested_branch_dag.py for tasks to queue
[2024-10-08T09:23:00.085+0000] {logging_mixin.py:190} INFO - [2024-10-08T09:23:00.084+0000] {dagbag.py:588} INFO - Filling up the DagBag from /root/miniconda3/envs/project/lib/python3.8/site-packages/airflow/example_dags/example_nested_branch_dag.py
[2024-10-08T09:23:00.103+0000] {processor.py:925} INFO - DAG(s) 'example_nested_branch_dag' retrieved from /root/miniconda3/envs/project/lib/python3.8/site-packages/airflow/example_dags/example_nested_branch_dag.py
[2024-10-08T09:23:00.128+0000] {logging_mixin.py:190} INFO - [2024-10-08T09:23:00.128+0000] {dag.py:3239} INFO - Sync 1 DAGs
[2024-10-08T09:23:00.157+0000] {logging_mixin.py:190} INFO - [2024-10-08T09:23:00.157+0000] {dag.py:4180} INFO - Setting next_dagrun for example_nested_branch_dag to 2024-10-07 00:00:00+00:00, run_after=2024-10-08 00:00:00+00:00
[2024-10-08T09:23:00.194+0000] {processor.py:208} INFO - Processing /root/miniconda3/envs/project/lib/python3.8/site-packages/airflow/example_dags/example_nested_branch_dag.py took 0.124 seconds
[2024-10-08T09:24:11.158+0000] {processor.py:186} INFO - Started process (PID=224654) to work on /root/miniconda3/envs/project/lib/python3.8/site-packages/airflow/example_dags/example_nested_branch_dag.py
[2024-10-08T09:24:11.161+0000] {processor.py:914} INFO - Processing file /root/miniconda3/envs/project/lib/python3.8/site-packages/airflow/example_dags/example_nested_branch_dag.py for tasks to queue
[2024-10-08T09:24:11.165+0000] {logging_mixin.py:190} INFO - [2024-10-08T09:24:11.164+0000] {dagbag.py:588} INFO - Filling up the DagBag from /root/miniconda3/envs/project/lib/python3.8/site-packages/airflow/example_dags/example_nested_branch_dag.py
[2024-10-08T09:24:11.183+0000] {processor.py:925} INFO - DAG(s) 'example_nested_branch_dag' retrieved from /root/miniconda3/envs/project/lib/python3.8/site-packages/airflow/example_dags/example_nested_branch_dag.py
[2024-10-08T09:24:11.209+0000] {logging_mixin.py:190} INFO - [2024-10-08T09:24:11.209+0000] {dag.py:3239} INFO - Sync 1 DAGs
[2024-10-08T09:24:11.239+0000] {logging_mixin.py:190} INFO - [2024-10-08T09:24:11.239+0000] {dag.py:4180} INFO - Setting next_dagrun for example_nested_branch_dag to 2024-10-07 00:00:00+00:00, run_after=2024-10-08 00:00:00+00:00
[2024-10-08T09:24:11.273+0000] {processor.py:208} INFO - Processing /root/miniconda3/envs/project/lib/python3.8/site-packages/airflow/example_dags/example_nested_branch_dag.py took 0.124 seconds
[2024-10-08T09:25:20.356+0000] {processor.py:186} INFO - Started process (PID=225415) to work on /root/miniconda3/envs/project/lib/python3.8/site-packages/airflow/example_dags/example_nested_branch_dag.py
[2024-10-08T09:25:20.359+0000] {processor.py:914} INFO - Processing file /root/miniconda3/envs/project/lib/python3.8/site-packages/airflow/example_dags/example_nested_branch_dag.py for tasks to queue
[2024-10-08T09:25:20.363+0000] {logging_mixin.py:190} INFO - [2024-10-08T09:25:20.362+0000] {dagbag.py:588} INFO - Filling up the DagBag from /root/miniconda3/envs/project/lib/python3.8/site-packages/airflow/example_dags/example_nested_branch_dag.py
[2024-10-08T09:25:20.382+0000] {processor.py:925} INFO - DAG(s) 'example_nested_branch_dag' retrieved from /root/miniconda3/envs/project/lib/python3.8/site-packages/airflow/example_dags/example_nested_branch_dag.py
[2024-10-08T09:25:20.408+0000] {logging_mixin.py:190} INFO - [2024-10-08T09:25:20.408+0000] {dag.py:3239} INFO - Sync 1 DAGs
[2024-10-08T09:25:20.439+0000] {logging_mixin.py:190} INFO - [2024-10-08T09:25:20.439+0000] {dag.py:4180} INFO - Setting next_dagrun for example_nested_branch_dag to 2024-10-07 00:00:00+00:00, run_after=2024-10-08 00:00:00+00:00
[2024-10-08T09:25:20.472+0000] {processor.py:208} INFO - Processing /root/miniconda3/envs/project/lib/python3.8/site-packages/airflow/example_dags/example_nested_branch_dag.py took 0.128 seconds
[2024-10-08T09:26:29.967+0000] {processor.py:186} INFO - Started process (PID=225745) to work on /root/miniconda3/envs/project/lib/python3.8/site-packages/airflow/example_dags/example_nested_branch_dag.py
[2024-10-08T09:26:29.970+0000] {processor.py:914} INFO - Processing file /root/miniconda3/envs/project/lib/python3.8/site-packages/airflow/example_dags/example_nested_branch_dag.py for tasks to queue
[2024-10-08T09:26:29.974+0000] {logging_mixin.py:190} INFO - [2024-10-08T09:26:29.973+0000] {dagbag.py:588} INFO - Filling up the DagBag from /root/miniconda3/envs/project/lib/python3.8/site-packages/airflow/example_dags/example_nested_branch_dag.py
[2024-10-08T09:26:29.991+0000] {processor.py:925} INFO - DAG(s) 'example_nested_branch_dag' retrieved from /root/miniconda3/envs/project/lib/python3.8/site-packages/airflow/example_dags/example_nested_branch_dag.py
[2024-10-08T09:26:30.018+0000] {logging_mixin.py:190} INFO - [2024-10-08T09:26:30.017+0000] {dag.py:3239} INFO - Sync 1 DAGs
[2024-10-08T09:26:30.048+0000] {logging_mixin.py:190} INFO - [2024-10-08T09:26:30.048+0000] {dag.py:4180} INFO - Setting next_dagrun for example_nested_branch_dag to 2024-10-07 00:00:00+00:00, run_after=2024-10-08 00:00:00+00:00
[2024-10-08T09:26:30.082+0000] {processor.py:208} INFO - Processing /root/miniconda3/envs/project/lib/python3.8/site-packages/airflow/example_dags/example_nested_branch_dag.py took 0.127 seconds
[2024-10-08T09:27:42.928+0000] {processor.py:186} INFO - Started process (PID=226242) to work on /root/miniconda3/envs/project/lib/python3.8/site-packages/airflow/example_dags/example_nested_branch_dag.py
[2024-10-08T09:27:42.931+0000] {processor.py:914} INFO - Processing file /root/miniconda3/envs/project/lib/python3.8/site-packages/airflow/example_dags/example_nested_branch_dag.py for tasks to queue
[2024-10-08T09:27:42.934+0000] {logging_mixin.py:190} INFO - [2024-10-08T09:27:42.934+0000] {dagbag.py:588} INFO - Filling up the DagBag from /root/miniconda3/envs/project/lib/python3.8/site-packages/airflow/example_dags/example_nested_branch_dag.py
[2024-10-08T09:27:42.952+0000] {processor.py:925} INFO - DAG(s) 'example_nested_branch_dag' retrieved from /root/miniconda3/envs/project/lib/python3.8/site-packages/airflow/example_dags/example_nested_branch_dag.py
[2024-10-08T09:27:42.977+0000] {logging_mixin.py:190} INFO - [2024-10-08T09:27:42.977+0000] {dag.py:3239} INFO - Sync 1 DAGs
[2024-10-08T09:27:43.007+0000] {logging_mixin.py:190} INFO - [2024-10-08T09:27:43.007+0000] {dag.py:4180} INFO - Setting next_dagrun for example_nested_branch_dag to 2024-10-07 00:00:00+00:00, run_after=2024-10-08 00:00:00+00:00
[2024-10-08T09:27:43.039+0000] {processor.py:208} INFO - Processing /root/miniconda3/envs/project/lib/python3.8/site-packages/airflow/example_dags/example_nested_branch_dag.py took 0.123 seconds
[2024-10-08T09:28:54.070+0000] {processor.py:186} INFO - Started process (PID=226820) to work on /root/miniconda3/envs/project/lib/python3.8/site-packages/airflow/example_dags/example_nested_branch_dag.py
[2024-10-08T09:28:54.072+0000] {processor.py:914} INFO - Processing file /root/miniconda3/envs/project/lib/python3.8/site-packages/airflow/example_dags/example_nested_branch_dag.py for tasks to queue
[2024-10-08T09:28:54.075+0000] {logging_mixin.py:190} INFO - [2024-10-08T09:28:54.075+0000] {dagbag.py:588} INFO - Filling up the DagBag from /root/miniconda3/envs/project/lib/python3.8/site-packages/airflow/example_dags/example_nested_branch_dag.py
[2024-10-08T09:28:54.092+0000] {processor.py:925} INFO - DAG(s) 'example_nested_branch_dag' retrieved from /root/miniconda3/envs/project/lib/python3.8/site-packages/airflow/example_dags/example_nested_branch_dag.py
[2024-10-08T09:28:54.231+0000] {logging_mixin.py:190} INFO - [2024-10-08T09:28:54.230+0000] {dag.py:3239} INFO - Sync 1 DAGs
[2024-10-08T09:28:54.257+0000] {logging_mixin.py:190} INFO - [2024-10-08T09:28:54.257+0000] {dag.py:4180} INFO - Setting next_dagrun for example_nested_branch_dag to 2024-10-07 00:00:00+00:00, run_after=2024-10-08 00:00:00+00:00
[2024-10-08T09:28:54.294+0000] {processor.py:208} INFO - Processing /root/miniconda3/envs/project/lib/python3.8/site-packages/airflow/example_dags/example_nested_branch_dag.py took 0.236 seconds
[2024-10-08T09:30:15.859+0000] {processor.py:186} INFO - Started process (PID=227651) to work on /root/miniconda3/envs/project/lib/python3.8/site-packages/airflow/example_dags/example_nested_branch_dag.py
[2024-10-08T09:30:15.862+0000] {processor.py:914} INFO - Processing file /root/miniconda3/envs/project/lib/python3.8/site-packages/airflow/example_dags/example_nested_branch_dag.py for tasks to queue
[2024-10-08T09:30:15.866+0000] {logging_mixin.py:190} INFO - [2024-10-08T09:30:15.865+0000] {dagbag.py:588} INFO - Filling up the DagBag from /root/miniconda3/envs/project/lib/python3.8/site-packages/airflow/example_dags/example_nested_branch_dag.py
[2024-10-08T09:30:15.884+0000] {processor.py:925} INFO - DAG(s) 'example_nested_branch_dag' retrieved from /root/miniconda3/envs/project/lib/python3.8/site-packages/airflow/example_dags/example_nested_branch_dag.py
[2024-10-08T09:30:16.026+0000] {logging_mixin.py:190} INFO - [2024-10-08T09:30:16.026+0000] {dag.py:3239} INFO - Sync 1 DAGs
[2024-10-08T09:30:16.052+0000] {logging_mixin.py:190} INFO - [2024-10-08T09:30:16.052+0000] {dag.py:4180} INFO - Setting next_dagrun for example_nested_branch_dag to 2024-10-07 00:00:00+00:00, run_after=2024-10-08 00:00:00+00:00
[2024-10-08T09:30:16.086+0000] {processor.py:208} INFO - Processing /root/miniconda3/envs/project/lib/python3.8/site-packages/airflow/example_dags/example_nested_branch_dag.py took 0.237 seconds
[2024-10-08T09:31:48.962+0000] {processor.py:186} INFO - Started process (PID=228788) to work on /root/miniconda3/envs/project/lib/python3.8/site-packages/airflow/example_dags/example_nested_branch_dag.py
[2024-10-08T09:31:48.965+0000] {processor.py:914} INFO - Processing file /root/miniconda3/envs/project/lib/python3.8/site-packages/airflow/example_dags/example_nested_branch_dag.py for tasks to queue
[2024-10-08T09:31:48.968+0000] {logging_mixin.py:190} INFO - [2024-10-08T09:31:48.968+0000] {dagbag.py:588} INFO - Filling up the DagBag from /root/miniconda3/envs/project/lib/python3.8/site-packages/airflow/example_dags/example_nested_branch_dag.py
[2024-10-08T09:31:48.987+0000] {processor.py:925} INFO - DAG(s) 'example_nested_branch_dag' retrieved from /root/miniconda3/envs/project/lib/python3.8/site-packages/airflow/example_dags/example_nested_branch_dag.py
[2024-10-08T09:31:49.012+0000] {logging_mixin.py:190} INFO - [2024-10-08T09:31:49.012+0000] {dag.py:3239} INFO - Sync 1 DAGs
[2024-10-08T09:31:49.042+0000] {logging_mixin.py:190} INFO - [2024-10-08T09:31:49.041+0000] {dag.py:4180} INFO - Setting next_dagrun for example_nested_branch_dag to 2024-10-07 00:00:00+00:00, run_after=2024-10-08 00:00:00+00:00
[2024-10-08T09:31:49.074+0000] {processor.py:208} INFO - Processing /root/miniconda3/envs/project/lib/python3.8/site-packages/airflow/example_dags/example_nested_branch_dag.py took 0.124 seconds
[2024-10-08T09:33:01.316+0000] {processor.py:186} INFO - Started process (PID=229243) to work on /root/miniconda3/envs/project/lib/python3.8/site-packages/airflow/example_dags/example_nested_branch_dag.py
[2024-10-08T09:33:01.319+0000] {processor.py:914} INFO - Processing file /root/miniconda3/envs/project/lib/python3.8/site-packages/airflow/example_dags/example_nested_branch_dag.py for tasks to queue
[2024-10-08T09:33:01.323+0000] {logging_mixin.py:190} INFO - [2024-10-08T09:33:01.322+0000] {dagbag.py:588} INFO - Filling up the DagBag from /root/miniconda3/envs/project/lib/python3.8/site-packages/airflow/example_dags/example_nested_branch_dag.py
[2024-10-08T09:33:01.343+0000] {processor.py:925} INFO - DAG(s) 'example_nested_branch_dag' retrieved from /root/miniconda3/envs/project/lib/python3.8/site-packages/airflow/example_dags/example_nested_branch_dag.py
[2024-10-08T09:33:01.370+0000] {logging_mixin.py:190} INFO - [2024-10-08T09:33:01.370+0000] {dag.py:3239} INFO - Sync 1 DAGs
[2024-10-08T09:33:01.401+0000] {logging_mixin.py:190} INFO - [2024-10-08T09:33:01.401+0000] {dag.py:4180} INFO - Setting next_dagrun for example_nested_branch_dag to 2024-10-07 00:00:00+00:00, run_after=2024-10-08 00:00:00+00:00
[2024-10-08T09:33:01.433+0000] {processor.py:208} INFO - Processing /root/miniconda3/envs/project/lib/python3.8/site-packages/airflow/example_dags/example_nested_branch_dag.py took 0.131 seconds
