[2024-10-08T07:57:17.062+0000] {processor.py:186} INFO - Started process (PID=207089) to work on /root/miniconda3/envs/project/lib/python3.8/site-packages/airflow/example_dags/example_trigger_target_dag.py
[2024-10-08T07:57:17.063+0000] {processor.py:914} INFO - Processing file /root/miniconda3/envs/project/lib/python3.8/site-packages/airflow/example_dags/example_trigger_target_dag.py for tasks to queue
[2024-10-08T07:57:17.067+0000] {logging_mixin.py:190} INFO - [2024-10-08T07:57:17.066+0000] {dagbag.py:588} INFO - Filling up the DagBag from /root/miniconda3/envs/project/lib/python3.8/site-packages/airflow/example_dags/example_trigger_target_dag.py
[2024-10-08T07:57:17.079+0000] {processor.py:925} INFO - DAG(s) 'example_trigger_target_dag' retrieved from /root/miniconda3/envs/project/lib/python3.8/site-packages/airflow/example_dags/example_trigger_target_dag.py
[2024-10-08T07:57:17.226+0000] {logging_mixin.py:190} INFO - [2024-10-08T07:57:17.225+0000] {override.py:1901} INFO - Created Permission View: can delete on DAG:example_trigger_target_dag
[2024-10-08T07:57:17.246+0000] {logging_mixin.py:190} INFO - [2024-10-08T07:57:17.246+0000] {override.py:1901} INFO - Created Permission View: can read on DAG:example_trigger_target_dag
[2024-10-08T07:57:17.260+0000] {logging_mixin.py:190} INFO - [2024-10-08T07:57:17.260+0000] {override.py:1901} INFO - Created Permission View: can edit on DAG:example_trigger_target_dag
[2024-10-08T07:57:17.284+0000] {logging_mixin.py:190} INFO - [2024-10-08T07:57:17.283+0000] {override.py:1901} INFO - Created Permission View: can delete on DAG Run:example_trigger_target_dag
[2024-10-08T07:57:17.301+0000] {logging_mixin.py:190} INFO - [2024-10-08T07:57:17.300+0000] {override.py:1901} INFO - Created Permission View: menu access on DAG Run:example_trigger_target_dag
[2024-10-08T07:57:17.315+0000] {logging_mixin.py:190} INFO - [2024-10-08T07:57:17.315+0000] {override.py:1901} INFO - Created Permission View: can create on DAG Run:example_trigger_target_dag
[2024-10-08T07:57:17.329+0000] {logging_mixin.py:190} INFO - [2024-10-08T07:57:17.328+0000] {override.py:1901} INFO - Created Permission View: can read on DAG Run:example_trigger_target_dag
[2024-10-08T07:57:17.329+0000] {logging_mixin.py:190} INFO - [2024-10-08T07:57:17.329+0000] {dag.py:3239} INFO - Sync 1 DAGs
[2024-10-08T07:57:17.349+0000] {logging_mixin.py:190} INFO - [2024-10-08T07:57:17.349+0000] {dag.py:3262} INFO - Creating ORM DAG for example_trigger_target_dag
[2024-10-08T07:57:17.350+0000] {logging_mixin.py:190} INFO - [2024-10-08T07:57:17.350+0000] {dag.py:4180} INFO - Setting next_dagrun for example_trigger_target_dag to None, run_after=None
[2024-10-08T07:57:17.382+0000] {processor.py:208} INFO - Processing /root/miniconda3/envs/project/lib/python3.8/site-packages/airflow/example_dags/example_trigger_target_dag.py took 0.331 seconds
[2024-10-08T07:58:31.776+0000] {processor.py:186} INFO - Started process (PID=207291) to work on /root/miniconda3/envs/project/lib/python3.8/site-packages/airflow/example_dags/example_trigger_target_dag.py
[2024-10-08T07:58:31.778+0000] {processor.py:914} INFO - Processing file /root/miniconda3/envs/project/lib/python3.8/site-packages/airflow/example_dags/example_trigger_target_dag.py for tasks to queue
[2024-10-08T07:58:31.782+0000] {logging_mixin.py:190} INFO - [2024-10-08T07:58:31.781+0000] {dagbag.py:588} INFO - Filling up the DagBag from /root/miniconda3/envs/project/lib/python3.8/site-packages/airflow/example_dags/example_trigger_target_dag.py
[2024-10-08T07:58:31.794+0000] {processor.py:925} INFO - DAG(s) 'example_trigger_target_dag' retrieved from /root/miniconda3/envs/project/lib/python3.8/site-packages/airflow/example_dags/example_trigger_target_dag.py
[2024-10-08T07:58:31.816+0000] {logging_mixin.py:190} INFO - [2024-10-08T07:58:31.816+0000] {dag.py:3239} INFO - Sync 1 DAGs
[2024-10-08T07:58:31.834+0000] {logging_mixin.py:190} INFO - [2024-10-08T07:58:31.834+0000] {dag.py:4180} INFO - Setting next_dagrun for example_trigger_target_dag to None, run_after=None
[2024-10-08T07:58:31.866+0000] {processor.py:208} INFO - Processing /root/miniconda3/envs/project/lib/python3.8/site-packages/airflow/example_dags/example_trigger_target_dag.py took 0.100 seconds
[2024-10-08T07:59:44.547+0000] {processor.py:186} INFO - Started process (PID=207550) to work on /root/miniconda3/envs/project/lib/python3.8/site-packages/airflow/example_dags/example_trigger_target_dag.py
[2024-10-08T07:59:44.550+0000] {processor.py:914} INFO - Processing file /root/miniconda3/envs/project/lib/python3.8/site-packages/airflow/example_dags/example_trigger_target_dag.py for tasks to queue
[2024-10-08T07:59:44.553+0000] {logging_mixin.py:190} INFO - [2024-10-08T07:59:44.552+0000] {dagbag.py:588} INFO - Filling up the DagBag from /root/miniconda3/envs/project/lib/python3.8/site-packages/airflow/example_dags/example_trigger_target_dag.py
[2024-10-08T07:59:44.565+0000] {processor.py:925} INFO - DAG(s) 'example_trigger_target_dag' retrieved from /root/miniconda3/envs/project/lib/python3.8/site-packages/airflow/example_dags/example_trigger_target_dag.py
[2024-10-08T07:59:44.588+0000] {logging_mixin.py:190} INFO - [2024-10-08T07:59:44.588+0000] {dag.py:3239} INFO - Sync 1 DAGs
[2024-10-08T07:59:44.606+0000] {logging_mixin.py:190} INFO - [2024-10-08T07:59:44.605+0000] {dag.py:4180} INFO - Setting next_dagrun for example_trigger_target_dag to None, run_after=None
[2024-10-08T07:59:44.641+0000] {processor.py:208} INFO - Processing /root/miniconda3/envs/project/lib/python3.8/site-packages/airflow/example_dags/example_trigger_target_dag.py took 0.106 seconds
[2024-10-08T08:00:54.853+0000] {processor.py:186} INFO - Started process (PID=207895) to work on /root/miniconda3/envs/project/lib/python3.8/site-packages/airflow/example_dags/example_trigger_target_dag.py
[2024-10-08T08:00:54.856+0000] {processor.py:914} INFO - Processing file /root/miniconda3/envs/project/lib/python3.8/site-packages/airflow/example_dags/example_trigger_target_dag.py for tasks to queue
[2024-10-08T08:00:54.859+0000] {logging_mixin.py:190} INFO - [2024-10-08T08:00:54.858+0000] {dagbag.py:588} INFO - Filling up the DagBag from /root/miniconda3/envs/project/lib/python3.8/site-packages/airflow/example_dags/example_trigger_target_dag.py
[2024-10-08T08:00:54.871+0000] {processor.py:925} INFO - DAG(s) 'example_trigger_target_dag' retrieved from /root/miniconda3/envs/project/lib/python3.8/site-packages/airflow/example_dags/example_trigger_target_dag.py
[2024-10-08T08:00:54.894+0000] {logging_mixin.py:190} INFO - [2024-10-08T08:00:54.893+0000] {dag.py:3239} INFO - Sync 1 DAGs
[2024-10-08T08:00:54.912+0000] {logging_mixin.py:190} INFO - [2024-10-08T08:00:54.912+0000] {dag.py:4180} INFO - Setting next_dagrun for example_trigger_target_dag to None, run_after=None
[2024-10-08T08:00:54.944+0000] {processor.py:208} INFO - Processing /root/miniconda3/envs/project/lib/python3.8/site-packages/airflow/example_dags/example_trigger_target_dag.py took 0.101 seconds
[2024-10-08T08:02:07.739+0000] {processor.py:186} INFO - Started process (PID=208199) to work on /root/miniconda3/envs/project/lib/python3.8/site-packages/airflow/example_dags/example_trigger_target_dag.py
[2024-10-08T08:02:07.742+0000] {processor.py:914} INFO - Processing file /root/miniconda3/envs/project/lib/python3.8/site-packages/airflow/example_dags/example_trigger_target_dag.py for tasks to queue
[2024-10-08T08:02:07.745+0000] {logging_mixin.py:190} INFO - [2024-10-08T08:02:07.745+0000] {dagbag.py:588} INFO - Filling up the DagBag from /root/miniconda3/envs/project/lib/python3.8/site-packages/airflow/example_dags/example_trigger_target_dag.py
[2024-10-08T08:02:07.757+0000] {processor.py:925} INFO - DAG(s) 'example_trigger_target_dag' retrieved from /root/miniconda3/envs/project/lib/python3.8/site-packages/airflow/example_dags/example_trigger_target_dag.py
[2024-10-08T08:02:07.780+0000] {logging_mixin.py:190} INFO - [2024-10-08T08:02:07.780+0000] {dag.py:3239} INFO - Sync 1 DAGs
[2024-10-08T08:02:07.798+0000] {logging_mixin.py:190} INFO - [2024-10-08T08:02:07.798+0000] {dag.py:4180} INFO - Setting next_dagrun for example_trigger_target_dag to None, run_after=None
[2024-10-08T08:02:07.829+0000] {processor.py:208} INFO - Processing /root/miniconda3/envs/project/lib/python3.8/site-packages/airflow/example_dags/example_trigger_target_dag.py took 0.101 seconds
[2024-10-08T08:03:19.065+0000] {processor.py:186} INFO - Started process (PID=208404) to work on /root/miniconda3/envs/project/lib/python3.8/site-packages/airflow/example_dags/example_trigger_target_dag.py
[2024-10-08T08:03:19.068+0000] {processor.py:914} INFO - Processing file /root/miniconda3/envs/project/lib/python3.8/site-packages/airflow/example_dags/example_trigger_target_dag.py for tasks to queue
[2024-10-08T08:03:19.071+0000] {logging_mixin.py:190} INFO - [2024-10-08T08:03:19.071+0000] {dagbag.py:588} INFO - Filling up the DagBag from /root/miniconda3/envs/project/lib/python3.8/site-packages/airflow/example_dags/example_trigger_target_dag.py
[2024-10-08T08:03:19.084+0000] {processor.py:925} INFO - DAG(s) 'example_trigger_target_dag' retrieved from /root/miniconda3/envs/project/lib/python3.8/site-packages/airflow/example_dags/example_trigger_target_dag.py
[2024-10-08T08:03:19.106+0000] {logging_mixin.py:190} INFO - [2024-10-08T08:03:19.106+0000] {dag.py:3239} INFO - Sync 1 DAGs
[2024-10-08T08:03:19.124+0000] {logging_mixin.py:190} INFO - [2024-10-08T08:03:19.124+0000] {dag.py:4180} INFO - Setting next_dagrun for example_trigger_target_dag to None, run_after=None
[2024-10-08T08:03:19.157+0000] {processor.py:208} INFO - Processing /root/miniconda3/envs/project/lib/python3.8/site-packages/airflow/example_dags/example_trigger_target_dag.py took 0.102 seconds
[2024-10-08T08:04:26.625+0000] {processor.py:186} INFO - Started process (PID=208606) to work on /root/miniconda3/envs/project/lib/python3.8/site-packages/airflow/example_dags/example_trigger_target_dag.py
[2024-10-08T08:04:26.628+0000] {processor.py:914} INFO - Processing file /root/miniconda3/envs/project/lib/python3.8/site-packages/airflow/example_dags/example_trigger_target_dag.py for tasks to queue
[2024-10-08T08:04:26.632+0000] {logging_mixin.py:190} INFO - [2024-10-08T08:04:26.631+0000] {dagbag.py:588} INFO - Filling up the DagBag from /root/miniconda3/envs/project/lib/python3.8/site-packages/airflow/example_dags/example_trigger_target_dag.py
[2024-10-08T08:04:26.646+0000] {processor.py:925} INFO - DAG(s) 'example_trigger_target_dag' retrieved from /root/miniconda3/envs/project/lib/python3.8/site-packages/airflow/example_dags/example_trigger_target_dag.py
[2024-10-08T08:04:26.670+0000] {logging_mixin.py:190} INFO - [2024-10-08T08:04:26.670+0000] {dag.py:3239} INFO - Sync 1 DAGs
[2024-10-08T08:04:26.689+0000] {logging_mixin.py:190} INFO - [2024-10-08T08:04:26.689+0000] {dag.py:4180} INFO - Setting next_dagrun for example_trigger_target_dag to None, run_after=None
[2024-10-08T08:04:26.723+0000] {processor.py:208} INFO - Processing /root/miniconda3/envs/project/lib/python3.8/site-packages/airflow/example_dags/example_trigger_target_dag.py took 0.109 seconds
[2024-10-08T08:05:29.284+0000] {processor.py:186} INFO - Started process (PID=208790) to work on /root/miniconda3/envs/project/lib/python3.8/site-packages/airflow/example_dags/example_trigger_target_dag.py
[2024-10-08T08:05:29.287+0000] {processor.py:914} INFO - Processing file /root/miniconda3/envs/project/lib/python3.8/site-packages/airflow/example_dags/example_trigger_target_dag.py for tasks to queue
[2024-10-08T08:05:29.291+0000] {logging_mixin.py:190} INFO - [2024-10-08T08:05:29.290+0000] {dagbag.py:588} INFO - Filling up the DagBag from /root/miniconda3/envs/project/lib/python3.8/site-packages/airflow/example_dags/example_trigger_target_dag.py
[2024-10-08T08:05:29.303+0000] {processor.py:925} INFO - DAG(s) 'example_trigger_target_dag' retrieved from /root/miniconda3/envs/project/lib/python3.8/site-packages/airflow/example_dags/example_trigger_target_dag.py
[2024-10-08T08:05:29.327+0000] {logging_mixin.py:190} INFO - [2024-10-08T08:05:29.326+0000] {dag.py:3239} INFO - Sync 1 DAGs
[2024-10-08T08:05:29.345+0000] {logging_mixin.py:190} INFO - [2024-10-08T08:05:29.344+0000] {dag.py:4180} INFO - Setting next_dagrun for example_trigger_target_dag to None, run_after=None
[2024-10-08T08:05:29.379+0000] {processor.py:208} INFO - Processing /root/miniconda3/envs/project/lib/python3.8/site-packages/airflow/example_dags/example_trigger_target_dag.py took 0.108 seconds
[2024-10-08T08:06:30.157+0000] {processor.py:186} INFO - Started process (PID=208971) to work on /root/miniconda3/envs/project/lib/python3.8/site-packages/airflow/example_dags/example_trigger_target_dag.py
[2024-10-08T08:06:30.159+0000] {processor.py:914} INFO - Processing file /root/miniconda3/envs/project/lib/python3.8/site-packages/airflow/example_dags/example_trigger_target_dag.py for tasks to queue
[2024-10-08T08:06:30.163+0000] {logging_mixin.py:190} INFO - [2024-10-08T08:06:30.162+0000] {dagbag.py:588} INFO - Filling up the DagBag from /root/miniconda3/envs/project/lib/python3.8/site-packages/airflow/example_dags/example_trigger_target_dag.py
[2024-10-08T08:06:30.174+0000] {processor.py:925} INFO - DAG(s) 'example_trigger_target_dag' retrieved from /root/miniconda3/envs/project/lib/python3.8/site-packages/airflow/example_dags/example_trigger_target_dag.py
[2024-10-08T08:06:30.197+0000] {logging_mixin.py:190} INFO - [2024-10-08T08:06:30.196+0000] {dag.py:3239} INFO - Sync 1 DAGs
[2024-10-08T08:06:30.214+0000] {logging_mixin.py:190} INFO - [2024-10-08T08:06:30.214+0000] {dag.py:4180} INFO - Setting next_dagrun for example_trigger_target_dag to None, run_after=None
[2024-10-08T08:06:30.250+0000] {processor.py:208} INFO - Processing /root/miniconda3/envs/project/lib/python3.8/site-packages/airflow/example_dags/example_trigger_target_dag.py took 0.106 seconds
[2024-10-08T08:07:39.712+0000] {processor.py:186} INFO - Started process (PID=209220) to work on /root/miniconda3/envs/project/lib/python3.8/site-packages/airflow/example_dags/example_trigger_target_dag.py
[2024-10-08T08:07:39.715+0000] {processor.py:914} INFO - Processing file /root/miniconda3/envs/project/lib/python3.8/site-packages/airflow/example_dags/example_trigger_target_dag.py for tasks to queue
[2024-10-08T08:07:39.718+0000] {logging_mixin.py:190} INFO - [2024-10-08T08:07:39.718+0000] {dagbag.py:588} INFO - Filling up the DagBag from /root/miniconda3/envs/project/lib/python3.8/site-packages/airflow/example_dags/example_trigger_target_dag.py
[2024-10-08T08:07:39.730+0000] {processor.py:925} INFO - DAG(s) 'example_trigger_target_dag' retrieved from /root/miniconda3/envs/project/lib/python3.8/site-packages/airflow/example_dags/example_trigger_target_dag.py
[2024-10-08T08:07:39.750+0000] {logging_mixin.py:190} INFO - [2024-10-08T08:07:39.750+0000] {dag.py:3239} INFO - Sync 1 DAGs
[2024-10-08T08:07:39.766+0000] {logging_mixin.py:190} INFO - [2024-10-08T08:07:39.766+0000] {dag.py:4180} INFO - Setting next_dagrun for example_trigger_target_dag to None, run_after=None
[2024-10-08T08:07:39.797+0000] {processor.py:208} INFO - Processing /root/miniconda3/envs/project/lib/python3.8/site-packages/airflow/example_dags/example_trigger_target_dag.py took 0.095 seconds
[2024-10-08T08:09:48.340+0000] {processor.py:186} INFO - Started process (PID=210047) to work on /root/miniconda3/envs/project/lib/python3.8/site-packages/airflow/example_dags/example_trigger_target_dag.py
[2024-10-08T08:09:48.343+0000] {processor.py:914} INFO - Processing file /root/miniconda3/envs/project/lib/python3.8/site-packages/airflow/example_dags/example_trigger_target_dag.py for tasks to queue
[2024-10-08T08:09:48.347+0000] {logging_mixin.py:190} INFO - [2024-10-08T08:09:48.346+0000] {dagbag.py:588} INFO - Filling up the DagBag from /root/miniconda3/envs/project/lib/python3.8/site-packages/airflow/example_dags/example_trigger_target_dag.py
[2024-10-08T08:09:48.358+0000] {processor.py:925} INFO - DAG(s) 'example_trigger_target_dag' retrieved from /root/miniconda3/envs/project/lib/python3.8/site-packages/airflow/example_dags/example_trigger_target_dag.py
[2024-10-08T08:09:48.384+0000] {logging_mixin.py:190} INFO - [2024-10-08T08:09:48.383+0000] {dag.py:3239} INFO - Sync 1 DAGs
[2024-10-08T08:09:48.402+0000] {logging_mixin.py:190} INFO - [2024-10-08T08:09:48.402+0000] {dag.py:4180} INFO - Setting next_dagrun for example_trigger_target_dag to None, run_after=None
[2024-10-08T08:09:48.440+0000] {processor.py:208} INFO - Processing /root/miniconda3/envs/project/lib/python3.8/site-packages/airflow/example_dags/example_trigger_target_dag.py took 0.110 seconds
[2024-10-08T08:11:12.646+0000] {processor.py:186} INFO - Started process (PID=210514) to work on /root/miniconda3/envs/project/lib/python3.8/site-packages/airflow/example_dags/example_trigger_target_dag.py
[2024-10-08T08:11:12.649+0000] {processor.py:914} INFO - Processing file /root/miniconda3/envs/project/lib/python3.8/site-packages/airflow/example_dags/example_trigger_target_dag.py for tasks to queue
[2024-10-08T08:11:12.654+0000] {logging_mixin.py:190} INFO - [2024-10-08T08:11:12.653+0000] {dagbag.py:588} INFO - Filling up the DagBag from /root/miniconda3/envs/project/lib/python3.8/site-packages/airflow/example_dags/example_trigger_target_dag.py
[2024-10-08T08:11:12.666+0000] {processor.py:925} INFO - DAG(s) 'example_trigger_target_dag' retrieved from /root/miniconda3/envs/project/lib/python3.8/site-packages/airflow/example_dags/example_trigger_target_dag.py
[2024-10-08T08:11:12.692+0000] {logging_mixin.py:190} INFO - [2024-10-08T08:11:12.692+0000] {dag.py:3239} INFO - Sync 1 DAGs
[2024-10-08T08:11:12.711+0000] {logging_mixin.py:190} INFO - [2024-10-08T08:11:12.710+0000] {dag.py:4180} INFO - Setting next_dagrun for example_trigger_target_dag to None, run_after=None
[2024-10-08T08:11:12.744+0000] {processor.py:208} INFO - Processing /root/miniconda3/envs/project/lib/python3.8/site-packages/airflow/example_dags/example_trigger_target_dag.py took 0.110 seconds
[2024-10-08T08:12:50.788+0000] {processor.py:186} INFO - Started process (PID=211045) to work on /root/miniconda3/envs/project/lib/python3.8/site-packages/airflow/example_dags/example_trigger_target_dag.py
[2024-10-08T08:12:50.792+0000] {processor.py:914} INFO - Processing file /root/miniconda3/envs/project/lib/python3.8/site-packages/airflow/example_dags/example_trigger_target_dag.py for tasks to queue
[2024-10-08T08:12:50.796+0000] {logging_mixin.py:190} INFO - [2024-10-08T08:12:50.795+0000] {dagbag.py:588} INFO - Filling up the DagBag from /root/miniconda3/envs/project/lib/python3.8/site-packages/airflow/example_dags/example_trigger_target_dag.py
[2024-10-08T08:12:50.808+0000] {processor.py:925} INFO - DAG(s) 'example_trigger_target_dag' retrieved from /root/miniconda3/envs/project/lib/python3.8/site-packages/airflow/example_dags/example_trigger_target_dag.py
[2024-10-08T08:12:50.833+0000] {logging_mixin.py:190} INFO - [2024-10-08T08:12:50.832+0000] {dag.py:3239} INFO - Sync 1 DAGs
[2024-10-08T08:12:50.851+0000] {logging_mixin.py:190} INFO - [2024-10-08T08:12:50.850+0000] {dag.py:4180} INFO - Setting next_dagrun for example_trigger_target_dag to None, run_after=None
[2024-10-08T08:12:50.882+0000] {processor.py:208} INFO - Processing /root/miniconda3/envs/project/lib/python3.8/site-packages/airflow/example_dags/example_trigger_target_dag.py took 0.105 seconds
[2024-10-08T08:13:56.751+0000] {processor.py:186} INFO - Started process (PID=211247) to work on /root/miniconda3/envs/project/lib/python3.8/site-packages/airflow/example_dags/example_trigger_target_dag.py
[2024-10-08T08:13:56.754+0000] {processor.py:914} INFO - Processing file /root/miniconda3/envs/project/lib/python3.8/site-packages/airflow/example_dags/example_trigger_target_dag.py for tasks to queue
[2024-10-08T08:13:56.757+0000] {logging_mixin.py:190} INFO - [2024-10-08T08:13:56.756+0000] {dagbag.py:588} INFO - Filling up the DagBag from /root/miniconda3/envs/project/lib/python3.8/site-packages/airflow/example_dags/example_trigger_target_dag.py
[2024-10-08T08:13:56.769+0000] {processor.py:925} INFO - DAG(s) 'example_trigger_target_dag' retrieved from /root/miniconda3/envs/project/lib/python3.8/site-packages/airflow/example_dags/example_trigger_target_dag.py
[2024-10-08T08:13:56.792+0000] {logging_mixin.py:190} INFO - [2024-10-08T08:13:56.792+0000] {dag.py:3239} INFO - Sync 1 DAGs
[2024-10-08T08:13:56.811+0000] {logging_mixin.py:190} INFO - [2024-10-08T08:13:56.810+0000] {dag.py:4180} INFO - Setting next_dagrun for example_trigger_target_dag to None, run_after=None
[2024-10-08T08:13:56.844+0000] {processor.py:208} INFO - Processing /root/miniconda3/envs/project/lib/python3.8/site-packages/airflow/example_dags/example_trigger_target_dag.py took 0.104 seconds
[2024-10-08T08:15:04.766+0000] {processor.py:186} INFO - Started process (PID=211497) to work on /root/miniconda3/envs/project/lib/python3.8/site-packages/airflow/example_dags/example_trigger_target_dag.py
[2024-10-08T08:15:04.770+0000] {processor.py:914} INFO - Processing file /root/miniconda3/envs/project/lib/python3.8/site-packages/airflow/example_dags/example_trigger_target_dag.py for tasks to queue
[2024-10-08T08:15:04.776+0000] {logging_mixin.py:190} INFO - [2024-10-08T08:15:04.775+0000] {dagbag.py:588} INFO - Filling up the DagBag from /root/miniconda3/envs/project/lib/python3.8/site-packages/airflow/example_dags/example_trigger_target_dag.py
[2024-10-08T08:15:04.792+0000] {processor.py:925} INFO - DAG(s) 'example_trigger_target_dag' retrieved from /root/miniconda3/envs/project/lib/python3.8/site-packages/airflow/example_dags/example_trigger_target_dag.py
[2024-10-08T08:15:04.817+0000] {logging_mixin.py:190} INFO - [2024-10-08T08:15:04.816+0000] {dag.py:3239} INFO - Sync 1 DAGs
[2024-10-08T08:15:04.836+0000] {logging_mixin.py:190} INFO - [2024-10-08T08:15:04.835+0000] {dag.py:4180} INFO - Setting next_dagrun for example_trigger_target_dag to None, run_after=None
[2024-10-08T08:15:04.870+0000] {processor.py:208} INFO - Processing /root/miniconda3/envs/project/lib/python3.8/site-packages/airflow/example_dags/example_trigger_target_dag.py took 0.114 seconds
[2024-10-08T08:16:14.226+0000] {processor.py:186} INFO - Started process (PID=211702) to work on /root/miniconda3/envs/project/lib/python3.8/site-packages/airflow/example_dags/example_trigger_target_dag.py
[2024-10-08T08:16:14.229+0000] {processor.py:914} INFO - Processing file /root/miniconda3/envs/project/lib/python3.8/site-packages/airflow/example_dags/example_trigger_target_dag.py for tasks to queue
[2024-10-08T08:16:14.233+0000] {logging_mixin.py:190} INFO - [2024-10-08T08:16:14.232+0000] {dagbag.py:588} INFO - Filling up the DagBag from /root/miniconda3/envs/project/lib/python3.8/site-packages/airflow/example_dags/example_trigger_target_dag.py
[2024-10-08T08:16:14.245+0000] {processor.py:925} INFO - DAG(s) 'example_trigger_target_dag' retrieved from /root/miniconda3/envs/project/lib/python3.8/site-packages/airflow/example_dags/example_trigger_target_dag.py
[2024-10-08T08:16:14.269+0000] {logging_mixin.py:190} INFO - [2024-10-08T08:16:14.269+0000] {dag.py:3239} INFO - Sync 1 DAGs
[2024-10-08T08:16:14.287+0000] {logging_mixin.py:190} INFO - [2024-10-08T08:16:14.287+0000] {dag.py:4180} INFO - Setting next_dagrun for example_trigger_target_dag to None, run_after=None
[2024-10-08T08:16:14.317+0000] {processor.py:208} INFO - Processing /root/miniconda3/envs/project/lib/python3.8/site-packages/airflow/example_dags/example_trigger_target_dag.py took 0.104 seconds
[2024-10-08T08:17:24.859+0000] {processor.py:186} INFO - Started process (PID=211909) to work on /root/miniconda3/envs/project/lib/python3.8/site-packages/airflow/example_dags/example_trigger_target_dag.py
[2024-10-08T08:17:24.862+0000] {processor.py:914} INFO - Processing file /root/miniconda3/envs/project/lib/python3.8/site-packages/airflow/example_dags/example_trigger_target_dag.py for tasks to queue
[2024-10-08T08:17:24.867+0000] {logging_mixin.py:190} INFO - [2024-10-08T08:17:24.866+0000] {dagbag.py:588} INFO - Filling up the DagBag from /root/miniconda3/envs/project/lib/python3.8/site-packages/airflow/example_dags/example_trigger_target_dag.py
[2024-10-08T08:17:24.879+0000] {processor.py:925} INFO - DAG(s) 'example_trigger_target_dag' retrieved from /root/miniconda3/envs/project/lib/python3.8/site-packages/airflow/example_dags/example_trigger_target_dag.py
[2024-10-08T08:17:24.903+0000] {logging_mixin.py:190} INFO - [2024-10-08T08:17:24.902+0000] {dag.py:3239} INFO - Sync 1 DAGs
[2024-10-08T08:17:24.921+0000] {logging_mixin.py:190} INFO - [2024-10-08T08:17:24.921+0000] {dag.py:4180} INFO - Setting next_dagrun for example_trigger_target_dag to None, run_after=None
[2024-10-08T08:17:24.953+0000] {processor.py:208} INFO - Processing /root/miniconda3/envs/project/lib/python3.8/site-packages/airflow/example_dags/example_trigger_target_dag.py took 0.107 seconds
[2024-10-08T08:18:33.263+0000] {processor.py:186} INFO - Started process (PID=212200) to work on /root/miniconda3/envs/project/lib/python3.8/site-packages/airflow/example_dags/example_trigger_target_dag.py
[2024-10-08T08:18:33.266+0000] {processor.py:914} INFO - Processing file /root/miniconda3/envs/project/lib/python3.8/site-packages/airflow/example_dags/example_trigger_target_dag.py for tasks to queue
[2024-10-08T08:18:33.269+0000] {logging_mixin.py:190} INFO - [2024-10-08T08:18:33.268+0000] {dagbag.py:588} INFO - Filling up the DagBag from /root/miniconda3/envs/project/lib/python3.8/site-packages/airflow/example_dags/example_trigger_target_dag.py
[2024-10-08T08:18:33.281+0000] {processor.py:925} INFO - DAG(s) 'example_trigger_target_dag' retrieved from /root/miniconda3/envs/project/lib/python3.8/site-packages/airflow/example_dags/example_trigger_target_dag.py
[2024-10-08T08:18:33.306+0000] {logging_mixin.py:190} INFO - [2024-10-08T08:18:33.306+0000] {dag.py:3239} INFO - Sync 1 DAGs
[2024-10-08T08:18:33.325+0000] {logging_mixin.py:190} INFO - [2024-10-08T08:18:33.325+0000] {dag.py:4180} INFO - Setting next_dagrun for example_trigger_target_dag to None, run_after=None
[2024-10-08T08:18:33.363+0000] {processor.py:208} INFO - Processing /root/miniconda3/envs/project/lib/python3.8/site-packages/airflow/example_dags/example_trigger_target_dag.py took 0.111 seconds
[2024-10-08T08:19:43.278+0000] {processor.py:186} INFO - Started process (PID=212402) to work on /root/miniconda3/envs/project/lib/python3.8/site-packages/airflow/example_dags/example_trigger_target_dag.py
[2024-10-08T08:19:43.281+0000] {processor.py:914} INFO - Processing file /root/miniconda3/envs/project/lib/python3.8/site-packages/airflow/example_dags/example_trigger_target_dag.py for tasks to queue
[2024-10-08T08:19:43.284+0000] {logging_mixin.py:190} INFO - [2024-10-08T08:19:43.284+0000] {dagbag.py:588} INFO - Filling up the DagBag from /root/miniconda3/envs/project/lib/python3.8/site-packages/airflow/example_dags/example_trigger_target_dag.py
[2024-10-08T08:19:43.296+0000] {processor.py:925} INFO - DAG(s) 'example_trigger_target_dag' retrieved from /root/miniconda3/envs/project/lib/python3.8/site-packages/airflow/example_dags/example_trigger_target_dag.py
[2024-10-08T08:19:43.319+0000] {logging_mixin.py:190} INFO - [2024-10-08T08:19:43.319+0000] {dag.py:3239} INFO - Sync 1 DAGs
[2024-10-08T08:19:43.337+0000] {logging_mixin.py:190} INFO - [2024-10-08T08:19:43.337+0000] {dag.py:4180} INFO - Setting next_dagrun for example_trigger_target_dag to None, run_after=None
[2024-10-08T08:19:43.369+0000] {processor.py:208} INFO - Processing /root/miniconda3/envs/project/lib/python3.8/site-packages/airflow/example_dags/example_trigger_target_dag.py took 0.101 seconds
[2024-10-08T08:20:51.402+0000] {processor.py:186} INFO - Started process (PID=212591) to work on /root/miniconda3/envs/project/lib/python3.8/site-packages/airflow/example_dags/example_trigger_target_dag.py
[2024-10-08T08:20:51.405+0000] {processor.py:914} INFO - Processing file /root/miniconda3/envs/project/lib/python3.8/site-packages/airflow/example_dags/example_trigger_target_dag.py for tasks to queue
[2024-10-08T08:20:51.408+0000] {logging_mixin.py:190} INFO - [2024-10-08T08:20:51.407+0000] {dagbag.py:588} INFO - Filling up the DagBag from /root/miniconda3/envs/project/lib/python3.8/site-packages/airflow/example_dags/example_trigger_target_dag.py
[2024-10-08T08:20:51.420+0000] {processor.py:925} INFO - DAG(s) 'example_trigger_target_dag' retrieved from /root/miniconda3/envs/project/lib/python3.8/site-packages/airflow/example_dags/example_trigger_target_dag.py
[2024-10-08T08:20:51.445+0000] {logging_mixin.py:190} INFO - [2024-10-08T08:20:51.444+0000] {dag.py:3239} INFO - Sync 1 DAGs
[2024-10-08T08:20:51.463+0000] {logging_mixin.py:190} INFO - [2024-10-08T08:20:51.463+0000] {dag.py:4180} INFO - Setting next_dagrun for example_trigger_target_dag to None, run_after=None
[2024-10-08T08:20:51.498+0000] {processor.py:208} INFO - Processing /root/miniconda3/envs/project/lib/python3.8/site-packages/airflow/example_dags/example_trigger_target_dag.py took 0.108 seconds
[2024-10-08T08:22:01.745+0000] {processor.py:186} INFO - Started process (PID=212797) to work on /root/miniconda3/envs/project/lib/python3.8/site-packages/airflow/example_dags/example_trigger_target_dag.py
[2024-10-08T08:22:01.748+0000] {processor.py:914} INFO - Processing file /root/miniconda3/envs/project/lib/python3.8/site-packages/airflow/example_dags/example_trigger_target_dag.py for tasks to queue
[2024-10-08T08:22:01.752+0000] {logging_mixin.py:190} INFO - [2024-10-08T08:22:01.751+0000] {dagbag.py:588} INFO - Filling up the DagBag from /root/miniconda3/envs/project/lib/python3.8/site-packages/airflow/example_dags/example_trigger_target_dag.py
[2024-10-08T08:22:01.765+0000] {processor.py:925} INFO - DAG(s) 'example_trigger_target_dag' retrieved from /root/miniconda3/envs/project/lib/python3.8/site-packages/airflow/example_dags/example_trigger_target_dag.py
[2024-10-08T08:22:01.788+0000] {logging_mixin.py:190} INFO - [2024-10-08T08:22:01.788+0000] {dag.py:3239} INFO - Sync 1 DAGs
[2024-10-08T08:22:01.806+0000] {logging_mixin.py:190} INFO - [2024-10-08T08:22:01.806+0000] {dag.py:4180} INFO - Setting next_dagrun for example_trigger_target_dag to None, run_after=None
[2024-10-08T08:22:01.837+0000] {processor.py:208} INFO - Processing /root/miniconda3/envs/project/lib/python3.8/site-packages/airflow/example_dags/example_trigger_target_dag.py took 0.105 seconds
[2024-10-08T08:23:10.525+0000] {processor.py:186} INFO - Started process (PID=213045) to work on /root/miniconda3/envs/project/lib/python3.8/site-packages/airflow/example_dags/example_trigger_target_dag.py
[2024-10-08T08:23:10.527+0000] {processor.py:914} INFO - Processing file /root/miniconda3/envs/project/lib/python3.8/site-packages/airflow/example_dags/example_trigger_target_dag.py for tasks to queue
[2024-10-08T08:23:10.531+0000] {logging_mixin.py:190} INFO - [2024-10-08T08:23:10.530+0000] {dagbag.py:588} INFO - Filling up the DagBag from /root/miniconda3/envs/project/lib/python3.8/site-packages/airflow/example_dags/example_trigger_target_dag.py
[2024-10-08T08:23:10.542+0000] {processor.py:925} INFO - DAG(s) 'example_trigger_target_dag' retrieved from /root/miniconda3/envs/project/lib/python3.8/site-packages/airflow/example_dags/example_trigger_target_dag.py
[2024-10-08T08:23:10.565+0000] {logging_mixin.py:190} INFO - [2024-10-08T08:23:10.565+0000] {dag.py:3239} INFO - Sync 1 DAGs
[2024-10-08T08:23:10.583+0000] {logging_mixin.py:190} INFO - [2024-10-08T08:23:10.583+0000] {dag.py:4180} INFO - Setting next_dagrun for example_trigger_target_dag to None, run_after=None
[2024-10-08T08:23:10.615+0000] {processor.py:208} INFO - Processing /root/miniconda3/envs/project/lib/python3.8/site-packages/airflow/example_dags/example_trigger_target_dag.py took 0.100 seconds
[2024-10-08T08:24:14.006+0000] {processor.py:186} INFO - Started process (PID=213230) to work on /root/miniconda3/envs/project/lib/python3.8/site-packages/airflow/example_dags/example_trigger_target_dag.py
[2024-10-08T08:24:14.009+0000] {processor.py:914} INFO - Processing file /root/miniconda3/envs/project/lib/python3.8/site-packages/airflow/example_dags/example_trigger_target_dag.py for tasks to queue
[2024-10-08T08:24:14.012+0000] {logging_mixin.py:190} INFO - [2024-10-08T08:24:14.011+0000] {dagbag.py:588} INFO - Filling up the DagBag from /root/miniconda3/envs/project/lib/python3.8/site-packages/airflow/example_dags/example_trigger_target_dag.py
[2024-10-08T08:24:14.024+0000] {processor.py:925} INFO - DAG(s) 'example_trigger_target_dag' retrieved from /root/miniconda3/envs/project/lib/python3.8/site-packages/airflow/example_dags/example_trigger_target_dag.py
[2024-10-08T08:24:14.047+0000] {logging_mixin.py:190} INFO - [2024-10-08T08:24:14.046+0000] {dag.py:3239} INFO - Sync 1 DAGs
[2024-10-08T08:24:14.064+0000] {logging_mixin.py:190} INFO - [2024-10-08T08:24:14.064+0000] {dag.py:4180} INFO - Setting next_dagrun for example_trigger_target_dag to None, run_after=None
[2024-10-08T08:24:14.098+0000] {processor.py:208} INFO - Processing /root/miniconda3/envs/project/lib/python3.8/site-packages/airflow/example_dags/example_trigger_target_dag.py took 0.104 seconds
[2024-10-08T08:37:02.950+0000] {processor.py:186} INFO - Started process (PID=214812) to work on /root/miniconda3/envs/project/lib/python3.8/site-packages/airflow/example_dags/example_trigger_target_dag.py
[2024-10-08T08:37:02.953+0000] {processor.py:914} INFO - Processing file /root/miniconda3/envs/project/lib/python3.8/site-packages/airflow/example_dags/example_trigger_target_dag.py for tasks to queue
[2024-10-08T08:37:02.958+0000] {logging_mixin.py:190} INFO - [2024-10-08T08:37:02.957+0000] {dagbag.py:588} INFO - Filling up the DagBag from /root/miniconda3/envs/project/lib/python3.8/site-packages/airflow/example_dags/example_trigger_target_dag.py
[2024-10-08T08:37:02.969+0000] {processor.py:925} INFO - DAG(s) 'example_trigger_target_dag' retrieved from /root/miniconda3/envs/project/lib/python3.8/site-packages/airflow/example_dags/example_trigger_target_dag.py
[2024-10-08T08:37:02.998+0000] {logging_mixin.py:190} INFO - [2024-10-08T08:37:02.998+0000] {dag.py:3239} INFO - Sync 1 DAGs
[2024-10-08T08:37:03.020+0000] {logging_mixin.py:190} INFO - [2024-10-08T08:37:03.020+0000] {dag.py:4180} INFO - Setting next_dagrun for example_trigger_target_dag to None, run_after=None
[2024-10-08T08:37:03.054+0000] {processor.py:208} INFO - Processing /root/miniconda3/envs/project/lib/python3.8/site-packages/airflow/example_dags/example_trigger_target_dag.py took 0.115 seconds
[2024-10-08T08:38:11.704+0000] {processor.py:186} INFO - Started process (PID=215202) to work on /root/miniconda3/envs/project/lib/python3.8/site-packages/airflow/example_dags/example_trigger_target_dag.py
[2024-10-08T08:38:11.707+0000] {processor.py:914} INFO - Processing file /root/miniconda3/envs/project/lib/python3.8/site-packages/airflow/example_dags/example_trigger_target_dag.py for tasks to queue
[2024-10-08T08:38:11.710+0000] {logging_mixin.py:190} INFO - [2024-10-08T08:38:11.710+0000] {dagbag.py:588} INFO - Filling up the DagBag from /root/miniconda3/envs/project/lib/python3.8/site-packages/airflow/example_dags/example_trigger_target_dag.py
[2024-10-08T08:38:11.723+0000] {processor.py:925} INFO - DAG(s) 'example_trigger_target_dag' retrieved from /root/miniconda3/envs/project/lib/python3.8/site-packages/airflow/example_dags/example_trigger_target_dag.py
[2024-10-08T08:38:11.747+0000] {logging_mixin.py:190} INFO - [2024-10-08T08:38:11.747+0000] {dag.py:3239} INFO - Sync 1 DAGs
[2024-10-08T08:38:11.765+0000] {logging_mixin.py:190} INFO - [2024-10-08T08:38:11.765+0000] {dag.py:4180} INFO - Setting next_dagrun for example_trigger_target_dag to None, run_after=None
[2024-10-08T08:38:11.802+0000] {processor.py:208} INFO - Processing /root/miniconda3/envs/project/lib/python3.8/site-packages/airflow/example_dags/example_trigger_target_dag.py took 0.110 seconds
[2024-10-08T08:39:19.728+0000] {processor.py:186} INFO - Started process (PID=215605) to work on /root/miniconda3/envs/project/lib/python3.8/site-packages/airflow/example_dags/example_trigger_target_dag.py
[2024-10-08T08:39:19.731+0000] {processor.py:914} INFO - Processing file /root/miniconda3/envs/project/lib/python3.8/site-packages/airflow/example_dags/example_trigger_target_dag.py for tasks to queue
[2024-10-08T08:39:19.734+0000] {logging_mixin.py:190} INFO - [2024-10-08T08:39:19.734+0000] {dagbag.py:588} INFO - Filling up the DagBag from /root/miniconda3/envs/project/lib/python3.8/site-packages/airflow/example_dags/example_trigger_target_dag.py
[2024-10-08T08:39:19.746+0000] {processor.py:925} INFO - DAG(s) 'example_trigger_target_dag' retrieved from /root/miniconda3/envs/project/lib/python3.8/site-packages/airflow/example_dags/example_trigger_target_dag.py
[2024-10-08T08:39:19.769+0000] {logging_mixin.py:190} INFO - [2024-10-08T08:39:19.768+0000] {dag.py:3239} INFO - Sync 1 DAGs
[2024-10-08T08:39:19.786+0000] {logging_mixin.py:190} INFO - [2024-10-08T08:39:19.786+0000] {dag.py:4180} INFO - Setting next_dagrun for example_trigger_target_dag to None, run_after=None
[2024-10-08T08:39:19.815+0000] {processor.py:208} INFO - Processing /root/miniconda3/envs/project/lib/python3.8/site-packages/airflow/example_dags/example_trigger_target_dag.py took 0.098 seconds
[2024-10-08T08:40:31.486+0000] {processor.py:186} INFO - Started process (PID=215956) to work on /root/miniconda3/envs/project/lib/python3.8/site-packages/airflow/example_dags/example_trigger_target_dag.py
[2024-10-08T08:40:31.489+0000] {processor.py:914} INFO - Processing file /root/miniconda3/envs/project/lib/python3.8/site-packages/airflow/example_dags/example_trigger_target_dag.py for tasks to queue
[2024-10-08T08:40:31.493+0000] {logging_mixin.py:190} INFO - [2024-10-08T08:40:31.492+0000] {dagbag.py:588} INFO - Filling up the DagBag from /root/miniconda3/envs/project/lib/python3.8/site-packages/airflow/example_dags/example_trigger_target_dag.py
[2024-10-08T08:40:31.505+0000] {processor.py:925} INFO - DAG(s) 'example_trigger_target_dag' retrieved from /root/miniconda3/envs/project/lib/python3.8/site-packages/airflow/example_dags/example_trigger_target_dag.py
[2024-10-08T08:40:31.529+0000] {logging_mixin.py:190} INFO - [2024-10-08T08:40:31.528+0000] {dag.py:3239} INFO - Sync 1 DAGs
[2024-10-08T08:40:31.546+0000] {logging_mixin.py:190} INFO - [2024-10-08T08:40:31.546+0000] {dag.py:4180} INFO - Setting next_dagrun for example_trigger_target_dag to None, run_after=None
[2024-10-08T08:40:31.582+0000] {processor.py:208} INFO - Processing /root/miniconda3/envs/project/lib/python3.8/site-packages/airflow/example_dags/example_trigger_target_dag.py took 0.106 seconds
[2024-10-08T08:41:39.131+0000] {processor.py:186} INFO - Started process (PID=216393) to work on /root/miniconda3/envs/project/lib/python3.8/site-packages/airflow/example_dags/example_trigger_target_dag.py
[2024-10-08T08:41:39.134+0000] {processor.py:914} INFO - Processing file /root/miniconda3/envs/project/lib/python3.8/site-packages/airflow/example_dags/example_trigger_target_dag.py for tasks to queue
[2024-10-08T08:41:39.137+0000] {logging_mixin.py:190} INFO - [2024-10-08T08:41:39.137+0000] {dagbag.py:588} INFO - Filling up the DagBag from /root/miniconda3/envs/project/lib/python3.8/site-packages/airflow/example_dags/example_trigger_target_dag.py
[2024-10-08T08:41:39.150+0000] {processor.py:925} INFO - DAG(s) 'example_trigger_target_dag' retrieved from /root/miniconda3/envs/project/lib/python3.8/site-packages/airflow/example_dags/example_trigger_target_dag.py
[2024-10-08T08:41:39.173+0000] {logging_mixin.py:190} INFO - [2024-10-08T08:41:39.173+0000] {dag.py:3239} INFO - Sync 1 DAGs
[2024-10-08T08:41:39.191+0000] {logging_mixin.py:190} INFO - [2024-10-08T08:41:39.191+0000] {dag.py:4180} INFO - Setting next_dagrun for example_trigger_target_dag to None, run_after=None
[2024-10-08T08:41:39.226+0000] {processor.py:208} INFO - Processing /root/miniconda3/envs/project/lib/python3.8/site-packages/airflow/example_dags/example_trigger_target_dag.py took 0.106 seconds
[2024-10-08T08:42:44.743+0000] {processor.py:186} INFO - Started process (PID=216693) to work on /root/miniconda3/envs/project/lib/python3.8/site-packages/airflow/example_dags/example_trigger_target_dag.py
[2024-10-08T08:42:44.745+0000] {processor.py:914} INFO - Processing file /root/miniconda3/envs/project/lib/python3.8/site-packages/airflow/example_dags/example_trigger_target_dag.py for tasks to queue
[2024-10-08T08:42:44.749+0000] {logging_mixin.py:190} INFO - [2024-10-08T08:42:44.748+0000] {dagbag.py:588} INFO - Filling up the DagBag from /root/miniconda3/envs/project/lib/python3.8/site-packages/airflow/example_dags/example_trigger_target_dag.py
[2024-10-08T08:42:44.761+0000] {processor.py:925} INFO - DAG(s) 'example_trigger_target_dag' retrieved from /root/miniconda3/envs/project/lib/python3.8/site-packages/airflow/example_dags/example_trigger_target_dag.py
[2024-10-08T08:42:44.784+0000] {logging_mixin.py:190} INFO - [2024-10-08T08:42:44.783+0000] {dag.py:3239} INFO - Sync 1 DAGs
[2024-10-08T08:42:44.802+0000] {logging_mixin.py:190} INFO - [2024-10-08T08:42:44.801+0000] {dag.py:4180} INFO - Setting next_dagrun for example_trigger_target_dag to None, run_after=None
[2024-10-08T08:42:44.832+0000] {processor.py:208} INFO - Processing /root/miniconda3/envs/project/lib/python3.8/site-packages/airflow/example_dags/example_trigger_target_dag.py took 0.100 seconds
[2024-10-08T08:43:52.859+0000] {processor.py:186} INFO - Started process (PID=216914) to work on /root/miniconda3/envs/project/lib/python3.8/site-packages/airflow/example_dags/example_trigger_target_dag.py
[2024-10-08T08:43:52.862+0000] {processor.py:914} INFO - Processing file /root/miniconda3/envs/project/lib/python3.8/site-packages/airflow/example_dags/example_trigger_target_dag.py for tasks to queue
[2024-10-08T08:43:52.865+0000] {logging_mixin.py:190} INFO - [2024-10-08T08:43:52.865+0000] {dagbag.py:588} INFO - Filling up the DagBag from /root/miniconda3/envs/project/lib/python3.8/site-packages/airflow/example_dags/example_trigger_target_dag.py
[2024-10-08T08:43:52.878+0000] {processor.py:925} INFO - DAG(s) 'example_trigger_target_dag' retrieved from /root/miniconda3/envs/project/lib/python3.8/site-packages/airflow/example_dags/example_trigger_target_dag.py
[2024-10-08T08:43:52.900+0000] {logging_mixin.py:190} INFO - [2024-10-08T08:43:52.900+0000] {dag.py:3239} INFO - Sync 1 DAGs
[2024-10-08T08:43:52.919+0000] {logging_mixin.py:190} INFO - [2024-10-08T08:43:52.918+0000] {dag.py:4180} INFO - Setting next_dagrun for example_trigger_target_dag to None, run_after=None
[2024-10-08T08:43:52.949+0000] {processor.py:208} INFO - Processing /root/miniconda3/envs/project/lib/python3.8/site-packages/airflow/example_dags/example_trigger_target_dag.py took 0.100 seconds
[2024-10-08T08:45:05.103+0000] {processor.py:186} INFO - Started process (PID=217140) to work on /root/miniconda3/envs/project/lib/python3.8/site-packages/airflow/example_dags/example_trigger_target_dag.py
[2024-10-08T08:45:05.106+0000] {processor.py:914} INFO - Processing file /root/miniconda3/envs/project/lib/python3.8/site-packages/airflow/example_dags/example_trigger_target_dag.py for tasks to queue
[2024-10-08T08:45:05.109+0000] {logging_mixin.py:190} INFO - [2024-10-08T08:45:05.109+0000] {dagbag.py:588} INFO - Filling up the DagBag from /root/miniconda3/envs/project/lib/python3.8/site-packages/airflow/example_dags/example_trigger_target_dag.py
[2024-10-08T08:45:05.122+0000] {processor.py:925} INFO - DAG(s) 'example_trigger_target_dag' retrieved from /root/miniconda3/envs/project/lib/python3.8/site-packages/airflow/example_dags/example_trigger_target_dag.py
[2024-10-08T08:45:05.146+0000] {logging_mixin.py:190} INFO - [2024-10-08T08:45:05.145+0000] {dag.py:3239} INFO - Sync 1 DAGs
[2024-10-08T08:45:05.164+0000] {logging_mixin.py:190} INFO - [2024-10-08T08:45:05.163+0000] {dag.py:4180} INFO - Setting next_dagrun for example_trigger_target_dag to None, run_after=None
[2024-10-08T08:45:05.202+0000] {processor.py:208} INFO - Processing /root/miniconda3/envs/project/lib/python3.8/site-packages/airflow/example_dags/example_trigger_target_dag.py took 0.111 seconds
[2024-10-08T08:46:19.622+0000] {processor.py:186} INFO - Started process (PID=217371) to work on /root/miniconda3/envs/project/lib/python3.8/site-packages/airflow/example_dags/example_trigger_target_dag.py
[2024-10-08T08:46:19.625+0000] {processor.py:914} INFO - Processing file /root/miniconda3/envs/project/lib/python3.8/site-packages/airflow/example_dags/example_trigger_target_dag.py for tasks to queue
[2024-10-08T08:46:19.629+0000] {logging_mixin.py:190} INFO - [2024-10-08T08:46:19.628+0000] {dagbag.py:588} INFO - Filling up the DagBag from /root/miniconda3/envs/project/lib/python3.8/site-packages/airflow/example_dags/example_trigger_target_dag.py
[2024-10-08T08:46:19.641+0000] {processor.py:925} INFO - DAG(s) 'example_trigger_target_dag' retrieved from /root/miniconda3/envs/project/lib/python3.8/site-packages/airflow/example_dags/example_trigger_target_dag.py
[2024-10-08T08:46:19.665+0000] {logging_mixin.py:190} INFO - [2024-10-08T08:46:19.665+0000] {dag.py:3239} INFO - Sync 1 DAGs
[2024-10-08T08:46:19.684+0000] {logging_mixin.py:190} INFO - [2024-10-08T08:46:19.684+0000] {dag.py:4180} INFO - Setting next_dagrun for example_trigger_target_dag to None, run_after=None
[2024-10-08T08:46:19.716+0000] {processor.py:208} INFO - Processing /root/miniconda3/envs/project/lib/python3.8/site-packages/airflow/example_dags/example_trigger_target_dag.py took 0.106 seconds
[2024-10-08T08:47:31.115+0000] {processor.py:186} INFO - Started process (PID=217792) to work on /root/miniconda3/envs/project/lib/python3.8/site-packages/airflow/example_dags/example_trigger_target_dag.py
[2024-10-08T08:47:31.118+0000] {processor.py:914} INFO - Processing file /root/miniconda3/envs/project/lib/python3.8/site-packages/airflow/example_dags/example_trigger_target_dag.py for tasks to queue
[2024-10-08T08:47:31.123+0000] {logging_mixin.py:190} INFO - [2024-10-08T08:47:31.122+0000] {dagbag.py:588} INFO - Filling up the DagBag from /root/miniconda3/envs/project/lib/python3.8/site-packages/airflow/example_dags/example_trigger_target_dag.py
[2024-10-08T08:47:31.135+0000] {processor.py:925} INFO - DAG(s) 'example_trigger_target_dag' retrieved from /root/miniconda3/envs/project/lib/python3.8/site-packages/airflow/example_dags/example_trigger_target_dag.py
[2024-10-08T08:47:31.158+0000] {logging_mixin.py:190} INFO - [2024-10-08T08:47:31.158+0000] {dag.py:3239} INFO - Sync 1 DAGs
[2024-10-08T08:47:31.179+0000] {logging_mixin.py:190} INFO - [2024-10-08T08:47:31.179+0000] {dag.py:4180} INFO - Setting next_dagrun for example_trigger_target_dag to None, run_after=None
[2024-10-08T08:47:31.217+0000] {processor.py:208} INFO - Processing /root/miniconda3/envs/project/lib/python3.8/site-packages/airflow/example_dags/example_trigger_target_dag.py took 0.115 seconds
[2024-10-08T08:48:43.674+0000] {processor.py:186} INFO - Started process (PID=218081) to work on /root/miniconda3/envs/project/lib/python3.8/site-packages/airflow/example_dags/example_trigger_target_dag.py
[2024-10-08T08:48:43.677+0000] {processor.py:914} INFO - Processing file /root/miniconda3/envs/project/lib/python3.8/site-packages/airflow/example_dags/example_trigger_target_dag.py for tasks to queue
[2024-10-08T08:48:43.681+0000] {logging_mixin.py:190} INFO - [2024-10-08T08:48:43.680+0000] {dagbag.py:588} INFO - Filling up the DagBag from /root/miniconda3/envs/project/lib/python3.8/site-packages/airflow/example_dags/example_trigger_target_dag.py
[2024-10-08T08:48:43.693+0000] {processor.py:925} INFO - DAG(s) 'example_trigger_target_dag' retrieved from /root/miniconda3/envs/project/lib/python3.8/site-packages/airflow/example_dags/example_trigger_target_dag.py
[2024-10-08T08:48:43.716+0000] {logging_mixin.py:190} INFO - [2024-10-08T08:48:43.716+0000] {dag.py:3239} INFO - Sync 1 DAGs
[2024-10-08T08:48:43.735+0000] {logging_mixin.py:190} INFO - [2024-10-08T08:48:43.735+0000] {dag.py:4180} INFO - Setting next_dagrun for example_trigger_target_dag to None, run_after=None
[2024-10-08T08:48:43.769+0000] {processor.py:208} INFO - Processing /root/miniconda3/envs/project/lib/python3.8/site-packages/airflow/example_dags/example_trigger_target_dag.py took 0.106 seconds
[2024-10-08T08:49:54.197+0000] {processor.py:186} INFO - Started process (PID=218303) to work on /root/miniconda3/envs/project/lib/python3.8/site-packages/airflow/example_dags/example_trigger_target_dag.py
[2024-10-08T08:49:54.200+0000] {processor.py:914} INFO - Processing file /root/miniconda3/envs/project/lib/python3.8/site-packages/airflow/example_dags/example_trigger_target_dag.py for tasks to queue
[2024-10-08T08:49:54.203+0000] {logging_mixin.py:190} INFO - [2024-10-08T08:49:54.202+0000] {dagbag.py:588} INFO - Filling up the DagBag from /root/miniconda3/envs/project/lib/python3.8/site-packages/airflow/example_dags/example_trigger_target_dag.py
[2024-10-08T08:49:54.215+0000] {processor.py:925} INFO - DAG(s) 'example_trigger_target_dag' retrieved from /root/miniconda3/envs/project/lib/python3.8/site-packages/airflow/example_dags/example_trigger_target_dag.py
[2024-10-08T08:49:54.238+0000] {logging_mixin.py:190} INFO - [2024-10-08T08:49:54.237+0000] {dag.py:3239} INFO - Sync 1 DAGs
[2024-10-08T08:49:54.255+0000] {logging_mixin.py:190} INFO - [2024-10-08T08:49:54.255+0000] {dag.py:4180} INFO - Setting next_dagrun for example_trigger_target_dag to None, run_after=None
[2024-10-08T08:49:54.287+0000] {processor.py:208} INFO - Processing /root/miniconda3/envs/project/lib/python3.8/site-packages/airflow/example_dags/example_trigger_target_dag.py took 0.102 seconds
[2024-10-08T08:51:03.621+0000] {processor.py:186} INFO - Started process (PID=218646) to work on /root/miniconda3/envs/project/lib/python3.8/site-packages/airflow/example_dags/example_trigger_target_dag.py
[2024-10-08T08:51:03.624+0000] {processor.py:914} INFO - Processing file /root/miniconda3/envs/project/lib/python3.8/site-packages/airflow/example_dags/example_trigger_target_dag.py for tasks to queue
[2024-10-08T08:51:03.627+0000] {logging_mixin.py:190} INFO - [2024-10-08T08:51:03.626+0000] {dagbag.py:588} INFO - Filling up the DagBag from /root/miniconda3/envs/project/lib/python3.8/site-packages/airflow/example_dags/example_trigger_target_dag.py
[2024-10-08T08:51:03.639+0000] {processor.py:925} INFO - DAG(s) 'example_trigger_target_dag' retrieved from /root/miniconda3/envs/project/lib/python3.8/site-packages/airflow/example_dags/example_trigger_target_dag.py
[2024-10-08T08:51:03.662+0000] {logging_mixin.py:190} INFO - [2024-10-08T08:51:03.662+0000] {dag.py:3239} INFO - Sync 1 DAGs
[2024-10-08T08:51:03.681+0000] {logging_mixin.py:190} INFO - [2024-10-08T08:51:03.680+0000] {dag.py:4180} INFO - Setting next_dagrun for example_trigger_target_dag to None, run_after=None
[2024-10-08T08:51:03.717+0000] {processor.py:208} INFO - Processing /root/miniconda3/envs/project/lib/python3.8/site-packages/airflow/example_dags/example_trigger_target_dag.py took 0.108 seconds
[2024-10-08T09:03:28.399+0000] {processor.py:186} INFO - Started process (PID=219443) to work on /root/miniconda3/envs/project/lib/python3.8/site-packages/airflow/example_dags/example_trigger_target_dag.py
[2024-10-08T09:03:28.402+0000] {processor.py:914} INFO - Processing file /root/miniconda3/envs/project/lib/python3.8/site-packages/airflow/example_dags/example_trigger_target_dag.py for tasks to queue
[2024-10-08T09:03:28.406+0000] {logging_mixin.py:190} INFO - [2024-10-08T09:03:28.406+0000] {dagbag.py:588} INFO - Filling up the DagBag from /root/miniconda3/envs/project/lib/python3.8/site-packages/airflow/example_dags/example_trigger_target_dag.py
[2024-10-08T09:03:28.417+0000] {processor.py:925} INFO - DAG(s) 'example_trigger_target_dag' retrieved from /root/miniconda3/envs/project/lib/python3.8/site-packages/airflow/example_dags/example_trigger_target_dag.py
[2024-10-08T09:03:28.441+0000] {logging_mixin.py:190} INFO - [2024-10-08T09:03:28.441+0000] {dag.py:3239} INFO - Sync 1 DAGs
[2024-10-08T09:03:28.459+0000] {logging_mixin.py:190} INFO - [2024-10-08T09:03:28.458+0000] {dag.py:4180} INFO - Setting next_dagrun for example_trigger_target_dag to None, run_after=None
[2024-10-08T09:03:28.488+0000] {processor.py:208} INFO - Processing /root/miniconda3/envs/project/lib/python3.8/site-packages/airflow/example_dags/example_trigger_target_dag.py took 0.099 seconds
[2024-10-08T09:05:09.198+0000] {processor.py:186} INFO - Started process (PID=219997) to work on /root/miniconda3/envs/project/lib/python3.8/site-packages/airflow/example_dags/example_trigger_target_dag.py
[2024-10-08T09:05:09.201+0000] {processor.py:914} INFO - Processing file /root/miniconda3/envs/project/lib/python3.8/site-packages/airflow/example_dags/example_trigger_target_dag.py for tasks to queue
[2024-10-08T09:05:09.205+0000] {logging_mixin.py:190} INFO - [2024-10-08T09:05:09.204+0000] {dagbag.py:588} INFO - Filling up the DagBag from /root/miniconda3/envs/project/lib/python3.8/site-packages/airflow/example_dags/example_trigger_target_dag.py
[2024-10-08T09:05:09.216+0000] {processor.py:925} INFO - DAG(s) 'example_trigger_target_dag' retrieved from /root/miniconda3/envs/project/lib/python3.8/site-packages/airflow/example_dags/example_trigger_target_dag.py
[2024-10-08T09:05:09.242+0000] {logging_mixin.py:190} INFO - [2024-10-08T09:05:09.242+0000] {dag.py:3239} INFO - Sync 1 DAGs
[2024-10-08T09:05:09.260+0000] {logging_mixin.py:190} INFO - [2024-10-08T09:05:09.260+0000] {dag.py:4180} INFO - Setting next_dagrun for example_trigger_target_dag to None, run_after=None
[2024-10-08T09:05:09.292+0000] {processor.py:208} INFO - Processing /root/miniconda3/envs/project/lib/python3.8/site-packages/airflow/example_dags/example_trigger_target_dag.py took 0.109 seconds
[2024-10-08T09:08:41.591+0000] {processor.py:186} INFO - Started process (PID=220786) to work on /root/miniconda3/envs/project/lib/python3.8/site-packages/airflow/example_dags/example_trigger_target_dag.py
[2024-10-08T09:08:41.594+0000] {processor.py:914} INFO - Processing file /root/miniconda3/envs/project/lib/python3.8/site-packages/airflow/example_dags/example_trigger_target_dag.py for tasks to queue
[2024-10-08T09:08:41.599+0000] {logging_mixin.py:190} INFO - [2024-10-08T09:08:41.598+0000] {dagbag.py:588} INFO - Filling up the DagBag from /root/miniconda3/envs/project/lib/python3.8/site-packages/airflow/example_dags/example_trigger_target_dag.py
[2024-10-08T09:08:41.610+0000] {processor.py:925} INFO - DAG(s) 'example_trigger_target_dag' retrieved from /root/miniconda3/envs/project/lib/python3.8/site-packages/airflow/example_dags/example_trigger_target_dag.py
[2024-10-08T09:08:41.637+0000] {logging_mixin.py:190} INFO - [2024-10-08T09:08:41.637+0000] {dag.py:3239} INFO - Sync 1 DAGs
[2024-10-08T09:08:41.656+0000] {logging_mixin.py:190} INFO - [2024-10-08T09:08:41.656+0000] {dag.py:4180} INFO - Setting next_dagrun for example_trigger_target_dag to None, run_after=None
[2024-10-08T09:08:41.687+0000] {processor.py:208} INFO - Processing /root/miniconda3/envs/project/lib/python3.8/site-packages/airflow/example_dags/example_trigger_target_dag.py took 0.107 seconds
[2024-10-08T09:10:09.917+0000] {processor.py:186} INFO - Started process (PID=221488) to work on /root/miniconda3/envs/project/lib/python3.8/site-packages/airflow/example_dags/example_trigger_target_dag.py
[2024-10-08T09:10:09.920+0000] {processor.py:914} INFO - Processing file /root/miniconda3/envs/project/lib/python3.8/site-packages/airflow/example_dags/example_trigger_target_dag.py for tasks to queue
[2024-10-08T09:10:09.924+0000] {logging_mixin.py:190} INFO - [2024-10-08T09:10:09.924+0000] {dagbag.py:588} INFO - Filling up the DagBag from /root/miniconda3/envs/project/lib/python3.8/site-packages/airflow/example_dags/example_trigger_target_dag.py
[2024-10-08T09:10:09.935+0000] {processor.py:925} INFO - DAG(s) 'example_trigger_target_dag' retrieved from /root/miniconda3/envs/project/lib/python3.8/site-packages/airflow/example_dags/example_trigger_target_dag.py
[2024-10-08T09:10:09.959+0000] {logging_mixin.py:190} INFO - [2024-10-08T09:10:09.959+0000] {dag.py:3239} INFO - Sync 1 DAGs
[2024-10-08T09:10:09.977+0000] {logging_mixin.py:190} INFO - [2024-10-08T09:10:09.977+0000] {dag.py:4180} INFO - Setting next_dagrun for example_trigger_target_dag to None, run_after=None
[2024-10-08T09:10:10.013+0000] {processor.py:208} INFO - Processing /root/miniconda3/envs/project/lib/python3.8/site-packages/airflow/example_dags/example_trigger_target_dag.py took 0.108 seconds
[2024-10-08T09:11:18.952+0000] {processor.py:186} INFO - Started process (PID=221709) to work on /root/miniconda3/envs/project/lib/python3.8/site-packages/airflow/example_dags/example_trigger_target_dag.py
[2024-10-08T09:11:18.955+0000] {processor.py:914} INFO - Processing file /root/miniconda3/envs/project/lib/python3.8/site-packages/airflow/example_dags/example_trigger_target_dag.py for tasks to queue
[2024-10-08T09:11:18.958+0000] {logging_mixin.py:190} INFO - [2024-10-08T09:11:18.957+0000] {dagbag.py:588} INFO - Filling up the DagBag from /root/miniconda3/envs/project/lib/python3.8/site-packages/airflow/example_dags/example_trigger_target_dag.py
[2024-10-08T09:11:18.970+0000] {processor.py:925} INFO - DAG(s) 'example_trigger_target_dag' retrieved from /root/miniconda3/envs/project/lib/python3.8/site-packages/airflow/example_dags/example_trigger_target_dag.py
[2024-10-08T09:11:18.997+0000] {logging_mixin.py:190} INFO - [2024-10-08T09:11:18.996+0000] {dag.py:3239} INFO - Sync 1 DAGs
[2024-10-08T09:11:19.015+0000] {logging_mixin.py:190} INFO - [2024-10-08T09:11:19.014+0000] {dag.py:4180} INFO - Setting next_dagrun for example_trigger_target_dag to None, run_after=None
[2024-10-08T09:11:19.051+0000] {processor.py:208} INFO - Processing /root/miniconda3/envs/project/lib/python3.8/site-packages/airflow/example_dags/example_trigger_target_dag.py took 0.110 seconds
[2024-10-08T09:12:20.583+0000] {processor.py:186} INFO - Started process (PID=222034) to work on /root/miniconda3/envs/project/lib/python3.8/site-packages/airflow/example_dags/example_trigger_target_dag.py
[2024-10-08T09:12:20.586+0000] {processor.py:914} INFO - Processing file /root/miniconda3/envs/project/lib/python3.8/site-packages/airflow/example_dags/example_trigger_target_dag.py for tasks to queue
[2024-10-08T09:12:20.590+0000] {logging_mixin.py:190} INFO - [2024-10-08T09:12:20.589+0000] {dagbag.py:588} INFO - Filling up the DagBag from /root/miniconda3/envs/project/lib/python3.8/site-packages/airflow/example_dags/example_trigger_target_dag.py
[2024-10-08T09:12:20.604+0000] {processor.py:925} INFO - DAG(s) 'example_trigger_target_dag' retrieved from /root/miniconda3/envs/project/lib/python3.8/site-packages/airflow/example_dags/example_trigger_target_dag.py
[2024-10-08T09:12:20.627+0000] {logging_mixin.py:190} INFO - [2024-10-08T09:12:20.627+0000] {dag.py:3239} INFO - Sync 1 DAGs
[2024-10-08T09:12:20.645+0000] {logging_mixin.py:190} INFO - [2024-10-08T09:12:20.645+0000] {dag.py:4180} INFO - Setting next_dagrun for example_trigger_target_dag to None, run_after=None
[2024-10-08T09:12:20.678+0000] {processor.py:208} INFO - Processing /root/miniconda3/envs/project/lib/python3.8/site-packages/airflow/example_dags/example_trigger_target_dag.py took 0.106 seconds
[2024-10-08T09:13:27.881+0000] {processor.py:186} INFO - Started process (PID=222258) to work on /root/miniconda3/envs/project/lib/python3.8/site-packages/airflow/example_dags/example_trigger_target_dag.py
[2024-10-08T09:13:27.884+0000] {processor.py:914} INFO - Processing file /root/miniconda3/envs/project/lib/python3.8/site-packages/airflow/example_dags/example_trigger_target_dag.py for tasks to queue
[2024-10-08T09:13:27.887+0000] {logging_mixin.py:190} INFO - [2024-10-08T09:13:27.887+0000] {dagbag.py:588} INFO - Filling up the DagBag from /root/miniconda3/envs/project/lib/python3.8/site-packages/airflow/example_dags/example_trigger_target_dag.py
[2024-10-08T09:13:27.900+0000] {processor.py:925} INFO - DAG(s) 'example_trigger_target_dag' retrieved from /root/miniconda3/envs/project/lib/python3.8/site-packages/airflow/example_dags/example_trigger_target_dag.py
[2024-10-08T09:13:27.923+0000] {logging_mixin.py:190} INFO - [2024-10-08T09:13:27.923+0000] {dag.py:3239} INFO - Sync 1 DAGs
[2024-10-08T09:13:27.942+0000] {logging_mixin.py:190} INFO - [2024-10-08T09:13:27.942+0000] {dag.py:4180} INFO - Setting next_dagrun for example_trigger_target_dag to None, run_after=None
[2024-10-08T09:13:27.975+0000] {processor.py:208} INFO - Processing /root/miniconda3/envs/project/lib/python3.8/site-packages/airflow/example_dags/example_trigger_target_dag.py took 0.105 seconds
[2024-10-08T09:14:28.599+0000] {processor.py:186} INFO - Started process (PID=222580) to work on /root/miniconda3/envs/project/lib/python3.8/site-packages/airflow/example_dags/example_trigger_target_dag.py
[2024-10-08T09:14:28.602+0000] {processor.py:914} INFO - Processing file /root/miniconda3/envs/project/lib/python3.8/site-packages/airflow/example_dags/example_trigger_target_dag.py for tasks to queue
[2024-10-08T09:14:28.605+0000] {logging_mixin.py:190} INFO - [2024-10-08T09:14:28.605+0000] {dagbag.py:588} INFO - Filling up the DagBag from /root/miniconda3/envs/project/lib/python3.8/site-packages/airflow/example_dags/example_trigger_target_dag.py
[2024-10-08T09:14:28.617+0000] {processor.py:925} INFO - DAG(s) 'example_trigger_target_dag' retrieved from /root/miniconda3/envs/project/lib/python3.8/site-packages/airflow/example_dags/example_trigger_target_dag.py
[2024-10-08T09:14:28.641+0000] {logging_mixin.py:190} INFO - [2024-10-08T09:14:28.641+0000] {dag.py:3239} INFO - Sync 1 DAGs
[2024-10-08T09:14:28.659+0000] {logging_mixin.py:190} INFO - [2024-10-08T09:14:28.659+0000] {dag.py:4180} INFO - Setting next_dagrun for example_trigger_target_dag to None, run_after=None
[2024-10-08T09:14:28.701+0000] {processor.py:208} INFO - Processing /root/miniconda3/envs/project/lib/python3.8/site-packages/airflow/example_dags/example_trigger_target_dag.py took 0.114 seconds
[2024-10-08T09:15:44.399+0000] {processor.py:186} INFO - Started process (PID=222899) to work on /root/miniconda3/envs/project/lib/python3.8/site-packages/airflow/example_dags/example_trigger_target_dag.py
[2024-10-08T09:15:44.402+0000] {processor.py:914} INFO - Processing file /root/miniconda3/envs/project/lib/python3.8/site-packages/airflow/example_dags/example_trigger_target_dag.py for tasks to queue
[2024-10-08T09:15:44.405+0000] {logging_mixin.py:190} INFO - [2024-10-08T09:15:44.405+0000] {dagbag.py:588} INFO - Filling up the DagBag from /root/miniconda3/envs/project/lib/python3.8/site-packages/airflow/example_dags/example_trigger_target_dag.py
[2024-10-08T09:15:44.417+0000] {processor.py:925} INFO - DAG(s) 'example_trigger_target_dag' retrieved from /root/miniconda3/envs/project/lib/python3.8/site-packages/airflow/example_dags/example_trigger_target_dag.py
[2024-10-08T09:15:44.440+0000] {logging_mixin.py:190} INFO - [2024-10-08T09:15:44.440+0000] {dag.py:3239} INFO - Sync 1 DAGs
[2024-10-08T09:15:44.458+0000] {logging_mixin.py:190} INFO - [2024-10-08T09:15:44.457+0000] {dag.py:4180} INFO - Setting next_dagrun for example_trigger_target_dag to None, run_after=None
[2024-10-08T09:15:44.491+0000] {processor.py:208} INFO - Processing /root/miniconda3/envs/project/lib/python3.8/site-packages/airflow/example_dags/example_trigger_target_dag.py took 0.103 seconds
[2024-10-08T09:16:52.947+0000] {processor.py:186} INFO - Started process (PID=223163) to work on /root/miniconda3/envs/project/lib/python3.8/site-packages/airflow/example_dags/example_trigger_target_dag.py
[2024-10-08T09:16:52.949+0000] {processor.py:914} INFO - Processing file /root/miniconda3/envs/project/lib/python3.8/site-packages/airflow/example_dags/example_trigger_target_dag.py for tasks to queue
[2024-10-08T09:16:52.953+0000] {logging_mixin.py:190} INFO - [2024-10-08T09:16:52.952+0000] {dagbag.py:588} INFO - Filling up the DagBag from /root/miniconda3/envs/project/lib/python3.8/site-packages/airflow/example_dags/example_trigger_target_dag.py
[2024-10-08T09:16:52.965+0000] {processor.py:925} INFO - DAG(s) 'example_trigger_target_dag' retrieved from /root/miniconda3/envs/project/lib/python3.8/site-packages/airflow/example_dags/example_trigger_target_dag.py
[2024-10-08T09:16:52.988+0000] {logging_mixin.py:190} INFO - [2024-10-08T09:16:52.988+0000] {dag.py:3239} INFO - Sync 1 DAGs
[2024-10-08T09:16:53.006+0000] {logging_mixin.py:190} INFO - [2024-10-08T09:16:53.006+0000] {dag.py:4180} INFO - Setting next_dagrun for example_trigger_target_dag to None, run_after=None
[2024-10-08T09:16:53.038+0000] {processor.py:208} INFO - Processing /root/miniconda3/envs/project/lib/python3.8/site-packages/airflow/example_dags/example_trigger_target_dag.py took 0.102 seconds
[2024-10-08T09:18:01.383+0000] {processor.py:186} INFO - Started process (PID=223390) to work on /root/miniconda3/envs/project/lib/python3.8/site-packages/airflow/example_dags/example_trigger_target_dag.py
[2024-10-08T09:18:01.386+0000] {processor.py:914} INFO - Processing file /root/miniconda3/envs/project/lib/python3.8/site-packages/airflow/example_dags/example_trigger_target_dag.py for tasks to queue
[2024-10-08T09:18:01.390+0000] {logging_mixin.py:190} INFO - [2024-10-08T09:18:01.390+0000] {dagbag.py:588} INFO - Filling up the DagBag from /root/miniconda3/envs/project/lib/python3.8/site-packages/airflow/example_dags/example_trigger_target_dag.py
[2024-10-08T09:18:01.403+0000] {processor.py:925} INFO - DAG(s) 'example_trigger_target_dag' retrieved from /root/miniconda3/envs/project/lib/python3.8/site-packages/airflow/example_dags/example_trigger_target_dag.py
[2024-10-08T09:18:01.427+0000] {logging_mixin.py:190} INFO - [2024-10-08T09:18:01.427+0000] {dag.py:3239} INFO - Sync 1 DAGs
[2024-10-08T09:18:01.445+0000] {logging_mixin.py:190} INFO - [2024-10-08T09:18:01.445+0000] {dag.py:4180} INFO - Setting next_dagrun for example_trigger_target_dag to None, run_after=None
[2024-10-08T09:18:01.479+0000] {processor.py:208} INFO - Processing /root/miniconda3/envs/project/lib/python3.8/site-packages/airflow/example_dags/example_trigger_target_dag.py took 0.106 seconds
[2024-10-08T09:19:19.547+0000] {processor.py:186} INFO - Started process (PID=223632) to work on /root/miniconda3/envs/project/lib/python3.8/site-packages/airflow/example_dags/example_trigger_target_dag.py
[2024-10-08T09:19:19.550+0000] {processor.py:914} INFO - Processing file /root/miniconda3/envs/project/lib/python3.8/site-packages/airflow/example_dags/example_trigger_target_dag.py for tasks to queue
[2024-10-08T09:19:19.553+0000] {logging_mixin.py:190} INFO - [2024-10-08T09:19:19.553+0000] {dagbag.py:588} INFO - Filling up the DagBag from /root/miniconda3/envs/project/lib/python3.8/site-packages/airflow/example_dags/example_trigger_target_dag.py
[2024-10-08T09:19:19.565+0000] {processor.py:925} INFO - DAG(s) 'example_trigger_target_dag' retrieved from /root/miniconda3/envs/project/lib/python3.8/site-packages/airflow/example_dags/example_trigger_target_dag.py
[2024-10-08T09:19:19.587+0000] {logging_mixin.py:190} INFO - [2024-10-08T09:19:19.587+0000] {dag.py:3239} INFO - Sync 1 DAGs
[2024-10-08T09:19:19.605+0000] {logging_mixin.py:190} INFO - [2024-10-08T09:19:19.605+0000] {dag.py:4180} INFO - Setting next_dagrun for example_trigger_target_dag to None, run_after=None
[2024-10-08T09:19:19.640+0000] {processor.py:208} INFO - Processing /root/miniconda3/envs/project/lib/python3.8/site-packages/airflow/example_dags/example_trigger_target_dag.py took 0.103 seconds
[2024-10-08T09:20:25.912+0000] {processor.py:186} INFO - Started process (PID=223915) to work on /root/miniconda3/envs/project/lib/python3.8/site-packages/airflow/example_dags/example_trigger_target_dag.py
[2024-10-08T09:20:25.915+0000] {processor.py:914} INFO - Processing file /root/miniconda3/envs/project/lib/python3.8/site-packages/airflow/example_dags/example_trigger_target_dag.py for tasks to queue
[2024-10-08T09:20:25.919+0000] {logging_mixin.py:190} INFO - [2024-10-08T09:20:25.918+0000] {dagbag.py:588} INFO - Filling up the DagBag from /root/miniconda3/envs/project/lib/python3.8/site-packages/airflow/example_dags/example_trigger_target_dag.py
[2024-10-08T09:20:25.931+0000] {processor.py:925} INFO - DAG(s) 'example_trigger_target_dag' retrieved from /root/miniconda3/envs/project/lib/python3.8/site-packages/airflow/example_dags/example_trigger_target_dag.py
[2024-10-08T09:20:25.955+0000] {logging_mixin.py:190} INFO - [2024-10-08T09:20:25.954+0000] {dag.py:3239} INFO - Sync 1 DAGs
[2024-10-08T09:20:25.973+0000] {logging_mixin.py:190} INFO - [2024-10-08T09:20:25.972+0000] {dag.py:4180} INFO - Setting next_dagrun for example_trigger_target_dag to None, run_after=None
[2024-10-08T09:20:26.009+0000] {processor.py:208} INFO - Processing /root/miniconda3/envs/project/lib/python3.8/site-packages/airflow/example_dags/example_trigger_target_dag.py took 0.108 seconds
[2024-10-08T09:21:43.448+0000] {processor.py:186} INFO - Started process (PID=224154) to work on /root/miniconda3/envs/project/lib/python3.8/site-packages/airflow/example_dags/example_trigger_target_dag.py
[2024-10-08T09:21:43.451+0000] {processor.py:914} INFO - Processing file /root/miniconda3/envs/project/lib/python3.8/site-packages/airflow/example_dags/example_trigger_target_dag.py for tasks to queue
[2024-10-08T09:21:43.454+0000] {logging_mixin.py:190} INFO - [2024-10-08T09:21:43.454+0000] {dagbag.py:588} INFO - Filling up the DagBag from /root/miniconda3/envs/project/lib/python3.8/site-packages/airflow/example_dags/example_trigger_target_dag.py
[2024-10-08T09:21:43.466+0000] {processor.py:925} INFO - DAG(s) 'example_trigger_target_dag' retrieved from /root/miniconda3/envs/project/lib/python3.8/site-packages/airflow/example_dags/example_trigger_target_dag.py
[2024-10-08T09:21:43.490+0000] {logging_mixin.py:190} INFO - [2024-10-08T09:21:43.489+0000] {dag.py:3239} INFO - Sync 1 DAGs
[2024-10-08T09:21:43.508+0000] {logging_mixin.py:190} INFO - [2024-10-08T09:21:43.508+0000] {dag.py:4180} INFO - Setting next_dagrun for example_trigger_target_dag to None, run_after=None
[2024-10-08T09:21:43.541+0000] {processor.py:208} INFO - Processing /root/miniconda3/envs/project/lib/python3.8/site-packages/airflow/example_dags/example_trigger_target_dag.py took 0.105 seconds
[2024-10-08T09:22:50.834+0000] {processor.py:186} INFO - Started process (PID=224439) to work on /root/miniconda3/envs/project/lib/python3.8/site-packages/airflow/example_dags/example_trigger_target_dag.py
[2024-10-08T09:22:50.838+0000] {processor.py:914} INFO - Processing file /root/miniconda3/envs/project/lib/python3.8/site-packages/airflow/example_dags/example_trigger_target_dag.py for tasks to queue
[2024-10-08T09:22:50.841+0000] {logging_mixin.py:190} INFO - [2024-10-08T09:22:50.840+0000] {dagbag.py:588} INFO - Filling up the DagBag from /root/miniconda3/envs/project/lib/python3.8/site-packages/airflow/example_dags/example_trigger_target_dag.py
[2024-10-08T09:22:50.853+0000] {processor.py:925} INFO - DAG(s) 'example_trigger_target_dag' retrieved from /root/miniconda3/envs/project/lib/python3.8/site-packages/airflow/example_dags/example_trigger_target_dag.py
[2024-10-08T09:22:50.876+0000] {logging_mixin.py:190} INFO - [2024-10-08T09:22:50.875+0000] {dag.py:3239} INFO - Sync 1 DAGs
[2024-10-08T09:22:50.894+0000] {logging_mixin.py:190} INFO - [2024-10-08T09:22:50.893+0000] {dag.py:4180} INFO - Setting next_dagrun for example_trigger_target_dag to None, run_after=None
[2024-10-08T09:22:50.929+0000] {processor.py:208} INFO - Processing /root/miniconda3/envs/project/lib/python3.8/site-packages/airflow/example_dags/example_trigger_target_dag.py took 0.104 seconds
[2024-10-08T09:24:00.888+0000] {processor.py:186} INFO - Started process (PID=224632) to work on /root/miniconda3/envs/project/lib/python3.8/site-packages/airflow/example_dags/example_trigger_target_dag.py
[2024-10-08T09:24:00.890+0000] {processor.py:914} INFO - Processing file /root/miniconda3/envs/project/lib/python3.8/site-packages/airflow/example_dags/example_trigger_target_dag.py for tasks to queue
[2024-10-08T09:24:00.894+0000] {logging_mixin.py:190} INFO - [2024-10-08T09:24:00.893+0000] {dagbag.py:588} INFO - Filling up the DagBag from /root/miniconda3/envs/project/lib/python3.8/site-packages/airflow/example_dags/example_trigger_target_dag.py
[2024-10-08T09:24:00.906+0000] {processor.py:925} INFO - DAG(s) 'example_trigger_target_dag' retrieved from /root/miniconda3/envs/project/lib/python3.8/site-packages/airflow/example_dags/example_trigger_target_dag.py
[2024-10-08T09:24:00.929+0000] {logging_mixin.py:190} INFO - [2024-10-08T09:24:00.929+0000] {dag.py:3239} INFO - Sync 1 DAGs
[2024-10-08T09:24:00.947+0000] {logging_mixin.py:190} INFO - [2024-10-08T09:24:00.947+0000] {dag.py:4180} INFO - Setting next_dagrun for example_trigger_target_dag to None, run_after=None
[2024-10-08T09:24:00.980+0000] {processor.py:208} INFO - Processing /root/miniconda3/envs/project/lib/python3.8/site-packages/airflow/example_dags/example_trigger_target_dag.py took 0.103 seconds
[2024-10-08T09:25:10.011+0000] {processor.py:186} INFO - Started process (PID=225296) to work on /root/miniconda3/envs/project/lib/python3.8/site-packages/airflow/example_dags/example_trigger_target_dag.py
[2024-10-08T09:25:10.014+0000] {processor.py:914} INFO - Processing file /root/miniconda3/envs/project/lib/python3.8/site-packages/airflow/example_dags/example_trigger_target_dag.py for tasks to queue
[2024-10-08T09:25:10.017+0000] {logging_mixin.py:190} INFO - [2024-10-08T09:25:10.016+0000] {dagbag.py:588} INFO - Filling up the DagBag from /root/miniconda3/envs/project/lib/python3.8/site-packages/airflow/example_dags/example_trigger_target_dag.py
[2024-10-08T09:25:10.029+0000] {processor.py:925} INFO - DAG(s) 'example_trigger_target_dag' retrieved from /root/miniconda3/envs/project/lib/python3.8/site-packages/airflow/example_dags/example_trigger_target_dag.py
[2024-10-08T09:25:10.052+0000] {logging_mixin.py:190} INFO - [2024-10-08T09:25:10.052+0000] {dag.py:3239} INFO - Sync 1 DAGs
[2024-10-08T09:25:10.072+0000] {logging_mixin.py:190} INFO - [2024-10-08T09:25:10.072+0000] {dag.py:4180} INFO - Setting next_dagrun for example_trigger_target_dag to None, run_after=None
[2024-10-08T09:25:10.104+0000] {processor.py:208} INFO - Processing /root/miniconda3/envs/project/lib/python3.8/site-packages/airflow/example_dags/example_trigger_target_dag.py took 0.106 seconds
[2024-10-08T09:26:18.517+0000] {processor.py:186} INFO - Started process (PID=225697) to work on /root/miniconda3/envs/project/lib/python3.8/site-packages/airflow/example_dags/example_trigger_target_dag.py
[2024-10-08T09:26:18.520+0000] {processor.py:914} INFO - Processing file /root/miniconda3/envs/project/lib/python3.8/site-packages/airflow/example_dags/example_trigger_target_dag.py for tasks to queue
[2024-10-08T09:26:18.524+0000] {logging_mixin.py:190} INFO - [2024-10-08T09:26:18.523+0000] {dagbag.py:588} INFO - Filling up the DagBag from /root/miniconda3/envs/project/lib/python3.8/site-packages/airflow/example_dags/example_trigger_target_dag.py
[2024-10-08T09:26:18.536+0000] {processor.py:925} INFO - DAG(s) 'example_trigger_target_dag' retrieved from /root/miniconda3/envs/project/lib/python3.8/site-packages/airflow/example_dags/example_trigger_target_dag.py
[2024-10-08T09:26:18.559+0000] {logging_mixin.py:190} INFO - [2024-10-08T09:26:18.559+0000] {dag.py:3239} INFO - Sync 1 DAGs
[2024-10-08T09:26:18.578+0000] {logging_mixin.py:190} INFO - [2024-10-08T09:26:18.577+0000] {dag.py:4180} INFO - Setting next_dagrun for example_trigger_target_dag to None, run_after=None
[2024-10-08T09:26:18.610+0000] {processor.py:208} INFO - Processing /root/miniconda3/envs/project/lib/python3.8/site-packages/airflow/example_dags/example_trigger_target_dag.py took 0.103 seconds
[2024-10-08T09:27:31.494+0000] {processor.py:186} INFO - Started process (PID=226064) to work on /root/miniconda3/envs/project/lib/python3.8/site-packages/airflow/example_dags/example_trigger_target_dag.py
[2024-10-08T09:27:31.497+0000] {processor.py:914} INFO - Processing file /root/miniconda3/envs/project/lib/python3.8/site-packages/airflow/example_dags/example_trigger_target_dag.py for tasks to queue
[2024-10-08T09:27:31.500+0000] {logging_mixin.py:190} INFO - [2024-10-08T09:27:31.500+0000] {dagbag.py:588} INFO - Filling up the DagBag from /root/miniconda3/envs/project/lib/python3.8/site-packages/airflow/example_dags/example_trigger_target_dag.py
[2024-10-08T09:27:31.512+0000] {processor.py:925} INFO - DAG(s) 'example_trigger_target_dag' retrieved from /root/miniconda3/envs/project/lib/python3.8/site-packages/airflow/example_dags/example_trigger_target_dag.py
[2024-10-08T09:27:31.535+0000] {logging_mixin.py:190} INFO - [2024-10-08T09:27:31.535+0000] {dag.py:3239} INFO - Sync 1 DAGs
[2024-10-08T09:27:31.554+0000] {logging_mixin.py:190} INFO - [2024-10-08T09:27:31.554+0000] {dag.py:4180} INFO - Setting next_dagrun for example_trigger_target_dag to None, run_after=None
[2024-10-08T09:27:31.590+0000] {processor.py:208} INFO - Processing /root/miniconda3/envs/project/lib/python3.8/site-packages/airflow/example_dags/example_trigger_target_dag.py took 0.108 seconds
[2024-10-08T09:28:42.531+0000] {processor.py:186} INFO - Started process (PID=226610) to work on /root/miniconda3/envs/project/lib/python3.8/site-packages/airflow/example_dags/example_trigger_target_dag.py
[2024-10-08T09:28:42.534+0000] {processor.py:914} INFO - Processing file /root/miniconda3/envs/project/lib/python3.8/site-packages/airflow/example_dags/example_trigger_target_dag.py for tasks to queue
[2024-10-08T09:28:42.537+0000] {logging_mixin.py:190} INFO - [2024-10-08T09:28:42.537+0000] {dagbag.py:588} INFO - Filling up the DagBag from /root/miniconda3/envs/project/lib/python3.8/site-packages/airflow/example_dags/example_trigger_target_dag.py
[2024-10-08T09:28:42.549+0000] {processor.py:925} INFO - DAG(s) 'example_trigger_target_dag' retrieved from /root/miniconda3/envs/project/lib/python3.8/site-packages/airflow/example_dags/example_trigger_target_dag.py
[2024-10-08T09:28:42.573+0000] {logging_mixin.py:190} INFO - [2024-10-08T09:28:42.573+0000] {dag.py:3239} INFO - Sync 1 DAGs
[2024-10-08T09:28:42.591+0000] {logging_mixin.py:190} INFO - [2024-10-08T09:28:42.591+0000] {dag.py:4180} INFO - Setting next_dagrun for example_trigger_target_dag to None, run_after=None
[2024-10-08T09:28:42.627+0000] {processor.py:208} INFO - Processing /root/miniconda3/envs/project/lib/python3.8/site-packages/airflow/example_dags/example_trigger_target_dag.py took 0.106 seconds
[2024-10-08T09:30:02.454+0000] {processor.py:186} INFO - Started process (PID=227466) to work on /root/miniconda3/envs/project/lib/python3.8/site-packages/airflow/example_dags/example_trigger_target_dag.py
[2024-10-08T09:30:02.457+0000] {processor.py:914} INFO - Processing file /root/miniconda3/envs/project/lib/python3.8/site-packages/airflow/example_dags/example_trigger_target_dag.py for tasks to queue
[2024-10-08T09:30:02.461+0000] {logging_mixin.py:190} INFO - [2024-10-08T09:30:02.460+0000] {dagbag.py:588} INFO - Filling up the DagBag from /root/miniconda3/envs/project/lib/python3.8/site-packages/airflow/example_dags/example_trigger_target_dag.py
[2024-10-08T09:30:02.472+0000] {processor.py:925} INFO - DAG(s) 'example_trigger_target_dag' retrieved from /root/miniconda3/envs/project/lib/python3.8/site-packages/airflow/example_dags/example_trigger_target_dag.py
[2024-10-08T09:30:02.606+0000] {logging_mixin.py:190} INFO - [2024-10-08T09:30:02.606+0000] {dag.py:3239} INFO - Sync 1 DAGs
[2024-10-08T09:30:02.623+0000] {logging_mixin.py:190} INFO - [2024-10-08T09:30:02.623+0000] {dag.py:4180} INFO - Setting next_dagrun for example_trigger_target_dag to None, run_after=None
[2024-10-08T09:30:02.659+0000] {processor.py:208} INFO - Processing /root/miniconda3/envs/project/lib/python3.8/site-packages/airflow/example_dags/example_trigger_target_dag.py took 0.217 seconds
[2024-10-08T09:31:38.576+0000] {processor.py:186} INFO - Started process (PID=228613) to work on /root/miniconda3/envs/project/lib/python3.8/site-packages/airflow/example_dags/example_trigger_target_dag.py
[2024-10-08T09:31:38.579+0000] {processor.py:914} INFO - Processing file /root/miniconda3/envs/project/lib/python3.8/site-packages/airflow/example_dags/example_trigger_target_dag.py for tasks to queue
[2024-10-08T09:31:38.582+0000] {logging_mixin.py:190} INFO - [2024-10-08T09:31:38.582+0000] {dagbag.py:588} INFO - Filling up the DagBag from /root/miniconda3/envs/project/lib/python3.8/site-packages/airflow/example_dags/example_trigger_target_dag.py
[2024-10-08T09:31:38.595+0000] {processor.py:925} INFO - DAG(s) 'example_trigger_target_dag' retrieved from /root/miniconda3/envs/project/lib/python3.8/site-packages/airflow/example_dags/example_trigger_target_dag.py
[2024-10-08T09:31:38.730+0000] {logging_mixin.py:190} INFO - [2024-10-08T09:31:38.730+0000] {dag.py:3239} INFO - Sync 1 DAGs
[2024-10-08T09:31:38.745+0000] {logging_mixin.py:190} INFO - [2024-10-08T09:31:38.745+0000] {dag.py:4180} INFO - Setting next_dagrun for example_trigger_target_dag to None, run_after=None
[2024-10-08T09:31:38.779+0000] {processor.py:208} INFO - Processing /root/miniconda3/envs/project/lib/python3.8/site-packages/airflow/example_dags/example_trigger_target_dag.py took 0.215 seconds
[2024-10-08T09:32:50.717+0000] {processor.py:186} INFO - Started process (PID=229158) to work on /root/miniconda3/envs/project/lib/python3.8/site-packages/airflow/example_dags/example_trigger_target_dag.py
[2024-10-08T09:32:50.720+0000] {processor.py:914} INFO - Processing file /root/miniconda3/envs/project/lib/python3.8/site-packages/airflow/example_dags/example_trigger_target_dag.py for tasks to queue
[2024-10-08T09:32:50.723+0000] {logging_mixin.py:190} INFO - [2024-10-08T09:32:50.723+0000] {dagbag.py:588} INFO - Filling up the DagBag from /root/miniconda3/envs/project/lib/python3.8/site-packages/airflow/example_dags/example_trigger_target_dag.py
[2024-10-08T09:32:50.736+0000] {processor.py:925} INFO - DAG(s) 'example_trigger_target_dag' retrieved from /root/miniconda3/envs/project/lib/python3.8/site-packages/airflow/example_dags/example_trigger_target_dag.py
[2024-10-08T09:32:50.759+0000] {logging_mixin.py:190} INFO - [2024-10-08T09:32:50.759+0000] {dag.py:3239} INFO - Sync 1 DAGs
[2024-10-08T09:32:50.779+0000] {logging_mixin.py:190} INFO - [2024-10-08T09:32:50.778+0000] {dag.py:4180} INFO - Setting next_dagrun for example_trigger_target_dag to None, run_after=None
[2024-10-08T09:32:50.811+0000] {processor.py:208} INFO - Processing /root/miniconda3/envs/project/lib/python3.8/site-packages/airflow/example_dags/example_trigger_target_dag.py took 0.106 seconds
