[2024-10-08T07:57:14.320+0000] {processor.py:186} INFO - Started process (PID=207083) to work on /root/miniconda3/envs/project/lib/python3.8/site-packages/airflow/example_dags/example_trigger_controller_dag.py
[2024-10-08T07:57:14.321+0000] {processor.py:914} INFO - Processing file /root/miniconda3/envs/project/lib/python3.8/site-packages/airflow/example_dags/example_trigger_controller_dag.py for tasks to queue
[2024-10-08T07:57:14.325+0000] {logging_mixin.py:190} INFO - [2024-10-08T07:57:14.324+0000] {dagbag.py:588} INFO - Filling up the DagBag from /root/miniconda3/envs/project/lib/python3.8/site-packages/airflow/example_dags/example_trigger_controller_dag.py
[2024-10-08T07:57:14.335+0000] {processor.py:925} INFO - DAG(s) 'example_trigger_controller_dag' retrieved from /root/miniconda3/envs/project/lib/python3.8/site-packages/airflow/example_dags/example_trigger_controller_dag.py
[2024-10-08T07:57:14.482+0000] {logging_mixin.py:190} INFO - [2024-10-08T07:57:14.481+0000] {override.py:1901} INFO - Created Permission View: can delete on DAG:example_trigger_controller_dag
[2024-10-08T07:57:14.512+0000] {logging_mixin.py:190} INFO - [2024-10-08T07:57:14.511+0000] {override.py:1901} INFO - Created Permission View: can read on DAG:example_trigger_controller_dag
[2024-10-08T07:57:14.525+0000] {logging_mixin.py:190} INFO - [2024-10-08T07:57:14.525+0000] {override.py:1901} INFO - Created Permission View: can edit on DAG:example_trigger_controller_dag
[2024-10-08T07:57:14.550+0000] {logging_mixin.py:190} INFO - [2024-10-08T07:57:14.549+0000] {override.py:1901} INFO - Created Permission View: can delete on DAG Run:example_trigger_controller_dag
[2024-10-08T07:57:14.566+0000] {logging_mixin.py:190} INFO - [2024-10-08T07:57:14.566+0000] {override.py:1901} INFO - Created Permission View: menu access on DAG Run:example_trigger_controller_dag
[2024-10-08T07:57:14.580+0000] {logging_mixin.py:190} INFO - [2024-10-08T07:57:14.579+0000] {override.py:1901} INFO - Created Permission View: can create on DAG Run:example_trigger_controller_dag
[2024-10-08T07:57:14.594+0000] {logging_mixin.py:190} INFO - [2024-10-08T07:57:14.593+0000] {override.py:1901} INFO - Created Permission View: can read on DAG Run:example_trigger_controller_dag
[2024-10-08T07:57:14.594+0000] {logging_mixin.py:190} INFO - [2024-10-08T07:57:14.594+0000] {dag.py:3239} INFO - Sync 1 DAGs
[2024-10-08T07:57:14.612+0000] {logging_mixin.py:190} INFO - [2024-10-08T07:57:14.612+0000] {dag.py:3262} INFO - Creating ORM DAG for example_trigger_controller_dag
[2024-10-08T07:57:14.624+0000] {logging_mixin.py:190} INFO - [2024-10-08T07:57:14.624+0000] {dag.py:4180} INFO - Setting next_dagrun for example_trigger_controller_dag to 2021-01-01 00:00:00+00:00, run_after=2021-01-01 00:00:00+00:00
[2024-10-08T07:57:14.656+0000] {processor.py:208} INFO - Processing /root/miniconda3/envs/project/lib/python3.8/site-packages/airflow/example_dags/example_trigger_controller_dag.py took 0.349 seconds
[2024-10-08T07:58:28.819+0000] {processor.py:186} INFO - Started process (PID=207285) to work on /root/miniconda3/envs/project/lib/python3.8/site-packages/airflow/example_dags/example_trigger_controller_dag.py
[2024-10-08T07:58:28.822+0000] {processor.py:914} INFO - Processing file /root/miniconda3/envs/project/lib/python3.8/site-packages/airflow/example_dags/example_trigger_controller_dag.py for tasks to queue
[2024-10-08T07:58:28.826+0000] {logging_mixin.py:190} INFO - [2024-10-08T07:58:28.825+0000] {dagbag.py:588} INFO - Filling up the DagBag from /root/miniconda3/envs/project/lib/python3.8/site-packages/airflow/example_dags/example_trigger_controller_dag.py
[2024-10-08T07:58:28.836+0000] {processor.py:925} INFO - DAG(s) 'example_trigger_controller_dag' retrieved from /root/miniconda3/envs/project/lib/python3.8/site-packages/airflow/example_dags/example_trigger_controller_dag.py
[2024-10-08T07:58:28.858+0000] {logging_mixin.py:190} INFO - [2024-10-08T07:58:28.858+0000] {dag.py:3239} INFO - Sync 1 DAGs
[2024-10-08T07:58:28.886+0000] {logging_mixin.py:190} INFO - [2024-10-08T07:58:28.886+0000] {dag.py:4180} INFO - Setting next_dagrun for example_trigger_controller_dag to 2021-01-01 00:00:00+00:00, run_after=2021-01-01 00:00:00+00:00
[2024-10-08T07:58:28.920+0000] {processor.py:208} INFO - Processing /root/miniconda3/envs/project/lib/python3.8/site-packages/airflow/example_dags/example_trigger_controller_dag.py took 0.112 seconds
[2024-10-08T07:59:41.688+0000] {processor.py:186} INFO - Started process (PID=207544) to work on /root/miniconda3/envs/project/lib/python3.8/site-packages/airflow/example_dags/example_trigger_controller_dag.py
[2024-10-08T07:59:41.692+0000] {processor.py:914} INFO - Processing file /root/miniconda3/envs/project/lib/python3.8/site-packages/airflow/example_dags/example_trigger_controller_dag.py for tasks to queue
[2024-10-08T07:59:41.696+0000] {logging_mixin.py:190} INFO - [2024-10-08T07:59:41.696+0000] {dagbag.py:588} INFO - Filling up the DagBag from /root/miniconda3/envs/project/lib/python3.8/site-packages/airflow/example_dags/example_trigger_controller_dag.py
[2024-10-08T07:59:41.707+0000] {processor.py:925} INFO - DAG(s) 'example_trigger_controller_dag' retrieved from /root/miniconda3/envs/project/lib/python3.8/site-packages/airflow/example_dags/example_trigger_controller_dag.py
[2024-10-08T07:59:41.730+0000] {logging_mixin.py:190} INFO - [2024-10-08T07:59:41.730+0000] {dag.py:3239} INFO - Sync 1 DAGs
[2024-10-08T07:59:41.759+0000] {logging_mixin.py:190} INFO - [2024-10-08T07:59:41.758+0000] {dag.py:4180} INFO - Setting next_dagrun for example_trigger_controller_dag to 2021-01-01 00:00:00+00:00, run_after=2021-01-01 00:00:00+00:00
[2024-10-08T07:59:41.792+0000] {processor.py:208} INFO - Processing /root/miniconda3/envs/project/lib/python3.8/site-packages/airflow/example_dags/example_trigger_controller_dag.py took 0.115 seconds
[2024-10-08T08:00:51.042+0000] {processor.py:186} INFO - Started process (PID=207889) to work on /root/miniconda3/envs/project/lib/python3.8/site-packages/airflow/example_dags/example_trigger_controller_dag.py
[2024-10-08T08:00:51.045+0000] {processor.py:914} INFO - Processing file /root/miniconda3/envs/project/lib/python3.8/site-packages/airflow/example_dags/example_trigger_controller_dag.py for tasks to queue
[2024-10-08T08:00:51.049+0000] {logging_mixin.py:190} INFO - [2024-10-08T08:00:51.049+0000] {dagbag.py:588} INFO - Filling up the DagBag from /root/miniconda3/envs/project/lib/python3.8/site-packages/airflow/example_dags/example_trigger_controller_dag.py
[2024-10-08T08:00:51.060+0000] {processor.py:925} INFO - DAG(s) 'example_trigger_controller_dag' retrieved from /root/miniconda3/envs/project/lib/python3.8/site-packages/airflow/example_dags/example_trigger_controller_dag.py
[2024-10-08T08:00:51.084+0000] {logging_mixin.py:190} INFO - [2024-10-08T08:00:51.084+0000] {dag.py:3239} INFO - Sync 1 DAGs
[2024-10-08T08:00:51.113+0000] {logging_mixin.py:190} INFO - [2024-10-08T08:00:51.113+0000] {dag.py:4180} INFO - Setting next_dagrun for example_trigger_controller_dag to 2021-01-01 00:00:00+00:00, run_after=2021-01-01 00:00:00+00:00
[2024-10-08T08:00:51.151+0000] {processor.py:208} INFO - Processing /root/miniconda3/envs/project/lib/python3.8/site-packages/airflow/example_dags/example_trigger_controller_dag.py took 0.120 seconds
[2024-10-08T08:02:05.407+0000] {processor.py:186} INFO - Started process (PID=208193) to work on /root/miniconda3/envs/project/lib/python3.8/site-packages/airflow/example_dags/example_trigger_controller_dag.py
[2024-10-08T08:02:05.410+0000] {processor.py:914} INFO - Processing file /root/miniconda3/envs/project/lib/python3.8/site-packages/airflow/example_dags/example_trigger_controller_dag.py for tasks to queue
[2024-10-08T08:02:05.413+0000] {logging_mixin.py:190} INFO - [2024-10-08T08:02:05.412+0000] {dagbag.py:588} INFO - Filling up the DagBag from /root/miniconda3/envs/project/lib/python3.8/site-packages/airflow/example_dags/example_trigger_controller_dag.py
[2024-10-08T08:02:05.422+0000] {processor.py:925} INFO - DAG(s) 'example_trigger_controller_dag' retrieved from /root/miniconda3/envs/project/lib/python3.8/site-packages/airflow/example_dags/example_trigger_controller_dag.py
[2024-10-08T08:02:05.442+0000] {logging_mixin.py:190} INFO - [2024-10-08T08:02:05.441+0000] {dag.py:3239} INFO - Sync 1 DAGs
[2024-10-08T08:02:05.464+0000] {logging_mixin.py:190} INFO - [2024-10-08T08:02:05.464+0000] {dag.py:4180} INFO - Setting next_dagrun for example_trigger_controller_dag to 2021-01-01 00:00:00+00:00, run_after=2021-01-01 00:00:00+00:00
[2024-10-08T08:02:05.496+0000] {processor.py:208} INFO - Processing /root/miniconda3/envs/project/lib/python3.8/site-packages/airflow/example_dags/example_trigger_controller_dag.py took 0.097 seconds
[2024-10-08T08:03:16.687+0000] {processor.py:186} INFO - Started process (PID=208398) to work on /root/miniconda3/envs/project/lib/python3.8/site-packages/airflow/example_dags/example_trigger_controller_dag.py
[2024-10-08T08:03:16.690+0000] {processor.py:914} INFO - Processing file /root/miniconda3/envs/project/lib/python3.8/site-packages/airflow/example_dags/example_trigger_controller_dag.py for tasks to queue
[2024-10-08T08:03:16.693+0000] {logging_mixin.py:190} INFO - [2024-10-08T08:03:16.693+0000] {dagbag.py:588} INFO - Filling up the DagBag from /root/miniconda3/envs/project/lib/python3.8/site-packages/airflow/example_dags/example_trigger_controller_dag.py
[2024-10-08T08:03:16.704+0000] {processor.py:925} INFO - DAG(s) 'example_trigger_controller_dag' retrieved from /root/miniconda3/envs/project/lib/python3.8/site-packages/airflow/example_dags/example_trigger_controller_dag.py
[2024-10-08T08:03:16.726+0000] {logging_mixin.py:190} INFO - [2024-10-08T08:03:16.726+0000] {dag.py:3239} INFO - Sync 1 DAGs
[2024-10-08T08:03:16.753+0000] {logging_mixin.py:190} INFO - [2024-10-08T08:03:16.752+0000] {dag.py:4180} INFO - Setting next_dagrun for example_trigger_controller_dag to 2021-01-01 00:00:00+00:00, run_after=2021-01-01 00:00:00+00:00
[2024-10-08T08:03:16.788+0000] {processor.py:208} INFO - Processing /root/miniconda3/envs/project/lib/python3.8/site-packages/airflow/example_dags/example_trigger_controller_dag.py took 0.111 seconds
[2024-10-08T08:04:23.744+0000] {processor.py:186} INFO - Started process (PID=208600) to work on /root/miniconda3/envs/project/lib/python3.8/site-packages/airflow/example_dags/example_trigger_controller_dag.py
[2024-10-08T08:04:23.746+0000] {processor.py:914} INFO - Processing file /root/miniconda3/envs/project/lib/python3.8/site-packages/airflow/example_dags/example_trigger_controller_dag.py for tasks to queue
[2024-10-08T08:04:23.750+0000] {logging_mixin.py:190} INFO - [2024-10-08T08:04:23.749+0000] {dagbag.py:588} INFO - Filling up the DagBag from /root/miniconda3/envs/project/lib/python3.8/site-packages/airflow/example_dags/example_trigger_controller_dag.py
[2024-10-08T08:04:23.761+0000] {processor.py:925} INFO - DAG(s) 'example_trigger_controller_dag' retrieved from /root/miniconda3/envs/project/lib/python3.8/site-packages/airflow/example_dags/example_trigger_controller_dag.py
[2024-10-08T08:04:23.784+0000] {logging_mixin.py:190} INFO - [2024-10-08T08:04:23.784+0000] {dag.py:3239} INFO - Sync 1 DAGs
[2024-10-08T08:04:23.813+0000] {logging_mixin.py:190} INFO - [2024-10-08T08:04:23.812+0000] {dag.py:4180} INFO - Setting next_dagrun for example_trigger_controller_dag to 2021-01-01 00:00:00+00:00, run_after=2021-01-01 00:00:00+00:00
[2024-10-08T08:04:23.844+0000] {processor.py:208} INFO - Processing /root/miniconda3/envs/project/lib/python3.8/site-packages/airflow/example_dags/example_trigger_controller_dag.py took 0.111 seconds
[2024-10-08T08:05:26.086+0000] {processor.py:186} INFO - Started process (PID=208784) to work on /root/miniconda3/envs/project/lib/python3.8/site-packages/airflow/example_dags/example_trigger_controller_dag.py
[2024-10-08T08:05:26.089+0000] {processor.py:914} INFO - Processing file /root/miniconda3/envs/project/lib/python3.8/site-packages/airflow/example_dags/example_trigger_controller_dag.py for tasks to queue
[2024-10-08T08:05:26.092+0000] {logging_mixin.py:190} INFO - [2024-10-08T08:05:26.092+0000] {dagbag.py:588} INFO - Filling up the DagBag from /root/miniconda3/envs/project/lib/python3.8/site-packages/airflow/example_dags/example_trigger_controller_dag.py
[2024-10-08T08:05:26.103+0000] {processor.py:925} INFO - DAG(s) 'example_trigger_controller_dag' retrieved from /root/miniconda3/envs/project/lib/python3.8/site-packages/airflow/example_dags/example_trigger_controller_dag.py
[2024-10-08T08:05:26.126+0000] {logging_mixin.py:190} INFO - [2024-10-08T08:05:26.126+0000] {dag.py:3239} INFO - Sync 1 DAGs
[2024-10-08T08:05:26.154+0000] {logging_mixin.py:190} INFO - [2024-10-08T08:05:26.153+0000] {dag.py:4180} INFO - Setting next_dagrun for example_trigger_controller_dag to 2021-01-01 00:00:00+00:00, run_after=2021-01-01 00:00:00+00:00
[2024-10-08T08:05:26.186+0000] {processor.py:208} INFO - Processing /root/miniconda3/envs/project/lib/python3.8/site-packages/airflow/example_dags/example_trigger_controller_dag.py took 0.113 seconds
[2024-10-08T08:06:26.961+0000] {processor.py:186} INFO - Started process (PID=208965) to work on /root/miniconda3/envs/project/lib/python3.8/site-packages/airflow/example_dags/example_trigger_controller_dag.py
[2024-10-08T08:06:26.964+0000] {processor.py:914} INFO - Processing file /root/miniconda3/envs/project/lib/python3.8/site-packages/airflow/example_dags/example_trigger_controller_dag.py for tasks to queue
[2024-10-08T08:06:26.967+0000] {logging_mixin.py:190} INFO - [2024-10-08T08:06:26.967+0000] {dagbag.py:588} INFO - Filling up the DagBag from /root/miniconda3/envs/project/lib/python3.8/site-packages/airflow/example_dags/example_trigger_controller_dag.py
[2024-10-08T08:06:26.979+0000] {processor.py:925} INFO - DAG(s) 'example_trigger_controller_dag' retrieved from /root/miniconda3/envs/project/lib/python3.8/site-packages/airflow/example_dags/example_trigger_controller_dag.py
[2024-10-08T08:06:27.002+0000] {logging_mixin.py:190} INFO - [2024-10-08T08:06:27.001+0000] {dag.py:3239} INFO - Sync 1 DAGs
[2024-10-08T08:06:27.030+0000] {logging_mixin.py:190} INFO - [2024-10-08T08:06:27.029+0000] {dag.py:4180} INFO - Setting next_dagrun for example_trigger_controller_dag to 2021-01-01 00:00:00+00:00, run_after=2021-01-01 00:00:00+00:00
[2024-10-08T08:06:27.063+0000] {processor.py:208} INFO - Processing /root/miniconda3/envs/project/lib/python3.8/site-packages/airflow/example_dags/example_trigger_controller_dag.py took 0.114 seconds
[2024-10-08T08:07:35.932+0000] {processor.py:186} INFO - Started process (PID=209211) to work on /root/miniconda3/envs/project/lib/python3.8/site-packages/airflow/example_dags/example_trigger_controller_dag.py
[2024-10-08T08:07:35.935+0000] {processor.py:914} INFO - Processing file /root/miniconda3/envs/project/lib/python3.8/site-packages/airflow/example_dags/example_trigger_controller_dag.py for tasks to queue
[2024-10-08T08:07:35.939+0000] {logging_mixin.py:190} INFO - [2024-10-08T08:07:35.938+0000] {dagbag.py:588} INFO - Filling up the DagBag from /root/miniconda3/envs/project/lib/python3.8/site-packages/airflow/example_dags/example_trigger_controller_dag.py
[2024-10-08T08:07:35.950+0000] {processor.py:925} INFO - DAG(s) 'example_trigger_controller_dag' retrieved from /root/miniconda3/envs/project/lib/python3.8/site-packages/airflow/example_dags/example_trigger_controller_dag.py
[2024-10-08T08:07:35.972+0000] {logging_mixin.py:190} INFO - [2024-10-08T08:07:35.972+0000] {dag.py:3239} INFO - Sync 1 DAGs
[2024-10-08T08:07:36.007+0000] {logging_mixin.py:190} INFO - [2024-10-08T08:07:36.007+0000] {dag.py:4180} INFO - Setting next_dagrun for example_trigger_controller_dag to 2021-01-01 00:00:00+00:00, run_after=2021-01-01 00:00:00+00:00
[2024-10-08T08:07:36.039+0000] {processor.py:208} INFO - Processing /root/miniconda3/envs/project/lib/python3.8/site-packages/airflow/example_dags/example_trigger_controller_dag.py took 0.122 seconds
[2024-10-08T08:09:44.544+0000] {processor.py:186} INFO - Started process (PID=210041) to work on /root/miniconda3/envs/project/lib/python3.8/site-packages/airflow/example_dags/example_trigger_controller_dag.py
[2024-10-08T08:09:44.546+0000] {processor.py:914} INFO - Processing file /root/miniconda3/envs/project/lib/python3.8/site-packages/airflow/example_dags/example_trigger_controller_dag.py for tasks to queue
[2024-10-08T08:09:44.550+0000] {logging_mixin.py:190} INFO - [2024-10-08T08:09:44.549+0000] {dagbag.py:588} INFO - Filling up the DagBag from /root/miniconda3/envs/project/lib/python3.8/site-packages/airflow/example_dags/example_trigger_controller_dag.py
[2024-10-08T08:09:44.560+0000] {processor.py:925} INFO - DAG(s) 'example_trigger_controller_dag' retrieved from /root/miniconda3/envs/project/lib/python3.8/site-packages/airflow/example_dags/example_trigger_controller_dag.py
[2024-10-08T08:09:44.586+0000] {logging_mixin.py:190} INFO - [2024-10-08T08:09:44.585+0000] {dag.py:3239} INFO - Sync 1 DAGs
[2024-10-08T08:09:44.613+0000] {logging_mixin.py:190} INFO - [2024-10-08T08:09:44.613+0000] {dag.py:4180} INFO - Setting next_dagrun for example_trigger_controller_dag to 2021-01-01 00:00:00+00:00, run_after=2021-01-01 00:00:00+00:00
[2024-10-08T08:09:44.648+0000] {processor.py:208} INFO - Processing /root/miniconda3/envs/project/lib/python3.8/site-packages/airflow/example_dags/example_trigger_controller_dag.py took 0.115 seconds
[2024-10-08T08:11:09.815+0000] {processor.py:186} INFO - Started process (PID=210508) to work on /root/miniconda3/envs/project/lib/python3.8/site-packages/airflow/example_dags/example_trigger_controller_dag.py
[2024-10-08T08:11:09.818+0000] {processor.py:914} INFO - Processing file /root/miniconda3/envs/project/lib/python3.8/site-packages/airflow/example_dags/example_trigger_controller_dag.py for tasks to queue
[2024-10-08T08:11:09.823+0000] {logging_mixin.py:190} INFO - [2024-10-08T08:11:09.822+0000] {dagbag.py:588} INFO - Filling up the DagBag from /root/miniconda3/envs/project/lib/python3.8/site-packages/airflow/example_dags/example_trigger_controller_dag.py
[2024-10-08T08:11:09.837+0000] {processor.py:925} INFO - DAG(s) 'example_trigger_controller_dag' retrieved from /root/miniconda3/envs/project/lib/python3.8/site-packages/airflow/example_dags/example_trigger_controller_dag.py
[2024-10-08T08:11:09.862+0000] {logging_mixin.py:190} INFO - [2024-10-08T08:11:09.862+0000] {dag.py:3239} INFO - Sync 1 DAGs
[2024-10-08T08:11:09.890+0000] {logging_mixin.py:190} INFO - [2024-10-08T08:11:09.890+0000] {dag.py:4180} INFO - Setting next_dagrun for example_trigger_controller_dag to 2021-01-01 00:00:00+00:00, run_after=2021-01-01 00:00:00+00:00
[2024-10-08T08:11:09.923+0000] {processor.py:208} INFO - Processing /root/miniconda3/envs/project/lib/python3.8/site-packages/airflow/example_dags/example_trigger_controller_dag.py took 0.120 seconds
[2024-10-08T08:12:47.947+0000] {processor.py:186} INFO - Started process (PID=211039) to work on /root/miniconda3/envs/project/lib/python3.8/site-packages/airflow/example_dags/example_trigger_controller_dag.py
[2024-10-08T08:12:47.950+0000] {processor.py:914} INFO - Processing file /root/miniconda3/envs/project/lib/python3.8/site-packages/airflow/example_dags/example_trigger_controller_dag.py for tasks to queue
[2024-10-08T08:12:47.953+0000] {logging_mixin.py:190} INFO - [2024-10-08T08:12:47.953+0000] {dagbag.py:588} INFO - Filling up the DagBag from /root/miniconda3/envs/project/lib/python3.8/site-packages/airflow/example_dags/example_trigger_controller_dag.py
[2024-10-08T08:12:47.964+0000] {processor.py:925} INFO - DAG(s) 'example_trigger_controller_dag' retrieved from /root/miniconda3/envs/project/lib/python3.8/site-packages/airflow/example_dags/example_trigger_controller_dag.py
[2024-10-08T08:12:47.989+0000] {logging_mixin.py:190} INFO - [2024-10-08T08:12:47.989+0000] {dag.py:3239} INFO - Sync 1 DAGs
[2024-10-08T08:12:48.016+0000] {logging_mixin.py:190} INFO - [2024-10-08T08:12:48.016+0000] {dag.py:4180} INFO - Setting next_dagrun for example_trigger_controller_dag to 2021-01-01 00:00:00+00:00, run_after=2021-01-01 00:00:00+00:00
[2024-10-08T08:12:48.051+0000] {processor.py:208} INFO - Processing /root/miniconda3/envs/project/lib/python3.8/site-packages/airflow/example_dags/example_trigger_controller_dag.py took 0.115 seconds
[2024-10-08T08:13:52.959+0000] {processor.py:186} INFO - Started process (PID=211241) to work on /root/miniconda3/envs/project/lib/python3.8/site-packages/airflow/example_dags/example_trigger_controller_dag.py
[2024-10-08T08:13:52.962+0000] {processor.py:914} INFO - Processing file /root/miniconda3/envs/project/lib/python3.8/site-packages/airflow/example_dags/example_trigger_controller_dag.py for tasks to queue
[2024-10-08T08:13:52.965+0000] {logging_mixin.py:190} INFO - [2024-10-08T08:13:52.964+0000] {dagbag.py:588} INFO - Filling up the DagBag from /root/miniconda3/envs/project/lib/python3.8/site-packages/airflow/example_dags/example_trigger_controller_dag.py
[2024-10-08T08:13:52.975+0000] {processor.py:925} INFO - DAG(s) 'example_trigger_controller_dag' retrieved from /root/miniconda3/envs/project/lib/python3.8/site-packages/airflow/example_dags/example_trigger_controller_dag.py
[2024-10-08T08:13:53.002+0000] {logging_mixin.py:190} INFO - [2024-10-08T08:13:53.002+0000] {dag.py:3239} INFO - Sync 1 DAGs
[2024-10-08T08:13:53.031+0000] {logging_mixin.py:190} INFO - [2024-10-08T08:13:53.031+0000] {dag.py:4180} INFO - Setting next_dagrun for example_trigger_controller_dag to 2021-01-01 00:00:00+00:00, run_after=2021-01-01 00:00:00+00:00
[2024-10-08T08:13:53.064+0000] {processor.py:208} INFO - Processing /root/miniconda3/envs/project/lib/python3.8/site-packages/airflow/example_dags/example_trigger_controller_dag.py took 0.117 seconds
[2024-10-08T08:15:02.261+0000] {processor.py:186} INFO - Started process (PID=211491) to work on /root/miniconda3/envs/project/lib/python3.8/site-packages/airflow/example_dags/example_trigger_controller_dag.py
[2024-10-08T08:15:02.264+0000] {processor.py:914} INFO - Processing file /root/miniconda3/envs/project/lib/python3.8/site-packages/airflow/example_dags/example_trigger_controller_dag.py for tasks to queue
[2024-10-08T08:15:02.267+0000] {logging_mixin.py:190} INFO - [2024-10-08T08:15:02.266+0000] {dagbag.py:588} INFO - Filling up the DagBag from /root/miniconda3/envs/project/lib/python3.8/site-packages/airflow/example_dags/example_trigger_controller_dag.py
[2024-10-08T08:15:02.278+0000] {processor.py:925} INFO - DAG(s) 'example_trigger_controller_dag' retrieved from /root/miniconda3/envs/project/lib/python3.8/site-packages/airflow/example_dags/example_trigger_controller_dag.py
[2024-10-08T08:15:02.309+0000] {logging_mixin.py:190} INFO - [2024-10-08T08:15:02.308+0000] {dag.py:3239} INFO - Sync 1 DAGs
[2024-10-08T08:15:02.337+0000] {logging_mixin.py:190} INFO - [2024-10-08T08:15:02.337+0000] {dag.py:4180} INFO - Setting next_dagrun for example_trigger_controller_dag to 2021-01-01 00:00:00+00:00, run_after=2021-01-01 00:00:00+00:00
[2024-10-08T08:15:02.368+0000] {processor.py:208} INFO - Processing /root/miniconda3/envs/project/lib/python3.8/site-packages/airflow/example_dags/example_trigger_controller_dag.py took 0.119 seconds
[2024-10-08T08:16:10.416+0000] {processor.py:186} INFO - Started process (PID=211693) to work on /root/miniconda3/envs/project/lib/python3.8/site-packages/airflow/example_dags/example_trigger_controller_dag.py
[2024-10-08T08:16:10.419+0000] {processor.py:914} INFO - Processing file /root/miniconda3/envs/project/lib/python3.8/site-packages/airflow/example_dags/example_trigger_controller_dag.py for tasks to queue
[2024-10-08T08:16:10.422+0000] {logging_mixin.py:190} INFO - [2024-10-08T08:16:10.422+0000] {dagbag.py:588} INFO - Filling up the DagBag from /root/miniconda3/envs/project/lib/python3.8/site-packages/airflow/example_dags/example_trigger_controller_dag.py
[2024-10-08T08:16:10.433+0000] {processor.py:925} INFO - DAG(s) 'example_trigger_controller_dag' retrieved from /root/miniconda3/envs/project/lib/python3.8/site-packages/airflow/example_dags/example_trigger_controller_dag.py
[2024-10-08T08:16:10.455+0000] {logging_mixin.py:190} INFO - [2024-10-08T08:16:10.455+0000] {dag.py:3239} INFO - Sync 1 DAGs
[2024-10-08T08:16:10.483+0000] {logging_mixin.py:190} INFO - [2024-10-08T08:16:10.483+0000] {dag.py:4180} INFO - Setting next_dagrun for example_trigger_controller_dag to 2021-01-01 00:00:00+00:00, run_after=2021-01-01 00:00:00+00:00
[2024-10-08T08:16:10.517+0000] {processor.py:208} INFO - Processing /root/miniconda3/envs/project/lib/python3.8/site-packages/airflow/example_dags/example_trigger_controller_dag.py took 0.112 seconds
[2024-10-08T08:17:21.031+0000] {processor.py:186} INFO - Started process (PID=211903) to work on /root/miniconda3/envs/project/lib/python3.8/site-packages/airflow/example_dags/example_trigger_controller_dag.py
[2024-10-08T08:17:21.034+0000] {processor.py:914} INFO - Processing file /root/miniconda3/envs/project/lib/python3.8/site-packages/airflow/example_dags/example_trigger_controller_dag.py for tasks to queue
[2024-10-08T08:17:21.037+0000] {logging_mixin.py:190} INFO - [2024-10-08T08:17:21.037+0000] {dagbag.py:588} INFO - Filling up the DagBag from /root/miniconda3/envs/project/lib/python3.8/site-packages/airflow/example_dags/example_trigger_controller_dag.py
[2024-10-08T08:17:21.047+0000] {processor.py:925} INFO - DAG(s) 'example_trigger_controller_dag' retrieved from /root/miniconda3/envs/project/lib/python3.8/site-packages/airflow/example_dags/example_trigger_controller_dag.py
[2024-10-08T08:17:21.070+0000] {logging_mixin.py:190} INFO - [2024-10-08T08:17:21.070+0000] {dag.py:3239} INFO - Sync 1 DAGs
[2024-10-08T08:17:21.097+0000] {logging_mixin.py:190} INFO - [2024-10-08T08:17:21.097+0000] {dag.py:4180} INFO - Setting next_dagrun for example_trigger_controller_dag to 2021-01-01 00:00:00+00:00, run_after=2021-01-01 00:00:00+00:00
[2024-10-08T08:17:21.129+0000] {processor.py:208} INFO - Processing /root/miniconda3/envs/project/lib/python3.8/site-packages/airflow/example_dags/example_trigger_controller_dag.py took 0.110 seconds
[2024-10-08T08:18:30.431+0000] {processor.py:186} INFO - Started process (PID=212169) to work on /root/miniconda3/envs/project/lib/python3.8/site-packages/airflow/example_dags/example_trigger_controller_dag.py
[2024-10-08T08:18:30.434+0000] {processor.py:914} INFO - Processing file /root/miniconda3/envs/project/lib/python3.8/site-packages/airflow/example_dags/example_trigger_controller_dag.py for tasks to queue
[2024-10-08T08:18:30.438+0000] {logging_mixin.py:190} INFO - [2024-10-08T08:18:30.437+0000] {dagbag.py:588} INFO - Filling up the DagBag from /root/miniconda3/envs/project/lib/python3.8/site-packages/airflow/example_dags/example_trigger_controller_dag.py
[2024-10-08T08:18:30.448+0000] {processor.py:925} INFO - DAG(s) 'example_trigger_controller_dag' retrieved from /root/miniconda3/envs/project/lib/python3.8/site-packages/airflow/example_dags/example_trigger_controller_dag.py
[2024-10-08T08:18:30.470+0000] {logging_mixin.py:190} INFO - [2024-10-08T08:18:30.470+0000] {dag.py:3239} INFO - Sync 1 DAGs
[2024-10-08T08:18:30.500+0000] {logging_mixin.py:190} INFO - [2024-10-08T08:18:30.499+0000] {dag.py:4180} INFO - Setting next_dagrun for example_trigger_controller_dag to 2021-01-01 00:00:00+00:00, run_after=2021-01-01 00:00:00+00:00
[2024-10-08T08:18:30.535+0000] {processor.py:208} INFO - Processing /root/miniconda3/envs/project/lib/python3.8/site-packages/airflow/example_dags/example_trigger_controller_dag.py took 0.117 seconds
[2024-10-08T08:19:39.467+0000] {processor.py:186} INFO - Started process (PID=212393) to work on /root/miniconda3/envs/project/lib/python3.8/site-packages/airflow/example_dags/example_trigger_controller_dag.py
[2024-10-08T08:19:39.469+0000] {processor.py:914} INFO - Processing file /root/miniconda3/envs/project/lib/python3.8/site-packages/airflow/example_dags/example_trigger_controller_dag.py for tasks to queue
[2024-10-08T08:19:39.473+0000] {logging_mixin.py:190} INFO - [2024-10-08T08:19:39.473+0000] {dagbag.py:588} INFO - Filling up the DagBag from /root/miniconda3/envs/project/lib/python3.8/site-packages/airflow/example_dags/example_trigger_controller_dag.py
[2024-10-08T08:19:39.483+0000] {processor.py:925} INFO - DAG(s) 'example_trigger_controller_dag' retrieved from /root/miniconda3/envs/project/lib/python3.8/site-packages/airflow/example_dags/example_trigger_controller_dag.py
[2024-10-08T08:19:39.505+0000] {logging_mixin.py:190} INFO - [2024-10-08T08:19:39.505+0000] {dag.py:3239} INFO - Sync 1 DAGs
[2024-10-08T08:19:39.533+0000] {logging_mixin.py:190} INFO - [2024-10-08T08:19:39.533+0000] {dag.py:4180} INFO - Setting next_dagrun for example_trigger_controller_dag to 2021-01-01 00:00:00+00:00, run_after=2021-01-01 00:00:00+00:00
[2024-10-08T08:19:39.564+0000] {processor.py:208} INFO - Processing /root/miniconda3/envs/project/lib/python3.8/site-packages/airflow/example_dags/example_trigger_controller_dag.py took 0.107 seconds
[2024-10-08T08:20:47.605+0000] {processor.py:186} INFO - Started process (PID=212582) to work on /root/miniconda3/envs/project/lib/python3.8/site-packages/airflow/example_dags/example_trigger_controller_dag.py
[2024-10-08T08:20:47.608+0000] {processor.py:914} INFO - Processing file /root/miniconda3/envs/project/lib/python3.8/site-packages/airflow/example_dags/example_trigger_controller_dag.py for tasks to queue
[2024-10-08T08:20:47.613+0000] {logging_mixin.py:190} INFO - [2024-10-08T08:20:47.612+0000] {dagbag.py:588} INFO - Filling up the DagBag from /root/miniconda3/envs/project/lib/python3.8/site-packages/airflow/example_dags/example_trigger_controller_dag.py
[2024-10-08T08:20:47.623+0000] {processor.py:925} INFO - DAG(s) 'example_trigger_controller_dag' retrieved from /root/miniconda3/envs/project/lib/python3.8/site-packages/airflow/example_dags/example_trigger_controller_dag.py
[2024-10-08T08:20:47.647+0000] {logging_mixin.py:190} INFO - [2024-10-08T08:20:47.646+0000] {dag.py:3239} INFO - Sync 1 DAGs
[2024-10-08T08:20:47.676+0000] {logging_mixin.py:190} INFO - [2024-10-08T08:20:47.676+0000] {dag.py:4180} INFO - Setting next_dagrun for example_trigger_controller_dag to 2021-01-01 00:00:00+00:00, run_after=2021-01-01 00:00:00+00:00
[2024-10-08T08:20:47.711+0000] {processor.py:208} INFO - Processing /root/miniconda3/envs/project/lib/python3.8/site-packages/airflow/example_dags/example_trigger_controller_dag.py took 0.119 seconds
[2024-10-08T08:21:58.884+0000] {processor.py:186} INFO - Started process (PID=212791) to work on /root/miniconda3/envs/project/lib/python3.8/site-packages/airflow/example_dags/example_trigger_controller_dag.py
[2024-10-08T08:21:58.887+0000] {processor.py:914} INFO - Processing file /root/miniconda3/envs/project/lib/python3.8/site-packages/airflow/example_dags/example_trigger_controller_dag.py for tasks to queue
[2024-10-08T08:21:58.890+0000] {logging_mixin.py:190} INFO - [2024-10-08T08:21:58.890+0000] {dagbag.py:588} INFO - Filling up the DagBag from /root/miniconda3/envs/project/lib/python3.8/site-packages/airflow/example_dags/example_trigger_controller_dag.py
[2024-10-08T08:21:58.901+0000] {processor.py:925} INFO - DAG(s) 'example_trigger_controller_dag' retrieved from /root/miniconda3/envs/project/lib/python3.8/site-packages/airflow/example_dags/example_trigger_controller_dag.py
[2024-10-08T08:21:58.922+0000] {logging_mixin.py:190} INFO - [2024-10-08T08:21:58.922+0000] {dag.py:3239} INFO - Sync 1 DAGs
[2024-10-08T08:21:58.949+0000] {logging_mixin.py:190} INFO - [2024-10-08T08:21:58.949+0000] {dag.py:4180} INFO - Setting next_dagrun for example_trigger_controller_dag to 2021-01-01 00:00:00+00:00, run_after=2021-01-01 00:00:00+00:00
[2024-10-08T08:21:58.981+0000] {processor.py:208} INFO - Processing /root/miniconda3/envs/project/lib/python3.8/site-packages/airflow/example_dags/example_trigger_controller_dag.py took 0.108 seconds
[2024-10-08T08:23:06.956+0000] {processor.py:186} INFO - Started process (PID=213036) to work on /root/miniconda3/envs/project/lib/python3.8/site-packages/airflow/example_dags/example_trigger_controller_dag.py
[2024-10-08T08:23:06.959+0000] {processor.py:914} INFO - Processing file /root/miniconda3/envs/project/lib/python3.8/site-packages/airflow/example_dags/example_trigger_controller_dag.py for tasks to queue
[2024-10-08T08:23:06.963+0000] {logging_mixin.py:190} INFO - [2024-10-08T08:23:06.962+0000] {dagbag.py:588} INFO - Filling up the DagBag from /root/miniconda3/envs/project/lib/python3.8/site-packages/airflow/example_dags/example_trigger_controller_dag.py
[2024-10-08T08:23:06.974+0000] {processor.py:925} INFO - DAG(s) 'example_trigger_controller_dag' retrieved from /root/miniconda3/envs/project/lib/python3.8/site-packages/airflow/example_dags/example_trigger_controller_dag.py
[2024-10-08T08:23:06.998+0000] {logging_mixin.py:190} INFO - [2024-10-08T08:23:06.998+0000] {dag.py:3239} INFO - Sync 1 DAGs
[2024-10-08T08:23:07.026+0000] {logging_mixin.py:190} INFO - [2024-10-08T08:23:07.026+0000] {dag.py:4180} INFO - Setting next_dagrun for example_trigger_controller_dag to 2021-01-01 00:00:00+00:00, run_after=2021-01-01 00:00:00+00:00
[2024-10-08T08:23:07.060+0000] {processor.py:208} INFO - Processing /root/miniconda3/envs/project/lib/python3.8/site-packages/airflow/example_dags/example_trigger_controller_dag.py took 0.116 seconds
[2024-10-08T08:24:11.149+0000] {processor.py:186} INFO - Started process (PID=213224) to work on /root/miniconda3/envs/project/lib/python3.8/site-packages/airflow/example_dags/example_trigger_controller_dag.py
[2024-10-08T08:24:11.152+0000] {processor.py:914} INFO - Processing file /root/miniconda3/envs/project/lib/python3.8/site-packages/airflow/example_dags/example_trigger_controller_dag.py for tasks to queue
[2024-10-08T08:24:11.156+0000] {logging_mixin.py:190} INFO - [2024-10-08T08:24:11.155+0000] {dagbag.py:588} INFO - Filling up the DagBag from /root/miniconda3/envs/project/lib/python3.8/site-packages/airflow/example_dags/example_trigger_controller_dag.py
[2024-10-08T08:24:11.166+0000] {processor.py:925} INFO - DAG(s) 'example_trigger_controller_dag' retrieved from /root/miniconda3/envs/project/lib/python3.8/site-packages/airflow/example_dags/example_trigger_controller_dag.py
[2024-10-08T08:24:11.188+0000] {logging_mixin.py:190} INFO - [2024-10-08T08:24:11.188+0000] {dag.py:3239} INFO - Sync 1 DAGs
[2024-10-08T08:24:11.216+0000] {logging_mixin.py:190} INFO - [2024-10-08T08:24:11.215+0000] {dag.py:4180} INFO - Setting next_dagrun for example_trigger_controller_dag to 2021-01-01 00:00:00+00:00, run_after=2021-01-01 00:00:00+00:00
[2024-10-08T08:24:11.249+0000] {processor.py:208} INFO - Processing /root/miniconda3/envs/project/lib/python3.8/site-packages/airflow/example_dags/example_trigger_controller_dag.py took 0.109 seconds
[2024-10-08T08:36:59.138+0000] {processor.py:186} INFO - Started process (PID=214806) to work on /root/miniconda3/envs/project/lib/python3.8/site-packages/airflow/example_dags/example_trigger_controller_dag.py
[2024-10-08T08:36:59.141+0000] {processor.py:914} INFO - Processing file /root/miniconda3/envs/project/lib/python3.8/site-packages/airflow/example_dags/example_trigger_controller_dag.py for tasks to queue
[2024-10-08T08:36:59.144+0000] {logging_mixin.py:190} INFO - [2024-10-08T08:36:59.143+0000] {dagbag.py:588} INFO - Filling up the DagBag from /root/miniconda3/envs/project/lib/python3.8/site-packages/airflow/example_dags/example_trigger_controller_dag.py
[2024-10-08T08:36:59.154+0000] {processor.py:925} INFO - DAG(s) 'example_trigger_controller_dag' retrieved from /root/miniconda3/envs/project/lib/python3.8/site-packages/airflow/example_dags/example_trigger_controller_dag.py
[2024-10-08T08:36:59.179+0000] {logging_mixin.py:190} INFO - [2024-10-08T08:36:59.179+0000] {dag.py:3239} INFO - Sync 1 DAGs
[2024-10-08T08:36:59.207+0000] {logging_mixin.py:190} INFO - [2024-10-08T08:36:59.207+0000] {dag.py:4180} INFO - Setting next_dagrun for example_trigger_controller_dag to 2021-01-01 00:00:00+00:00, run_after=2021-01-01 00:00:00+00:00
[2024-10-08T08:36:59.239+0000] {processor.py:208} INFO - Processing /root/miniconda3/envs/project/lib/python3.8/site-packages/airflow/example_dags/example_trigger_controller_dag.py took 0.111 seconds
[2024-10-08T08:38:08.841+0000] {processor.py:186} INFO - Started process (PID=215196) to work on /root/miniconda3/envs/project/lib/python3.8/site-packages/airflow/example_dags/example_trigger_controller_dag.py
[2024-10-08T08:38:08.844+0000] {processor.py:914} INFO - Processing file /root/miniconda3/envs/project/lib/python3.8/site-packages/airflow/example_dags/example_trigger_controller_dag.py for tasks to queue
[2024-10-08T08:38:08.847+0000] {logging_mixin.py:190} INFO - [2024-10-08T08:38:08.847+0000] {dagbag.py:588} INFO - Filling up the DagBag from /root/miniconda3/envs/project/lib/python3.8/site-packages/airflow/example_dags/example_trigger_controller_dag.py
[2024-10-08T08:38:08.857+0000] {processor.py:925} INFO - DAG(s) 'example_trigger_controller_dag' retrieved from /root/miniconda3/envs/project/lib/python3.8/site-packages/airflow/example_dags/example_trigger_controller_dag.py
[2024-10-08T08:38:08.880+0000] {logging_mixin.py:190} INFO - [2024-10-08T08:38:08.879+0000] {dag.py:3239} INFO - Sync 1 DAGs
[2024-10-08T08:38:08.907+0000] {logging_mixin.py:190} INFO - [2024-10-08T08:38:08.907+0000] {dag.py:4180} INFO - Setting next_dagrun for example_trigger_controller_dag to 2021-01-01 00:00:00+00:00, run_after=2021-01-01 00:00:00+00:00
[2024-10-08T08:38:08.939+0000] {processor.py:208} INFO - Processing /root/miniconda3/envs/project/lib/python3.8/site-packages/airflow/example_dags/example_trigger_controller_dag.py took 0.110 seconds
[2024-10-08T08:39:16.722+0000] {processor.py:186} INFO - Started process (PID=215599) to work on /root/miniconda3/envs/project/lib/python3.8/site-packages/airflow/example_dags/example_trigger_controller_dag.py
[2024-10-08T08:39:16.725+0000] {processor.py:914} INFO - Processing file /root/miniconda3/envs/project/lib/python3.8/site-packages/airflow/example_dags/example_trigger_controller_dag.py for tasks to queue
[2024-10-08T08:39:16.728+0000] {logging_mixin.py:190} INFO - [2024-10-08T08:39:16.728+0000] {dagbag.py:588} INFO - Filling up the DagBag from /root/miniconda3/envs/project/lib/python3.8/site-packages/airflow/example_dags/example_trigger_controller_dag.py
[2024-10-08T08:39:16.738+0000] {processor.py:925} INFO - DAG(s) 'example_trigger_controller_dag' retrieved from /root/miniconda3/envs/project/lib/python3.8/site-packages/airflow/example_dags/example_trigger_controller_dag.py
[2024-10-08T08:39:16.761+0000] {logging_mixin.py:190} INFO - [2024-10-08T08:39:16.761+0000] {dag.py:3239} INFO - Sync 1 DAGs
[2024-10-08T08:39:16.789+0000] {logging_mixin.py:190} INFO - [2024-10-08T08:39:16.788+0000] {dag.py:4180} INFO - Setting next_dagrun for example_trigger_controller_dag to 2021-01-01 00:00:00+00:00, run_after=2021-01-01 00:00:00+00:00
[2024-10-08T08:39:16.822+0000] {processor.py:208} INFO - Processing /root/miniconda3/envs/project/lib/python3.8/site-packages/airflow/example_dags/example_trigger_controller_dag.py took 0.112 seconds
[2024-10-08T08:40:27.678+0000] {processor.py:186} INFO - Started process (PID=215888) to work on /root/miniconda3/envs/project/lib/python3.8/site-packages/airflow/example_dags/example_trigger_controller_dag.py
[2024-10-08T08:40:27.681+0000] {processor.py:914} INFO - Processing file /root/miniconda3/envs/project/lib/python3.8/site-packages/airflow/example_dags/example_trigger_controller_dag.py for tasks to queue
[2024-10-08T08:40:27.685+0000] {logging_mixin.py:190} INFO - [2024-10-08T08:40:27.685+0000] {dagbag.py:588} INFO - Filling up the DagBag from /root/miniconda3/envs/project/lib/python3.8/site-packages/airflow/example_dags/example_trigger_controller_dag.py
[2024-10-08T08:40:27.696+0000] {processor.py:925} INFO - DAG(s) 'example_trigger_controller_dag' retrieved from /root/miniconda3/envs/project/lib/python3.8/site-packages/airflow/example_dags/example_trigger_controller_dag.py
[2024-10-08T08:40:27.720+0000] {logging_mixin.py:190} INFO - [2024-10-08T08:40:27.720+0000] {dag.py:3239} INFO - Sync 1 DAGs
[2024-10-08T08:40:27.748+0000] {logging_mixin.py:190} INFO - [2024-10-08T08:40:27.747+0000] {dag.py:4180} INFO - Setting next_dagrun for example_trigger_controller_dag to 2021-01-01 00:00:00+00:00, run_after=2021-01-01 00:00:00+00:00
[2024-10-08T08:40:27.780+0000] {processor.py:208} INFO - Processing /root/miniconda3/envs/project/lib/python3.8/site-packages/airflow/example_dags/example_trigger_controller_dag.py took 0.113 seconds
[2024-10-08T08:41:35.693+0000] {processor.py:186} INFO - Started process (PID=216316) to work on /root/miniconda3/envs/project/lib/python3.8/site-packages/airflow/example_dags/example_trigger_controller_dag.py
[2024-10-08T08:41:35.695+0000] {processor.py:914} INFO - Processing file /root/miniconda3/envs/project/lib/python3.8/site-packages/airflow/example_dags/example_trigger_controller_dag.py for tasks to queue
[2024-10-08T08:41:35.699+0000] {logging_mixin.py:190} INFO - [2024-10-08T08:41:35.698+0000] {dagbag.py:588} INFO - Filling up the DagBag from /root/miniconda3/envs/project/lib/python3.8/site-packages/airflow/example_dags/example_trigger_controller_dag.py
[2024-10-08T08:41:35.708+0000] {processor.py:925} INFO - DAG(s) 'example_trigger_controller_dag' retrieved from /root/miniconda3/envs/project/lib/python3.8/site-packages/airflow/example_dags/example_trigger_controller_dag.py
[2024-10-08T08:41:35.727+0000] {logging_mixin.py:190} INFO - [2024-10-08T08:41:35.727+0000] {dag.py:3239} INFO - Sync 1 DAGs
[2024-10-08T08:41:35.751+0000] {logging_mixin.py:190} INFO - [2024-10-08T08:41:35.751+0000] {dag.py:4180} INFO - Setting next_dagrun for example_trigger_controller_dag to 2021-01-01 00:00:00+00:00, run_after=2021-01-01 00:00:00+00:00
[2024-10-08T08:41:35.781+0000] {processor.py:208} INFO - Processing /root/miniconda3/envs/project/lib/python3.8/site-packages/airflow/example_dags/example_trigger_controller_dag.py took 0.097 seconds
[2024-10-08T08:42:41.897+0000] {processor.py:186} INFO - Started process (PID=216687) to work on /root/miniconda3/envs/project/lib/python3.8/site-packages/airflow/example_dags/example_trigger_controller_dag.py
[2024-10-08T08:42:41.900+0000] {processor.py:914} INFO - Processing file /root/miniconda3/envs/project/lib/python3.8/site-packages/airflow/example_dags/example_trigger_controller_dag.py for tasks to queue
[2024-10-08T08:42:41.904+0000] {logging_mixin.py:190} INFO - [2024-10-08T08:42:41.903+0000] {dagbag.py:588} INFO - Filling up the DagBag from /root/miniconda3/envs/project/lib/python3.8/site-packages/airflow/example_dags/example_trigger_controller_dag.py
[2024-10-08T08:42:41.914+0000] {processor.py:925} INFO - DAG(s) 'example_trigger_controller_dag' retrieved from /root/miniconda3/envs/project/lib/python3.8/site-packages/airflow/example_dags/example_trigger_controller_dag.py
[2024-10-08T08:42:41.938+0000] {logging_mixin.py:190} INFO - [2024-10-08T08:42:41.937+0000] {dag.py:3239} INFO - Sync 1 DAGs
[2024-10-08T08:42:41.965+0000] {logging_mixin.py:190} INFO - [2024-10-08T08:42:41.965+0000] {dag.py:4180} INFO - Setting next_dagrun for example_trigger_controller_dag to 2021-01-01 00:00:00+00:00, run_after=2021-01-01 00:00:00+00:00
[2024-10-08T08:42:42.000+0000] {processor.py:208} INFO - Processing /root/miniconda3/envs/project/lib/python3.8/site-packages/airflow/example_dags/example_trigger_controller_dag.py took 0.115 seconds
[2024-10-08T08:43:49.422+0000] {processor.py:186} INFO - Started process (PID=216905) to work on /root/miniconda3/envs/project/lib/python3.8/site-packages/airflow/example_dags/example_trigger_controller_dag.py
[2024-10-08T08:43:49.425+0000] {processor.py:914} INFO - Processing file /root/miniconda3/envs/project/lib/python3.8/site-packages/airflow/example_dags/example_trigger_controller_dag.py for tasks to queue
[2024-10-08T08:43:49.429+0000] {logging_mixin.py:190} INFO - [2024-10-08T08:43:49.428+0000] {dagbag.py:588} INFO - Filling up the DagBag from /root/miniconda3/envs/project/lib/python3.8/site-packages/airflow/example_dags/example_trigger_controller_dag.py
[2024-10-08T08:43:49.439+0000] {processor.py:925} INFO - DAG(s) 'example_trigger_controller_dag' retrieved from /root/miniconda3/envs/project/lib/python3.8/site-packages/airflow/example_dags/example_trigger_controller_dag.py
[2024-10-08T08:43:49.462+0000] {logging_mixin.py:190} INFO - [2024-10-08T08:43:49.462+0000] {dag.py:3239} INFO - Sync 1 DAGs
[2024-10-08T08:43:49.490+0000] {logging_mixin.py:190} INFO - [2024-10-08T08:43:49.490+0000] {dag.py:4180} INFO - Setting next_dagrun for example_trigger_controller_dag to 2021-01-01 00:00:00+00:00, run_after=2021-01-01 00:00:00+00:00
[2024-10-08T08:43:49.522+0000] {processor.py:208} INFO - Processing /root/miniconda3/envs/project/lib/python3.8/site-packages/airflow/example_dags/example_trigger_controller_dag.py took 0.110 seconds
[2024-10-08T08:45:01.489+0000] {processor.py:186} INFO - Started process (PID=217134) to work on /root/miniconda3/envs/project/lib/python3.8/site-packages/airflow/example_dags/example_trigger_controller_dag.py
[2024-10-08T08:45:01.492+0000] {processor.py:914} INFO - Processing file /root/miniconda3/envs/project/lib/python3.8/site-packages/airflow/example_dags/example_trigger_controller_dag.py for tasks to queue
[2024-10-08T08:45:01.496+0000] {logging_mixin.py:190} INFO - [2024-10-08T08:45:01.495+0000] {dagbag.py:588} INFO - Filling up the DagBag from /root/miniconda3/envs/project/lib/python3.8/site-packages/airflow/example_dags/example_trigger_controller_dag.py
[2024-10-08T08:45:01.505+0000] {processor.py:925} INFO - DAG(s) 'example_trigger_controller_dag' retrieved from /root/miniconda3/envs/project/lib/python3.8/site-packages/airflow/example_dags/example_trigger_controller_dag.py
[2024-10-08T08:45:01.526+0000] {logging_mixin.py:190} INFO - [2024-10-08T08:45:01.526+0000] {dag.py:3239} INFO - Sync 1 DAGs
[2024-10-08T08:45:01.552+0000] {logging_mixin.py:190} INFO - [2024-10-08T08:45:01.552+0000] {dag.py:4180} INFO - Setting next_dagrun for example_trigger_controller_dag to 2021-01-01 00:00:00+00:00, run_after=2021-01-01 00:00:00+00:00
[2024-10-08T08:45:01.582+0000] {processor.py:208} INFO - Processing /root/miniconda3/envs/project/lib/python3.8/site-packages/airflow/example_dags/example_trigger_controller_dag.py took 0.104 seconds
[2024-10-08T08:46:15.816+0000] {processor.py:186} INFO - Started process (PID=217362) to work on /root/miniconda3/envs/project/lib/python3.8/site-packages/airflow/example_dags/example_trigger_controller_dag.py
[2024-10-08T08:46:15.819+0000] {processor.py:914} INFO - Processing file /root/miniconda3/envs/project/lib/python3.8/site-packages/airflow/example_dags/example_trigger_controller_dag.py for tasks to queue
[2024-10-08T08:46:15.822+0000] {logging_mixin.py:190} INFO - [2024-10-08T08:46:15.822+0000] {dagbag.py:588} INFO - Filling up the DagBag from /root/miniconda3/envs/project/lib/python3.8/site-packages/airflow/example_dags/example_trigger_controller_dag.py
[2024-10-08T08:46:15.832+0000] {processor.py:925} INFO - DAG(s) 'example_trigger_controller_dag' retrieved from /root/miniconda3/envs/project/lib/python3.8/site-packages/airflow/example_dags/example_trigger_controller_dag.py
[2024-10-08T08:46:15.854+0000] {logging_mixin.py:190} INFO - [2024-10-08T08:46:15.853+0000] {dag.py:3239} INFO - Sync 1 DAGs
[2024-10-08T08:46:15.881+0000] {logging_mixin.py:190} INFO - [2024-10-08T08:46:15.881+0000] {dag.py:4180} INFO - Setting next_dagrun for example_trigger_controller_dag to 2021-01-01 00:00:00+00:00, run_after=2021-01-01 00:00:00+00:00
[2024-10-08T08:46:15.915+0000] {processor.py:208} INFO - Processing /root/miniconda3/envs/project/lib/python3.8/site-packages/airflow/example_dags/example_trigger_controller_dag.py took 0.110 seconds
[2024-10-08T08:47:27.314+0000] {processor.py:186} INFO - Started process (PID=217786) to work on /root/miniconda3/envs/project/lib/python3.8/site-packages/airflow/example_dags/example_trigger_controller_dag.py
[2024-10-08T08:47:27.317+0000] {processor.py:914} INFO - Processing file /root/miniconda3/envs/project/lib/python3.8/site-packages/airflow/example_dags/example_trigger_controller_dag.py for tasks to queue
[2024-10-08T08:47:27.321+0000] {logging_mixin.py:190} INFO - [2024-10-08T08:47:27.321+0000] {dagbag.py:588} INFO - Filling up the DagBag from /root/miniconda3/envs/project/lib/python3.8/site-packages/airflow/example_dags/example_trigger_controller_dag.py
[2024-10-08T08:47:27.331+0000] {processor.py:925} INFO - DAG(s) 'example_trigger_controller_dag' retrieved from /root/miniconda3/envs/project/lib/python3.8/site-packages/airflow/example_dags/example_trigger_controller_dag.py
[2024-10-08T08:47:27.353+0000] {logging_mixin.py:190} INFO - [2024-10-08T08:47:27.353+0000] {dag.py:3239} INFO - Sync 1 DAGs
[2024-10-08T08:47:27.380+0000] {logging_mixin.py:190} INFO - [2024-10-08T08:47:27.380+0000] {dag.py:4180} INFO - Setting next_dagrun for example_trigger_controller_dag to 2021-01-01 00:00:00+00:00, run_after=2021-01-01 00:00:00+00:00
[2024-10-08T08:47:27.410+0000] {processor.py:208} INFO - Processing /root/miniconda3/envs/project/lib/python3.8/site-packages/airflow/example_dags/example_trigger_controller_dag.py took 0.107 seconds
[2024-10-08T08:48:41.737+0000] {processor.py:186} INFO - Started process (PID=218075) to work on /root/miniconda3/envs/project/lib/python3.8/site-packages/airflow/example_dags/example_trigger_controller_dag.py
[2024-10-08T08:48:41.740+0000] {processor.py:914} INFO - Processing file /root/miniconda3/envs/project/lib/python3.8/site-packages/airflow/example_dags/example_trigger_controller_dag.py for tasks to queue
[2024-10-08T08:48:41.744+0000] {logging_mixin.py:190} INFO - [2024-10-08T08:48:41.744+0000] {dagbag.py:588} INFO - Filling up the DagBag from /root/miniconda3/envs/project/lib/python3.8/site-packages/airflow/example_dags/example_trigger_controller_dag.py
[2024-10-08T08:48:41.755+0000] {processor.py:925} INFO - DAG(s) 'example_trigger_controller_dag' retrieved from /root/miniconda3/envs/project/lib/python3.8/site-packages/airflow/example_dags/example_trigger_controller_dag.py
[2024-10-08T08:48:41.778+0000] {logging_mixin.py:190} INFO - [2024-10-08T08:48:41.778+0000] {dag.py:3239} INFO - Sync 1 DAGs
[2024-10-08T08:48:41.806+0000] {logging_mixin.py:190} INFO - [2024-10-08T08:48:41.805+0000] {dag.py:4180} INFO - Setting next_dagrun for example_trigger_controller_dag to 2021-01-01 00:00:00+00:00, run_after=2021-01-01 00:00:00+00:00
[2024-10-08T08:48:41.839+0000] {processor.py:208} INFO - Processing /root/miniconda3/envs/project/lib/python3.8/site-packages/airflow/example_dags/example_trigger_controller_dag.py took 0.112 seconds
[2024-10-08T08:49:50.992+0000] {processor.py:186} INFO - Started process (PID=218297) to work on /root/miniconda3/envs/project/lib/python3.8/site-packages/airflow/example_dags/example_trigger_controller_dag.py
[2024-10-08T08:49:50.995+0000] {processor.py:914} INFO - Processing file /root/miniconda3/envs/project/lib/python3.8/site-packages/airflow/example_dags/example_trigger_controller_dag.py for tasks to queue
[2024-10-08T08:49:51.000+0000] {logging_mixin.py:190} INFO - [2024-10-08T08:49:50.999+0000] {dagbag.py:588} INFO - Filling up the DagBag from /root/miniconda3/envs/project/lib/python3.8/site-packages/airflow/example_dags/example_trigger_controller_dag.py
[2024-10-08T08:49:51.011+0000] {processor.py:925} INFO - DAG(s) 'example_trigger_controller_dag' retrieved from /root/miniconda3/envs/project/lib/python3.8/site-packages/airflow/example_dags/example_trigger_controller_dag.py
[2024-10-08T08:49:51.036+0000] {logging_mixin.py:190} INFO - [2024-10-08T08:49:51.035+0000] {dag.py:3239} INFO - Sync 1 DAGs
[2024-10-08T08:49:51.064+0000] {logging_mixin.py:190} INFO - [2024-10-08T08:49:51.064+0000] {dag.py:4180} INFO - Setting next_dagrun for example_trigger_controller_dag to 2021-01-01 00:00:00+00:00, run_after=2021-01-01 00:00:00+00:00
[2024-10-08T08:49:51.100+0000] {processor.py:208} INFO - Processing /root/miniconda3/envs/project/lib/python3.8/site-packages/airflow/example_dags/example_trigger_controller_dag.py took 0.121 seconds
[2024-10-08T08:50:59.816+0000] {processor.py:186} INFO - Started process (PID=218640) to work on /root/miniconda3/envs/project/lib/python3.8/site-packages/airflow/example_dags/example_trigger_controller_dag.py
[2024-10-08T08:50:59.819+0000] {processor.py:914} INFO - Processing file /root/miniconda3/envs/project/lib/python3.8/site-packages/airflow/example_dags/example_trigger_controller_dag.py for tasks to queue
[2024-10-08T08:50:59.824+0000] {logging_mixin.py:190} INFO - [2024-10-08T08:50:59.823+0000] {dagbag.py:588} INFO - Filling up the DagBag from /root/miniconda3/envs/project/lib/python3.8/site-packages/airflow/example_dags/example_trigger_controller_dag.py
[2024-10-08T08:50:59.834+0000] {processor.py:925} INFO - DAG(s) 'example_trigger_controller_dag' retrieved from /root/miniconda3/envs/project/lib/python3.8/site-packages/airflow/example_dags/example_trigger_controller_dag.py
[2024-10-08T08:50:59.857+0000] {logging_mixin.py:190} INFO - [2024-10-08T08:50:59.857+0000] {dag.py:3239} INFO - Sync 1 DAGs
[2024-10-08T08:50:59.885+0000] {logging_mixin.py:190} INFO - [2024-10-08T08:50:59.885+0000] {dag.py:4180} INFO - Setting next_dagrun for example_trigger_controller_dag to 2021-01-01 00:00:00+00:00, run_after=2021-01-01 00:00:00+00:00
[2024-10-08T08:50:59.917+0000] {processor.py:208} INFO - Processing /root/miniconda3/envs/project/lib/python3.8/site-packages/airflow/example_dags/example_trigger_controller_dag.py took 0.111 seconds
[2024-10-08T09:03:25.577+0000] {processor.py:186} INFO - Started process (PID=219437) to work on /root/miniconda3/envs/project/lib/python3.8/site-packages/airflow/example_dags/example_trigger_controller_dag.py
[2024-10-08T09:03:25.579+0000] {processor.py:914} INFO - Processing file /root/miniconda3/envs/project/lib/python3.8/site-packages/airflow/example_dags/example_trigger_controller_dag.py for tasks to queue
[2024-10-08T09:03:25.583+0000] {logging_mixin.py:190} INFO - [2024-10-08T09:03:25.582+0000] {dagbag.py:588} INFO - Filling up the DagBag from /root/miniconda3/envs/project/lib/python3.8/site-packages/airflow/example_dags/example_trigger_controller_dag.py
[2024-10-08T09:03:25.593+0000] {processor.py:925} INFO - DAG(s) 'example_trigger_controller_dag' retrieved from /root/miniconda3/envs/project/lib/python3.8/site-packages/airflow/example_dags/example_trigger_controller_dag.py
[2024-10-08T09:03:25.618+0000] {logging_mixin.py:190} INFO - [2024-10-08T09:03:25.618+0000] {dag.py:3239} INFO - Sync 1 DAGs
[2024-10-08T09:03:25.645+0000] {logging_mixin.py:190} INFO - [2024-10-08T09:03:25.645+0000] {dag.py:4180} INFO - Setting next_dagrun for example_trigger_controller_dag to 2021-01-01 00:00:00+00:00, run_after=2021-01-01 00:00:00+00:00
[2024-10-08T09:03:25.679+0000] {processor.py:208} INFO - Processing /root/miniconda3/envs/project/lib/python3.8/site-packages/airflow/example_dags/example_trigger_controller_dag.py took 0.116 seconds
[2024-10-08T09:05:06.377+0000] {processor.py:186} INFO - Started process (PID=219991) to work on /root/miniconda3/envs/project/lib/python3.8/site-packages/airflow/example_dags/example_trigger_controller_dag.py
[2024-10-08T09:05:06.380+0000] {processor.py:914} INFO - Processing file /root/miniconda3/envs/project/lib/python3.8/site-packages/airflow/example_dags/example_trigger_controller_dag.py for tasks to queue
[2024-10-08T09:05:06.383+0000] {logging_mixin.py:190} INFO - [2024-10-08T09:05:06.383+0000] {dagbag.py:588} INFO - Filling up the DagBag from /root/miniconda3/envs/project/lib/python3.8/site-packages/airflow/example_dags/example_trigger_controller_dag.py
[2024-10-08T09:05:06.394+0000] {processor.py:925} INFO - DAG(s) 'example_trigger_controller_dag' retrieved from /root/miniconda3/envs/project/lib/python3.8/site-packages/airflow/example_dags/example_trigger_controller_dag.py
[2024-10-08T09:05:06.421+0000] {logging_mixin.py:190} INFO - [2024-10-08T09:05:06.420+0000] {dag.py:3239} INFO - Sync 1 DAGs
[2024-10-08T09:05:06.449+0000] {logging_mixin.py:190} INFO - [2024-10-08T09:05:06.449+0000] {dag.py:4180} INFO - Setting next_dagrun for example_trigger_controller_dag to 2021-01-01 00:00:00+00:00, run_after=2021-01-01 00:00:00+00:00
[2024-10-08T09:05:06.484+0000] {processor.py:208} INFO - Processing /root/miniconda3/envs/project/lib/python3.8/site-packages/airflow/example_dags/example_trigger_controller_dag.py took 0.119 seconds
[2024-10-08T09:08:38.750+0000] {processor.py:186} INFO - Started process (PID=220777) to work on /root/miniconda3/envs/project/lib/python3.8/site-packages/airflow/example_dags/example_trigger_controller_dag.py
[2024-10-08T09:08:38.754+0000] {processor.py:914} INFO - Processing file /root/miniconda3/envs/project/lib/python3.8/site-packages/airflow/example_dags/example_trigger_controller_dag.py for tasks to queue
[2024-10-08T09:08:38.757+0000] {logging_mixin.py:190} INFO - [2024-10-08T09:08:38.757+0000] {dagbag.py:588} INFO - Filling up the DagBag from /root/miniconda3/envs/project/lib/python3.8/site-packages/airflow/example_dags/example_trigger_controller_dag.py
[2024-10-08T09:08:38.768+0000] {processor.py:925} INFO - DAG(s) 'example_trigger_controller_dag' retrieved from /root/miniconda3/envs/project/lib/python3.8/site-packages/airflow/example_dags/example_trigger_controller_dag.py
[2024-10-08T09:08:38.793+0000] {logging_mixin.py:190} INFO - [2024-10-08T09:08:38.793+0000] {dag.py:3239} INFO - Sync 1 DAGs
[2024-10-08T09:08:38.821+0000] {logging_mixin.py:190} INFO - [2024-10-08T09:08:38.820+0000] {dag.py:4180} INFO - Setting next_dagrun for example_trigger_controller_dag to 2021-01-01 00:00:00+00:00, run_after=2021-01-01 00:00:00+00:00
[2024-10-08T09:08:38.859+0000] {processor.py:208} INFO - Processing /root/miniconda3/envs/project/lib/python3.8/site-packages/airflow/example_dags/example_trigger_controller_dag.py took 0.122 seconds
[2024-10-08T09:10:06.108+0000] {processor.py:186} INFO - Started process (PID=221455) to work on /root/miniconda3/envs/project/lib/python3.8/site-packages/airflow/example_dags/example_trigger_controller_dag.py
[2024-10-08T09:10:06.111+0000] {processor.py:914} INFO - Processing file /root/miniconda3/envs/project/lib/python3.8/site-packages/airflow/example_dags/example_trigger_controller_dag.py for tasks to queue
[2024-10-08T09:10:06.114+0000] {logging_mixin.py:190} INFO - [2024-10-08T09:10:06.114+0000] {dagbag.py:588} INFO - Filling up the DagBag from /root/miniconda3/envs/project/lib/python3.8/site-packages/airflow/example_dags/example_trigger_controller_dag.py
[2024-10-08T09:10:06.124+0000] {processor.py:925} INFO - DAG(s) 'example_trigger_controller_dag' retrieved from /root/miniconda3/envs/project/lib/python3.8/site-packages/airflow/example_dags/example_trigger_controller_dag.py
[2024-10-08T09:10:06.149+0000] {logging_mixin.py:190} INFO - [2024-10-08T09:10:06.149+0000] {dag.py:3239} INFO - Sync 1 DAGs
[2024-10-08T09:10:06.177+0000] {logging_mixin.py:190} INFO - [2024-10-08T09:10:06.177+0000] {dag.py:4180} INFO - Setting next_dagrun for example_trigger_controller_dag to 2021-01-01 00:00:00+00:00, run_after=2021-01-01 00:00:00+00:00
[2024-10-08T09:10:06.212+0000] {processor.py:208} INFO - Processing /root/miniconda3/envs/project/lib/python3.8/site-packages/airflow/example_dags/example_trigger_controller_dag.py took 0.115 seconds
[2024-10-08T09:11:16.113+0000] {processor.py:186} INFO - Started process (PID=221703) to work on /root/miniconda3/envs/project/lib/python3.8/site-packages/airflow/example_dags/example_trigger_controller_dag.py
[2024-10-08T09:11:16.116+0000] {processor.py:914} INFO - Processing file /root/miniconda3/envs/project/lib/python3.8/site-packages/airflow/example_dags/example_trigger_controller_dag.py for tasks to queue
[2024-10-08T09:11:16.119+0000] {logging_mixin.py:190} INFO - [2024-10-08T09:11:16.119+0000] {dagbag.py:588} INFO - Filling up the DagBag from /root/miniconda3/envs/project/lib/python3.8/site-packages/airflow/example_dags/example_trigger_controller_dag.py
[2024-10-08T09:11:16.129+0000] {processor.py:925} INFO - DAG(s) 'example_trigger_controller_dag' retrieved from /root/miniconda3/envs/project/lib/python3.8/site-packages/airflow/example_dags/example_trigger_controller_dag.py
[2024-10-08T09:11:16.151+0000] {logging_mixin.py:190} INFO - [2024-10-08T09:11:16.150+0000] {dag.py:3239} INFO - Sync 1 DAGs
[2024-10-08T09:11:16.178+0000] {logging_mixin.py:190} INFO - [2024-10-08T09:11:16.177+0000] {dag.py:4180} INFO - Setting next_dagrun for example_trigger_controller_dag to 2021-01-01 00:00:00+00:00, run_after=2021-01-01 00:00:00+00:00
[2024-10-08T09:11:16.209+0000] {processor.py:208} INFO - Processing /root/miniconda3/envs/project/lib/python3.8/site-packages/airflow/example_dags/example_trigger_controller_dag.py took 0.107 seconds
[2024-10-08T09:12:17.724+0000] {processor.py:186} INFO - Started process (PID=222028) to work on /root/miniconda3/envs/project/lib/python3.8/site-packages/airflow/example_dags/example_trigger_controller_dag.py
[2024-10-08T09:12:17.727+0000] {processor.py:914} INFO - Processing file /root/miniconda3/envs/project/lib/python3.8/site-packages/airflow/example_dags/example_trigger_controller_dag.py for tasks to queue
[2024-10-08T09:12:17.731+0000] {logging_mixin.py:190} INFO - [2024-10-08T09:12:17.730+0000] {dagbag.py:588} INFO - Filling up the DagBag from /root/miniconda3/envs/project/lib/python3.8/site-packages/airflow/example_dags/example_trigger_controller_dag.py
[2024-10-08T09:12:17.741+0000] {processor.py:925} INFO - DAG(s) 'example_trigger_controller_dag' retrieved from /root/miniconda3/envs/project/lib/python3.8/site-packages/airflow/example_dags/example_trigger_controller_dag.py
[2024-10-08T09:12:17.763+0000] {logging_mixin.py:190} INFO - [2024-10-08T09:12:17.763+0000] {dag.py:3239} INFO - Sync 1 DAGs
[2024-10-08T09:12:17.791+0000] {logging_mixin.py:190} INFO - [2024-10-08T09:12:17.791+0000] {dag.py:4180} INFO - Setting next_dagrun for example_trigger_controller_dag to 2021-01-01 00:00:00+00:00, run_after=2021-01-01 00:00:00+00:00
[2024-10-08T09:12:17.824+0000] {processor.py:208} INFO - Processing /root/miniconda3/envs/project/lib/python3.8/site-packages/airflow/example_dags/example_trigger_controller_dag.py took 0.112 seconds
[2024-10-08T09:13:24.080+0000] {processor.py:186} INFO - Started process (PID=222249) to work on /root/miniconda3/envs/project/lib/python3.8/site-packages/airflow/example_dags/example_trigger_controller_dag.py
[2024-10-08T09:13:24.083+0000] {processor.py:914} INFO - Processing file /root/miniconda3/envs/project/lib/python3.8/site-packages/airflow/example_dags/example_trigger_controller_dag.py for tasks to queue
[2024-10-08T09:13:24.087+0000] {logging_mixin.py:190} INFO - [2024-10-08T09:13:24.086+0000] {dagbag.py:588} INFO - Filling up the DagBag from /root/miniconda3/envs/project/lib/python3.8/site-packages/airflow/example_dags/example_trigger_controller_dag.py
[2024-10-08T09:13:24.098+0000] {processor.py:925} INFO - DAG(s) 'example_trigger_controller_dag' retrieved from /root/miniconda3/envs/project/lib/python3.8/site-packages/airflow/example_dags/example_trigger_controller_dag.py
[2024-10-08T09:13:24.123+0000] {logging_mixin.py:190} INFO - [2024-10-08T09:13:24.122+0000] {dag.py:3239} INFO - Sync 1 DAGs
[2024-10-08T09:13:24.151+0000] {logging_mixin.py:190} INFO - [2024-10-08T09:13:24.151+0000] {dag.py:4180} INFO - Setting next_dagrun for example_trigger_controller_dag to 2021-01-01 00:00:00+00:00, run_after=2021-01-01 00:00:00+00:00
[2024-10-08T09:13:24.184+0000] {processor.py:208} INFO - Processing /root/miniconda3/envs/project/lib/python3.8/site-packages/airflow/example_dags/example_trigger_controller_dag.py took 0.116 seconds
[2024-10-08T09:14:24.895+0000] {processor.py:186} INFO - Started process (PID=222574) to work on /root/miniconda3/envs/project/lib/python3.8/site-packages/airflow/example_dags/example_trigger_controller_dag.py
[2024-10-08T09:14:24.897+0000] {processor.py:914} INFO - Processing file /root/miniconda3/envs/project/lib/python3.8/site-packages/airflow/example_dags/example_trigger_controller_dag.py for tasks to queue
[2024-10-08T09:14:24.901+0000] {logging_mixin.py:190} INFO - [2024-10-08T09:14:24.900+0000] {dagbag.py:588} INFO - Filling up the DagBag from /root/miniconda3/envs/project/lib/python3.8/site-packages/airflow/example_dags/example_trigger_controller_dag.py
[2024-10-08T09:14:24.911+0000] {processor.py:925} INFO - DAG(s) 'example_trigger_controller_dag' retrieved from /root/miniconda3/envs/project/lib/python3.8/site-packages/airflow/example_dags/example_trigger_controller_dag.py
[2024-10-08T09:14:24.933+0000] {logging_mixin.py:190} INFO - [2024-10-08T09:14:24.933+0000] {dag.py:3239} INFO - Sync 1 DAGs
[2024-10-08T09:14:24.960+0000] {logging_mixin.py:190} INFO - [2024-10-08T09:14:24.960+0000] {dag.py:4180} INFO - Setting next_dagrun for example_trigger_controller_dag to 2021-01-01 00:00:00+00:00, run_after=2021-01-01 00:00:00+00:00
[2024-10-08T09:14:24.992+0000] {processor.py:208} INFO - Processing /root/miniconda3/envs/project/lib/python3.8/site-packages/airflow/example_dags/example_trigger_controller_dag.py took 0.109 seconds
[2024-10-08T09:15:40.921+0000] {processor.py:186} INFO - Started process (PID=222868) to work on /root/miniconda3/envs/project/lib/python3.8/site-packages/airflow/example_dags/example_trigger_controller_dag.py
[2024-10-08T09:15:40.924+0000] {processor.py:914} INFO - Processing file /root/miniconda3/envs/project/lib/python3.8/site-packages/airflow/example_dags/example_trigger_controller_dag.py for tasks to queue
[2024-10-08T09:15:40.928+0000] {logging_mixin.py:190} INFO - [2024-10-08T09:15:40.927+0000] {dagbag.py:588} INFO - Filling up the DagBag from /root/miniconda3/envs/project/lib/python3.8/site-packages/airflow/example_dags/example_trigger_controller_dag.py
[2024-10-08T09:15:40.938+0000] {processor.py:925} INFO - DAG(s) 'example_trigger_controller_dag' retrieved from /root/miniconda3/envs/project/lib/python3.8/site-packages/airflow/example_dags/example_trigger_controller_dag.py
[2024-10-08T09:15:40.961+0000] {logging_mixin.py:190} INFO - [2024-10-08T09:15:40.960+0000] {dag.py:3239} INFO - Sync 1 DAGs
[2024-10-08T09:15:40.988+0000] {logging_mixin.py:190} INFO - [2024-10-08T09:15:40.988+0000] {dag.py:4180} INFO - Setting next_dagrun for example_trigger_controller_dag to 2021-01-01 00:00:00+00:00, run_after=2021-01-01 00:00:00+00:00
[2024-10-08T09:15:41.021+0000] {processor.py:208} INFO - Processing /root/miniconda3/envs/project/lib/python3.8/site-packages/airflow/example_dags/example_trigger_controller_dag.py took 0.112 seconds
[2024-10-08T09:16:50.782+0000] {processor.py:186} INFO - Started process (PID=223157) to work on /root/miniconda3/envs/project/lib/python3.8/site-packages/airflow/example_dags/example_trigger_controller_dag.py
[2024-10-08T09:16:50.785+0000] {processor.py:914} INFO - Processing file /root/miniconda3/envs/project/lib/python3.8/site-packages/airflow/example_dags/example_trigger_controller_dag.py for tasks to queue
[2024-10-08T09:16:50.790+0000] {logging_mixin.py:190} INFO - [2024-10-08T09:16:50.789+0000] {dagbag.py:588} INFO - Filling up the DagBag from /root/miniconda3/envs/project/lib/python3.8/site-packages/airflow/example_dags/example_trigger_controller_dag.py
[2024-10-08T09:16:50.800+0000] {processor.py:925} INFO - DAG(s) 'example_trigger_controller_dag' retrieved from /root/miniconda3/envs/project/lib/python3.8/site-packages/airflow/example_dags/example_trigger_controller_dag.py
[2024-10-08T09:16:50.824+0000] {logging_mixin.py:190} INFO - [2024-10-08T09:16:50.824+0000] {dag.py:3239} INFO - Sync 1 DAGs
[2024-10-08T09:16:50.852+0000] {logging_mixin.py:190} INFO - [2024-10-08T09:16:50.851+0000] {dag.py:4180} INFO - Setting next_dagrun for example_trigger_controller_dag to 2021-01-01 00:00:00+00:00, run_after=2021-01-01 00:00:00+00:00
[2024-10-08T09:16:50.885+0000] {processor.py:208} INFO - Processing /root/miniconda3/envs/project/lib/python3.8/site-packages/airflow/example_dags/example_trigger_controller_dag.py took 0.114 seconds
[2024-10-08T09:17:58.510+0000] {processor.py:186} INFO - Started process (PID=223384) to work on /root/miniconda3/envs/project/lib/python3.8/site-packages/airflow/example_dags/example_trigger_controller_dag.py
[2024-10-08T09:17:58.513+0000] {processor.py:914} INFO - Processing file /root/miniconda3/envs/project/lib/python3.8/site-packages/airflow/example_dags/example_trigger_controller_dag.py for tasks to queue
[2024-10-08T09:17:58.517+0000] {logging_mixin.py:190} INFO - [2024-10-08T09:17:58.517+0000] {dagbag.py:588} INFO - Filling up the DagBag from /root/miniconda3/envs/project/lib/python3.8/site-packages/airflow/example_dags/example_trigger_controller_dag.py
[2024-10-08T09:17:58.527+0000] {processor.py:925} INFO - DAG(s) 'example_trigger_controller_dag' retrieved from /root/miniconda3/envs/project/lib/python3.8/site-packages/airflow/example_dags/example_trigger_controller_dag.py
[2024-10-08T09:17:58.549+0000] {logging_mixin.py:190} INFO - [2024-10-08T09:17:58.549+0000] {dag.py:3239} INFO - Sync 1 DAGs
[2024-10-08T09:17:58.577+0000] {logging_mixin.py:190} INFO - [2024-10-08T09:17:58.576+0000] {dag.py:4180} INFO - Setting next_dagrun for example_trigger_controller_dag to 2021-01-01 00:00:00+00:00, run_after=2021-01-01 00:00:00+00:00
[2024-10-08T09:17:58.608+0000] {processor.py:208} INFO - Processing /root/miniconda3/envs/project/lib/python3.8/site-packages/airflow/example_dags/example_trigger_controller_dag.py took 0.107 seconds
[2024-10-08T09:19:16.687+0000] {processor.py:186} INFO - Started process (PID=223626) to work on /root/miniconda3/envs/project/lib/python3.8/site-packages/airflow/example_dags/example_trigger_controller_dag.py
[2024-10-08T09:19:16.690+0000] {processor.py:914} INFO - Processing file /root/miniconda3/envs/project/lib/python3.8/site-packages/airflow/example_dags/example_trigger_controller_dag.py for tasks to queue
[2024-10-08T09:19:16.694+0000] {logging_mixin.py:190} INFO - [2024-10-08T09:19:16.694+0000] {dagbag.py:588} INFO - Filling up the DagBag from /root/miniconda3/envs/project/lib/python3.8/site-packages/airflow/example_dags/example_trigger_controller_dag.py
[2024-10-08T09:19:16.704+0000] {processor.py:925} INFO - DAG(s) 'example_trigger_controller_dag' retrieved from /root/miniconda3/envs/project/lib/python3.8/site-packages/airflow/example_dags/example_trigger_controller_dag.py
[2024-10-08T09:19:16.726+0000] {logging_mixin.py:190} INFO - [2024-10-08T09:19:16.726+0000] {dag.py:3239} INFO - Sync 1 DAGs
[2024-10-08T09:19:16.753+0000] {logging_mixin.py:190} INFO - [2024-10-08T09:19:16.753+0000] {dag.py:4180} INFO - Setting next_dagrun for example_trigger_controller_dag to 2021-01-01 00:00:00+00:00, run_after=2021-01-01 00:00:00+00:00
[2024-10-08T09:19:16.788+0000] {processor.py:208} INFO - Processing /root/miniconda3/envs/project/lib/python3.8/site-packages/airflow/example_dags/example_trigger_controller_dag.py took 0.112 seconds
[2024-10-08T09:20:23.047+0000] {processor.py:186} INFO - Started process (PID=223906) to work on /root/miniconda3/envs/project/lib/python3.8/site-packages/airflow/example_dags/example_trigger_controller_dag.py
[2024-10-08T09:20:23.050+0000] {processor.py:914} INFO - Processing file /root/miniconda3/envs/project/lib/python3.8/site-packages/airflow/example_dags/example_trigger_controller_dag.py for tasks to queue
[2024-10-08T09:20:23.059+0000] {logging_mixin.py:190} INFO - [2024-10-08T09:20:23.058+0000] {dagbag.py:588} INFO - Filling up the DagBag from /root/miniconda3/envs/project/lib/python3.8/site-packages/airflow/example_dags/example_trigger_controller_dag.py
[2024-10-08T09:20:23.074+0000] {processor.py:925} INFO - DAG(s) 'example_trigger_controller_dag' retrieved from /root/miniconda3/envs/project/lib/python3.8/site-packages/airflow/example_dags/example_trigger_controller_dag.py
[2024-10-08T09:20:23.099+0000] {logging_mixin.py:190} INFO - [2024-10-08T09:20:23.099+0000] {dag.py:3239} INFO - Sync 1 DAGs
[2024-10-08T09:20:23.127+0000] {logging_mixin.py:190} INFO - [2024-10-08T09:20:23.127+0000] {dag.py:4180} INFO - Setting next_dagrun for example_trigger_controller_dag to 2021-01-01 00:00:00+00:00, run_after=2021-01-01 00:00:00+00:00
[2024-10-08T09:20:23.160+0000] {processor.py:208} INFO - Processing /root/miniconda3/envs/project/lib/python3.8/site-packages/airflow/example_dags/example_trigger_controller_dag.py took 0.122 seconds
[2024-10-08T09:21:40.574+0000] {processor.py:186} INFO - Started process (PID=224148) to work on /root/miniconda3/envs/project/lib/python3.8/site-packages/airflow/example_dags/example_trigger_controller_dag.py
[2024-10-08T09:21:40.578+0000] {processor.py:914} INFO - Processing file /root/miniconda3/envs/project/lib/python3.8/site-packages/airflow/example_dags/example_trigger_controller_dag.py for tasks to queue
[2024-10-08T09:21:40.582+0000] {logging_mixin.py:190} INFO - [2024-10-08T09:21:40.581+0000] {dagbag.py:588} INFO - Filling up the DagBag from /root/miniconda3/envs/project/lib/python3.8/site-packages/airflow/example_dags/example_trigger_controller_dag.py
[2024-10-08T09:21:40.593+0000] {processor.py:925} INFO - DAG(s) 'example_trigger_controller_dag' retrieved from /root/miniconda3/envs/project/lib/python3.8/site-packages/airflow/example_dags/example_trigger_controller_dag.py
[2024-10-08T09:21:40.616+0000] {logging_mixin.py:190} INFO - [2024-10-08T09:21:40.616+0000] {dag.py:3239} INFO - Sync 1 DAGs
[2024-10-08T09:21:40.644+0000] {logging_mixin.py:190} INFO - [2024-10-08T09:21:40.644+0000] {dag.py:4180} INFO - Setting next_dagrun for example_trigger_controller_dag to 2021-01-01 00:00:00+00:00, run_after=2021-01-01 00:00:00+00:00
[2024-10-08T09:21:40.682+0000] {processor.py:208} INFO - Processing /root/miniconda3/envs/project/lib/python3.8/site-packages/airflow/example_dags/example_trigger_controller_dag.py took 0.118 seconds
[2024-10-08T09:22:47.966+0000] {processor.py:186} INFO - Started process (PID=224433) to work on /root/miniconda3/envs/project/lib/python3.8/site-packages/airflow/example_dags/example_trigger_controller_dag.py
[2024-10-08T09:22:47.969+0000] {processor.py:914} INFO - Processing file /root/miniconda3/envs/project/lib/python3.8/site-packages/airflow/example_dags/example_trigger_controller_dag.py for tasks to queue
[2024-10-08T09:22:47.973+0000] {logging_mixin.py:190} INFO - [2024-10-08T09:22:47.973+0000] {dagbag.py:588} INFO - Filling up the DagBag from /root/miniconda3/envs/project/lib/python3.8/site-packages/airflow/example_dags/example_trigger_controller_dag.py
[2024-10-08T09:22:47.984+0000] {processor.py:925} INFO - DAG(s) 'example_trigger_controller_dag' retrieved from /root/miniconda3/envs/project/lib/python3.8/site-packages/airflow/example_dags/example_trigger_controller_dag.py
[2024-10-08T09:22:48.007+0000] {logging_mixin.py:190} INFO - [2024-10-08T09:22:48.006+0000] {dag.py:3239} INFO - Sync 1 DAGs
[2024-10-08T09:22:48.035+0000] {logging_mixin.py:190} INFO - [2024-10-08T09:22:48.035+0000] {dag.py:4180} INFO - Setting next_dagrun for example_trigger_controller_dag to 2021-01-01 00:00:00+00:00, run_after=2021-01-01 00:00:00+00:00
[2024-10-08T09:22:48.074+0000] {processor.py:208} INFO - Processing /root/miniconda3/envs/project/lib/python3.8/site-packages/airflow/example_dags/example_trigger_controller_dag.py took 0.119 seconds
[2024-10-08T09:23:57.680+0000] {processor.py:186} INFO - Started process (PID=224624) to work on /root/miniconda3/envs/project/lib/python3.8/site-packages/airflow/example_dags/example_trigger_controller_dag.py
[2024-10-08T09:23:57.683+0000] {processor.py:914} INFO - Processing file /root/miniconda3/envs/project/lib/python3.8/site-packages/airflow/example_dags/example_trigger_controller_dag.py for tasks to queue
[2024-10-08T09:23:57.687+0000] {logging_mixin.py:190} INFO - [2024-10-08T09:23:57.686+0000] {dagbag.py:588} INFO - Filling up the DagBag from /root/miniconda3/envs/project/lib/python3.8/site-packages/airflow/example_dags/example_trigger_controller_dag.py
[2024-10-08T09:23:57.698+0000] {processor.py:925} INFO - DAG(s) 'example_trigger_controller_dag' retrieved from /root/miniconda3/envs/project/lib/python3.8/site-packages/airflow/example_dags/example_trigger_controller_dag.py
[2024-10-08T09:23:57.721+0000] {logging_mixin.py:190} INFO - [2024-10-08T09:23:57.721+0000] {dag.py:3239} INFO - Sync 1 DAGs
[2024-10-08T09:23:57.755+0000] {logging_mixin.py:190} INFO - [2024-10-08T09:23:57.754+0000] {dag.py:4180} INFO - Setting next_dagrun for example_trigger_controller_dag to 2021-01-01 00:00:00+00:00, run_after=2021-01-01 00:00:00+00:00
[2024-10-08T09:23:57.788+0000] {processor.py:208} INFO - Processing /root/miniconda3/envs/project/lib/python3.8/site-packages/airflow/example_dags/example_trigger_controller_dag.py took 0.121 seconds
[2024-10-08T09:25:06.187+0000] {processor.py:186} INFO - Started process (PID=225264) to work on /root/miniconda3/envs/project/lib/python3.8/site-packages/airflow/example_dags/example_trigger_controller_dag.py
[2024-10-08T09:25:06.190+0000] {processor.py:914} INFO - Processing file /root/miniconda3/envs/project/lib/python3.8/site-packages/airflow/example_dags/example_trigger_controller_dag.py for tasks to queue
[2024-10-08T09:25:06.193+0000] {logging_mixin.py:190} INFO - [2024-10-08T09:25:06.193+0000] {dagbag.py:588} INFO - Filling up the DagBag from /root/miniconda3/envs/project/lib/python3.8/site-packages/airflow/example_dags/example_trigger_controller_dag.py
[2024-10-08T09:25:06.204+0000] {processor.py:925} INFO - DAG(s) 'example_trigger_controller_dag' retrieved from /root/miniconda3/envs/project/lib/python3.8/site-packages/airflow/example_dags/example_trigger_controller_dag.py
[2024-10-08T09:25:06.226+0000] {logging_mixin.py:190} INFO - [2024-10-08T09:25:06.226+0000] {dag.py:3239} INFO - Sync 1 DAGs
[2024-10-08T09:25:06.257+0000] {logging_mixin.py:190} INFO - [2024-10-08T09:25:06.257+0000] {dag.py:4180} INFO - Setting next_dagrun for example_trigger_controller_dag to 2021-01-01 00:00:00+00:00, run_after=2021-01-01 00:00:00+00:00
[2024-10-08T09:25:06.293+0000] {processor.py:208} INFO - Processing /root/miniconda3/envs/project/lib/python3.8/site-packages/airflow/example_dags/example_trigger_controller_dag.py took 0.116 seconds
[2024-10-08T09:26:15.600+0000] {processor.py:186} INFO - Started process (PID=225676) to work on /root/miniconda3/envs/project/lib/python3.8/site-packages/airflow/example_dags/example_trigger_controller_dag.py
[2024-10-08T09:26:15.603+0000] {processor.py:914} INFO - Processing file /root/miniconda3/envs/project/lib/python3.8/site-packages/airflow/example_dags/example_trigger_controller_dag.py for tasks to queue
[2024-10-08T09:26:15.607+0000] {logging_mixin.py:190} INFO - [2024-10-08T09:26:15.606+0000] {dagbag.py:588} INFO - Filling up the DagBag from /root/miniconda3/envs/project/lib/python3.8/site-packages/airflow/example_dags/example_trigger_controller_dag.py
[2024-10-08T09:26:15.618+0000] {processor.py:925} INFO - DAG(s) 'example_trigger_controller_dag' retrieved from /root/miniconda3/envs/project/lib/python3.8/site-packages/airflow/example_dags/example_trigger_controller_dag.py
[2024-10-08T09:26:15.641+0000] {logging_mixin.py:190} INFO - [2024-10-08T09:26:15.640+0000] {dag.py:3239} INFO - Sync 1 DAGs
[2024-10-08T09:26:15.669+0000] {logging_mixin.py:190} INFO - [2024-10-08T09:26:15.669+0000] {dag.py:4180} INFO - Setting next_dagrun for example_trigger_controller_dag to 2021-01-01 00:00:00+00:00, run_after=2021-01-01 00:00:00+00:00
[2024-10-08T09:26:15.701+0000] {processor.py:208} INFO - Processing /root/miniconda3/envs/project/lib/python3.8/site-packages/airflow/example_dags/example_trigger_controller_dag.py took 0.112 seconds
[2024-10-08T09:27:28.550+0000] {processor.py:186} INFO - Started process (PID=226058) to work on /root/miniconda3/envs/project/lib/python3.8/site-packages/airflow/example_dags/example_trigger_controller_dag.py
[2024-10-08T09:27:28.553+0000] {processor.py:914} INFO - Processing file /root/miniconda3/envs/project/lib/python3.8/site-packages/airflow/example_dags/example_trigger_controller_dag.py for tasks to queue
[2024-10-08T09:27:28.557+0000] {logging_mixin.py:190} INFO - [2024-10-08T09:27:28.556+0000] {dagbag.py:588} INFO - Filling up the DagBag from /root/miniconda3/envs/project/lib/python3.8/site-packages/airflow/example_dags/example_trigger_controller_dag.py
[2024-10-08T09:27:28.567+0000] {processor.py:925} INFO - DAG(s) 'example_trigger_controller_dag' retrieved from /root/miniconda3/envs/project/lib/python3.8/site-packages/airflow/example_dags/example_trigger_controller_dag.py
[2024-10-08T09:27:28.589+0000] {logging_mixin.py:190} INFO - [2024-10-08T09:27:28.588+0000] {dag.py:3239} INFO - Sync 1 DAGs
[2024-10-08T09:27:28.617+0000] {logging_mixin.py:190} INFO - [2024-10-08T09:27:28.616+0000] {dag.py:4180} INFO - Setting next_dagrun for example_trigger_controller_dag to 2021-01-01 00:00:00+00:00, run_after=2021-01-01 00:00:00+00:00
[2024-10-08T09:27:28.652+0000] {processor.py:208} INFO - Processing /root/miniconda3/envs/project/lib/python3.8/site-packages/airflow/example_dags/example_trigger_controller_dag.py took 0.113 seconds
[2024-10-08T09:28:39.675+0000] {processor.py:186} INFO - Started process (PID=226569) to work on /root/miniconda3/envs/project/lib/python3.8/site-packages/airflow/example_dags/example_trigger_controller_dag.py
[2024-10-08T09:28:39.678+0000] {processor.py:914} INFO - Processing file /root/miniconda3/envs/project/lib/python3.8/site-packages/airflow/example_dags/example_trigger_controller_dag.py for tasks to queue
[2024-10-08T09:28:39.681+0000] {logging_mixin.py:190} INFO - [2024-10-08T09:28:39.681+0000] {dagbag.py:588} INFO - Filling up the DagBag from /root/miniconda3/envs/project/lib/python3.8/site-packages/airflow/example_dags/example_trigger_controller_dag.py
[2024-10-08T09:28:39.692+0000] {processor.py:925} INFO - DAG(s) 'example_trigger_controller_dag' retrieved from /root/miniconda3/envs/project/lib/python3.8/site-packages/airflow/example_dags/example_trigger_controller_dag.py
[2024-10-08T09:28:39.714+0000] {logging_mixin.py:190} INFO - [2024-10-08T09:28:39.713+0000] {dag.py:3239} INFO - Sync 1 DAGs
[2024-10-08T09:28:39.741+0000] {logging_mixin.py:190} INFO - [2024-10-08T09:28:39.740+0000] {dag.py:4180} INFO - Setting next_dagrun for example_trigger_controller_dag to 2021-01-01 00:00:00+00:00, run_after=2021-01-01 00:00:00+00:00
[2024-10-08T09:28:39.772+0000] {processor.py:208} INFO - Processing /root/miniconda3/envs/project/lib/python3.8/site-packages/airflow/example_dags/example_trigger_controller_dag.py took 0.107 seconds
[2024-10-08T09:29:58.466+0000] {processor.py:186} INFO - Started process (PID=227439) to work on /root/miniconda3/envs/project/lib/python3.8/site-packages/airflow/example_dags/example_trigger_controller_dag.py
[2024-10-08T09:29:58.469+0000] {processor.py:914} INFO - Processing file /root/miniconda3/envs/project/lib/python3.8/site-packages/airflow/example_dags/example_trigger_controller_dag.py for tasks to queue
[2024-10-08T09:29:58.473+0000] {logging_mixin.py:190} INFO - [2024-10-08T09:29:58.473+0000] {dagbag.py:588} INFO - Filling up the DagBag from /root/miniconda3/envs/project/lib/python3.8/site-packages/airflow/example_dags/example_trigger_controller_dag.py
[2024-10-08T09:29:58.483+0000] {processor.py:925} INFO - DAG(s) 'example_trigger_controller_dag' retrieved from /root/miniconda3/envs/project/lib/python3.8/site-packages/airflow/example_dags/example_trigger_controller_dag.py
[2024-10-08T09:29:58.624+0000] {logging_mixin.py:190} INFO - [2024-10-08T09:29:58.623+0000] {dag.py:3239} INFO - Sync 1 DAGs
[2024-10-08T09:29:58.651+0000] {logging_mixin.py:190} INFO - [2024-10-08T09:29:58.651+0000] {dag.py:4180} INFO - Setting next_dagrun for example_trigger_controller_dag to 2021-01-01 00:00:00+00:00, run_after=2021-01-01 00:00:00+00:00
[2024-10-08T09:29:58.685+0000] {processor.py:208} INFO - Processing /root/miniconda3/envs/project/lib/python3.8/site-packages/airflow/example_dags/example_trigger_controller_dag.py took 0.230 seconds
[2024-10-08T09:31:34.972+0000] {processor.py:186} INFO - Started process (PID=228583) to work on /root/miniconda3/envs/project/lib/python3.8/site-packages/airflow/example_dags/example_trigger_controller_dag.py
[2024-10-08T09:31:34.975+0000] {processor.py:914} INFO - Processing file /root/miniconda3/envs/project/lib/python3.8/site-packages/airflow/example_dags/example_trigger_controller_dag.py for tasks to queue
[2024-10-08T09:31:34.979+0000] {logging_mixin.py:190} INFO - [2024-10-08T09:31:34.978+0000] {dagbag.py:588} INFO - Filling up the DagBag from /root/miniconda3/envs/project/lib/python3.8/site-packages/airflow/example_dags/example_trigger_controller_dag.py
[2024-10-08T09:31:34.989+0000] {processor.py:925} INFO - DAG(s) 'example_trigger_controller_dag' retrieved from /root/miniconda3/envs/project/lib/python3.8/site-packages/airflow/example_dags/example_trigger_controller_dag.py
[2024-10-08T09:31:35.120+0000] {logging_mixin.py:190} INFO - [2024-10-08T09:31:35.120+0000] {dag.py:3239} INFO - Sync 1 DAGs
[2024-10-08T09:31:35.144+0000] {logging_mixin.py:190} INFO - [2024-10-08T09:31:35.144+0000] {dag.py:4180} INFO - Setting next_dagrun for example_trigger_controller_dag to 2021-01-01 00:00:00+00:00, run_after=2021-01-01 00:00:00+00:00
[2024-10-08T09:31:35.178+0000] {processor.py:208} INFO - Processing /root/miniconda3/envs/project/lib/python3.8/site-packages/airflow/example_dags/example_trigger_controller_dag.py took 0.218 seconds
[2024-10-08T09:32:47.539+0000] {processor.py:186} INFO - Started process (PID=229149) to work on /root/miniconda3/envs/project/lib/python3.8/site-packages/airflow/example_dags/example_trigger_controller_dag.py
[2024-10-08T09:32:47.542+0000] {processor.py:914} INFO - Processing file /root/miniconda3/envs/project/lib/python3.8/site-packages/airflow/example_dags/example_trigger_controller_dag.py for tasks to queue
[2024-10-08T09:32:47.547+0000] {logging_mixin.py:190} INFO - [2024-10-08T09:32:47.545+0000] {dagbag.py:588} INFO - Filling up the DagBag from /root/miniconda3/envs/project/lib/python3.8/site-packages/airflow/example_dags/example_trigger_controller_dag.py
[2024-10-08T09:32:47.556+0000] {processor.py:925} INFO - DAG(s) 'example_trigger_controller_dag' retrieved from /root/miniconda3/envs/project/lib/python3.8/site-packages/airflow/example_dags/example_trigger_controller_dag.py
[2024-10-08T09:32:47.585+0000] {logging_mixin.py:190} INFO - [2024-10-08T09:32:47.584+0000] {dag.py:3239} INFO - Sync 1 DAGs
[2024-10-08T09:32:47.614+0000] {logging_mixin.py:190} INFO - [2024-10-08T09:32:47.614+0000] {dag.py:4180} INFO - Setting next_dagrun for example_trigger_controller_dag to 2021-01-01 00:00:00+00:00, run_after=2021-01-01 00:00:00+00:00
[2024-10-08T09:32:47.649+0000] {processor.py:208} INFO - Processing /root/miniconda3/envs/project/lib/python3.8/site-packages/airflow/example_dags/example_trigger_controller_dag.py took 0.121 seconds
