[2024-10-08T07:57:32.223+0000] {processor.py:186} INFO - Started process (PID=207119) to work on /root/miniconda3/envs/project/lib/python3.8/site-packages/airflow/example_dags/example_python_decorator.py
[2024-10-08T07:57:32.224+0000] {processor.py:914} INFO - Processing file /root/miniconda3/envs/project/lib/python3.8/site-packages/airflow/example_dags/example_python_decorator.py for tasks to queue
[2024-10-08T07:57:32.228+0000] {logging_mixin.py:190} INFO - [2024-10-08T07:57:32.227+0000] {dagbag.py:588} INFO - Filling up the DagBag from /root/miniconda3/envs/project/lib/python3.8/site-packages/airflow/example_dags/example_python_decorator.py
[2024-10-08T07:57:32.241+0000] {logging_mixin.py:190} INFO - [2024-10-08T07:57:32.241+0000] {example_python_decorator.py:80} WARNING - The virtalenv_python example task requires virtualenv, please install it.
[2024-10-08T07:57:32.244+0000] {processor.py:925} INFO - DAG(s) 'example_python_decorator' retrieved from /root/miniconda3/envs/project/lib/python3.8/site-packages/airflow/example_dags/example_python_decorator.py
[2024-10-08T07:57:32.395+0000] {logging_mixin.py:190} INFO - [2024-10-08T07:57:32.394+0000] {override.py:1901} INFO - Created Permission View: can delete on DAG:example_python_decorator
[2024-10-08T07:57:32.415+0000] {logging_mixin.py:190} INFO - [2024-10-08T07:57:32.414+0000] {override.py:1901} INFO - Created Permission View: can read on DAG:example_python_decorator
[2024-10-08T07:57:32.432+0000] {logging_mixin.py:190} INFO - [2024-10-08T07:57:32.432+0000] {override.py:1901} INFO - Created Permission View: can edit on DAG:example_python_decorator
[2024-10-08T07:57:32.457+0000] {logging_mixin.py:190} INFO - [2024-10-08T07:57:32.457+0000] {override.py:1901} INFO - Created Permission View: can delete on DAG Run:example_python_decorator
[2024-10-08T07:57:32.473+0000] {logging_mixin.py:190} INFO - [2024-10-08T07:57:32.473+0000] {override.py:1901} INFO - Created Permission View: menu access on DAG Run:example_python_decorator
[2024-10-08T07:57:32.491+0000] {logging_mixin.py:190} INFO - [2024-10-08T07:57:32.490+0000] {override.py:1901} INFO - Created Permission View: can create on DAG Run:example_python_decorator
[2024-10-08T07:57:32.506+0000] {logging_mixin.py:190} INFO - [2024-10-08T07:57:32.506+0000] {override.py:1901} INFO - Created Permission View: can read on DAG Run:example_python_decorator
[2024-10-08T07:57:32.507+0000] {logging_mixin.py:190} INFO - [2024-10-08T07:57:32.507+0000] {dag.py:3239} INFO - Sync 1 DAGs
[2024-10-08T07:57:32.527+0000] {logging_mixin.py:190} INFO - [2024-10-08T07:57:32.526+0000] {dag.py:3262} INFO - Creating ORM DAG for example_python_decorator
[2024-10-08T07:57:32.527+0000] {logging_mixin.py:190} INFO - [2024-10-08T07:57:32.527+0000] {dag.py:4180} INFO - Setting next_dagrun for example_python_decorator to None, run_after=None
[2024-10-08T07:57:32.565+0000] {processor.py:208} INFO - Processing /root/miniconda3/envs/project/lib/python3.8/site-packages/airflow/example_dags/example_python_decorator.py took 0.353 seconds
[2024-10-08T07:58:45.749+0000] {processor.py:186} INFO - Started process (PID=207321) to work on /root/miniconda3/envs/project/lib/python3.8/site-packages/airflow/example_dags/example_python_decorator.py
[2024-10-08T07:58:45.752+0000] {processor.py:914} INFO - Processing file /root/miniconda3/envs/project/lib/python3.8/site-packages/airflow/example_dags/example_python_decorator.py for tasks to queue
[2024-10-08T07:58:45.755+0000] {logging_mixin.py:190} INFO - [2024-10-08T07:58:45.755+0000] {dagbag.py:588} INFO - Filling up the DagBag from /root/miniconda3/envs/project/lib/python3.8/site-packages/airflow/example_dags/example_python_decorator.py
[2024-10-08T07:58:45.769+0000] {logging_mixin.py:190} INFO - [2024-10-08T07:58:45.768+0000] {example_python_decorator.py:80} WARNING - The virtalenv_python example task requires virtualenv, please install it.
[2024-10-08T07:58:45.772+0000] {processor.py:925} INFO - DAG(s) 'example_python_decorator' retrieved from /root/miniconda3/envs/project/lib/python3.8/site-packages/airflow/example_dags/example_python_decorator.py
[2024-10-08T07:58:45.798+0000] {logging_mixin.py:190} INFO - [2024-10-08T07:58:45.797+0000] {dag.py:3239} INFO - Sync 1 DAGs
[2024-10-08T07:58:45.817+0000] {logging_mixin.py:190} INFO - [2024-10-08T07:58:45.816+0000] {dag.py:4180} INFO - Setting next_dagrun for example_python_decorator to None, run_after=None
[2024-10-08T07:58:45.858+0000] {processor.py:208} INFO - Processing /root/miniconda3/envs/project/lib/python3.8/site-packages/airflow/example_dags/example_python_decorator.py took 0.120 seconds
[2024-10-08T07:59:58.529+0000] {processor.py:186} INFO - Started process (PID=207627) to work on /root/miniconda3/envs/project/lib/python3.8/site-packages/airflow/example_dags/example_python_decorator.py
[2024-10-08T07:59:58.532+0000] {processor.py:914} INFO - Processing file /root/miniconda3/envs/project/lib/python3.8/site-packages/airflow/example_dags/example_python_decorator.py for tasks to queue
[2024-10-08T07:59:58.536+0000] {logging_mixin.py:190} INFO - [2024-10-08T07:59:58.536+0000] {dagbag.py:588} INFO - Filling up the DagBag from /root/miniconda3/envs/project/lib/python3.8/site-packages/airflow/example_dags/example_python_decorator.py
[2024-10-08T07:59:58.553+0000] {logging_mixin.py:190} INFO - [2024-10-08T07:59:58.553+0000] {example_python_decorator.py:80} WARNING - The virtalenv_python example task requires virtualenv, please install it.
[2024-10-08T07:59:58.557+0000] {processor.py:925} INFO - DAG(s) 'example_python_decorator' retrieved from /root/miniconda3/envs/project/lib/python3.8/site-packages/airflow/example_dags/example_python_decorator.py
[2024-10-08T07:59:58.586+0000] {logging_mixin.py:190} INFO - [2024-10-08T07:59:58.585+0000] {dag.py:3239} INFO - Sync 1 DAGs
[2024-10-08T07:59:58.604+0000] {logging_mixin.py:190} INFO - [2024-10-08T07:59:58.604+0000] {dag.py:4180} INFO - Setting next_dagrun for example_python_decorator to None, run_after=None
[2024-10-08T07:59:58.640+0000] {processor.py:208} INFO - Processing /root/miniconda3/envs/project/lib/python3.8/site-packages/airflow/example_dags/example_python_decorator.py took 0.124 seconds
[2024-10-08T08:01:07.659+0000] {processor.py:186} INFO - Started process (PID=207969) to work on /root/miniconda3/envs/project/lib/python3.8/site-packages/airflow/example_dags/example_python_decorator.py
[2024-10-08T08:01:07.662+0000] {processor.py:914} INFO - Processing file /root/miniconda3/envs/project/lib/python3.8/site-packages/airflow/example_dags/example_python_decorator.py for tasks to queue
[2024-10-08T08:01:07.665+0000] {logging_mixin.py:190} INFO - [2024-10-08T08:01:07.665+0000] {dagbag.py:588} INFO - Filling up the DagBag from /root/miniconda3/envs/project/lib/python3.8/site-packages/airflow/example_dags/example_python_decorator.py
[2024-10-08T08:01:07.679+0000] {logging_mixin.py:190} INFO - [2024-10-08T08:01:07.678+0000] {example_python_decorator.py:80} WARNING - The virtalenv_python example task requires virtualenv, please install it.
[2024-10-08T08:01:07.682+0000] {processor.py:925} INFO - DAG(s) 'example_python_decorator' retrieved from /root/miniconda3/envs/project/lib/python3.8/site-packages/airflow/example_dags/example_python_decorator.py
[2024-10-08T08:01:07.708+0000] {logging_mixin.py:190} INFO - [2024-10-08T08:01:07.708+0000] {dag.py:3239} INFO - Sync 1 DAGs
[2024-10-08T08:01:07.726+0000] {logging_mixin.py:190} INFO - [2024-10-08T08:01:07.726+0000] {dag.py:4180} INFO - Setting next_dagrun for example_python_decorator to None, run_after=None
[2024-10-08T08:01:07.761+0000] {processor.py:208} INFO - Processing /root/miniconda3/envs/project/lib/python3.8/site-packages/airflow/example_dags/example_python_decorator.py took 0.113 seconds
[2024-10-08T08:02:21.897+0000] {processor.py:186} INFO - Started process (PID=208226) to work on /root/miniconda3/envs/project/lib/python3.8/site-packages/airflow/example_dags/example_python_decorator.py
[2024-10-08T08:02:21.900+0000] {processor.py:914} INFO - Processing file /root/miniconda3/envs/project/lib/python3.8/site-packages/airflow/example_dags/example_python_decorator.py for tasks to queue
[2024-10-08T08:02:21.903+0000] {logging_mixin.py:190} INFO - [2024-10-08T08:02:21.903+0000] {dagbag.py:588} INFO - Filling up the DagBag from /root/miniconda3/envs/project/lib/python3.8/site-packages/airflow/example_dags/example_python_decorator.py
[2024-10-08T08:02:21.917+0000] {logging_mixin.py:190} INFO - [2024-10-08T08:02:21.917+0000] {example_python_decorator.py:80} WARNING - The virtalenv_python example task requires virtualenv, please install it.
[2024-10-08T08:02:21.920+0000] {processor.py:925} INFO - DAG(s) 'example_python_decorator' retrieved from /root/miniconda3/envs/project/lib/python3.8/site-packages/airflow/example_dags/example_python_decorator.py
[2024-10-08T08:02:21.946+0000] {logging_mixin.py:190} INFO - [2024-10-08T08:02:21.946+0000] {dag.py:3239} INFO - Sync 1 DAGs
[2024-10-08T08:02:21.965+0000] {logging_mixin.py:190} INFO - [2024-10-08T08:02:21.964+0000] {dag.py:4180} INFO - Setting next_dagrun for example_python_decorator to None, run_after=None
[2024-10-08T08:02:22.002+0000] {processor.py:208} INFO - Processing /root/miniconda3/envs/project/lib/python3.8/site-packages/airflow/example_dags/example_python_decorator.py took 0.115 seconds
[2024-10-08T08:03:31.865+0000] {processor.py:186} INFO - Started process (PID=208428) to work on /root/miniconda3/envs/project/lib/python3.8/site-packages/airflow/example_dags/example_python_decorator.py
[2024-10-08T08:03:31.868+0000] {processor.py:914} INFO - Processing file /root/miniconda3/envs/project/lib/python3.8/site-packages/airflow/example_dags/example_python_decorator.py for tasks to queue
[2024-10-08T08:03:31.871+0000] {logging_mixin.py:190} INFO - [2024-10-08T08:03:31.871+0000] {dagbag.py:588} INFO - Filling up the DagBag from /root/miniconda3/envs/project/lib/python3.8/site-packages/airflow/example_dags/example_python_decorator.py
[2024-10-08T08:03:31.885+0000] {logging_mixin.py:190} INFO - [2024-10-08T08:03:31.885+0000] {example_python_decorator.py:80} WARNING - The virtalenv_python example task requires virtualenv, please install it.
[2024-10-08T08:03:31.889+0000] {processor.py:925} INFO - DAG(s) 'example_python_decorator' retrieved from /root/miniconda3/envs/project/lib/python3.8/site-packages/airflow/example_dags/example_python_decorator.py
[2024-10-08T08:03:31.914+0000] {logging_mixin.py:190} INFO - [2024-10-08T08:03:31.914+0000] {dag.py:3239} INFO - Sync 1 DAGs
[2024-10-08T08:03:31.932+0000] {logging_mixin.py:190} INFO - [2024-10-08T08:03:31.932+0000] {dag.py:4180} INFO - Setting next_dagrun for example_python_decorator to None, run_after=None
[2024-10-08T08:03:31.966+0000] {processor.py:208} INFO - Processing /root/miniconda3/envs/project/lib/python3.8/site-packages/airflow/example_dags/example_python_decorator.py took 0.113 seconds
[2024-10-08T08:04:40.286+0000] {processor.py:186} INFO - Started process (PID=208635) to work on /root/miniconda3/envs/project/lib/python3.8/site-packages/airflow/example_dags/example_python_decorator.py
[2024-10-08T08:04:40.289+0000] {processor.py:914} INFO - Processing file /root/miniconda3/envs/project/lib/python3.8/site-packages/airflow/example_dags/example_python_decorator.py for tasks to queue
[2024-10-08T08:04:40.293+0000] {logging_mixin.py:190} INFO - [2024-10-08T08:04:40.292+0000] {dagbag.py:588} INFO - Filling up the DagBag from /root/miniconda3/envs/project/lib/python3.8/site-packages/airflow/example_dags/example_python_decorator.py
[2024-10-08T08:04:40.306+0000] {logging_mixin.py:190} INFO - [2024-10-08T08:04:40.306+0000] {example_python_decorator.py:80} WARNING - The virtalenv_python example task requires virtualenv, please install it.
[2024-10-08T08:04:40.310+0000] {processor.py:925} INFO - DAG(s) 'example_python_decorator' retrieved from /root/miniconda3/envs/project/lib/python3.8/site-packages/airflow/example_dags/example_python_decorator.py
[2024-10-08T08:04:40.336+0000] {logging_mixin.py:190} INFO - [2024-10-08T08:04:40.335+0000] {dag.py:3239} INFO - Sync 1 DAGs
[2024-10-08T08:04:40.353+0000] {logging_mixin.py:190} INFO - [2024-10-08T08:04:40.353+0000] {dag.py:4180} INFO - Setting next_dagrun for example_python_decorator to None, run_after=None
[2024-10-08T08:04:40.390+0000] {processor.py:208} INFO - Processing /root/miniconda3/envs/project/lib/python3.8/site-packages/airflow/example_dags/example_python_decorator.py took 0.116 seconds
[2024-10-08T08:05:41.369+0000] {processor.py:186} INFO - Started process (PID=208818) to work on /root/miniconda3/envs/project/lib/python3.8/site-packages/airflow/example_dags/example_python_decorator.py
[2024-10-08T08:05:41.372+0000] {processor.py:914} INFO - Processing file /root/miniconda3/envs/project/lib/python3.8/site-packages/airflow/example_dags/example_python_decorator.py for tasks to queue
[2024-10-08T08:05:41.376+0000] {logging_mixin.py:190} INFO - [2024-10-08T08:05:41.375+0000] {dagbag.py:588} INFO - Filling up the DagBag from /root/miniconda3/envs/project/lib/python3.8/site-packages/airflow/example_dags/example_python_decorator.py
[2024-10-08T08:05:41.391+0000] {logging_mixin.py:190} INFO - [2024-10-08T08:05:41.390+0000] {example_python_decorator.py:80} WARNING - The virtalenv_python example task requires virtualenv, please install it.
[2024-10-08T08:05:41.394+0000] {processor.py:925} INFO - DAG(s) 'example_python_decorator' retrieved from /root/miniconda3/envs/project/lib/python3.8/site-packages/airflow/example_dags/example_python_decorator.py
[2024-10-08T08:05:41.422+0000] {logging_mixin.py:190} INFO - [2024-10-08T08:05:41.421+0000] {dag.py:3239} INFO - Sync 1 DAGs
[2024-10-08T08:05:41.441+0000] {logging_mixin.py:190} INFO - [2024-10-08T08:05:41.441+0000] {dag.py:4180} INFO - Setting next_dagrun for example_python_decorator to None, run_after=None
[2024-10-08T08:05:41.472+0000] {processor.py:208} INFO - Processing /root/miniconda3/envs/project/lib/python3.8/site-packages/airflow/example_dags/example_python_decorator.py took 0.114 seconds
[2024-10-08T08:06:42.571+0000] {processor.py:186} INFO - Started process (PID=208998) to work on /root/miniconda3/envs/project/lib/python3.8/site-packages/airflow/example_dags/example_python_decorator.py
[2024-10-08T08:06:42.574+0000] {processor.py:914} INFO - Processing file /root/miniconda3/envs/project/lib/python3.8/site-packages/airflow/example_dags/example_python_decorator.py for tasks to queue
[2024-10-08T08:06:42.578+0000] {logging_mixin.py:190} INFO - [2024-10-08T08:06:42.577+0000] {dagbag.py:588} INFO - Filling up the DagBag from /root/miniconda3/envs/project/lib/python3.8/site-packages/airflow/example_dags/example_python_decorator.py
[2024-10-08T08:06:42.592+0000] {logging_mixin.py:190} INFO - [2024-10-08T08:06:42.592+0000] {example_python_decorator.py:80} WARNING - The virtalenv_python example task requires virtualenv, please install it.
[2024-10-08T08:06:42.595+0000] {processor.py:925} INFO - DAG(s) 'example_python_decorator' retrieved from /root/miniconda3/envs/project/lib/python3.8/site-packages/airflow/example_dags/example_python_decorator.py
[2024-10-08T08:06:42.622+0000] {logging_mixin.py:190} INFO - [2024-10-08T08:06:42.621+0000] {dag.py:3239} INFO - Sync 1 DAGs
[2024-10-08T08:06:42.640+0000] {logging_mixin.py:190} INFO - [2024-10-08T08:06:42.640+0000] {dag.py:4180} INFO - Setting next_dagrun for example_python_decorator to None, run_after=None
[2024-10-08T08:06:42.672+0000] {processor.py:208} INFO - Processing /root/miniconda3/envs/project/lib/python3.8/site-packages/airflow/example_dags/example_python_decorator.py took 0.112 seconds
[2024-10-08T08:07:52.817+0000] {processor.py:186} INFO - Started process (PID=209244) to work on /root/miniconda3/envs/project/lib/python3.8/site-packages/airflow/example_dags/example_python_decorator.py
[2024-10-08T08:07:52.820+0000] {processor.py:914} INFO - Processing file /root/miniconda3/envs/project/lib/python3.8/site-packages/airflow/example_dags/example_python_decorator.py for tasks to queue
[2024-10-08T08:07:52.824+0000] {logging_mixin.py:190} INFO - [2024-10-08T08:07:52.823+0000] {dagbag.py:588} INFO - Filling up the DagBag from /root/miniconda3/envs/project/lib/python3.8/site-packages/airflow/example_dags/example_python_decorator.py
[2024-10-08T08:07:52.838+0000] {logging_mixin.py:190} INFO - [2024-10-08T08:07:52.838+0000] {example_python_decorator.py:80} WARNING - The virtalenv_python example task requires virtualenv, please install it.
[2024-10-08T08:07:52.841+0000] {processor.py:925} INFO - DAG(s) 'example_python_decorator' retrieved from /root/miniconda3/envs/project/lib/python3.8/site-packages/airflow/example_dags/example_python_decorator.py
[2024-10-08T08:07:52.868+0000] {logging_mixin.py:190} INFO - [2024-10-08T08:07:52.868+0000] {dag.py:3239} INFO - Sync 1 DAGs
[2024-10-08T08:07:52.886+0000] {logging_mixin.py:190} INFO - [2024-10-08T08:07:52.886+0000] {dag.py:4180} INFO - Setting next_dagrun for example_python_decorator to None, run_after=None
[2024-10-08T08:07:52.920+0000] {processor.py:208} INFO - Processing /root/miniconda3/envs/project/lib/python3.8/site-packages/airflow/example_dags/example_python_decorator.py took 0.116 seconds
[2024-10-08T08:10:02.414+0000] {processor.py:186} INFO - Started process (PID=210074) to work on /root/miniconda3/envs/project/lib/python3.8/site-packages/airflow/example_dags/example_python_decorator.py
[2024-10-08T08:10:02.417+0000] {processor.py:914} INFO - Processing file /root/miniconda3/envs/project/lib/python3.8/site-packages/airflow/example_dags/example_python_decorator.py for tasks to queue
[2024-10-08T08:10:02.420+0000] {logging_mixin.py:190} INFO - [2024-10-08T08:10:02.419+0000] {dagbag.py:588} INFO - Filling up the DagBag from /root/miniconda3/envs/project/lib/python3.8/site-packages/airflow/example_dags/example_python_decorator.py
[2024-10-08T08:10:02.433+0000] {logging_mixin.py:190} INFO - [2024-10-08T08:10:02.433+0000] {example_python_decorator.py:80} WARNING - The virtalenv_python example task requires virtualenv, please install it.
[2024-10-08T08:10:02.436+0000] {processor.py:925} INFO - DAG(s) 'example_python_decorator' retrieved from /root/miniconda3/envs/project/lib/python3.8/site-packages/airflow/example_dags/example_python_decorator.py
[2024-10-08T08:10:02.469+0000] {logging_mixin.py:190} INFO - [2024-10-08T08:10:02.469+0000] {dag.py:3239} INFO - Sync 1 DAGs
[2024-10-08T08:10:02.496+0000] {logging_mixin.py:190} INFO - [2024-10-08T08:10:02.496+0000] {dag.py:4180} INFO - Setting next_dagrun for example_python_decorator to None, run_after=None
[2024-10-08T08:10:02.537+0000] {processor.py:208} INFO - Processing /root/miniconda3/envs/project/lib/python3.8/site-packages/airflow/example_dags/example_python_decorator.py took 0.133 seconds
[2024-10-08T08:11:26.792+0000] {processor.py:186} INFO - Started process (PID=210544) to work on /root/miniconda3/envs/project/lib/python3.8/site-packages/airflow/example_dags/example_python_decorator.py
[2024-10-08T08:11:26.795+0000] {processor.py:914} INFO - Processing file /root/miniconda3/envs/project/lib/python3.8/site-packages/airflow/example_dags/example_python_decorator.py for tasks to queue
[2024-10-08T08:11:26.798+0000] {logging_mixin.py:190} INFO - [2024-10-08T08:11:26.797+0000] {dagbag.py:588} INFO - Filling up the DagBag from /root/miniconda3/envs/project/lib/python3.8/site-packages/airflow/example_dags/example_python_decorator.py
[2024-10-08T08:11:26.811+0000] {logging_mixin.py:190} INFO - [2024-10-08T08:11:26.811+0000] {example_python_decorator.py:80} WARNING - The virtalenv_python example task requires virtualenv, please install it.
[2024-10-08T08:11:26.815+0000] {processor.py:925} INFO - DAG(s) 'example_python_decorator' retrieved from /root/miniconda3/envs/project/lib/python3.8/site-packages/airflow/example_dags/example_python_decorator.py
[2024-10-08T08:11:26.842+0000] {logging_mixin.py:190} INFO - [2024-10-08T08:11:26.842+0000] {dag.py:3239} INFO - Sync 1 DAGs
[2024-10-08T08:11:26.862+0000] {logging_mixin.py:190} INFO - [2024-10-08T08:11:26.862+0000] {dag.py:4180} INFO - Setting next_dagrun for example_python_decorator to None, run_after=None
[2024-10-08T08:11:26.896+0000] {processor.py:208} INFO - Processing /root/miniconda3/envs/project/lib/python3.8/site-packages/airflow/example_dags/example_python_decorator.py took 0.114 seconds
[2024-10-08T08:13:04.855+0000] {processor.py:186} INFO - Started process (PID=211072) to work on /root/miniconda3/envs/project/lib/python3.8/site-packages/airflow/example_dags/example_python_decorator.py
[2024-10-08T08:13:04.858+0000] {processor.py:914} INFO - Processing file /root/miniconda3/envs/project/lib/python3.8/site-packages/airflow/example_dags/example_python_decorator.py for tasks to queue
[2024-10-08T08:13:04.861+0000] {logging_mixin.py:190} INFO - [2024-10-08T08:13:04.860+0000] {dagbag.py:588} INFO - Filling up the DagBag from /root/miniconda3/envs/project/lib/python3.8/site-packages/airflow/example_dags/example_python_decorator.py
[2024-10-08T08:13:04.874+0000] {logging_mixin.py:190} INFO - [2024-10-08T08:13:04.874+0000] {example_python_decorator.py:80} WARNING - The virtalenv_python example task requires virtualenv, please install it.
[2024-10-08T08:13:04.878+0000] {processor.py:925} INFO - DAG(s) 'example_python_decorator' retrieved from /root/miniconda3/envs/project/lib/python3.8/site-packages/airflow/example_dags/example_python_decorator.py
[2024-10-08T08:13:04.906+0000] {logging_mixin.py:190} INFO - [2024-10-08T08:13:04.905+0000] {dag.py:3239} INFO - Sync 1 DAGs
[2024-10-08T08:13:04.926+0000] {logging_mixin.py:190} INFO - [2024-10-08T08:13:04.926+0000] {dag.py:4180} INFO - Setting next_dagrun for example_python_decorator to None, run_after=None
[2024-10-08T08:13:04.961+0000] {processor.py:208} INFO - Processing /root/miniconda3/envs/project/lib/python3.8/site-packages/airflow/example_dags/example_python_decorator.py took 0.117 seconds
[2024-10-08T08:14:09.861+0000] {processor.py:186} INFO - Started process (PID=211274) to work on /root/miniconda3/envs/project/lib/python3.8/site-packages/airflow/example_dags/example_python_decorator.py
[2024-10-08T08:14:09.863+0000] {processor.py:914} INFO - Processing file /root/miniconda3/envs/project/lib/python3.8/site-packages/airflow/example_dags/example_python_decorator.py for tasks to queue
[2024-10-08T08:14:09.867+0000] {logging_mixin.py:190} INFO - [2024-10-08T08:14:09.866+0000] {dagbag.py:588} INFO - Filling up the DagBag from /root/miniconda3/envs/project/lib/python3.8/site-packages/airflow/example_dags/example_python_decorator.py
[2024-10-08T08:14:09.880+0000] {logging_mixin.py:190} INFO - [2024-10-08T08:14:09.880+0000] {example_python_decorator.py:80} WARNING - The virtalenv_python example task requires virtualenv, please install it.
[2024-10-08T08:14:09.883+0000] {processor.py:925} INFO - DAG(s) 'example_python_decorator' retrieved from /root/miniconda3/envs/project/lib/python3.8/site-packages/airflow/example_dags/example_python_decorator.py
[2024-10-08T08:14:09.909+0000] {logging_mixin.py:190} INFO - [2024-10-08T08:14:09.909+0000] {dag.py:3239} INFO - Sync 1 DAGs
[2024-10-08T08:14:09.927+0000] {logging_mixin.py:190} INFO - [2024-10-08T08:14:09.927+0000] {dag.py:4180} INFO - Setting next_dagrun for example_python_decorator to None, run_after=None
[2024-10-08T08:14:09.959+0000] {processor.py:208} INFO - Processing /root/miniconda3/envs/project/lib/python3.8/site-packages/airflow/example_dags/example_python_decorator.py took 0.110 seconds
[2024-10-08T08:15:18.941+0000] {processor.py:186} INFO - Started process (PID=211525) to work on /root/miniconda3/envs/project/lib/python3.8/site-packages/airflow/example_dags/example_python_decorator.py
[2024-10-08T08:15:18.944+0000] {processor.py:914} INFO - Processing file /root/miniconda3/envs/project/lib/python3.8/site-packages/airflow/example_dags/example_python_decorator.py for tasks to queue
[2024-10-08T08:15:18.947+0000] {logging_mixin.py:190} INFO - [2024-10-08T08:15:18.947+0000] {dagbag.py:588} INFO - Filling up the DagBag from /root/miniconda3/envs/project/lib/python3.8/site-packages/airflow/example_dags/example_python_decorator.py
[2024-10-08T08:15:18.961+0000] {logging_mixin.py:190} INFO - [2024-10-08T08:15:18.961+0000] {example_python_decorator.py:80} WARNING - The virtalenv_python example task requires virtualenv, please install it.
[2024-10-08T08:15:18.964+0000] {processor.py:925} INFO - DAG(s) 'example_python_decorator' retrieved from /root/miniconda3/envs/project/lib/python3.8/site-packages/airflow/example_dags/example_python_decorator.py
[2024-10-08T08:15:18.991+0000] {logging_mixin.py:190} INFO - [2024-10-08T08:15:18.991+0000] {dag.py:3239} INFO - Sync 1 DAGs
[2024-10-08T08:15:19.010+0000] {logging_mixin.py:190} INFO - [2024-10-08T08:15:19.009+0000] {dag.py:4180} INFO - Setting next_dagrun for example_python_decorator to None, run_after=None
[2024-10-08T08:15:19.043+0000] {processor.py:208} INFO - Processing /root/miniconda3/envs/project/lib/python3.8/site-packages/airflow/example_dags/example_python_decorator.py took 0.114 seconds
[2024-10-08T08:16:26.322+0000] {processor.py:186} INFO - Started process (PID=211726) to work on /root/miniconda3/envs/project/lib/python3.8/site-packages/airflow/example_dags/example_python_decorator.py
[2024-10-08T08:16:26.325+0000] {processor.py:914} INFO - Processing file /root/miniconda3/envs/project/lib/python3.8/site-packages/airflow/example_dags/example_python_decorator.py for tasks to queue
[2024-10-08T08:16:26.329+0000] {logging_mixin.py:190} INFO - [2024-10-08T08:16:26.328+0000] {dagbag.py:588} INFO - Filling up the DagBag from /root/miniconda3/envs/project/lib/python3.8/site-packages/airflow/example_dags/example_python_decorator.py
[2024-10-08T08:16:26.343+0000] {logging_mixin.py:190} INFO - [2024-10-08T08:16:26.343+0000] {example_python_decorator.py:80} WARNING - The virtalenv_python example task requires virtualenv, please install it.
[2024-10-08T08:16:26.346+0000] {processor.py:925} INFO - DAG(s) 'example_python_decorator' retrieved from /root/miniconda3/envs/project/lib/python3.8/site-packages/airflow/example_dags/example_python_decorator.py
[2024-10-08T08:16:26.374+0000] {logging_mixin.py:190} INFO - [2024-10-08T08:16:26.374+0000] {dag.py:3239} INFO - Sync 1 DAGs
[2024-10-08T08:16:26.393+0000] {logging_mixin.py:190} INFO - [2024-10-08T08:16:26.392+0000] {dag.py:4180} INFO - Setting next_dagrun for example_python_decorator to None, run_after=None
[2024-10-08T08:16:26.426+0000] {processor.py:208} INFO - Processing /root/miniconda3/envs/project/lib/python3.8/site-packages/airflow/example_dags/example_python_decorator.py took 0.115 seconds
[2024-10-08T08:17:37.568+0000] {processor.py:186} INFO - Started process (PID=212026) to work on /root/miniconda3/envs/project/lib/python3.8/site-packages/airflow/example_dags/example_python_decorator.py
[2024-10-08T08:17:37.571+0000] {processor.py:914} INFO - Processing file /root/miniconda3/envs/project/lib/python3.8/site-packages/airflow/example_dags/example_python_decorator.py for tasks to queue
[2024-10-08T08:17:37.575+0000] {logging_mixin.py:190} INFO - [2024-10-08T08:17:37.574+0000] {dagbag.py:588} INFO - Filling up the DagBag from /root/miniconda3/envs/project/lib/python3.8/site-packages/airflow/example_dags/example_python_decorator.py
[2024-10-08T08:17:37.590+0000] {logging_mixin.py:190} INFO - [2024-10-08T08:17:37.590+0000] {example_python_decorator.py:80} WARNING - The virtalenv_python example task requires virtualenv, please install it.
[2024-10-08T08:17:37.594+0000] {processor.py:925} INFO - DAG(s) 'example_python_decorator' retrieved from /root/miniconda3/envs/project/lib/python3.8/site-packages/airflow/example_dags/example_python_decorator.py
[2024-10-08T08:17:37.620+0000] {logging_mixin.py:190} INFO - [2024-10-08T08:17:37.620+0000] {dag.py:3239} INFO - Sync 1 DAGs
[2024-10-08T08:17:37.639+0000] {logging_mixin.py:190} INFO - [2024-10-08T08:17:37.639+0000] {dag.py:4180} INFO - Setting next_dagrun for example_python_decorator to None, run_after=None
[2024-10-08T08:17:37.674+0000] {processor.py:208} INFO - Processing /root/miniconda3/envs/project/lib/python3.8/site-packages/airflow/example_dags/example_python_decorator.py took 0.119 seconds
[2024-10-08T08:18:47.397+0000] {processor.py:186} INFO - Started process (PID=212227) to work on /root/miniconda3/envs/project/lib/python3.8/site-packages/airflow/example_dags/example_python_decorator.py
[2024-10-08T08:18:47.399+0000] {processor.py:914} INFO - Processing file /root/miniconda3/envs/project/lib/python3.8/site-packages/airflow/example_dags/example_python_decorator.py for tasks to queue
[2024-10-08T08:18:47.402+0000] {logging_mixin.py:190} INFO - [2024-10-08T08:18:47.402+0000] {dagbag.py:588} INFO - Filling up the DagBag from /root/miniconda3/envs/project/lib/python3.8/site-packages/airflow/example_dags/example_python_decorator.py
[2024-10-08T08:18:47.415+0000] {logging_mixin.py:190} INFO - [2024-10-08T08:18:47.415+0000] {example_python_decorator.py:80} WARNING - The virtalenv_python example task requires virtualenv, please install it.
[2024-10-08T08:18:47.418+0000] {processor.py:925} INFO - DAG(s) 'example_python_decorator' retrieved from /root/miniconda3/envs/project/lib/python3.8/site-packages/airflow/example_dags/example_python_decorator.py
[2024-10-08T08:18:47.443+0000] {logging_mixin.py:190} INFO - [2024-10-08T08:18:47.443+0000] {dag.py:3239} INFO - Sync 1 DAGs
[2024-10-08T08:18:47.460+0000] {logging_mixin.py:190} INFO - [2024-10-08T08:18:47.460+0000] {dag.py:4180} INFO - Setting next_dagrun for example_python_decorator to None, run_after=None
[2024-10-08T08:18:47.495+0000] {processor.py:208} INFO - Processing /root/miniconda3/envs/project/lib/python3.8/site-packages/airflow/example_dags/example_python_decorator.py took 0.109 seconds
[2024-10-08T08:19:55.319+0000] {processor.py:186} INFO - Started process (PID=212426) to work on /root/miniconda3/envs/project/lib/python3.8/site-packages/airflow/example_dags/example_python_decorator.py
[2024-10-08T08:19:55.321+0000] {processor.py:914} INFO - Processing file /root/miniconda3/envs/project/lib/python3.8/site-packages/airflow/example_dags/example_python_decorator.py for tasks to queue
[2024-10-08T08:19:55.324+0000] {logging_mixin.py:190} INFO - [2024-10-08T08:19:55.324+0000] {dagbag.py:588} INFO - Filling up the DagBag from /root/miniconda3/envs/project/lib/python3.8/site-packages/airflow/example_dags/example_python_decorator.py
[2024-10-08T08:19:55.338+0000] {logging_mixin.py:190} INFO - [2024-10-08T08:19:55.337+0000] {example_python_decorator.py:80} WARNING - The virtalenv_python example task requires virtualenv, please install it.
[2024-10-08T08:19:55.341+0000] {processor.py:925} INFO - DAG(s) 'example_python_decorator' retrieved from /root/miniconda3/envs/project/lib/python3.8/site-packages/airflow/example_dags/example_python_decorator.py
[2024-10-08T08:19:55.366+0000] {logging_mixin.py:190} INFO - [2024-10-08T08:19:55.366+0000] {dag.py:3239} INFO - Sync 1 DAGs
[2024-10-08T08:19:55.384+0000] {logging_mixin.py:190} INFO - [2024-10-08T08:19:55.384+0000] {dag.py:4180} INFO - Setting next_dagrun for example_python_decorator to None, run_after=None
[2024-10-08T08:19:55.416+0000] {processor.py:208} INFO - Processing /root/miniconda3/envs/project/lib/python3.8/site-packages/airflow/example_dags/example_python_decorator.py took 0.108 seconds
[2024-10-08T08:21:05.478+0000] {processor.py:186} INFO - Started process (PID=212619) to work on /root/miniconda3/envs/project/lib/python3.8/site-packages/airflow/example_dags/example_python_decorator.py
[2024-10-08T08:21:05.481+0000] {processor.py:914} INFO - Processing file /root/miniconda3/envs/project/lib/python3.8/site-packages/airflow/example_dags/example_python_decorator.py for tasks to queue
[2024-10-08T08:21:05.484+0000] {logging_mixin.py:190} INFO - [2024-10-08T08:21:05.484+0000] {dagbag.py:588} INFO - Filling up the DagBag from /root/miniconda3/envs/project/lib/python3.8/site-packages/airflow/example_dags/example_python_decorator.py
[2024-10-08T08:21:05.498+0000] {logging_mixin.py:190} INFO - [2024-10-08T08:21:05.498+0000] {example_python_decorator.py:80} WARNING - The virtalenv_python example task requires virtualenv, please install it.
[2024-10-08T08:21:05.501+0000] {processor.py:925} INFO - DAG(s) 'example_python_decorator' retrieved from /root/miniconda3/envs/project/lib/python3.8/site-packages/airflow/example_dags/example_python_decorator.py
[2024-10-08T08:21:05.527+0000] {logging_mixin.py:190} INFO - [2024-10-08T08:21:05.527+0000] {dag.py:3239} INFO - Sync 1 DAGs
[2024-10-08T08:21:05.546+0000] {logging_mixin.py:190} INFO - [2024-10-08T08:21:05.545+0000] {dag.py:4180} INFO - Setting next_dagrun for example_python_decorator to None, run_after=None
[2024-10-08T08:21:05.581+0000] {processor.py:208} INFO - Processing /root/miniconda3/envs/project/lib/python3.8/site-packages/airflow/example_dags/example_python_decorator.py took 0.115 seconds
[2024-10-08T08:22:15.838+0000] {processor.py:186} INFO - Started process (PID=212827) to work on /root/miniconda3/envs/project/lib/python3.8/site-packages/airflow/example_dags/example_python_decorator.py
[2024-10-08T08:22:15.841+0000] {processor.py:914} INFO - Processing file /root/miniconda3/envs/project/lib/python3.8/site-packages/airflow/example_dags/example_python_decorator.py for tasks to queue
[2024-10-08T08:22:15.845+0000] {logging_mixin.py:190} INFO - [2024-10-08T08:22:15.844+0000] {dagbag.py:588} INFO - Filling up the DagBag from /root/miniconda3/envs/project/lib/python3.8/site-packages/airflow/example_dags/example_python_decorator.py
[2024-10-08T08:22:15.859+0000] {logging_mixin.py:190} INFO - [2024-10-08T08:22:15.859+0000] {example_python_decorator.py:80} WARNING - The virtalenv_python example task requires virtualenv, please install it.
[2024-10-08T08:22:15.862+0000] {processor.py:925} INFO - DAG(s) 'example_python_decorator' retrieved from /root/miniconda3/envs/project/lib/python3.8/site-packages/airflow/example_dags/example_python_decorator.py
[2024-10-08T08:22:15.889+0000] {logging_mixin.py:190} INFO - [2024-10-08T08:22:15.889+0000] {dag.py:3239} INFO - Sync 1 DAGs
[2024-10-08T08:22:15.909+0000] {logging_mixin.py:190} INFO - [2024-10-08T08:22:15.909+0000] {dag.py:4180} INFO - Setting next_dagrun for example_python_decorator to None, run_after=None
[2024-10-08T08:22:15.941+0000] {processor.py:208} INFO - Processing /root/miniconda3/envs/project/lib/python3.8/site-packages/airflow/example_dags/example_python_decorator.py took 0.115 seconds
[2024-10-08T08:23:23.334+0000] {processor.py:186} INFO - Started process (PID=213069) to work on /root/miniconda3/envs/project/lib/python3.8/site-packages/airflow/example_dags/example_python_decorator.py
[2024-10-08T08:23:23.337+0000] {processor.py:914} INFO - Processing file /root/miniconda3/envs/project/lib/python3.8/site-packages/airflow/example_dags/example_python_decorator.py for tasks to queue
[2024-10-08T08:23:23.341+0000] {logging_mixin.py:190} INFO - [2024-10-08T08:23:23.340+0000] {dagbag.py:588} INFO - Filling up the DagBag from /root/miniconda3/envs/project/lib/python3.8/site-packages/airflow/example_dags/example_python_decorator.py
[2024-10-08T08:23:23.354+0000] {logging_mixin.py:190} INFO - [2024-10-08T08:23:23.354+0000] {example_python_decorator.py:80} WARNING - The virtalenv_python example task requires virtualenv, please install it.
[2024-10-08T08:23:23.358+0000] {processor.py:925} INFO - DAG(s) 'example_python_decorator' retrieved from /root/miniconda3/envs/project/lib/python3.8/site-packages/airflow/example_dags/example_python_decorator.py
[2024-10-08T08:23:23.383+0000] {logging_mixin.py:190} INFO - [2024-10-08T08:23:23.383+0000] {dag.py:3239} INFO - Sync 1 DAGs
[2024-10-08T08:23:23.402+0000] {logging_mixin.py:190} INFO - [2024-10-08T08:23:23.401+0000] {dag.py:4180} INFO - Setting next_dagrun for example_python_decorator to None, run_after=None
[2024-10-08T08:23:23.436+0000] {processor.py:208} INFO - Processing /root/miniconda3/envs/project/lib/python3.8/site-packages/airflow/example_dags/example_python_decorator.py took 0.113 seconds
[2024-10-08T08:24:27.095+0000] {processor.py:186} INFO - Started process (PID=213257) to work on /root/miniconda3/envs/project/lib/python3.8/site-packages/airflow/example_dags/example_python_decorator.py
[2024-10-08T08:24:27.098+0000] {processor.py:914} INFO - Processing file /root/miniconda3/envs/project/lib/python3.8/site-packages/airflow/example_dags/example_python_decorator.py for tasks to queue
[2024-10-08T08:24:27.103+0000] {logging_mixin.py:190} INFO - [2024-10-08T08:24:27.102+0000] {dagbag.py:588} INFO - Filling up the DagBag from /root/miniconda3/envs/project/lib/python3.8/site-packages/airflow/example_dags/example_python_decorator.py
[2024-10-08T08:24:27.117+0000] {logging_mixin.py:190} INFO - [2024-10-08T08:24:27.117+0000] {example_python_decorator.py:80} WARNING - The virtalenv_python example task requires virtualenv, please install it.
[2024-10-08T08:24:27.120+0000] {processor.py:925} INFO - DAG(s) 'example_python_decorator' retrieved from /root/miniconda3/envs/project/lib/python3.8/site-packages/airflow/example_dags/example_python_decorator.py
[2024-10-08T08:24:27.147+0000] {logging_mixin.py:190} INFO - [2024-10-08T08:24:27.146+0000] {dag.py:3239} INFO - Sync 1 DAGs
[2024-10-08T08:24:27.165+0000] {logging_mixin.py:190} INFO - [2024-10-08T08:24:27.165+0000] {dag.py:4180} INFO - Setting next_dagrun for example_python_decorator to None, run_after=None
[2024-10-08T08:24:27.201+0000] {processor.py:208} INFO - Processing /root/miniconda3/envs/project/lib/python3.8/site-packages/airflow/example_dags/example_python_decorator.py took 0.116 seconds
[2024-10-08T08:37:17.020+0000] {processor.py:186} INFO - Started process (PID=215023) to work on /root/miniconda3/envs/project/lib/python3.8/site-packages/airflow/example_dags/example_python_decorator.py
[2024-10-08T08:37:17.023+0000] {processor.py:914} INFO - Processing file /root/miniconda3/envs/project/lib/python3.8/site-packages/airflow/example_dags/example_python_decorator.py for tasks to queue
[2024-10-08T08:37:17.026+0000] {logging_mixin.py:190} INFO - [2024-10-08T08:37:17.026+0000] {dagbag.py:588} INFO - Filling up the DagBag from /root/miniconda3/envs/project/lib/python3.8/site-packages/airflow/example_dags/example_python_decorator.py
[2024-10-08T08:37:17.040+0000] {logging_mixin.py:190} INFO - [2024-10-08T08:37:17.040+0000] {example_python_decorator.py:80} WARNING - The virtalenv_python example task requires virtualenv, please install it.
[2024-10-08T08:37:17.043+0000] {processor.py:925} INFO - DAG(s) 'example_python_decorator' retrieved from /root/miniconda3/envs/project/lib/python3.8/site-packages/airflow/example_dags/example_python_decorator.py
[2024-10-08T08:37:17.071+0000] {logging_mixin.py:190} INFO - [2024-10-08T08:37:17.071+0000] {dag.py:3239} INFO - Sync 1 DAGs
[2024-10-08T08:37:17.091+0000] {logging_mixin.py:190} INFO - [2024-10-08T08:37:17.090+0000] {dag.py:4180} INFO - Setting next_dagrun for example_python_decorator to None, run_after=None
[2024-10-08T08:37:17.121+0000] {processor.py:208} INFO - Processing /root/miniconda3/envs/project/lib/python3.8/site-packages/airflow/example_dags/example_python_decorator.py took 0.111 seconds
[2024-10-08T08:38:23.519+0000] {processor.py:186} INFO - Started process (PID=215254) to work on /root/miniconda3/envs/project/lib/python3.8/site-packages/airflow/example_dags/example_python_decorator.py
[2024-10-08T08:38:23.522+0000] {processor.py:914} INFO - Processing file /root/miniconda3/envs/project/lib/python3.8/site-packages/airflow/example_dags/example_python_decorator.py for tasks to queue
[2024-10-08T08:38:23.525+0000] {logging_mixin.py:190} INFO - [2024-10-08T08:38:23.525+0000] {dagbag.py:588} INFO - Filling up the DagBag from /root/miniconda3/envs/project/lib/python3.8/site-packages/airflow/example_dags/example_python_decorator.py
[2024-10-08T08:38:23.539+0000] {logging_mixin.py:190} INFO - [2024-10-08T08:38:23.538+0000] {example_python_decorator.py:80} WARNING - The virtalenv_python example task requires virtualenv, please install it.
[2024-10-08T08:38:23.542+0000] {processor.py:925} INFO - DAG(s) 'example_python_decorator' retrieved from /root/miniconda3/envs/project/lib/python3.8/site-packages/airflow/example_dags/example_python_decorator.py
[2024-10-08T08:38:23.569+0000] {logging_mixin.py:190} INFO - [2024-10-08T08:38:23.569+0000] {dag.py:3239} INFO - Sync 1 DAGs
[2024-10-08T08:38:23.588+0000] {logging_mixin.py:190} INFO - [2024-10-08T08:38:23.587+0000] {dag.py:4180} INFO - Setting next_dagrun for example_python_decorator to None, run_after=None
[2024-10-08T08:38:23.623+0000] {processor.py:208} INFO - Processing /root/miniconda3/envs/project/lib/python3.8/site-packages/airflow/example_dags/example_python_decorator.py took 0.114 seconds
[2024-10-08T08:39:33.887+0000] {processor.py:186} INFO - Started process (PID=215635) to work on /root/miniconda3/envs/project/lib/python3.8/site-packages/airflow/example_dags/example_python_decorator.py
[2024-10-08T08:39:33.890+0000] {processor.py:914} INFO - Processing file /root/miniconda3/envs/project/lib/python3.8/site-packages/airflow/example_dags/example_python_decorator.py for tasks to queue
[2024-10-08T08:39:33.894+0000] {logging_mixin.py:190} INFO - [2024-10-08T08:39:33.893+0000] {dagbag.py:588} INFO - Filling up the DagBag from /root/miniconda3/envs/project/lib/python3.8/site-packages/airflow/example_dags/example_python_decorator.py
[2024-10-08T08:39:33.909+0000] {logging_mixin.py:190} INFO - [2024-10-08T08:39:33.908+0000] {example_python_decorator.py:80} WARNING - The virtalenv_python example task requires virtualenv, please install it.
[2024-10-08T08:39:33.912+0000] {processor.py:925} INFO - DAG(s) 'example_python_decorator' retrieved from /root/miniconda3/envs/project/lib/python3.8/site-packages/airflow/example_dags/example_python_decorator.py
[2024-10-08T08:39:33.939+0000] {logging_mixin.py:190} INFO - [2024-10-08T08:39:33.939+0000] {dag.py:3239} INFO - Sync 1 DAGs
[2024-10-08T08:39:33.957+0000] {logging_mixin.py:190} INFO - [2024-10-08T08:39:33.957+0000] {dag.py:4180} INFO - Setting next_dagrun for example_python_decorator to None, run_after=None
[2024-10-08T08:39:33.993+0000] {processor.py:208} INFO - Processing /root/miniconda3/envs/project/lib/python3.8/site-packages/airflow/example_dags/example_python_decorator.py took 0.118 seconds
[2024-10-08T08:40:43.515+0000] {processor.py:186} INFO - Started process (PID=216043) to work on /root/miniconda3/envs/project/lib/python3.8/site-packages/airflow/example_dags/example_python_decorator.py
[2024-10-08T08:40:43.518+0000] {processor.py:914} INFO - Processing file /root/miniconda3/envs/project/lib/python3.8/site-packages/airflow/example_dags/example_python_decorator.py for tasks to queue
[2024-10-08T08:40:43.522+0000] {logging_mixin.py:190} INFO - [2024-10-08T08:40:43.521+0000] {dagbag.py:588} INFO - Filling up the DagBag from /root/miniconda3/envs/project/lib/python3.8/site-packages/airflow/example_dags/example_python_decorator.py
[2024-10-08T08:40:43.536+0000] {logging_mixin.py:190} INFO - [2024-10-08T08:40:43.535+0000] {example_python_decorator.py:80} WARNING - The virtalenv_python example task requires virtualenv, please install it.
[2024-10-08T08:40:43.539+0000] {processor.py:925} INFO - DAG(s) 'example_python_decorator' retrieved from /root/miniconda3/envs/project/lib/python3.8/site-packages/airflow/example_dags/example_python_decorator.py
[2024-10-08T08:40:43.567+0000] {logging_mixin.py:190} INFO - [2024-10-08T08:40:43.567+0000] {dag.py:3239} INFO - Sync 1 DAGs
[2024-10-08T08:40:43.592+0000] {logging_mixin.py:190} INFO - [2024-10-08T08:40:43.592+0000] {dag.py:4180} INFO - Setting next_dagrun for example_python_decorator to None, run_after=None
[2024-10-08T08:40:43.627+0000] {processor.py:208} INFO - Processing /root/miniconda3/envs/project/lib/python3.8/site-packages/airflow/example_dags/example_python_decorator.py took 0.122 seconds
[2024-10-08T08:41:51.322+0000] {processor.py:186} INFO - Started process (PID=216501) to work on /root/miniconda3/envs/project/lib/python3.8/site-packages/airflow/example_dags/example_python_decorator.py
[2024-10-08T08:41:51.325+0000] {processor.py:914} INFO - Processing file /root/miniconda3/envs/project/lib/python3.8/site-packages/airflow/example_dags/example_python_decorator.py for tasks to queue
[2024-10-08T08:41:51.328+0000] {logging_mixin.py:190} INFO - [2024-10-08T08:41:51.328+0000] {dagbag.py:588} INFO - Filling up the DagBag from /root/miniconda3/envs/project/lib/python3.8/site-packages/airflow/example_dags/example_python_decorator.py
[2024-10-08T08:41:51.342+0000] {logging_mixin.py:190} INFO - [2024-10-08T08:41:51.342+0000] {example_python_decorator.py:80} WARNING - The virtalenv_python example task requires virtualenv, please install it.
[2024-10-08T08:41:51.345+0000] {processor.py:925} INFO - DAG(s) 'example_python_decorator' retrieved from /root/miniconda3/envs/project/lib/python3.8/site-packages/airflow/example_dags/example_python_decorator.py
[2024-10-08T08:41:51.372+0000] {logging_mixin.py:190} INFO - [2024-10-08T08:41:51.371+0000] {dag.py:3239} INFO - Sync 1 DAGs
[2024-10-08T08:41:51.391+0000] {logging_mixin.py:190} INFO - [2024-10-08T08:41:51.390+0000] {dag.py:4180} INFO - Setting next_dagrun for example_python_decorator to None, run_after=None
[2024-10-08T08:41:51.423+0000] {processor.py:208} INFO - Processing /root/miniconda3/envs/project/lib/python3.8/site-packages/airflow/example_dags/example_python_decorator.py took 0.113 seconds
[2024-10-08T08:42:58.149+0000] {processor.py:186} INFO - Started process (PID=216720) to work on /root/miniconda3/envs/project/lib/python3.8/site-packages/airflow/example_dags/example_python_decorator.py
[2024-10-08T08:42:58.152+0000] {processor.py:914} INFO - Processing file /root/miniconda3/envs/project/lib/python3.8/site-packages/airflow/example_dags/example_python_decorator.py for tasks to queue
[2024-10-08T08:42:58.156+0000] {logging_mixin.py:190} INFO - [2024-10-08T08:42:58.155+0000] {dagbag.py:588} INFO - Filling up the DagBag from /root/miniconda3/envs/project/lib/python3.8/site-packages/airflow/example_dags/example_python_decorator.py
[2024-10-08T08:42:58.169+0000] {logging_mixin.py:190} INFO - [2024-10-08T08:42:58.169+0000] {example_python_decorator.py:80} WARNING - The virtalenv_python example task requires virtualenv, please install it.
[2024-10-08T08:42:58.173+0000] {processor.py:925} INFO - DAG(s) 'example_python_decorator' retrieved from /root/miniconda3/envs/project/lib/python3.8/site-packages/airflow/example_dags/example_python_decorator.py
[2024-10-08T08:42:58.199+0000] {logging_mixin.py:190} INFO - [2024-10-08T08:42:58.199+0000] {dag.py:3239} INFO - Sync 1 DAGs
[2024-10-08T08:42:58.217+0000] {logging_mixin.py:190} INFO - [2024-10-08T08:42:58.217+0000] {dag.py:4180} INFO - Setting next_dagrun for example_python_decorator to None, run_after=None
[2024-10-08T08:42:58.251+0000] {processor.py:208} INFO - Processing /root/miniconda3/envs/project/lib/python3.8/site-packages/airflow/example_dags/example_python_decorator.py took 0.114 seconds
[2024-10-08T08:44:06.237+0000] {processor.py:186} INFO - Started process (PID=216941) to work on /root/miniconda3/envs/project/lib/python3.8/site-packages/airflow/example_dags/example_python_decorator.py
[2024-10-08T08:44:06.239+0000] {processor.py:914} INFO - Processing file /root/miniconda3/envs/project/lib/python3.8/site-packages/airflow/example_dags/example_python_decorator.py for tasks to queue
[2024-10-08T08:44:06.242+0000] {logging_mixin.py:190} INFO - [2024-10-08T08:44:06.242+0000] {dagbag.py:588} INFO - Filling up the DagBag from /root/miniconda3/envs/project/lib/python3.8/site-packages/airflow/example_dags/example_python_decorator.py
[2024-10-08T08:44:06.256+0000] {logging_mixin.py:190} INFO - [2024-10-08T08:44:06.255+0000] {example_python_decorator.py:80} WARNING - The virtalenv_python example task requires virtualenv, please install it.
[2024-10-08T08:44:06.259+0000] {processor.py:925} INFO - DAG(s) 'example_python_decorator' retrieved from /root/miniconda3/envs/project/lib/python3.8/site-packages/airflow/example_dags/example_python_decorator.py
[2024-10-08T08:44:06.285+0000] {logging_mixin.py:190} INFO - [2024-10-08T08:44:06.284+0000] {dag.py:3239} INFO - Sync 1 DAGs
[2024-10-08T08:44:06.302+0000] {logging_mixin.py:190} INFO - [2024-10-08T08:44:06.302+0000] {dag.py:4180} INFO - Setting next_dagrun for example_python_decorator to None, run_after=None
[2024-10-08T08:44:06.337+0000] {processor.py:208} INFO - Processing /root/miniconda3/envs/project/lib/python3.8/site-packages/airflow/example_dags/example_python_decorator.py took 0.110 seconds
[2024-10-08T08:45:19.232+0000] {processor.py:186} INFO - Started process (PID=217168) to work on /root/miniconda3/envs/project/lib/python3.8/site-packages/airflow/example_dags/example_python_decorator.py
[2024-10-08T08:45:19.235+0000] {processor.py:914} INFO - Processing file /root/miniconda3/envs/project/lib/python3.8/site-packages/airflow/example_dags/example_python_decorator.py for tasks to queue
[2024-10-08T08:45:19.238+0000] {logging_mixin.py:190} INFO - [2024-10-08T08:45:19.238+0000] {dagbag.py:588} INFO - Filling up the DagBag from /root/miniconda3/envs/project/lib/python3.8/site-packages/airflow/example_dags/example_python_decorator.py
[2024-10-08T08:45:19.252+0000] {logging_mixin.py:190} INFO - [2024-10-08T08:45:19.252+0000] {example_python_decorator.py:80} WARNING - The virtalenv_python example task requires virtualenv, please install it.
[2024-10-08T08:45:19.256+0000] {processor.py:925} INFO - DAG(s) 'example_python_decorator' retrieved from /root/miniconda3/envs/project/lib/python3.8/site-packages/airflow/example_dags/example_python_decorator.py
[2024-10-08T08:45:19.282+0000] {logging_mixin.py:190} INFO - [2024-10-08T08:45:19.282+0000] {dag.py:3239} INFO - Sync 1 DAGs
[2024-10-08T08:45:19.301+0000] {logging_mixin.py:190} INFO - [2024-10-08T08:45:19.300+0000] {dag.py:4180} INFO - Setting next_dagrun for example_python_decorator to None, run_after=None
[2024-10-08T08:45:19.334+0000] {processor.py:208} INFO - Processing /root/miniconda3/envs/project/lib/python3.8/site-packages/airflow/example_dags/example_python_decorator.py took 0.114 seconds
[2024-10-08T08:46:32.705+0000] {processor.py:186} INFO - Started process (PID=217398) to work on /root/miniconda3/envs/project/lib/python3.8/site-packages/airflow/example_dags/example_python_decorator.py
[2024-10-08T08:46:32.708+0000] {processor.py:914} INFO - Processing file /root/miniconda3/envs/project/lib/python3.8/site-packages/airflow/example_dags/example_python_decorator.py for tasks to queue
[2024-10-08T08:46:32.711+0000] {logging_mixin.py:190} INFO - [2024-10-08T08:46:32.711+0000] {dagbag.py:588} INFO - Filling up the DagBag from /root/miniconda3/envs/project/lib/python3.8/site-packages/airflow/example_dags/example_python_decorator.py
[2024-10-08T08:46:32.724+0000] {logging_mixin.py:190} INFO - [2024-10-08T08:46:32.724+0000] {example_python_decorator.py:80} WARNING - The virtalenv_python example task requires virtualenv, please install it.
[2024-10-08T08:46:32.733+0000] {processor.py:925} INFO - DAG(s) 'example_python_decorator' retrieved from /root/miniconda3/envs/project/lib/python3.8/site-packages/airflow/example_dags/example_python_decorator.py
[2024-10-08T08:46:32.759+0000] {logging_mixin.py:190} INFO - [2024-10-08T08:46:32.759+0000] {dag.py:3239} INFO - Sync 1 DAGs
[2024-10-08T08:46:32.778+0000] {logging_mixin.py:190} INFO - [2024-10-08T08:46:32.777+0000] {dag.py:4180} INFO - Setting next_dagrun for example_python_decorator to None, run_after=None
[2024-10-08T08:46:32.810+0000] {processor.py:208} INFO - Processing /root/miniconda3/envs/project/lib/python3.8/site-packages/airflow/example_dags/example_python_decorator.py took 0.116 seconds
[2024-10-08T08:47:44.677+0000] {processor.py:186} INFO - Started process (PID=217881) to work on /root/miniconda3/envs/project/lib/python3.8/site-packages/airflow/example_dags/example_python_decorator.py
[2024-10-08T08:47:44.680+0000] {processor.py:914} INFO - Processing file /root/miniconda3/envs/project/lib/python3.8/site-packages/airflow/example_dags/example_python_decorator.py for tasks to queue
[2024-10-08T08:47:44.684+0000] {logging_mixin.py:190} INFO - [2024-10-08T08:47:44.683+0000] {dagbag.py:588} INFO - Filling up the DagBag from /root/miniconda3/envs/project/lib/python3.8/site-packages/airflow/example_dags/example_python_decorator.py
[2024-10-08T08:47:44.697+0000] {logging_mixin.py:190} INFO - [2024-10-08T08:47:44.696+0000] {example_python_decorator.py:80} WARNING - The virtalenv_python example task requires virtualenv, please install it.
[2024-10-08T08:47:44.700+0000] {processor.py:925} INFO - DAG(s) 'example_python_decorator' retrieved from /root/miniconda3/envs/project/lib/python3.8/site-packages/airflow/example_dags/example_python_decorator.py
[2024-10-08T08:47:44.726+0000] {logging_mixin.py:190} INFO - [2024-10-08T08:47:44.726+0000] {dag.py:3239} INFO - Sync 1 DAGs
[2024-10-08T08:47:44.744+0000] {logging_mixin.py:190} INFO - [2024-10-08T08:47:44.744+0000] {dag.py:4180} INFO - Setting next_dagrun for example_python_decorator to None, run_after=None
[2024-10-08T08:47:44.780+0000] {processor.py:208} INFO - Processing /root/miniconda3/envs/project/lib/python3.8/site-packages/airflow/example_dags/example_python_decorator.py took 0.114 seconds
[2024-10-08T08:48:56.413+0000] {processor.py:186} INFO - Started process (PID=218108) to work on /root/miniconda3/envs/project/lib/python3.8/site-packages/airflow/example_dags/example_python_decorator.py
[2024-10-08T08:48:56.416+0000] {processor.py:914} INFO - Processing file /root/miniconda3/envs/project/lib/python3.8/site-packages/airflow/example_dags/example_python_decorator.py for tasks to queue
[2024-10-08T08:48:56.419+0000] {logging_mixin.py:190} INFO - [2024-10-08T08:48:56.419+0000] {dagbag.py:588} INFO - Filling up the DagBag from /root/miniconda3/envs/project/lib/python3.8/site-packages/airflow/example_dags/example_python_decorator.py
[2024-10-08T08:48:56.432+0000] {logging_mixin.py:190} INFO - [2024-10-08T08:48:56.432+0000] {example_python_decorator.py:80} WARNING - The virtalenv_python example task requires virtualenv, please install it.
[2024-10-08T08:48:56.435+0000] {processor.py:925} INFO - DAG(s) 'example_python_decorator' retrieved from /root/miniconda3/envs/project/lib/python3.8/site-packages/airflow/example_dags/example_python_decorator.py
[2024-10-08T08:48:56.461+0000] {logging_mixin.py:190} INFO - [2024-10-08T08:48:56.460+0000] {dag.py:3239} INFO - Sync 1 DAGs
[2024-10-08T08:48:56.478+0000] {logging_mixin.py:190} INFO - [2024-10-08T08:48:56.478+0000] {dag.py:4180} INFO - Setting next_dagrun for example_python_decorator to None, run_after=None
[2024-10-08T08:48:56.512+0000] {processor.py:208} INFO - Processing /root/miniconda3/envs/project/lib/python3.8/site-packages/airflow/example_dags/example_python_decorator.py took 0.110 seconds
[2024-10-08T08:50:07.065+0000] {processor.py:186} INFO - Started process (PID=218330) to work on /root/miniconda3/envs/project/lib/python3.8/site-packages/airflow/example_dags/example_python_decorator.py
[2024-10-08T08:50:07.068+0000] {processor.py:914} INFO - Processing file /root/miniconda3/envs/project/lib/python3.8/site-packages/airflow/example_dags/example_python_decorator.py for tasks to queue
[2024-10-08T08:50:07.072+0000] {logging_mixin.py:190} INFO - [2024-10-08T08:50:07.071+0000] {dagbag.py:588} INFO - Filling up the DagBag from /root/miniconda3/envs/project/lib/python3.8/site-packages/airflow/example_dags/example_python_decorator.py
[2024-10-08T08:50:07.085+0000] {logging_mixin.py:190} INFO - [2024-10-08T08:50:07.084+0000] {example_python_decorator.py:80} WARNING - The virtalenv_python example task requires virtualenv, please install it.
[2024-10-08T08:50:07.088+0000] {processor.py:925} INFO - DAG(s) 'example_python_decorator' retrieved from /root/miniconda3/envs/project/lib/python3.8/site-packages/airflow/example_dags/example_python_decorator.py
[2024-10-08T08:50:07.113+0000] {logging_mixin.py:190} INFO - [2024-10-08T08:50:07.113+0000] {dag.py:3239} INFO - Sync 1 DAGs
[2024-10-08T08:50:07.131+0000] {logging_mixin.py:190} INFO - [2024-10-08T08:50:07.131+0000] {dag.py:4180} INFO - Setting next_dagrun for example_python_decorator to None, run_after=None
[2024-10-08T08:50:07.163+0000] {processor.py:208} INFO - Processing /root/miniconda3/envs/project/lib/python3.8/site-packages/airflow/example_dags/example_python_decorator.py took 0.108 seconds
[2024-10-08T08:51:17.788+0000] {processor.py:186} INFO - Started process (PID=218677) to work on /root/miniconda3/envs/project/lib/python3.8/site-packages/airflow/example_dags/example_python_decorator.py
[2024-10-08T08:51:17.791+0000] {processor.py:914} INFO - Processing file /root/miniconda3/envs/project/lib/python3.8/site-packages/airflow/example_dags/example_python_decorator.py for tasks to queue
[2024-10-08T08:51:17.794+0000] {logging_mixin.py:190} INFO - [2024-10-08T08:51:17.794+0000] {dagbag.py:588} INFO - Filling up the DagBag from /root/miniconda3/envs/project/lib/python3.8/site-packages/airflow/example_dags/example_python_decorator.py
[2024-10-08T08:51:17.807+0000] {logging_mixin.py:190} INFO - [2024-10-08T08:51:17.807+0000] {example_python_decorator.py:80} WARNING - The virtalenv_python example task requires virtualenv, please install it.
[2024-10-08T08:51:17.811+0000] {processor.py:925} INFO - DAG(s) 'example_python_decorator' retrieved from /root/miniconda3/envs/project/lib/python3.8/site-packages/airflow/example_dags/example_python_decorator.py
[2024-10-08T08:51:17.836+0000] {logging_mixin.py:190} INFO - [2024-10-08T08:51:17.836+0000] {dag.py:3239} INFO - Sync 1 DAGs
[2024-10-08T08:51:17.854+0000] {logging_mixin.py:190} INFO - [2024-10-08T08:51:17.854+0000] {dag.py:4180} INFO - Setting next_dagrun for example_python_decorator to None, run_after=None
[2024-10-08T08:51:17.886+0000] {processor.py:208} INFO - Processing /root/miniconda3/envs/project/lib/python3.8/site-packages/airflow/example_dags/example_python_decorator.py took 0.110 seconds
[2024-10-08T09:05:23.352+0000] {processor.py:186} INFO - Started process (PID=220027) to work on /root/miniconda3/envs/project/lib/python3.8/site-packages/airflow/example_dags/example_python_decorator.py
[2024-10-08T09:05:23.355+0000] {processor.py:914} INFO - Processing file /root/miniconda3/envs/project/lib/python3.8/site-packages/airflow/example_dags/example_python_decorator.py for tasks to queue
[2024-10-08T09:05:23.359+0000] {logging_mixin.py:190} INFO - [2024-10-08T09:05:23.358+0000] {dagbag.py:588} INFO - Filling up the DagBag from /root/miniconda3/envs/project/lib/python3.8/site-packages/airflow/example_dags/example_python_decorator.py
[2024-10-08T09:05:23.373+0000] {logging_mixin.py:190} INFO - [2024-10-08T09:05:23.372+0000] {example_python_decorator.py:80} WARNING - The virtalenv_python example task requires virtualenv, please install it.
[2024-10-08T09:05:23.376+0000] {processor.py:925} INFO - DAG(s) 'example_python_decorator' retrieved from /root/miniconda3/envs/project/lib/python3.8/site-packages/airflow/example_dags/example_python_decorator.py
[2024-10-08T09:05:23.405+0000] {logging_mixin.py:190} INFO - [2024-10-08T09:05:23.405+0000] {dag.py:3239} INFO - Sync 1 DAGs
[2024-10-08T09:05:23.425+0000] {logging_mixin.py:190} INFO - [2024-10-08T09:05:23.425+0000] {dag.py:4180} INFO - Setting next_dagrun for example_python_decorator to None, run_after=None
[2024-10-08T09:05:23.456+0000] {processor.py:208} INFO - Processing /root/miniconda3/envs/project/lib/python3.8/site-packages/airflow/example_dags/example_python_decorator.py took 0.116 seconds
[2024-10-08T09:08:55.674+0000] {processor.py:186} INFO - Started process (PID=220813) to work on /root/miniconda3/envs/project/lib/python3.8/site-packages/airflow/example_dags/example_python_decorator.py
[2024-10-08T09:08:55.677+0000] {processor.py:914} INFO - Processing file /root/miniconda3/envs/project/lib/python3.8/site-packages/airflow/example_dags/example_python_decorator.py for tasks to queue
[2024-10-08T09:08:55.680+0000] {logging_mixin.py:190} INFO - [2024-10-08T09:08:55.680+0000] {dagbag.py:588} INFO - Filling up the DagBag from /root/miniconda3/envs/project/lib/python3.8/site-packages/airflow/example_dags/example_python_decorator.py
[2024-10-08T09:08:55.694+0000] {logging_mixin.py:190} INFO - [2024-10-08T09:08:55.694+0000] {example_python_decorator.py:80} WARNING - The virtalenv_python example task requires virtualenv, please install it.
[2024-10-08T09:08:55.698+0000] {processor.py:925} INFO - DAG(s) 'example_python_decorator' retrieved from /root/miniconda3/envs/project/lib/python3.8/site-packages/airflow/example_dags/example_python_decorator.py
[2024-10-08T09:08:55.726+0000] {logging_mixin.py:190} INFO - [2024-10-08T09:08:55.726+0000] {dag.py:3239} INFO - Sync 1 DAGs
[2024-10-08T09:08:55.746+0000] {logging_mixin.py:190} INFO - [2024-10-08T09:08:55.746+0000] {dag.py:4180} INFO - Setting next_dagrun for example_python_decorator to None, run_after=None
[2024-10-08T09:08:55.777+0000] {processor.py:208} INFO - Processing /root/miniconda3/envs/project/lib/python3.8/site-packages/airflow/example_dags/example_python_decorator.py took 0.117 seconds
[2024-10-08T09:10:23.988+0000] {processor.py:186} INFO - Started process (PID=221530) to work on /root/miniconda3/envs/project/lib/python3.8/site-packages/airflow/example_dags/example_python_decorator.py
[2024-10-08T09:10:23.991+0000] {processor.py:914} INFO - Processing file /root/miniconda3/envs/project/lib/python3.8/site-packages/airflow/example_dags/example_python_decorator.py for tasks to queue
[2024-10-08T09:10:23.994+0000] {logging_mixin.py:190} INFO - [2024-10-08T09:10:23.994+0000] {dagbag.py:588} INFO - Filling up the DagBag from /root/miniconda3/envs/project/lib/python3.8/site-packages/airflow/example_dags/example_python_decorator.py
[2024-10-08T09:10:24.008+0000] {logging_mixin.py:190} INFO - [2024-10-08T09:10:24.008+0000] {example_python_decorator.py:80} WARNING - The virtalenv_python example task requires virtualenv, please install it.
[2024-10-08T09:10:24.011+0000] {processor.py:925} INFO - DAG(s) 'example_python_decorator' retrieved from /root/miniconda3/envs/project/lib/python3.8/site-packages/airflow/example_dags/example_python_decorator.py
[2024-10-08T09:10:24.039+0000] {logging_mixin.py:190} INFO - [2024-10-08T09:10:24.039+0000] {dag.py:3239} INFO - Sync 1 DAGs
[2024-10-08T09:10:24.059+0000] {logging_mixin.py:190} INFO - [2024-10-08T09:10:24.059+0000] {dag.py:4180} INFO - Setting next_dagrun for example_python_decorator to None, run_after=None
[2024-10-08T09:10:24.096+0000] {processor.py:208} INFO - Processing /root/miniconda3/envs/project/lib/python3.8/site-packages/airflow/example_dags/example_python_decorator.py took 0.119 seconds
[2024-10-08T09:11:30.777+0000] {processor.py:186} INFO - Started process (PID=221737) to work on /root/miniconda3/envs/project/lib/python3.8/site-packages/airflow/example_dags/example_python_decorator.py
[2024-10-08T09:11:30.781+0000] {processor.py:914} INFO - Processing file /root/miniconda3/envs/project/lib/python3.8/site-packages/airflow/example_dags/example_python_decorator.py for tasks to queue
[2024-10-08T09:11:30.784+0000] {logging_mixin.py:190} INFO - [2024-10-08T09:11:30.784+0000] {dagbag.py:588} INFO - Filling up the DagBag from /root/miniconda3/envs/project/lib/python3.8/site-packages/airflow/example_dags/example_python_decorator.py
[2024-10-08T09:11:30.799+0000] {logging_mixin.py:190} INFO - [2024-10-08T09:11:30.798+0000] {example_python_decorator.py:80} WARNING - The virtalenv_python example task requires virtualenv, please install it.
[2024-10-08T09:11:30.802+0000] {processor.py:925} INFO - DAG(s) 'example_python_decorator' retrieved from /root/miniconda3/envs/project/lib/python3.8/site-packages/airflow/example_dags/example_python_decorator.py
[2024-10-08T09:11:30.828+0000] {logging_mixin.py:190} INFO - [2024-10-08T09:11:30.828+0000] {dag.py:3239} INFO - Sync 1 DAGs
[2024-10-08T09:11:30.847+0000] {logging_mixin.py:190} INFO - [2024-10-08T09:11:30.847+0000] {dag.py:4180} INFO - Setting next_dagrun for example_python_decorator to None, run_after=None
[2024-10-08T09:11:30.880+0000] {processor.py:208} INFO - Processing /root/miniconda3/envs/project/lib/python3.8/site-packages/airflow/example_dags/example_python_decorator.py took 0.114 seconds
[2024-10-08T09:12:32.410+0000] {processor.py:186} INFO - Started process (PID=222062) to work on /root/miniconda3/envs/project/lib/python3.8/site-packages/airflow/example_dags/example_python_decorator.py
[2024-10-08T09:12:32.413+0000] {processor.py:914} INFO - Processing file /root/miniconda3/envs/project/lib/python3.8/site-packages/airflow/example_dags/example_python_decorator.py for tasks to queue
[2024-10-08T09:12:32.417+0000] {logging_mixin.py:190} INFO - [2024-10-08T09:12:32.416+0000] {dagbag.py:588} INFO - Filling up the DagBag from /root/miniconda3/envs/project/lib/python3.8/site-packages/airflow/example_dags/example_python_decorator.py
[2024-10-08T09:12:32.430+0000] {logging_mixin.py:190} INFO - [2024-10-08T09:12:32.430+0000] {example_python_decorator.py:80} WARNING - The virtalenv_python example task requires virtualenv, please install it.
[2024-10-08T09:12:32.434+0000] {processor.py:925} INFO - DAG(s) 'example_python_decorator' retrieved from /root/miniconda3/envs/project/lib/python3.8/site-packages/airflow/example_dags/example_python_decorator.py
[2024-10-08T09:12:32.460+0000] {logging_mixin.py:190} INFO - [2024-10-08T09:12:32.460+0000] {dag.py:3239} INFO - Sync 1 DAGs
[2024-10-08T09:12:32.478+0000] {logging_mixin.py:190} INFO - [2024-10-08T09:12:32.478+0000] {dag.py:4180} INFO - Setting next_dagrun for example_python_decorator to None, run_after=None
[2024-10-08T09:12:32.513+0000] {processor.py:208} INFO - Processing /root/miniconda3/envs/project/lib/python3.8/site-packages/airflow/example_dags/example_python_decorator.py took 0.116 seconds
[2024-10-08T09:13:40.616+0000] {processor.py:186} INFO - Started process (PID=222405) to work on /root/miniconda3/envs/project/lib/python3.8/site-packages/airflow/example_dags/example_python_decorator.py
[2024-10-08T09:13:40.619+0000] {processor.py:914} INFO - Processing file /root/miniconda3/envs/project/lib/python3.8/site-packages/airflow/example_dags/example_python_decorator.py for tasks to queue
[2024-10-08T09:13:40.630+0000] {logging_mixin.py:190} INFO - [2024-10-08T09:13:40.629+0000] {dagbag.py:588} INFO - Filling up the DagBag from /root/miniconda3/envs/project/lib/python3.8/site-packages/airflow/example_dags/example_python_decorator.py
[2024-10-08T09:13:40.645+0000] {logging_mixin.py:190} INFO - [2024-10-08T09:13:40.644+0000] {example_python_decorator.py:80} WARNING - The virtalenv_python example task requires virtualenv, please install it.
[2024-10-08T09:13:40.648+0000] {processor.py:925} INFO - DAG(s) 'example_python_decorator' retrieved from /root/miniconda3/envs/project/lib/python3.8/site-packages/airflow/example_dags/example_python_decorator.py
[2024-10-08T09:13:40.675+0000] {logging_mixin.py:190} INFO - [2024-10-08T09:13:40.675+0000] {dag.py:3239} INFO - Sync 1 DAGs
[2024-10-08T09:13:40.694+0000] {logging_mixin.py:190} INFO - [2024-10-08T09:13:40.693+0000] {dag.py:4180} INFO - Setting next_dagrun for example_python_decorator to None, run_after=None
[2024-10-08T09:13:40.726+0000] {processor.py:208} INFO - Processing /root/miniconda3/envs/project/lib/python3.8/site-packages/airflow/example_dags/example_python_decorator.py took 0.122 seconds
[2024-10-08T09:14:41.402+0000] {processor.py:186} INFO - Started process (PID=222607) to work on /root/miniconda3/envs/project/lib/python3.8/site-packages/airflow/example_dags/example_python_decorator.py
[2024-10-08T09:14:41.406+0000] {processor.py:914} INFO - Processing file /root/miniconda3/envs/project/lib/python3.8/site-packages/airflow/example_dags/example_python_decorator.py for tasks to queue
[2024-10-08T09:14:41.409+0000] {logging_mixin.py:190} INFO - [2024-10-08T09:14:41.408+0000] {dagbag.py:588} INFO - Filling up the DagBag from /root/miniconda3/envs/project/lib/python3.8/site-packages/airflow/example_dags/example_python_decorator.py
[2024-10-08T09:14:41.423+0000] {logging_mixin.py:190} INFO - [2024-10-08T09:14:41.422+0000] {example_python_decorator.py:80} WARNING - The virtalenv_python example task requires virtualenv, please install it.
[2024-10-08T09:14:41.426+0000] {processor.py:925} INFO - DAG(s) 'example_python_decorator' retrieved from /root/miniconda3/envs/project/lib/python3.8/site-packages/airflow/example_dags/example_python_decorator.py
[2024-10-08T09:14:41.451+0000] {logging_mixin.py:190} INFO - [2024-10-08T09:14:41.451+0000] {dag.py:3239} INFO - Sync 1 DAGs
[2024-10-08T09:14:41.470+0000] {logging_mixin.py:190} INFO - [2024-10-08T09:14:41.469+0000] {dag.py:4180} INFO - Setting next_dagrun for example_python_decorator to None, run_after=None
[2024-10-08T09:14:41.504+0000] {processor.py:208} INFO - Processing /root/miniconda3/envs/project/lib/python3.8/site-packages/airflow/example_dags/example_python_decorator.py took 0.112 seconds
[2024-10-08T09:15:57.135+0000] {processor.py:186} INFO - Started process (PID=222964) to work on /root/miniconda3/envs/project/lib/python3.8/site-packages/airflow/example_dags/example_python_decorator.py
[2024-10-08T09:15:57.138+0000] {processor.py:914} INFO - Processing file /root/miniconda3/envs/project/lib/python3.8/site-packages/airflow/example_dags/example_python_decorator.py for tasks to queue
[2024-10-08T09:15:57.141+0000] {logging_mixin.py:190} INFO - [2024-10-08T09:15:57.141+0000] {dagbag.py:588} INFO - Filling up the DagBag from /root/miniconda3/envs/project/lib/python3.8/site-packages/airflow/example_dags/example_python_decorator.py
[2024-10-08T09:15:57.154+0000] {logging_mixin.py:190} INFO - [2024-10-08T09:15:57.154+0000] {example_python_decorator.py:80} WARNING - The virtalenv_python example task requires virtualenv, please install it.
[2024-10-08T09:15:57.158+0000] {processor.py:925} INFO - DAG(s) 'example_python_decorator' retrieved from /root/miniconda3/envs/project/lib/python3.8/site-packages/airflow/example_dags/example_python_decorator.py
[2024-10-08T09:15:57.184+0000] {logging_mixin.py:190} INFO - [2024-10-08T09:15:57.183+0000] {dag.py:3239} INFO - Sync 1 DAGs
[2024-10-08T09:15:57.202+0000] {logging_mixin.py:190} INFO - [2024-10-08T09:15:57.202+0000] {dag.py:4180} INFO - Setting next_dagrun for example_python_decorator to None, run_after=None
[2024-10-08T09:15:57.234+0000] {processor.py:208} INFO - Processing /root/miniconda3/envs/project/lib/python3.8/site-packages/airflow/example_dags/example_python_decorator.py took 0.110 seconds
[2024-10-08T09:17:07.082+0000] {processor.py:186} INFO - Started process (PID=223196) to work on /root/miniconda3/envs/project/lib/python3.8/site-packages/airflow/example_dags/example_python_decorator.py
[2024-10-08T09:17:07.085+0000] {processor.py:914} INFO - Processing file /root/miniconda3/envs/project/lib/python3.8/site-packages/airflow/example_dags/example_python_decorator.py for tasks to queue
[2024-10-08T09:17:07.088+0000] {logging_mixin.py:190} INFO - [2024-10-08T09:17:07.088+0000] {dagbag.py:588} INFO - Filling up the DagBag from /root/miniconda3/envs/project/lib/python3.8/site-packages/airflow/example_dags/example_python_decorator.py
[2024-10-08T09:17:07.102+0000] {logging_mixin.py:190} INFO - [2024-10-08T09:17:07.102+0000] {example_python_decorator.py:80} WARNING - The virtalenv_python example task requires virtualenv, please install it.
[2024-10-08T09:17:07.105+0000] {processor.py:925} INFO - DAG(s) 'example_python_decorator' retrieved from /root/miniconda3/envs/project/lib/python3.8/site-packages/airflow/example_dags/example_python_decorator.py
[2024-10-08T09:17:07.131+0000] {logging_mixin.py:190} INFO - [2024-10-08T09:17:07.131+0000] {dag.py:3239} INFO - Sync 1 DAGs
[2024-10-08T09:17:07.151+0000] {logging_mixin.py:190} INFO - [2024-10-08T09:17:07.151+0000] {dag.py:4180} INFO - Setting next_dagrun for example_python_decorator to None, run_after=None
[2024-10-08T09:17:07.191+0000] {processor.py:208} INFO - Processing /root/miniconda3/envs/project/lib/python3.8/site-packages/airflow/example_dags/example_python_decorator.py took 0.121 seconds
[2024-10-08T09:18:15.383+0000] {processor.py:186} INFO - Started process (PID=223420) to work on /root/miniconda3/envs/project/lib/python3.8/site-packages/airflow/example_dags/example_python_decorator.py
[2024-10-08T09:18:15.386+0000] {processor.py:914} INFO - Processing file /root/miniconda3/envs/project/lib/python3.8/site-packages/airflow/example_dags/example_python_decorator.py for tasks to queue
[2024-10-08T09:18:15.389+0000] {logging_mixin.py:190} INFO - [2024-10-08T09:18:15.389+0000] {dagbag.py:588} INFO - Filling up the DagBag from /root/miniconda3/envs/project/lib/python3.8/site-packages/airflow/example_dags/example_python_decorator.py
[2024-10-08T09:18:15.402+0000] {logging_mixin.py:190} INFO - [2024-10-08T09:18:15.402+0000] {example_python_decorator.py:80} WARNING - The virtalenv_python example task requires virtualenv, please install it.
[2024-10-08T09:18:15.406+0000] {processor.py:925} INFO - DAG(s) 'example_python_decorator' retrieved from /root/miniconda3/envs/project/lib/python3.8/site-packages/airflow/example_dags/example_python_decorator.py
[2024-10-08T09:18:15.432+0000] {logging_mixin.py:190} INFO - [2024-10-08T09:18:15.431+0000] {dag.py:3239} INFO - Sync 1 DAGs
[2024-10-08T09:18:15.449+0000] {logging_mixin.py:190} INFO - [2024-10-08T09:18:15.449+0000] {dag.py:4180} INFO - Setting next_dagrun for example_python_decorator to None, run_after=None
[2024-10-08T09:18:15.483+0000] {processor.py:208} INFO - Processing /root/miniconda3/envs/project/lib/python3.8/site-packages/airflow/example_dags/example_python_decorator.py took 0.110 seconds
[2024-10-08T09:19:31.953+0000] {processor.py:186} INFO - Started process (PID=223659) to work on /root/miniconda3/envs/project/lib/python3.8/site-packages/airflow/example_dags/example_python_decorator.py
[2024-10-08T09:19:31.956+0000] {processor.py:914} INFO - Processing file /root/miniconda3/envs/project/lib/python3.8/site-packages/airflow/example_dags/example_python_decorator.py for tasks to queue
[2024-10-08T09:19:31.959+0000] {logging_mixin.py:190} INFO - [2024-10-08T09:19:31.958+0000] {dagbag.py:588} INFO - Filling up the DagBag from /root/miniconda3/envs/project/lib/python3.8/site-packages/airflow/example_dags/example_python_decorator.py
[2024-10-08T09:19:31.972+0000] {logging_mixin.py:190} INFO - [2024-10-08T09:19:31.972+0000] {example_python_decorator.py:80} WARNING - The virtalenv_python example task requires virtualenv, please install it.
[2024-10-08T09:19:31.975+0000] {processor.py:925} INFO - DAG(s) 'example_python_decorator' retrieved from /root/miniconda3/envs/project/lib/python3.8/site-packages/airflow/example_dags/example_python_decorator.py
[2024-10-08T09:19:32.001+0000] {logging_mixin.py:190} INFO - [2024-10-08T09:19:32.000+0000] {dag.py:3239} INFO - Sync 1 DAGs
[2024-10-08T09:19:32.018+0000] {logging_mixin.py:190} INFO - [2024-10-08T09:19:32.018+0000] {dag.py:4180} INFO - Setting next_dagrun for example_python_decorator to None, run_after=None
[2024-10-08T09:19:32.053+0000] {processor.py:208} INFO - Processing /root/miniconda3/envs/project/lib/python3.8/site-packages/airflow/example_dags/example_python_decorator.py took 0.110 seconds
[2024-10-08T09:20:39.950+0000] {processor.py:186} INFO - Started process (PID=223942) to work on /root/miniconda3/envs/project/lib/python3.8/site-packages/airflow/example_dags/example_python_decorator.py
[2024-10-08T09:20:39.953+0000] {processor.py:914} INFO - Processing file /root/miniconda3/envs/project/lib/python3.8/site-packages/airflow/example_dags/example_python_decorator.py for tasks to queue
[2024-10-08T09:20:39.957+0000] {logging_mixin.py:190} INFO - [2024-10-08T09:20:39.956+0000] {dagbag.py:588} INFO - Filling up the DagBag from /root/miniconda3/envs/project/lib/python3.8/site-packages/airflow/example_dags/example_python_decorator.py
[2024-10-08T09:20:39.970+0000] {logging_mixin.py:190} INFO - [2024-10-08T09:20:39.970+0000] {example_python_decorator.py:80} WARNING - The virtalenv_python example task requires virtualenv, please install it.
[2024-10-08T09:20:39.973+0000] {processor.py:925} INFO - DAG(s) 'example_python_decorator' retrieved from /root/miniconda3/envs/project/lib/python3.8/site-packages/airflow/example_dags/example_python_decorator.py
[2024-10-08T09:20:39.999+0000] {logging_mixin.py:190} INFO - [2024-10-08T09:20:39.999+0000] {dag.py:3239} INFO - Sync 1 DAGs
[2024-10-08T09:20:40.018+0000] {logging_mixin.py:190} INFO - [2024-10-08T09:20:40.018+0000] {dag.py:4180} INFO - Setting next_dagrun for example_python_decorator to None, run_after=None
[2024-10-08T09:20:40.050+0000] {processor.py:208} INFO - Processing /root/miniconda3/envs/project/lib/python3.8/site-packages/airflow/example_dags/example_python_decorator.py took 0.109 seconds
[2024-10-08T09:21:55.271+0000] {processor.py:186} INFO - Started process (PID=224241) to work on /root/miniconda3/envs/project/lib/python3.8/site-packages/airflow/example_dags/example_python_decorator.py
[2024-10-08T09:21:55.274+0000] {processor.py:914} INFO - Processing file /root/miniconda3/envs/project/lib/python3.8/site-packages/airflow/example_dags/example_python_decorator.py for tasks to queue
[2024-10-08T09:21:55.277+0000] {logging_mixin.py:190} INFO - [2024-10-08T09:21:55.277+0000] {dagbag.py:588} INFO - Filling up the DagBag from /root/miniconda3/envs/project/lib/python3.8/site-packages/airflow/example_dags/example_python_decorator.py
[2024-10-08T09:21:55.290+0000] {logging_mixin.py:190} INFO - [2024-10-08T09:21:55.290+0000] {example_python_decorator.py:80} WARNING - The virtalenv_python example task requires virtualenv, please install it.
[2024-10-08T09:21:55.294+0000] {processor.py:925} INFO - DAG(s) 'example_python_decorator' retrieved from /root/miniconda3/envs/project/lib/python3.8/site-packages/airflow/example_dags/example_python_decorator.py
[2024-10-08T09:21:55.319+0000] {logging_mixin.py:190} INFO - [2024-10-08T09:21:55.318+0000] {dag.py:3239} INFO - Sync 1 DAGs
[2024-10-08T09:21:55.336+0000] {logging_mixin.py:190} INFO - [2024-10-08T09:21:55.336+0000] {dag.py:4180} INFO - Setting next_dagrun for example_python_decorator to None, run_after=None
[2024-10-08T09:21:55.374+0000] {processor.py:208} INFO - Processing /root/miniconda3/envs/project/lib/python3.8/site-packages/airflow/example_dags/example_python_decorator.py took 0.113 seconds
[2024-10-08T09:23:02.526+0000] {processor.py:186} INFO - Started process (PID=224468) to work on /root/miniconda3/envs/project/lib/python3.8/site-packages/airflow/example_dags/example_python_decorator.py
[2024-10-08T09:23:02.529+0000] {processor.py:914} INFO - Processing file /root/miniconda3/envs/project/lib/python3.8/site-packages/airflow/example_dags/example_python_decorator.py for tasks to queue
[2024-10-08T09:23:02.532+0000] {logging_mixin.py:190} INFO - [2024-10-08T09:23:02.532+0000] {dagbag.py:588} INFO - Filling up the DagBag from /root/miniconda3/envs/project/lib/python3.8/site-packages/airflow/example_dags/example_python_decorator.py
[2024-10-08T09:23:02.545+0000] {logging_mixin.py:190} INFO - [2024-10-08T09:23:02.545+0000] {example_python_decorator.py:80} WARNING - The virtalenv_python example task requires virtualenv, please install it.
[2024-10-08T09:23:02.549+0000] {processor.py:925} INFO - DAG(s) 'example_python_decorator' retrieved from /root/miniconda3/envs/project/lib/python3.8/site-packages/airflow/example_dags/example_python_decorator.py
[2024-10-08T09:23:02.574+0000] {logging_mixin.py:190} INFO - [2024-10-08T09:23:02.574+0000] {dag.py:3239} INFO - Sync 1 DAGs
[2024-10-08T09:23:02.592+0000] {logging_mixin.py:190} INFO - [2024-10-08T09:23:02.592+0000] {dag.py:4180} INFO - Setting next_dagrun for example_python_decorator to None, run_after=None
[2024-10-08T09:23:02.623+0000] {processor.py:208} INFO - Processing /root/miniconda3/envs/project/lib/python3.8/site-packages/airflow/example_dags/example_python_decorator.py took 0.106 seconds
[2024-10-08T09:24:13.323+0000] {processor.py:186} INFO - Started process (PID=224659) to work on /root/miniconda3/envs/project/lib/python3.8/site-packages/airflow/example_dags/example_python_decorator.py
[2024-10-08T09:24:13.326+0000] {processor.py:914} INFO - Processing file /root/miniconda3/envs/project/lib/python3.8/site-packages/airflow/example_dags/example_python_decorator.py for tasks to queue
[2024-10-08T09:24:13.329+0000] {logging_mixin.py:190} INFO - [2024-10-08T09:24:13.329+0000] {dagbag.py:588} INFO - Filling up the DagBag from /root/miniconda3/envs/project/lib/python3.8/site-packages/airflow/example_dags/example_python_decorator.py
[2024-10-08T09:24:13.343+0000] {logging_mixin.py:190} INFO - [2024-10-08T09:24:13.343+0000] {example_python_decorator.py:80} WARNING - The virtalenv_python example task requires virtualenv, please install it.
[2024-10-08T09:24:13.347+0000] {processor.py:925} INFO - DAG(s) 'example_python_decorator' retrieved from /root/miniconda3/envs/project/lib/python3.8/site-packages/airflow/example_dags/example_python_decorator.py
[2024-10-08T09:24:13.373+0000] {logging_mixin.py:190} INFO - [2024-10-08T09:24:13.373+0000] {dag.py:3239} INFO - Sync 1 DAGs
[2024-10-08T09:24:13.391+0000] {logging_mixin.py:190} INFO - [2024-10-08T09:24:13.391+0000] {dag.py:4180} INFO - Setting next_dagrun for example_python_decorator to None, run_after=None
[2024-10-08T09:24:13.427+0000] {processor.py:208} INFO - Processing /root/miniconda3/envs/project/lib/python3.8/site-packages/airflow/example_dags/example_python_decorator.py took 0.116 seconds
[2024-10-08T09:25:22.904+0000] {processor.py:186} INFO - Started process (PID=225421) to work on /root/miniconda3/envs/project/lib/python3.8/site-packages/airflow/example_dags/example_python_decorator.py
[2024-10-08T09:25:22.907+0000] {processor.py:914} INFO - Processing file /root/miniconda3/envs/project/lib/python3.8/site-packages/airflow/example_dags/example_python_decorator.py for tasks to queue
[2024-10-08T09:25:22.911+0000] {logging_mixin.py:190} INFO - [2024-10-08T09:25:22.910+0000] {dagbag.py:588} INFO - Filling up the DagBag from /root/miniconda3/envs/project/lib/python3.8/site-packages/airflow/example_dags/example_python_decorator.py
[2024-10-08T09:25:22.925+0000] {logging_mixin.py:190} INFO - [2024-10-08T09:25:22.924+0000] {example_python_decorator.py:80} WARNING - The virtalenv_python example task requires virtualenv, please install it.
[2024-10-08T09:25:22.928+0000] {processor.py:925} INFO - DAG(s) 'example_python_decorator' retrieved from /root/miniconda3/envs/project/lib/python3.8/site-packages/airflow/example_dags/example_python_decorator.py
[2024-10-08T09:25:22.955+0000] {logging_mixin.py:190} INFO - [2024-10-08T09:25:22.955+0000] {dag.py:3239} INFO - Sync 1 DAGs
[2024-10-08T09:25:22.974+0000] {logging_mixin.py:190} INFO - [2024-10-08T09:25:22.974+0000] {dag.py:4180} INFO - Setting next_dagrun for example_python_decorator to None, run_after=None
[2024-10-08T09:25:23.010+0000] {processor.py:208} INFO - Processing /root/miniconda3/envs/project/lib/python3.8/site-packages/airflow/example_dags/example_python_decorator.py took 0.117 seconds
[2024-10-08T09:26:32.514+0000] {processor.py:186} INFO - Started process (PID=225750) to work on /root/miniconda3/envs/project/lib/python3.8/site-packages/airflow/example_dags/example_python_decorator.py
[2024-10-08T09:26:32.517+0000] {processor.py:914} INFO - Processing file /root/miniconda3/envs/project/lib/python3.8/site-packages/airflow/example_dags/example_python_decorator.py for tasks to queue
[2024-10-08T09:26:32.521+0000] {logging_mixin.py:190} INFO - [2024-10-08T09:26:32.520+0000] {dagbag.py:588} INFO - Filling up the DagBag from /root/miniconda3/envs/project/lib/python3.8/site-packages/airflow/example_dags/example_python_decorator.py
[2024-10-08T09:26:32.535+0000] {logging_mixin.py:190} INFO - [2024-10-08T09:26:32.534+0000] {example_python_decorator.py:80} WARNING - The virtalenv_python example task requires virtualenv, please install it.
[2024-10-08T09:26:32.538+0000] {processor.py:925} INFO - DAG(s) 'example_python_decorator' retrieved from /root/miniconda3/envs/project/lib/python3.8/site-packages/airflow/example_dags/example_python_decorator.py
[2024-10-08T09:26:32.565+0000] {logging_mixin.py:190} INFO - [2024-10-08T09:26:32.564+0000] {dag.py:3239} INFO - Sync 1 DAGs
[2024-10-08T09:26:32.583+0000] {logging_mixin.py:190} INFO - [2024-10-08T09:26:32.583+0000] {dag.py:4180} INFO - Setting next_dagrun for example_python_decorator to None, run_after=None
[2024-10-08T09:26:32.616+0000] {processor.py:208} INFO - Processing /root/miniconda3/envs/project/lib/python3.8/site-packages/airflow/example_dags/example_python_decorator.py took 0.113 seconds
[2024-10-08T09:27:45.470+0000] {processor.py:186} INFO - Started process (PID=226287) to work on /root/miniconda3/envs/project/lib/python3.8/site-packages/airflow/example_dags/example_python_decorator.py
[2024-10-08T09:27:45.472+0000] {processor.py:914} INFO - Processing file /root/miniconda3/envs/project/lib/python3.8/site-packages/airflow/example_dags/example_python_decorator.py for tasks to queue
[2024-10-08T09:27:45.476+0000] {logging_mixin.py:190} INFO - [2024-10-08T09:27:45.475+0000] {dagbag.py:588} INFO - Filling up the DagBag from /root/miniconda3/envs/project/lib/python3.8/site-packages/airflow/example_dags/example_python_decorator.py
[2024-10-08T09:27:45.489+0000] {logging_mixin.py:190} INFO - [2024-10-08T09:27:45.489+0000] {example_python_decorator.py:80} WARNING - The virtalenv_python example task requires virtualenv, please install it.
[2024-10-08T09:27:45.493+0000] {processor.py:925} INFO - DAG(s) 'example_python_decorator' retrieved from /root/miniconda3/envs/project/lib/python3.8/site-packages/airflow/example_dags/example_python_decorator.py
[2024-10-08T09:27:45.519+0000] {logging_mixin.py:190} INFO - [2024-10-08T09:27:45.518+0000] {dag.py:3239} INFO - Sync 1 DAGs
[2024-10-08T09:27:45.537+0000] {logging_mixin.py:190} INFO - [2024-10-08T09:27:45.537+0000] {dag.py:4180} INFO - Setting next_dagrun for example_python_decorator to None, run_after=None
[2024-10-08T09:27:45.568+0000] {processor.py:208} INFO - Processing /root/miniconda3/envs/project/lib/python3.8/site-packages/airflow/example_dags/example_python_decorator.py took 0.110 seconds
[2024-10-08T09:28:56.834+0000] {processor.py:186} INFO - Started process (PID=226846) to work on /root/miniconda3/envs/project/lib/python3.8/site-packages/airflow/example_dags/example_python_decorator.py
[2024-10-08T09:28:56.837+0000] {processor.py:914} INFO - Processing file /root/miniconda3/envs/project/lib/python3.8/site-packages/airflow/example_dags/example_python_decorator.py for tasks to queue
[2024-10-08T09:28:56.840+0000] {logging_mixin.py:190} INFO - [2024-10-08T09:28:56.840+0000] {dagbag.py:588} INFO - Filling up the DagBag from /root/miniconda3/envs/project/lib/python3.8/site-packages/airflow/example_dags/example_python_decorator.py
[2024-10-08T09:28:56.859+0000] {logging_mixin.py:190} INFO - [2024-10-08T09:28:56.858+0000] {example_python_decorator.py:80} WARNING - The virtalenv_python example task requires virtualenv, please install it.
[2024-10-08T09:28:56.863+0000] {processor.py:925} INFO - DAG(s) 'example_python_decorator' retrieved from /root/miniconda3/envs/project/lib/python3.8/site-packages/airflow/example_dags/example_python_decorator.py
[2024-10-08T09:28:57.010+0000] {logging_mixin.py:190} INFO - [2024-10-08T09:28:57.010+0000] {dag.py:3239} INFO - Sync 1 DAGs
[2024-10-08T09:28:57.027+0000] {logging_mixin.py:190} INFO - [2024-10-08T09:28:57.027+0000] {dag.py:4180} INFO - Setting next_dagrun for example_python_decorator to None, run_after=None
[2024-10-08T09:28:57.063+0000] {processor.py:208} INFO - Processing /root/miniconda3/envs/project/lib/python3.8/site-packages/airflow/example_dags/example_python_decorator.py took 0.241 seconds
[2024-10-08T09:30:18.289+0000] {processor.py:186} INFO - Started process (PID=227679) to work on /root/miniconda3/envs/project/lib/python3.8/site-packages/airflow/example_dags/example_python_decorator.py
[2024-10-08T09:30:18.291+0000] {processor.py:914} INFO - Processing file /root/miniconda3/envs/project/lib/python3.8/site-packages/airflow/example_dags/example_python_decorator.py for tasks to queue
[2024-10-08T09:30:18.295+0000] {logging_mixin.py:190} INFO - [2024-10-08T09:30:18.294+0000] {dagbag.py:588} INFO - Filling up the DagBag from /root/miniconda3/envs/project/lib/python3.8/site-packages/airflow/example_dags/example_python_decorator.py
[2024-10-08T09:30:18.308+0000] {logging_mixin.py:190} INFO - [2024-10-08T09:30:18.308+0000] {example_python_decorator.py:80} WARNING - The virtalenv_python example task requires virtualenv, please install it.
[2024-10-08T09:30:18.311+0000] {processor.py:925} INFO - DAG(s) 'example_python_decorator' retrieved from /root/miniconda3/envs/project/lib/python3.8/site-packages/airflow/example_dags/example_python_decorator.py
[2024-10-08T09:30:18.447+0000] {logging_mixin.py:190} INFO - [2024-10-08T09:30:18.446+0000] {dag.py:3239} INFO - Sync 1 DAGs
[2024-10-08T09:30:18.462+0000] {logging_mixin.py:190} INFO - [2024-10-08T09:30:18.462+0000] {dag.py:4180} INFO - Setting next_dagrun for example_python_decorator to None, run_after=None
[2024-10-08T09:30:18.494+0000] {processor.py:208} INFO - Processing /root/miniconda3/envs/project/lib/python3.8/site-packages/airflow/example_dags/example_python_decorator.py took 0.215 seconds
[2024-10-08T09:31:50.793+0000] {processor.py:186} INFO - Started process (PID=228817) to work on /root/miniconda3/envs/project/lib/python3.8/site-packages/airflow/example_dags/example_python_decorator.py
[2024-10-08T09:31:50.796+0000] {processor.py:914} INFO - Processing file /root/miniconda3/envs/project/lib/python3.8/site-packages/airflow/example_dags/example_python_decorator.py for tasks to queue
[2024-10-08T09:31:50.800+0000] {logging_mixin.py:190} INFO - [2024-10-08T09:31:50.800+0000] {dagbag.py:588} INFO - Filling up the DagBag from /root/miniconda3/envs/project/lib/python3.8/site-packages/airflow/example_dags/example_python_decorator.py
[2024-10-08T09:31:50.820+0000] {logging_mixin.py:190} INFO - [2024-10-08T09:31:50.820+0000] {example_python_decorator.py:80} WARNING - The virtalenv_python example task requires virtualenv, please install it.
[2024-10-08T09:31:50.825+0000] {processor.py:925} INFO - DAG(s) 'example_python_decorator' retrieved from /root/miniconda3/envs/project/lib/python3.8/site-packages/airflow/example_dags/example_python_decorator.py
[2024-10-08T09:31:50.851+0000] {logging_mixin.py:190} INFO - [2024-10-08T09:31:50.851+0000] {dag.py:3239} INFO - Sync 1 DAGs
[2024-10-08T09:31:50.870+0000] {logging_mixin.py:190} INFO - [2024-10-08T09:31:50.870+0000] {dag.py:4180} INFO - Setting next_dagrun for example_python_decorator to None, run_after=None
[2024-10-08T09:31:50.907+0000] {processor.py:208} INFO - Processing /root/miniconda3/envs/project/lib/python3.8/site-packages/airflow/example_dags/example_python_decorator.py took 0.128 seconds
[2024-10-08T09:33:03.421+0000] {processor.py:186} INFO - Started process (PID=229245) to work on /root/miniconda3/envs/project/lib/python3.8/site-packages/airflow/example_dags/example_python_decorator.py
[2024-10-08T09:33:03.424+0000] {processor.py:914} INFO - Processing file /root/miniconda3/envs/project/lib/python3.8/site-packages/airflow/example_dags/example_python_decorator.py for tasks to queue
[2024-10-08T09:33:03.429+0000] {logging_mixin.py:190} INFO - [2024-10-08T09:33:03.428+0000] {dagbag.py:588} INFO - Filling up the DagBag from /root/miniconda3/envs/project/lib/python3.8/site-packages/airflow/example_dags/example_python_decorator.py
[2024-10-08T09:33:03.444+0000] {logging_mixin.py:190} INFO - [2024-10-08T09:33:03.443+0000] {example_python_decorator.py:80} WARNING - The virtalenv_python example task requires virtualenv, please install it.
[2024-10-08T09:33:03.447+0000] {processor.py:925} INFO - DAG(s) 'example_python_decorator' retrieved from /root/miniconda3/envs/project/lib/python3.8/site-packages/airflow/example_dags/example_python_decorator.py
[2024-10-08T09:33:03.473+0000] {logging_mixin.py:190} INFO - [2024-10-08T09:33:03.472+0000] {dag.py:3239} INFO - Sync 1 DAGs
[2024-10-08T09:33:03.491+0000] {logging_mixin.py:190} INFO - [2024-10-08T09:33:03.491+0000] {dag.py:4180} INFO - Setting next_dagrun for example_python_decorator to None, run_after=None
[2024-10-08T09:33:03.525+0000] {processor.py:208} INFO - Processing /root/miniconda3/envs/project/lib/python3.8/site-packages/airflow/example_dags/example_python_decorator.py took 0.114 seconds
