[2024-10-08T07:57:22.748+0000] {processor.py:186} INFO - Started process (PID=207099) to work on /root/miniconda3/envs/project/lib/python3.8/site-packages/airflow/example_dags/example_short_circuit_operator.py
[2024-10-08T07:57:22.750+0000] {processor.py:914} INFO - Processing file /root/miniconda3/envs/project/lib/python3.8/site-packages/airflow/example_dags/example_short_circuit_operator.py for tasks to queue
[2024-10-08T07:57:22.754+0000] {logging_mixin.py:190} INFO - [2024-10-08T07:57:22.754+0000] {dagbag.py:588} INFO - Filling up the DagBag from /root/miniconda3/envs/project/lib/python3.8/site-packages/airflow/example_dags/example_short_circuit_operator.py
[2024-10-08T07:57:22.768+0000] {processor.py:925} INFO - DAG(s) 'example_short_circuit_operator' retrieved from /root/miniconda3/envs/project/lib/python3.8/site-packages/airflow/example_dags/example_short_circuit_operator.py
[2024-10-08T07:57:22.925+0000] {logging_mixin.py:190} INFO - [2024-10-08T07:57:22.924+0000] {override.py:1901} INFO - Created Permission View: can delete on DAG:example_short_circuit_operator
[2024-10-08T07:57:22.944+0000] {logging_mixin.py:190} INFO - [2024-10-08T07:57:22.944+0000] {override.py:1901} INFO - Created Permission View: can read on DAG:example_short_circuit_operator
[2024-10-08T07:57:22.959+0000] {logging_mixin.py:190} INFO - [2024-10-08T07:57:22.958+0000] {override.py:1901} INFO - Created Permission View: can edit on DAG:example_short_circuit_operator
[2024-10-08T07:57:22.984+0000] {logging_mixin.py:190} INFO - [2024-10-08T07:57:22.984+0000] {override.py:1901} INFO - Created Permission View: can delete on DAG Run:example_short_circuit_operator
[2024-10-08T07:57:22.998+0000] {logging_mixin.py:190} INFO - [2024-10-08T07:57:22.998+0000] {override.py:1901} INFO - Created Permission View: menu access on DAG Run:example_short_circuit_operator
[2024-10-08T07:57:23.012+0000] {logging_mixin.py:190} INFO - [2024-10-08T07:57:23.012+0000] {override.py:1901} INFO - Created Permission View: can create on DAG Run:example_short_circuit_operator
[2024-10-08T07:57:23.032+0000] {logging_mixin.py:190} INFO - [2024-10-08T07:57:23.032+0000] {override.py:1901} INFO - Created Permission View: can read on DAG Run:example_short_circuit_operator
[2024-10-08T07:57:23.033+0000] {logging_mixin.py:190} INFO - [2024-10-08T07:57:23.033+0000] {dag.py:3239} INFO - Sync 1 DAGs
[2024-10-08T07:57:23.056+0000] {logging_mixin.py:190} INFO - [2024-10-08T07:57:23.056+0000] {dag.py:3262} INFO - Creating ORM DAG for example_short_circuit_operator
[2024-10-08T07:57:23.057+0000] {logging_mixin.py:190} INFO - [2024-10-08T07:57:23.057+0000] {dag.py:4180} INFO - Setting next_dagrun for example_short_circuit_operator to None, run_after=None
[2024-10-08T07:57:23.088+0000] {processor.py:208} INFO - Processing /root/miniconda3/envs/project/lib/python3.8/site-packages/airflow/example_dags/example_short_circuit_operator.py took 0.353 seconds
[2024-10-08T07:58:36.839+0000] {processor.py:186} INFO - Started process (PID=207301) to work on /root/miniconda3/envs/project/lib/python3.8/site-packages/airflow/example_dags/example_short_circuit_operator.py
[2024-10-08T07:58:36.842+0000] {processor.py:914} INFO - Processing file /root/miniconda3/envs/project/lib/python3.8/site-packages/airflow/example_dags/example_short_circuit_operator.py for tasks to queue
[2024-10-08T07:58:36.847+0000] {logging_mixin.py:190} INFO - [2024-10-08T07:58:36.846+0000] {dagbag.py:588} INFO - Filling up the DagBag from /root/miniconda3/envs/project/lib/python3.8/site-packages/airflow/example_dags/example_short_circuit_operator.py
[2024-10-08T07:58:36.861+0000] {processor.py:925} INFO - DAG(s) 'example_short_circuit_operator' retrieved from /root/miniconda3/envs/project/lib/python3.8/site-packages/airflow/example_dags/example_short_circuit_operator.py
[2024-10-08T07:58:36.891+0000] {logging_mixin.py:190} INFO - [2024-10-08T07:58:36.891+0000] {dag.py:3239} INFO - Sync 1 DAGs
[2024-10-08T07:58:36.911+0000] {logging_mixin.py:190} INFO - [2024-10-08T07:58:36.910+0000] {dag.py:4180} INFO - Setting next_dagrun for example_short_circuit_operator to None, run_after=None
[2024-10-08T07:58:36.950+0000] {processor.py:208} INFO - Processing /root/miniconda3/envs/project/lib/python3.8/site-packages/airflow/example_dags/example_short_circuit_operator.py took 0.123 seconds
[2024-10-08T07:59:49.616+0000] {processor.py:186} INFO - Started process (PID=207560) to work on /root/miniconda3/envs/project/lib/python3.8/site-packages/airflow/example_dags/example_short_circuit_operator.py
[2024-10-08T07:59:49.619+0000] {processor.py:914} INFO - Processing file /root/miniconda3/envs/project/lib/python3.8/site-packages/airflow/example_dags/example_short_circuit_operator.py for tasks to queue
[2024-10-08T07:59:49.622+0000] {logging_mixin.py:190} INFO - [2024-10-08T07:59:49.621+0000] {dagbag.py:588} INFO - Filling up the DagBag from /root/miniconda3/envs/project/lib/python3.8/site-packages/airflow/example_dags/example_short_circuit_operator.py
[2024-10-08T07:59:49.636+0000] {processor.py:925} INFO - DAG(s) 'example_short_circuit_operator' retrieved from /root/miniconda3/envs/project/lib/python3.8/site-packages/airflow/example_dags/example_short_circuit_operator.py
[2024-10-08T07:59:49.664+0000] {logging_mixin.py:190} INFO - [2024-10-08T07:59:49.663+0000] {dag.py:3239} INFO - Sync 1 DAGs
[2024-10-08T07:59:49.682+0000] {logging_mixin.py:190} INFO - [2024-10-08T07:59:49.682+0000] {dag.py:4180} INFO - Setting next_dagrun for example_short_circuit_operator to None, run_after=None
[2024-10-08T07:59:49.713+0000] {processor.py:208} INFO - Processing /root/miniconda3/envs/project/lib/python3.8/site-packages/airflow/example_dags/example_short_circuit_operator.py took 0.108 seconds
[2024-10-08T08:00:58.786+0000] {processor.py:186} INFO - Started process (PID=207952) to work on /root/miniconda3/envs/project/lib/python3.8/site-packages/airflow/example_dags/example_short_circuit_operator.py
[2024-10-08T08:00:58.789+0000] {processor.py:914} INFO - Processing file /root/miniconda3/envs/project/lib/python3.8/site-packages/airflow/example_dags/example_short_circuit_operator.py for tasks to queue
[2024-10-08T08:00:58.792+0000] {logging_mixin.py:190} INFO - [2024-10-08T08:00:58.792+0000] {dagbag.py:588} INFO - Filling up the DagBag from /root/miniconda3/envs/project/lib/python3.8/site-packages/airflow/example_dags/example_short_circuit_operator.py
[2024-10-08T08:00:58.806+0000] {processor.py:925} INFO - DAG(s) 'example_short_circuit_operator' retrieved from /root/miniconda3/envs/project/lib/python3.8/site-packages/airflow/example_dags/example_short_circuit_operator.py
[2024-10-08T08:00:58.834+0000] {logging_mixin.py:190} INFO - [2024-10-08T08:00:58.834+0000] {dag.py:3239} INFO - Sync 1 DAGs
[2024-10-08T08:00:58.852+0000] {logging_mixin.py:190} INFO - [2024-10-08T08:00:58.852+0000] {dag.py:4180} INFO - Setting next_dagrun for example_short_circuit_operator to None, run_after=None
[2024-10-08T08:00:58.886+0000] {processor.py:208} INFO - Processing /root/miniconda3/envs/project/lib/python3.8/site-packages/airflow/example_dags/example_short_circuit_operator.py took 0.110 seconds
[2024-10-08T08:02:12.807+0000] {processor.py:186} INFO - Started process (PID=208209) to work on /root/miniconda3/envs/project/lib/python3.8/site-packages/airflow/example_dags/example_short_circuit_operator.py
[2024-10-08T08:02:12.810+0000] {processor.py:914} INFO - Processing file /root/miniconda3/envs/project/lib/python3.8/site-packages/airflow/example_dags/example_short_circuit_operator.py for tasks to queue
[2024-10-08T08:02:12.814+0000] {logging_mixin.py:190} INFO - [2024-10-08T08:02:12.813+0000] {dagbag.py:588} INFO - Filling up the DagBag from /root/miniconda3/envs/project/lib/python3.8/site-packages/airflow/example_dags/example_short_circuit_operator.py
[2024-10-08T08:02:12.828+0000] {processor.py:925} INFO - DAG(s) 'example_short_circuit_operator' retrieved from /root/miniconda3/envs/project/lib/python3.8/site-packages/airflow/example_dags/example_short_circuit_operator.py
[2024-10-08T08:02:12.857+0000] {logging_mixin.py:190} INFO - [2024-10-08T08:02:12.856+0000] {dag.py:3239} INFO - Sync 1 DAGs
[2024-10-08T08:02:12.874+0000] {logging_mixin.py:190} INFO - [2024-10-08T08:02:12.874+0000] {dag.py:4180} INFO - Setting next_dagrun for example_short_circuit_operator to None, run_after=None
[2024-10-08T08:02:12.910+0000] {processor.py:208} INFO - Processing /root/miniconda3/envs/project/lib/python3.8/site-packages/airflow/example_dags/example_short_circuit_operator.py took 0.114 seconds
[2024-10-08T08:03:23.544+0000] {processor.py:186} INFO - Started process (PID=208411) to work on /root/miniconda3/envs/project/lib/python3.8/site-packages/airflow/example_dags/example_short_circuit_operator.py
[2024-10-08T08:03:23.546+0000] {processor.py:914} INFO - Processing file /root/miniconda3/envs/project/lib/python3.8/site-packages/airflow/example_dags/example_short_circuit_operator.py for tasks to queue
[2024-10-08T08:03:23.550+0000] {logging_mixin.py:190} INFO - [2024-10-08T08:03:23.549+0000] {dagbag.py:588} INFO - Filling up the DagBag from /root/miniconda3/envs/project/lib/python3.8/site-packages/airflow/example_dags/example_short_circuit_operator.py
[2024-10-08T08:03:23.563+0000] {processor.py:925} INFO - DAG(s) 'example_short_circuit_operator' retrieved from /root/miniconda3/envs/project/lib/python3.8/site-packages/airflow/example_dags/example_short_circuit_operator.py
[2024-10-08T08:03:23.591+0000] {logging_mixin.py:190} INFO - [2024-10-08T08:03:23.591+0000] {dag.py:3239} INFO - Sync 1 DAGs
[2024-10-08T08:03:23.609+0000] {logging_mixin.py:190} INFO - [2024-10-08T08:03:23.609+0000] {dag.py:4180} INFO - Setting next_dagrun for example_short_circuit_operator to None, run_after=None
[2024-10-08T08:03:23.644+0000] {processor.py:208} INFO - Processing /root/miniconda3/envs/project/lib/python3.8/site-packages/airflow/example_dags/example_short_circuit_operator.py took 0.112 seconds
[2024-10-08T08:04:31.701+0000] {processor.py:186} INFO - Started process (PID=208617) to work on /root/miniconda3/envs/project/lib/python3.8/site-packages/airflow/example_dags/example_short_circuit_operator.py
[2024-10-08T08:04:31.704+0000] {processor.py:914} INFO - Processing file /root/miniconda3/envs/project/lib/python3.8/site-packages/airflow/example_dags/example_short_circuit_operator.py for tasks to queue
[2024-10-08T08:04:31.708+0000] {logging_mixin.py:190} INFO - [2024-10-08T08:04:31.707+0000] {dagbag.py:588} INFO - Filling up the DagBag from /root/miniconda3/envs/project/lib/python3.8/site-packages/airflow/example_dags/example_short_circuit_operator.py
[2024-10-08T08:04:31.722+0000] {processor.py:925} INFO - DAG(s) 'example_short_circuit_operator' retrieved from /root/miniconda3/envs/project/lib/python3.8/site-packages/airflow/example_dags/example_short_circuit_operator.py
[2024-10-08T08:04:31.752+0000] {logging_mixin.py:190} INFO - [2024-10-08T08:04:31.752+0000] {dag.py:3239} INFO - Sync 1 DAGs
[2024-10-08T08:04:31.772+0000] {logging_mixin.py:190} INFO - [2024-10-08T08:04:31.772+0000] {dag.py:4180} INFO - Setting next_dagrun for example_short_circuit_operator to None, run_after=None
[2024-10-08T08:04:31.805+0000] {processor.py:208} INFO - Processing /root/miniconda3/envs/project/lib/python3.8/site-packages/airflow/example_dags/example_short_circuit_operator.py took 0.115 seconds
[2024-10-08T08:05:33.689+0000] {processor.py:186} INFO - Started process (PID=208800) to work on /root/miniconda3/envs/project/lib/python3.8/site-packages/airflow/example_dags/example_short_circuit_operator.py
[2024-10-08T08:05:33.693+0000] {processor.py:914} INFO - Processing file /root/miniconda3/envs/project/lib/python3.8/site-packages/airflow/example_dags/example_short_circuit_operator.py for tasks to queue
[2024-10-08T08:05:33.696+0000] {logging_mixin.py:190} INFO - [2024-10-08T08:05:33.696+0000] {dagbag.py:588} INFO - Filling up the DagBag from /root/miniconda3/envs/project/lib/python3.8/site-packages/airflow/example_dags/example_short_circuit_operator.py
[2024-10-08T08:05:33.710+0000] {processor.py:925} INFO - DAG(s) 'example_short_circuit_operator' retrieved from /root/miniconda3/envs/project/lib/python3.8/site-packages/airflow/example_dags/example_short_circuit_operator.py
[2024-10-08T08:05:33.738+0000] {logging_mixin.py:190} INFO - [2024-10-08T08:05:33.738+0000] {dag.py:3239} INFO - Sync 1 DAGs
[2024-10-08T08:05:33.756+0000] {logging_mixin.py:190} INFO - [2024-10-08T08:05:33.756+0000] {dag.py:4180} INFO - Setting next_dagrun for example_short_circuit_operator to None, run_after=None
[2024-10-08T08:05:33.788+0000] {processor.py:208} INFO - Processing /root/miniconda3/envs/project/lib/python3.8/site-packages/airflow/example_dags/example_short_circuit_operator.py took 0.110 seconds
[2024-10-08T08:06:34.833+0000] {processor.py:186} INFO - Started process (PID=208981) to work on /root/miniconda3/envs/project/lib/python3.8/site-packages/airflow/example_dags/example_short_circuit_operator.py
[2024-10-08T08:06:34.836+0000] {processor.py:914} INFO - Processing file /root/miniconda3/envs/project/lib/python3.8/site-packages/airflow/example_dags/example_short_circuit_operator.py for tasks to queue
[2024-10-08T08:06:34.839+0000] {logging_mixin.py:190} INFO - [2024-10-08T08:06:34.839+0000] {dagbag.py:588} INFO - Filling up the DagBag from /root/miniconda3/envs/project/lib/python3.8/site-packages/airflow/example_dags/example_short_circuit_operator.py
[2024-10-08T08:06:34.853+0000] {processor.py:925} INFO - DAG(s) 'example_short_circuit_operator' retrieved from /root/miniconda3/envs/project/lib/python3.8/site-packages/airflow/example_dags/example_short_circuit_operator.py
[2024-10-08T08:06:34.882+0000] {logging_mixin.py:190} INFO - [2024-10-08T08:06:34.881+0000] {dag.py:3239} INFO - Sync 1 DAGs
[2024-10-08T08:06:34.900+0000] {logging_mixin.py:190} INFO - [2024-10-08T08:06:34.899+0000] {dag.py:4180} INFO - Setting next_dagrun for example_short_circuit_operator to None, run_after=None
[2024-10-08T08:06:34.932+0000] {processor.py:208} INFO - Processing /root/miniconda3/envs/project/lib/python3.8/site-packages/airflow/example_dags/example_short_circuit_operator.py took 0.110 seconds
[2024-10-08T08:07:44.641+0000] {processor.py:186} INFO - Started process (PID=209227) to work on /root/miniconda3/envs/project/lib/python3.8/site-packages/airflow/example_dags/example_short_circuit_operator.py
[2024-10-08T08:07:44.643+0000] {processor.py:914} INFO - Processing file /root/miniconda3/envs/project/lib/python3.8/site-packages/airflow/example_dags/example_short_circuit_operator.py for tasks to queue
[2024-10-08T08:07:44.646+0000] {logging_mixin.py:190} INFO - [2024-10-08T08:07:44.646+0000] {dagbag.py:588} INFO - Filling up the DagBag from /root/miniconda3/envs/project/lib/python3.8/site-packages/airflow/example_dags/example_short_circuit_operator.py
[2024-10-08T08:07:44.660+0000] {processor.py:925} INFO - DAG(s) 'example_short_circuit_operator' retrieved from /root/miniconda3/envs/project/lib/python3.8/site-packages/airflow/example_dags/example_short_circuit_operator.py
[2024-10-08T08:07:44.689+0000] {logging_mixin.py:190} INFO - [2024-10-08T08:07:44.689+0000] {dag.py:3239} INFO - Sync 1 DAGs
[2024-10-08T08:07:44.708+0000] {logging_mixin.py:190} INFO - [2024-10-08T08:07:44.707+0000] {dag.py:4180} INFO - Setting next_dagrun for example_short_circuit_operator to None, run_after=None
[2024-10-08T08:07:44.742+0000] {processor.py:208} INFO - Processing /root/miniconda3/envs/project/lib/python3.8/site-packages/airflow/example_dags/example_short_circuit_operator.py took 0.112 seconds
[2024-10-08T08:09:53.405+0000] {processor.py:186} INFO - Started process (PID=210057) to work on /root/miniconda3/envs/project/lib/python3.8/site-packages/airflow/example_dags/example_short_circuit_operator.py
[2024-10-08T08:09:53.408+0000] {processor.py:914} INFO - Processing file /root/miniconda3/envs/project/lib/python3.8/site-packages/airflow/example_dags/example_short_circuit_operator.py for tasks to queue
[2024-10-08T08:09:53.411+0000] {logging_mixin.py:190} INFO - [2024-10-08T08:09:53.411+0000] {dagbag.py:588} INFO - Filling up the DagBag from /root/miniconda3/envs/project/lib/python3.8/site-packages/airflow/example_dags/example_short_circuit_operator.py
[2024-10-08T08:09:53.425+0000] {processor.py:925} INFO - DAG(s) 'example_short_circuit_operator' retrieved from /root/miniconda3/envs/project/lib/python3.8/site-packages/airflow/example_dags/example_short_circuit_operator.py
[2024-10-08T08:09:53.455+0000] {logging_mixin.py:190} INFO - [2024-10-08T08:09:53.455+0000] {dag.py:3239} INFO - Sync 1 DAGs
[2024-10-08T08:09:53.473+0000] {logging_mixin.py:190} INFO - [2024-10-08T08:09:53.473+0000] {dag.py:4180} INFO - Setting next_dagrun for example_short_circuit_operator to None, run_after=None
[2024-10-08T08:09:53.505+0000] {processor.py:208} INFO - Processing /root/miniconda3/envs/project/lib/python3.8/site-packages/airflow/example_dags/example_short_circuit_operator.py took 0.112 seconds
[2024-10-08T08:11:17.715+0000] {processor.py:186} INFO - Started process (PID=210524) to work on /root/miniconda3/envs/project/lib/python3.8/site-packages/airflow/example_dags/example_short_circuit_operator.py
[2024-10-08T08:11:17.718+0000] {processor.py:914} INFO - Processing file /root/miniconda3/envs/project/lib/python3.8/site-packages/airflow/example_dags/example_short_circuit_operator.py for tasks to queue
[2024-10-08T08:11:17.722+0000] {logging_mixin.py:190} INFO - [2024-10-08T08:11:17.721+0000] {dagbag.py:588} INFO - Filling up the DagBag from /root/miniconda3/envs/project/lib/python3.8/site-packages/airflow/example_dags/example_short_circuit_operator.py
[2024-10-08T08:11:17.736+0000] {processor.py:925} INFO - DAG(s) 'example_short_circuit_operator' retrieved from /root/miniconda3/envs/project/lib/python3.8/site-packages/airflow/example_dags/example_short_circuit_operator.py
[2024-10-08T08:11:17.767+0000] {logging_mixin.py:190} INFO - [2024-10-08T08:11:17.767+0000] {dag.py:3239} INFO - Sync 1 DAGs
[2024-10-08T08:11:17.785+0000] {logging_mixin.py:190} INFO - [2024-10-08T08:11:17.785+0000] {dag.py:4180} INFO - Setting next_dagrun for example_short_circuit_operator to None, run_after=None
[2024-10-08T08:11:17.817+0000] {processor.py:208} INFO - Processing /root/miniconda3/envs/project/lib/python3.8/site-packages/airflow/example_dags/example_short_circuit_operator.py took 0.113 seconds
[2024-10-08T08:12:55.861+0000] {processor.py:186} INFO - Started process (PID=211055) to work on /root/miniconda3/envs/project/lib/python3.8/site-packages/airflow/example_dags/example_short_circuit_operator.py
[2024-10-08T08:12:55.863+0000] {processor.py:914} INFO - Processing file /root/miniconda3/envs/project/lib/python3.8/site-packages/airflow/example_dags/example_short_circuit_operator.py for tasks to queue
[2024-10-08T08:12:55.867+0000] {logging_mixin.py:190} INFO - [2024-10-08T08:12:55.866+0000] {dagbag.py:588} INFO - Filling up the DagBag from /root/miniconda3/envs/project/lib/python3.8/site-packages/airflow/example_dags/example_short_circuit_operator.py
[2024-10-08T08:12:55.880+0000] {processor.py:925} INFO - DAG(s) 'example_short_circuit_operator' retrieved from /root/miniconda3/envs/project/lib/python3.8/site-packages/airflow/example_dags/example_short_circuit_operator.py
[2024-10-08T08:12:55.910+0000] {logging_mixin.py:190} INFO - [2024-10-08T08:12:55.909+0000] {dag.py:3239} INFO - Sync 1 DAGs
[2024-10-08T08:12:55.928+0000] {logging_mixin.py:190} INFO - [2024-10-08T08:12:55.927+0000] {dag.py:4180} INFO - Setting next_dagrun for example_short_circuit_operator to None, run_after=None
[2024-10-08T08:12:55.959+0000] {processor.py:208} INFO - Processing /root/miniconda3/envs/project/lib/python3.8/site-packages/airflow/example_dags/example_short_circuit_operator.py took 0.110 seconds
[2024-10-08T08:14:01.076+0000] {processor.py:186} INFO - Started process (PID=211257) to work on /root/miniconda3/envs/project/lib/python3.8/site-packages/airflow/example_dags/example_short_circuit_operator.py
[2024-10-08T08:14:01.079+0000] {processor.py:914} INFO - Processing file /root/miniconda3/envs/project/lib/python3.8/site-packages/airflow/example_dags/example_short_circuit_operator.py for tasks to queue
[2024-10-08T08:14:01.083+0000] {logging_mixin.py:190} INFO - [2024-10-08T08:14:01.082+0000] {dagbag.py:588} INFO - Filling up the DagBag from /root/miniconda3/envs/project/lib/python3.8/site-packages/airflow/example_dags/example_short_circuit_operator.py
[2024-10-08T08:14:01.096+0000] {processor.py:925} INFO - DAG(s) 'example_short_circuit_operator' retrieved from /root/miniconda3/envs/project/lib/python3.8/site-packages/airflow/example_dags/example_short_circuit_operator.py
[2024-10-08T08:14:01.124+0000] {logging_mixin.py:190} INFO - [2024-10-08T08:14:01.124+0000] {dag.py:3239} INFO - Sync 1 DAGs
[2024-10-08T08:14:01.142+0000] {logging_mixin.py:190} INFO - [2024-10-08T08:14:01.142+0000] {dag.py:4180} INFO - Setting next_dagrun for example_short_circuit_operator to None, run_after=None
[2024-10-08T08:14:01.177+0000] {processor.py:208} INFO - Processing /root/miniconda3/envs/project/lib/python3.8/site-packages/airflow/example_dags/example_short_circuit_operator.py took 0.112 seconds
[2024-10-08T08:15:09.861+0000] {processor.py:186} INFO - Started process (PID=211508) to work on /root/miniconda3/envs/project/lib/python3.8/site-packages/airflow/example_dags/example_short_circuit_operator.py
[2024-10-08T08:15:09.864+0000] {processor.py:914} INFO - Processing file /root/miniconda3/envs/project/lib/python3.8/site-packages/airflow/example_dags/example_short_circuit_operator.py for tasks to queue
[2024-10-08T08:15:09.868+0000] {logging_mixin.py:190} INFO - [2024-10-08T08:15:09.867+0000] {dagbag.py:588} INFO - Filling up the DagBag from /root/miniconda3/envs/project/lib/python3.8/site-packages/airflow/example_dags/example_short_circuit_operator.py
[2024-10-08T08:15:09.885+0000] {processor.py:925} INFO - DAG(s) 'example_short_circuit_operator' retrieved from /root/miniconda3/envs/project/lib/python3.8/site-packages/airflow/example_dags/example_short_circuit_operator.py
[2024-10-08T08:15:09.918+0000] {logging_mixin.py:190} INFO - [2024-10-08T08:15:09.918+0000] {dag.py:3239} INFO - Sync 1 DAGs
[2024-10-08T08:15:09.939+0000] {logging_mixin.py:190} INFO - [2024-10-08T08:15:09.938+0000] {dag.py:4180} INFO - Setting next_dagrun for example_short_circuit_operator to None, run_after=None
[2024-10-08T08:15:09.975+0000] {processor.py:208} INFO - Processing /root/miniconda3/envs/project/lib/python3.8/site-packages/airflow/example_dags/example_short_circuit_operator.py took 0.129 seconds
[2024-10-08T08:16:18.215+0000] {processor.py:186} INFO - Started process (PID=211709) to work on /root/miniconda3/envs/project/lib/python3.8/site-packages/airflow/example_dags/example_short_circuit_operator.py
[2024-10-08T08:16:18.217+0000] {processor.py:914} INFO - Processing file /root/miniconda3/envs/project/lib/python3.8/site-packages/airflow/example_dags/example_short_circuit_operator.py for tasks to queue
[2024-10-08T08:16:18.221+0000] {logging_mixin.py:190} INFO - [2024-10-08T08:16:18.220+0000] {dagbag.py:588} INFO - Filling up the DagBag from /root/miniconda3/envs/project/lib/python3.8/site-packages/airflow/example_dags/example_short_circuit_operator.py
[2024-10-08T08:16:18.235+0000] {processor.py:925} INFO - DAG(s) 'example_short_circuit_operator' retrieved from /root/miniconda3/envs/project/lib/python3.8/site-packages/airflow/example_dags/example_short_circuit_operator.py
[2024-10-08T08:16:18.263+0000] {logging_mixin.py:190} INFO - [2024-10-08T08:16:18.263+0000] {dag.py:3239} INFO - Sync 1 DAGs
[2024-10-08T08:16:18.281+0000] {logging_mixin.py:190} INFO - [2024-10-08T08:16:18.281+0000] {dag.py:4180} INFO - Setting next_dagrun for example_short_circuit_operator to None, run_after=None
[2024-10-08T08:16:18.311+0000] {processor.py:208} INFO - Processing /root/miniconda3/envs/project/lib/python3.8/site-packages/airflow/example_dags/example_short_circuit_operator.py took 0.106 seconds
[2024-10-08T08:17:28.851+0000] {processor.py:186} INFO - Started process (PID=211919) to work on /root/miniconda3/envs/project/lib/python3.8/site-packages/airflow/example_dags/example_short_circuit_operator.py
[2024-10-08T08:17:28.854+0000] {processor.py:914} INFO - Processing file /root/miniconda3/envs/project/lib/python3.8/site-packages/airflow/example_dags/example_short_circuit_operator.py for tasks to queue
[2024-10-08T08:17:28.857+0000] {logging_mixin.py:190} INFO - [2024-10-08T08:17:28.857+0000] {dagbag.py:588} INFO - Filling up the DagBag from /root/miniconda3/envs/project/lib/python3.8/site-packages/airflow/example_dags/example_short_circuit_operator.py
[2024-10-08T08:17:28.871+0000] {processor.py:925} INFO - DAG(s) 'example_short_circuit_operator' retrieved from /root/miniconda3/envs/project/lib/python3.8/site-packages/airflow/example_dags/example_short_circuit_operator.py
[2024-10-08T08:17:28.900+0000] {logging_mixin.py:190} INFO - [2024-10-08T08:17:28.900+0000] {dag.py:3239} INFO - Sync 1 DAGs
[2024-10-08T08:17:28.918+0000] {logging_mixin.py:190} INFO - [2024-10-08T08:17:28.918+0000] {dag.py:4180} INFO - Setting next_dagrun for example_short_circuit_operator to None, run_after=None
[2024-10-08T08:17:28.951+0000] {processor.py:208} INFO - Processing /root/miniconda3/envs/project/lib/python3.8/site-packages/airflow/example_dags/example_short_circuit_operator.py took 0.110 seconds
[2024-10-08T08:18:38.323+0000] {processor.py:186} INFO - Started process (PID=212207) to work on /root/miniconda3/envs/project/lib/python3.8/site-packages/airflow/example_dags/example_short_circuit_operator.py
[2024-10-08T08:18:38.326+0000] {processor.py:914} INFO - Processing file /root/miniconda3/envs/project/lib/python3.8/site-packages/airflow/example_dags/example_short_circuit_operator.py for tasks to queue
[2024-10-08T08:18:38.329+0000] {logging_mixin.py:190} INFO - [2024-10-08T08:18:38.329+0000] {dagbag.py:588} INFO - Filling up the DagBag from /root/miniconda3/envs/project/lib/python3.8/site-packages/airflow/example_dags/example_short_circuit_operator.py
[2024-10-08T08:18:38.343+0000] {processor.py:925} INFO - DAG(s) 'example_short_circuit_operator' retrieved from /root/miniconda3/envs/project/lib/python3.8/site-packages/airflow/example_dags/example_short_circuit_operator.py
[2024-10-08T08:18:38.371+0000] {logging_mixin.py:190} INFO - [2024-10-08T08:18:38.371+0000] {dag.py:3239} INFO - Sync 1 DAGs
[2024-10-08T08:18:38.389+0000] {logging_mixin.py:190} INFO - [2024-10-08T08:18:38.389+0000] {dag.py:4180} INFO - Setting next_dagrun for example_short_circuit_operator to None, run_after=None
[2024-10-08T08:18:38.422+0000] {processor.py:208} INFO - Processing /root/miniconda3/envs/project/lib/python3.8/site-packages/airflow/example_dags/example_short_circuit_operator.py took 0.109 seconds
[2024-10-08T08:19:47.305+0000] {processor.py:186} INFO - Started process (PID=212409) to work on /root/miniconda3/envs/project/lib/python3.8/site-packages/airflow/example_dags/example_short_circuit_operator.py
[2024-10-08T08:19:47.308+0000] {processor.py:914} INFO - Processing file /root/miniconda3/envs/project/lib/python3.8/site-packages/airflow/example_dags/example_short_circuit_operator.py for tasks to queue
[2024-10-08T08:19:47.311+0000] {logging_mixin.py:190} INFO - [2024-10-08T08:19:47.310+0000] {dagbag.py:588} INFO - Filling up the DagBag from /root/miniconda3/envs/project/lib/python3.8/site-packages/airflow/example_dags/example_short_circuit_operator.py
[2024-10-08T08:19:47.325+0000] {processor.py:925} INFO - DAG(s) 'example_short_circuit_operator' retrieved from /root/miniconda3/envs/project/lib/python3.8/site-packages/airflow/example_dags/example_short_circuit_operator.py
[2024-10-08T08:19:47.355+0000] {logging_mixin.py:190} INFO - [2024-10-08T08:19:47.354+0000] {dag.py:3239} INFO - Sync 1 DAGs
[2024-10-08T08:19:47.373+0000] {logging_mixin.py:190} INFO - [2024-10-08T08:19:47.373+0000] {dag.py:4180} INFO - Setting next_dagrun for example_short_circuit_operator to None, run_after=None
[2024-10-08T08:19:47.408+0000] {processor.py:208} INFO - Processing /root/miniconda3/envs/project/lib/python3.8/site-packages/airflow/example_dags/example_short_circuit_operator.py took 0.114 seconds
[2024-10-08T08:20:56.478+0000] {processor.py:186} INFO - Started process (PID=212598) to work on /root/miniconda3/envs/project/lib/python3.8/site-packages/airflow/example_dags/example_short_circuit_operator.py
[2024-10-08T08:20:56.481+0000] {processor.py:914} INFO - Processing file /root/miniconda3/envs/project/lib/python3.8/site-packages/airflow/example_dags/example_short_circuit_operator.py for tasks to queue
[2024-10-08T08:20:56.484+0000] {logging_mixin.py:190} INFO - [2024-10-08T08:20:56.483+0000] {dagbag.py:588} INFO - Filling up the DagBag from /root/miniconda3/envs/project/lib/python3.8/site-packages/airflow/example_dags/example_short_circuit_operator.py
[2024-10-08T08:20:56.498+0000] {processor.py:925} INFO - DAG(s) 'example_short_circuit_operator' retrieved from /root/miniconda3/envs/project/lib/python3.8/site-packages/airflow/example_dags/example_short_circuit_operator.py
[2024-10-08T08:20:56.526+0000] {logging_mixin.py:190} INFO - [2024-10-08T08:20:56.526+0000] {dag.py:3239} INFO - Sync 1 DAGs
[2024-10-08T08:20:56.545+0000] {logging_mixin.py:190} INFO - [2024-10-08T08:20:56.545+0000] {dag.py:4180} INFO - Setting next_dagrun for example_short_circuit_operator to None, run_after=None
[2024-10-08T08:20:56.580+0000] {processor.py:208} INFO - Processing /root/miniconda3/envs/project/lib/python3.8/site-packages/airflow/example_dags/example_short_circuit_operator.py took 0.115 seconds
[2024-10-08T08:22:06.813+0000] {processor.py:186} INFO - Started process (PID=212807) to work on /root/miniconda3/envs/project/lib/python3.8/site-packages/airflow/example_dags/example_short_circuit_operator.py
[2024-10-08T08:22:06.817+0000] {processor.py:914} INFO - Processing file /root/miniconda3/envs/project/lib/python3.8/site-packages/airflow/example_dags/example_short_circuit_operator.py for tasks to queue
[2024-10-08T08:22:06.820+0000] {logging_mixin.py:190} INFO - [2024-10-08T08:22:06.819+0000] {dagbag.py:588} INFO - Filling up the DagBag from /root/miniconda3/envs/project/lib/python3.8/site-packages/airflow/example_dags/example_short_circuit_operator.py
[2024-10-08T08:22:06.834+0000] {processor.py:925} INFO - DAG(s) 'example_short_circuit_operator' retrieved from /root/miniconda3/envs/project/lib/python3.8/site-packages/airflow/example_dags/example_short_circuit_operator.py
[2024-10-08T08:22:06.862+0000] {logging_mixin.py:190} INFO - [2024-10-08T08:22:06.862+0000] {dag.py:3239} INFO - Sync 1 DAGs
[2024-10-08T08:22:06.880+0000] {logging_mixin.py:190} INFO - [2024-10-08T08:22:06.880+0000] {dag.py:4180} INFO - Setting next_dagrun for example_short_circuit_operator to None, run_after=None
[2024-10-08T08:22:06.913+0000] {processor.py:208} INFO - Processing /root/miniconda3/envs/project/lib/python3.8/site-packages/airflow/example_dags/example_short_circuit_operator.py took 0.110 seconds
[2024-10-08T08:23:14.760+0000] {processor.py:186} INFO - Started process (PID=213052) to work on /root/miniconda3/envs/project/lib/python3.8/site-packages/airflow/example_dags/example_short_circuit_operator.py
[2024-10-08T08:23:14.763+0000] {processor.py:914} INFO - Processing file /root/miniconda3/envs/project/lib/python3.8/site-packages/airflow/example_dags/example_short_circuit_operator.py for tasks to queue
[2024-10-08T08:23:14.766+0000] {logging_mixin.py:190} INFO - [2024-10-08T08:23:14.766+0000] {dagbag.py:588} INFO - Filling up the DagBag from /root/miniconda3/envs/project/lib/python3.8/site-packages/airflow/example_dags/example_short_circuit_operator.py
[2024-10-08T08:23:14.780+0000] {processor.py:925} INFO - DAG(s) 'example_short_circuit_operator' retrieved from /root/miniconda3/envs/project/lib/python3.8/site-packages/airflow/example_dags/example_short_circuit_operator.py
[2024-10-08T08:23:14.807+0000] {logging_mixin.py:190} INFO - [2024-10-08T08:23:14.807+0000] {dag.py:3239} INFO - Sync 1 DAGs
[2024-10-08T08:23:14.825+0000] {logging_mixin.py:190} INFO - [2024-10-08T08:23:14.825+0000] {dag.py:4180} INFO - Setting next_dagrun for example_short_circuit_operator to None, run_after=None
[2024-10-08T08:23:14.855+0000] {processor.py:208} INFO - Processing /root/miniconda3/envs/project/lib/python3.8/site-packages/airflow/example_dags/example_short_circuit_operator.py took 0.107 seconds
[2024-10-08T08:24:18.004+0000] {processor.py:186} INFO - Started process (PID=213240) to work on /root/miniconda3/envs/project/lib/python3.8/site-packages/airflow/example_dags/example_short_circuit_operator.py
[2024-10-08T08:24:18.007+0000] {processor.py:914} INFO - Processing file /root/miniconda3/envs/project/lib/python3.8/site-packages/airflow/example_dags/example_short_circuit_operator.py for tasks to queue
[2024-10-08T08:24:18.010+0000] {logging_mixin.py:190} INFO - [2024-10-08T08:24:18.009+0000] {dagbag.py:588} INFO - Filling up the DagBag from /root/miniconda3/envs/project/lib/python3.8/site-packages/airflow/example_dags/example_short_circuit_operator.py
[2024-10-08T08:24:18.024+0000] {processor.py:925} INFO - DAG(s) 'example_short_circuit_operator' retrieved from /root/miniconda3/envs/project/lib/python3.8/site-packages/airflow/example_dags/example_short_circuit_operator.py
[2024-10-08T08:24:18.052+0000] {logging_mixin.py:190} INFO - [2024-10-08T08:24:18.052+0000] {dag.py:3239} INFO - Sync 1 DAGs
[2024-10-08T08:24:18.070+0000] {logging_mixin.py:190} INFO - [2024-10-08T08:24:18.070+0000] {dag.py:4180} INFO - Setting next_dagrun for example_short_circuit_operator to None, run_after=None
[2024-10-08T08:24:18.104+0000] {processor.py:208} INFO - Processing /root/miniconda3/envs/project/lib/python3.8/site-packages/airflow/example_dags/example_short_circuit_operator.py took 0.111 seconds
[2024-10-08T08:37:08.035+0000] {processor.py:186} INFO - Started process (PID=214883) to work on /root/miniconda3/envs/project/lib/python3.8/site-packages/airflow/example_dags/example_short_circuit_operator.py
[2024-10-08T08:37:08.038+0000] {processor.py:914} INFO - Processing file /root/miniconda3/envs/project/lib/python3.8/site-packages/airflow/example_dags/example_short_circuit_operator.py for tasks to queue
[2024-10-08T08:37:08.041+0000] {logging_mixin.py:190} INFO - [2024-10-08T08:37:08.040+0000] {dagbag.py:588} INFO - Filling up the DagBag from /root/miniconda3/envs/project/lib/python3.8/site-packages/airflow/example_dags/example_short_circuit_operator.py
[2024-10-08T08:37:08.054+0000] {processor.py:925} INFO - DAG(s) 'example_short_circuit_operator' retrieved from /root/miniconda3/envs/project/lib/python3.8/site-packages/airflow/example_dags/example_short_circuit_operator.py
[2024-10-08T08:37:08.085+0000] {logging_mixin.py:190} INFO - [2024-10-08T08:37:08.085+0000] {dag.py:3239} INFO - Sync 1 DAGs
[2024-10-08T08:37:08.103+0000] {logging_mixin.py:190} INFO - [2024-10-08T08:37:08.103+0000] {dag.py:4180} INFO - Setting next_dagrun for example_short_circuit_operator to None, run_after=None
[2024-10-08T08:37:08.136+0000] {processor.py:208} INFO - Processing /root/miniconda3/envs/project/lib/python3.8/site-packages/airflow/example_dags/example_short_circuit_operator.py took 0.113 seconds
[2024-10-08T08:38:14.437+0000] {processor.py:186} INFO - Started process (PID=215209) to work on /root/miniconda3/envs/project/lib/python3.8/site-packages/airflow/example_dags/example_short_circuit_operator.py
[2024-10-08T08:38:14.440+0000] {processor.py:914} INFO - Processing file /root/miniconda3/envs/project/lib/python3.8/site-packages/airflow/example_dags/example_short_circuit_operator.py for tasks to queue
[2024-10-08T08:38:14.444+0000] {logging_mixin.py:190} INFO - [2024-10-08T08:38:14.443+0000] {dagbag.py:588} INFO - Filling up the DagBag from /root/miniconda3/envs/project/lib/python3.8/site-packages/airflow/example_dags/example_short_circuit_operator.py
[2024-10-08T08:38:14.457+0000] {processor.py:925} INFO - DAG(s) 'example_short_circuit_operator' retrieved from /root/miniconda3/envs/project/lib/python3.8/site-packages/airflow/example_dags/example_short_circuit_operator.py
[2024-10-08T08:38:14.485+0000] {logging_mixin.py:190} INFO - [2024-10-08T08:38:14.485+0000] {dag.py:3239} INFO - Sync 1 DAGs
[2024-10-08T08:38:14.503+0000] {logging_mixin.py:190} INFO - [2024-10-08T08:38:14.503+0000] {dag.py:4180} INFO - Setting next_dagrun for example_short_circuit_operator to None, run_after=None
[2024-10-08T08:38:14.540+0000] {processor.py:208} INFO - Processing /root/miniconda3/envs/project/lib/python3.8/site-packages/airflow/example_dags/example_short_circuit_operator.py took 0.115 seconds
[2024-10-08T08:39:24.801+0000] {processor.py:186} INFO - Started process (PID=215615) to work on /root/miniconda3/envs/project/lib/python3.8/site-packages/airflow/example_dags/example_short_circuit_operator.py
[2024-10-08T08:39:24.804+0000] {processor.py:914} INFO - Processing file /root/miniconda3/envs/project/lib/python3.8/site-packages/airflow/example_dags/example_short_circuit_operator.py for tasks to queue
[2024-10-08T08:39:24.807+0000] {logging_mixin.py:190} INFO - [2024-10-08T08:39:24.807+0000] {dagbag.py:588} INFO - Filling up the DagBag from /root/miniconda3/envs/project/lib/python3.8/site-packages/airflow/example_dags/example_short_circuit_operator.py
[2024-10-08T08:39:24.821+0000] {processor.py:925} INFO - DAG(s) 'example_short_circuit_operator' retrieved from /root/miniconda3/envs/project/lib/python3.8/site-packages/airflow/example_dags/example_short_circuit_operator.py
[2024-10-08T08:39:24.849+0000] {logging_mixin.py:190} INFO - [2024-10-08T08:39:24.849+0000] {dag.py:3239} INFO - Sync 1 DAGs
[2024-10-08T08:39:24.867+0000] {logging_mixin.py:190} INFO - [2024-10-08T08:39:24.867+0000] {dag.py:4180} INFO - Setting next_dagrun for example_short_circuit_operator to None, run_after=None
[2024-10-08T08:39:24.900+0000] {processor.py:208} INFO - Processing /root/miniconda3/envs/project/lib/python3.8/site-packages/airflow/example_dags/example_short_circuit_operator.py took 0.108 seconds
[2024-10-08T08:40:35.501+0000] {processor.py:186} INFO - Started process (PID=215966) to work on /root/miniconda3/envs/project/lib/python3.8/site-packages/airflow/example_dags/example_short_circuit_operator.py
[2024-10-08T08:40:35.504+0000] {processor.py:914} INFO - Processing file /root/miniconda3/envs/project/lib/python3.8/site-packages/airflow/example_dags/example_short_circuit_operator.py for tasks to queue
[2024-10-08T08:40:35.507+0000] {logging_mixin.py:190} INFO - [2024-10-08T08:40:35.507+0000] {dagbag.py:588} INFO - Filling up the DagBag from /root/miniconda3/envs/project/lib/python3.8/site-packages/airflow/example_dags/example_short_circuit_operator.py
[2024-10-08T08:40:35.521+0000] {processor.py:925} INFO - DAG(s) 'example_short_circuit_operator' retrieved from /root/miniconda3/envs/project/lib/python3.8/site-packages/airflow/example_dags/example_short_circuit_operator.py
[2024-10-08T08:40:35.550+0000] {logging_mixin.py:190} INFO - [2024-10-08T08:40:35.550+0000] {dag.py:3239} INFO - Sync 1 DAGs
[2024-10-08T08:40:35.568+0000] {logging_mixin.py:190} INFO - [2024-10-08T08:40:35.568+0000] {dag.py:4180} INFO - Setting next_dagrun for example_short_circuit_operator to None, run_after=None
[2024-10-08T08:40:35.602+0000] {processor.py:208} INFO - Processing /root/miniconda3/envs/project/lib/python3.8/site-packages/airflow/example_dags/example_short_circuit_operator.py took 0.110 seconds
[2024-10-08T08:41:41.941+0000] {processor.py:186} INFO - Started process (PID=216412) to work on /root/miniconda3/envs/project/lib/python3.8/site-packages/airflow/example_dags/example_short_circuit_operator.py
[2024-10-08T08:41:41.944+0000] {processor.py:914} INFO - Processing file /root/miniconda3/envs/project/lib/python3.8/site-packages/airflow/example_dags/example_short_circuit_operator.py for tasks to queue
[2024-10-08T08:41:41.947+0000] {logging_mixin.py:190} INFO - [2024-10-08T08:41:41.947+0000] {dagbag.py:588} INFO - Filling up the DagBag from /root/miniconda3/envs/project/lib/python3.8/site-packages/airflow/example_dags/example_short_circuit_operator.py
[2024-10-08T08:41:41.961+0000] {processor.py:925} INFO - DAG(s) 'example_short_circuit_operator' retrieved from /root/miniconda3/envs/project/lib/python3.8/site-packages/airflow/example_dags/example_short_circuit_operator.py
[2024-10-08T08:41:41.989+0000] {logging_mixin.py:190} INFO - [2024-10-08T08:41:41.989+0000] {dag.py:3239} INFO - Sync 1 DAGs
[2024-10-08T08:41:42.007+0000] {logging_mixin.py:190} INFO - [2024-10-08T08:41:42.007+0000] {dag.py:4180} INFO - Setting next_dagrun for example_short_circuit_operator to None, run_after=None
[2024-10-08T08:41:42.038+0000] {processor.py:208} INFO - Processing /root/miniconda3/envs/project/lib/python3.8/site-packages/airflow/example_dags/example_short_circuit_operator.py took 0.108 seconds
[2024-10-08T08:42:49.046+0000] {processor.py:186} INFO - Started process (PID=216703) to work on /root/miniconda3/envs/project/lib/python3.8/site-packages/airflow/example_dags/example_short_circuit_operator.py
[2024-10-08T08:42:49.048+0000] {processor.py:914} INFO - Processing file /root/miniconda3/envs/project/lib/python3.8/site-packages/airflow/example_dags/example_short_circuit_operator.py for tasks to queue
[2024-10-08T08:42:49.051+0000] {logging_mixin.py:190} INFO - [2024-10-08T08:42:49.051+0000] {dagbag.py:588} INFO - Filling up the DagBag from /root/miniconda3/envs/project/lib/python3.8/site-packages/airflow/example_dags/example_short_circuit_operator.py
[2024-10-08T08:42:49.065+0000] {processor.py:925} INFO - DAG(s) 'example_short_circuit_operator' retrieved from /root/miniconda3/envs/project/lib/python3.8/site-packages/airflow/example_dags/example_short_circuit_operator.py
[2024-10-08T08:42:49.092+0000] {logging_mixin.py:190} INFO - [2024-10-08T08:42:49.092+0000] {dag.py:3239} INFO - Sync 1 DAGs
[2024-10-08T08:42:49.110+0000] {logging_mixin.py:190} INFO - [2024-10-08T08:42:49.110+0000] {dag.py:4180} INFO - Setting next_dagrun for example_short_circuit_operator to None, run_after=None
[2024-10-08T08:42:49.150+0000] {processor.py:208} INFO - Processing /root/miniconda3/envs/project/lib/python3.8/site-packages/airflow/example_dags/example_short_circuit_operator.py took 0.116 seconds
[2024-10-08T08:43:57.233+0000] {processor.py:186} INFO - Started process (PID=216921) to work on /root/miniconda3/envs/project/lib/python3.8/site-packages/airflow/example_dags/example_short_circuit_operator.py
[2024-10-08T08:43:57.236+0000] {processor.py:914} INFO - Processing file /root/miniconda3/envs/project/lib/python3.8/site-packages/airflow/example_dags/example_short_circuit_operator.py for tasks to queue
[2024-10-08T08:43:57.240+0000] {logging_mixin.py:190} INFO - [2024-10-08T08:43:57.239+0000] {dagbag.py:588} INFO - Filling up the DagBag from /root/miniconda3/envs/project/lib/python3.8/site-packages/airflow/example_dags/example_short_circuit_operator.py
[2024-10-08T08:43:57.254+0000] {processor.py:925} INFO - DAG(s) 'example_short_circuit_operator' retrieved from /root/miniconda3/envs/project/lib/python3.8/site-packages/airflow/example_dags/example_short_circuit_operator.py
[2024-10-08T08:43:57.283+0000] {logging_mixin.py:190} INFO - [2024-10-08T08:43:57.283+0000] {dag.py:3239} INFO - Sync 1 DAGs
[2024-10-08T08:43:57.301+0000] {logging_mixin.py:190} INFO - [2024-10-08T08:43:57.301+0000] {dag.py:4180} INFO - Setting next_dagrun for example_short_circuit_operator to None, run_after=None
[2024-10-08T08:43:57.337+0000] {processor.py:208} INFO - Processing /root/miniconda3/envs/project/lib/python3.8/site-packages/airflow/example_dags/example_short_circuit_operator.py took 0.115 seconds
[2024-10-08T08:45:09.210+0000] {processor.py:186} INFO - Started process (PID=217151) to work on /root/miniconda3/envs/project/lib/python3.8/site-packages/airflow/example_dags/example_short_circuit_operator.py
[2024-10-08T08:45:09.213+0000] {processor.py:914} INFO - Processing file /root/miniconda3/envs/project/lib/python3.8/site-packages/airflow/example_dags/example_short_circuit_operator.py for tasks to queue
[2024-10-08T08:45:09.216+0000] {logging_mixin.py:190} INFO - [2024-10-08T08:45:09.216+0000] {dagbag.py:588} INFO - Filling up the DagBag from /root/miniconda3/envs/project/lib/python3.8/site-packages/airflow/example_dags/example_short_circuit_operator.py
[2024-10-08T08:45:09.231+0000] {processor.py:925} INFO - DAG(s) 'example_short_circuit_operator' retrieved from /root/miniconda3/envs/project/lib/python3.8/site-packages/airflow/example_dags/example_short_circuit_operator.py
[2024-10-08T08:45:09.260+0000] {logging_mixin.py:190} INFO - [2024-10-08T08:45:09.260+0000] {dag.py:3239} INFO - Sync 1 DAGs
[2024-10-08T08:45:09.278+0000] {logging_mixin.py:190} INFO - [2024-10-08T08:45:09.278+0000] {dag.py:4180} INFO - Setting next_dagrun for example_short_circuit_operator to None, run_after=None
[2024-10-08T08:45:09.310+0000] {processor.py:208} INFO - Processing /root/miniconda3/envs/project/lib/python3.8/site-packages/airflow/example_dags/example_short_circuit_operator.py took 0.110 seconds
[2024-10-08T08:46:23.617+0000] {processor.py:186} INFO - Started process (PID=217378) to work on /root/miniconda3/envs/project/lib/python3.8/site-packages/airflow/example_dags/example_short_circuit_operator.py
[2024-10-08T08:46:23.620+0000] {processor.py:914} INFO - Processing file /root/miniconda3/envs/project/lib/python3.8/site-packages/airflow/example_dags/example_short_circuit_operator.py for tasks to queue
[2024-10-08T08:46:23.623+0000] {logging_mixin.py:190} INFO - [2024-10-08T08:46:23.623+0000] {dagbag.py:588} INFO - Filling up the DagBag from /root/miniconda3/envs/project/lib/python3.8/site-packages/airflow/example_dags/example_short_circuit_operator.py
[2024-10-08T08:46:23.637+0000] {processor.py:925} INFO - DAG(s) 'example_short_circuit_operator' retrieved from /root/miniconda3/envs/project/lib/python3.8/site-packages/airflow/example_dags/example_short_circuit_operator.py
[2024-10-08T08:46:23.666+0000] {logging_mixin.py:190} INFO - [2024-10-08T08:46:23.665+0000] {dag.py:3239} INFO - Sync 1 DAGs
[2024-10-08T08:46:23.684+0000] {logging_mixin.py:190} INFO - [2024-10-08T08:46:23.684+0000] {dag.py:4180} INFO - Setting next_dagrun for example_short_circuit_operator to None, run_after=None
[2024-10-08T08:46:23.717+0000] {processor.py:208} INFO - Processing /root/miniconda3/envs/project/lib/python3.8/site-packages/airflow/example_dags/example_short_circuit_operator.py took 0.110 seconds
[2024-10-08T08:47:36.198+0000] {processor.py:186} INFO - Started process (PID=217802) to work on /root/miniconda3/envs/project/lib/python3.8/site-packages/airflow/example_dags/example_short_circuit_operator.py
[2024-10-08T08:47:36.201+0000] {processor.py:914} INFO - Processing file /root/miniconda3/envs/project/lib/python3.8/site-packages/airflow/example_dags/example_short_circuit_operator.py for tasks to queue
[2024-10-08T08:47:36.205+0000] {logging_mixin.py:190} INFO - [2024-10-08T08:47:36.204+0000] {dagbag.py:588} INFO - Filling up the DagBag from /root/miniconda3/envs/project/lib/python3.8/site-packages/airflow/example_dags/example_short_circuit_operator.py
[2024-10-08T08:47:36.219+0000] {processor.py:925} INFO - DAG(s) 'example_short_circuit_operator' retrieved from /root/miniconda3/envs/project/lib/python3.8/site-packages/airflow/example_dags/example_short_circuit_operator.py
[2024-10-08T08:47:36.247+0000] {logging_mixin.py:190} INFO - [2024-10-08T08:47:36.247+0000] {dag.py:3239} INFO - Sync 1 DAGs
[2024-10-08T08:47:36.265+0000] {logging_mixin.py:190} INFO - [2024-10-08T08:47:36.265+0000] {dag.py:4180} INFO - Setting next_dagrun for example_short_circuit_operator to None, run_after=None
[2024-10-08T08:47:36.299+0000] {processor.py:208} INFO - Processing /root/miniconda3/envs/project/lib/python3.8/site-packages/airflow/example_dags/example_short_circuit_operator.py took 0.111 seconds
[2024-10-08T08:48:47.327+0000] {processor.py:186} INFO - Started process (PID=218088) to work on /root/miniconda3/envs/project/lib/python3.8/site-packages/airflow/example_dags/example_short_circuit_operator.py
[2024-10-08T08:48:47.330+0000] {processor.py:914} INFO - Processing file /root/miniconda3/envs/project/lib/python3.8/site-packages/airflow/example_dags/example_short_circuit_operator.py for tasks to queue
[2024-10-08T08:48:47.333+0000] {logging_mixin.py:190} INFO - [2024-10-08T08:48:47.333+0000] {dagbag.py:588} INFO - Filling up the DagBag from /root/miniconda3/envs/project/lib/python3.8/site-packages/airflow/example_dags/example_short_circuit_operator.py
[2024-10-08T08:48:47.347+0000] {processor.py:925} INFO - DAG(s) 'example_short_circuit_operator' retrieved from /root/miniconda3/envs/project/lib/python3.8/site-packages/airflow/example_dags/example_short_circuit_operator.py
[2024-10-08T08:48:47.375+0000] {logging_mixin.py:190} INFO - [2024-10-08T08:48:47.375+0000] {dag.py:3239} INFO - Sync 1 DAGs
[2024-10-08T08:48:47.394+0000] {logging_mixin.py:190} INFO - [2024-10-08T08:48:47.393+0000] {dag.py:4180} INFO - Setting next_dagrun for example_short_circuit_operator to None, run_after=None
[2024-10-08T08:48:47.426+0000] {processor.py:208} INFO - Processing /root/miniconda3/envs/project/lib/python3.8/site-packages/airflow/example_dags/example_short_circuit_operator.py took 0.111 seconds
[2024-10-08T08:49:58.727+0000] {processor.py:186} INFO - Started process (PID=218313) to work on /root/miniconda3/envs/project/lib/python3.8/site-packages/airflow/example_dags/example_short_circuit_operator.py
[2024-10-08T08:49:58.730+0000] {processor.py:914} INFO - Processing file /root/miniconda3/envs/project/lib/python3.8/site-packages/airflow/example_dags/example_short_circuit_operator.py for tasks to queue
[2024-10-08T08:49:58.733+0000] {logging_mixin.py:190} INFO - [2024-10-08T08:49:58.732+0000] {dagbag.py:588} INFO - Filling up the DagBag from /root/miniconda3/envs/project/lib/python3.8/site-packages/airflow/example_dags/example_short_circuit_operator.py
[2024-10-08T08:49:58.747+0000] {processor.py:925} INFO - DAG(s) 'example_short_circuit_operator' retrieved from /root/miniconda3/envs/project/lib/python3.8/site-packages/airflow/example_dags/example_short_circuit_operator.py
[2024-10-08T08:49:58.777+0000] {logging_mixin.py:190} INFO - [2024-10-08T08:49:58.777+0000] {dag.py:3239} INFO - Sync 1 DAGs
[2024-10-08T08:49:58.795+0000] {logging_mixin.py:190} INFO - [2024-10-08T08:49:58.795+0000] {dag.py:4180} INFO - Setting next_dagrun for example_short_circuit_operator to None, run_after=None
[2024-10-08T08:49:58.829+0000] {processor.py:208} INFO - Processing /root/miniconda3/envs/project/lib/python3.8/site-packages/airflow/example_dags/example_short_circuit_operator.py took 0.114 seconds
[2024-10-08T08:51:08.706+0000] {processor.py:186} INFO - Started process (PID=218657) to work on /root/miniconda3/envs/project/lib/python3.8/site-packages/airflow/example_dags/example_short_circuit_operator.py
[2024-10-08T08:51:08.709+0000] {processor.py:914} INFO - Processing file /root/miniconda3/envs/project/lib/python3.8/site-packages/airflow/example_dags/example_short_circuit_operator.py for tasks to queue
[2024-10-08T08:51:08.713+0000] {logging_mixin.py:190} INFO - [2024-10-08T08:51:08.712+0000] {dagbag.py:588} INFO - Filling up the DagBag from /root/miniconda3/envs/project/lib/python3.8/site-packages/airflow/example_dags/example_short_circuit_operator.py
[2024-10-08T08:51:08.726+0000] {processor.py:925} INFO - DAG(s) 'example_short_circuit_operator' retrieved from /root/miniconda3/envs/project/lib/python3.8/site-packages/airflow/example_dags/example_short_circuit_operator.py
[2024-10-08T08:51:08.755+0000] {logging_mixin.py:190} INFO - [2024-10-08T08:51:08.754+0000] {dag.py:3239} INFO - Sync 1 DAGs
[2024-10-08T08:51:08.772+0000] {logging_mixin.py:190} INFO - [2024-10-08T08:51:08.772+0000] {dag.py:4180} INFO - Setting next_dagrun for example_short_circuit_operator to None, run_after=None
[2024-10-08T08:51:08.804+0000] {processor.py:208} INFO - Processing /root/miniconda3/envs/project/lib/python3.8/site-packages/airflow/example_dags/example_short_circuit_operator.py took 0.109 seconds
[2024-10-08T09:05:14.258+0000] {processor.py:186} INFO - Started process (PID=220007) to work on /root/miniconda3/envs/project/lib/python3.8/site-packages/airflow/example_dags/example_short_circuit_operator.py
[2024-10-08T09:05:14.262+0000] {processor.py:914} INFO - Processing file /root/miniconda3/envs/project/lib/python3.8/site-packages/airflow/example_dags/example_short_circuit_operator.py for tasks to queue
[2024-10-08T09:05:14.265+0000] {logging_mixin.py:190} INFO - [2024-10-08T09:05:14.264+0000] {dagbag.py:588} INFO - Filling up the DagBag from /root/miniconda3/envs/project/lib/python3.8/site-packages/airflow/example_dags/example_short_circuit_operator.py
[2024-10-08T09:05:14.279+0000] {processor.py:925} INFO - DAG(s) 'example_short_circuit_operator' retrieved from /root/miniconda3/envs/project/lib/python3.8/site-packages/airflow/example_dags/example_short_circuit_operator.py
[2024-10-08T09:05:14.315+0000] {logging_mixin.py:190} INFO - [2024-10-08T09:05:14.315+0000] {dag.py:3239} INFO - Sync 1 DAGs
[2024-10-08T09:05:14.335+0000] {logging_mixin.py:190} INFO - [2024-10-08T09:05:14.334+0000] {dag.py:4180} INFO - Setting next_dagrun for example_short_circuit_operator to None, run_after=None
[2024-10-08T09:05:14.370+0000] {processor.py:208} INFO - Processing /root/miniconda3/envs/project/lib/python3.8/site-packages/airflow/example_dags/example_short_circuit_operator.py took 0.124 seconds
[2024-10-08T09:08:46.675+0000] {processor.py:186} INFO - Started process (PID=220793) to work on /root/miniconda3/envs/project/lib/python3.8/site-packages/airflow/example_dags/example_short_circuit_operator.py
[2024-10-08T09:08:46.678+0000] {processor.py:914} INFO - Processing file /root/miniconda3/envs/project/lib/python3.8/site-packages/airflow/example_dags/example_short_circuit_operator.py for tasks to queue
[2024-10-08T09:08:46.682+0000] {logging_mixin.py:190} INFO - [2024-10-08T09:08:46.681+0000] {dagbag.py:588} INFO - Filling up the DagBag from /root/miniconda3/envs/project/lib/python3.8/site-packages/airflow/example_dags/example_short_circuit_operator.py
[2024-10-08T09:08:46.695+0000] {processor.py:925} INFO - DAG(s) 'example_short_circuit_operator' retrieved from /root/miniconda3/envs/project/lib/python3.8/site-packages/airflow/example_dags/example_short_circuit_operator.py
[2024-10-08T09:08:46.725+0000] {logging_mixin.py:190} INFO - [2024-10-08T09:08:46.725+0000] {dag.py:3239} INFO - Sync 1 DAGs
[2024-10-08T09:08:46.743+0000] {logging_mixin.py:190} INFO - [2024-10-08T09:08:46.743+0000] {dag.py:4180} INFO - Setting next_dagrun for example_short_circuit_operator to None, run_after=None
[2024-10-08T09:08:46.781+0000] {processor.py:208} INFO - Processing /root/miniconda3/envs/project/lib/python3.8/site-packages/airflow/example_dags/example_short_circuit_operator.py took 0.115 seconds
[2024-10-08T09:10:14.991+0000] {processor.py:186} INFO - Started process (PID=221510) to work on /root/miniconda3/envs/project/lib/python3.8/site-packages/airflow/example_dags/example_short_circuit_operator.py
[2024-10-08T09:10:14.993+0000] {processor.py:914} INFO - Processing file /root/miniconda3/envs/project/lib/python3.8/site-packages/airflow/example_dags/example_short_circuit_operator.py for tasks to queue
[2024-10-08T09:10:14.997+0000] {logging_mixin.py:190} INFO - [2024-10-08T09:10:14.996+0000] {dagbag.py:588} INFO - Filling up the DagBag from /root/miniconda3/envs/project/lib/python3.8/site-packages/airflow/example_dags/example_short_circuit_operator.py
[2024-10-08T09:10:15.011+0000] {processor.py:925} INFO - DAG(s) 'example_short_circuit_operator' retrieved from /root/miniconda3/envs/project/lib/python3.8/site-packages/airflow/example_dags/example_short_circuit_operator.py
[2024-10-08T09:10:15.042+0000] {logging_mixin.py:190} INFO - [2024-10-08T09:10:15.041+0000] {dag.py:3239} INFO - Sync 1 DAGs
[2024-10-08T09:10:15.061+0000] {logging_mixin.py:190} INFO - [2024-10-08T09:10:15.060+0000] {dag.py:4180} INFO - Setting next_dagrun for example_short_circuit_operator to None, run_after=None
[2024-10-08T09:10:15.093+0000] {processor.py:208} INFO - Processing /root/miniconda3/envs/project/lib/python3.8/site-packages/airflow/example_dags/example_short_circuit_operator.py took 0.115 seconds
[2024-10-08T09:11:21.694+0000] {processor.py:186} INFO - Started process (PID=221716) to work on /root/miniconda3/envs/project/lib/python3.8/site-packages/airflow/example_dags/example_short_circuit_operator.py
[2024-10-08T09:11:21.697+0000] {processor.py:914} INFO - Processing file /root/miniconda3/envs/project/lib/python3.8/site-packages/airflow/example_dags/example_short_circuit_operator.py for tasks to queue
[2024-10-08T09:11:21.701+0000] {logging_mixin.py:190} INFO - [2024-10-08T09:11:21.701+0000] {dagbag.py:588} INFO - Filling up the DagBag from /root/miniconda3/envs/project/lib/python3.8/site-packages/airflow/example_dags/example_short_circuit_operator.py
[2024-10-08T09:11:21.715+0000] {processor.py:925} INFO - DAG(s) 'example_short_circuit_operator' retrieved from /root/miniconda3/envs/project/lib/python3.8/site-packages/airflow/example_dags/example_short_circuit_operator.py
[2024-10-08T09:11:21.743+0000] {logging_mixin.py:190} INFO - [2024-10-08T09:11:21.743+0000] {dag.py:3239} INFO - Sync 1 DAGs
[2024-10-08T09:11:21.761+0000] {logging_mixin.py:190} INFO - [2024-10-08T09:11:21.761+0000] {dag.py:4180} INFO - Setting next_dagrun for example_short_circuit_operator to None, run_after=None
[2024-10-08T09:11:21.794+0000] {processor.py:208} INFO - Processing /root/miniconda3/envs/project/lib/python3.8/site-packages/airflow/example_dags/example_short_circuit_operator.py took 0.112 seconds
[2024-10-08T09:12:24.286+0000] {processor.py:186} INFO - Started process (PID=222041) to work on /root/miniconda3/envs/project/lib/python3.8/site-packages/airflow/example_dags/example_short_circuit_operator.py
[2024-10-08T09:12:24.289+0000] {processor.py:914} INFO - Processing file /root/miniconda3/envs/project/lib/python3.8/site-packages/airflow/example_dags/example_short_circuit_operator.py for tasks to queue
[2024-10-08T09:12:24.292+0000] {logging_mixin.py:190} INFO - [2024-10-08T09:12:24.292+0000] {dagbag.py:588} INFO - Filling up the DagBag from /root/miniconda3/envs/project/lib/python3.8/site-packages/airflow/example_dags/example_short_circuit_operator.py
[2024-10-08T09:12:24.306+0000] {processor.py:925} INFO - DAG(s) 'example_short_circuit_operator' retrieved from /root/miniconda3/envs/project/lib/python3.8/site-packages/airflow/example_dags/example_short_circuit_operator.py
[2024-10-08T09:12:24.335+0000] {logging_mixin.py:190} INFO - [2024-10-08T09:12:24.335+0000] {dag.py:3239} INFO - Sync 1 DAGs
[2024-10-08T09:12:24.354+0000] {logging_mixin.py:190} INFO - [2024-10-08T09:12:24.353+0000] {dag.py:4180} INFO - Setting next_dagrun for example_short_circuit_operator to None, run_after=None
[2024-10-08T09:12:24.392+0000] {processor.py:208} INFO - Processing /root/miniconda3/envs/project/lib/python3.8/site-packages/airflow/example_dags/example_short_circuit_operator.py took 0.116 seconds
[2024-10-08T09:13:32.086+0000] {processor.py:186} INFO - Started process (PID=222290) to work on /root/miniconda3/envs/project/lib/python3.8/site-packages/airflow/example_dags/example_short_circuit_operator.py
[2024-10-08T09:13:32.089+0000] {processor.py:914} INFO - Processing file /root/miniconda3/envs/project/lib/python3.8/site-packages/airflow/example_dags/example_short_circuit_operator.py for tasks to queue
[2024-10-08T09:13:32.092+0000] {logging_mixin.py:190} INFO - [2024-10-08T09:13:32.091+0000] {dagbag.py:588} INFO - Filling up the DagBag from /root/miniconda3/envs/project/lib/python3.8/site-packages/airflow/example_dags/example_short_circuit_operator.py
[2024-10-08T09:13:32.106+0000] {processor.py:925} INFO - DAG(s) 'example_short_circuit_operator' retrieved from /root/miniconda3/envs/project/lib/python3.8/site-packages/airflow/example_dags/example_short_circuit_operator.py
[2024-10-08T09:13:32.154+0000] {logging_mixin.py:190} INFO - [2024-10-08T09:13:32.153+0000] {dag.py:3239} INFO - Sync 1 DAGs
[2024-10-08T09:13:32.191+0000] {logging_mixin.py:190} INFO - [2024-10-08T09:13:32.190+0000] {dag.py:4180} INFO - Setting next_dagrun for example_short_circuit_operator to None, run_after=None
[2024-10-08T09:13:32.231+0000] {processor.py:208} INFO - Processing /root/miniconda3/envs/project/lib/python3.8/site-packages/airflow/example_dags/example_short_circuit_operator.py took 0.158 seconds
[2024-10-08T09:14:32.700+0000] {processor.py:186} INFO - Started process (PID=222590) to work on /root/miniconda3/envs/project/lib/python3.8/site-packages/airflow/example_dags/example_short_circuit_operator.py
[2024-10-08T09:14:32.703+0000] {processor.py:914} INFO - Processing file /root/miniconda3/envs/project/lib/python3.8/site-packages/airflow/example_dags/example_short_circuit_operator.py for tasks to queue
[2024-10-08T09:14:32.706+0000] {logging_mixin.py:190} INFO - [2024-10-08T09:14:32.706+0000] {dagbag.py:588} INFO - Filling up the DagBag from /root/miniconda3/envs/project/lib/python3.8/site-packages/airflow/example_dags/example_short_circuit_operator.py
[2024-10-08T09:14:32.720+0000] {processor.py:925} INFO - DAG(s) 'example_short_circuit_operator' retrieved from /root/miniconda3/envs/project/lib/python3.8/site-packages/airflow/example_dags/example_short_circuit_operator.py
[2024-10-08T09:14:32.748+0000] {logging_mixin.py:190} INFO - [2024-10-08T09:14:32.748+0000] {dag.py:3239} INFO - Sync 1 DAGs
[2024-10-08T09:14:32.766+0000] {logging_mixin.py:190} INFO - [2024-10-08T09:14:32.766+0000] {dag.py:4180} INFO - Setting next_dagrun for example_short_circuit_operator to None, run_after=None
[2024-10-08T09:14:32.800+0000] {processor.py:208} INFO - Processing /root/miniconda3/envs/project/lib/python3.8/site-packages/airflow/example_dags/example_short_circuit_operator.py took 0.111 seconds
[2024-10-08T09:15:48.759+0000] {processor.py:186} INFO - Started process (PID=222944) to work on /root/miniconda3/envs/project/lib/python3.8/site-packages/airflow/example_dags/example_short_circuit_operator.py
[2024-10-08T09:15:48.762+0000] {processor.py:914} INFO - Processing file /root/miniconda3/envs/project/lib/python3.8/site-packages/airflow/example_dags/example_short_circuit_operator.py for tasks to queue
[2024-10-08T09:15:48.766+0000] {logging_mixin.py:190} INFO - [2024-10-08T09:15:48.765+0000] {dagbag.py:588} INFO - Filling up the DagBag from /root/miniconda3/envs/project/lib/python3.8/site-packages/airflow/example_dags/example_short_circuit_operator.py
[2024-10-08T09:15:48.780+0000] {processor.py:925} INFO - DAG(s) 'example_short_circuit_operator' retrieved from /root/miniconda3/envs/project/lib/python3.8/site-packages/airflow/example_dags/example_short_circuit_operator.py
[2024-10-08T09:15:48.808+0000] {logging_mixin.py:190} INFO - [2024-10-08T09:15:48.808+0000] {dag.py:3239} INFO - Sync 1 DAGs
[2024-10-08T09:15:48.826+0000] {logging_mixin.py:190} INFO - [2024-10-08T09:15:48.826+0000] {dag.py:4180} INFO - Setting next_dagrun for example_short_circuit_operator to None, run_after=None
[2024-10-08T09:15:48.858+0000] {processor.py:208} INFO - Processing /root/miniconda3/envs/project/lib/python3.8/site-packages/airflow/example_dags/example_short_circuit_operator.py took 0.109 seconds
[2024-10-08T09:16:58.009+0000] {processor.py:186} INFO - Started process (PID=223173) to work on /root/miniconda3/envs/project/lib/python3.8/site-packages/airflow/example_dags/example_short_circuit_operator.py
[2024-10-08T09:16:58.012+0000] {processor.py:914} INFO - Processing file /root/miniconda3/envs/project/lib/python3.8/site-packages/airflow/example_dags/example_short_circuit_operator.py for tasks to queue
[2024-10-08T09:16:58.016+0000] {logging_mixin.py:190} INFO - [2024-10-08T09:16:58.015+0000] {dagbag.py:588} INFO - Filling up the DagBag from /root/miniconda3/envs/project/lib/python3.8/site-packages/airflow/example_dags/example_short_circuit_operator.py
[2024-10-08T09:16:58.030+0000] {processor.py:925} INFO - DAG(s) 'example_short_circuit_operator' retrieved from /root/miniconda3/envs/project/lib/python3.8/site-packages/airflow/example_dags/example_short_circuit_operator.py
[2024-10-08T09:16:58.059+0000] {logging_mixin.py:190} INFO - [2024-10-08T09:16:58.059+0000] {dag.py:3239} INFO - Sync 1 DAGs
[2024-10-08T09:16:58.077+0000] {logging_mixin.py:190} INFO - [2024-10-08T09:16:58.077+0000] {dag.py:4180} INFO - Setting next_dagrun for example_short_circuit_operator to None, run_after=None
[2024-10-08T09:16:58.110+0000] {processor.py:208} INFO - Processing /root/miniconda3/envs/project/lib/python3.8/site-packages/airflow/example_dags/example_short_circuit_operator.py took 0.111 seconds
[2024-10-08T09:18:06.481+0000] {processor.py:186} INFO - Started process (PID=223400) to work on /root/miniconda3/envs/project/lib/python3.8/site-packages/airflow/example_dags/example_short_circuit_operator.py
[2024-10-08T09:18:06.484+0000] {processor.py:914} INFO - Processing file /root/miniconda3/envs/project/lib/python3.8/site-packages/airflow/example_dags/example_short_circuit_operator.py for tasks to queue
[2024-10-08T09:18:06.488+0000] {logging_mixin.py:190} INFO - [2024-10-08T09:18:06.487+0000] {dagbag.py:588} INFO - Filling up the DagBag from /root/miniconda3/envs/project/lib/python3.8/site-packages/airflow/example_dags/example_short_circuit_operator.py
[2024-10-08T09:18:06.502+0000] {processor.py:925} INFO - DAG(s) 'example_short_circuit_operator' retrieved from /root/miniconda3/envs/project/lib/python3.8/site-packages/airflow/example_dags/example_short_circuit_operator.py
[2024-10-08T09:18:06.530+0000] {logging_mixin.py:190} INFO - [2024-10-08T09:18:06.530+0000] {dag.py:3239} INFO - Sync 1 DAGs
[2024-10-08T09:18:06.549+0000] {logging_mixin.py:190} INFO - [2024-10-08T09:18:06.549+0000] {dag.py:4180} INFO - Setting next_dagrun for example_short_circuit_operator to None, run_after=None
[2024-10-08T09:18:06.597+0000] {processor.py:208} INFO - Processing /root/miniconda3/envs/project/lib/python3.8/site-packages/airflow/example_dags/example_short_circuit_operator.py took 0.126 seconds
[2024-10-08T09:19:23.568+0000] {processor.py:186} INFO - Started process (PID=223639) to work on /root/miniconda3/envs/project/lib/python3.8/site-packages/airflow/example_dags/example_short_circuit_operator.py
[2024-10-08T09:19:23.570+0000] {processor.py:914} INFO - Processing file /root/miniconda3/envs/project/lib/python3.8/site-packages/airflow/example_dags/example_short_circuit_operator.py for tasks to queue
[2024-10-08T09:19:23.573+0000] {logging_mixin.py:190} INFO - [2024-10-08T09:19:23.573+0000] {dagbag.py:588} INFO - Filling up the DagBag from /root/miniconda3/envs/project/lib/python3.8/site-packages/airflow/example_dags/example_short_circuit_operator.py
[2024-10-08T09:19:23.587+0000] {processor.py:925} INFO - DAG(s) 'example_short_circuit_operator' retrieved from /root/miniconda3/envs/project/lib/python3.8/site-packages/airflow/example_dags/example_short_circuit_operator.py
[2024-10-08T09:19:23.617+0000] {logging_mixin.py:190} INFO - [2024-10-08T09:19:23.616+0000] {dag.py:3239} INFO - Sync 1 DAGs
[2024-10-08T09:19:23.635+0000] {logging_mixin.py:190} INFO - [2024-10-08T09:19:23.635+0000] {dag.py:4180} INFO - Setting next_dagrun for example_short_circuit_operator to None, run_after=None
[2024-10-08T09:19:23.667+0000] {processor.py:208} INFO - Processing /root/miniconda3/envs/project/lib/python3.8/site-packages/airflow/example_dags/example_short_circuit_operator.py took 0.111 seconds
[2024-10-08T09:20:30.867+0000] {processor.py:186} INFO - Started process (PID=223925) to work on /root/miniconda3/envs/project/lib/python3.8/site-packages/airflow/example_dags/example_short_circuit_operator.py
[2024-10-08T09:20:30.870+0000] {processor.py:914} INFO - Processing file /root/miniconda3/envs/project/lib/python3.8/site-packages/airflow/example_dags/example_short_circuit_operator.py for tasks to queue
[2024-10-08T09:20:30.873+0000] {logging_mixin.py:190} INFO - [2024-10-08T09:20:30.872+0000] {dagbag.py:588} INFO - Filling up the DagBag from /root/miniconda3/envs/project/lib/python3.8/site-packages/airflow/example_dags/example_short_circuit_operator.py
[2024-10-08T09:20:30.887+0000] {processor.py:925} INFO - DAG(s) 'example_short_circuit_operator' retrieved from /root/miniconda3/envs/project/lib/python3.8/site-packages/airflow/example_dags/example_short_circuit_operator.py
[2024-10-08T09:20:30.915+0000] {logging_mixin.py:190} INFO - [2024-10-08T09:20:30.915+0000] {dag.py:3239} INFO - Sync 1 DAGs
[2024-10-08T09:20:30.933+0000] {logging_mixin.py:190} INFO - [2024-10-08T09:20:30.933+0000] {dag.py:4180} INFO - Setting next_dagrun for example_short_circuit_operator to None, run_after=None
[2024-10-08T09:20:30.965+0000] {processor.py:208} INFO - Processing /root/miniconda3/envs/project/lib/python3.8/site-packages/airflow/example_dags/example_short_circuit_operator.py took 0.110 seconds
[2024-10-08T09:21:47.447+0000] {processor.py:186} INFO - Started process (PID=224224) to work on /root/miniconda3/envs/project/lib/python3.8/site-packages/airflow/example_dags/example_short_circuit_operator.py
[2024-10-08T09:21:47.451+0000] {processor.py:914} INFO - Processing file /root/miniconda3/envs/project/lib/python3.8/site-packages/airflow/example_dags/example_short_circuit_operator.py for tasks to queue
[2024-10-08T09:21:47.456+0000] {logging_mixin.py:190} INFO - [2024-10-08T09:21:47.455+0000] {dagbag.py:588} INFO - Filling up the DagBag from /root/miniconda3/envs/project/lib/python3.8/site-packages/airflow/example_dags/example_short_circuit_operator.py
[2024-10-08T09:21:47.478+0000] {processor.py:925} INFO - DAG(s) 'example_short_circuit_operator' retrieved from /root/miniconda3/envs/project/lib/python3.8/site-packages/airflow/example_dags/example_short_circuit_operator.py
[2024-10-08T09:21:47.511+0000] {logging_mixin.py:190} INFO - [2024-10-08T09:21:47.510+0000] {dag.py:3239} INFO - Sync 1 DAGs
[2024-10-08T09:21:47.529+0000] {logging_mixin.py:190} INFO - [2024-10-08T09:21:47.529+0000] {dag.py:4180} INFO - Setting next_dagrun for example_short_circuit_operator to None, run_after=None
[2024-10-08T09:21:47.561+0000] {processor.py:208} INFO - Processing /root/miniconda3/envs/project/lib/python3.8/site-packages/airflow/example_dags/example_short_circuit_operator.py took 0.127 seconds
[2024-10-08T09:22:54.514+0000] {processor.py:186} INFO - Started process (PID=224446) to work on /root/miniconda3/envs/project/lib/python3.8/site-packages/airflow/example_dags/example_short_circuit_operator.py
[2024-10-08T09:22:54.517+0000] {processor.py:914} INFO - Processing file /root/miniconda3/envs/project/lib/python3.8/site-packages/airflow/example_dags/example_short_circuit_operator.py for tasks to queue
[2024-10-08T09:22:54.520+0000] {logging_mixin.py:190} INFO - [2024-10-08T09:22:54.520+0000] {dagbag.py:588} INFO - Filling up the DagBag from /root/miniconda3/envs/project/lib/python3.8/site-packages/airflow/example_dags/example_short_circuit_operator.py
[2024-10-08T09:22:54.542+0000] {processor.py:925} INFO - DAG(s) 'example_short_circuit_operator' retrieved from /root/miniconda3/envs/project/lib/python3.8/site-packages/airflow/example_dags/example_short_circuit_operator.py
[2024-10-08T09:22:54.571+0000] {logging_mixin.py:190} INFO - [2024-10-08T09:22:54.570+0000] {dag.py:3239} INFO - Sync 1 DAGs
[2024-10-08T09:22:54.591+0000] {logging_mixin.py:190} INFO - [2024-10-08T09:22:54.590+0000] {dag.py:4180} INFO - Setting next_dagrun for example_short_circuit_operator to None, run_after=None
[2024-10-08T09:22:54.626+0000] {processor.py:208} INFO - Processing /root/miniconda3/envs/project/lib/python3.8/site-packages/airflow/example_dags/example_short_circuit_operator.py took 0.123 seconds
[2024-10-08T09:24:05.474+0000] {processor.py:186} INFO - Started process (PID=224642) to work on /root/miniconda3/envs/project/lib/python3.8/site-packages/airflow/example_dags/example_short_circuit_operator.py
[2024-10-08T09:24:05.478+0000] {processor.py:914} INFO - Processing file /root/miniconda3/envs/project/lib/python3.8/site-packages/airflow/example_dags/example_short_circuit_operator.py for tasks to queue
[2024-10-08T09:24:05.481+0000] {logging_mixin.py:190} INFO - [2024-10-08T09:24:05.480+0000] {dagbag.py:588} INFO - Filling up the DagBag from /root/miniconda3/envs/project/lib/python3.8/site-packages/airflow/example_dags/example_short_circuit_operator.py
[2024-10-08T09:24:05.496+0000] {processor.py:925} INFO - DAG(s) 'example_short_circuit_operator' retrieved from /root/miniconda3/envs/project/lib/python3.8/site-packages/airflow/example_dags/example_short_circuit_operator.py
[2024-10-08T09:24:05.526+0000] {logging_mixin.py:190} INFO - [2024-10-08T09:24:05.525+0000] {dag.py:3239} INFO - Sync 1 DAGs
[2024-10-08T09:24:05.544+0000] {logging_mixin.py:190} INFO - [2024-10-08T09:24:05.544+0000] {dag.py:4180} INFO - Setting next_dagrun for example_short_circuit_operator to None, run_after=None
[2024-10-08T09:24:05.582+0000] {processor.py:208} INFO - Processing /root/miniconda3/envs/project/lib/python3.8/site-packages/airflow/example_dags/example_short_circuit_operator.py took 0.121 seconds
[2024-10-08T09:25:14.225+0000] {processor.py:186} INFO - Started process (PID=225341) to work on /root/miniconda3/envs/project/lib/python3.8/site-packages/airflow/example_dags/example_short_circuit_operator.py
[2024-10-08T09:25:14.227+0000] {processor.py:914} INFO - Processing file /root/miniconda3/envs/project/lib/python3.8/site-packages/airflow/example_dags/example_short_circuit_operator.py for tasks to queue
[2024-10-08T09:25:14.230+0000] {logging_mixin.py:190} INFO - [2024-10-08T09:25:14.230+0000] {dagbag.py:588} INFO - Filling up the DagBag from /root/miniconda3/envs/project/lib/python3.8/site-packages/airflow/example_dags/example_short_circuit_operator.py
[2024-10-08T09:25:14.244+0000] {processor.py:925} INFO - DAG(s) 'example_short_circuit_operator' retrieved from /root/miniconda3/envs/project/lib/python3.8/site-packages/airflow/example_dags/example_short_circuit_operator.py
[2024-10-08T09:25:14.272+0000] {logging_mixin.py:190} INFO - [2024-10-08T09:25:14.272+0000] {dag.py:3239} INFO - Sync 1 DAGs
[2024-10-08T09:25:14.291+0000] {logging_mixin.py:190} INFO - [2024-10-08T09:25:14.291+0000] {dag.py:4180} INFO - Setting next_dagrun for example_short_circuit_operator to None, run_after=None
[2024-10-08T09:25:14.324+0000] {processor.py:208} INFO - Processing /root/miniconda3/envs/project/lib/python3.8/site-packages/airflow/example_dags/example_short_circuit_operator.py took 0.109 seconds
[2024-10-08T09:26:23.421+0000] {processor.py:186} INFO - Started process (PID=225729) to work on /root/miniconda3/envs/project/lib/python3.8/site-packages/airflow/example_dags/example_short_circuit_operator.py
[2024-10-08T09:26:23.424+0000] {processor.py:914} INFO - Processing file /root/miniconda3/envs/project/lib/python3.8/site-packages/airflow/example_dags/example_short_circuit_operator.py for tasks to queue
[2024-10-08T09:26:23.429+0000] {logging_mixin.py:190} INFO - [2024-10-08T09:26:23.428+0000] {dagbag.py:588} INFO - Filling up the DagBag from /root/miniconda3/envs/project/lib/python3.8/site-packages/airflow/example_dags/example_short_circuit_operator.py
[2024-10-08T09:26:23.449+0000] {processor.py:925} INFO - DAG(s) 'example_short_circuit_operator' retrieved from /root/miniconda3/envs/project/lib/python3.8/site-packages/airflow/example_dags/example_short_circuit_operator.py
[2024-10-08T09:26:23.478+0000] {logging_mixin.py:190} INFO - [2024-10-08T09:26:23.478+0000] {dag.py:3239} INFO - Sync 1 DAGs
[2024-10-08T09:26:23.496+0000] {logging_mixin.py:190} INFO - [2024-10-08T09:26:23.496+0000] {dag.py:4180} INFO - Setting next_dagrun for example_short_circuit_operator to None, run_after=None
[2024-10-08T09:26:23.529+0000] {processor.py:208} INFO - Processing /root/miniconda3/envs/project/lib/python3.8/site-packages/airflow/example_dags/example_short_circuit_operator.py took 0.122 seconds
[2024-10-08T09:27:36.379+0000] {processor.py:186} INFO - Started process (PID=226142) to work on /root/miniconda3/envs/project/lib/python3.8/site-packages/airflow/example_dags/example_short_circuit_operator.py
[2024-10-08T09:27:36.382+0000] {processor.py:914} INFO - Processing file /root/miniconda3/envs/project/lib/python3.8/site-packages/airflow/example_dags/example_short_circuit_operator.py for tasks to queue
[2024-10-08T09:27:36.385+0000] {logging_mixin.py:190} INFO - [2024-10-08T09:27:36.384+0000] {dagbag.py:588} INFO - Filling up the DagBag from /root/miniconda3/envs/project/lib/python3.8/site-packages/airflow/example_dags/example_short_circuit_operator.py
[2024-10-08T09:27:36.398+0000] {processor.py:925} INFO - DAG(s) 'example_short_circuit_operator' retrieved from /root/miniconda3/envs/project/lib/python3.8/site-packages/airflow/example_dags/example_short_circuit_operator.py
[2024-10-08T09:27:36.427+0000] {logging_mixin.py:190} INFO - [2024-10-08T09:27:36.426+0000] {dag.py:3239} INFO - Sync 1 DAGs
[2024-10-08T09:27:36.446+0000] {logging_mixin.py:190} INFO - [2024-10-08T09:27:36.445+0000] {dag.py:4180} INFO - Setting next_dagrun for example_short_circuit_operator to None, run_after=None
[2024-10-08T09:27:36.479+0000] {processor.py:208} INFO - Processing /root/miniconda3/envs/project/lib/python3.8/site-packages/airflow/example_dags/example_short_circuit_operator.py took 0.112 seconds
[2024-10-08T09:28:47.602+0000] {processor.py:186} INFO - Started process (PID=226739) to work on /root/miniconda3/envs/project/lib/python3.8/site-packages/airflow/example_dags/example_short_circuit_operator.py
[2024-10-08T09:28:47.606+0000] {processor.py:914} INFO - Processing file /root/miniconda3/envs/project/lib/python3.8/site-packages/airflow/example_dags/example_short_circuit_operator.py for tasks to queue
[2024-10-08T09:28:47.609+0000] {logging_mixin.py:190} INFO - [2024-10-08T09:28:47.609+0000] {dagbag.py:588} INFO - Filling up the DagBag from /root/miniconda3/envs/project/lib/python3.8/site-packages/airflow/example_dags/example_short_circuit_operator.py
[2024-10-08T09:28:47.624+0000] {processor.py:925} INFO - DAG(s) 'example_short_circuit_operator' retrieved from /root/miniconda3/envs/project/lib/python3.8/site-packages/airflow/example_dags/example_short_circuit_operator.py
[2024-10-08T09:28:47.659+0000] {logging_mixin.py:190} INFO - [2024-10-08T09:28:47.659+0000] {dag.py:3239} INFO - Sync 1 DAGs
[2024-10-08T09:28:47.679+0000] {logging_mixin.py:190} INFO - [2024-10-08T09:28:47.679+0000] {dag.py:4180} INFO - Setting next_dagrun for example_short_circuit_operator to None, run_after=None
[2024-10-08T09:28:47.714+0000] {processor.py:208} INFO - Processing /root/miniconda3/envs/project/lib/python3.8/site-packages/airflow/example_dags/example_short_circuit_operator.py took 0.121 seconds
[2024-10-08T09:30:07.832+0000] {processor.py:186} INFO - Started process (PID=227540) to work on /root/miniconda3/envs/project/lib/python3.8/site-packages/airflow/example_dags/example_short_circuit_operator.py
[2024-10-08T09:30:07.835+0000] {processor.py:914} INFO - Processing file /root/miniconda3/envs/project/lib/python3.8/site-packages/airflow/example_dags/example_short_circuit_operator.py for tasks to queue
[2024-10-08T09:30:07.838+0000] {logging_mixin.py:190} INFO - [2024-10-08T09:30:07.837+0000] {dagbag.py:588} INFO - Filling up the DagBag from /root/miniconda3/envs/project/lib/python3.8/site-packages/airflow/example_dags/example_short_circuit_operator.py
[2024-10-08T09:30:07.852+0000] {processor.py:925} INFO - DAG(s) 'example_short_circuit_operator' retrieved from /root/miniconda3/envs/project/lib/python3.8/site-packages/airflow/example_dags/example_short_circuit_operator.py
[2024-10-08T09:30:07.990+0000] {logging_mixin.py:190} INFO - [2024-10-08T09:30:07.990+0000] {dag.py:3239} INFO - Sync 1 DAGs
[2024-10-08T09:30:08.005+0000] {logging_mixin.py:190} INFO - [2024-10-08T09:30:08.005+0000] {dag.py:4180} INFO - Setting next_dagrun for example_short_circuit_operator to None, run_after=None
[2024-10-08T09:30:08.041+0000] {processor.py:208} INFO - Processing /root/miniconda3/envs/project/lib/python3.8/site-packages/airflow/example_dags/example_short_circuit_operator.py took 0.220 seconds
[2024-10-08T09:31:42.842+0000] {processor.py:186} INFO - Started process (PID=228647) to work on /root/miniconda3/envs/project/lib/python3.8/site-packages/airflow/example_dags/example_short_circuit_operator.py
[2024-10-08T09:31:42.846+0000] {processor.py:914} INFO - Processing file /root/miniconda3/envs/project/lib/python3.8/site-packages/airflow/example_dags/example_short_circuit_operator.py for tasks to queue
[2024-10-08T09:31:42.849+0000] {logging_mixin.py:190} INFO - [2024-10-08T09:31:42.848+0000] {dagbag.py:588} INFO - Filling up the DagBag from /root/miniconda3/envs/project/lib/python3.8/site-packages/airflow/example_dags/example_short_circuit_operator.py
[2024-10-08T09:31:42.863+0000] {processor.py:925} INFO - DAG(s) 'example_short_circuit_operator' retrieved from /root/miniconda3/envs/project/lib/python3.8/site-packages/airflow/example_dags/example_short_circuit_operator.py
[2024-10-08T09:31:42.891+0000] {logging_mixin.py:190} INFO - [2024-10-08T09:31:42.891+0000] {dag.py:3239} INFO - Sync 1 DAGs
[2024-10-08T09:31:42.910+0000] {logging_mixin.py:190} INFO - [2024-10-08T09:31:42.909+0000] {dag.py:4180} INFO - Setting next_dagrun for example_short_circuit_operator to None, run_after=None
[2024-10-08T09:31:42.944+0000] {processor.py:208} INFO - Processing /root/miniconda3/envs/project/lib/python3.8/site-packages/airflow/example_dags/example_short_circuit_operator.py took 0.111 seconds
[2024-10-08T09:32:54.255+0000] {processor.py:186} INFO - Started process (PID=229167) to work on /root/miniconda3/envs/project/lib/python3.8/site-packages/airflow/example_dags/example_short_circuit_operator.py
[2024-10-08T09:32:54.257+0000] {processor.py:914} INFO - Processing file /root/miniconda3/envs/project/lib/python3.8/site-packages/airflow/example_dags/example_short_circuit_operator.py for tasks to queue
[2024-10-08T09:32:54.261+0000] {logging_mixin.py:190} INFO - [2024-10-08T09:32:54.260+0000] {dagbag.py:588} INFO - Filling up the DagBag from /root/miniconda3/envs/project/lib/python3.8/site-packages/airflow/example_dags/example_short_circuit_operator.py
[2024-10-08T09:32:54.274+0000] {processor.py:925} INFO - DAG(s) 'example_short_circuit_operator' retrieved from /root/miniconda3/envs/project/lib/python3.8/site-packages/airflow/example_dags/example_short_circuit_operator.py
[2024-10-08T09:32:54.303+0000] {logging_mixin.py:190} INFO - [2024-10-08T09:32:54.302+0000] {dag.py:3239} INFO - Sync 1 DAGs
[2024-10-08T09:32:54.324+0000] {logging_mixin.py:190} INFO - [2024-10-08T09:32:54.324+0000] {dag.py:4180} INFO - Setting next_dagrun for example_short_circuit_operator to None, run_after=None
[2024-10-08T09:32:54.357+0000] {processor.py:208} INFO - Processing /root/miniconda3/envs/project/lib/python3.8/site-packages/airflow/example_dags/example_short_circuit_operator.py took 0.115 seconds
