[2024-10-08T07:57:26.745+0000] {processor.py:186} INFO - Started process (PID=207109) to work on /root/miniconda3/envs/project/lib/python3.8/site-packages/airflow/example_dags/example_python_operator.py
[2024-10-08T07:57:26.747+0000] {processor.py:914} INFO - Processing file /root/miniconda3/envs/project/lib/python3.8/site-packages/airflow/example_dags/example_python_operator.py for tasks to queue
[2024-10-08T07:57:26.750+0000] {logging_mixin.py:190} INFO - [2024-10-08T07:57:26.750+0000] {dagbag.py:588} INFO - Filling up the DagBag from /root/miniconda3/envs/project/lib/python3.8/site-packages/airflow/example_dags/example_python_operator.py
[2024-10-08T07:57:26.761+0000] {logging_mixin.py:190} INFO - [2024-10-08T07:57:26.761+0000] {example_python_operator.py:93} WARNING - The virtalenv_python example task requires virtualenv, please install it.
[2024-10-08T07:57:26.765+0000] {processor.py:925} INFO - DAG(s) 'example_python_operator' retrieved from /root/miniconda3/envs/project/lib/python3.8/site-packages/airflow/example_dags/example_python_operator.py
[2024-10-08T07:57:26.916+0000] {logging_mixin.py:190} INFO - [2024-10-08T07:57:26.915+0000] {override.py:1901} INFO - Created Permission View: can delete on DAG:example_python_operator
[2024-10-08T07:57:26.934+0000] {logging_mixin.py:190} INFO - [2024-10-08T07:57:26.934+0000] {override.py:1901} INFO - Created Permission View: can read on DAG:example_python_operator
[2024-10-08T07:57:26.953+0000] {logging_mixin.py:190} INFO - [2024-10-08T07:57:26.952+0000] {override.py:1901} INFO - Created Permission View: can edit on DAG:example_python_operator
[2024-10-08T07:57:26.979+0000] {logging_mixin.py:190} INFO - [2024-10-08T07:57:26.978+0000] {override.py:1901} INFO - Created Permission View: can delete on DAG Run:example_python_operator
[2024-10-08T07:57:26.995+0000] {logging_mixin.py:190} INFO - [2024-10-08T07:57:26.994+0000] {override.py:1901} INFO - Created Permission View: menu access on DAG Run:example_python_operator
[2024-10-08T07:57:27.009+0000] {logging_mixin.py:190} INFO - [2024-10-08T07:57:27.009+0000] {override.py:1901} INFO - Created Permission View: can create on DAG Run:example_python_operator
[2024-10-08T07:57:27.024+0000] {logging_mixin.py:190} INFO - [2024-10-08T07:57:27.024+0000] {override.py:1901} INFO - Created Permission View: can read on DAG Run:example_python_operator
[2024-10-08T07:57:27.025+0000] {logging_mixin.py:190} INFO - [2024-10-08T07:57:27.025+0000] {dag.py:3239} INFO - Sync 1 DAGs
[2024-10-08T07:57:27.044+0000] {logging_mixin.py:190} INFO - [2024-10-08T07:57:27.044+0000] {dag.py:3262} INFO - Creating ORM DAG for example_python_operator
[2024-10-08T07:57:27.045+0000] {logging_mixin.py:190} INFO - [2024-10-08T07:57:27.045+0000] {dag.py:4180} INFO - Setting next_dagrun for example_python_operator to None, run_after=None
[2024-10-08T07:57:27.076+0000] {processor.py:208} INFO - Processing /root/miniconda3/envs/project/lib/python3.8/site-packages/airflow/example_dags/example_python_operator.py took 0.342 seconds
[2024-10-08T07:58:40.836+0000] {processor.py:186} INFO - Started process (PID=207311) to work on /root/miniconda3/envs/project/lib/python3.8/site-packages/airflow/example_dags/example_python_operator.py
[2024-10-08T07:58:40.839+0000] {processor.py:914} INFO - Processing file /root/miniconda3/envs/project/lib/python3.8/site-packages/airflow/example_dags/example_python_operator.py for tasks to queue
[2024-10-08T07:58:40.842+0000] {logging_mixin.py:190} INFO - [2024-10-08T07:58:40.841+0000] {dagbag.py:588} INFO - Filling up the DagBag from /root/miniconda3/envs/project/lib/python3.8/site-packages/airflow/example_dags/example_python_operator.py
[2024-10-08T07:58:40.852+0000] {logging_mixin.py:190} INFO - [2024-10-08T07:58:40.852+0000] {example_python_operator.py:93} WARNING - The virtalenv_python example task requires virtualenv, please install it.
[2024-10-08T07:58:40.855+0000] {processor.py:925} INFO - DAG(s) 'example_python_operator' retrieved from /root/miniconda3/envs/project/lib/python3.8/site-packages/airflow/example_dags/example_python_operator.py
[2024-10-08T07:58:40.881+0000] {logging_mixin.py:190} INFO - [2024-10-08T07:58:40.881+0000] {dag.py:3239} INFO - Sync 1 DAGs
[2024-10-08T07:58:40.899+0000] {logging_mixin.py:190} INFO - [2024-10-08T07:58:40.899+0000] {dag.py:4180} INFO - Setting next_dagrun for example_python_operator to None, run_after=None
[2024-10-08T07:58:40.931+0000] {processor.py:208} INFO - Processing /root/miniconda3/envs/project/lib/python3.8/site-packages/airflow/example_dags/example_python_operator.py took 0.107 seconds
[2024-10-08T07:59:53.616+0000] {processor.py:186} INFO - Started process (PID=207570) to work on /root/miniconda3/envs/project/lib/python3.8/site-packages/airflow/example_dags/example_python_operator.py
[2024-10-08T07:59:53.619+0000] {processor.py:914} INFO - Processing file /root/miniconda3/envs/project/lib/python3.8/site-packages/airflow/example_dags/example_python_operator.py for tasks to queue
[2024-10-08T07:59:53.622+0000] {logging_mixin.py:190} INFO - [2024-10-08T07:59:53.622+0000] {dagbag.py:588} INFO - Filling up the DagBag from /root/miniconda3/envs/project/lib/python3.8/site-packages/airflow/example_dags/example_python_operator.py
[2024-10-08T07:59:53.633+0000] {logging_mixin.py:190} INFO - [2024-10-08T07:59:53.632+0000] {example_python_operator.py:93} WARNING - The virtalenv_python example task requires virtualenv, please install it.
[2024-10-08T07:59:53.636+0000] {processor.py:925} INFO - DAG(s) 'example_python_operator' retrieved from /root/miniconda3/envs/project/lib/python3.8/site-packages/airflow/example_dags/example_python_operator.py
[2024-10-08T07:59:53.662+0000] {logging_mixin.py:190} INFO - [2024-10-08T07:59:53.661+0000] {dag.py:3239} INFO - Sync 1 DAGs
[2024-10-08T07:59:53.680+0000] {logging_mixin.py:190} INFO - [2024-10-08T07:59:53.680+0000] {dag.py:4180} INFO - Setting next_dagrun for example_python_operator to None, run_after=None
[2024-10-08T07:59:53.714+0000] {processor.py:208} INFO - Processing /root/miniconda3/envs/project/lib/python3.8/site-packages/airflow/example_dags/example_python_operator.py took 0.107 seconds
[2024-10-08T08:01:03.425+0000] {processor.py:186} INFO - Started process (PID=207959) to work on /root/miniconda3/envs/project/lib/python3.8/site-packages/airflow/example_dags/example_python_operator.py
[2024-10-08T08:01:03.428+0000] {processor.py:914} INFO - Processing file /root/miniconda3/envs/project/lib/python3.8/site-packages/airflow/example_dags/example_python_operator.py for tasks to queue
[2024-10-08T08:01:03.432+0000] {logging_mixin.py:190} INFO - [2024-10-08T08:01:03.431+0000] {dagbag.py:588} INFO - Filling up the DagBag from /root/miniconda3/envs/project/lib/python3.8/site-packages/airflow/example_dags/example_python_operator.py
[2024-10-08T08:01:03.442+0000] {logging_mixin.py:190} INFO - [2024-10-08T08:01:03.442+0000] {example_python_operator.py:93} WARNING - The virtalenv_python example task requires virtualenv, please install it.
[2024-10-08T08:01:03.446+0000] {processor.py:925} INFO - DAG(s) 'example_python_operator' retrieved from /root/miniconda3/envs/project/lib/python3.8/site-packages/airflow/example_dags/example_python_operator.py
[2024-10-08T08:01:03.472+0000] {logging_mixin.py:190} INFO - [2024-10-08T08:01:03.471+0000] {dag.py:3239} INFO - Sync 1 DAGs
[2024-10-08T08:01:03.490+0000] {logging_mixin.py:190} INFO - [2024-10-08T08:01:03.489+0000] {dag.py:4180} INFO - Setting next_dagrun for example_python_operator to None, run_after=None
[2024-10-08T08:01:03.526+0000] {processor.py:208} INFO - Processing /root/miniconda3/envs/project/lib/python3.8/site-packages/airflow/example_dags/example_python_operator.py took 0.111 seconds
[2024-10-08T08:02:17.730+0000] {processor.py:186} INFO - Started process (PID=208216) to work on /root/miniconda3/envs/project/lib/python3.8/site-packages/airflow/example_dags/example_python_operator.py
[2024-10-08T08:02:17.733+0000] {processor.py:914} INFO - Processing file /root/miniconda3/envs/project/lib/python3.8/site-packages/airflow/example_dags/example_python_operator.py for tasks to queue
[2024-10-08T08:02:17.736+0000] {logging_mixin.py:190} INFO - [2024-10-08T08:02:17.736+0000] {dagbag.py:588} INFO - Filling up the DagBag from /root/miniconda3/envs/project/lib/python3.8/site-packages/airflow/example_dags/example_python_operator.py
[2024-10-08T08:02:17.746+0000] {logging_mixin.py:190} INFO - [2024-10-08T08:02:17.746+0000] {example_python_operator.py:93} WARNING - The virtalenv_python example task requires virtualenv, please install it.
[2024-10-08T08:02:17.750+0000] {processor.py:925} INFO - DAG(s) 'example_python_operator' retrieved from /root/miniconda3/envs/project/lib/python3.8/site-packages/airflow/example_dags/example_python_operator.py
[2024-10-08T08:02:17.775+0000] {logging_mixin.py:190} INFO - [2024-10-08T08:02:17.775+0000] {dag.py:3239} INFO - Sync 1 DAGs
[2024-10-08T08:02:17.793+0000] {logging_mixin.py:190} INFO - [2024-10-08T08:02:17.793+0000] {dag.py:4180} INFO - Setting next_dagrun for example_python_operator to None, run_after=None
[2024-10-08T08:02:17.831+0000] {processor.py:208} INFO - Processing /root/miniconda3/envs/project/lib/python3.8/site-packages/airflow/example_dags/example_python_operator.py took 0.112 seconds
[2024-10-08T08:03:28.517+0000] {processor.py:186} INFO - Started process (PID=208421) to work on /root/miniconda3/envs/project/lib/python3.8/site-packages/airflow/example_dags/example_python_operator.py
[2024-10-08T08:03:28.520+0000] {processor.py:914} INFO - Processing file /root/miniconda3/envs/project/lib/python3.8/site-packages/airflow/example_dags/example_python_operator.py for tasks to queue
[2024-10-08T08:03:28.524+0000] {logging_mixin.py:190} INFO - [2024-10-08T08:03:28.523+0000] {dagbag.py:588} INFO - Filling up the DagBag from /root/miniconda3/envs/project/lib/python3.8/site-packages/airflow/example_dags/example_python_operator.py
[2024-10-08T08:03:28.534+0000] {logging_mixin.py:190} INFO - [2024-10-08T08:03:28.534+0000] {example_python_operator.py:93} WARNING - The virtalenv_python example task requires virtualenv, please install it.
[2024-10-08T08:03:28.538+0000] {processor.py:925} INFO - DAG(s) 'example_python_operator' retrieved from /root/miniconda3/envs/project/lib/python3.8/site-packages/airflow/example_dags/example_python_operator.py
[2024-10-08T08:03:28.564+0000] {logging_mixin.py:190} INFO - [2024-10-08T08:03:28.564+0000] {dag.py:3239} INFO - Sync 1 DAGs
[2024-10-08T08:03:28.582+0000] {logging_mixin.py:190} INFO - [2024-10-08T08:03:28.582+0000] {dag.py:4180} INFO - Setting next_dagrun for example_python_operator to None, run_after=None
[2024-10-08T08:03:28.616+0000] {processor.py:208} INFO - Processing /root/miniconda3/envs/project/lib/python3.8/site-packages/airflow/example_dags/example_python_operator.py took 0.109 seconds
[2024-10-08T08:04:36.675+0000] {processor.py:186} INFO - Started process (PID=208624) to work on /root/miniconda3/envs/project/lib/python3.8/site-packages/airflow/example_dags/example_python_operator.py
[2024-10-08T08:04:36.678+0000] {processor.py:914} INFO - Processing file /root/miniconda3/envs/project/lib/python3.8/site-packages/airflow/example_dags/example_python_operator.py for tasks to queue
[2024-10-08T08:04:36.681+0000] {logging_mixin.py:190} INFO - [2024-10-08T08:04:36.681+0000] {dagbag.py:588} INFO - Filling up the DagBag from /root/miniconda3/envs/project/lib/python3.8/site-packages/airflow/example_dags/example_python_operator.py
[2024-10-08T08:04:36.692+0000] {logging_mixin.py:190} INFO - [2024-10-08T08:04:36.692+0000] {example_python_operator.py:93} WARNING - The virtalenv_python example task requires virtualenv, please install it.
[2024-10-08T08:04:36.695+0000] {processor.py:925} INFO - DAG(s) 'example_python_operator' retrieved from /root/miniconda3/envs/project/lib/python3.8/site-packages/airflow/example_dags/example_python_operator.py
[2024-10-08T08:04:36.722+0000] {logging_mixin.py:190} INFO - [2024-10-08T08:04:36.721+0000] {dag.py:3239} INFO - Sync 1 DAGs
[2024-10-08T08:04:36.740+0000] {logging_mixin.py:190} INFO - [2024-10-08T08:04:36.739+0000] {dag.py:4180} INFO - Setting next_dagrun for example_python_operator to None, run_after=None
[2024-10-08T08:04:36.771+0000] {processor.py:208} INFO - Processing /root/miniconda3/envs/project/lib/python3.8/site-packages/airflow/example_dags/example_python_operator.py took 0.109 seconds
[2024-10-08T08:05:37.689+0000] {processor.py:186} INFO - Started process (PID=208807) to work on /root/miniconda3/envs/project/lib/python3.8/site-packages/airflow/example_dags/example_python_operator.py
[2024-10-08T08:05:37.692+0000] {processor.py:914} INFO - Processing file /root/miniconda3/envs/project/lib/python3.8/site-packages/airflow/example_dags/example_python_operator.py for tasks to queue
[2024-10-08T08:05:37.695+0000] {logging_mixin.py:190} INFO - [2024-10-08T08:05:37.695+0000] {dagbag.py:588} INFO - Filling up the DagBag from /root/miniconda3/envs/project/lib/python3.8/site-packages/airflow/example_dags/example_python_operator.py
[2024-10-08T08:05:37.706+0000] {logging_mixin.py:190} INFO - [2024-10-08T08:05:37.706+0000] {example_python_operator.py:93} WARNING - The virtalenv_python example task requires virtualenv, please install it.
[2024-10-08T08:05:37.710+0000] {processor.py:925} INFO - DAG(s) 'example_python_operator' retrieved from /root/miniconda3/envs/project/lib/python3.8/site-packages/airflow/example_dags/example_python_operator.py
[2024-10-08T08:05:37.736+0000] {logging_mixin.py:190} INFO - [2024-10-08T08:05:37.735+0000] {dag.py:3239} INFO - Sync 1 DAGs
[2024-10-08T08:05:37.754+0000] {logging_mixin.py:190} INFO - [2024-10-08T08:05:37.754+0000] {dag.py:4180} INFO - Setting next_dagrun for example_python_operator to None, run_after=None
[2024-10-08T08:05:37.787+0000] {processor.py:208} INFO - Processing /root/miniconda3/envs/project/lib/python3.8/site-packages/airflow/example_dags/example_python_operator.py took 0.109 seconds
[2024-10-08T08:06:39.145+0000] {processor.py:186} INFO - Started process (PID=208991) to work on /root/miniconda3/envs/project/lib/python3.8/site-packages/airflow/example_dags/example_python_operator.py
[2024-10-08T08:06:39.148+0000] {processor.py:914} INFO - Processing file /root/miniconda3/envs/project/lib/python3.8/site-packages/airflow/example_dags/example_python_operator.py for tasks to queue
[2024-10-08T08:06:39.152+0000] {logging_mixin.py:190} INFO - [2024-10-08T08:06:39.151+0000] {dagbag.py:588} INFO - Filling up the DagBag from /root/miniconda3/envs/project/lib/python3.8/site-packages/airflow/example_dags/example_python_operator.py
[2024-10-08T08:06:39.163+0000] {logging_mixin.py:190} INFO - [2024-10-08T08:06:39.162+0000] {example_python_operator.py:93} WARNING - The virtalenv_python example task requires virtualenv, please install it.
[2024-10-08T08:06:39.166+0000] {processor.py:925} INFO - DAG(s) 'example_python_operator' retrieved from /root/miniconda3/envs/project/lib/python3.8/site-packages/airflow/example_dags/example_python_operator.py
[2024-10-08T08:06:39.192+0000] {logging_mixin.py:190} INFO - [2024-10-08T08:06:39.192+0000] {dag.py:3239} INFO - Sync 1 DAGs
[2024-10-08T08:06:39.211+0000] {logging_mixin.py:190} INFO - [2024-10-08T08:06:39.210+0000] {dag.py:4180} INFO - Setting next_dagrun for example_python_operator to None, run_after=None
[2024-10-08T08:06:39.243+0000] {processor.py:208} INFO - Processing /root/miniconda3/envs/project/lib/python3.8/site-packages/airflow/example_dags/example_python_operator.py took 0.111 seconds
[2024-10-08T08:07:48.624+0000] {processor.py:186} INFO - Started process (PID=209237) to work on /root/miniconda3/envs/project/lib/python3.8/site-packages/airflow/example_dags/example_python_operator.py
[2024-10-08T08:07:48.627+0000] {processor.py:914} INFO - Processing file /root/miniconda3/envs/project/lib/python3.8/site-packages/airflow/example_dags/example_python_operator.py for tasks to queue
[2024-10-08T08:07:48.630+0000] {logging_mixin.py:190} INFO - [2024-10-08T08:07:48.629+0000] {dagbag.py:588} INFO - Filling up the DagBag from /root/miniconda3/envs/project/lib/python3.8/site-packages/airflow/example_dags/example_python_operator.py
[2024-10-08T08:07:48.642+0000] {logging_mixin.py:190} INFO - [2024-10-08T08:07:48.642+0000] {example_python_operator.py:93} WARNING - The virtalenv_python example task requires virtualenv, please install it.
[2024-10-08T08:07:48.646+0000] {processor.py:925} INFO - DAG(s) 'example_python_operator' retrieved from /root/miniconda3/envs/project/lib/python3.8/site-packages/airflow/example_dags/example_python_operator.py
[2024-10-08T08:07:48.675+0000] {logging_mixin.py:190} INFO - [2024-10-08T08:07:48.674+0000] {dag.py:3239} INFO - Sync 1 DAGs
[2024-10-08T08:07:48.694+0000] {logging_mixin.py:190} INFO - [2024-10-08T08:07:48.693+0000] {dag.py:4180} INFO - Setting next_dagrun for example_python_operator to None, run_after=None
[2024-10-08T08:07:48.734+0000] {processor.py:208} INFO - Processing /root/miniconda3/envs/project/lib/python3.8/site-packages/airflow/example_dags/example_python_operator.py took 0.120 seconds
[2024-10-08T08:09:57.344+0000] {processor.py:186} INFO - Started process (PID=210067) to work on /root/miniconda3/envs/project/lib/python3.8/site-packages/airflow/example_dags/example_python_operator.py
[2024-10-08T08:09:57.347+0000] {processor.py:914} INFO - Processing file /root/miniconda3/envs/project/lib/python3.8/site-packages/airflow/example_dags/example_python_operator.py for tasks to queue
[2024-10-08T08:09:57.350+0000] {logging_mixin.py:190} INFO - [2024-10-08T08:09:57.350+0000] {dagbag.py:588} INFO - Filling up the DagBag from /root/miniconda3/envs/project/lib/python3.8/site-packages/airflow/example_dags/example_python_operator.py
[2024-10-08T08:09:57.361+0000] {logging_mixin.py:190} INFO - [2024-10-08T08:09:57.361+0000] {example_python_operator.py:93} WARNING - The virtalenv_python example task requires virtualenv, please install it.
[2024-10-08T08:09:57.365+0000] {processor.py:925} INFO - DAG(s) 'example_python_operator' retrieved from /root/miniconda3/envs/project/lib/python3.8/site-packages/airflow/example_dags/example_python_operator.py
[2024-10-08T08:09:57.394+0000] {logging_mixin.py:190} INFO - [2024-10-08T08:09:57.393+0000] {dag.py:3239} INFO - Sync 1 DAGs
[2024-10-08T08:09:57.412+0000] {logging_mixin.py:190} INFO - [2024-10-08T08:09:57.411+0000] {dag.py:4180} INFO - Setting next_dagrun for example_python_operator to None, run_after=None
[2024-10-08T08:09:57.446+0000] {processor.py:208} INFO - Processing /root/miniconda3/envs/project/lib/python3.8/site-packages/airflow/example_dags/example_python_operator.py took 0.113 seconds
[2024-10-08T08:11:21.718+0000] {processor.py:186} INFO - Started process (PID=210534) to work on /root/miniconda3/envs/project/lib/python3.8/site-packages/airflow/example_dags/example_python_operator.py
[2024-10-08T08:11:21.721+0000] {processor.py:914} INFO - Processing file /root/miniconda3/envs/project/lib/python3.8/site-packages/airflow/example_dags/example_python_operator.py for tasks to queue
[2024-10-08T08:11:21.724+0000] {logging_mixin.py:190} INFO - [2024-10-08T08:11:21.724+0000] {dagbag.py:588} INFO - Filling up the DagBag from /root/miniconda3/envs/project/lib/python3.8/site-packages/airflow/example_dags/example_python_operator.py
[2024-10-08T08:11:21.734+0000] {logging_mixin.py:190} INFO - [2024-10-08T08:11:21.734+0000] {example_python_operator.py:93} WARNING - The virtalenv_python example task requires virtualenv, please install it.
[2024-10-08T08:11:21.738+0000] {processor.py:925} INFO - DAG(s) 'example_python_operator' retrieved from /root/miniconda3/envs/project/lib/python3.8/site-packages/airflow/example_dags/example_python_operator.py
[2024-10-08T08:11:21.766+0000] {logging_mixin.py:190} INFO - [2024-10-08T08:11:21.765+0000] {dag.py:3239} INFO - Sync 1 DAGs
[2024-10-08T08:11:21.784+0000] {logging_mixin.py:190} INFO - [2024-10-08T08:11:21.784+0000] {dag.py:4180} INFO - Setting next_dagrun for example_python_operator to None, run_after=None
[2024-10-08T08:11:21.815+0000] {processor.py:208} INFO - Processing /root/miniconda3/envs/project/lib/python3.8/site-packages/airflow/example_dags/example_python_operator.py took 0.109 seconds
[2024-10-08T08:12:59.781+0000] {processor.py:186} INFO - Started process (PID=211062) to work on /root/miniconda3/envs/project/lib/python3.8/site-packages/airflow/example_dags/example_python_operator.py
[2024-10-08T08:12:59.784+0000] {processor.py:914} INFO - Processing file /root/miniconda3/envs/project/lib/python3.8/site-packages/airflow/example_dags/example_python_operator.py for tasks to queue
[2024-10-08T08:12:59.787+0000] {logging_mixin.py:190} INFO - [2024-10-08T08:12:59.787+0000] {dagbag.py:588} INFO - Filling up the DagBag from /root/miniconda3/envs/project/lib/python3.8/site-packages/airflow/example_dags/example_python_operator.py
[2024-10-08T08:12:59.798+0000] {logging_mixin.py:190} INFO - [2024-10-08T08:12:59.797+0000] {example_python_operator.py:93} WARNING - The virtalenv_python example task requires virtualenv, please install it.
[2024-10-08T08:12:59.801+0000] {processor.py:925} INFO - DAG(s) 'example_python_operator' retrieved from /root/miniconda3/envs/project/lib/python3.8/site-packages/airflow/example_dags/example_python_operator.py
[2024-10-08T08:12:59.828+0000] {logging_mixin.py:190} INFO - [2024-10-08T08:12:59.828+0000] {dag.py:3239} INFO - Sync 1 DAGs
[2024-10-08T08:12:59.847+0000] {logging_mixin.py:190} INFO - [2024-10-08T08:12:59.847+0000] {dag.py:4180} INFO - Setting next_dagrun for example_python_operator to None, run_after=None
[2024-10-08T08:12:59.884+0000] {processor.py:208} INFO - Processing /root/miniconda3/envs/project/lib/python3.8/site-packages/airflow/example_dags/example_python_operator.py took 0.114 seconds
[2024-10-08T08:14:05.739+0000] {processor.py:186} INFO - Started process (PID=211264) to work on /root/miniconda3/envs/project/lib/python3.8/site-packages/airflow/example_dags/example_python_operator.py
[2024-10-08T08:14:05.742+0000] {processor.py:914} INFO - Processing file /root/miniconda3/envs/project/lib/python3.8/site-packages/airflow/example_dags/example_python_operator.py for tasks to queue
[2024-10-08T08:14:05.746+0000] {logging_mixin.py:190} INFO - [2024-10-08T08:14:05.745+0000] {dagbag.py:588} INFO - Filling up the DagBag from /root/miniconda3/envs/project/lib/python3.8/site-packages/airflow/example_dags/example_python_operator.py
[2024-10-08T08:14:05.757+0000] {logging_mixin.py:190} INFO - [2024-10-08T08:14:05.756+0000] {example_python_operator.py:93} WARNING - The virtalenv_python example task requires virtualenv, please install it.
[2024-10-08T08:14:05.760+0000] {processor.py:925} INFO - DAG(s) 'example_python_operator' retrieved from /root/miniconda3/envs/project/lib/python3.8/site-packages/airflow/example_dags/example_python_operator.py
[2024-10-08T08:14:05.787+0000] {logging_mixin.py:190} INFO - [2024-10-08T08:14:05.786+0000] {dag.py:3239} INFO - Sync 1 DAGs
[2024-10-08T08:14:05.805+0000] {logging_mixin.py:190} INFO - [2024-10-08T08:14:05.805+0000] {dag.py:4180} INFO - Setting next_dagrun for example_python_operator to None, run_after=None
[2024-10-08T08:14:05.835+0000] {processor.py:208} INFO - Processing /root/miniconda3/envs/project/lib/python3.8/site-packages/airflow/example_dags/example_python_operator.py took 0.107 seconds
[2024-10-08T08:15:14.826+0000] {processor.py:186} INFO - Started process (PID=211515) to work on /root/miniconda3/envs/project/lib/python3.8/site-packages/airflow/example_dags/example_python_operator.py
[2024-10-08T08:15:14.829+0000] {processor.py:914} INFO - Processing file /root/miniconda3/envs/project/lib/python3.8/site-packages/airflow/example_dags/example_python_operator.py for tasks to queue
[2024-10-08T08:15:14.833+0000] {logging_mixin.py:190} INFO - [2024-10-08T08:15:14.832+0000] {dagbag.py:588} INFO - Filling up the DagBag from /root/miniconda3/envs/project/lib/python3.8/site-packages/airflow/example_dags/example_python_operator.py
[2024-10-08T08:15:14.843+0000] {logging_mixin.py:190} INFO - [2024-10-08T08:15:14.843+0000] {example_python_operator.py:93} WARNING - The virtalenv_python example task requires virtualenv, please install it.
[2024-10-08T08:15:14.847+0000] {processor.py:925} INFO - DAG(s) 'example_python_operator' retrieved from /root/miniconda3/envs/project/lib/python3.8/site-packages/airflow/example_dags/example_python_operator.py
[2024-10-08T08:15:14.873+0000] {logging_mixin.py:190} INFO - [2024-10-08T08:15:14.873+0000] {dag.py:3239} INFO - Sync 1 DAGs
[2024-10-08T08:15:14.891+0000] {logging_mixin.py:190} INFO - [2024-10-08T08:15:14.891+0000] {dag.py:4180} INFO - Setting next_dagrun for example_python_operator to None, run_after=None
[2024-10-08T08:15:14.928+0000] {processor.py:208} INFO - Processing /root/miniconda3/envs/project/lib/python3.8/site-packages/airflow/example_dags/example_python_operator.py took 0.112 seconds
[2024-10-08T08:16:23.133+0000] {processor.py:186} INFO - Started process (PID=211719) to work on /root/miniconda3/envs/project/lib/python3.8/site-packages/airflow/example_dags/example_python_operator.py
[2024-10-08T08:16:23.136+0000] {processor.py:914} INFO - Processing file /root/miniconda3/envs/project/lib/python3.8/site-packages/airflow/example_dags/example_python_operator.py for tasks to queue
[2024-10-08T08:16:23.139+0000] {logging_mixin.py:190} INFO - [2024-10-08T08:16:23.139+0000] {dagbag.py:588} INFO - Filling up the DagBag from /root/miniconda3/envs/project/lib/python3.8/site-packages/airflow/example_dags/example_python_operator.py
[2024-10-08T08:16:23.151+0000] {logging_mixin.py:190} INFO - [2024-10-08T08:16:23.150+0000] {example_python_operator.py:93} WARNING - The virtalenv_python example task requires virtualenv, please install it.
[2024-10-08T08:16:23.154+0000] {processor.py:925} INFO - DAG(s) 'example_python_operator' retrieved from /root/miniconda3/envs/project/lib/python3.8/site-packages/airflow/example_dags/example_python_operator.py
[2024-10-08T08:16:23.181+0000] {logging_mixin.py:190} INFO - [2024-10-08T08:16:23.181+0000] {dag.py:3239} INFO - Sync 1 DAGs
[2024-10-08T08:16:23.201+0000] {logging_mixin.py:190} INFO - [2024-10-08T08:16:23.201+0000] {dag.py:4180} INFO - Setting next_dagrun for example_python_operator to None, run_after=None
[2024-10-08T08:16:23.236+0000] {processor.py:208} INFO - Processing /root/miniconda3/envs/project/lib/python3.8/site-packages/airflow/example_dags/example_python_operator.py took 0.115 seconds
[2024-10-08T08:17:32.978+0000] {processor.py:186} INFO - Started process (PID=211971) to work on /root/miniconda3/envs/project/lib/python3.8/site-packages/airflow/example_dags/example_python_operator.py
[2024-10-08T08:17:32.981+0000] {processor.py:914} INFO - Processing file /root/miniconda3/envs/project/lib/python3.8/site-packages/airflow/example_dags/example_python_operator.py for tasks to queue
[2024-10-08T08:17:32.984+0000] {logging_mixin.py:190} INFO - [2024-10-08T08:17:32.983+0000] {dagbag.py:588} INFO - Filling up the DagBag from /root/miniconda3/envs/project/lib/python3.8/site-packages/airflow/example_dags/example_python_operator.py
[2024-10-08T08:17:32.994+0000] {logging_mixin.py:190} INFO - [2024-10-08T08:17:32.994+0000] {example_python_operator.py:93} WARNING - The virtalenv_python example task requires virtualenv, please install it.
[2024-10-08T08:17:32.998+0000] {processor.py:925} INFO - DAG(s) 'example_python_operator' retrieved from /root/miniconda3/envs/project/lib/python3.8/site-packages/airflow/example_dags/example_python_operator.py
[2024-10-08T08:17:33.025+0000] {logging_mixin.py:190} INFO - [2024-10-08T08:17:33.024+0000] {dag.py:3239} INFO - Sync 1 DAGs
[2024-10-08T08:17:33.045+0000] {logging_mixin.py:190} INFO - [2024-10-08T08:17:33.044+0000] {dag.py:4180} INFO - Setting next_dagrun for example_python_operator to None, run_after=None
[2024-10-08T08:17:33.079+0000] {processor.py:208} INFO - Processing /root/miniconda3/envs/project/lib/python3.8/site-packages/airflow/example_dags/example_python_operator.py took 0.113 seconds
[2024-10-08T08:18:42.328+0000] {processor.py:186} INFO - Started process (PID=212217) to work on /root/miniconda3/envs/project/lib/python3.8/site-packages/airflow/example_dags/example_python_operator.py
[2024-10-08T08:18:42.331+0000] {processor.py:914} INFO - Processing file /root/miniconda3/envs/project/lib/python3.8/site-packages/airflow/example_dags/example_python_operator.py for tasks to queue
[2024-10-08T08:18:42.335+0000] {logging_mixin.py:190} INFO - [2024-10-08T08:18:42.334+0000] {dagbag.py:588} INFO - Filling up the DagBag from /root/miniconda3/envs/project/lib/python3.8/site-packages/airflow/example_dags/example_python_operator.py
[2024-10-08T08:18:42.346+0000] {logging_mixin.py:190} INFO - [2024-10-08T08:18:42.346+0000] {example_python_operator.py:93} WARNING - The virtalenv_python example task requires virtualenv, please install it.
[2024-10-08T08:18:42.350+0000] {processor.py:925} INFO - DAG(s) 'example_python_operator' retrieved from /root/miniconda3/envs/project/lib/python3.8/site-packages/airflow/example_dags/example_python_operator.py
[2024-10-08T08:18:42.377+0000] {logging_mixin.py:190} INFO - [2024-10-08T08:18:42.377+0000] {dag.py:3239} INFO - Sync 1 DAGs
[2024-10-08T08:18:42.396+0000] {logging_mixin.py:190} INFO - [2024-10-08T08:18:42.396+0000] {dag.py:4180} INFO - Setting next_dagrun for example_python_operator to None, run_after=None
[2024-10-08T08:18:42.431+0000] {processor.py:208} INFO - Processing /root/miniconda3/envs/project/lib/python3.8/site-packages/airflow/example_dags/example_python_operator.py took 0.116 seconds
[2024-10-08T08:19:51.321+0000] {processor.py:186} INFO - Started process (PID=212419) to work on /root/miniconda3/envs/project/lib/python3.8/site-packages/airflow/example_dags/example_python_operator.py
[2024-10-08T08:19:51.324+0000] {processor.py:914} INFO - Processing file /root/miniconda3/envs/project/lib/python3.8/site-packages/airflow/example_dags/example_python_operator.py for tasks to queue
[2024-10-08T08:19:51.327+0000] {logging_mixin.py:190} INFO - [2024-10-08T08:19:51.327+0000] {dagbag.py:588} INFO - Filling up the DagBag from /root/miniconda3/envs/project/lib/python3.8/site-packages/airflow/example_dags/example_python_operator.py
[2024-10-08T08:19:51.338+0000] {logging_mixin.py:190} INFO - [2024-10-08T08:19:51.338+0000] {example_python_operator.py:93} WARNING - The virtalenv_python example task requires virtualenv, please install it.
[2024-10-08T08:19:51.341+0000] {processor.py:925} INFO - DAG(s) 'example_python_operator' retrieved from /root/miniconda3/envs/project/lib/python3.8/site-packages/airflow/example_dags/example_python_operator.py
[2024-10-08T08:19:51.368+0000] {logging_mixin.py:190} INFO - [2024-10-08T08:19:51.367+0000] {dag.py:3239} INFO - Sync 1 DAGs
[2024-10-08T08:19:51.386+0000] {logging_mixin.py:190} INFO - [2024-10-08T08:19:51.386+0000] {dag.py:4180} INFO - Setting next_dagrun for example_python_operator to None, run_after=None
[2024-10-08T08:19:51.418+0000] {processor.py:208} INFO - Processing /root/miniconda3/envs/project/lib/python3.8/site-packages/airflow/example_dags/example_python_operator.py took 0.108 seconds
[2024-10-08T08:21:00.478+0000] {processor.py:186} INFO - Started process (PID=212609) to work on /root/miniconda3/envs/project/lib/python3.8/site-packages/airflow/example_dags/example_python_operator.py
[2024-10-08T08:21:00.481+0000] {processor.py:914} INFO - Processing file /root/miniconda3/envs/project/lib/python3.8/site-packages/airflow/example_dags/example_python_operator.py for tasks to queue
[2024-10-08T08:21:00.484+0000] {logging_mixin.py:190} INFO - [2024-10-08T08:21:00.483+0000] {dagbag.py:588} INFO - Filling up the DagBag from /root/miniconda3/envs/project/lib/python3.8/site-packages/airflow/example_dags/example_python_operator.py
[2024-10-08T08:21:00.493+0000] {logging_mixin.py:190} INFO - [2024-10-08T08:21:00.493+0000] {example_python_operator.py:93} WARNING - The virtalenv_python example task requires virtualenv, please install it.
[2024-10-08T08:21:00.497+0000] {processor.py:925} INFO - DAG(s) 'example_python_operator' retrieved from /root/miniconda3/envs/project/lib/python3.8/site-packages/airflow/example_dags/example_python_operator.py
[2024-10-08T08:21:00.522+0000] {logging_mixin.py:190} INFO - [2024-10-08T08:21:00.521+0000] {dag.py:3239} INFO - Sync 1 DAGs
[2024-10-08T08:21:00.539+0000] {logging_mixin.py:190} INFO - [2024-10-08T08:21:00.539+0000] {dag.py:4180} INFO - Setting next_dagrun for example_python_operator to None, run_after=None
[2024-10-08T08:21:00.570+0000] {processor.py:208} INFO - Processing /root/miniconda3/envs/project/lib/python3.8/site-packages/airflow/example_dags/example_python_operator.py took 0.104 seconds
[2024-10-08T08:22:10.816+0000] {processor.py:186} INFO - Started process (PID=212817) to work on /root/miniconda3/envs/project/lib/python3.8/site-packages/airflow/example_dags/example_python_operator.py
[2024-10-08T08:22:10.819+0000] {processor.py:914} INFO - Processing file /root/miniconda3/envs/project/lib/python3.8/site-packages/airflow/example_dags/example_python_operator.py for tasks to queue
[2024-10-08T08:22:10.822+0000] {logging_mixin.py:190} INFO - [2024-10-08T08:22:10.821+0000] {dagbag.py:588} INFO - Filling up the DagBag from /root/miniconda3/envs/project/lib/python3.8/site-packages/airflow/example_dags/example_python_operator.py
[2024-10-08T08:22:10.832+0000] {logging_mixin.py:190} INFO - [2024-10-08T08:22:10.832+0000] {example_python_operator.py:93} WARNING - The virtalenv_python example task requires virtualenv, please install it.
[2024-10-08T08:22:10.836+0000] {processor.py:925} INFO - DAG(s) 'example_python_operator' retrieved from /root/miniconda3/envs/project/lib/python3.8/site-packages/airflow/example_dags/example_python_operator.py
[2024-10-08T08:22:10.861+0000] {logging_mixin.py:190} INFO - [2024-10-08T08:22:10.861+0000] {dag.py:3239} INFO - Sync 1 DAGs
[2024-10-08T08:22:10.881+0000] {logging_mixin.py:190} INFO - [2024-10-08T08:22:10.880+0000] {dag.py:4180} INFO - Setting next_dagrun for example_python_operator to None, run_after=None
[2024-10-08T08:22:10.918+0000] {processor.py:208} INFO - Processing /root/miniconda3/envs/project/lib/python3.8/site-packages/airflow/example_dags/example_python_operator.py took 0.114 seconds
[2024-10-08T08:23:19.226+0000] {processor.py:186} INFO - Started process (PID=213062) to work on /root/miniconda3/envs/project/lib/python3.8/site-packages/airflow/example_dags/example_python_operator.py
[2024-10-08T08:23:19.229+0000] {processor.py:914} INFO - Processing file /root/miniconda3/envs/project/lib/python3.8/site-packages/airflow/example_dags/example_python_operator.py for tasks to queue
[2024-10-08T08:23:19.233+0000] {logging_mixin.py:190} INFO - [2024-10-08T08:23:19.232+0000] {dagbag.py:588} INFO - Filling up the DagBag from /root/miniconda3/envs/project/lib/python3.8/site-packages/airflow/example_dags/example_python_operator.py
[2024-10-08T08:23:19.243+0000] {logging_mixin.py:190} INFO - [2024-10-08T08:23:19.243+0000] {example_python_operator.py:93} WARNING - The virtalenv_python example task requires virtualenv, please install it.
[2024-10-08T08:23:19.247+0000] {processor.py:925} INFO - DAG(s) 'example_python_operator' retrieved from /root/miniconda3/envs/project/lib/python3.8/site-packages/airflow/example_dags/example_python_operator.py
[2024-10-08T08:23:19.272+0000] {logging_mixin.py:190} INFO - [2024-10-08T08:23:19.272+0000] {dag.py:3239} INFO - Sync 1 DAGs
[2024-10-08T08:23:19.290+0000] {logging_mixin.py:190} INFO - [2024-10-08T08:23:19.290+0000] {dag.py:4180} INFO - Setting next_dagrun for example_python_operator to None, run_after=None
[2024-10-08T08:23:19.323+0000] {processor.py:208} INFO - Processing /root/miniconda3/envs/project/lib/python3.8/site-packages/airflow/example_dags/example_python_operator.py took 0.108 seconds
[2024-10-08T08:24:22.674+0000] {processor.py:186} INFO - Started process (PID=213247) to work on /root/miniconda3/envs/project/lib/python3.8/site-packages/airflow/example_dags/example_python_operator.py
[2024-10-08T08:24:22.677+0000] {processor.py:914} INFO - Processing file /root/miniconda3/envs/project/lib/python3.8/site-packages/airflow/example_dags/example_python_operator.py for tasks to queue
[2024-10-08T08:24:22.680+0000] {logging_mixin.py:190} INFO - [2024-10-08T08:24:22.680+0000] {dagbag.py:588} INFO - Filling up the DagBag from /root/miniconda3/envs/project/lib/python3.8/site-packages/airflow/example_dags/example_python_operator.py
[2024-10-08T08:24:22.690+0000] {logging_mixin.py:190} INFO - [2024-10-08T08:24:22.690+0000] {example_python_operator.py:93} WARNING - The virtalenv_python example task requires virtualenv, please install it.
[2024-10-08T08:24:22.694+0000] {processor.py:925} INFO - DAG(s) 'example_python_operator' retrieved from /root/miniconda3/envs/project/lib/python3.8/site-packages/airflow/example_dags/example_python_operator.py
[2024-10-08T08:24:22.719+0000] {logging_mixin.py:190} INFO - [2024-10-08T08:24:22.719+0000] {dag.py:3239} INFO - Sync 1 DAGs
[2024-10-08T08:24:22.737+0000] {logging_mixin.py:190} INFO - [2024-10-08T08:24:22.737+0000] {dag.py:4180} INFO - Setting next_dagrun for example_python_operator to None, run_after=None
[2024-10-08T08:24:22.770+0000] {processor.py:208} INFO - Processing /root/miniconda3/envs/project/lib/python3.8/site-packages/airflow/example_dags/example_python_operator.py took 0.106 seconds
[2024-10-08T08:37:11.943+0000] {processor.py:186} INFO - Started process (PID=214953) to work on /root/miniconda3/envs/project/lib/python3.8/site-packages/airflow/example_dags/example_python_operator.py
[2024-10-08T08:37:11.947+0000] {processor.py:914} INFO - Processing file /root/miniconda3/envs/project/lib/python3.8/site-packages/airflow/example_dags/example_python_operator.py for tasks to queue
[2024-10-08T08:37:11.951+0000] {logging_mixin.py:190} INFO - [2024-10-08T08:37:11.950+0000] {dagbag.py:588} INFO - Filling up the DagBag from /root/miniconda3/envs/project/lib/python3.8/site-packages/airflow/example_dags/example_python_operator.py
[2024-10-08T08:37:11.966+0000] {logging_mixin.py:190} INFO - [2024-10-08T08:37:11.965+0000] {example_python_operator.py:93} WARNING - The virtalenv_python example task requires virtualenv, please install it.
[2024-10-08T08:37:11.970+0000] {processor.py:925} INFO - DAG(s) 'example_python_operator' retrieved from /root/miniconda3/envs/project/lib/python3.8/site-packages/airflow/example_dags/example_python_operator.py
[2024-10-08T08:37:12.004+0000] {logging_mixin.py:190} INFO - [2024-10-08T08:37:12.003+0000] {dag.py:3239} INFO - Sync 1 DAGs
[2024-10-08T08:37:12.022+0000] {logging_mixin.py:190} INFO - [2024-10-08T08:37:12.022+0000] {dag.py:4180} INFO - Setting next_dagrun for example_python_operator to None, run_after=None
[2024-10-08T08:37:12.056+0000] {processor.py:208} INFO - Processing /root/miniconda3/envs/project/lib/python3.8/site-packages/airflow/example_dags/example_python_operator.py took 0.126 seconds
[2024-10-08T08:38:19.407+0000] {processor.py:186} INFO - Started process (PID=215219) to work on /root/miniconda3/envs/project/lib/python3.8/site-packages/airflow/example_dags/example_python_operator.py
[2024-10-08T08:38:19.410+0000] {processor.py:914} INFO - Processing file /root/miniconda3/envs/project/lib/python3.8/site-packages/airflow/example_dags/example_python_operator.py for tasks to queue
[2024-10-08T08:38:19.413+0000] {logging_mixin.py:190} INFO - [2024-10-08T08:38:19.412+0000] {dagbag.py:588} INFO - Filling up the DagBag from /root/miniconda3/envs/project/lib/python3.8/site-packages/airflow/example_dags/example_python_operator.py
[2024-10-08T08:38:19.424+0000] {logging_mixin.py:190} INFO - [2024-10-08T08:38:19.424+0000] {example_python_operator.py:93} WARNING - The virtalenv_python example task requires virtualenv, please install it.
[2024-10-08T08:38:19.428+0000] {processor.py:925} INFO - DAG(s) 'example_python_operator' retrieved from /root/miniconda3/envs/project/lib/python3.8/site-packages/airflow/example_dags/example_python_operator.py
[2024-10-08T08:38:19.454+0000] {logging_mixin.py:190} INFO - [2024-10-08T08:38:19.454+0000] {dag.py:3239} INFO - Sync 1 DAGs
[2024-10-08T08:38:19.472+0000] {logging_mixin.py:190} INFO - [2024-10-08T08:38:19.472+0000] {dag.py:4180} INFO - Setting next_dagrun for example_python_operator to None, run_after=None
[2024-10-08T08:38:19.504+0000] {processor.py:208} INFO - Processing /root/miniconda3/envs/project/lib/python3.8/site-packages/airflow/example_dags/example_python_operator.py took 0.107 seconds
[2024-10-08T08:39:29.401+0000] {processor.py:186} INFO - Started process (PID=215625) to work on /root/miniconda3/envs/project/lib/python3.8/site-packages/airflow/example_dags/example_python_operator.py
[2024-10-08T08:39:29.404+0000] {processor.py:914} INFO - Processing file /root/miniconda3/envs/project/lib/python3.8/site-packages/airflow/example_dags/example_python_operator.py for tasks to queue
[2024-10-08T08:39:29.407+0000] {logging_mixin.py:190} INFO - [2024-10-08T08:39:29.407+0000] {dagbag.py:588} INFO - Filling up the DagBag from /root/miniconda3/envs/project/lib/python3.8/site-packages/airflow/example_dags/example_python_operator.py
[2024-10-08T08:39:29.417+0000] {logging_mixin.py:190} INFO - [2024-10-08T08:39:29.417+0000] {example_python_operator.py:93} WARNING - The virtalenv_python example task requires virtualenv, please install it.
[2024-10-08T08:39:29.421+0000] {processor.py:925} INFO - DAG(s) 'example_python_operator' retrieved from /root/miniconda3/envs/project/lib/python3.8/site-packages/airflow/example_dags/example_python_operator.py
[2024-10-08T08:39:29.447+0000] {logging_mixin.py:190} INFO - [2024-10-08T08:39:29.446+0000] {dag.py:3239} INFO - Sync 1 DAGs
[2024-10-08T08:39:29.464+0000] {logging_mixin.py:190} INFO - [2024-10-08T08:39:29.464+0000] {dag.py:4180} INFO - Setting next_dagrun for example_python_operator to None, run_after=None
[2024-10-08T08:39:29.502+0000] {processor.py:208} INFO - Processing /root/miniconda3/envs/project/lib/python3.8/site-packages/airflow/example_dags/example_python_operator.py took 0.113 seconds
[2024-10-08T08:40:39.522+0000] {processor.py:186} INFO - Started process (PID=216033) to work on /root/miniconda3/envs/project/lib/python3.8/site-packages/airflow/example_dags/example_python_operator.py
[2024-10-08T08:40:39.525+0000] {processor.py:914} INFO - Processing file /root/miniconda3/envs/project/lib/python3.8/site-packages/airflow/example_dags/example_python_operator.py for tasks to queue
[2024-10-08T08:40:39.528+0000] {logging_mixin.py:190} INFO - [2024-10-08T08:40:39.528+0000] {dagbag.py:588} INFO - Filling up the DagBag from /root/miniconda3/envs/project/lib/python3.8/site-packages/airflow/example_dags/example_python_operator.py
[2024-10-08T08:40:39.539+0000] {logging_mixin.py:190} INFO - [2024-10-08T08:40:39.539+0000] {example_python_operator.py:93} WARNING - The virtalenv_python example task requires virtualenv, please install it.
[2024-10-08T08:40:39.543+0000] {processor.py:925} INFO - DAG(s) 'example_python_operator' retrieved from /root/miniconda3/envs/project/lib/python3.8/site-packages/airflow/example_dags/example_python_operator.py
[2024-10-08T08:40:39.571+0000] {logging_mixin.py:190} INFO - [2024-10-08T08:40:39.570+0000] {dag.py:3239} INFO - Sync 1 DAGs
[2024-10-08T08:40:39.590+0000] {logging_mixin.py:190} INFO - [2024-10-08T08:40:39.589+0000] {dag.py:4180} INFO - Setting next_dagrun for example_python_operator to None, run_after=None
[2024-10-08T08:40:39.626+0000] {processor.py:208} INFO - Processing /root/miniconda3/envs/project/lib/python3.8/site-packages/airflow/example_dags/example_python_operator.py took 0.116 seconds
[2024-10-08T08:41:46.259+0000] {processor.py:186} INFO - Started process (PID=216491) to work on /root/miniconda3/envs/project/lib/python3.8/site-packages/airflow/example_dags/example_python_operator.py
[2024-10-08T08:41:46.262+0000] {processor.py:914} INFO - Processing file /root/miniconda3/envs/project/lib/python3.8/site-packages/airflow/example_dags/example_python_operator.py for tasks to queue
[2024-10-08T08:41:46.265+0000] {logging_mixin.py:190} INFO - [2024-10-08T08:41:46.265+0000] {dagbag.py:588} INFO - Filling up the DagBag from /root/miniconda3/envs/project/lib/python3.8/site-packages/airflow/example_dags/example_python_operator.py
[2024-10-08T08:41:46.276+0000] {logging_mixin.py:190} INFO - [2024-10-08T08:41:46.276+0000] {example_python_operator.py:93} WARNING - The virtalenv_python example task requires virtualenv, please install it.
[2024-10-08T08:41:46.280+0000] {processor.py:925} INFO - DAG(s) 'example_python_operator' retrieved from /root/miniconda3/envs/project/lib/python3.8/site-packages/airflow/example_dags/example_python_operator.py
[2024-10-08T08:41:46.307+0000] {logging_mixin.py:190} INFO - [2024-10-08T08:41:46.307+0000] {dag.py:3239} INFO - Sync 1 DAGs
[2024-10-08T08:41:46.326+0000] {logging_mixin.py:190} INFO - [2024-10-08T08:41:46.326+0000] {dag.py:4180} INFO - Setting next_dagrun for example_python_operator to None, run_after=None
[2024-10-08T08:41:46.364+0000] {processor.py:208} INFO - Processing /root/miniconda3/envs/project/lib/python3.8/site-packages/airflow/example_dags/example_python_operator.py took 0.116 seconds
[2024-10-08T08:42:53.073+0000] {processor.py:186} INFO - Started process (PID=216710) to work on /root/miniconda3/envs/project/lib/python3.8/site-packages/airflow/example_dags/example_python_operator.py
[2024-10-08T08:42:53.076+0000] {processor.py:914} INFO - Processing file /root/miniconda3/envs/project/lib/python3.8/site-packages/airflow/example_dags/example_python_operator.py for tasks to queue
[2024-10-08T08:42:53.080+0000] {logging_mixin.py:190} INFO - [2024-10-08T08:42:53.079+0000] {dagbag.py:588} INFO - Filling up the DagBag from /root/miniconda3/envs/project/lib/python3.8/site-packages/airflow/example_dags/example_python_operator.py
[2024-10-08T08:42:53.090+0000] {logging_mixin.py:190} INFO - [2024-10-08T08:42:53.090+0000] {example_python_operator.py:93} WARNING - The virtalenv_python example task requires virtualenv, please install it.
[2024-10-08T08:42:53.094+0000] {processor.py:925} INFO - DAG(s) 'example_python_operator' retrieved from /root/miniconda3/envs/project/lib/python3.8/site-packages/airflow/example_dags/example_python_operator.py
[2024-10-08T08:42:53.120+0000] {logging_mixin.py:190} INFO - [2024-10-08T08:42:53.119+0000] {dag.py:3239} INFO - Sync 1 DAGs
[2024-10-08T08:42:53.138+0000] {logging_mixin.py:190} INFO - [2024-10-08T08:42:53.137+0000] {dag.py:4180} INFO - Setting next_dagrun for example_python_operator to None, run_after=None
[2024-10-08T08:42:53.171+0000] {processor.py:208} INFO - Processing /root/miniconda3/envs/project/lib/python3.8/site-packages/airflow/example_dags/example_python_operator.py took 0.110 seconds
[2024-10-08T08:44:01.160+0000] {processor.py:186} INFO - Started process (PID=216931) to work on /root/miniconda3/envs/project/lib/python3.8/site-packages/airflow/example_dags/example_python_operator.py
[2024-10-08T08:44:01.162+0000] {processor.py:914} INFO - Processing file /root/miniconda3/envs/project/lib/python3.8/site-packages/airflow/example_dags/example_python_operator.py for tasks to queue
[2024-10-08T08:44:01.166+0000] {logging_mixin.py:190} INFO - [2024-10-08T08:44:01.165+0000] {dagbag.py:588} INFO - Filling up the DagBag from /root/miniconda3/envs/project/lib/python3.8/site-packages/airflow/example_dags/example_python_operator.py
[2024-10-08T08:44:01.177+0000] {logging_mixin.py:190} INFO - [2024-10-08T08:44:01.176+0000] {example_python_operator.py:93} WARNING - The virtalenv_python example task requires virtualenv, please install it.
[2024-10-08T08:44:01.180+0000] {processor.py:925} INFO - DAG(s) 'example_python_operator' retrieved from /root/miniconda3/envs/project/lib/python3.8/site-packages/airflow/example_dags/example_python_operator.py
[2024-10-08T08:44:01.207+0000] {logging_mixin.py:190} INFO - [2024-10-08T08:44:01.207+0000] {dag.py:3239} INFO - Sync 1 DAGs
[2024-10-08T08:44:01.225+0000] {logging_mixin.py:190} INFO - [2024-10-08T08:44:01.225+0000] {dag.py:4180} INFO - Setting next_dagrun for example_python_operator to None, run_after=None
[2024-10-08T08:44:01.256+0000] {processor.py:208} INFO - Processing /root/miniconda3/envs/project/lib/python3.8/site-packages/airflow/example_dags/example_python_operator.py took 0.109 seconds
[2024-10-08T08:45:14.171+0000] {processor.py:186} INFO - Started process (PID=217158) to work on /root/miniconda3/envs/project/lib/python3.8/site-packages/airflow/example_dags/example_python_operator.py
[2024-10-08T08:45:14.174+0000] {processor.py:914} INFO - Processing file /root/miniconda3/envs/project/lib/python3.8/site-packages/airflow/example_dags/example_python_operator.py for tasks to queue
[2024-10-08T08:45:14.178+0000] {logging_mixin.py:190} INFO - [2024-10-08T08:45:14.177+0000] {dagbag.py:588} INFO - Filling up the DagBag from /root/miniconda3/envs/project/lib/python3.8/site-packages/airflow/example_dags/example_python_operator.py
[2024-10-08T08:45:14.191+0000] {logging_mixin.py:190} INFO - [2024-10-08T08:45:14.190+0000] {example_python_operator.py:93} WARNING - The virtalenv_python example task requires virtualenv, please install it.
[2024-10-08T08:45:14.195+0000] {processor.py:925} INFO - DAG(s) 'example_python_operator' retrieved from /root/miniconda3/envs/project/lib/python3.8/site-packages/airflow/example_dags/example_python_operator.py
[2024-10-08T08:45:14.222+0000] {logging_mixin.py:190} INFO - [2024-10-08T08:45:14.222+0000] {dag.py:3239} INFO - Sync 1 DAGs
[2024-10-08T08:45:14.242+0000] {logging_mixin.py:190} INFO - [2024-10-08T08:45:14.241+0000] {dag.py:4180} INFO - Setting next_dagrun for example_python_operator to None, run_after=None
[2024-10-08T08:45:14.275+0000] {processor.py:208} INFO - Processing /root/miniconda3/envs/project/lib/python3.8/site-packages/airflow/example_dags/example_python_operator.py took 0.116 seconds
[2024-10-08T08:46:28.305+0000] {processor.py:186} INFO - Started process (PID=217388) to work on /root/miniconda3/envs/project/lib/python3.8/site-packages/airflow/example_dags/example_python_operator.py
[2024-10-08T08:46:28.309+0000] {processor.py:914} INFO - Processing file /root/miniconda3/envs/project/lib/python3.8/site-packages/airflow/example_dags/example_python_operator.py for tasks to queue
[2024-10-08T08:46:28.312+0000] {logging_mixin.py:190} INFO - [2024-10-08T08:46:28.312+0000] {dagbag.py:588} INFO - Filling up the DagBag from /root/miniconda3/envs/project/lib/python3.8/site-packages/airflow/example_dags/example_python_operator.py
[2024-10-08T08:46:28.323+0000] {logging_mixin.py:190} INFO - [2024-10-08T08:46:28.322+0000] {example_python_operator.py:93} WARNING - The virtalenv_python example task requires virtualenv, please install it.
[2024-10-08T08:46:28.326+0000] {processor.py:925} INFO - DAG(s) 'example_python_operator' retrieved from /root/miniconda3/envs/project/lib/python3.8/site-packages/airflow/example_dags/example_python_operator.py
[2024-10-08T08:46:28.353+0000] {logging_mixin.py:190} INFO - [2024-10-08T08:46:28.352+0000] {dag.py:3239} INFO - Sync 1 DAGs
[2024-10-08T08:46:28.373+0000] {logging_mixin.py:190} INFO - [2024-10-08T08:46:28.372+0000] {dag.py:4180} INFO - Setting next_dagrun for example_python_operator to None, run_after=None
[2024-10-08T08:46:28.405+0000] {processor.py:208} INFO - Processing /root/miniconda3/envs/project/lib/python3.8/site-packages/airflow/example_dags/example_python_operator.py took 0.111 seconds
[2024-10-08T08:47:41.165+0000] {processor.py:186} INFO - Started process (PID=217874) to work on /root/miniconda3/envs/project/lib/python3.8/site-packages/airflow/example_dags/example_python_operator.py
[2024-10-08T08:47:41.168+0000] {processor.py:914} INFO - Processing file /root/miniconda3/envs/project/lib/python3.8/site-packages/airflow/example_dags/example_python_operator.py for tasks to queue
[2024-10-08T08:47:41.172+0000] {logging_mixin.py:190} INFO - [2024-10-08T08:47:41.171+0000] {dagbag.py:588} INFO - Filling up the DagBag from /root/miniconda3/envs/project/lib/python3.8/site-packages/airflow/example_dags/example_python_operator.py
[2024-10-08T08:47:41.182+0000] {logging_mixin.py:190} INFO - [2024-10-08T08:47:41.181+0000] {example_python_operator.py:93} WARNING - The virtalenv_python example task requires virtualenv, please install it.
[2024-10-08T08:47:41.185+0000] {processor.py:925} INFO - DAG(s) 'example_python_operator' retrieved from /root/miniconda3/envs/project/lib/python3.8/site-packages/airflow/example_dags/example_python_operator.py
[2024-10-08T08:47:41.215+0000] {logging_mixin.py:190} INFO - [2024-10-08T08:47:41.215+0000] {dag.py:3239} INFO - Sync 1 DAGs
[2024-10-08T08:47:41.236+0000] {logging_mixin.py:190} INFO - [2024-10-08T08:47:41.236+0000] {dag.py:4180} INFO - Setting next_dagrun for example_python_operator to None, run_after=None
[2024-10-08T08:47:41.273+0000] {processor.py:208} INFO - Processing /root/miniconda3/envs/project/lib/python3.8/site-packages/airflow/example_dags/example_python_operator.py took 0.119 seconds
[2024-10-08T08:48:52.293+0000] {processor.py:186} INFO - Started process (PID=218098) to work on /root/miniconda3/envs/project/lib/python3.8/site-packages/airflow/example_dags/example_python_operator.py
[2024-10-08T08:48:52.296+0000] {processor.py:914} INFO - Processing file /root/miniconda3/envs/project/lib/python3.8/site-packages/airflow/example_dags/example_python_operator.py for tasks to queue
[2024-10-08T08:48:52.299+0000] {logging_mixin.py:190} INFO - [2024-10-08T08:48:52.299+0000] {dagbag.py:588} INFO - Filling up the DagBag from /root/miniconda3/envs/project/lib/python3.8/site-packages/airflow/example_dags/example_python_operator.py
[2024-10-08T08:48:52.309+0000] {logging_mixin.py:190} INFO - [2024-10-08T08:48:52.309+0000] {example_python_operator.py:93} WARNING - The virtalenv_python example task requires virtualenv, please install it.
[2024-10-08T08:48:52.312+0000] {processor.py:925} INFO - DAG(s) 'example_python_operator' retrieved from /root/miniconda3/envs/project/lib/python3.8/site-packages/airflow/example_dags/example_python_operator.py
[2024-10-08T08:48:52.337+0000] {logging_mixin.py:190} INFO - [2024-10-08T08:48:52.337+0000] {dag.py:3239} INFO - Sync 1 DAGs
[2024-10-08T08:48:52.355+0000] {logging_mixin.py:190} INFO - [2024-10-08T08:48:52.355+0000] {dag.py:4180} INFO - Setting next_dagrun for example_python_operator to None, run_after=None
[2024-10-08T08:48:52.386+0000] {processor.py:208} INFO - Processing /root/miniconda3/envs/project/lib/python3.8/site-packages/airflow/example_dags/example_python_operator.py took 0.102 seconds
[2024-10-08T08:50:02.904+0000] {processor.py:186} INFO - Started process (PID=218320) to work on /root/miniconda3/envs/project/lib/python3.8/site-packages/airflow/example_dags/example_python_operator.py
[2024-10-08T08:50:02.907+0000] {processor.py:914} INFO - Processing file /root/miniconda3/envs/project/lib/python3.8/site-packages/airflow/example_dags/example_python_operator.py for tasks to queue
[2024-10-08T08:50:02.910+0000] {logging_mixin.py:190} INFO - [2024-10-08T08:50:02.909+0000] {dagbag.py:588} INFO - Filling up the DagBag from /root/miniconda3/envs/project/lib/python3.8/site-packages/airflow/example_dags/example_python_operator.py
[2024-10-08T08:50:02.920+0000] {logging_mixin.py:190} INFO - [2024-10-08T08:50:02.920+0000] {example_python_operator.py:93} WARNING - The virtalenv_python example task requires virtualenv, please install it.
[2024-10-08T08:50:02.924+0000] {processor.py:925} INFO - DAG(s) 'example_python_operator' retrieved from /root/miniconda3/envs/project/lib/python3.8/site-packages/airflow/example_dags/example_python_operator.py
[2024-10-08T08:50:02.949+0000] {logging_mixin.py:190} INFO - [2024-10-08T08:50:02.948+0000] {dag.py:3239} INFO - Sync 1 DAGs
[2024-10-08T08:50:02.966+0000] {logging_mixin.py:190} INFO - [2024-10-08T08:50:02.966+0000] {dag.py:4180} INFO - Setting next_dagrun for example_python_operator to None, run_after=None
[2024-10-08T08:50:03.002+0000] {processor.py:208} INFO - Processing /root/miniconda3/envs/project/lib/python3.8/site-packages/airflow/example_dags/example_python_operator.py took 0.110 seconds
[2024-10-08T08:51:13.681+0000] {processor.py:186} INFO - Started process (PID=218667) to work on /root/miniconda3/envs/project/lib/python3.8/site-packages/airflow/example_dags/example_python_operator.py
[2024-10-08T08:51:13.684+0000] {processor.py:914} INFO - Processing file /root/miniconda3/envs/project/lib/python3.8/site-packages/airflow/example_dags/example_python_operator.py for tasks to queue
[2024-10-08T08:51:13.688+0000] {logging_mixin.py:190} INFO - [2024-10-08T08:51:13.687+0000] {dagbag.py:588} INFO - Filling up the DagBag from /root/miniconda3/envs/project/lib/python3.8/site-packages/airflow/example_dags/example_python_operator.py
[2024-10-08T08:51:13.698+0000] {logging_mixin.py:190} INFO - [2024-10-08T08:51:13.698+0000] {example_python_operator.py:93} WARNING - The virtalenv_python example task requires virtualenv, please install it.
[2024-10-08T08:51:13.702+0000] {processor.py:925} INFO - DAG(s) 'example_python_operator' retrieved from /root/miniconda3/envs/project/lib/python3.8/site-packages/airflow/example_dags/example_python_operator.py
[2024-10-08T08:51:13.728+0000] {logging_mixin.py:190} INFO - [2024-10-08T08:51:13.727+0000] {dag.py:3239} INFO - Sync 1 DAGs
[2024-10-08T08:51:13.746+0000] {logging_mixin.py:190} INFO - [2024-10-08T08:51:13.746+0000] {dag.py:4180} INFO - Setting next_dagrun for example_python_operator to None, run_after=None
[2024-10-08T08:51:13.778+0000] {processor.py:208} INFO - Processing /root/miniconda3/envs/project/lib/python3.8/site-packages/airflow/example_dags/example_python_operator.py took 0.108 seconds
[2024-10-08T09:05:18.260+0000] {processor.py:186} INFO - Started process (PID=220017) to work on /root/miniconda3/envs/project/lib/python3.8/site-packages/airflow/example_dags/example_python_operator.py
[2024-10-08T09:05:18.263+0000] {processor.py:914} INFO - Processing file /root/miniconda3/envs/project/lib/python3.8/site-packages/airflow/example_dags/example_python_operator.py for tasks to queue
[2024-10-08T09:05:18.266+0000] {logging_mixin.py:190} INFO - [2024-10-08T09:05:18.266+0000] {dagbag.py:588} INFO - Filling up the DagBag from /root/miniconda3/envs/project/lib/python3.8/site-packages/airflow/example_dags/example_python_operator.py
[2024-10-08T09:05:18.277+0000] {logging_mixin.py:190} INFO - [2024-10-08T09:05:18.276+0000] {example_python_operator.py:93} WARNING - The virtalenv_python example task requires virtualenv, please install it.
[2024-10-08T09:05:18.280+0000] {processor.py:925} INFO - DAG(s) 'example_python_operator' retrieved from /root/miniconda3/envs/project/lib/python3.8/site-packages/airflow/example_dags/example_python_operator.py
[2024-10-08T09:05:18.308+0000] {logging_mixin.py:190} INFO - [2024-10-08T09:05:18.308+0000] {dag.py:3239} INFO - Sync 1 DAGs
[2024-10-08T09:05:18.326+0000] {logging_mixin.py:190} INFO - [2024-10-08T09:05:18.326+0000] {dag.py:4180} INFO - Setting next_dagrun for example_python_operator to None, run_after=None
[2024-10-08T09:05:18.370+0000] {processor.py:208} INFO - Processing /root/miniconda3/envs/project/lib/python3.8/site-packages/airflow/example_dags/example_python_operator.py took 0.122 seconds
[2024-10-08T09:08:50.585+0000] {processor.py:186} INFO - Started process (PID=220803) to work on /root/miniconda3/envs/project/lib/python3.8/site-packages/airflow/example_dags/example_python_operator.py
[2024-10-08T09:08:50.588+0000] {processor.py:914} INFO - Processing file /root/miniconda3/envs/project/lib/python3.8/site-packages/airflow/example_dags/example_python_operator.py for tasks to queue
[2024-10-08T09:08:50.591+0000] {logging_mixin.py:190} INFO - [2024-10-08T09:08:50.591+0000] {dagbag.py:588} INFO - Filling up the DagBag from /root/miniconda3/envs/project/lib/python3.8/site-packages/airflow/example_dags/example_python_operator.py
[2024-10-08T09:08:50.603+0000] {logging_mixin.py:190} INFO - [2024-10-08T09:08:50.602+0000] {example_python_operator.py:93} WARNING - The virtalenv_python example task requires virtualenv, please install it.
[2024-10-08T09:08:50.606+0000] {processor.py:925} INFO - DAG(s) 'example_python_operator' retrieved from /root/miniconda3/envs/project/lib/python3.8/site-packages/airflow/example_dags/example_python_operator.py
[2024-10-08T09:08:50.634+0000] {logging_mixin.py:190} INFO - [2024-10-08T09:08:50.634+0000] {dag.py:3239} INFO - Sync 1 DAGs
[2024-10-08T09:08:50.653+0000] {logging_mixin.py:190} INFO - [2024-10-08T09:08:50.653+0000] {dag.py:4180} INFO - Setting next_dagrun for example_python_operator to None, run_after=None
[2024-10-08T09:08:50.687+0000] {processor.py:208} INFO - Processing /root/miniconda3/envs/project/lib/python3.8/site-packages/airflow/example_dags/example_python_operator.py took 0.113 seconds
[2024-10-08T09:10:18.912+0000] {processor.py:186} INFO - Started process (PID=221520) to work on /root/miniconda3/envs/project/lib/python3.8/site-packages/airflow/example_dags/example_python_operator.py
[2024-10-08T09:10:18.915+0000] {processor.py:914} INFO - Processing file /root/miniconda3/envs/project/lib/python3.8/site-packages/airflow/example_dags/example_python_operator.py for tasks to queue
[2024-10-08T09:10:18.918+0000] {logging_mixin.py:190} INFO - [2024-10-08T09:10:18.918+0000] {dagbag.py:588} INFO - Filling up the DagBag from /root/miniconda3/envs/project/lib/python3.8/site-packages/airflow/example_dags/example_python_operator.py
[2024-10-08T09:10:18.929+0000] {logging_mixin.py:190} INFO - [2024-10-08T09:10:18.929+0000] {example_python_operator.py:93} WARNING - The virtalenv_python example task requires virtualenv, please install it.
[2024-10-08T09:10:18.933+0000] {processor.py:925} INFO - DAG(s) 'example_python_operator' retrieved from /root/miniconda3/envs/project/lib/python3.8/site-packages/airflow/example_dags/example_python_operator.py
[2024-10-08T09:10:18.961+0000] {logging_mixin.py:190} INFO - [2024-10-08T09:10:18.960+0000] {dag.py:3239} INFO - Sync 1 DAGs
[2024-10-08T09:10:18.979+0000] {logging_mixin.py:190} INFO - [2024-10-08T09:10:18.979+0000] {dag.py:4180} INFO - Setting next_dagrun for example_python_operator to None, run_after=None
[2024-10-08T09:10:19.013+0000] {processor.py:208} INFO - Processing /root/miniconda3/envs/project/lib/python3.8/site-packages/airflow/example_dags/example_python_operator.py took 0.112 seconds
[2024-10-08T09:11:26.664+0000] {processor.py:186} INFO - Started process (PID=221727) to work on /root/miniconda3/envs/project/lib/python3.8/site-packages/airflow/example_dags/example_python_operator.py
[2024-10-08T09:11:26.667+0000] {processor.py:914} INFO - Processing file /root/miniconda3/envs/project/lib/python3.8/site-packages/airflow/example_dags/example_python_operator.py for tasks to queue
[2024-10-08T09:11:26.670+0000] {logging_mixin.py:190} INFO - [2024-10-08T09:11:26.670+0000] {dagbag.py:588} INFO - Filling up the DagBag from /root/miniconda3/envs/project/lib/python3.8/site-packages/airflow/example_dags/example_python_operator.py
[2024-10-08T09:11:26.681+0000] {logging_mixin.py:190} INFO - [2024-10-08T09:11:26.681+0000] {example_python_operator.py:93} WARNING - The virtalenv_python example task requires virtualenv, please install it.
[2024-10-08T09:11:26.685+0000] {processor.py:925} INFO - DAG(s) 'example_python_operator' retrieved from /root/miniconda3/envs/project/lib/python3.8/site-packages/airflow/example_dags/example_python_operator.py
[2024-10-08T09:11:26.710+0000] {logging_mixin.py:190} INFO - [2024-10-08T09:11:26.710+0000] {dag.py:3239} INFO - Sync 1 DAGs
[2024-10-08T09:11:26.729+0000] {logging_mixin.py:190} INFO - [2024-10-08T09:11:26.729+0000] {dag.py:4180} INFO - Setting next_dagrun for example_python_operator to None, run_after=None
[2024-10-08T09:11:26.763+0000] {processor.py:208} INFO - Processing /root/miniconda3/envs/project/lib/python3.8/site-packages/airflow/example_dags/example_python_operator.py took 0.109 seconds
[2024-10-08T09:12:28.292+0000] {processor.py:186} INFO - Started process (PID=222052) to work on /root/miniconda3/envs/project/lib/python3.8/site-packages/airflow/example_dags/example_python_operator.py
[2024-10-08T09:12:28.295+0000] {processor.py:914} INFO - Processing file /root/miniconda3/envs/project/lib/python3.8/site-packages/airflow/example_dags/example_python_operator.py for tasks to queue
[2024-10-08T09:12:28.299+0000] {logging_mixin.py:190} INFO - [2024-10-08T09:12:28.298+0000] {dagbag.py:588} INFO - Filling up the DagBag from /root/miniconda3/envs/project/lib/python3.8/site-packages/airflow/example_dags/example_python_operator.py
[2024-10-08T09:12:28.309+0000] {logging_mixin.py:190} INFO - [2024-10-08T09:12:28.309+0000] {example_python_operator.py:93} WARNING - The virtalenv_python example task requires virtualenv, please install it.
[2024-10-08T09:12:28.313+0000] {processor.py:925} INFO - DAG(s) 'example_python_operator' retrieved from /root/miniconda3/envs/project/lib/python3.8/site-packages/airflow/example_dags/example_python_operator.py
[2024-10-08T09:12:28.339+0000] {logging_mixin.py:190} INFO - [2024-10-08T09:12:28.339+0000] {dag.py:3239} INFO - Sync 1 DAGs
[2024-10-08T09:12:28.358+0000] {logging_mixin.py:190} INFO - [2024-10-08T09:12:28.357+0000] {dag.py:4180} INFO - Setting next_dagrun for example_python_operator to None, run_after=None
[2024-10-08T09:12:28.391+0000] {processor.py:208} INFO - Processing /root/miniconda3/envs/project/lib/python3.8/site-packages/airflow/example_dags/example_python_operator.py took 0.110 seconds
[2024-10-08T09:13:36.776+0000] {processor.py:186} INFO - Started process (PID=222360) to work on /root/miniconda3/envs/project/lib/python3.8/site-packages/airflow/example_dags/example_python_operator.py
[2024-10-08T09:13:36.779+0000] {processor.py:914} INFO - Processing file /root/miniconda3/envs/project/lib/python3.8/site-packages/airflow/example_dags/example_python_operator.py for tasks to queue
[2024-10-08T09:13:36.783+0000] {logging_mixin.py:190} INFO - [2024-10-08T09:13:36.782+0000] {dagbag.py:588} INFO - Filling up the DagBag from /root/miniconda3/envs/project/lib/python3.8/site-packages/airflow/example_dags/example_python_operator.py
[2024-10-08T09:13:36.794+0000] {logging_mixin.py:190} INFO - [2024-10-08T09:13:36.794+0000] {example_python_operator.py:93} WARNING - The virtalenv_python example task requires virtualenv, please install it.
[2024-10-08T09:13:36.798+0000] {processor.py:925} INFO - DAG(s) 'example_python_operator' retrieved from /root/miniconda3/envs/project/lib/python3.8/site-packages/airflow/example_dags/example_python_operator.py
[2024-10-08T09:13:36.825+0000] {logging_mixin.py:190} INFO - [2024-10-08T09:13:36.825+0000] {dag.py:3239} INFO - Sync 1 DAGs
[2024-10-08T09:13:36.844+0000] {logging_mixin.py:190} INFO - [2024-10-08T09:13:36.844+0000] {dag.py:4180} INFO - Setting next_dagrun for example_python_operator to None, run_after=None
[2024-10-08T09:13:36.881+0000] {processor.py:208} INFO - Processing /root/miniconda3/envs/project/lib/python3.8/site-packages/airflow/example_dags/example_python_operator.py took 0.116 seconds
[2024-10-08T09:14:36.695+0000] {processor.py:186} INFO - Started process (PID=222597) to work on /root/miniconda3/envs/project/lib/python3.8/site-packages/airflow/example_dags/example_python_operator.py
[2024-10-08T09:14:36.698+0000] {processor.py:914} INFO - Processing file /root/miniconda3/envs/project/lib/python3.8/site-packages/airflow/example_dags/example_python_operator.py for tasks to queue
[2024-10-08T09:14:36.701+0000] {logging_mixin.py:190} INFO - [2024-10-08T09:14:36.701+0000] {dagbag.py:588} INFO - Filling up the DagBag from /root/miniconda3/envs/project/lib/python3.8/site-packages/airflow/example_dags/example_python_operator.py
[2024-10-08T09:14:36.712+0000] {logging_mixin.py:190} INFO - [2024-10-08T09:14:36.711+0000] {example_python_operator.py:93} WARNING - The virtalenv_python example task requires virtualenv, please install it.
[2024-10-08T09:14:36.715+0000] {processor.py:925} INFO - DAG(s) 'example_python_operator' retrieved from /root/miniconda3/envs/project/lib/python3.8/site-packages/airflow/example_dags/example_python_operator.py
[2024-10-08T09:14:36.740+0000] {logging_mixin.py:190} INFO - [2024-10-08T09:14:36.740+0000] {dag.py:3239} INFO - Sync 1 DAGs
[2024-10-08T09:14:36.758+0000] {logging_mixin.py:190} INFO - [2024-10-08T09:14:36.758+0000] {dag.py:4180} INFO - Setting next_dagrun for example_python_operator to None, run_after=None
[2024-10-08T09:14:36.791+0000] {processor.py:208} INFO - Processing /root/miniconda3/envs/project/lib/python3.8/site-packages/airflow/example_dags/example_python_operator.py took 0.106 seconds
[2024-10-08T09:15:52.209+0000] {processor.py:186} INFO - Started process (PID=222954) to work on /root/miniconda3/envs/project/lib/python3.8/site-packages/airflow/example_dags/example_python_operator.py
[2024-10-08T09:15:52.212+0000] {processor.py:914} INFO - Processing file /root/miniconda3/envs/project/lib/python3.8/site-packages/airflow/example_dags/example_python_operator.py for tasks to queue
[2024-10-08T09:15:52.215+0000] {logging_mixin.py:190} INFO - [2024-10-08T09:15:52.215+0000] {dagbag.py:588} INFO - Filling up the DagBag from /root/miniconda3/envs/project/lib/python3.8/site-packages/airflow/example_dags/example_python_operator.py
[2024-10-08T09:15:52.226+0000] {logging_mixin.py:190} INFO - [2024-10-08T09:15:52.225+0000] {example_python_operator.py:93} WARNING - The virtalenv_python example task requires virtualenv, please install it.
[2024-10-08T09:15:52.229+0000] {processor.py:925} INFO - DAG(s) 'example_python_operator' retrieved from /root/miniconda3/envs/project/lib/python3.8/site-packages/airflow/example_dags/example_python_operator.py
[2024-10-08T09:15:52.254+0000] {logging_mixin.py:190} INFO - [2024-10-08T09:15:52.254+0000] {dag.py:3239} INFO - Sync 1 DAGs
[2024-10-08T09:15:52.272+0000] {logging_mixin.py:190} INFO - [2024-10-08T09:15:52.272+0000] {dag.py:4180} INFO - Setting next_dagrun for example_python_operator to None, run_after=None
[2024-10-08T09:15:52.303+0000] {processor.py:208} INFO - Processing /root/miniconda3/envs/project/lib/python3.8/site-packages/airflow/example_dags/example_python_operator.py took 0.106 seconds
[2024-10-08T09:17:02.009+0000] {processor.py:186} INFO - Started process (PID=223186) to work on /root/miniconda3/envs/project/lib/python3.8/site-packages/airflow/example_dags/example_python_operator.py
[2024-10-08T09:17:02.012+0000] {processor.py:914} INFO - Processing file /root/miniconda3/envs/project/lib/python3.8/site-packages/airflow/example_dags/example_python_operator.py for tasks to queue
[2024-10-08T09:17:02.015+0000] {logging_mixin.py:190} INFO - [2024-10-08T09:17:02.015+0000] {dagbag.py:588} INFO - Filling up the DagBag from /root/miniconda3/envs/project/lib/python3.8/site-packages/airflow/example_dags/example_python_operator.py
[2024-10-08T09:17:02.026+0000] {logging_mixin.py:190} INFO - [2024-10-08T09:17:02.026+0000] {example_python_operator.py:93} WARNING - The virtalenv_python example task requires virtualenv, please install it.
[2024-10-08T09:17:02.029+0000] {processor.py:925} INFO - DAG(s) 'example_python_operator' retrieved from /root/miniconda3/envs/project/lib/python3.8/site-packages/airflow/example_dags/example_python_operator.py
[2024-10-08T09:17:02.055+0000] {logging_mixin.py:190} INFO - [2024-10-08T09:17:02.055+0000] {dag.py:3239} INFO - Sync 1 DAGs
[2024-10-08T09:17:02.074+0000] {logging_mixin.py:190} INFO - [2024-10-08T09:17:02.073+0000] {dag.py:4180} INFO - Setting next_dagrun for example_python_operator to None, run_after=None
[2024-10-08T09:17:02.111+0000] {processor.py:208} INFO - Processing /root/miniconda3/envs/project/lib/python3.8/site-packages/airflow/example_dags/example_python_operator.py took 0.112 seconds
[2024-10-08T09:18:10.503+0000] {processor.py:186} INFO - Started process (PID=223410) to work on /root/miniconda3/envs/project/lib/python3.8/site-packages/airflow/example_dags/example_python_operator.py
[2024-10-08T09:18:10.506+0000] {processor.py:914} INFO - Processing file /root/miniconda3/envs/project/lib/python3.8/site-packages/airflow/example_dags/example_python_operator.py for tasks to queue
[2024-10-08T09:18:10.509+0000] {logging_mixin.py:190} INFO - [2024-10-08T09:18:10.509+0000] {dagbag.py:588} INFO - Filling up the DagBag from /root/miniconda3/envs/project/lib/python3.8/site-packages/airflow/example_dags/example_python_operator.py
[2024-10-08T09:18:10.520+0000] {logging_mixin.py:190} INFO - [2024-10-08T09:18:10.520+0000] {example_python_operator.py:93} WARNING - The virtalenv_python example task requires virtualenv, please install it.
[2024-10-08T09:18:10.524+0000] {processor.py:925} INFO - DAG(s) 'example_python_operator' retrieved from /root/miniconda3/envs/project/lib/python3.8/site-packages/airflow/example_dags/example_python_operator.py
[2024-10-08T09:18:10.550+0000] {logging_mixin.py:190} INFO - [2024-10-08T09:18:10.550+0000] {dag.py:3239} INFO - Sync 1 DAGs
[2024-10-08T09:18:10.569+0000] {logging_mixin.py:190} INFO - [2024-10-08T09:18:10.568+0000] {dag.py:4180} INFO - Setting next_dagrun for example_python_operator to None, run_after=None
[2024-10-08T09:18:10.602+0000] {processor.py:208} INFO - Processing /root/miniconda3/envs/project/lib/python3.8/site-packages/airflow/example_dags/example_python_operator.py took 0.111 seconds
[2024-10-08T09:19:27.567+0000] {processor.py:186} INFO - Started process (PID=223649) to work on /root/miniconda3/envs/project/lib/python3.8/site-packages/airflow/example_dags/example_python_operator.py
[2024-10-08T09:19:27.570+0000] {processor.py:914} INFO - Processing file /root/miniconda3/envs/project/lib/python3.8/site-packages/airflow/example_dags/example_python_operator.py for tasks to queue
[2024-10-08T09:19:27.574+0000] {logging_mixin.py:190} INFO - [2024-10-08T09:19:27.573+0000] {dagbag.py:588} INFO - Filling up the DagBag from /root/miniconda3/envs/project/lib/python3.8/site-packages/airflow/example_dags/example_python_operator.py
[2024-10-08T09:19:27.584+0000] {logging_mixin.py:190} INFO - [2024-10-08T09:19:27.584+0000] {example_python_operator.py:93} WARNING - The virtalenv_python example task requires virtualenv, please install it.
[2024-10-08T09:19:27.588+0000] {processor.py:925} INFO - DAG(s) 'example_python_operator' retrieved from /root/miniconda3/envs/project/lib/python3.8/site-packages/airflow/example_dags/example_python_operator.py
[2024-10-08T09:19:27.613+0000] {logging_mixin.py:190} INFO - [2024-10-08T09:19:27.613+0000] {dag.py:3239} INFO - Sync 1 DAGs
[2024-10-08T09:19:27.632+0000] {logging_mixin.py:190} INFO - [2024-10-08T09:19:27.631+0000] {dag.py:4180} INFO - Setting next_dagrun for example_python_operator to None, run_after=None
[2024-10-08T09:19:27.664+0000] {processor.py:208} INFO - Processing /root/miniconda3/envs/project/lib/python3.8/site-packages/airflow/example_dags/example_python_operator.py took 0.108 seconds
[2024-10-08T09:20:34.892+0000] {processor.py:186} INFO - Started process (PID=223932) to work on /root/miniconda3/envs/project/lib/python3.8/site-packages/airflow/example_dags/example_python_operator.py
[2024-10-08T09:20:34.898+0000] {processor.py:914} INFO - Processing file /root/miniconda3/envs/project/lib/python3.8/site-packages/airflow/example_dags/example_python_operator.py for tasks to queue
[2024-10-08T09:20:34.902+0000] {logging_mixin.py:190} INFO - [2024-10-08T09:20:34.901+0000] {dagbag.py:588} INFO - Filling up the DagBag from /root/miniconda3/envs/project/lib/python3.8/site-packages/airflow/example_dags/example_python_operator.py
[2024-10-08T09:20:34.915+0000] {logging_mixin.py:190} INFO - [2024-10-08T09:20:34.915+0000] {example_python_operator.py:93} WARNING - The virtalenv_python example task requires virtualenv, please install it.
[2024-10-08T09:20:34.919+0000] {processor.py:925} INFO - DAG(s) 'example_python_operator' retrieved from /root/miniconda3/envs/project/lib/python3.8/site-packages/airflow/example_dags/example_python_operator.py
[2024-10-08T09:20:34.945+0000] {logging_mixin.py:190} INFO - [2024-10-08T09:20:34.945+0000] {dag.py:3239} INFO - Sync 1 DAGs
[2024-10-08T09:20:34.963+0000] {logging_mixin.py:190} INFO - [2024-10-08T09:20:34.963+0000] {dag.py:4180} INFO - Setting next_dagrun for example_python_operator to None, run_after=None
[2024-10-08T09:20:34.998+0000] {processor.py:208} INFO - Processing /root/miniconda3/envs/project/lib/python3.8/site-packages/airflow/example_dags/example_python_operator.py took 0.118 seconds
[2024-10-08T09:21:50.572+0000] {processor.py:186} INFO - Started process (PID=224231) to work on /root/miniconda3/envs/project/lib/python3.8/site-packages/airflow/example_dags/example_python_operator.py
[2024-10-08T09:21:50.575+0000] {processor.py:914} INFO - Processing file /root/miniconda3/envs/project/lib/python3.8/site-packages/airflow/example_dags/example_python_operator.py for tasks to queue
[2024-10-08T09:21:50.579+0000] {logging_mixin.py:190} INFO - [2024-10-08T09:21:50.578+0000] {dagbag.py:588} INFO - Filling up the DagBag from /root/miniconda3/envs/project/lib/python3.8/site-packages/airflow/example_dags/example_python_operator.py
[2024-10-08T09:21:50.590+0000] {logging_mixin.py:190} INFO - [2024-10-08T09:21:50.590+0000] {example_python_operator.py:93} WARNING - The virtalenv_python example task requires virtualenv, please install it.
[2024-10-08T09:21:50.594+0000] {processor.py:925} INFO - DAG(s) 'example_python_operator' retrieved from /root/miniconda3/envs/project/lib/python3.8/site-packages/airflow/example_dags/example_python_operator.py
[2024-10-08T09:21:50.622+0000] {logging_mixin.py:190} INFO - [2024-10-08T09:21:50.622+0000] {dag.py:3239} INFO - Sync 1 DAGs
[2024-10-08T09:21:50.641+0000] {logging_mixin.py:190} INFO - [2024-10-08T09:21:50.641+0000] {dag.py:4180} INFO - Setting next_dagrun for example_python_operator to None, run_after=None
[2024-10-08T09:21:50.679+0000] {processor.py:208} INFO - Processing /root/miniconda3/envs/project/lib/python3.8/site-packages/airflow/example_dags/example_python_operator.py took 0.119 seconds
[2024-10-08T09:22:58.533+0000] {processor.py:186} INFO - Started process (PID=224456) to work on /root/miniconda3/envs/project/lib/python3.8/site-packages/airflow/example_dags/example_python_operator.py
[2024-10-08T09:22:58.537+0000] {processor.py:914} INFO - Processing file /root/miniconda3/envs/project/lib/python3.8/site-packages/airflow/example_dags/example_python_operator.py for tasks to queue
[2024-10-08T09:22:58.541+0000] {logging_mixin.py:190} INFO - [2024-10-08T09:22:58.540+0000] {dagbag.py:588} INFO - Filling up the DagBag from /root/miniconda3/envs/project/lib/python3.8/site-packages/airflow/example_dags/example_python_operator.py
[2024-10-08T09:22:58.553+0000] {logging_mixin.py:190} INFO - [2024-10-08T09:22:58.553+0000] {example_python_operator.py:93} WARNING - The virtalenv_python example task requires virtualenv, please install it.
[2024-10-08T09:22:58.558+0000] {processor.py:925} INFO - DAG(s) 'example_python_operator' retrieved from /root/miniconda3/envs/project/lib/python3.8/site-packages/airflow/example_dags/example_python_operator.py
[2024-10-08T09:22:58.588+0000] {logging_mixin.py:190} INFO - [2024-10-08T09:22:58.587+0000] {dag.py:3239} INFO - Sync 1 DAGs
[2024-10-08T09:22:58.612+0000] {logging_mixin.py:190} INFO - [2024-10-08T09:22:58.612+0000] {dag.py:4180} INFO - Setting next_dagrun for example_python_operator to None, run_after=None
[2024-10-08T09:22:58.644+0000] {processor.py:208} INFO - Processing /root/miniconda3/envs/project/lib/python3.8/site-packages/airflow/example_dags/example_python_operator.py took 0.124 seconds
[2024-10-08T09:24:10.459+0000] {processor.py:186} INFO - Started process (PID=224652) to work on /root/miniconda3/envs/project/lib/python3.8/site-packages/airflow/example_dags/example_python_operator.py
[2024-10-08T09:24:10.462+0000] {processor.py:914} INFO - Processing file /root/miniconda3/envs/project/lib/python3.8/site-packages/airflow/example_dags/example_python_operator.py for tasks to queue
[2024-10-08T09:24:10.466+0000] {logging_mixin.py:190} INFO - [2024-10-08T09:24:10.465+0000] {dagbag.py:588} INFO - Filling up the DagBag from /root/miniconda3/envs/project/lib/python3.8/site-packages/airflow/example_dags/example_python_operator.py
[2024-10-08T09:24:10.476+0000] {logging_mixin.py:190} INFO - [2024-10-08T09:24:10.475+0000] {example_python_operator.py:93} WARNING - The virtalenv_python example task requires virtualenv, please install it.
[2024-10-08T09:24:10.479+0000] {processor.py:925} INFO - DAG(s) 'example_python_operator' retrieved from /root/miniconda3/envs/project/lib/python3.8/site-packages/airflow/example_dags/example_python_operator.py
[2024-10-08T09:24:10.504+0000] {logging_mixin.py:190} INFO - [2024-10-08T09:24:10.503+0000] {dag.py:3239} INFO - Sync 1 DAGs
[2024-10-08T09:24:10.520+0000] {logging_mixin.py:190} INFO - [2024-10-08T09:24:10.520+0000] {dag.py:4180} INFO - Setting next_dagrun for example_python_operator to None, run_after=None
[2024-10-08T09:24:10.549+0000] {processor.py:208} INFO - Processing /root/miniconda3/envs/project/lib/python3.8/site-packages/airflow/example_dags/example_python_operator.py took 0.101 seconds
[2024-10-08T09:25:17.823+0000] {processor.py:186} INFO - Started process (PID=225410) to work on /root/miniconda3/envs/project/lib/python3.8/site-packages/airflow/example_dags/example_python_operator.py
[2024-10-08T09:25:17.826+0000] {processor.py:914} INFO - Processing file /root/miniconda3/envs/project/lib/python3.8/site-packages/airflow/example_dags/example_python_operator.py for tasks to queue
[2024-10-08T09:25:17.829+0000] {logging_mixin.py:190} INFO - [2024-10-08T09:25:17.829+0000] {dagbag.py:588} INFO - Filling up the DagBag from /root/miniconda3/envs/project/lib/python3.8/site-packages/airflow/example_dags/example_python_operator.py
[2024-10-08T09:25:17.839+0000] {logging_mixin.py:190} INFO - [2024-10-08T09:25:17.839+0000] {example_python_operator.py:93} WARNING - The virtalenv_python example task requires virtualenv, please install it.
[2024-10-08T09:25:17.843+0000] {processor.py:925} INFO - DAG(s) 'example_python_operator' retrieved from /root/miniconda3/envs/project/lib/python3.8/site-packages/airflow/example_dags/example_python_operator.py
[2024-10-08T09:25:17.869+0000] {logging_mixin.py:190} INFO - [2024-10-08T09:25:17.868+0000] {dag.py:3239} INFO - Sync 1 DAGs
[2024-10-08T09:25:17.887+0000] {logging_mixin.py:190} INFO - [2024-10-08T09:25:17.887+0000] {dag.py:4180} INFO - Setting next_dagrun for example_python_operator to None, run_after=None
[2024-10-08T09:25:17.918+0000] {processor.py:208} INFO - Processing /root/miniconda3/envs/project/lib/python3.8/site-packages/airflow/example_dags/example_python_operator.py took 0.105 seconds
[2024-10-08T09:26:27.434+0000] {processor.py:186} INFO - Started process (PID=225738) to work on /root/miniconda3/envs/project/lib/python3.8/site-packages/airflow/example_dags/example_python_operator.py
[2024-10-08T09:26:27.437+0000] {processor.py:914} INFO - Processing file /root/miniconda3/envs/project/lib/python3.8/site-packages/airflow/example_dags/example_python_operator.py for tasks to queue
[2024-10-08T09:26:27.441+0000] {logging_mixin.py:190} INFO - [2024-10-08T09:26:27.440+0000] {dagbag.py:588} INFO - Filling up the DagBag from /root/miniconda3/envs/project/lib/python3.8/site-packages/airflow/example_dags/example_python_operator.py
[2024-10-08T09:26:27.451+0000] {logging_mixin.py:190} INFO - [2024-10-08T09:26:27.451+0000] {example_python_operator.py:93} WARNING - The virtalenv_python example task requires virtualenv, please install it.
[2024-10-08T09:26:27.455+0000] {processor.py:925} INFO - DAG(s) 'example_python_operator' retrieved from /root/miniconda3/envs/project/lib/python3.8/site-packages/airflow/example_dags/example_python_operator.py
[2024-10-08T09:26:27.482+0000] {logging_mixin.py:190} INFO - [2024-10-08T09:26:27.481+0000] {dag.py:3239} INFO - Sync 1 DAGs
[2024-10-08T09:26:27.500+0000] {logging_mixin.py:190} INFO - [2024-10-08T09:26:27.500+0000] {dag.py:4180} INFO - Setting next_dagrun for example_python_operator to None, run_after=None
[2024-10-08T09:26:27.534+0000] {processor.py:208} INFO - Processing /root/miniconda3/envs/project/lib/python3.8/site-packages/airflow/example_dags/example_python_operator.py took 0.110 seconds
[2024-10-08T09:27:40.386+0000] {processor.py:186} INFO - Started process (PID=226214) to work on /root/miniconda3/envs/project/lib/python3.8/site-packages/airflow/example_dags/example_python_operator.py
[2024-10-08T09:27:40.389+0000] {processor.py:914} INFO - Processing file /root/miniconda3/envs/project/lib/python3.8/site-packages/airflow/example_dags/example_python_operator.py for tasks to queue
[2024-10-08T09:27:40.392+0000] {logging_mixin.py:190} INFO - [2024-10-08T09:27:40.392+0000] {dagbag.py:588} INFO - Filling up the DagBag from /root/miniconda3/envs/project/lib/python3.8/site-packages/airflow/example_dags/example_python_operator.py
[2024-10-08T09:27:40.403+0000] {logging_mixin.py:190} INFO - [2024-10-08T09:27:40.402+0000] {example_python_operator.py:93} WARNING - The virtalenv_python example task requires virtualenv, please install it.
[2024-10-08T09:27:40.406+0000] {processor.py:925} INFO - DAG(s) 'example_python_operator' retrieved from /root/miniconda3/envs/project/lib/python3.8/site-packages/airflow/example_dags/example_python_operator.py
[2024-10-08T09:27:40.432+0000] {logging_mixin.py:190} INFO - [2024-10-08T09:27:40.432+0000] {dag.py:3239} INFO - Sync 1 DAGs
[2024-10-08T09:27:40.451+0000] {logging_mixin.py:190} INFO - [2024-10-08T09:27:40.451+0000] {dag.py:4180} INFO - Setting next_dagrun for example_python_operator to None, run_after=None
[2024-10-08T09:27:40.485+0000] {processor.py:208} INFO - Processing /root/miniconda3/envs/project/lib/python3.8/site-packages/airflow/example_dags/example_python_operator.py took 0.109 seconds
[2024-10-08T09:28:51.728+0000] {processor.py:186} INFO - Started process (PID=226785) to work on /root/miniconda3/envs/project/lib/python3.8/site-packages/airflow/example_dags/example_python_operator.py
[2024-10-08T09:28:51.731+0000] {processor.py:914} INFO - Processing file /root/miniconda3/envs/project/lib/python3.8/site-packages/airflow/example_dags/example_python_operator.py for tasks to queue
[2024-10-08T09:28:51.734+0000] {logging_mixin.py:190} INFO - [2024-10-08T09:28:51.734+0000] {dagbag.py:588} INFO - Filling up the DagBag from /root/miniconda3/envs/project/lib/python3.8/site-packages/airflow/example_dags/example_python_operator.py
[2024-10-08T09:28:51.744+0000] {logging_mixin.py:190} INFO - [2024-10-08T09:28:51.744+0000] {example_python_operator.py:93} WARNING - The virtalenv_python example task requires virtualenv, please install it.
[2024-10-08T09:28:51.748+0000] {processor.py:925} INFO - DAG(s) 'example_python_operator' retrieved from /root/miniconda3/envs/project/lib/python3.8/site-packages/airflow/example_dags/example_python_operator.py
[2024-10-08T09:28:51.893+0000] {logging_mixin.py:190} INFO - [2024-10-08T09:28:51.892+0000] {dag.py:3239} INFO - Sync 1 DAGs
[2024-10-08T09:28:51.908+0000] {logging_mixin.py:190} INFO - [2024-10-08T09:28:51.907+0000] {dag.py:4180} INFO - Setting next_dagrun for example_python_operator to None, run_after=None
[2024-10-08T09:28:51.939+0000] {processor.py:208} INFO - Processing /root/miniconda3/envs/project/lib/python3.8/site-packages/airflow/example_dags/example_python_operator.py took 0.222 seconds
[2024-10-08T09:30:13.123+0000] {processor.py:186} INFO - Started process (PID=227599) to work on /root/miniconda3/envs/project/lib/python3.8/site-packages/airflow/example_dags/example_python_operator.py
[2024-10-08T09:30:13.126+0000] {processor.py:914} INFO - Processing file /root/miniconda3/envs/project/lib/python3.8/site-packages/airflow/example_dags/example_python_operator.py for tasks to queue
[2024-10-08T09:30:13.129+0000] {logging_mixin.py:190} INFO - [2024-10-08T09:30:13.128+0000] {dagbag.py:588} INFO - Filling up the DagBag from /root/miniconda3/envs/project/lib/python3.8/site-packages/airflow/example_dags/example_python_operator.py
[2024-10-08T09:30:13.140+0000] {logging_mixin.py:190} INFO - [2024-10-08T09:30:13.140+0000] {example_python_operator.py:93} WARNING - The virtalenv_python example task requires virtualenv, please install it.
[2024-10-08T09:30:13.144+0000] {processor.py:925} INFO - DAG(s) 'example_python_operator' retrieved from /root/miniconda3/envs/project/lib/python3.8/site-packages/airflow/example_dags/example_python_operator.py
[2024-10-08T09:30:13.293+0000] {logging_mixin.py:190} INFO - [2024-10-08T09:30:13.293+0000] {dag.py:3239} INFO - Sync 1 DAGs
[2024-10-08T09:30:13.310+0000] {logging_mixin.py:190} INFO - [2024-10-08T09:30:13.310+0000] {dag.py:4180} INFO - Setting next_dagrun for example_python_operator to None, run_after=None
[2024-10-08T09:30:13.345+0000] {processor.py:208} INFO - Processing /root/miniconda3/envs/project/lib/python3.8/site-packages/airflow/example_dags/example_python_operator.py took 0.235 seconds
[2024-10-08T09:31:46.756+0000] {processor.py:186} INFO - Started process (PID=228751) to work on /root/miniconda3/envs/project/lib/python3.8/site-packages/airflow/example_dags/example_python_operator.py
[2024-10-08T09:31:46.759+0000] {processor.py:914} INFO - Processing file /root/miniconda3/envs/project/lib/python3.8/site-packages/airflow/example_dags/example_python_operator.py for tasks to queue
[2024-10-08T09:31:46.763+0000] {logging_mixin.py:190} INFO - [2024-10-08T09:31:46.762+0000] {dagbag.py:588} INFO - Filling up the DagBag from /root/miniconda3/envs/project/lib/python3.8/site-packages/airflow/example_dags/example_python_operator.py
[2024-10-08T09:31:46.774+0000] {logging_mixin.py:190} INFO - [2024-10-08T09:31:46.773+0000] {example_python_operator.py:93} WARNING - The virtalenv_python example task requires virtualenv, please install it.
[2024-10-08T09:31:46.777+0000] {processor.py:925} INFO - DAG(s) 'example_python_operator' retrieved from /root/miniconda3/envs/project/lib/python3.8/site-packages/airflow/example_dags/example_python_operator.py
[2024-10-08T09:31:46.802+0000] {logging_mixin.py:190} INFO - [2024-10-08T09:31:46.802+0000] {dag.py:3239} INFO - Sync 1 DAGs
[2024-10-08T09:31:46.821+0000] {logging_mixin.py:190} INFO - [2024-10-08T09:31:46.820+0000] {dag.py:4180} INFO - Setting next_dagrun for example_python_operator to None, run_after=None
[2024-10-08T09:31:46.854+0000] {processor.py:208} INFO - Processing /root/miniconda3/envs/project/lib/python3.8/site-packages/airflow/example_dags/example_python_operator.py took 0.109 seconds
[2024-10-08T09:32:58.735+0000] {processor.py:186} INFO - Started process (PID=229188) to work on /root/miniconda3/envs/project/lib/python3.8/site-packages/airflow/example_dags/example_python_operator.py
[2024-10-08T09:32:58.738+0000] {processor.py:914} INFO - Processing file /root/miniconda3/envs/project/lib/python3.8/site-packages/airflow/example_dags/example_python_operator.py for tasks to queue
[2024-10-08T09:32:58.742+0000] {logging_mixin.py:190} INFO - [2024-10-08T09:32:58.741+0000] {dagbag.py:588} INFO - Filling up the DagBag from /root/miniconda3/envs/project/lib/python3.8/site-packages/airflow/example_dags/example_python_operator.py
[2024-10-08T09:32:58.753+0000] {logging_mixin.py:190} INFO - [2024-10-08T09:32:58.752+0000] {example_python_operator.py:93} WARNING - The virtalenv_python example task requires virtualenv, please install it.
[2024-10-08T09:32:58.756+0000] {processor.py:925} INFO - DAG(s) 'example_python_operator' retrieved from /root/miniconda3/envs/project/lib/python3.8/site-packages/airflow/example_dags/example_python_operator.py
[2024-10-08T09:32:58.783+0000] {logging_mixin.py:190} INFO - [2024-10-08T09:32:58.783+0000] {dag.py:3239} INFO - Sync 1 DAGs
[2024-10-08T09:32:58.802+0000] {logging_mixin.py:190} INFO - [2024-10-08T09:32:58.801+0000] {dag.py:4180} INFO - Setting next_dagrun for example_python_operator to None, run_after=None
[2024-10-08T09:32:58.842+0000] {processor.py:208} INFO - Processing /root/miniconda3/envs/project/lib/python3.8/site-packages/airflow/example_dags/example_python_operator.py took 0.119 seconds
