[2024-10-08T07:57:09.256+0000] {processor.py:186} INFO - Started process (PID=207073) to work on /root/miniconda3/envs/project/lib/python3.8/site-packages/airflow/example_dags/example_workday_timetable.py
[2024-10-08T07:57:09.257+0000] {processor.py:914} INFO - Processing file /root/miniconda3/envs/project/lib/python3.8/site-packages/airflow/example_dags/example_workday_timetable.py for tasks to queue
[2024-10-08T07:57:09.259+0000] {logging_mixin.py:190} INFO - [2024-10-08T07:57:09.258+0000] {dagbag.py:588} INFO - Filling up the DagBag from /root/miniconda3/envs/project/lib/python3.8/site-packages/airflow/example_dags/example_workday_timetable.py
[2024-10-08T07:57:09.265+0000] {processor.py:925} INFO - DAG(s) 'example_workday_timetable' retrieved from /root/miniconda3/envs/project/lib/python3.8/site-packages/airflow/example_dags/example_workday_timetable.py
[2024-10-08T07:57:09.391+0000] {logging_mixin.py:190} INFO - [2024-10-08T07:57:09.391+0000] {override.py:1901} INFO - Created Permission View: can delete on DAG:example_workday_timetable
[2024-10-08T07:57:09.411+0000] {logging_mixin.py:190} INFO - [2024-10-08T07:57:09.411+0000] {override.py:1901} INFO - Created Permission View: can read on DAG:example_workday_timetable
[2024-10-08T07:57:09.425+0000] {logging_mixin.py:190} INFO - [2024-10-08T07:57:09.424+0000] {override.py:1901} INFO - Created Permission View: can edit on DAG:example_workday_timetable
[2024-10-08T07:57:09.450+0000] {logging_mixin.py:190} INFO - [2024-10-08T07:57:09.449+0000] {override.py:1901} INFO - Created Permission View: can delete on DAG Run:example_workday_timetable
[2024-10-08T07:57:09.467+0000] {logging_mixin.py:190} INFO - [2024-10-08T07:57:09.466+0000] {override.py:1901} INFO - Created Permission View: menu access on DAG Run:example_workday_timetable
[2024-10-08T07:57:09.482+0000] {logging_mixin.py:190} INFO - [2024-10-08T07:57:09.481+0000] {override.py:1901} INFO - Created Permission View: can create on DAG Run:example_workday_timetable
[2024-10-08T07:57:09.497+0000] {logging_mixin.py:190} INFO - [2024-10-08T07:57:09.497+0000] {override.py:1901} INFO - Created Permission View: can read on DAG Run:example_workday_timetable
[2024-10-08T07:57:09.498+0000] {logging_mixin.py:190} INFO - [2024-10-08T07:57:09.497+0000] {dag.py:3239} INFO - Sync 1 DAGs
[2024-10-08T07:57:09.511+0000] {logging_mixin.py:190} INFO - [2024-10-08T07:57:09.511+0000] {dag.py:3262} INFO - Creating ORM DAG for example_workday_timetable
[2024-10-08T07:57:09.569+0000] {logging_mixin.py:190} INFO - [2024-10-08T07:57:09.568+0000] {dag.py:4180} INFO - Setting next_dagrun for example_workday_timetable to 2021-01-04 00:00:00+00:00, run_after=2021-01-05 00:00:00+00:00
[2024-10-08T07:57:09.599+0000] {processor.py:208} INFO - Processing /root/miniconda3/envs/project/lib/python3.8/site-packages/airflow/example_dags/example_workday_timetable.py took 0.534 seconds
[2024-10-08T07:58:24.207+0000] {processor.py:186} INFO - Started process (PID=207275) to work on /root/miniconda3/envs/project/lib/python3.8/site-packages/airflow/example_dags/example_workday_timetable.py
[2024-10-08T07:58:24.211+0000] {processor.py:914} INFO - Processing file /root/miniconda3/envs/project/lib/python3.8/site-packages/airflow/example_dags/example_workday_timetable.py for tasks to queue
[2024-10-08T07:58:24.215+0000] {logging_mixin.py:190} INFO - [2024-10-08T07:58:24.214+0000] {dagbag.py:588} INFO - Filling up the DagBag from /root/miniconda3/envs/project/lib/python3.8/site-packages/airflow/example_dags/example_workday_timetable.py
[2024-10-08T07:58:24.224+0000] {processor.py:925} INFO - DAG(s) 'example_workday_timetable' retrieved from /root/miniconda3/envs/project/lib/python3.8/site-packages/airflow/example_dags/example_workday_timetable.py
[2024-10-08T07:58:24.247+0000] {logging_mixin.py:190} INFO - [2024-10-08T07:58:24.246+0000] {dag.py:3239} INFO - Sync 1 DAGs
[2024-10-08T07:58:24.333+0000] {logging_mixin.py:190} INFO - [2024-10-08T07:58:24.333+0000] {dag.py:4180} INFO - Setting next_dagrun for example_workday_timetable to 2021-01-04 00:00:00+00:00, run_after=2021-01-05 00:00:00+00:00
[2024-10-08T07:58:24.367+0000] {processor.py:208} INFO - Processing /root/miniconda3/envs/project/lib/python3.8/site-packages/airflow/example_dags/example_workday_timetable.py took 0.171 seconds
[2024-10-08T07:59:37.576+0000] {processor.py:186} INFO - Started process (PID=207537) to work on /root/miniconda3/envs/project/lib/python3.8/site-packages/airflow/example_dags/example_workday_timetable.py
[2024-10-08T07:59:37.579+0000] {processor.py:914} INFO - Processing file /root/miniconda3/envs/project/lib/python3.8/site-packages/airflow/example_dags/example_workday_timetable.py for tasks to queue
[2024-10-08T07:59:37.583+0000] {logging_mixin.py:190} INFO - [2024-10-08T07:59:37.582+0000] {dagbag.py:588} INFO - Filling up the DagBag from /root/miniconda3/envs/project/lib/python3.8/site-packages/airflow/example_dags/example_workday_timetable.py
[2024-10-08T07:59:37.593+0000] {processor.py:925} INFO - DAG(s) 'example_workday_timetable' retrieved from /root/miniconda3/envs/project/lib/python3.8/site-packages/airflow/example_dags/example_workday_timetable.py
[2024-10-08T07:59:37.618+0000] {logging_mixin.py:190} INFO - [2024-10-08T07:59:37.618+0000] {dag.py:3239} INFO - Sync 1 DAGs
[2024-10-08T07:59:37.706+0000] {logging_mixin.py:190} INFO - [2024-10-08T07:59:37.705+0000] {dag.py:4180} INFO - Setting next_dagrun for example_workday_timetable to 2021-01-04 00:00:00+00:00, run_after=2021-01-05 00:00:00+00:00
[2024-10-08T07:59:37.740+0000] {processor.py:208} INFO - Processing /root/miniconda3/envs/project/lib/python3.8/site-packages/airflow/example_dags/example_workday_timetable.py took 0.177 seconds
[2024-10-08T08:00:47.034+0000] {processor.py:186} INFO - Started process (PID=207879) to work on /root/miniconda3/envs/project/lib/python3.8/site-packages/airflow/example_dags/example_workday_timetable.py
[2024-10-08T08:00:47.036+0000] {processor.py:914} INFO - Processing file /root/miniconda3/envs/project/lib/python3.8/site-packages/airflow/example_dags/example_workday_timetable.py for tasks to queue
[2024-10-08T08:00:47.040+0000] {logging_mixin.py:190} INFO - [2024-10-08T08:00:47.039+0000] {dagbag.py:588} INFO - Filling up the DagBag from /root/miniconda3/envs/project/lib/python3.8/site-packages/airflow/example_dags/example_workday_timetable.py
[2024-10-08T08:00:47.050+0000] {processor.py:925} INFO - DAG(s) 'example_workday_timetable' retrieved from /root/miniconda3/envs/project/lib/python3.8/site-packages/airflow/example_dags/example_workday_timetable.py
[2024-10-08T08:00:47.073+0000] {logging_mixin.py:190} INFO - [2024-10-08T08:00:47.073+0000] {dag.py:3239} INFO - Sync 1 DAGs
[2024-10-08T08:00:47.157+0000] {logging_mixin.py:190} INFO - [2024-10-08T08:00:47.156+0000] {dag.py:4180} INFO - Setting next_dagrun for example_workday_timetable to 2021-01-04 00:00:00+00:00, run_after=2021-01-05 00:00:00+00:00
[2024-10-08T08:00:47.190+0000] {processor.py:208} INFO - Processing /root/miniconda3/envs/project/lib/python3.8/site-packages/airflow/example_dags/example_workday_timetable.py took 0.169 seconds
[2024-10-08T08:02:02.035+0000] {processor.py:186} INFO - Started process (PID=208186) to work on /root/miniconda3/envs/project/lib/python3.8/site-packages/airflow/example_dags/example_workday_timetable.py
[2024-10-08T08:02:02.038+0000] {processor.py:914} INFO - Processing file /root/miniconda3/envs/project/lib/python3.8/site-packages/airflow/example_dags/example_workday_timetable.py for tasks to queue
[2024-10-08T08:02:02.041+0000] {logging_mixin.py:190} INFO - [2024-10-08T08:02:02.041+0000] {dagbag.py:588} INFO - Filling up the DagBag from /root/miniconda3/envs/project/lib/python3.8/site-packages/airflow/example_dags/example_workday_timetable.py
[2024-10-08T08:02:02.050+0000] {processor.py:925} INFO - DAG(s) 'example_workday_timetable' retrieved from /root/miniconda3/envs/project/lib/python3.8/site-packages/airflow/example_dags/example_workday_timetable.py
[2024-10-08T08:02:02.072+0000] {logging_mixin.py:190} INFO - [2024-10-08T08:02:02.072+0000] {dag.py:3239} INFO - Sync 1 DAGs
[2024-10-08T08:02:02.153+0000] {logging_mixin.py:190} INFO - [2024-10-08T08:02:02.153+0000] {dag.py:4180} INFO - Setting next_dagrun for example_workday_timetable to 2021-01-04 00:00:00+00:00, run_after=2021-01-05 00:00:00+00:00
[2024-10-08T08:02:02.184+0000] {processor.py:208} INFO - Processing /root/miniconda3/envs/project/lib/python3.8/site-packages/airflow/example_dags/example_workday_timetable.py took 0.159 seconds
[2024-10-08T08:03:12.386+0000] {processor.py:186} INFO - Started process (PID=208388) to work on /root/miniconda3/envs/project/lib/python3.8/site-packages/airflow/example_dags/example_workday_timetable.py
[2024-10-08T08:03:12.388+0000] {processor.py:914} INFO - Processing file /root/miniconda3/envs/project/lib/python3.8/site-packages/airflow/example_dags/example_workday_timetable.py for tasks to queue
[2024-10-08T08:03:12.392+0000] {logging_mixin.py:190} INFO - [2024-10-08T08:03:12.391+0000] {dagbag.py:588} INFO - Filling up the DagBag from /root/miniconda3/envs/project/lib/python3.8/site-packages/airflow/example_dags/example_workday_timetable.py
[2024-10-08T08:03:12.401+0000] {processor.py:925} INFO - DAG(s) 'example_workday_timetable' retrieved from /root/miniconda3/envs/project/lib/python3.8/site-packages/airflow/example_dags/example_workday_timetable.py
[2024-10-08T08:03:12.424+0000] {logging_mixin.py:190} INFO - [2024-10-08T08:03:12.424+0000] {dag.py:3239} INFO - Sync 1 DAGs
[2024-10-08T08:03:12.512+0000] {logging_mixin.py:190} INFO - [2024-10-08T08:03:12.512+0000] {dag.py:4180} INFO - Setting next_dagrun for example_workday_timetable to 2021-01-04 00:00:00+00:00, run_after=2021-01-05 00:00:00+00:00
[2024-10-08T08:03:12.545+0000] {processor.py:208} INFO - Processing /root/miniconda3/envs/project/lib/python3.8/site-packages/airflow/example_dags/example_workday_timetable.py took 0.171 seconds
[2024-10-08T08:04:19.952+0000] {processor.py:186} INFO - Started process (PID=208589) to work on /root/miniconda3/envs/project/lib/python3.8/site-packages/airflow/example_dags/example_workday_timetable.py
[2024-10-08T08:04:19.956+0000] {processor.py:914} INFO - Processing file /root/miniconda3/envs/project/lib/python3.8/site-packages/airflow/example_dags/example_workday_timetable.py for tasks to queue
[2024-10-08T08:04:19.960+0000] {logging_mixin.py:190} INFO - [2024-10-08T08:04:19.960+0000] {dagbag.py:588} INFO - Filling up the DagBag from /root/miniconda3/envs/project/lib/python3.8/site-packages/airflow/example_dags/example_workday_timetable.py
[2024-10-08T08:04:19.974+0000] {processor.py:925} INFO - DAG(s) 'example_workday_timetable' retrieved from /root/miniconda3/envs/project/lib/python3.8/site-packages/airflow/example_dags/example_workday_timetable.py
[2024-10-08T08:04:19.998+0000] {logging_mixin.py:190} INFO - [2024-10-08T08:04:19.998+0000] {dag.py:3239} INFO - Sync 1 DAGs
[2024-10-08T08:04:20.084+0000] {logging_mixin.py:190} INFO - [2024-10-08T08:04:20.083+0000] {dag.py:4180} INFO - Setting next_dagrun for example_workday_timetable to 2021-01-04 00:00:00+00:00, run_after=2021-01-05 00:00:00+00:00
[2024-10-08T08:04:20.115+0000] {processor.py:208} INFO - Processing /root/miniconda3/envs/project/lib/python3.8/site-packages/airflow/example_dags/example_workday_timetable.py took 0.174 seconds
[2024-10-08T08:05:21.842+0000] {processor.py:186} INFO - Started process (PID=208777) to work on /root/miniconda3/envs/project/lib/python3.8/site-packages/airflow/example_dags/example_workday_timetable.py
[2024-10-08T08:05:21.845+0000] {processor.py:914} INFO - Processing file /root/miniconda3/envs/project/lib/python3.8/site-packages/airflow/example_dags/example_workday_timetable.py for tasks to queue
[2024-10-08T08:05:21.848+0000] {logging_mixin.py:190} INFO - [2024-10-08T08:05:21.848+0000] {dagbag.py:588} INFO - Filling up the DagBag from /root/miniconda3/envs/project/lib/python3.8/site-packages/airflow/example_dags/example_workday_timetable.py
[2024-10-08T08:05:21.858+0000] {processor.py:925} INFO - DAG(s) 'example_workday_timetable' retrieved from /root/miniconda3/envs/project/lib/python3.8/site-packages/airflow/example_dags/example_workday_timetable.py
[2024-10-08T08:05:21.881+0000] {logging_mixin.py:190} INFO - [2024-10-08T08:05:21.881+0000] {dag.py:3239} INFO - Sync 1 DAGs
[2024-10-08T08:05:21.969+0000] {logging_mixin.py:190} INFO - [2024-10-08T08:05:21.968+0000] {dag.py:4180} INFO - Setting next_dagrun for example_workday_timetable to 2021-01-04 00:00:00+00:00, run_after=2021-01-05 00:00:00+00:00
[2024-10-08T08:05:22.002+0000] {processor.py:208} INFO - Processing /root/miniconda3/envs/project/lib/python3.8/site-packages/airflow/example_dags/example_workday_timetable.py took 0.170 seconds
[2024-10-08T08:06:23.310+0000] {processor.py:186} INFO - Started process (PID=208958) to work on /root/miniconda3/envs/project/lib/python3.8/site-packages/airflow/example_dags/example_workday_timetable.py
[2024-10-08T08:06:23.312+0000] {processor.py:914} INFO - Processing file /root/miniconda3/envs/project/lib/python3.8/site-packages/airflow/example_dags/example_workday_timetable.py for tasks to queue
[2024-10-08T08:06:23.315+0000] {logging_mixin.py:190} INFO - [2024-10-08T08:06:23.315+0000] {dagbag.py:588} INFO - Filling up the DagBag from /root/miniconda3/envs/project/lib/python3.8/site-packages/airflow/example_dags/example_workday_timetable.py
[2024-10-08T08:06:23.325+0000] {processor.py:925} INFO - DAG(s) 'example_workday_timetable' retrieved from /root/miniconda3/envs/project/lib/python3.8/site-packages/airflow/example_dags/example_workday_timetable.py
[2024-10-08T08:06:23.347+0000] {logging_mixin.py:190} INFO - [2024-10-08T08:06:23.347+0000] {dag.py:3239} INFO - Sync 1 DAGs
[2024-10-08T08:06:23.431+0000] {logging_mixin.py:190} INFO - [2024-10-08T08:06:23.431+0000] {dag.py:4180} INFO - Setting next_dagrun for example_workday_timetable to 2021-01-04 00:00:00+00:00, run_after=2021-01-05 00:00:00+00:00
[2024-10-08T08:06:23.463+0000] {processor.py:208} INFO - Processing /root/miniconda3/envs/project/lib/python3.8/site-packages/airflow/example_dags/example_workday_timetable.py took 0.165 seconds
[2024-10-08T08:07:31.804+0000] {processor.py:186} INFO - Started process (PID=209204) to work on /root/miniconda3/envs/project/lib/python3.8/site-packages/airflow/example_dags/example_workday_timetable.py
[2024-10-08T08:07:31.806+0000] {processor.py:914} INFO - Processing file /root/miniconda3/envs/project/lib/python3.8/site-packages/airflow/example_dags/example_workday_timetable.py for tasks to queue
[2024-10-08T08:07:31.810+0000] {logging_mixin.py:190} INFO - [2024-10-08T08:07:31.809+0000] {dagbag.py:588} INFO - Filling up the DagBag from /root/miniconda3/envs/project/lib/python3.8/site-packages/airflow/example_dags/example_workday_timetable.py
[2024-10-08T08:07:31.819+0000] {processor.py:925} INFO - DAG(s) 'example_workday_timetable' retrieved from /root/miniconda3/envs/project/lib/python3.8/site-packages/airflow/example_dags/example_workday_timetable.py
[2024-10-08T08:07:31.841+0000] {logging_mixin.py:190} INFO - [2024-10-08T08:07:31.841+0000] {dag.py:3239} INFO - Sync 1 DAGs
[2024-10-08T08:07:31.923+0000] {logging_mixin.py:190} INFO - [2024-10-08T08:07:31.923+0000] {dag.py:4180} INFO - Setting next_dagrun for example_workday_timetable to 2021-01-04 00:00:00+00:00, run_after=2021-01-05 00:00:00+00:00
[2024-10-08T08:07:31.959+0000] {processor.py:208} INFO - Processing /root/miniconda3/envs/project/lib/python3.8/site-packages/airflow/example_dags/example_workday_timetable.py took 0.167 seconds
[2024-10-08T08:09:40.617+0000] {processor.py:186} INFO - Started process (PID=210034) to work on /root/miniconda3/envs/project/lib/python3.8/site-packages/airflow/example_dags/example_workday_timetable.py
[2024-10-08T08:09:40.620+0000] {processor.py:914} INFO - Processing file /root/miniconda3/envs/project/lib/python3.8/site-packages/airflow/example_dags/example_workday_timetable.py for tasks to queue
[2024-10-08T08:09:40.623+0000] {logging_mixin.py:190} INFO - [2024-10-08T08:09:40.622+0000] {dagbag.py:588} INFO - Filling up the DagBag from /root/miniconda3/envs/project/lib/python3.8/site-packages/airflow/example_dags/example_workday_timetable.py
[2024-10-08T08:09:40.632+0000] {processor.py:925} INFO - DAG(s) 'example_workday_timetable' retrieved from /root/miniconda3/envs/project/lib/python3.8/site-packages/airflow/example_dags/example_workday_timetable.py
[2024-10-08T08:09:40.662+0000] {logging_mixin.py:190} INFO - [2024-10-08T08:09:40.662+0000] {dag.py:3239} INFO - Sync 1 DAGs
[2024-10-08T08:09:40.746+0000] {logging_mixin.py:190} INFO - [2024-10-08T08:09:40.746+0000] {dag.py:4180} INFO - Setting next_dagrun for example_workday_timetable to 2021-01-04 00:00:00+00:00, run_after=2021-01-05 00:00:00+00:00
[2024-10-08T08:09:40.781+0000] {processor.py:208} INFO - Processing /root/miniconda3/envs/project/lib/python3.8/site-packages/airflow/example_dags/example_workday_timetable.py took 0.174 seconds
[2024-10-08T08:11:04.895+0000] {processor.py:186} INFO - Started process (PID=210501) to work on /root/miniconda3/envs/project/lib/python3.8/site-packages/airflow/example_dags/example_workday_timetable.py
[2024-10-08T08:11:04.898+0000] {processor.py:914} INFO - Processing file /root/miniconda3/envs/project/lib/python3.8/site-packages/airflow/example_dags/example_workday_timetable.py for tasks to queue
[2024-10-08T08:11:04.901+0000] {logging_mixin.py:190} INFO - [2024-10-08T08:11:04.900+0000] {dagbag.py:588} INFO - Filling up the DagBag from /root/miniconda3/envs/project/lib/python3.8/site-packages/airflow/example_dags/example_workday_timetable.py
[2024-10-08T08:11:04.911+0000] {processor.py:925} INFO - DAG(s) 'example_workday_timetable' retrieved from /root/miniconda3/envs/project/lib/python3.8/site-packages/airflow/example_dags/example_workday_timetable.py
[2024-10-08T08:11:04.941+0000] {logging_mixin.py:190} INFO - [2024-10-08T08:11:04.941+0000] {dag.py:3239} INFO - Sync 1 DAGs
[2024-10-08T08:11:05.025+0000] {logging_mixin.py:190} INFO - [2024-10-08T08:11:05.024+0000] {dag.py:4180} INFO - Setting next_dagrun for example_workday_timetable to 2021-01-04 00:00:00+00:00, run_after=2021-01-05 00:00:00+00:00
[2024-10-08T08:11:05.060+0000] {processor.py:208} INFO - Processing /root/miniconda3/envs/project/lib/python3.8/site-packages/airflow/example_dags/example_workday_timetable.py took 0.180 seconds
[2024-10-08T08:12:43.014+0000] {processor.py:186} INFO - Started process (PID=211029) to work on /root/miniconda3/envs/project/lib/python3.8/site-packages/airflow/example_dags/example_workday_timetable.py
[2024-10-08T08:12:43.017+0000] {processor.py:914} INFO - Processing file /root/miniconda3/envs/project/lib/python3.8/site-packages/airflow/example_dags/example_workday_timetable.py for tasks to queue
[2024-10-08T08:12:43.020+0000] {logging_mixin.py:190} INFO - [2024-10-08T08:12:43.020+0000] {dagbag.py:588} INFO - Filling up the DagBag from /root/miniconda3/envs/project/lib/python3.8/site-packages/airflow/example_dags/example_workday_timetable.py
[2024-10-08T08:12:43.030+0000] {processor.py:925} INFO - DAG(s) 'example_workday_timetable' retrieved from /root/miniconda3/envs/project/lib/python3.8/site-packages/airflow/example_dags/example_workday_timetable.py
[2024-10-08T08:12:43.061+0000] {logging_mixin.py:190} INFO - [2024-10-08T08:12:43.061+0000] {dag.py:3239} INFO - Sync 1 DAGs
[2024-10-08T08:12:43.142+0000] {logging_mixin.py:190} INFO - [2024-10-08T08:12:43.142+0000] {dag.py:4180} INFO - Setting next_dagrun for example_workday_timetable to 2021-01-04 00:00:00+00:00, run_after=2021-01-05 00:00:00+00:00
[2024-10-08T08:12:43.176+0000] {processor.py:208} INFO - Processing /root/miniconda3/envs/project/lib/python3.8/site-packages/airflow/example_dags/example_workday_timetable.py took 0.173 seconds
[2024-10-08T08:13:48.940+0000] {processor.py:186} INFO - Started process (PID=211231) to work on /root/miniconda3/envs/project/lib/python3.8/site-packages/airflow/example_dags/example_workday_timetable.py
[2024-10-08T08:13:48.943+0000] {processor.py:914} INFO - Processing file /root/miniconda3/envs/project/lib/python3.8/site-packages/airflow/example_dags/example_workday_timetable.py for tasks to queue
[2024-10-08T08:13:48.947+0000] {logging_mixin.py:190} INFO - [2024-10-08T08:13:48.946+0000] {dagbag.py:588} INFO - Filling up the DagBag from /root/miniconda3/envs/project/lib/python3.8/site-packages/airflow/example_dags/example_workday_timetable.py
[2024-10-08T08:13:48.956+0000] {processor.py:925} INFO - DAG(s) 'example_workday_timetable' retrieved from /root/miniconda3/envs/project/lib/python3.8/site-packages/airflow/example_dags/example_workday_timetable.py
[2024-10-08T08:13:48.978+0000] {logging_mixin.py:190} INFO - [2024-10-08T08:13:48.978+0000] {dag.py:3239} INFO - Sync 1 DAGs
[2024-10-08T08:13:49.064+0000] {logging_mixin.py:190} INFO - [2024-10-08T08:13:49.063+0000] {dag.py:4180} INFO - Setting next_dagrun for example_workday_timetable to 2021-01-04 00:00:00+00:00, run_after=2021-01-05 00:00:00+00:00
[2024-10-08T08:13:49.096+0000] {processor.py:208} INFO - Processing /root/miniconda3/envs/project/lib/python3.8/site-packages/airflow/example_dags/example_workday_timetable.py took 0.168 seconds
[2024-10-08T08:14:58.223+0000] {processor.py:186} INFO - Started process (PID=211481) to work on /root/miniconda3/envs/project/lib/python3.8/site-packages/airflow/example_dags/example_workday_timetable.py
[2024-10-08T08:14:58.225+0000] {processor.py:914} INFO - Processing file /root/miniconda3/envs/project/lib/python3.8/site-packages/airflow/example_dags/example_workday_timetable.py for tasks to queue
[2024-10-08T08:14:58.229+0000] {logging_mixin.py:190} INFO - [2024-10-08T08:14:58.229+0000] {dagbag.py:588} INFO - Filling up the DagBag from /root/miniconda3/envs/project/lib/python3.8/site-packages/airflow/example_dags/example_workday_timetable.py
[2024-10-08T08:14:58.238+0000] {processor.py:925} INFO - DAG(s) 'example_workday_timetable' retrieved from /root/miniconda3/envs/project/lib/python3.8/site-packages/airflow/example_dags/example_workday_timetable.py
[2024-10-08T08:14:58.261+0000] {logging_mixin.py:190} INFO - [2024-10-08T08:14:58.261+0000] {dag.py:3239} INFO - Sync 1 DAGs
[2024-10-08T08:14:58.360+0000] {logging_mixin.py:190} INFO - [2024-10-08T08:14:58.360+0000] {dag.py:4180} INFO - Setting next_dagrun for example_workday_timetable to 2021-01-04 00:00:00+00:00, run_after=2021-01-05 00:00:00+00:00
[2024-10-08T08:14:58.397+0000] {processor.py:208} INFO - Processing /root/miniconda3/envs/project/lib/python3.8/site-packages/airflow/example_dags/example_workday_timetable.py took 0.185 seconds
[2024-10-08T08:16:05.436+0000] {processor.py:186} INFO - Started process (PID=211686) to work on /root/miniconda3/envs/project/lib/python3.8/site-packages/airflow/example_dags/example_workday_timetable.py
[2024-10-08T08:16:05.439+0000] {processor.py:914} INFO - Processing file /root/miniconda3/envs/project/lib/python3.8/site-packages/airflow/example_dags/example_workday_timetable.py for tasks to queue
[2024-10-08T08:16:05.443+0000] {logging_mixin.py:190} INFO - [2024-10-08T08:16:05.442+0000] {dagbag.py:588} INFO - Filling up the DagBag from /root/miniconda3/envs/project/lib/python3.8/site-packages/airflow/example_dags/example_workday_timetable.py
[2024-10-08T08:16:05.452+0000] {processor.py:925} INFO - DAG(s) 'example_workday_timetable' retrieved from /root/miniconda3/envs/project/lib/python3.8/site-packages/airflow/example_dags/example_workday_timetable.py
[2024-10-08T08:16:05.475+0000] {logging_mixin.py:190} INFO - [2024-10-08T08:16:05.474+0000] {dag.py:3239} INFO - Sync 1 DAGs
[2024-10-08T08:16:05.559+0000] {logging_mixin.py:190} INFO - [2024-10-08T08:16:05.558+0000] {dag.py:4180} INFO - Setting next_dagrun for example_workday_timetable to 2021-01-04 00:00:00+00:00, run_after=2021-01-05 00:00:00+00:00
[2024-10-08T08:16:05.594+0000] {processor.py:208} INFO - Processing /root/miniconda3/envs/project/lib/python3.8/site-packages/airflow/example_dags/example_workday_timetable.py took 0.171 seconds
[2024-10-08T08:17:17.125+0000] {processor.py:186} INFO - Started process (PID=211893) to work on /root/miniconda3/envs/project/lib/python3.8/site-packages/airflow/example_dags/example_workday_timetable.py
[2024-10-08T08:17:17.128+0000] {processor.py:914} INFO - Processing file /root/miniconda3/envs/project/lib/python3.8/site-packages/airflow/example_dags/example_workday_timetable.py for tasks to queue
[2024-10-08T08:17:17.132+0000] {logging_mixin.py:190} INFO - [2024-10-08T08:17:17.131+0000] {dagbag.py:588} INFO - Filling up the DagBag from /root/miniconda3/envs/project/lib/python3.8/site-packages/airflow/example_dags/example_workday_timetable.py
[2024-10-08T08:17:17.141+0000] {processor.py:925} INFO - DAG(s) 'example_workday_timetable' retrieved from /root/miniconda3/envs/project/lib/python3.8/site-packages/airflow/example_dags/example_workday_timetable.py
[2024-10-08T08:17:17.164+0000] {logging_mixin.py:190} INFO - [2024-10-08T08:17:17.164+0000] {dag.py:3239} INFO - Sync 1 DAGs
[2024-10-08T08:17:17.247+0000] {logging_mixin.py:190} INFO - [2024-10-08T08:17:17.247+0000] {dag.py:4180} INFO - Setting next_dagrun for example_workday_timetable to 2021-01-04 00:00:00+00:00, run_after=2021-01-05 00:00:00+00:00
[2024-10-08T08:17:17.284+0000] {processor.py:208} INFO - Processing /root/miniconda3/envs/project/lib/python3.8/site-packages/airflow/example_dags/example_workday_timetable.py took 0.171 seconds
[2024-10-08T08:18:25.646+0000] {processor.py:186} INFO - Started process (PID=212139) to work on /root/miniconda3/envs/project/lib/python3.8/site-packages/airflow/example_dags/example_workday_timetable.py
[2024-10-08T08:18:25.648+0000] {processor.py:914} INFO - Processing file /root/miniconda3/envs/project/lib/python3.8/site-packages/airflow/example_dags/example_workday_timetable.py for tasks to queue
[2024-10-08T08:18:25.652+0000] {logging_mixin.py:190} INFO - [2024-10-08T08:18:25.651+0000] {dagbag.py:588} INFO - Filling up the DagBag from /root/miniconda3/envs/project/lib/python3.8/site-packages/airflow/example_dags/example_workday_timetable.py
[2024-10-08T08:18:25.661+0000] {processor.py:925} INFO - DAG(s) 'example_workday_timetable' retrieved from /root/miniconda3/envs/project/lib/python3.8/site-packages/airflow/example_dags/example_workday_timetable.py
[2024-10-08T08:18:25.684+0000] {logging_mixin.py:190} INFO - [2024-10-08T08:18:25.684+0000] {dag.py:3239} INFO - Sync 1 DAGs
[2024-10-08T08:18:25.769+0000] {logging_mixin.py:190} INFO - [2024-10-08T08:18:25.768+0000] {dag.py:4180} INFO - Setting next_dagrun for example_workday_timetable to 2021-01-04 00:00:00+00:00, run_after=2021-01-05 00:00:00+00:00
[2024-10-08T08:18:25.806+0000] {processor.py:208} INFO - Processing /root/miniconda3/envs/project/lib/python3.8/site-packages/airflow/example_dags/example_workday_timetable.py took 0.170 seconds
[2024-10-08T08:19:35.474+0000] {processor.py:186} INFO - Started process (PID=212386) to work on /root/miniconda3/envs/project/lib/python3.8/site-packages/airflow/example_dags/example_workday_timetable.py
[2024-10-08T08:19:35.477+0000] {processor.py:914} INFO - Processing file /root/miniconda3/envs/project/lib/python3.8/site-packages/airflow/example_dags/example_workday_timetable.py for tasks to queue
[2024-10-08T08:19:35.480+0000] {logging_mixin.py:190} INFO - [2024-10-08T08:19:35.479+0000] {dagbag.py:588} INFO - Filling up the DagBag from /root/miniconda3/envs/project/lib/python3.8/site-packages/airflow/example_dags/example_workday_timetable.py
[2024-10-08T08:19:35.490+0000] {processor.py:925} INFO - DAG(s) 'example_workday_timetable' retrieved from /root/miniconda3/envs/project/lib/python3.8/site-packages/airflow/example_dags/example_workday_timetable.py
[2024-10-08T08:19:35.513+0000] {logging_mixin.py:190} INFO - [2024-10-08T08:19:35.513+0000] {dag.py:3239} INFO - Sync 1 DAGs
[2024-10-08T08:19:35.597+0000] {logging_mixin.py:190} INFO - [2024-10-08T08:19:35.597+0000] {dag.py:4180} INFO - Setting next_dagrun for example_workday_timetable to 2021-01-04 00:00:00+00:00, run_after=2021-01-05 00:00:00+00:00
[2024-10-08T08:19:35.630+0000] {processor.py:208} INFO - Processing /root/miniconda3/envs/project/lib/python3.8/site-packages/airflow/example_dags/example_workday_timetable.py took 0.168 seconds
[2024-10-08T08:20:43.788+0000] {processor.py:186} INFO - Started process (PID=212575) to work on /root/miniconda3/envs/project/lib/python3.8/site-packages/airflow/example_dags/example_workday_timetable.py
[2024-10-08T08:20:43.792+0000] {processor.py:914} INFO - Processing file /root/miniconda3/envs/project/lib/python3.8/site-packages/airflow/example_dags/example_workday_timetable.py for tasks to queue
[2024-10-08T08:20:43.795+0000] {logging_mixin.py:190} INFO - [2024-10-08T08:20:43.794+0000] {dagbag.py:588} INFO - Filling up the DagBag from /root/miniconda3/envs/project/lib/python3.8/site-packages/airflow/example_dags/example_workday_timetable.py
[2024-10-08T08:20:43.805+0000] {processor.py:925} INFO - DAG(s) 'example_workday_timetable' retrieved from /root/miniconda3/envs/project/lib/python3.8/site-packages/airflow/example_dags/example_workday_timetable.py
[2024-10-08T08:20:43.829+0000] {logging_mixin.py:190} INFO - [2024-10-08T08:20:43.828+0000] {dag.py:3239} INFO - Sync 1 DAGs
[2024-10-08T08:20:43.912+0000] {logging_mixin.py:190} INFO - [2024-10-08T08:20:43.912+0000] {dag.py:4180} INFO - Setting next_dagrun for example_workday_timetable to 2021-01-04 00:00:00+00:00, run_after=2021-01-05 00:00:00+00:00
[2024-10-08T08:20:43.949+0000] {processor.py:208} INFO - Processing /root/miniconda3/envs/project/lib/python3.8/site-packages/airflow/example_dags/example_workday_timetable.py took 0.171 seconds
[2024-10-08T08:21:54.872+0000] {processor.py:186} INFO - Started process (PID=212784) to work on /root/miniconda3/envs/project/lib/python3.8/site-packages/airflow/example_dags/example_workday_timetable.py
[2024-10-08T08:21:54.875+0000] {processor.py:914} INFO - Processing file /root/miniconda3/envs/project/lib/python3.8/site-packages/airflow/example_dags/example_workday_timetable.py for tasks to queue
[2024-10-08T08:21:54.878+0000] {logging_mixin.py:190} INFO - [2024-10-08T08:21:54.877+0000] {dagbag.py:588} INFO - Filling up the DagBag from /root/miniconda3/envs/project/lib/python3.8/site-packages/airflow/example_dags/example_workday_timetable.py
[2024-10-08T08:21:54.887+0000] {processor.py:925} INFO - DAG(s) 'example_workday_timetable' retrieved from /root/miniconda3/envs/project/lib/python3.8/site-packages/airflow/example_dags/example_workday_timetable.py
[2024-10-08T08:21:54.909+0000] {logging_mixin.py:190} INFO - [2024-10-08T08:21:54.909+0000] {dag.py:3239} INFO - Sync 1 DAGs
[2024-10-08T08:21:54.994+0000] {logging_mixin.py:190} INFO - [2024-10-08T08:21:54.994+0000] {dag.py:4180} INFO - Setting next_dagrun for example_workday_timetable to 2021-01-04 00:00:00+00:00, run_after=2021-01-05 00:00:00+00:00
[2024-10-08T08:21:55.025+0000] {processor.py:208} INFO - Processing /root/miniconda3/envs/project/lib/python3.8/site-packages/airflow/example_dags/example_workday_timetable.py took 0.166 seconds
[2024-10-08T08:23:02.784+0000] {processor.py:186} INFO - Started process (PID=213029) to work on /root/miniconda3/envs/project/lib/python3.8/site-packages/airflow/example_dags/example_workday_timetable.py
[2024-10-08T08:23:02.787+0000] {processor.py:914} INFO - Processing file /root/miniconda3/envs/project/lib/python3.8/site-packages/airflow/example_dags/example_workday_timetable.py for tasks to queue
[2024-10-08T08:23:02.790+0000] {logging_mixin.py:190} INFO - [2024-10-08T08:23:02.789+0000] {dagbag.py:588} INFO - Filling up the DagBag from /root/miniconda3/envs/project/lib/python3.8/site-packages/airflow/example_dags/example_workday_timetable.py
[2024-10-08T08:23:02.800+0000] {processor.py:925} INFO - DAG(s) 'example_workday_timetable' retrieved from /root/miniconda3/envs/project/lib/python3.8/site-packages/airflow/example_dags/example_workday_timetable.py
[2024-10-08T08:23:02.823+0000] {logging_mixin.py:190} INFO - [2024-10-08T08:23:02.823+0000] {dag.py:3239} INFO - Sync 1 DAGs
[2024-10-08T08:23:02.907+0000] {logging_mixin.py:190} INFO - [2024-10-08T08:23:02.906+0000] {dag.py:4180} INFO - Setting next_dagrun for example_workday_timetable to 2021-01-04 00:00:00+00:00, run_after=2021-01-05 00:00:00+00:00
[2024-10-08T08:23:02.938+0000] {processor.py:208} INFO - Processing /root/miniconda3/envs/project/lib/python3.8/site-packages/airflow/example_dags/example_workday_timetable.py took 0.164 seconds
[2024-10-08T08:24:07.128+0000] {processor.py:186} INFO - Started process (PID=213217) to work on /root/miniconda3/envs/project/lib/python3.8/site-packages/airflow/example_dags/example_workday_timetable.py
[2024-10-08T08:24:07.131+0000] {processor.py:914} INFO - Processing file /root/miniconda3/envs/project/lib/python3.8/site-packages/airflow/example_dags/example_workday_timetable.py for tasks to queue
[2024-10-08T08:24:07.134+0000] {logging_mixin.py:190} INFO - [2024-10-08T08:24:07.134+0000] {dagbag.py:588} INFO - Filling up the DagBag from /root/miniconda3/envs/project/lib/python3.8/site-packages/airflow/example_dags/example_workday_timetable.py
[2024-10-08T08:24:07.144+0000] {processor.py:925} INFO - DAG(s) 'example_workday_timetable' retrieved from /root/miniconda3/envs/project/lib/python3.8/site-packages/airflow/example_dags/example_workday_timetable.py
[2024-10-08T08:24:07.167+0000] {logging_mixin.py:190} INFO - [2024-10-08T08:24:07.167+0000] {dag.py:3239} INFO - Sync 1 DAGs
[2024-10-08T08:24:07.260+0000] {logging_mixin.py:190} INFO - [2024-10-08T08:24:07.259+0000] {dag.py:4180} INFO - Setting next_dagrun for example_workday_timetable to 2021-01-04 00:00:00+00:00, run_after=2021-01-05 00:00:00+00:00
[2024-10-08T08:24:07.292+0000] {processor.py:208} INFO - Processing /root/miniconda3/envs/project/lib/python3.8/site-packages/airflow/example_dags/example_workday_timetable.py took 0.177 seconds
[2024-10-08T08:36:55.220+0000] {processor.py:186} INFO - Started process (PID=214796) to work on /root/miniconda3/envs/project/lib/python3.8/site-packages/airflow/example_dags/example_workday_timetable.py
[2024-10-08T08:36:55.223+0000] {processor.py:914} INFO - Processing file /root/miniconda3/envs/project/lib/python3.8/site-packages/airflow/example_dags/example_workday_timetable.py for tasks to queue
[2024-10-08T08:36:55.227+0000] {logging_mixin.py:190} INFO - [2024-10-08T08:36:55.226+0000] {dagbag.py:588} INFO - Filling up the DagBag from /root/miniconda3/envs/project/lib/python3.8/site-packages/airflow/example_dags/example_workday_timetable.py
[2024-10-08T08:36:55.237+0000] {processor.py:925} INFO - DAG(s) 'example_workday_timetable' retrieved from /root/miniconda3/envs/project/lib/python3.8/site-packages/airflow/example_dags/example_workday_timetable.py
[2024-10-08T08:36:55.270+0000] {logging_mixin.py:190} INFO - [2024-10-08T08:36:55.270+0000] {dag.py:3239} INFO - Sync 1 DAGs
[2024-10-08T08:36:55.355+0000] {logging_mixin.py:190} INFO - [2024-10-08T08:36:55.354+0000] {dag.py:4180} INFO - Setting next_dagrun for example_workday_timetable to 2021-01-04 00:00:00+00:00, run_after=2021-01-05 00:00:00+00:00
[2024-10-08T08:36:55.389+0000] {processor.py:208} INFO - Processing /root/miniconda3/envs/project/lib/python3.8/site-packages/airflow/example_dags/example_workday_timetable.py took 0.182 seconds
[2024-10-08T08:38:03.880+0000] {processor.py:186} INFO - Started process (PID=215186) to work on /root/miniconda3/envs/project/lib/python3.8/site-packages/airflow/example_dags/example_workday_timetable.py
[2024-10-08T08:38:03.883+0000] {processor.py:914} INFO - Processing file /root/miniconda3/envs/project/lib/python3.8/site-packages/airflow/example_dags/example_workday_timetable.py for tasks to queue
[2024-10-08T08:38:03.887+0000] {logging_mixin.py:190} INFO - [2024-10-08T08:38:03.887+0000] {dagbag.py:588} INFO - Filling up the DagBag from /root/miniconda3/envs/project/lib/python3.8/site-packages/airflow/example_dags/example_workday_timetable.py
[2024-10-08T08:38:03.897+0000] {processor.py:925} INFO - DAG(s) 'example_workday_timetable' retrieved from /root/miniconda3/envs/project/lib/python3.8/site-packages/airflow/example_dags/example_workday_timetable.py
[2024-10-08T08:38:03.919+0000] {logging_mixin.py:190} INFO - [2024-10-08T08:38:03.919+0000] {dag.py:3239} INFO - Sync 1 DAGs
[2024-10-08T08:38:04.002+0000] {logging_mixin.py:190} INFO - [2024-10-08T08:38:04.002+0000] {dag.py:4180} INFO - Setting next_dagrun for example_workday_timetable to 2021-01-04 00:00:00+00:00, run_after=2021-01-05 00:00:00+00:00
[2024-10-08T08:38:04.036+0000] {processor.py:208} INFO - Processing /root/miniconda3/envs/project/lib/python3.8/site-packages/airflow/example_dags/example_workday_timetable.py took 0.167 seconds
[2024-10-08T08:39:13.189+0000] {processor.py:186} INFO - Started process (PID=215592) to work on /root/miniconda3/envs/project/lib/python3.8/site-packages/airflow/example_dags/example_workday_timetable.py
[2024-10-08T08:39:13.192+0000] {processor.py:914} INFO - Processing file /root/miniconda3/envs/project/lib/python3.8/site-packages/airflow/example_dags/example_workday_timetable.py for tasks to queue
[2024-10-08T08:39:13.196+0000] {logging_mixin.py:190} INFO - [2024-10-08T08:39:13.195+0000] {dagbag.py:588} INFO - Filling up the DagBag from /root/miniconda3/envs/project/lib/python3.8/site-packages/airflow/example_dags/example_workday_timetable.py
[2024-10-08T08:39:13.205+0000] {processor.py:925} INFO - DAG(s) 'example_workday_timetable' retrieved from /root/miniconda3/envs/project/lib/python3.8/site-packages/airflow/example_dags/example_workday_timetable.py
[2024-10-08T08:39:13.228+0000] {logging_mixin.py:190} INFO - [2024-10-08T08:39:13.228+0000] {dag.py:3239} INFO - Sync 1 DAGs
[2024-10-08T08:39:13.314+0000] {logging_mixin.py:190} INFO - [2024-10-08T08:39:13.314+0000] {dag.py:4180} INFO - Setting next_dagrun for example_workday_timetable to 2021-01-04 00:00:00+00:00, run_after=2021-01-05 00:00:00+00:00
[2024-10-08T08:39:13.348+0000] {processor.py:208} INFO - Processing /root/miniconda3/envs/project/lib/python3.8/site-packages/airflow/example_dags/example_workday_timetable.py took 0.169 seconds
[2024-10-08T08:40:23.677+0000] {processor.py:186} INFO - Started process (PID=215818) to work on /root/miniconda3/envs/project/lib/python3.8/site-packages/airflow/example_dags/example_workday_timetable.py
[2024-10-08T08:40:23.680+0000] {processor.py:914} INFO - Processing file /root/miniconda3/envs/project/lib/python3.8/site-packages/airflow/example_dags/example_workday_timetable.py for tasks to queue
[2024-10-08T08:40:23.684+0000] {logging_mixin.py:190} INFO - [2024-10-08T08:40:23.683+0000] {dagbag.py:588} INFO - Filling up the DagBag from /root/miniconda3/envs/project/lib/python3.8/site-packages/airflow/example_dags/example_workday_timetable.py
[2024-10-08T08:40:23.693+0000] {processor.py:925} INFO - DAG(s) 'example_workday_timetable' retrieved from /root/miniconda3/envs/project/lib/python3.8/site-packages/airflow/example_dags/example_workday_timetable.py
[2024-10-08T08:40:23.717+0000] {logging_mixin.py:190} INFO - [2024-10-08T08:40:23.717+0000] {dag.py:3239} INFO - Sync 1 DAGs
[2024-10-08T08:40:23.804+0000] {logging_mixin.py:190} INFO - [2024-10-08T08:40:23.803+0000] {dag.py:4180} INFO - Setting next_dagrun for example_workday_timetable to 2021-01-04 00:00:00+00:00, run_after=2021-01-05 00:00:00+00:00
[2024-10-08T08:40:23.841+0000] {processor.py:208} INFO - Processing /root/miniconda3/envs/project/lib/python3.8/site-packages/airflow/example_dags/example_workday_timetable.py took 0.175 seconds
[2024-10-08T08:41:31.690+0000] {processor.py:186} INFO - Started process (PID=216292) to work on /root/miniconda3/envs/project/lib/python3.8/site-packages/airflow/example_dags/example_workday_timetable.py
[2024-10-08T08:41:31.694+0000] {processor.py:914} INFO - Processing file /root/miniconda3/envs/project/lib/python3.8/site-packages/airflow/example_dags/example_workday_timetable.py for tasks to queue
[2024-10-08T08:41:31.699+0000] {logging_mixin.py:190} INFO - [2024-10-08T08:41:31.699+0000] {dagbag.py:588} INFO - Filling up the DagBag from /root/miniconda3/envs/project/lib/python3.8/site-packages/airflow/example_dags/example_workday_timetable.py
[2024-10-08T08:41:31.712+0000] {processor.py:925} INFO - DAG(s) 'example_workday_timetable' retrieved from /root/miniconda3/envs/project/lib/python3.8/site-packages/airflow/example_dags/example_workday_timetable.py
[2024-10-08T08:41:31.747+0000] {logging_mixin.py:190} INFO - [2024-10-08T08:41:31.747+0000] {dag.py:3239} INFO - Sync 1 DAGs
[2024-10-08T08:41:31.840+0000] {logging_mixin.py:190} INFO - [2024-10-08T08:41:31.839+0000] {dag.py:4180} INFO - Setting next_dagrun for example_workday_timetable to 2021-01-04 00:00:00+00:00, run_after=2021-01-05 00:00:00+00:00
[2024-10-08T08:41:31.876+0000] {processor.py:208} INFO - Processing /root/miniconda3/envs/project/lib/python3.8/site-packages/airflow/example_dags/example_workday_timetable.py took 0.201 seconds
[2024-10-08T08:42:38.499+0000] {processor.py:186} INFO - Started process (PID=216680) to work on /root/miniconda3/envs/project/lib/python3.8/site-packages/airflow/example_dags/example_workday_timetable.py
[2024-10-08T08:42:38.502+0000] {processor.py:914} INFO - Processing file /root/miniconda3/envs/project/lib/python3.8/site-packages/airflow/example_dags/example_workday_timetable.py for tasks to queue
[2024-10-08T08:42:38.505+0000] {logging_mixin.py:190} INFO - [2024-10-08T08:42:38.504+0000] {dagbag.py:588} INFO - Filling up the DagBag from /root/miniconda3/envs/project/lib/python3.8/site-packages/airflow/example_dags/example_workday_timetable.py
[2024-10-08T08:42:38.515+0000] {processor.py:925} INFO - DAG(s) 'example_workday_timetable' retrieved from /root/miniconda3/envs/project/lib/python3.8/site-packages/airflow/example_dags/example_workday_timetable.py
[2024-10-08T08:42:38.539+0000] {logging_mixin.py:190} INFO - [2024-10-08T08:42:38.539+0000] {dag.py:3239} INFO - Sync 1 DAGs
[2024-10-08T08:42:38.624+0000] {logging_mixin.py:190} INFO - [2024-10-08T08:42:38.624+0000] {dag.py:4180} INFO - Setting next_dagrun for example_workday_timetable to 2021-01-04 00:00:00+00:00, run_after=2021-01-05 00:00:00+00:00
[2024-10-08T08:42:38.660+0000] {processor.py:208} INFO - Processing /root/miniconda3/envs/project/lib/python3.8/site-packages/airflow/example_dags/example_workday_timetable.py took 0.173 seconds
[2024-10-08T08:43:45.421+0000] {processor.py:186} INFO - Started process (PID=216898) to work on /root/miniconda3/envs/project/lib/python3.8/site-packages/airflow/example_dags/example_workday_timetable.py
[2024-10-08T08:43:45.424+0000] {processor.py:914} INFO - Processing file /root/miniconda3/envs/project/lib/python3.8/site-packages/airflow/example_dags/example_workday_timetable.py for tasks to queue
[2024-10-08T08:43:45.427+0000] {logging_mixin.py:190} INFO - [2024-10-08T08:43:45.427+0000] {dagbag.py:588} INFO - Filling up the DagBag from /root/miniconda3/envs/project/lib/python3.8/site-packages/airflow/example_dags/example_workday_timetable.py
[2024-10-08T08:43:45.437+0000] {processor.py:925} INFO - DAG(s) 'example_workday_timetable' retrieved from /root/miniconda3/envs/project/lib/python3.8/site-packages/airflow/example_dags/example_workday_timetable.py
[2024-10-08T08:43:45.460+0000] {logging_mixin.py:190} INFO - [2024-10-08T08:43:45.460+0000] {dag.py:3239} INFO - Sync 1 DAGs
[2024-10-08T08:43:45.553+0000] {logging_mixin.py:190} INFO - [2024-10-08T08:43:45.553+0000] {dag.py:4180} INFO - Setting next_dagrun for example_workday_timetable to 2021-01-04 00:00:00+00:00, run_after=2021-01-05 00:00:00+00:00
[2024-10-08T08:43:45.589+0000] {processor.py:208} INFO - Processing /root/miniconda3/envs/project/lib/python3.8/site-packages/airflow/example_dags/example_workday_timetable.py took 0.179 seconds
[2024-10-08T08:44:57.701+0000] {processor.py:186} INFO - Started process (PID=217124) to work on /root/miniconda3/envs/project/lib/python3.8/site-packages/airflow/example_dags/example_workday_timetable.py
[2024-10-08T08:44:57.704+0000] {processor.py:914} INFO - Processing file /root/miniconda3/envs/project/lib/python3.8/site-packages/airflow/example_dags/example_workday_timetable.py for tasks to queue
[2024-10-08T08:44:57.707+0000] {logging_mixin.py:190} INFO - [2024-10-08T08:44:57.707+0000] {dagbag.py:588} INFO - Filling up the DagBag from /root/miniconda3/envs/project/lib/python3.8/site-packages/airflow/example_dags/example_workday_timetable.py
[2024-10-08T08:44:57.718+0000] {processor.py:925} INFO - DAG(s) 'example_workday_timetable' retrieved from /root/miniconda3/envs/project/lib/python3.8/site-packages/airflow/example_dags/example_workday_timetable.py
[2024-10-08T08:44:57.742+0000] {logging_mixin.py:190} INFO - [2024-10-08T08:44:57.742+0000] {dag.py:3239} INFO - Sync 1 DAGs
[2024-10-08T08:44:57.827+0000] {logging_mixin.py:190} INFO - [2024-10-08T08:44:57.827+0000] {dag.py:4180} INFO - Setting next_dagrun for example_workday_timetable to 2021-01-04 00:00:00+00:00, run_after=2021-01-05 00:00:00+00:00
[2024-10-08T08:44:57.861+0000] {processor.py:208} INFO - Processing /root/miniconda3/envs/project/lib/python3.8/site-packages/airflow/example_dags/example_workday_timetable.py took 0.173 seconds
[2024-10-08T08:46:11.779+0000] {processor.py:186} INFO - Started process (PID=217355) to work on /root/miniconda3/envs/project/lib/python3.8/site-packages/airflow/example_dags/example_workday_timetable.py
[2024-10-08T08:46:11.782+0000] {processor.py:914} INFO - Processing file /root/miniconda3/envs/project/lib/python3.8/site-packages/airflow/example_dags/example_workday_timetable.py for tasks to queue
[2024-10-08T08:46:11.786+0000] {logging_mixin.py:190} INFO - [2024-10-08T08:46:11.785+0000] {dagbag.py:588} INFO - Filling up the DagBag from /root/miniconda3/envs/project/lib/python3.8/site-packages/airflow/example_dags/example_workday_timetable.py
[2024-10-08T08:46:11.796+0000] {processor.py:925} INFO - DAG(s) 'example_workday_timetable' retrieved from /root/miniconda3/envs/project/lib/python3.8/site-packages/airflow/example_dags/example_workday_timetable.py
[2024-10-08T08:46:11.819+0000] {logging_mixin.py:190} INFO - [2024-10-08T08:46:11.819+0000] {dag.py:3239} INFO - Sync 1 DAGs
[2024-10-08T08:46:11.903+0000] {logging_mixin.py:190} INFO - [2024-10-08T08:46:11.903+0000] {dag.py:4180} INFO - Setting next_dagrun for example_workday_timetable to 2021-01-04 00:00:00+00:00, run_after=2021-01-05 00:00:00+00:00
[2024-10-08T08:46:11.938+0000] {processor.py:208} INFO - Processing /root/miniconda3/envs/project/lib/python3.8/site-packages/airflow/example_dags/example_workday_timetable.py took 0.170 seconds
[2024-10-08T08:47:23.310+0000] {processor.py:186} INFO - Started process (PID=217764) to work on /root/miniconda3/envs/project/lib/python3.8/site-packages/airflow/example_dags/example_workday_timetable.py
[2024-10-08T08:47:23.312+0000] {processor.py:914} INFO - Processing file /root/miniconda3/envs/project/lib/python3.8/site-packages/airflow/example_dags/example_workday_timetable.py for tasks to queue
[2024-10-08T08:47:23.316+0000] {logging_mixin.py:190} INFO - [2024-10-08T08:47:23.315+0000] {dagbag.py:588} INFO - Filling up the DagBag from /root/miniconda3/envs/project/lib/python3.8/site-packages/airflow/example_dags/example_workday_timetable.py
[2024-10-08T08:47:23.325+0000] {processor.py:925} INFO - DAG(s) 'example_workday_timetable' retrieved from /root/miniconda3/envs/project/lib/python3.8/site-packages/airflow/example_dags/example_workday_timetable.py
[2024-10-08T08:47:23.347+0000] {logging_mixin.py:190} INFO - [2024-10-08T08:47:23.347+0000] {dag.py:3239} INFO - Sync 1 DAGs
[2024-10-08T08:47:23.432+0000] {logging_mixin.py:190} INFO - [2024-10-08T08:47:23.432+0000] {dag.py:4180} INFO - Setting next_dagrun for example_workday_timetable to 2021-01-04 00:00:00+00:00, run_after=2021-01-05 00:00:00+00:00
[2024-10-08T08:47:23.463+0000] {processor.py:208} INFO - Processing /root/miniconda3/envs/project/lib/python3.8/site-packages/airflow/example_dags/example_workday_timetable.py took 0.165 seconds
[2024-10-08T08:48:36.768+0000] {processor.py:186} INFO - Started process (PID=218005) to work on /root/miniconda3/envs/project/lib/python3.8/site-packages/airflow/example_dags/example_workday_timetable.py
[2024-10-08T08:48:36.771+0000] {processor.py:914} INFO - Processing file /root/miniconda3/envs/project/lib/python3.8/site-packages/airflow/example_dags/example_workday_timetable.py for tasks to queue
[2024-10-08T08:48:36.774+0000] {logging_mixin.py:190} INFO - [2024-10-08T08:48:36.774+0000] {dagbag.py:588} INFO - Filling up the DagBag from /root/miniconda3/envs/project/lib/python3.8/site-packages/airflow/example_dags/example_workday_timetable.py
[2024-10-08T08:48:36.784+0000] {processor.py:925} INFO - DAG(s) 'example_workday_timetable' retrieved from /root/miniconda3/envs/project/lib/python3.8/site-packages/airflow/example_dags/example_workday_timetable.py
[2024-10-08T08:48:36.807+0000] {logging_mixin.py:190} INFO - [2024-10-08T08:48:36.807+0000] {dag.py:3239} INFO - Sync 1 DAGs
[2024-10-08T08:48:36.894+0000] {logging_mixin.py:190} INFO - [2024-10-08T08:48:36.893+0000] {dag.py:4180} INFO - Setting next_dagrun for example_workday_timetable to 2021-01-04 00:00:00+00:00, run_after=2021-01-05 00:00:00+00:00
[2024-10-08T08:48:36.932+0000] {processor.py:208} INFO - Processing /root/miniconda3/envs/project/lib/python3.8/site-packages/airflow/example_dags/example_workday_timetable.py took 0.173 seconds
[2024-10-08T08:49:46.355+0000] {processor.py:186} INFO - Started process (PID=218287) to work on /root/miniconda3/envs/project/lib/python3.8/site-packages/airflow/example_dags/example_workday_timetable.py
[2024-10-08T08:49:46.359+0000] {processor.py:914} INFO - Processing file /root/miniconda3/envs/project/lib/python3.8/site-packages/airflow/example_dags/example_workday_timetable.py for tasks to queue
[2024-10-08T08:49:46.363+0000] {logging_mixin.py:190} INFO - [2024-10-08T08:49:46.362+0000] {dagbag.py:588} INFO - Filling up the DagBag from /root/miniconda3/envs/project/lib/python3.8/site-packages/airflow/example_dags/example_workday_timetable.py
[2024-10-08T08:49:46.373+0000] {processor.py:925} INFO - DAG(s) 'example_workday_timetable' retrieved from /root/miniconda3/envs/project/lib/python3.8/site-packages/airflow/example_dags/example_workday_timetable.py
[2024-10-08T08:49:46.407+0000] {logging_mixin.py:190} INFO - [2024-10-08T08:49:46.407+0000] {dag.py:3239} INFO - Sync 1 DAGs
[2024-10-08T08:49:46.493+0000] {logging_mixin.py:190} INFO - [2024-10-08T08:49:46.493+0000] {dag.py:4180} INFO - Setting next_dagrun for example_workday_timetable to 2021-01-04 00:00:00+00:00, run_after=2021-01-05 00:00:00+00:00
[2024-10-08T08:49:46.528+0000] {processor.py:208} INFO - Processing /root/miniconda3/envs/project/lib/python3.8/site-packages/airflow/example_dags/example_workday_timetable.py took 0.184 seconds
[2024-10-08T08:50:55.805+0000] {processor.py:186} INFO - Started process (PID=218630) to work on /root/miniconda3/envs/project/lib/python3.8/site-packages/airflow/example_dags/example_workday_timetable.py
[2024-10-08T08:50:55.808+0000] {processor.py:914} INFO - Processing file /root/miniconda3/envs/project/lib/python3.8/site-packages/airflow/example_dags/example_workday_timetable.py for tasks to queue
[2024-10-08T08:50:55.811+0000] {logging_mixin.py:190} INFO - [2024-10-08T08:50:55.811+0000] {dagbag.py:588} INFO - Filling up the DagBag from /root/miniconda3/envs/project/lib/python3.8/site-packages/airflow/example_dags/example_workday_timetable.py
[2024-10-08T08:50:55.821+0000] {processor.py:925} INFO - DAG(s) 'example_workday_timetable' retrieved from /root/miniconda3/envs/project/lib/python3.8/site-packages/airflow/example_dags/example_workday_timetable.py
[2024-10-08T08:50:55.844+0000] {logging_mixin.py:190} INFO - [2024-10-08T08:50:55.844+0000] {dag.py:3239} INFO - Sync 1 DAGs
[2024-10-08T08:50:55.935+0000] {logging_mixin.py:190} INFO - [2024-10-08T08:50:55.935+0000] {dag.py:4180} INFO - Setting next_dagrun for example_workday_timetable to 2021-01-04 00:00:00+00:00, run_after=2021-01-05 00:00:00+00:00
[2024-10-08T08:50:55.967+0000] {processor.py:208} INFO - Processing /root/miniconda3/envs/project/lib/python3.8/site-packages/airflow/example_dags/example_workday_timetable.py took 0.174 seconds
[2024-10-08T09:03:20.650+0000] {processor.py:186} INFO - Started process (PID=219427) to work on /root/miniconda3/envs/project/lib/python3.8/site-packages/airflow/example_dags/example_workday_timetable.py
[2024-10-08T09:03:20.653+0000] {processor.py:914} INFO - Processing file /root/miniconda3/envs/project/lib/python3.8/site-packages/airflow/example_dags/example_workday_timetable.py for tasks to queue
[2024-10-08T09:03:20.657+0000] {logging_mixin.py:190} INFO - [2024-10-08T09:03:20.656+0000] {dagbag.py:588} INFO - Filling up the DagBag from /root/miniconda3/envs/project/lib/python3.8/site-packages/airflow/example_dags/example_workday_timetable.py
[2024-10-08T09:03:20.667+0000] {processor.py:925} INFO - DAG(s) 'example_workday_timetable' retrieved from /root/miniconda3/envs/project/lib/python3.8/site-packages/airflow/example_dags/example_workday_timetable.py
[2024-10-08T09:03:20.701+0000] {logging_mixin.py:190} INFO - [2024-10-08T09:03:20.701+0000] {dag.py:3239} INFO - Sync 1 DAGs
[2024-10-08T09:03:20.788+0000] {logging_mixin.py:190} INFO - [2024-10-08T09:03:20.788+0000] {dag.py:4180} INFO - Setting next_dagrun for example_workday_timetable to 2021-01-04 00:00:00+00:00, run_after=2021-01-05 00:00:00+00:00
[2024-10-08T09:03:20.825+0000] {processor.py:208} INFO - Processing /root/miniconda3/envs/project/lib/python3.8/site-packages/airflow/example_dags/example_workday_timetable.py took 0.187 seconds
[2024-10-08T09:05:01.442+0000] {processor.py:186} INFO - Started process (PID=219981) to work on /root/miniconda3/envs/project/lib/python3.8/site-packages/airflow/example_dags/example_workday_timetable.py
[2024-10-08T09:05:01.445+0000] {processor.py:914} INFO - Processing file /root/miniconda3/envs/project/lib/python3.8/site-packages/airflow/example_dags/example_workday_timetable.py for tasks to queue
[2024-10-08T09:05:01.448+0000] {logging_mixin.py:190} INFO - [2024-10-08T09:05:01.448+0000] {dagbag.py:588} INFO - Filling up the DagBag from /root/miniconda3/envs/project/lib/python3.8/site-packages/airflow/example_dags/example_workday_timetable.py
[2024-10-08T09:05:01.458+0000] {processor.py:925} INFO - DAG(s) 'example_workday_timetable' retrieved from /root/miniconda3/envs/project/lib/python3.8/site-packages/airflow/example_dags/example_workday_timetable.py
[2024-10-08T09:05:01.492+0000] {logging_mixin.py:190} INFO - [2024-10-08T09:05:01.491+0000] {dag.py:3239} INFO - Sync 1 DAGs
[2024-10-08T09:05:01.579+0000] {logging_mixin.py:190} INFO - [2024-10-08T09:05:01.578+0000] {dag.py:4180} INFO - Setting next_dagrun for example_workday_timetable to 2021-01-04 00:00:00+00:00, run_after=2021-01-05 00:00:00+00:00
[2024-10-08T09:05:01.622+0000] {processor.py:208} INFO - Processing /root/miniconda3/envs/project/lib/python3.8/site-packages/airflow/example_dags/example_workday_timetable.py took 0.194 seconds
[2024-10-08T09:08:33.847+0000] {processor.py:186} INFO - Started process (PID=220770) to work on /root/miniconda3/envs/project/lib/python3.8/site-packages/airflow/example_dags/example_workday_timetable.py
[2024-10-08T09:08:33.850+0000] {processor.py:914} INFO - Processing file /root/miniconda3/envs/project/lib/python3.8/site-packages/airflow/example_dags/example_workday_timetable.py for tasks to queue
[2024-10-08T09:08:33.853+0000] {logging_mixin.py:190} INFO - [2024-10-08T09:08:33.852+0000] {dagbag.py:588} INFO - Filling up the DagBag from /root/miniconda3/envs/project/lib/python3.8/site-packages/airflow/example_dags/example_workday_timetable.py
[2024-10-08T09:08:33.867+0000] {processor.py:925} INFO - DAG(s) 'example_workday_timetable' retrieved from /root/miniconda3/envs/project/lib/python3.8/site-packages/airflow/example_dags/example_workday_timetable.py
[2024-10-08T09:08:33.908+0000] {logging_mixin.py:190} INFO - [2024-10-08T09:08:33.907+0000] {dag.py:3239} INFO - Sync 1 DAGs
[2024-10-08T09:08:33.992+0000] {logging_mixin.py:190} INFO - [2024-10-08T09:08:33.992+0000] {dag.py:4180} INFO - Setting next_dagrun for example_workday_timetable to 2021-01-04 00:00:00+00:00, run_after=2021-01-05 00:00:00+00:00
[2024-10-08T09:08:34.028+0000] {processor.py:208} INFO - Processing /root/miniconda3/envs/project/lib/python3.8/site-packages/airflow/example_dags/example_workday_timetable.py took 0.196 seconds
[2024-10-08T09:10:02.205+0000] {processor.py:186} INFO - Started process (PID=221340) to work on /root/miniconda3/envs/project/lib/python3.8/site-packages/airflow/example_dags/example_workday_timetable.py
[2024-10-08T09:10:02.208+0000] {processor.py:914} INFO - Processing file /root/miniconda3/envs/project/lib/python3.8/site-packages/airflow/example_dags/example_workday_timetable.py for tasks to queue
[2024-10-08T09:10:02.212+0000] {logging_mixin.py:190} INFO - [2024-10-08T09:10:02.211+0000] {dagbag.py:588} INFO - Filling up the DagBag from /root/miniconda3/envs/project/lib/python3.8/site-packages/airflow/example_dags/example_workday_timetable.py
[2024-10-08T09:10:02.222+0000] {processor.py:925} INFO - DAG(s) 'example_workday_timetable' retrieved from /root/miniconda3/envs/project/lib/python3.8/site-packages/airflow/example_dags/example_workday_timetable.py
[2024-10-08T09:10:02.254+0000] {logging_mixin.py:190} INFO - [2024-10-08T09:10:02.253+0000] {dag.py:3239} INFO - Sync 1 DAGs
[2024-10-08T09:10:02.340+0000] {logging_mixin.py:190} INFO - [2024-10-08T09:10:02.340+0000] {dag.py:4180} INFO - Setting next_dagrun for example_workday_timetable to 2021-01-04 00:00:00+00:00, run_after=2021-01-05 00:00:00+00:00
[2024-10-08T09:10:02.378+0000] {processor.py:208} INFO - Processing /root/miniconda3/envs/project/lib/python3.8/site-packages/airflow/example_dags/example_workday_timetable.py took 0.186 seconds
[2024-10-08T09:11:11.138+0000] {processor.py:186} INFO - Started process (PID=221693) to work on /root/miniconda3/envs/project/lib/python3.8/site-packages/airflow/example_dags/example_workday_timetable.py
[2024-10-08T09:11:11.141+0000] {processor.py:914} INFO - Processing file /root/miniconda3/envs/project/lib/python3.8/site-packages/airflow/example_dags/example_workday_timetable.py for tasks to queue
[2024-10-08T09:11:11.145+0000] {logging_mixin.py:190} INFO - [2024-10-08T09:11:11.144+0000] {dagbag.py:588} INFO - Filling up the DagBag from /root/miniconda3/envs/project/lib/python3.8/site-packages/airflow/example_dags/example_workday_timetable.py
[2024-10-08T09:11:11.154+0000] {processor.py:925} INFO - DAG(s) 'example_workday_timetable' retrieved from /root/miniconda3/envs/project/lib/python3.8/site-packages/airflow/example_dags/example_workday_timetable.py
[2024-10-08T09:11:11.176+0000] {logging_mixin.py:190} INFO - [2024-10-08T09:11:11.176+0000] {dag.py:3239} INFO - Sync 1 DAGs
[2024-10-08T09:11:11.262+0000] {logging_mixin.py:190} INFO - [2024-10-08T09:11:11.262+0000] {dag.py:4180} INFO - Setting next_dagrun for example_workday_timetable to 2021-01-04 00:00:00+00:00, run_after=2021-01-05 00:00:00+00:00
[2024-10-08T09:11:11.294+0000] {processor.py:208} INFO - Processing /root/miniconda3/envs/project/lib/python3.8/site-packages/airflow/example_dags/example_workday_timetable.py took 0.168 seconds
[2024-10-08T09:12:12.753+0000] {processor.py:186} INFO - Started process (PID=222018) to work on /root/miniconda3/envs/project/lib/python3.8/site-packages/airflow/example_dags/example_workday_timetable.py
[2024-10-08T09:12:12.757+0000] {processor.py:914} INFO - Processing file /root/miniconda3/envs/project/lib/python3.8/site-packages/airflow/example_dags/example_workday_timetable.py for tasks to queue
[2024-10-08T09:12:12.761+0000] {logging_mixin.py:190} INFO - [2024-10-08T09:12:12.760+0000] {dagbag.py:588} INFO - Filling up the DagBag from /root/miniconda3/envs/project/lib/python3.8/site-packages/airflow/example_dags/example_workday_timetable.py
[2024-10-08T09:12:12.771+0000] {processor.py:925} INFO - DAG(s) 'example_workday_timetable' retrieved from /root/miniconda3/envs/project/lib/python3.8/site-packages/airflow/example_dags/example_workday_timetable.py
[2024-10-08T09:12:12.795+0000] {logging_mixin.py:190} INFO - [2024-10-08T09:12:12.795+0000] {dag.py:3239} INFO - Sync 1 DAGs
[2024-10-08T09:12:12.882+0000] {logging_mixin.py:190} INFO - [2024-10-08T09:12:12.882+0000] {dag.py:4180} INFO - Setting next_dagrun for example_workday_timetable to 2021-01-04 00:00:00+00:00, run_after=2021-01-05 00:00:00+00:00
[2024-10-08T09:12:12.915+0000] {processor.py:208} INFO - Processing /root/miniconda3/envs/project/lib/python3.8/site-packages/airflow/example_dags/example_workday_timetable.py took 0.173 seconds
[2024-10-08T09:13:20.274+0000] {processor.py:186} INFO - Started process (PID=222242) to work on /root/miniconda3/envs/project/lib/python3.8/site-packages/airflow/example_dags/example_workday_timetable.py
[2024-10-08T09:13:20.278+0000] {processor.py:914} INFO - Processing file /root/miniconda3/envs/project/lib/python3.8/site-packages/airflow/example_dags/example_workday_timetable.py for tasks to queue
[2024-10-08T09:13:20.282+0000] {logging_mixin.py:190} INFO - [2024-10-08T09:13:20.281+0000] {dagbag.py:588} INFO - Filling up the DagBag from /root/miniconda3/envs/project/lib/python3.8/site-packages/airflow/example_dags/example_workday_timetable.py
[2024-10-08T09:13:20.292+0000] {processor.py:925} INFO - DAG(s) 'example_workday_timetable' retrieved from /root/miniconda3/envs/project/lib/python3.8/site-packages/airflow/example_dags/example_workday_timetable.py
[2024-10-08T09:13:20.316+0000] {logging_mixin.py:190} INFO - [2024-10-08T09:13:20.316+0000] {dag.py:3239} INFO - Sync 1 DAGs
[2024-10-08T09:13:20.403+0000] {logging_mixin.py:190} INFO - [2024-10-08T09:13:20.403+0000] {dag.py:4180} INFO - Setting next_dagrun for example_workday_timetable to 2021-01-04 00:00:00+00:00, run_after=2021-01-05 00:00:00+00:00
[2024-10-08T09:13:20.437+0000] {processor.py:208} INFO - Processing /root/miniconda3/envs/project/lib/python3.8/site-packages/airflow/example_dags/example_workday_timetable.py took 0.175 seconds
[2024-10-08T09:14:20.854+0000] {processor.py:186} INFO - Started process (PID=222564) to work on /root/miniconda3/envs/project/lib/python3.8/site-packages/airflow/example_dags/example_workday_timetable.py
[2024-10-08T09:14:20.857+0000] {processor.py:914} INFO - Processing file /root/miniconda3/envs/project/lib/python3.8/site-packages/airflow/example_dags/example_workday_timetable.py for tasks to queue
[2024-10-08T09:14:20.861+0000] {logging_mixin.py:190} INFO - [2024-10-08T09:14:20.861+0000] {dagbag.py:588} INFO - Filling up the DagBag from /root/miniconda3/envs/project/lib/python3.8/site-packages/airflow/example_dags/example_workday_timetable.py
[2024-10-08T09:14:20.870+0000] {processor.py:925} INFO - DAG(s) 'example_workday_timetable' retrieved from /root/miniconda3/envs/project/lib/python3.8/site-packages/airflow/example_dags/example_workday_timetable.py
[2024-10-08T09:14:20.893+0000] {logging_mixin.py:190} INFO - [2024-10-08T09:14:20.893+0000] {dag.py:3239} INFO - Sync 1 DAGs
[2024-10-08T09:14:20.978+0000] {logging_mixin.py:190} INFO - [2024-10-08T09:14:20.978+0000] {dag.py:4180} INFO - Setting next_dagrun for example_workday_timetable to 2021-01-04 00:00:00+00:00, run_after=2021-01-05 00:00:00+00:00
[2024-10-08T09:14:21.012+0000] {processor.py:208} INFO - Processing /root/miniconda3/envs/project/lib/python3.8/site-packages/airflow/example_dags/example_workday_timetable.py took 0.170 seconds
[2024-10-08T09:15:36.786+0000] {processor.py:186} INFO - Started process (PID=222858) to work on /root/miniconda3/envs/project/lib/python3.8/site-packages/airflow/example_dags/example_workday_timetable.py
[2024-10-08T09:15:36.789+0000] {processor.py:914} INFO - Processing file /root/miniconda3/envs/project/lib/python3.8/site-packages/airflow/example_dags/example_workday_timetable.py for tasks to queue
[2024-10-08T09:15:36.793+0000] {logging_mixin.py:190} INFO - [2024-10-08T09:15:36.793+0000] {dagbag.py:588} INFO - Filling up the DagBag from /root/miniconda3/envs/project/lib/python3.8/site-packages/airflow/example_dags/example_workday_timetable.py
[2024-10-08T09:15:36.802+0000] {processor.py:925} INFO - DAG(s) 'example_workday_timetable' retrieved from /root/miniconda3/envs/project/lib/python3.8/site-packages/airflow/example_dags/example_workday_timetable.py
[2024-10-08T09:15:36.825+0000] {logging_mixin.py:190} INFO - [2024-10-08T09:15:36.825+0000] {dag.py:3239} INFO - Sync 1 DAGs
[2024-10-08T09:15:36.910+0000] {logging_mixin.py:190} INFO - [2024-10-08T09:15:36.910+0000] {dag.py:4180} INFO - Setting next_dagrun for example_workday_timetable to 2021-01-04 00:00:00+00:00, run_after=2021-01-05 00:00:00+00:00
[2024-10-08T09:15:36.944+0000] {processor.py:208} INFO - Processing /root/miniconda3/envs/project/lib/python3.8/site-packages/airflow/example_dags/example_workday_timetable.py took 0.168 seconds
[2024-10-08T09:16:46.391+0000] {processor.py:186} INFO - Started process (PID=223147) to work on /root/miniconda3/envs/project/lib/python3.8/site-packages/airflow/example_dags/example_workday_timetable.py
[2024-10-08T09:16:46.394+0000] {processor.py:914} INFO - Processing file /root/miniconda3/envs/project/lib/python3.8/site-packages/airflow/example_dags/example_workday_timetable.py for tasks to queue
[2024-10-08T09:16:46.397+0000] {logging_mixin.py:190} INFO - [2024-10-08T09:16:46.397+0000] {dagbag.py:588} INFO - Filling up the DagBag from /root/miniconda3/envs/project/lib/python3.8/site-packages/airflow/example_dags/example_workday_timetable.py
[2024-10-08T09:16:46.407+0000] {processor.py:925} INFO - DAG(s) 'example_workday_timetable' retrieved from /root/miniconda3/envs/project/lib/python3.8/site-packages/airflow/example_dags/example_workday_timetable.py
[2024-10-08T09:16:46.430+0000] {logging_mixin.py:190} INFO - [2024-10-08T09:16:46.430+0000] {dag.py:3239} INFO - Sync 1 DAGs
[2024-10-08T09:16:46.516+0000] {logging_mixin.py:190} INFO - [2024-10-08T09:16:46.515+0000] {dag.py:4180} INFO - Setting next_dagrun for example_workday_timetable to 2021-01-04 00:00:00+00:00, run_after=2021-01-05 00:00:00+00:00
[2024-10-08T09:16:46.551+0000] {processor.py:208} INFO - Processing /root/miniconda3/envs/project/lib/python3.8/site-packages/airflow/example_dags/example_workday_timetable.py took 0.173 seconds
[2024-10-08T09:17:53.549+0000] {processor.py:186} INFO - Started process (PID=223374) to work on /root/miniconda3/envs/project/lib/python3.8/site-packages/airflow/example_dags/example_workday_timetable.py
[2024-10-08T09:17:53.552+0000] {processor.py:914} INFO - Processing file /root/miniconda3/envs/project/lib/python3.8/site-packages/airflow/example_dags/example_workday_timetable.py for tasks to queue
[2024-10-08T09:17:53.555+0000] {logging_mixin.py:190} INFO - [2024-10-08T09:17:53.555+0000] {dagbag.py:588} INFO - Filling up the DagBag from /root/miniconda3/envs/project/lib/python3.8/site-packages/airflow/example_dags/example_workday_timetable.py
[2024-10-08T09:17:53.565+0000] {processor.py:925} INFO - DAG(s) 'example_workday_timetable' retrieved from /root/miniconda3/envs/project/lib/python3.8/site-packages/airflow/example_dags/example_workday_timetable.py
[2024-10-08T09:17:53.588+0000] {logging_mixin.py:190} INFO - [2024-10-08T09:17:53.587+0000] {dag.py:3239} INFO - Sync 1 DAGs
[2024-10-08T09:17:53.674+0000] {logging_mixin.py:190} INFO - [2024-10-08T09:17:53.674+0000] {dag.py:4180} INFO - Setting next_dagrun for example_workday_timetable to 2021-01-04 00:00:00+00:00, run_after=2021-01-05 00:00:00+00:00
[2024-10-08T09:17:53.712+0000] {processor.py:208} INFO - Processing /root/miniconda3/envs/project/lib/python3.8/site-packages/airflow/example_dags/example_workday_timetable.py took 0.173 seconds
[2024-10-08T09:19:11.712+0000] {processor.py:186} INFO - Started process (PID=223616) to work on /root/miniconda3/envs/project/lib/python3.8/site-packages/airflow/example_dags/example_workday_timetable.py
[2024-10-08T09:19:11.715+0000] {processor.py:914} INFO - Processing file /root/miniconda3/envs/project/lib/python3.8/site-packages/airflow/example_dags/example_workday_timetable.py for tasks to queue
[2024-10-08T09:19:11.719+0000] {logging_mixin.py:190} INFO - [2024-10-08T09:19:11.719+0000] {dagbag.py:588} INFO - Filling up the DagBag from /root/miniconda3/envs/project/lib/python3.8/site-packages/airflow/example_dags/example_workday_timetable.py
[2024-10-08T09:19:11.728+0000] {processor.py:925} INFO - DAG(s) 'example_workday_timetable' retrieved from /root/miniconda3/envs/project/lib/python3.8/site-packages/airflow/example_dags/example_workday_timetable.py
[2024-10-08T09:19:11.751+0000] {logging_mixin.py:190} INFO - [2024-10-08T09:19:11.751+0000] {dag.py:3239} INFO - Sync 1 DAGs
[2024-10-08T09:19:11.836+0000] {logging_mixin.py:190} INFO - [2024-10-08T09:19:11.836+0000] {dag.py:4180} INFO - Setting next_dagrun for example_workday_timetable to 2021-01-04 00:00:00+00:00, run_after=2021-01-05 00:00:00+00:00
[2024-10-08T09:19:11.871+0000] {processor.py:208} INFO - Processing /root/miniconda3/envs/project/lib/python3.8/site-packages/airflow/example_dags/example_workday_timetable.py took 0.170 seconds
[2024-10-08T09:20:19.055+0000] {processor.py:186} INFO - Started process (PID=223899) to work on /root/miniconda3/envs/project/lib/python3.8/site-packages/airflow/example_dags/example_workday_timetable.py
[2024-10-08T09:20:19.057+0000] {processor.py:914} INFO - Processing file /root/miniconda3/envs/project/lib/python3.8/site-packages/airflow/example_dags/example_workday_timetable.py for tasks to queue
[2024-10-08T09:20:19.061+0000] {logging_mixin.py:190} INFO - [2024-10-08T09:20:19.060+0000] {dagbag.py:588} INFO - Filling up the DagBag from /root/miniconda3/envs/project/lib/python3.8/site-packages/airflow/example_dags/example_workday_timetable.py
[2024-10-08T09:20:19.070+0000] {processor.py:925} INFO - DAG(s) 'example_workday_timetable' retrieved from /root/miniconda3/envs/project/lib/python3.8/site-packages/airflow/example_dags/example_workday_timetable.py
[2024-10-08T09:20:19.094+0000] {logging_mixin.py:190} INFO - [2024-10-08T09:20:19.093+0000] {dag.py:3239} INFO - Sync 1 DAGs
[2024-10-08T09:20:19.179+0000] {logging_mixin.py:190} INFO - [2024-10-08T09:20:19.178+0000] {dag.py:4180} INFO - Setting next_dagrun for example_workday_timetable to 2021-01-04 00:00:00+00:00, run_after=2021-01-05 00:00:00+00:00
[2024-10-08T09:20:19.215+0000] {processor.py:208} INFO - Processing /root/miniconda3/envs/project/lib/python3.8/site-packages/airflow/example_dags/example_workday_timetable.py took 0.170 seconds
[2024-10-08T09:21:36.278+0000] {processor.py:186} INFO - Started process (PID=224138) to work on /root/miniconda3/envs/project/lib/python3.8/site-packages/airflow/example_dags/example_workday_timetable.py
[2024-10-08T09:21:36.281+0000] {processor.py:914} INFO - Processing file /root/miniconda3/envs/project/lib/python3.8/site-packages/airflow/example_dags/example_workday_timetable.py for tasks to queue
[2024-10-08T09:21:36.285+0000] {logging_mixin.py:190} INFO - [2024-10-08T09:21:36.284+0000] {dagbag.py:588} INFO - Filling up the DagBag from /root/miniconda3/envs/project/lib/python3.8/site-packages/airflow/example_dags/example_workday_timetable.py
[2024-10-08T09:21:36.294+0000] {processor.py:925} INFO - DAG(s) 'example_workday_timetable' retrieved from /root/miniconda3/envs/project/lib/python3.8/site-packages/airflow/example_dags/example_workday_timetable.py
[2024-10-08T09:21:36.316+0000] {logging_mixin.py:190} INFO - [2024-10-08T09:21:36.316+0000] {dag.py:3239} INFO - Sync 1 DAGs
[2024-10-08T09:21:36.399+0000] {logging_mixin.py:190} INFO - [2024-10-08T09:21:36.399+0000] {dag.py:4180} INFO - Setting next_dagrun for example_workday_timetable to 2021-01-04 00:00:00+00:00, run_after=2021-01-05 00:00:00+00:00
[2024-10-08T09:21:36.450+0000] {processor.py:208} INFO - Processing /root/miniconda3/envs/project/lib/python3.8/site-packages/airflow/example_dags/example_workday_timetable.py took 0.183 seconds
[2024-10-08T09:22:43.947+0000] {processor.py:186} INFO - Started process (PID=224361) to work on /root/miniconda3/envs/project/lib/python3.8/site-packages/airflow/example_dags/example_workday_timetable.py
[2024-10-08T09:22:43.950+0000] {processor.py:914} INFO - Processing file /root/miniconda3/envs/project/lib/python3.8/site-packages/airflow/example_dags/example_workday_timetable.py for tasks to queue
[2024-10-08T09:22:43.954+0000] {logging_mixin.py:190} INFO - [2024-10-08T09:22:43.953+0000] {dagbag.py:588} INFO - Filling up the DagBag from /root/miniconda3/envs/project/lib/python3.8/site-packages/airflow/example_dags/example_workday_timetable.py
[2024-10-08T09:22:43.963+0000] {processor.py:925} INFO - DAG(s) 'example_workday_timetable' retrieved from /root/miniconda3/envs/project/lib/python3.8/site-packages/airflow/example_dags/example_workday_timetable.py
[2024-10-08T09:22:43.985+0000] {logging_mixin.py:190} INFO - [2024-10-08T09:22:43.985+0000] {dag.py:3239} INFO - Sync 1 DAGs
[2024-10-08T09:22:44.068+0000] {logging_mixin.py:190} INFO - [2024-10-08T09:22:44.068+0000] {dag.py:4180} INFO - Setting next_dagrun for example_workday_timetable to 2021-01-04 00:00:00+00:00, run_after=2021-01-05 00:00:00+00:00
[2024-10-08T09:22:44.102+0000] {processor.py:208} INFO - Processing /root/miniconda3/envs/project/lib/python3.8/site-packages/airflow/example_dags/example_workday_timetable.py took 0.166 seconds
[2024-10-08T09:23:53.663+0000] {processor.py:186} INFO - Started process (PID=224614) to work on /root/miniconda3/envs/project/lib/python3.8/site-packages/airflow/example_dags/example_workday_timetable.py
[2024-10-08T09:23:53.666+0000] {processor.py:914} INFO - Processing file /root/miniconda3/envs/project/lib/python3.8/site-packages/airflow/example_dags/example_workday_timetable.py for tasks to queue
[2024-10-08T09:23:53.670+0000] {logging_mixin.py:190} INFO - [2024-10-08T09:23:53.670+0000] {dagbag.py:588} INFO - Filling up the DagBag from /root/miniconda3/envs/project/lib/python3.8/site-packages/airflow/example_dags/example_workday_timetable.py
[2024-10-08T09:23:53.680+0000] {processor.py:925} INFO - DAG(s) 'example_workday_timetable' retrieved from /root/miniconda3/envs/project/lib/python3.8/site-packages/airflow/example_dags/example_workday_timetable.py
[2024-10-08T09:23:53.703+0000] {logging_mixin.py:190} INFO - [2024-10-08T09:23:53.703+0000] {dag.py:3239} INFO - Sync 1 DAGs
[2024-10-08T09:23:53.788+0000] {logging_mixin.py:190} INFO - [2024-10-08T09:23:53.788+0000] {dag.py:4180} INFO - Setting next_dagrun for example_workday_timetable to 2021-01-04 00:00:00+00:00, run_after=2021-01-05 00:00:00+00:00
[2024-10-08T09:23:53.821+0000] {processor.py:208} INFO - Processing /root/miniconda3/envs/project/lib/python3.8/site-packages/airflow/example_dags/example_workday_timetable.py took 0.172 seconds
[2024-10-08T09:25:02.190+0000] {processor.py:186} INFO - Started process (PID=225194) to work on /root/miniconda3/envs/project/lib/python3.8/site-packages/airflow/example_dags/example_workday_timetable.py
[2024-10-08T09:25:02.193+0000] {processor.py:914} INFO - Processing file /root/miniconda3/envs/project/lib/python3.8/site-packages/airflow/example_dags/example_workday_timetable.py for tasks to queue
[2024-10-08T09:25:02.196+0000] {logging_mixin.py:190} INFO - [2024-10-08T09:25:02.196+0000] {dagbag.py:588} INFO - Filling up the DagBag from /root/miniconda3/envs/project/lib/python3.8/site-packages/airflow/example_dags/example_workday_timetable.py
[2024-10-08T09:25:02.206+0000] {processor.py:925} INFO - DAG(s) 'example_workday_timetable' retrieved from /root/miniconda3/envs/project/lib/python3.8/site-packages/airflow/example_dags/example_workday_timetable.py
[2024-10-08T09:25:02.230+0000] {logging_mixin.py:190} INFO - [2024-10-08T09:25:02.230+0000] {dag.py:3239} INFO - Sync 1 DAGs
[2024-10-08T09:25:02.321+0000] {logging_mixin.py:190} INFO - [2024-10-08T09:25:02.321+0000] {dag.py:4180} INFO - Setting next_dagrun for example_workday_timetable to 2021-01-04 00:00:00+00:00, run_after=2021-01-05 00:00:00+00:00
[2024-10-08T09:25:02.360+0000] {processor.py:208} INFO - Processing /root/miniconda3/envs/project/lib/python3.8/site-packages/airflow/example_dags/example_workday_timetable.py took 0.181 seconds
[2024-10-08T09:26:11.603+0000] {processor.py:186} INFO - Started process (PID=225663) to work on /root/miniconda3/envs/project/lib/python3.8/site-packages/airflow/example_dags/example_workday_timetable.py
[2024-10-08T09:26:11.606+0000] {processor.py:914} INFO - Processing file /root/miniconda3/envs/project/lib/python3.8/site-packages/airflow/example_dags/example_workday_timetable.py for tasks to queue
[2024-10-08T09:26:11.610+0000] {logging_mixin.py:190} INFO - [2024-10-08T09:26:11.609+0000] {dagbag.py:588} INFO - Filling up the DagBag from /root/miniconda3/envs/project/lib/python3.8/site-packages/airflow/example_dags/example_workday_timetable.py
[2024-10-08T09:26:11.620+0000] {processor.py:925} INFO - DAG(s) 'example_workday_timetable' retrieved from /root/miniconda3/envs/project/lib/python3.8/site-packages/airflow/example_dags/example_workday_timetable.py
[2024-10-08T09:26:11.643+0000] {logging_mixin.py:190} INFO - [2024-10-08T09:26:11.643+0000] {dag.py:3239} INFO - Sync 1 DAGs
[2024-10-08T09:26:11.730+0000] {logging_mixin.py:190} INFO - [2024-10-08T09:26:11.729+0000] {dag.py:4180} INFO - Setting next_dagrun for example_workday_timetable to 2021-01-04 00:00:00+00:00, run_after=2021-01-05 00:00:00+00:00
[2024-10-08T09:26:11.776+0000] {processor.py:208} INFO - Processing /root/miniconda3/envs/project/lib/python3.8/site-packages/airflow/example_dags/example_workday_timetable.py took 0.184 seconds
[2024-10-08T09:27:24.553+0000] {processor.py:186} INFO - Started process (PID=226049) to work on /root/miniconda3/envs/project/lib/python3.8/site-packages/airflow/example_dags/example_workday_timetable.py
[2024-10-08T09:27:24.556+0000] {processor.py:914} INFO - Processing file /root/miniconda3/envs/project/lib/python3.8/site-packages/airflow/example_dags/example_workday_timetable.py for tasks to queue
[2024-10-08T09:27:24.560+0000] {logging_mixin.py:190} INFO - [2024-10-08T09:27:24.559+0000] {dagbag.py:588} INFO - Filling up the DagBag from /root/miniconda3/envs/project/lib/python3.8/site-packages/airflow/example_dags/example_workday_timetable.py
[2024-10-08T09:27:24.570+0000] {processor.py:925} INFO - DAG(s) 'example_workday_timetable' retrieved from /root/miniconda3/envs/project/lib/python3.8/site-packages/airflow/example_dags/example_workday_timetable.py
[2024-10-08T09:27:24.594+0000] {logging_mixin.py:190} INFO - [2024-10-08T09:27:24.594+0000] {dag.py:3239} INFO - Sync 1 DAGs
[2024-10-08T09:27:24.687+0000] {logging_mixin.py:190} INFO - [2024-10-08T09:27:24.687+0000] {dag.py:4180} INFO - Setting next_dagrun for example_workday_timetable to 2021-01-04 00:00:00+00:00, run_after=2021-01-05 00:00:00+00:00
[2024-10-08T09:27:24.725+0000] {processor.py:208} INFO - Processing /root/miniconda3/envs/project/lib/python3.8/site-packages/airflow/example_dags/example_workday_timetable.py took 0.184 seconds
[2024-10-08T09:28:34.722+0000] {processor.py:186} INFO - Started process (PID=226554) to work on /root/miniconda3/envs/project/lib/python3.8/site-packages/airflow/example_dags/example_workday_timetable.py
[2024-10-08T09:28:34.724+0000] {processor.py:914} INFO - Processing file /root/miniconda3/envs/project/lib/python3.8/site-packages/airflow/example_dags/example_workday_timetable.py for tasks to queue
[2024-10-08T09:28:34.728+0000] {logging_mixin.py:190} INFO - [2024-10-08T09:28:34.727+0000] {dagbag.py:588} INFO - Filling up the DagBag from /root/miniconda3/envs/project/lib/python3.8/site-packages/airflow/example_dags/example_workday_timetable.py
[2024-10-08T09:28:34.738+0000] {processor.py:925} INFO - DAG(s) 'example_workday_timetable' retrieved from /root/miniconda3/envs/project/lib/python3.8/site-packages/airflow/example_dags/example_workday_timetable.py
[2024-10-08T09:28:34.761+0000] {logging_mixin.py:190} INFO - [2024-10-08T09:28:34.760+0000] {dag.py:3239} INFO - Sync 1 DAGs
[2024-10-08T09:28:34.843+0000] {logging_mixin.py:190} INFO - [2024-10-08T09:28:34.843+0000] {dag.py:4180} INFO - Setting next_dagrun for example_workday_timetable to 2021-01-04 00:00:00+00:00, run_after=2021-01-05 00:00:00+00:00
[2024-10-08T09:28:34.876+0000] {processor.py:208} INFO - Processing /root/miniconda3/envs/project/lib/python3.8/site-packages/airflow/example_dags/example_workday_timetable.py took 0.165 seconds
[2024-10-08T09:29:54.723+0000] {processor.py:186} INFO - Started process (PID=227313) to work on /root/miniconda3/envs/project/lib/python3.8/site-packages/airflow/example_dags/example_workday_timetable.py
[2024-10-08T09:29:54.726+0000] {processor.py:914} INFO - Processing file /root/miniconda3/envs/project/lib/python3.8/site-packages/airflow/example_dags/example_workday_timetable.py for tasks to queue
[2024-10-08T09:29:54.730+0000] {logging_mixin.py:190} INFO - [2024-10-08T09:29:54.729+0000] {dagbag.py:588} INFO - Filling up the DagBag from /root/miniconda3/envs/project/lib/python3.8/site-packages/airflow/example_dags/example_workday_timetable.py
[2024-10-08T09:29:54.739+0000] {processor.py:925} INFO - DAG(s) 'example_workday_timetable' retrieved from /root/miniconda3/envs/project/lib/python3.8/site-packages/airflow/example_dags/example_workday_timetable.py
[2024-10-08T09:29:54.875+0000] {logging_mixin.py:190} INFO - [2024-10-08T09:29:54.875+0000] {dag.py:3239} INFO - Sync 1 DAGs
[2024-10-08T09:29:54.970+0000] {logging_mixin.py:190} INFO - [2024-10-08T09:29:54.969+0000] {dag.py:4180} INFO - Setting next_dagrun for example_workday_timetable to 2021-01-04 00:00:00+00:00, run_after=2021-01-05 00:00:00+00:00
[2024-10-08T09:29:55.002+0000] {processor.py:208} INFO - Processing /root/miniconda3/envs/project/lib/python3.8/site-packages/airflow/example_dags/example_workday_timetable.py took 0.290 seconds
[2024-10-08T09:30:38.335+0000] {processor.py:186} INFO - Started process (PID=227858) to work on /root/miniconda3/envs/project/lib/python3.8/site-packages/airflow/example_dags/example_workday_timetable.py
[2024-10-08T09:30:38.338+0000] {processor.py:914} INFO - Processing file /root/miniconda3/envs/project/lib/python3.8/site-packages/airflow/example_dags/example_workday_timetable.py for tasks to queue
[2024-10-08T09:30:38.342+0000] {logging_mixin.py:190} INFO - [2024-10-08T09:30:38.340+0000] {dagbag.py:588} INFO - Filling up the DagBag from /root/miniconda3/envs/project/lib/python3.8/site-packages/airflow/example_dags/example_workday_timetable.py
[2024-10-08T09:30:38.350+0000] {processor.py:925} INFO - DAG(s) 'example_workday_timetable' retrieved from /root/miniconda3/envs/project/lib/python3.8/site-packages/airflow/example_dags/example_workday_timetable.py
[2024-10-08T09:30:38.486+0000] {logging_mixin.py:190} INFO - [2024-10-08T09:30:38.486+0000] {dag.py:3239} INFO - Sync 1 DAGs
[2024-10-08T09:30:38.556+0000] {logging_mixin.py:190} INFO - [2024-10-08T09:30:38.556+0000] {dag.py:4180} INFO - Setting next_dagrun for example_workday_timetable to 2021-01-04 00:00:00+00:00, run_after=2021-01-05 00:00:00+00:00
[2024-10-08T09:30:38.594+0000] {processor.py:208} INFO - Processing /root/miniconda3/envs/project/lib/python3.8/site-packages/airflow/example_dags/example_workday_timetable.py took 0.269 seconds
[2024-10-08T09:32:08.272+0000] {processor.py:186} INFO - Started process (PID=229006) to work on /root/miniconda3/envs/project/lib/python3.8/site-packages/airflow/example_dags/example_workday_timetable.py
[2024-10-08T09:32:08.275+0000] {processor.py:914} INFO - Processing file /root/miniconda3/envs/project/lib/python3.8/site-packages/airflow/example_dags/example_workday_timetable.py for tasks to queue
[2024-10-08T09:32:08.278+0000] {logging_mixin.py:190} INFO - [2024-10-08T09:32:08.277+0000] {dagbag.py:588} INFO - Filling up the DagBag from /root/miniconda3/envs/project/lib/python3.8/site-packages/airflow/example_dags/example_workday_timetable.py
[2024-10-08T09:32:08.287+0000] {processor.py:925} INFO - DAG(s) 'example_workday_timetable' retrieved from /root/miniconda3/envs/project/lib/python3.8/site-packages/airflow/example_dags/example_workday_timetable.py
[2024-10-08T09:32:08.309+0000] {logging_mixin.py:190} INFO - [2024-10-08T09:32:08.309+0000] {dag.py:3239} INFO - Sync 1 DAGs
[2024-10-08T09:32:08.403+0000] {logging_mixin.py:190} INFO - [2024-10-08T09:32:08.403+0000] {dag.py:4180} INFO - Setting next_dagrun for example_workday_timetable to 2021-01-04 00:00:00+00:00, run_after=2021-01-05 00:00:00+00:00
[2024-10-08T09:32:08.447+0000] {processor.py:208} INFO - Processing /root/miniconda3/envs/project/lib/python3.8/site-packages/airflow/example_dags/example_workday_timetable.py took 0.187 seconds
[2024-10-08T09:33:19.665+0000] {processor.py:186} INFO - Started process (PID=229289) to work on /root/miniconda3/envs/project/lib/python3.8/site-packages/airflow/example_dags/example_workday_timetable.py
[2024-10-08T09:33:19.668+0000] {processor.py:914} INFO - Processing file /root/miniconda3/envs/project/lib/python3.8/site-packages/airflow/example_dags/example_workday_timetable.py for tasks to queue
[2024-10-08T09:33:19.672+0000] {logging_mixin.py:190} INFO - [2024-10-08T09:33:19.671+0000] {dagbag.py:588} INFO - Filling up the DagBag from /root/miniconda3/envs/project/lib/python3.8/site-packages/airflow/example_dags/example_workday_timetable.py
[2024-10-08T09:33:19.682+0000] {processor.py:925} INFO - DAG(s) 'example_workday_timetable' retrieved from /root/miniconda3/envs/project/lib/python3.8/site-packages/airflow/example_dags/example_workday_timetable.py
[2024-10-08T09:33:19.706+0000] {logging_mixin.py:190} INFO - [2024-10-08T09:33:19.706+0000] {dag.py:3239} INFO - Sync 1 DAGs
[2024-10-08T09:33:19.790+0000] {logging_mixin.py:190} INFO - [2024-10-08T09:33:19.790+0000] {dag.py:4180} INFO - Setting next_dagrun for example_workday_timetable to 2021-01-04 00:00:00+00:00, run_after=2021-01-05 00:00:00+00:00
[2024-10-08T09:33:19.826+0000] {processor.py:208} INFO - Processing /root/miniconda3/envs/project/lib/python3.8/site-packages/airflow/example_dags/example_workday_timetable.py took 0.172 seconds
