[2024-10-08T07:57:55.375+0000] {processor.py:186} INFO - Started process (PID=207185) to work on /root/miniconda3/envs/project/lib/python3.8/site-packages/airflow/example_dags/example_dag_decorator.py
[2024-10-08T07:57:55.376+0000] {processor.py:914} INFO - Processing file /root/miniconda3/envs/project/lib/python3.8/site-packages/airflow/example_dags/example_dag_decorator.py for tasks to queue
[2024-10-08T07:57:55.380+0000] {logging_mixin.py:190} INFO - [2024-10-08T07:57:55.380+0000] {dagbag.py:588} INFO - Filling up the DagBag from /root/miniconda3/envs/project/lib/python3.8/site-packages/airflow/example_dags/example_dag_decorator.py
[2024-10-08T07:57:55.398+0000] {processor.py:925} INFO - DAG(s) 'example_dag_decorator' retrieved from /root/miniconda3/envs/project/lib/python3.8/site-packages/airflow/example_dags/example_dag_decorator.py
[2024-10-08T07:57:55.551+0000] {logging_mixin.py:190} INFO - [2024-10-08T07:57:55.550+0000] {override.py:1901} INFO - Created Permission View: can delete on DAG:example_dag_decorator
[2024-10-08T07:57:55.572+0000] {logging_mixin.py:190} INFO - [2024-10-08T07:57:55.571+0000] {override.py:1901} INFO - Created Permission View: can read on DAG:example_dag_decorator
[2024-10-08T07:57:55.587+0000] {logging_mixin.py:190} INFO - [2024-10-08T07:57:55.586+0000] {override.py:1901} INFO - Created Permission View: can edit on DAG:example_dag_decorator
[2024-10-08T07:57:55.613+0000] {logging_mixin.py:190} INFO - [2024-10-08T07:57:55.613+0000] {override.py:1901} INFO - Created Permission View: can delete on DAG Run:example_dag_decorator
[2024-10-08T07:57:55.629+0000] {logging_mixin.py:190} INFO - [2024-10-08T07:57:55.628+0000] {override.py:1901} INFO - Created Permission View: menu access on DAG Run:example_dag_decorator
[2024-10-08T07:57:55.644+0000] {logging_mixin.py:190} INFO - [2024-10-08T07:57:55.644+0000] {override.py:1901} INFO - Created Permission View: can create on DAG Run:example_dag_decorator
[2024-10-08T07:57:55.657+0000] {logging_mixin.py:190} INFO - [2024-10-08T07:57:55.657+0000] {override.py:1901} INFO - Created Permission View: can read on DAG Run:example_dag_decorator
[2024-10-08T07:57:55.658+0000] {logging_mixin.py:190} INFO - [2024-10-08T07:57:55.658+0000] {dag.py:3239} INFO - Sync 1 DAGs
[2024-10-08T07:57:55.676+0000] {logging_mixin.py:190} INFO - [2024-10-08T07:57:55.676+0000] {dag.py:3262} INFO - Creating ORM DAG for example_dag_decorator
[2024-10-08T07:57:55.677+0000] {logging_mixin.py:190} INFO - [2024-10-08T07:57:55.676+0000] {dag.py:4180} INFO - Setting next_dagrun for example_dag_decorator to None, run_after=None
[2024-10-08T07:57:55.709+0000] {processor.py:208} INFO - Processing /root/miniconda3/envs/project/lib/python3.8/site-packages/airflow/example_dags/example_dag_decorator.py took 0.345 seconds
[2024-10-08T07:59:14.650+0000] {processor.py:186} INFO - Started process (PID=207482) to work on /root/miniconda3/envs/project/lib/python3.8/site-packages/airflow/example_dags/example_dag_decorator.py
[2024-10-08T07:59:14.654+0000] {processor.py:914} INFO - Processing file /root/miniconda3/envs/project/lib/python3.8/site-packages/airflow/example_dags/example_dag_decorator.py for tasks to queue
[2024-10-08T07:59:14.659+0000] {logging_mixin.py:190} INFO - [2024-10-08T07:59:14.658+0000] {dagbag.py:588} INFO - Filling up the DagBag from /root/miniconda3/envs/project/lib/python3.8/site-packages/airflow/example_dags/example_dag_decorator.py
[2024-10-08T07:59:14.681+0000] {processor.py:925} INFO - DAG(s) 'example_dag_decorator' retrieved from /root/miniconda3/envs/project/lib/python3.8/site-packages/airflow/example_dags/example_dag_decorator.py
[2024-10-08T07:59:14.819+0000] {logging_mixin.py:190} INFO - [2024-10-08T07:59:14.819+0000] {dag.py:3239} INFO - Sync 1 DAGs
[2024-10-08T07:59:14.834+0000] {logging_mixin.py:190} INFO - [2024-10-08T07:59:14.834+0000] {dag.py:4180} INFO - Setting next_dagrun for example_dag_decorator to None, run_after=None
[2024-10-08T07:59:14.866+0000] {processor.py:208} INFO - Processing /root/miniconda3/envs/project/lib/python3.8/site-packages/airflow/example_dags/example_dag_decorator.py took 0.226 seconds
[2024-10-08T08:00:25.583+0000] {processor.py:186} INFO - Started process (PID=207690) to work on /root/miniconda3/envs/project/lib/python3.8/site-packages/airflow/example_dags/example_dag_decorator.py
[2024-10-08T08:00:25.586+0000] {processor.py:914} INFO - Processing file /root/miniconda3/envs/project/lib/python3.8/site-packages/airflow/example_dags/example_dag_decorator.py for tasks to queue
[2024-10-08T08:00:25.590+0000] {logging_mixin.py:190} INFO - [2024-10-08T08:00:25.590+0000] {dagbag.py:588} INFO - Filling up the DagBag from /root/miniconda3/envs/project/lib/python3.8/site-packages/airflow/example_dags/example_dag_decorator.py
[2024-10-08T08:00:25.611+0000] {processor.py:925} INFO - DAG(s) 'example_dag_decorator' retrieved from /root/miniconda3/envs/project/lib/python3.8/site-packages/airflow/example_dags/example_dag_decorator.py
[2024-10-08T08:00:25.762+0000] {logging_mixin.py:190} INFO - [2024-10-08T08:00:25.761+0000] {dag.py:3239} INFO - Sync 1 DAGs
[2024-10-08T08:00:25.778+0000] {logging_mixin.py:190} INFO - [2024-10-08T08:00:25.778+0000] {dag.py:4180} INFO - Setting next_dagrun for example_dag_decorator to None, run_after=None
[2024-10-08T08:00:25.812+0000] {processor.py:208} INFO - Processing /root/miniconda3/envs/project/lib/python3.8/site-packages/airflow/example_dags/example_dag_decorator.py took 0.240 seconds
[2024-10-08T08:01:41.287+0000] {processor.py:186} INFO - Started process (PID=208042) to work on /root/miniconda3/envs/project/lib/python3.8/site-packages/airflow/example_dags/example_dag_decorator.py
[2024-10-08T08:01:41.291+0000] {processor.py:914} INFO - Processing file /root/miniconda3/envs/project/lib/python3.8/site-packages/airflow/example_dags/example_dag_decorator.py for tasks to queue
[2024-10-08T08:01:41.295+0000] {logging_mixin.py:190} INFO - [2024-10-08T08:01:41.295+0000] {dagbag.py:588} INFO - Filling up the DagBag from /root/miniconda3/envs/project/lib/python3.8/site-packages/airflow/example_dags/example_dag_decorator.py
[2024-10-08T08:01:41.324+0000] {processor.py:925} INFO - DAG(s) 'example_dag_decorator' retrieved from /root/miniconda3/envs/project/lib/python3.8/site-packages/airflow/example_dags/example_dag_decorator.py
[2024-10-08T08:01:41.465+0000] {logging_mixin.py:190} INFO - [2024-10-08T08:01:41.465+0000] {dag.py:3239} INFO - Sync 1 DAGs
[2024-10-08T08:01:41.481+0000] {logging_mixin.py:190} INFO - [2024-10-08T08:01:41.480+0000] {dag.py:4180} INFO - Setting next_dagrun for example_dag_decorator to None, run_after=None
[2024-10-08T08:01:41.524+0000] {processor.py:208} INFO - Processing /root/miniconda3/envs/project/lib/python3.8/site-packages/airflow/example_dags/example_dag_decorator.py took 0.252 seconds
[2024-10-08T08:02:51.075+0000] {processor.py:186} INFO - Started process (PID=208294) to work on /root/miniconda3/envs/project/lib/python3.8/site-packages/airflow/example_dags/example_dag_decorator.py
[2024-10-08T08:02:51.078+0000] {processor.py:914} INFO - Processing file /root/miniconda3/envs/project/lib/python3.8/site-packages/airflow/example_dags/example_dag_decorator.py for tasks to queue
[2024-10-08T08:02:51.083+0000] {logging_mixin.py:190} INFO - [2024-10-08T08:02:51.083+0000] {dagbag.py:588} INFO - Filling up the DagBag from /root/miniconda3/envs/project/lib/python3.8/site-packages/airflow/example_dags/example_dag_decorator.py
[2024-10-08T08:02:51.105+0000] {processor.py:925} INFO - DAG(s) 'example_dag_decorator' retrieved from /root/miniconda3/envs/project/lib/python3.8/site-packages/airflow/example_dags/example_dag_decorator.py
[2024-10-08T08:02:51.258+0000] {logging_mixin.py:190} INFO - [2024-10-08T08:02:51.257+0000] {dag.py:3239} INFO - Sync 1 DAGs
[2024-10-08T08:02:51.273+0000] {logging_mixin.py:190} INFO - [2024-10-08T08:02:51.273+0000] {dag.py:4180} INFO - Setting next_dagrun for example_dag_decorator to None, run_after=None
[2024-10-08T08:02:51.312+0000] {processor.py:208} INFO - Processing /root/miniconda3/envs/project/lib/python3.8/site-packages/airflow/example_dags/example_dag_decorator.py took 0.254 seconds
[2024-10-08T08:04:00.011+0000] {processor.py:186} INFO - Started process (PID=208542) to work on /root/miniconda3/envs/project/lib/python3.8/site-packages/airflow/example_dags/example_dag_decorator.py
[2024-10-08T08:04:00.014+0000] {processor.py:914} INFO - Processing file /root/miniconda3/envs/project/lib/python3.8/site-packages/airflow/example_dags/example_dag_decorator.py for tasks to queue
[2024-10-08T08:04:00.018+0000] {logging_mixin.py:190} INFO - [2024-10-08T08:04:00.017+0000] {dagbag.py:588} INFO - Filling up the DagBag from /root/miniconda3/envs/project/lib/python3.8/site-packages/airflow/example_dags/example_dag_decorator.py
[2024-10-08T08:04:00.037+0000] {processor.py:925} INFO - DAG(s) 'example_dag_decorator' retrieved from /root/miniconda3/envs/project/lib/python3.8/site-packages/airflow/example_dags/example_dag_decorator.py
[2024-10-08T08:04:00.176+0000] {logging_mixin.py:190} INFO - [2024-10-08T08:04:00.176+0000] {dag.py:3239} INFO - Sync 1 DAGs
[2024-10-08T08:04:00.191+0000] {logging_mixin.py:190} INFO - [2024-10-08T08:04:00.191+0000] {dag.py:4180} INFO - Setting next_dagrun for example_dag_decorator to None, run_after=None
[2024-10-08T08:04:00.221+0000] {processor.py:208} INFO - Processing /root/miniconda3/envs/project/lib/python3.8/site-packages/airflow/example_dags/example_dag_decorator.py took 0.221 seconds
[2024-10-08T08:05:07.383+0000] {processor.py:186} INFO - Started process (PID=208744) to work on /root/miniconda3/envs/project/lib/python3.8/site-packages/airflow/example_dags/example_dag_decorator.py
[2024-10-08T08:05:07.386+0000] {processor.py:914} INFO - Processing file /root/miniconda3/envs/project/lib/python3.8/site-packages/airflow/example_dags/example_dag_decorator.py for tasks to queue
[2024-10-08T08:05:07.389+0000] {logging_mixin.py:190} INFO - [2024-10-08T08:05:07.389+0000] {dagbag.py:588} INFO - Filling up the DagBag from /root/miniconda3/envs/project/lib/python3.8/site-packages/airflow/example_dags/example_dag_decorator.py
[2024-10-08T08:05:07.408+0000] {processor.py:925} INFO - DAG(s) 'example_dag_decorator' retrieved from /root/miniconda3/envs/project/lib/python3.8/site-packages/airflow/example_dags/example_dag_decorator.py
[2024-10-08T08:05:07.555+0000] {logging_mixin.py:190} INFO - [2024-10-08T08:05:07.554+0000] {dag.py:3239} INFO - Sync 1 DAGs
[2024-10-08T08:05:07.571+0000] {logging_mixin.py:190} INFO - [2024-10-08T08:05:07.571+0000] {dag.py:4180} INFO - Setting next_dagrun for example_dag_decorator to None, run_after=None
[2024-10-08T08:05:07.605+0000] {processor.py:208} INFO - Processing /root/miniconda3/envs/project/lib/python3.8/site-packages/airflow/example_dags/example_dag_decorator.py took 0.233 seconds
[2024-10-08T08:06:09.042+0000] {processor.py:186} INFO - Started process (PID=208930) to work on /root/miniconda3/envs/project/lib/python3.8/site-packages/airflow/example_dags/example_dag_decorator.py
[2024-10-08T08:06:09.045+0000] {processor.py:914} INFO - Processing file /root/miniconda3/envs/project/lib/python3.8/site-packages/airflow/example_dags/example_dag_decorator.py for tasks to queue
[2024-10-08T08:06:09.048+0000] {logging_mixin.py:190} INFO - [2024-10-08T08:06:09.048+0000] {dagbag.py:588} INFO - Filling up the DagBag from /root/miniconda3/envs/project/lib/python3.8/site-packages/airflow/example_dags/example_dag_decorator.py
[2024-10-08T08:06:09.067+0000] {processor.py:925} INFO - DAG(s) 'example_dag_decorator' retrieved from /root/miniconda3/envs/project/lib/python3.8/site-packages/airflow/example_dags/example_dag_decorator.py
[2024-10-08T08:06:09.207+0000] {logging_mixin.py:190} INFO - [2024-10-08T08:06:09.207+0000] {dag.py:3239} INFO - Sync 1 DAGs
[2024-10-08T08:06:09.219+0000] {logging_mixin.py:190} INFO - [2024-10-08T08:06:09.219+0000] {dag.py:4180} INFO - Setting next_dagrun for example_dag_decorator to None, run_after=None
[2024-10-08T08:06:09.250+0000] {processor.py:208} INFO - Processing /root/miniconda3/envs/project/lib/python3.8/site-packages/airflow/example_dags/example_dag_decorator.py took 0.218 seconds
[2024-10-08T08:07:14.331+0000] {processor.py:186} INFO - Started process (PID=209162) to work on /root/miniconda3/envs/project/lib/python3.8/site-packages/airflow/example_dags/example_dag_decorator.py
[2024-10-08T08:07:14.334+0000] {processor.py:914} INFO - Processing file /root/miniconda3/envs/project/lib/python3.8/site-packages/airflow/example_dags/example_dag_decorator.py for tasks to queue
[2024-10-08T08:07:14.337+0000] {logging_mixin.py:190} INFO - [2024-10-08T08:07:14.337+0000] {dagbag.py:588} INFO - Filling up the DagBag from /root/miniconda3/envs/project/lib/python3.8/site-packages/airflow/example_dags/example_dag_decorator.py
[2024-10-08T08:07:14.357+0000] {processor.py:925} INFO - DAG(s) 'example_dag_decorator' retrieved from /root/miniconda3/envs/project/lib/python3.8/site-packages/airflow/example_dags/example_dag_decorator.py
[2024-10-08T08:07:14.500+0000] {logging_mixin.py:190} INFO - [2024-10-08T08:07:14.500+0000] {dag.py:3239} INFO - Sync 1 DAGs
[2024-10-08T08:07:14.513+0000] {logging_mixin.py:190} INFO - [2024-10-08T08:07:14.513+0000] {dag.py:4180} INFO - Setting next_dagrun for example_dag_decorator to None, run_after=None
[2024-10-08T08:07:14.541+0000] {processor.py:208} INFO - Processing /root/miniconda3/envs/project/lib/python3.8/site-packages/airflow/example_dags/example_dag_decorator.py took 0.220 seconds
[2024-10-08T08:08:24.246+0000] {processor.py:186} INFO - Started process (PID=209544) to work on /root/miniconda3/envs/project/lib/python3.8/site-packages/airflow/example_dags/example_dag_decorator.py
[2024-10-08T08:08:24.249+0000] {processor.py:914} INFO - Processing file /root/miniconda3/envs/project/lib/python3.8/site-packages/airflow/example_dags/example_dag_decorator.py for tasks to queue
[2024-10-08T08:08:24.252+0000] {logging_mixin.py:190} INFO - [2024-10-08T08:08:24.251+0000] {dagbag.py:588} INFO - Filling up the DagBag from /root/miniconda3/envs/project/lib/python3.8/site-packages/airflow/example_dags/example_dag_decorator.py
[2024-10-08T08:08:24.272+0000] {processor.py:925} INFO - DAG(s) 'example_dag_decorator' retrieved from /root/miniconda3/envs/project/lib/python3.8/site-packages/airflow/example_dags/example_dag_decorator.py
[2024-10-08T08:08:24.420+0000] {logging_mixin.py:190} INFO - [2024-10-08T08:08:24.419+0000] {dag.py:3239} INFO - Sync 1 DAGs
[2024-10-08T08:08:24.443+0000] {logging_mixin.py:190} INFO - [2024-10-08T08:08:24.443+0000] {dag.py:4180} INFO - Setting next_dagrun for example_dag_decorator to None, run_after=None
[2024-10-08T08:08:24.486+0000] {processor.py:208} INFO - Processing /root/miniconda3/envs/project/lib/python3.8/site-packages/airflow/example_dags/example_dag_decorator.py took 0.251 seconds
[2024-10-08T08:13:24.202+0000] {processor.py:186} INFO - Started process (PID=211124) to work on /root/miniconda3/envs/project/lib/python3.8/site-packages/airflow/example_dags/example_dag_decorator.py
[2024-10-08T08:13:24.205+0000] {processor.py:914} INFO - Processing file /root/miniconda3/envs/project/lib/python3.8/site-packages/airflow/example_dags/example_dag_decorator.py for tasks to queue
[2024-10-08T08:13:24.208+0000] {logging_mixin.py:190} INFO - [2024-10-08T08:13:24.207+0000] {dagbag.py:588} INFO - Filling up the DagBag from /root/miniconda3/envs/project/lib/python3.8/site-packages/airflow/example_dags/example_dag_decorator.py
[2024-10-08T08:13:24.227+0000] {processor.py:925} INFO - DAG(s) 'example_dag_decorator' retrieved from /root/miniconda3/envs/project/lib/python3.8/site-packages/airflow/example_dags/example_dag_decorator.py
[2024-10-08T08:13:24.369+0000] {logging_mixin.py:190} INFO - [2024-10-08T08:13:24.369+0000] {dag.py:3239} INFO - Sync 1 DAGs
[2024-10-08T08:13:24.383+0000] {logging_mixin.py:190} INFO - [2024-10-08T08:13:24.383+0000] {dag.py:4180} INFO - Setting next_dagrun for example_dag_decorator to None, run_after=None
[2024-10-08T08:13:24.411+0000] {processor.py:208} INFO - Processing /root/miniconda3/envs/project/lib/python3.8/site-packages/airflow/example_dags/example_dag_decorator.py took 0.220 seconds
[2024-10-08T08:14:34.090+0000] {processor.py:186} INFO - Started process (PID=211379) to work on /root/miniconda3/envs/project/lib/python3.8/site-packages/airflow/example_dags/example_dag_decorator.py
[2024-10-08T08:14:34.093+0000] {processor.py:914} INFO - Processing file /root/miniconda3/envs/project/lib/python3.8/site-packages/airflow/example_dags/example_dag_decorator.py for tasks to queue
[2024-10-08T08:14:34.096+0000] {logging_mixin.py:190} INFO - [2024-10-08T08:14:34.095+0000] {dagbag.py:588} INFO - Filling up the DagBag from /root/miniconda3/envs/project/lib/python3.8/site-packages/airflow/example_dags/example_dag_decorator.py
[2024-10-08T08:14:34.115+0000] {processor.py:925} INFO - DAG(s) 'example_dag_decorator' retrieved from /root/miniconda3/envs/project/lib/python3.8/site-packages/airflow/example_dags/example_dag_decorator.py
[2024-10-08T08:14:34.254+0000] {logging_mixin.py:190} INFO - [2024-10-08T08:14:34.254+0000] {dag.py:3239} INFO - Sync 1 DAGs
[2024-10-08T08:14:34.271+0000] {logging_mixin.py:190} INFO - [2024-10-08T08:14:34.271+0000] {dag.py:4180} INFO - Setting next_dagrun for example_dag_decorator to None, run_after=None
[2024-10-08T08:14:34.304+0000] {processor.py:208} INFO - Processing /root/miniconda3/envs/project/lib/python3.8/site-packages/airflow/example_dags/example_dag_decorator.py took 0.226 seconds
[2024-10-08T08:15:42.611+0000] {processor.py:186} INFO - Started process (PID=211625) to work on /root/miniconda3/envs/project/lib/python3.8/site-packages/airflow/example_dags/example_dag_decorator.py
[2024-10-08T08:15:42.614+0000] {processor.py:914} INFO - Processing file /root/miniconda3/envs/project/lib/python3.8/site-packages/airflow/example_dags/example_dag_decorator.py for tasks to queue
[2024-10-08T08:15:42.617+0000] {logging_mixin.py:190} INFO - [2024-10-08T08:15:42.617+0000] {dagbag.py:588} INFO - Filling up the DagBag from /root/miniconda3/envs/project/lib/python3.8/site-packages/airflow/example_dags/example_dag_decorator.py
[2024-10-08T08:15:42.636+0000] {processor.py:925} INFO - DAG(s) 'example_dag_decorator' retrieved from /root/miniconda3/envs/project/lib/python3.8/site-packages/airflow/example_dags/example_dag_decorator.py
[2024-10-08T08:15:42.812+0000] {logging_mixin.py:190} INFO - [2024-10-08T08:15:42.811+0000] {dag.py:3239} INFO - Sync 1 DAGs
[2024-10-08T08:15:42.827+0000] {logging_mixin.py:190} INFO - [2024-10-08T08:15:42.826+0000] {dag.py:4180} INFO - Setting next_dagrun for example_dag_decorator to None, run_after=None
[2024-10-08T08:15:42.860+0000] {processor.py:208} INFO - Processing /root/miniconda3/envs/project/lib/python3.8/site-packages/airflow/example_dags/example_dag_decorator.py took 0.261 seconds
[2024-10-08T08:16:50.927+0000] {processor.py:186} INFO - Started process (PID=211831) to work on /root/miniconda3/envs/project/lib/python3.8/site-packages/airflow/example_dags/example_dag_decorator.py
[2024-10-08T08:16:50.930+0000] {processor.py:914} INFO - Processing file /root/miniconda3/envs/project/lib/python3.8/site-packages/airflow/example_dags/example_dag_decorator.py for tasks to queue
[2024-10-08T08:16:50.933+0000] {logging_mixin.py:190} INFO - [2024-10-08T08:16:50.933+0000] {dagbag.py:588} INFO - Filling up the DagBag from /root/miniconda3/envs/project/lib/python3.8/site-packages/airflow/example_dags/example_dag_decorator.py
[2024-10-08T08:16:50.952+0000] {processor.py:925} INFO - DAG(s) 'example_dag_decorator' retrieved from /root/miniconda3/envs/project/lib/python3.8/site-packages/airflow/example_dags/example_dag_decorator.py
[2024-10-08T08:16:51.091+0000] {logging_mixin.py:190} INFO - [2024-10-08T08:16:51.091+0000] {dag.py:3239} INFO - Sync 1 DAGs
[2024-10-08T08:16:51.107+0000] {logging_mixin.py:190} INFO - [2024-10-08T08:16:51.106+0000] {dag.py:4180} INFO - Setting next_dagrun for example_dag_decorator to None, run_after=None
[2024-10-08T08:16:51.137+0000] {processor.py:208} INFO - Processing /root/miniconda3/envs/project/lib/python3.8/site-packages/airflow/example_dags/example_dag_decorator.py took 0.220 seconds
[2024-10-08T08:18:01.012+0000] {processor.py:186} INFO - Started process (PID=212080) to work on /root/miniconda3/envs/project/lib/python3.8/site-packages/airflow/example_dags/example_dag_decorator.py
[2024-10-08T08:18:01.015+0000] {processor.py:914} INFO - Processing file /root/miniconda3/envs/project/lib/python3.8/site-packages/airflow/example_dags/example_dag_decorator.py for tasks to queue
[2024-10-08T08:18:01.018+0000] {logging_mixin.py:190} INFO - [2024-10-08T08:18:01.018+0000] {dagbag.py:588} INFO - Filling up the DagBag from /root/miniconda3/envs/project/lib/python3.8/site-packages/airflow/example_dags/example_dag_decorator.py
[2024-10-08T08:18:01.037+0000] {processor.py:925} INFO - DAG(s) 'example_dag_decorator' retrieved from /root/miniconda3/envs/project/lib/python3.8/site-packages/airflow/example_dags/example_dag_decorator.py
[2024-10-08T08:18:01.177+0000] {logging_mixin.py:190} INFO - [2024-10-08T08:18:01.176+0000] {dag.py:3239} INFO - Sync 1 DAGs
[2024-10-08T08:18:01.213+0000] {logging_mixin.py:190} INFO - [2024-10-08T08:18:01.212+0000] {dag.py:4180} INFO - Setting next_dagrun for example_dag_decorator to None, run_after=None
[2024-10-08T08:18:01.251+0000] {processor.py:208} INFO - Processing /root/miniconda3/envs/project/lib/python3.8/site-packages/airflow/example_dags/example_dag_decorator.py took 0.249 seconds
[2024-10-08T08:19:13.074+0000] {processor.py:186} INFO - Started process (PID=212286) to work on /root/miniconda3/envs/project/lib/python3.8/site-packages/airflow/example_dags/example_dag_decorator.py
[2024-10-08T08:19:13.076+0000] {processor.py:914} INFO - Processing file /root/miniconda3/envs/project/lib/python3.8/site-packages/airflow/example_dags/example_dag_decorator.py for tasks to queue
[2024-10-08T08:19:13.081+0000] {logging_mixin.py:190} INFO - [2024-10-08T08:19:13.080+0000] {dagbag.py:588} INFO - Filling up the DagBag from /root/miniconda3/envs/project/lib/python3.8/site-packages/airflow/example_dags/example_dag_decorator.py
[2024-10-08T08:19:13.101+0000] {processor.py:925} INFO - DAG(s) 'example_dag_decorator' retrieved from /root/miniconda3/envs/project/lib/python3.8/site-packages/airflow/example_dags/example_dag_decorator.py
[2024-10-08T08:19:13.239+0000] {logging_mixin.py:190} INFO - [2024-10-08T08:19:13.239+0000] {dag.py:3239} INFO - Sync 1 DAGs
[2024-10-08T08:19:13.255+0000] {logging_mixin.py:190} INFO - [2024-10-08T08:19:13.254+0000] {dag.py:4180} INFO - Setting next_dagrun for example_dag_decorator to None, run_after=None
[2024-10-08T08:19:13.288+0000] {processor.py:208} INFO - Processing /root/miniconda3/envs/project/lib/python3.8/site-packages/airflow/example_dags/example_dag_decorator.py took 0.228 seconds
[2024-10-08T08:20:17.140+0000] {processor.py:186} INFO - Started process (PID=212468) to work on /root/miniconda3/envs/project/lib/python3.8/site-packages/airflow/example_dags/example_dag_decorator.py
[2024-10-08T08:20:17.143+0000] {processor.py:914} INFO - Processing file /root/miniconda3/envs/project/lib/python3.8/site-packages/airflow/example_dags/example_dag_decorator.py for tasks to queue
[2024-10-08T08:20:17.146+0000] {logging_mixin.py:190} INFO - [2024-10-08T08:20:17.146+0000] {dagbag.py:588} INFO - Filling up the DagBag from /root/miniconda3/envs/project/lib/python3.8/site-packages/airflow/example_dags/example_dag_decorator.py
[2024-10-08T08:20:17.166+0000] {processor.py:925} INFO - DAG(s) 'example_dag_decorator' retrieved from /root/miniconda3/envs/project/lib/python3.8/site-packages/airflow/example_dags/example_dag_decorator.py
[2024-10-08T08:20:17.313+0000] {logging_mixin.py:190} INFO - [2024-10-08T08:20:17.313+0000] {dag.py:3239} INFO - Sync 1 DAGs
[2024-10-08T08:20:17.333+0000] {logging_mixin.py:190} INFO - [2024-10-08T08:20:17.333+0000] {dag.py:4180} INFO - Setting next_dagrun for example_dag_decorator to None, run_after=None
[2024-10-08T08:20:17.367+0000] {processor.py:208} INFO - Processing /root/miniconda3/envs/project/lib/python3.8/site-packages/airflow/example_dags/example_dag_decorator.py took 0.238 seconds
[2024-10-08T08:21:34.058+0000] {processor.py:186} INFO - Started process (PID=212732) to work on /root/miniconda3/envs/project/lib/python3.8/site-packages/airflow/example_dags/example_dag_decorator.py
[2024-10-08T08:21:34.061+0000] {processor.py:914} INFO - Processing file /root/miniconda3/envs/project/lib/python3.8/site-packages/airflow/example_dags/example_dag_decorator.py for tasks to queue
[2024-10-08T08:21:34.064+0000] {logging_mixin.py:190} INFO - [2024-10-08T08:21:34.064+0000] {dagbag.py:588} INFO - Filling up the DagBag from /root/miniconda3/envs/project/lib/python3.8/site-packages/airflow/example_dags/example_dag_decorator.py
[2024-10-08T08:21:34.082+0000] {processor.py:925} INFO - DAG(s) 'example_dag_decorator' retrieved from /root/miniconda3/envs/project/lib/python3.8/site-packages/airflow/example_dags/example_dag_decorator.py
[2024-10-08T08:21:34.227+0000] {logging_mixin.py:190} INFO - [2024-10-08T08:21:34.226+0000] {dag.py:3239} INFO - Sync 1 DAGs
[2024-10-08T08:21:34.242+0000] {logging_mixin.py:190} INFO - [2024-10-08T08:21:34.242+0000] {dag.py:4180} INFO - Setting next_dagrun for example_dag_decorator to None, run_after=None
[2024-10-08T08:21:34.274+0000] {processor.py:208} INFO - Processing /root/miniconda3/envs/project/lib/python3.8/site-packages/airflow/example_dags/example_dag_decorator.py took 0.228 seconds
[2024-10-08T08:22:43.220+0000] {processor.py:186} INFO - Started process (PID=212982) to work on /root/miniconda3/envs/project/lib/python3.8/site-packages/airflow/example_dags/example_dag_decorator.py
[2024-10-08T08:22:43.222+0000] {processor.py:914} INFO - Processing file /root/miniconda3/envs/project/lib/python3.8/site-packages/airflow/example_dags/example_dag_decorator.py for tasks to queue
[2024-10-08T08:22:43.225+0000] {logging_mixin.py:190} INFO - [2024-10-08T08:22:43.225+0000] {dagbag.py:588} INFO - Filling up the DagBag from /root/miniconda3/envs/project/lib/python3.8/site-packages/airflow/example_dags/example_dag_decorator.py
[2024-10-08T08:22:43.243+0000] {processor.py:925} INFO - DAG(s) 'example_dag_decorator' retrieved from /root/miniconda3/envs/project/lib/python3.8/site-packages/airflow/example_dags/example_dag_decorator.py
[2024-10-08T08:22:43.382+0000] {logging_mixin.py:190} INFO - [2024-10-08T08:22:43.382+0000] {dag.py:3239} INFO - Sync 1 DAGs
[2024-10-08T08:22:43.399+0000] {logging_mixin.py:190} INFO - [2024-10-08T08:22:43.398+0000] {dag.py:4180} INFO - Setting next_dagrun for example_dag_decorator to None, run_after=None
[2024-10-08T08:22:43.433+0000] {processor.py:208} INFO - Processing /root/miniconda3/envs/project/lib/python3.8/site-packages/airflow/example_dags/example_dag_decorator.py took 0.224 seconds
[2024-10-08T08:23:46.133+0000] {processor.py:186} INFO - Started process (PID=213165) to work on /root/miniconda3/envs/project/lib/python3.8/site-packages/airflow/example_dags/example_dag_decorator.py
[2024-10-08T08:23:46.136+0000] {processor.py:914} INFO - Processing file /root/miniconda3/envs/project/lib/python3.8/site-packages/airflow/example_dags/example_dag_decorator.py for tasks to queue
[2024-10-08T08:23:46.139+0000] {logging_mixin.py:190} INFO - [2024-10-08T08:23:46.139+0000] {dagbag.py:588} INFO - Filling up the DagBag from /root/miniconda3/envs/project/lib/python3.8/site-packages/airflow/example_dags/example_dag_decorator.py
[2024-10-08T08:23:46.158+0000] {processor.py:925} INFO - DAG(s) 'example_dag_decorator' retrieved from /root/miniconda3/envs/project/lib/python3.8/site-packages/airflow/example_dags/example_dag_decorator.py
[2024-10-08T08:23:46.296+0000] {logging_mixin.py:190} INFO - [2024-10-08T08:23:46.296+0000] {dag.py:3239} INFO - Sync 1 DAGs
[2024-10-08T08:23:46.312+0000] {logging_mixin.py:190} INFO - [2024-10-08T08:23:46.312+0000] {dag.py:4180} INFO - Setting next_dagrun for example_dag_decorator to None, run_after=None
[2024-10-08T08:23:46.346+0000] {processor.py:208} INFO - Processing /root/miniconda3/envs/project/lib/python3.8/site-packages/airflow/example_dags/example_dag_decorator.py took 0.224 seconds
[2024-10-08T08:37:37.356+0000] {processor.py:186} INFO - Started process (PID=215089) to work on /root/miniconda3/envs/project/lib/python3.8/site-packages/airflow/example_dags/example_dag_decorator.py
[2024-10-08T08:37:37.359+0000] {processor.py:914} INFO - Processing file /root/miniconda3/envs/project/lib/python3.8/site-packages/airflow/example_dags/example_dag_decorator.py for tasks to queue
[2024-10-08T08:37:37.362+0000] {logging_mixin.py:190} INFO - [2024-10-08T08:37:37.362+0000] {dagbag.py:588} INFO - Filling up the DagBag from /root/miniconda3/envs/project/lib/python3.8/site-packages/airflow/example_dags/example_dag_decorator.py
[2024-10-08T08:37:37.381+0000] {processor.py:925} INFO - DAG(s) 'example_dag_decorator' retrieved from /root/miniconda3/envs/project/lib/python3.8/site-packages/airflow/example_dags/example_dag_decorator.py
[2024-10-08T08:37:37.520+0000] {logging_mixin.py:190} INFO - [2024-10-08T08:37:37.520+0000] {dag.py:3239} INFO - Sync 1 DAGs
[2024-10-08T08:37:37.535+0000] {logging_mixin.py:190} INFO - [2024-10-08T08:37:37.535+0000] {dag.py:4180} INFO - Setting next_dagrun for example_dag_decorator to None, run_after=None
[2024-10-08T08:37:37.565+0000] {processor.py:208} INFO - Processing /root/miniconda3/envs/project/lib/python3.8/site-packages/airflow/example_dags/example_dag_decorator.py took 0.220 seconds
[2024-10-08T08:38:47.073+0000] {processor.py:186} INFO - Started process (PID=215530) to work on /root/miniconda3/envs/project/lib/python3.8/site-packages/airflow/example_dags/example_dag_decorator.py
[2024-10-08T08:38:47.076+0000] {processor.py:914} INFO - Processing file /root/miniconda3/envs/project/lib/python3.8/site-packages/airflow/example_dags/example_dag_decorator.py for tasks to queue
[2024-10-08T08:38:47.079+0000] {logging_mixin.py:190} INFO - [2024-10-08T08:38:47.078+0000] {dagbag.py:588} INFO - Filling up the DagBag from /root/miniconda3/envs/project/lib/python3.8/site-packages/airflow/example_dags/example_dag_decorator.py
[2024-10-08T08:38:47.097+0000] {processor.py:925} INFO - DAG(s) 'example_dag_decorator' retrieved from /root/miniconda3/envs/project/lib/python3.8/site-packages/airflow/example_dags/example_dag_decorator.py
[2024-10-08T08:38:47.234+0000] {logging_mixin.py:190} INFO - [2024-10-08T08:38:47.233+0000] {dag.py:3239} INFO - Sync 1 DAGs
[2024-10-08T08:38:47.250+0000] {logging_mixin.py:190} INFO - [2024-10-08T08:38:47.250+0000] {dag.py:4180} INFO - Setting next_dagrun for example_dag_decorator to None, run_after=None
[2024-10-08T08:38:47.279+0000] {processor.py:208} INFO - Processing /root/miniconda3/envs/project/lib/python3.8/site-packages/airflow/example_dags/example_dag_decorator.py took 0.217 seconds
[2024-10-08T08:40:00.204+0000] {processor.py:186} INFO - Started process (PID=215758) to work on /root/miniconda3/envs/project/lib/python3.8/site-packages/airflow/example_dags/example_dag_decorator.py
[2024-10-08T08:40:00.207+0000] {processor.py:914} INFO - Processing file /root/miniconda3/envs/project/lib/python3.8/site-packages/airflow/example_dags/example_dag_decorator.py for tasks to queue
[2024-10-08T08:40:00.211+0000] {logging_mixin.py:190} INFO - [2024-10-08T08:40:00.210+0000] {dagbag.py:588} INFO - Filling up the DagBag from /root/miniconda3/envs/project/lib/python3.8/site-packages/airflow/example_dags/example_dag_decorator.py
[2024-10-08T08:40:00.230+0000] {processor.py:925} INFO - DAG(s) 'example_dag_decorator' retrieved from /root/miniconda3/envs/project/lib/python3.8/site-packages/airflow/example_dags/example_dag_decorator.py
[2024-10-08T08:40:00.376+0000] {logging_mixin.py:190} INFO - [2024-10-08T08:40:00.376+0000] {dag.py:3239} INFO - Sync 1 DAGs
[2024-10-08T08:40:00.395+0000] {logging_mixin.py:190} INFO - [2024-10-08T08:40:00.395+0000] {dag.py:4180} INFO - Setting next_dagrun for example_dag_decorator to None, run_after=None
[2024-10-08T08:40:00.427+0000] {processor.py:208} INFO - Processing /root/miniconda3/envs/project/lib/python3.8/site-packages/airflow/example_dags/example_dag_decorator.py took 0.235 seconds
[2024-10-08T08:41:08.501+0000] {processor.py:186} INFO - Started process (PID=216208) to work on /root/miniconda3/envs/project/lib/python3.8/site-packages/airflow/example_dags/example_dag_decorator.py
[2024-10-08T08:41:08.503+0000] {processor.py:914} INFO - Processing file /root/miniconda3/envs/project/lib/python3.8/site-packages/airflow/example_dags/example_dag_decorator.py for tasks to queue
[2024-10-08T08:41:08.507+0000] {logging_mixin.py:190} INFO - [2024-10-08T08:41:08.506+0000] {dagbag.py:588} INFO - Filling up the DagBag from /root/miniconda3/envs/project/lib/python3.8/site-packages/airflow/example_dags/example_dag_decorator.py
[2024-10-08T08:41:08.525+0000] {processor.py:925} INFO - DAG(s) 'example_dag_decorator' retrieved from /root/miniconda3/envs/project/lib/python3.8/site-packages/airflow/example_dags/example_dag_decorator.py
[2024-10-08T08:41:08.672+0000] {logging_mixin.py:190} INFO - [2024-10-08T08:41:08.671+0000] {dag.py:3239} INFO - Sync 1 DAGs
[2024-10-08T08:41:08.688+0000] {logging_mixin.py:190} INFO - [2024-10-08T08:41:08.688+0000] {dag.py:4180} INFO - Setting next_dagrun for example_dag_decorator to None, run_after=None
[2024-10-08T08:41:08.720+0000] {processor.py:208} INFO - Processing /root/miniconda3/envs/project/lib/python3.8/site-packages/airflow/example_dags/example_dag_decorator.py took 0.230 seconds
[2024-10-08T08:42:15.482+0000] {processor.py:186} INFO - Started process (PID=216563) to work on /root/miniconda3/envs/project/lib/python3.8/site-packages/airflow/example_dags/example_dag_decorator.py
[2024-10-08T08:42:15.485+0000] {processor.py:914} INFO - Processing file /root/miniconda3/envs/project/lib/python3.8/site-packages/airflow/example_dags/example_dag_decorator.py for tasks to queue
[2024-10-08T08:42:15.488+0000] {logging_mixin.py:190} INFO - [2024-10-08T08:42:15.488+0000] {dagbag.py:588} INFO - Filling up the DagBag from /root/miniconda3/envs/project/lib/python3.8/site-packages/airflow/example_dags/example_dag_decorator.py
[2024-10-08T08:42:15.506+0000] {processor.py:925} INFO - DAG(s) 'example_dag_decorator' retrieved from /root/miniconda3/envs/project/lib/python3.8/site-packages/airflow/example_dags/example_dag_decorator.py
[2024-10-08T08:42:15.645+0000] {logging_mixin.py:190} INFO - [2024-10-08T08:42:15.644+0000] {dag.py:3239} INFO - Sync 1 DAGs
[2024-10-08T08:42:15.659+0000] {logging_mixin.py:190} INFO - [2024-10-08T08:42:15.659+0000] {dag.py:4180} INFO - Setting next_dagrun for example_dag_decorator to None, run_after=None
[2024-10-08T08:42:15.691+0000] {processor.py:208} INFO - Processing /root/miniconda3/envs/project/lib/python3.8/site-packages/airflow/example_dags/example_dag_decorator.py took 0.220 seconds
[2024-10-08T08:43:22.308+0000] {processor.py:186} INFO - Started process (PID=216781) to work on /root/miniconda3/envs/project/lib/python3.8/site-packages/airflow/example_dags/example_dag_decorator.py
[2024-10-08T08:43:22.311+0000] {processor.py:914} INFO - Processing file /root/miniconda3/envs/project/lib/python3.8/site-packages/airflow/example_dags/example_dag_decorator.py for tasks to queue
[2024-10-08T08:43:22.315+0000] {logging_mixin.py:190} INFO - [2024-10-08T08:43:22.314+0000] {dagbag.py:588} INFO - Filling up the DagBag from /root/miniconda3/envs/project/lib/python3.8/site-packages/airflow/example_dags/example_dag_decorator.py
[2024-10-08T08:43:22.333+0000] {processor.py:925} INFO - DAG(s) 'example_dag_decorator' retrieved from /root/miniconda3/envs/project/lib/python3.8/site-packages/airflow/example_dags/example_dag_decorator.py
[2024-10-08T08:43:22.472+0000] {logging_mixin.py:190} INFO - [2024-10-08T08:43:22.471+0000] {dag.py:3239} INFO - Sync 1 DAGs
[2024-10-08T08:43:22.485+0000] {logging_mixin.py:190} INFO - [2024-10-08T08:43:22.485+0000] {dag.py:4180} INFO - Setting next_dagrun for example_dag_decorator to None, run_after=None
[2024-10-08T08:43:22.514+0000] {processor.py:208} INFO - Processing /root/miniconda3/envs/project/lib/python3.8/site-packages/airflow/example_dags/example_dag_decorator.py took 0.216 seconds
[2024-10-08T08:44:32.125+0000] {processor.py:186} INFO - Started process (PID=217002) to work on /root/miniconda3/envs/project/lib/python3.8/site-packages/airflow/example_dags/example_dag_decorator.py
[2024-10-08T08:44:32.128+0000] {processor.py:914} INFO - Processing file /root/miniconda3/envs/project/lib/python3.8/site-packages/airflow/example_dags/example_dag_decorator.py for tasks to queue
[2024-10-08T08:44:32.131+0000] {logging_mixin.py:190} INFO - [2024-10-08T08:44:32.131+0000] {dagbag.py:588} INFO - Filling up the DagBag from /root/miniconda3/envs/project/lib/python3.8/site-packages/airflow/example_dags/example_dag_decorator.py
[2024-10-08T08:44:32.149+0000] {processor.py:925} INFO - DAG(s) 'example_dag_decorator' retrieved from /root/miniconda3/envs/project/lib/python3.8/site-packages/airflow/example_dags/example_dag_decorator.py
[2024-10-08T08:44:32.289+0000] {logging_mixin.py:190} INFO - [2024-10-08T08:44:32.288+0000] {dag.py:3239} INFO - Sync 1 DAGs
[2024-10-08T08:44:32.305+0000] {logging_mixin.py:190} INFO - [2024-10-08T08:44:32.305+0000] {dag.py:4180} INFO - Setting next_dagrun for example_dag_decorator to None, run_after=None
[2024-10-08T08:44:32.340+0000] {processor.py:208} INFO - Processing /root/miniconda3/envs/project/lib/python3.8/site-packages/airflow/example_dags/example_dag_decorator.py took 0.227 seconds
[2024-10-08T08:45:46.580+0000] {processor.py:186} INFO - Started process (PID=217294) to work on /root/miniconda3/envs/project/lib/python3.8/site-packages/airflow/example_dags/example_dag_decorator.py
[2024-10-08T08:45:46.583+0000] {processor.py:914} INFO - Processing file /root/miniconda3/envs/project/lib/python3.8/site-packages/airflow/example_dags/example_dag_decorator.py for tasks to queue
[2024-10-08T08:45:46.587+0000] {logging_mixin.py:190} INFO - [2024-10-08T08:45:46.586+0000] {dagbag.py:588} INFO - Filling up the DagBag from /root/miniconda3/envs/project/lib/python3.8/site-packages/airflow/example_dags/example_dag_decorator.py
[2024-10-08T08:45:46.606+0000] {processor.py:925} INFO - DAG(s) 'example_dag_decorator' retrieved from /root/miniconda3/envs/project/lib/python3.8/site-packages/airflow/example_dags/example_dag_decorator.py
[2024-10-08T08:45:46.751+0000] {logging_mixin.py:190} INFO - [2024-10-08T08:45:46.751+0000] {dag.py:3239} INFO - Sync 1 DAGs
[2024-10-08T08:45:46.767+0000] {logging_mixin.py:190} INFO - [2024-10-08T08:45:46.766+0000] {dag.py:4180} INFO - Setting next_dagrun for example_dag_decorator to None, run_after=None
[2024-10-08T08:45:46.800+0000] {processor.py:208} INFO - Processing /root/miniconda3/envs/project/lib/python3.8/site-packages/airflow/example_dags/example_dag_decorator.py took 0.230 seconds
[2024-10-08T08:46:57.427+0000] {processor.py:186} INFO - Started process (PID=217629) to work on /root/miniconda3/envs/project/lib/python3.8/site-packages/airflow/example_dags/example_dag_decorator.py
[2024-10-08T08:46:57.430+0000] {processor.py:914} INFO - Processing file /root/miniconda3/envs/project/lib/python3.8/site-packages/airflow/example_dags/example_dag_decorator.py for tasks to queue
[2024-10-08T08:46:57.434+0000] {logging_mixin.py:190} INFO - [2024-10-08T08:46:57.433+0000] {dagbag.py:588} INFO - Filling up the DagBag from /root/miniconda3/envs/project/lib/python3.8/site-packages/airflow/example_dags/example_dag_decorator.py
[2024-10-08T08:46:57.453+0000] {processor.py:925} INFO - DAG(s) 'example_dag_decorator' retrieved from /root/miniconda3/envs/project/lib/python3.8/site-packages/airflow/example_dags/example_dag_decorator.py
[2024-10-08T08:46:57.600+0000] {logging_mixin.py:190} INFO - [2024-10-08T08:46:57.599+0000] {dag.py:3239} INFO - Sync 1 DAGs
[2024-10-08T08:46:57.621+0000] {logging_mixin.py:190} INFO - [2024-10-08T08:46:57.621+0000] {dag.py:4180} INFO - Setting next_dagrun for example_dag_decorator to None, run_after=None
[2024-10-08T08:46:57.654+0000] {processor.py:208} INFO - Processing /root/miniconda3/envs/project/lib/python3.8/site-packages/airflow/example_dags/example_dag_decorator.py took 0.239 seconds
[2024-10-08T08:48:10.384+0000] {processor.py:186} INFO - Started process (PID=217943) to work on /root/miniconda3/envs/project/lib/python3.8/site-packages/airflow/example_dags/example_dag_decorator.py
[2024-10-08T08:48:10.387+0000] {processor.py:914} INFO - Processing file /root/miniconda3/envs/project/lib/python3.8/site-packages/airflow/example_dags/example_dag_decorator.py for tasks to queue
[2024-10-08T08:48:10.390+0000] {logging_mixin.py:190} INFO - [2024-10-08T08:48:10.390+0000] {dagbag.py:588} INFO - Filling up the DagBag from /root/miniconda3/envs/project/lib/python3.8/site-packages/airflow/example_dags/example_dag_decorator.py
[2024-10-08T08:48:10.409+0000] {processor.py:925} INFO - DAG(s) 'example_dag_decorator' retrieved from /root/miniconda3/envs/project/lib/python3.8/site-packages/airflow/example_dags/example_dag_decorator.py
[2024-10-08T08:48:10.550+0000] {logging_mixin.py:190} INFO - [2024-10-08T08:48:10.549+0000] {dag.py:3239} INFO - Sync 1 DAGs
[2024-10-08T08:48:10.565+0000] {logging_mixin.py:190} INFO - [2024-10-08T08:48:10.565+0000] {dag.py:4180} INFO - Setting next_dagrun for example_dag_decorator to None, run_after=None
[2024-10-08T08:48:10.597+0000] {processor.py:208} INFO - Processing /root/miniconda3/envs/project/lib/python3.8/site-packages/airflow/example_dags/example_dag_decorator.py took 0.225 seconds
[2024-10-08T08:49:21.150+0000] {processor.py:186} INFO - Started process (PID=218166) to work on /root/miniconda3/envs/project/lib/python3.8/site-packages/airflow/example_dags/example_dag_decorator.py
[2024-10-08T08:49:21.153+0000] {processor.py:914} INFO - Processing file /root/miniconda3/envs/project/lib/python3.8/site-packages/airflow/example_dags/example_dag_decorator.py for tasks to queue
[2024-10-08T08:49:21.157+0000] {logging_mixin.py:190} INFO - [2024-10-08T08:49:21.156+0000] {dagbag.py:588} INFO - Filling up the DagBag from /root/miniconda3/envs/project/lib/python3.8/site-packages/airflow/example_dags/example_dag_decorator.py
[2024-10-08T08:49:21.175+0000] {processor.py:925} INFO - DAG(s) 'example_dag_decorator' retrieved from /root/miniconda3/envs/project/lib/python3.8/site-packages/airflow/example_dags/example_dag_decorator.py
[2024-10-08T08:49:21.338+0000] {logging_mixin.py:190} INFO - [2024-10-08T08:49:21.338+0000] {dag.py:3239} INFO - Sync 1 DAGs
[2024-10-08T08:49:21.353+0000] {logging_mixin.py:190} INFO - [2024-10-08T08:49:21.353+0000] {dag.py:4180} INFO - Setting next_dagrun for example_dag_decorator to None, run_after=None
[2024-10-08T08:49:21.384+0000] {processor.py:208} INFO - Processing /root/miniconda3/envs/project/lib/python3.8/site-packages/airflow/example_dags/example_dag_decorator.py took 0.244 seconds
[2024-10-08T08:50:31.952+0000] {processor.py:186} INFO - Started process (PID=218392) to work on /root/miniconda3/envs/project/lib/python3.8/site-packages/airflow/example_dags/example_dag_decorator.py
[2024-10-08T08:50:31.955+0000] {processor.py:914} INFO - Processing file /root/miniconda3/envs/project/lib/python3.8/site-packages/airflow/example_dags/example_dag_decorator.py for tasks to queue
[2024-10-08T08:50:31.958+0000] {logging_mixin.py:190} INFO - [2024-10-08T08:50:31.958+0000] {dagbag.py:588} INFO - Filling up the DagBag from /root/miniconda3/envs/project/lib/python3.8/site-packages/airflow/example_dags/example_dag_decorator.py
[2024-10-08T08:50:31.977+0000] {processor.py:925} INFO - DAG(s) 'example_dag_decorator' retrieved from /root/miniconda3/envs/project/lib/python3.8/site-packages/airflow/example_dags/example_dag_decorator.py
[2024-10-08T08:50:32.116+0000] {logging_mixin.py:190} INFO - [2024-10-08T08:50:32.116+0000] {dag.py:3239} INFO - Sync 1 DAGs
[2024-10-08T08:50:32.131+0000] {logging_mixin.py:190} INFO - [2024-10-08T08:50:32.131+0000] {dag.py:4180} INFO - Setting next_dagrun for example_dag_decorator to None, run_after=None
[2024-10-08T08:50:32.162+0000] {processor.py:208} INFO - Processing /root/miniconda3/envs/project/lib/python3.8/site-packages/airflow/example_dags/example_dag_decorator.py took 0.222 seconds
[2024-10-08T09:05:41.646+0000] {processor.py:186} INFO - Started process (PID=220065) to work on /root/miniconda3/envs/project/lib/python3.8/site-packages/airflow/example_dags/example_dag_decorator.py
[2024-10-08T09:05:41.649+0000] {processor.py:914} INFO - Processing file /root/miniconda3/envs/project/lib/python3.8/site-packages/airflow/example_dags/example_dag_decorator.py for tasks to queue
[2024-10-08T09:05:41.652+0000] {logging_mixin.py:190} INFO - [2024-10-08T09:05:41.652+0000] {dagbag.py:588} INFO - Filling up the DagBag from /root/miniconda3/envs/project/lib/python3.8/site-packages/airflow/example_dags/example_dag_decorator.py
[2024-10-08T09:05:41.671+0000] {processor.py:925} INFO - DAG(s) 'example_dag_decorator' retrieved from /root/miniconda3/envs/project/lib/python3.8/site-packages/airflow/example_dags/example_dag_decorator.py
[2024-10-08T09:05:41.813+0000] {logging_mixin.py:190} INFO - [2024-10-08T09:05:41.813+0000] {dag.py:3239} INFO - Sync 1 DAGs
[2024-10-08T09:05:41.828+0000] {logging_mixin.py:190} INFO - [2024-10-08T09:05:41.828+0000] {dag.py:4180} INFO - Setting next_dagrun for example_dag_decorator to None, run_after=None
[2024-10-08T09:05:41.865+0000] {processor.py:208} INFO - Processing /root/miniconda3/envs/project/lib/python3.8/site-packages/airflow/example_dags/example_dag_decorator.py took 0.228 seconds
[2024-10-08T09:09:15.020+0000] {processor.py:186} INFO - Started process (PID=220851) to work on /root/miniconda3/envs/project/lib/python3.8/site-packages/airflow/example_dags/example_dag_decorator.py
[2024-10-08T09:09:15.023+0000] {processor.py:914} INFO - Processing file /root/miniconda3/envs/project/lib/python3.8/site-packages/airflow/example_dags/example_dag_decorator.py for tasks to queue
[2024-10-08T09:09:15.026+0000] {logging_mixin.py:190} INFO - [2024-10-08T09:09:15.026+0000] {dagbag.py:588} INFO - Filling up the DagBag from /root/miniconda3/envs/project/lib/python3.8/site-packages/airflow/example_dags/example_dag_decorator.py
[2024-10-08T09:09:15.045+0000] {processor.py:925} INFO - DAG(s) 'example_dag_decorator' retrieved from /root/miniconda3/envs/project/lib/python3.8/site-packages/airflow/example_dags/example_dag_decorator.py
[2024-10-08T09:09:15.184+0000] {logging_mixin.py:190} INFO - [2024-10-08T09:09:15.183+0000] {dag.py:3239} INFO - Sync 1 DAGs
[2024-10-08T09:09:15.200+0000] {logging_mixin.py:190} INFO - [2024-10-08T09:09:15.199+0000] {dag.py:4180} INFO - Setting next_dagrun for example_dag_decorator to None, run_after=None
[2024-10-08T09:09:15.236+0000] {processor.py:208} INFO - Processing /root/miniconda3/envs/project/lib/python3.8/site-packages/airflow/example_dags/example_dag_decorator.py took 0.226 seconds
[2024-10-08T09:10:44.415+0000] {processor.py:186} INFO - Started process (PID=221596) to work on /root/miniconda3/envs/project/lib/python3.8/site-packages/airflow/example_dags/example_dag_decorator.py
[2024-10-08T09:10:44.418+0000] {processor.py:914} INFO - Processing file /root/miniconda3/envs/project/lib/python3.8/site-packages/airflow/example_dags/example_dag_decorator.py for tasks to queue
[2024-10-08T09:10:44.421+0000] {logging_mixin.py:190} INFO - [2024-10-08T09:10:44.421+0000] {dagbag.py:588} INFO - Filling up the DagBag from /root/miniconda3/envs/project/lib/python3.8/site-packages/airflow/example_dags/example_dag_decorator.py
[2024-10-08T09:10:44.440+0000] {processor.py:925} INFO - DAG(s) 'example_dag_decorator' retrieved from /root/miniconda3/envs/project/lib/python3.8/site-packages/airflow/example_dags/example_dag_decorator.py
[2024-10-08T09:10:44.584+0000] {logging_mixin.py:190} INFO - [2024-10-08T09:10:44.583+0000] {dag.py:3239} INFO - Sync 1 DAGs
[2024-10-08T09:10:44.600+0000] {logging_mixin.py:190} INFO - [2024-10-08T09:10:44.599+0000] {dag.py:4180} INFO - Setting next_dagrun for example_dag_decorator to None, run_after=None
[2024-10-08T09:10:44.634+0000] {processor.py:208} INFO - Processing /root/miniconda3/envs/project/lib/python3.8/site-packages/airflow/example_dags/example_dag_decorator.py took 0.231 seconds
[2024-10-08T09:11:53.068+0000] {processor.py:186} INFO - Started process (PID=221860) to work on /root/miniconda3/envs/project/lib/python3.8/site-packages/airflow/example_dags/example_dag_decorator.py
[2024-10-08T09:11:53.071+0000] {processor.py:914} INFO - Processing file /root/miniconda3/envs/project/lib/python3.8/site-packages/airflow/example_dags/example_dag_decorator.py for tasks to queue
[2024-10-08T09:11:53.074+0000] {logging_mixin.py:190} INFO - [2024-10-08T09:11:53.074+0000] {dagbag.py:588} INFO - Filling up the DagBag from /root/miniconda3/envs/project/lib/python3.8/site-packages/airflow/example_dags/example_dag_decorator.py
[2024-10-08T09:11:53.093+0000] {processor.py:925} INFO - DAG(s) 'example_dag_decorator' retrieved from /root/miniconda3/envs/project/lib/python3.8/site-packages/airflow/example_dags/example_dag_decorator.py
[2024-10-08T09:11:53.234+0000] {logging_mixin.py:190} INFO - [2024-10-08T09:11:53.234+0000] {dag.py:3239} INFO - Sync 1 DAGs
[2024-10-08T09:11:53.251+0000] {logging_mixin.py:190} INFO - [2024-10-08T09:11:53.251+0000] {dag.py:4180} INFO - Setting next_dagrun for example_dag_decorator to None, run_after=None
[2024-10-08T09:11:53.285+0000] {processor.py:208} INFO - Processing /root/miniconda3/envs/project/lib/python3.8/site-packages/airflow/example_dags/example_dag_decorator.py took 0.228 seconds
[2024-10-08T09:12:57.537+0000] {processor.py:186} INFO - Started process (PID=222185) to work on /root/miniconda3/envs/project/lib/python3.8/site-packages/airflow/example_dags/example_dag_decorator.py
[2024-10-08T09:12:57.539+0000] {processor.py:914} INFO - Processing file /root/miniconda3/envs/project/lib/python3.8/site-packages/airflow/example_dags/example_dag_decorator.py for tasks to queue
[2024-10-08T09:12:57.543+0000] {logging_mixin.py:190} INFO - [2024-10-08T09:12:57.542+0000] {dagbag.py:588} INFO - Filling up the DagBag from /root/miniconda3/envs/project/lib/python3.8/site-packages/airflow/example_dags/example_dag_decorator.py
[2024-10-08T09:12:57.561+0000] {processor.py:925} INFO - DAG(s) 'example_dag_decorator' retrieved from /root/miniconda3/envs/project/lib/python3.8/site-packages/airflow/example_dags/example_dag_decorator.py
[2024-10-08T09:12:57.700+0000] {logging_mixin.py:190} INFO - [2024-10-08T09:12:57.700+0000] {dag.py:3239} INFO - Sync 1 DAGs
[2024-10-08T09:12:57.716+0000] {logging_mixin.py:190} INFO - [2024-10-08T09:12:57.716+0000] {dag.py:4180} INFO - Setting next_dagrun for example_dag_decorator to None, run_after=None
[2024-10-08T09:12:57.747+0000] {processor.py:208} INFO - Processing /root/miniconda3/envs/project/lib/python3.8/site-packages/airflow/example_dags/example_dag_decorator.py took 0.220 seconds
[2024-10-08T09:14:06.292+0000] {processor.py:186} INFO - Started process (PID=222531) to work on /root/miniconda3/envs/project/lib/python3.8/site-packages/airflow/example_dags/example_dag_decorator.py
[2024-10-08T09:14:06.295+0000] {processor.py:914} INFO - Processing file /root/miniconda3/envs/project/lib/python3.8/site-packages/airflow/example_dags/example_dag_decorator.py for tasks to queue
[2024-10-08T09:14:06.299+0000] {logging_mixin.py:190} INFO - [2024-10-08T09:14:06.298+0000] {dagbag.py:588} INFO - Filling up the DagBag from /root/miniconda3/envs/project/lib/python3.8/site-packages/airflow/example_dags/example_dag_decorator.py
[2024-10-08T09:14:06.318+0000] {processor.py:925} INFO - DAG(s) 'example_dag_decorator' retrieved from /root/miniconda3/envs/project/lib/python3.8/site-packages/airflow/example_dags/example_dag_decorator.py
[2024-10-08T09:14:06.456+0000] {logging_mixin.py:190} INFO - [2024-10-08T09:14:06.455+0000] {dag.py:3239} INFO - Sync 1 DAGs
[2024-10-08T09:14:06.468+0000] {logging_mixin.py:190} INFO - [2024-10-08T09:14:06.468+0000] {dag.py:4180} INFO - Setting next_dagrun for example_dag_decorator to None, run_after=None
[2024-10-08T09:14:06.500+0000] {processor.py:208} INFO - Processing /root/miniconda3/envs/project/lib/python3.8/site-packages/airflow/example_dags/example_dag_decorator.py took 0.218 seconds
[2024-10-08T09:15:10.463+0000] {processor.py:186} INFO - Started process (PID=222797) to work on /root/miniconda3/envs/project/lib/python3.8/site-packages/airflow/example_dags/example_dag_decorator.py
[2024-10-08T09:15:10.466+0000] {processor.py:914} INFO - Processing file /root/miniconda3/envs/project/lib/python3.8/site-packages/airflow/example_dags/example_dag_decorator.py for tasks to queue
[2024-10-08T09:15:10.469+0000] {logging_mixin.py:190} INFO - [2024-10-08T09:15:10.468+0000] {dagbag.py:588} INFO - Filling up the DagBag from /root/miniconda3/envs/project/lib/python3.8/site-packages/airflow/example_dags/example_dag_decorator.py
[2024-10-08T09:15:10.488+0000] {processor.py:925} INFO - DAG(s) 'example_dag_decorator' retrieved from /root/miniconda3/envs/project/lib/python3.8/site-packages/airflow/example_dags/example_dag_decorator.py
[2024-10-08T09:15:10.635+0000] {logging_mixin.py:190} INFO - [2024-10-08T09:15:10.634+0000] {dag.py:3239} INFO - Sync 1 DAGs
[2024-10-08T09:15:10.651+0000] {logging_mixin.py:190} INFO - [2024-10-08T09:15:10.650+0000] {dag.py:4180} INFO - Setting next_dagrun for example_dag_decorator to None, run_after=None
[2024-10-08T09:15:10.688+0000] {processor.py:208} INFO - Processing /root/miniconda3/envs/project/lib/python3.8/site-packages/airflow/example_dags/example_dag_decorator.py took 0.236 seconds
[2024-10-08T09:16:25.269+0000] {processor.py:186} INFO - Started process (PID=223032) to work on /root/miniconda3/envs/project/lib/python3.8/site-packages/airflow/example_dags/example_dag_decorator.py
[2024-10-08T09:16:25.272+0000] {processor.py:914} INFO - Processing file /root/miniconda3/envs/project/lib/python3.8/site-packages/airflow/example_dags/example_dag_decorator.py for tasks to queue
[2024-10-08T09:16:25.275+0000] {logging_mixin.py:190} INFO - [2024-10-08T09:16:25.275+0000] {dagbag.py:588} INFO - Filling up the DagBag from /root/miniconda3/envs/project/lib/python3.8/site-packages/airflow/example_dags/example_dag_decorator.py
[2024-10-08T09:16:25.296+0000] {processor.py:925} INFO - DAG(s) 'example_dag_decorator' retrieved from /root/miniconda3/envs/project/lib/python3.8/site-packages/airflow/example_dags/example_dag_decorator.py
[2024-10-08T09:16:25.441+0000] {logging_mixin.py:190} INFO - [2024-10-08T09:16:25.440+0000] {dag.py:3239} INFO - Sync 1 DAGs
[2024-10-08T09:16:25.457+0000] {logging_mixin.py:190} INFO - [2024-10-08T09:16:25.456+0000] {dag.py:4180} INFO - Setting next_dagrun for example_dag_decorator to None, run_after=None
[2024-10-08T09:16:25.489+0000] {processor.py:208} INFO - Processing /root/miniconda3/envs/project/lib/python3.8/site-packages/airflow/example_dags/example_dag_decorator.py took 0.232 seconds
[2024-10-08T09:17:35.071+0000] {processor.py:186} INFO - Started process (PID=223264) to work on /root/miniconda3/envs/project/lib/python3.8/site-packages/airflow/example_dags/example_dag_decorator.py
[2024-10-08T09:17:35.074+0000] {processor.py:914} INFO - Processing file /root/miniconda3/envs/project/lib/python3.8/site-packages/airflow/example_dags/example_dag_decorator.py for tasks to queue
[2024-10-08T09:17:35.078+0000] {logging_mixin.py:190} INFO - [2024-10-08T09:17:35.077+0000] {dagbag.py:588} INFO - Filling up the DagBag from /root/miniconda3/envs/project/lib/python3.8/site-packages/airflow/example_dags/example_dag_decorator.py
[2024-10-08T09:17:35.096+0000] {processor.py:925} INFO - DAG(s) 'example_dag_decorator' retrieved from /root/miniconda3/envs/project/lib/python3.8/site-packages/airflow/example_dags/example_dag_decorator.py
[2024-10-08T09:17:35.236+0000] {logging_mixin.py:190} INFO - [2024-10-08T09:17:35.236+0000] {dag.py:3239} INFO - Sync 1 DAGs
[2024-10-08T09:17:35.251+0000] {logging_mixin.py:190} INFO - [2024-10-08T09:17:35.251+0000] {dag.py:4180} INFO - Setting next_dagrun for example_dag_decorator to None, run_after=None
[2024-10-08T09:17:35.286+0000] {processor.py:208} INFO - Processing /root/miniconda3/envs/project/lib/python3.8/site-packages/airflow/example_dags/example_dag_decorator.py took 0.225 seconds
[2024-10-08T09:18:45.660+0000] {processor.py:186} INFO - Started process (PID=223551) to work on /root/miniconda3/envs/project/lib/python3.8/site-packages/airflow/example_dags/example_dag_decorator.py
[2024-10-08T09:18:45.663+0000] {processor.py:914} INFO - Processing file /root/miniconda3/envs/project/lib/python3.8/site-packages/airflow/example_dags/example_dag_decorator.py for tasks to queue
[2024-10-08T09:18:45.666+0000] {logging_mixin.py:190} INFO - [2024-10-08T09:18:45.666+0000] {dagbag.py:588} INFO - Filling up the DagBag from /root/miniconda3/envs/project/lib/python3.8/site-packages/airflow/example_dags/example_dag_decorator.py
[2024-10-08T09:18:45.686+0000] {processor.py:925} INFO - DAG(s) 'example_dag_decorator' retrieved from /root/miniconda3/envs/project/lib/python3.8/site-packages/airflow/example_dags/example_dag_decorator.py
[2024-10-08T09:18:45.841+0000] {logging_mixin.py:190} INFO - [2024-10-08T09:18:45.841+0000] {dag.py:3239} INFO - Sync 1 DAGs
[2024-10-08T09:18:45.857+0000] {logging_mixin.py:190} INFO - [2024-10-08T09:18:45.857+0000] {dag.py:4180} INFO - Setting next_dagrun for example_dag_decorator to None, run_after=None
[2024-10-08T09:18:45.888+0000] {processor.py:208} INFO - Processing /root/miniconda3/envs/project/lib/python3.8/site-packages/airflow/example_dags/example_dag_decorator.py took 0.240 seconds
[2024-10-08T09:19:59.143+0000] {processor.py:186} INFO - Started process (PID=223847) to work on /root/miniconda3/envs/project/lib/python3.8/site-packages/airflow/example_dags/example_dag_decorator.py
[2024-10-08T09:19:59.146+0000] {processor.py:914} INFO - Processing file /root/miniconda3/envs/project/lib/python3.8/site-packages/airflow/example_dags/example_dag_decorator.py for tasks to queue
[2024-10-08T09:19:59.149+0000] {logging_mixin.py:190} INFO - [2024-10-08T09:19:59.148+0000] {dagbag.py:588} INFO - Filling up the DagBag from /root/miniconda3/envs/project/lib/python3.8/site-packages/airflow/example_dags/example_dag_decorator.py
[2024-10-08T09:19:59.168+0000] {processor.py:925} INFO - DAG(s) 'example_dag_decorator' retrieved from /root/miniconda3/envs/project/lib/python3.8/site-packages/airflow/example_dags/example_dag_decorator.py
[2024-10-08T09:19:59.306+0000] {logging_mixin.py:190} INFO - [2024-10-08T09:19:59.306+0000] {dag.py:3239} INFO - Sync 1 DAGs
[2024-10-08T09:19:59.321+0000] {logging_mixin.py:190} INFO - [2024-10-08T09:19:59.321+0000] {dag.py:4180} INFO - Setting next_dagrun for example_dag_decorator to None, run_after=None
[2024-10-08T09:19:59.353+0000] {processor.py:208} INFO - Processing /root/miniconda3/envs/project/lib/python3.8/site-packages/airflow/example_dags/example_dag_decorator.py took 0.221 seconds
[2024-10-08T09:21:10.654+0000] {processor.py:186} INFO - Started process (PID=224077) to work on /root/miniconda3/envs/project/lib/python3.8/site-packages/airflow/example_dags/example_dag_decorator.py
[2024-10-08T09:21:10.657+0000] {processor.py:914} INFO - Processing file /root/miniconda3/envs/project/lib/python3.8/site-packages/airflow/example_dags/example_dag_decorator.py for tasks to queue
[2024-10-08T09:21:10.661+0000] {logging_mixin.py:190} INFO - [2024-10-08T09:21:10.660+0000] {dagbag.py:588} INFO - Filling up the DagBag from /root/miniconda3/envs/project/lib/python3.8/site-packages/airflow/example_dags/example_dag_decorator.py
[2024-10-08T09:21:10.680+0000] {processor.py:925} INFO - DAG(s) 'example_dag_decorator' retrieved from /root/miniconda3/envs/project/lib/python3.8/site-packages/airflow/example_dags/example_dag_decorator.py
[2024-10-08T09:21:10.822+0000] {logging_mixin.py:190} INFO - [2024-10-08T09:21:10.822+0000] {dag.py:3239} INFO - Sync 1 DAGs
[2024-10-08T09:21:10.838+0000] {logging_mixin.py:190} INFO - [2024-10-08T09:21:10.837+0000] {dag.py:4180} INFO - Setting next_dagrun for example_dag_decorator to None, run_after=None
[2024-10-08T09:21:10.873+0000] {processor.py:208} INFO - Processing /root/miniconda3/envs/project/lib/python3.8/site-packages/airflow/example_dags/example_dag_decorator.py took 0.229 seconds
[2024-10-08T09:22:20.646+0000] {processor.py:186} INFO - Started process (PID=224304) to work on /root/miniconda3/envs/project/lib/python3.8/site-packages/airflow/example_dags/example_dag_decorator.py
[2024-10-08T09:22:20.649+0000] {processor.py:914} INFO - Processing file /root/miniconda3/envs/project/lib/python3.8/site-packages/airflow/example_dags/example_dag_decorator.py for tasks to queue
[2024-10-08T09:22:20.652+0000] {logging_mixin.py:190} INFO - [2024-10-08T09:22:20.652+0000] {dagbag.py:588} INFO - Filling up the DagBag from /root/miniconda3/envs/project/lib/python3.8/site-packages/airflow/example_dags/example_dag_decorator.py
[2024-10-08T09:22:20.670+0000] {processor.py:925} INFO - DAG(s) 'example_dag_decorator' retrieved from /root/miniconda3/envs/project/lib/python3.8/site-packages/airflow/example_dags/example_dag_decorator.py
[2024-10-08T09:22:20.813+0000] {logging_mixin.py:190} INFO - [2024-10-08T09:22:20.813+0000] {dag.py:3239} INFO - Sync 1 DAGs
[2024-10-08T09:22:20.828+0000] {logging_mixin.py:190} INFO - [2024-10-08T09:22:20.828+0000] {dag.py:4180} INFO - Setting next_dagrun for example_dag_decorator to None, run_after=None
[2024-10-08T09:22:20.859+0000] {processor.py:208} INFO - Processing /root/miniconda3/envs/project/lib/python3.8/site-packages/airflow/example_dags/example_dag_decorator.py took 0.225 seconds
[2024-10-08T09:23:30.045+0000] {processor.py:186} INFO - Started process (PID=224502) to work on /root/miniconda3/envs/project/lib/python3.8/site-packages/airflow/example_dags/example_dag_decorator.py
[2024-10-08T09:23:30.047+0000] {processor.py:914} INFO - Processing file /root/miniconda3/envs/project/lib/python3.8/site-packages/airflow/example_dags/example_dag_decorator.py for tasks to queue
[2024-10-08T09:23:30.051+0000] {logging_mixin.py:190} INFO - [2024-10-08T09:23:30.050+0000] {dagbag.py:588} INFO - Filling up the DagBag from /root/miniconda3/envs/project/lib/python3.8/site-packages/airflow/example_dags/example_dag_decorator.py
[2024-10-08T09:23:30.070+0000] {processor.py:925} INFO - DAG(s) 'example_dag_decorator' retrieved from /root/miniconda3/envs/project/lib/python3.8/site-packages/airflow/example_dags/example_dag_decorator.py
[2024-10-08T09:23:30.217+0000] {logging_mixin.py:190} INFO - [2024-10-08T09:23:30.217+0000] {dag.py:3239} INFO - Sync 1 DAGs
[2024-10-08T09:23:30.234+0000] {logging_mixin.py:190} INFO - [2024-10-08T09:23:30.234+0000] {dag.py:4180} INFO - Setting next_dagrun for example_dag_decorator to None, run_after=None
[2024-10-08T09:23:30.267+0000] {processor.py:208} INFO - Processing /root/miniconda3/envs/project/lib/python3.8/site-packages/airflow/example_dags/example_dag_decorator.py took 0.241 seconds
[2024-10-08T09:24:41.165+0000] {processor.py:186} INFO - Started process (PID=224955) to work on /root/miniconda3/envs/project/lib/python3.8/site-packages/airflow/example_dags/example_dag_decorator.py
[2024-10-08T09:24:41.169+0000] {processor.py:914} INFO - Processing file /root/miniconda3/envs/project/lib/python3.8/site-packages/airflow/example_dags/example_dag_decorator.py for tasks to queue
[2024-10-08T09:24:41.172+0000] {logging_mixin.py:190} INFO - [2024-10-08T09:24:41.172+0000] {dagbag.py:588} INFO - Filling up the DagBag from /root/miniconda3/envs/project/lib/python3.8/site-packages/airflow/example_dags/example_dag_decorator.py
[2024-10-08T09:24:41.191+0000] {processor.py:925} INFO - DAG(s) 'example_dag_decorator' retrieved from /root/miniconda3/envs/project/lib/python3.8/site-packages/airflow/example_dags/example_dag_decorator.py
[2024-10-08T09:24:41.336+0000] {logging_mixin.py:190} INFO - [2024-10-08T09:24:41.335+0000] {dag.py:3239} INFO - Sync 1 DAGs
[2024-10-08T09:24:41.352+0000] {logging_mixin.py:190} INFO - [2024-10-08T09:24:41.352+0000] {dag.py:4180} INFO - Setting next_dagrun for example_dag_decorator to None, run_after=None
[2024-10-08T09:24:41.383+0000] {processor.py:208} INFO - Processing /root/miniconda3/envs/project/lib/python3.8/site-packages/airflow/example_dags/example_dag_decorator.py took 0.229 seconds
[2024-10-08T09:25:49.653+0000] {processor.py:186} INFO - Started process (PID=225568) to work on /root/miniconda3/envs/project/lib/python3.8/site-packages/airflow/example_dags/example_dag_decorator.py
[2024-10-08T09:25:49.656+0000] {processor.py:914} INFO - Processing file /root/miniconda3/envs/project/lib/python3.8/site-packages/airflow/example_dags/example_dag_decorator.py for tasks to queue
[2024-10-08T09:25:49.659+0000] {logging_mixin.py:190} INFO - [2024-10-08T09:25:49.659+0000] {dagbag.py:588} INFO - Filling up the DagBag from /root/miniconda3/envs/project/lib/python3.8/site-packages/airflow/example_dags/example_dag_decorator.py
[2024-10-08T09:25:49.677+0000] {processor.py:925} INFO - DAG(s) 'example_dag_decorator' retrieved from /root/miniconda3/envs/project/lib/python3.8/site-packages/airflow/example_dags/example_dag_decorator.py
[2024-10-08T09:25:49.815+0000] {logging_mixin.py:190} INFO - [2024-10-08T09:25:49.815+0000] {dag.py:3239} INFO - Sync 1 DAGs
[2024-10-08T09:25:49.832+0000] {logging_mixin.py:190} INFO - [2024-10-08T09:25:49.831+0000] {dag.py:4180} INFO - Setting next_dagrun for example_dag_decorator to None, run_after=None
[2024-10-08T09:25:49.866+0000] {processor.py:208} INFO - Processing /root/miniconda3/envs/project/lib/python3.8/site-packages/airflow/example_dags/example_dag_decorator.py took 0.223 seconds
[2024-10-08T09:27:02.150+0000] {processor.py:186} INFO - Started process (PID=225989) to work on /root/miniconda3/envs/project/lib/python3.8/site-packages/airflow/example_dags/example_dag_decorator.py
[2024-10-08T09:27:02.153+0000] {processor.py:914} INFO - Processing file /root/miniconda3/envs/project/lib/python3.8/site-packages/airflow/example_dags/example_dag_decorator.py for tasks to queue
[2024-10-08T09:27:02.156+0000] {logging_mixin.py:190} INFO - [2024-10-08T09:27:02.155+0000] {dagbag.py:588} INFO - Filling up the DagBag from /root/miniconda3/envs/project/lib/python3.8/site-packages/airflow/example_dags/example_dag_decorator.py
[2024-10-08T09:27:02.175+0000] {processor.py:925} INFO - DAG(s) 'example_dag_decorator' retrieved from /root/miniconda3/envs/project/lib/python3.8/site-packages/airflow/example_dags/example_dag_decorator.py
[2024-10-08T09:27:02.322+0000] {logging_mixin.py:190} INFO - [2024-10-08T09:27:02.322+0000] {dag.py:3239} INFO - Sync 1 DAGs
[2024-10-08T09:27:02.338+0000] {logging_mixin.py:190} INFO - [2024-10-08T09:27:02.337+0000] {dag.py:4180} INFO - Setting next_dagrun for example_dag_decorator to None, run_after=None
[2024-10-08T09:27:02.368+0000] {processor.py:208} INFO - Processing /root/miniconda3/envs/project/lib/python3.8/site-packages/airflow/example_dags/example_dag_decorator.py took 0.230 seconds
[2024-10-08T09:28:13.606+0000] {processor.py:186} INFO - Started process (PID=226477) to work on /root/miniconda3/envs/project/lib/python3.8/site-packages/airflow/example_dags/example_dag_decorator.py
[2024-10-08T09:28:13.609+0000] {processor.py:914} INFO - Processing file /root/miniconda3/envs/project/lib/python3.8/site-packages/airflow/example_dags/example_dag_decorator.py for tasks to queue
[2024-10-08T09:28:13.613+0000] {logging_mixin.py:190} INFO - [2024-10-08T09:28:13.612+0000] {dagbag.py:588} INFO - Filling up the DagBag from /root/miniconda3/envs/project/lib/python3.8/site-packages/airflow/example_dags/example_dag_decorator.py
[2024-10-08T09:28:13.632+0000] {processor.py:925} INFO - DAG(s) 'example_dag_decorator' retrieved from /root/miniconda3/envs/project/lib/python3.8/site-packages/airflow/example_dags/example_dag_decorator.py
[2024-10-08T09:28:13.774+0000] {logging_mixin.py:190} INFO - [2024-10-08T09:28:13.773+0000] {dag.py:3239} INFO - Sync 1 DAGs
[2024-10-08T09:28:13.791+0000] {logging_mixin.py:190} INFO - [2024-10-08T09:28:13.790+0000] {dag.py:4180} INFO - Setting next_dagrun for example_dag_decorator to None, run_after=None
[2024-10-08T09:28:13.824+0000] {processor.py:208} INFO - Processing /root/miniconda3/envs/project/lib/python3.8/site-packages/airflow/example_dags/example_dag_decorator.py took 0.230 seconds
[2024-10-08T09:29:30.017+0000] {processor.py:186} INFO - Started process (PID=227041) to work on /root/miniconda3/envs/project/lib/python3.8/site-packages/airflow/example_dags/example_dag_decorator.py
[2024-10-08T09:29:30.020+0000] {processor.py:914} INFO - Processing file /root/miniconda3/envs/project/lib/python3.8/site-packages/airflow/example_dags/example_dag_decorator.py for tasks to queue
[2024-10-08T09:29:30.024+0000] {logging_mixin.py:190} INFO - [2024-10-08T09:29:30.024+0000] {dagbag.py:588} INFO - Filling up the DagBag from /root/miniconda3/envs/project/lib/python3.8/site-packages/airflow/example_dags/example_dag_decorator.py
[2024-10-08T09:29:30.045+0000] {processor.py:925} INFO - DAG(s) 'example_dag_decorator' retrieved from /root/miniconda3/envs/project/lib/python3.8/site-packages/airflow/example_dags/example_dag_decorator.py
[2024-10-08T09:29:30.191+0000] {logging_mixin.py:190} INFO - [2024-10-08T09:29:30.191+0000] {dag.py:3239} INFO - Sync 1 DAGs
[2024-10-08T09:29:30.208+0000] {logging_mixin.py:190} INFO - [2024-10-08T09:29:30.208+0000] {dag.py:4180} INFO - Setting next_dagrun for example_dag_decorator to None, run_after=None
[2024-10-08T09:29:30.240+0000] {processor.py:208} INFO - Processing /root/miniconda3/envs/project/lib/python3.8/site-packages/airflow/example_dags/example_dag_decorator.py took 0.234 seconds
[2024-10-08T09:30:54.976+0000] {processor.py:186} INFO - Started process (PID=227995) to work on /root/miniconda3/envs/project/lib/python3.8/site-packages/airflow/example_dags/example_dag_decorator.py
[2024-10-08T09:30:54.979+0000] {processor.py:914} INFO - Processing file /root/miniconda3/envs/project/lib/python3.8/site-packages/airflow/example_dags/example_dag_decorator.py for tasks to queue
[2024-10-08T09:30:54.983+0000] {logging_mixin.py:190} INFO - [2024-10-08T09:30:54.982+0000] {dagbag.py:588} INFO - Filling up the DagBag from /root/miniconda3/envs/project/lib/python3.8/site-packages/airflow/example_dags/example_dag_decorator.py
[2024-10-08T09:30:55.002+0000] {processor.py:925} INFO - DAG(s) 'example_dag_decorator' retrieved from /root/miniconda3/envs/project/lib/python3.8/site-packages/airflow/example_dags/example_dag_decorator.py
[2024-10-08T09:30:55.147+0000] {logging_mixin.py:190} INFO - [2024-10-08T09:30:55.146+0000] {dag.py:3239} INFO - Sync 1 DAGs
[2024-10-08T09:30:55.163+0000] {logging_mixin.py:190} INFO - [2024-10-08T09:30:55.163+0000] {dag.py:4180} INFO - Setting next_dagrun for example_dag_decorator to None, run_after=None
[2024-10-08T09:30:55.197+0000] {processor.py:208} INFO - Processing /root/miniconda3/envs/project/lib/python3.8/site-packages/airflow/example_dags/example_dag_decorator.py took 0.232 seconds
[2024-10-08T09:32:22.684+0000] {processor.py:186} INFO - Started process (PID=229046) to work on /root/miniconda3/envs/project/lib/python3.8/site-packages/airflow/example_dags/example_dag_decorator.py
[2024-10-08T09:32:22.687+0000] {processor.py:914} INFO - Processing file /root/miniconda3/envs/project/lib/python3.8/site-packages/airflow/example_dags/example_dag_decorator.py for tasks to queue
[2024-10-08T09:32:22.691+0000] {logging_mixin.py:190} INFO - [2024-10-08T09:32:22.690+0000] {dagbag.py:588} INFO - Filling up the DagBag from /root/miniconda3/envs/project/lib/python3.8/site-packages/airflow/example_dags/example_dag_decorator.py
[2024-10-08T09:32:22.709+0000] {processor.py:925} INFO - DAG(s) 'example_dag_decorator' retrieved from /root/miniconda3/envs/project/lib/python3.8/site-packages/airflow/example_dags/example_dag_decorator.py
[2024-10-08T09:32:22.844+0000] {logging_mixin.py:190} INFO - [2024-10-08T09:32:22.843+0000] {dag.py:3239} INFO - Sync 1 DAGs
[2024-10-08T09:32:22.856+0000] {logging_mixin.py:190} INFO - [2024-10-08T09:32:22.856+0000] {dag.py:4180} INFO - Setting next_dagrun for example_dag_decorator to None, run_after=None
[2024-10-08T09:32:22.887+0000] {processor.py:208} INFO - Processing /root/miniconda3/envs/project/lib/python3.8/site-packages/airflow/example_dags/example_dag_decorator.py took 0.214 seconds
[2024-10-08T09:33:35.188+0000] {processor.py:186} INFO - Started process (PID=229447) to work on /root/miniconda3/envs/project/lib/python3.8/site-packages/airflow/example_dags/example_dag_decorator.py
[2024-10-08T09:33:35.191+0000] {processor.py:914} INFO - Processing file /root/miniconda3/envs/project/lib/python3.8/site-packages/airflow/example_dags/example_dag_decorator.py for tasks to queue
[2024-10-08T09:33:35.194+0000] {logging_mixin.py:190} INFO - [2024-10-08T09:33:35.194+0000] {dagbag.py:588} INFO - Filling up the DagBag from /root/miniconda3/envs/project/lib/python3.8/site-packages/airflow/example_dags/example_dag_decorator.py
[2024-10-08T09:33:35.213+0000] {processor.py:925} INFO - DAG(s) 'example_dag_decorator' retrieved from /root/miniconda3/envs/project/lib/python3.8/site-packages/airflow/example_dags/example_dag_decorator.py
[2024-10-08T09:33:35.354+0000] {logging_mixin.py:190} INFO - [2024-10-08T09:33:35.354+0000] {dag.py:3239} INFO - Sync 1 DAGs
[2024-10-08T09:33:35.376+0000] {logging_mixin.py:190} INFO - [2024-10-08T09:33:35.376+0000] {dag.py:4180} INFO - Setting next_dagrun for example_dag_decorator to None, run_after=None
[2024-10-08T09:33:35.409+0000] {processor.py:208} INFO - Processing /root/miniconda3/envs/project/lib/python3.8/site-packages/airflow/example_dags/example_dag_decorator.py took 0.232 seconds
