[2024-10-08T07:57:53.903+0000] {processor.py:186} INFO - Started process (PID=207158) to work on /root/miniconda3/envs/project/lib/python3.8/site-packages/airflow/example_dags/example_kubernetes_executor.py
[2024-10-08T07:57:53.905+0000] {processor.py:914} INFO - Processing file /root/miniconda3/envs/project/lib/python3.8/site-packages/airflow/example_dags/example_kubernetes_executor.py for tasks to queue
[2024-10-08T07:57:53.908+0000] {logging_mixin.py:190} INFO - [2024-10-08T07:57:53.908+0000] {dagbag.py:588} INFO - Filling up the DagBag from /root/miniconda3/envs/project/lib/python3.8/site-packages/airflow/example_dags/example_kubernetes_executor.py
[2024-10-08T07:57:53.912+0000] {logging_mixin.py:190} INFO - [2024-10-08T07:57:53.912+0000] {example_kubernetes_executor.py:39} WARNING - The example_kubernetes_executor example DAG requires the kubernetes provider. Please install it with: pip install apache-airflow[cncf.kubernetes]
[2024-10-08T07:57:53.913+0000] {processor.py:927} WARNING - No viable dags retrieved from /root/miniconda3/envs/project/lib/python3.8/site-packages/airflow/example_dags/example_kubernetes_executor.py
[2024-10-08T07:57:53.929+0000] {processor.py:208} INFO - Processing /root/miniconda3/envs/project/lib/python3.8/site-packages/airflow/example_dags/example_kubernetes_executor.py took 0.035 seconds
[2024-10-08T07:59:12.212+0000] {processor.py:186} INFO - Started process (PID=207477) to work on /root/miniconda3/envs/project/lib/python3.8/site-packages/airflow/example_dags/example_kubernetes_executor.py
[2024-10-08T07:59:12.215+0000] {processor.py:914} INFO - Processing file /root/miniconda3/envs/project/lib/python3.8/site-packages/airflow/example_dags/example_kubernetes_executor.py for tasks to queue
[2024-10-08T07:59:12.218+0000] {logging_mixin.py:190} INFO - [2024-10-08T07:59:12.218+0000] {dagbag.py:588} INFO - Filling up the DagBag from /root/miniconda3/envs/project/lib/python3.8/site-packages/airflow/example_dags/example_kubernetes_executor.py
[2024-10-08T07:59:12.223+0000] {logging_mixin.py:190} INFO - [2024-10-08T07:59:12.222+0000] {example_kubernetes_executor.py:39} WARNING - The example_kubernetes_executor example DAG requires the kubernetes provider. Please install it with: pip install apache-airflow[cncf.kubernetes]
[2024-10-08T07:59:12.223+0000] {processor.py:927} WARNING - No viable dags retrieved from /root/miniconda3/envs/project/lib/python3.8/site-packages/airflow/example_dags/example_kubernetes_executor.py
[2024-10-08T07:59:12.239+0000] {processor.py:208} INFO - Processing /root/miniconda3/envs/project/lib/python3.8/site-packages/airflow/example_dags/example_kubernetes_executor.py took 0.038 seconds
[2024-10-08T08:00:23.159+0000] {processor.py:186} INFO - Started process (PID=207688) to work on /root/miniconda3/envs/project/lib/python3.8/site-packages/airflow/example_dags/example_kubernetes_executor.py
[2024-10-08T08:00:23.162+0000] {processor.py:914} INFO - Processing file /root/miniconda3/envs/project/lib/python3.8/site-packages/airflow/example_dags/example_kubernetes_executor.py for tasks to queue
[2024-10-08T08:00:23.165+0000] {logging_mixin.py:190} INFO - [2024-10-08T08:00:23.165+0000] {dagbag.py:588} INFO - Filling up the DagBag from /root/miniconda3/envs/project/lib/python3.8/site-packages/airflow/example_dags/example_kubernetes_executor.py
[2024-10-08T08:00:23.170+0000] {logging_mixin.py:190} INFO - [2024-10-08T08:00:23.169+0000] {example_kubernetes_executor.py:39} WARNING - The example_kubernetes_executor example DAG requires the kubernetes provider. Please install it with: pip install apache-airflow[cncf.kubernetes]
[2024-10-08T08:00:23.170+0000] {processor.py:927} WARNING - No viable dags retrieved from /root/miniconda3/envs/project/lib/python3.8/site-packages/airflow/example_dags/example_kubernetes_executor.py
[2024-10-08T08:00:23.186+0000] {processor.py:208} INFO - Processing /root/miniconda3/envs/project/lib/python3.8/site-packages/airflow/example_dags/example_kubernetes_executor.py took 0.037 seconds
[2024-10-08T08:01:38.844+0000] {processor.py:186} INFO - Started process (PID=208037) to work on /root/miniconda3/envs/project/lib/python3.8/site-packages/airflow/example_dags/example_kubernetes_executor.py
[2024-10-08T08:01:38.847+0000] {processor.py:914} INFO - Processing file /root/miniconda3/envs/project/lib/python3.8/site-packages/airflow/example_dags/example_kubernetes_executor.py for tasks to queue
[2024-10-08T08:01:38.850+0000] {logging_mixin.py:190} INFO - [2024-10-08T08:01:38.850+0000] {dagbag.py:588} INFO - Filling up the DagBag from /root/miniconda3/envs/project/lib/python3.8/site-packages/airflow/example_dags/example_kubernetes_executor.py
[2024-10-08T08:01:38.855+0000] {logging_mixin.py:190} INFO - [2024-10-08T08:01:38.854+0000] {example_kubernetes_executor.py:39} WARNING - The example_kubernetes_executor example DAG requires the kubernetes provider. Please install it with: pip install apache-airflow[cncf.kubernetes]
[2024-10-08T08:01:38.855+0000] {processor.py:927} WARNING - No viable dags retrieved from /root/miniconda3/envs/project/lib/python3.8/site-packages/airflow/example_dags/example_kubernetes_executor.py
[2024-10-08T08:01:38.872+0000] {processor.py:208} INFO - Processing /root/miniconda3/envs/project/lib/python3.8/site-packages/airflow/example_dags/example_kubernetes_executor.py took 0.039 seconds
[2024-10-08T08:02:49.251+0000] {processor.py:186} INFO - Started process (PID=208289) to work on /root/miniconda3/envs/project/lib/python3.8/site-packages/airflow/example_dags/example_kubernetes_executor.py
[2024-10-08T08:02:49.254+0000] {processor.py:914} INFO - Processing file /root/miniconda3/envs/project/lib/python3.8/site-packages/airflow/example_dags/example_kubernetes_executor.py for tasks to queue
[2024-10-08T08:02:49.257+0000] {logging_mixin.py:190} INFO - [2024-10-08T08:02:49.256+0000] {dagbag.py:588} INFO - Filling up the DagBag from /root/miniconda3/envs/project/lib/python3.8/site-packages/airflow/example_dags/example_kubernetes_executor.py
[2024-10-08T08:02:49.262+0000] {logging_mixin.py:190} INFO - [2024-10-08T08:02:49.261+0000] {example_kubernetes_executor.py:39} WARNING - The example_kubernetes_executor example DAG requires the kubernetes provider. Please install it with: pip install apache-airflow[cncf.kubernetes]
[2024-10-08T08:02:49.262+0000] {processor.py:927} WARNING - No viable dags retrieved from /root/miniconda3/envs/project/lib/python3.8/site-packages/airflow/example_dags/example_kubernetes_executor.py
[2024-10-08T08:02:49.278+0000] {processor.py:208} INFO - Processing /root/miniconda3/envs/project/lib/python3.8/site-packages/airflow/example_dags/example_kubernetes_executor.py took 0.038 seconds
[2024-10-08T08:03:57.575+0000] {processor.py:186} INFO - Started process (PID=208537) to work on /root/miniconda3/envs/project/lib/python3.8/site-packages/airflow/example_dags/example_kubernetes_executor.py
[2024-10-08T08:03:57.577+0000] {processor.py:914} INFO - Processing file /root/miniconda3/envs/project/lib/python3.8/site-packages/airflow/example_dags/example_kubernetes_executor.py for tasks to queue
[2024-10-08T08:03:57.581+0000] {logging_mixin.py:190} INFO - [2024-10-08T08:03:57.580+0000] {dagbag.py:588} INFO - Filling up the DagBag from /root/miniconda3/envs/project/lib/python3.8/site-packages/airflow/example_dags/example_kubernetes_executor.py
[2024-10-08T08:03:57.585+0000] {logging_mixin.py:190} INFO - [2024-10-08T08:03:57.585+0000] {example_kubernetes_executor.py:39} WARNING - The example_kubernetes_executor example DAG requires the kubernetes provider. Please install it with: pip install apache-airflow[cncf.kubernetes]
[2024-10-08T08:03:57.586+0000] {processor.py:927} WARNING - No viable dags retrieved from /root/miniconda3/envs/project/lib/python3.8/site-packages/airflow/example_dags/example_kubernetes_executor.py
[2024-10-08T08:03:57.602+0000] {processor.py:208} INFO - Processing /root/miniconda3/envs/project/lib/python3.8/site-packages/airflow/example_dags/example_kubernetes_executor.py took 0.036 seconds
[2024-10-08T08:05:05.899+0000] {processor.py:186} INFO - Started process (PID=208742) to work on /root/miniconda3/envs/project/lib/python3.8/site-packages/airflow/example_dags/example_kubernetes_executor.py
[2024-10-08T08:05:05.902+0000] {processor.py:914} INFO - Processing file /root/miniconda3/envs/project/lib/python3.8/site-packages/airflow/example_dags/example_kubernetes_executor.py for tasks to queue
[2024-10-08T08:05:05.905+0000] {logging_mixin.py:190} INFO - [2024-10-08T08:05:05.905+0000] {dagbag.py:588} INFO - Filling up the DagBag from /root/miniconda3/envs/project/lib/python3.8/site-packages/airflow/example_dags/example_kubernetes_executor.py
[2024-10-08T08:05:05.910+0000] {logging_mixin.py:190} INFO - [2024-10-08T08:05:05.910+0000] {example_kubernetes_executor.py:39} WARNING - The example_kubernetes_executor example DAG requires the kubernetes provider. Please install it with: pip install apache-airflow[cncf.kubernetes]
[2024-10-08T08:05:05.910+0000] {processor.py:927} WARNING - No viable dags retrieved from /root/miniconda3/envs/project/lib/python3.8/site-packages/airflow/example_dags/example_kubernetes_executor.py
[2024-10-08T08:05:05.927+0000] {processor.py:208} INFO - Processing /root/miniconda3/envs/project/lib/python3.8/site-packages/airflow/example_dags/example_kubernetes_executor.py took 0.040 seconds
[2024-10-08T08:06:07.577+0000] {processor.py:186} INFO - Started process (PID=208925) to work on /root/miniconda3/envs/project/lib/python3.8/site-packages/airflow/example_dags/example_kubernetes_executor.py
[2024-10-08T08:06:07.580+0000] {processor.py:914} INFO - Processing file /root/miniconda3/envs/project/lib/python3.8/site-packages/airflow/example_dags/example_kubernetes_executor.py for tasks to queue
[2024-10-08T08:06:07.583+0000] {logging_mixin.py:190} INFO - [2024-10-08T08:06:07.583+0000] {dagbag.py:588} INFO - Filling up the DagBag from /root/miniconda3/envs/project/lib/python3.8/site-packages/airflow/example_dags/example_kubernetes_executor.py
[2024-10-08T08:06:07.588+0000] {logging_mixin.py:190} INFO - [2024-10-08T08:06:07.588+0000] {example_kubernetes_executor.py:39} WARNING - The example_kubernetes_executor example DAG requires the kubernetes provider. Please install it with: pip install apache-airflow[cncf.kubernetes]
[2024-10-08T08:06:07.588+0000] {processor.py:927} WARNING - No viable dags retrieved from /root/miniconda3/envs/project/lib/python3.8/site-packages/airflow/example_dags/example_kubernetes_executor.py
[2024-10-08T08:06:07.604+0000] {processor.py:208} INFO - Processing /root/miniconda3/envs/project/lib/python3.8/site-packages/airflow/example_dags/example_kubernetes_executor.py took 0.039 seconds
[2024-10-08T08:07:11.892+0000] {processor.py:186} INFO - Started process (PID=209157) to work on /root/miniconda3/envs/project/lib/python3.8/site-packages/airflow/example_dags/example_kubernetes_executor.py
[2024-10-08T08:07:11.894+0000] {processor.py:914} INFO - Processing file /root/miniconda3/envs/project/lib/python3.8/site-packages/airflow/example_dags/example_kubernetes_executor.py for tasks to queue
[2024-10-08T08:07:11.897+0000] {logging_mixin.py:190} INFO - [2024-10-08T08:07:11.897+0000] {dagbag.py:588} INFO - Filling up the DagBag from /root/miniconda3/envs/project/lib/python3.8/site-packages/airflow/example_dags/example_kubernetes_executor.py
[2024-10-08T08:07:11.902+0000] {logging_mixin.py:190} INFO - [2024-10-08T08:07:11.902+0000] {example_kubernetes_executor.py:39} WARNING - The example_kubernetes_executor example DAG requires the kubernetes provider. Please install it with: pip install apache-airflow[cncf.kubernetes]
[2024-10-08T08:07:11.902+0000] {processor.py:927} WARNING - No viable dags retrieved from /root/miniconda3/envs/project/lib/python3.8/site-packages/airflow/example_dags/example_kubernetes_executor.py
[2024-10-08T08:07:11.918+0000] {processor.py:208} INFO - Processing /root/miniconda3/envs/project/lib/python3.8/site-packages/airflow/example_dags/example_kubernetes_executor.py took 0.038 seconds
[2024-10-08T08:08:21.822+0000] {processor.py:186} INFO - Started process (PID=209494) to work on /root/miniconda3/envs/project/lib/python3.8/site-packages/airflow/example_dags/example_kubernetes_executor.py
[2024-10-08T08:08:21.825+0000] {processor.py:914} INFO - Processing file /root/miniconda3/envs/project/lib/python3.8/site-packages/airflow/example_dags/example_kubernetes_executor.py for tasks to queue
[2024-10-08T08:08:21.828+0000] {logging_mixin.py:190} INFO - [2024-10-08T08:08:21.828+0000] {dagbag.py:588} INFO - Filling up the DagBag from /root/miniconda3/envs/project/lib/python3.8/site-packages/airflow/example_dags/example_kubernetes_executor.py
[2024-10-08T08:08:21.833+0000] {logging_mixin.py:190} INFO - [2024-10-08T08:08:21.833+0000] {example_kubernetes_executor.py:39} WARNING - The example_kubernetes_executor example DAG requires the kubernetes provider. Please install it with: pip install apache-airflow[cncf.kubernetes]
[2024-10-08T08:08:21.833+0000] {processor.py:927} WARNING - No viable dags retrieved from /root/miniconda3/envs/project/lib/python3.8/site-packages/airflow/example_dags/example_kubernetes_executor.py
[2024-10-08T08:08:21.849+0000] {processor.py:208} INFO - Processing /root/miniconda3/envs/project/lib/python3.8/site-packages/airflow/example_dags/example_kubernetes_executor.py took 0.038 seconds
[2024-10-08T08:13:21.774+0000] {processor.py:186} INFO - Started process (PID=211119) to work on /root/miniconda3/envs/project/lib/python3.8/site-packages/airflow/example_dags/example_kubernetes_executor.py
[2024-10-08T08:13:21.777+0000] {processor.py:914} INFO - Processing file /root/miniconda3/envs/project/lib/python3.8/site-packages/airflow/example_dags/example_kubernetes_executor.py for tasks to queue
[2024-10-08T08:13:21.780+0000] {logging_mixin.py:190} INFO - [2024-10-08T08:13:21.779+0000] {dagbag.py:588} INFO - Filling up the DagBag from /root/miniconda3/envs/project/lib/python3.8/site-packages/airflow/example_dags/example_kubernetes_executor.py
[2024-10-08T08:13:21.785+0000] {logging_mixin.py:190} INFO - [2024-10-08T08:13:21.784+0000] {example_kubernetes_executor.py:39} WARNING - The example_kubernetes_executor example DAG requires the kubernetes provider. Please install it with: pip install apache-airflow[cncf.kubernetes]
[2024-10-08T08:13:21.785+0000] {processor.py:927} WARNING - No viable dags retrieved from /root/miniconda3/envs/project/lib/python3.8/site-packages/airflow/example_dags/example_kubernetes_executor.py
[2024-10-08T08:13:21.802+0000] {processor.py:208} INFO - Processing /root/miniconda3/envs/project/lib/python3.8/site-packages/airflow/example_dags/example_kubernetes_executor.py took 0.039 seconds
[2024-10-08T08:14:31.663+0000] {processor.py:186} INFO - Started process (PID=211374) to work on /root/miniconda3/envs/project/lib/python3.8/site-packages/airflow/example_dags/example_kubernetes_executor.py
[2024-10-08T08:14:31.666+0000] {processor.py:914} INFO - Processing file /root/miniconda3/envs/project/lib/python3.8/site-packages/airflow/example_dags/example_kubernetes_executor.py for tasks to queue
[2024-10-08T08:14:31.669+0000] {logging_mixin.py:190} INFO - [2024-10-08T08:14:31.668+0000] {dagbag.py:588} INFO - Filling up the DagBag from /root/miniconda3/envs/project/lib/python3.8/site-packages/airflow/example_dags/example_kubernetes_executor.py
[2024-10-08T08:14:31.674+0000] {logging_mixin.py:190} INFO - [2024-10-08T08:14:31.673+0000] {example_kubernetes_executor.py:39} WARNING - The example_kubernetes_executor example DAG requires the kubernetes provider. Please install it with: pip install apache-airflow[cncf.kubernetes]
[2024-10-08T08:14:31.674+0000] {processor.py:927} WARNING - No viable dags retrieved from /root/miniconda3/envs/project/lib/python3.8/site-packages/airflow/example_dags/example_kubernetes_executor.py
[2024-10-08T08:14:31.691+0000] {processor.py:208} INFO - Processing /root/miniconda3/envs/project/lib/python3.8/site-packages/airflow/example_dags/example_kubernetes_executor.py took 0.038 seconds
[2024-10-08T08:15:40.185+0000] {processor.py:186} INFO - Started process (PID=211623) to work on /root/miniconda3/envs/project/lib/python3.8/site-packages/airflow/example_dags/example_kubernetes_executor.py
[2024-10-08T08:15:40.187+0000] {processor.py:914} INFO - Processing file /root/miniconda3/envs/project/lib/python3.8/site-packages/airflow/example_dags/example_kubernetes_executor.py for tasks to queue
[2024-10-08T08:15:40.191+0000] {logging_mixin.py:190} INFO - [2024-10-08T08:15:40.190+0000] {dagbag.py:588} INFO - Filling up the DagBag from /root/miniconda3/envs/project/lib/python3.8/site-packages/airflow/example_dags/example_kubernetes_executor.py
[2024-10-08T08:15:40.195+0000] {logging_mixin.py:190} INFO - [2024-10-08T08:15:40.195+0000] {example_kubernetes_executor.py:39} WARNING - The example_kubernetes_executor example DAG requires the kubernetes provider. Please install it with: pip install apache-airflow[cncf.kubernetes]
[2024-10-08T08:15:40.195+0000] {processor.py:927} WARNING - No viable dags retrieved from /root/miniconda3/envs/project/lib/python3.8/site-packages/airflow/example_dags/example_kubernetes_executor.py
[2024-10-08T08:15:40.212+0000] {processor.py:208} INFO - Processing /root/miniconda3/envs/project/lib/python3.8/site-packages/airflow/example_dags/example_kubernetes_executor.py took 0.039 seconds
[2024-10-08T08:16:48.505+0000] {processor.py:186} INFO - Started process (PID=211826) to work on /root/miniconda3/envs/project/lib/python3.8/site-packages/airflow/example_dags/example_kubernetes_executor.py
[2024-10-08T08:16:48.508+0000] {processor.py:914} INFO - Processing file /root/miniconda3/envs/project/lib/python3.8/site-packages/airflow/example_dags/example_kubernetes_executor.py for tasks to queue
[2024-10-08T08:16:48.511+0000] {logging_mixin.py:190} INFO - [2024-10-08T08:16:48.511+0000] {dagbag.py:588} INFO - Filling up the DagBag from /root/miniconda3/envs/project/lib/python3.8/site-packages/airflow/example_dags/example_kubernetes_executor.py
[2024-10-08T08:16:48.516+0000] {logging_mixin.py:190} INFO - [2024-10-08T08:16:48.516+0000] {example_kubernetes_executor.py:39} WARNING - The example_kubernetes_executor example DAG requires the kubernetes provider. Please install it with: pip install apache-airflow[cncf.kubernetes]
[2024-10-08T08:16:48.517+0000] {processor.py:927} WARNING - No viable dags retrieved from /root/miniconda3/envs/project/lib/python3.8/site-packages/airflow/example_dags/example_kubernetes_executor.py
[2024-10-08T08:16:48.534+0000] {processor.py:208} INFO - Processing /root/miniconda3/envs/project/lib/python3.8/site-packages/airflow/example_dags/example_kubernetes_executor.py took 0.040 seconds
[2024-10-08T08:17:58.582+0000] {processor.py:186} INFO - Started process (PID=212075) to work on /root/miniconda3/envs/project/lib/python3.8/site-packages/airflow/example_dags/example_kubernetes_executor.py
[2024-10-08T08:17:58.585+0000] {processor.py:914} INFO - Processing file /root/miniconda3/envs/project/lib/python3.8/site-packages/airflow/example_dags/example_kubernetes_executor.py for tasks to queue
[2024-10-08T08:17:58.588+0000] {logging_mixin.py:190} INFO - [2024-10-08T08:17:58.587+0000] {dagbag.py:588} INFO - Filling up the DagBag from /root/miniconda3/envs/project/lib/python3.8/site-packages/airflow/example_dags/example_kubernetes_executor.py
[2024-10-08T08:17:58.593+0000] {logging_mixin.py:190} INFO - [2024-10-08T08:17:58.592+0000] {example_kubernetes_executor.py:39} WARNING - The example_kubernetes_executor example DAG requires the kubernetes provider. Please install it with: pip install apache-airflow[cncf.kubernetes]
[2024-10-08T08:17:58.593+0000] {processor.py:927} WARNING - No viable dags retrieved from /root/miniconda3/envs/project/lib/python3.8/site-packages/airflow/example_dags/example_kubernetes_executor.py
[2024-10-08T08:17:58.609+0000] {processor.py:208} INFO - Processing /root/miniconda3/envs/project/lib/python3.8/site-packages/airflow/example_dags/example_kubernetes_executor.py took 0.040 seconds
[2024-10-08T08:19:11.305+0000] {processor.py:186} INFO - Started process (PID=212281) to work on /root/miniconda3/envs/project/lib/python3.8/site-packages/airflow/example_dags/example_kubernetes_executor.py
[2024-10-08T08:19:11.308+0000] {processor.py:914} INFO - Processing file /root/miniconda3/envs/project/lib/python3.8/site-packages/airflow/example_dags/example_kubernetes_executor.py for tasks to queue
[2024-10-08T08:19:11.311+0000] {logging_mixin.py:190} INFO - [2024-10-08T08:19:11.311+0000] {dagbag.py:588} INFO - Filling up the DagBag from /root/miniconda3/envs/project/lib/python3.8/site-packages/airflow/example_dags/example_kubernetes_executor.py
[2024-10-08T08:19:11.316+0000] {logging_mixin.py:190} INFO - [2024-10-08T08:19:11.316+0000] {example_kubernetes_executor.py:39} WARNING - The example_kubernetes_executor example DAG requires the kubernetes provider. Please install it with: pip install apache-airflow[cncf.kubernetes]
[2024-10-08T08:19:11.316+0000] {processor.py:927} WARNING - No viable dags retrieved from /root/miniconda3/envs/project/lib/python3.8/site-packages/airflow/example_dags/example_kubernetes_executor.py
[2024-10-08T08:19:11.333+0000] {processor.py:208} INFO - Processing /root/miniconda3/envs/project/lib/python3.8/site-packages/airflow/example_dags/example_kubernetes_executor.py took 0.040 seconds
[2024-10-08T08:20:14.682+0000] {processor.py:186} INFO - Started process (PID=212463) to work on /root/miniconda3/envs/project/lib/python3.8/site-packages/airflow/example_dags/example_kubernetes_executor.py
[2024-10-08T08:20:14.685+0000] {processor.py:914} INFO - Processing file /root/miniconda3/envs/project/lib/python3.8/site-packages/airflow/example_dags/example_kubernetes_executor.py for tasks to queue
[2024-10-08T08:20:14.689+0000] {logging_mixin.py:190} INFO - [2024-10-08T08:20:14.688+0000] {dagbag.py:588} INFO - Filling up the DagBag from /root/miniconda3/envs/project/lib/python3.8/site-packages/airflow/example_dags/example_kubernetes_executor.py
[2024-10-08T08:20:14.694+0000] {logging_mixin.py:190} INFO - [2024-10-08T08:20:14.693+0000] {example_kubernetes_executor.py:39} WARNING - The example_kubernetes_executor example DAG requires the kubernetes provider. Please install it with: pip install apache-airflow[cncf.kubernetes]
[2024-10-08T08:20:14.694+0000] {processor.py:927} WARNING - No viable dags retrieved from /root/miniconda3/envs/project/lib/python3.8/site-packages/airflow/example_dags/example_kubernetes_executor.py
[2024-10-08T08:20:14.712+0000] {processor.py:208} INFO - Processing /root/miniconda3/envs/project/lib/python3.8/site-packages/airflow/example_dags/example_kubernetes_executor.py took 0.041 seconds
[2024-10-08T08:21:31.637+0000] {processor.py:186} INFO - Started process (PID=212727) to work on /root/miniconda3/envs/project/lib/python3.8/site-packages/airflow/example_dags/example_kubernetes_executor.py
[2024-10-08T08:21:31.639+0000] {processor.py:914} INFO - Processing file /root/miniconda3/envs/project/lib/python3.8/site-packages/airflow/example_dags/example_kubernetes_executor.py for tasks to queue
[2024-10-08T08:21:31.643+0000] {logging_mixin.py:190} INFO - [2024-10-08T08:21:31.642+0000] {dagbag.py:588} INFO - Filling up the DagBag from /root/miniconda3/envs/project/lib/python3.8/site-packages/airflow/example_dags/example_kubernetes_executor.py
[2024-10-08T08:21:31.647+0000] {logging_mixin.py:190} INFO - [2024-10-08T08:21:31.647+0000] {example_kubernetes_executor.py:39} WARNING - The example_kubernetes_executor example DAG requires the kubernetes provider. Please install it with: pip install apache-airflow[cncf.kubernetes]
[2024-10-08T08:21:31.648+0000] {processor.py:927} WARNING - No viable dags retrieved from /root/miniconda3/envs/project/lib/python3.8/site-packages/airflow/example_dags/example_kubernetes_executor.py
[2024-10-08T08:21:31.664+0000] {processor.py:208} INFO - Processing /root/miniconda3/envs/project/lib/python3.8/site-packages/airflow/example_dags/example_kubernetes_executor.py took 0.038 seconds
[2024-10-08T08:22:41.252+0000] {processor.py:186} INFO - Started process (PID=212977) to work on /root/miniconda3/envs/project/lib/python3.8/site-packages/airflow/example_dags/example_kubernetes_executor.py
[2024-10-08T08:22:41.255+0000] {processor.py:914} INFO - Processing file /root/miniconda3/envs/project/lib/python3.8/site-packages/airflow/example_dags/example_kubernetes_executor.py for tasks to queue
[2024-10-08T08:22:41.258+0000] {logging_mixin.py:190} INFO - [2024-10-08T08:22:41.258+0000] {dagbag.py:588} INFO - Filling up the DagBag from /root/miniconda3/envs/project/lib/python3.8/site-packages/airflow/example_dags/example_kubernetes_executor.py
[2024-10-08T08:22:41.263+0000] {logging_mixin.py:190} INFO - [2024-10-08T08:22:41.263+0000] {example_kubernetes_executor.py:39} WARNING - The example_kubernetes_executor example DAG requires the kubernetes provider. Please install it with: pip install apache-airflow[cncf.kubernetes]
[2024-10-08T08:22:41.263+0000] {processor.py:927} WARNING - No viable dags retrieved from /root/miniconda3/envs/project/lib/python3.8/site-packages/airflow/example_dags/example_kubernetes_executor.py
[2024-10-08T08:22:41.279+0000] {processor.py:208} INFO - Processing /root/miniconda3/envs/project/lib/python3.8/site-packages/airflow/example_dags/example_kubernetes_executor.py took 0.038 seconds
[2024-10-08T08:23:45.121+0000] {processor.py:186} INFO - Started process (PID=213160) to work on /root/miniconda3/envs/project/lib/python3.8/site-packages/airflow/example_dags/example_kubernetes_executor.py
[2024-10-08T08:23:45.123+0000] {processor.py:914} INFO - Processing file /root/miniconda3/envs/project/lib/python3.8/site-packages/airflow/example_dags/example_kubernetes_executor.py for tasks to queue
[2024-10-08T08:23:45.126+0000] {logging_mixin.py:190} INFO - [2024-10-08T08:23:45.126+0000] {dagbag.py:588} INFO - Filling up the DagBag from /root/miniconda3/envs/project/lib/python3.8/site-packages/airflow/example_dags/example_kubernetes_executor.py
[2024-10-08T08:23:45.131+0000] {logging_mixin.py:190} INFO - [2024-10-08T08:23:45.131+0000] {example_kubernetes_executor.py:39} WARNING - The example_kubernetes_executor example DAG requires the kubernetes provider. Please install it with: pip install apache-airflow[cncf.kubernetes]
[2024-10-08T08:23:45.131+0000] {processor.py:927} WARNING - No viable dags retrieved from /root/miniconda3/envs/project/lib/python3.8/site-packages/airflow/example_dags/example_kubernetes_executor.py
[2024-10-08T08:23:45.147+0000] {processor.py:208} INFO - Processing /root/miniconda3/envs/project/lib/python3.8/site-packages/airflow/example_dags/example_kubernetes_executor.py took 0.037 seconds
[2024-10-08T08:37:34.931+0000] {processor.py:186} INFO - Started process (PID=215059) to work on /root/miniconda3/envs/project/lib/python3.8/site-packages/airflow/example_dags/example_kubernetes_executor.py
[2024-10-08T08:37:34.934+0000] {processor.py:914} INFO - Processing file /root/miniconda3/envs/project/lib/python3.8/site-packages/airflow/example_dags/example_kubernetes_executor.py for tasks to queue
[2024-10-08T08:37:34.937+0000] {logging_mixin.py:190} INFO - [2024-10-08T08:37:34.937+0000] {dagbag.py:588} INFO - Filling up the DagBag from /root/miniconda3/envs/project/lib/python3.8/site-packages/airflow/example_dags/example_kubernetes_executor.py
[2024-10-08T08:37:34.941+0000] {logging_mixin.py:190} INFO - [2024-10-08T08:37:34.941+0000] {example_kubernetes_executor.py:39} WARNING - The example_kubernetes_executor example DAG requires the kubernetes provider. Please install it with: pip install apache-airflow[cncf.kubernetes]
[2024-10-08T08:37:34.942+0000] {processor.py:927} WARNING - No viable dags retrieved from /root/miniconda3/envs/project/lib/python3.8/site-packages/airflow/example_dags/example_kubernetes_executor.py
[2024-10-08T08:37:34.958+0000] {processor.py:208} INFO - Processing /root/miniconda3/envs/project/lib/python3.8/site-packages/airflow/example_dags/example_kubernetes_executor.py took 0.038 seconds
[2024-10-08T08:38:44.954+0000] {processor.py:186} INFO - Started process (PID=215525) to work on /root/miniconda3/envs/project/lib/python3.8/site-packages/airflow/example_dags/example_kubernetes_executor.py
[2024-10-08T08:38:44.957+0000] {processor.py:914} INFO - Processing file /root/miniconda3/envs/project/lib/python3.8/site-packages/airflow/example_dags/example_kubernetes_executor.py for tasks to queue
[2024-10-08T08:38:44.961+0000] {logging_mixin.py:190} INFO - [2024-10-08T08:38:44.960+0000] {dagbag.py:588} INFO - Filling up the DagBag from /root/miniconda3/envs/project/lib/python3.8/site-packages/airflow/example_dags/example_kubernetes_executor.py
[2024-10-08T08:38:44.966+0000] {logging_mixin.py:190} INFO - [2024-10-08T08:38:44.965+0000] {example_kubernetes_executor.py:39} WARNING - The example_kubernetes_executor example DAG requires the kubernetes provider. Please install it with: pip install apache-airflow[cncf.kubernetes]
[2024-10-08T08:38:44.966+0000] {processor.py:927} WARNING - No viable dags retrieved from /root/miniconda3/envs/project/lib/python3.8/site-packages/airflow/example_dags/example_kubernetes_executor.py
[2024-10-08T08:38:44.983+0000] {processor.py:208} INFO - Processing /root/miniconda3/envs/project/lib/python3.8/site-packages/airflow/example_dags/example_kubernetes_executor.py took 0.041 seconds
[2024-10-08T08:39:57.785+0000] {processor.py:186} INFO - Started process (PID=215753) to work on /root/miniconda3/envs/project/lib/python3.8/site-packages/airflow/example_dags/example_kubernetes_executor.py
[2024-10-08T08:39:57.789+0000] {processor.py:914} INFO - Processing file /root/miniconda3/envs/project/lib/python3.8/site-packages/airflow/example_dags/example_kubernetes_executor.py for tasks to queue
[2024-10-08T08:39:57.792+0000] {logging_mixin.py:190} INFO - [2024-10-08T08:39:57.792+0000] {dagbag.py:588} INFO - Filling up the DagBag from /root/miniconda3/envs/project/lib/python3.8/site-packages/airflow/example_dags/example_kubernetes_executor.py
[2024-10-08T08:39:57.797+0000] {logging_mixin.py:190} INFO - [2024-10-08T08:39:57.797+0000] {example_kubernetes_executor.py:39} WARNING - The example_kubernetes_executor example DAG requires the kubernetes provider. Please install it with: pip install apache-airflow[cncf.kubernetes]
[2024-10-08T08:39:57.798+0000] {processor.py:927} WARNING - No viable dags retrieved from /root/miniconda3/envs/project/lib/python3.8/site-packages/airflow/example_dags/example_kubernetes_executor.py
[2024-10-08T08:39:57.817+0000] {processor.py:208} INFO - Processing /root/miniconda3/envs/project/lib/python3.8/site-packages/airflow/example_dags/example_kubernetes_executor.py took 0.043 seconds
[2024-10-08T08:41:06.059+0000] {processor.py:186} INFO - Started process (PID=216152) to work on /root/miniconda3/envs/project/lib/python3.8/site-packages/airflow/example_dags/example_kubernetes_executor.py
[2024-10-08T08:41:06.062+0000] {processor.py:914} INFO - Processing file /root/miniconda3/envs/project/lib/python3.8/site-packages/airflow/example_dags/example_kubernetes_executor.py for tasks to queue
[2024-10-08T08:41:06.065+0000] {logging_mixin.py:190} INFO - [2024-10-08T08:41:06.064+0000] {dagbag.py:588} INFO - Filling up the DagBag from /root/miniconda3/envs/project/lib/python3.8/site-packages/airflow/example_dags/example_kubernetes_executor.py
[2024-10-08T08:41:06.069+0000] {logging_mixin.py:190} INFO - [2024-10-08T08:41:06.069+0000] {example_kubernetes_executor.py:39} WARNING - The example_kubernetes_executor example DAG requires the kubernetes provider. Please install it with: pip install apache-airflow[cncf.kubernetes]
[2024-10-08T08:41:06.069+0000] {processor.py:927} WARNING - No viable dags retrieved from /root/miniconda3/envs/project/lib/python3.8/site-packages/airflow/example_dags/example_kubernetes_executor.py
[2024-10-08T08:41:06.085+0000] {processor.py:208} INFO - Processing /root/miniconda3/envs/project/lib/python3.8/site-packages/airflow/example_dags/example_kubernetes_executor.py took 0.039 seconds
[2024-10-08T08:42:13.041+0000] {processor.py:186} INFO - Started process (PID=216558) to work on /root/miniconda3/envs/project/lib/python3.8/site-packages/airflow/example_dags/example_kubernetes_executor.py
[2024-10-08T08:42:13.043+0000] {processor.py:914} INFO - Processing file /root/miniconda3/envs/project/lib/python3.8/site-packages/airflow/example_dags/example_kubernetes_executor.py for tasks to queue
[2024-10-08T08:42:13.046+0000] {logging_mixin.py:190} INFO - [2024-10-08T08:42:13.046+0000] {dagbag.py:588} INFO - Filling up the DagBag from /root/miniconda3/envs/project/lib/python3.8/site-packages/airflow/example_dags/example_kubernetes_executor.py
[2024-10-08T08:42:13.051+0000] {logging_mixin.py:190} INFO - [2024-10-08T08:42:13.051+0000] {example_kubernetes_executor.py:39} WARNING - The example_kubernetes_executor example DAG requires the kubernetes provider. Please install it with: pip install apache-airflow[cncf.kubernetes]
[2024-10-08T08:42:13.051+0000] {processor.py:927} WARNING - No viable dags retrieved from /root/miniconda3/envs/project/lib/python3.8/site-packages/airflow/example_dags/example_kubernetes_executor.py
[2024-10-08T08:42:13.067+0000] {processor.py:208} INFO - Processing /root/miniconda3/envs/project/lib/python3.8/site-packages/airflow/example_dags/example_kubernetes_executor.py took 0.037 seconds
[2024-10-08T08:43:19.864+0000] {processor.py:186} INFO - Started process (PID=216776) to work on /root/miniconda3/envs/project/lib/python3.8/site-packages/airflow/example_dags/example_kubernetes_executor.py
[2024-10-08T08:43:19.866+0000] {processor.py:914} INFO - Processing file /root/miniconda3/envs/project/lib/python3.8/site-packages/airflow/example_dags/example_kubernetes_executor.py for tasks to queue
[2024-10-08T08:43:19.870+0000] {logging_mixin.py:190} INFO - [2024-10-08T08:43:19.869+0000] {dagbag.py:588} INFO - Filling up the DagBag from /root/miniconda3/envs/project/lib/python3.8/site-packages/airflow/example_dags/example_kubernetes_executor.py
[2024-10-08T08:43:19.874+0000] {logging_mixin.py:190} INFO - [2024-10-08T08:43:19.874+0000] {example_kubernetes_executor.py:39} WARNING - The example_kubernetes_executor example DAG requires the kubernetes provider. Please install it with: pip install apache-airflow[cncf.kubernetes]
[2024-10-08T08:43:19.874+0000] {processor.py:927} WARNING - No viable dags retrieved from /root/miniconda3/envs/project/lib/python3.8/site-packages/airflow/example_dags/example_kubernetes_executor.py
[2024-10-08T08:43:19.890+0000] {processor.py:208} INFO - Processing /root/miniconda3/envs/project/lib/python3.8/site-packages/airflow/example_dags/example_kubernetes_executor.py took 0.038 seconds
[2024-10-08T08:44:29.702+0000] {processor.py:186} INFO - Started process (PID=216997) to work on /root/miniconda3/envs/project/lib/python3.8/site-packages/airflow/example_dags/example_kubernetes_executor.py
[2024-10-08T08:44:29.705+0000] {processor.py:914} INFO - Processing file /root/miniconda3/envs/project/lib/python3.8/site-packages/airflow/example_dags/example_kubernetes_executor.py for tasks to queue
[2024-10-08T08:44:29.708+0000] {logging_mixin.py:190} INFO - [2024-10-08T08:44:29.708+0000] {dagbag.py:588} INFO - Filling up the DagBag from /root/miniconda3/envs/project/lib/python3.8/site-packages/airflow/example_dags/example_kubernetes_executor.py
[2024-10-08T08:44:29.713+0000] {logging_mixin.py:190} INFO - [2024-10-08T08:44:29.713+0000] {example_kubernetes_executor.py:39} WARNING - The example_kubernetes_executor example DAG requires the kubernetes provider. Please install it with: pip install apache-airflow[cncf.kubernetes]
[2024-10-08T08:44:29.713+0000] {processor.py:927} WARNING - No viable dags retrieved from /root/miniconda3/envs/project/lib/python3.8/site-packages/airflow/example_dags/example_kubernetes_executor.py
[2024-10-08T08:44:29.730+0000] {processor.py:208} INFO - Processing /root/miniconda3/envs/project/lib/python3.8/site-packages/airflow/example_dags/example_kubernetes_executor.py took 0.040 seconds
[2024-10-08T08:45:44.150+0000] {processor.py:186} INFO - Started process (PID=217289) to work on /root/miniconda3/envs/project/lib/python3.8/site-packages/airflow/example_dags/example_kubernetes_executor.py
[2024-10-08T08:45:44.153+0000] {processor.py:914} INFO - Processing file /root/miniconda3/envs/project/lib/python3.8/site-packages/airflow/example_dags/example_kubernetes_executor.py for tasks to queue
[2024-10-08T08:45:44.157+0000] {logging_mixin.py:190} INFO - [2024-10-08T08:45:44.156+0000] {dagbag.py:588} INFO - Filling up the DagBag from /root/miniconda3/envs/project/lib/python3.8/site-packages/airflow/example_dags/example_kubernetes_executor.py
[2024-10-08T08:45:44.161+0000] {logging_mixin.py:190} INFO - [2024-10-08T08:45:44.161+0000] {example_kubernetes_executor.py:39} WARNING - The example_kubernetes_executor example DAG requires the kubernetes provider. Please install it with: pip install apache-airflow[cncf.kubernetes]
[2024-10-08T08:45:44.162+0000] {processor.py:927} WARNING - No viable dags retrieved from /root/miniconda3/envs/project/lib/python3.8/site-packages/airflow/example_dags/example_kubernetes_executor.py
[2024-10-08T08:45:44.179+0000] {processor.py:208} INFO - Processing /root/miniconda3/envs/project/lib/python3.8/site-packages/airflow/example_dags/example_kubernetes_executor.py took 0.042 seconds
[2024-10-08T08:46:54.994+0000] {processor.py:186} INFO - Started process (PID=217603) to work on /root/miniconda3/envs/project/lib/python3.8/site-packages/airflow/example_dags/example_kubernetes_executor.py
[2024-10-08T08:46:54.997+0000] {processor.py:914} INFO - Processing file /root/miniconda3/envs/project/lib/python3.8/site-packages/airflow/example_dags/example_kubernetes_executor.py for tasks to queue
[2024-10-08T08:46:55.000+0000] {logging_mixin.py:190} INFO - [2024-10-08T08:46:55.000+0000] {dagbag.py:588} INFO - Filling up the DagBag from /root/miniconda3/envs/project/lib/python3.8/site-packages/airflow/example_dags/example_kubernetes_executor.py
[2024-10-08T08:46:55.005+0000] {logging_mixin.py:190} INFO - [2024-10-08T08:46:55.005+0000] {example_kubernetes_executor.py:39} WARNING - The example_kubernetes_executor example DAG requires the kubernetes provider. Please install it with: pip install apache-airflow[cncf.kubernetes]
[2024-10-08T08:46:55.005+0000] {processor.py:927} WARNING - No viable dags retrieved from /root/miniconda3/envs/project/lib/python3.8/site-packages/airflow/example_dags/example_kubernetes_executor.py
[2024-10-08T08:46:55.022+0000] {processor.py:208} INFO - Processing /root/miniconda3/envs/project/lib/python3.8/site-packages/airflow/example_dags/example_kubernetes_executor.py took 0.040 seconds
[2024-10-08T08:48:07.952+0000] {processor.py:186} INFO - Started process (PID=217938) to work on /root/miniconda3/envs/project/lib/python3.8/site-packages/airflow/example_dags/example_kubernetes_executor.py
[2024-10-08T08:48:07.955+0000] {processor.py:914} INFO - Processing file /root/miniconda3/envs/project/lib/python3.8/site-packages/airflow/example_dags/example_kubernetes_executor.py for tasks to queue
[2024-10-08T08:48:07.959+0000] {logging_mixin.py:190} INFO - [2024-10-08T08:48:07.958+0000] {dagbag.py:588} INFO - Filling up the DagBag from /root/miniconda3/envs/project/lib/python3.8/site-packages/airflow/example_dags/example_kubernetes_executor.py
[2024-10-08T08:48:07.963+0000] {logging_mixin.py:190} INFO - [2024-10-08T08:48:07.963+0000] {example_kubernetes_executor.py:39} WARNING - The example_kubernetes_executor example DAG requires the kubernetes provider. Please install it with: pip install apache-airflow[cncf.kubernetes]
[2024-10-08T08:48:07.964+0000] {processor.py:927} WARNING - No viable dags retrieved from /root/miniconda3/envs/project/lib/python3.8/site-packages/airflow/example_dags/example_kubernetes_executor.py
[2024-10-08T08:48:07.980+0000] {processor.py:208} INFO - Processing /root/miniconda3/envs/project/lib/python3.8/site-packages/airflow/example_dags/example_kubernetes_executor.py took 0.041 seconds
[2024-10-08T08:49:18.710+0000] {processor.py:186} INFO - Started process (PID=218161) to work on /root/miniconda3/envs/project/lib/python3.8/site-packages/airflow/example_dags/example_kubernetes_executor.py
[2024-10-08T08:49:18.713+0000] {processor.py:914} INFO - Processing file /root/miniconda3/envs/project/lib/python3.8/site-packages/airflow/example_dags/example_kubernetes_executor.py for tasks to queue
[2024-10-08T08:49:18.716+0000] {logging_mixin.py:190} INFO - [2024-10-08T08:49:18.716+0000] {dagbag.py:588} INFO - Filling up the DagBag from /root/miniconda3/envs/project/lib/python3.8/site-packages/airflow/example_dags/example_kubernetes_executor.py
[2024-10-08T08:49:18.721+0000] {logging_mixin.py:190} INFO - [2024-10-08T08:49:18.721+0000] {example_kubernetes_executor.py:39} WARNING - The example_kubernetes_executor example DAG requires the kubernetes provider. Please install it with: pip install apache-airflow[cncf.kubernetes]
[2024-10-08T08:49:18.721+0000] {processor.py:927} WARNING - No viable dags retrieved from /root/miniconda3/envs/project/lib/python3.8/site-packages/airflow/example_dags/example_kubernetes_executor.py
[2024-10-08T08:49:18.737+0000] {processor.py:208} INFO - Processing /root/miniconda3/envs/project/lib/python3.8/site-packages/airflow/example_dags/example_kubernetes_executor.py took 0.038 seconds
[2024-10-08T08:50:29.521+0000] {processor.py:186} INFO - Started process (PID=218387) to work on /root/miniconda3/envs/project/lib/python3.8/site-packages/airflow/example_dags/example_kubernetes_executor.py
[2024-10-08T08:50:29.524+0000] {processor.py:914} INFO - Processing file /root/miniconda3/envs/project/lib/python3.8/site-packages/airflow/example_dags/example_kubernetes_executor.py for tasks to queue
[2024-10-08T08:50:29.527+0000] {logging_mixin.py:190} INFO - [2024-10-08T08:50:29.527+0000] {dagbag.py:588} INFO - Filling up the DagBag from /root/miniconda3/envs/project/lib/python3.8/site-packages/airflow/example_dags/example_kubernetes_executor.py
[2024-10-08T08:50:29.532+0000] {logging_mixin.py:190} INFO - [2024-10-08T08:50:29.532+0000] {example_kubernetes_executor.py:39} WARNING - The example_kubernetes_executor example DAG requires the kubernetes provider. Please install it with: pip install apache-airflow[cncf.kubernetes]
[2024-10-08T08:50:29.532+0000] {processor.py:927} WARNING - No viable dags retrieved from /root/miniconda3/envs/project/lib/python3.8/site-packages/airflow/example_dags/example_kubernetes_executor.py
[2024-10-08T08:50:29.549+0000] {processor.py:208} INFO - Processing /root/miniconda3/envs/project/lib/python3.8/site-packages/airflow/example_dags/example_kubernetes_executor.py took 0.039 seconds
[2024-10-08T09:05:39.202+0000] {processor.py:186} INFO - Started process (PID=220060) to work on /root/miniconda3/envs/project/lib/python3.8/site-packages/airflow/example_dags/example_kubernetes_executor.py
[2024-10-08T09:05:39.206+0000] {processor.py:914} INFO - Processing file /root/miniconda3/envs/project/lib/python3.8/site-packages/airflow/example_dags/example_kubernetes_executor.py for tasks to queue
[2024-10-08T09:05:39.211+0000] {logging_mixin.py:190} INFO - [2024-10-08T09:05:39.210+0000] {dagbag.py:588} INFO - Filling up the DagBag from /root/miniconda3/envs/project/lib/python3.8/site-packages/airflow/example_dags/example_kubernetes_executor.py
[2024-10-08T09:05:39.217+0000] {logging_mixin.py:190} INFO - [2024-10-08T09:05:39.217+0000] {example_kubernetes_executor.py:39} WARNING - The example_kubernetes_executor example DAG requires the kubernetes provider. Please install it with: pip install apache-airflow[cncf.kubernetes]
[2024-10-08T09:05:39.218+0000] {processor.py:927} WARNING - No viable dags retrieved from /root/miniconda3/envs/project/lib/python3.8/site-packages/airflow/example_dags/example_kubernetes_executor.py
[2024-10-08T09:05:39.236+0000] {processor.py:208} INFO - Processing /root/miniconda3/envs/project/lib/python3.8/site-packages/airflow/example_dags/example_kubernetes_executor.py took 0.044 seconds
[2024-10-08T09:09:12.589+0000] {processor.py:186} INFO - Started process (PID=220846) to work on /root/miniconda3/envs/project/lib/python3.8/site-packages/airflow/example_dags/example_kubernetes_executor.py
[2024-10-08T09:09:12.592+0000] {processor.py:914} INFO - Processing file /root/miniconda3/envs/project/lib/python3.8/site-packages/airflow/example_dags/example_kubernetes_executor.py for tasks to queue
[2024-10-08T09:09:12.596+0000] {logging_mixin.py:190} INFO - [2024-10-08T09:09:12.595+0000] {dagbag.py:588} INFO - Filling up the DagBag from /root/miniconda3/envs/project/lib/python3.8/site-packages/airflow/example_dags/example_kubernetes_executor.py
[2024-10-08T09:09:12.601+0000] {logging_mixin.py:190} INFO - [2024-10-08T09:09:12.600+0000] {example_kubernetes_executor.py:39} WARNING - The example_kubernetes_executor example DAG requires the kubernetes provider. Please install it with: pip install apache-airflow[cncf.kubernetes]
[2024-10-08T09:09:12.601+0000] {processor.py:927} WARNING - No viable dags retrieved from /root/miniconda3/envs/project/lib/python3.8/site-packages/airflow/example_dags/example_kubernetes_executor.py
[2024-10-08T09:09:12.619+0000] {processor.py:208} INFO - Processing /root/miniconda3/envs/project/lib/python3.8/site-packages/airflow/example_dags/example_kubernetes_executor.py took 0.043 seconds
[2024-10-08T09:10:41.998+0000] {processor.py:186} INFO - Started process (PID=221566) to work on /root/miniconda3/envs/project/lib/python3.8/site-packages/airflow/example_dags/example_kubernetes_executor.py
[2024-10-08T09:10:42.002+0000] {processor.py:914} INFO - Processing file /root/miniconda3/envs/project/lib/python3.8/site-packages/airflow/example_dags/example_kubernetes_executor.py for tasks to queue
[2024-10-08T09:10:42.005+0000] {logging_mixin.py:190} INFO - [2024-10-08T09:10:42.005+0000] {dagbag.py:588} INFO - Filling up the DagBag from /root/miniconda3/envs/project/lib/python3.8/site-packages/airflow/example_dags/example_kubernetes_executor.py
[2024-10-08T09:10:42.010+0000] {logging_mixin.py:190} INFO - [2024-10-08T09:10:42.010+0000] {example_kubernetes_executor.py:39} WARNING - The example_kubernetes_executor example DAG requires the kubernetes provider. Please install it with: pip install apache-airflow[cncf.kubernetes]
[2024-10-08T09:10:42.011+0000] {processor.py:927} WARNING - No viable dags retrieved from /root/miniconda3/envs/project/lib/python3.8/site-packages/airflow/example_dags/example_kubernetes_executor.py
[2024-10-08T09:10:42.027+0000] {processor.py:208} INFO - Processing /root/miniconda3/envs/project/lib/python3.8/site-packages/airflow/example_dags/example_kubernetes_executor.py took 0.040 seconds
[2024-10-08T09:11:51.809+0000] {processor.py:186} INFO - Started process (PID=221850) to work on /root/miniconda3/envs/project/lib/python3.8/site-packages/airflow/example_dags/example_kubernetes_executor.py
[2024-10-08T09:11:51.812+0000] {processor.py:914} INFO - Processing file /root/miniconda3/envs/project/lib/python3.8/site-packages/airflow/example_dags/example_kubernetes_executor.py for tasks to queue
[2024-10-08T09:11:51.816+0000] {logging_mixin.py:190} INFO - [2024-10-08T09:11:51.815+0000] {dagbag.py:588} INFO - Filling up the DagBag from /root/miniconda3/envs/project/lib/python3.8/site-packages/airflow/example_dags/example_kubernetes_executor.py
[2024-10-08T09:11:51.820+0000] {logging_mixin.py:190} INFO - [2024-10-08T09:11:51.820+0000] {example_kubernetes_executor.py:39} WARNING - The example_kubernetes_executor example DAG requires the kubernetes provider. Please install it with: pip install apache-airflow[cncf.kubernetes]
[2024-10-08T09:11:51.821+0000] {processor.py:927} WARNING - No viable dags retrieved from /root/miniconda3/envs/project/lib/python3.8/site-packages/airflow/example_dags/example_kubernetes_executor.py
[2024-10-08T09:11:51.837+0000] {processor.py:208} INFO - Processing /root/miniconda3/envs/project/lib/python3.8/site-packages/airflow/example_dags/example_kubernetes_executor.py took 0.037 seconds
[2024-10-08T09:12:55.105+0000] {processor.py:186} INFO - Started process (PID=222180) to work on /root/miniconda3/envs/project/lib/python3.8/site-packages/airflow/example_dags/example_kubernetes_executor.py
[2024-10-08T09:12:55.108+0000] {processor.py:914} INFO - Processing file /root/miniconda3/envs/project/lib/python3.8/site-packages/airflow/example_dags/example_kubernetes_executor.py for tasks to queue
[2024-10-08T09:12:55.112+0000] {logging_mixin.py:190} INFO - [2024-10-08T09:12:55.111+0000] {dagbag.py:588} INFO - Filling up the DagBag from /root/miniconda3/envs/project/lib/python3.8/site-packages/airflow/example_dags/example_kubernetes_executor.py
[2024-10-08T09:12:55.116+0000] {logging_mixin.py:190} INFO - [2024-10-08T09:12:55.116+0000] {example_kubernetes_executor.py:39} WARNING - The example_kubernetes_executor example DAG requires the kubernetes provider. Please install it with: pip install apache-airflow[cncf.kubernetes]
[2024-10-08T09:12:55.117+0000] {processor.py:927} WARNING - No viable dags retrieved from /root/miniconda3/envs/project/lib/python3.8/site-packages/airflow/example_dags/example_kubernetes_executor.py
[2024-10-08T09:12:55.133+0000] {processor.py:208} INFO - Processing /root/miniconda3/envs/project/lib/python3.8/site-packages/airflow/example_dags/example_kubernetes_executor.py took 0.041 seconds
[2024-10-08T09:14:04.801+0000] {processor.py:186} INFO - Started process (PID=222529) to work on /root/miniconda3/envs/project/lib/python3.8/site-packages/airflow/example_dags/example_kubernetes_executor.py
[2024-10-08T09:14:04.804+0000] {processor.py:914} INFO - Processing file /root/miniconda3/envs/project/lib/python3.8/site-packages/airflow/example_dags/example_kubernetes_executor.py for tasks to queue
[2024-10-08T09:14:04.810+0000] {logging_mixin.py:190} INFO - [2024-10-08T09:14:04.809+0000] {dagbag.py:588} INFO - Filling up the DagBag from /root/miniconda3/envs/project/lib/python3.8/site-packages/airflow/example_dags/example_kubernetes_executor.py
[2024-10-08T09:14:04.815+0000] {logging_mixin.py:190} INFO - [2024-10-08T09:14:04.815+0000] {example_kubernetes_executor.py:39} WARNING - The example_kubernetes_executor example DAG requires the kubernetes provider. Please install it with: pip install apache-airflow[cncf.kubernetes]
[2024-10-08T09:14:04.815+0000] {processor.py:927} WARNING - No viable dags retrieved from /root/miniconda3/envs/project/lib/python3.8/site-packages/airflow/example_dags/example_kubernetes_executor.py
[2024-10-08T09:14:04.832+0000] {processor.py:208} INFO - Processing /root/miniconda3/envs/project/lib/python3.8/site-packages/airflow/example_dags/example_kubernetes_executor.py took 0.043 seconds
[2024-10-08T09:15:08.014+0000] {processor.py:186} INFO - Started process (PID=222792) to work on /root/miniconda3/envs/project/lib/python3.8/site-packages/airflow/example_dags/example_kubernetes_executor.py
[2024-10-08T09:15:08.017+0000] {processor.py:914} INFO - Processing file /root/miniconda3/envs/project/lib/python3.8/site-packages/airflow/example_dags/example_kubernetes_executor.py for tasks to queue
[2024-10-08T09:15:08.020+0000] {logging_mixin.py:190} INFO - [2024-10-08T09:15:08.020+0000] {dagbag.py:588} INFO - Filling up the DagBag from /root/miniconda3/envs/project/lib/python3.8/site-packages/airflow/example_dags/example_kubernetes_executor.py
[2024-10-08T09:15:08.025+0000] {logging_mixin.py:190} INFO - [2024-10-08T09:15:08.025+0000] {example_kubernetes_executor.py:39} WARNING - The example_kubernetes_executor example DAG requires the kubernetes provider. Please install it with: pip install apache-airflow[cncf.kubernetes]
[2024-10-08T09:15:08.025+0000] {processor.py:927} WARNING - No viable dags retrieved from /root/miniconda3/envs/project/lib/python3.8/site-packages/airflow/example_dags/example_kubernetes_executor.py
[2024-10-08T09:15:08.041+0000] {processor.py:208} INFO - Processing /root/miniconda3/envs/project/lib/python3.8/site-packages/airflow/example_dags/example_kubernetes_executor.py took 0.037 seconds
[2024-10-08T09:16:23.116+0000] {processor.py:186} INFO - Started process (PID=223027) to work on /root/miniconda3/envs/project/lib/python3.8/site-packages/airflow/example_dags/example_kubernetes_executor.py
[2024-10-08T09:16:23.119+0000] {processor.py:914} INFO - Processing file /root/miniconda3/envs/project/lib/python3.8/site-packages/airflow/example_dags/example_kubernetes_executor.py for tasks to queue
[2024-10-08T09:16:23.122+0000] {logging_mixin.py:190} INFO - [2024-10-08T09:16:23.122+0000] {dagbag.py:588} INFO - Filling up the DagBag from /root/miniconda3/envs/project/lib/python3.8/site-packages/airflow/example_dags/example_kubernetes_executor.py
[2024-10-08T09:16:23.127+0000] {logging_mixin.py:190} INFO - [2024-10-08T09:16:23.127+0000] {example_kubernetes_executor.py:39} WARNING - The example_kubernetes_executor example DAG requires the kubernetes provider. Please install it with: pip install apache-airflow[cncf.kubernetes]
[2024-10-08T09:16:23.127+0000] {processor.py:927} WARNING - No viable dags retrieved from /root/miniconda3/envs/project/lib/python3.8/site-packages/airflow/example_dags/example_kubernetes_executor.py
[2024-10-08T09:16:23.144+0000] {processor.py:208} INFO - Processing /root/miniconda3/envs/project/lib/python3.8/site-packages/airflow/example_dags/example_kubernetes_executor.py took 0.040 seconds
[2024-10-08T09:17:33.023+0000] {processor.py:186} INFO - Started process (PID=223258) to work on /root/miniconda3/envs/project/lib/python3.8/site-packages/airflow/example_dags/example_kubernetes_executor.py
[2024-10-08T09:17:33.027+0000] {processor.py:914} INFO - Processing file /root/miniconda3/envs/project/lib/python3.8/site-packages/airflow/example_dags/example_kubernetes_executor.py for tasks to queue
[2024-10-08T09:17:33.030+0000] {logging_mixin.py:190} INFO - [2024-10-08T09:17:33.030+0000] {dagbag.py:588} INFO - Filling up the DagBag from /root/miniconda3/envs/project/lib/python3.8/site-packages/airflow/example_dags/example_kubernetes_executor.py
[2024-10-08T09:17:33.035+0000] {logging_mixin.py:190} INFO - [2024-10-08T09:17:33.035+0000] {example_kubernetes_executor.py:39} WARNING - The example_kubernetes_executor example DAG requires the kubernetes provider. Please install it with: pip install apache-airflow[cncf.kubernetes]
[2024-10-08T09:17:33.036+0000] {processor.py:927} WARNING - No viable dags retrieved from /root/miniconda3/envs/project/lib/python3.8/site-packages/airflow/example_dags/example_kubernetes_executor.py
[2024-10-08T09:17:33.053+0000] {processor.py:208} INFO - Processing /root/miniconda3/envs/project/lib/python3.8/site-packages/airflow/example_dags/example_kubernetes_executor.py took 0.043 seconds
[2024-10-08T09:18:43.216+0000] {processor.py:186} INFO - Started process (PID=223486) to work on /root/miniconda3/envs/project/lib/python3.8/site-packages/airflow/example_dags/example_kubernetes_executor.py
[2024-10-08T09:18:43.220+0000] {processor.py:914} INFO - Processing file /root/miniconda3/envs/project/lib/python3.8/site-packages/airflow/example_dags/example_kubernetes_executor.py for tasks to queue
[2024-10-08T09:18:43.223+0000] {logging_mixin.py:190} INFO - [2024-10-08T09:18:43.222+0000] {dagbag.py:588} INFO - Filling up the DagBag from /root/miniconda3/envs/project/lib/python3.8/site-packages/airflow/example_dags/example_kubernetes_executor.py
[2024-10-08T09:18:43.228+0000] {logging_mixin.py:190} INFO - [2024-10-08T09:18:43.227+0000] {example_kubernetes_executor.py:39} WARNING - The example_kubernetes_executor example DAG requires the kubernetes provider. Please install it with: pip install apache-airflow[cncf.kubernetes]
[2024-10-08T09:18:43.228+0000] {processor.py:927} WARNING - No viable dags retrieved from /root/miniconda3/envs/project/lib/python3.8/site-packages/airflow/example_dags/example_kubernetes_executor.py
[2024-10-08T09:18:43.244+0000] {processor.py:208} INFO - Processing /root/miniconda3/envs/project/lib/python3.8/site-packages/airflow/example_dags/example_kubernetes_executor.py took 0.040 seconds
[2024-10-08T09:19:56.721+0000] {processor.py:186} INFO - Started process (PID=223842) to work on /root/miniconda3/envs/project/lib/python3.8/site-packages/airflow/example_dags/example_kubernetes_executor.py
[2024-10-08T09:19:56.724+0000] {processor.py:914} INFO - Processing file /root/miniconda3/envs/project/lib/python3.8/site-packages/airflow/example_dags/example_kubernetes_executor.py for tasks to queue
[2024-10-08T09:19:56.728+0000] {logging_mixin.py:190} INFO - [2024-10-08T09:19:56.727+0000] {dagbag.py:588} INFO - Filling up the DagBag from /root/miniconda3/envs/project/lib/python3.8/site-packages/airflow/example_dags/example_kubernetes_executor.py
[2024-10-08T09:19:56.732+0000] {logging_mixin.py:190} INFO - [2024-10-08T09:19:56.732+0000] {example_kubernetes_executor.py:39} WARNING - The example_kubernetes_executor example DAG requires the kubernetes provider. Please install it with: pip install apache-airflow[cncf.kubernetes]
[2024-10-08T09:19:56.733+0000] {processor.py:927} WARNING - No viable dags retrieved from /root/miniconda3/envs/project/lib/python3.8/site-packages/airflow/example_dags/example_kubernetes_executor.py
[2024-10-08T09:19:56.749+0000] {processor.py:208} INFO - Processing /root/miniconda3/envs/project/lib/python3.8/site-packages/airflow/example_dags/example_kubernetes_executor.py took 0.038 seconds
[2024-10-08T09:21:08.217+0000] {processor.py:186} INFO - Started process (PID=224072) to work on /root/miniconda3/envs/project/lib/python3.8/site-packages/airflow/example_dags/example_kubernetes_executor.py
[2024-10-08T09:21:08.220+0000] {processor.py:914} INFO - Processing file /root/miniconda3/envs/project/lib/python3.8/site-packages/airflow/example_dags/example_kubernetes_executor.py for tasks to queue
[2024-10-08T09:21:08.224+0000] {logging_mixin.py:190} INFO - [2024-10-08T09:21:08.223+0000] {dagbag.py:588} INFO - Filling up the DagBag from /root/miniconda3/envs/project/lib/python3.8/site-packages/airflow/example_dags/example_kubernetes_executor.py
[2024-10-08T09:21:08.229+0000] {logging_mixin.py:190} INFO - [2024-10-08T09:21:08.229+0000] {example_kubernetes_executor.py:39} WARNING - The example_kubernetes_executor example DAG requires the kubernetes provider. Please install it with: pip install apache-airflow[cncf.kubernetes]
[2024-10-08T09:21:08.230+0000] {processor.py:927} WARNING - No viable dags retrieved from /root/miniconda3/envs/project/lib/python3.8/site-packages/airflow/example_dags/example_kubernetes_executor.py
[2024-10-08T09:21:08.247+0000] {processor.py:208} INFO - Processing /root/miniconda3/envs/project/lib/python3.8/site-packages/airflow/example_dags/example_kubernetes_executor.py took 0.042 seconds
[2024-10-08T09:22:18.832+0000] {processor.py:186} INFO - Started process (PID=224299) to work on /root/miniconda3/envs/project/lib/python3.8/site-packages/airflow/example_dags/example_kubernetes_executor.py
[2024-10-08T09:22:18.835+0000] {processor.py:914} INFO - Processing file /root/miniconda3/envs/project/lib/python3.8/site-packages/airflow/example_dags/example_kubernetes_executor.py for tasks to queue
[2024-10-08T09:22:18.838+0000] {logging_mixin.py:190} INFO - [2024-10-08T09:22:18.837+0000] {dagbag.py:588} INFO - Filling up the DagBag from /root/miniconda3/envs/project/lib/python3.8/site-packages/airflow/example_dags/example_kubernetes_executor.py
[2024-10-08T09:22:18.843+0000] {logging_mixin.py:190} INFO - [2024-10-08T09:22:18.842+0000] {example_kubernetes_executor.py:39} WARNING - The example_kubernetes_executor example DAG requires the kubernetes provider. Please install it with: pip install apache-airflow[cncf.kubernetes]
[2024-10-08T09:22:18.843+0000] {processor.py:927} WARNING - No viable dags retrieved from /root/miniconda3/envs/project/lib/python3.8/site-packages/airflow/example_dags/example_kubernetes_executor.py
[2024-10-08T09:22:18.867+0000] {processor.py:208} INFO - Processing /root/miniconda3/envs/project/lib/python3.8/site-packages/airflow/example_dags/example_kubernetes_executor.py took 0.046 seconds
[2024-10-08T09:23:27.616+0000] {processor.py:186} INFO - Started process (PID=224500) to work on /root/miniconda3/envs/project/lib/python3.8/site-packages/airflow/example_dags/example_kubernetes_executor.py
[2024-10-08T09:23:27.619+0000] {processor.py:914} INFO - Processing file /root/miniconda3/envs/project/lib/python3.8/site-packages/airflow/example_dags/example_kubernetes_executor.py for tasks to queue
[2024-10-08T09:23:27.622+0000] {logging_mixin.py:190} INFO - [2024-10-08T09:23:27.622+0000] {dagbag.py:588} INFO - Filling up the DagBag from /root/miniconda3/envs/project/lib/python3.8/site-packages/airflow/example_dags/example_kubernetes_executor.py
[2024-10-08T09:23:27.627+0000] {logging_mixin.py:190} INFO - [2024-10-08T09:23:27.627+0000] {example_kubernetes_executor.py:39} WARNING - The example_kubernetes_executor example DAG requires the kubernetes provider. Please install it with: pip install apache-airflow[cncf.kubernetes]
[2024-10-08T09:23:27.628+0000] {processor.py:927} WARNING - No viable dags retrieved from /root/miniconda3/envs/project/lib/python3.8/site-packages/airflow/example_dags/example_kubernetes_executor.py
[2024-10-08T09:23:27.644+0000] {processor.py:208} INFO - Processing /root/miniconda3/envs/project/lib/python3.8/site-packages/airflow/example_dags/example_kubernetes_executor.py took 0.039 seconds
[2024-10-08T09:24:39.210+0000] {processor.py:186} INFO - Started process (PID=224950) to work on /root/miniconda3/envs/project/lib/python3.8/site-packages/airflow/example_dags/example_kubernetes_executor.py
[2024-10-08T09:24:39.213+0000] {processor.py:914} INFO - Processing file /root/miniconda3/envs/project/lib/python3.8/site-packages/airflow/example_dags/example_kubernetes_executor.py for tasks to queue
[2024-10-08T09:24:39.217+0000] {logging_mixin.py:190} INFO - [2024-10-08T09:24:39.216+0000] {dagbag.py:588} INFO - Filling up the DagBag from /root/miniconda3/envs/project/lib/python3.8/site-packages/airflow/example_dags/example_kubernetes_executor.py
[2024-10-08T09:24:39.221+0000] {logging_mixin.py:190} INFO - [2024-10-08T09:24:39.221+0000] {example_kubernetes_executor.py:39} WARNING - The example_kubernetes_executor example DAG requires the kubernetes provider. Please install it with: pip install apache-airflow[cncf.kubernetes]
[2024-10-08T09:24:39.222+0000] {processor.py:927} WARNING - No viable dags retrieved from /root/miniconda3/envs/project/lib/python3.8/site-packages/airflow/example_dags/example_kubernetes_executor.py
[2024-10-08T09:24:39.238+0000] {processor.py:208} INFO - Processing /root/miniconda3/envs/project/lib/python3.8/site-packages/airflow/example_dags/example_kubernetes_executor.py took 0.040 seconds
[2024-10-08T09:25:48.122+0000] {processor.py:186} INFO - Started process (PID=225557) to work on /root/miniconda3/envs/project/lib/python3.8/site-packages/airflow/example_dags/example_kubernetes_executor.py
[2024-10-08T09:25:48.126+0000] {processor.py:914} INFO - Processing file /root/miniconda3/envs/project/lib/python3.8/site-packages/airflow/example_dags/example_kubernetes_executor.py for tasks to queue
[2024-10-08T09:25:48.131+0000] {logging_mixin.py:190} INFO - [2024-10-08T09:25:48.130+0000] {dagbag.py:588} INFO - Filling up the DagBag from /root/miniconda3/envs/project/lib/python3.8/site-packages/airflow/example_dags/example_kubernetes_executor.py
[2024-10-08T09:25:48.137+0000] {logging_mixin.py:190} INFO - [2024-10-08T09:25:48.137+0000] {example_kubernetes_executor.py:39} WARNING - The example_kubernetes_executor example DAG requires the kubernetes provider. Please install it with: pip install apache-airflow[cncf.kubernetes]
[2024-10-08T09:25:48.138+0000] {processor.py:927} WARNING - No viable dags retrieved from /root/miniconda3/envs/project/lib/python3.8/site-packages/airflow/example_dags/example_kubernetes_executor.py
[2024-10-08T09:25:48.156+0000] {processor.py:208} INFO - Processing /root/miniconda3/envs/project/lib/python3.8/site-packages/airflow/example_dags/example_kubernetes_executor.py took 0.045 seconds
[2024-10-08T09:27:00.782+0000] {processor.py:186} INFO - Started process (PID=225987) to work on /root/miniconda3/envs/project/lib/python3.8/site-packages/airflow/example_dags/example_kubernetes_executor.py
[2024-10-08T09:27:00.785+0000] {processor.py:914} INFO - Processing file /root/miniconda3/envs/project/lib/python3.8/site-packages/airflow/example_dags/example_kubernetes_executor.py for tasks to queue
[2024-10-08T09:27:00.789+0000] {logging_mixin.py:190} INFO - [2024-10-08T09:27:00.788+0000] {dagbag.py:588} INFO - Filling up the DagBag from /root/miniconda3/envs/project/lib/python3.8/site-packages/airflow/example_dags/example_kubernetes_executor.py
[2024-10-08T09:27:00.794+0000] {logging_mixin.py:190} INFO - [2024-10-08T09:27:00.794+0000] {example_kubernetes_executor.py:39} WARNING - The example_kubernetes_executor example DAG requires the kubernetes provider. Please install it with: pip install apache-airflow[cncf.kubernetes]
[2024-10-08T09:27:00.794+0000] {processor.py:927} WARNING - No viable dags retrieved from /root/miniconda3/envs/project/lib/python3.8/site-packages/airflow/example_dags/example_kubernetes_executor.py
[2024-10-08T09:27:00.811+0000] {processor.py:208} INFO - Processing /root/miniconda3/envs/project/lib/python3.8/site-packages/airflow/example_dags/example_kubernetes_executor.py took 0.040 seconds
[2024-10-08T09:28:12.145+0000] {processor.py:186} INFO - Started process (PID=226475) to work on /root/miniconda3/envs/project/lib/python3.8/site-packages/airflow/example_dags/example_kubernetes_executor.py
[2024-10-08T09:28:12.148+0000] {processor.py:914} INFO - Processing file /root/miniconda3/envs/project/lib/python3.8/site-packages/airflow/example_dags/example_kubernetes_executor.py for tasks to queue
[2024-10-08T09:28:12.151+0000] {logging_mixin.py:190} INFO - [2024-10-08T09:28:12.151+0000] {dagbag.py:588} INFO - Filling up the DagBag from /root/miniconda3/envs/project/lib/python3.8/site-packages/airflow/example_dags/example_kubernetes_executor.py
[2024-10-08T09:28:12.156+0000] {logging_mixin.py:190} INFO - [2024-10-08T09:28:12.156+0000] {example_kubernetes_executor.py:39} WARNING - The example_kubernetes_executor example DAG requires the kubernetes provider. Please install it with: pip install apache-airflow[cncf.kubernetes]
[2024-10-08T09:28:12.157+0000] {processor.py:927} WARNING - No viable dags retrieved from /root/miniconda3/envs/project/lib/python3.8/site-packages/airflow/example_dags/example_kubernetes_executor.py
[2024-10-08T09:28:12.176+0000] {processor.py:208} INFO - Processing /root/miniconda3/envs/project/lib/python3.8/site-packages/airflow/example_dags/example_kubernetes_executor.py took 0.043 seconds
[2024-10-08T09:29:27.365+0000] {processor.py:186} INFO - Started process (PID=227034) to work on /root/miniconda3/envs/project/lib/python3.8/site-packages/airflow/example_dags/example_kubernetes_executor.py
[2024-10-08T09:29:27.368+0000] {processor.py:914} INFO - Processing file /root/miniconda3/envs/project/lib/python3.8/site-packages/airflow/example_dags/example_kubernetes_executor.py for tasks to queue
[2024-10-08T09:29:27.371+0000] {logging_mixin.py:190} INFO - [2024-10-08T09:29:27.371+0000] {dagbag.py:588} INFO - Filling up the DagBag from /root/miniconda3/envs/project/lib/python3.8/site-packages/airflow/example_dags/example_kubernetes_executor.py
[2024-10-08T09:29:27.376+0000] {logging_mixin.py:190} INFO - [2024-10-08T09:29:27.376+0000] {example_kubernetes_executor.py:39} WARNING - The example_kubernetes_executor example DAG requires the kubernetes provider. Please install it with: pip install apache-airflow[cncf.kubernetes]
[2024-10-08T09:29:27.376+0000] {processor.py:927} WARNING - No viable dags retrieved from /root/miniconda3/envs/project/lib/python3.8/site-packages/airflow/example_dags/example_kubernetes_executor.py
[2024-10-08T09:29:27.395+0000] {processor.py:208} INFO - Processing /root/miniconda3/envs/project/lib/python3.8/site-packages/airflow/example_dags/example_kubernetes_executor.py took 0.041 seconds
[2024-10-08T09:30:52.337+0000] {processor.py:186} INFO - Started process (PID=227990) to work on /root/miniconda3/envs/project/lib/python3.8/site-packages/airflow/example_dags/example_kubernetes_executor.py
[2024-10-08T09:30:52.340+0000] {processor.py:914} INFO - Processing file /root/miniconda3/envs/project/lib/python3.8/site-packages/airflow/example_dags/example_kubernetes_executor.py for tasks to queue
[2024-10-08T09:30:52.343+0000] {logging_mixin.py:190} INFO - [2024-10-08T09:30:52.342+0000] {dagbag.py:588} INFO - Filling up the DagBag from /root/miniconda3/envs/project/lib/python3.8/site-packages/airflow/example_dags/example_kubernetes_executor.py
[2024-10-08T09:30:52.348+0000] {logging_mixin.py:190} INFO - [2024-10-08T09:30:52.347+0000] {example_kubernetes_executor.py:39} WARNING - The example_kubernetes_executor example DAG requires the kubernetes provider. Please install it with: pip install apache-airflow[cncf.kubernetes]
[2024-10-08T09:30:52.348+0000] {processor.py:927} WARNING - No viable dags retrieved from /root/miniconda3/envs/project/lib/python3.8/site-packages/airflow/example_dags/example_kubernetes_executor.py
[2024-10-08T09:30:52.364+0000] {processor.py:208} INFO - Processing /root/miniconda3/envs/project/lib/python3.8/site-packages/airflow/example_dags/example_kubernetes_executor.py took 0.039 seconds
[2024-10-08T09:32:21.087+0000] {processor.py:186} INFO - Started process (PID=229033) to work on /root/miniconda3/envs/project/lib/python3.8/site-packages/airflow/example_dags/example_kubernetes_executor.py
[2024-10-08T09:32:21.089+0000] {processor.py:914} INFO - Processing file /root/miniconda3/envs/project/lib/python3.8/site-packages/airflow/example_dags/example_kubernetes_executor.py for tasks to queue
[2024-10-08T09:32:21.092+0000] {logging_mixin.py:190} INFO - [2024-10-08T09:32:21.092+0000] {dagbag.py:588} INFO - Filling up the DagBag from /root/miniconda3/envs/project/lib/python3.8/site-packages/airflow/example_dags/example_kubernetes_executor.py
[2024-10-08T09:32:21.097+0000] {logging_mixin.py:190} INFO - [2024-10-08T09:32:21.097+0000] {example_kubernetes_executor.py:39} WARNING - The example_kubernetes_executor example DAG requires the kubernetes provider. Please install it with: pip install apache-airflow[cncf.kubernetes]
[2024-10-08T09:32:21.097+0000] {processor.py:927} WARNING - No viable dags retrieved from /root/miniconda3/envs/project/lib/python3.8/site-packages/airflow/example_dags/example_kubernetes_executor.py
[2024-10-08T09:32:21.114+0000] {processor.py:208} INFO - Processing /root/miniconda3/envs/project/lib/python3.8/site-packages/airflow/example_dags/example_kubernetes_executor.py took 0.036 seconds
[2024-10-08T09:33:33.118+0000] {processor.py:186} INFO - Started process (PID=229424) to work on /root/miniconda3/envs/project/lib/python3.8/site-packages/airflow/example_dags/example_kubernetes_executor.py
[2024-10-08T09:33:33.121+0000] {processor.py:914} INFO - Processing file /root/miniconda3/envs/project/lib/python3.8/site-packages/airflow/example_dags/example_kubernetes_executor.py for tasks to queue
[2024-10-08T09:33:33.125+0000] {logging_mixin.py:190} INFO - [2024-10-08T09:33:33.124+0000] {dagbag.py:588} INFO - Filling up the DagBag from /root/miniconda3/envs/project/lib/python3.8/site-packages/airflow/example_dags/example_kubernetes_executor.py
[2024-10-08T09:33:33.129+0000] {logging_mixin.py:190} INFO - [2024-10-08T09:33:33.129+0000] {example_kubernetes_executor.py:39} WARNING - The example_kubernetes_executor example DAG requires the kubernetes provider. Please install it with: pip install apache-airflow[cncf.kubernetes]
[2024-10-08T09:33:33.130+0000] {processor.py:927} WARNING - No viable dags retrieved from /root/miniconda3/envs/project/lib/python3.8/site-packages/airflow/example_dags/example_kubernetes_executor.py
[2024-10-08T09:33:33.146+0000] {processor.py:208} INFO - Processing /root/miniconda3/envs/project/lib/python3.8/site-packages/airflow/example_dags/example_kubernetes_executor.py took 0.040 seconds
