[2024-10-08T07:58:08.381+0000] {processor.py:186} INFO - Started process (PID=207235) to work on /root/miniconda3/envs/project/lib/python3.8/site-packages/airflow/example_dags/example_bash_decorator.py
[2024-10-08T07:58:08.382+0000] {processor.py:914} INFO - Processing file /root/miniconda3/envs/project/lib/python3.8/site-packages/airflow/example_dags/example_bash_decorator.py for tasks to queue
[2024-10-08T07:58:08.386+0000] {logging_mixin.py:190} INFO - [2024-10-08T07:58:08.385+0000] {dagbag.py:588} INFO - Filling up the DagBag from /root/miniconda3/envs/project/lib/python3.8/site-packages/airflow/example_dags/example_bash_decorator.py
[2024-10-08T07:58:08.410+0000] {processor.py:925} INFO - DAG(s) 'example_bash_decorator' retrieved from /root/miniconda3/envs/project/lib/python3.8/site-packages/airflow/example_dags/example_bash_decorator.py
[2024-10-08T07:58:08.569+0000] {logging_mixin.py:190} INFO - [2024-10-08T07:58:08.568+0000] {override.py:1901} INFO - Created Permission View: can delete on DAG:example_bash_decorator
[2024-10-08T07:58:08.588+0000] {logging_mixin.py:190} INFO - [2024-10-08T07:58:08.588+0000] {override.py:1901} INFO - Created Permission View: can read on DAG:example_bash_decorator
[2024-10-08T07:58:08.602+0000] {logging_mixin.py:190} INFO - [2024-10-08T07:58:08.602+0000] {override.py:1901} INFO - Created Permission View: can edit on DAG:example_bash_decorator
[2024-10-08T07:58:08.624+0000] {logging_mixin.py:190} INFO - [2024-10-08T07:58:08.624+0000] {override.py:1901} INFO - Created Permission View: can delete on DAG Run:example_bash_decorator
[2024-10-08T07:58:08.640+0000] {logging_mixin.py:190} INFO - [2024-10-08T07:58:08.639+0000] {override.py:1901} INFO - Created Permission View: menu access on DAG Run:example_bash_decorator
[2024-10-08T07:58:08.654+0000] {logging_mixin.py:190} INFO - [2024-10-08T07:58:08.654+0000] {override.py:1901} INFO - Created Permission View: can create on DAG Run:example_bash_decorator
[2024-10-08T07:58:08.670+0000] {logging_mixin.py:190} INFO - [2024-10-08T07:58:08.669+0000] {override.py:1901} INFO - Created Permission View: can read on DAG Run:example_bash_decorator
[2024-10-08T07:58:08.670+0000] {logging_mixin.py:190} INFO - [2024-10-08T07:58:08.670+0000] {dag.py:3239} INFO - Sync 1 DAGs
[2024-10-08T07:58:08.686+0000] {logging_mixin.py:190} INFO - [2024-10-08T07:58:08.686+0000] {dag.py:3262} INFO - Creating ORM DAG for example_bash_decorator
[2024-10-08T07:58:08.687+0000] {logging_mixin.py:190} INFO - [2024-10-08T07:58:08.687+0000] {dag.py:4180} INFO - Setting next_dagrun for example_bash_decorator to None, run_after=None
[2024-10-08T07:58:08.715+0000] {processor.py:208} INFO - Processing /root/miniconda3/envs/project/lib/python3.8/site-packages/airflow/example_dags/example_bash_decorator.py took 0.344 seconds
[2024-10-08T07:59:26.276+0000] {processor.py:186} INFO - Started process (PID=207507) to work on /root/miniconda3/envs/project/lib/python3.8/site-packages/airflow/example_dags/example_bash_decorator.py
[2024-10-08T07:59:26.279+0000] {processor.py:914} INFO - Processing file /root/miniconda3/envs/project/lib/python3.8/site-packages/airflow/example_dags/example_bash_decorator.py for tasks to queue
[2024-10-08T07:59:26.283+0000] {logging_mixin.py:190} INFO - [2024-10-08T07:59:26.282+0000] {dagbag.py:588} INFO - Filling up the DagBag from /root/miniconda3/envs/project/lib/python3.8/site-packages/airflow/example_dags/example_bash_decorator.py
[2024-10-08T07:59:26.307+0000] {processor.py:925} INFO - DAG(s) 'example_bash_decorator' retrieved from /root/miniconda3/envs/project/lib/python3.8/site-packages/airflow/example_dags/example_bash_decorator.py
[2024-10-08T07:59:26.337+0000] {logging_mixin.py:190} INFO - [2024-10-08T07:59:26.337+0000] {dag.py:3239} INFO - Sync 1 DAGs
[2024-10-08T07:59:26.356+0000] {logging_mixin.py:190} INFO - [2024-10-08T07:59:26.356+0000] {dag.py:4180} INFO - Setting next_dagrun for example_bash_decorator to None, run_after=None
[2024-10-08T07:59:26.390+0000] {processor.py:208} INFO - Processing /root/miniconda3/envs/project/lib/python3.8/site-packages/airflow/example_dags/example_bash_decorator.py took 0.125 seconds
[2024-10-08T08:00:36.934+0000] {processor.py:186} INFO - Started process (PID=207715) to work on /root/miniconda3/envs/project/lib/python3.8/site-packages/airflow/example_dags/example_bash_decorator.py
[2024-10-08T08:00:36.937+0000] {processor.py:914} INFO - Processing file /root/miniconda3/envs/project/lib/python3.8/site-packages/airflow/example_dags/example_bash_decorator.py for tasks to queue
[2024-10-08T08:00:36.940+0000] {logging_mixin.py:190} INFO - [2024-10-08T08:00:36.940+0000] {dagbag.py:588} INFO - Filling up the DagBag from /root/miniconda3/envs/project/lib/python3.8/site-packages/airflow/example_dags/example_bash_decorator.py
[2024-10-08T08:00:36.964+0000] {processor.py:925} INFO - DAG(s) 'example_bash_decorator' retrieved from /root/miniconda3/envs/project/lib/python3.8/site-packages/airflow/example_dags/example_bash_decorator.py
[2024-10-08T08:00:36.993+0000] {logging_mixin.py:190} INFO - [2024-10-08T08:00:36.993+0000] {dag.py:3239} INFO - Sync 1 DAGs
[2024-10-08T08:00:37.012+0000] {logging_mixin.py:190} INFO - [2024-10-08T08:00:37.012+0000] {dag.py:4180} INFO - Setting next_dagrun for example_bash_decorator to None, run_after=None
[2024-10-08T08:00:37.043+0000] {processor.py:208} INFO - Processing /root/miniconda3/envs/project/lib/python3.8/site-packages/airflow/example_dags/example_bash_decorator.py took 0.119 seconds
[2024-10-08T08:01:51.736+0000] {processor.py:186} INFO - Started process (PID=208064) to work on /root/miniconda3/envs/project/lib/python3.8/site-packages/airflow/example_dags/example_bash_decorator.py
[2024-10-08T08:01:51.739+0000] {processor.py:914} INFO - Processing file /root/miniconda3/envs/project/lib/python3.8/site-packages/airflow/example_dags/example_bash_decorator.py for tasks to queue
[2024-10-08T08:01:51.742+0000] {logging_mixin.py:190} INFO - [2024-10-08T08:01:51.742+0000] {dagbag.py:588} INFO - Filling up the DagBag from /root/miniconda3/envs/project/lib/python3.8/site-packages/airflow/example_dags/example_bash_decorator.py
[2024-10-08T08:01:51.765+0000] {processor.py:925} INFO - DAG(s) 'example_bash_decorator' retrieved from /root/miniconda3/envs/project/lib/python3.8/site-packages/airflow/example_dags/example_bash_decorator.py
[2024-10-08T08:01:51.794+0000] {logging_mixin.py:190} INFO - [2024-10-08T08:01:51.794+0000] {dag.py:3239} INFO - Sync 1 DAGs
[2024-10-08T08:01:51.812+0000] {logging_mixin.py:190} INFO - [2024-10-08T08:01:51.811+0000] {dag.py:4180} INFO - Setting next_dagrun for example_bash_decorator to None, run_after=None
[2024-10-08T08:01:51.848+0000] {processor.py:208} INFO - Processing /root/miniconda3/envs/project/lib/python3.8/site-packages/airflow/example_dags/example_bash_decorator.py took 0.122 seconds
[2024-10-08T08:03:02.259+0000] {processor.py:186} INFO - Started process (PID=208361) to work on /root/miniconda3/envs/project/lib/python3.8/site-packages/airflow/example_dags/example_bash_decorator.py
[2024-10-08T08:03:02.262+0000] {processor.py:914} INFO - Processing file /root/miniconda3/envs/project/lib/python3.8/site-packages/airflow/example_dags/example_bash_decorator.py for tasks to queue
[2024-10-08T08:03:02.265+0000] {logging_mixin.py:190} INFO - [2024-10-08T08:03:02.265+0000] {dagbag.py:588} INFO - Filling up the DagBag from /root/miniconda3/envs/project/lib/python3.8/site-packages/airflow/example_dags/example_bash_decorator.py
[2024-10-08T08:03:02.291+0000] {processor.py:925} INFO - DAG(s) 'example_bash_decorator' retrieved from /root/miniconda3/envs/project/lib/python3.8/site-packages/airflow/example_dags/example_bash_decorator.py
[2024-10-08T08:03:02.321+0000] {logging_mixin.py:190} INFO - [2024-10-08T08:03:02.321+0000] {dag.py:3239} INFO - Sync 1 DAGs
[2024-10-08T08:03:02.339+0000] {logging_mixin.py:190} INFO - [2024-10-08T08:03:02.339+0000] {dag.py:4180} INFO - Setting next_dagrun for example_bash_decorator to None, run_after=None
[2024-10-08T08:03:02.371+0000] {processor.py:208} INFO - Processing /root/miniconda3/envs/project/lib/python3.8/site-packages/airflow/example_dags/example_bash_decorator.py took 0.125 seconds
[2024-10-08T08:04:10.661+0000] {processor.py:186} INFO - Started process (PID=208564) to work on /root/miniconda3/envs/project/lib/python3.8/site-packages/airflow/example_dags/example_bash_decorator.py
[2024-10-08T08:04:10.664+0000] {processor.py:914} INFO - Processing file /root/miniconda3/envs/project/lib/python3.8/site-packages/airflow/example_dags/example_bash_decorator.py for tasks to queue
[2024-10-08T08:04:10.668+0000] {logging_mixin.py:190} INFO - [2024-10-08T08:04:10.667+0000] {dagbag.py:588} INFO - Filling up the DagBag from /root/miniconda3/envs/project/lib/python3.8/site-packages/airflow/example_dags/example_bash_decorator.py
[2024-10-08T08:04:10.692+0000] {processor.py:925} INFO - DAG(s) 'example_bash_decorator' retrieved from /root/miniconda3/envs/project/lib/python3.8/site-packages/airflow/example_dags/example_bash_decorator.py
[2024-10-08T08:04:10.722+0000] {logging_mixin.py:190} INFO - [2024-10-08T08:04:10.722+0000] {dag.py:3239} INFO - Sync 1 DAGs
[2024-10-08T08:04:10.740+0000] {logging_mixin.py:190} INFO - [2024-10-08T08:04:10.740+0000] {dag.py:4180} INFO - Setting next_dagrun for example_bash_decorator to None, run_after=None
[2024-10-08T08:04:10.774+0000] {processor.py:208} INFO - Processing /root/miniconda3/envs/project/lib/python3.8/site-packages/airflow/example_dags/example_bash_decorator.py took 0.125 seconds
[2024-10-08T08:05:17.750+0000] {processor.py:186} INFO - Started process (PID=208766) to work on /root/miniconda3/envs/project/lib/python3.8/site-packages/airflow/example_dags/example_bash_decorator.py
[2024-10-08T08:05:17.753+0000] {processor.py:914} INFO - Processing file /root/miniconda3/envs/project/lib/python3.8/site-packages/airflow/example_dags/example_bash_decorator.py for tasks to queue
[2024-10-08T08:05:17.757+0000] {logging_mixin.py:190} INFO - [2024-10-08T08:05:17.756+0000] {dagbag.py:588} INFO - Filling up the DagBag from /root/miniconda3/envs/project/lib/python3.8/site-packages/airflow/example_dags/example_bash_decorator.py
[2024-10-08T08:05:17.780+0000] {processor.py:925} INFO - DAG(s) 'example_bash_decorator' retrieved from /root/miniconda3/envs/project/lib/python3.8/site-packages/airflow/example_dags/example_bash_decorator.py
[2024-10-08T08:05:17.809+0000] {logging_mixin.py:190} INFO - [2024-10-08T08:05:17.809+0000] {dag.py:3239} INFO - Sync 1 DAGs
[2024-10-08T08:05:17.827+0000] {logging_mixin.py:190} INFO - [2024-10-08T08:05:17.826+0000] {dag.py:4180} INFO - Setting next_dagrun for example_bash_decorator to None, run_after=None
[2024-10-08T08:05:17.857+0000] {processor.py:208} INFO - Processing /root/miniconda3/envs/project/lib/python3.8/site-packages/airflow/example_dags/example_bash_decorator.py took 0.120 seconds
[2024-10-08T08:06:19.703+0000] {processor.py:186} INFO - Started process (PID=208952) to work on /root/miniconda3/envs/project/lib/python3.8/site-packages/airflow/example_dags/example_bash_decorator.py
[2024-10-08T08:06:19.706+0000] {processor.py:914} INFO - Processing file /root/miniconda3/envs/project/lib/python3.8/site-packages/airflow/example_dags/example_bash_decorator.py for tasks to queue
[2024-10-08T08:06:19.709+0000] {logging_mixin.py:190} INFO - [2024-10-08T08:06:19.708+0000] {dagbag.py:588} INFO - Filling up the DagBag from /root/miniconda3/envs/project/lib/python3.8/site-packages/airflow/example_dags/example_bash_decorator.py
[2024-10-08T08:06:19.732+0000] {processor.py:925} INFO - DAG(s) 'example_bash_decorator' retrieved from /root/miniconda3/envs/project/lib/python3.8/site-packages/airflow/example_dags/example_bash_decorator.py
[2024-10-08T08:06:19.761+0000] {logging_mixin.py:190} INFO - [2024-10-08T08:06:19.761+0000] {dag.py:3239} INFO - Sync 1 DAGs
[2024-10-08T08:06:19.779+0000] {logging_mixin.py:190} INFO - [2024-10-08T08:06:19.778+0000] {dag.py:4180} INFO - Setting next_dagrun for example_bash_decorator to None, run_after=None
[2024-10-08T08:06:19.809+0000] {processor.py:208} INFO - Processing /root/miniconda3/envs/project/lib/python3.8/site-packages/airflow/example_dags/example_bash_decorator.py took 0.118 seconds
[2024-10-08T08:07:25.858+0000] {processor.py:186} INFO - Started process (PID=209184) to work on /root/miniconda3/envs/project/lib/python3.8/site-packages/airflow/example_dags/example_bash_decorator.py
[2024-10-08T08:07:25.861+0000] {processor.py:914} INFO - Processing file /root/miniconda3/envs/project/lib/python3.8/site-packages/airflow/example_dags/example_bash_decorator.py for tasks to queue
[2024-10-08T08:07:25.865+0000] {logging_mixin.py:190} INFO - [2024-10-08T08:07:25.864+0000] {dagbag.py:588} INFO - Filling up the DagBag from /root/miniconda3/envs/project/lib/python3.8/site-packages/airflow/example_dags/example_bash_decorator.py
[2024-10-08T08:07:25.890+0000] {processor.py:925} INFO - DAG(s) 'example_bash_decorator' retrieved from /root/miniconda3/envs/project/lib/python3.8/site-packages/airflow/example_dags/example_bash_decorator.py
[2024-10-08T08:07:25.919+0000] {logging_mixin.py:190} INFO - [2024-10-08T08:07:25.919+0000] {dag.py:3239} INFO - Sync 1 DAGs
[2024-10-08T08:07:25.937+0000] {logging_mixin.py:190} INFO - [2024-10-08T08:07:25.937+0000] {dag.py:4180} INFO - Setting next_dagrun for example_bash_decorator to None, run_after=None
[2024-10-08T08:07:25.968+0000] {processor.py:208} INFO - Processing /root/miniconda3/envs/project/lib/python3.8/site-packages/airflow/example_dags/example_bash_decorator.py took 0.122 seconds
[2024-10-08T08:08:34.907+0000] {processor.py:186} INFO - Started process (PID=209609) to work on /root/miniconda3/envs/project/lib/python3.8/site-packages/airflow/example_dags/example_bash_decorator.py
[2024-10-08T08:08:34.910+0000] {processor.py:914} INFO - Processing file /root/miniconda3/envs/project/lib/python3.8/site-packages/airflow/example_dags/example_bash_decorator.py for tasks to queue
[2024-10-08T08:08:34.913+0000] {logging_mixin.py:190} INFO - [2024-10-08T08:08:34.912+0000] {dagbag.py:588} INFO - Filling up the DagBag from /root/miniconda3/envs/project/lib/python3.8/site-packages/airflow/example_dags/example_bash_decorator.py
[2024-10-08T08:08:34.936+0000] {processor.py:925} INFO - DAG(s) 'example_bash_decorator' retrieved from /root/miniconda3/envs/project/lib/python3.8/site-packages/airflow/example_dags/example_bash_decorator.py
[2024-10-08T08:08:34.965+0000] {logging_mixin.py:190} INFO - [2024-10-08T08:08:34.965+0000] {dag.py:3239} INFO - Sync 1 DAGs
[2024-10-08T08:08:34.983+0000] {logging_mixin.py:190} INFO - [2024-10-08T08:08:34.983+0000] {dag.py:4180} INFO - Setting next_dagrun for example_bash_decorator to None, run_after=None
[2024-10-08T08:08:35.013+0000] {processor.py:208} INFO - Processing /root/miniconda3/envs/project/lib/python3.8/site-packages/airflow/example_dags/example_bash_decorator.py took 0.118 seconds
[2024-10-08T08:13:34.562+0000] {processor.py:186} INFO - Started process (PID=211194) to work on /root/miniconda3/envs/project/lib/python3.8/site-packages/airflow/example_dags/example_bash_decorator.py
[2024-10-08T08:13:34.565+0000] {processor.py:914} INFO - Processing file /root/miniconda3/envs/project/lib/python3.8/site-packages/airflow/example_dags/example_bash_decorator.py for tasks to queue
[2024-10-08T08:13:34.568+0000] {logging_mixin.py:190} INFO - [2024-10-08T08:13:34.568+0000] {dagbag.py:588} INFO - Filling up the DagBag from /root/miniconda3/envs/project/lib/python3.8/site-packages/airflow/example_dags/example_bash_decorator.py
[2024-10-08T08:13:34.593+0000] {processor.py:925} INFO - DAG(s) 'example_bash_decorator' retrieved from /root/miniconda3/envs/project/lib/python3.8/site-packages/airflow/example_dags/example_bash_decorator.py
[2024-10-08T08:13:34.734+0000] {logging_mixin.py:190} INFO - [2024-10-08T08:13:34.733+0000] {dag.py:3239} INFO - Sync 1 DAGs
[2024-10-08T08:13:34.749+0000] {logging_mixin.py:190} INFO - [2024-10-08T08:13:34.749+0000] {dag.py:4180} INFO - Setting next_dagrun for example_bash_decorator to None, run_after=None
[2024-10-08T08:13:34.786+0000] {processor.py:208} INFO - Processing /root/miniconda3/envs/project/lib/python3.8/site-packages/airflow/example_dags/example_bash_decorator.py took 0.235 seconds
[2024-10-08T08:14:44.361+0000] {processor.py:186} INFO - Started process (PID=211445) to work on /root/miniconda3/envs/project/lib/python3.8/site-packages/airflow/example_dags/example_bash_decorator.py
[2024-10-08T08:14:44.364+0000] {processor.py:914} INFO - Processing file /root/miniconda3/envs/project/lib/python3.8/site-packages/airflow/example_dags/example_bash_decorator.py for tasks to queue
[2024-10-08T08:14:44.367+0000] {logging_mixin.py:190} INFO - [2024-10-08T08:14:44.367+0000] {dagbag.py:588} INFO - Filling up the DagBag from /root/miniconda3/envs/project/lib/python3.8/site-packages/airflow/example_dags/example_bash_decorator.py
[2024-10-08T08:14:44.391+0000] {processor.py:925} INFO - DAG(s) 'example_bash_decorator' retrieved from /root/miniconda3/envs/project/lib/python3.8/site-packages/airflow/example_dags/example_bash_decorator.py
[2024-10-08T08:14:44.421+0000] {logging_mixin.py:190} INFO - [2024-10-08T08:14:44.420+0000] {dag.py:3239} INFO - Sync 1 DAGs
[2024-10-08T08:14:44.439+0000] {logging_mixin.py:190} INFO - [2024-10-08T08:14:44.439+0000] {dag.py:4180} INFO - Setting next_dagrun for example_bash_decorator to None, run_after=None
[2024-10-08T08:14:44.473+0000] {processor.py:208} INFO - Processing /root/miniconda3/envs/project/lib/python3.8/site-packages/airflow/example_dags/example_bash_decorator.py took 0.124 seconds
[2024-10-08T08:15:53.960+0000] {processor.py:186} INFO - Started process (PID=211651) to work on /root/miniconda3/envs/project/lib/python3.8/site-packages/airflow/example_dags/example_bash_decorator.py
[2024-10-08T08:15:53.962+0000] {processor.py:914} INFO - Processing file /root/miniconda3/envs/project/lib/python3.8/site-packages/airflow/example_dags/example_bash_decorator.py for tasks to queue
[2024-10-08T08:15:53.966+0000] {logging_mixin.py:190} INFO - [2024-10-08T08:15:53.965+0000] {dagbag.py:588} INFO - Filling up the DagBag from /root/miniconda3/envs/project/lib/python3.8/site-packages/airflow/example_dags/example_bash_decorator.py
[2024-10-08T08:15:53.989+0000] {processor.py:925} INFO - DAG(s) 'example_bash_decorator' retrieved from /root/miniconda3/envs/project/lib/python3.8/site-packages/airflow/example_dags/example_bash_decorator.py
[2024-10-08T08:15:54.018+0000] {logging_mixin.py:190} INFO - [2024-10-08T08:15:54.018+0000] {dag.py:3239} INFO - Sync 1 DAGs
[2024-10-08T08:15:54.036+0000] {logging_mixin.py:190} INFO - [2024-10-08T08:15:54.036+0000] {dag.py:4180} INFO - Setting next_dagrun for example_bash_decorator to None, run_after=None
[2024-10-08T08:15:54.067+0000] {processor.py:208} INFO - Processing /root/miniconda3/envs/project/lib/python3.8/site-packages/airflow/example_dags/example_bash_decorator.py took 0.119 seconds
[2024-10-08T08:17:02.550+0000] {processor.py:186} INFO - Started process (PID=211856) to work on /root/miniconda3/envs/project/lib/python3.8/site-packages/airflow/example_dags/example_bash_decorator.py
[2024-10-08T08:17:02.553+0000] {processor.py:914} INFO - Processing file /root/miniconda3/envs/project/lib/python3.8/site-packages/airflow/example_dags/example_bash_decorator.py for tasks to queue
[2024-10-08T08:17:02.556+0000] {logging_mixin.py:190} INFO - [2024-10-08T08:17:02.556+0000] {dagbag.py:588} INFO - Filling up the DagBag from /root/miniconda3/envs/project/lib/python3.8/site-packages/airflow/example_dags/example_bash_decorator.py
[2024-10-08T08:17:02.580+0000] {processor.py:925} INFO - DAG(s) 'example_bash_decorator' retrieved from /root/miniconda3/envs/project/lib/python3.8/site-packages/airflow/example_dags/example_bash_decorator.py
[2024-10-08T08:17:02.611+0000] {logging_mixin.py:190} INFO - [2024-10-08T08:17:02.611+0000] {dag.py:3239} INFO - Sync 1 DAGs
[2024-10-08T08:17:02.630+0000] {logging_mixin.py:190} INFO - [2024-10-08T08:17:02.629+0000] {dag.py:4180} INFO - Setting next_dagrun for example_bash_decorator to None, run_after=None
[2024-10-08T08:17:02.664+0000] {processor.py:208} INFO - Processing /root/miniconda3/envs/project/lib/python3.8/site-packages/airflow/example_dags/example_bash_decorator.py took 0.125 seconds
[2024-10-08T08:18:11.287+0000] {processor.py:186} INFO - Started process (PID=212103) to work on /root/miniconda3/envs/project/lib/python3.8/site-packages/airflow/example_dags/example_bash_decorator.py
[2024-10-08T08:18:11.290+0000] {processor.py:914} INFO - Processing file /root/miniconda3/envs/project/lib/python3.8/site-packages/airflow/example_dags/example_bash_decorator.py for tasks to queue
[2024-10-08T08:18:11.293+0000] {logging_mixin.py:190} INFO - [2024-10-08T08:18:11.292+0000] {dagbag.py:588} INFO - Filling up the DagBag from /root/miniconda3/envs/project/lib/python3.8/site-packages/airflow/example_dags/example_bash_decorator.py
[2024-10-08T08:18:11.316+0000] {processor.py:925} INFO - DAG(s) 'example_bash_decorator' retrieved from /root/miniconda3/envs/project/lib/python3.8/site-packages/airflow/example_dags/example_bash_decorator.py
[2024-10-08T08:18:11.345+0000] {logging_mixin.py:190} INFO - [2024-10-08T08:18:11.344+0000] {dag.py:3239} INFO - Sync 1 DAGs
[2024-10-08T08:18:11.362+0000] {logging_mixin.py:190} INFO - [2024-10-08T08:18:11.362+0000] {dag.py:4180} INFO - Setting next_dagrun for example_bash_decorator to None, run_after=None
[2024-10-08T08:18:11.396+0000] {processor.py:208} INFO - Processing /root/miniconda3/envs/project/lib/python3.8/site-packages/airflow/example_dags/example_bash_decorator.py took 0.119 seconds
[2024-10-08T08:19:23.739+0000] {processor.py:186} INFO - Started process (PID=212308) to work on /root/miniconda3/envs/project/lib/python3.8/site-packages/airflow/example_dags/example_bash_decorator.py
[2024-10-08T08:19:23.742+0000] {processor.py:914} INFO - Processing file /root/miniconda3/envs/project/lib/python3.8/site-packages/airflow/example_dags/example_bash_decorator.py for tasks to queue
[2024-10-08T08:19:23.745+0000] {logging_mixin.py:190} INFO - [2024-10-08T08:19:23.745+0000] {dagbag.py:588} INFO - Filling up the DagBag from /root/miniconda3/envs/project/lib/python3.8/site-packages/airflow/example_dags/example_bash_decorator.py
[2024-10-08T08:19:23.769+0000] {processor.py:925} INFO - DAG(s) 'example_bash_decorator' retrieved from /root/miniconda3/envs/project/lib/python3.8/site-packages/airflow/example_dags/example_bash_decorator.py
[2024-10-08T08:19:23.798+0000] {logging_mixin.py:190} INFO - [2024-10-08T08:19:23.798+0000] {dag.py:3239} INFO - Sync 1 DAGs
[2024-10-08T08:19:23.816+0000] {logging_mixin.py:190} INFO - [2024-10-08T08:19:23.816+0000] {dag.py:4180} INFO - Setting next_dagrun for example_bash_decorator to None, run_after=None
[2024-10-08T08:19:23.851+0000] {processor.py:208} INFO - Processing /root/miniconda3/envs/project/lib/python3.8/site-packages/airflow/example_dags/example_bash_decorator.py took 0.123 seconds
[2024-10-08T08:20:28.846+0000] {processor.py:186} INFO - Started process (PID=212490) to work on /root/miniconda3/envs/project/lib/python3.8/site-packages/airflow/example_dags/example_bash_decorator.py
[2024-10-08T08:20:28.849+0000] {processor.py:914} INFO - Processing file /root/miniconda3/envs/project/lib/python3.8/site-packages/airflow/example_dags/example_bash_decorator.py for tasks to queue
[2024-10-08T08:20:28.852+0000] {logging_mixin.py:190} INFO - [2024-10-08T08:20:28.852+0000] {dagbag.py:588} INFO - Filling up the DagBag from /root/miniconda3/envs/project/lib/python3.8/site-packages/airflow/example_dags/example_bash_decorator.py
[2024-10-08T08:20:28.874+0000] {processor.py:925} INFO - DAG(s) 'example_bash_decorator' retrieved from /root/miniconda3/envs/project/lib/python3.8/site-packages/airflow/example_dags/example_bash_decorator.py
[2024-10-08T08:20:28.902+0000] {logging_mixin.py:190} INFO - [2024-10-08T08:20:28.902+0000] {dag.py:3239} INFO - Sync 1 DAGs
[2024-10-08T08:20:28.920+0000] {logging_mixin.py:190} INFO - [2024-10-08T08:20:28.920+0000] {dag.py:4180} INFO - Setting next_dagrun for example_bash_decorator to None, run_after=None
[2024-10-08T08:20:28.949+0000] {processor.py:208} INFO - Processing /root/miniconda3/envs/project/lib/python3.8/site-packages/airflow/example_dags/example_bash_decorator.py took 0.114 seconds
[2024-10-08T08:21:44.718+0000] {processor.py:186} INFO - Started process (PID=212754) to work on /root/miniconda3/envs/project/lib/python3.8/site-packages/airflow/example_dags/example_bash_decorator.py
[2024-10-08T08:21:44.720+0000] {processor.py:914} INFO - Processing file /root/miniconda3/envs/project/lib/python3.8/site-packages/airflow/example_dags/example_bash_decorator.py for tasks to queue
[2024-10-08T08:21:44.724+0000] {logging_mixin.py:190} INFO - [2024-10-08T08:21:44.723+0000] {dagbag.py:588} INFO - Filling up the DagBag from /root/miniconda3/envs/project/lib/python3.8/site-packages/airflow/example_dags/example_bash_decorator.py
[2024-10-08T08:21:44.746+0000] {processor.py:925} INFO - DAG(s) 'example_bash_decorator' retrieved from /root/miniconda3/envs/project/lib/python3.8/site-packages/airflow/example_dags/example_bash_decorator.py
[2024-10-08T08:21:44.775+0000] {logging_mixin.py:190} INFO - [2024-10-08T08:21:44.774+0000] {dag.py:3239} INFO - Sync 1 DAGs
[2024-10-08T08:21:44.792+0000] {logging_mixin.py:190} INFO - [2024-10-08T08:21:44.792+0000] {dag.py:4180} INFO - Setting next_dagrun for example_bash_decorator to None, run_after=None
[2024-10-08T08:21:44.823+0000] {processor.py:208} INFO - Processing /root/miniconda3/envs/project/lib/python3.8/site-packages/airflow/example_dags/example_bash_decorator.py took 0.117 seconds
[2024-10-08T08:22:53.699+0000] {processor.py:186} INFO - Started process (PID=213001) to work on /root/miniconda3/envs/project/lib/python3.8/site-packages/airflow/example_dags/example_bash_decorator.py
[2024-10-08T08:22:53.702+0000] {processor.py:914} INFO - Processing file /root/miniconda3/envs/project/lib/python3.8/site-packages/airflow/example_dags/example_bash_decorator.py for tasks to queue
[2024-10-08T08:22:53.706+0000] {logging_mixin.py:190} INFO - [2024-10-08T08:22:53.705+0000] {dagbag.py:588} INFO - Filling up the DagBag from /root/miniconda3/envs/project/lib/python3.8/site-packages/airflow/example_dags/example_bash_decorator.py
[2024-10-08T08:22:53.729+0000] {processor.py:925} INFO - DAG(s) 'example_bash_decorator' retrieved from /root/miniconda3/envs/project/lib/python3.8/site-packages/airflow/example_dags/example_bash_decorator.py
[2024-10-08T08:22:53.757+0000] {logging_mixin.py:190} INFO - [2024-10-08T08:22:53.757+0000] {dag.py:3239} INFO - Sync 1 DAGs
[2024-10-08T08:22:53.775+0000] {logging_mixin.py:190} INFO - [2024-10-08T08:22:53.775+0000] {dag.py:4180} INFO - Setting next_dagrun for example_bash_decorator to None, run_after=None
[2024-10-08T08:22:53.806+0000] {processor.py:208} INFO - Processing /root/miniconda3/envs/project/lib/python3.8/site-packages/airflow/example_dags/example_bash_decorator.py took 0.119 seconds
[2024-10-08T08:23:56.777+0000] {processor.py:186} INFO - Started process (PID=213187) to work on /root/miniconda3/envs/project/lib/python3.8/site-packages/airflow/example_dags/example_bash_decorator.py
[2024-10-08T08:23:56.780+0000] {processor.py:914} INFO - Processing file /root/miniconda3/envs/project/lib/python3.8/site-packages/airflow/example_dags/example_bash_decorator.py for tasks to queue
[2024-10-08T08:23:56.783+0000] {logging_mixin.py:190} INFO - [2024-10-08T08:23:56.783+0000] {dagbag.py:588} INFO - Filling up the DagBag from /root/miniconda3/envs/project/lib/python3.8/site-packages/airflow/example_dags/example_bash_decorator.py
[2024-10-08T08:23:56.806+0000] {processor.py:925} INFO - DAG(s) 'example_bash_decorator' retrieved from /root/miniconda3/envs/project/lib/python3.8/site-packages/airflow/example_dags/example_bash_decorator.py
[2024-10-08T08:23:56.835+0000] {logging_mixin.py:190} INFO - [2024-10-08T08:23:56.835+0000] {dag.py:3239} INFO - Sync 1 DAGs
[2024-10-08T08:23:56.853+0000] {logging_mixin.py:190} INFO - [2024-10-08T08:23:56.853+0000] {dag.py:4180} INFO - Setting next_dagrun for example_bash_decorator to None, run_after=None
[2024-10-08T08:23:56.883+0000] {processor.py:208} INFO - Processing /root/miniconda3/envs/project/lib/python3.8/site-packages/airflow/example_dags/example_bash_decorator.py took 0.118 seconds
[2024-10-08T08:37:47.947+0000] {processor.py:186} INFO - Started process (PID=215146) to work on /root/miniconda3/envs/project/lib/python3.8/site-packages/airflow/example_dags/example_bash_decorator.py
[2024-10-08T08:37:47.950+0000] {processor.py:914} INFO - Processing file /root/miniconda3/envs/project/lib/python3.8/site-packages/airflow/example_dags/example_bash_decorator.py for tasks to queue
[2024-10-08T08:37:47.954+0000] {logging_mixin.py:190} INFO - [2024-10-08T08:37:47.953+0000] {dagbag.py:588} INFO - Filling up the DagBag from /root/miniconda3/envs/project/lib/python3.8/site-packages/airflow/example_dags/example_bash_decorator.py
[2024-10-08T08:37:47.977+0000] {processor.py:925} INFO - DAG(s) 'example_bash_decorator' retrieved from /root/miniconda3/envs/project/lib/python3.8/site-packages/airflow/example_dags/example_bash_decorator.py
[2024-10-08T08:37:48.117+0000] {logging_mixin.py:190} INFO - [2024-10-08T08:37:48.117+0000] {dag.py:3239} INFO - Sync 1 DAGs
[2024-10-08T08:37:48.132+0000] {logging_mixin.py:190} INFO - [2024-10-08T08:37:48.132+0000] {dag.py:4180} INFO - Setting next_dagrun for example_bash_decorator to None, run_after=None
[2024-10-08T08:37:48.166+0000] {processor.py:208} INFO - Processing /root/miniconda3/envs/project/lib/python3.8/site-packages/airflow/example_dags/example_bash_decorator.py took 0.231 seconds
[2024-10-08T08:38:58.794+0000] {processor.py:186} INFO - Started process (PID=215552) to work on /root/miniconda3/envs/project/lib/python3.8/site-packages/airflow/example_dags/example_bash_decorator.py
[2024-10-08T08:38:58.797+0000] {processor.py:914} INFO - Processing file /root/miniconda3/envs/project/lib/python3.8/site-packages/airflow/example_dags/example_bash_decorator.py for tasks to queue
[2024-10-08T08:38:58.800+0000] {logging_mixin.py:190} INFO - [2024-10-08T08:38:58.799+0000] {dagbag.py:588} INFO - Filling up the DagBag from /root/miniconda3/envs/project/lib/python3.8/site-packages/airflow/example_dags/example_bash_decorator.py
[2024-10-08T08:38:58.823+0000] {processor.py:925} INFO - DAG(s) 'example_bash_decorator' retrieved from /root/miniconda3/envs/project/lib/python3.8/site-packages/airflow/example_dags/example_bash_decorator.py
[2024-10-08T08:38:58.853+0000] {logging_mixin.py:190} INFO - [2024-10-08T08:38:58.852+0000] {dag.py:3239} INFO - Sync 1 DAGs
[2024-10-08T08:38:58.872+0000] {logging_mixin.py:190} INFO - [2024-10-08T08:38:58.872+0000] {dag.py:4180} INFO - Setting next_dagrun for example_bash_decorator to None, run_after=None
[2024-10-08T08:38:58.902+0000] {processor.py:208} INFO - Processing /root/miniconda3/envs/project/lib/python3.8/site-packages/airflow/example_dags/example_bash_decorator.py took 0.120 seconds
[2024-10-08T08:40:11.625+0000] {processor.py:186} INFO - Started process (PID=215783) to work on /root/miniconda3/envs/project/lib/python3.8/site-packages/airflow/example_dags/example_bash_decorator.py
[2024-10-08T08:40:11.628+0000] {processor.py:914} INFO - Processing file /root/miniconda3/envs/project/lib/python3.8/site-packages/airflow/example_dags/example_bash_decorator.py for tasks to queue
[2024-10-08T08:40:11.632+0000] {logging_mixin.py:190} INFO - [2024-10-08T08:40:11.631+0000] {dagbag.py:588} INFO - Filling up the DagBag from /root/miniconda3/envs/project/lib/python3.8/site-packages/airflow/example_dags/example_bash_decorator.py
[2024-10-08T08:40:11.656+0000] {processor.py:925} INFO - DAG(s) 'example_bash_decorator' retrieved from /root/miniconda3/envs/project/lib/python3.8/site-packages/airflow/example_dags/example_bash_decorator.py
[2024-10-08T08:40:11.685+0000] {logging_mixin.py:190} INFO - [2024-10-08T08:40:11.685+0000] {dag.py:3239} INFO - Sync 1 DAGs
[2024-10-08T08:40:11.703+0000] {logging_mixin.py:190} INFO - [2024-10-08T08:40:11.702+0000] {dag.py:4180} INFO - Setting next_dagrun for example_bash_decorator to None, run_after=None
[2024-10-08T08:40:11.737+0000] {processor.py:208} INFO - Processing /root/miniconda3/envs/project/lib/python3.8/site-packages/airflow/example_dags/example_bash_decorator.py took 0.122 seconds
[2024-10-08T08:41:19.067+0000] {processor.py:186} INFO - Started process (PID=216257) to work on /root/miniconda3/envs/project/lib/python3.8/site-packages/airflow/example_dags/example_bash_decorator.py
[2024-10-08T08:41:19.071+0000] {processor.py:914} INFO - Processing file /root/miniconda3/envs/project/lib/python3.8/site-packages/airflow/example_dags/example_bash_decorator.py for tasks to queue
[2024-10-08T08:41:19.074+0000] {logging_mixin.py:190} INFO - [2024-10-08T08:41:19.074+0000] {dagbag.py:588} INFO - Filling up the DagBag from /root/miniconda3/envs/project/lib/python3.8/site-packages/airflow/example_dags/example_bash_decorator.py
[2024-10-08T08:41:19.099+0000] {processor.py:925} INFO - DAG(s) 'example_bash_decorator' retrieved from /root/miniconda3/envs/project/lib/python3.8/site-packages/airflow/example_dags/example_bash_decorator.py
[2024-10-08T08:41:19.129+0000] {logging_mixin.py:190} INFO - [2024-10-08T08:41:19.129+0000] {dag.py:3239} INFO - Sync 1 DAGs
[2024-10-08T08:41:19.147+0000] {logging_mixin.py:190} INFO - [2024-10-08T08:41:19.147+0000] {dag.py:4180} INFO - Setting next_dagrun for example_bash_decorator to None, run_after=None
[2024-10-08T08:41:19.183+0000] {processor.py:208} INFO - Processing /root/miniconda3/envs/project/lib/python3.8/site-packages/airflow/example_dags/example_bash_decorator.py took 0.128 seconds
[2024-10-08T08:42:26.043+0000] {processor.py:186} INFO - Started process (PID=216585) to work on /root/miniconda3/envs/project/lib/python3.8/site-packages/airflow/example_dags/example_bash_decorator.py
[2024-10-08T08:42:26.046+0000] {processor.py:914} INFO - Processing file /root/miniconda3/envs/project/lib/python3.8/site-packages/airflow/example_dags/example_bash_decorator.py for tasks to queue
[2024-10-08T08:42:26.051+0000] {logging_mixin.py:190} INFO - [2024-10-08T08:42:26.050+0000] {dagbag.py:588} INFO - Filling up the DagBag from /root/miniconda3/envs/project/lib/python3.8/site-packages/airflow/example_dags/example_bash_decorator.py
[2024-10-08T08:42:26.077+0000] {processor.py:925} INFO - DAG(s) 'example_bash_decorator' retrieved from /root/miniconda3/envs/project/lib/python3.8/site-packages/airflow/example_dags/example_bash_decorator.py
[2024-10-08T08:42:26.107+0000] {logging_mixin.py:190} INFO - [2024-10-08T08:42:26.106+0000] {dag.py:3239} INFO - Sync 1 DAGs
[2024-10-08T08:42:26.125+0000] {logging_mixin.py:190} INFO - [2024-10-08T08:42:26.124+0000] {dag.py:4180} INFO - Setting next_dagrun for example_bash_decorator to None, run_after=None
[2024-10-08T08:42:26.157+0000] {processor.py:208} INFO - Processing /root/miniconda3/envs/project/lib/python3.8/site-packages/airflow/example_dags/example_bash_decorator.py took 0.126 seconds
[2024-10-08T08:43:32.864+0000] {processor.py:186} INFO - Started process (PID=216803) to work on /root/miniconda3/envs/project/lib/python3.8/site-packages/airflow/example_dags/example_bash_decorator.py
[2024-10-08T08:43:32.867+0000] {processor.py:914} INFO - Processing file /root/miniconda3/envs/project/lib/python3.8/site-packages/airflow/example_dags/example_bash_decorator.py for tasks to queue
[2024-10-08T08:43:32.872+0000] {logging_mixin.py:190} INFO - [2024-10-08T08:43:32.871+0000] {dagbag.py:588} INFO - Filling up the DagBag from /root/miniconda3/envs/project/lib/python3.8/site-packages/airflow/example_dags/example_bash_decorator.py
[2024-10-08T08:43:32.899+0000] {processor.py:925} INFO - DAG(s) 'example_bash_decorator' retrieved from /root/miniconda3/envs/project/lib/python3.8/site-packages/airflow/example_dags/example_bash_decorator.py
[2024-10-08T08:43:32.929+0000] {logging_mixin.py:190} INFO - [2024-10-08T08:43:32.929+0000] {dag.py:3239} INFO - Sync 1 DAGs
[2024-10-08T08:43:32.948+0000] {logging_mixin.py:190} INFO - [2024-10-08T08:43:32.947+0000] {dag.py:4180} INFO - Setting next_dagrun for example_bash_decorator to None, run_after=None
[2024-10-08T08:43:32.983+0000] {processor.py:208} INFO - Processing /root/miniconda3/envs/project/lib/python3.8/site-packages/airflow/example_dags/example_bash_decorator.py took 0.130 seconds
[2024-10-08T08:44:42.616+0000] {processor.py:186} INFO - Started process (PID=217084) to work on /root/miniconda3/envs/project/lib/python3.8/site-packages/airflow/example_dags/example_bash_decorator.py
[2024-10-08T08:44:42.618+0000] {processor.py:914} INFO - Processing file /root/miniconda3/envs/project/lib/python3.8/site-packages/airflow/example_dags/example_bash_decorator.py for tasks to queue
[2024-10-08T08:44:42.621+0000] {logging_mixin.py:190} INFO - [2024-10-08T08:44:42.621+0000] {dagbag.py:588} INFO - Filling up the DagBag from /root/miniconda3/envs/project/lib/python3.8/site-packages/airflow/example_dags/example_bash_decorator.py
[2024-10-08T08:44:42.644+0000] {processor.py:925} INFO - DAG(s) 'example_bash_decorator' retrieved from /root/miniconda3/envs/project/lib/python3.8/site-packages/airflow/example_dags/example_bash_decorator.py
[2024-10-08T08:44:42.673+0000] {logging_mixin.py:190} INFO - [2024-10-08T08:44:42.673+0000] {dag.py:3239} INFO - Sync 1 DAGs
[2024-10-08T08:44:42.691+0000] {logging_mixin.py:190} INFO - [2024-10-08T08:44:42.690+0000] {dag.py:4180} INFO - Setting next_dagrun for example_bash_decorator to None, run_after=None
[2024-10-08T08:44:42.726+0000] {processor.py:208} INFO - Processing /root/miniconda3/envs/project/lib/python3.8/site-packages/airflow/example_dags/example_bash_decorator.py took 0.120 seconds
[2024-10-08T08:45:57.246+0000] {processor.py:186} INFO - Started process (PID=217316) to work on /root/miniconda3/envs/project/lib/python3.8/site-packages/airflow/example_dags/example_bash_decorator.py
[2024-10-08T08:45:57.248+0000] {processor.py:914} INFO - Processing file /root/miniconda3/envs/project/lib/python3.8/site-packages/airflow/example_dags/example_bash_decorator.py for tasks to queue
[2024-10-08T08:45:57.251+0000] {logging_mixin.py:190} INFO - [2024-10-08T08:45:57.251+0000] {dagbag.py:588} INFO - Filling up the DagBag from /root/miniconda3/envs/project/lib/python3.8/site-packages/airflow/example_dags/example_bash_decorator.py
[2024-10-08T08:45:57.274+0000] {processor.py:925} INFO - DAG(s) 'example_bash_decorator' retrieved from /root/miniconda3/envs/project/lib/python3.8/site-packages/airflow/example_dags/example_bash_decorator.py
[2024-10-08T08:45:57.303+0000] {logging_mixin.py:190} INFO - [2024-10-08T08:45:57.302+0000] {dag.py:3239} INFO - Sync 1 DAGs
[2024-10-08T08:45:57.324+0000] {logging_mixin.py:190} INFO - [2024-10-08T08:45:57.323+0000] {dag.py:4180} INFO - Setting next_dagrun for example_bash_decorator to None, run_after=None
[2024-10-08T08:45:57.363+0000] {processor.py:208} INFO - Processing /root/miniconda3/envs/project/lib/python3.8/site-packages/airflow/example_dags/example_bash_decorator.py took 0.128 seconds
[2024-10-08T08:47:09.049+0000] {processor.py:186} INFO - Started process (PID=217682) to work on /root/miniconda3/envs/project/lib/python3.8/site-packages/airflow/example_dags/example_bash_decorator.py
[2024-10-08T08:47:09.052+0000] {processor.py:914} INFO - Processing file /root/miniconda3/envs/project/lib/python3.8/site-packages/airflow/example_dags/example_bash_decorator.py for tasks to queue
[2024-10-08T08:47:09.056+0000] {logging_mixin.py:190} INFO - [2024-10-08T08:47:09.055+0000] {dagbag.py:588} INFO - Filling up the DagBag from /root/miniconda3/envs/project/lib/python3.8/site-packages/airflow/example_dags/example_bash_decorator.py
[2024-10-08T08:47:09.080+0000] {processor.py:925} INFO - DAG(s) 'example_bash_decorator' retrieved from /root/miniconda3/envs/project/lib/python3.8/site-packages/airflow/example_dags/example_bash_decorator.py
[2024-10-08T08:47:09.109+0000] {logging_mixin.py:190} INFO - [2024-10-08T08:47:09.109+0000] {dag.py:3239} INFO - Sync 1 DAGs
[2024-10-08T08:47:09.127+0000] {logging_mixin.py:190} INFO - [2024-10-08T08:47:09.126+0000] {dag.py:4180} INFO - Setting next_dagrun for example_bash_decorator to None, run_after=None
[2024-10-08T08:47:09.162+0000] {processor.py:208} INFO - Processing /root/miniconda3/envs/project/lib/python3.8/site-packages/airflow/example_dags/example_bash_decorator.py took 0.124 seconds
[2024-10-08T08:48:20.957+0000] {processor.py:186} INFO - Started process (PID=217965) to work on /root/miniconda3/envs/project/lib/python3.8/site-packages/airflow/example_dags/example_bash_decorator.py
[2024-10-08T08:48:20.960+0000] {processor.py:914} INFO - Processing file /root/miniconda3/envs/project/lib/python3.8/site-packages/airflow/example_dags/example_bash_decorator.py for tasks to queue
[2024-10-08T08:48:20.963+0000] {logging_mixin.py:190} INFO - [2024-10-08T08:48:20.963+0000] {dagbag.py:588} INFO - Filling up the DagBag from /root/miniconda3/envs/project/lib/python3.8/site-packages/airflow/example_dags/example_bash_decorator.py
[2024-10-08T08:48:20.986+0000] {processor.py:925} INFO - DAG(s) 'example_bash_decorator' retrieved from /root/miniconda3/envs/project/lib/python3.8/site-packages/airflow/example_dags/example_bash_decorator.py
[2024-10-08T08:48:21.015+0000] {logging_mixin.py:190} INFO - [2024-10-08T08:48:21.015+0000] {dag.py:3239} INFO - Sync 1 DAGs
[2024-10-08T08:48:21.033+0000] {logging_mixin.py:190} INFO - [2024-10-08T08:48:21.032+0000] {dag.py:4180} INFO - Setting next_dagrun for example_bash_decorator to None, run_after=None
[2024-10-08T08:48:21.067+0000] {processor.py:208} INFO - Processing /root/miniconda3/envs/project/lib/python3.8/site-packages/airflow/example_dags/example_bash_decorator.py took 0.121 seconds
[2024-10-08T08:49:32.504+0000] {processor.py:186} INFO - Started process (PID=218191) to work on /root/miniconda3/envs/project/lib/python3.8/site-packages/airflow/example_dags/example_bash_decorator.py
[2024-10-08T08:49:32.507+0000] {processor.py:914} INFO - Processing file /root/miniconda3/envs/project/lib/python3.8/site-packages/airflow/example_dags/example_bash_decorator.py for tasks to queue
[2024-10-08T08:49:32.510+0000] {logging_mixin.py:190} INFO - [2024-10-08T08:49:32.510+0000] {dagbag.py:588} INFO - Filling up the DagBag from /root/miniconda3/envs/project/lib/python3.8/site-packages/airflow/example_dags/example_bash_decorator.py
[2024-10-08T08:49:32.543+0000] {processor.py:925} INFO - DAG(s) 'example_bash_decorator' retrieved from /root/miniconda3/envs/project/lib/python3.8/site-packages/airflow/example_dags/example_bash_decorator.py
[2024-10-08T08:49:32.573+0000] {logging_mixin.py:190} INFO - [2024-10-08T08:49:32.572+0000] {dag.py:3239} INFO - Sync 1 DAGs
[2024-10-08T08:49:32.591+0000] {logging_mixin.py:190} INFO - [2024-10-08T08:49:32.590+0000] {dag.py:4180} INFO - Setting next_dagrun for example_bash_decorator to None, run_after=None
[2024-10-08T08:49:32.622+0000] {processor.py:208} INFO - Processing /root/miniconda3/envs/project/lib/python3.8/site-packages/airflow/example_dags/example_bash_decorator.py took 0.128 seconds
[2024-10-08T08:50:42.878+0000] {processor.py:186} INFO - Started process (PID=218475) to work on /root/miniconda3/envs/project/lib/python3.8/site-packages/airflow/example_dags/example_bash_decorator.py
[2024-10-08T08:50:42.881+0000] {processor.py:914} INFO - Processing file /root/miniconda3/envs/project/lib/python3.8/site-packages/airflow/example_dags/example_bash_decorator.py for tasks to queue
[2024-10-08T08:50:42.885+0000] {logging_mixin.py:190} INFO - [2024-10-08T08:50:42.884+0000] {dagbag.py:588} INFO - Filling up the DagBag from /root/miniconda3/envs/project/lib/python3.8/site-packages/airflow/example_dags/example_bash_decorator.py
[2024-10-08T08:50:42.909+0000] {processor.py:925} INFO - DAG(s) 'example_bash_decorator' retrieved from /root/miniconda3/envs/project/lib/python3.8/site-packages/airflow/example_dags/example_bash_decorator.py
[2024-10-08T08:50:42.938+0000] {logging_mixin.py:190} INFO - [2024-10-08T08:50:42.938+0000] {dag.py:3239} INFO - Sync 1 DAGs
[2024-10-08T08:50:42.956+0000] {logging_mixin.py:190} INFO - [2024-10-08T08:50:42.956+0000] {dag.py:4180} INFO - Setting next_dagrun for example_bash_decorator to None, run_after=None
[2024-10-08T08:50:42.986+0000] {processor.py:208} INFO - Processing /root/miniconda3/envs/project/lib/python3.8/site-packages/airflow/example_dags/example_bash_decorator.py took 0.120 seconds
[2024-10-08T09:09:25.373+0000] {processor.py:186} INFO - Started process (PID=220933) to work on /root/miniconda3/envs/project/lib/python3.8/site-packages/airflow/example_dags/example_bash_decorator.py
[2024-10-08T09:09:25.376+0000] {processor.py:914} INFO - Processing file /root/miniconda3/envs/project/lib/python3.8/site-packages/airflow/example_dags/example_bash_decorator.py for tasks to queue
[2024-10-08T09:09:25.379+0000] {logging_mixin.py:190} INFO - [2024-10-08T09:09:25.379+0000] {dagbag.py:588} INFO - Filling up the DagBag from /root/miniconda3/envs/project/lib/python3.8/site-packages/airflow/example_dags/example_bash_decorator.py
[2024-10-08T09:09:25.403+0000] {processor.py:925} INFO - DAG(s) 'example_bash_decorator' retrieved from /root/miniconda3/envs/project/lib/python3.8/site-packages/airflow/example_dags/example_bash_decorator.py
[2024-10-08T09:09:25.549+0000] {logging_mixin.py:190} INFO - [2024-10-08T09:09:25.549+0000] {dag.py:3239} INFO - Sync 1 DAGs
[2024-10-08T09:09:25.564+0000] {logging_mixin.py:190} INFO - [2024-10-08T09:09:25.564+0000] {dag.py:4180} INFO - Setting next_dagrun for example_bash_decorator to None, run_after=None
[2024-10-08T09:09:25.613+0000] {processor.py:208} INFO - Processing /root/miniconda3/envs/project/lib/python3.8/site-packages/airflow/example_dags/example_bash_decorator.py took 0.252 seconds
[2024-10-08T09:10:55.010+0000] {processor.py:186} INFO - Started process (PID=221653) to work on /root/miniconda3/envs/project/lib/python3.8/site-packages/airflow/example_dags/example_bash_decorator.py
[2024-10-08T09:10:55.014+0000] {processor.py:914} INFO - Processing file /root/miniconda3/envs/project/lib/python3.8/site-packages/airflow/example_dags/example_bash_decorator.py for tasks to queue
[2024-10-08T09:10:55.018+0000] {logging_mixin.py:190} INFO - [2024-10-08T09:10:55.017+0000] {dagbag.py:588} INFO - Filling up the DagBag from /root/miniconda3/envs/project/lib/python3.8/site-packages/airflow/example_dags/example_bash_decorator.py
[2024-10-08T09:10:55.042+0000] {processor.py:925} INFO - DAG(s) 'example_bash_decorator' retrieved from /root/miniconda3/envs/project/lib/python3.8/site-packages/airflow/example_dags/example_bash_decorator.py
[2024-10-08T09:10:55.181+0000] {logging_mixin.py:190} INFO - [2024-10-08T09:10:55.180+0000] {dag.py:3239} INFO - Sync 1 DAGs
[2024-10-08T09:10:55.194+0000] {logging_mixin.py:190} INFO - [2024-10-08T09:10:55.193+0000] {dag.py:4180} INFO - Setting next_dagrun for example_bash_decorator to None, run_after=None
[2024-10-08T09:10:55.224+0000] {processor.py:208} INFO - Processing /root/miniconda3/envs/project/lib/python3.8/site-packages/airflow/example_dags/example_bash_decorator.py took 0.223 seconds
[2024-10-08T09:12:03.728+0000] {processor.py:186} INFO - Started process (PID=221998) to work on /root/miniconda3/envs/project/lib/python3.8/site-packages/airflow/example_dags/example_bash_decorator.py
[2024-10-08T09:12:03.731+0000] {processor.py:914} INFO - Processing file /root/miniconda3/envs/project/lib/python3.8/site-packages/airflow/example_dags/example_bash_decorator.py for tasks to queue
[2024-10-08T09:12:03.735+0000] {logging_mixin.py:190} INFO - [2024-10-08T09:12:03.734+0000] {dagbag.py:588} INFO - Filling up the DagBag from /root/miniconda3/envs/project/lib/python3.8/site-packages/airflow/example_dags/example_bash_decorator.py
[2024-10-08T09:12:03.758+0000] {processor.py:925} INFO - DAG(s) 'example_bash_decorator' retrieved from /root/miniconda3/envs/project/lib/python3.8/site-packages/airflow/example_dags/example_bash_decorator.py
[2024-10-08T09:12:03.787+0000] {logging_mixin.py:190} INFO - [2024-10-08T09:12:03.787+0000] {dag.py:3239} INFO - Sync 1 DAGs
[2024-10-08T09:12:03.806+0000] {logging_mixin.py:190} INFO - [2024-10-08T09:12:03.806+0000] {dag.py:4180} INFO - Setting next_dagrun for example_bash_decorator to None, run_after=None
[2024-10-08T09:12:03.839+0000] {processor.py:208} INFO - Processing /root/miniconda3/envs/project/lib/python3.8/site-packages/airflow/example_dags/example_bash_decorator.py took 0.122 seconds
[2024-10-08T09:13:08.813+0000] {processor.py:186} INFO - Started process (PID=222207) to work on /root/miniconda3/envs/project/lib/python3.8/site-packages/airflow/example_dags/example_bash_decorator.py
[2024-10-08T09:13:08.816+0000] {processor.py:914} INFO - Processing file /root/miniconda3/envs/project/lib/python3.8/site-packages/airflow/example_dags/example_bash_decorator.py for tasks to queue
[2024-10-08T09:13:08.820+0000] {logging_mixin.py:190} INFO - [2024-10-08T09:13:08.819+0000] {dagbag.py:588} INFO - Filling up the DagBag from /root/miniconda3/envs/project/lib/python3.8/site-packages/airflow/example_dags/example_bash_decorator.py
[2024-10-08T09:13:08.845+0000] {processor.py:925} INFO - DAG(s) 'example_bash_decorator' retrieved from /root/miniconda3/envs/project/lib/python3.8/site-packages/airflow/example_dags/example_bash_decorator.py
[2024-10-08T09:13:08.874+0000] {logging_mixin.py:190} INFO - [2024-10-08T09:13:08.874+0000] {dag.py:3239} INFO - Sync 1 DAGs
[2024-10-08T09:13:08.892+0000] {logging_mixin.py:190} INFO - [2024-10-08T09:13:08.892+0000] {dag.py:4180} INFO - Setting next_dagrun for example_bash_decorator to None, run_after=None
[2024-10-08T09:13:08.922+0000] {processor.py:208} INFO - Processing /root/miniconda3/envs/project/lib/python3.8/site-packages/airflow/example_dags/example_bash_decorator.py took 0.121 seconds
[2024-10-08T09:14:15.572+0000] {processor.py:186} INFO - Started process (PID=222553) to work on /root/miniconda3/envs/project/lib/python3.8/site-packages/airflow/example_dags/example_bash_decorator.py
[2024-10-08T09:14:15.575+0000] {processor.py:914} INFO - Processing file /root/miniconda3/envs/project/lib/python3.8/site-packages/airflow/example_dags/example_bash_decorator.py for tasks to queue
[2024-10-08T09:14:15.579+0000] {logging_mixin.py:190} INFO - [2024-10-08T09:14:15.578+0000] {dagbag.py:588} INFO - Filling up the DagBag from /root/miniconda3/envs/project/lib/python3.8/site-packages/airflow/example_dags/example_bash_decorator.py
[2024-10-08T09:14:15.602+0000] {processor.py:925} INFO - DAG(s) 'example_bash_decorator' retrieved from /root/miniconda3/envs/project/lib/python3.8/site-packages/airflow/example_dags/example_bash_decorator.py
[2024-10-08T09:14:15.631+0000] {logging_mixin.py:190} INFO - [2024-10-08T09:14:15.631+0000] {dag.py:3239} INFO - Sync 1 DAGs
[2024-10-08T09:14:15.649+0000] {logging_mixin.py:190} INFO - [2024-10-08T09:14:15.649+0000] {dag.py:4180} INFO - Setting next_dagrun for example_bash_decorator to None, run_after=None
[2024-10-08T09:14:15.678+0000] {processor.py:208} INFO - Processing /root/miniconda3/envs/project/lib/python3.8/site-packages/airflow/example_dags/example_bash_decorator.py took 0.118 seconds
[2024-10-08T09:15:22.176+0000] {processor.py:186} INFO - Started process (PID=222819) to work on /root/miniconda3/envs/project/lib/python3.8/site-packages/airflow/example_dags/example_bash_decorator.py
[2024-10-08T09:15:22.178+0000] {processor.py:914} INFO - Processing file /root/miniconda3/envs/project/lib/python3.8/site-packages/airflow/example_dags/example_bash_decorator.py for tasks to queue
[2024-10-08T09:15:22.182+0000] {logging_mixin.py:190} INFO - [2024-10-08T09:15:22.181+0000] {dagbag.py:588} INFO - Filling up the DagBag from /root/miniconda3/envs/project/lib/python3.8/site-packages/airflow/example_dags/example_bash_decorator.py
[2024-10-08T09:15:22.205+0000] {processor.py:925} INFO - DAG(s) 'example_bash_decorator' retrieved from /root/miniconda3/envs/project/lib/python3.8/site-packages/airflow/example_dags/example_bash_decorator.py
[2024-10-08T09:15:22.246+0000] {logging_mixin.py:190} INFO - [2024-10-08T09:15:22.245+0000] {dag.py:3239} INFO - Sync 1 DAGs
[2024-10-08T09:15:22.267+0000] {logging_mixin.py:190} INFO - [2024-10-08T09:15:22.267+0000] {dag.py:4180} INFO - Setting next_dagrun for example_bash_decorator to None, run_after=None
[2024-10-08T09:15:22.306+0000] {processor.py:208} INFO - Processing /root/miniconda3/envs/project/lib/python3.8/site-packages/airflow/example_dags/example_bash_decorator.py took 0.141 seconds
[2024-10-08T09:16:35.927+0000] {processor.py:186} INFO - Started process (PID=223054) to work on /root/miniconda3/envs/project/lib/python3.8/site-packages/airflow/example_dags/example_bash_decorator.py
[2024-10-08T09:16:35.930+0000] {processor.py:914} INFO - Processing file /root/miniconda3/envs/project/lib/python3.8/site-packages/airflow/example_dags/example_bash_decorator.py for tasks to queue
[2024-10-08T09:16:35.933+0000] {logging_mixin.py:190} INFO - [2024-10-08T09:16:35.933+0000] {dagbag.py:588} INFO - Filling up the DagBag from /root/miniconda3/envs/project/lib/python3.8/site-packages/airflow/example_dags/example_bash_decorator.py
[2024-10-08T09:16:35.956+0000] {processor.py:925} INFO - DAG(s) 'example_bash_decorator' retrieved from /root/miniconda3/envs/project/lib/python3.8/site-packages/airflow/example_dags/example_bash_decorator.py
[2024-10-08T09:16:35.984+0000] {logging_mixin.py:190} INFO - [2024-10-08T09:16:35.984+0000] {dag.py:3239} INFO - Sync 1 DAGs
[2024-10-08T09:16:36.002+0000] {logging_mixin.py:190} INFO - [2024-10-08T09:16:36.001+0000] {dag.py:4180} INFO - Setting next_dagrun for example_bash_decorator to None, run_after=None
[2024-10-08T09:16:36.031+0000] {processor.py:208} INFO - Processing /root/miniconda3/envs/project/lib/python3.8/site-packages/airflow/example_dags/example_bash_decorator.py took 0.114 seconds
[2024-10-08T09:17:45.095+0000] {processor.py:186} INFO - Started process (PID=223313) to work on /root/miniconda3/envs/project/lib/python3.8/site-packages/airflow/example_dags/example_bash_decorator.py
[2024-10-08T09:17:45.098+0000] {processor.py:914} INFO - Processing file /root/miniconda3/envs/project/lib/python3.8/site-packages/airflow/example_dags/example_bash_decorator.py for tasks to queue
[2024-10-08T09:17:45.101+0000] {logging_mixin.py:190} INFO - [2024-10-08T09:17:45.101+0000] {dagbag.py:588} INFO - Filling up the DagBag from /root/miniconda3/envs/project/lib/python3.8/site-packages/airflow/example_dags/example_bash_decorator.py
[2024-10-08T09:17:45.124+0000] {processor.py:925} INFO - DAG(s) 'example_bash_decorator' retrieved from /root/miniconda3/envs/project/lib/python3.8/site-packages/airflow/example_dags/example_bash_decorator.py
[2024-10-08T09:17:45.154+0000] {logging_mixin.py:190} INFO - [2024-10-08T09:17:45.153+0000] {dag.py:3239} INFO - Sync 1 DAGs
[2024-10-08T09:17:45.172+0000] {logging_mixin.py:190} INFO - [2024-10-08T09:17:45.172+0000] {dag.py:4180} INFO - Setting next_dagrun for example_bash_decorator to None, run_after=None
[2024-10-08T09:17:45.203+0000] {processor.py:208} INFO - Processing /root/miniconda3/envs/project/lib/python3.8/site-packages/airflow/example_dags/example_bash_decorator.py took 0.119 seconds
[2024-10-08T09:18:57.284+0000] {processor.py:186} INFO - Started process (PID=223576) to work on /root/miniconda3/envs/project/lib/python3.8/site-packages/airflow/example_dags/example_bash_decorator.py
[2024-10-08T09:18:57.287+0000] {processor.py:914} INFO - Processing file /root/miniconda3/envs/project/lib/python3.8/site-packages/airflow/example_dags/example_bash_decorator.py for tasks to queue
[2024-10-08T09:18:57.291+0000] {logging_mixin.py:190} INFO - [2024-10-08T09:18:57.290+0000] {dagbag.py:588} INFO - Filling up the DagBag from /root/miniconda3/envs/project/lib/python3.8/site-packages/airflow/example_dags/example_bash_decorator.py
[2024-10-08T09:18:57.315+0000] {processor.py:925} INFO - DAG(s) 'example_bash_decorator' retrieved from /root/miniconda3/envs/project/lib/python3.8/site-packages/airflow/example_dags/example_bash_decorator.py
[2024-10-08T09:18:57.344+0000] {logging_mixin.py:190} INFO - [2024-10-08T09:18:57.343+0000] {dag.py:3239} INFO - Sync 1 DAGs
[2024-10-08T09:18:57.361+0000] {logging_mixin.py:190} INFO - [2024-10-08T09:18:57.361+0000] {dag.py:4180} INFO - Setting next_dagrun for example_bash_decorator to None, run_after=None
[2024-10-08T09:18:57.396+0000] {processor.py:208} INFO - Processing /root/miniconda3/envs/project/lib/python3.8/site-packages/airflow/example_dags/example_bash_decorator.py took 0.123 seconds
[2024-10-08T09:20:09.490+0000] {processor.py:186} INFO - Started process (PID=223869) to work on /root/miniconda3/envs/project/lib/python3.8/site-packages/airflow/example_dags/example_bash_decorator.py
[2024-10-08T09:20:09.493+0000] {processor.py:914} INFO - Processing file /root/miniconda3/envs/project/lib/python3.8/site-packages/airflow/example_dags/example_bash_decorator.py for tasks to queue
[2024-10-08T09:20:09.497+0000] {logging_mixin.py:190} INFO - [2024-10-08T09:20:09.496+0000] {dagbag.py:588} INFO - Filling up the DagBag from /root/miniconda3/envs/project/lib/python3.8/site-packages/airflow/example_dags/example_bash_decorator.py
[2024-10-08T09:20:09.520+0000] {processor.py:925} INFO - DAG(s) 'example_bash_decorator' retrieved from /root/miniconda3/envs/project/lib/python3.8/site-packages/airflow/example_dags/example_bash_decorator.py
[2024-10-08T09:20:09.549+0000] {logging_mixin.py:190} INFO - [2024-10-08T09:20:09.549+0000] {dag.py:3239} INFO - Sync 1 DAGs
[2024-10-08T09:20:09.568+0000] {logging_mixin.py:190} INFO - [2024-10-08T09:20:09.568+0000] {dag.py:4180} INFO - Setting next_dagrun for example_bash_decorator to None, run_after=None
[2024-10-08T09:20:09.600+0000] {processor.py:208} INFO - Processing /root/miniconda3/envs/project/lib/python3.8/site-packages/airflow/example_dags/example_bash_decorator.py took 0.122 seconds
[2024-10-08T09:21:22.289+0000] {processor.py:186} INFO - Started process (PID=224099) to work on /root/miniconda3/envs/project/lib/python3.8/site-packages/airflow/example_dags/example_bash_decorator.py
[2024-10-08T09:21:22.292+0000] {processor.py:914} INFO - Processing file /root/miniconda3/envs/project/lib/python3.8/site-packages/airflow/example_dags/example_bash_decorator.py for tasks to queue
[2024-10-08T09:21:22.295+0000] {logging_mixin.py:190} INFO - [2024-10-08T09:21:22.295+0000] {dagbag.py:588} INFO - Filling up the DagBag from /root/miniconda3/envs/project/lib/python3.8/site-packages/airflow/example_dags/example_bash_decorator.py
[2024-10-08T09:21:22.319+0000] {processor.py:925} INFO - DAG(s) 'example_bash_decorator' retrieved from /root/miniconda3/envs/project/lib/python3.8/site-packages/airflow/example_dags/example_bash_decorator.py
[2024-10-08T09:21:22.348+0000] {logging_mixin.py:190} INFO - [2024-10-08T09:21:22.348+0000] {dag.py:3239} INFO - Sync 1 DAGs
[2024-10-08T09:21:22.366+0000] {logging_mixin.py:190} INFO - [2024-10-08T09:21:22.366+0000] {dag.py:4180} INFO - Setting next_dagrun for example_bash_decorator to None, run_after=None
[2024-10-08T09:21:22.398+0000] {processor.py:208} INFO - Processing /root/miniconda3/envs/project/lib/python3.8/site-packages/airflow/example_dags/example_bash_decorator.py took 0.120 seconds
[2024-10-08T09:22:31.838+0000] {processor.py:186} INFO - Started process (PID=224326) to work on /root/miniconda3/envs/project/lib/python3.8/site-packages/airflow/example_dags/example_bash_decorator.py
[2024-10-08T09:22:31.841+0000] {processor.py:914} INFO - Processing file /root/miniconda3/envs/project/lib/python3.8/site-packages/airflow/example_dags/example_bash_decorator.py for tasks to queue
[2024-10-08T09:22:31.845+0000] {logging_mixin.py:190} INFO - [2024-10-08T09:22:31.845+0000] {dagbag.py:588} INFO - Filling up the DagBag from /root/miniconda3/envs/project/lib/python3.8/site-packages/airflow/example_dags/example_bash_decorator.py
[2024-10-08T09:22:31.870+0000] {processor.py:925} INFO - DAG(s) 'example_bash_decorator' retrieved from /root/miniconda3/envs/project/lib/python3.8/site-packages/airflow/example_dags/example_bash_decorator.py
[2024-10-08T09:22:31.900+0000] {logging_mixin.py:190} INFO - [2024-10-08T09:22:31.900+0000] {dag.py:3239} INFO - Sync 1 DAGs
[2024-10-08T09:22:31.918+0000] {logging_mixin.py:190} INFO - [2024-10-08T09:22:31.918+0000] {dag.py:4180} INFO - Setting next_dagrun for example_bash_decorator to None, run_after=None
[2024-10-08T09:22:31.952+0000] {processor.py:208} INFO - Processing /root/miniconda3/envs/project/lib/python3.8/site-packages/airflow/example_dags/example_bash_decorator.py took 0.127 seconds
[2024-10-08T09:23:40.703+0000] {processor.py:186} INFO - Started process (PID=224515) to work on /root/miniconda3/envs/project/lib/python3.8/site-packages/airflow/example_dags/example_bash_decorator.py
[2024-10-08T09:23:40.706+0000] {processor.py:914} INFO - Processing file /root/miniconda3/envs/project/lib/python3.8/site-packages/airflow/example_dags/example_bash_decorator.py for tasks to queue
[2024-10-08T09:23:40.710+0000] {logging_mixin.py:190} INFO - [2024-10-08T09:23:40.709+0000] {dagbag.py:588} INFO - Filling up the DagBag from /root/miniconda3/envs/project/lib/python3.8/site-packages/airflow/example_dags/example_bash_decorator.py
[2024-10-08T09:23:40.735+0000] {processor.py:925} INFO - DAG(s) 'example_bash_decorator' retrieved from /root/miniconda3/envs/project/lib/python3.8/site-packages/airflow/example_dags/example_bash_decorator.py
[2024-10-08T09:23:40.764+0000] {logging_mixin.py:190} INFO - [2024-10-08T09:23:40.764+0000] {dag.py:3239} INFO - Sync 1 DAGs
[2024-10-08T09:23:40.782+0000] {logging_mixin.py:190} INFO - [2024-10-08T09:23:40.782+0000] {dag.py:4180} INFO - Setting next_dagrun for example_bash_decorator to None, run_after=None
[2024-10-08T09:23:40.814+0000] {processor.py:208} INFO - Processing /root/miniconda3/envs/project/lib/python3.8/site-packages/airflow/example_dags/example_bash_decorator.py took 0.122 seconds
[2024-10-08T09:24:51.386+0000] {processor.py:186} INFO - Started process (PID=225100) to work on /root/miniconda3/envs/project/lib/python3.8/site-packages/airflow/example_dags/example_bash_decorator.py
[2024-10-08T09:24:51.389+0000] {processor.py:914} INFO - Processing file /root/miniconda3/envs/project/lib/python3.8/site-packages/airflow/example_dags/example_bash_decorator.py for tasks to queue
[2024-10-08T09:24:51.392+0000] {logging_mixin.py:190} INFO - [2024-10-08T09:24:51.391+0000] {dagbag.py:588} INFO - Filling up the DagBag from /root/miniconda3/envs/project/lib/python3.8/site-packages/airflow/example_dags/example_bash_decorator.py
[2024-10-08T09:24:51.415+0000] {processor.py:925} INFO - DAG(s) 'example_bash_decorator' retrieved from /root/miniconda3/envs/project/lib/python3.8/site-packages/airflow/example_dags/example_bash_decorator.py
[2024-10-08T09:24:51.444+0000] {logging_mixin.py:190} INFO - [2024-10-08T09:24:51.444+0000] {dag.py:3239} INFO - Sync 1 DAGs
[2024-10-08T09:24:51.463+0000] {logging_mixin.py:190} INFO - [2024-10-08T09:24:51.463+0000] {dag.py:4180} INFO - Setting next_dagrun for example_bash_decorator to None, run_after=None
[2024-10-08T09:24:51.498+0000] {processor.py:208} INFO - Processing /root/miniconda3/envs/project/lib/python3.8/site-packages/airflow/example_dags/example_bash_decorator.py took 0.122 seconds
[2024-10-08T09:26:00.707+0000] {processor.py:186} INFO - Started process (PID=225598) to work on /root/miniconda3/envs/project/lib/python3.8/site-packages/airflow/example_dags/example_bash_decorator.py
[2024-10-08T09:26:00.710+0000] {processor.py:914} INFO - Processing file /root/miniconda3/envs/project/lib/python3.8/site-packages/airflow/example_dags/example_bash_decorator.py for tasks to queue
[2024-10-08T09:26:00.714+0000] {logging_mixin.py:190} INFO - [2024-10-08T09:26:00.714+0000] {dagbag.py:588} INFO - Filling up the DagBag from /root/miniconda3/envs/project/lib/python3.8/site-packages/airflow/example_dags/example_bash_decorator.py
[2024-10-08T09:26:00.741+0000] {processor.py:925} INFO - DAG(s) 'example_bash_decorator' retrieved from /root/miniconda3/envs/project/lib/python3.8/site-packages/airflow/example_dags/example_bash_decorator.py
[2024-10-08T09:26:00.770+0000] {logging_mixin.py:190} INFO - [2024-10-08T09:26:00.770+0000] {dag.py:3239} INFO - Sync 1 DAGs
[2024-10-08T09:26:00.789+0000] {logging_mixin.py:190} INFO - [2024-10-08T09:26:00.789+0000] {dag.py:4180} INFO - Setting next_dagrun for example_bash_decorator to None, run_after=None
[2024-10-08T09:26:00.820+0000] {processor.py:208} INFO - Processing /root/miniconda3/envs/project/lib/python3.8/site-packages/airflow/example_dags/example_bash_decorator.py took 0.124 seconds
[2024-10-08T09:27:12.818+0000] {processor.py:186} INFO - Started process (PID=226011) to work on /root/miniconda3/envs/project/lib/python3.8/site-packages/airflow/example_dags/example_bash_decorator.py
[2024-10-08T09:27:12.821+0000] {processor.py:914} INFO - Processing file /root/miniconda3/envs/project/lib/python3.8/site-packages/airflow/example_dags/example_bash_decorator.py for tasks to queue
[2024-10-08T09:27:12.825+0000] {logging_mixin.py:190} INFO - [2024-10-08T09:27:12.824+0000] {dagbag.py:588} INFO - Filling up the DagBag from /root/miniconda3/envs/project/lib/python3.8/site-packages/airflow/example_dags/example_bash_decorator.py
[2024-10-08T09:27:12.849+0000] {processor.py:925} INFO - DAG(s) 'example_bash_decorator' retrieved from /root/miniconda3/envs/project/lib/python3.8/site-packages/airflow/example_dags/example_bash_decorator.py
[2024-10-08T09:27:12.892+0000] {logging_mixin.py:190} INFO - [2024-10-08T09:27:12.891+0000] {dag.py:3239} INFO - Sync 1 DAGs
[2024-10-08T09:27:12.911+0000] {logging_mixin.py:190} INFO - [2024-10-08T09:27:12.910+0000] {dag.py:4180} INFO - Setting next_dagrun for example_bash_decorator to None, run_after=None
[2024-10-08T09:27:12.947+0000] {processor.py:208} INFO - Processing /root/miniconda3/envs/project/lib/python3.8/site-packages/airflow/example_dags/example_bash_decorator.py took 0.141 seconds
[2024-10-08T09:28:24.264+0000] {processor.py:186} INFO - Started process (PID=226513) to work on /root/miniconda3/envs/project/lib/python3.8/site-packages/airflow/example_dags/example_bash_decorator.py
[2024-10-08T09:28:24.267+0000] {processor.py:914} INFO - Processing file /root/miniconda3/envs/project/lib/python3.8/site-packages/airflow/example_dags/example_bash_decorator.py for tasks to queue
[2024-10-08T09:28:24.271+0000] {logging_mixin.py:190} INFO - [2024-10-08T09:28:24.270+0000] {dagbag.py:588} INFO - Filling up the DagBag from /root/miniconda3/envs/project/lib/python3.8/site-packages/airflow/example_dags/example_bash_decorator.py
[2024-10-08T09:28:24.295+0000] {processor.py:925} INFO - DAG(s) 'example_bash_decorator' retrieved from /root/miniconda3/envs/project/lib/python3.8/site-packages/airflow/example_dags/example_bash_decorator.py
[2024-10-08T09:28:24.326+0000] {logging_mixin.py:190} INFO - [2024-10-08T09:28:24.325+0000] {dag.py:3239} INFO - Sync 1 DAGs
[2024-10-08T09:28:24.345+0000] {logging_mixin.py:190} INFO - [2024-10-08T09:28:24.345+0000] {dag.py:4180} INFO - Setting next_dagrun for example_bash_decorator to None, run_after=None
[2024-10-08T09:28:24.376+0000] {processor.py:208} INFO - Processing /root/miniconda3/envs/project/lib/python3.8/site-packages/airflow/example_dags/example_bash_decorator.py took 0.123 seconds
[2024-10-08T09:29:41.835+0000] {processor.py:186} INFO - Started process (PID=227095) to work on /root/miniconda3/envs/project/lib/python3.8/site-packages/airflow/example_dags/example_bash_decorator.py
[2024-10-08T09:29:41.838+0000] {processor.py:914} INFO - Processing file /root/miniconda3/envs/project/lib/python3.8/site-packages/airflow/example_dags/example_bash_decorator.py for tasks to queue
[2024-10-08T09:29:41.842+0000] {logging_mixin.py:190} INFO - [2024-10-08T09:29:41.841+0000] {dagbag.py:588} INFO - Filling up the DagBag from /root/miniconda3/envs/project/lib/python3.8/site-packages/airflow/example_dags/example_bash_decorator.py
[2024-10-08T09:29:41.865+0000] {processor.py:925} INFO - DAG(s) 'example_bash_decorator' retrieved from /root/miniconda3/envs/project/lib/python3.8/site-packages/airflow/example_dags/example_bash_decorator.py
[2024-10-08T09:29:42.010+0000] {logging_mixin.py:190} INFO - [2024-10-08T09:29:42.009+0000] {dag.py:3239} INFO - Sync 1 DAGs
[2024-10-08T09:29:42.025+0000] {logging_mixin.py:190} INFO - [2024-10-08T09:29:42.025+0000] {dag.py:4180} INFO - Setting next_dagrun for example_bash_decorator to None, run_after=None
[2024-10-08T09:29:42.057+0000] {processor.py:208} INFO - Processing /root/miniconda3/envs/project/lib/python3.8/site-packages/airflow/example_dags/example_bash_decorator.py took 0.232 seconds
[2024-10-08T09:31:06.319+0000] {processor.py:186} INFO - Started process (PID=228068) to work on /root/miniconda3/envs/project/lib/python3.8/site-packages/airflow/example_dags/example_bash_decorator.py
[2024-10-08T09:31:06.323+0000] {processor.py:914} INFO - Processing file /root/miniconda3/envs/project/lib/python3.8/site-packages/airflow/example_dags/example_bash_decorator.py for tasks to queue
[2024-10-08T09:31:06.326+0000] {logging_mixin.py:190} INFO - [2024-10-08T09:31:06.326+0000] {dagbag.py:588} INFO - Filling up the DagBag from /root/miniconda3/envs/project/lib/python3.8/site-packages/airflow/example_dags/example_bash_decorator.py
[2024-10-08T09:31:06.350+0000] {processor.py:925} INFO - DAG(s) 'example_bash_decorator' retrieved from /root/miniconda3/envs/project/lib/python3.8/site-packages/airflow/example_dags/example_bash_decorator.py
[2024-10-08T09:31:06.520+0000] {logging_mixin.py:190} INFO - [2024-10-08T09:31:06.520+0000] {dag.py:3239} INFO - Sync 1 DAGs
[2024-10-08T09:31:06.536+0000] {logging_mixin.py:190} INFO - [2024-10-08T09:31:06.536+0000] {dag.py:4180} INFO - Setting next_dagrun for example_bash_decorator to None, run_after=None
[2024-10-08T09:31:06.566+0000] {processor.py:208} INFO - Processing /root/miniconda3/envs/project/lib/python3.8/site-packages/airflow/example_dags/example_bash_decorator.py took 0.259 seconds
[2024-10-08T09:32:33.248+0000] {processor.py:186} INFO - Started process (PID=229068) to work on /root/miniconda3/envs/project/lib/python3.8/site-packages/airflow/example_dags/example_bash_decorator.py
[2024-10-08T09:32:33.251+0000] {processor.py:914} INFO - Processing file /root/miniconda3/envs/project/lib/python3.8/site-packages/airflow/example_dags/example_bash_decorator.py for tasks to queue
[2024-10-08T09:32:33.254+0000] {logging_mixin.py:190} INFO - [2024-10-08T09:32:33.254+0000] {dagbag.py:588} INFO - Filling up the DagBag from /root/miniconda3/envs/project/lib/python3.8/site-packages/airflow/example_dags/example_bash_decorator.py
[2024-10-08T09:32:33.278+0000] {processor.py:925} INFO - DAG(s) 'example_bash_decorator' retrieved from /root/miniconda3/envs/project/lib/python3.8/site-packages/airflow/example_dags/example_bash_decorator.py
[2024-10-08T09:32:33.307+0000] {logging_mixin.py:190} INFO - [2024-10-08T09:32:33.307+0000] {dag.py:3239} INFO - Sync 1 DAGs
[2024-10-08T09:32:33.325+0000] {logging_mixin.py:190} INFO - [2024-10-08T09:32:33.325+0000] {dag.py:4180} INFO - Setting next_dagrun for example_bash_decorator to None, run_after=None
[2024-10-08T09:32:33.360+0000] {processor.py:208} INFO - Processing /root/miniconda3/envs/project/lib/python3.8/site-packages/airflow/example_dags/example_bash_decorator.py took 0.124 seconds
