[2024-10-08T07:58:00.578+0000] {processor.py:186} INFO - Started process (PID=207223) to work on /root/miniconda3/envs/project/lib/python3.8/site-packages/airflow/example_dags/example_branch_operator_decorator.py
[2024-10-08T07:58:00.579+0000] {processor.py:914} INFO - Processing file /root/miniconda3/envs/project/lib/python3.8/site-packages/airflow/example_dags/example_branch_operator_decorator.py for tasks to queue
[2024-10-08T07:58:00.583+0000] {logging_mixin.py:190} INFO - [2024-10-08T07:58:00.582+0000] {dagbag.py:588} INFO - Filling up the DagBag from /root/miniconda3/envs/project/lib/python3.8/site-packages/airflow/example_dags/example_branch_operator_decorator.py
[2024-10-08T07:58:00.587+0000] {processor.py:927} WARNING - No viable dags retrieved from /root/miniconda3/envs/project/lib/python3.8/site-packages/airflow/example_dags/example_branch_operator_decorator.py
[2024-10-08T07:58:00.604+0000] {processor.py:208} INFO - Processing /root/miniconda3/envs/project/lib/python3.8/site-packages/airflow/example_dags/example_branch_operator_decorator.py took 0.037 seconds
[2024-10-08T07:59:19.833+0000] {processor.py:186} INFO - Started process (PID=207492) to work on /root/miniconda3/envs/project/lib/python3.8/site-packages/airflow/example_dags/example_branch_operator_decorator.py
[2024-10-08T07:59:19.836+0000] {processor.py:914} INFO - Processing file /root/miniconda3/envs/project/lib/python3.8/site-packages/airflow/example_dags/example_branch_operator_decorator.py for tasks to queue
[2024-10-08T07:59:19.839+0000] {logging_mixin.py:190} INFO - [2024-10-08T07:59:19.838+0000] {dagbag.py:588} INFO - Filling up the DagBag from /root/miniconda3/envs/project/lib/python3.8/site-packages/airflow/example_dags/example_branch_operator_decorator.py
[2024-10-08T07:59:19.843+0000] {processor.py:927} WARNING - No viable dags retrieved from /root/miniconda3/envs/project/lib/python3.8/site-packages/airflow/example_dags/example_branch_operator_decorator.py
[2024-10-08T07:59:19.859+0000] {processor.py:208} INFO - Processing /root/miniconda3/envs/project/lib/python3.8/site-packages/airflow/example_dags/example_branch_operator_decorator.py took 0.036 seconds
[2024-10-08T08:00:30.504+0000] {processor.py:186} INFO - Started process (PID=207700) to work on /root/miniconda3/envs/project/lib/python3.8/site-packages/airflow/example_dags/example_branch_operator_decorator.py
[2024-10-08T08:00:30.507+0000] {processor.py:914} INFO - Processing file /root/miniconda3/envs/project/lib/python3.8/site-packages/airflow/example_dags/example_branch_operator_decorator.py for tasks to queue
[2024-10-08T08:00:30.510+0000] {logging_mixin.py:190} INFO - [2024-10-08T08:00:30.510+0000] {dagbag.py:588} INFO - Filling up the DagBag from /root/miniconda3/envs/project/lib/python3.8/site-packages/airflow/example_dags/example_branch_operator_decorator.py
[2024-10-08T08:00:30.514+0000] {processor.py:927} WARNING - No viable dags retrieved from /root/miniconda3/envs/project/lib/python3.8/site-packages/airflow/example_dags/example_branch_operator_decorator.py
[2024-10-08T08:00:30.531+0000] {processor.py:208} INFO - Processing /root/miniconda3/envs/project/lib/python3.8/site-packages/airflow/example_dags/example_branch_operator_decorator.py took 0.038 seconds
[2024-10-08T08:01:45.283+0000] {processor.py:186} INFO - Started process (PID=208052) to work on /root/miniconda3/envs/project/lib/python3.8/site-packages/airflow/example_dags/example_branch_operator_decorator.py
[2024-10-08T08:01:45.286+0000] {processor.py:914} INFO - Processing file /root/miniconda3/envs/project/lib/python3.8/site-packages/airflow/example_dags/example_branch_operator_decorator.py for tasks to queue
[2024-10-08T08:01:45.289+0000] {logging_mixin.py:190} INFO - [2024-10-08T08:01:45.288+0000] {dagbag.py:588} INFO - Filling up the DagBag from /root/miniconda3/envs/project/lib/python3.8/site-packages/airflow/example_dags/example_branch_operator_decorator.py
[2024-10-08T08:01:45.293+0000] {processor.py:927} WARNING - No viable dags retrieved from /root/miniconda3/envs/project/lib/python3.8/site-packages/airflow/example_dags/example_branch_operator_decorator.py
[2024-10-08T08:01:45.310+0000] {processor.py:208} INFO - Processing /root/miniconda3/envs/project/lib/python3.8/site-packages/airflow/example_dags/example_branch_operator_decorator.py took 0.040 seconds
[2024-10-08T08:02:55.713+0000] {processor.py:186} INFO - Started process (PID=208321) to work on /root/miniconda3/envs/project/lib/python3.8/site-packages/airflow/example_dags/example_branch_operator_decorator.py
[2024-10-08T08:02:55.716+0000] {processor.py:914} INFO - Processing file /root/miniconda3/envs/project/lib/python3.8/site-packages/airflow/example_dags/example_branch_operator_decorator.py for tasks to queue
[2024-10-08T08:02:55.720+0000] {logging_mixin.py:190} INFO - [2024-10-08T08:02:55.719+0000] {dagbag.py:588} INFO - Filling up the DagBag from /root/miniconda3/envs/project/lib/python3.8/site-packages/airflow/example_dags/example_branch_operator_decorator.py
[2024-10-08T08:02:55.724+0000] {processor.py:927} WARNING - No viable dags retrieved from /root/miniconda3/envs/project/lib/python3.8/site-packages/airflow/example_dags/example_branch_operator_decorator.py
[2024-10-08T08:02:55.741+0000] {processor.py:208} INFO - Processing /root/miniconda3/envs/project/lib/python3.8/site-packages/airflow/example_dags/example_branch_operator_decorator.py took 0.040 seconds
[2024-10-08T08:04:04.224+0000] {processor.py:186} INFO - Started process (PID=208552) to work on /root/miniconda3/envs/project/lib/python3.8/site-packages/airflow/example_dags/example_branch_operator_decorator.py
[2024-10-08T08:04:04.227+0000] {processor.py:914} INFO - Processing file /root/miniconda3/envs/project/lib/python3.8/site-packages/airflow/example_dags/example_branch_operator_decorator.py for tasks to queue
[2024-10-08T08:04:04.230+0000] {logging_mixin.py:190} INFO - [2024-10-08T08:04:04.230+0000] {dagbag.py:588} INFO - Filling up the DagBag from /root/miniconda3/envs/project/lib/python3.8/site-packages/airflow/example_dags/example_branch_operator_decorator.py
[2024-10-08T08:04:04.234+0000] {processor.py:927} WARNING - No viable dags retrieved from /root/miniconda3/envs/project/lib/python3.8/site-packages/airflow/example_dags/example_branch_operator_decorator.py
[2024-10-08T08:04:04.249+0000] {processor.py:208} INFO - Processing /root/miniconda3/envs/project/lib/python3.8/site-packages/airflow/example_dags/example_branch_operator_decorator.py took 0.036 seconds
[2024-10-08T08:05:11.382+0000] {processor.py:186} INFO - Started process (PID=208754) to work on /root/miniconda3/envs/project/lib/python3.8/site-packages/airflow/example_dags/example_branch_operator_decorator.py
[2024-10-08T08:05:11.385+0000] {processor.py:914} INFO - Processing file /root/miniconda3/envs/project/lib/python3.8/site-packages/airflow/example_dags/example_branch_operator_decorator.py for tasks to queue
[2024-10-08T08:05:11.389+0000] {logging_mixin.py:190} INFO - [2024-10-08T08:05:11.388+0000] {dagbag.py:588} INFO - Filling up the DagBag from /root/miniconda3/envs/project/lib/python3.8/site-packages/airflow/example_dags/example_branch_operator_decorator.py
[2024-10-08T08:05:11.393+0000] {processor.py:927} WARNING - No viable dags retrieved from /root/miniconda3/envs/project/lib/python3.8/site-packages/airflow/example_dags/example_branch_operator_decorator.py
[2024-10-08T08:05:11.410+0000] {processor.py:208} INFO - Processing /root/miniconda3/envs/project/lib/python3.8/site-packages/airflow/example_dags/example_branch_operator_decorator.py took 0.039 seconds
[2024-10-08T08:06:13.264+0000] {processor.py:186} INFO - Started process (PID=208937) to work on /root/miniconda3/envs/project/lib/python3.8/site-packages/airflow/example_dags/example_branch_operator_decorator.py
[2024-10-08T08:06:13.268+0000] {processor.py:914} INFO - Processing file /root/miniconda3/envs/project/lib/python3.8/site-packages/airflow/example_dags/example_branch_operator_decorator.py for tasks to queue
[2024-10-08T08:06:13.271+0000] {logging_mixin.py:190} INFO - [2024-10-08T08:06:13.270+0000] {dagbag.py:588} INFO - Filling up the DagBag from /root/miniconda3/envs/project/lib/python3.8/site-packages/airflow/example_dags/example_branch_operator_decorator.py
[2024-10-08T08:06:13.275+0000] {processor.py:927} WARNING - No viable dags retrieved from /root/miniconda3/envs/project/lib/python3.8/site-packages/airflow/example_dags/example_branch_operator_decorator.py
[2024-10-08T08:06:13.291+0000] {processor.py:208} INFO - Processing /root/miniconda3/envs/project/lib/python3.8/site-packages/airflow/example_dags/example_branch_operator_decorator.py took 0.037 seconds
[2024-10-08T08:07:19.421+0000] {processor.py:186} INFO - Started process (PID=209169) to work on /root/miniconda3/envs/project/lib/python3.8/site-packages/airflow/example_dags/example_branch_operator_decorator.py
[2024-10-08T08:07:19.424+0000] {processor.py:914} INFO - Processing file /root/miniconda3/envs/project/lib/python3.8/site-packages/airflow/example_dags/example_branch_operator_decorator.py for tasks to queue
[2024-10-08T08:07:19.427+0000] {logging_mixin.py:190} INFO - [2024-10-08T08:07:19.427+0000] {dagbag.py:588} INFO - Filling up the DagBag from /root/miniconda3/envs/project/lib/python3.8/site-packages/airflow/example_dags/example_branch_operator_decorator.py
[2024-10-08T08:07:19.432+0000] {processor.py:927} WARNING - No viable dags retrieved from /root/miniconda3/envs/project/lib/python3.8/site-packages/airflow/example_dags/example_branch_operator_decorator.py
[2024-10-08T08:07:19.448+0000] {processor.py:208} INFO - Processing /root/miniconda3/envs/project/lib/python3.8/site-packages/airflow/example_dags/example_branch_operator_decorator.py took 0.039 seconds
[2024-10-08T08:08:29.408+0000] {processor.py:186} INFO - Started process (PID=209597) to work on /root/miniconda3/envs/project/lib/python3.8/site-packages/airflow/example_dags/example_branch_operator_decorator.py
[2024-10-08T08:08:29.411+0000] {processor.py:914} INFO - Processing file /root/miniconda3/envs/project/lib/python3.8/site-packages/airflow/example_dags/example_branch_operator_decorator.py for tasks to queue
[2024-10-08T08:08:29.414+0000] {logging_mixin.py:190} INFO - [2024-10-08T08:08:29.413+0000] {dagbag.py:588} INFO - Filling up the DagBag from /root/miniconda3/envs/project/lib/python3.8/site-packages/airflow/example_dags/example_branch_operator_decorator.py
[2024-10-08T08:08:29.418+0000] {processor.py:927} WARNING - No viable dags retrieved from /root/miniconda3/envs/project/lib/python3.8/site-packages/airflow/example_dags/example_branch_operator_decorator.py
[2024-10-08T08:08:29.434+0000] {processor.py:208} INFO - Processing /root/miniconda3/envs/project/lib/python3.8/site-packages/airflow/example_dags/example_branch_operator_decorator.py took 0.038 seconds
[2024-10-08T08:13:29.221+0000] {processor.py:186} INFO - Started process (PID=211134) to work on /root/miniconda3/envs/project/lib/python3.8/site-packages/airflow/example_dags/example_branch_operator_decorator.py
[2024-10-08T08:13:29.224+0000] {processor.py:914} INFO - Processing file /root/miniconda3/envs/project/lib/python3.8/site-packages/airflow/example_dags/example_branch_operator_decorator.py for tasks to queue
[2024-10-08T08:13:29.227+0000] {logging_mixin.py:190} INFO - [2024-10-08T08:13:29.227+0000] {dagbag.py:588} INFO - Filling up the DagBag from /root/miniconda3/envs/project/lib/python3.8/site-packages/airflow/example_dags/example_branch_operator_decorator.py
[2024-10-08T08:13:29.232+0000] {processor.py:927} WARNING - No viable dags retrieved from /root/miniconda3/envs/project/lib/python3.8/site-packages/airflow/example_dags/example_branch_operator_decorator.py
[2024-10-08T08:13:29.249+0000] {processor.py:208} INFO - Processing /root/miniconda3/envs/project/lib/python3.8/site-packages/airflow/example_dags/example_branch_operator_decorator.py took 0.040 seconds
[2024-10-08T08:14:38.812+0000] {processor.py:186} INFO - Started process (PID=211433) to work on /root/miniconda3/envs/project/lib/python3.8/site-packages/airflow/example_dags/example_branch_operator_decorator.py
[2024-10-08T08:14:38.815+0000] {processor.py:914} INFO - Processing file /root/miniconda3/envs/project/lib/python3.8/site-packages/airflow/example_dags/example_branch_operator_decorator.py for tasks to queue
[2024-10-08T08:14:38.819+0000] {logging_mixin.py:190} INFO - [2024-10-08T08:14:38.818+0000] {dagbag.py:588} INFO - Filling up the DagBag from /root/miniconda3/envs/project/lib/python3.8/site-packages/airflow/example_dags/example_branch_operator_decorator.py
[2024-10-08T08:14:38.824+0000] {processor.py:927} WARNING - No viable dags retrieved from /root/miniconda3/envs/project/lib/python3.8/site-packages/airflow/example_dags/example_branch_operator_decorator.py
[2024-10-08T08:14:38.841+0000] {processor.py:208} INFO - Processing /root/miniconda3/envs/project/lib/python3.8/site-packages/airflow/example_dags/example_branch_operator_decorator.py took 0.041 seconds
[2024-10-08T08:15:47.788+0000] {processor.py:186} INFO - Started process (PID=211635) to work on /root/miniconda3/envs/project/lib/python3.8/site-packages/airflow/example_dags/example_branch_operator_decorator.py
[2024-10-08T08:15:47.791+0000] {processor.py:914} INFO - Processing file /root/miniconda3/envs/project/lib/python3.8/site-packages/airflow/example_dags/example_branch_operator_decorator.py for tasks to queue
[2024-10-08T08:15:47.794+0000] {logging_mixin.py:190} INFO - [2024-10-08T08:15:47.794+0000] {dagbag.py:588} INFO - Filling up the DagBag from /root/miniconda3/envs/project/lib/python3.8/site-packages/airflow/example_dags/example_branch_operator_decorator.py
[2024-10-08T08:15:47.799+0000] {processor.py:927} WARNING - No viable dags retrieved from /root/miniconda3/envs/project/lib/python3.8/site-packages/airflow/example_dags/example_branch_operator_decorator.py
[2024-10-08T08:15:47.815+0000] {processor.py:208} INFO - Processing /root/miniconda3/envs/project/lib/python3.8/site-packages/airflow/example_dags/example_branch_operator_decorator.py took 0.040 seconds
[2024-10-08T08:16:55.822+0000] {processor.py:186} INFO - Started process (PID=211841) to work on /root/miniconda3/envs/project/lib/python3.8/site-packages/airflow/example_dags/example_branch_operator_decorator.py
[2024-10-08T08:16:55.825+0000] {processor.py:914} INFO - Processing file /root/miniconda3/envs/project/lib/python3.8/site-packages/airflow/example_dags/example_branch_operator_decorator.py for tasks to queue
[2024-10-08T08:16:55.828+0000] {logging_mixin.py:190} INFO - [2024-10-08T08:16:55.828+0000] {dagbag.py:588} INFO - Filling up the DagBag from /root/miniconda3/envs/project/lib/python3.8/site-packages/airflow/example_dags/example_branch_operator_decorator.py
[2024-10-08T08:16:55.832+0000] {processor.py:927} WARNING - No viable dags retrieved from /root/miniconda3/envs/project/lib/python3.8/site-packages/airflow/example_dags/example_branch_operator_decorator.py
[2024-10-08T08:16:55.849+0000] {processor.py:208} INFO - Processing /root/miniconda3/envs/project/lib/python3.8/site-packages/airflow/example_dags/example_branch_operator_decorator.py took 0.039 seconds
[2024-10-08T08:18:05.729+0000] {processor.py:186} INFO - Started process (PID=212091) to work on /root/miniconda3/envs/project/lib/python3.8/site-packages/airflow/example_dags/example_branch_operator_decorator.py
[2024-10-08T08:18:05.732+0000] {processor.py:914} INFO - Processing file /root/miniconda3/envs/project/lib/python3.8/site-packages/airflow/example_dags/example_branch_operator_decorator.py for tasks to queue
[2024-10-08T08:18:05.735+0000] {logging_mixin.py:190} INFO - [2024-10-08T08:18:05.735+0000] {dagbag.py:588} INFO - Filling up the DagBag from /root/miniconda3/envs/project/lib/python3.8/site-packages/airflow/example_dags/example_branch_operator_decorator.py
[2024-10-08T08:18:05.739+0000] {processor.py:927} WARNING - No viable dags retrieved from /root/miniconda3/envs/project/lib/python3.8/site-packages/airflow/example_dags/example_branch_operator_decorator.py
[2024-10-08T08:18:05.756+0000] {processor.py:208} INFO - Processing /root/miniconda3/envs/project/lib/python3.8/site-packages/airflow/example_dags/example_branch_operator_decorator.py took 0.040 seconds
[2024-10-08T08:19:18.246+0000] {processor.py:186} INFO - Started process (PID=212296) to work on /root/miniconda3/envs/project/lib/python3.8/site-packages/airflow/example_dags/example_branch_operator_decorator.py
[2024-10-08T08:19:18.248+0000] {processor.py:914} INFO - Processing file /root/miniconda3/envs/project/lib/python3.8/site-packages/airflow/example_dags/example_branch_operator_decorator.py for tasks to queue
[2024-10-08T08:19:18.252+0000] {logging_mixin.py:190} INFO - [2024-10-08T08:19:18.251+0000] {dagbag.py:588} INFO - Filling up the DagBag from /root/miniconda3/envs/project/lib/python3.8/site-packages/airflow/example_dags/example_branch_operator_decorator.py
[2024-10-08T08:19:18.256+0000] {processor.py:927} WARNING - No viable dags retrieved from /root/miniconda3/envs/project/lib/python3.8/site-packages/airflow/example_dags/example_branch_operator_decorator.py
[2024-10-08T08:19:18.273+0000] {processor.py:208} INFO - Processing /root/miniconda3/envs/project/lib/python3.8/site-packages/airflow/example_dags/example_branch_operator_decorator.py took 0.039 seconds
[2024-10-08T08:20:22.303+0000] {processor.py:186} INFO - Started process (PID=212478) to work on /root/miniconda3/envs/project/lib/python3.8/site-packages/airflow/example_dags/example_branch_operator_decorator.py
[2024-10-08T08:20:22.307+0000] {processor.py:914} INFO - Processing file /root/miniconda3/envs/project/lib/python3.8/site-packages/airflow/example_dags/example_branch_operator_decorator.py for tasks to queue
[2024-10-08T08:20:22.312+0000] {logging_mixin.py:190} INFO - [2024-10-08T08:20:22.311+0000] {dagbag.py:588} INFO - Filling up the DagBag from /root/miniconda3/envs/project/lib/python3.8/site-packages/airflow/example_dags/example_branch_operator_decorator.py
[2024-10-08T08:20:22.318+0000] {processor.py:927} WARNING - No viable dags retrieved from /root/miniconda3/envs/project/lib/python3.8/site-packages/airflow/example_dags/example_branch_operator_decorator.py
[2024-10-08T08:20:22.334+0000] {processor.py:208} INFO - Processing /root/miniconda3/envs/project/lib/python3.8/site-packages/airflow/example_dags/example_branch_operator_decorator.py took 0.040 seconds
[2024-10-08T08:21:38.569+0000] {processor.py:186} INFO - Started process (PID=212742) to work on /root/miniconda3/envs/project/lib/python3.8/site-packages/airflow/example_dags/example_branch_operator_decorator.py
[2024-10-08T08:21:38.572+0000] {processor.py:914} INFO - Processing file /root/miniconda3/envs/project/lib/python3.8/site-packages/airflow/example_dags/example_branch_operator_decorator.py for tasks to queue
[2024-10-08T08:21:38.577+0000] {logging_mixin.py:190} INFO - [2024-10-08T08:21:38.576+0000] {dagbag.py:588} INFO - Filling up the DagBag from /root/miniconda3/envs/project/lib/python3.8/site-packages/airflow/example_dags/example_branch_operator_decorator.py
[2024-10-08T08:21:38.584+0000] {processor.py:927} WARNING - No viable dags retrieved from /root/miniconda3/envs/project/lib/python3.8/site-packages/airflow/example_dags/example_branch_operator_decorator.py
[2024-10-08T08:21:38.602+0000] {processor.py:208} INFO - Processing /root/miniconda3/envs/project/lib/python3.8/site-packages/airflow/example_dags/example_branch_operator_decorator.py took 0.043 seconds
[2024-10-08T08:22:47.227+0000] {processor.py:186} INFO - Started process (PID=212989) to work on /root/miniconda3/envs/project/lib/python3.8/site-packages/airflow/example_dags/example_branch_operator_decorator.py
[2024-10-08T08:22:47.230+0000] {processor.py:914} INFO - Processing file /root/miniconda3/envs/project/lib/python3.8/site-packages/airflow/example_dags/example_branch_operator_decorator.py for tasks to queue
[2024-10-08T08:22:47.235+0000] {logging_mixin.py:190} INFO - [2024-10-08T08:22:47.234+0000] {dagbag.py:588} INFO - Filling up the DagBag from /root/miniconda3/envs/project/lib/python3.8/site-packages/airflow/example_dags/example_branch_operator_decorator.py
[2024-10-08T08:22:47.241+0000] {processor.py:927} WARNING - No viable dags retrieved from /root/miniconda3/envs/project/lib/python3.8/site-packages/airflow/example_dags/example_branch_operator_decorator.py
[2024-10-08T08:22:47.258+0000] {processor.py:208} INFO - Processing /root/miniconda3/envs/project/lib/python3.8/site-packages/airflow/example_dags/example_branch_operator_decorator.py took 0.044 seconds
[2024-10-08T08:23:51.300+0000] {processor.py:186} INFO - Started process (PID=213175) to work on /root/miniconda3/envs/project/lib/python3.8/site-packages/airflow/example_dags/example_branch_operator_decorator.py
[2024-10-08T08:23:51.303+0000] {processor.py:914} INFO - Processing file /root/miniconda3/envs/project/lib/python3.8/site-packages/airflow/example_dags/example_branch_operator_decorator.py for tasks to queue
[2024-10-08T08:23:51.306+0000] {logging_mixin.py:190} INFO - [2024-10-08T08:23:51.305+0000] {dagbag.py:588} INFO - Filling up the DagBag from /root/miniconda3/envs/project/lib/python3.8/site-packages/airflow/example_dags/example_branch_operator_decorator.py
[2024-10-08T08:23:51.311+0000] {processor.py:927} WARNING - No viable dags retrieved from /root/miniconda3/envs/project/lib/python3.8/site-packages/airflow/example_dags/example_branch_operator_decorator.py
[2024-10-08T08:23:51.328+0000] {processor.py:208} INFO - Processing /root/miniconda3/envs/project/lib/python3.8/site-packages/airflow/example_dags/example_branch_operator_decorator.py took 0.038 seconds
[2024-10-08T08:37:42.174+0000] {processor.py:186} INFO - Started process (PID=215134) to work on /root/miniconda3/envs/project/lib/python3.8/site-packages/airflow/example_dags/example_branch_operator_decorator.py
[2024-10-08T08:37:42.177+0000] {processor.py:914} INFO - Processing file /root/miniconda3/envs/project/lib/python3.8/site-packages/airflow/example_dags/example_branch_operator_decorator.py for tasks to queue
[2024-10-08T08:37:42.180+0000] {logging_mixin.py:190} INFO - [2024-10-08T08:37:42.180+0000] {dagbag.py:588} INFO - Filling up the DagBag from /root/miniconda3/envs/project/lib/python3.8/site-packages/airflow/example_dags/example_branch_operator_decorator.py
[2024-10-08T08:37:42.184+0000] {processor.py:927} WARNING - No viable dags retrieved from /root/miniconda3/envs/project/lib/python3.8/site-packages/airflow/example_dags/example_branch_operator_decorator.py
[2024-10-08T08:37:42.202+0000] {processor.py:208} INFO - Processing /root/miniconda3/envs/project/lib/python3.8/site-packages/airflow/example_dags/example_branch_operator_decorator.py took 0.039 seconds
[2024-10-08T08:38:52.248+0000] {processor.py:186} INFO - Started process (PID=215540) to work on /root/miniconda3/envs/project/lib/python3.8/site-packages/airflow/example_dags/example_branch_operator_decorator.py
[2024-10-08T08:38:52.251+0000] {processor.py:914} INFO - Processing file /root/miniconda3/envs/project/lib/python3.8/site-packages/airflow/example_dags/example_branch_operator_decorator.py for tasks to queue
[2024-10-08T08:38:52.254+0000] {logging_mixin.py:190} INFO - [2024-10-08T08:38:52.253+0000] {dagbag.py:588} INFO - Filling up the DagBag from /root/miniconda3/envs/project/lib/python3.8/site-packages/airflow/example_dags/example_branch_operator_decorator.py
[2024-10-08T08:38:52.258+0000] {processor.py:927} WARNING - No viable dags retrieved from /root/miniconda3/envs/project/lib/python3.8/site-packages/airflow/example_dags/example_branch_operator_decorator.py
[2024-10-08T08:38:52.274+0000] {processor.py:208} INFO - Processing /root/miniconda3/envs/project/lib/python3.8/site-packages/airflow/example_dags/example_branch_operator_decorator.py took 0.035 seconds
[2024-10-08T08:40:05.178+0000] {processor.py:186} INFO - Started process (PID=215768) to work on /root/miniconda3/envs/project/lib/python3.8/site-packages/airflow/example_dags/example_branch_operator_decorator.py
[2024-10-08T08:40:05.181+0000] {processor.py:914} INFO - Processing file /root/miniconda3/envs/project/lib/python3.8/site-packages/airflow/example_dags/example_branch_operator_decorator.py for tasks to queue
[2024-10-08T08:40:05.185+0000] {logging_mixin.py:190} INFO - [2024-10-08T08:40:05.184+0000] {dagbag.py:588} INFO - Filling up the DagBag from /root/miniconda3/envs/project/lib/python3.8/site-packages/airflow/example_dags/example_branch_operator_decorator.py
[2024-10-08T08:40:05.189+0000] {processor.py:927} WARNING - No viable dags retrieved from /root/miniconda3/envs/project/lib/python3.8/site-packages/airflow/example_dags/example_branch_operator_decorator.py
[2024-10-08T08:40:05.206+0000] {processor.py:208} INFO - Processing /root/miniconda3/envs/project/lib/python3.8/site-packages/airflow/example_dags/example_branch_operator_decorator.py took 0.038 seconds
[2024-10-08T08:41:12.523+0000] {processor.py:186} INFO - Started process (PID=216227) to work on /root/miniconda3/envs/project/lib/python3.8/site-packages/airflow/example_dags/example_branch_operator_decorator.py
[2024-10-08T08:41:12.527+0000] {processor.py:914} INFO - Processing file /root/miniconda3/envs/project/lib/python3.8/site-packages/airflow/example_dags/example_branch_operator_decorator.py for tasks to queue
[2024-10-08T08:41:12.530+0000] {logging_mixin.py:190} INFO - [2024-10-08T08:41:12.530+0000] {dagbag.py:588} INFO - Filling up the DagBag from /root/miniconda3/envs/project/lib/python3.8/site-packages/airflow/example_dags/example_branch_operator_decorator.py
[2024-10-08T08:41:12.535+0000] {processor.py:927} WARNING - No viable dags retrieved from /root/miniconda3/envs/project/lib/python3.8/site-packages/airflow/example_dags/example_branch_operator_decorator.py
[2024-10-08T08:41:12.552+0000] {processor.py:208} INFO - Processing /root/miniconda3/envs/project/lib/python3.8/site-packages/airflow/example_dags/example_branch_operator_decorator.py took 0.041 seconds
[2024-10-08T08:42:19.506+0000] {processor.py:186} INFO - Started process (PID=216570) to work on /root/miniconda3/envs/project/lib/python3.8/site-packages/airflow/example_dags/example_branch_operator_decorator.py
[2024-10-08T08:42:19.509+0000] {processor.py:914} INFO - Processing file /root/miniconda3/envs/project/lib/python3.8/site-packages/airflow/example_dags/example_branch_operator_decorator.py for tasks to queue
[2024-10-08T08:42:19.513+0000] {logging_mixin.py:190} INFO - [2024-10-08T08:42:19.512+0000] {dagbag.py:588} INFO - Filling up the DagBag from /root/miniconda3/envs/project/lib/python3.8/site-packages/airflow/example_dags/example_branch_operator_decorator.py
[2024-10-08T08:42:19.517+0000] {processor.py:927} WARNING - No viable dags retrieved from /root/miniconda3/envs/project/lib/python3.8/site-packages/airflow/example_dags/example_branch_operator_decorator.py
[2024-10-08T08:42:19.533+0000] {processor.py:208} INFO - Processing /root/miniconda3/envs/project/lib/python3.8/site-packages/airflow/example_dags/example_branch_operator_decorator.py took 0.037 seconds
[2024-10-08T08:43:26.325+0000] {processor.py:186} INFO - Started process (PID=216788) to work on /root/miniconda3/envs/project/lib/python3.8/site-packages/airflow/example_dags/example_branch_operator_decorator.py
[2024-10-08T08:43:26.327+0000] {processor.py:914} INFO - Processing file /root/miniconda3/envs/project/lib/python3.8/site-packages/airflow/example_dags/example_branch_operator_decorator.py for tasks to queue
[2024-10-08T08:43:26.331+0000] {logging_mixin.py:190} INFO - [2024-10-08T08:43:26.330+0000] {dagbag.py:588} INFO - Filling up the DagBag from /root/miniconda3/envs/project/lib/python3.8/site-packages/airflow/example_dags/example_branch_operator_decorator.py
[2024-10-08T08:43:26.335+0000] {processor.py:927} WARNING - No viable dags retrieved from /root/miniconda3/envs/project/lib/python3.8/site-packages/airflow/example_dags/example_branch_operator_decorator.py
[2024-10-08T08:43:26.352+0000] {processor.py:208} INFO - Processing /root/miniconda3/envs/project/lib/python3.8/site-packages/airflow/example_dags/example_branch_operator_decorator.py took 0.040 seconds
[2024-10-08T08:44:37.302+0000] {processor.py:186} INFO - Started process (PID=217020) to work on /root/miniconda3/envs/project/lib/python3.8/site-packages/airflow/example_dags/example_branch_operator_decorator.py
[2024-10-08T08:44:37.305+0000] {processor.py:914} INFO - Processing file /root/miniconda3/envs/project/lib/python3.8/site-packages/airflow/example_dags/example_branch_operator_decorator.py for tasks to queue
[2024-10-08T08:44:37.309+0000] {logging_mixin.py:190} INFO - [2024-10-08T08:44:37.308+0000] {dagbag.py:588} INFO - Filling up the DagBag from /root/miniconda3/envs/project/lib/python3.8/site-packages/airflow/example_dags/example_branch_operator_decorator.py
[2024-10-08T08:44:37.313+0000] {processor.py:927} WARNING - No viable dags retrieved from /root/miniconda3/envs/project/lib/python3.8/site-packages/airflow/example_dags/example_branch_operator_decorator.py
[2024-10-08T08:44:37.330+0000] {processor.py:208} INFO - Processing /root/miniconda3/envs/project/lib/python3.8/site-packages/airflow/example_dags/example_branch_operator_decorator.py took 0.039 seconds
[2024-10-08T08:45:51.223+0000] {processor.py:186} INFO - Started process (PID=217304) to work on /root/miniconda3/envs/project/lib/python3.8/site-packages/airflow/example_dags/example_branch_operator_decorator.py
[2024-10-08T08:45:51.226+0000] {processor.py:914} INFO - Processing file /root/miniconda3/envs/project/lib/python3.8/site-packages/airflow/example_dags/example_branch_operator_decorator.py for tasks to queue
[2024-10-08T08:45:51.231+0000] {logging_mixin.py:190} INFO - [2024-10-08T08:45:51.230+0000] {dagbag.py:588} INFO - Filling up the DagBag from /root/miniconda3/envs/project/lib/python3.8/site-packages/airflow/example_dags/example_branch_operator_decorator.py
[2024-10-08T08:45:51.236+0000] {processor.py:927} WARNING - No viable dags retrieved from /root/miniconda3/envs/project/lib/python3.8/site-packages/airflow/example_dags/example_branch_operator_decorator.py
[2024-10-08T08:45:51.252+0000] {processor.py:208} INFO - Processing /root/miniconda3/envs/project/lib/python3.8/site-packages/airflow/example_dags/example_branch_operator_decorator.py took 0.041 seconds
[2024-10-08T08:47:02.609+0000] {processor.py:186} INFO - Started process (PID=217655) to work on /root/miniconda3/envs/project/lib/python3.8/site-packages/airflow/example_dags/example_branch_operator_decorator.py
[2024-10-08T08:47:02.612+0000] {processor.py:914} INFO - Processing file /root/miniconda3/envs/project/lib/python3.8/site-packages/airflow/example_dags/example_branch_operator_decorator.py for tasks to queue
[2024-10-08T08:47:02.615+0000] {logging_mixin.py:190} INFO - [2024-10-08T08:47:02.614+0000] {dagbag.py:588} INFO - Filling up the DagBag from /root/miniconda3/envs/project/lib/python3.8/site-packages/airflow/example_dags/example_branch_operator_decorator.py
[2024-10-08T08:47:02.619+0000] {processor.py:927} WARNING - No viable dags retrieved from /root/miniconda3/envs/project/lib/python3.8/site-packages/airflow/example_dags/example_branch_operator_decorator.py
[2024-10-08T08:47:02.635+0000] {processor.py:208} INFO - Processing /root/miniconda3/envs/project/lib/python3.8/site-packages/airflow/example_dags/example_branch_operator_decorator.py took 0.036 seconds
[2024-10-08T08:48:15.513+0000] {processor.py:186} INFO - Started process (PID=217953) to work on /root/miniconda3/envs/project/lib/python3.8/site-packages/airflow/example_dags/example_branch_operator_decorator.py
[2024-10-08T08:48:15.516+0000] {processor.py:914} INFO - Processing file /root/miniconda3/envs/project/lib/python3.8/site-packages/airflow/example_dags/example_branch_operator_decorator.py for tasks to queue
[2024-10-08T08:48:15.519+0000] {logging_mixin.py:190} INFO - [2024-10-08T08:48:15.519+0000] {dagbag.py:588} INFO - Filling up the DagBag from /root/miniconda3/envs/project/lib/python3.8/site-packages/airflow/example_dags/example_branch_operator_decorator.py
[2024-10-08T08:48:15.524+0000] {processor.py:927} WARNING - No viable dags retrieved from /root/miniconda3/envs/project/lib/python3.8/site-packages/airflow/example_dags/example_branch_operator_decorator.py
[2024-10-08T08:48:15.540+0000] {processor.py:208} INFO - Processing /root/miniconda3/envs/project/lib/python3.8/site-packages/airflow/example_dags/example_branch_operator_decorator.py took 0.038 seconds
[2024-10-08T08:49:26.318+0000] {processor.py:186} INFO - Started process (PID=218176) to work on /root/miniconda3/envs/project/lib/python3.8/site-packages/airflow/example_dags/example_branch_operator_decorator.py
[2024-10-08T08:49:26.321+0000] {processor.py:914} INFO - Processing file /root/miniconda3/envs/project/lib/python3.8/site-packages/airflow/example_dags/example_branch_operator_decorator.py for tasks to queue
[2024-10-08T08:49:26.324+0000] {logging_mixin.py:190} INFO - [2024-10-08T08:49:26.324+0000] {dagbag.py:588} INFO - Filling up the DagBag from /root/miniconda3/envs/project/lib/python3.8/site-packages/airflow/example_dags/example_branch_operator_decorator.py
[2024-10-08T08:49:26.328+0000] {processor.py:927} WARNING - No viable dags retrieved from /root/miniconda3/envs/project/lib/python3.8/site-packages/airflow/example_dags/example_branch_operator_decorator.py
[2024-10-08T08:49:26.345+0000] {processor.py:208} INFO - Processing /root/miniconda3/envs/project/lib/python3.8/site-packages/airflow/example_dags/example_branch_operator_decorator.py took 0.037 seconds
[2024-10-08T08:50:36.971+0000] {processor.py:186} INFO - Started process (PID=218403) to work on /root/miniconda3/envs/project/lib/python3.8/site-packages/airflow/example_dags/example_branch_operator_decorator.py
[2024-10-08T08:50:36.974+0000] {processor.py:914} INFO - Processing file /root/miniconda3/envs/project/lib/python3.8/site-packages/airflow/example_dags/example_branch_operator_decorator.py for tasks to queue
[2024-10-08T08:50:36.977+0000] {logging_mixin.py:190} INFO - [2024-10-08T08:50:36.977+0000] {dagbag.py:588} INFO - Filling up the DagBag from /root/miniconda3/envs/project/lib/python3.8/site-packages/airflow/example_dags/example_branch_operator_decorator.py
[2024-10-08T08:50:36.982+0000] {processor.py:927} WARNING - No viable dags retrieved from /root/miniconda3/envs/project/lib/python3.8/site-packages/airflow/example_dags/example_branch_operator_decorator.py
[2024-10-08T08:50:36.998+0000] {processor.py:208} INFO - Processing /root/miniconda3/envs/project/lib/python3.8/site-packages/airflow/example_dags/example_branch_operator_decorator.py took 0.037 seconds
[2024-10-08T09:09:20.035+0000] {processor.py:186} INFO - Started process (PID=220921) to work on /root/miniconda3/envs/project/lib/python3.8/site-packages/airflow/example_dags/example_branch_operator_decorator.py
[2024-10-08T09:09:20.038+0000] {processor.py:914} INFO - Processing file /root/miniconda3/envs/project/lib/python3.8/site-packages/airflow/example_dags/example_branch_operator_decorator.py for tasks to queue
[2024-10-08T09:09:20.041+0000] {logging_mixin.py:190} INFO - [2024-10-08T09:09:20.041+0000] {dagbag.py:588} INFO - Filling up the DagBag from /root/miniconda3/envs/project/lib/python3.8/site-packages/airflow/example_dags/example_branch_operator_decorator.py
[2024-10-08T09:09:20.046+0000] {processor.py:927} WARNING - No viable dags retrieved from /root/miniconda3/envs/project/lib/python3.8/site-packages/airflow/example_dags/example_branch_operator_decorator.py
[2024-10-08T09:09:20.063+0000] {processor.py:208} INFO - Processing /root/miniconda3/envs/project/lib/python3.8/site-packages/airflow/example_dags/example_branch_operator_decorator.py took 0.041 seconds
[2024-10-08T09:10:49.161+0000] {processor.py:186} INFO - Started process (PID=221641) to work on /root/miniconda3/envs/project/lib/python3.8/site-packages/airflow/example_dags/example_branch_operator_decorator.py
[2024-10-08T09:10:49.164+0000] {processor.py:914} INFO - Processing file /root/miniconda3/envs/project/lib/python3.8/site-packages/airflow/example_dags/example_branch_operator_decorator.py for tasks to queue
[2024-10-08T09:10:49.168+0000] {logging_mixin.py:190} INFO - [2024-10-08T09:10:49.167+0000] {dagbag.py:588} INFO - Filling up the DagBag from /root/miniconda3/envs/project/lib/python3.8/site-packages/airflow/example_dags/example_branch_operator_decorator.py
[2024-10-08T09:10:49.172+0000] {processor.py:927} WARNING - No viable dags retrieved from /root/miniconda3/envs/project/lib/python3.8/site-packages/airflow/example_dags/example_branch_operator_decorator.py
[2024-10-08T09:10:49.191+0000] {processor.py:208} INFO - Processing /root/miniconda3/envs/project/lib/python3.8/site-packages/airflow/example_dags/example_branch_operator_decorator.py took 0.041 seconds
[2024-10-08T09:11:58.260+0000] {processor.py:186} INFO - Started process (PID=221951) to work on /root/miniconda3/envs/project/lib/python3.8/site-packages/airflow/example_dags/example_branch_operator_decorator.py
[2024-10-08T09:11:58.263+0000] {processor.py:914} INFO - Processing file /root/miniconda3/envs/project/lib/python3.8/site-packages/airflow/example_dags/example_branch_operator_decorator.py for tasks to queue
[2024-10-08T09:11:58.266+0000] {logging_mixin.py:190} INFO - [2024-10-08T09:11:58.266+0000] {dagbag.py:588} INFO - Filling up the DagBag from /root/miniconda3/envs/project/lib/python3.8/site-packages/airflow/example_dags/example_branch_operator_decorator.py
[2024-10-08T09:11:58.271+0000] {processor.py:927} WARNING - No viable dags retrieved from /root/miniconda3/envs/project/lib/python3.8/site-packages/airflow/example_dags/example_branch_operator_decorator.py
[2024-10-08T09:11:58.288+0000] {processor.py:208} INFO - Processing /root/miniconda3/envs/project/lib/python3.8/site-packages/airflow/example_dags/example_branch_operator_decorator.py took 0.039 seconds
[2024-10-08T09:13:02.708+0000] {processor.py:186} INFO - Started process (PID=222195) to work on /root/miniconda3/envs/project/lib/python3.8/site-packages/airflow/example_dags/example_branch_operator_decorator.py
[2024-10-08T09:13:02.711+0000] {processor.py:914} INFO - Processing file /root/miniconda3/envs/project/lib/python3.8/site-packages/airflow/example_dags/example_branch_operator_decorator.py for tasks to queue
[2024-10-08T09:13:02.715+0000] {logging_mixin.py:190} INFO - [2024-10-08T09:13:02.714+0000] {dagbag.py:588} INFO - Filling up the DagBag from /root/miniconda3/envs/project/lib/python3.8/site-packages/airflow/example_dags/example_branch_operator_decorator.py
[2024-10-08T09:13:02.719+0000] {processor.py:927} WARNING - No viable dags retrieved from /root/miniconda3/envs/project/lib/python3.8/site-packages/airflow/example_dags/example_branch_operator_decorator.py
[2024-10-08T09:13:02.735+0000] {processor.py:208} INFO - Processing /root/miniconda3/envs/project/lib/python3.8/site-packages/airflow/example_dags/example_branch_operator_decorator.py took 0.038 seconds
[2024-10-08T09:14:09.731+0000] {processor.py:186} INFO - Started process (PID=222538) to work on /root/miniconda3/envs/project/lib/python3.8/site-packages/airflow/example_dags/example_branch_operator_decorator.py
[2024-10-08T09:14:09.733+0000] {processor.py:914} INFO - Processing file /root/miniconda3/envs/project/lib/python3.8/site-packages/airflow/example_dags/example_branch_operator_decorator.py for tasks to queue
[2024-10-08T09:14:09.737+0000] {logging_mixin.py:190} INFO - [2024-10-08T09:14:09.736+0000] {dagbag.py:588} INFO - Filling up the DagBag from /root/miniconda3/envs/project/lib/python3.8/site-packages/airflow/example_dags/example_branch_operator_decorator.py
[2024-10-08T09:14:09.741+0000] {processor.py:927} WARNING - No viable dags retrieved from /root/miniconda3/envs/project/lib/python3.8/site-packages/airflow/example_dags/example_branch_operator_decorator.py
[2024-10-08T09:14:09.758+0000] {processor.py:208} INFO - Processing /root/miniconda3/envs/project/lib/python3.8/site-packages/airflow/example_dags/example_branch_operator_decorator.py took 0.039 seconds
[2024-10-08T09:15:15.632+0000] {processor.py:186} INFO - Started process (PID=222807) to work on /root/miniconda3/envs/project/lib/python3.8/site-packages/airflow/example_dags/example_branch_operator_decorator.py
[2024-10-08T09:15:15.635+0000] {processor.py:914} INFO - Processing file /root/miniconda3/envs/project/lib/python3.8/site-packages/airflow/example_dags/example_branch_operator_decorator.py for tasks to queue
[2024-10-08T09:15:15.639+0000] {logging_mixin.py:190} INFO - [2024-10-08T09:15:15.638+0000] {dagbag.py:588} INFO - Filling up the DagBag from /root/miniconda3/envs/project/lib/python3.8/site-packages/airflow/example_dags/example_branch_operator_decorator.py
[2024-10-08T09:15:15.643+0000] {processor.py:927} WARNING - No viable dags retrieved from /root/miniconda3/envs/project/lib/python3.8/site-packages/airflow/example_dags/example_branch_operator_decorator.py
[2024-10-08T09:15:15.660+0000] {processor.py:208} INFO - Processing /root/miniconda3/envs/project/lib/python3.8/site-packages/airflow/example_dags/example_branch_operator_decorator.py took 0.039 seconds
[2024-10-08T09:16:30.216+0000] {processor.py:186} INFO - Started process (PID=223042) to work on /root/miniconda3/envs/project/lib/python3.8/site-packages/airflow/example_dags/example_branch_operator_decorator.py
[2024-10-08T09:16:30.220+0000] {processor.py:914} INFO - Processing file /root/miniconda3/envs/project/lib/python3.8/site-packages/airflow/example_dags/example_branch_operator_decorator.py for tasks to queue
[2024-10-08T09:16:30.224+0000] {logging_mixin.py:190} INFO - [2024-10-08T09:16:30.223+0000] {dagbag.py:588} INFO - Filling up the DagBag from /root/miniconda3/envs/project/lib/python3.8/site-packages/airflow/example_dags/example_branch_operator_decorator.py
[2024-10-08T09:16:30.229+0000] {processor.py:927} WARNING - No viable dags retrieved from /root/miniconda3/envs/project/lib/python3.8/site-packages/airflow/example_dags/example_branch_operator_decorator.py
[2024-10-08T09:16:30.247+0000] {processor.py:208} INFO - Processing /root/miniconda3/envs/project/lib/python3.8/site-packages/airflow/example_dags/example_branch_operator_decorator.py took 0.042 seconds
[2024-10-08T09:17:39.568+0000] {processor.py:186} INFO - Started process (PID=223274) to work on /root/miniconda3/envs/project/lib/python3.8/site-packages/airflow/example_dags/example_branch_operator_decorator.py
[2024-10-08T09:17:39.572+0000] {processor.py:914} INFO - Processing file /root/miniconda3/envs/project/lib/python3.8/site-packages/airflow/example_dags/example_branch_operator_decorator.py for tasks to queue
[2024-10-08T09:17:39.575+0000] {logging_mixin.py:190} INFO - [2024-10-08T09:17:39.575+0000] {dagbag.py:588} INFO - Filling up the DagBag from /root/miniconda3/envs/project/lib/python3.8/site-packages/airflow/example_dags/example_branch_operator_decorator.py
[2024-10-08T09:17:39.579+0000] {processor.py:927} WARNING - No viable dags retrieved from /root/miniconda3/envs/project/lib/python3.8/site-packages/airflow/example_dags/example_branch_operator_decorator.py
[2024-10-08T09:17:39.596+0000] {processor.py:208} INFO - Processing /root/miniconda3/envs/project/lib/python3.8/site-packages/airflow/example_dags/example_branch_operator_decorator.py took 0.044 seconds
[2024-10-08T09:18:50.044+0000] {processor.py:186} INFO - Started process (PID=223561) to work on /root/miniconda3/envs/project/lib/python3.8/site-packages/airflow/example_dags/example_branch_operator_decorator.py
[2024-10-08T09:18:50.047+0000] {processor.py:914} INFO - Processing file /root/miniconda3/envs/project/lib/python3.8/site-packages/airflow/example_dags/example_branch_operator_decorator.py for tasks to queue
[2024-10-08T09:18:50.050+0000] {logging_mixin.py:190} INFO - [2024-10-08T09:18:50.050+0000] {dagbag.py:588} INFO - Filling up the DagBag from /root/miniconda3/envs/project/lib/python3.8/site-packages/airflow/example_dags/example_branch_operator_decorator.py
[2024-10-08T09:18:50.055+0000] {processor.py:927} WARNING - No viable dags retrieved from /root/miniconda3/envs/project/lib/python3.8/site-packages/airflow/example_dags/example_branch_operator_decorator.py
[2024-10-08T09:18:50.071+0000] {processor.py:208} INFO - Processing /root/miniconda3/envs/project/lib/python3.8/site-packages/airflow/example_dags/example_branch_operator_decorator.py took 0.039 seconds
[2024-10-08T09:20:03.063+0000] {processor.py:186} INFO - Started process (PID=223854) to work on /root/miniconda3/envs/project/lib/python3.8/site-packages/airflow/example_dags/example_branch_operator_decorator.py
[2024-10-08T09:20:03.066+0000] {processor.py:914} INFO - Processing file /root/miniconda3/envs/project/lib/python3.8/site-packages/airflow/example_dags/example_branch_operator_decorator.py for tasks to queue
[2024-10-08T09:20:03.070+0000] {logging_mixin.py:190} INFO - [2024-10-08T09:20:03.069+0000] {dagbag.py:588} INFO - Filling up the DagBag from /root/miniconda3/envs/project/lib/python3.8/site-packages/airflow/example_dags/example_branch_operator_decorator.py
[2024-10-08T09:20:03.074+0000] {processor.py:927} WARNING - No viable dags retrieved from /root/miniconda3/envs/project/lib/python3.8/site-packages/airflow/example_dags/example_branch_operator_decorator.py
[2024-10-08T09:20:03.090+0000] {processor.py:208} INFO - Processing /root/miniconda3/envs/project/lib/python3.8/site-packages/airflow/example_dags/example_branch_operator_decorator.py took 0.038 seconds
[2024-10-08T09:21:15.843+0000] {processor.py:186} INFO - Started process (PID=224087) to work on /root/miniconda3/envs/project/lib/python3.8/site-packages/airflow/example_dags/example_branch_operator_decorator.py
[2024-10-08T09:21:15.846+0000] {processor.py:914} INFO - Processing file /root/miniconda3/envs/project/lib/python3.8/site-packages/airflow/example_dags/example_branch_operator_decorator.py for tasks to queue
[2024-10-08T09:21:15.849+0000] {logging_mixin.py:190} INFO - [2024-10-08T09:21:15.849+0000] {dagbag.py:588} INFO - Filling up the DagBag from /root/miniconda3/envs/project/lib/python3.8/site-packages/airflow/example_dags/example_branch_operator_decorator.py
[2024-10-08T09:21:15.854+0000] {processor.py:927} WARNING - No viable dags retrieved from /root/miniconda3/envs/project/lib/python3.8/site-packages/airflow/example_dags/example_branch_operator_decorator.py
[2024-10-08T09:21:15.870+0000] {processor.py:208} INFO - Processing /root/miniconda3/envs/project/lib/python3.8/site-packages/airflow/example_dags/example_branch_operator_decorator.py took 0.038 seconds
[2024-10-08T09:22:25.294+0000] {processor.py:186} INFO - Started process (PID=224314) to work on /root/miniconda3/envs/project/lib/python3.8/site-packages/airflow/example_dags/example_branch_operator_decorator.py
[2024-10-08T09:22:25.296+0000] {processor.py:914} INFO - Processing file /root/miniconda3/envs/project/lib/python3.8/site-packages/airflow/example_dags/example_branch_operator_decorator.py for tasks to queue
[2024-10-08T09:22:25.300+0000] {logging_mixin.py:190} INFO - [2024-10-08T09:22:25.299+0000] {dagbag.py:588} INFO - Filling up the DagBag from /root/miniconda3/envs/project/lib/python3.8/site-packages/airflow/example_dags/example_branch_operator_decorator.py
[2024-10-08T09:22:25.304+0000] {processor.py:927} WARNING - No viable dags retrieved from /root/miniconda3/envs/project/lib/python3.8/site-packages/airflow/example_dags/example_branch_operator_decorator.py
[2024-10-08T09:22:25.320+0000] {processor.py:208} INFO - Processing /root/miniconda3/envs/project/lib/python3.8/site-packages/airflow/example_dags/example_branch_operator_decorator.py took 0.038 seconds
[2024-10-08T09:23:35.222+0000] {processor.py:186} INFO - Started process (PID=224506) to work on /root/miniconda3/envs/project/lib/python3.8/site-packages/airflow/example_dags/example_branch_operator_decorator.py
[2024-10-08T09:23:35.225+0000] {processor.py:914} INFO - Processing file /root/miniconda3/envs/project/lib/python3.8/site-packages/airflow/example_dags/example_branch_operator_decorator.py for tasks to queue
[2024-10-08T09:23:35.228+0000] {logging_mixin.py:190} INFO - [2024-10-08T09:23:35.228+0000] {dagbag.py:588} INFO - Filling up the DagBag from /root/miniconda3/envs/project/lib/python3.8/site-packages/airflow/example_dags/example_branch_operator_decorator.py
[2024-10-08T09:23:35.232+0000] {processor.py:927} WARNING - No viable dags retrieved from /root/miniconda3/envs/project/lib/python3.8/site-packages/airflow/example_dags/example_branch_operator_decorator.py
[2024-10-08T09:23:35.248+0000] {processor.py:208} INFO - Processing /root/miniconda3/envs/project/lib/python3.8/site-packages/airflow/example_dags/example_branch_operator_decorator.py took 0.037 seconds
[2024-10-08T09:24:45.748+0000] {processor.py:186} INFO - Started process (PID=224990) to work on /root/miniconda3/envs/project/lib/python3.8/site-packages/airflow/example_dags/example_branch_operator_decorator.py
[2024-10-08T09:24:45.751+0000] {processor.py:914} INFO - Processing file /root/miniconda3/envs/project/lib/python3.8/site-packages/airflow/example_dags/example_branch_operator_decorator.py for tasks to queue
[2024-10-08T09:24:45.755+0000] {logging_mixin.py:190} INFO - [2024-10-08T09:24:45.754+0000] {dagbag.py:588} INFO - Filling up the DagBag from /root/miniconda3/envs/project/lib/python3.8/site-packages/airflow/example_dags/example_branch_operator_decorator.py
[2024-10-08T09:24:45.759+0000] {processor.py:927} WARNING - No viable dags retrieved from /root/miniconda3/envs/project/lib/python3.8/site-packages/airflow/example_dags/example_branch_operator_decorator.py
[2024-10-08T09:24:45.776+0000] {processor.py:208} INFO - Processing /root/miniconda3/envs/project/lib/python3.8/site-packages/airflow/example_dags/example_branch_operator_decorator.py took 0.040 seconds
[2024-10-08T09:25:54.189+0000] {processor.py:186} INFO - Started process (PID=225581) to work on /root/miniconda3/envs/project/lib/python3.8/site-packages/airflow/example_dags/example_branch_operator_decorator.py
[2024-10-08T09:25:54.192+0000] {processor.py:914} INFO - Processing file /root/miniconda3/envs/project/lib/python3.8/site-packages/airflow/example_dags/example_branch_operator_decorator.py for tasks to queue
[2024-10-08T09:25:54.196+0000] {logging_mixin.py:190} INFO - [2024-10-08T09:25:54.195+0000] {dagbag.py:588} INFO - Filling up the DagBag from /root/miniconda3/envs/project/lib/python3.8/site-packages/airflow/example_dags/example_branch_operator_decorator.py
[2024-10-08T09:25:54.201+0000] {processor.py:927} WARNING - No viable dags retrieved from /root/miniconda3/envs/project/lib/python3.8/site-packages/airflow/example_dags/example_branch_operator_decorator.py
[2024-10-08T09:25:54.218+0000] {processor.py:208} INFO - Processing /root/miniconda3/envs/project/lib/python3.8/site-packages/airflow/example_dags/example_branch_operator_decorator.py took 0.041 seconds
[2024-10-08T09:27:07.326+0000] {processor.py:186} INFO - Started process (PID=225999) to work on /root/miniconda3/envs/project/lib/python3.8/site-packages/airflow/example_dags/example_branch_operator_decorator.py
[2024-10-08T09:27:07.329+0000] {processor.py:914} INFO - Processing file /root/miniconda3/envs/project/lib/python3.8/site-packages/airflow/example_dags/example_branch_operator_decorator.py for tasks to queue
[2024-10-08T09:27:07.333+0000] {logging_mixin.py:190} INFO - [2024-10-08T09:27:07.332+0000] {dagbag.py:588} INFO - Filling up the DagBag from /root/miniconda3/envs/project/lib/python3.8/site-packages/airflow/example_dags/example_branch_operator_decorator.py
[2024-10-08T09:27:07.337+0000] {processor.py:927} WARNING - No viable dags retrieved from /root/miniconda3/envs/project/lib/python3.8/site-packages/airflow/example_dags/example_branch_operator_decorator.py
[2024-10-08T09:27:07.354+0000] {processor.py:208} INFO - Processing /root/miniconda3/envs/project/lib/python3.8/site-packages/airflow/example_dags/example_branch_operator_decorator.py took 0.040 seconds
[2024-10-08T09:28:18.231+0000] {processor.py:186} INFO - Started process (PID=226493) to work on /root/miniconda3/envs/project/lib/python3.8/site-packages/airflow/example_dags/example_branch_operator_decorator.py
[2024-10-08T09:28:18.234+0000] {processor.py:914} INFO - Processing file /root/miniconda3/envs/project/lib/python3.8/site-packages/airflow/example_dags/example_branch_operator_decorator.py for tasks to queue
[2024-10-08T09:28:18.237+0000] {logging_mixin.py:190} INFO - [2024-10-08T09:28:18.237+0000] {dagbag.py:588} INFO - Filling up the DagBag from /root/miniconda3/envs/project/lib/python3.8/site-packages/airflow/example_dags/example_branch_operator_decorator.py
[2024-10-08T09:28:18.242+0000] {processor.py:927} WARNING - No viable dags retrieved from /root/miniconda3/envs/project/lib/python3.8/site-packages/airflow/example_dags/example_branch_operator_decorator.py
[2024-10-08T09:28:18.259+0000] {processor.py:208} INFO - Processing /root/miniconda3/envs/project/lib/python3.8/site-packages/airflow/example_dags/example_branch_operator_decorator.py took 0.038 seconds
[2024-10-08T09:29:35.294+0000] {processor.py:186} INFO - Started process (PID=227053) to work on /root/miniconda3/envs/project/lib/python3.8/site-packages/airflow/example_dags/example_branch_operator_decorator.py
[2024-10-08T09:29:35.297+0000] {processor.py:914} INFO - Processing file /root/miniconda3/envs/project/lib/python3.8/site-packages/airflow/example_dags/example_branch_operator_decorator.py for tasks to queue
[2024-10-08T09:29:35.301+0000] {logging_mixin.py:190} INFO - [2024-10-08T09:29:35.300+0000] {dagbag.py:588} INFO - Filling up the DagBag from /root/miniconda3/envs/project/lib/python3.8/site-packages/airflow/example_dags/example_branch_operator_decorator.py
[2024-10-08T09:29:35.305+0000] {processor.py:927} WARNING - No viable dags retrieved from /root/miniconda3/envs/project/lib/python3.8/site-packages/airflow/example_dags/example_branch_operator_decorator.py
[2024-10-08T09:29:35.322+0000] {processor.py:208} INFO - Processing /root/miniconda3/envs/project/lib/python3.8/site-packages/airflow/example_dags/example_branch_operator_decorator.py took 0.040 seconds
[2024-10-08T09:30:59.067+0000] {processor.py:186} INFO - Started process (PID=228026) to work on /root/miniconda3/envs/project/lib/python3.8/site-packages/airflow/example_dags/example_branch_operator_decorator.py
[2024-10-08T09:30:59.071+0000] {processor.py:914} INFO - Processing file /root/miniconda3/envs/project/lib/python3.8/site-packages/airflow/example_dags/example_branch_operator_decorator.py for tasks to queue
[2024-10-08T09:30:59.074+0000] {logging_mixin.py:190} INFO - [2024-10-08T09:30:59.073+0000] {dagbag.py:588} INFO - Filling up the DagBag from /root/miniconda3/envs/project/lib/python3.8/site-packages/airflow/example_dags/example_branch_operator_decorator.py
[2024-10-08T09:30:59.078+0000] {processor.py:927} WARNING - No viable dags retrieved from /root/miniconda3/envs/project/lib/python3.8/site-packages/airflow/example_dags/example_branch_operator_decorator.py
[2024-10-08T09:30:59.095+0000] {processor.py:208} INFO - Processing /root/miniconda3/envs/project/lib/python3.8/site-packages/airflow/example_dags/example_branch_operator_decorator.py took 0.038 seconds
[2024-10-08T09:32:27.957+0000] {processor.py:186} INFO - Started process (PID=229056) to work on /root/miniconda3/envs/project/lib/python3.8/site-packages/airflow/example_dags/example_branch_operator_decorator.py
[2024-10-08T09:32:27.960+0000] {processor.py:914} INFO - Processing file /root/miniconda3/envs/project/lib/python3.8/site-packages/airflow/example_dags/example_branch_operator_decorator.py for tasks to queue
[2024-10-08T09:32:27.964+0000] {logging_mixin.py:190} INFO - [2024-10-08T09:32:27.963+0000] {dagbag.py:588} INFO - Filling up the DagBag from /root/miniconda3/envs/project/lib/python3.8/site-packages/airflow/example_dags/example_branch_operator_decorator.py
[2024-10-08T09:32:27.968+0000] {processor.py:927} WARNING - No viable dags retrieved from /root/miniconda3/envs/project/lib/python3.8/site-packages/airflow/example_dags/example_branch_operator_decorator.py
[2024-10-08T09:32:27.984+0000] {processor.py:208} INFO - Processing /root/miniconda3/envs/project/lib/python3.8/site-packages/airflow/example_dags/example_branch_operator_decorator.py took 0.037 seconds
[2024-10-08T09:33:40.431+0000] {processor.py:186} INFO - Started process (PID=229513) to work on /root/miniconda3/envs/project/lib/python3.8/site-packages/airflow/example_dags/example_branch_operator_decorator.py
[2024-10-08T09:33:40.435+0000] {processor.py:914} INFO - Processing file /root/miniconda3/envs/project/lib/python3.8/site-packages/airflow/example_dags/example_branch_operator_decorator.py for tasks to queue
[2024-10-08T09:33:40.439+0000] {logging_mixin.py:190} INFO - [2024-10-08T09:33:40.438+0000] {dagbag.py:588} INFO - Filling up the DagBag from /root/miniconda3/envs/project/lib/python3.8/site-packages/airflow/example_dags/example_branch_operator_decorator.py
[2024-10-08T09:33:40.443+0000] {processor.py:927} WARNING - No viable dags retrieved from /root/miniconda3/envs/project/lib/python3.8/site-packages/airflow/example_dags/example_branch_operator_decorator.py
[2024-10-08T09:33:40.462+0000] {processor.py:208} INFO - Processing /root/miniconda3/envs/project/lib/python3.8/site-packages/airflow/example_dags/example_branch_operator_decorator.py took 0.046 seconds
