[2024-10-08T07:57:25.416+0000] {processor.py:186} INFO - Started process (PID=207105) to work on /root/miniconda3/envs/project/lib/python3.8/site-packages/airflow/example_dags/example_sensors.py
[2024-10-08T07:57:25.417+0000] {processor.py:914} INFO - Processing file /root/miniconda3/envs/project/lib/python3.8/site-packages/airflow/example_dags/example_sensors.py for tasks to queue
[2024-10-08T07:57:25.420+0000] {logging_mixin.py:190} INFO - [2024-10-08T07:57:25.420+0000] {dagbag.py:588} INFO - Filling up the DagBag from /root/miniconda3/envs/project/lib/python3.8/site-packages/airflow/example_dags/example_sensors.py
[2024-10-08T07:57:25.437+0000] {processor.py:925} INFO - DAG(s) 'example_sensors' retrieved from /root/miniconda3/envs/project/lib/python3.8/site-packages/airflow/example_dags/example_sensors.py
[2024-10-08T07:57:25.597+0000] {logging_mixin.py:190} INFO - [2024-10-08T07:57:25.596+0000] {override.py:1901} INFO - Created Permission View: can delete on DAG:example_sensors
[2024-10-08T07:57:25.617+0000] {logging_mixin.py:190} INFO - [2024-10-08T07:57:25.616+0000] {override.py:1901} INFO - Created Permission View: can read on DAG:example_sensors
[2024-10-08T07:57:25.631+0000] {logging_mixin.py:190} INFO - [2024-10-08T07:57:25.630+0000] {override.py:1901} INFO - Created Permission View: can edit on DAG:example_sensors
[2024-10-08T07:57:25.654+0000] {logging_mixin.py:190} INFO - [2024-10-08T07:57:25.653+0000] {override.py:1901} INFO - Created Permission View: can delete on DAG Run:example_sensors
[2024-10-08T07:57:25.667+0000] {logging_mixin.py:190} INFO - [2024-10-08T07:57:25.667+0000] {override.py:1901} INFO - Created Permission View: menu access on DAG Run:example_sensors
[2024-10-08T07:57:25.681+0000] {logging_mixin.py:190} INFO - [2024-10-08T07:57:25.680+0000] {override.py:1901} INFO - Created Permission View: can create on DAG Run:example_sensors
[2024-10-08T07:57:25.694+0000] {logging_mixin.py:190} INFO - [2024-10-08T07:57:25.694+0000] {override.py:1901} INFO - Created Permission View: can read on DAG Run:example_sensors
[2024-10-08T07:57:25.695+0000] {logging_mixin.py:190} INFO - [2024-10-08T07:57:25.694+0000] {dag.py:3239} INFO - Sync 1 DAGs
[2024-10-08T07:57:25.714+0000] {logging_mixin.py:190} INFO - [2024-10-08T07:57:25.714+0000] {dag.py:3262} INFO - Creating ORM DAG for example_sensors
[2024-10-08T07:57:25.715+0000] {logging_mixin.py:190} INFO - [2024-10-08T07:57:25.715+0000] {dag.py:4180} INFO - Setting next_dagrun for example_sensors to None, run_after=None
[2024-10-08T07:57:25.746+0000] {processor.py:208} INFO - Processing /root/miniconda3/envs/project/lib/python3.8/site-packages/airflow/example_dags/example_sensors.py took 0.342 seconds
[2024-10-08T07:58:40.241+0000] {processor.py:186} INFO - Started process (PID=207307) to work on /root/miniconda3/envs/project/lib/python3.8/site-packages/airflow/example_dags/example_sensors.py
[2024-10-08T07:58:40.244+0000] {processor.py:914} INFO - Processing file /root/miniconda3/envs/project/lib/python3.8/site-packages/airflow/example_dags/example_sensors.py for tasks to queue
[2024-10-08T07:58:40.248+0000] {logging_mixin.py:190} INFO - [2024-10-08T07:58:40.248+0000] {dagbag.py:588} INFO - Filling up the DagBag from /root/miniconda3/envs/project/lib/python3.8/site-packages/airflow/example_dags/example_sensors.py
[2024-10-08T07:58:40.267+0000] {processor.py:925} INFO - DAG(s) 'example_sensors' retrieved from /root/miniconda3/envs/project/lib/python3.8/site-packages/airflow/example_dags/example_sensors.py
[2024-10-08T07:58:40.307+0000] {logging_mixin.py:190} INFO - [2024-10-08T07:58:40.307+0000] {dag.py:3239} INFO - Sync 1 DAGs
[2024-10-08T07:58:40.327+0000] {logging_mixin.py:190} INFO - [2024-10-08T07:58:40.327+0000] {dag.py:4180} INFO - Setting next_dagrun for example_sensors to None, run_after=None
[2024-10-08T07:58:40.365+0000] {processor.py:208} INFO - Processing /root/miniconda3/envs/project/lib/python3.8/site-packages/airflow/example_dags/example_sensors.py took 0.134 seconds
[2024-10-08T07:59:52.369+0000] {processor.py:186} INFO - Started process (PID=207566) to work on /root/miniconda3/envs/project/lib/python3.8/site-packages/airflow/example_dags/example_sensors.py
[2024-10-08T07:59:52.372+0000] {processor.py:914} INFO - Processing file /root/miniconda3/envs/project/lib/python3.8/site-packages/airflow/example_dags/example_sensors.py for tasks to queue
[2024-10-08T07:59:52.375+0000] {logging_mixin.py:190} INFO - [2024-10-08T07:59:52.375+0000] {dagbag.py:588} INFO - Filling up the DagBag from /root/miniconda3/envs/project/lib/python3.8/site-packages/airflow/example_dags/example_sensors.py
[2024-10-08T07:59:52.392+0000] {processor.py:925} INFO - DAG(s) 'example_sensors' retrieved from /root/miniconda3/envs/project/lib/python3.8/site-packages/airflow/example_dags/example_sensors.py
[2024-10-08T07:59:52.424+0000] {logging_mixin.py:190} INFO - [2024-10-08T07:59:52.424+0000] {dag.py:3239} INFO - Sync 1 DAGs
[2024-10-08T07:59:52.442+0000] {logging_mixin.py:190} INFO - [2024-10-08T07:59:52.442+0000] {dag.py:4180} INFO - Setting next_dagrun for example_sensors to None, run_after=None
[2024-10-08T07:59:52.475+0000] {processor.py:208} INFO - Processing /root/miniconda3/envs/project/lib/python3.8/site-packages/airflow/example_dags/example_sensors.py took 0.118 seconds
[2024-10-08T08:01:02.492+0000] {processor.py:186} INFO - Started process (PID=207958) to work on /root/miniconda3/envs/project/lib/python3.8/site-packages/airflow/example_dags/example_sensors.py
[2024-10-08T08:01:02.495+0000] {processor.py:914} INFO - Processing file /root/miniconda3/envs/project/lib/python3.8/site-packages/airflow/example_dags/example_sensors.py for tasks to queue
[2024-10-08T08:01:02.498+0000] {logging_mixin.py:190} INFO - [2024-10-08T08:01:02.498+0000] {dagbag.py:588} INFO - Filling up the DagBag from /root/miniconda3/envs/project/lib/python3.8/site-packages/airflow/example_dags/example_sensors.py
[2024-10-08T08:01:02.516+0000] {processor.py:925} INFO - DAG(s) 'example_sensors' retrieved from /root/miniconda3/envs/project/lib/python3.8/site-packages/airflow/example_dags/example_sensors.py
[2024-10-08T08:01:02.550+0000] {logging_mixin.py:190} INFO - [2024-10-08T08:01:02.550+0000] {dag.py:3239} INFO - Sync 1 DAGs
[2024-10-08T08:01:02.568+0000] {logging_mixin.py:190} INFO - [2024-10-08T08:01:02.567+0000] {dag.py:4180} INFO - Setting next_dagrun for example_sensors to None, run_after=None
[2024-10-08T08:01:02.601+0000] {processor.py:208} INFO - Processing /root/miniconda3/envs/project/lib/python3.8/site-packages/airflow/example_dags/example_sensors.py took 0.121 seconds
[2024-10-08T08:02:16.514+0000] {processor.py:186} INFO - Started process (PID=208215) to work on /root/miniconda3/envs/project/lib/python3.8/site-packages/airflow/example_dags/example_sensors.py
[2024-10-08T08:02:16.517+0000] {processor.py:914} INFO - Processing file /root/miniconda3/envs/project/lib/python3.8/site-packages/airflow/example_dags/example_sensors.py for tasks to queue
[2024-10-08T08:02:16.520+0000] {logging_mixin.py:190} INFO - [2024-10-08T08:02:16.519+0000] {dagbag.py:588} INFO - Filling up the DagBag from /root/miniconda3/envs/project/lib/python3.8/site-packages/airflow/example_dags/example_sensors.py
[2024-10-08T08:02:16.538+0000] {processor.py:925} INFO - DAG(s) 'example_sensors' retrieved from /root/miniconda3/envs/project/lib/python3.8/site-packages/airflow/example_dags/example_sensors.py
[2024-10-08T08:02:16.570+0000] {logging_mixin.py:190} INFO - [2024-10-08T08:02:16.570+0000] {dag.py:3239} INFO - Sync 1 DAGs
[2024-10-08T08:02:16.588+0000] {logging_mixin.py:190} INFO - [2024-10-08T08:02:16.588+0000] {dag.py:4180} INFO - Setting next_dagrun for example_sensors to None, run_after=None
[2024-10-08T08:02:16.620+0000] {processor.py:208} INFO - Processing /root/miniconda3/envs/project/lib/python3.8/site-packages/airflow/example_dags/example_sensors.py took 0.119 seconds
[2024-10-08T08:03:27.252+0000] {processor.py:186} INFO - Started process (PID=208417) to work on /root/miniconda3/envs/project/lib/python3.8/site-packages/airflow/example_dags/example_sensors.py
[2024-10-08T08:03:27.255+0000] {processor.py:914} INFO - Processing file /root/miniconda3/envs/project/lib/python3.8/site-packages/airflow/example_dags/example_sensors.py for tasks to queue
[2024-10-08T08:03:27.258+0000] {logging_mixin.py:190} INFO - [2024-10-08T08:03:27.258+0000] {dagbag.py:588} INFO - Filling up the DagBag from /root/miniconda3/envs/project/lib/python3.8/site-packages/airflow/example_dags/example_sensors.py
[2024-10-08T08:03:27.275+0000] {processor.py:925} INFO - DAG(s) 'example_sensors' retrieved from /root/miniconda3/envs/project/lib/python3.8/site-packages/airflow/example_dags/example_sensors.py
[2024-10-08T08:03:27.308+0000] {logging_mixin.py:190} INFO - [2024-10-08T08:03:27.307+0000] {dag.py:3239} INFO - Sync 1 DAGs
[2024-10-08T08:03:27.325+0000] {logging_mixin.py:190} INFO - [2024-10-08T08:03:27.325+0000] {dag.py:4180} INFO - Setting next_dagrun for example_sensors to None, run_after=None
[2024-10-08T08:03:27.359+0000] {processor.py:208} INFO - Processing /root/miniconda3/envs/project/lib/python3.8/site-packages/airflow/example_dags/example_sensors.py took 0.117 seconds
[2024-10-08T08:04:35.409+0000] {processor.py:186} INFO - Started process (PID=208623) to work on /root/miniconda3/envs/project/lib/python3.8/site-packages/airflow/example_dags/example_sensors.py
[2024-10-08T08:04:35.412+0000] {processor.py:914} INFO - Processing file /root/miniconda3/envs/project/lib/python3.8/site-packages/airflow/example_dags/example_sensors.py for tasks to queue
[2024-10-08T08:04:35.415+0000] {logging_mixin.py:190} INFO - [2024-10-08T08:04:35.414+0000] {dagbag.py:588} INFO - Filling up the DagBag from /root/miniconda3/envs/project/lib/python3.8/site-packages/airflow/example_dags/example_sensors.py
[2024-10-08T08:04:35.433+0000] {processor.py:925} INFO - DAG(s) 'example_sensors' retrieved from /root/miniconda3/envs/project/lib/python3.8/site-packages/airflow/example_dags/example_sensors.py
[2024-10-08T08:04:35.469+0000] {logging_mixin.py:190} INFO - [2024-10-08T08:04:35.468+0000] {dag.py:3239} INFO - Sync 1 DAGs
[2024-10-08T08:04:35.487+0000] {logging_mixin.py:190} INFO - [2024-10-08T08:04:35.487+0000] {dag.py:4180} INFO - Setting next_dagrun for example_sensors to None, run_after=None
[2024-10-08T08:04:35.520+0000] {processor.py:208} INFO - Processing /root/miniconda3/envs/project/lib/python3.8/site-packages/airflow/example_dags/example_sensors.py took 0.121 seconds
[2024-10-08T08:05:37.376+0000] {processor.py:186} INFO - Started process (PID=208806) to work on /root/miniconda3/envs/project/lib/python3.8/site-packages/airflow/example_dags/example_sensors.py
[2024-10-08T08:05:37.379+0000] {processor.py:914} INFO - Processing file /root/miniconda3/envs/project/lib/python3.8/site-packages/airflow/example_dags/example_sensors.py for tasks to queue
[2024-10-08T08:05:37.383+0000] {logging_mixin.py:190} INFO - [2024-10-08T08:05:37.382+0000] {dagbag.py:588} INFO - Filling up the DagBag from /root/miniconda3/envs/project/lib/python3.8/site-packages/airflow/example_dags/example_sensors.py
[2024-10-08T08:05:37.400+0000] {processor.py:925} INFO - DAG(s) 'example_sensors' retrieved from /root/miniconda3/envs/project/lib/python3.8/site-packages/airflow/example_dags/example_sensors.py
[2024-10-08T08:05:37.432+0000] {logging_mixin.py:190} INFO - [2024-10-08T08:05:37.432+0000] {dag.py:3239} INFO - Sync 1 DAGs
[2024-10-08T08:05:37.450+0000] {logging_mixin.py:190} INFO - [2024-10-08T08:05:37.450+0000] {dag.py:4180} INFO - Setting next_dagrun for example_sensors to None, run_after=None
[2024-10-08T08:05:37.481+0000] {processor.py:208} INFO - Processing /root/miniconda3/envs/project/lib/python3.8/site-packages/airflow/example_dags/example_sensors.py took 0.116 seconds
[2024-10-08T08:06:37.881+0000] {processor.py:186} INFO - Started process (PID=208987) to work on /root/miniconda3/envs/project/lib/python3.8/site-packages/airflow/example_dags/example_sensors.py
[2024-10-08T08:06:37.884+0000] {processor.py:914} INFO - Processing file /root/miniconda3/envs/project/lib/python3.8/site-packages/airflow/example_dags/example_sensors.py for tasks to queue
[2024-10-08T08:06:37.887+0000] {logging_mixin.py:190} INFO - [2024-10-08T08:06:37.887+0000] {dagbag.py:588} INFO - Filling up the DagBag from /root/miniconda3/envs/project/lib/python3.8/site-packages/airflow/example_dags/example_sensors.py
[2024-10-08T08:06:37.904+0000] {processor.py:925} INFO - DAG(s) 'example_sensors' retrieved from /root/miniconda3/envs/project/lib/python3.8/site-packages/airflow/example_dags/example_sensors.py
[2024-10-08T08:06:37.937+0000] {logging_mixin.py:190} INFO - [2024-10-08T08:06:37.937+0000] {dag.py:3239} INFO - Sync 1 DAGs
[2024-10-08T08:06:37.956+0000] {logging_mixin.py:190} INFO - [2024-10-08T08:06:37.955+0000] {dag.py:4180} INFO - Setting next_dagrun for example_sensors to None, run_after=None
[2024-10-08T08:06:37.988+0000] {processor.py:208} INFO - Processing /root/miniconda3/envs/project/lib/python3.8/site-packages/airflow/example_dags/example_sensors.py took 0.120 seconds
[2024-10-08T08:07:47.361+0000] {processor.py:186} INFO - Started process (PID=209233) to work on /root/miniconda3/envs/project/lib/python3.8/site-packages/airflow/example_dags/example_sensors.py
[2024-10-08T08:07:47.363+0000] {processor.py:914} INFO - Processing file /root/miniconda3/envs/project/lib/python3.8/site-packages/airflow/example_dags/example_sensors.py for tasks to queue
[2024-10-08T08:07:47.367+0000] {logging_mixin.py:190} INFO - [2024-10-08T08:07:47.366+0000] {dagbag.py:588} INFO - Filling up the DagBag from /root/miniconda3/envs/project/lib/python3.8/site-packages/airflow/example_dags/example_sensors.py
[2024-10-08T08:07:47.384+0000] {processor.py:925} INFO - DAG(s) 'example_sensors' retrieved from /root/miniconda3/envs/project/lib/python3.8/site-packages/airflow/example_dags/example_sensors.py
[2024-10-08T08:07:47.417+0000] {logging_mixin.py:190} INFO - [2024-10-08T08:07:47.416+0000] {dag.py:3239} INFO - Sync 1 DAGs
[2024-10-08T08:07:47.435+0000] {logging_mixin.py:190} INFO - [2024-10-08T08:07:47.435+0000] {dag.py:4180} INFO - Setting next_dagrun for example_sensors to None, run_after=None
[2024-10-08T08:07:47.468+0000] {processor.py:208} INFO - Processing /root/miniconda3/envs/project/lib/python3.8/site-packages/airflow/example_dags/example_sensors.py took 0.120 seconds
[2024-10-08T08:09:57.062+0000] {processor.py:186} INFO - Started process (PID=210066) to work on /root/miniconda3/envs/project/lib/python3.8/site-packages/airflow/example_dags/example_sensors.py
[2024-10-08T08:09:57.065+0000] {processor.py:914} INFO - Processing file /root/miniconda3/envs/project/lib/python3.8/site-packages/airflow/example_dags/example_sensors.py for tasks to queue
[2024-10-08T08:09:57.068+0000] {logging_mixin.py:190} INFO - [2024-10-08T08:09:57.068+0000] {dagbag.py:588} INFO - Filling up the DagBag from /root/miniconda3/envs/project/lib/python3.8/site-packages/airflow/example_dags/example_sensors.py
[2024-10-08T08:09:57.085+0000] {processor.py:925} INFO - DAG(s) 'example_sensors' retrieved from /root/miniconda3/envs/project/lib/python3.8/site-packages/airflow/example_dags/example_sensors.py
[2024-10-08T08:09:57.121+0000] {logging_mixin.py:190} INFO - [2024-10-08T08:09:57.121+0000] {dag.py:3239} INFO - Sync 1 DAGs
[2024-10-08T08:09:57.140+0000] {logging_mixin.py:190} INFO - [2024-10-08T08:09:57.140+0000] {dag.py:4180} INFO - Setting next_dagrun for example_sensors to None, run_after=None
[2024-10-08T08:09:57.172+0000] {processor.py:208} INFO - Processing /root/miniconda3/envs/project/lib/python3.8/site-packages/airflow/example_dags/example_sensors.py took 0.120 seconds
[2024-10-08T08:11:21.381+0000] {processor.py:186} INFO - Started process (PID=210533) to work on /root/miniconda3/envs/project/lib/python3.8/site-packages/airflow/example_dags/example_sensors.py
[2024-10-08T08:11:21.384+0000] {processor.py:914} INFO - Processing file /root/miniconda3/envs/project/lib/python3.8/site-packages/airflow/example_dags/example_sensors.py for tasks to queue
[2024-10-08T08:11:21.387+0000] {logging_mixin.py:190} INFO - [2024-10-08T08:11:21.386+0000] {dagbag.py:588} INFO - Filling up the DagBag from /root/miniconda3/envs/project/lib/python3.8/site-packages/airflow/example_dags/example_sensors.py
[2024-10-08T08:11:21.405+0000] {processor.py:925} INFO - DAG(s) 'example_sensors' retrieved from /root/miniconda3/envs/project/lib/python3.8/site-packages/airflow/example_dags/example_sensors.py
[2024-10-08T08:11:21.440+0000] {logging_mixin.py:190} INFO - [2024-10-08T08:11:21.440+0000] {dag.py:3239} INFO - Sync 1 DAGs
[2024-10-08T08:11:21.461+0000] {logging_mixin.py:190} INFO - [2024-10-08T08:11:21.460+0000] {dag.py:4180} INFO - Setting next_dagrun for example_sensors to None, run_after=None
[2024-10-08T08:11:21.493+0000] {processor.py:208} INFO - Processing /root/miniconda3/envs/project/lib/python3.8/site-packages/airflow/example_dags/example_sensors.py took 0.124 seconds
[2024-10-08T08:12:59.514+0000] {processor.py:186} INFO - Started process (PID=211061) to work on /root/miniconda3/envs/project/lib/python3.8/site-packages/airflow/example_dags/example_sensors.py
[2024-10-08T08:12:59.517+0000] {processor.py:914} INFO - Processing file /root/miniconda3/envs/project/lib/python3.8/site-packages/airflow/example_dags/example_sensors.py for tasks to queue
[2024-10-08T08:12:59.520+0000] {logging_mixin.py:190} INFO - [2024-10-08T08:12:59.519+0000] {dagbag.py:588} INFO - Filling up the DagBag from /root/miniconda3/envs/project/lib/python3.8/site-packages/airflow/example_dags/example_sensors.py
[2024-10-08T08:12:59.537+0000] {processor.py:925} INFO - DAG(s) 'example_sensors' retrieved from /root/miniconda3/envs/project/lib/python3.8/site-packages/airflow/example_dags/example_sensors.py
[2024-10-08T08:12:59.571+0000] {logging_mixin.py:190} INFO - [2024-10-08T08:12:59.571+0000] {dag.py:3239} INFO - Sync 1 DAGs
[2024-10-08T08:12:59.591+0000] {logging_mixin.py:190} INFO - [2024-10-08T08:12:59.590+0000] {dag.py:4180} INFO - Setting next_dagrun for example_sensors to None, run_after=None
[2024-10-08T08:12:59.623+0000] {processor.py:208} INFO - Processing /root/miniconda3/envs/project/lib/python3.8/site-packages/airflow/example_dags/example_sensors.py took 0.121 seconds
[2024-10-08T08:14:04.477+0000] {processor.py:186} INFO - Started process (PID=211263) to work on /root/miniconda3/envs/project/lib/python3.8/site-packages/airflow/example_dags/example_sensors.py
[2024-10-08T08:14:04.480+0000] {processor.py:914} INFO - Processing file /root/miniconda3/envs/project/lib/python3.8/site-packages/airflow/example_dags/example_sensors.py for tasks to queue
[2024-10-08T08:14:04.483+0000] {logging_mixin.py:190} INFO - [2024-10-08T08:14:04.482+0000] {dagbag.py:588} INFO - Filling up the DagBag from /root/miniconda3/envs/project/lib/python3.8/site-packages/airflow/example_dags/example_sensors.py
[2024-10-08T08:14:04.501+0000] {processor.py:925} INFO - DAG(s) 'example_sensors' retrieved from /root/miniconda3/envs/project/lib/python3.8/site-packages/airflow/example_dags/example_sensors.py
[2024-10-08T08:14:04.534+0000] {logging_mixin.py:190} INFO - [2024-10-08T08:14:04.534+0000] {dag.py:3239} INFO - Sync 1 DAGs
[2024-10-08T08:14:04.552+0000] {logging_mixin.py:190} INFO - [2024-10-08T08:14:04.552+0000] {dag.py:4180} INFO - Setting next_dagrun for example_sensors to None, run_after=None
[2024-10-08T08:14:04.589+0000] {processor.py:208} INFO - Processing /root/miniconda3/envs/project/lib/python3.8/site-packages/airflow/example_dags/example_sensors.py took 0.124 seconds
[2024-10-08T08:15:13.564+0000] {processor.py:186} INFO - Started process (PID=211514) to work on /root/miniconda3/envs/project/lib/python3.8/site-packages/airflow/example_dags/example_sensors.py
[2024-10-08T08:15:13.567+0000] {processor.py:914} INFO - Processing file /root/miniconda3/envs/project/lib/python3.8/site-packages/airflow/example_dags/example_sensors.py for tasks to queue
[2024-10-08T08:15:13.570+0000] {logging_mixin.py:190} INFO - [2024-10-08T08:15:13.569+0000] {dagbag.py:588} INFO - Filling up the DagBag from /root/miniconda3/envs/project/lib/python3.8/site-packages/airflow/example_dags/example_sensors.py
[2024-10-08T08:15:13.587+0000] {processor.py:925} INFO - DAG(s) 'example_sensors' retrieved from /root/miniconda3/envs/project/lib/python3.8/site-packages/airflow/example_dags/example_sensors.py
[2024-10-08T08:15:13.620+0000] {logging_mixin.py:190} INFO - [2024-10-08T08:15:13.620+0000] {dag.py:3239} INFO - Sync 1 DAGs
[2024-10-08T08:15:13.637+0000] {logging_mixin.py:190} INFO - [2024-10-08T08:15:13.637+0000] {dag.py:4180} INFO - Setting next_dagrun for example_sensors to None, run_after=None
[2024-10-08T08:15:13.668+0000] {processor.py:208} INFO - Processing /root/miniconda3/envs/project/lib/python3.8/site-packages/airflow/example_dags/example_sensors.py took 0.116 seconds
[2024-10-08T08:16:21.866+0000] {processor.py:186} INFO - Started process (PID=211718) to work on /root/miniconda3/envs/project/lib/python3.8/site-packages/airflow/example_dags/example_sensors.py
[2024-10-08T08:16:21.870+0000] {processor.py:914} INFO - Processing file /root/miniconda3/envs/project/lib/python3.8/site-packages/airflow/example_dags/example_sensors.py for tasks to queue
[2024-10-08T08:16:21.874+0000] {logging_mixin.py:190} INFO - [2024-10-08T08:16:21.874+0000] {dagbag.py:588} INFO - Filling up the DagBag from /root/miniconda3/envs/project/lib/python3.8/site-packages/airflow/example_dags/example_sensors.py
[2024-10-08T08:16:21.896+0000] {processor.py:925} INFO - DAG(s) 'example_sensors' retrieved from /root/miniconda3/envs/project/lib/python3.8/site-packages/airflow/example_dags/example_sensors.py
[2024-10-08T08:16:21.931+0000] {logging_mixin.py:190} INFO - [2024-10-08T08:16:21.930+0000] {dag.py:3239} INFO - Sync 1 DAGs
[2024-10-08T08:16:21.950+0000] {logging_mixin.py:190} INFO - [2024-10-08T08:16:21.950+0000] {dag.py:4180} INFO - Setting next_dagrun for example_sensors to None, run_after=None
[2024-10-08T08:16:21.989+0000] {processor.py:208} INFO - Processing /root/miniconda3/envs/project/lib/python3.8/site-packages/airflow/example_dags/example_sensors.py took 0.136 seconds
[2024-10-08T08:17:31.701+0000] {processor.py:186} INFO - Started process (PID=211970) to work on /root/miniconda3/envs/project/lib/python3.8/site-packages/airflow/example_dags/example_sensors.py
[2024-10-08T08:17:31.704+0000] {processor.py:914} INFO - Processing file /root/miniconda3/envs/project/lib/python3.8/site-packages/airflow/example_dags/example_sensors.py for tasks to queue
[2024-10-08T08:17:31.708+0000] {logging_mixin.py:190} INFO - [2024-10-08T08:17:31.707+0000] {dagbag.py:588} INFO - Filling up the DagBag from /root/miniconda3/envs/project/lib/python3.8/site-packages/airflow/example_dags/example_sensors.py
[2024-10-08T08:17:31.726+0000] {processor.py:925} INFO - DAG(s) 'example_sensors' retrieved from /root/miniconda3/envs/project/lib/python3.8/site-packages/airflow/example_dags/example_sensors.py
[2024-10-08T08:17:31.759+0000] {logging_mixin.py:190} INFO - [2024-10-08T08:17:31.758+0000] {dag.py:3239} INFO - Sync 1 DAGs
[2024-10-08T08:17:31.777+0000] {logging_mixin.py:190} INFO - [2024-10-08T08:17:31.776+0000] {dag.py:4180} INFO - Setting next_dagrun for example_sensors to None, run_after=None
[2024-10-08T08:17:31.810+0000] {processor.py:208} INFO - Processing /root/miniconda3/envs/project/lib/python3.8/site-packages/airflow/example_dags/example_sensors.py took 0.120 seconds
[2024-10-08T08:18:41.859+0000] {processor.py:186} INFO - Started process (PID=212216) to work on /root/miniconda3/envs/project/lib/python3.8/site-packages/airflow/example_dags/example_sensors.py
[2024-10-08T08:18:41.862+0000] {processor.py:914} INFO - Processing file /root/miniconda3/envs/project/lib/python3.8/site-packages/airflow/example_dags/example_sensors.py for tasks to queue
[2024-10-08T08:18:41.865+0000] {logging_mixin.py:190} INFO - [2024-10-08T08:18:41.864+0000] {dagbag.py:588} INFO - Filling up the DagBag from /root/miniconda3/envs/project/lib/python3.8/site-packages/airflow/example_dags/example_sensors.py
[2024-10-08T08:18:41.882+0000] {processor.py:925} INFO - DAG(s) 'example_sensors' retrieved from /root/miniconda3/envs/project/lib/python3.8/site-packages/airflow/example_dags/example_sensors.py
[2024-10-08T08:18:41.914+0000] {logging_mixin.py:190} INFO - [2024-10-08T08:18:41.914+0000] {dag.py:3239} INFO - Sync 1 DAGs
[2024-10-08T08:18:41.933+0000] {logging_mixin.py:190} INFO - [2024-10-08T08:18:41.933+0000] {dag.py:4180} INFO - Setting next_dagrun for example_sensors to None, run_after=None
[2024-10-08T08:18:41.968+0000] {processor.py:208} INFO - Processing /root/miniconda3/envs/project/lib/python3.8/site-packages/airflow/example_dags/example_sensors.py took 0.119 seconds
[2024-10-08T08:19:50.040+0000] {processor.py:186} INFO - Started process (PID=212415) to work on /root/miniconda3/envs/project/lib/python3.8/site-packages/airflow/example_dags/example_sensors.py
[2024-10-08T08:19:50.042+0000] {processor.py:914} INFO - Processing file /root/miniconda3/envs/project/lib/python3.8/site-packages/airflow/example_dags/example_sensors.py for tasks to queue
[2024-10-08T08:19:50.045+0000] {logging_mixin.py:190} INFO - [2024-10-08T08:19:50.045+0000] {dagbag.py:588} INFO - Filling up the DagBag from /root/miniconda3/envs/project/lib/python3.8/site-packages/airflow/example_dags/example_sensors.py
[2024-10-08T08:19:50.062+0000] {processor.py:925} INFO - DAG(s) 'example_sensors' retrieved from /root/miniconda3/envs/project/lib/python3.8/site-packages/airflow/example_dags/example_sensors.py
[2024-10-08T08:19:50.094+0000] {logging_mixin.py:190} INFO - [2024-10-08T08:19:50.094+0000] {dag.py:3239} INFO - Sync 1 DAGs
[2024-10-08T08:19:50.112+0000] {logging_mixin.py:190} INFO - [2024-10-08T08:19:50.111+0000] {dag.py:4180} INFO - Setting next_dagrun for example_sensors to None, run_after=None
[2024-10-08T08:19:50.143+0000] {processor.py:208} INFO - Processing /root/miniconda3/envs/project/lib/python3.8/site-packages/airflow/example_dags/example_sensors.py took 0.115 seconds
[2024-10-08T08:21:00.167+0000] {processor.py:186} INFO - Started process (PID=212608) to work on /root/miniconda3/envs/project/lib/python3.8/site-packages/airflow/example_dags/example_sensors.py
[2024-10-08T08:21:00.170+0000] {processor.py:914} INFO - Processing file /root/miniconda3/envs/project/lib/python3.8/site-packages/airflow/example_dags/example_sensors.py for tasks to queue
[2024-10-08T08:21:00.173+0000] {logging_mixin.py:190} INFO - [2024-10-08T08:21:00.172+0000] {dagbag.py:588} INFO - Filling up the DagBag from /root/miniconda3/envs/project/lib/python3.8/site-packages/airflow/example_dags/example_sensors.py
[2024-10-08T08:21:00.190+0000] {processor.py:925} INFO - DAG(s) 'example_sensors' retrieved from /root/miniconda3/envs/project/lib/python3.8/site-packages/airflow/example_dags/example_sensors.py
[2024-10-08T08:21:00.223+0000] {logging_mixin.py:190} INFO - [2024-10-08T08:21:00.223+0000] {dag.py:3239} INFO - Sync 1 DAGs
[2024-10-08T08:21:00.241+0000] {logging_mixin.py:190} INFO - [2024-10-08T08:21:00.241+0000] {dag.py:4180} INFO - Setting next_dagrun for example_sensors to None, run_after=None
[2024-10-08T08:21:00.273+0000] {processor.py:208} INFO - Processing /root/miniconda3/envs/project/lib/python3.8/site-packages/airflow/example_dags/example_sensors.py took 0.117 seconds
[2024-10-08T08:22:09.566+0000] {processor.py:186} INFO - Started process (PID=212813) to work on /root/miniconda3/envs/project/lib/python3.8/site-packages/airflow/example_dags/example_sensors.py
[2024-10-08T08:22:09.569+0000] {processor.py:914} INFO - Processing file /root/miniconda3/envs/project/lib/python3.8/site-packages/airflow/example_dags/example_sensors.py for tasks to queue
[2024-10-08T08:22:09.572+0000] {logging_mixin.py:190} INFO - [2024-10-08T08:22:09.571+0000] {dagbag.py:588} INFO - Filling up the DagBag from /root/miniconda3/envs/project/lib/python3.8/site-packages/airflow/example_dags/example_sensors.py
[2024-10-08T08:22:09.594+0000] {processor.py:925} INFO - DAG(s) 'example_sensors' retrieved from /root/miniconda3/envs/project/lib/python3.8/site-packages/airflow/example_dags/example_sensors.py
[2024-10-08T08:22:09.626+0000] {logging_mixin.py:190} INFO - [2024-10-08T08:22:09.625+0000] {dag.py:3239} INFO - Sync 1 DAGs
[2024-10-08T08:22:09.652+0000] {logging_mixin.py:190} INFO - [2024-10-08T08:22:09.652+0000] {dag.py:4180} INFO - Setting next_dagrun for example_sensors to None, run_after=None
[2024-10-08T08:22:09.684+0000] {processor.py:208} INFO - Processing /root/miniconda3/envs/project/lib/python3.8/site-packages/airflow/example_dags/example_sensors.py took 0.129 seconds
[2024-10-08T08:23:17.950+0000] {processor.py:186} INFO - Started process (PID=213058) to work on /root/miniconda3/envs/project/lib/python3.8/site-packages/airflow/example_dags/example_sensors.py
[2024-10-08T08:23:17.954+0000] {processor.py:914} INFO - Processing file /root/miniconda3/envs/project/lib/python3.8/site-packages/airflow/example_dags/example_sensors.py for tasks to queue
[2024-10-08T08:23:17.957+0000] {logging_mixin.py:190} INFO - [2024-10-08T08:23:17.956+0000] {dagbag.py:588} INFO - Filling up the DagBag from /root/miniconda3/envs/project/lib/python3.8/site-packages/airflow/example_dags/example_sensors.py
[2024-10-08T08:23:17.975+0000] {processor.py:925} INFO - DAG(s) 'example_sensors' retrieved from /root/miniconda3/envs/project/lib/python3.8/site-packages/airflow/example_dags/example_sensors.py
[2024-10-08T08:23:18.008+0000] {logging_mixin.py:190} INFO - [2024-10-08T08:23:18.007+0000] {dag.py:3239} INFO - Sync 1 DAGs
[2024-10-08T08:23:18.025+0000] {logging_mixin.py:190} INFO - [2024-10-08T08:23:18.025+0000] {dag.py:4180} INFO - Setting next_dagrun for example_sensors to None, run_after=None
[2024-10-08T08:23:18.059+0000] {processor.py:208} INFO - Processing /root/miniconda3/envs/project/lib/python3.8/site-packages/airflow/example_dags/example_sensors.py took 0.121 seconds
[2024-10-08T08:24:21.715+0000] {processor.py:186} INFO - Started process (PID=213246) to work on /root/miniconda3/envs/project/lib/python3.8/site-packages/airflow/example_dags/example_sensors.py
[2024-10-08T08:24:21.717+0000] {processor.py:914} INFO - Processing file /root/miniconda3/envs/project/lib/python3.8/site-packages/airflow/example_dags/example_sensors.py for tasks to queue
[2024-10-08T08:24:21.720+0000] {logging_mixin.py:190} INFO - [2024-10-08T08:24:21.720+0000] {dagbag.py:588} INFO - Filling up the DagBag from /root/miniconda3/envs/project/lib/python3.8/site-packages/airflow/example_dags/example_sensors.py
[2024-10-08T08:24:21.737+0000] {processor.py:925} INFO - DAG(s) 'example_sensors' retrieved from /root/miniconda3/envs/project/lib/python3.8/site-packages/airflow/example_dags/example_sensors.py
[2024-10-08T08:24:21.769+0000] {logging_mixin.py:190} INFO - [2024-10-08T08:24:21.768+0000] {dag.py:3239} INFO - Sync 1 DAGs
[2024-10-08T08:24:21.786+0000] {logging_mixin.py:190} INFO - [2024-10-08T08:24:21.786+0000] {dag.py:4180} INFO - Setting next_dagrun for example_sensors to None, run_after=None
[2024-10-08T08:24:21.818+0000] {processor.py:208} INFO - Processing /root/miniconda3/envs/project/lib/python3.8/site-packages/airflow/example_dags/example_sensors.py took 0.115 seconds
[2024-10-08T08:37:11.638+0000] {processor.py:186} INFO - Started process (PID=214952) to work on /root/miniconda3/envs/project/lib/python3.8/site-packages/airflow/example_dags/example_sensors.py
[2024-10-08T08:37:11.640+0000] {processor.py:914} INFO - Processing file /root/miniconda3/envs/project/lib/python3.8/site-packages/airflow/example_dags/example_sensors.py for tasks to queue
[2024-10-08T08:37:11.644+0000] {logging_mixin.py:190} INFO - [2024-10-08T08:37:11.643+0000] {dagbag.py:588} INFO - Filling up the DagBag from /root/miniconda3/envs/project/lib/python3.8/site-packages/airflow/example_dags/example_sensors.py
[2024-10-08T08:37:11.660+0000] {processor.py:925} INFO - DAG(s) 'example_sensors' retrieved from /root/miniconda3/envs/project/lib/python3.8/site-packages/airflow/example_dags/example_sensors.py
[2024-10-08T08:37:11.695+0000] {logging_mixin.py:190} INFO - [2024-10-08T08:37:11.695+0000] {dag.py:3239} INFO - Sync 1 DAGs
[2024-10-08T08:37:11.715+0000] {logging_mixin.py:190} INFO - [2024-10-08T08:37:11.714+0000] {dag.py:4180} INFO - Setting next_dagrun for example_sensors to None, run_after=None
[2024-10-08T08:37:11.747+0000] {processor.py:208} INFO - Processing /root/miniconda3/envs/project/lib/python3.8/site-packages/airflow/example_dags/example_sensors.py took 0.119 seconds
[2024-10-08T08:38:18.145+0000] {processor.py:186} INFO - Started process (PID=215218) to work on /root/miniconda3/envs/project/lib/python3.8/site-packages/airflow/example_dags/example_sensors.py
[2024-10-08T08:38:18.147+0000] {processor.py:914} INFO - Processing file /root/miniconda3/envs/project/lib/python3.8/site-packages/airflow/example_dags/example_sensors.py for tasks to queue
[2024-10-08T08:38:18.150+0000] {logging_mixin.py:190} INFO - [2024-10-08T08:38:18.149+0000] {dagbag.py:588} INFO - Filling up the DagBag from /root/miniconda3/envs/project/lib/python3.8/site-packages/airflow/example_dags/example_sensors.py
[2024-10-08T08:38:18.167+0000] {processor.py:925} INFO - DAG(s) 'example_sensors' retrieved from /root/miniconda3/envs/project/lib/python3.8/site-packages/airflow/example_dags/example_sensors.py
[2024-10-08T08:38:18.200+0000] {logging_mixin.py:190} INFO - [2024-10-08T08:38:18.199+0000] {dag.py:3239} INFO - Sync 1 DAGs
[2024-10-08T08:38:18.218+0000] {logging_mixin.py:190} INFO - [2024-10-08T08:38:18.218+0000] {dag.py:4180} INFO - Setting next_dagrun for example_sensors to None, run_after=None
[2024-10-08T08:38:18.251+0000] {processor.py:208} INFO - Processing /root/miniconda3/envs/project/lib/python3.8/site-packages/airflow/example_dags/example_sensors.py took 0.115 seconds
[2024-10-08T08:39:28.139+0000] {processor.py:186} INFO - Started process (PID=215624) to work on /root/miniconda3/envs/project/lib/python3.8/site-packages/airflow/example_dags/example_sensors.py
[2024-10-08T08:39:28.143+0000] {processor.py:914} INFO - Processing file /root/miniconda3/envs/project/lib/python3.8/site-packages/airflow/example_dags/example_sensors.py for tasks to queue
[2024-10-08T08:39:28.148+0000] {logging_mixin.py:190} INFO - [2024-10-08T08:39:28.147+0000] {dagbag.py:588} INFO - Filling up the DagBag from /root/miniconda3/envs/project/lib/python3.8/site-packages/airflow/example_dags/example_sensors.py
[2024-10-08T08:39:28.167+0000] {processor.py:925} INFO - DAG(s) 'example_sensors' retrieved from /root/miniconda3/envs/project/lib/python3.8/site-packages/airflow/example_dags/example_sensors.py
[2024-10-08T08:39:28.199+0000] {logging_mixin.py:190} INFO - [2024-10-08T08:39:28.198+0000] {dag.py:3239} INFO - Sync 1 DAGs
[2024-10-08T08:39:28.216+0000] {logging_mixin.py:190} INFO - [2024-10-08T08:39:28.215+0000] {dag.py:4180} INFO - Setting next_dagrun for example_sensors to None, run_after=None
[2024-10-08T08:39:28.246+0000] {processor.py:208} INFO - Processing /root/miniconda3/envs/project/lib/python3.8/site-packages/airflow/example_dags/example_sensors.py took 0.117 seconds
[2024-10-08T08:40:38.238+0000] {processor.py:186} INFO - Started process (PID=216032) to work on /root/miniconda3/envs/project/lib/python3.8/site-packages/airflow/example_dags/example_sensors.py
[2024-10-08T08:40:38.241+0000] {processor.py:914} INFO - Processing file /root/miniconda3/envs/project/lib/python3.8/site-packages/airflow/example_dags/example_sensors.py for tasks to queue
[2024-10-08T08:40:38.244+0000] {logging_mixin.py:190} INFO - [2024-10-08T08:40:38.243+0000] {dagbag.py:588} INFO - Filling up the DagBag from /root/miniconda3/envs/project/lib/python3.8/site-packages/airflow/example_dags/example_sensors.py
[2024-10-08T08:40:38.262+0000] {processor.py:925} INFO - DAG(s) 'example_sensors' retrieved from /root/miniconda3/envs/project/lib/python3.8/site-packages/airflow/example_dags/example_sensors.py
[2024-10-08T08:40:38.297+0000] {logging_mixin.py:190} INFO - [2024-10-08T08:40:38.296+0000] {dag.py:3239} INFO - Sync 1 DAGs
[2024-10-08T08:40:38.316+0000] {logging_mixin.py:190} INFO - [2024-10-08T08:40:38.315+0000] {dag.py:4180} INFO - Setting next_dagrun for example_sensors to None, run_after=None
[2024-10-08T08:40:38.351+0000] {processor.py:208} INFO - Processing /root/miniconda3/envs/project/lib/python3.8/site-packages/airflow/example_dags/example_sensors.py took 0.124 seconds
[2024-10-08T08:41:44.980+0000] {processor.py:186} INFO - Started process (PID=216487) to work on /root/miniconda3/envs/project/lib/python3.8/site-packages/airflow/example_dags/example_sensors.py
[2024-10-08T08:41:44.983+0000] {processor.py:914} INFO - Processing file /root/miniconda3/envs/project/lib/python3.8/site-packages/airflow/example_dags/example_sensors.py for tasks to queue
[2024-10-08T08:41:44.986+0000] {logging_mixin.py:190} INFO - [2024-10-08T08:41:44.986+0000] {dagbag.py:588} INFO - Filling up the DagBag from /root/miniconda3/envs/project/lib/python3.8/site-packages/airflow/example_dags/example_sensors.py
[2024-10-08T08:41:45.005+0000] {processor.py:925} INFO - DAG(s) 'example_sensors' retrieved from /root/miniconda3/envs/project/lib/python3.8/site-packages/airflow/example_dags/example_sensors.py
[2024-10-08T08:41:45.043+0000] {logging_mixin.py:190} INFO - [2024-10-08T08:41:45.043+0000] {dag.py:3239} INFO - Sync 1 DAGs
[2024-10-08T08:41:45.062+0000] {logging_mixin.py:190} INFO - [2024-10-08T08:41:45.062+0000] {dag.py:4180} INFO - Setting next_dagrun for example_sensors to None, run_after=None
[2024-10-08T08:41:45.095+0000] {processor.py:208} INFO - Processing /root/miniconda3/envs/project/lib/python3.8/site-packages/airflow/example_dags/example_sensors.py took 0.126 seconds
[2024-10-08T08:42:51.786+0000] {processor.py:186} INFO - Started process (PID=216709) to work on /root/miniconda3/envs/project/lib/python3.8/site-packages/airflow/example_dags/example_sensors.py
[2024-10-08T08:42:51.790+0000] {processor.py:914} INFO - Processing file /root/miniconda3/envs/project/lib/python3.8/site-packages/airflow/example_dags/example_sensors.py for tasks to queue
[2024-10-08T08:42:51.793+0000] {logging_mixin.py:190} INFO - [2024-10-08T08:42:51.792+0000] {dagbag.py:588} INFO - Filling up the DagBag from /root/miniconda3/envs/project/lib/python3.8/site-packages/airflow/example_dags/example_sensors.py
[2024-10-08T08:42:51.810+0000] {processor.py:925} INFO - DAG(s) 'example_sensors' retrieved from /root/miniconda3/envs/project/lib/python3.8/site-packages/airflow/example_dags/example_sensors.py
[2024-10-08T08:42:51.843+0000] {logging_mixin.py:190} INFO - [2024-10-08T08:42:51.843+0000] {dag.py:3239} INFO - Sync 1 DAGs
[2024-10-08T08:42:51.861+0000] {logging_mixin.py:190} INFO - [2024-10-08T08:42:51.860+0000] {dag.py:4180} INFO - Setting next_dagrun for example_sensors to None, run_after=None
[2024-10-08T08:42:51.895+0000] {processor.py:208} INFO - Processing /root/miniconda3/envs/project/lib/python3.8/site-packages/airflow/example_dags/example_sensors.py took 0.119 seconds
[2024-10-08T08:43:59.894+0000] {processor.py:186} INFO - Started process (PID=216927) to work on /root/miniconda3/envs/project/lib/python3.8/site-packages/airflow/example_dags/example_sensors.py
[2024-10-08T08:43:59.897+0000] {processor.py:914} INFO - Processing file /root/miniconda3/envs/project/lib/python3.8/site-packages/airflow/example_dags/example_sensors.py for tasks to queue
[2024-10-08T08:43:59.901+0000] {logging_mixin.py:190} INFO - [2024-10-08T08:43:59.900+0000] {dagbag.py:588} INFO - Filling up the DagBag from /root/miniconda3/envs/project/lib/python3.8/site-packages/airflow/example_dags/example_sensors.py
[2024-10-08T08:43:59.917+0000] {processor.py:925} INFO - DAG(s) 'example_sensors' retrieved from /root/miniconda3/envs/project/lib/python3.8/site-packages/airflow/example_dags/example_sensors.py
[2024-10-08T08:43:59.950+0000] {logging_mixin.py:190} INFO - [2024-10-08T08:43:59.950+0000] {dag.py:3239} INFO - Sync 1 DAGs
[2024-10-08T08:43:59.968+0000] {logging_mixin.py:190} INFO - [2024-10-08T08:43:59.968+0000] {dag.py:4180} INFO - Setting next_dagrun for example_sensors to None, run_after=None
[2024-10-08T08:44:00.002+0000] {processor.py:208} INFO - Processing /root/miniconda3/envs/project/lib/python3.8/site-packages/airflow/example_dags/example_sensors.py took 0.118 seconds
[2024-10-08T08:45:12.906+0000] {processor.py:186} INFO - Started process (PID=217157) to work on /root/miniconda3/envs/project/lib/python3.8/site-packages/airflow/example_dags/example_sensors.py
[2024-10-08T08:45:12.909+0000] {processor.py:914} INFO - Processing file /root/miniconda3/envs/project/lib/python3.8/site-packages/airflow/example_dags/example_sensors.py for tasks to queue
[2024-10-08T08:45:12.914+0000] {logging_mixin.py:190} INFO - [2024-10-08T08:45:12.913+0000] {dagbag.py:588} INFO - Filling up the DagBag from /root/miniconda3/envs/project/lib/python3.8/site-packages/airflow/example_dags/example_sensors.py
[2024-10-08T08:45:12.931+0000] {processor.py:925} INFO - DAG(s) 'example_sensors' retrieved from /root/miniconda3/envs/project/lib/python3.8/site-packages/airflow/example_dags/example_sensors.py
[2024-10-08T08:45:12.965+0000] {logging_mixin.py:190} INFO - [2024-10-08T08:45:12.964+0000] {dag.py:3239} INFO - Sync 1 DAGs
[2024-10-08T08:45:12.982+0000] {logging_mixin.py:190} INFO - [2024-10-08T08:45:12.982+0000] {dag.py:4180} INFO - Setting next_dagrun for example_sensors to None, run_after=None
[2024-10-08T08:45:13.015+0000] {processor.py:208} INFO - Processing /root/miniconda3/envs/project/lib/python3.8/site-packages/airflow/example_dags/example_sensors.py took 0.122 seconds
[2024-10-08T08:46:27.041+0000] {processor.py:186} INFO - Started process (PID=217387) to work on /root/miniconda3/envs/project/lib/python3.8/site-packages/airflow/example_dags/example_sensors.py
[2024-10-08T08:46:27.043+0000] {processor.py:914} INFO - Processing file /root/miniconda3/envs/project/lib/python3.8/site-packages/airflow/example_dags/example_sensors.py for tasks to queue
[2024-10-08T08:46:27.047+0000] {logging_mixin.py:190} INFO - [2024-10-08T08:46:27.046+0000] {dagbag.py:588} INFO - Filling up the DagBag from /root/miniconda3/envs/project/lib/python3.8/site-packages/airflow/example_dags/example_sensors.py
[2024-10-08T08:46:27.065+0000] {processor.py:925} INFO - DAG(s) 'example_sensors' retrieved from /root/miniconda3/envs/project/lib/python3.8/site-packages/airflow/example_dags/example_sensors.py
[2024-10-08T08:46:27.107+0000] {logging_mixin.py:190} INFO - [2024-10-08T08:46:27.107+0000] {dag.py:3239} INFO - Sync 1 DAGs
[2024-10-08T08:46:27.131+0000] {logging_mixin.py:190} INFO - [2024-10-08T08:46:27.131+0000] {dag.py:4180} INFO - Setting next_dagrun for example_sensors to None, run_after=None
[2024-10-08T08:46:27.163+0000] {processor.py:208} INFO - Processing /root/miniconda3/envs/project/lib/python3.8/site-packages/airflow/example_dags/example_sensors.py took 0.132 seconds
[2024-10-08T08:47:39.902+0000] {processor.py:186} INFO - Started process (PID=217873) to work on /root/miniconda3/envs/project/lib/python3.8/site-packages/airflow/example_dags/example_sensors.py
[2024-10-08T08:47:39.905+0000] {processor.py:914} INFO - Processing file /root/miniconda3/envs/project/lib/python3.8/site-packages/airflow/example_dags/example_sensors.py for tasks to queue
[2024-10-08T08:47:39.908+0000] {logging_mixin.py:190} INFO - [2024-10-08T08:47:39.908+0000] {dagbag.py:588} INFO - Filling up the DagBag from /root/miniconda3/envs/project/lib/python3.8/site-packages/airflow/example_dags/example_sensors.py
[2024-10-08T08:47:39.925+0000] {processor.py:925} INFO - DAG(s) 'example_sensors' retrieved from /root/miniconda3/envs/project/lib/python3.8/site-packages/airflow/example_dags/example_sensors.py
[2024-10-08T08:47:39.958+0000] {logging_mixin.py:190} INFO - [2024-10-08T08:47:39.957+0000] {dag.py:3239} INFO - Sync 1 DAGs
[2024-10-08T08:47:39.976+0000] {logging_mixin.py:190} INFO - [2024-10-08T08:47:39.976+0000] {dag.py:4180} INFO - Setting next_dagrun for example_sensors to None, run_after=None
[2024-10-08T08:47:40.009+0000] {processor.py:208} INFO - Processing /root/miniconda3/envs/project/lib/python3.8/site-packages/airflow/example_dags/example_sensors.py took 0.118 seconds
[2024-10-08T08:48:51.037+0000] {processor.py:186} INFO - Started process (PID=218097) to work on /root/miniconda3/envs/project/lib/python3.8/site-packages/airflow/example_dags/example_sensors.py
[2024-10-08T08:48:51.040+0000] {processor.py:914} INFO - Processing file /root/miniconda3/envs/project/lib/python3.8/site-packages/airflow/example_dags/example_sensors.py for tasks to queue
[2024-10-08T08:48:51.043+0000] {logging_mixin.py:190} INFO - [2024-10-08T08:48:51.042+0000] {dagbag.py:588} INFO - Filling up the DagBag from /root/miniconda3/envs/project/lib/python3.8/site-packages/airflow/example_dags/example_sensors.py
[2024-10-08T08:48:51.060+0000] {processor.py:925} INFO - DAG(s) 'example_sensors' retrieved from /root/miniconda3/envs/project/lib/python3.8/site-packages/airflow/example_dags/example_sensors.py
[2024-10-08T08:48:51.092+0000] {logging_mixin.py:190} INFO - [2024-10-08T08:48:51.092+0000] {dag.py:3239} INFO - Sync 1 DAGs
[2024-10-08T08:48:51.110+0000] {logging_mixin.py:190} INFO - [2024-10-08T08:48:51.110+0000] {dag.py:4180} INFO - Setting next_dagrun for example_sensors to None, run_after=None
[2024-10-08T08:48:51.145+0000] {processor.py:208} INFO - Processing /root/miniconda3/envs/project/lib/python3.8/site-packages/airflow/example_dags/example_sensors.py took 0.120 seconds
[2024-10-08T08:50:02.409+0000] {processor.py:186} INFO - Started process (PID=218319) to work on /root/miniconda3/envs/project/lib/python3.8/site-packages/airflow/example_dags/example_sensors.py
[2024-10-08T08:50:02.412+0000] {processor.py:914} INFO - Processing file /root/miniconda3/envs/project/lib/python3.8/site-packages/airflow/example_dags/example_sensors.py for tasks to queue
[2024-10-08T08:50:02.415+0000] {logging_mixin.py:190} INFO - [2024-10-08T08:50:02.414+0000] {dagbag.py:588} INFO - Filling up the DagBag from /root/miniconda3/envs/project/lib/python3.8/site-packages/airflow/example_dags/example_sensors.py
[2024-10-08T08:50:02.431+0000] {processor.py:925} INFO - DAG(s) 'example_sensors' retrieved from /root/miniconda3/envs/project/lib/python3.8/site-packages/airflow/example_dags/example_sensors.py
[2024-10-08T08:50:02.462+0000] {logging_mixin.py:190} INFO - [2024-10-08T08:50:02.462+0000] {dag.py:3239} INFO - Sync 1 DAGs
[2024-10-08T08:50:02.479+0000] {logging_mixin.py:190} INFO - [2024-10-08T08:50:02.479+0000] {dag.py:4180} INFO - Setting next_dagrun for example_sensors to None, run_after=None
[2024-10-08T08:50:02.509+0000] {processor.py:208} INFO - Processing /root/miniconda3/envs/project/lib/python3.8/site-packages/airflow/example_dags/example_sensors.py took 0.110 seconds
[2024-10-08T08:51:12.415+0000] {processor.py:186} INFO - Started process (PID=218666) to work on /root/miniconda3/envs/project/lib/python3.8/site-packages/airflow/example_dags/example_sensors.py
[2024-10-08T08:51:12.418+0000] {processor.py:914} INFO - Processing file /root/miniconda3/envs/project/lib/python3.8/site-packages/airflow/example_dags/example_sensors.py for tasks to queue
[2024-10-08T08:51:12.421+0000] {logging_mixin.py:190} INFO - [2024-10-08T08:51:12.420+0000] {dagbag.py:588} INFO - Filling up the DagBag from /root/miniconda3/envs/project/lib/python3.8/site-packages/airflow/example_dags/example_sensors.py
[2024-10-08T08:51:12.438+0000] {processor.py:925} INFO - DAG(s) 'example_sensors' retrieved from /root/miniconda3/envs/project/lib/python3.8/site-packages/airflow/example_dags/example_sensors.py
[2024-10-08T08:51:12.469+0000] {logging_mixin.py:190} INFO - [2024-10-08T08:51:12.469+0000] {dag.py:3239} INFO - Sync 1 DAGs
[2024-10-08T08:51:12.487+0000] {logging_mixin.py:190} INFO - [2024-10-08T08:51:12.487+0000] {dag.py:4180} INFO - Setting next_dagrun for example_sensors to None, run_after=None
[2024-10-08T08:51:12.520+0000] {processor.py:208} INFO - Processing /root/miniconda3/envs/project/lib/python3.8/site-packages/airflow/example_dags/example_sensors.py took 0.117 seconds
[2024-10-08T09:05:17.948+0000] {processor.py:186} INFO - Started process (PID=220016) to work on /root/miniconda3/envs/project/lib/python3.8/site-packages/airflow/example_dags/example_sensors.py
[2024-10-08T09:05:17.951+0000] {processor.py:914} INFO - Processing file /root/miniconda3/envs/project/lib/python3.8/site-packages/airflow/example_dags/example_sensors.py for tasks to queue
[2024-10-08T09:05:17.954+0000] {logging_mixin.py:190} INFO - [2024-10-08T09:05:17.953+0000] {dagbag.py:588} INFO - Filling up the DagBag from /root/miniconda3/envs/project/lib/python3.8/site-packages/airflow/example_dags/example_sensors.py
[2024-10-08T09:05:17.971+0000] {processor.py:925} INFO - DAG(s) 'example_sensors' retrieved from /root/miniconda3/envs/project/lib/python3.8/site-packages/airflow/example_dags/example_sensors.py
[2024-10-08T09:05:18.006+0000] {logging_mixin.py:190} INFO - [2024-10-08T09:05:18.006+0000] {dag.py:3239} INFO - Sync 1 DAGs
[2024-10-08T09:05:18.026+0000] {logging_mixin.py:190} INFO - [2024-10-08T09:05:18.025+0000] {dag.py:4180} INFO - Setting next_dagrun for example_sensors to None, run_after=None
[2024-10-08T09:05:18.056+0000] {processor.py:208} INFO - Processing /root/miniconda3/envs/project/lib/python3.8/site-packages/airflow/example_dags/example_sensors.py took 0.121 seconds
[2024-10-08T09:08:50.314+0000] {processor.py:186} INFO - Started process (PID=220802) to work on /root/miniconda3/envs/project/lib/python3.8/site-packages/airflow/example_dags/example_sensors.py
[2024-10-08T09:08:50.317+0000] {processor.py:914} INFO - Processing file /root/miniconda3/envs/project/lib/python3.8/site-packages/airflow/example_dags/example_sensors.py for tasks to queue
[2024-10-08T09:08:50.320+0000] {logging_mixin.py:190} INFO - [2024-10-08T09:08:50.319+0000] {dagbag.py:588} INFO - Filling up the DagBag from /root/miniconda3/envs/project/lib/python3.8/site-packages/airflow/example_dags/example_sensors.py
[2024-10-08T09:08:50.337+0000] {processor.py:925} INFO - DAG(s) 'example_sensors' retrieved from /root/miniconda3/envs/project/lib/python3.8/site-packages/airflow/example_dags/example_sensors.py
[2024-10-08T09:08:50.372+0000] {logging_mixin.py:190} INFO - [2024-10-08T09:08:50.372+0000] {dag.py:3239} INFO - Sync 1 DAGs
[2024-10-08T09:08:50.392+0000] {logging_mixin.py:190} INFO - [2024-10-08T09:08:50.392+0000] {dag.py:4180} INFO - Setting next_dagrun for example_sensors to None, run_after=None
[2024-10-08T09:08:50.424+0000] {processor.py:208} INFO - Processing /root/miniconda3/envs/project/lib/python3.8/site-packages/airflow/example_dags/example_sensors.py took 0.122 seconds
[2024-10-08T09:10:18.615+0000] {processor.py:186} INFO - Started process (PID=221519) to work on /root/miniconda3/envs/project/lib/python3.8/site-packages/airflow/example_dags/example_sensors.py
[2024-10-08T09:10:18.618+0000] {processor.py:914} INFO - Processing file /root/miniconda3/envs/project/lib/python3.8/site-packages/airflow/example_dags/example_sensors.py for tasks to queue
[2024-10-08T09:10:18.621+0000] {logging_mixin.py:190} INFO - [2024-10-08T09:10:18.621+0000] {dagbag.py:588} INFO - Filling up the DagBag from /root/miniconda3/envs/project/lib/python3.8/site-packages/airflow/example_dags/example_sensors.py
[2024-10-08T09:10:18.639+0000] {processor.py:925} INFO - DAG(s) 'example_sensors' retrieved from /root/miniconda3/envs/project/lib/python3.8/site-packages/airflow/example_dags/example_sensors.py
[2024-10-08T09:10:18.674+0000] {logging_mixin.py:190} INFO - [2024-10-08T09:10:18.674+0000] {dag.py:3239} INFO - Sync 1 DAGs
[2024-10-08T09:10:18.694+0000] {logging_mixin.py:190} INFO - [2024-10-08T09:10:18.693+0000] {dag.py:4180} INFO - Setting next_dagrun for example_sensors to None, run_after=None
[2024-10-08T09:10:18.731+0000] {processor.py:208} INFO - Processing /root/miniconda3/envs/project/lib/python3.8/site-packages/airflow/example_dags/example_sensors.py took 0.125 seconds
[2024-10-08T09:11:25.407+0000] {processor.py:186} INFO - Started process (PID=221726) to work on /root/miniconda3/envs/project/lib/python3.8/site-packages/airflow/example_dags/example_sensors.py
[2024-10-08T09:11:25.410+0000] {processor.py:914} INFO - Processing file /root/miniconda3/envs/project/lib/python3.8/site-packages/airflow/example_dags/example_sensors.py for tasks to queue
[2024-10-08T09:11:25.413+0000] {logging_mixin.py:190} INFO - [2024-10-08T09:11:25.412+0000] {dagbag.py:588} INFO - Filling up the DagBag from /root/miniconda3/envs/project/lib/python3.8/site-packages/airflow/example_dags/example_sensors.py
[2024-10-08T09:11:25.430+0000] {processor.py:925} INFO - DAG(s) 'example_sensors' retrieved from /root/miniconda3/envs/project/lib/python3.8/site-packages/airflow/example_dags/example_sensors.py
[2024-10-08T09:11:25.463+0000] {logging_mixin.py:190} INFO - [2024-10-08T09:11:25.463+0000] {dag.py:3239} INFO - Sync 1 DAGs
[2024-10-08T09:11:25.481+0000] {logging_mixin.py:190} INFO - [2024-10-08T09:11:25.481+0000] {dag.py:4180} INFO - Setting next_dagrun for example_sensors to None, run_after=None
[2024-10-08T09:11:25.512+0000] {processor.py:208} INFO - Processing /root/miniconda3/envs/project/lib/python3.8/site-packages/airflow/example_dags/example_sensors.py took 0.116 seconds
[2024-10-08T09:12:27.028+0000] {processor.py:186} INFO - Started process (PID=222047) to work on /root/miniconda3/envs/project/lib/python3.8/site-packages/airflow/example_dags/example_sensors.py
[2024-10-08T09:12:27.030+0000] {processor.py:914} INFO - Processing file /root/miniconda3/envs/project/lib/python3.8/site-packages/airflow/example_dags/example_sensors.py for tasks to queue
[2024-10-08T09:12:27.034+0000] {logging_mixin.py:190} INFO - [2024-10-08T09:12:27.033+0000] {dagbag.py:588} INFO - Filling up the DagBag from /root/miniconda3/envs/project/lib/python3.8/site-packages/airflow/example_dags/example_sensors.py
[2024-10-08T09:12:27.052+0000] {processor.py:925} INFO - DAG(s) 'example_sensors' retrieved from /root/miniconda3/envs/project/lib/python3.8/site-packages/airflow/example_dags/example_sensors.py
[2024-10-08T09:12:27.091+0000] {logging_mixin.py:190} INFO - [2024-10-08T09:12:27.091+0000] {dag.py:3239} INFO - Sync 1 DAGs
[2024-10-08T09:12:27.109+0000] {logging_mixin.py:190} INFO - [2024-10-08T09:12:27.109+0000] {dag.py:4180} INFO - Setting next_dagrun for example_sensors to None, run_after=None
[2024-10-08T09:12:27.145+0000] {processor.py:208} INFO - Processing /root/miniconda3/envs/project/lib/python3.8/site-packages/airflow/example_dags/example_sensors.py took 0.128 seconds
[2024-10-08T09:13:35.514+0000] {processor.py:186} INFO - Started process (PID=222334) to work on /root/miniconda3/envs/project/lib/python3.8/site-packages/airflow/example_dags/example_sensors.py
[2024-10-08T09:13:35.516+0000] {processor.py:914} INFO - Processing file /root/miniconda3/envs/project/lib/python3.8/site-packages/airflow/example_dags/example_sensors.py for tasks to queue
[2024-10-08T09:13:35.520+0000] {logging_mixin.py:190} INFO - [2024-10-08T09:13:35.519+0000] {dagbag.py:588} INFO - Filling up the DagBag from /root/miniconda3/envs/project/lib/python3.8/site-packages/airflow/example_dags/example_sensors.py
[2024-10-08T09:13:35.538+0000] {processor.py:925} INFO - DAG(s) 'example_sensors' retrieved from /root/miniconda3/envs/project/lib/python3.8/site-packages/airflow/example_dags/example_sensors.py
[2024-10-08T09:13:35.572+0000] {logging_mixin.py:190} INFO - [2024-10-08T09:13:35.571+0000] {dag.py:3239} INFO - Sync 1 DAGs
[2024-10-08T09:13:35.591+0000] {logging_mixin.py:190} INFO - [2024-10-08T09:13:35.590+0000] {dag.py:4180} INFO - Setting next_dagrun for example_sensors to None, run_after=None
[2024-10-08T09:13:35.624+0000] {processor.py:208} INFO - Processing /root/miniconda3/envs/project/lib/python3.8/site-packages/airflow/example_dags/example_sensors.py took 0.121 seconds
[2024-10-08T09:14:36.389+0000] {processor.py:186} INFO - Started process (PID=222596) to work on /root/miniconda3/envs/project/lib/python3.8/site-packages/airflow/example_dags/example_sensors.py
[2024-10-08T09:14:36.392+0000] {processor.py:914} INFO - Processing file /root/miniconda3/envs/project/lib/python3.8/site-packages/airflow/example_dags/example_sensors.py for tasks to queue
[2024-10-08T09:14:36.395+0000] {logging_mixin.py:190} INFO - [2024-10-08T09:14:36.394+0000] {dagbag.py:588} INFO - Filling up the DagBag from /root/miniconda3/envs/project/lib/python3.8/site-packages/airflow/example_dags/example_sensors.py
[2024-10-08T09:14:36.412+0000] {processor.py:925} INFO - DAG(s) 'example_sensors' retrieved from /root/miniconda3/envs/project/lib/python3.8/site-packages/airflow/example_dags/example_sensors.py
[2024-10-08T09:14:36.444+0000] {logging_mixin.py:190} INFO - [2024-10-08T09:14:36.444+0000] {dag.py:3239} INFO - Sync 1 DAGs
[2024-10-08T09:14:36.461+0000] {logging_mixin.py:190} INFO - [2024-10-08T09:14:36.461+0000] {dag.py:4180} INFO - Setting next_dagrun for example_sensors to None, run_after=None
[2024-10-08T09:14:36.503+0000] {processor.py:208} INFO - Processing /root/miniconda3/envs/project/lib/python3.8/site-packages/airflow/example_dags/example_sensors.py took 0.124 seconds
[2024-10-08T09:15:51.085+0000] {processor.py:186} INFO - Started process (PID=222950) to work on /root/miniconda3/envs/project/lib/python3.8/site-packages/airflow/example_dags/example_sensors.py
[2024-10-08T09:15:51.088+0000] {processor.py:914} INFO - Processing file /root/miniconda3/envs/project/lib/python3.8/site-packages/airflow/example_dags/example_sensors.py for tasks to queue
[2024-10-08T09:15:51.092+0000] {logging_mixin.py:190} INFO - [2024-10-08T09:15:51.091+0000] {dagbag.py:588} INFO - Filling up the DagBag from /root/miniconda3/envs/project/lib/python3.8/site-packages/airflow/example_dags/example_sensors.py
[2024-10-08T09:15:51.108+0000] {processor.py:925} INFO - DAG(s) 'example_sensors' retrieved from /root/miniconda3/envs/project/lib/python3.8/site-packages/airflow/example_dags/example_sensors.py
[2024-10-08T09:15:51.140+0000] {logging_mixin.py:190} INFO - [2024-10-08T09:15:51.140+0000] {dag.py:3239} INFO - Sync 1 DAGs
[2024-10-08T09:15:51.158+0000] {logging_mixin.py:190} INFO - [2024-10-08T09:15:51.157+0000] {dag.py:4180} INFO - Setting next_dagrun for example_sensors to None, run_after=None
[2024-10-08T09:15:51.188+0000] {processor.py:208} INFO - Processing /root/miniconda3/envs/project/lib/python3.8/site-packages/airflow/example_dags/example_sensors.py took 0.112 seconds
[2024-10-08T09:17:01.351+0000] {processor.py:186} INFO - Started process (PID=223179) to work on /root/miniconda3/envs/project/lib/python3.8/site-packages/airflow/example_dags/example_sensors.py
[2024-10-08T09:17:01.354+0000] {processor.py:914} INFO - Processing file /root/miniconda3/envs/project/lib/python3.8/site-packages/airflow/example_dags/example_sensors.py for tasks to queue
[2024-10-08T09:17:01.358+0000] {logging_mixin.py:190} INFO - [2024-10-08T09:17:01.357+0000] {dagbag.py:588} INFO - Filling up the DagBag from /root/miniconda3/envs/project/lib/python3.8/site-packages/airflow/example_dags/example_sensors.py
[2024-10-08T09:17:01.375+0000] {processor.py:925} INFO - DAG(s) 'example_sensors' retrieved from /root/miniconda3/envs/project/lib/python3.8/site-packages/airflow/example_dags/example_sensors.py
[2024-10-08T09:17:01.408+0000] {logging_mixin.py:190} INFO - [2024-10-08T09:17:01.407+0000] {dag.py:3239} INFO - Sync 1 DAGs
[2024-10-08T09:17:01.427+0000] {logging_mixin.py:190} INFO - [2024-10-08T09:17:01.427+0000] {dag.py:4180} INFO - Setting next_dagrun for example_sensors to None, run_after=None
[2024-10-08T09:17:01.467+0000] {processor.py:208} INFO - Processing /root/miniconda3/envs/project/lib/python3.8/site-packages/airflow/example_dags/example_sensors.py took 0.127 seconds
[2024-10-08T09:18:09.219+0000] {processor.py:186} INFO - Started process (PID=223409) to work on /root/miniconda3/envs/project/lib/python3.8/site-packages/airflow/example_dags/example_sensors.py
[2024-10-08T09:18:09.222+0000] {processor.py:914} INFO - Processing file /root/miniconda3/envs/project/lib/python3.8/site-packages/airflow/example_dags/example_sensors.py for tasks to queue
[2024-10-08T09:18:09.225+0000] {logging_mixin.py:190} INFO - [2024-10-08T09:18:09.224+0000] {dagbag.py:588} INFO - Filling up the DagBag from /root/miniconda3/envs/project/lib/python3.8/site-packages/airflow/example_dags/example_sensors.py
[2024-10-08T09:18:09.242+0000] {processor.py:925} INFO - DAG(s) 'example_sensors' retrieved from /root/miniconda3/envs/project/lib/python3.8/site-packages/airflow/example_dags/example_sensors.py
[2024-10-08T09:18:09.275+0000] {logging_mixin.py:190} INFO - [2024-10-08T09:18:09.274+0000] {dag.py:3239} INFO - Sync 1 DAGs
[2024-10-08T09:18:09.293+0000] {logging_mixin.py:190} INFO - [2024-10-08T09:18:09.292+0000] {dag.py:4180} INFO - Setting next_dagrun for example_sensors to None, run_after=None
[2024-10-08T09:18:09.323+0000] {processor.py:208} INFO - Processing /root/miniconda3/envs/project/lib/python3.8/site-packages/airflow/example_dags/example_sensors.py took 0.114 seconds
[2024-10-08T09:19:27.252+0000] {processor.py:186} INFO - Started process (PID=223648) to work on /root/miniconda3/envs/project/lib/python3.8/site-packages/airflow/example_dags/example_sensors.py
[2024-10-08T09:19:27.255+0000] {processor.py:914} INFO - Processing file /root/miniconda3/envs/project/lib/python3.8/site-packages/airflow/example_dags/example_sensors.py for tasks to queue
[2024-10-08T09:19:27.259+0000] {logging_mixin.py:190} INFO - [2024-10-08T09:19:27.258+0000] {dagbag.py:588} INFO - Filling up the DagBag from /root/miniconda3/envs/project/lib/python3.8/site-packages/airflow/example_dags/example_sensors.py
[2024-10-08T09:19:27.276+0000] {processor.py:925} INFO - DAG(s) 'example_sensors' retrieved from /root/miniconda3/envs/project/lib/python3.8/site-packages/airflow/example_dags/example_sensors.py
[2024-10-08T09:19:27.308+0000] {logging_mixin.py:190} INFO - [2024-10-08T09:19:27.308+0000] {dag.py:3239} INFO - Sync 1 DAGs
[2024-10-08T09:19:27.327+0000] {logging_mixin.py:190} INFO - [2024-10-08T09:19:27.327+0000] {dag.py:4180} INFO - Setting next_dagrun for example_sensors to None, run_after=None
[2024-10-08T09:19:27.361+0000] {processor.py:208} INFO - Processing /root/miniconda3/envs/project/lib/python3.8/site-packages/airflow/example_dags/example_sensors.py took 0.119 seconds
[2024-10-08T09:20:33.606+0000] {processor.py:186} INFO - Started process (PID=223931) to work on /root/miniconda3/envs/project/lib/python3.8/site-packages/airflow/example_dags/example_sensors.py
[2024-10-08T09:20:33.609+0000] {processor.py:914} INFO - Processing file /root/miniconda3/envs/project/lib/python3.8/site-packages/airflow/example_dags/example_sensors.py for tasks to queue
[2024-10-08T09:20:33.612+0000] {logging_mixin.py:190} INFO - [2024-10-08T09:20:33.611+0000] {dagbag.py:588} INFO - Filling up the DagBag from /root/miniconda3/envs/project/lib/python3.8/site-packages/airflow/example_dags/example_sensors.py
[2024-10-08T09:20:33.628+0000] {processor.py:925} INFO - DAG(s) 'example_sensors' retrieved from /root/miniconda3/envs/project/lib/python3.8/site-packages/airflow/example_dags/example_sensors.py
[2024-10-08T09:20:33.660+0000] {logging_mixin.py:190} INFO - [2024-10-08T09:20:33.660+0000] {dag.py:3239} INFO - Sync 1 DAGs
[2024-10-08T09:20:33.678+0000] {logging_mixin.py:190} INFO - [2024-10-08T09:20:33.678+0000] {dag.py:4180} INFO - Setting next_dagrun for example_sensors to None, run_after=None
[2024-10-08T09:20:33.710+0000] {processor.py:208} INFO - Processing /root/miniconda3/envs/project/lib/python3.8/site-packages/airflow/example_dags/example_sensors.py took 0.114 seconds
[2024-10-08T09:21:49.300+0000] {processor.py:186} INFO - Started process (PID=224227) to work on /root/miniconda3/envs/project/lib/python3.8/site-packages/airflow/example_dags/example_sensors.py
[2024-10-08T09:21:49.304+0000] {processor.py:914} INFO - Processing file /root/miniconda3/envs/project/lib/python3.8/site-packages/airflow/example_dags/example_sensors.py for tasks to queue
[2024-10-08T09:21:49.307+0000] {logging_mixin.py:190} INFO - [2024-10-08T09:21:49.307+0000] {dagbag.py:588} INFO - Filling up the DagBag from /root/miniconda3/envs/project/lib/python3.8/site-packages/airflow/example_dags/example_sensors.py
[2024-10-08T09:21:49.325+0000] {processor.py:925} INFO - DAG(s) 'example_sensors' retrieved from /root/miniconda3/envs/project/lib/python3.8/site-packages/airflow/example_dags/example_sensors.py
[2024-10-08T09:21:49.358+0000] {logging_mixin.py:190} INFO - [2024-10-08T09:21:49.358+0000] {dag.py:3239} INFO - Sync 1 DAGs
[2024-10-08T09:21:49.377+0000] {logging_mixin.py:190} INFO - [2024-10-08T09:21:49.376+0000] {dag.py:4180} INFO - Setting next_dagrun for example_sensors to None, run_after=None
[2024-10-08T09:21:49.410+0000] {processor.py:208} INFO - Processing /root/miniconda3/envs/project/lib/python3.8/site-packages/airflow/example_dags/example_sensors.py took 0.122 seconds
[2024-10-08T09:22:57.249+0000] {processor.py:186} INFO - Started process (PID=224455) to work on /root/miniconda3/envs/project/lib/python3.8/site-packages/airflow/example_dags/example_sensors.py
[2024-10-08T09:22:57.252+0000] {processor.py:914} INFO - Processing file /root/miniconda3/envs/project/lib/python3.8/site-packages/airflow/example_dags/example_sensors.py for tasks to queue
[2024-10-08T09:22:57.255+0000] {logging_mixin.py:190} INFO - [2024-10-08T09:22:57.255+0000] {dagbag.py:588} INFO - Filling up the DagBag from /root/miniconda3/envs/project/lib/python3.8/site-packages/airflow/example_dags/example_sensors.py
[2024-10-08T09:22:57.272+0000] {processor.py:925} INFO - DAG(s) 'example_sensors' retrieved from /root/miniconda3/envs/project/lib/python3.8/site-packages/airflow/example_dags/example_sensors.py
[2024-10-08T09:22:57.307+0000] {logging_mixin.py:190} INFO - [2024-10-08T09:22:57.306+0000] {dag.py:3239} INFO - Sync 1 DAGs
[2024-10-08T09:22:57.325+0000] {logging_mixin.py:190} INFO - [2024-10-08T09:22:57.325+0000] {dag.py:4180} INFO - Setting next_dagrun for example_sensors to None, run_after=None
[2024-10-08T09:22:57.361+0000] {processor.py:208} INFO - Processing /root/miniconda3/envs/project/lib/python3.8/site-packages/airflow/example_dags/example_sensors.py took 0.122 seconds
[2024-10-08T09:24:09.194+0000] {processor.py:186} INFO - Started process (PID=224648) to work on /root/miniconda3/envs/project/lib/python3.8/site-packages/airflow/example_dags/example_sensors.py
[2024-10-08T09:24:09.198+0000] {processor.py:914} INFO - Processing file /root/miniconda3/envs/project/lib/python3.8/site-packages/airflow/example_dags/example_sensors.py for tasks to queue
[2024-10-08T09:24:09.201+0000] {logging_mixin.py:190} INFO - [2024-10-08T09:24:09.200+0000] {dagbag.py:588} INFO - Filling up the DagBag from /root/miniconda3/envs/project/lib/python3.8/site-packages/airflow/example_dags/example_sensors.py
[2024-10-08T09:24:09.217+0000] {processor.py:925} INFO - DAG(s) 'example_sensors' retrieved from /root/miniconda3/envs/project/lib/python3.8/site-packages/airflow/example_dags/example_sensors.py
[2024-10-08T09:24:09.249+0000] {logging_mixin.py:190} INFO - [2024-10-08T09:24:09.248+0000] {dag.py:3239} INFO - Sync 1 DAGs
[2024-10-08T09:24:09.266+0000] {logging_mixin.py:190} INFO - [2024-10-08T09:24:09.266+0000] {dag.py:4180} INFO - Setting next_dagrun for example_sensors to None, run_after=None
[2024-10-08T09:24:09.302+0000] {processor.py:208} INFO - Processing /root/miniconda3/envs/project/lib/python3.8/site-packages/airflow/example_dags/example_sensors.py took 0.118 seconds
[2024-10-08T09:25:16.548+0000] {processor.py:186} INFO - Started process (PID=225409) to work on /root/miniconda3/envs/project/lib/python3.8/site-packages/airflow/example_dags/example_sensors.py
[2024-10-08T09:25:16.550+0000] {processor.py:914} INFO - Processing file /root/miniconda3/envs/project/lib/python3.8/site-packages/airflow/example_dags/example_sensors.py for tasks to queue
[2024-10-08T09:25:16.553+0000] {logging_mixin.py:190} INFO - [2024-10-08T09:25:16.553+0000] {dagbag.py:588} INFO - Filling up the DagBag from /root/miniconda3/envs/project/lib/python3.8/site-packages/airflow/example_dags/example_sensors.py
[2024-10-08T09:25:16.571+0000] {processor.py:925} INFO - DAG(s) 'example_sensors' retrieved from /root/miniconda3/envs/project/lib/python3.8/site-packages/airflow/example_dags/example_sensors.py
[2024-10-08T09:25:16.603+0000] {logging_mixin.py:190} INFO - [2024-10-08T09:25:16.603+0000] {dag.py:3239} INFO - Sync 1 DAGs
[2024-10-08T09:25:16.621+0000] {logging_mixin.py:190} INFO - [2024-10-08T09:25:16.621+0000] {dag.py:4180} INFO - Setting next_dagrun for example_sensors to None, run_after=None
[2024-10-08T09:25:16.652+0000] {processor.py:208} INFO - Processing /root/miniconda3/envs/project/lib/python3.8/site-packages/airflow/example_dags/example_sensors.py took 0.116 seconds
[2024-10-08T09:26:26.156+0000] {processor.py:186} INFO - Started process (PID=225737) to work on /root/miniconda3/envs/project/lib/python3.8/site-packages/airflow/example_dags/example_sensors.py
[2024-10-08T09:26:26.159+0000] {processor.py:914} INFO - Processing file /root/miniconda3/envs/project/lib/python3.8/site-packages/airflow/example_dags/example_sensors.py for tasks to queue
[2024-10-08T09:26:26.162+0000] {logging_mixin.py:190} INFO - [2024-10-08T09:26:26.162+0000] {dagbag.py:588} INFO - Filling up the DagBag from /root/miniconda3/envs/project/lib/python3.8/site-packages/airflow/example_dags/example_sensors.py
[2024-10-08T09:26:26.180+0000] {processor.py:925} INFO - DAG(s) 'example_sensors' retrieved from /root/miniconda3/envs/project/lib/python3.8/site-packages/airflow/example_dags/example_sensors.py
[2024-10-08T09:26:26.213+0000] {logging_mixin.py:190} INFO - [2024-10-08T09:26:26.213+0000] {dag.py:3239} INFO - Sync 1 DAGs
[2024-10-08T09:26:26.231+0000] {logging_mixin.py:190} INFO - [2024-10-08T09:26:26.231+0000] {dag.py:4180} INFO - Setting next_dagrun for example_sensors to None, run_after=None
[2024-10-08T09:26:26.270+0000] {processor.py:208} INFO - Processing /root/miniconda3/envs/project/lib/python3.8/site-packages/airflow/example_dags/example_sensors.py took 0.126 seconds
[2024-10-08T09:27:39.113+0000] {processor.py:186} INFO - Started process (PID=226180) to work on /root/miniconda3/envs/project/lib/python3.8/site-packages/airflow/example_dags/example_sensors.py
[2024-10-08T09:27:39.117+0000] {processor.py:914} INFO - Processing file /root/miniconda3/envs/project/lib/python3.8/site-packages/airflow/example_dags/example_sensors.py for tasks to queue
[2024-10-08T09:27:39.121+0000] {logging_mixin.py:190} INFO - [2024-10-08T09:27:39.120+0000] {dagbag.py:588} INFO - Filling up the DagBag from /root/miniconda3/envs/project/lib/python3.8/site-packages/airflow/example_dags/example_sensors.py
[2024-10-08T09:27:39.147+0000] {processor.py:925} INFO - DAG(s) 'example_sensors' retrieved from /root/miniconda3/envs/project/lib/python3.8/site-packages/airflow/example_dags/example_sensors.py
[2024-10-08T09:27:39.196+0000] {logging_mixin.py:190} INFO - [2024-10-08T09:27:39.196+0000] {dag.py:3239} INFO - Sync 1 DAGs
[2024-10-08T09:27:39.214+0000] {logging_mixin.py:190} INFO - [2024-10-08T09:27:39.214+0000] {dag.py:4180} INFO - Setting next_dagrun for example_sensors to None, run_after=None
[2024-10-08T09:27:39.246+0000] {processor.py:208} INFO - Processing /root/miniconda3/envs/project/lib/python3.8/site-packages/airflow/example_dags/example_sensors.py took 0.147 seconds
[2024-10-08T09:28:50.346+0000] {processor.py:186} INFO - Started process (PID=226781) to work on /root/miniconda3/envs/project/lib/python3.8/site-packages/airflow/example_dags/example_sensors.py
[2024-10-08T09:28:50.349+0000] {processor.py:914} INFO - Processing file /root/miniconda3/envs/project/lib/python3.8/site-packages/airflow/example_dags/example_sensors.py for tasks to queue
[2024-10-08T09:28:50.352+0000] {logging_mixin.py:190} INFO - [2024-10-08T09:28:50.351+0000] {dagbag.py:588} INFO - Filling up the DagBag from /root/miniconda3/envs/project/lib/python3.8/site-packages/airflow/example_dags/example_sensors.py
[2024-10-08T09:28:50.368+0000] {processor.py:925} INFO - DAG(s) 'example_sensors' retrieved from /root/miniconda3/envs/project/lib/python3.8/site-packages/airflow/example_dags/example_sensors.py
[2024-10-08T09:28:50.514+0000] {logging_mixin.py:190} INFO - [2024-10-08T09:28:50.514+0000] {dag.py:3239} INFO - Sync 1 DAGs
[2024-10-08T09:28:50.529+0000] {logging_mixin.py:190} INFO - [2024-10-08T09:28:50.529+0000] {dag.py:4180} INFO - Setting next_dagrun for example_sensors to None, run_after=None
[2024-10-08T09:28:50.570+0000] {processor.py:208} INFO - Processing /root/miniconda3/envs/project/lib/python3.8/site-packages/airflow/example_dags/example_sensors.py took 0.234 seconds
[2024-10-08T09:30:11.757+0000] {processor.py:186} INFO - Started process (PID=227594) to work on /root/miniconda3/envs/project/lib/python3.8/site-packages/airflow/example_dags/example_sensors.py
[2024-10-08T09:30:11.760+0000] {processor.py:914} INFO - Processing file /root/miniconda3/envs/project/lib/python3.8/site-packages/airflow/example_dags/example_sensors.py for tasks to queue
[2024-10-08T09:30:11.763+0000] {logging_mixin.py:190} INFO - [2024-10-08T09:30:11.763+0000] {dagbag.py:588} INFO - Filling up the DagBag from /root/miniconda3/envs/project/lib/python3.8/site-packages/airflow/example_dags/example_sensors.py
[2024-10-08T09:30:11.781+0000] {processor.py:925} INFO - DAG(s) 'example_sensors' retrieved from /root/miniconda3/envs/project/lib/python3.8/site-packages/airflow/example_dags/example_sensors.py
[2024-10-08T09:30:11.925+0000] {logging_mixin.py:190} INFO - [2024-10-08T09:30:11.925+0000] {dag.py:3239} INFO - Sync 1 DAGs
[2024-10-08T09:30:11.940+0000] {logging_mixin.py:190} INFO - [2024-10-08T09:30:11.940+0000] {dag.py:4180} INFO - Setting next_dagrun for example_sensors to None, run_after=None
[2024-10-08T09:30:11.979+0000] {processor.py:208} INFO - Processing /root/miniconda3/envs/project/lib/python3.8/site-packages/airflow/example_dags/example_sensors.py took 0.233 seconds
[2024-10-08T09:31:45.475+0000] {processor.py:186} INFO - Started process (PID=228722) to work on /root/miniconda3/envs/project/lib/python3.8/site-packages/airflow/example_dags/example_sensors.py
[2024-10-08T09:31:45.478+0000] {processor.py:914} INFO - Processing file /root/miniconda3/envs/project/lib/python3.8/site-packages/airflow/example_dags/example_sensors.py for tasks to queue
[2024-10-08T09:31:45.481+0000] {logging_mixin.py:190} INFO - [2024-10-08T09:31:45.480+0000] {dagbag.py:588} INFO - Filling up the DagBag from /root/miniconda3/envs/project/lib/python3.8/site-packages/airflow/example_dags/example_sensors.py
[2024-10-08T09:31:45.497+0000] {processor.py:925} INFO - DAG(s) 'example_sensors' retrieved from /root/miniconda3/envs/project/lib/python3.8/site-packages/airflow/example_dags/example_sensors.py
[2024-10-08T09:31:45.529+0000] {logging_mixin.py:190} INFO - [2024-10-08T09:31:45.529+0000] {dag.py:3239} INFO - Sync 1 DAGs
[2024-10-08T09:31:45.547+0000] {logging_mixin.py:190} INFO - [2024-10-08T09:31:45.547+0000] {dag.py:4180} INFO - Setting next_dagrun for example_sensors to None, run_after=None
[2024-10-08T09:31:45.580+0000] {processor.py:208} INFO - Processing /root/miniconda3/envs/project/lib/python3.8/site-packages/airflow/example_dags/example_sensors.py took 0.116 seconds
[2024-10-08T09:32:58.003+0000] {processor.py:186} INFO - Started process (PID=229184) to work on /root/miniconda3/envs/project/lib/python3.8/site-packages/airflow/example_dags/example_sensors.py
[2024-10-08T09:32:58.006+0000] {processor.py:914} INFO - Processing file /root/miniconda3/envs/project/lib/python3.8/site-packages/airflow/example_dags/example_sensors.py for tasks to queue
[2024-10-08T09:32:58.010+0000] {logging_mixin.py:190} INFO - [2024-10-08T09:32:58.009+0000] {dagbag.py:588} INFO - Filling up the DagBag from /root/miniconda3/envs/project/lib/python3.8/site-packages/airflow/example_dags/example_sensors.py
[2024-10-08T09:32:58.027+0000] {processor.py:925} INFO - DAG(s) 'example_sensors' retrieved from /root/miniconda3/envs/project/lib/python3.8/site-packages/airflow/example_dags/example_sensors.py
[2024-10-08T09:32:58.061+0000] {logging_mixin.py:190} INFO - [2024-10-08T09:32:58.061+0000] {dag.py:3239} INFO - Sync 1 DAGs
[2024-10-08T09:32:58.079+0000] {logging_mixin.py:190} INFO - [2024-10-08T09:32:58.079+0000] {dag.py:4180} INFO - Setting next_dagrun for example_sensors to None, run_after=None
[2024-10-08T09:32:58.112+0000] {processor.py:208} INFO - Processing /root/miniconda3/envs/project/lib/python3.8/site-packages/airflow/example_dags/example_sensors.py took 0.120 seconds
