[2024-10-08T07:57:18.525+0000] {processor.py:186} INFO - Started process (PID=207093) to work on /root/miniconda3/envs/project/lib/python3.8/site-packages/airflow/example_dags/tutorial_dag.py
[2024-10-08T07:57:18.527+0000] {processor.py:914} INFO - Processing file /root/miniconda3/envs/project/lib/python3.8/site-packages/airflow/example_dags/tutorial_dag.py for tasks to queue
[2024-10-08T07:57:18.531+0000] {logging_mixin.py:190} INFO - [2024-10-08T07:57:18.530+0000] {dagbag.py:588} INFO - Filling up the DagBag from /root/miniconda3/envs/project/lib/python3.8/site-packages/airflow/example_dags/tutorial_dag.py
[2024-10-08T07:57:18.545+0000] {processor.py:925} INFO - DAG(s) 'tutorial_dag' retrieved from /root/miniconda3/envs/project/lib/python3.8/site-packages/airflow/example_dags/tutorial_dag.py
[2024-10-08T07:57:18.692+0000] {logging_mixin.py:190} INFO - [2024-10-08T07:57:18.691+0000] {override.py:1901} INFO - Created Permission View: can delete on DAG:tutorial_dag
[2024-10-08T07:57:18.712+0000] {logging_mixin.py:190} INFO - [2024-10-08T07:57:18.711+0000] {override.py:1901} INFO - Created Permission View: can read on DAG:tutorial_dag
[2024-10-08T07:57:18.725+0000] {logging_mixin.py:190} INFO - [2024-10-08T07:57:18.725+0000] {override.py:1901} INFO - Created Permission View: can edit on DAG:tutorial_dag
[2024-10-08T07:57:18.747+0000] {logging_mixin.py:190} INFO - [2024-10-08T07:57:18.747+0000] {override.py:1901} INFO - Created Permission View: can delete on DAG Run:tutorial_dag
[2024-10-08T07:57:18.762+0000] {logging_mixin.py:190} INFO - [2024-10-08T07:57:18.762+0000] {override.py:1901} INFO - Created Permission View: menu access on DAG Run:tutorial_dag
[2024-10-08T07:57:18.778+0000] {logging_mixin.py:190} INFO - [2024-10-08T07:57:18.777+0000] {override.py:1901} INFO - Created Permission View: can create on DAG Run:tutorial_dag
[2024-10-08T07:57:18.793+0000] {logging_mixin.py:190} INFO - [2024-10-08T07:57:18.792+0000] {override.py:1901} INFO - Created Permission View: can read on DAG Run:tutorial_dag
[2024-10-08T07:57:18.793+0000] {logging_mixin.py:190} INFO - [2024-10-08T07:57:18.793+0000] {dag.py:3239} INFO - Sync 1 DAGs
[2024-10-08T07:57:18.812+0000] {logging_mixin.py:190} INFO - [2024-10-08T07:57:18.811+0000] {dag.py:3262} INFO - Creating ORM DAG for tutorial_dag
[2024-10-08T07:57:18.813+0000] {logging_mixin.py:190} INFO - [2024-10-08T07:57:18.812+0000] {dag.py:4180} INFO - Setting next_dagrun for tutorial_dag to None, run_after=None
[2024-10-08T07:57:18.846+0000] {processor.py:208} INFO - Processing /root/miniconda3/envs/project/lib/python3.8/site-packages/airflow/example_dags/tutorial_dag.py took 0.335 seconds
[2024-10-08T07:58:33.040+0000] {processor.py:186} INFO - Started process (PID=207295) to work on /root/miniconda3/envs/project/lib/python3.8/site-packages/airflow/example_dags/tutorial_dag.py
[2024-10-08T07:58:33.043+0000] {processor.py:914} INFO - Processing file /root/miniconda3/envs/project/lib/python3.8/site-packages/airflow/example_dags/tutorial_dag.py for tasks to queue
[2024-10-08T07:58:33.046+0000] {logging_mixin.py:190} INFO - [2024-10-08T07:58:33.045+0000] {dagbag.py:588} INFO - Filling up the DagBag from /root/miniconda3/envs/project/lib/python3.8/site-packages/airflow/example_dags/tutorial_dag.py
[2024-10-08T07:58:33.058+0000] {processor.py:925} INFO - DAG(s) 'tutorial_dag' retrieved from /root/miniconda3/envs/project/lib/python3.8/site-packages/airflow/example_dags/tutorial_dag.py
[2024-10-08T07:58:33.082+0000] {logging_mixin.py:190} INFO - [2024-10-08T07:58:33.082+0000] {dag.py:3239} INFO - Sync 1 DAGs
[2024-10-08T07:58:33.100+0000] {logging_mixin.py:190} INFO - [2024-10-08T07:58:33.100+0000] {dag.py:4180} INFO - Setting next_dagrun for tutorial_dag to None, run_after=None
[2024-10-08T07:58:33.134+0000] {processor.py:208} INFO - Processing /root/miniconda3/envs/project/lib/python3.8/site-packages/airflow/example_dags/tutorial_dag.py took 0.107 seconds
[2024-10-08T07:59:45.810+0000] {processor.py:186} INFO - Started process (PID=207554) to work on /root/miniconda3/envs/project/lib/python3.8/site-packages/airflow/example_dags/tutorial_dag.py
[2024-10-08T07:59:45.813+0000] {processor.py:914} INFO - Processing file /root/miniconda3/envs/project/lib/python3.8/site-packages/airflow/example_dags/tutorial_dag.py for tasks to queue
[2024-10-08T07:59:45.817+0000] {logging_mixin.py:190} INFO - [2024-10-08T07:59:45.816+0000] {dagbag.py:588} INFO - Filling up the DagBag from /root/miniconda3/envs/project/lib/python3.8/site-packages/airflow/example_dags/tutorial_dag.py
[2024-10-08T07:59:45.828+0000] {processor.py:925} INFO - DAG(s) 'tutorial_dag' retrieved from /root/miniconda3/envs/project/lib/python3.8/site-packages/airflow/example_dags/tutorial_dag.py
[2024-10-08T07:59:45.852+0000] {logging_mixin.py:190} INFO - [2024-10-08T07:59:45.852+0000] {dag.py:3239} INFO - Sync 1 DAGs
[2024-10-08T07:59:45.870+0000] {logging_mixin.py:190} INFO - [2024-10-08T07:59:45.870+0000] {dag.py:4180} INFO - Setting next_dagrun for tutorial_dag to None, run_after=None
[2024-10-08T07:59:45.902+0000] {processor.py:208} INFO - Processing /root/miniconda3/envs/project/lib/python3.8/site-packages/airflow/example_dags/tutorial_dag.py took 0.103 seconds
[2024-10-08T08:00:55.980+0000] {processor.py:186} INFO - Started process (PID=207920) to work on /root/miniconda3/envs/project/lib/python3.8/site-packages/airflow/example_dags/tutorial_dag.py
[2024-10-08T08:00:55.982+0000] {processor.py:914} INFO - Processing file /root/miniconda3/envs/project/lib/python3.8/site-packages/airflow/example_dags/tutorial_dag.py for tasks to queue
[2024-10-08T08:00:55.986+0000] {logging_mixin.py:190} INFO - [2024-10-08T08:00:55.985+0000] {dagbag.py:588} INFO - Filling up the DagBag from /root/miniconda3/envs/project/lib/python3.8/site-packages/airflow/example_dags/tutorial_dag.py
[2024-10-08T08:00:55.997+0000] {processor.py:925} INFO - DAG(s) 'tutorial_dag' retrieved from /root/miniconda3/envs/project/lib/python3.8/site-packages/airflow/example_dags/tutorial_dag.py
[2024-10-08T08:00:56.019+0000] {logging_mixin.py:190} INFO - [2024-10-08T08:00:56.019+0000] {dag.py:3239} INFO - Sync 1 DAGs
[2024-10-08T08:00:56.037+0000] {logging_mixin.py:190} INFO - [2024-10-08T08:00:56.037+0000] {dag.py:4180} INFO - Setting next_dagrun for tutorial_dag to None, run_after=None
[2024-10-08T08:00:56.067+0000] {processor.py:208} INFO - Processing /root/miniconda3/envs/project/lib/python3.8/site-packages/airflow/example_dags/tutorial_dag.py took 0.099 seconds
[2024-10-08T08:02:09.018+0000] {processor.py:186} INFO - Started process (PID=208200) to work on /root/miniconda3/envs/project/lib/python3.8/site-packages/airflow/example_dags/tutorial_dag.py
[2024-10-08T08:02:09.021+0000] {processor.py:914} INFO - Processing file /root/miniconda3/envs/project/lib/python3.8/site-packages/airflow/example_dags/tutorial_dag.py for tasks to queue
[2024-10-08T08:02:09.024+0000] {logging_mixin.py:190} INFO - [2024-10-08T08:02:09.023+0000] {dagbag.py:588} INFO - Filling up the DagBag from /root/miniconda3/envs/project/lib/python3.8/site-packages/airflow/example_dags/tutorial_dag.py
[2024-10-08T08:02:09.036+0000] {processor.py:925} INFO - DAG(s) 'tutorial_dag' retrieved from /root/miniconda3/envs/project/lib/python3.8/site-packages/airflow/example_dags/tutorial_dag.py
[2024-10-08T08:02:09.059+0000] {logging_mixin.py:190} INFO - [2024-10-08T08:02:09.059+0000] {dag.py:3239} INFO - Sync 1 DAGs
[2024-10-08T08:02:09.077+0000] {logging_mixin.py:190} INFO - [2024-10-08T08:02:09.077+0000] {dag.py:4180} INFO - Setting next_dagrun for tutorial_dag to None, run_after=None
[2024-10-08T08:02:09.110+0000] {processor.py:208} INFO - Processing /root/miniconda3/envs/project/lib/python3.8/site-packages/airflow/example_dags/tutorial_dag.py took 0.104 seconds
[2024-10-08T08:03:20.332+0000] {processor.py:186} INFO - Started process (PID=208405) to work on /root/miniconda3/envs/project/lib/python3.8/site-packages/airflow/example_dags/tutorial_dag.py
[2024-10-08T08:03:20.335+0000] {processor.py:914} INFO - Processing file /root/miniconda3/envs/project/lib/python3.8/site-packages/airflow/example_dags/tutorial_dag.py for tasks to queue
[2024-10-08T08:03:20.339+0000] {logging_mixin.py:190} INFO - [2024-10-08T08:03:20.338+0000] {dagbag.py:588} INFO - Filling up the DagBag from /root/miniconda3/envs/project/lib/python3.8/site-packages/airflow/example_dags/tutorial_dag.py
[2024-10-08T08:03:20.350+0000] {processor.py:925} INFO - DAG(s) 'tutorial_dag' retrieved from /root/miniconda3/envs/project/lib/python3.8/site-packages/airflow/example_dags/tutorial_dag.py
[2024-10-08T08:03:20.373+0000] {logging_mixin.py:190} INFO - [2024-10-08T08:03:20.372+0000] {dag.py:3239} INFO - Sync 1 DAGs
[2024-10-08T08:03:20.390+0000] {logging_mixin.py:190} INFO - [2024-10-08T08:03:20.390+0000] {dag.py:4180} INFO - Setting next_dagrun for tutorial_dag to None, run_after=None
[2024-10-08T08:03:20.424+0000] {processor.py:208} INFO - Processing /root/miniconda3/envs/project/lib/python3.8/site-packages/airflow/example_dags/tutorial_dag.py took 0.104 seconds
[2024-10-08T08:04:27.907+0000] {processor.py:186} INFO - Started process (PID=208607) to work on /root/miniconda3/envs/project/lib/python3.8/site-packages/airflow/example_dags/tutorial_dag.py
[2024-10-08T08:04:27.910+0000] {processor.py:914} INFO - Processing file /root/miniconda3/envs/project/lib/python3.8/site-packages/airflow/example_dags/tutorial_dag.py for tasks to queue
[2024-10-08T08:04:27.913+0000] {logging_mixin.py:190} INFO - [2024-10-08T08:04:27.912+0000] {dagbag.py:588} INFO - Filling up the DagBag from /root/miniconda3/envs/project/lib/python3.8/site-packages/airflow/example_dags/tutorial_dag.py
[2024-10-08T08:04:27.925+0000] {processor.py:925} INFO - DAG(s) 'tutorial_dag' retrieved from /root/miniconda3/envs/project/lib/python3.8/site-packages/airflow/example_dags/tutorial_dag.py
[2024-10-08T08:04:27.948+0000] {logging_mixin.py:190} INFO - [2024-10-08T08:04:27.948+0000] {dag.py:3239} INFO - Sync 1 DAGs
[2024-10-08T08:04:27.967+0000] {logging_mixin.py:190} INFO - [2024-10-08T08:04:27.967+0000] {dag.py:4180} INFO - Setting next_dagrun for tutorial_dag to None, run_after=None
[2024-10-08T08:04:27.999+0000] {processor.py:208} INFO - Processing /root/miniconda3/envs/project/lib/python3.8/site-packages/airflow/example_dags/tutorial_dag.py took 0.104 seconds
[2024-10-08T08:05:30.543+0000] {processor.py:186} INFO - Started process (PID=208794) to work on /root/miniconda3/envs/project/lib/python3.8/site-packages/airflow/example_dags/tutorial_dag.py
[2024-10-08T08:05:30.546+0000] {processor.py:914} INFO - Processing file /root/miniconda3/envs/project/lib/python3.8/site-packages/airflow/example_dags/tutorial_dag.py for tasks to queue
[2024-10-08T08:05:30.549+0000] {logging_mixin.py:190} INFO - [2024-10-08T08:05:30.549+0000] {dagbag.py:588} INFO - Filling up the DagBag from /root/miniconda3/envs/project/lib/python3.8/site-packages/airflow/example_dags/tutorial_dag.py
[2024-10-08T08:05:30.561+0000] {processor.py:925} INFO - DAG(s) 'tutorial_dag' retrieved from /root/miniconda3/envs/project/lib/python3.8/site-packages/airflow/example_dags/tutorial_dag.py
[2024-10-08T08:05:30.585+0000] {logging_mixin.py:190} INFO - [2024-10-08T08:05:30.585+0000] {dag.py:3239} INFO - Sync 1 DAGs
[2024-10-08T08:05:30.604+0000] {logging_mixin.py:190} INFO - [2024-10-08T08:05:30.603+0000] {dag.py:4180} INFO - Setting next_dagrun for tutorial_dag to None, run_after=None
[2024-10-08T08:05:30.637+0000] {processor.py:208} INFO - Processing /root/miniconda3/envs/project/lib/python3.8/site-packages/airflow/example_dags/tutorial_dag.py took 0.106 seconds
[2024-10-08T08:06:31.434+0000] {processor.py:186} INFO - Started process (PID=208975) to work on /root/miniconda3/envs/project/lib/python3.8/site-packages/airflow/example_dags/tutorial_dag.py
[2024-10-08T08:06:31.436+0000] {processor.py:914} INFO - Processing file /root/miniconda3/envs/project/lib/python3.8/site-packages/airflow/example_dags/tutorial_dag.py for tasks to queue
[2024-10-08T08:06:31.440+0000] {logging_mixin.py:190} INFO - [2024-10-08T08:06:31.439+0000] {dagbag.py:588} INFO - Filling up the DagBag from /root/miniconda3/envs/project/lib/python3.8/site-packages/airflow/example_dags/tutorial_dag.py
[2024-10-08T08:06:31.451+0000] {processor.py:925} INFO - DAG(s) 'tutorial_dag' retrieved from /root/miniconda3/envs/project/lib/python3.8/site-packages/airflow/example_dags/tutorial_dag.py
[2024-10-08T08:06:31.474+0000] {logging_mixin.py:190} INFO - [2024-10-08T08:06:31.473+0000] {dag.py:3239} INFO - Sync 1 DAGs
[2024-10-08T08:06:31.492+0000] {logging_mixin.py:190} INFO - [2024-10-08T08:06:31.491+0000] {dag.py:4180} INFO - Setting next_dagrun for tutorial_dag to None, run_after=None
[2024-10-08T08:06:31.521+0000] {processor.py:208} INFO - Processing /root/miniconda3/envs/project/lib/python3.8/site-packages/airflow/example_dags/tutorial_dag.py took 0.097 seconds
[2024-10-08T08:07:40.996+0000] {processor.py:186} INFO - Started process (PID=209221) to work on /root/miniconda3/envs/project/lib/python3.8/site-packages/airflow/example_dags/tutorial_dag.py
[2024-10-08T08:07:40.999+0000] {processor.py:914} INFO - Processing file /root/miniconda3/envs/project/lib/python3.8/site-packages/airflow/example_dags/tutorial_dag.py for tasks to queue
[2024-10-08T08:07:41.003+0000] {logging_mixin.py:190} INFO - [2024-10-08T08:07:41.002+0000] {dagbag.py:588} INFO - Filling up the DagBag from /root/miniconda3/envs/project/lib/python3.8/site-packages/airflow/example_dags/tutorial_dag.py
[2024-10-08T08:07:41.014+0000] {processor.py:925} INFO - DAG(s) 'tutorial_dag' retrieved from /root/miniconda3/envs/project/lib/python3.8/site-packages/airflow/example_dags/tutorial_dag.py
[2024-10-08T08:07:41.037+0000] {logging_mixin.py:190} INFO - [2024-10-08T08:07:41.037+0000] {dag.py:3239} INFO - Sync 1 DAGs
[2024-10-08T08:07:41.056+0000] {logging_mixin.py:190} INFO - [2024-10-08T08:07:41.056+0000] {dag.py:4180} INFO - Setting next_dagrun for tutorial_dag to None, run_after=None
[2024-10-08T08:07:41.089+0000] {processor.py:208} INFO - Processing /root/miniconda3/envs/project/lib/python3.8/site-packages/airflow/example_dags/tutorial_dag.py took 0.104 seconds
[2024-10-08T08:09:49.605+0000] {processor.py:186} INFO - Started process (PID=210051) to work on /root/miniconda3/envs/project/lib/python3.8/site-packages/airflow/example_dags/tutorial_dag.py
[2024-10-08T08:09:49.608+0000] {processor.py:914} INFO - Processing file /root/miniconda3/envs/project/lib/python3.8/site-packages/airflow/example_dags/tutorial_dag.py for tasks to queue
[2024-10-08T08:09:49.612+0000] {logging_mixin.py:190} INFO - [2024-10-08T08:09:49.611+0000] {dagbag.py:588} INFO - Filling up the DagBag from /root/miniconda3/envs/project/lib/python3.8/site-packages/airflow/example_dags/tutorial_dag.py
[2024-10-08T08:09:49.623+0000] {processor.py:925} INFO - DAG(s) 'tutorial_dag' retrieved from /root/miniconda3/envs/project/lib/python3.8/site-packages/airflow/example_dags/tutorial_dag.py
[2024-10-08T08:09:49.649+0000] {logging_mixin.py:190} INFO - [2024-10-08T08:09:49.648+0000] {dag.py:3239} INFO - Sync 1 DAGs
[2024-10-08T08:09:49.667+0000] {logging_mixin.py:190} INFO - [2024-10-08T08:09:49.667+0000] {dag.py:4180} INFO - Setting next_dagrun for tutorial_dag to None, run_after=None
[2024-10-08T08:09:49.699+0000] {processor.py:208} INFO - Processing /root/miniconda3/envs/project/lib/python3.8/site-packages/airflow/example_dags/tutorial_dag.py took 0.105 seconds
[2024-10-08T08:11:13.911+0000] {processor.py:186} INFO - Started process (PID=210518) to work on /root/miniconda3/envs/project/lib/python3.8/site-packages/airflow/example_dags/tutorial_dag.py
[2024-10-08T08:11:13.914+0000] {processor.py:914} INFO - Processing file /root/miniconda3/envs/project/lib/python3.8/site-packages/airflow/example_dags/tutorial_dag.py for tasks to queue
[2024-10-08T08:11:13.919+0000] {logging_mixin.py:190} INFO - [2024-10-08T08:11:13.918+0000] {dagbag.py:588} INFO - Filling up the DagBag from /root/miniconda3/envs/project/lib/python3.8/site-packages/airflow/example_dags/tutorial_dag.py
[2024-10-08T08:11:13.931+0000] {processor.py:925} INFO - DAG(s) 'tutorial_dag' retrieved from /root/miniconda3/envs/project/lib/python3.8/site-packages/airflow/example_dags/tutorial_dag.py
[2024-10-08T08:11:13.957+0000] {logging_mixin.py:190} INFO - [2024-10-08T08:11:13.957+0000] {dag.py:3239} INFO - Sync 1 DAGs
[2024-10-08T08:11:13.976+0000] {logging_mixin.py:190} INFO - [2024-10-08T08:11:13.975+0000] {dag.py:4180} INFO - Setting next_dagrun for tutorial_dag to None, run_after=None
[2024-10-08T08:11:14.009+0000] {processor.py:208} INFO - Processing /root/miniconda3/envs/project/lib/python3.8/site-packages/airflow/example_dags/tutorial_dag.py took 0.110 seconds
[2024-10-08T08:12:52.054+0000] {processor.py:186} INFO - Started process (PID=211046) to work on /root/miniconda3/envs/project/lib/python3.8/site-packages/airflow/example_dags/tutorial_dag.py
[2024-10-08T08:12:52.057+0000] {processor.py:914} INFO - Processing file /root/miniconda3/envs/project/lib/python3.8/site-packages/airflow/example_dags/tutorial_dag.py for tasks to queue
[2024-10-08T08:12:52.061+0000] {logging_mixin.py:190} INFO - [2024-10-08T08:12:52.060+0000] {dagbag.py:588} INFO - Filling up the DagBag from /root/miniconda3/envs/project/lib/python3.8/site-packages/airflow/example_dags/tutorial_dag.py
[2024-10-08T08:12:52.072+0000] {processor.py:925} INFO - DAG(s) 'tutorial_dag' retrieved from /root/miniconda3/envs/project/lib/python3.8/site-packages/airflow/example_dags/tutorial_dag.py
[2024-10-08T08:12:52.097+0000] {logging_mixin.py:190} INFO - [2024-10-08T08:12:52.096+0000] {dag.py:3239} INFO - Sync 1 DAGs
[2024-10-08T08:12:52.114+0000] {logging_mixin.py:190} INFO - [2024-10-08T08:12:52.114+0000] {dag.py:4180} INFO - Setting next_dagrun for tutorial_dag to None, run_after=None
[2024-10-08T08:12:52.145+0000] {processor.py:208} INFO - Processing /root/miniconda3/envs/project/lib/python3.8/site-packages/airflow/example_dags/tutorial_dag.py took 0.102 seconds
[2024-10-08T08:13:58.033+0000] {processor.py:186} INFO - Started process (PID=211251) to work on /root/miniconda3/envs/project/lib/python3.8/site-packages/airflow/example_dags/tutorial_dag.py
[2024-10-08T08:13:58.036+0000] {processor.py:914} INFO - Processing file /root/miniconda3/envs/project/lib/python3.8/site-packages/airflow/example_dags/tutorial_dag.py for tasks to queue
[2024-10-08T08:13:58.041+0000] {logging_mixin.py:190} INFO - [2024-10-08T08:13:58.040+0000] {dagbag.py:588} INFO - Filling up the DagBag from /root/miniconda3/envs/project/lib/python3.8/site-packages/airflow/example_dags/tutorial_dag.py
[2024-10-08T08:13:58.054+0000] {processor.py:925} INFO - DAG(s) 'tutorial_dag' retrieved from /root/miniconda3/envs/project/lib/python3.8/site-packages/airflow/example_dags/tutorial_dag.py
[2024-10-08T08:13:58.078+0000] {logging_mixin.py:190} INFO - [2024-10-08T08:13:58.078+0000] {dag.py:3239} INFO - Sync 1 DAGs
[2024-10-08T08:13:58.096+0000] {logging_mixin.py:190} INFO - [2024-10-08T08:13:58.096+0000] {dag.py:4180} INFO - Setting next_dagrun for tutorial_dag to None, run_after=None
[2024-10-08T08:13:58.128+0000] {processor.py:208} INFO - Processing /root/miniconda3/envs/project/lib/python3.8/site-packages/airflow/example_dags/tutorial_dag.py took 0.106 seconds
[2024-10-08T08:15:06.053+0000] {processor.py:186} INFO - Started process (PID=211499) to work on /root/miniconda3/envs/project/lib/python3.8/site-packages/airflow/example_dags/tutorial_dag.py
[2024-10-08T08:15:06.057+0000] {processor.py:914} INFO - Processing file /root/miniconda3/envs/project/lib/python3.8/site-packages/airflow/example_dags/tutorial_dag.py for tasks to queue
[2024-10-08T08:15:06.060+0000] {logging_mixin.py:190} INFO - [2024-10-08T08:15:06.059+0000] {dagbag.py:588} INFO - Filling up the DagBag from /root/miniconda3/envs/project/lib/python3.8/site-packages/airflow/example_dags/tutorial_dag.py
[2024-10-08T08:15:06.072+0000] {processor.py:925} INFO - DAG(s) 'tutorial_dag' retrieved from /root/miniconda3/envs/project/lib/python3.8/site-packages/airflow/example_dags/tutorial_dag.py
[2024-10-08T08:15:06.096+0000] {logging_mixin.py:190} INFO - [2024-10-08T08:15:06.095+0000] {dag.py:3239} INFO - Sync 1 DAGs
[2024-10-08T08:15:06.115+0000] {logging_mixin.py:190} INFO - [2024-10-08T08:15:06.114+0000] {dag.py:4180} INFO - Setting next_dagrun for tutorial_dag to None, run_after=None
[2024-10-08T08:15:06.148+0000] {processor.py:208} INFO - Processing /root/miniconda3/envs/project/lib/python3.8/site-packages/airflow/example_dags/tutorial_dag.py took 0.106 seconds
[2024-10-08T08:16:14.784+0000] {processor.py:186} INFO - Started process (PID=211703) to work on /root/miniconda3/envs/project/lib/python3.8/site-packages/airflow/example_dags/tutorial_dag.py
[2024-10-08T08:16:14.787+0000] {processor.py:914} INFO - Processing file /root/miniconda3/envs/project/lib/python3.8/site-packages/airflow/example_dags/tutorial_dag.py for tasks to queue
[2024-10-08T08:16:14.790+0000] {logging_mixin.py:190} INFO - [2024-10-08T08:16:14.790+0000] {dagbag.py:588} INFO - Filling up the DagBag from /root/miniconda3/envs/project/lib/python3.8/site-packages/airflow/example_dags/tutorial_dag.py
[2024-10-08T08:16:14.802+0000] {processor.py:925} INFO - DAG(s) 'tutorial_dag' retrieved from /root/miniconda3/envs/project/lib/python3.8/site-packages/airflow/example_dags/tutorial_dag.py
[2024-10-08T08:16:14.826+0000] {logging_mixin.py:190} INFO - [2024-10-08T08:16:14.826+0000] {dag.py:3239} INFO - Sync 1 DAGs
[2024-10-08T08:16:14.844+0000] {logging_mixin.py:190} INFO - [2024-10-08T08:16:14.844+0000] {dag.py:4180} INFO - Setting next_dagrun for tutorial_dag to None, run_after=None
[2024-10-08T08:16:14.880+0000] {processor.py:208} INFO - Processing /root/miniconda3/envs/project/lib/python3.8/site-packages/airflow/example_dags/tutorial_dag.py took 0.106 seconds
[2024-10-08T08:17:26.119+0000] {processor.py:186} INFO - Started process (PID=211913) to work on /root/miniconda3/envs/project/lib/python3.8/site-packages/airflow/example_dags/tutorial_dag.py
[2024-10-08T08:17:26.122+0000] {processor.py:914} INFO - Processing file /root/miniconda3/envs/project/lib/python3.8/site-packages/airflow/example_dags/tutorial_dag.py for tasks to queue
[2024-10-08T08:17:26.126+0000] {logging_mixin.py:190} INFO - [2024-10-08T08:17:26.125+0000] {dagbag.py:588} INFO - Filling up the DagBag from /root/miniconda3/envs/project/lib/python3.8/site-packages/airflow/example_dags/tutorial_dag.py
[2024-10-08T08:17:26.137+0000] {processor.py:925} INFO - DAG(s) 'tutorial_dag' retrieved from /root/miniconda3/envs/project/lib/python3.8/site-packages/airflow/example_dags/tutorial_dag.py
[2024-10-08T08:17:26.161+0000] {logging_mixin.py:190} INFO - [2024-10-08T08:17:26.161+0000] {dag.py:3239} INFO - Sync 1 DAGs
[2024-10-08T08:17:26.179+0000] {logging_mixin.py:190} INFO - [2024-10-08T08:17:26.179+0000] {dag.py:4180} INFO - Setting next_dagrun for tutorial_dag to None, run_after=None
[2024-10-08T08:17:26.211+0000] {processor.py:208} INFO - Processing /root/miniconda3/envs/project/lib/python3.8/site-packages/airflow/example_dags/tutorial_dag.py took 0.102 seconds
[2024-10-08T08:18:34.522+0000] {processor.py:186} INFO - Started process (PID=212201) to work on /root/miniconda3/envs/project/lib/python3.8/site-packages/airflow/example_dags/tutorial_dag.py
[2024-10-08T08:18:34.525+0000] {processor.py:914} INFO - Processing file /root/miniconda3/envs/project/lib/python3.8/site-packages/airflow/example_dags/tutorial_dag.py for tasks to queue
[2024-10-08T08:18:34.528+0000] {logging_mixin.py:190} INFO - [2024-10-08T08:18:34.527+0000] {dagbag.py:588} INFO - Filling up the DagBag from /root/miniconda3/envs/project/lib/python3.8/site-packages/airflow/example_dags/tutorial_dag.py
[2024-10-08T08:18:34.540+0000] {processor.py:925} INFO - DAG(s) 'tutorial_dag' retrieved from /root/miniconda3/envs/project/lib/python3.8/site-packages/airflow/example_dags/tutorial_dag.py
[2024-10-08T08:18:34.563+0000] {logging_mixin.py:190} INFO - [2024-10-08T08:18:34.563+0000] {dag.py:3239} INFO - Sync 1 DAGs
[2024-10-08T08:18:34.582+0000] {logging_mixin.py:190} INFO - [2024-10-08T08:18:34.581+0000] {dag.py:4180} INFO - Setting next_dagrun for tutorial_dag to None, run_after=None
[2024-10-08T08:18:34.617+0000] {processor.py:208} INFO - Processing /root/miniconda3/envs/project/lib/python3.8/site-packages/airflow/example_dags/tutorial_dag.py took 0.107 seconds
[2024-10-08T08:19:43.949+0000] {processor.py:186} INFO - Started process (PID=212403) to work on /root/miniconda3/envs/project/lib/python3.8/site-packages/airflow/example_dags/tutorial_dag.py
[2024-10-08T08:19:43.952+0000] {processor.py:914} INFO - Processing file /root/miniconda3/envs/project/lib/python3.8/site-packages/airflow/example_dags/tutorial_dag.py for tasks to queue
[2024-10-08T08:19:43.955+0000] {logging_mixin.py:190} INFO - [2024-10-08T08:19:43.955+0000] {dagbag.py:588} INFO - Filling up the DagBag from /root/miniconda3/envs/project/lib/python3.8/site-packages/airflow/example_dags/tutorial_dag.py
[2024-10-08T08:19:43.968+0000] {processor.py:925} INFO - DAG(s) 'tutorial_dag' retrieved from /root/miniconda3/envs/project/lib/python3.8/site-packages/airflow/example_dags/tutorial_dag.py
[2024-10-08T08:19:43.992+0000] {logging_mixin.py:190} INFO - [2024-10-08T08:19:43.991+0000] {dag.py:3239} INFO - Sync 1 DAGs
[2024-10-08T08:19:44.011+0000] {logging_mixin.py:190} INFO - [2024-10-08T08:19:44.010+0000] {dag.py:4180} INFO - Setting next_dagrun for tutorial_dag to None, run_after=None
[2024-10-08T08:19:44.044+0000] {processor.py:208} INFO - Processing /root/miniconda3/envs/project/lib/python3.8/site-packages/airflow/example_dags/tutorial_dag.py took 0.106 seconds
[2024-10-08T08:20:52.667+0000] {processor.py:186} INFO - Started process (PID=212592) to work on /root/miniconda3/envs/project/lib/python3.8/site-packages/airflow/example_dags/tutorial_dag.py
[2024-10-08T08:20:52.670+0000] {processor.py:914} INFO - Processing file /root/miniconda3/envs/project/lib/python3.8/site-packages/airflow/example_dags/tutorial_dag.py for tasks to queue
[2024-10-08T08:20:52.673+0000] {logging_mixin.py:190} INFO - [2024-10-08T08:20:52.672+0000] {dagbag.py:588} INFO - Filling up the DagBag from /root/miniconda3/envs/project/lib/python3.8/site-packages/airflow/example_dags/tutorial_dag.py
[2024-10-08T08:20:52.684+0000] {processor.py:925} INFO - DAG(s) 'tutorial_dag' retrieved from /root/miniconda3/envs/project/lib/python3.8/site-packages/airflow/example_dags/tutorial_dag.py
[2024-10-08T08:20:52.708+0000] {logging_mixin.py:190} INFO - [2024-10-08T08:20:52.708+0000] {dag.py:3239} INFO - Sync 1 DAGs
[2024-10-08T08:20:52.726+0000] {logging_mixin.py:190} INFO - [2024-10-08T08:20:52.726+0000] {dag.py:4180} INFO - Setting next_dagrun for tutorial_dag to None, run_after=None
[2024-10-08T08:20:52.758+0000] {processor.py:208} INFO - Processing /root/miniconda3/envs/project/lib/python3.8/site-packages/airflow/example_dags/tutorial_dag.py took 0.103 seconds
[2024-10-08T08:22:03.008+0000] {processor.py:186} INFO - Started process (PID=212801) to work on /root/miniconda3/envs/project/lib/python3.8/site-packages/airflow/example_dags/tutorial_dag.py
[2024-10-08T08:22:03.011+0000] {processor.py:914} INFO - Processing file /root/miniconda3/envs/project/lib/python3.8/site-packages/airflow/example_dags/tutorial_dag.py for tasks to queue
[2024-10-08T08:22:03.014+0000] {logging_mixin.py:190} INFO - [2024-10-08T08:22:03.013+0000] {dagbag.py:588} INFO - Filling up the DagBag from /root/miniconda3/envs/project/lib/python3.8/site-packages/airflow/example_dags/tutorial_dag.py
[2024-10-08T08:22:03.026+0000] {processor.py:925} INFO - DAG(s) 'tutorial_dag' retrieved from /root/miniconda3/envs/project/lib/python3.8/site-packages/airflow/example_dags/tutorial_dag.py
[2024-10-08T08:22:03.050+0000] {logging_mixin.py:190} INFO - [2024-10-08T08:22:03.050+0000] {dag.py:3239} INFO - Sync 1 DAGs
[2024-10-08T08:22:03.068+0000] {logging_mixin.py:190} INFO - [2024-10-08T08:22:03.068+0000] {dag.py:4180} INFO - Setting next_dagrun for tutorial_dag to None, run_after=None
[2024-10-08T08:22:03.105+0000] {processor.py:208} INFO - Processing /root/miniconda3/envs/project/lib/python3.8/site-packages/airflow/example_dags/tutorial_dag.py took 0.109 seconds
[2024-10-08T08:23:11.790+0000] {processor.py:186} INFO - Started process (PID=213046) to work on /root/miniconda3/envs/project/lib/python3.8/site-packages/airflow/example_dags/tutorial_dag.py
[2024-10-08T08:23:11.793+0000] {processor.py:914} INFO - Processing file /root/miniconda3/envs/project/lib/python3.8/site-packages/airflow/example_dags/tutorial_dag.py for tasks to queue
[2024-10-08T08:23:11.796+0000] {logging_mixin.py:190} INFO - [2024-10-08T08:23:11.795+0000] {dagbag.py:588} INFO - Filling up the DagBag from /root/miniconda3/envs/project/lib/python3.8/site-packages/airflow/example_dags/tutorial_dag.py
[2024-10-08T08:23:11.807+0000] {processor.py:925} INFO - DAG(s) 'tutorial_dag' retrieved from /root/miniconda3/envs/project/lib/python3.8/site-packages/airflow/example_dags/tutorial_dag.py
[2024-10-08T08:23:11.830+0000] {logging_mixin.py:190} INFO - [2024-10-08T08:23:11.830+0000] {dag.py:3239} INFO - Sync 1 DAGs
[2024-10-08T08:23:11.848+0000] {logging_mixin.py:190} INFO - [2024-10-08T08:23:11.848+0000] {dag.py:4180} INFO - Setting next_dagrun for tutorial_dag to None, run_after=None
[2024-10-08T08:23:11.880+0000] {processor.py:208} INFO - Processing /root/miniconda3/envs/project/lib/python3.8/site-packages/airflow/example_dags/tutorial_dag.py took 0.102 seconds
[2024-10-08T08:24:15.272+0000] {processor.py:186} INFO - Started process (PID=213234) to work on /root/miniconda3/envs/project/lib/python3.8/site-packages/airflow/example_dags/tutorial_dag.py
[2024-10-08T08:24:15.275+0000] {processor.py:914} INFO - Processing file /root/miniconda3/envs/project/lib/python3.8/site-packages/airflow/example_dags/tutorial_dag.py for tasks to queue
[2024-10-08T08:24:15.278+0000] {logging_mixin.py:190} INFO - [2024-10-08T08:24:15.277+0000] {dagbag.py:588} INFO - Filling up the DagBag from /root/miniconda3/envs/project/lib/python3.8/site-packages/airflow/example_dags/tutorial_dag.py
[2024-10-08T08:24:15.289+0000] {processor.py:925} INFO - DAG(s) 'tutorial_dag' retrieved from /root/miniconda3/envs/project/lib/python3.8/site-packages/airflow/example_dags/tutorial_dag.py
[2024-10-08T08:24:15.312+0000] {logging_mixin.py:190} INFO - [2024-10-08T08:24:15.312+0000] {dag.py:3239} INFO - Sync 1 DAGs
[2024-10-08T08:24:15.330+0000] {logging_mixin.py:190} INFO - [2024-10-08T08:24:15.330+0000] {dag.py:4180} INFO - Setting next_dagrun for tutorial_dag to None, run_after=None
[2024-10-08T08:24:15.364+0000] {processor.py:208} INFO - Processing /root/miniconda3/envs/project/lib/python3.8/site-packages/airflow/example_dags/tutorial_dag.py took 0.108 seconds
[2024-10-08T08:37:04.205+0000] {processor.py:186} INFO - Started process (PID=214841) to work on /root/miniconda3/envs/project/lib/python3.8/site-packages/airflow/example_dags/tutorial_dag.py
[2024-10-08T08:37:04.208+0000] {processor.py:914} INFO - Processing file /root/miniconda3/envs/project/lib/python3.8/site-packages/airflow/example_dags/tutorial_dag.py for tasks to queue
[2024-10-08T08:37:04.212+0000] {logging_mixin.py:190} INFO - [2024-10-08T08:37:04.211+0000] {dagbag.py:588} INFO - Filling up the DagBag from /root/miniconda3/envs/project/lib/python3.8/site-packages/airflow/example_dags/tutorial_dag.py
[2024-10-08T08:37:04.223+0000] {processor.py:925} INFO - DAG(s) 'tutorial_dag' retrieved from /root/miniconda3/envs/project/lib/python3.8/site-packages/airflow/example_dags/tutorial_dag.py
[2024-10-08T08:37:04.248+0000] {logging_mixin.py:190} INFO - [2024-10-08T08:37:04.248+0000] {dag.py:3239} INFO - Sync 1 DAGs
[2024-10-08T08:37:04.266+0000] {logging_mixin.py:190} INFO - [2024-10-08T08:37:04.266+0000] {dag.py:4180} INFO - Setting next_dagrun for tutorial_dag to None, run_after=None
[2024-10-08T08:37:04.302+0000] {processor.py:208} INFO - Processing /root/miniconda3/envs/project/lib/python3.8/site-packages/airflow/example_dags/tutorial_dag.py took 0.107 seconds
[2024-10-08T08:38:12.393+0000] {processor.py:186} INFO - Started process (PID=215203) to work on /root/miniconda3/envs/project/lib/python3.8/site-packages/airflow/example_dags/tutorial_dag.py
[2024-10-08T08:38:12.396+0000] {processor.py:914} INFO - Processing file /root/miniconda3/envs/project/lib/python3.8/site-packages/airflow/example_dags/tutorial_dag.py for tasks to queue
[2024-10-08T08:38:12.399+0000] {logging_mixin.py:190} INFO - [2024-10-08T08:38:12.399+0000] {dagbag.py:588} INFO - Filling up the DagBag from /root/miniconda3/envs/project/lib/python3.8/site-packages/airflow/example_dags/tutorial_dag.py
[2024-10-08T08:38:12.411+0000] {processor.py:925} INFO - DAG(s) 'tutorial_dag' retrieved from /root/miniconda3/envs/project/lib/python3.8/site-packages/airflow/example_dags/tutorial_dag.py
[2024-10-08T08:38:12.435+0000] {logging_mixin.py:190} INFO - [2024-10-08T08:38:12.434+0000] {dag.py:3239} INFO - Sync 1 DAGs
[2024-10-08T08:38:12.453+0000] {logging_mixin.py:190} INFO - [2024-10-08T08:38:12.453+0000] {dag.py:4180} INFO - Setting next_dagrun for tutorial_dag to None, run_after=None
[2024-10-08T08:38:12.483+0000] {processor.py:208} INFO - Processing /root/miniconda3/envs/project/lib/python3.8/site-packages/airflow/example_dags/tutorial_dag.py took 0.100 seconds
[2024-10-08T08:39:21.013+0000] {processor.py:186} INFO - Started process (PID=215609) to work on /root/miniconda3/envs/project/lib/python3.8/site-packages/airflow/example_dags/tutorial_dag.py
[2024-10-08T08:39:21.016+0000] {processor.py:914} INFO - Processing file /root/miniconda3/envs/project/lib/python3.8/site-packages/airflow/example_dags/tutorial_dag.py for tasks to queue
[2024-10-08T08:39:21.019+0000] {logging_mixin.py:190} INFO - [2024-10-08T08:39:21.019+0000] {dagbag.py:588} INFO - Filling up the DagBag from /root/miniconda3/envs/project/lib/python3.8/site-packages/airflow/example_dags/tutorial_dag.py
[2024-10-08T08:39:21.030+0000] {processor.py:925} INFO - DAG(s) 'tutorial_dag' retrieved from /root/miniconda3/envs/project/lib/python3.8/site-packages/airflow/example_dags/tutorial_dag.py
[2024-10-08T08:39:21.054+0000] {logging_mixin.py:190} INFO - [2024-10-08T08:39:21.053+0000] {dag.py:3239} INFO - Sync 1 DAGs
[2024-10-08T08:39:21.072+0000] {logging_mixin.py:190} INFO - [2024-10-08T08:39:21.071+0000] {dag.py:4180} INFO - Setting next_dagrun for tutorial_dag to None, run_after=None
[2024-10-08T08:39:21.105+0000] {processor.py:208} INFO - Processing /root/miniconda3/envs/project/lib/python3.8/site-packages/airflow/example_dags/tutorial_dag.py took 0.104 seconds
[2024-10-08T08:40:31.903+0000] {processor.py:186} INFO - Started process (PID=215957) to work on /root/miniconda3/envs/project/lib/python3.8/site-packages/airflow/example_dags/tutorial_dag.py
[2024-10-08T08:40:31.906+0000] {processor.py:914} INFO - Processing file /root/miniconda3/envs/project/lib/python3.8/site-packages/airflow/example_dags/tutorial_dag.py for tasks to queue
[2024-10-08T08:40:31.909+0000] {logging_mixin.py:190} INFO - [2024-10-08T08:40:31.909+0000] {dagbag.py:588} INFO - Filling up the DagBag from /root/miniconda3/envs/project/lib/python3.8/site-packages/airflow/example_dags/tutorial_dag.py
[2024-10-08T08:40:31.921+0000] {processor.py:925} INFO - DAG(s) 'tutorial_dag' retrieved from /root/miniconda3/envs/project/lib/python3.8/site-packages/airflow/example_dags/tutorial_dag.py
[2024-10-08T08:40:31.945+0000] {logging_mixin.py:190} INFO - [2024-10-08T08:40:31.944+0000] {dag.py:3239} INFO - Sync 1 DAGs
[2024-10-08T08:40:31.963+0000] {logging_mixin.py:190} INFO - [2024-10-08T08:40:31.962+0000] {dag.py:4180} INFO - Setting next_dagrun for tutorial_dag to None, run_after=None
[2024-10-08T08:40:31.999+0000] {processor.py:208} INFO - Processing /root/miniconda3/envs/project/lib/python3.8/site-packages/airflow/example_dags/tutorial_dag.py took 0.107 seconds
[2024-10-08T08:41:39.702+0000] {processor.py:186} INFO - Started process (PID=216403) to work on /root/miniconda3/envs/project/lib/python3.8/site-packages/airflow/example_dags/tutorial_dag.py
[2024-10-08T08:41:39.704+0000] {processor.py:914} INFO - Processing file /root/miniconda3/envs/project/lib/python3.8/site-packages/airflow/example_dags/tutorial_dag.py for tasks to queue
[2024-10-08T08:41:39.708+0000] {logging_mixin.py:190} INFO - [2024-10-08T08:41:39.707+0000] {dagbag.py:588} INFO - Filling up the DagBag from /root/miniconda3/envs/project/lib/python3.8/site-packages/airflow/example_dags/tutorial_dag.py
[2024-10-08T08:41:39.719+0000] {processor.py:925} INFO - DAG(s) 'tutorial_dag' retrieved from /root/miniconda3/envs/project/lib/python3.8/site-packages/airflow/example_dags/tutorial_dag.py
[2024-10-08T08:41:39.742+0000] {logging_mixin.py:190} INFO - [2024-10-08T08:41:39.742+0000] {dag.py:3239} INFO - Sync 1 DAGs
[2024-10-08T08:41:39.760+0000] {logging_mixin.py:190} INFO - [2024-10-08T08:41:39.760+0000] {dag.py:4180} INFO - Setting next_dagrun for tutorial_dag to None, run_after=None
[2024-10-08T08:41:39.792+0000] {processor.py:208} INFO - Processing /root/miniconda3/envs/project/lib/python3.8/site-packages/airflow/example_dags/tutorial_dag.py took 0.101 seconds
[2024-10-08T08:42:45.941+0000] {processor.py:186} INFO - Started process (PID=216697) to work on /root/miniconda3/envs/project/lib/python3.8/site-packages/airflow/example_dags/tutorial_dag.py
[2024-10-08T08:42:45.944+0000] {processor.py:914} INFO - Processing file /root/miniconda3/envs/project/lib/python3.8/site-packages/airflow/example_dags/tutorial_dag.py for tasks to queue
[2024-10-08T08:42:45.948+0000] {logging_mixin.py:190} INFO - [2024-10-08T08:42:45.947+0000] {dagbag.py:588} INFO - Filling up the DagBag from /root/miniconda3/envs/project/lib/python3.8/site-packages/airflow/example_dags/tutorial_dag.py
[2024-10-08T08:42:45.959+0000] {processor.py:925} INFO - DAG(s) 'tutorial_dag' retrieved from /root/miniconda3/envs/project/lib/python3.8/site-packages/airflow/example_dags/tutorial_dag.py
[2024-10-08T08:42:45.983+0000] {logging_mixin.py:190} INFO - [2024-10-08T08:42:45.982+0000] {dag.py:3239} INFO - Sync 1 DAGs
[2024-10-08T08:42:46.002+0000] {logging_mixin.py:190} INFO - [2024-10-08T08:42:46.001+0000] {dag.py:4180} INFO - Setting next_dagrun for tutorial_dag to None, run_after=None
[2024-10-08T08:42:46.032+0000] {processor.py:208} INFO - Processing /root/miniconda3/envs/project/lib/python3.8/site-packages/airflow/example_dags/tutorial_dag.py took 0.103 seconds
[2024-10-08T08:43:53.430+0000] {processor.py:186} INFO - Started process (PID=216915) to work on /root/miniconda3/envs/project/lib/python3.8/site-packages/airflow/example_dags/tutorial_dag.py
[2024-10-08T08:43:53.433+0000] {processor.py:914} INFO - Processing file /root/miniconda3/envs/project/lib/python3.8/site-packages/airflow/example_dags/tutorial_dag.py for tasks to queue
[2024-10-08T08:43:53.436+0000] {logging_mixin.py:190} INFO - [2024-10-08T08:43:53.435+0000] {dagbag.py:588} INFO - Filling up the DagBag from /root/miniconda3/envs/project/lib/python3.8/site-packages/airflow/example_dags/tutorial_dag.py
[2024-10-08T08:43:53.448+0000] {processor.py:925} INFO - DAG(s) 'tutorial_dag' retrieved from /root/miniconda3/envs/project/lib/python3.8/site-packages/airflow/example_dags/tutorial_dag.py
[2024-10-08T08:43:53.472+0000] {logging_mixin.py:190} INFO - [2024-10-08T08:43:53.472+0000] {dag.py:3239} INFO - Sync 1 DAGs
[2024-10-08T08:43:53.492+0000] {logging_mixin.py:190} INFO - [2024-10-08T08:43:53.492+0000] {dag.py:4180} INFO - Setting next_dagrun for tutorial_dag to None, run_after=None
[2024-10-08T08:43:53.524+0000] {processor.py:208} INFO - Processing /root/miniconda3/envs/project/lib/python3.8/site-packages/airflow/example_dags/tutorial_dag.py took 0.106 seconds
[2024-10-08T08:45:06.367+0000] {processor.py:186} INFO - Started process (PID=217142) to work on /root/miniconda3/envs/project/lib/python3.8/site-packages/airflow/example_dags/tutorial_dag.py
[2024-10-08T08:45:06.370+0000] {processor.py:914} INFO - Processing file /root/miniconda3/envs/project/lib/python3.8/site-packages/airflow/example_dags/tutorial_dag.py for tasks to queue
[2024-10-08T08:45:06.374+0000] {logging_mixin.py:190} INFO - [2024-10-08T08:45:06.373+0000] {dagbag.py:588} INFO - Filling up the DagBag from /root/miniconda3/envs/project/lib/python3.8/site-packages/airflow/example_dags/tutorial_dag.py
[2024-10-08T08:45:06.386+0000] {processor.py:925} INFO - DAG(s) 'tutorial_dag' retrieved from /root/miniconda3/envs/project/lib/python3.8/site-packages/airflow/example_dags/tutorial_dag.py
[2024-10-08T08:45:06.412+0000] {logging_mixin.py:190} INFO - [2024-10-08T08:45:06.411+0000] {dag.py:3239} INFO - Sync 1 DAGs
[2024-10-08T08:45:06.431+0000] {logging_mixin.py:190} INFO - [2024-10-08T08:45:06.431+0000] {dag.py:4180} INFO - Setting next_dagrun for tutorial_dag to None, run_after=None
[2024-10-08T08:45:06.466+0000] {processor.py:208} INFO - Processing /root/miniconda3/envs/project/lib/python3.8/site-packages/airflow/example_dags/tutorial_dag.py took 0.111 seconds
[2024-10-08T08:46:20.884+0000] {processor.py:186} INFO - Started process (PID=217372) to work on /root/miniconda3/envs/project/lib/python3.8/site-packages/airflow/example_dags/tutorial_dag.py
[2024-10-08T08:46:20.887+0000] {processor.py:914} INFO - Processing file /root/miniconda3/envs/project/lib/python3.8/site-packages/airflow/example_dags/tutorial_dag.py for tasks to queue
[2024-10-08T08:46:20.890+0000] {logging_mixin.py:190} INFO - [2024-10-08T08:46:20.889+0000] {dagbag.py:588} INFO - Filling up the DagBag from /root/miniconda3/envs/project/lib/python3.8/site-packages/airflow/example_dags/tutorial_dag.py
[2024-10-08T08:46:20.902+0000] {processor.py:925} INFO - DAG(s) 'tutorial_dag' retrieved from /root/miniconda3/envs/project/lib/python3.8/site-packages/airflow/example_dags/tutorial_dag.py
[2024-10-08T08:46:20.926+0000] {logging_mixin.py:190} INFO - [2024-10-08T08:46:20.926+0000] {dag.py:3239} INFO - Sync 1 DAGs
[2024-10-08T08:46:20.946+0000] {logging_mixin.py:190} INFO - [2024-10-08T08:46:20.945+0000] {dag.py:4180} INFO - Setting next_dagrun for tutorial_dag to None, run_after=None
[2024-10-08T08:46:20.979+0000] {processor.py:208} INFO - Processing /root/miniconda3/envs/project/lib/python3.8/site-packages/airflow/example_dags/tutorial_dag.py took 0.106 seconds
[2024-10-08T08:47:32.393+0000] {processor.py:186} INFO - Started process (PID=217796) to work on /root/miniconda3/envs/project/lib/python3.8/site-packages/airflow/example_dags/tutorial_dag.py
[2024-10-08T08:47:32.396+0000] {processor.py:914} INFO - Processing file /root/miniconda3/envs/project/lib/python3.8/site-packages/airflow/example_dags/tutorial_dag.py for tasks to queue
[2024-10-08T08:47:32.399+0000] {logging_mixin.py:190} INFO - [2024-10-08T08:47:32.399+0000] {dagbag.py:588} INFO - Filling up the DagBag from /root/miniconda3/envs/project/lib/python3.8/site-packages/airflow/example_dags/tutorial_dag.py
[2024-10-08T08:47:32.411+0000] {processor.py:925} INFO - DAG(s) 'tutorial_dag' retrieved from /root/miniconda3/envs/project/lib/python3.8/site-packages/airflow/example_dags/tutorial_dag.py
[2024-10-08T08:47:32.435+0000] {logging_mixin.py:190} INFO - [2024-10-08T08:47:32.434+0000] {dag.py:3239} INFO - Sync 1 DAGs
[2024-10-08T08:47:32.453+0000] {logging_mixin.py:190} INFO - [2024-10-08T08:47:32.453+0000] {dag.py:4180} INFO - Setting next_dagrun for tutorial_dag to None, run_after=None
[2024-10-08T08:47:32.495+0000] {processor.py:208} INFO - Processing /root/miniconda3/envs/project/lib/python3.8/site-packages/airflow/example_dags/tutorial_dag.py took 0.114 seconds
[2024-10-08T08:48:44.942+0000] {processor.py:186} INFO - Started process (PID=218082) to work on /root/miniconda3/envs/project/lib/python3.8/site-packages/airflow/example_dags/tutorial_dag.py
[2024-10-08T08:48:44.945+0000] {processor.py:914} INFO - Processing file /root/miniconda3/envs/project/lib/python3.8/site-packages/airflow/example_dags/tutorial_dag.py for tasks to queue
[2024-10-08T08:48:44.948+0000] {logging_mixin.py:190} INFO - [2024-10-08T08:48:44.948+0000] {dagbag.py:588} INFO - Filling up the DagBag from /root/miniconda3/envs/project/lib/python3.8/site-packages/airflow/example_dags/tutorial_dag.py
[2024-10-08T08:48:44.960+0000] {processor.py:925} INFO - DAG(s) 'tutorial_dag' retrieved from /root/miniconda3/envs/project/lib/python3.8/site-packages/airflow/example_dags/tutorial_dag.py
[2024-10-08T08:48:44.983+0000] {logging_mixin.py:190} INFO - [2024-10-08T08:48:44.983+0000] {dag.py:3239} INFO - Sync 1 DAGs
[2024-10-08T08:48:45.001+0000] {logging_mixin.py:190} INFO - [2024-10-08T08:48:45.001+0000] {dag.py:4180} INFO - Setting next_dagrun for tutorial_dag to None, run_after=None
[2024-10-08T08:48:45.034+0000] {processor.py:208} INFO - Processing /root/miniconda3/envs/project/lib/python3.8/site-packages/airflow/example_dags/tutorial_dag.py took 0.104 seconds
[2024-10-08T08:49:55.461+0000] {processor.py:186} INFO - Started process (PID=218304) to work on /root/miniconda3/envs/project/lib/python3.8/site-packages/airflow/example_dags/tutorial_dag.py
[2024-10-08T08:49:55.464+0000] {processor.py:914} INFO - Processing file /root/miniconda3/envs/project/lib/python3.8/site-packages/airflow/example_dags/tutorial_dag.py for tasks to queue
[2024-10-08T08:49:55.467+0000] {logging_mixin.py:190} INFO - [2024-10-08T08:49:55.466+0000] {dagbag.py:588} INFO - Filling up the DagBag from /root/miniconda3/envs/project/lib/python3.8/site-packages/airflow/example_dags/tutorial_dag.py
[2024-10-08T08:49:55.478+0000] {processor.py:925} INFO - DAG(s) 'tutorial_dag' retrieved from /root/miniconda3/envs/project/lib/python3.8/site-packages/airflow/example_dags/tutorial_dag.py
[2024-10-08T08:49:55.502+0000] {logging_mixin.py:190} INFO - [2024-10-08T08:49:55.501+0000] {dag.py:3239} INFO - Sync 1 DAGs
[2024-10-08T08:49:55.519+0000] {logging_mixin.py:190} INFO - [2024-10-08T08:49:55.519+0000] {dag.py:4180} INFO - Setting next_dagrun for tutorial_dag to None, run_after=None
[2024-10-08T08:49:55.551+0000] {processor.py:208} INFO - Processing /root/miniconda3/envs/project/lib/python3.8/site-packages/airflow/example_dags/tutorial_dag.py took 0.102 seconds
[2024-10-08T08:51:04.908+0000] {processor.py:186} INFO - Started process (PID=218650) to work on /root/miniconda3/envs/project/lib/python3.8/site-packages/airflow/example_dags/tutorial_dag.py
[2024-10-08T08:51:04.911+0000] {processor.py:914} INFO - Processing file /root/miniconda3/envs/project/lib/python3.8/site-packages/airflow/example_dags/tutorial_dag.py for tasks to queue
[2024-10-08T08:51:04.914+0000] {logging_mixin.py:190} INFO - [2024-10-08T08:51:04.914+0000] {dagbag.py:588} INFO - Filling up the DagBag from /root/miniconda3/envs/project/lib/python3.8/site-packages/airflow/example_dags/tutorial_dag.py
[2024-10-08T08:51:04.926+0000] {processor.py:925} INFO - DAG(s) 'tutorial_dag' retrieved from /root/miniconda3/envs/project/lib/python3.8/site-packages/airflow/example_dags/tutorial_dag.py
[2024-10-08T08:51:04.950+0000] {logging_mixin.py:190} INFO - [2024-10-08T08:51:04.950+0000] {dag.py:3239} INFO - Sync 1 DAGs
[2024-10-08T08:51:04.968+0000] {logging_mixin.py:190} INFO - [2024-10-08T08:51:04.968+0000] {dag.py:4180} INFO - Setting next_dagrun for tutorial_dag to None, run_after=None
[2024-10-08T08:51:05.001+0000] {processor.py:208} INFO - Processing /root/miniconda3/envs/project/lib/python3.8/site-packages/airflow/example_dags/tutorial_dag.py took 0.103 seconds
[2024-10-08T09:03:29.664+0000] {processor.py:186} INFO - Started process (PID=219447) to work on /root/miniconda3/envs/project/lib/python3.8/site-packages/airflow/example_dags/tutorial_dag.py
[2024-10-08T09:03:29.668+0000] {processor.py:914} INFO - Processing file /root/miniconda3/envs/project/lib/python3.8/site-packages/airflow/example_dags/tutorial_dag.py for tasks to queue
[2024-10-08T09:03:29.672+0000] {logging_mixin.py:190} INFO - [2024-10-08T09:03:29.671+0000] {dagbag.py:588} INFO - Filling up the DagBag from /root/miniconda3/envs/project/lib/python3.8/site-packages/airflow/example_dags/tutorial_dag.py
[2024-10-08T09:03:29.683+0000] {processor.py:925} INFO - DAG(s) 'tutorial_dag' retrieved from /root/miniconda3/envs/project/lib/python3.8/site-packages/airflow/example_dags/tutorial_dag.py
[2024-10-08T09:03:29.709+0000] {logging_mixin.py:190} INFO - [2024-10-08T09:03:29.709+0000] {dag.py:3239} INFO - Sync 1 DAGs
[2024-10-08T09:03:29.727+0000] {logging_mixin.py:190} INFO - [2024-10-08T09:03:29.727+0000] {dag.py:4180} INFO - Setting next_dagrun for tutorial_dag to None, run_after=None
[2024-10-08T09:03:29.758+0000] {processor.py:208} INFO - Processing /root/miniconda3/envs/project/lib/python3.8/site-packages/airflow/example_dags/tutorial_dag.py took 0.105 seconds
[2024-10-08T09:05:10.457+0000] {processor.py:186} INFO - Started process (PID=220001) to work on /root/miniconda3/envs/project/lib/python3.8/site-packages/airflow/example_dags/tutorial_dag.py
[2024-10-08T09:05:10.460+0000] {processor.py:914} INFO - Processing file /root/miniconda3/envs/project/lib/python3.8/site-packages/airflow/example_dags/tutorial_dag.py for tasks to queue
[2024-10-08T09:05:10.464+0000] {logging_mixin.py:190} INFO - [2024-10-08T09:05:10.464+0000] {dagbag.py:588} INFO - Filling up the DagBag from /root/miniconda3/envs/project/lib/python3.8/site-packages/airflow/example_dags/tutorial_dag.py
[2024-10-08T09:05:10.476+0000] {processor.py:925} INFO - DAG(s) 'tutorial_dag' retrieved from /root/miniconda3/envs/project/lib/python3.8/site-packages/airflow/example_dags/tutorial_dag.py
[2024-10-08T09:05:10.503+0000] {logging_mixin.py:190} INFO - [2024-10-08T09:05:10.502+0000] {dag.py:3239} INFO - Sync 1 DAGs
[2024-10-08T09:05:10.522+0000] {logging_mixin.py:190} INFO - [2024-10-08T09:05:10.522+0000] {dag.py:4180} INFO - Setting next_dagrun for tutorial_dag to None, run_after=None
[2024-10-08T09:05:10.559+0000] {processor.py:208} INFO - Processing /root/miniconda3/envs/project/lib/python3.8/site-packages/airflow/example_dags/tutorial_dag.py took 0.113 seconds
[2024-10-08T09:08:42.855+0000] {processor.py:186} INFO - Started process (PID=220787) to work on /root/miniconda3/envs/project/lib/python3.8/site-packages/airflow/example_dags/tutorial_dag.py
[2024-10-08T09:08:42.858+0000] {processor.py:914} INFO - Processing file /root/miniconda3/envs/project/lib/python3.8/site-packages/airflow/example_dags/tutorial_dag.py for tasks to queue
[2024-10-08T09:08:42.862+0000] {logging_mixin.py:190} INFO - [2024-10-08T09:08:42.862+0000] {dagbag.py:588} INFO - Filling up the DagBag from /root/miniconda3/envs/project/lib/python3.8/site-packages/airflow/example_dags/tutorial_dag.py
[2024-10-08T09:08:42.874+0000] {processor.py:925} INFO - DAG(s) 'tutorial_dag' retrieved from /root/miniconda3/envs/project/lib/python3.8/site-packages/airflow/example_dags/tutorial_dag.py
[2024-10-08T09:08:42.899+0000] {logging_mixin.py:190} INFO - [2024-10-08T09:08:42.899+0000] {dag.py:3239} INFO - Sync 1 DAGs
[2024-10-08T09:08:42.917+0000] {logging_mixin.py:190} INFO - [2024-10-08T09:08:42.917+0000] {dag.py:4180} INFO - Setting next_dagrun for tutorial_dag to None, run_after=None
[2024-10-08T09:08:42.948+0000] {processor.py:208} INFO - Processing /root/miniconda3/envs/project/lib/python3.8/site-packages/airflow/example_dags/tutorial_dag.py took 0.105 seconds
[2024-10-08T09:10:11.179+0000] {processor.py:186} INFO - Started process (PID=221492) to work on /root/miniconda3/envs/project/lib/python3.8/site-packages/airflow/example_dags/tutorial_dag.py
[2024-10-08T09:10:11.182+0000] {processor.py:914} INFO - Processing file /root/miniconda3/envs/project/lib/python3.8/site-packages/airflow/example_dags/tutorial_dag.py for tasks to queue
[2024-10-08T09:10:11.186+0000] {logging_mixin.py:190} INFO - [2024-10-08T09:10:11.185+0000] {dagbag.py:588} INFO - Filling up the DagBag from /root/miniconda3/envs/project/lib/python3.8/site-packages/airflow/example_dags/tutorial_dag.py
[2024-10-08T09:10:11.196+0000] {processor.py:925} INFO - DAG(s) 'tutorial_dag' retrieved from /root/miniconda3/envs/project/lib/python3.8/site-packages/airflow/example_dags/tutorial_dag.py
[2024-10-08T09:10:11.222+0000] {logging_mixin.py:190} INFO - [2024-10-08T09:10:11.221+0000] {dag.py:3239} INFO - Sync 1 DAGs
[2024-10-08T09:10:11.240+0000] {logging_mixin.py:190} INFO - [2024-10-08T09:10:11.240+0000] {dag.py:4180} INFO - Setting next_dagrun for tutorial_dag to None, run_after=None
[2024-10-08T09:10:11.270+0000] {processor.py:208} INFO - Processing /root/miniconda3/envs/project/lib/python3.8/site-packages/airflow/example_dags/tutorial_dag.py took 0.102 seconds
[2024-10-08T09:11:19.517+0000] {processor.py:186} INFO - Started process (PID=221713) to work on /root/miniconda3/envs/project/lib/python3.8/site-packages/airflow/example_dags/tutorial_dag.py
[2024-10-08T09:11:19.520+0000] {processor.py:914} INFO - Processing file /root/miniconda3/envs/project/lib/python3.8/site-packages/airflow/example_dags/tutorial_dag.py for tasks to queue
[2024-10-08T09:11:19.523+0000] {logging_mixin.py:190} INFO - [2024-10-08T09:11:19.522+0000] {dagbag.py:588} INFO - Filling up the DagBag from /root/miniconda3/envs/project/lib/python3.8/site-packages/airflow/example_dags/tutorial_dag.py
[2024-10-08T09:11:19.535+0000] {processor.py:925} INFO - DAG(s) 'tutorial_dag' retrieved from /root/miniconda3/envs/project/lib/python3.8/site-packages/airflow/example_dags/tutorial_dag.py
[2024-10-08T09:11:19.558+0000] {logging_mixin.py:190} INFO - [2024-10-08T09:11:19.558+0000] {dag.py:3239} INFO - Sync 1 DAGs
[2024-10-08T09:11:19.576+0000] {logging_mixin.py:190} INFO - [2024-10-08T09:11:19.576+0000] {dag.py:4180} INFO - Setting next_dagrun for tutorial_dag to None, run_after=None
[2024-10-08T09:11:19.609+0000] {processor.py:208} INFO - Processing /root/miniconda3/envs/project/lib/python3.8/site-packages/airflow/example_dags/tutorial_dag.py took 0.101 seconds
[2024-10-08T09:12:21.846+0000] {processor.py:186} INFO - Started process (PID=222035) to work on /root/miniconda3/envs/project/lib/python3.8/site-packages/airflow/example_dags/tutorial_dag.py
[2024-10-08T09:12:21.848+0000] {processor.py:914} INFO - Processing file /root/miniconda3/envs/project/lib/python3.8/site-packages/airflow/example_dags/tutorial_dag.py for tasks to queue
[2024-10-08T09:12:21.852+0000] {logging_mixin.py:190} INFO - [2024-10-08T09:12:21.851+0000] {dagbag.py:588} INFO - Filling up the DagBag from /root/miniconda3/envs/project/lib/python3.8/site-packages/airflow/example_dags/tutorial_dag.py
[2024-10-08T09:12:21.863+0000] {processor.py:925} INFO - DAG(s) 'tutorial_dag' retrieved from /root/miniconda3/envs/project/lib/python3.8/site-packages/airflow/example_dags/tutorial_dag.py
[2024-10-08T09:12:21.887+0000] {logging_mixin.py:190} INFO - [2024-10-08T09:12:21.887+0000] {dag.py:3239} INFO - Sync 1 DAGs
[2024-10-08T09:12:21.905+0000] {logging_mixin.py:190} INFO - [2024-10-08T09:12:21.905+0000] {dag.py:4180} INFO - Setting next_dagrun for tutorial_dag to None, run_after=None
[2024-10-08T09:12:21.939+0000] {processor.py:208} INFO - Processing /root/miniconda3/envs/project/lib/python3.8/site-packages/airflow/example_dags/tutorial_dag.py took 0.105 seconds
[2024-10-08T09:13:28.283+0000] {processor.py:186} INFO - Started process (PID=222259) to work on /root/miniconda3/envs/project/lib/python3.8/site-packages/airflow/example_dags/tutorial_dag.py
[2024-10-08T09:13:28.287+0000] {processor.py:914} INFO - Processing file /root/miniconda3/envs/project/lib/python3.8/site-packages/airflow/example_dags/tutorial_dag.py for tasks to queue
[2024-10-08T09:13:28.290+0000] {logging_mixin.py:190} INFO - [2024-10-08T09:13:28.290+0000] {dagbag.py:588} INFO - Filling up the DagBag from /root/miniconda3/envs/project/lib/python3.8/site-packages/airflow/example_dags/tutorial_dag.py
[2024-10-08T09:13:28.303+0000] {processor.py:925} INFO - DAG(s) 'tutorial_dag' retrieved from /root/miniconda3/envs/project/lib/python3.8/site-packages/airflow/example_dags/tutorial_dag.py
[2024-10-08T09:13:28.328+0000] {logging_mixin.py:190} INFO - [2024-10-08T09:13:28.328+0000] {dag.py:3239} INFO - Sync 1 DAGs
[2024-10-08T09:13:28.348+0000] {logging_mixin.py:190} INFO - [2024-10-08T09:13:28.348+0000] {dag.py:4180} INFO - Setting next_dagrun for tutorial_dag to None, run_after=None
[2024-10-08T09:13:28.401+0000] {processor.py:208} INFO - Processing /root/miniconda3/envs/project/lib/python3.8/site-packages/airflow/example_dags/tutorial_dag.py took 0.128 seconds
[2024-10-08T09:14:29.875+0000] {processor.py:186} INFO - Started process (PID=222584) to work on /root/miniconda3/envs/project/lib/python3.8/site-packages/airflow/example_dags/tutorial_dag.py
[2024-10-08T09:14:29.878+0000] {processor.py:914} INFO - Processing file /root/miniconda3/envs/project/lib/python3.8/site-packages/airflow/example_dags/tutorial_dag.py for tasks to queue
[2024-10-08T09:14:29.881+0000] {logging_mixin.py:190} INFO - [2024-10-08T09:14:29.881+0000] {dagbag.py:588} INFO - Filling up the DagBag from /root/miniconda3/envs/project/lib/python3.8/site-packages/airflow/example_dags/tutorial_dag.py
[2024-10-08T09:14:29.893+0000] {processor.py:925} INFO - DAG(s) 'tutorial_dag' retrieved from /root/miniconda3/envs/project/lib/python3.8/site-packages/airflow/example_dags/tutorial_dag.py
[2024-10-08T09:14:29.917+0000] {logging_mixin.py:190} INFO - [2024-10-08T09:14:29.917+0000] {dag.py:3239} INFO - Sync 1 DAGs
[2024-10-08T09:14:29.935+0000] {logging_mixin.py:190} INFO - [2024-10-08T09:14:29.935+0000] {dag.py:4180} INFO - Setting next_dagrun for tutorial_dag to None, run_after=None
[2024-10-08T09:14:29.967+0000] {processor.py:208} INFO - Processing /root/miniconda3/envs/project/lib/python3.8/site-packages/airflow/example_dags/tutorial_dag.py took 0.103 seconds
[2024-10-08T09:15:45.660+0000] {processor.py:186} INFO - Started process (PID=222938) to work on /root/miniconda3/envs/project/lib/python3.8/site-packages/airflow/example_dags/tutorial_dag.py
[2024-10-08T09:15:45.663+0000] {processor.py:914} INFO - Processing file /root/miniconda3/envs/project/lib/python3.8/site-packages/airflow/example_dags/tutorial_dag.py for tasks to queue
[2024-10-08T09:15:45.666+0000] {logging_mixin.py:190} INFO - [2024-10-08T09:15:45.666+0000] {dagbag.py:588} INFO - Filling up the DagBag from /root/miniconda3/envs/project/lib/python3.8/site-packages/airflow/example_dags/tutorial_dag.py
[2024-10-08T09:15:45.678+0000] {processor.py:925} INFO - DAG(s) 'tutorial_dag' retrieved from /root/miniconda3/envs/project/lib/python3.8/site-packages/airflow/example_dags/tutorial_dag.py
[2024-10-08T09:15:45.701+0000] {logging_mixin.py:190} INFO - [2024-10-08T09:15:45.701+0000] {dag.py:3239} INFO - Sync 1 DAGs
[2024-10-08T09:15:45.719+0000] {logging_mixin.py:190} INFO - [2024-10-08T09:15:45.719+0000] {dag.py:4180} INFO - Setting next_dagrun for tutorial_dag to None, run_after=None
[2024-10-08T09:15:45.754+0000] {processor.py:208} INFO - Processing /root/miniconda3/envs/project/lib/python3.8/site-packages/airflow/example_dags/tutorial_dag.py took 0.105 seconds
[2024-10-08T09:16:54.208+0000] {processor.py:186} INFO - Started process (PID=223164) to work on /root/miniconda3/envs/project/lib/python3.8/site-packages/airflow/example_dags/tutorial_dag.py
[2024-10-08T09:16:54.211+0000] {processor.py:914} INFO - Processing file /root/miniconda3/envs/project/lib/python3.8/site-packages/airflow/example_dags/tutorial_dag.py for tasks to queue
[2024-10-08T09:16:54.215+0000] {logging_mixin.py:190} INFO - [2024-10-08T09:16:54.214+0000] {dagbag.py:588} INFO - Filling up the DagBag from /root/miniconda3/envs/project/lib/python3.8/site-packages/airflow/example_dags/tutorial_dag.py
[2024-10-08T09:16:54.228+0000] {processor.py:925} INFO - DAG(s) 'tutorial_dag' retrieved from /root/miniconda3/envs/project/lib/python3.8/site-packages/airflow/example_dags/tutorial_dag.py
[2024-10-08T09:16:54.256+0000] {logging_mixin.py:190} INFO - [2024-10-08T09:16:54.256+0000] {dag.py:3239} INFO - Sync 1 DAGs
[2024-10-08T09:16:54.279+0000] {logging_mixin.py:190} INFO - [2024-10-08T09:16:54.279+0000] {dag.py:4180} INFO - Setting next_dagrun for tutorial_dag to None, run_after=None
[2024-10-08T09:16:54.316+0000] {processor.py:208} INFO - Processing /root/miniconda3/envs/project/lib/python3.8/site-packages/airflow/example_dags/tutorial_dag.py took 0.119 seconds
[2024-10-08T09:18:02.646+0000] {processor.py:186} INFO - Started process (PID=223394) to work on /root/miniconda3/envs/project/lib/python3.8/site-packages/airflow/example_dags/tutorial_dag.py
[2024-10-08T09:18:02.650+0000] {processor.py:914} INFO - Processing file /root/miniconda3/envs/project/lib/python3.8/site-packages/airflow/example_dags/tutorial_dag.py for tasks to queue
[2024-10-08T09:18:02.653+0000] {logging_mixin.py:190} INFO - [2024-10-08T09:18:02.653+0000] {dagbag.py:588} INFO - Filling up the DagBag from /root/miniconda3/envs/project/lib/python3.8/site-packages/airflow/example_dags/tutorial_dag.py
[2024-10-08T09:18:02.666+0000] {processor.py:925} INFO - DAG(s) 'tutorial_dag' retrieved from /root/miniconda3/envs/project/lib/python3.8/site-packages/airflow/example_dags/tutorial_dag.py
[2024-10-08T09:18:02.690+0000] {logging_mixin.py:190} INFO - [2024-10-08T09:18:02.690+0000] {dag.py:3239} INFO - Sync 1 DAGs
[2024-10-08T09:18:02.709+0000] {logging_mixin.py:190} INFO - [2024-10-08T09:18:02.708+0000] {dag.py:4180} INFO - Setting next_dagrun for tutorial_dag to None, run_after=None
[2024-10-08T09:18:02.742+0000] {processor.py:208} INFO - Processing /root/miniconda3/envs/project/lib/python3.8/site-packages/airflow/example_dags/tutorial_dag.py took 0.106 seconds
[2024-10-08T09:19:20.815+0000] {processor.py:186} INFO - Started process (PID=223633) to work on /root/miniconda3/envs/project/lib/python3.8/site-packages/airflow/example_dags/tutorial_dag.py
[2024-10-08T09:19:20.818+0000] {processor.py:914} INFO - Processing file /root/miniconda3/envs/project/lib/python3.8/site-packages/airflow/example_dags/tutorial_dag.py for tasks to queue
[2024-10-08T09:19:20.822+0000] {logging_mixin.py:190} INFO - [2024-10-08T09:19:20.821+0000] {dagbag.py:588} INFO - Filling up the DagBag from /root/miniconda3/envs/project/lib/python3.8/site-packages/airflow/example_dags/tutorial_dag.py
[2024-10-08T09:19:20.833+0000] {processor.py:925} INFO - DAG(s) 'tutorial_dag' retrieved from /root/miniconda3/envs/project/lib/python3.8/site-packages/airflow/example_dags/tutorial_dag.py
[2024-10-08T09:19:20.857+0000] {logging_mixin.py:190} INFO - [2024-10-08T09:19:20.856+0000] {dag.py:3239} INFO - Sync 1 DAGs
[2024-10-08T09:19:20.874+0000] {logging_mixin.py:190} INFO - [2024-10-08T09:19:20.874+0000] {dag.py:4180} INFO - Setting next_dagrun for tutorial_dag to None, run_after=None
[2024-10-08T09:19:20.906+0000] {processor.py:208} INFO - Processing /root/miniconda3/envs/project/lib/python3.8/site-packages/airflow/example_dags/tutorial_dag.py took 0.102 seconds
[2024-10-08T09:20:27.176+0000] {processor.py:186} INFO - Started process (PID=223916) to work on /root/miniconda3/envs/project/lib/python3.8/site-packages/airflow/example_dags/tutorial_dag.py
[2024-10-08T09:20:27.179+0000] {processor.py:914} INFO - Processing file /root/miniconda3/envs/project/lib/python3.8/site-packages/airflow/example_dags/tutorial_dag.py for tasks to queue
[2024-10-08T09:20:27.182+0000] {logging_mixin.py:190} INFO - [2024-10-08T09:20:27.181+0000] {dagbag.py:588} INFO - Filling up the DagBag from /root/miniconda3/envs/project/lib/python3.8/site-packages/airflow/example_dags/tutorial_dag.py
[2024-10-08T09:20:27.194+0000] {processor.py:925} INFO - DAG(s) 'tutorial_dag' retrieved from /root/miniconda3/envs/project/lib/python3.8/site-packages/airflow/example_dags/tutorial_dag.py
[2024-10-08T09:20:27.217+0000] {logging_mixin.py:190} INFO - [2024-10-08T09:20:27.217+0000] {dag.py:3239} INFO - Sync 1 DAGs
[2024-10-08T09:20:27.235+0000] {logging_mixin.py:190} INFO - [2024-10-08T09:20:27.235+0000] {dag.py:4180} INFO - Setting next_dagrun for tutorial_dag to None, run_after=None
[2024-10-08T09:20:27.267+0000] {processor.py:208} INFO - Processing /root/miniconda3/envs/project/lib/python3.8/site-packages/airflow/example_dags/tutorial_dag.py took 0.102 seconds
[2024-10-08T09:21:44.708+0000] {processor.py:186} INFO - Started process (PID=224180) to work on /root/miniconda3/envs/project/lib/python3.8/site-packages/airflow/example_dags/tutorial_dag.py
[2024-10-08T09:21:44.711+0000] {processor.py:914} INFO - Processing file /root/miniconda3/envs/project/lib/python3.8/site-packages/airflow/example_dags/tutorial_dag.py for tasks to queue
[2024-10-08T09:21:44.715+0000] {logging_mixin.py:190} INFO - [2024-10-08T09:21:44.714+0000] {dagbag.py:588} INFO - Filling up the DagBag from /root/miniconda3/envs/project/lib/python3.8/site-packages/airflow/example_dags/tutorial_dag.py
[2024-10-08T09:21:44.726+0000] {processor.py:925} INFO - DAG(s) 'tutorial_dag' retrieved from /root/miniconda3/envs/project/lib/python3.8/site-packages/airflow/example_dags/tutorial_dag.py
[2024-10-08T09:21:44.750+0000] {logging_mixin.py:190} INFO - [2024-10-08T09:21:44.749+0000] {dag.py:3239} INFO - Sync 1 DAGs
[2024-10-08T09:21:44.768+0000] {logging_mixin.py:190} INFO - [2024-10-08T09:21:44.768+0000] {dag.py:4180} INFO - Setting next_dagrun for tutorial_dag to None, run_after=None
[2024-10-08T09:21:44.801+0000] {processor.py:208} INFO - Processing /root/miniconda3/envs/project/lib/python3.8/site-packages/airflow/example_dags/tutorial_dag.py took 0.103 seconds
[2024-10-08T09:22:51.407+0000] {processor.py:186} INFO - Started process (PID=224440) to work on /root/miniconda3/envs/project/lib/python3.8/site-packages/airflow/example_dags/tutorial_dag.py
[2024-10-08T09:22:51.409+0000] {processor.py:914} INFO - Processing file /root/miniconda3/envs/project/lib/python3.8/site-packages/airflow/example_dags/tutorial_dag.py for tasks to queue
[2024-10-08T09:22:51.413+0000] {logging_mixin.py:190} INFO - [2024-10-08T09:22:51.412+0000] {dagbag.py:588} INFO - Filling up the DagBag from /root/miniconda3/envs/project/lib/python3.8/site-packages/airflow/example_dags/tutorial_dag.py
[2024-10-08T09:22:51.425+0000] {processor.py:925} INFO - DAG(s) 'tutorial_dag' retrieved from /root/miniconda3/envs/project/lib/python3.8/site-packages/airflow/example_dags/tutorial_dag.py
[2024-10-08T09:22:51.449+0000] {logging_mixin.py:190} INFO - [2024-10-08T09:22:51.449+0000] {dag.py:3239} INFO - Sync 1 DAGs
[2024-10-08T09:22:51.472+0000] {logging_mixin.py:190} INFO - [2024-10-08T09:22:51.471+0000] {dag.py:4180} INFO - Setting next_dagrun for tutorial_dag to None, run_after=None
[2024-10-08T09:22:51.510+0000] {processor.py:208} INFO - Processing /root/miniconda3/envs/project/lib/python3.8/site-packages/airflow/example_dags/tutorial_dag.py took 0.113 seconds
[2024-10-08T09:24:01.672+0000] {processor.py:186} INFO - Started process (PID=224633) to work on /root/miniconda3/envs/project/lib/python3.8/site-packages/airflow/example_dags/tutorial_dag.py
[2024-10-08T09:24:01.676+0000] {processor.py:914} INFO - Processing file /root/miniconda3/envs/project/lib/python3.8/site-packages/airflow/example_dags/tutorial_dag.py for tasks to queue
[2024-10-08T09:24:01.679+0000] {logging_mixin.py:190} INFO - [2024-10-08T09:24:01.678+0000] {dagbag.py:588} INFO - Filling up the DagBag from /root/miniconda3/envs/project/lib/python3.8/site-packages/airflow/example_dags/tutorial_dag.py
[2024-10-08T09:24:01.691+0000] {processor.py:925} INFO - DAG(s) 'tutorial_dag' retrieved from /root/miniconda3/envs/project/lib/python3.8/site-packages/airflow/example_dags/tutorial_dag.py
[2024-10-08T09:24:01.714+0000] {logging_mixin.py:190} INFO - [2024-10-08T09:24:01.714+0000] {dag.py:3239} INFO - Sync 1 DAGs
[2024-10-08T09:24:01.733+0000] {logging_mixin.py:190} INFO - [2024-10-08T09:24:01.733+0000] {dag.py:4180} INFO - Setting next_dagrun for tutorial_dag to None, run_after=None
[2024-10-08T09:24:01.769+0000] {processor.py:208} INFO - Processing /root/miniconda3/envs/project/lib/python3.8/site-packages/airflow/example_dags/tutorial_dag.py took 0.109 seconds
[2024-10-08T09:25:11.269+0000] {processor.py:186} INFO - Started process (PID=225332) to work on /root/miniconda3/envs/project/lib/python3.8/site-packages/airflow/example_dags/tutorial_dag.py
[2024-10-08T09:25:11.272+0000] {processor.py:914} INFO - Processing file /root/miniconda3/envs/project/lib/python3.8/site-packages/airflow/example_dags/tutorial_dag.py for tasks to queue
[2024-10-08T09:25:11.276+0000] {logging_mixin.py:190} INFO - [2024-10-08T09:25:11.275+0000] {dagbag.py:588} INFO - Filling up the DagBag from /root/miniconda3/envs/project/lib/python3.8/site-packages/airflow/example_dags/tutorial_dag.py
[2024-10-08T09:25:11.288+0000] {processor.py:925} INFO - DAG(s) 'tutorial_dag' retrieved from /root/miniconda3/envs/project/lib/python3.8/site-packages/airflow/example_dags/tutorial_dag.py
[2024-10-08T09:25:11.314+0000] {logging_mixin.py:190} INFO - [2024-10-08T09:25:11.314+0000] {dag.py:3239} INFO - Sync 1 DAGs
[2024-10-08T09:25:11.337+0000] {logging_mixin.py:190} INFO - [2024-10-08T09:25:11.337+0000] {dag.py:4180} INFO - Setting next_dagrun for tutorial_dag to None, run_after=None
[2024-10-08T09:25:11.376+0000] {processor.py:208} INFO - Processing /root/miniconda3/envs/project/lib/python3.8/site-packages/airflow/example_dags/tutorial_dag.py took 0.119 seconds
[2024-10-08T09:26:19.787+0000] {processor.py:186} INFO - Started process (PID=225698) to work on /root/miniconda3/envs/project/lib/python3.8/site-packages/airflow/example_dags/tutorial_dag.py
[2024-10-08T09:26:19.790+0000] {processor.py:914} INFO - Processing file /root/miniconda3/envs/project/lib/python3.8/site-packages/airflow/example_dags/tutorial_dag.py for tasks to queue
[2024-10-08T09:26:19.793+0000] {logging_mixin.py:190} INFO - [2024-10-08T09:26:19.793+0000] {dagbag.py:588} INFO - Filling up the DagBag from /root/miniconda3/envs/project/lib/python3.8/site-packages/airflow/example_dags/tutorial_dag.py
[2024-10-08T09:26:19.806+0000] {processor.py:925} INFO - DAG(s) 'tutorial_dag' retrieved from /root/miniconda3/envs/project/lib/python3.8/site-packages/airflow/example_dags/tutorial_dag.py
[2024-10-08T09:26:19.829+0000] {logging_mixin.py:190} INFO - [2024-10-08T09:26:19.829+0000] {dag.py:3239} INFO - Sync 1 DAGs
[2024-10-08T09:26:19.848+0000] {logging_mixin.py:190} INFO - [2024-10-08T09:26:19.848+0000] {dag.py:4180} INFO - Setting next_dagrun for tutorial_dag to None, run_after=None
[2024-10-08T09:26:19.883+0000] {processor.py:208} INFO - Processing /root/miniconda3/envs/project/lib/python3.8/site-packages/airflow/example_dags/tutorial_dag.py took 0.109 seconds
[2024-10-08T09:27:32.572+0000] {processor.py:186} INFO - Started process (PID=226068) to work on /root/miniconda3/envs/project/lib/python3.8/site-packages/airflow/example_dags/tutorial_dag.py
[2024-10-08T09:27:32.575+0000] {processor.py:914} INFO - Processing file /root/miniconda3/envs/project/lib/python3.8/site-packages/airflow/example_dags/tutorial_dag.py for tasks to queue
[2024-10-08T09:27:32.578+0000] {logging_mixin.py:190} INFO - [2024-10-08T09:27:32.578+0000] {dagbag.py:588} INFO - Filling up the DagBag from /root/miniconda3/envs/project/lib/python3.8/site-packages/airflow/example_dags/tutorial_dag.py
[2024-10-08T09:27:32.590+0000] {processor.py:925} INFO - DAG(s) 'tutorial_dag' retrieved from /root/miniconda3/envs/project/lib/python3.8/site-packages/airflow/example_dags/tutorial_dag.py
[2024-10-08T09:27:32.614+0000] {logging_mixin.py:190} INFO - [2024-10-08T09:27:32.614+0000] {dag.py:3239} INFO - Sync 1 DAGs
[2024-10-08T09:27:32.633+0000] {logging_mixin.py:190} INFO - [2024-10-08T09:27:32.633+0000] {dag.py:4180} INFO - Setting next_dagrun for tutorial_dag to None, run_after=None
[2024-10-08T09:27:32.669+0000] {processor.py:208} INFO - Processing /root/miniconda3/envs/project/lib/python3.8/site-packages/airflow/example_dags/tutorial_dag.py took 0.107 seconds
[2024-10-08T09:28:43.797+0000] {processor.py:186} INFO - Started process (PID=226660) to work on /root/miniconda3/envs/project/lib/python3.8/site-packages/airflow/example_dags/tutorial_dag.py
[2024-10-08T09:28:43.800+0000] {processor.py:914} INFO - Processing file /root/miniconda3/envs/project/lib/python3.8/site-packages/airflow/example_dags/tutorial_dag.py for tasks to queue
[2024-10-08T09:28:43.803+0000] {logging_mixin.py:190} INFO - [2024-10-08T09:28:43.802+0000] {dagbag.py:588} INFO - Filling up the DagBag from /root/miniconda3/envs/project/lib/python3.8/site-packages/airflow/example_dags/tutorial_dag.py
[2024-10-08T09:28:43.815+0000] {processor.py:925} INFO - DAG(s) 'tutorial_dag' retrieved from /root/miniconda3/envs/project/lib/python3.8/site-packages/airflow/example_dags/tutorial_dag.py
[2024-10-08T09:28:43.838+0000] {logging_mixin.py:190} INFO - [2024-10-08T09:28:43.838+0000] {dag.py:3239} INFO - Sync 1 DAGs
[2024-10-08T09:28:43.856+0000] {logging_mixin.py:190} INFO - [2024-10-08T09:28:43.856+0000] {dag.py:4180} INFO - Setting next_dagrun for tutorial_dag to None, run_after=None
[2024-10-08T09:28:43.892+0000] {processor.py:208} INFO - Processing /root/miniconda3/envs/project/lib/python3.8/site-packages/airflow/example_dags/tutorial_dag.py took 0.105 seconds
[2024-10-08T09:30:03.830+0000] {processor.py:186} INFO - Started process (PID=227491) to work on /root/miniconda3/envs/project/lib/python3.8/site-packages/airflow/example_dags/tutorial_dag.py
[2024-10-08T09:30:03.833+0000] {processor.py:914} INFO - Processing file /root/miniconda3/envs/project/lib/python3.8/site-packages/airflow/example_dags/tutorial_dag.py for tasks to queue
[2024-10-08T09:30:03.837+0000] {logging_mixin.py:190} INFO - [2024-10-08T09:30:03.836+0000] {dagbag.py:588} INFO - Filling up the DagBag from /root/miniconda3/envs/project/lib/python3.8/site-packages/airflow/example_dags/tutorial_dag.py
[2024-10-08T09:30:03.848+0000] {processor.py:925} INFO - DAG(s) 'tutorial_dag' retrieved from /root/miniconda3/envs/project/lib/python3.8/site-packages/airflow/example_dags/tutorial_dag.py
[2024-10-08T09:30:03.984+0000] {logging_mixin.py:190} INFO - [2024-10-08T09:30:03.984+0000] {dag.py:3239} INFO - Sync 1 DAGs
[2024-10-08T09:30:04.000+0000] {logging_mixin.py:190} INFO - [2024-10-08T09:30:04.000+0000] {dag.py:4180} INFO - Setting next_dagrun for tutorial_dag to None, run_after=None
[2024-10-08T09:30:04.033+0000] {processor.py:208} INFO - Processing /root/miniconda3/envs/project/lib/python3.8/site-packages/airflow/example_dags/tutorial_dag.py took 0.213 seconds
[2024-10-08T09:31:38.968+0000] {processor.py:186} INFO - Started process (PID=228614) to work on /root/miniconda3/envs/project/lib/python3.8/site-packages/airflow/example_dags/tutorial_dag.py
[2024-10-08T09:31:38.970+0000] {processor.py:914} INFO - Processing file /root/miniconda3/envs/project/lib/python3.8/site-packages/airflow/example_dags/tutorial_dag.py for tasks to queue
[2024-10-08T09:31:38.974+0000] {logging_mixin.py:190} INFO - [2024-10-08T09:31:38.973+0000] {dagbag.py:588} INFO - Filling up the DagBag from /root/miniconda3/envs/project/lib/python3.8/site-packages/airflow/example_dags/tutorial_dag.py
[2024-10-08T09:31:38.986+0000] {processor.py:925} INFO - DAG(s) 'tutorial_dag' retrieved from /root/miniconda3/envs/project/lib/python3.8/site-packages/airflow/example_dags/tutorial_dag.py
[2024-10-08T09:31:39.009+0000] {logging_mixin.py:190} INFO - [2024-10-08T09:31:39.009+0000] {dag.py:3239} INFO - Sync 1 DAGs
[2024-10-08T09:31:39.027+0000] {logging_mixin.py:190} INFO - [2024-10-08T09:31:39.027+0000] {dag.py:4180} INFO - Setting next_dagrun for tutorial_dag to None, run_after=None
[2024-10-08T09:31:39.065+0000] {processor.py:208} INFO - Processing /root/miniconda3/envs/project/lib/python3.8/site-packages/airflow/example_dags/tutorial_dag.py took 0.108 seconds
[2024-10-08T09:32:51.844+0000] {processor.py:186} INFO - Started process (PID=229159) to work on /root/miniconda3/envs/project/lib/python3.8/site-packages/airflow/example_dags/tutorial_dag.py
[2024-10-08T09:32:51.847+0000] {processor.py:914} INFO - Processing file /root/miniconda3/envs/project/lib/python3.8/site-packages/airflow/example_dags/tutorial_dag.py for tasks to queue
[2024-10-08T09:32:51.850+0000] {logging_mixin.py:190} INFO - [2024-10-08T09:32:51.850+0000] {dagbag.py:588} INFO - Filling up the DagBag from /root/miniconda3/envs/project/lib/python3.8/site-packages/airflow/example_dags/tutorial_dag.py
[2024-10-08T09:32:51.863+0000] {processor.py:925} INFO - DAG(s) 'tutorial_dag' retrieved from /root/miniconda3/envs/project/lib/python3.8/site-packages/airflow/example_dags/tutorial_dag.py
[2024-10-08T09:32:51.887+0000] {logging_mixin.py:190} INFO - [2024-10-08T09:32:51.887+0000] {dag.py:3239} INFO - Sync 1 DAGs
[2024-10-08T09:32:51.915+0000] {logging_mixin.py:190} INFO - [2024-10-08T09:32:51.915+0000] {dag.py:4180} INFO - Setting next_dagrun for tutorial_dag to None, run_after=None
[2024-10-08T09:32:51.952+0000] {processor.py:208} INFO - Processing /root/miniconda3/envs/project/lib/python3.8/site-packages/airflow/example_dags/tutorial_dag.py took 0.119 seconds
