[2024-10-08T07:57:11.584+0000] {processor.py:186} INFO - Started process (PID=207078) to work on /root/miniconda3/envs/project/lib/python3.8/site-packages/airflow/example_dags/tutorial_taskflow_api_virtualenv.py
[2024-10-08T07:57:11.586+0000] {processor.py:914} INFO - Processing file /root/miniconda3/envs/project/lib/python3.8/site-packages/airflow/example_dags/tutorial_taskflow_api_virtualenv.py for tasks to queue
[2024-10-08T07:57:11.590+0000] {logging_mixin.py:190} INFO - [2024-10-08T07:57:11.590+0000] {dagbag.py:588} INFO - Filling up the DagBag from /root/miniconda3/envs/project/lib/python3.8/site-packages/airflow/example_dags/tutorial_taskflow_api_virtualenv.py
[2024-10-08T07:57:11.594+0000] {logging_mixin.py:190} INFO - [2024-10-08T07:57:11.594+0000] {tutorial_taskflow_api_virtualenv.py:29} WARNING - The tutorial_taskflow_api_virtualenv example DAG requires virtualenv, please install it.
[2024-10-08T07:57:11.595+0000] {processor.py:927} WARNING - No viable dags retrieved from /root/miniconda3/envs/project/lib/python3.8/site-packages/airflow/example_dags/tutorial_taskflow_api_virtualenv.py
[2024-10-08T07:57:11.611+0000] {processor.py:208} INFO - Processing /root/miniconda3/envs/project/lib/python3.8/site-packages/airflow/example_dags/tutorial_taskflow_api_virtualenv.py took 0.038 seconds
[2024-10-08T07:58:26.749+0000] {processor.py:186} INFO - Started process (PID=207280) to work on /root/miniconda3/envs/project/lib/python3.8/site-packages/airflow/example_dags/tutorial_taskflow_api_virtualenv.py
[2024-10-08T07:58:26.752+0000] {processor.py:914} INFO - Processing file /root/miniconda3/envs/project/lib/python3.8/site-packages/airflow/example_dags/tutorial_taskflow_api_virtualenv.py for tasks to queue
[2024-10-08T07:58:26.755+0000] {logging_mixin.py:190} INFO - [2024-10-08T07:58:26.755+0000] {dagbag.py:588} INFO - Filling up the DagBag from /root/miniconda3/envs/project/lib/python3.8/site-packages/airflow/example_dags/tutorial_taskflow_api_virtualenv.py
[2024-10-08T07:58:26.760+0000] {logging_mixin.py:190} INFO - [2024-10-08T07:58:26.759+0000] {tutorial_taskflow_api_virtualenv.py:29} WARNING - The tutorial_taskflow_api_virtualenv example DAG requires virtualenv, please install it.
[2024-10-08T07:58:26.760+0000] {processor.py:927} WARNING - No viable dags retrieved from /root/miniconda3/envs/project/lib/python3.8/site-packages/airflow/example_dags/tutorial_taskflow_api_virtualenv.py
[2024-10-08T07:58:26.776+0000] {processor.py:208} INFO - Processing /root/miniconda3/envs/project/lib/python3.8/site-packages/airflow/example_dags/tutorial_taskflow_api_virtualenv.py took 0.038 seconds
[2024-10-08T07:59:39.264+0000] {processor.py:186} INFO - Started process (PID=207539) to work on /root/miniconda3/envs/project/lib/python3.8/site-packages/airflow/example_dags/tutorial_taskflow_api_virtualenv.py
[2024-10-08T07:59:39.266+0000] {processor.py:914} INFO - Processing file /root/miniconda3/envs/project/lib/python3.8/site-packages/airflow/example_dags/tutorial_taskflow_api_virtualenv.py for tasks to queue
[2024-10-08T07:59:39.270+0000] {logging_mixin.py:190} INFO - [2024-10-08T07:59:39.269+0000] {dagbag.py:588} INFO - Filling up the DagBag from /root/miniconda3/envs/project/lib/python3.8/site-packages/airflow/example_dags/tutorial_taskflow_api_virtualenv.py
[2024-10-08T07:59:39.275+0000] {logging_mixin.py:190} INFO - [2024-10-08T07:59:39.274+0000] {tutorial_taskflow_api_virtualenv.py:29} WARNING - The tutorial_taskflow_api_virtualenv example DAG requires virtualenv, please install it.
[2024-10-08T07:59:39.275+0000] {processor.py:927} WARNING - No viable dags retrieved from /root/miniconda3/envs/project/lib/python3.8/site-packages/airflow/example_dags/tutorial_taskflow_api_virtualenv.py
[2024-10-08T07:59:39.291+0000] {processor.py:208} INFO - Processing /root/miniconda3/envs/project/lib/python3.8/site-packages/airflow/example_dags/tutorial_taskflow_api_virtualenv.py took 0.038 seconds
[2024-10-08T08:00:48.596+0000] {processor.py:186} INFO - Started process (PID=207884) to work on /root/miniconda3/envs/project/lib/python3.8/site-packages/airflow/example_dags/tutorial_taskflow_api_virtualenv.py
[2024-10-08T08:00:48.599+0000] {processor.py:914} INFO - Processing file /root/miniconda3/envs/project/lib/python3.8/site-packages/airflow/example_dags/tutorial_taskflow_api_virtualenv.py for tasks to queue
[2024-10-08T08:00:48.603+0000] {logging_mixin.py:190} INFO - [2024-10-08T08:00:48.602+0000] {dagbag.py:588} INFO - Filling up the DagBag from /root/miniconda3/envs/project/lib/python3.8/site-packages/airflow/example_dags/tutorial_taskflow_api_virtualenv.py
[2024-10-08T08:00:48.607+0000] {logging_mixin.py:190} INFO - [2024-10-08T08:00:48.606+0000] {tutorial_taskflow_api_virtualenv.py:29} WARNING - The tutorial_taskflow_api_virtualenv example DAG requires virtualenv, please install it.
[2024-10-08T08:00:48.607+0000] {processor.py:927} WARNING - No viable dags retrieved from /root/miniconda3/envs/project/lib/python3.8/site-packages/airflow/example_dags/tutorial_taskflow_api_virtualenv.py
[2024-10-08T08:00:48.623+0000] {processor.py:208} INFO - Processing /root/miniconda3/envs/project/lib/python3.8/site-packages/airflow/example_dags/tutorial_taskflow_api_virtualenv.py took 0.039 seconds
[2024-10-08T08:02:03.740+0000] {processor.py:186} INFO - Started process (PID=208188) to work on /root/miniconda3/envs/project/lib/python3.8/site-packages/airflow/example_dags/tutorial_taskflow_api_virtualenv.py
[2024-10-08T08:02:03.743+0000] {processor.py:914} INFO - Processing file /root/miniconda3/envs/project/lib/python3.8/site-packages/airflow/example_dags/tutorial_taskflow_api_virtualenv.py for tasks to queue
[2024-10-08T08:02:03.747+0000] {logging_mixin.py:190} INFO - [2024-10-08T08:02:03.747+0000] {dagbag.py:588} INFO - Filling up the DagBag from /root/miniconda3/envs/project/lib/python3.8/site-packages/airflow/example_dags/tutorial_taskflow_api_virtualenv.py
[2024-10-08T08:02:03.752+0000] {logging_mixin.py:190} INFO - [2024-10-08T08:02:03.752+0000] {tutorial_taskflow_api_virtualenv.py:29} WARNING - The tutorial_taskflow_api_virtualenv example DAG requires virtualenv, please install it.
[2024-10-08T08:02:03.753+0000] {processor.py:927} WARNING - No viable dags retrieved from /root/miniconda3/envs/project/lib/python3.8/site-packages/airflow/example_dags/tutorial_taskflow_api_virtualenv.py
[2024-10-08T08:02:03.773+0000] {processor.py:208} INFO - Processing /root/miniconda3/envs/project/lib/python3.8/site-packages/airflow/example_dags/tutorial_taskflow_api_virtualenv.py took 0.046 seconds
[2024-10-08T08:03:14.266+0000] {processor.py:186} INFO - Started process (PID=208393) to work on /root/miniconda3/envs/project/lib/python3.8/site-packages/airflow/example_dags/tutorial_taskflow_api_virtualenv.py
[2024-10-08T08:03:14.269+0000] {processor.py:914} INFO - Processing file /root/miniconda3/envs/project/lib/python3.8/site-packages/airflow/example_dags/tutorial_taskflow_api_virtualenv.py for tasks to queue
[2024-10-08T08:03:14.273+0000] {logging_mixin.py:190} INFO - [2024-10-08T08:03:14.272+0000] {dagbag.py:588} INFO - Filling up the DagBag from /root/miniconda3/envs/project/lib/python3.8/site-packages/airflow/example_dags/tutorial_taskflow_api_virtualenv.py
[2024-10-08T08:03:14.277+0000] {logging_mixin.py:190} INFO - [2024-10-08T08:03:14.277+0000] {tutorial_taskflow_api_virtualenv.py:29} WARNING - The tutorial_taskflow_api_virtualenv example DAG requires virtualenv, please install it.
[2024-10-08T08:03:14.277+0000] {processor.py:927} WARNING - No viable dags retrieved from /root/miniconda3/envs/project/lib/python3.8/site-packages/airflow/example_dags/tutorial_taskflow_api_virtualenv.py
[2024-10-08T08:03:14.294+0000] {processor.py:208} INFO - Processing /root/miniconda3/envs/project/lib/python3.8/site-packages/airflow/example_dags/tutorial_taskflow_api_virtualenv.py took 0.039 seconds
[2024-10-08T08:04:21.628+0000] {processor.py:186} INFO - Started process (PID=208595) to work on /root/miniconda3/envs/project/lib/python3.8/site-packages/airflow/example_dags/tutorial_taskflow_api_virtualenv.py
[2024-10-08T08:04:21.631+0000] {processor.py:914} INFO - Processing file /root/miniconda3/envs/project/lib/python3.8/site-packages/airflow/example_dags/tutorial_taskflow_api_virtualenv.py for tasks to queue
[2024-10-08T08:04:21.634+0000] {logging_mixin.py:190} INFO - [2024-10-08T08:04:21.633+0000] {dagbag.py:588} INFO - Filling up the DagBag from /root/miniconda3/envs/project/lib/python3.8/site-packages/airflow/example_dags/tutorial_taskflow_api_virtualenv.py
[2024-10-08T08:04:21.638+0000] {logging_mixin.py:190} INFO - [2024-10-08T08:04:21.638+0000] {tutorial_taskflow_api_virtualenv.py:29} WARNING - The tutorial_taskflow_api_virtualenv example DAG requires virtualenv, please install it.
[2024-10-08T08:04:21.638+0000] {processor.py:927} WARNING - No viable dags retrieved from /root/miniconda3/envs/project/lib/python3.8/site-packages/airflow/example_dags/tutorial_taskflow_api_virtualenv.py
[2024-10-08T08:04:21.655+0000] {processor.py:208} INFO - Processing /root/miniconda3/envs/project/lib/python3.8/site-packages/airflow/example_dags/tutorial_taskflow_api_virtualenv.py took 0.039 seconds
[2024-10-08T08:05:24.373+0000] {processor.py:186} INFO - Started process (PID=208779) to work on /root/miniconda3/envs/project/lib/python3.8/site-packages/airflow/example_dags/tutorial_taskflow_api_virtualenv.py
[2024-10-08T08:05:24.376+0000] {processor.py:914} INFO - Processing file /root/miniconda3/envs/project/lib/python3.8/site-packages/airflow/example_dags/tutorial_taskflow_api_virtualenv.py for tasks to queue
[2024-10-08T08:05:24.379+0000] {logging_mixin.py:190} INFO - [2024-10-08T08:05:24.379+0000] {dagbag.py:588} INFO - Filling up the DagBag from /root/miniconda3/envs/project/lib/python3.8/site-packages/airflow/example_dags/tutorial_taskflow_api_virtualenv.py
[2024-10-08T08:05:24.383+0000] {logging_mixin.py:190} INFO - [2024-10-08T08:05:24.383+0000] {tutorial_taskflow_api_virtualenv.py:29} WARNING - The tutorial_taskflow_api_virtualenv example DAG requires virtualenv, please install it.
[2024-10-08T08:05:24.384+0000] {processor.py:927} WARNING - No viable dags retrieved from /root/miniconda3/envs/project/lib/python3.8/site-packages/airflow/example_dags/tutorial_taskflow_api_virtualenv.py
[2024-10-08T08:05:24.400+0000] {processor.py:208} INFO - Processing /root/miniconda3/envs/project/lib/python3.8/site-packages/airflow/example_dags/tutorial_taskflow_api_virtualenv.py took 0.037 seconds
[2024-10-08T08:06:24.978+0000] {processor.py:186} INFO - Started process (PID=208963) to work on /root/miniconda3/envs/project/lib/python3.8/site-packages/airflow/example_dags/tutorial_taskflow_api_virtualenv.py
[2024-10-08T08:06:24.981+0000] {processor.py:914} INFO - Processing file /root/miniconda3/envs/project/lib/python3.8/site-packages/airflow/example_dags/tutorial_taskflow_api_virtualenv.py for tasks to queue
[2024-10-08T08:06:24.984+0000] {logging_mixin.py:190} INFO - [2024-10-08T08:06:24.984+0000] {dagbag.py:588} INFO - Filling up the DagBag from /root/miniconda3/envs/project/lib/python3.8/site-packages/airflow/example_dags/tutorial_taskflow_api_virtualenv.py
[2024-10-08T08:06:24.988+0000] {logging_mixin.py:190} INFO - [2024-10-08T08:06:24.988+0000] {tutorial_taskflow_api_virtualenv.py:29} WARNING - The tutorial_taskflow_api_virtualenv example DAG requires virtualenv, please install it.
[2024-10-08T08:06:24.989+0000] {processor.py:927} WARNING - No viable dags retrieved from /root/miniconda3/envs/project/lib/python3.8/site-packages/airflow/example_dags/tutorial_taskflow_api_virtualenv.py
[2024-10-08T08:06:25.005+0000] {processor.py:208} INFO - Processing /root/miniconda3/envs/project/lib/python3.8/site-packages/airflow/example_dags/tutorial_taskflow_api_virtualenv.py took 0.038 seconds
[2024-10-08T08:07:34.332+0000] {processor.py:186} INFO - Started process (PID=209209) to work on /root/miniconda3/envs/project/lib/python3.8/site-packages/airflow/example_dags/tutorial_taskflow_api_virtualenv.py
[2024-10-08T08:07:34.335+0000] {processor.py:914} INFO - Processing file /root/miniconda3/envs/project/lib/python3.8/site-packages/airflow/example_dags/tutorial_taskflow_api_virtualenv.py for tasks to queue
[2024-10-08T08:07:34.338+0000] {logging_mixin.py:190} INFO - [2024-10-08T08:07:34.338+0000] {dagbag.py:588} INFO - Filling up the DagBag from /root/miniconda3/envs/project/lib/python3.8/site-packages/airflow/example_dags/tutorial_taskflow_api_virtualenv.py
[2024-10-08T08:07:34.342+0000] {logging_mixin.py:190} INFO - [2024-10-08T08:07:34.342+0000] {tutorial_taskflow_api_virtualenv.py:29} WARNING - The tutorial_taskflow_api_virtualenv example DAG requires virtualenv, please install it.
[2024-10-08T08:07:34.343+0000] {processor.py:927} WARNING - No viable dags retrieved from /root/miniconda3/envs/project/lib/python3.8/site-packages/airflow/example_dags/tutorial_taskflow_api_virtualenv.py
[2024-10-08T08:07:34.359+0000] {processor.py:208} INFO - Processing /root/miniconda3/envs/project/lib/python3.8/site-packages/airflow/example_dags/tutorial_taskflow_api_virtualenv.py took 0.038 seconds
[2024-10-08T08:09:42.097+0000] {processor.py:186} INFO - Started process (PID=210036) to work on /root/miniconda3/envs/project/lib/python3.8/site-packages/airflow/example_dags/tutorial_taskflow_api_virtualenv.py
[2024-10-08T08:09:42.099+0000] {processor.py:914} INFO - Processing file /root/miniconda3/envs/project/lib/python3.8/site-packages/airflow/example_dags/tutorial_taskflow_api_virtualenv.py for tasks to queue
[2024-10-08T08:09:42.103+0000] {logging_mixin.py:190} INFO - [2024-10-08T08:09:42.102+0000] {dagbag.py:588} INFO - Filling up the DagBag from /root/miniconda3/envs/project/lib/python3.8/site-packages/airflow/example_dags/tutorial_taskflow_api_virtualenv.py
[2024-10-08T08:09:42.107+0000] {logging_mixin.py:190} INFO - [2024-10-08T08:09:42.107+0000] {tutorial_taskflow_api_virtualenv.py:29} WARNING - The tutorial_taskflow_api_virtualenv example DAG requires virtualenv, please install it.
[2024-10-08T08:09:42.107+0000] {processor.py:927} WARNING - No viable dags retrieved from /root/miniconda3/envs/project/lib/python3.8/site-packages/airflow/example_dags/tutorial_taskflow_api_virtualenv.py
[2024-10-08T08:09:42.124+0000] {processor.py:208} INFO - Processing /root/miniconda3/envs/project/lib/python3.8/site-packages/airflow/example_dags/tutorial_taskflow_api_virtualenv.py took 0.038 seconds
[2024-10-08T08:11:07.384+0000] {processor.py:186} INFO - Started process (PID=210506) to work on /root/miniconda3/envs/project/lib/python3.8/site-packages/airflow/example_dags/tutorial_taskflow_api_virtualenv.py
[2024-10-08T08:11:07.386+0000] {processor.py:914} INFO - Processing file /root/miniconda3/envs/project/lib/python3.8/site-packages/airflow/example_dags/tutorial_taskflow_api_virtualenv.py for tasks to queue
[2024-10-08T08:11:07.390+0000] {logging_mixin.py:190} INFO - [2024-10-08T08:11:07.389+0000] {dagbag.py:588} INFO - Filling up the DagBag from /root/miniconda3/envs/project/lib/python3.8/site-packages/airflow/example_dags/tutorial_taskflow_api_virtualenv.py
[2024-10-08T08:11:07.394+0000] {logging_mixin.py:190} INFO - [2024-10-08T08:11:07.394+0000] {tutorial_taskflow_api_virtualenv.py:29} WARNING - The tutorial_taskflow_api_virtualenv example DAG requires virtualenv, please install it.
[2024-10-08T08:11:07.394+0000] {processor.py:927} WARNING - No viable dags retrieved from /root/miniconda3/envs/project/lib/python3.8/site-packages/airflow/example_dags/tutorial_taskflow_api_virtualenv.py
[2024-10-08T08:11:07.411+0000] {processor.py:208} INFO - Processing /root/miniconda3/envs/project/lib/python3.8/site-packages/airflow/example_dags/tutorial_taskflow_api_virtualenv.py took 0.039 seconds
[2024-10-08T08:12:45.509+0000] {processor.py:186} INFO - Started process (PID=211034) to work on /root/miniconda3/envs/project/lib/python3.8/site-packages/airflow/example_dags/tutorial_taskflow_api_virtualenv.py
[2024-10-08T08:12:45.512+0000] {processor.py:914} INFO - Processing file /root/miniconda3/envs/project/lib/python3.8/site-packages/airflow/example_dags/tutorial_taskflow_api_virtualenv.py for tasks to queue
[2024-10-08T08:12:45.515+0000] {logging_mixin.py:190} INFO - [2024-10-08T08:12:45.515+0000] {dagbag.py:588} INFO - Filling up the DagBag from /root/miniconda3/envs/project/lib/python3.8/site-packages/airflow/example_dags/tutorial_taskflow_api_virtualenv.py
[2024-10-08T08:12:45.519+0000] {logging_mixin.py:190} INFO - [2024-10-08T08:12:45.519+0000] {tutorial_taskflow_api_virtualenv.py:29} WARNING - The tutorial_taskflow_api_virtualenv example DAG requires virtualenv, please install it.
[2024-10-08T08:12:45.520+0000] {processor.py:927} WARNING - No viable dags retrieved from /root/miniconda3/envs/project/lib/python3.8/site-packages/airflow/example_dags/tutorial_taskflow_api_virtualenv.py
[2024-10-08T08:12:45.536+0000] {processor.py:208} INFO - Processing /root/miniconda3/envs/project/lib/python3.8/site-packages/airflow/example_dags/tutorial_taskflow_api_virtualenv.py took 0.037 seconds
[2024-10-08T08:13:50.906+0000] {processor.py:186} INFO - Started process (PID=211236) to work on /root/miniconda3/envs/project/lib/python3.8/site-packages/airflow/example_dags/tutorial_taskflow_api_virtualenv.py
[2024-10-08T08:13:50.909+0000] {processor.py:914} INFO - Processing file /root/miniconda3/envs/project/lib/python3.8/site-packages/airflow/example_dags/tutorial_taskflow_api_virtualenv.py for tasks to queue
[2024-10-08T08:13:50.912+0000] {logging_mixin.py:190} INFO - [2024-10-08T08:13:50.911+0000] {dagbag.py:588} INFO - Filling up the DagBag from /root/miniconda3/envs/project/lib/python3.8/site-packages/airflow/example_dags/tutorial_taskflow_api_virtualenv.py
[2024-10-08T08:13:50.916+0000] {logging_mixin.py:190} INFO - [2024-10-08T08:13:50.916+0000] {tutorial_taskflow_api_virtualenv.py:29} WARNING - The tutorial_taskflow_api_virtualenv example DAG requires virtualenv, please install it.
[2024-10-08T08:13:50.916+0000] {processor.py:927} WARNING - No viable dags retrieved from /root/miniconda3/envs/project/lib/python3.8/site-packages/airflow/example_dags/tutorial_taskflow_api_virtualenv.py
[2024-10-08T08:13:50.932+0000] {processor.py:208} INFO - Processing /root/miniconda3/envs/project/lib/python3.8/site-packages/airflow/example_dags/tutorial_taskflow_api_virtualenv.py took 0.039 seconds
[2024-10-08T08:15:00.772+0000] {processor.py:186} INFO - Started process (PID=211486) to work on /root/miniconda3/envs/project/lib/python3.8/site-packages/airflow/example_dags/tutorial_taskflow_api_virtualenv.py
[2024-10-08T08:15:00.775+0000] {processor.py:914} INFO - Processing file /root/miniconda3/envs/project/lib/python3.8/site-packages/airflow/example_dags/tutorial_taskflow_api_virtualenv.py for tasks to queue
[2024-10-08T08:15:00.779+0000] {logging_mixin.py:190} INFO - [2024-10-08T08:15:00.779+0000] {dagbag.py:588} INFO - Filling up the DagBag from /root/miniconda3/envs/project/lib/python3.8/site-packages/airflow/example_dags/tutorial_taskflow_api_virtualenv.py
[2024-10-08T08:15:00.784+0000] {logging_mixin.py:190} INFO - [2024-10-08T08:15:00.783+0000] {tutorial_taskflow_api_virtualenv.py:29} WARNING - The tutorial_taskflow_api_virtualenv example DAG requires virtualenv, please install it.
[2024-10-08T08:15:00.784+0000] {processor.py:927} WARNING - No viable dags retrieved from /root/miniconda3/envs/project/lib/python3.8/site-packages/airflow/example_dags/tutorial_taskflow_api_virtualenv.py
[2024-10-08T08:15:00.801+0000] {processor.py:208} INFO - Processing /root/miniconda3/envs/project/lib/python3.8/site-packages/airflow/example_dags/tutorial_taskflow_api_virtualenv.py took 0.042 seconds
[2024-10-08T08:16:07.970+0000] {processor.py:186} INFO - Started process (PID=211691) to work on /root/miniconda3/envs/project/lib/python3.8/site-packages/airflow/example_dags/tutorial_taskflow_api_virtualenv.py
[2024-10-08T08:16:07.973+0000] {processor.py:914} INFO - Processing file /root/miniconda3/envs/project/lib/python3.8/site-packages/airflow/example_dags/tutorial_taskflow_api_virtualenv.py for tasks to queue
[2024-10-08T08:16:07.981+0000] {logging_mixin.py:190} INFO - [2024-10-08T08:16:07.977+0000] {dagbag.py:588} INFO - Filling up the DagBag from /root/miniconda3/envs/project/lib/python3.8/site-packages/airflow/example_dags/tutorial_taskflow_api_virtualenv.py
[2024-10-08T08:16:07.989+0000] {logging_mixin.py:190} INFO - [2024-10-08T08:16:07.989+0000] {tutorial_taskflow_api_virtualenv.py:29} WARNING - The tutorial_taskflow_api_virtualenv example DAG requires virtualenv, please install it.
[2024-10-08T08:16:07.990+0000] {processor.py:927} WARNING - No viable dags retrieved from /root/miniconda3/envs/project/lib/python3.8/site-packages/airflow/example_dags/tutorial_taskflow_api_virtualenv.py
[2024-10-08T08:16:08.009+0000] {processor.py:208} INFO - Processing /root/miniconda3/envs/project/lib/python3.8/site-packages/airflow/example_dags/tutorial_taskflow_api_virtualenv.py took 0.052 seconds
[2024-10-08T08:17:18.591+0000] {processor.py:186} INFO - Started process (PID=211898) to work on /root/miniconda3/envs/project/lib/python3.8/site-packages/airflow/example_dags/tutorial_taskflow_api_virtualenv.py
[2024-10-08T08:17:18.594+0000] {processor.py:914} INFO - Processing file /root/miniconda3/envs/project/lib/python3.8/site-packages/airflow/example_dags/tutorial_taskflow_api_virtualenv.py for tasks to queue
[2024-10-08T08:17:18.598+0000] {logging_mixin.py:190} INFO - [2024-10-08T08:17:18.597+0000] {dagbag.py:588} INFO - Filling up the DagBag from /root/miniconda3/envs/project/lib/python3.8/site-packages/airflow/example_dags/tutorial_taskflow_api_virtualenv.py
[2024-10-08T08:17:18.602+0000] {logging_mixin.py:190} INFO - [2024-10-08T08:17:18.601+0000] {tutorial_taskflow_api_virtualenv.py:29} WARNING - The tutorial_taskflow_api_virtualenv example DAG requires virtualenv, please install it.
[2024-10-08T08:17:18.602+0000] {processor.py:927} WARNING - No viable dags retrieved from /root/miniconda3/envs/project/lib/python3.8/site-packages/airflow/example_dags/tutorial_taskflow_api_virtualenv.py
[2024-10-08T08:17:18.618+0000] {processor.py:208} INFO - Processing /root/miniconda3/envs/project/lib/python3.8/site-packages/airflow/example_dags/tutorial_taskflow_api_virtualenv.py took 0.038 seconds
[2024-10-08T08:18:28.183+0000] {processor.py:186} INFO - Started process (PID=212144) to work on /root/miniconda3/envs/project/lib/python3.8/site-packages/airflow/example_dags/tutorial_taskflow_api_virtualenv.py
[2024-10-08T08:18:28.186+0000] {processor.py:914} INFO - Processing file /root/miniconda3/envs/project/lib/python3.8/site-packages/airflow/example_dags/tutorial_taskflow_api_virtualenv.py for tasks to queue
[2024-10-08T08:18:28.190+0000] {logging_mixin.py:190} INFO - [2024-10-08T08:18:28.189+0000] {dagbag.py:588} INFO - Filling up the DagBag from /root/miniconda3/envs/project/lib/python3.8/site-packages/airflow/example_dags/tutorial_taskflow_api_virtualenv.py
[2024-10-08T08:18:28.194+0000] {logging_mixin.py:190} INFO - [2024-10-08T08:18:28.193+0000] {tutorial_taskflow_api_virtualenv.py:29} WARNING - The tutorial_taskflow_api_virtualenv example DAG requires virtualenv, please install it.
[2024-10-08T08:18:28.194+0000] {processor.py:927} WARNING - No viable dags retrieved from /root/miniconda3/envs/project/lib/python3.8/site-packages/airflow/example_dags/tutorial_taskflow_api_virtualenv.py
[2024-10-08T08:18:28.210+0000] {processor.py:208} INFO - Processing /root/miniconda3/envs/project/lib/python3.8/site-packages/airflow/example_dags/tutorial_taskflow_api_virtualenv.py took 0.036 seconds
[2024-10-08T08:19:38.006+0000] {processor.py:186} INFO - Started process (PID=212391) to work on /root/miniconda3/envs/project/lib/python3.8/site-packages/airflow/example_dags/tutorial_taskflow_api_virtualenv.py
[2024-10-08T08:19:38.009+0000] {processor.py:914} INFO - Processing file /root/miniconda3/envs/project/lib/python3.8/site-packages/airflow/example_dags/tutorial_taskflow_api_virtualenv.py for tasks to queue
[2024-10-08T08:19:38.013+0000] {logging_mixin.py:190} INFO - [2024-10-08T08:19:38.013+0000] {dagbag.py:588} INFO - Filling up the DagBag from /root/miniconda3/envs/project/lib/python3.8/site-packages/airflow/example_dags/tutorial_taskflow_api_virtualenv.py
[2024-10-08T08:19:38.018+0000] {logging_mixin.py:190} INFO - [2024-10-08T08:19:38.018+0000] {tutorial_taskflow_api_virtualenv.py:29} WARNING - The tutorial_taskflow_api_virtualenv example DAG requires virtualenv, please install it.
[2024-10-08T08:19:38.018+0000] {processor.py:927} WARNING - No viable dags retrieved from /root/miniconda3/envs/project/lib/python3.8/site-packages/airflow/example_dags/tutorial_taskflow_api_virtualenv.py
[2024-10-08T08:19:38.034+0000] {processor.py:208} INFO - Processing /root/miniconda3/envs/project/lib/python3.8/site-packages/airflow/example_dags/tutorial_taskflow_api_virtualenv.py took 0.039 seconds
[2024-10-08T08:20:45.166+0000] {processor.py:186} INFO - Started process (PID=212577) to work on /root/miniconda3/envs/project/lib/python3.8/site-packages/airflow/example_dags/tutorial_taskflow_api_virtualenv.py
[2024-10-08T08:20:45.169+0000] {processor.py:914} INFO - Processing file /root/miniconda3/envs/project/lib/python3.8/site-packages/airflow/example_dags/tutorial_taskflow_api_virtualenv.py for tasks to queue
[2024-10-08T08:20:45.173+0000] {logging_mixin.py:190} INFO - [2024-10-08T08:20:45.172+0000] {dagbag.py:588} INFO - Filling up the DagBag from /root/miniconda3/envs/project/lib/python3.8/site-packages/airflow/example_dags/tutorial_taskflow_api_virtualenv.py
[2024-10-08T08:20:45.177+0000] {logging_mixin.py:190} INFO - [2024-10-08T08:20:45.176+0000] {tutorial_taskflow_api_virtualenv.py:29} WARNING - The tutorial_taskflow_api_virtualenv example DAG requires virtualenv, please install it.
[2024-10-08T08:20:45.177+0000] {processor.py:927} WARNING - No viable dags retrieved from /root/miniconda3/envs/project/lib/python3.8/site-packages/airflow/example_dags/tutorial_taskflow_api_virtualenv.py
[2024-10-08T08:20:45.197+0000] {processor.py:208} INFO - Processing /root/miniconda3/envs/project/lib/python3.8/site-packages/airflow/example_dags/tutorial_taskflow_api_virtualenv.py took 0.042 seconds
[2024-10-08T08:21:56.458+0000] {processor.py:186} INFO - Started process (PID=212786) to work on /root/miniconda3/envs/project/lib/python3.8/site-packages/airflow/example_dags/tutorial_taskflow_api_virtualenv.py
[2024-10-08T08:21:56.460+0000] {processor.py:914} INFO - Processing file /root/miniconda3/envs/project/lib/python3.8/site-packages/airflow/example_dags/tutorial_taskflow_api_virtualenv.py for tasks to queue
[2024-10-08T08:21:56.463+0000] {logging_mixin.py:190} INFO - [2024-10-08T08:21:56.463+0000] {dagbag.py:588} INFO - Filling up the DagBag from /root/miniconda3/envs/project/lib/python3.8/site-packages/airflow/example_dags/tutorial_taskflow_api_virtualenv.py
[2024-10-08T08:21:56.467+0000] {logging_mixin.py:190} INFO - [2024-10-08T08:21:56.467+0000] {tutorial_taskflow_api_virtualenv.py:29} WARNING - The tutorial_taskflow_api_virtualenv example DAG requires virtualenv, please install it.
[2024-10-08T08:21:56.468+0000] {processor.py:927} WARNING - No viable dags retrieved from /root/miniconda3/envs/project/lib/python3.8/site-packages/airflow/example_dags/tutorial_taskflow_api_virtualenv.py
[2024-10-08T08:21:56.496+0000] {processor.py:208} INFO - Processing /root/miniconda3/envs/project/lib/python3.8/site-packages/airflow/example_dags/tutorial_taskflow_api_virtualenv.py took 0.048 seconds
[2024-10-08T08:23:04.507+0000] {processor.py:186} INFO - Started process (PID=213031) to work on /root/miniconda3/envs/project/lib/python3.8/site-packages/airflow/example_dags/tutorial_taskflow_api_virtualenv.py
[2024-10-08T08:23:04.509+0000] {processor.py:914} INFO - Processing file /root/miniconda3/envs/project/lib/python3.8/site-packages/airflow/example_dags/tutorial_taskflow_api_virtualenv.py for tasks to queue
[2024-10-08T08:23:04.513+0000] {logging_mixin.py:190} INFO - [2024-10-08T08:23:04.512+0000] {dagbag.py:588} INFO - Filling up the DagBag from /root/miniconda3/envs/project/lib/python3.8/site-packages/airflow/example_dags/tutorial_taskflow_api_virtualenv.py
[2024-10-08T08:23:04.517+0000] {logging_mixin.py:190} INFO - [2024-10-08T08:23:04.517+0000] {tutorial_taskflow_api_virtualenv.py:29} WARNING - The tutorial_taskflow_api_virtualenv example DAG requires virtualenv, please install it.
[2024-10-08T08:23:04.518+0000] {processor.py:927} WARNING - No viable dags retrieved from /root/miniconda3/envs/project/lib/python3.8/site-packages/airflow/example_dags/tutorial_taskflow_api_virtualenv.py
[2024-10-08T08:23:04.535+0000] {processor.py:208} INFO - Processing /root/miniconda3/envs/project/lib/python3.8/site-packages/airflow/example_dags/tutorial_taskflow_api_virtualenv.py took 0.038 seconds
[2024-10-08T08:24:08.726+0000] {processor.py:186} INFO - Started process (PID=213219) to work on /root/miniconda3/envs/project/lib/python3.8/site-packages/airflow/example_dags/tutorial_taskflow_api_virtualenv.py
[2024-10-08T08:24:08.729+0000] {processor.py:914} INFO - Processing file /root/miniconda3/envs/project/lib/python3.8/site-packages/airflow/example_dags/tutorial_taskflow_api_virtualenv.py for tasks to queue
[2024-10-08T08:24:08.732+0000] {logging_mixin.py:190} INFO - [2024-10-08T08:24:08.732+0000] {dagbag.py:588} INFO - Filling up the DagBag from /root/miniconda3/envs/project/lib/python3.8/site-packages/airflow/example_dags/tutorial_taskflow_api_virtualenv.py
[2024-10-08T08:24:08.737+0000] {logging_mixin.py:190} INFO - [2024-10-08T08:24:08.736+0000] {tutorial_taskflow_api_virtualenv.py:29} WARNING - The tutorial_taskflow_api_virtualenv example DAG requires virtualenv, please install it.
[2024-10-08T08:24:08.737+0000] {processor.py:927} WARNING - No viable dags retrieved from /root/miniconda3/envs/project/lib/python3.8/site-packages/airflow/example_dags/tutorial_taskflow_api_virtualenv.py
[2024-10-08T08:24:08.755+0000] {processor.py:208} INFO - Processing /root/miniconda3/envs/project/lib/python3.8/site-packages/airflow/example_dags/tutorial_taskflow_api_virtualenv.py took 0.041 seconds
[2024-10-08T08:36:56.697+0000] {processor.py:186} INFO - Started process (PID=214801) to work on /root/miniconda3/envs/project/lib/python3.8/site-packages/airflow/example_dags/tutorial_taskflow_api_virtualenv.py
[2024-10-08T08:36:56.700+0000] {processor.py:914} INFO - Processing file /root/miniconda3/envs/project/lib/python3.8/site-packages/airflow/example_dags/tutorial_taskflow_api_virtualenv.py for tasks to queue
[2024-10-08T08:36:56.703+0000] {logging_mixin.py:190} INFO - [2024-10-08T08:36:56.703+0000] {dagbag.py:588} INFO - Filling up the DagBag from /root/miniconda3/envs/project/lib/python3.8/site-packages/airflow/example_dags/tutorial_taskflow_api_virtualenv.py
[2024-10-08T08:36:56.707+0000] {logging_mixin.py:190} INFO - [2024-10-08T08:36:56.707+0000] {tutorial_taskflow_api_virtualenv.py:29} WARNING - The tutorial_taskflow_api_virtualenv example DAG requires virtualenv, please install it.
[2024-10-08T08:36:56.708+0000] {processor.py:927} WARNING - No viable dags retrieved from /root/miniconda3/envs/project/lib/python3.8/site-packages/airflow/example_dags/tutorial_taskflow_api_virtualenv.py
[2024-10-08T08:36:56.724+0000] {processor.py:208} INFO - Processing /root/miniconda3/envs/project/lib/python3.8/site-packages/airflow/example_dags/tutorial_taskflow_api_virtualenv.py took 0.039 seconds
[2024-10-08T08:38:06.417+0000] {processor.py:186} INFO - Started process (PID=215191) to work on /root/miniconda3/envs/project/lib/python3.8/site-packages/airflow/example_dags/tutorial_taskflow_api_virtualenv.py
[2024-10-08T08:38:06.420+0000] {processor.py:914} INFO - Processing file /root/miniconda3/envs/project/lib/python3.8/site-packages/airflow/example_dags/tutorial_taskflow_api_virtualenv.py for tasks to queue
[2024-10-08T08:38:06.424+0000] {logging_mixin.py:190} INFO - [2024-10-08T08:38:06.423+0000] {dagbag.py:588} INFO - Filling up the DagBag from /root/miniconda3/envs/project/lib/python3.8/site-packages/airflow/example_dags/tutorial_taskflow_api_virtualenv.py
[2024-10-08T08:38:06.428+0000] {logging_mixin.py:190} INFO - [2024-10-08T08:38:06.427+0000] {tutorial_taskflow_api_virtualenv.py:29} WARNING - The tutorial_taskflow_api_virtualenv example DAG requires virtualenv, please install it.
[2024-10-08T08:38:06.428+0000] {processor.py:927} WARNING - No viable dags retrieved from /root/miniconda3/envs/project/lib/python3.8/site-packages/airflow/example_dags/tutorial_taskflow_api_virtualenv.py
[2024-10-08T08:38:06.444+0000] {processor.py:208} INFO - Processing /root/miniconda3/envs/project/lib/python3.8/site-packages/airflow/example_dags/tutorial_taskflow_api_virtualenv.py took 0.038 seconds
[2024-10-08T08:39:15.079+0000] {processor.py:186} INFO - Started process (PID=215597) to work on /root/miniconda3/envs/project/lib/python3.8/site-packages/airflow/example_dags/tutorial_taskflow_api_virtualenv.py
[2024-10-08T08:39:15.082+0000] {processor.py:914} INFO - Processing file /root/miniconda3/envs/project/lib/python3.8/site-packages/airflow/example_dags/tutorial_taskflow_api_virtualenv.py for tasks to queue
[2024-10-08T08:39:15.089+0000] {logging_mixin.py:190} INFO - [2024-10-08T08:39:15.088+0000] {dagbag.py:588} INFO - Filling up the DagBag from /root/miniconda3/envs/project/lib/python3.8/site-packages/airflow/example_dags/tutorial_taskflow_api_virtualenv.py
[2024-10-08T08:39:15.096+0000] {logging_mixin.py:190} INFO - [2024-10-08T08:39:15.096+0000] {tutorial_taskflow_api_virtualenv.py:29} WARNING - The tutorial_taskflow_api_virtualenv example DAG requires virtualenv, please install it.
[2024-10-08T08:39:15.096+0000] {processor.py:927} WARNING - No viable dags retrieved from /root/miniconda3/envs/project/lib/python3.8/site-packages/airflow/example_dags/tutorial_taskflow_api_virtualenv.py
[2024-10-08T08:39:15.113+0000] {processor.py:208} INFO - Processing /root/miniconda3/envs/project/lib/python3.8/site-packages/airflow/example_dags/tutorial_taskflow_api_virtualenv.py took 0.046 seconds
[2024-10-08T08:40:26.209+0000] {processor.py:186} INFO - Started process (PID=215883) to work on /root/miniconda3/envs/project/lib/python3.8/site-packages/airflow/example_dags/tutorial_taskflow_api_virtualenv.py
[2024-10-08T08:40:26.212+0000] {processor.py:914} INFO - Processing file /root/miniconda3/envs/project/lib/python3.8/site-packages/airflow/example_dags/tutorial_taskflow_api_virtualenv.py for tasks to queue
[2024-10-08T08:40:26.216+0000] {logging_mixin.py:190} INFO - [2024-10-08T08:40:26.215+0000] {dagbag.py:588} INFO - Filling up the DagBag from /root/miniconda3/envs/project/lib/python3.8/site-packages/airflow/example_dags/tutorial_taskflow_api_virtualenv.py
[2024-10-08T08:40:26.220+0000] {logging_mixin.py:190} INFO - [2024-10-08T08:40:26.220+0000] {tutorial_taskflow_api_virtualenv.py:29} WARNING - The tutorial_taskflow_api_virtualenv example DAG requires virtualenv, please install it.
[2024-10-08T08:40:26.220+0000] {processor.py:927} WARNING - No viable dags retrieved from /root/miniconda3/envs/project/lib/python3.8/site-packages/airflow/example_dags/tutorial_taskflow_api_virtualenv.py
[2024-10-08T08:40:26.237+0000] {processor.py:208} INFO - Processing /root/miniconda3/envs/project/lib/python3.8/site-packages/airflow/example_dags/tutorial_taskflow_api_virtualenv.py took 0.039 seconds
[2024-10-08T08:41:34.139+0000] {processor.py:186} INFO - Started process (PID=216299) to work on /root/miniconda3/envs/project/lib/python3.8/site-packages/airflow/example_dags/tutorial_taskflow_api_virtualenv.py
[2024-10-08T08:41:34.142+0000] {processor.py:914} INFO - Processing file /root/miniconda3/envs/project/lib/python3.8/site-packages/airflow/example_dags/tutorial_taskflow_api_virtualenv.py for tasks to queue
[2024-10-08T08:41:34.146+0000] {logging_mixin.py:190} INFO - [2024-10-08T08:41:34.146+0000] {dagbag.py:588} INFO - Filling up the DagBag from /root/miniconda3/envs/project/lib/python3.8/site-packages/airflow/example_dags/tutorial_taskflow_api_virtualenv.py
[2024-10-08T08:41:34.150+0000] {logging_mixin.py:190} INFO - [2024-10-08T08:41:34.150+0000] {tutorial_taskflow_api_virtualenv.py:29} WARNING - The tutorial_taskflow_api_virtualenv example DAG requires virtualenv, please install it.
[2024-10-08T08:41:34.151+0000] {processor.py:927} WARNING - No viable dags retrieved from /root/miniconda3/envs/project/lib/python3.8/site-packages/airflow/example_dags/tutorial_taskflow_api_virtualenv.py
[2024-10-08T08:41:34.168+0000] {processor.py:208} INFO - Processing /root/miniconda3/envs/project/lib/python3.8/site-packages/airflow/example_dags/tutorial_taskflow_api_virtualenv.py took 0.041 seconds
[2024-10-08T08:42:40.945+0000] {processor.py:186} INFO - Started process (PID=216685) to work on /root/miniconda3/envs/project/lib/python3.8/site-packages/airflow/example_dags/tutorial_taskflow_api_virtualenv.py
[2024-10-08T08:42:40.948+0000] {processor.py:914} INFO - Processing file /root/miniconda3/envs/project/lib/python3.8/site-packages/airflow/example_dags/tutorial_taskflow_api_virtualenv.py for tasks to queue
[2024-10-08T08:42:40.952+0000] {logging_mixin.py:190} INFO - [2024-10-08T08:42:40.952+0000] {dagbag.py:588} INFO - Filling up the DagBag from /root/miniconda3/envs/project/lib/python3.8/site-packages/airflow/example_dags/tutorial_taskflow_api_virtualenv.py
[2024-10-08T08:42:40.957+0000] {logging_mixin.py:190} INFO - [2024-10-08T08:42:40.956+0000] {tutorial_taskflow_api_virtualenv.py:29} WARNING - The tutorial_taskflow_api_virtualenv example DAG requires virtualenv, please install it.
[2024-10-08T08:42:40.957+0000] {processor.py:927} WARNING - No viable dags retrieved from /root/miniconda3/envs/project/lib/python3.8/site-packages/airflow/example_dags/tutorial_taskflow_api_virtualenv.py
[2024-10-08T08:42:40.976+0000] {processor.py:208} INFO - Processing /root/miniconda3/envs/project/lib/python3.8/site-packages/airflow/example_dags/tutorial_taskflow_api_virtualenv.py took 0.043 seconds
[2024-10-08T08:43:47.869+0000] {processor.py:186} INFO - Started process (PID=216903) to work on /root/miniconda3/envs/project/lib/python3.8/site-packages/airflow/example_dags/tutorial_taskflow_api_virtualenv.py
[2024-10-08T08:43:47.872+0000] {processor.py:914} INFO - Processing file /root/miniconda3/envs/project/lib/python3.8/site-packages/airflow/example_dags/tutorial_taskflow_api_virtualenv.py for tasks to queue
[2024-10-08T08:43:47.877+0000] {logging_mixin.py:190} INFO - [2024-10-08T08:43:47.876+0000] {dagbag.py:588} INFO - Filling up the DagBag from /root/miniconda3/envs/project/lib/python3.8/site-packages/airflow/example_dags/tutorial_taskflow_api_virtualenv.py
[2024-10-08T08:43:47.883+0000] {logging_mixin.py:190} INFO - [2024-10-08T08:43:47.882+0000] {tutorial_taskflow_api_virtualenv.py:29} WARNING - The tutorial_taskflow_api_virtualenv example DAG requires virtualenv, please install it.
[2024-10-08T08:43:47.883+0000] {processor.py:927} WARNING - No viable dags retrieved from /root/miniconda3/envs/project/lib/python3.8/site-packages/airflow/example_dags/tutorial_taskflow_api_virtualenv.py
[2024-10-08T08:43:47.905+0000] {processor.py:208} INFO - Processing /root/miniconda3/envs/project/lib/python3.8/site-packages/airflow/example_dags/tutorial_taskflow_api_virtualenv.py took 0.050 seconds
[2024-10-08T08:44:59.052+0000] {processor.py:186} INFO - Started process (PID=217129) to work on /root/miniconda3/envs/project/lib/python3.8/site-packages/airflow/example_dags/tutorial_taskflow_api_virtualenv.py
[2024-10-08T08:44:59.055+0000] {processor.py:914} INFO - Processing file /root/miniconda3/envs/project/lib/python3.8/site-packages/airflow/example_dags/tutorial_taskflow_api_virtualenv.py for tasks to queue
[2024-10-08T08:44:59.059+0000] {logging_mixin.py:190} INFO - [2024-10-08T08:44:59.058+0000] {dagbag.py:588} INFO - Filling up the DagBag from /root/miniconda3/envs/project/lib/python3.8/site-packages/airflow/example_dags/tutorial_taskflow_api_virtualenv.py
[2024-10-08T08:44:59.063+0000] {logging_mixin.py:190} INFO - [2024-10-08T08:44:59.063+0000] {tutorial_taskflow_api_virtualenv.py:29} WARNING - The tutorial_taskflow_api_virtualenv example DAG requires virtualenv, please install it.
[2024-10-08T08:44:59.063+0000] {processor.py:927} WARNING - No viable dags retrieved from /root/miniconda3/envs/project/lib/python3.8/site-packages/airflow/example_dags/tutorial_taskflow_api_virtualenv.py
[2024-10-08T08:44:59.079+0000] {processor.py:208} INFO - Processing /root/miniconda3/envs/project/lib/python3.8/site-packages/airflow/example_dags/tutorial_taskflow_api_virtualenv.py took 0.039 seconds
[2024-10-08T08:46:13.375+0000] {processor.py:186} INFO - Started process (PID=217357) to work on /root/miniconda3/envs/project/lib/python3.8/site-packages/airflow/example_dags/tutorial_taskflow_api_virtualenv.py
[2024-10-08T08:46:13.378+0000] {processor.py:914} INFO - Processing file /root/miniconda3/envs/project/lib/python3.8/site-packages/airflow/example_dags/tutorial_taskflow_api_virtualenv.py for tasks to queue
[2024-10-08T08:46:13.382+0000] {logging_mixin.py:190} INFO - [2024-10-08T08:46:13.382+0000] {dagbag.py:588} INFO - Filling up the DagBag from /root/miniconda3/envs/project/lib/python3.8/site-packages/airflow/example_dags/tutorial_taskflow_api_virtualenv.py
[2024-10-08T08:46:13.387+0000] {logging_mixin.py:190} INFO - [2024-10-08T08:46:13.386+0000] {tutorial_taskflow_api_virtualenv.py:29} WARNING - The tutorial_taskflow_api_virtualenv example DAG requires virtualenv, please install it.
[2024-10-08T08:46:13.387+0000] {processor.py:927} WARNING - No viable dags retrieved from /root/miniconda3/envs/project/lib/python3.8/site-packages/airflow/example_dags/tutorial_taskflow_api_virtualenv.py
[2024-10-08T08:46:13.404+0000] {processor.py:208} INFO - Processing /root/miniconda3/envs/project/lib/python3.8/site-packages/airflow/example_dags/tutorial_taskflow_api_virtualenv.py took 0.041 seconds
[2024-10-08T08:47:24.878+0000] {processor.py:186} INFO - Started process (PID=217781) to work on /root/miniconda3/envs/project/lib/python3.8/site-packages/airflow/example_dags/tutorial_taskflow_api_virtualenv.py
[2024-10-08T08:47:24.881+0000] {processor.py:914} INFO - Processing file /root/miniconda3/envs/project/lib/python3.8/site-packages/airflow/example_dags/tutorial_taskflow_api_virtualenv.py for tasks to queue
[2024-10-08T08:47:24.885+0000] {logging_mixin.py:190} INFO - [2024-10-08T08:47:24.884+0000] {dagbag.py:588} INFO - Filling up the DagBag from /root/miniconda3/envs/project/lib/python3.8/site-packages/airflow/example_dags/tutorial_taskflow_api_virtualenv.py
[2024-10-08T08:47:24.889+0000] {logging_mixin.py:190} INFO - [2024-10-08T08:47:24.889+0000] {tutorial_taskflow_api_virtualenv.py:29} WARNING - The tutorial_taskflow_api_virtualenv example DAG requires virtualenv, please install it.
[2024-10-08T08:47:24.889+0000] {processor.py:927} WARNING - No viable dags retrieved from /root/miniconda3/envs/project/lib/python3.8/site-packages/airflow/example_dags/tutorial_taskflow_api_virtualenv.py
[2024-10-08T08:47:24.905+0000] {processor.py:208} INFO - Processing /root/miniconda3/envs/project/lib/python3.8/site-packages/airflow/example_dags/tutorial_taskflow_api_virtualenv.py took 0.039 seconds
[2024-10-08T08:48:39.317+0000] {processor.py:186} INFO - Started process (PID=218070) to work on /root/miniconda3/envs/project/lib/python3.8/site-packages/airflow/example_dags/tutorial_taskflow_api_virtualenv.py
[2024-10-08T08:48:39.320+0000] {processor.py:914} INFO - Processing file /root/miniconda3/envs/project/lib/python3.8/site-packages/airflow/example_dags/tutorial_taskflow_api_virtualenv.py for tasks to queue
[2024-10-08T08:48:39.324+0000] {logging_mixin.py:190} INFO - [2024-10-08T08:48:39.324+0000] {dagbag.py:588} INFO - Filling up the DagBag from /root/miniconda3/envs/project/lib/python3.8/site-packages/airflow/example_dags/tutorial_taskflow_api_virtualenv.py
[2024-10-08T08:48:39.328+0000] {logging_mixin.py:190} INFO - [2024-10-08T08:48:39.328+0000] {tutorial_taskflow_api_virtualenv.py:29} WARNING - The tutorial_taskflow_api_virtualenv example DAG requires virtualenv, please install it.
[2024-10-08T08:48:39.329+0000] {processor.py:927} WARNING - No viable dags retrieved from /root/miniconda3/envs/project/lib/python3.8/site-packages/airflow/example_dags/tutorial_taskflow_api_virtualenv.py
[2024-10-08T08:48:39.344+0000] {processor.py:208} INFO - Processing /root/miniconda3/envs/project/lib/python3.8/site-packages/airflow/example_dags/tutorial_taskflow_api_virtualenv.py took 0.038 seconds
[2024-10-08T08:49:48.564+0000] {processor.py:186} INFO - Started process (PID=218292) to work on /root/miniconda3/envs/project/lib/python3.8/site-packages/airflow/example_dags/tutorial_taskflow_api_virtualenv.py
[2024-10-08T08:49:48.567+0000] {processor.py:914} INFO - Processing file /root/miniconda3/envs/project/lib/python3.8/site-packages/airflow/example_dags/tutorial_taskflow_api_virtualenv.py for tasks to queue
[2024-10-08T08:49:48.571+0000] {logging_mixin.py:190} INFO - [2024-10-08T08:49:48.571+0000] {dagbag.py:588} INFO - Filling up the DagBag from /root/miniconda3/envs/project/lib/python3.8/site-packages/airflow/example_dags/tutorial_taskflow_api_virtualenv.py
[2024-10-08T08:49:48.576+0000] {logging_mixin.py:190} INFO - [2024-10-08T08:49:48.575+0000] {tutorial_taskflow_api_virtualenv.py:29} WARNING - The tutorial_taskflow_api_virtualenv example DAG requires virtualenv, please install it.
[2024-10-08T08:49:48.576+0000] {processor.py:927} WARNING - No viable dags retrieved from /root/miniconda3/envs/project/lib/python3.8/site-packages/airflow/example_dags/tutorial_taskflow_api_virtualenv.py
[2024-10-08T08:49:48.593+0000] {processor.py:208} INFO - Processing /root/miniconda3/envs/project/lib/python3.8/site-packages/airflow/example_dags/tutorial_taskflow_api_virtualenv.py took 0.040 seconds
[2024-10-08T08:50:58.325+0000] {processor.py:186} INFO - Started process (PID=218635) to work on /root/miniconda3/envs/project/lib/python3.8/site-packages/airflow/example_dags/tutorial_taskflow_api_virtualenv.py
[2024-10-08T08:50:58.328+0000] {processor.py:914} INFO - Processing file /root/miniconda3/envs/project/lib/python3.8/site-packages/airflow/example_dags/tutorial_taskflow_api_virtualenv.py for tasks to queue
[2024-10-08T08:50:58.333+0000] {logging_mixin.py:190} INFO - [2024-10-08T08:50:58.332+0000] {dagbag.py:588} INFO - Filling up the DagBag from /root/miniconda3/envs/project/lib/python3.8/site-packages/airflow/example_dags/tutorial_taskflow_api_virtualenv.py
[2024-10-08T08:50:58.337+0000] {logging_mixin.py:190} INFO - [2024-10-08T08:50:58.337+0000] {tutorial_taskflow_api_virtualenv.py:29} WARNING - The tutorial_taskflow_api_virtualenv example DAG requires virtualenv, please install it.
[2024-10-08T08:50:58.338+0000] {processor.py:927} WARNING - No viable dags retrieved from /root/miniconda3/envs/project/lib/python3.8/site-packages/airflow/example_dags/tutorial_taskflow_api_virtualenv.py
[2024-10-08T08:50:58.354+0000] {processor.py:208} INFO - Processing /root/miniconda3/envs/project/lib/python3.8/site-packages/airflow/example_dags/tutorial_taskflow_api_virtualenv.py took 0.040 seconds
[2024-10-08T09:03:23.139+0000] {processor.py:186} INFO - Started process (PID=219432) to work on /root/miniconda3/envs/project/lib/python3.8/site-packages/airflow/example_dags/tutorial_taskflow_api_virtualenv.py
[2024-10-08T09:03:23.142+0000] {processor.py:914} INFO - Processing file /root/miniconda3/envs/project/lib/python3.8/site-packages/airflow/example_dags/tutorial_taskflow_api_virtualenv.py for tasks to queue
[2024-10-08T09:03:23.145+0000] {logging_mixin.py:190} INFO - [2024-10-08T09:03:23.145+0000] {dagbag.py:588} INFO - Filling up the DagBag from /root/miniconda3/envs/project/lib/python3.8/site-packages/airflow/example_dags/tutorial_taskflow_api_virtualenv.py
[2024-10-08T09:03:23.149+0000] {logging_mixin.py:190} INFO - [2024-10-08T09:03:23.149+0000] {tutorial_taskflow_api_virtualenv.py:29} WARNING - The tutorial_taskflow_api_virtualenv example DAG requires virtualenv, please install it.
[2024-10-08T09:03:23.150+0000] {processor.py:927} WARNING - No viable dags retrieved from /root/miniconda3/envs/project/lib/python3.8/site-packages/airflow/example_dags/tutorial_taskflow_api_virtualenv.py
[2024-10-08T09:03:23.166+0000] {processor.py:208} INFO - Processing /root/miniconda3/envs/project/lib/python3.8/site-packages/airflow/example_dags/tutorial_taskflow_api_virtualenv.py took 0.039 seconds
[2024-10-08T09:05:03.947+0000] {processor.py:186} INFO - Started process (PID=219986) to work on /root/miniconda3/envs/project/lib/python3.8/site-packages/airflow/example_dags/tutorial_taskflow_api_virtualenv.py
[2024-10-08T09:05:03.950+0000] {processor.py:914} INFO - Processing file /root/miniconda3/envs/project/lib/python3.8/site-packages/airflow/example_dags/tutorial_taskflow_api_virtualenv.py for tasks to queue
[2024-10-08T09:05:03.954+0000] {logging_mixin.py:190} INFO - [2024-10-08T09:05:03.953+0000] {dagbag.py:588} INFO - Filling up the DagBag from /root/miniconda3/envs/project/lib/python3.8/site-packages/airflow/example_dags/tutorial_taskflow_api_virtualenv.py
[2024-10-08T09:05:03.958+0000] {logging_mixin.py:190} INFO - [2024-10-08T09:05:03.958+0000] {tutorial_taskflow_api_virtualenv.py:29} WARNING - The tutorial_taskflow_api_virtualenv example DAG requires virtualenv, please install it.
[2024-10-08T09:05:03.959+0000] {processor.py:927} WARNING - No viable dags retrieved from /root/miniconda3/envs/project/lib/python3.8/site-packages/airflow/example_dags/tutorial_taskflow_api_virtualenv.py
[2024-10-08T09:05:03.976+0000] {processor.py:208} INFO - Processing /root/miniconda3/envs/project/lib/python3.8/site-packages/airflow/example_dags/tutorial_taskflow_api_virtualenv.py took 0.043 seconds
[2024-10-08T09:08:36.319+0000] {processor.py:186} INFO - Started process (PID=220772) to work on /root/miniconda3/envs/project/lib/python3.8/site-packages/airflow/example_dags/tutorial_taskflow_api_virtualenv.py
[2024-10-08T09:08:36.322+0000] {processor.py:914} INFO - Processing file /root/miniconda3/envs/project/lib/python3.8/site-packages/airflow/example_dags/tutorial_taskflow_api_virtualenv.py for tasks to queue
[2024-10-08T09:08:36.326+0000] {logging_mixin.py:190} INFO - [2024-10-08T09:08:36.325+0000] {dagbag.py:588} INFO - Filling up the DagBag from /root/miniconda3/envs/project/lib/python3.8/site-packages/airflow/example_dags/tutorial_taskflow_api_virtualenv.py
[2024-10-08T09:08:36.330+0000] {logging_mixin.py:190} INFO - [2024-10-08T09:08:36.330+0000] {tutorial_taskflow_api_virtualenv.py:29} WARNING - The tutorial_taskflow_api_virtualenv example DAG requires virtualenv, please install it.
[2024-10-08T09:08:36.330+0000] {processor.py:927} WARNING - No viable dags retrieved from /root/miniconda3/envs/project/lib/python3.8/site-packages/airflow/example_dags/tutorial_taskflow_api_virtualenv.py
[2024-10-08T09:08:36.347+0000] {processor.py:208} INFO - Processing /root/miniconda3/envs/project/lib/python3.8/site-packages/airflow/example_dags/tutorial_taskflow_api_virtualenv.py took 0.041 seconds
[2024-10-08T09:10:03.659+0000] {processor.py:186} INFO - Started process (PID=221364) to work on /root/miniconda3/envs/project/lib/python3.8/site-packages/airflow/example_dags/tutorial_taskflow_api_virtualenv.py
[2024-10-08T09:10:03.662+0000] {processor.py:914} INFO - Processing file /root/miniconda3/envs/project/lib/python3.8/site-packages/airflow/example_dags/tutorial_taskflow_api_virtualenv.py for tasks to queue
[2024-10-08T09:10:03.665+0000] {logging_mixin.py:190} INFO - [2024-10-08T09:10:03.665+0000] {dagbag.py:588} INFO - Filling up the DagBag from /root/miniconda3/envs/project/lib/python3.8/site-packages/airflow/example_dags/tutorial_taskflow_api_virtualenv.py
[2024-10-08T09:10:03.670+0000] {logging_mixin.py:190} INFO - [2024-10-08T09:10:03.669+0000] {tutorial_taskflow_api_virtualenv.py:29} WARNING - The tutorial_taskflow_api_virtualenv example DAG requires virtualenv, please install it.
[2024-10-08T09:10:03.670+0000] {processor.py:927} WARNING - No viable dags retrieved from /root/miniconda3/envs/project/lib/python3.8/site-packages/airflow/example_dags/tutorial_taskflow_api_virtualenv.py
[2024-10-08T09:10:03.686+0000] {processor.py:208} INFO - Processing /root/miniconda3/envs/project/lib/python3.8/site-packages/airflow/example_dags/tutorial_taskflow_api_virtualenv.py took 0.037 seconds
[2024-10-08T09:11:13.681+0000] {processor.py:186} INFO - Started process (PID=221698) to work on /root/miniconda3/envs/project/lib/python3.8/site-packages/airflow/example_dags/tutorial_taskflow_api_virtualenv.py
[2024-10-08T09:11:13.684+0000] {processor.py:914} INFO - Processing file /root/miniconda3/envs/project/lib/python3.8/site-packages/airflow/example_dags/tutorial_taskflow_api_virtualenv.py for tasks to queue
[2024-10-08T09:11:13.687+0000] {logging_mixin.py:190} INFO - [2024-10-08T09:11:13.687+0000] {dagbag.py:588} INFO - Filling up the DagBag from /root/miniconda3/envs/project/lib/python3.8/site-packages/airflow/example_dags/tutorial_taskflow_api_virtualenv.py
[2024-10-08T09:11:13.691+0000] {logging_mixin.py:190} INFO - [2024-10-08T09:11:13.691+0000] {tutorial_taskflow_api_virtualenv.py:29} WARNING - The tutorial_taskflow_api_virtualenv example DAG requires virtualenv, please install it.
[2024-10-08T09:11:13.692+0000] {processor.py:927} WARNING - No viable dags retrieved from /root/miniconda3/envs/project/lib/python3.8/site-packages/airflow/example_dags/tutorial_taskflow_api_virtualenv.py
[2024-10-08T09:11:13.708+0000] {processor.py:208} INFO - Processing /root/miniconda3/envs/project/lib/python3.8/site-packages/airflow/example_dags/tutorial_taskflow_api_virtualenv.py took 0.037 seconds
[2024-10-08T09:12:15.303+0000] {processor.py:186} INFO - Started process (PID=222023) to work on /root/miniconda3/envs/project/lib/python3.8/site-packages/airflow/example_dags/tutorial_taskflow_api_virtualenv.py
[2024-10-08T09:12:15.306+0000] {processor.py:914} INFO - Processing file /root/miniconda3/envs/project/lib/python3.8/site-packages/airflow/example_dags/tutorial_taskflow_api_virtualenv.py for tasks to queue
[2024-10-08T09:12:15.310+0000] {logging_mixin.py:190} INFO - [2024-10-08T09:12:15.309+0000] {dagbag.py:588} INFO - Filling up the DagBag from /root/miniconda3/envs/project/lib/python3.8/site-packages/airflow/example_dags/tutorial_taskflow_api_virtualenv.py
[2024-10-08T09:12:15.314+0000] {logging_mixin.py:190} INFO - [2024-10-08T09:12:15.314+0000] {tutorial_taskflow_api_virtualenv.py:29} WARNING - The tutorial_taskflow_api_virtualenv example DAG requires virtualenv, please install it.
[2024-10-08T09:12:15.314+0000] {processor.py:927} WARNING - No viable dags retrieved from /root/miniconda3/envs/project/lib/python3.8/site-packages/airflow/example_dags/tutorial_taskflow_api_virtualenv.py
[2024-10-08T09:12:15.330+0000] {processor.py:208} INFO - Processing /root/miniconda3/envs/project/lib/python3.8/site-packages/airflow/example_dags/tutorial_taskflow_api_virtualenv.py took 0.039 seconds
[2024-10-08T09:13:22.795+0000] {processor.py:186} INFO - Started process (PID=222247) to work on /root/miniconda3/envs/project/lib/python3.8/site-packages/airflow/example_dags/tutorial_taskflow_api_virtualenv.py
[2024-10-08T09:13:22.798+0000] {processor.py:914} INFO - Processing file /root/miniconda3/envs/project/lib/python3.8/site-packages/airflow/example_dags/tutorial_taskflow_api_virtualenv.py for tasks to queue
[2024-10-08T09:13:22.802+0000] {logging_mixin.py:190} INFO - [2024-10-08T09:13:22.801+0000] {dagbag.py:588} INFO - Filling up the DagBag from /root/miniconda3/envs/project/lib/python3.8/site-packages/airflow/example_dags/tutorial_taskflow_api_virtualenv.py
[2024-10-08T09:13:22.806+0000] {logging_mixin.py:190} INFO - [2024-10-08T09:13:22.806+0000] {tutorial_taskflow_api_virtualenv.py:29} WARNING - The tutorial_taskflow_api_virtualenv example DAG requires virtualenv, please install it.
[2024-10-08T09:13:22.807+0000] {processor.py:927} WARNING - No viable dags retrieved from /root/miniconda3/envs/project/lib/python3.8/site-packages/airflow/example_dags/tutorial_taskflow_api_virtualenv.py
[2024-10-08T09:13:22.823+0000] {processor.py:208} INFO - Processing /root/miniconda3/envs/project/lib/python3.8/site-packages/airflow/example_dags/tutorial_taskflow_api_virtualenv.py took 0.040 seconds
[2024-10-08T09:14:23.397+0000] {processor.py:186} INFO - Started process (PID=222569) to work on /root/miniconda3/envs/project/lib/python3.8/site-packages/airflow/example_dags/tutorial_taskflow_api_virtualenv.py
[2024-10-08T09:14:23.400+0000] {processor.py:914} INFO - Processing file /root/miniconda3/envs/project/lib/python3.8/site-packages/airflow/example_dags/tutorial_taskflow_api_virtualenv.py for tasks to queue
[2024-10-08T09:14:23.404+0000] {logging_mixin.py:190} INFO - [2024-10-08T09:14:23.404+0000] {dagbag.py:588} INFO - Filling up the DagBag from /root/miniconda3/envs/project/lib/python3.8/site-packages/airflow/example_dags/tutorial_taskflow_api_virtualenv.py
[2024-10-08T09:14:23.408+0000] {logging_mixin.py:190} INFO - [2024-10-08T09:14:23.408+0000] {tutorial_taskflow_api_virtualenv.py:29} WARNING - The tutorial_taskflow_api_virtualenv example DAG requires virtualenv, please install it.
[2024-10-08T09:14:23.409+0000] {processor.py:927} WARNING - No viable dags retrieved from /root/miniconda3/envs/project/lib/python3.8/site-packages/airflow/example_dags/tutorial_taskflow_api_virtualenv.py
[2024-10-08T09:14:23.425+0000] {processor.py:208} INFO - Processing /root/miniconda3/envs/project/lib/python3.8/site-packages/airflow/example_dags/tutorial_taskflow_api_virtualenv.py took 0.037 seconds
[2024-10-08T09:15:39.338+0000] {processor.py:186} INFO - Started process (PID=222863) to work on /root/miniconda3/envs/project/lib/python3.8/site-packages/airflow/example_dags/tutorial_taskflow_api_virtualenv.py
[2024-10-08T09:15:39.340+0000] {processor.py:914} INFO - Processing file /root/miniconda3/envs/project/lib/python3.8/site-packages/airflow/example_dags/tutorial_taskflow_api_virtualenv.py for tasks to queue
[2024-10-08T09:15:39.345+0000] {logging_mixin.py:190} INFO - [2024-10-08T09:15:39.344+0000] {dagbag.py:588} INFO - Filling up the DagBag from /root/miniconda3/envs/project/lib/python3.8/site-packages/airflow/example_dags/tutorial_taskflow_api_virtualenv.py
[2024-10-08T09:15:39.349+0000] {logging_mixin.py:190} INFO - [2024-10-08T09:15:39.349+0000] {tutorial_taskflow_api_virtualenv.py:29} WARNING - The tutorial_taskflow_api_virtualenv example DAG requires virtualenv, please install it.
[2024-10-08T09:15:39.349+0000] {processor.py:927} WARNING - No viable dags retrieved from /root/miniconda3/envs/project/lib/python3.8/site-packages/airflow/example_dags/tutorial_taskflow_api_virtualenv.py
[2024-10-08T09:15:39.365+0000] {processor.py:208} INFO - Processing /root/miniconda3/envs/project/lib/python3.8/site-packages/airflow/example_dags/tutorial_taskflow_api_virtualenv.py took 0.039 seconds
[2024-10-08T09:16:48.937+0000] {processor.py:186} INFO - Started process (PID=223152) to work on /root/miniconda3/envs/project/lib/python3.8/site-packages/airflow/example_dags/tutorial_taskflow_api_virtualenv.py
[2024-10-08T09:16:48.940+0000] {processor.py:914} INFO - Processing file /root/miniconda3/envs/project/lib/python3.8/site-packages/airflow/example_dags/tutorial_taskflow_api_virtualenv.py for tasks to queue
[2024-10-08T09:16:48.944+0000] {logging_mixin.py:190} INFO - [2024-10-08T09:16:48.944+0000] {dagbag.py:588} INFO - Filling up the DagBag from /root/miniconda3/envs/project/lib/python3.8/site-packages/airflow/example_dags/tutorial_taskflow_api_virtualenv.py
[2024-10-08T09:16:48.949+0000] {logging_mixin.py:190} INFO - [2024-10-08T09:16:48.948+0000] {tutorial_taskflow_api_virtualenv.py:29} WARNING - The tutorial_taskflow_api_virtualenv example DAG requires virtualenv, please install it.
[2024-10-08T09:16:48.949+0000] {processor.py:927} WARNING - No viable dags retrieved from /root/miniconda3/envs/project/lib/python3.8/site-packages/airflow/example_dags/tutorial_taskflow_api_virtualenv.py
[2024-10-08T09:16:48.966+0000] {processor.py:208} INFO - Processing /root/miniconda3/envs/project/lib/python3.8/site-packages/airflow/example_dags/tutorial_taskflow_api_virtualenv.py took 0.041 seconds
[2024-10-08T09:17:56.092+0000] {processor.py:186} INFO - Started process (PID=223379) to work on /root/miniconda3/envs/project/lib/python3.8/site-packages/airflow/example_dags/tutorial_taskflow_api_virtualenv.py
[2024-10-08T09:17:56.095+0000] {processor.py:914} INFO - Processing file /root/miniconda3/envs/project/lib/python3.8/site-packages/airflow/example_dags/tutorial_taskflow_api_virtualenv.py for tasks to queue
[2024-10-08T09:17:56.099+0000] {logging_mixin.py:190} INFO - [2024-10-08T09:17:56.099+0000] {dagbag.py:588} INFO - Filling up the DagBag from /root/miniconda3/envs/project/lib/python3.8/site-packages/airflow/example_dags/tutorial_taskflow_api_virtualenv.py
[2024-10-08T09:17:56.104+0000] {logging_mixin.py:190} INFO - [2024-10-08T09:17:56.103+0000] {tutorial_taskflow_api_virtualenv.py:29} WARNING - The tutorial_taskflow_api_virtualenv example DAG requires virtualenv, please install it.
[2024-10-08T09:17:56.104+0000] {processor.py:927} WARNING - No viable dags retrieved from /root/miniconda3/envs/project/lib/python3.8/site-packages/airflow/example_dags/tutorial_taskflow_api_virtualenv.py
[2024-10-08T09:17:56.120+0000] {processor.py:208} INFO - Processing /root/miniconda3/envs/project/lib/python3.8/site-packages/airflow/example_dags/tutorial_taskflow_api_virtualenv.py took 0.039 seconds
[2024-10-08T09:19:14.264+0000] {processor.py:186} INFO - Started process (PID=223621) to work on /root/miniconda3/envs/project/lib/python3.8/site-packages/airflow/example_dags/tutorial_taskflow_api_virtualenv.py
[2024-10-08T09:19:14.267+0000] {processor.py:914} INFO - Processing file /root/miniconda3/envs/project/lib/python3.8/site-packages/airflow/example_dags/tutorial_taskflow_api_virtualenv.py for tasks to queue
[2024-10-08T09:19:14.271+0000] {logging_mixin.py:190} INFO - [2024-10-08T09:19:14.270+0000] {dagbag.py:588} INFO - Filling up the DagBag from /root/miniconda3/envs/project/lib/python3.8/site-packages/airflow/example_dags/tutorial_taskflow_api_virtualenv.py
[2024-10-08T09:19:14.275+0000] {logging_mixin.py:190} INFO - [2024-10-08T09:19:14.275+0000] {tutorial_taskflow_api_virtualenv.py:29} WARNING - The tutorial_taskflow_api_virtualenv example DAG requires virtualenv, please install it.
[2024-10-08T09:19:14.276+0000] {processor.py:927} WARNING - No viable dags retrieved from /root/miniconda3/envs/project/lib/python3.8/site-packages/airflow/example_dags/tutorial_taskflow_api_virtualenv.py
[2024-10-08T09:19:14.291+0000] {processor.py:208} INFO - Processing /root/miniconda3/envs/project/lib/python3.8/site-packages/airflow/example_dags/tutorial_taskflow_api_virtualenv.py took 0.038 seconds
[2024-10-08T09:20:21.580+0000] {processor.py:186} INFO - Started process (PID=223904) to work on /root/miniconda3/envs/project/lib/python3.8/site-packages/airflow/example_dags/tutorial_taskflow_api_virtualenv.py
[2024-10-08T09:20:21.583+0000] {processor.py:914} INFO - Processing file /root/miniconda3/envs/project/lib/python3.8/site-packages/airflow/example_dags/tutorial_taskflow_api_virtualenv.py for tasks to queue
[2024-10-08T09:20:21.587+0000] {logging_mixin.py:190} INFO - [2024-10-08T09:20:21.586+0000] {dagbag.py:588} INFO - Filling up the DagBag from /root/miniconda3/envs/project/lib/python3.8/site-packages/airflow/example_dags/tutorial_taskflow_api_virtualenv.py
[2024-10-08T09:20:21.591+0000] {logging_mixin.py:190} INFO - [2024-10-08T09:20:21.591+0000] {tutorial_taskflow_api_virtualenv.py:29} WARNING - The tutorial_taskflow_api_virtualenv example DAG requires virtualenv, please install it.
[2024-10-08T09:20:21.592+0000] {processor.py:927} WARNING - No viable dags retrieved from /root/miniconda3/envs/project/lib/python3.8/site-packages/airflow/example_dags/tutorial_taskflow_api_virtualenv.py
[2024-10-08T09:20:21.608+0000] {processor.py:208} INFO - Processing /root/miniconda3/envs/project/lib/python3.8/site-packages/airflow/example_dags/tutorial_taskflow_api_virtualenv.py took 0.040 seconds
[2024-10-08T09:21:38.150+0000] {processor.py:186} INFO - Started process (PID=224143) to work on /root/miniconda3/envs/project/lib/python3.8/site-packages/airflow/example_dags/tutorial_taskflow_api_virtualenv.py
[2024-10-08T09:21:38.153+0000] {processor.py:914} INFO - Processing file /root/miniconda3/envs/project/lib/python3.8/site-packages/airflow/example_dags/tutorial_taskflow_api_virtualenv.py for tasks to queue
[2024-10-08T09:21:38.157+0000] {logging_mixin.py:190} INFO - [2024-10-08T09:21:38.157+0000] {dagbag.py:588} INFO - Filling up the DagBag from /root/miniconda3/envs/project/lib/python3.8/site-packages/airflow/example_dags/tutorial_taskflow_api_virtualenv.py
[2024-10-08T09:21:38.161+0000] {logging_mixin.py:190} INFO - [2024-10-08T09:21:38.161+0000] {tutorial_taskflow_api_virtualenv.py:29} WARNING - The tutorial_taskflow_api_virtualenv example DAG requires virtualenv, please install it.
[2024-10-08T09:21:38.162+0000] {processor.py:927} WARNING - No viable dags retrieved from /root/miniconda3/envs/project/lib/python3.8/site-packages/airflow/example_dags/tutorial_taskflow_api_virtualenv.py
[2024-10-08T09:21:38.178+0000] {processor.py:208} INFO - Processing /root/miniconda3/envs/project/lib/python3.8/site-packages/airflow/example_dags/tutorial_taskflow_api_virtualenv.py took 0.038 seconds
[2024-10-08T09:22:46.473+0000] {processor.py:186} INFO - Started process (PID=224428) to work on /root/miniconda3/envs/project/lib/python3.8/site-packages/airflow/example_dags/tutorial_taskflow_api_virtualenv.py
[2024-10-08T09:22:46.476+0000] {processor.py:914} INFO - Processing file /root/miniconda3/envs/project/lib/python3.8/site-packages/airflow/example_dags/tutorial_taskflow_api_virtualenv.py for tasks to queue
[2024-10-08T09:22:46.480+0000] {logging_mixin.py:190} INFO - [2024-10-08T09:22:46.480+0000] {dagbag.py:588} INFO - Filling up the DagBag from /root/miniconda3/envs/project/lib/python3.8/site-packages/airflow/example_dags/tutorial_taskflow_api_virtualenv.py
[2024-10-08T09:22:46.484+0000] {logging_mixin.py:190} INFO - [2024-10-08T09:22:46.484+0000] {tutorial_taskflow_api_virtualenv.py:29} WARNING - The tutorial_taskflow_api_virtualenv example DAG requires virtualenv, please install it.
[2024-10-08T09:22:46.485+0000] {processor.py:927} WARNING - No viable dags retrieved from /root/miniconda3/envs/project/lib/python3.8/site-packages/airflow/example_dags/tutorial_taskflow_api_virtualenv.py
[2024-10-08T09:22:46.500+0000] {processor.py:208} INFO - Processing /root/miniconda3/envs/project/lib/python3.8/site-packages/airflow/example_dags/tutorial_taskflow_api_virtualenv.py took 0.036 seconds
[2024-10-08T09:23:55.613+0000] {processor.py:186} INFO - Started process (PID=224619) to work on /root/miniconda3/envs/project/lib/python3.8/site-packages/airflow/example_dags/tutorial_taskflow_api_virtualenv.py
[2024-10-08T09:23:55.616+0000] {processor.py:914} INFO - Processing file /root/miniconda3/envs/project/lib/python3.8/site-packages/airflow/example_dags/tutorial_taskflow_api_virtualenv.py for tasks to queue
[2024-10-08T09:23:55.620+0000] {logging_mixin.py:190} INFO - [2024-10-08T09:23:55.620+0000] {dagbag.py:588} INFO - Filling up the DagBag from /root/miniconda3/envs/project/lib/python3.8/site-packages/airflow/example_dags/tutorial_taskflow_api_virtualenv.py
[2024-10-08T09:23:55.624+0000] {logging_mixin.py:190} INFO - [2024-10-08T09:23:55.624+0000] {tutorial_taskflow_api_virtualenv.py:29} WARNING - The tutorial_taskflow_api_virtualenv example DAG requires virtualenv, please install it.
[2024-10-08T09:23:55.625+0000] {processor.py:927} WARNING - No viable dags retrieved from /root/miniconda3/envs/project/lib/python3.8/site-packages/airflow/example_dags/tutorial_taskflow_api_virtualenv.py
[2024-10-08T09:23:55.640+0000] {processor.py:208} INFO - Processing /root/miniconda3/envs/project/lib/python3.8/site-packages/airflow/example_dags/tutorial_taskflow_api_virtualenv.py took 0.037 seconds
[2024-10-08T09:25:04.726+0000] {processor.py:186} INFO - Started process (PID=225204) to work on /root/miniconda3/envs/project/lib/python3.8/site-packages/airflow/example_dags/tutorial_taskflow_api_virtualenv.py
[2024-10-08T09:25:04.729+0000] {processor.py:914} INFO - Processing file /root/miniconda3/envs/project/lib/python3.8/site-packages/airflow/example_dags/tutorial_taskflow_api_virtualenv.py for tasks to queue
[2024-10-08T09:25:04.733+0000] {logging_mixin.py:190} INFO - [2024-10-08T09:25:04.733+0000] {dagbag.py:588} INFO - Filling up the DagBag from /root/miniconda3/envs/project/lib/python3.8/site-packages/airflow/example_dags/tutorial_taskflow_api_virtualenv.py
[2024-10-08T09:25:04.738+0000] {logging_mixin.py:190} INFO - [2024-10-08T09:25:04.738+0000] {tutorial_taskflow_api_virtualenv.py:29} WARNING - The tutorial_taskflow_api_virtualenv example DAG requires virtualenv, please install it.
[2024-10-08T09:25:04.739+0000] {processor.py:927} WARNING - No viable dags retrieved from /root/miniconda3/envs/project/lib/python3.8/site-packages/airflow/example_dags/tutorial_taskflow_api_virtualenv.py
[2024-10-08T09:25:04.755+0000] {processor.py:208} INFO - Processing /root/miniconda3/envs/project/lib/python3.8/site-packages/airflow/example_dags/tutorial_taskflow_api_virtualenv.py took 0.040 seconds
[2024-10-08T09:26:14.144+0000] {processor.py:186} INFO - Started process (PID=225668) to work on /root/miniconda3/envs/project/lib/python3.8/site-packages/airflow/example_dags/tutorial_taskflow_api_virtualenv.py
[2024-10-08T09:26:14.147+0000] {processor.py:914} INFO - Processing file /root/miniconda3/envs/project/lib/python3.8/site-packages/airflow/example_dags/tutorial_taskflow_api_virtualenv.py for tasks to queue
[2024-10-08T09:26:14.151+0000] {logging_mixin.py:190} INFO - [2024-10-08T09:26:14.151+0000] {dagbag.py:588} INFO - Filling up the DagBag from /root/miniconda3/envs/project/lib/python3.8/site-packages/airflow/example_dags/tutorial_taskflow_api_virtualenv.py
[2024-10-08T09:26:14.156+0000] {logging_mixin.py:190} INFO - [2024-10-08T09:26:14.156+0000] {tutorial_taskflow_api_virtualenv.py:29} WARNING - The tutorial_taskflow_api_virtualenv example DAG requires virtualenv, please install it.
[2024-10-08T09:26:14.156+0000] {processor.py:927} WARNING - No viable dags retrieved from /root/miniconda3/envs/project/lib/python3.8/site-packages/airflow/example_dags/tutorial_taskflow_api_virtualenv.py
[2024-10-08T09:26:14.172+0000] {processor.py:208} INFO - Processing /root/miniconda3/envs/project/lib/python3.8/site-packages/airflow/example_dags/tutorial_taskflow_api_virtualenv.py took 0.039 seconds
[2024-10-08T09:27:27.071+0000] {processor.py:186} INFO - Started process (PID=226056) to work on /root/miniconda3/envs/project/lib/python3.8/site-packages/airflow/example_dags/tutorial_taskflow_api_virtualenv.py
[2024-10-08T09:27:27.074+0000] {processor.py:914} INFO - Processing file /root/miniconda3/envs/project/lib/python3.8/site-packages/airflow/example_dags/tutorial_taskflow_api_virtualenv.py for tasks to queue
[2024-10-08T09:27:27.078+0000] {logging_mixin.py:190} INFO - [2024-10-08T09:27:27.077+0000] {dagbag.py:588} INFO - Filling up the DagBag from /root/miniconda3/envs/project/lib/python3.8/site-packages/airflow/example_dags/tutorial_taskflow_api_virtualenv.py
[2024-10-08T09:27:27.082+0000] {logging_mixin.py:190} INFO - [2024-10-08T09:27:27.082+0000] {tutorial_taskflow_api_virtualenv.py:29} WARNING - The tutorial_taskflow_api_virtualenv example DAG requires virtualenv, please install it.
[2024-10-08T09:27:27.083+0000] {processor.py:927} WARNING - No viable dags retrieved from /root/miniconda3/envs/project/lib/python3.8/site-packages/airflow/example_dags/tutorial_taskflow_api_virtualenv.py
[2024-10-08T09:27:27.099+0000] {processor.py:208} INFO - Processing /root/miniconda3/envs/project/lib/python3.8/site-packages/airflow/example_dags/tutorial_taskflow_api_virtualenv.py took 0.037 seconds
[2024-10-08T09:28:37.258+0000] {processor.py:186} INFO - Started process (PID=226561) to work on /root/miniconda3/envs/project/lib/python3.8/site-packages/airflow/example_dags/tutorial_taskflow_api_virtualenv.py
[2024-10-08T09:28:37.261+0000] {processor.py:914} INFO - Processing file /root/miniconda3/envs/project/lib/python3.8/site-packages/airflow/example_dags/tutorial_taskflow_api_virtualenv.py for tasks to queue
[2024-10-08T09:28:37.265+0000] {logging_mixin.py:190} INFO - [2024-10-08T09:28:37.265+0000] {dagbag.py:588} INFO - Filling up the DagBag from /root/miniconda3/envs/project/lib/python3.8/site-packages/airflow/example_dags/tutorial_taskflow_api_virtualenv.py
[2024-10-08T09:28:37.270+0000] {logging_mixin.py:190} INFO - [2024-10-08T09:28:37.269+0000] {tutorial_taskflow_api_virtualenv.py:29} WARNING - The tutorial_taskflow_api_virtualenv example DAG requires virtualenv, please install it.
[2024-10-08T09:28:37.270+0000] {processor.py:927} WARNING - No viable dags retrieved from /root/miniconda3/envs/project/lib/python3.8/site-packages/airflow/example_dags/tutorial_taskflow_api_virtualenv.py
[2024-10-08T09:28:37.286+0000] {processor.py:208} INFO - Processing /root/miniconda3/envs/project/lib/python3.8/site-packages/airflow/example_dags/tutorial_taskflow_api_virtualenv.py took 0.040 seconds
[2024-10-08T09:29:56.721+0000] {processor.py:186} INFO - Started process (PID=227407) to work on /root/miniconda3/envs/project/lib/python3.8/site-packages/airflow/example_dags/tutorial_taskflow_api_virtualenv.py
[2024-10-08T09:29:56.724+0000] {processor.py:914} INFO - Processing file /root/miniconda3/envs/project/lib/python3.8/site-packages/airflow/example_dags/tutorial_taskflow_api_virtualenv.py for tasks to queue
[2024-10-08T09:29:56.728+0000] {logging_mixin.py:190} INFO - [2024-10-08T09:29:56.727+0000] {dagbag.py:588} INFO - Filling up the DagBag from /root/miniconda3/envs/project/lib/python3.8/site-packages/airflow/example_dags/tutorial_taskflow_api_virtualenv.py
[2024-10-08T09:29:56.731+0000] {logging_mixin.py:190} INFO - [2024-10-08T09:29:56.731+0000] {tutorial_taskflow_api_virtualenv.py:29} WARNING - The tutorial_taskflow_api_virtualenv example DAG requires virtualenv, please install it.
[2024-10-08T09:29:56.731+0000] {processor.py:927} WARNING - No viable dags retrieved from /root/miniconda3/envs/project/lib/python3.8/site-packages/airflow/example_dags/tutorial_taskflow_api_virtualenv.py
[2024-10-08T09:29:56.745+0000] {processor.py:208} INFO - Processing /root/miniconda3/envs/project/lib/python3.8/site-packages/airflow/example_dags/tutorial_taskflow_api_virtualenv.py took 0.036 seconds
[2024-10-08T09:31:32.538+0000] {processor.py:186} INFO - Started process (PID=228488) to work on /root/miniconda3/envs/project/lib/python3.8/site-packages/airflow/example_dags/tutorial_taskflow_api_virtualenv.py
[2024-10-08T09:31:32.541+0000] {processor.py:914} INFO - Processing file /root/miniconda3/envs/project/lib/python3.8/site-packages/airflow/example_dags/tutorial_taskflow_api_virtualenv.py for tasks to queue
[2024-10-08T09:31:32.545+0000] {logging_mixin.py:190} INFO - [2024-10-08T09:31:32.544+0000] {dagbag.py:588} INFO - Filling up the DagBag from /root/miniconda3/envs/project/lib/python3.8/site-packages/airflow/example_dags/tutorial_taskflow_api_virtualenv.py
[2024-10-08T09:31:32.549+0000] {logging_mixin.py:190} INFO - [2024-10-08T09:31:32.549+0000] {tutorial_taskflow_api_virtualenv.py:29} WARNING - The tutorial_taskflow_api_virtualenv example DAG requires virtualenv, please install it.
[2024-10-08T09:31:32.550+0000] {processor.py:927} WARNING - No viable dags retrieved from /root/miniconda3/envs/project/lib/python3.8/site-packages/airflow/example_dags/tutorial_taskflow_api_virtualenv.py
[2024-10-08T09:31:32.566+0000] {processor.py:208} INFO - Processing /root/miniconda3/envs/project/lib/python3.8/site-packages/airflow/example_dags/tutorial_taskflow_api_virtualenv.py took 0.040 seconds
[2024-10-08T09:32:45.423+0000] {processor.py:186} INFO - Started process (PID=229122) to work on /root/miniconda3/envs/project/lib/python3.8/site-packages/airflow/example_dags/tutorial_taskflow_api_virtualenv.py
[2024-10-08T09:32:45.426+0000] {processor.py:914} INFO - Processing file /root/miniconda3/envs/project/lib/python3.8/site-packages/airflow/example_dags/tutorial_taskflow_api_virtualenv.py for tasks to queue
[2024-10-08T09:32:45.430+0000] {logging_mixin.py:190} INFO - [2024-10-08T09:32:45.429+0000] {dagbag.py:588} INFO - Filling up the DagBag from /root/miniconda3/envs/project/lib/python3.8/site-packages/airflow/example_dags/tutorial_taskflow_api_virtualenv.py
[2024-10-08T09:32:45.434+0000] {logging_mixin.py:190} INFO - [2024-10-08T09:32:45.434+0000] {tutorial_taskflow_api_virtualenv.py:29} WARNING - The tutorial_taskflow_api_virtualenv example DAG requires virtualenv, please install it.
[2024-10-08T09:32:45.434+0000] {processor.py:927} WARNING - No viable dags retrieved from /root/miniconda3/envs/project/lib/python3.8/site-packages/airflow/example_dags/tutorial_taskflow_api_virtualenv.py
[2024-10-08T09:32:45.452+0000] {processor.py:208} INFO - Processing /root/miniconda3/envs/project/lib/python3.8/site-packages/airflow/example_dags/tutorial_taskflow_api_virtualenv.py took 0.042 seconds
