[2024-10-08T07:57:15.584+0000] {processor.py:186} INFO - Started process (PID=207085) to work on /root/miniconda3/envs/project/lib/python3.8/site-packages/airflow/example_dags/tutorial_objectstorage.py
[2024-10-08T07:57:15.585+0000] {processor.py:914} INFO - Processing file /root/miniconda3/envs/project/lib/python3.8/site-packages/airflow/example_dags/tutorial_objectstorage.py for tasks to queue
[2024-10-08T07:57:15.589+0000] {logging_mixin.py:190} INFO - [2024-10-08T07:57:15.588+0000] {dagbag.py:588} INFO - Filling up the DagBag from /root/miniconda3/envs/project/lib/python3.8/site-packages/airflow/example_dags/tutorial_objectstorage.py
[2024-10-08T07:57:15.602+0000] {processor.py:925} INFO - DAG(s) 'tutorial_objectstorage' retrieved from /root/miniconda3/envs/project/lib/python3.8/site-packages/airflow/example_dags/tutorial_objectstorage.py
[2024-10-08T07:57:15.745+0000] {logging_mixin.py:190} INFO - [2024-10-08T07:57:15.744+0000] {override.py:1901} INFO - Created Permission View: can delete on DAG:tutorial_objectstorage
[2024-10-08T07:57:15.767+0000] {logging_mixin.py:190} INFO - [2024-10-08T07:57:15.767+0000] {override.py:1901} INFO - Created Permission View: can read on DAG:tutorial_objectstorage
[2024-10-08T07:57:15.781+0000] {logging_mixin.py:190} INFO - [2024-10-08T07:57:15.781+0000] {override.py:1901} INFO - Created Permission View: can edit on DAG:tutorial_objectstorage
[2024-10-08T07:57:15.804+0000] {logging_mixin.py:190} INFO - [2024-10-08T07:57:15.803+0000] {override.py:1901} INFO - Created Permission View: can delete on DAG Run:tutorial_objectstorage
[2024-10-08T07:57:15.824+0000] {logging_mixin.py:190} INFO - [2024-10-08T07:57:15.823+0000] {override.py:1901} INFO - Created Permission View: menu access on DAG Run:tutorial_objectstorage
[2024-10-08T07:57:15.842+0000] {logging_mixin.py:190} INFO - [2024-10-08T07:57:15.841+0000] {override.py:1901} INFO - Created Permission View: can create on DAG Run:tutorial_objectstorage
[2024-10-08T07:57:15.860+0000] {logging_mixin.py:190} INFO - [2024-10-08T07:57:15.859+0000] {override.py:1901} INFO - Created Permission View: can read on DAG Run:tutorial_objectstorage
[2024-10-08T07:57:15.860+0000] {logging_mixin.py:190} INFO - [2024-10-08T07:57:15.860+0000] {dag.py:3239} INFO - Sync 1 DAGs
[2024-10-08T07:57:15.880+0000] {logging_mixin.py:190} INFO - [2024-10-08T07:57:15.879+0000] {dag.py:3262} INFO - Creating ORM DAG for tutorial_objectstorage
[2024-10-08T07:57:15.881+0000] {logging_mixin.py:190} INFO - [2024-10-08T07:57:15.880+0000] {dag.py:4180} INFO - Setting next_dagrun for tutorial_objectstorage to None, run_after=None
[2024-10-08T07:57:15.915+0000] {processor.py:208} INFO - Processing /root/miniconda3/envs/project/lib/python3.8/site-packages/airflow/example_dags/tutorial_objectstorage.py took 0.341 seconds
[2024-10-08T07:58:30.488+0000] {processor.py:186} INFO - Started process (PID=207290) to work on /root/miniconda3/envs/project/lib/python3.8/site-packages/airflow/example_dags/tutorial_objectstorage.py
[2024-10-08T07:58:30.491+0000] {processor.py:914} INFO - Processing file /root/miniconda3/envs/project/lib/python3.8/site-packages/airflow/example_dags/tutorial_objectstorage.py for tasks to queue
[2024-10-08T07:58:30.494+0000] {logging_mixin.py:190} INFO - [2024-10-08T07:58:30.494+0000] {dagbag.py:588} INFO - Filling up the DagBag from /root/miniconda3/envs/project/lib/python3.8/site-packages/airflow/example_dags/tutorial_objectstorage.py
[2024-10-08T07:58:30.509+0000] {processor.py:925} INFO - DAG(s) 'tutorial_objectstorage' retrieved from /root/miniconda3/envs/project/lib/python3.8/site-packages/airflow/example_dags/tutorial_objectstorage.py
[2024-10-08T07:58:30.531+0000] {logging_mixin.py:190} INFO - [2024-10-08T07:58:30.531+0000] {dag.py:3239} INFO - Sync 1 DAGs
[2024-10-08T07:58:30.550+0000] {logging_mixin.py:190} INFO - [2024-10-08T07:58:30.549+0000] {dag.py:4180} INFO - Setting next_dagrun for tutorial_objectstorage to None, run_after=None
[2024-10-08T07:58:30.584+0000] {processor.py:208} INFO - Processing /root/miniconda3/envs/project/lib/python3.8/site-packages/airflow/example_dags/tutorial_objectstorage.py took 0.108 seconds
[2024-10-08T07:59:43.268+0000] {processor.py:186} INFO - Started process (PID=207549) to work on /root/miniconda3/envs/project/lib/python3.8/site-packages/airflow/example_dags/tutorial_objectstorage.py
[2024-10-08T07:59:43.271+0000] {processor.py:914} INFO - Processing file /root/miniconda3/envs/project/lib/python3.8/site-packages/airflow/example_dags/tutorial_objectstorage.py for tasks to queue
[2024-10-08T07:59:43.274+0000] {logging_mixin.py:190} INFO - [2024-10-08T07:59:43.274+0000] {dagbag.py:588} INFO - Filling up the DagBag from /root/miniconda3/envs/project/lib/python3.8/site-packages/airflow/example_dags/tutorial_objectstorage.py
[2024-10-08T07:59:43.289+0000] {processor.py:925} INFO - DAG(s) 'tutorial_objectstorage' retrieved from /root/miniconda3/envs/project/lib/python3.8/site-packages/airflow/example_dags/tutorial_objectstorage.py
[2024-10-08T07:59:43.313+0000] {logging_mixin.py:190} INFO - [2024-10-08T07:59:43.312+0000] {dag.py:3239} INFO - Sync 1 DAGs
[2024-10-08T07:59:43.331+0000] {logging_mixin.py:190} INFO - [2024-10-08T07:59:43.331+0000] {dag.py:4180} INFO - Setting next_dagrun for tutorial_objectstorage to None, run_after=None
[2024-10-08T07:59:43.363+0000] {processor.py:208} INFO - Processing /root/miniconda3/envs/project/lib/python3.8/site-packages/airflow/example_dags/tutorial_objectstorage.py took 0.106 seconds
[2024-10-08T08:00:53.571+0000] {processor.py:186} INFO - Started process (PID=207894) to work on /root/miniconda3/envs/project/lib/python3.8/site-packages/airflow/example_dags/tutorial_objectstorage.py
[2024-10-08T08:00:53.574+0000] {processor.py:914} INFO - Processing file /root/miniconda3/envs/project/lib/python3.8/site-packages/airflow/example_dags/tutorial_objectstorage.py for tasks to queue
[2024-10-08T08:00:53.577+0000] {logging_mixin.py:190} INFO - [2024-10-08T08:00:53.577+0000] {dagbag.py:588} INFO - Filling up the DagBag from /root/miniconda3/envs/project/lib/python3.8/site-packages/airflow/example_dags/tutorial_objectstorage.py
[2024-10-08T08:00:53.592+0000] {processor.py:925} INFO - DAG(s) 'tutorial_objectstorage' retrieved from /root/miniconda3/envs/project/lib/python3.8/site-packages/airflow/example_dags/tutorial_objectstorage.py
[2024-10-08T08:00:53.615+0000] {logging_mixin.py:190} INFO - [2024-10-08T08:00:53.614+0000] {dag.py:3239} INFO - Sync 1 DAGs
[2024-10-08T08:00:53.633+0000] {logging_mixin.py:190} INFO - [2024-10-08T08:00:53.633+0000] {dag.py:4180} INFO - Setting next_dagrun for tutorial_objectstorage to None, run_after=None
[2024-10-08T08:00:53.671+0000] {processor.py:208} INFO - Processing /root/miniconda3/envs/project/lib/python3.8/site-packages/airflow/example_dags/tutorial_objectstorage.py took 0.111 seconds
[2024-10-08T08:02:07.462+0000] {processor.py:186} INFO - Started process (PID=208198) to work on /root/miniconda3/envs/project/lib/python3.8/site-packages/airflow/example_dags/tutorial_objectstorage.py
[2024-10-08T08:02:07.464+0000] {processor.py:914} INFO - Processing file /root/miniconda3/envs/project/lib/python3.8/site-packages/airflow/example_dags/tutorial_objectstorage.py for tasks to queue
[2024-10-08T08:02:07.468+0000] {logging_mixin.py:190} INFO - [2024-10-08T08:02:07.467+0000] {dagbag.py:588} INFO - Filling up the DagBag from /root/miniconda3/envs/project/lib/python3.8/site-packages/airflow/example_dags/tutorial_objectstorage.py
[2024-10-08T08:02:07.481+0000] {processor.py:925} INFO - DAG(s) 'tutorial_objectstorage' retrieved from /root/miniconda3/envs/project/lib/python3.8/site-packages/airflow/example_dags/tutorial_objectstorage.py
[2024-10-08T08:02:07.504+0000] {logging_mixin.py:190} INFO - [2024-10-08T08:02:07.504+0000] {dag.py:3239} INFO - Sync 1 DAGs
[2024-10-08T08:02:07.522+0000] {logging_mixin.py:190} INFO - [2024-10-08T08:02:07.522+0000] {dag.py:4180} INFO - Setting next_dagrun for tutorial_objectstorage to None, run_after=None
[2024-10-08T08:02:07.554+0000] {processor.py:208} INFO - Processing /root/miniconda3/envs/project/lib/python3.8/site-packages/airflow/example_dags/tutorial_objectstorage.py took 0.102 seconds
[2024-10-08T08:03:18.262+0000] {processor.py:186} INFO - Started process (PID=208400) to work on /root/miniconda3/envs/project/lib/python3.8/site-packages/airflow/example_dags/tutorial_objectstorage.py
[2024-10-08T08:03:18.265+0000] {processor.py:914} INFO - Processing file /root/miniconda3/envs/project/lib/python3.8/site-packages/airflow/example_dags/tutorial_objectstorage.py for tasks to queue
[2024-10-08T08:03:18.269+0000] {logging_mixin.py:190} INFO - [2024-10-08T08:03:18.268+0000] {dagbag.py:588} INFO - Filling up the DagBag from /root/miniconda3/envs/project/lib/python3.8/site-packages/airflow/example_dags/tutorial_objectstorage.py
[2024-10-08T08:03:18.283+0000] {processor.py:925} INFO - DAG(s) 'tutorial_objectstorage' retrieved from /root/miniconda3/envs/project/lib/python3.8/site-packages/airflow/example_dags/tutorial_objectstorage.py
[2024-10-08T08:03:18.305+0000] {logging_mixin.py:190} INFO - [2024-10-08T08:03:18.305+0000] {dag.py:3239} INFO - Sync 1 DAGs
[2024-10-08T08:03:18.323+0000] {logging_mixin.py:190} INFO - [2024-10-08T08:03:18.323+0000] {dag.py:4180} INFO - Setting next_dagrun for tutorial_objectstorage to None, run_after=None
[2024-10-08T08:03:18.354+0000] {processor.py:208} INFO - Processing /root/miniconda3/envs/project/lib/python3.8/site-packages/airflow/example_dags/tutorial_objectstorage.py took 0.102 seconds
[2024-10-08T08:04:26.267+0000] {processor.py:186} INFO - Started process (PID=208605) to work on /root/miniconda3/envs/project/lib/python3.8/site-packages/airflow/example_dags/tutorial_objectstorage.py
[2024-10-08T08:04:26.270+0000] {processor.py:914} INFO - Processing file /root/miniconda3/envs/project/lib/python3.8/site-packages/airflow/example_dags/tutorial_objectstorage.py for tasks to queue
[2024-10-08T08:04:26.274+0000] {logging_mixin.py:190} INFO - [2024-10-08T08:04:26.273+0000] {dagbag.py:588} INFO - Filling up the DagBag from /root/miniconda3/envs/project/lib/python3.8/site-packages/airflow/example_dags/tutorial_objectstorage.py
[2024-10-08T08:04:26.288+0000] {processor.py:925} INFO - DAG(s) 'tutorial_objectstorage' retrieved from /root/miniconda3/envs/project/lib/python3.8/site-packages/airflow/example_dags/tutorial_objectstorage.py
[2024-10-08T08:04:26.312+0000] {logging_mixin.py:190} INFO - [2024-10-08T08:04:26.311+0000] {dag.py:3239} INFO - Sync 1 DAGs
[2024-10-08T08:04:26.330+0000] {logging_mixin.py:190} INFO - [2024-10-08T08:04:26.330+0000] {dag.py:4180} INFO - Setting next_dagrun for tutorial_objectstorage to None, run_after=None
[2024-10-08T08:04:26.361+0000] {processor.py:208} INFO - Processing /root/miniconda3/envs/project/lib/python3.8/site-packages/airflow/example_dags/tutorial_objectstorage.py took 0.105 seconds
[2024-10-08T08:05:28.015+0000] {processor.py:186} INFO - Started process (PID=208789) to work on /root/miniconda3/envs/project/lib/python3.8/site-packages/airflow/example_dags/tutorial_objectstorage.py
[2024-10-08T08:05:28.018+0000] {processor.py:914} INFO - Processing file /root/miniconda3/envs/project/lib/python3.8/site-packages/airflow/example_dags/tutorial_objectstorage.py for tasks to queue
[2024-10-08T08:05:28.022+0000] {logging_mixin.py:190} INFO - [2024-10-08T08:05:28.021+0000] {dagbag.py:588} INFO - Filling up the DagBag from /root/miniconda3/envs/project/lib/python3.8/site-packages/airflow/example_dags/tutorial_objectstorage.py
[2024-10-08T08:05:28.037+0000] {processor.py:925} INFO - DAG(s) 'tutorial_objectstorage' retrieved from /root/miniconda3/envs/project/lib/python3.8/site-packages/airflow/example_dags/tutorial_objectstorage.py
[2024-10-08T08:05:28.060+0000] {logging_mixin.py:190} INFO - [2024-10-08T08:05:28.060+0000] {dag.py:3239} INFO - Sync 1 DAGs
[2024-10-08T08:05:28.078+0000] {logging_mixin.py:190} INFO - [2024-10-08T08:05:28.078+0000] {dag.py:4180} INFO - Setting next_dagrun for tutorial_objectstorage to None, run_after=None
[2024-10-08T08:05:28.111+0000] {processor.py:208} INFO - Processing /root/miniconda3/envs/project/lib/python3.8/site-packages/airflow/example_dags/tutorial_objectstorage.py took 0.108 seconds
[2024-10-08T08:06:29.485+0000] {processor.py:186} INFO - Started process (PID=208970) to work on /root/miniconda3/envs/project/lib/python3.8/site-packages/airflow/example_dags/tutorial_objectstorage.py
[2024-10-08T08:06:29.488+0000] {processor.py:914} INFO - Processing file /root/miniconda3/envs/project/lib/python3.8/site-packages/airflow/example_dags/tutorial_objectstorage.py for tasks to queue
[2024-10-08T08:06:29.491+0000] {logging_mixin.py:190} INFO - [2024-10-08T08:06:29.490+0000] {dagbag.py:588} INFO - Filling up the DagBag from /root/miniconda3/envs/project/lib/python3.8/site-packages/airflow/example_dags/tutorial_objectstorage.py
[2024-10-08T08:06:29.505+0000] {processor.py:925} INFO - DAG(s) 'tutorial_objectstorage' retrieved from /root/miniconda3/envs/project/lib/python3.8/site-packages/airflow/example_dags/tutorial_objectstorage.py
[2024-10-08T08:06:29.527+0000] {logging_mixin.py:190} INFO - [2024-10-08T08:06:29.526+0000] {dag.py:3239} INFO - Sync 1 DAGs
[2024-10-08T08:06:29.544+0000] {logging_mixin.py:190} INFO - [2024-10-08T08:06:29.544+0000] {dag.py:4180} INFO - Setting next_dagrun for tutorial_objectstorage to None, run_after=None
[2024-10-08T08:06:29.578+0000] {processor.py:208} INFO - Processing /root/miniconda3/envs/project/lib/python3.8/site-packages/airflow/example_dags/tutorial_objectstorage.py took 0.105 seconds
[2024-10-08T08:07:38.450+0000] {processor.py:186} INFO - Started process (PID=209216) to work on /root/miniconda3/envs/project/lib/python3.8/site-packages/airflow/example_dags/tutorial_objectstorage.py
[2024-10-08T08:07:38.452+0000] {processor.py:914} INFO - Processing file /root/miniconda3/envs/project/lib/python3.8/site-packages/airflow/example_dags/tutorial_objectstorage.py for tasks to queue
[2024-10-08T08:07:38.456+0000] {logging_mixin.py:190} INFO - [2024-10-08T08:07:38.456+0000] {dagbag.py:588} INFO - Filling up the DagBag from /root/miniconda3/envs/project/lib/python3.8/site-packages/airflow/example_dags/tutorial_objectstorage.py
[2024-10-08T08:07:38.471+0000] {processor.py:925} INFO - DAG(s) 'tutorial_objectstorage' retrieved from /root/miniconda3/envs/project/lib/python3.8/site-packages/airflow/example_dags/tutorial_objectstorage.py
[2024-10-08T08:07:38.493+0000] {logging_mixin.py:190} INFO - [2024-10-08T08:07:38.492+0000] {dag.py:3239} INFO - Sync 1 DAGs
[2024-10-08T08:07:38.511+0000] {logging_mixin.py:190} INFO - [2024-10-08T08:07:38.511+0000] {dag.py:4180} INFO - Setting next_dagrun for tutorial_objectstorage to None, run_after=None
[2024-10-08T08:07:38.542+0000] {processor.py:208} INFO - Processing /root/miniconda3/envs/project/lib/python3.8/site-packages/airflow/example_dags/tutorial_objectstorage.py took 0.103 seconds
[2024-10-08T08:09:47.066+0000] {processor.py:186} INFO - Started process (PID=210046) to work on /root/miniconda3/envs/project/lib/python3.8/site-packages/airflow/example_dags/tutorial_objectstorage.py
[2024-10-08T08:09:47.068+0000] {processor.py:914} INFO - Processing file /root/miniconda3/envs/project/lib/python3.8/site-packages/airflow/example_dags/tutorial_objectstorage.py for tasks to queue
[2024-10-08T08:09:47.080+0000] {logging_mixin.py:190} INFO - [2024-10-08T08:09:47.079+0000] {dagbag.py:588} INFO - Filling up the DagBag from /root/miniconda3/envs/project/lib/python3.8/site-packages/airflow/example_dags/tutorial_objectstorage.py
[2024-10-08T08:09:47.094+0000] {processor.py:925} INFO - DAG(s) 'tutorial_objectstorage' retrieved from /root/miniconda3/envs/project/lib/python3.8/site-packages/airflow/example_dags/tutorial_objectstorage.py
[2024-10-08T08:09:47.119+0000] {logging_mixin.py:190} INFO - [2024-10-08T08:09:47.119+0000] {dag.py:3239} INFO - Sync 1 DAGs
[2024-10-08T08:09:47.137+0000] {logging_mixin.py:190} INFO - [2024-10-08T08:09:47.137+0000] {dag.py:4180} INFO - Setting next_dagrun for tutorial_objectstorage to None, run_after=None
[2024-10-08T08:09:47.168+0000] {processor.py:208} INFO - Processing /root/miniconda3/envs/project/lib/python3.8/site-packages/airflow/example_dags/tutorial_objectstorage.py took 0.113 seconds
[2024-10-08T08:11:11.363+0000] {processor.py:186} INFO - Started process (PID=210513) to work on /root/miniconda3/envs/project/lib/python3.8/site-packages/airflow/example_dags/tutorial_objectstorage.py
[2024-10-08T08:11:11.366+0000] {processor.py:914} INFO - Processing file /root/miniconda3/envs/project/lib/python3.8/site-packages/airflow/example_dags/tutorial_objectstorage.py for tasks to queue
[2024-10-08T08:11:11.370+0000] {logging_mixin.py:190} INFO - [2024-10-08T08:11:11.370+0000] {dagbag.py:588} INFO - Filling up the DagBag from /root/miniconda3/envs/project/lib/python3.8/site-packages/airflow/example_dags/tutorial_objectstorage.py
[2024-10-08T08:11:11.386+0000] {processor.py:925} INFO - DAG(s) 'tutorial_objectstorage' retrieved from /root/miniconda3/envs/project/lib/python3.8/site-packages/airflow/example_dags/tutorial_objectstorage.py
[2024-10-08T08:11:11.411+0000] {logging_mixin.py:190} INFO - [2024-10-08T08:11:11.411+0000] {dag.py:3239} INFO - Sync 1 DAGs
[2024-10-08T08:11:11.430+0000] {logging_mixin.py:190} INFO - [2024-10-08T08:11:11.430+0000] {dag.py:4180} INFO - Setting next_dagrun for tutorial_objectstorage to None, run_after=None
[2024-10-08T08:11:11.464+0000] {processor.py:208} INFO - Processing /root/miniconda3/envs/project/lib/python3.8/site-packages/airflow/example_dags/tutorial_objectstorage.py took 0.114 seconds
[2024-10-08T08:12:49.488+0000] {processor.py:186} INFO - Started process (PID=211044) to work on /root/miniconda3/envs/project/lib/python3.8/site-packages/airflow/example_dags/tutorial_objectstorage.py
[2024-10-08T08:12:49.491+0000] {processor.py:914} INFO - Processing file /root/miniconda3/envs/project/lib/python3.8/site-packages/airflow/example_dags/tutorial_objectstorage.py for tasks to queue
[2024-10-08T08:12:49.495+0000] {logging_mixin.py:190} INFO - [2024-10-08T08:12:49.494+0000] {dagbag.py:588} INFO - Filling up the DagBag from /root/miniconda3/envs/project/lib/python3.8/site-packages/airflow/example_dags/tutorial_objectstorage.py
[2024-10-08T08:12:49.510+0000] {processor.py:925} INFO - DAG(s) 'tutorial_objectstorage' retrieved from /root/miniconda3/envs/project/lib/python3.8/site-packages/airflow/example_dags/tutorial_objectstorage.py
[2024-10-08T08:12:49.536+0000] {logging_mixin.py:190} INFO - [2024-10-08T08:12:49.535+0000] {dag.py:3239} INFO - Sync 1 DAGs
[2024-10-08T08:12:49.555+0000] {logging_mixin.py:190} INFO - [2024-10-08T08:12:49.555+0000] {dag.py:4180} INFO - Setting next_dagrun for tutorial_objectstorage to None, run_after=None
[2024-10-08T08:12:49.592+0000] {processor.py:208} INFO - Processing /root/miniconda3/envs/project/lib/python3.8/site-packages/airflow/example_dags/tutorial_objectstorage.py took 0.115 seconds
[2024-10-08T08:13:55.488+0000] {processor.py:186} INFO - Started process (PID=211246) to work on /root/miniconda3/envs/project/lib/python3.8/site-packages/airflow/example_dags/tutorial_objectstorage.py
[2024-10-08T08:13:55.491+0000] {processor.py:914} INFO - Processing file /root/miniconda3/envs/project/lib/python3.8/site-packages/airflow/example_dags/tutorial_objectstorage.py for tasks to queue
[2024-10-08T08:13:55.494+0000] {logging_mixin.py:190} INFO - [2024-10-08T08:13:55.494+0000] {dagbag.py:588} INFO - Filling up the DagBag from /root/miniconda3/envs/project/lib/python3.8/site-packages/airflow/example_dags/tutorial_objectstorage.py
[2024-10-08T08:13:55.509+0000] {processor.py:925} INFO - DAG(s) 'tutorial_objectstorage' retrieved from /root/miniconda3/envs/project/lib/python3.8/site-packages/airflow/example_dags/tutorial_objectstorage.py
[2024-10-08T08:13:55.531+0000] {logging_mixin.py:190} INFO - [2024-10-08T08:13:55.531+0000] {dag.py:3239} INFO - Sync 1 DAGs
[2024-10-08T08:13:55.549+0000] {logging_mixin.py:190} INFO - [2024-10-08T08:13:55.549+0000] {dag.py:4180} INFO - Setting next_dagrun for tutorial_objectstorage to None, run_after=None
[2024-10-08T08:13:55.582+0000] {processor.py:208} INFO - Processing /root/miniconda3/envs/project/lib/python3.8/site-packages/airflow/example_dags/tutorial_objectstorage.py took 0.105 seconds
[2024-10-08T08:15:04.469+0000] {processor.py:186} INFO - Started process (PID=211496) to work on /root/miniconda3/envs/project/lib/python3.8/site-packages/airflow/example_dags/tutorial_objectstorage.py
[2024-10-08T08:15:04.472+0000] {processor.py:914} INFO - Processing file /root/miniconda3/envs/project/lib/python3.8/site-packages/airflow/example_dags/tutorial_objectstorage.py for tasks to queue
[2024-10-08T08:15:04.475+0000] {logging_mixin.py:190} INFO - [2024-10-08T08:15:04.475+0000] {dagbag.py:588} INFO - Filling up the DagBag from /root/miniconda3/envs/project/lib/python3.8/site-packages/airflow/example_dags/tutorial_objectstorage.py
[2024-10-08T08:15:04.490+0000] {processor.py:925} INFO - DAG(s) 'tutorial_objectstorage' retrieved from /root/miniconda3/envs/project/lib/python3.8/site-packages/airflow/example_dags/tutorial_objectstorage.py
[2024-10-08T08:15:04.513+0000] {logging_mixin.py:190} INFO - [2024-10-08T08:15:04.513+0000] {dag.py:3239} INFO - Sync 1 DAGs
[2024-10-08T08:15:04.532+0000] {logging_mixin.py:190} INFO - [2024-10-08T08:15:04.531+0000] {dag.py:4180} INFO - Setting next_dagrun for tutorial_objectstorage to None, run_after=None
[2024-10-08T08:15:04.567+0000] {processor.py:208} INFO - Processing /root/miniconda3/envs/project/lib/python3.8/site-packages/airflow/example_dags/tutorial_objectstorage.py took 0.109 seconds
[2024-10-08T08:16:12.938+0000] {processor.py:186} INFO - Started process (PID=211698) to work on /root/miniconda3/envs/project/lib/python3.8/site-packages/airflow/example_dags/tutorial_objectstorage.py
[2024-10-08T08:16:12.941+0000] {processor.py:914} INFO - Processing file /root/miniconda3/envs/project/lib/python3.8/site-packages/airflow/example_dags/tutorial_objectstorage.py for tasks to queue
[2024-10-08T08:16:12.944+0000] {logging_mixin.py:190} INFO - [2024-10-08T08:16:12.944+0000] {dagbag.py:588} INFO - Filling up the DagBag from /root/miniconda3/envs/project/lib/python3.8/site-packages/airflow/example_dags/tutorial_objectstorage.py
[2024-10-08T08:16:12.959+0000] {processor.py:925} INFO - DAG(s) 'tutorial_objectstorage' retrieved from /root/miniconda3/envs/project/lib/python3.8/site-packages/airflow/example_dags/tutorial_objectstorage.py
[2024-10-08T08:16:12.983+0000] {logging_mixin.py:190} INFO - [2024-10-08T08:16:12.983+0000] {dag.py:3239} INFO - Sync 1 DAGs
[2024-10-08T08:16:13.002+0000] {logging_mixin.py:190} INFO - [2024-10-08T08:16:13.002+0000] {dag.py:4180} INFO - Setting next_dagrun for tutorial_objectstorage to None, run_after=None
[2024-10-08T08:16:13.035+0000] {processor.py:208} INFO - Processing /root/miniconda3/envs/project/lib/python3.8/site-packages/airflow/example_dags/tutorial_objectstorage.py took 0.109 seconds
[2024-10-08T08:17:23.572+0000] {processor.py:186} INFO - Started process (PID=211908) to work on /root/miniconda3/envs/project/lib/python3.8/site-packages/airflow/example_dags/tutorial_objectstorage.py
[2024-10-08T08:17:23.575+0000] {processor.py:914} INFO - Processing file /root/miniconda3/envs/project/lib/python3.8/site-packages/airflow/example_dags/tutorial_objectstorage.py for tasks to queue
[2024-10-08T08:17:23.579+0000] {logging_mixin.py:190} INFO - [2024-10-08T08:17:23.578+0000] {dagbag.py:588} INFO - Filling up the DagBag from /root/miniconda3/envs/project/lib/python3.8/site-packages/airflow/example_dags/tutorial_objectstorage.py
[2024-10-08T08:17:23.593+0000] {processor.py:925} INFO - DAG(s) 'tutorial_objectstorage' retrieved from /root/miniconda3/envs/project/lib/python3.8/site-packages/airflow/example_dags/tutorial_objectstorage.py
[2024-10-08T08:17:23.617+0000] {logging_mixin.py:190} INFO - [2024-10-08T08:17:23.616+0000] {dag.py:3239} INFO - Sync 1 DAGs
[2024-10-08T08:17:23.635+0000] {logging_mixin.py:190} INFO - [2024-10-08T08:17:23.635+0000] {dag.py:4180} INFO - Setting next_dagrun for tutorial_objectstorage to None, run_after=None
[2024-10-08T08:17:23.667+0000] {processor.py:208} INFO - Processing /root/miniconda3/envs/project/lib/python3.8/site-packages/airflow/example_dags/tutorial_objectstorage.py took 0.109 seconds
[2024-10-08T08:18:31.970+0000] {processor.py:186} INFO - Started process (PID=212196) to work on /root/miniconda3/envs/project/lib/python3.8/site-packages/airflow/example_dags/tutorial_objectstorage.py
[2024-10-08T08:18:31.973+0000] {processor.py:914} INFO - Processing file /root/miniconda3/envs/project/lib/python3.8/site-packages/airflow/example_dags/tutorial_objectstorage.py for tasks to queue
[2024-10-08T08:18:31.976+0000] {logging_mixin.py:190} INFO - [2024-10-08T08:18:31.975+0000] {dagbag.py:588} INFO - Filling up the DagBag from /root/miniconda3/envs/project/lib/python3.8/site-packages/airflow/example_dags/tutorial_objectstorage.py
[2024-10-08T08:18:31.990+0000] {processor.py:925} INFO - DAG(s) 'tutorial_objectstorage' retrieved from /root/miniconda3/envs/project/lib/python3.8/site-packages/airflow/example_dags/tutorial_objectstorage.py
[2024-10-08T08:18:32.013+0000] {logging_mixin.py:190} INFO - [2024-10-08T08:18:32.012+0000] {dag.py:3239} INFO - Sync 1 DAGs
[2024-10-08T08:18:32.031+0000] {logging_mixin.py:190} INFO - [2024-10-08T08:18:32.031+0000] {dag.py:4180} INFO - Setting next_dagrun for tutorial_objectstorage to None, run_after=None
[2024-10-08T08:18:32.068+0000] {processor.py:208} INFO - Processing /root/miniconda3/envs/project/lib/python3.8/site-packages/airflow/example_dags/tutorial_objectstorage.py took 0.110 seconds
[2024-10-08T08:19:42.018+0000] {processor.py:186} INFO - Started process (PID=212398) to work on /root/miniconda3/envs/project/lib/python3.8/site-packages/airflow/example_dags/tutorial_objectstorage.py
[2024-10-08T08:19:42.021+0000] {processor.py:914} INFO - Processing file /root/miniconda3/envs/project/lib/python3.8/site-packages/airflow/example_dags/tutorial_objectstorage.py for tasks to queue
[2024-10-08T08:19:42.024+0000] {logging_mixin.py:190} INFO - [2024-10-08T08:19:42.023+0000] {dagbag.py:588} INFO - Filling up the DagBag from /root/miniconda3/envs/project/lib/python3.8/site-packages/airflow/example_dags/tutorial_objectstorage.py
[2024-10-08T08:19:42.039+0000] {processor.py:925} INFO - DAG(s) 'tutorial_objectstorage' retrieved from /root/miniconda3/envs/project/lib/python3.8/site-packages/airflow/example_dags/tutorial_objectstorage.py
[2024-10-08T08:19:42.062+0000] {logging_mixin.py:190} INFO - [2024-10-08T08:19:42.062+0000] {dag.py:3239} INFO - Sync 1 DAGs
[2024-10-08T08:19:42.080+0000] {logging_mixin.py:190} INFO - [2024-10-08T08:19:42.080+0000] {dag.py:4180} INFO - Setting next_dagrun for tutorial_objectstorage to None, run_after=None
[2024-10-08T08:19:42.112+0000] {processor.py:208} INFO - Processing /root/miniconda3/envs/project/lib/python3.8/site-packages/airflow/example_dags/tutorial_objectstorage.py took 0.105 seconds
[2024-10-08T08:20:50.127+0000] {processor.py:186} INFO - Started process (PID=212587) to work on /root/miniconda3/envs/project/lib/python3.8/site-packages/airflow/example_dags/tutorial_objectstorage.py
[2024-10-08T08:20:50.130+0000] {processor.py:914} INFO - Processing file /root/miniconda3/envs/project/lib/python3.8/site-packages/airflow/example_dags/tutorial_objectstorage.py for tasks to queue
[2024-10-08T08:20:50.133+0000] {logging_mixin.py:190} INFO - [2024-10-08T08:20:50.133+0000] {dagbag.py:588} INFO - Filling up the DagBag from /root/miniconda3/envs/project/lib/python3.8/site-packages/airflow/example_dags/tutorial_objectstorage.py
[2024-10-08T08:20:50.147+0000] {processor.py:925} INFO - DAG(s) 'tutorial_objectstorage' retrieved from /root/miniconda3/envs/project/lib/python3.8/site-packages/airflow/example_dags/tutorial_objectstorage.py
[2024-10-08T08:20:50.170+0000] {logging_mixin.py:190} INFO - [2024-10-08T08:20:50.170+0000] {dag.py:3239} INFO - Sync 1 DAGs
[2024-10-08T08:20:50.188+0000] {logging_mixin.py:190} INFO - [2024-10-08T08:20:50.188+0000] {dag.py:4180} INFO - Setting next_dagrun for tutorial_objectstorage to None, run_after=None
[2024-10-08T08:20:50.218+0000] {processor.py:208} INFO - Processing /root/miniconda3/envs/project/lib/python3.8/site-packages/airflow/example_dags/tutorial_objectstorage.py took 0.103 seconds
[2024-10-08T08:22:00.455+0000] {processor.py:186} INFO - Started process (PID=212796) to work on /root/miniconda3/envs/project/lib/python3.8/site-packages/airflow/example_dags/tutorial_objectstorage.py
[2024-10-08T08:22:00.458+0000] {processor.py:914} INFO - Processing file /root/miniconda3/envs/project/lib/python3.8/site-packages/airflow/example_dags/tutorial_objectstorage.py for tasks to queue
[2024-10-08T08:22:00.461+0000] {logging_mixin.py:190} INFO - [2024-10-08T08:22:00.461+0000] {dagbag.py:588} INFO - Filling up the DagBag from /root/miniconda3/envs/project/lib/python3.8/site-packages/airflow/example_dags/tutorial_objectstorage.py
[2024-10-08T08:22:00.476+0000] {processor.py:925} INFO - DAG(s) 'tutorial_objectstorage' retrieved from /root/miniconda3/envs/project/lib/python3.8/site-packages/airflow/example_dags/tutorial_objectstorage.py
[2024-10-08T08:22:00.499+0000] {logging_mixin.py:190} INFO - [2024-10-08T08:22:00.499+0000] {dag.py:3239} INFO - Sync 1 DAGs
[2024-10-08T08:22:00.518+0000] {logging_mixin.py:190} INFO - [2024-10-08T08:22:00.518+0000] {dag.py:4180} INFO - Setting next_dagrun for tutorial_objectstorage to None, run_after=None
[2024-10-08T08:22:00.555+0000] {processor.py:208} INFO - Processing /root/miniconda3/envs/project/lib/python3.8/site-packages/airflow/example_dags/tutorial_objectstorage.py took 0.111 seconds
[2024-10-08T08:23:09.486+0000] {processor.py:186} INFO - Started process (PID=213041) to work on /root/miniconda3/envs/project/lib/python3.8/site-packages/airflow/example_dags/tutorial_objectstorage.py
[2024-10-08T08:23:09.490+0000] {processor.py:914} INFO - Processing file /root/miniconda3/envs/project/lib/python3.8/site-packages/airflow/example_dags/tutorial_objectstorage.py for tasks to queue
[2024-10-08T08:23:09.493+0000] {logging_mixin.py:190} INFO - [2024-10-08T08:23:09.492+0000] {dagbag.py:588} INFO - Filling up the DagBag from /root/miniconda3/envs/project/lib/python3.8/site-packages/airflow/example_dags/tutorial_objectstorage.py
[2024-10-08T08:23:09.508+0000] {processor.py:925} INFO - DAG(s) 'tutorial_objectstorage' retrieved from /root/miniconda3/envs/project/lib/python3.8/site-packages/airflow/example_dags/tutorial_objectstorage.py
[2024-10-08T08:23:09.532+0000] {logging_mixin.py:190} INFO - [2024-10-08T08:23:09.531+0000] {dag.py:3239} INFO - Sync 1 DAGs
[2024-10-08T08:23:09.550+0000] {logging_mixin.py:190} INFO - [2024-10-08T08:23:09.549+0000] {dag.py:4180} INFO - Setting next_dagrun for tutorial_objectstorage to None, run_after=None
[2024-10-08T08:23:09.581+0000] {processor.py:208} INFO - Processing /root/miniconda3/envs/project/lib/python3.8/site-packages/airflow/example_dags/tutorial_objectstorage.py took 0.107 seconds
[2024-10-08T08:24:12.722+0000] {processor.py:186} INFO - Started process (PID=213229) to work on /root/miniconda3/envs/project/lib/python3.8/site-packages/airflow/example_dags/tutorial_objectstorage.py
[2024-10-08T08:24:12.725+0000] {processor.py:914} INFO - Processing file /root/miniconda3/envs/project/lib/python3.8/site-packages/airflow/example_dags/tutorial_objectstorage.py for tasks to queue
[2024-10-08T08:24:12.728+0000] {logging_mixin.py:190} INFO - [2024-10-08T08:24:12.727+0000] {dagbag.py:588} INFO - Filling up the DagBag from /root/miniconda3/envs/project/lib/python3.8/site-packages/airflow/example_dags/tutorial_objectstorage.py
[2024-10-08T08:24:12.742+0000] {processor.py:925} INFO - DAG(s) 'tutorial_objectstorage' retrieved from /root/miniconda3/envs/project/lib/python3.8/site-packages/airflow/example_dags/tutorial_objectstorage.py
[2024-10-08T08:24:12.766+0000] {logging_mixin.py:190} INFO - [2024-10-08T08:24:12.766+0000] {dag.py:3239} INFO - Sync 1 DAGs
[2024-10-08T08:24:12.784+0000] {logging_mixin.py:190} INFO - [2024-10-08T08:24:12.784+0000] {dag.py:4180} INFO - Setting next_dagrun for tutorial_objectstorage to None, run_after=None
[2024-10-08T08:24:12.818+0000] {processor.py:208} INFO - Processing /root/miniconda3/envs/project/lib/python3.8/site-packages/airflow/example_dags/tutorial_objectstorage.py took 0.107 seconds
[2024-10-08T08:37:01.662+0000] {processor.py:186} INFO - Started process (PID=214811) to work on /root/miniconda3/envs/project/lib/python3.8/site-packages/airflow/example_dags/tutorial_objectstorage.py
[2024-10-08T08:37:01.665+0000] {processor.py:914} INFO - Processing file /root/miniconda3/envs/project/lib/python3.8/site-packages/airflow/example_dags/tutorial_objectstorage.py for tasks to queue
[2024-10-08T08:37:01.669+0000] {logging_mixin.py:190} INFO - [2024-10-08T08:37:01.668+0000] {dagbag.py:588} INFO - Filling up the DagBag from /root/miniconda3/envs/project/lib/python3.8/site-packages/airflow/example_dags/tutorial_objectstorage.py
[2024-10-08T08:37:01.682+0000] {processor.py:925} INFO - DAG(s) 'tutorial_objectstorage' retrieved from /root/miniconda3/envs/project/lib/python3.8/site-packages/airflow/example_dags/tutorial_objectstorage.py
[2024-10-08T08:37:01.707+0000] {logging_mixin.py:190} INFO - [2024-10-08T08:37:01.707+0000] {dag.py:3239} INFO - Sync 1 DAGs
[2024-10-08T08:37:01.725+0000] {logging_mixin.py:190} INFO - [2024-10-08T08:37:01.725+0000] {dag.py:4180} INFO - Setting next_dagrun for tutorial_objectstorage to None, run_after=None
[2024-10-08T08:37:01.759+0000] {processor.py:208} INFO - Processing /root/miniconda3/envs/project/lib/python3.8/site-packages/airflow/example_dags/tutorial_objectstorage.py took 0.108 seconds
[2024-10-08T08:38:10.441+0000] {processor.py:186} INFO - Started process (PID=215201) to work on /root/miniconda3/envs/project/lib/python3.8/site-packages/airflow/example_dags/tutorial_objectstorage.py
[2024-10-08T08:38:10.444+0000] {processor.py:914} INFO - Processing file /root/miniconda3/envs/project/lib/python3.8/site-packages/airflow/example_dags/tutorial_objectstorage.py for tasks to queue
[2024-10-08T08:38:10.447+0000] {logging_mixin.py:190} INFO - [2024-10-08T08:38:10.446+0000] {dagbag.py:588} INFO - Filling up the DagBag from /root/miniconda3/envs/project/lib/python3.8/site-packages/airflow/example_dags/tutorial_objectstorage.py
[2024-10-08T08:38:10.462+0000] {processor.py:925} INFO - DAG(s) 'tutorial_objectstorage' retrieved from /root/miniconda3/envs/project/lib/python3.8/site-packages/airflow/example_dags/tutorial_objectstorage.py
[2024-10-08T08:38:10.485+0000] {logging_mixin.py:190} INFO - [2024-10-08T08:38:10.485+0000] {dag.py:3239} INFO - Sync 1 DAGs
[2024-10-08T08:38:10.503+0000] {logging_mixin.py:190} INFO - [2024-10-08T08:38:10.503+0000] {dag.py:4180} INFO - Setting next_dagrun for tutorial_objectstorage to None, run_after=None
[2024-10-08T08:38:10.535+0000] {processor.py:208} INFO - Processing /root/miniconda3/envs/project/lib/python3.8/site-packages/airflow/example_dags/tutorial_objectstorage.py took 0.107 seconds
[2024-10-08T08:39:19.259+0000] {processor.py:186} INFO - Started process (PID=215604) to work on /root/miniconda3/envs/project/lib/python3.8/site-packages/airflow/example_dags/tutorial_objectstorage.py
[2024-10-08T08:39:19.262+0000] {processor.py:914} INFO - Processing file /root/miniconda3/envs/project/lib/python3.8/site-packages/airflow/example_dags/tutorial_objectstorage.py for tasks to queue
[2024-10-08T08:39:19.266+0000] {logging_mixin.py:190} INFO - [2024-10-08T08:39:19.265+0000] {dagbag.py:588} INFO - Filling up the DagBag from /root/miniconda3/envs/project/lib/python3.8/site-packages/airflow/example_dags/tutorial_objectstorage.py
[2024-10-08T08:39:19.280+0000] {processor.py:925} INFO - DAG(s) 'tutorial_objectstorage' retrieved from /root/miniconda3/envs/project/lib/python3.8/site-packages/airflow/example_dags/tutorial_objectstorage.py
[2024-10-08T08:39:19.303+0000] {logging_mixin.py:190} INFO - [2024-10-08T08:39:19.303+0000] {dag.py:3239} INFO - Sync 1 DAGs
[2024-10-08T08:39:19.321+0000] {logging_mixin.py:190} INFO - [2024-10-08T08:39:19.321+0000] {dag.py:4180} INFO - Setting next_dagrun for tutorial_objectstorage to None, run_after=None
[2024-10-08T08:39:19.352+0000] {processor.py:208} INFO - Processing /root/miniconda3/envs/project/lib/python3.8/site-packages/airflow/example_dags/tutorial_objectstorage.py took 0.104 seconds
[2024-10-08T08:40:30.227+0000] {processor.py:186} INFO - Started process (PID=215955) to work on /root/miniconda3/envs/project/lib/python3.8/site-packages/airflow/example_dags/tutorial_objectstorage.py
[2024-10-08T08:40:30.230+0000] {processor.py:914} INFO - Processing file /root/miniconda3/envs/project/lib/python3.8/site-packages/airflow/example_dags/tutorial_objectstorage.py for tasks to queue
[2024-10-08T08:40:30.233+0000] {logging_mixin.py:190} INFO - [2024-10-08T08:40:30.232+0000] {dagbag.py:588} INFO - Filling up the DagBag from /root/miniconda3/envs/project/lib/python3.8/site-packages/airflow/example_dags/tutorial_objectstorage.py
[2024-10-08T08:40:30.248+0000] {processor.py:925} INFO - DAG(s) 'tutorial_objectstorage' retrieved from /root/miniconda3/envs/project/lib/python3.8/site-packages/airflow/example_dags/tutorial_objectstorage.py
[2024-10-08T08:40:30.272+0000] {logging_mixin.py:190} INFO - [2024-10-08T08:40:30.271+0000] {dag.py:3239} INFO - Sync 1 DAGs
[2024-10-08T08:40:30.289+0000] {logging_mixin.py:190} INFO - [2024-10-08T08:40:30.289+0000] {dag.py:4180} INFO - Setting next_dagrun for tutorial_objectstorage to None, run_after=None
[2024-10-08T08:40:30.323+0000] {processor.py:208} INFO - Processing /root/miniconda3/envs/project/lib/python3.8/site-packages/airflow/example_dags/tutorial_objectstorage.py took 0.109 seconds
[2024-10-08T08:41:38.223+0000] {processor.py:186} INFO - Started process (PID=216383) to work on /root/miniconda3/envs/project/lib/python3.8/site-packages/airflow/example_dags/tutorial_objectstorage.py
[2024-10-08T08:41:38.226+0000] {processor.py:914} INFO - Processing file /root/miniconda3/envs/project/lib/python3.8/site-packages/airflow/example_dags/tutorial_objectstorage.py for tasks to queue
[2024-10-08T08:41:38.229+0000] {logging_mixin.py:190} INFO - [2024-10-08T08:41:38.229+0000] {dagbag.py:588} INFO - Filling up the DagBag from /root/miniconda3/envs/project/lib/python3.8/site-packages/airflow/example_dags/tutorial_objectstorage.py
[2024-10-08T08:41:38.244+0000] {processor.py:925} INFO - DAG(s) 'tutorial_objectstorage' retrieved from /root/miniconda3/envs/project/lib/python3.8/site-packages/airflow/example_dags/tutorial_objectstorage.py
[2024-10-08T08:41:38.267+0000] {logging_mixin.py:190} INFO - [2024-10-08T08:41:38.267+0000] {dag.py:3239} INFO - Sync 1 DAGs
[2024-10-08T08:41:38.286+0000] {logging_mixin.py:190} INFO - [2024-10-08T08:41:38.286+0000] {dag.py:4180} INFO - Setting next_dagrun for tutorial_objectstorage to None, run_after=None
[2024-10-08T08:41:38.318+0000] {processor.py:208} INFO - Processing /root/miniconda3/envs/project/lib/python3.8/site-packages/airflow/example_dags/tutorial_objectstorage.py took 0.106 seconds
[2024-10-08T08:42:43.482+0000] {processor.py:186} INFO - Started process (PID=216692) to work on /root/miniconda3/envs/project/lib/python3.8/site-packages/airflow/example_dags/tutorial_objectstorage.py
[2024-10-08T08:42:43.485+0000] {processor.py:914} INFO - Processing file /root/miniconda3/envs/project/lib/python3.8/site-packages/airflow/example_dags/tutorial_objectstorage.py for tasks to queue
[2024-10-08T08:42:43.488+0000] {logging_mixin.py:190} INFO - [2024-10-08T08:42:43.487+0000] {dagbag.py:588} INFO - Filling up the DagBag from /root/miniconda3/envs/project/lib/python3.8/site-packages/airflow/example_dags/tutorial_objectstorage.py
[2024-10-08T08:42:43.502+0000] {processor.py:925} INFO - DAG(s) 'tutorial_objectstorage' retrieved from /root/miniconda3/envs/project/lib/python3.8/site-packages/airflow/example_dags/tutorial_objectstorage.py
[2024-10-08T08:42:43.526+0000] {logging_mixin.py:190} INFO - [2024-10-08T08:42:43.526+0000] {dag.py:3239} INFO - Sync 1 DAGs
[2024-10-08T08:42:43.544+0000] {logging_mixin.py:190} INFO - [2024-10-08T08:42:43.544+0000] {dag.py:4180} INFO - Setting next_dagrun for tutorial_objectstorage to None, run_after=None
[2024-10-08T08:42:43.580+0000] {processor.py:208} INFO - Processing /root/miniconda3/envs/project/lib/python3.8/site-packages/airflow/example_dags/tutorial_objectstorage.py took 0.108 seconds
[2024-10-08T08:43:51.950+0000] {processor.py:186} INFO - Started process (PID=216910) to work on /root/miniconda3/envs/project/lib/python3.8/site-packages/airflow/example_dags/tutorial_objectstorage.py
[2024-10-08T08:43:51.953+0000] {processor.py:914} INFO - Processing file /root/miniconda3/envs/project/lib/python3.8/site-packages/airflow/example_dags/tutorial_objectstorage.py for tasks to queue
[2024-10-08T08:43:51.956+0000] {logging_mixin.py:190} INFO - [2024-10-08T08:43:51.956+0000] {dagbag.py:588} INFO - Filling up the DagBag from /root/miniconda3/envs/project/lib/python3.8/site-packages/airflow/example_dags/tutorial_objectstorage.py
[2024-10-08T08:43:51.971+0000] {processor.py:925} INFO - DAG(s) 'tutorial_objectstorage' retrieved from /root/miniconda3/envs/project/lib/python3.8/site-packages/airflow/example_dags/tutorial_objectstorage.py
[2024-10-08T08:43:51.993+0000] {logging_mixin.py:190} INFO - [2024-10-08T08:43:51.993+0000] {dag.py:3239} INFO - Sync 1 DAGs
[2024-10-08T08:43:52.012+0000] {logging_mixin.py:190} INFO - [2024-10-08T08:43:52.012+0000] {dag.py:4180} INFO - Setting next_dagrun for tutorial_objectstorage to None, run_after=None
[2024-10-08T08:43:52.043+0000] {processor.py:208} INFO - Processing /root/miniconda3/envs/project/lib/python3.8/site-packages/airflow/example_dags/tutorial_objectstorage.py took 0.104 seconds
[2024-10-08T08:45:03.830+0000] {processor.py:186} INFO - Started process (PID=217136) to work on /root/miniconda3/envs/project/lib/python3.8/site-packages/airflow/example_dags/tutorial_objectstorage.py
[2024-10-08T08:45:03.833+0000] {processor.py:914} INFO - Processing file /root/miniconda3/envs/project/lib/python3.8/site-packages/airflow/example_dags/tutorial_objectstorage.py for tasks to queue
[2024-10-08T08:45:03.836+0000] {logging_mixin.py:190} INFO - [2024-10-08T08:45:03.835+0000] {dagbag.py:588} INFO - Filling up the DagBag from /root/miniconda3/envs/project/lib/python3.8/site-packages/airflow/example_dags/tutorial_objectstorage.py
[2024-10-08T08:45:03.850+0000] {processor.py:925} INFO - DAG(s) 'tutorial_objectstorage' retrieved from /root/miniconda3/envs/project/lib/python3.8/site-packages/airflow/example_dags/tutorial_objectstorage.py
[2024-10-08T08:45:03.873+0000] {logging_mixin.py:190} INFO - [2024-10-08T08:45:03.873+0000] {dag.py:3239} INFO - Sync 1 DAGs
[2024-10-08T08:45:03.891+0000] {logging_mixin.py:190} INFO - [2024-10-08T08:45:03.891+0000] {dag.py:4180} INFO - Setting next_dagrun for tutorial_objectstorage to None, run_after=None
[2024-10-08T08:45:03.923+0000] {processor.py:208} INFO - Processing /root/miniconda3/envs/project/lib/python3.8/site-packages/airflow/example_dags/tutorial_objectstorage.py took 0.106 seconds
[2024-10-08T08:46:18.342+0000] {processor.py:186} INFO - Started process (PID=217367) to work on /root/miniconda3/envs/project/lib/python3.8/site-packages/airflow/example_dags/tutorial_objectstorage.py
[2024-10-08T08:46:18.345+0000] {processor.py:914} INFO - Processing file /root/miniconda3/envs/project/lib/python3.8/site-packages/airflow/example_dags/tutorial_objectstorage.py for tasks to queue
[2024-10-08T08:46:18.348+0000] {logging_mixin.py:190} INFO - [2024-10-08T08:46:18.347+0000] {dagbag.py:588} INFO - Filling up the DagBag from /root/miniconda3/envs/project/lib/python3.8/site-packages/airflow/example_dags/tutorial_objectstorage.py
[2024-10-08T08:46:18.363+0000] {processor.py:925} INFO - DAG(s) 'tutorial_objectstorage' retrieved from /root/miniconda3/envs/project/lib/python3.8/site-packages/airflow/example_dags/tutorial_objectstorage.py
[2024-10-08T08:46:18.385+0000] {logging_mixin.py:190} INFO - [2024-10-08T08:46:18.385+0000] {dag.py:3239} INFO - Sync 1 DAGs
[2024-10-08T08:46:18.405+0000] {logging_mixin.py:190} INFO - [2024-10-08T08:46:18.405+0000] {dag.py:4180} INFO - Setting next_dagrun for tutorial_objectstorage to None, run_after=None
[2024-10-08T08:46:18.443+0000] {processor.py:208} INFO - Processing /root/miniconda3/envs/project/lib/python3.8/site-packages/airflow/example_dags/tutorial_objectstorage.py took 0.112 seconds
[2024-10-08T08:47:29.838+0000] {processor.py:186} INFO - Started process (PID=217791) to work on /root/miniconda3/envs/project/lib/python3.8/site-packages/airflow/example_dags/tutorial_objectstorage.py
[2024-10-08T08:47:29.840+0000] {processor.py:914} INFO - Processing file /root/miniconda3/envs/project/lib/python3.8/site-packages/airflow/example_dags/tutorial_objectstorage.py for tasks to queue
[2024-10-08T08:47:29.844+0000] {logging_mixin.py:190} INFO - [2024-10-08T08:47:29.843+0000] {dagbag.py:588} INFO - Filling up the DagBag from /root/miniconda3/envs/project/lib/python3.8/site-packages/airflow/example_dags/tutorial_objectstorage.py
[2024-10-08T08:47:29.858+0000] {processor.py:925} INFO - DAG(s) 'tutorial_objectstorage' retrieved from /root/miniconda3/envs/project/lib/python3.8/site-packages/airflow/example_dags/tutorial_objectstorage.py
[2024-10-08T08:47:29.882+0000] {logging_mixin.py:190} INFO - [2024-10-08T08:47:29.881+0000] {dag.py:3239} INFO - Sync 1 DAGs
[2024-10-08T08:47:29.901+0000] {logging_mixin.py:190} INFO - [2024-10-08T08:47:29.900+0000] {dag.py:4180} INFO - Setting next_dagrun for tutorial_objectstorage to None, run_after=None
[2024-10-08T08:47:29.935+0000] {processor.py:208} INFO - Processing /root/miniconda3/envs/project/lib/python3.8/site-packages/airflow/example_dags/tutorial_objectstorage.py took 0.107 seconds
[2024-10-08T08:48:42.610+0000] {processor.py:186} INFO - Started process (PID=218080) to work on /root/miniconda3/envs/project/lib/python3.8/site-packages/airflow/example_dags/tutorial_objectstorage.py
[2024-10-08T08:48:42.613+0000] {processor.py:914} INFO - Processing file /root/miniconda3/envs/project/lib/python3.8/site-packages/airflow/example_dags/tutorial_objectstorage.py for tasks to queue
[2024-10-08T08:48:42.616+0000] {logging_mixin.py:190} INFO - [2024-10-08T08:48:42.616+0000] {dagbag.py:588} INFO - Filling up the DagBag from /root/miniconda3/envs/project/lib/python3.8/site-packages/airflow/example_dags/tutorial_objectstorage.py
[2024-10-08T08:48:42.630+0000] {processor.py:925} INFO - DAG(s) 'tutorial_objectstorage' retrieved from /root/miniconda3/envs/project/lib/python3.8/site-packages/airflow/example_dags/tutorial_objectstorage.py
[2024-10-08T08:48:42.653+0000] {logging_mixin.py:190} INFO - [2024-10-08T08:48:42.653+0000] {dag.py:3239} INFO - Sync 1 DAGs
[2024-10-08T08:48:42.672+0000] {logging_mixin.py:190} INFO - [2024-10-08T08:48:42.672+0000] {dag.py:4180} INFO - Setting next_dagrun for tutorial_objectstorage to None, run_after=None
[2024-10-08T08:48:42.703+0000] {processor.py:208} INFO - Processing /root/miniconda3/envs/project/lib/python3.8/site-packages/airflow/example_dags/tutorial_objectstorage.py took 0.105 seconds
[2024-10-08T08:49:52.910+0000] {processor.py:186} INFO - Started process (PID=218299) to work on /root/miniconda3/envs/project/lib/python3.8/site-packages/airflow/example_dags/tutorial_objectstorage.py
[2024-10-08T08:49:52.913+0000] {processor.py:914} INFO - Processing file /root/miniconda3/envs/project/lib/python3.8/site-packages/airflow/example_dags/tutorial_objectstorage.py for tasks to queue
[2024-10-08T08:49:52.916+0000] {logging_mixin.py:190} INFO - [2024-10-08T08:49:52.916+0000] {dagbag.py:588} INFO - Filling up the DagBag from /root/miniconda3/envs/project/lib/python3.8/site-packages/airflow/example_dags/tutorial_objectstorage.py
[2024-10-08T08:49:52.930+0000] {processor.py:925} INFO - DAG(s) 'tutorial_objectstorage' retrieved from /root/miniconda3/envs/project/lib/python3.8/site-packages/airflow/example_dags/tutorial_objectstorage.py
[2024-10-08T08:49:52.953+0000] {logging_mixin.py:190} INFO - [2024-10-08T08:49:52.952+0000] {dag.py:3239} INFO - Sync 1 DAGs
[2024-10-08T08:49:52.970+0000] {logging_mixin.py:190} INFO - [2024-10-08T08:49:52.970+0000] {dag.py:4180} INFO - Setting next_dagrun for tutorial_objectstorage to None, run_after=None
[2024-10-08T08:49:53.001+0000] {processor.py:208} INFO - Processing /root/miniconda3/envs/project/lib/python3.8/site-packages/airflow/example_dags/tutorial_objectstorage.py took 0.101 seconds
[2024-10-08T08:51:02.357+0000] {processor.py:186} INFO - Started process (PID=218645) to work on /root/miniconda3/envs/project/lib/python3.8/site-packages/airflow/example_dags/tutorial_objectstorage.py
[2024-10-08T08:51:02.360+0000] {processor.py:914} INFO - Processing file /root/miniconda3/envs/project/lib/python3.8/site-packages/airflow/example_dags/tutorial_objectstorage.py for tasks to queue
[2024-10-08T08:51:02.363+0000] {logging_mixin.py:190} INFO - [2024-10-08T08:51:02.363+0000] {dagbag.py:588} INFO - Filling up the DagBag from /root/miniconda3/envs/project/lib/python3.8/site-packages/airflow/example_dags/tutorial_objectstorage.py
[2024-10-08T08:51:02.378+0000] {processor.py:925} INFO - DAG(s) 'tutorial_objectstorage' retrieved from /root/miniconda3/envs/project/lib/python3.8/site-packages/airflow/example_dags/tutorial_objectstorage.py
[2024-10-08T08:51:02.401+0000] {logging_mixin.py:190} INFO - [2024-10-08T08:51:02.401+0000] {dag.py:3239} INFO - Sync 1 DAGs
[2024-10-08T08:51:02.420+0000] {logging_mixin.py:190} INFO - [2024-10-08T08:51:02.420+0000] {dag.py:4180} INFO - Setting next_dagrun for tutorial_objectstorage to None, run_after=None
[2024-10-08T08:51:02.455+0000] {processor.py:208} INFO - Processing /root/miniconda3/envs/project/lib/python3.8/site-packages/airflow/example_dags/tutorial_objectstorage.py took 0.108 seconds
[2024-10-08T09:03:27.118+0000] {processor.py:186} INFO - Started process (PID=219442) to work on /root/miniconda3/envs/project/lib/python3.8/site-packages/airflow/example_dags/tutorial_objectstorage.py
[2024-10-08T09:03:27.121+0000] {processor.py:914} INFO - Processing file /root/miniconda3/envs/project/lib/python3.8/site-packages/airflow/example_dags/tutorial_objectstorage.py for tasks to queue
[2024-10-08T09:03:27.125+0000] {logging_mixin.py:190} INFO - [2024-10-08T09:03:27.125+0000] {dagbag.py:588} INFO - Filling up the DagBag from /root/miniconda3/envs/project/lib/python3.8/site-packages/airflow/example_dags/tutorial_objectstorage.py
[2024-10-08T09:03:27.139+0000] {processor.py:925} INFO - DAG(s) 'tutorial_objectstorage' retrieved from /root/miniconda3/envs/project/lib/python3.8/site-packages/airflow/example_dags/tutorial_objectstorage.py
[2024-10-08T09:03:27.163+0000] {logging_mixin.py:190} INFO - [2024-10-08T09:03:27.162+0000] {dag.py:3239} INFO - Sync 1 DAGs
[2024-10-08T09:03:27.180+0000] {logging_mixin.py:190} INFO - [2024-10-08T09:03:27.180+0000] {dag.py:4180} INFO - Setting next_dagrun for tutorial_objectstorage to None, run_after=None
[2024-10-08T09:03:27.215+0000] {processor.py:208} INFO - Processing /root/miniconda3/envs/project/lib/python3.8/site-packages/airflow/example_dags/tutorial_objectstorage.py took 0.108 seconds
[2024-10-08T09:05:07.908+0000] {processor.py:186} INFO - Started process (PID=219996) to work on /root/miniconda3/envs/project/lib/python3.8/site-packages/airflow/example_dags/tutorial_objectstorage.py
[2024-10-08T09:05:07.911+0000] {processor.py:914} INFO - Processing file /root/miniconda3/envs/project/lib/python3.8/site-packages/airflow/example_dags/tutorial_objectstorage.py for tasks to queue
[2024-10-08T09:05:07.915+0000] {logging_mixin.py:190} INFO - [2024-10-08T09:05:07.915+0000] {dagbag.py:588} INFO - Filling up the DagBag from /root/miniconda3/envs/project/lib/python3.8/site-packages/airflow/example_dags/tutorial_objectstorage.py
[2024-10-08T09:05:07.930+0000] {processor.py:925} INFO - DAG(s) 'tutorial_objectstorage' retrieved from /root/miniconda3/envs/project/lib/python3.8/site-packages/airflow/example_dags/tutorial_objectstorage.py
[2024-10-08T09:05:07.957+0000] {logging_mixin.py:190} INFO - [2024-10-08T09:05:07.957+0000] {dag.py:3239} INFO - Sync 1 DAGs
[2024-10-08T09:05:07.976+0000] {logging_mixin.py:190} INFO - [2024-10-08T09:05:07.975+0000] {dag.py:4180} INFO - Setting next_dagrun for tutorial_objectstorage to None, run_after=None
[2024-10-08T09:05:08.011+0000] {processor.py:208} INFO - Processing /root/miniconda3/envs/project/lib/python3.8/site-packages/airflow/example_dags/tutorial_objectstorage.py took 0.115 seconds
[2024-10-08T09:08:40.305+0000] {processor.py:186} INFO - Started process (PID=220782) to work on /root/miniconda3/envs/project/lib/python3.8/site-packages/airflow/example_dags/tutorial_objectstorage.py
[2024-10-08T09:08:40.309+0000] {processor.py:914} INFO - Processing file /root/miniconda3/envs/project/lib/python3.8/site-packages/airflow/example_dags/tutorial_objectstorage.py for tasks to queue
[2024-10-08T09:08:40.315+0000] {logging_mixin.py:190} INFO - [2024-10-08T09:08:40.314+0000] {dagbag.py:588} INFO - Filling up the DagBag from /root/miniconda3/envs/project/lib/python3.8/site-packages/airflow/example_dags/tutorial_objectstorage.py
[2024-10-08T09:08:40.333+0000] {processor.py:925} INFO - DAG(s) 'tutorial_objectstorage' retrieved from /root/miniconda3/envs/project/lib/python3.8/site-packages/airflow/example_dags/tutorial_objectstorage.py
[2024-10-08T09:08:40.358+0000] {logging_mixin.py:190} INFO - [2024-10-08T09:08:40.358+0000] {dag.py:3239} INFO - Sync 1 DAGs
[2024-10-08T09:08:40.377+0000] {logging_mixin.py:190} INFO - [2024-10-08T09:08:40.376+0000] {dag.py:4180} INFO - Setting next_dagrun for tutorial_objectstorage to None, run_after=None
[2024-10-08T09:08:40.410+0000] {processor.py:208} INFO - Processing /root/miniconda3/envs/project/lib/python3.8/site-packages/airflow/example_dags/tutorial_objectstorage.py took 0.117 seconds
[2024-10-08T09:10:08.634+0000] {processor.py:186} INFO - Started process (PID=221467) to work on /root/miniconda3/envs/project/lib/python3.8/site-packages/airflow/example_dags/tutorial_objectstorage.py
[2024-10-08T09:10:08.637+0000] {processor.py:914} INFO - Processing file /root/miniconda3/envs/project/lib/python3.8/site-packages/airflow/example_dags/tutorial_objectstorage.py for tasks to queue
[2024-10-08T09:10:08.641+0000] {logging_mixin.py:190} INFO - [2024-10-08T09:10:08.641+0000] {dagbag.py:588} INFO - Filling up the DagBag from /root/miniconda3/envs/project/lib/python3.8/site-packages/airflow/example_dags/tutorial_objectstorage.py
[2024-10-08T09:10:08.655+0000] {processor.py:925} INFO - DAG(s) 'tutorial_objectstorage' retrieved from /root/miniconda3/envs/project/lib/python3.8/site-packages/airflow/example_dags/tutorial_objectstorage.py
[2024-10-08T09:10:08.679+0000] {logging_mixin.py:190} INFO - [2024-10-08T09:10:08.678+0000] {dag.py:3239} INFO - Sync 1 DAGs
[2024-10-08T09:10:08.696+0000] {logging_mixin.py:190} INFO - [2024-10-08T09:10:08.696+0000] {dag.py:4180} INFO - Setting next_dagrun for tutorial_objectstorage to None, run_after=None
[2024-10-08T09:10:08.727+0000] {processor.py:208} INFO - Processing /root/miniconda3/envs/project/lib/python3.8/site-packages/airflow/example_dags/tutorial_objectstorage.py took 0.104 seconds
[2024-10-08T09:11:17.688+0000] {processor.py:186} INFO - Started process (PID=221708) to work on /root/miniconda3/envs/project/lib/python3.8/site-packages/airflow/example_dags/tutorial_objectstorage.py
[2024-10-08T09:11:17.691+0000] {processor.py:914} INFO - Processing file /root/miniconda3/envs/project/lib/python3.8/site-packages/airflow/example_dags/tutorial_objectstorage.py for tasks to queue
[2024-10-08T09:11:17.694+0000] {logging_mixin.py:190} INFO - [2024-10-08T09:11:17.693+0000] {dagbag.py:588} INFO - Filling up the DagBag from /root/miniconda3/envs/project/lib/python3.8/site-packages/airflow/example_dags/tutorial_objectstorage.py
[2024-10-08T09:11:17.709+0000] {processor.py:925} INFO - DAG(s) 'tutorial_objectstorage' retrieved from /root/miniconda3/envs/project/lib/python3.8/site-packages/airflow/example_dags/tutorial_objectstorage.py
[2024-10-08T09:11:17.732+0000] {logging_mixin.py:190} INFO - [2024-10-08T09:11:17.731+0000] {dag.py:3239} INFO - Sync 1 DAGs
[2024-10-08T09:11:17.751+0000] {logging_mixin.py:190} INFO - [2024-10-08T09:11:17.750+0000] {dag.py:4180} INFO - Setting next_dagrun for tutorial_objectstorage to None, run_after=None
[2024-10-08T09:11:17.785+0000] {processor.py:208} INFO - Processing /root/miniconda3/envs/project/lib/python3.8/site-packages/airflow/example_dags/tutorial_objectstorage.py took 0.109 seconds
[2024-10-08T09:12:19.303+0000] {processor.py:186} INFO - Started process (PID=222030) to work on /root/miniconda3/envs/project/lib/python3.8/site-packages/airflow/example_dags/tutorial_objectstorage.py
[2024-10-08T09:12:19.305+0000] {processor.py:914} INFO - Processing file /root/miniconda3/envs/project/lib/python3.8/site-packages/airflow/example_dags/tutorial_objectstorage.py for tasks to queue
[2024-10-08T09:12:19.309+0000] {logging_mixin.py:190} INFO - [2024-10-08T09:12:19.308+0000] {dagbag.py:588} INFO - Filling up the DagBag from /root/miniconda3/envs/project/lib/python3.8/site-packages/airflow/example_dags/tutorial_objectstorage.py
[2024-10-08T09:12:19.323+0000] {processor.py:925} INFO - DAG(s) 'tutorial_objectstorage' retrieved from /root/miniconda3/envs/project/lib/python3.8/site-packages/airflow/example_dags/tutorial_objectstorage.py
[2024-10-08T09:12:19.346+0000] {logging_mixin.py:190} INFO - [2024-10-08T09:12:19.346+0000] {dag.py:3239} INFO - Sync 1 DAGs
[2024-10-08T09:12:19.365+0000] {logging_mixin.py:190} INFO - [2024-10-08T09:12:19.365+0000] {dag.py:4180} INFO - Setting next_dagrun for tutorial_objectstorage to None, run_after=None
[2024-10-08T09:12:19.398+0000] {processor.py:208} INFO - Processing /root/miniconda3/envs/project/lib/python3.8/site-packages/airflow/example_dags/tutorial_objectstorage.py took 0.107 seconds
[2024-10-08T09:13:26.619+0000] {processor.py:186} INFO - Started process (PID=222254) to work on /root/miniconda3/envs/project/lib/python3.8/site-packages/airflow/example_dags/tutorial_objectstorage.py
[2024-10-08T09:13:26.622+0000] {processor.py:914} INFO - Processing file /root/miniconda3/envs/project/lib/python3.8/site-packages/airflow/example_dags/tutorial_objectstorage.py for tasks to queue
[2024-10-08T09:13:26.626+0000] {logging_mixin.py:190} INFO - [2024-10-08T09:13:26.625+0000] {dagbag.py:588} INFO - Filling up the DagBag from /root/miniconda3/envs/project/lib/python3.8/site-packages/airflow/example_dags/tutorial_objectstorage.py
[2024-10-08T09:13:26.641+0000] {processor.py:925} INFO - DAG(s) 'tutorial_objectstorage' retrieved from /root/miniconda3/envs/project/lib/python3.8/site-packages/airflow/example_dags/tutorial_objectstorage.py
[2024-10-08T09:13:26.666+0000] {logging_mixin.py:190} INFO - [2024-10-08T09:13:26.665+0000] {dag.py:3239} INFO - Sync 1 DAGs
[2024-10-08T09:13:26.685+0000] {logging_mixin.py:190} INFO - [2024-10-08T09:13:26.684+0000] {dag.py:4180} INFO - Setting next_dagrun for tutorial_objectstorage to None, run_after=None
[2024-10-08T09:13:26.718+0000] {processor.py:208} INFO - Processing /root/miniconda3/envs/project/lib/python3.8/site-packages/airflow/example_dags/tutorial_objectstorage.py took 0.110 seconds
[2024-10-08T09:14:27.425+0000] {processor.py:186} INFO - Started process (PID=222579) to work on /root/miniconda3/envs/project/lib/python3.8/site-packages/airflow/example_dags/tutorial_objectstorage.py
[2024-10-08T09:14:27.428+0000] {processor.py:914} INFO - Processing file /root/miniconda3/envs/project/lib/python3.8/site-packages/airflow/example_dags/tutorial_objectstorage.py for tasks to queue
[2024-10-08T09:14:27.431+0000] {logging_mixin.py:190} INFO - [2024-10-08T09:14:27.431+0000] {dagbag.py:588} INFO - Filling up the DagBag from /root/miniconda3/envs/project/lib/python3.8/site-packages/airflow/example_dags/tutorial_objectstorage.py
[2024-10-08T09:14:27.445+0000] {processor.py:925} INFO - DAG(s) 'tutorial_objectstorage' retrieved from /root/miniconda3/envs/project/lib/python3.8/site-packages/airflow/example_dags/tutorial_objectstorage.py
[2024-10-08T09:14:27.469+0000] {logging_mixin.py:190} INFO - [2024-10-08T09:14:27.468+0000] {dag.py:3239} INFO - Sync 1 DAGs
[2024-10-08T09:14:27.487+0000] {logging_mixin.py:190} INFO - [2024-10-08T09:14:27.487+0000] {dag.py:4180} INFO - Setting next_dagrun for tutorial_objectstorage to None, run_after=None
[2024-10-08T09:14:27.521+0000] {processor.py:208} INFO - Processing /root/miniconda3/envs/project/lib/python3.8/site-packages/airflow/example_dags/tutorial_objectstorage.py took 0.106 seconds
[2024-10-08T09:15:43.133+0000] {processor.py:186} INFO - Started process (PID=222873) to work on /root/miniconda3/envs/project/lib/python3.8/site-packages/airflow/example_dags/tutorial_objectstorage.py
[2024-10-08T09:15:43.136+0000] {processor.py:914} INFO - Processing file /root/miniconda3/envs/project/lib/python3.8/site-packages/airflow/example_dags/tutorial_objectstorage.py for tasks to queue
[2024-10-08T09:15:43.140+0000] {logging_mixin.py:190} INFO - [2024-10-08T09:15:43.139+0000] {dagbag.py:588} INFO - Filling up the DagBag from /root/miniconda3/envs/project/lib/python3.8/site-packages/airflow/example_dags/tutorial_objectstorage.py
[2024-10-08T09:15:43.154+0000] {processor.py:925} INFO - DAG(s) 'tutorial_objectstorage' retrieved from /root/miniconda3/envs/project/lib/python3.8/site-packages/airflow/example_dags/tutorial_objectstorage.py
[2024-10-08T09:15:43.177+0000] {logging_mixin.py:190} INFO - [2024-10-08T09:15:43.177+0000] {dag.py:3239} INFO - Sync 1 DAGs
[2024-10-08T09:15:43.196+0000] {logging_mixin.py:190} INFO - [2024-10-08T09:15:43.196+0000] {dag.py:4180} INFO - Setting next_dagrun for tutorial_objectstorage to None, run_after=None
[2024-10-08T09:15:43.230+0000] {processor.py:208} INFO - Processing /root/miniconda3/envs/project/lib/python3.8/site-packages/airflow/example_dags/tutorial_objectstorage.py took 0.108 seconds
[2024-10-08T09:16:51.667+0000] {processor.py:186} INFO - Started process (PID=223159) to work on /root/miniconda3/envs/project/lib/python3.8/site-packages/airflow/example_dags/tutorial_objectstorage.py
[2024-10-08T09:16:51.670+0000] {processor.py:914} INFO - Processing file /root/miniconda3/envs/project/lib/python3.8/site-packages/airflow/example_dags/tutorial_objectstorage.py for tasks to queue
[2024-10-08T09:16:51.673+0000] {logging_mixin.py:190} INFO - [2024-10-08T09:16:51.672+0000] {dagbag.py:588} INFO - Filling up the DagBag from /root/miniconda3/envs/project/lib/python3.8/site-packages/airflow/example_dags/tutorial_objectstorage.py
[2024-10-08T09:16:51.688+0000] {processor.py:925} INFO - DAG(s) 'tutorial_objectstorage' retrieved from /root/miniconda3/envs/project/lib/python3.8/site-packages/airflow/example_dags/tutorial_objectstorage.py
[2024-10-08T09:16:51.712+0000] {logging_mixin.py:190} INFO - [2024-10-08T09:16:51.711+0000] {dag.py:3239} INFO - Sync 1 DAGs
[2024-10-08T09:16:51.730+0000] {logging_mixin.py:190} INFO - [2024-10-08T09:16:51.730+0000] {dag.py:4180} INFO - Setting next_dagrun for tutorial_objectstorage to None, run_after=None
[2024-10-08T09:16:51.763+0000] {processor.py:208} INFO - Processing /root/miniconda3/envs/project/lib/python3.8/site-packages/airflow/example_dags/tutorial_objectstorage.py took 0.107 seconds
[2024-10-08T09:18:00.107+0000] {processor.py:186} INFO - Started process (PID=223389) to work on /root/miniconda3/envs/project/lib/python3.8/site-packages/airflow/example_dags/tutorial_objectstorage.py
[2024-10-08T09:18:00.110+0000] {processor.py:914} INFO - Processing file /root/miniconda3/envs/project/lib/python3.8/site-packages/airflow/example_dags/tutorial_objectstorage.py for tasks to queue
[2024-10-08T09:18:00.113+0000] {logging_mixin.py:190} INFO - [2024-10-08T09:18:00.112+0000] {dagbag.py:588} INFO - Filling up the DagBag from /root/miniconda3/envs/project/lib/python3.8/site-packages/airflow/example_dags/tutorial_objectstorage.py
[2024-10-08T09:18:00.128+0000] {processor.py:925} INFO - DAG(s) 'tutorial_objectstorage' retrieved from /root/miniconda3/envs/project/lib/python3.8/site-packages/airflow/example_dags/tutorial_objectstorage.py
[2024-10-08T09:18:00.150+0000] {logging_mixin.py:190} INFO - [2024-10-08T09:18:00.150+0000] {dag.py:3239} INFO - Sync 1 DAGs
[2024-10-08T09:18:00.168+0000] {logging_mixin.py:190} INFO - [2024-10-08T09:18:00.168+0000] {dag.py:4180} INFO - Setting next_dagrun for tutorial_objectstorage to None, run_after=None
[2024-10-08T09:18:00.199+0000] {processor.py:208} INFO - Processing /root/miniconda3/envs/project/lib/python3.8/site-packages/airflow/example_dags/tutorial_objectstorage.py took 0.104 seconds
[2024-10-08T09:19:18.289+0000] {processor.py:186} INFO - Started process (PID=223628) to work on /root/miniconda3/envs/project/lib/python3.8/site-packages/airflow/example_dags/tutorial_objectstorage.py
[2024-10-08T09:19:18.292+0000] {processor.py:914} INFO - Processing file /root/miniconda3/envs/project/lib/python3.8/site-packages/airflow/example_dags/tutorial_objectstorage.py for tasks to queue
[2024-10-08T09:19:18.295+0000] {logging_mixin.py:190} INFO - [2024-10-08T09:19:18.295+0000] {dagbag.py:588} INFO - Filling up the DagBag from /root/miniconda3/envs/project/lib/python3.8/site-packages/airflow/example_dags/tutorial_objectstorage.py
[2024-10-08T09:19:18.309+0000] {processor.py:925} INFO - DAG(s) 'tutorial_objectstorage' retrieved from /root/miniconda3/envs/project/lib/python3.8/site-packages/airflow/example_dags/tutorial_objectstorage.py
[2024-10-08T09:19:18.332+0000] {logging_mixin.py:190} INFO - [2024-10-08T09:19:18.332+0000] {dag.py:3239} INFO - Sync 1 DAGs
[2024-10-08T09:19:18.350+0000] {logging_mixin.py:190} INFO - [2024-10-08T09:19:18.350+0000] {dag.py:4180} INFO - Setting next_dagrun for tutorial_objectstorage to None, run_after=None
[2024-10-08T09:19:18.381+0000] {processor.py:208} INFO - Processing /root/miniconda3/envs/project/lib/python3.8/site-packages/airflow/example_dags/tutorial_objectstorage.py took 0.102 seconds
[2024-10-08T09:20:24.651+0000] {processor.py:186} INFO - Started process (PID=223911) to work on /root/miniconda3/envs/project/lib/python3.8/site-packages/airflow/example_dags/tutorial_objectstorage.py
[2024-10-08T09:20:24.655+0000] {processor.py:914} INFO - Processing file /root/miniconda3/envs/project/lib/python3.8/site-packages/airflow/example_dags/tutorial_objectstorage.py for tasks to queue
[2024-10-08T09:20:24.659+0000] {logging_mixin.py:190} INFO - [2024-10-08T09:20:24.658+0000] {dagbag.py:588} INFO - Filling up the DagBag from /root/miniconda3/envs/project/lib/python3.8/site-packages/airflow/example_dags/tutorial_objectstorage.py
[2024-10-08T09:20:24.673+0000] {processor.py:925} INFO - DAG(s) 'tutorial_objectstorage' retrieved from /root/miniconda3/envs/project/lib/python3.8/site-packages/airflow/example_dags/tutorial_objectstorage.py
[2024-10-08T09:20:24.696+0000] {logging_mixin.py:190} INFO - [2024-10-08T09:20:24.696+0000] {dag.py:3239} INFO - Sync 1 DAGs
[2024-10-08T09:20:24.734+0000] {logging_mixin.py:190} INFO - [2024-10-08T09:20:24.734+0000] {dag.py:4180} INFO - Setting next_dagrun for tutorial_objectstorage to None, run_after=None
[2024-10-08T09:20:24.768+0000] {processor.py:208} INFO - Processing /root/miniconda3/envs/project/lib/python3.8/site-packages/airflow/example_dags/tutorial_objectstorage.py took 0.129 seconds
[2024-10-08T09:21:42.155+0000] {processor.py:186} INFO - Started process (PID=224150) to work on /root/miniconda3/envs/project/lib/python3.8/site-packages/airflow/example_dags/tutorial_objectstorage.py
[2024-10-08T09:21:42.158+0000] {processor.py:914} INFO - Processing file /root/miniconda3/envs/project/lib/python3.8/site-packages/airflow/example_dags/tutorial_objectstorage.py for tasks to queue
[2024-10-08T09:21:42.162+0000] {logging_mixin.py:190} INFO - [2024-10-08T09:21:42.161+0000] {dagbag.py:588} INFO - Filling up the DagBag from /root/miniconda3/envs/project/lib/python3.8/site-packages/airflow/example_dags/tutorial_objectstorage.py
[2024-10-08T09:21:42.177+0000] {processor.py:925} INFO - DAG(s) 'tutorial_objectstorage' retrieved from /root/miniconda3/envs/project/lib/python3.8/site-packages/airflow/example_dags/tutorial_objectstorage.py
[2024-10-08T09:21:42.201+0000] {logging_mixin.py:190} INFO - [2024-10-08T09:21:42.200+0000] {dag.py:3239} INFO - Sync 1 DAGs
[2024-10-08T09:21:42.219+0000] {logging_mixin.py:190} INFO - [2024-10-08T09:21:42.219+0000] {dag.py:4180} INFO - Setting next_dagrun for tutorial_objectstorage to None, run_after=None
[2024-10-08T09:21:42.256+0000] {processor.py:208} INFO - Processing /root/miniconda3/envs/project/lib/python3.8/site-packages/airflow/example_dags/tutorial_objectstorage.py took 0.111 seconds
[2024-10-08T09:22:49.812+0000] {processor.py:186} INFO - Started process (PID=224438) to work on /root/miniconda3/envs/project/lib/python3.8/site-packages/airflow/example_dags/tutorial_objectstorage.py
[2024-10-08T09:22:49.815+0000] {processor.py:914} INFO - Processing file /root/miniconda3/envs/project/lib/python3.8/site-packages/airflow/example_dags/tutorial_objectstorage.py for tasks to queue
[2024-10-08T09:22:49.819+0000] {logging_mixin.py:190} INFO - [2024-10-08T09:22:49.818+0000] {dagbag.py:588} INFO - Filling up the DagBag from /root/miniconda3/envs/project/lib/python3.8/site-packages/airflow/example_dags/tutorial_objectstorage.py
[2024-10-08T09:22:49.834+0000] {processor.py:925} INFO - DAG(s) 'tutorial_objectstorage' retrieved from /root/miniconda3/envs/project/lib/python3.8/site-packages/airflow/example_dags/tutorial_objectstorage.py
[2024-10-08T09:22:49.857+0000] {logging_mixin.py:190} INFO - [2024-10-08T09:22:49.857+0000] {dag.py:3239} INFO - Sync 1 DAGs
[2024-10-08T09:22:49.876+0000] {logging_mixin.py:190} INFO - [2024-10-08T09:22:49.876+0000] {dag.py:4180} INFO - Setting next_dagrun for tutorial_objectstorage to None, run_after=None
[2024-10-08T09:22:49.910+0000] {processor.py:208} INFO - Processing /root/miniconda3/envs/project/lib/python3.8/site-packages/airflow/example_dags/tutorial_objectstorage.py took 0.108 seconds
[2024-10-08T09:24:00.208+0000] {processor.py:186} INFO - Started process (PID=224631) to work on /root/miniconda3/envs/project/lib/python3.8/site-packages/airflow/example_dags/tutorial_objectstorage.py
[2024-10-08T09:24:00.211+0000] {processor.py:914} INFO - Processing file /root/miniconda3/envs/project/lib/python3.8/site-packages/airflow/example_dags/tutorial_objectstorage.py for tasks to queue
[2024-10-08T09:24:00.215+0000] {logging_mixin.py:190} INFO - [2024-10-08T09:24:00.214+0000] {dagbag.py:588} INFO - Filling up the DagBag from /root/miniconda3/envs/project/lib/python3.8/site-packages/airflow/example_dags/tutorial_objectstorage.py
[2024-10-08T09:24:00.230+0000] {processor.py:925} INFO - DAG(s) 'tutorial_objectstorage' retrieved from /root/miniconda3/envs/project/lib/python3.8/site-packages/airflow/example_dags/tutorial_objectstorage.py
[2024-10-08T09:24:00.253+0000] {logging_mixin.py:190} INFO - [2024-10-08T09:24:00.253+0000] {dag.py:3239} INFO - Sync 1 DAGs
[2024-10-08T09:24:00.271+0000] {logging_mixin.py:190} INFO - [2024-10-08T09:24:00.271+0000] {dag.py:4180} INFO - Setting next_dagrun for tutorial_objectstorage to None, run_after=None
[2024-10-08T09:24:00.302+0000] {processor.py:208} INFO - Processing /root/miniconda3/envs/project/lib/python3.8/site-packages/airflow/example_dags/tutorial_objectstorage.py took 0.105 seconds
[2024-10-08T09:25:08.736+0000] {processor.py:186} INFO - Started process (PID=225269) to work on /root/miniconda3/envs/project/lib/python3.8/site-packages/airflow/example_dags/tutorial_objectstorage.py
[2024-10-08T09:25:08.739+0000] {processor.py:914} INFO - Processing file /root/miniconda3/envs/project/lib/python3.8/site-packages/airflow/example_dags/tutorial_objectstorage.py for tasks to queue
[2024-10-08T09:25:08.744+0000] {logging_mixin.py:190} INFO - [2024-10-08T09:25:08.743+0000] {dagbag.py:588} INFO - Filling up the DagBag from /root/miniconda3/envs/project/lib/python3.8/site-packages/airflow/example_dags/tutorial_objectstorage.py
[2024-10-08T09:25:08.762+0000] {processor.py:925} INFO - DAG(s) 'tutorial_objectstorage' retrieved from /root/miniconda3/envs/project/lib/python3.8/site-packages/airflow/example_dags/tutorial_objectstorage.py
[2024-10-08T09:25:08.788+0000] {logging_mixin.py:190} INFO - [2024-10-08T09:25:08.788+0000] {dag.py:3239} INFO - Sync 1 DAGs
[2024-10-08T09:25:08.809+0000] {logging_mixin.py:190} INFO - [2024-10-08T09:25:08.809+0000] {dag.py:4180} INFO - Setting next_dagrun for tutorial_objectstorage to None, run_after=None
[2024-10-08T09:25:08.845+0000] {processor.py:208} INFO - Processing /root/miniconda3/envs/project/lib/python3.8/site-packages/airflow/example_dags/tutorial_objectstorage.py took 0.122 seconds
[2024-10-08T09:26:17.250+0000] {processor.py:186} INFO - Started process (PID=225681) to work on /root/miniconda3/envs/project/lib/python3.8/site-packages/airflow/example_dags/tutorial_objectstorage.py
[2024-10-08T09:26:17.254+0000] {processor.py:914} INFO - Processing file /root/miniconda3/envs/project/lib/python3.8/site-packages/airflow/example_dags/tutorial_objectstorage.py for tasks to queue
[2024-10-08T09:26:17.257+0000] {logging_mixin.py:190} INFO - [2024-10-08T09:26:17.256+0000] {dagbag.py:588} INFO - Filling up the DagBag from /root/miniconda3/envs/project/lib/python3.8/site-packages/airflow/example_dags/tutorial_objectstorage.py
[2024-10-08T09:26:17.272+0000] {processor.py:925} INFO - DAG(s) 'tutorial_objectstorage' retrieved from /root/miniconda3/envs/project/lib/python3.8/site-packages/airflow/example_dags/tutorial_objectstorage.py
[2024-10-08T09:26:17.296+0000] {logging_mixin.py:190} INFO - [2024-10-08T09:26:17.296+0000] {dag.py:3239} INFO - Sync 1 DAGs
[2024-10-08T09:26:17.315+0000] {logging_mixin.py:190} INFO - [2024-10-08T09:26:17.314+0000] {dag.py:4180} INFO - Setting next_dagrun for tutorial_objectstorage to None, run_after=None
[2024-10-08T09:26:17.350+0000] {processor.py:208} INFO - Processing /root/miniconda3/envs/project/lib/python3.8/site-packages/airflow/example_dags/tutorial_objectstorage.py took 0.111 seconds
[2024-10-08T09:27:31.093+0000] {processor.py:186} INFO - Started process (PID=226063) to work on /root/miniconda3/envs/project/lib/python3.8/site-packages/airflow/example_dags/tutorial_objectstorage.py
[2024-10-08T09:27:31.096+0000] {processor.py:914} INFO - Processing file /root/miniconda3/envs/project/lib/python3.8/site-packages/airflow/example_dags/tutorial_objectstorage.py for tasks to queue
[2024-10-08T09:27:31.099+0000] {logging_mixin.py:190} INFO - [2024-10-08T09:27:31.098+0000] {dagbag.py:588} INFO - Filling up the DagBag from /root/miniconda3/envs/project/lib/python3.8/site-packages/airflow/example_dags/tutorial_objectstorage.py
[2024-10-08T09:27:31.113+0000] {processor.py:925} INFO - DAG(s) 'tutorial_objectstorage' retrieved from /root/miniconda3/envs/project/lib/python3.8/site-packages/airflow/example_dags/tutorial_objectstorage.py
[2024-10-08T09:27:31.136+0000] {logging_mixin.py:190} INFO - [2024-10-08T09:27:31.136+0000] {dag.py:3239} INFO - Sync 1 DAGs
[2024-10-08T09:27:31.155+0000] {logging_mixin.py:190} INFO - [2024-10-08T09:27:31.155+0000] {dag.py:4180} INFO - Setting next_dagrun for tutorial_objectstorage to None, run_after=None
[2024-10-08T09:27:31.188+0000] {processor.py:208} INFO - Processing /root/miniconda3/envs/project/lib/python3.8/site-packages/airflow/example_dags/tutorial_objectstorage.py took 0.106 seconds
[2024-10-08T09:28:41.269+0000] {processor.py:186} INFO - Started process (PID=226599) to work on /root/miniconda3/envs/project/lib/python3.8/site-packages/airflow/example_dags/tutorial_objectstorage.py
[2024-10-08T09:28:41.272+0000] {processor.py:914} INFO - Processing file /root/miniconda3/envs/project/lib/python3.8/site-packages/airflow/example_dags/tutorial_objectstorage.py for tasks to queue
[2024-10-08T09:28:41.276+0000] {logging_mixin.py:190} INFO - [2024-10-08T09:28:41.275+0000] {dagbag.py:588} INFO - Filling up the DagBag from /root/miniconda3/envs/project/lib/python3.8/site-packages/airflow/example_dags/tutorial_objectstorage.py
[2024-10-08T09:28:41.290+0000] {processor.py:925} INFO - DAG(s) 'tutorial_objectstorage' retrieved from /root/miniconda3/envs/project/lib/python3.8/site-packages/airflow/example_dags/tutorial_objectstorage.py
[2024-10-08T09:28:41.313+0000] {logging_mixin.py:190} INFO - [2024-10-08T09:28:41.312+0000] {dag.py:3239} INFO - Sync 1 DAGs
[2024-10-08T09:28:41.331+0000] {logging_mixin.py:190} INFO - [2024-10-08T09:28:41.331+0000] {dag.py:4180} INFO - Setting next_dagrun for tutorial_objectstorage to None, run_after=None
[2024-10-08T09:28:41.365+0000] {processor.py:208} INFO - Processing /root/miniconda3/envs/project/lib/python3.8/site-packages/airflow/example_dags/tutorial_objectstorage.py took 0.106 seconds
[2024-10-08T09:30:01.086+0000] {processor.py:186} INFO - Started process (PID=227462) to work on /root/miniconda3/envs/project/lib/python3.8/site-packages/airflow/example_dags/tutorial_objectstorage.py
[2024-10-08T09:30:01.089+0000] {processor.py:914} INFO - Processing file /root/miniconda3/envs/project/lib/python3.8/site-packages/airflow/example_dags/tutorial_objectstorage.py for tasks to queue
[2024-10-08T09:30:01.092+0000] {logging_mixin.py:190} INFO - [2024-10-08T09:30:01.092+0000] {dagbag.py:588} INFO - Filling up the DagBag from /root/miniconda3/envs/project/lib/python3.8/site-packages/airflow/example_dags/tutorial_objectstorage.py
[2024-10-08T09:30:01.109+0000] {processor.py:925} INFO - DAG(s) 'tutorial_objectstorage' retrieved from /root/miniconda3/envs/project/lib/python3.8/site-packages/airflow/example_dags/tutorial_objectstorage.py
[2024-10-08T09:30:01.260+0000] {logging_mixin.py:190} INFO - [2024-10-08T09:30:01.260+0000] {dag.py:3239} INFO - Sync 1 DAGs
[2024-10-08T09:30:01.277+0000] {logging_mixin.py:190} INFO - [2024-10-08T09:30:01.277+0000] {dag.py:4180} INFO - Setting next_dagrun for tutorial_objectstorage to None, run_after=None
[2024-10-08T09:30:01.316+0000] {processor.py:208} INFO - Processing /root/miniconda3/envs/project/lib/python3.8/site-packages/airflow/example_dags/tutorial_objectstorage.py took 0.240 seconds
[2024-10-08T09:31:37.735+0000] {processor.py:186} INFO - Started process (PID=228588) to work on /root/miniconda3/envs/project/lib/python3.8/site-packages/airflow/example_dags/tutorial_objectstorage.py
[2024-10-08T09:31:37.738+0000] {processor.py:914} INFO - Processing file /root/miniconda3/envs/project/lib/python3.8/site-packages/airflow/example_dags/tutorial_objectstorage.py for tasks to queue
[2024-10-08T09:31:37.742+0000] {logging_mixin.py:190} INFO - [2024-10-08T09:31:37.741+0000] {dagbag.py:588} INFO - Filling up the DagBag from /root/miniconda3/envs/project/lib/python3.8/site-packages/airflow/example_dags/tutorial_objectstorage.py
[2024-10-08T09:31:37.756+0000] {processor.py:925} INFO - DAG(s) 'tutorial_objectstorage' retrieved from /root/miniconda3/envs/project/lib/python3.8/site-packages/airflow/example_dags/tutorial_objectstorage.py
[2024-10-08T09:31:37.892+0000] {logging_mixin.py:190} INFO - [2024-10-08T09:31:37.892+0000] {dag.py:3239} INFO - Sync 1 DAGs
[2024-10-08T09:31:37.909+0000] {logging_mixin.py:190} INFO - [2024-10-08T09:31:37.909+0000] {dag.py:4180} INFO - Setting next_dagrun for tutorial_objectstorage to None, run_after=None
[2024-10-08T09:31:37.945+0000] {processor.py:208} INFO - Processing /root/miniconda3/envs/project/lib/python3.8/site-packages/airflow/example_dags/tutorial_objectstorage.py took 0.221 seconds
[2024-10-08T09:32:49.435+0000] {processor.py:186} INFO - Started process (PID=229154) to work on /root/miniconda3/envs/project/lib/python3.8/site-packages/airflow/example_dags/tutorial_objectstorage.py
[2024-10-08T09:32:49.438+0000] {processor.py:914} INFO - Processing file /root/miniconda3/envs/project/lib/python3.8/site-packages/airflow/example_dags/tutorial_objectstorage.py for tasks to queue
[2024-10-08T09:32:49.441+0000] {logging_mixin.py:190} INFO - [2024-10-08T09:32:49.441+0000] {dagbag.py:588} INFO - Filling up the DagBag from /root/miniconda3/envs/project/lib/python3.8/site-packages/airflow/example_dags/tutorial_objectstorage.py
[2024-10-08T09:32:49.456+0000] {processor.py:925} INFO - DAG(s) 'tutorial_objectstorage' retrieved from /root/miniconda3/envs/project/lib/python3.8/site-packages/airflow/example_dags/tutorial_objectstorage.py
[2024-10-08T09:32:49.479+0000] {logging_mixin.py:190} INFO - [2024-10-08T09:32:49.478+0000] {dag.py:3239} INFO - Sync 1 DAGs
[2024-10-08T09:32:49.499+0000] {logging_mixin.py:190} INFO - [2024-10-08T09:32:49.499+0000] {dag.py:4180} INFO - Setting next_dagrun for tutorial_objectstorage to None, run_after=None
[2024-10-08T09:32:49.535+0000] {processor.py:208} INFO - Processing /root/miniconda3/envs/project/lib/python3.8/site-packages/airflow/example_dags/tutorial_objectstorage.py took 0.112 seconds
