[2024-10-08T07:57:00.420+0000] {processor.py:186} INFO - Started process (PID=207008) to work on /root/miniconda3/envs/project/lib/python3.8/site-packages/airflow/example_dags/plugins/event_listener.py
[2024-10-08T07:57:00.422+0000] {processor.py:914} INFO - Processing file /root/miniconda3/envs/project/lib/python3.8/site-packages/airflow/example_dags/plugins/event_listener.py for tasks to queue
[2024-10-08T07:57:00.426+0000] {logging_mixin.py:190} INFO - [2024-10-08T07:57:00.425+0000] {dagbag.py:588} INFO - Filling up the DagBag from /root/miniconda3/envs/project/lib/python3.8/site-packages/airflow/example_dags/plugins/event_listener.py
[2024-10-08T07:57:00.429+0000] {processor.py:927} WARNING - No viable dags retrieved from /root/miniconda3/envs/project/lib/python3.8/site-packages/airflow/example_dags/plugins/event_listener.py
[2024-10-08T07:57:00.445+0000] {processor.py:208} INFO - Processing /root/miniconda3/envs/project/lib/python3.8/site-packages/airflow/example_dags/plugins/event_listener.py took 0.036 seconds
[2024-10-08T07:58:16.402+0000] {processor.py:186} INFO - Started process (PID=207262) to work on /root/miniconda3/envs/project/lib/python3.8/site-packages/airflow/example_dags/plugins/event_listener.py
[2024-10-08T07:58:16.405+0000] {processor.py:914} INFO - Processing file /root/miniconda3/envs/project/lib/python3.8/site-packages/airflow/example_dags/plugins/event_listener.py for tasks to queue
[2024-10-08T07:58:16.410+0000] {logging_mixin.py:190} INFO - [2024-10-08T07:58:16.409+0000] {dagbag.py:588} INFO - Filling up the DagBag from /root/miniconda3/envs/project/lib/python3.8/site-packages/airflow/example_dags/plugins/event_listener.py
[2024-10-08T07:58:16.415+0000] {processor.py:927} WARNING - No viable dags retrieved from /root/miniconda3/envs/project/lib/python3.8/site-packages/airflow/example_dags/plugins/event_listener.py
[2024-10-08T07:58:16.436+0000] {processor.py:208} INFO - Processing /root/miniconda3/envs/project/lib/python3.8/site-packages/airflow/example_dags/plugins/event_listener.py took 0.049 seconds
[2024-10-08T07:58:57.866+0000] {processor.py:186} INFO - Started process (PID=207401) to work on /root/miniconda3/envs/project/lib/python3.8/site-packages/airflow/example_dags/plugins/event_listener.py
[2024-10-08T07:58:57.869+0000] {processor.py:914} INFO - Processing file /root/miniconda3/envs/project/lib/python3.8/site-packages/airflow/example_dags/plugins/event_listener.py for tasks to queue
[2024-10-08T07:58:57.872+0000] {logging_mixin.py:190} INFO - [2024-10-08T07:58:57.872+0000] {dagbag.py:588} INFO - Filling up the DagBag from /root/miniconda3/envs/project/lib/python3.8/site-packages/airflow/example_dags/plugins/event_listener.py
[2024-10-08T07:58:57.876+0000] {processor.py:927} WARNING - No viable dags retrieved from /root/miniconda3/envs/project/lib/python3.8/site-packages/airflow/example_dags/plugins/event_listener.py
[2024-10-08T07:58:57.892+0000] {processor.py:208} INFO - Processing /root/miniconda3/envs/project/lib/python3.8/site-packages/airflow/example_dags/plugins/event_listener.py took 0.038 seconds
[2024-10-08T07:59:33.985+0000] {processor.py:186} INFO - Started process (PID=207528) to work on /root/miniconda3/envs/project/lib/python3.8/site-packages/airflow/example_dags/plugins/event_listener.py
[2024-10-08T07:59:33.988+0000] {processor.py:914} INFO - Processing file /root/miniconda3/envs/project/lib/python3.8/site-packages/airflow/example_dags/plugins/event_listener.py for tasks to queue
[2024-10-08T07:59:33.991+0000] {logging_mixin.py:190} INFO - [2024-10-08T07:59:33.991+0000] {dagbag.py:588} INFO - Filling up the DagBag from /root/miniconda3/envs/project/lib/python3.8/site-packages/airflow/example_dags/plugins/event_listener.py
[2024-10-08T07:59:33.995+0000] {processor.py:927} WARNING - No viable dags retrieved from /root/miniconda3/envs/project/lib/python3.8/site-packages/airflow/example_dags/plugins/event_listener.py
[2024-10-08T07:59:34.011+0000] {processor.py:208} INFO - Processing /root/miniconda3/envs/project/lib/python3.8/site-packages/airflow/example_dags/plugins/event_listener.py took 0.038 seconds
[2024-10-08T08:00:09.639+0000] {processor.py:186} INFO - Started process (PID=207660) to work on /root/miniconda3/envs/project/lib/python3.8/site-packages/airflow/example_dags/plugins/event_listener.py
[2024-10-08T08:00:09.641+0000] {processor.py:914} INFO - Processing file /root/miniconda3/envs/project/lib/python3.8/site-packages/airflow/example_dags/plugins/event_listener.py for tasks to queue
[2024-10-08T08:00:09.645+0000] {logging_mixin.py:190} INFO - [2024-10-08T08:00:09.644+0000] {dagbag.py:588} INFO - Filling up the DagBag from /root/miniconda3/envs/project/lib/python3.8/site-packages/airflow/example_dags/plugins/event_listener.py
[2024-10-08T08:00:09.648+0000] {processor.py:927} WARNING - No viable dags retrieved from /root/miniconda3/envs/project/lib/python3.8/site-packages/airflow/example_dags/plugins/event_listener.py
[2024-10-08T08:00:09.665+0000] {processor.py:208} INFO - Processing /root/miniconda3/envs/project/lib/python3.8/site-packages/airflow/example_dags/plugins/event_listener.py took 0.037 seconds
[2024-10-08T08:01:22.096+0000] {processor.py:186} INFO - Started process (PID=208004) to work on /root/miniconda3/envs/project/lib/python3.8/site-packages/airflow/example_dags/plugins/event_listener.py
[2024-10-08T08:01:22.099+0000] {processor.py:914} INFO - Processing file /root/miniconda3/envs/project/lib/python3.8/site-packages/airflow/example_dags/plugins/event_listener.py for tasks to queue
[2024-10-08T08:01:22.103+0000] {logging_mixin.py:190} INFO - [2024-10-08T08:01:22.102+0000] {dagbag.py:588} INFO - Filling up the DagBag from /root/miniconda3/envs/project/lib/python3.8/site-packages/airflow/example_dags/plugins/event_listener.py
[2024-10-08T08:01:22.106+0000] {processor.py:927} WARNING - No viable dags retrieved from /root/miniconda3/envs/project/lib/python3.8/site-packages/airflow/example_dags/plugins/event_listener.py
[2024-10-08T08:01:22.122+0000] {processor.py:208} INFO - Processing /root/miniconda3/envs/project/lib/python3.8/site-packages/airflow/example_dags/plugins/event_listener.py took 0.038 seconds
[2024-10-08T08:01:59.684+0000] {processor.py:186} INFO - Started process (PID=208136) to work on /root/miniconda3/envs/project/lib/python3.8/site-packages/airflow/example_dags/plugins/event_listener.py
[2024-10-08T08:01:59.687+0000] {processor.py:914} INFO - Processing file /root/miniconda3/envs/project/lib/python3.8/site-packages/airflow/example_dags/plugins/event_listener.py for tasks to queue
[2024-10-08T08:01:59.691+0000] {logging_mixin.py:190} INFO - [2024-10-08T08:01:59.690+0000] {dagbag.py:588} INFO - Filling up the DagBag from /root/miniconda3/envs/project/lib/python3.8/site-packages/airflow/example_dags/plugins/event_listener.py
[2024-10-08T08:01:59.695+0000] {processor.py:927} WARNING - No viable dags retrieved from /root/miniconda3/envs/project/lib/python3.8/site-packages/airflow/example_dags/plugins/event_listener.py
[2024-10-08T08:01:59.713+0000] {processor.py:208} INFO - Processing /root/miniconda3/envs/project/lib/python3.8/site-packages/airflow/example_dags/plugins/event_listener.py took 0.042 seconds
[2024-10-08T08:03:10.068+0000] {processor.py:186} INFO - Started process (PID=208383) to work on /root/miniconda3/envs/project/lib/python3.8/site-packages/airflow/example_dags/plugins/event_listener.py
[2024-10-08T08:03:10.071+0000] {processor.py:914} INFO - Processing file /root/miniconda3/envs/project/lib/python3.8/site-packages/airflow/example_dags/plugins/event_listener.py for tasks to queue
[2024-10-08T08:03:10.074+0000] {logging_mixin.py:190} INFO - [2024-10-08T08:03:10.073+0000] {dagbag.py:588} INFO - Filling up the DagBag from /root/miniconda3/envs/project/lib/python3.8/site-packages/airflow/example_dags/plugins/event_listener.py
[2024-10-08T08:03:10.077+0000] {processor.py:927} WARNING - No viable dags retrieved from /root/miniconda3/envs/project/lib/python3.8/site-packages/airflow/example_dags/plugins/event_listener.py
[2024-10-08T08:03:10.094+0000] {processor.py:208} INFO - Processing /root/miniconda3/envs/project/lib/python3.8/site-packages/airflow/example_dags/plugins/event_listener.py took 0.037 seconds
[2024-10-08T08:04:17.628+0000] {processor.py:186} INFO - Started process (PID=208584) to work on /root/miniconda3/envs/project/lib/python3.8/site-packages/airflow/example_dags/plugins/event_listener.py
[2024-10-08T08:04:17.630+0000] {processor.py:914} INFO - Processing file /root/miniconda3/envs/project/lib/python3.8/site-packages/airflow/example_dags/plugins/event_listener.py for tasks to queue
[2024-10-08T08:04:17.634+0000] {logging_mixin.py:190} INFO - [2024-10-08T08:04:17.633+0000] {dagbag.py:588} INFO - Filling up the DagBag from /root/miniconda3/envs/project/lib/python3.8/site-packages/airflow/example_dags/plugins/event_listener.py
[2024-10-08T08:04:17.637+0000] {processor.py:927} WARNING - No viable dags retrieved from /root/miniconda3/envs/project/lib/python3.8/site-packages/airflow/example_dags/plugins/event_listener.py
[2024-10-08T08:04:17.653+0000] {processor.py:208} INFO - Processing /root/miniconda3/envs/project/lib/python3.8/site-packages/airflow/example_dags/plugins/event_listener.py took 0.037 seconds
[2024-10-08T08:05:20.281+0000] {processor.py:186} INFO - Started process (PID=208771) to work on /root/miniconda3/envs/project/lib/python3.8/site-packages/airflow/example_dags/plugins/event_listener.py
[2024-10-08T08:05:20.284+0000] {processor.py:914} INFO - Processing file /root/miniconda3/envs/project/lib/python3.8/site-packages/airflow/example_dags/plugins/event_listener.py for tasks to queue
[2024-10-08T08:05:20.287+0000] {logging_mixin.py:190} INFO - [2024-10-08T08:05:20.286+0000] {dagbag.py:588} INFO - Filling up the DagBag from /root/miniconda3/envs/project/lib/python3.8/site-packages/airflow/example_dags/plugins/event_listener.py
[2024-10-08T08:05:20.291+0000] {processor.py:927} WARNING - No viable dags retrieved from /root/miniconda3/envs/project/lib/python3.8/site-packages/airflow/example_dags/plugins/event_listener.py
[2024-10-08T08:05:20.308+0000] {processor.py:208} INFO - Processing /root/miniconda3/envs/project/lib/python3.8/site-packages/airflow/example_dags/plugins/event_listener.py took 0.038 seconds
[2024-10-08T08:06:20.984+0000] {processor.py:186} INFO - Started process (PID=208953) to work on /root/miniconda3/envs/project/lib/python3.8/site-packages/airflow/example_dags/plugins/event_listener.py
[2024-10-08T08:06:20.987+0000] {processor.py:914} INFO - Processing file /root/miniconda3/envs/project/lib/python3.8/site-packages/airflow/example_dags/plugins/event_listener.py for tasks to queue
[2024-10-08T08:06:20.991+0000] {logging_mixin.py:190} INFO - [2024-10-08T08:06:20.990+0000] {dagbag.py:588} INFO - Filling up the DagBag from /root/miniconda3/envs/project/lib/python3.8/site-packages/airflow/example_dags/plugins/event_listener.py
[2024-10-08T08:06:20.995+0000] {processor.py:927} WARNING - No viable dags retrieved from /root/miniconda3/envs/project/lib/python3.8/site-packages/airflow/example_dags/plugins/event_listener.py
[2024-10-08T08:06:21.014+0000] {processor.py:208} INFO - Processing /root/miniconda3/envs/project/lib/python3.8/site-packages/airflow/example_dags/plugins/event_listener.py took 0.043 seconds
[2024-10-08T08:06:56.363+0000] {processor.py:186} INFO - Started process (PID=209054) to work on /root/miniconda3/envs/project/lib/python3.8/site-packages/airflow/example_dags/plugins/event_listener.py
[2024-10-08T08:06:56.366+0000] {processor.py:914} INFO - Processing file /root/miniconda3/envs/project/lib/python3.8/site-packages/airflow/example_dags/plugins/event_listener.py for tasks to queue
[2024-10-08T08:06:56.369+0000] {logging_mixin.py:190} INFO - [2024-10-08T08:06:56.368+0000] {dagbag.py:588} INFO - Filling up the DagBag from /root/miniconda3/envs/project/lib/python3.8/site-packages/airflow/example_dags/plugins/event_listener.py
[2024-10-08T08:06:56.372+0000] {processor.py:927} WARNING - No viable dags retrieved from /root/miniconda3/envs/project/lib/python3.8/site-packages/airflow/example_dags/plugins/event_listener.py
[2024-10-08T08:06:56.387+0000] {processor.py:208} INFO - Processing /root/miniconda3/envs/project/lib/python3.8/site-packages/airflow/example_dags/plugins/event_listener.py took 0.034 seconds
[2024-10-08T08:08:04.825+0000] {processor.py:186} INFO - Started process (PID=209326) to work on /root/miniconda3/envs/project/lib/python3.8/site-packages/airflow/example_dags/plugins/event_listener.py
[2024-10-08T08:08:04.827+0000] {processor.py:914} INFO - Processing file /root/miniconda3/envs/project/lib/python3.8/site-packages/airflow/example_dags/plugins/event_listener.py for tasks to queue
[2024-10-08T08:08:04.831+0000] {logging_mixin.py:190} INFO - [2024-10-08T08:08:04.830+0000] {dagbag.py:588} INFO - Filling up the DagBag from /root/miniconda3/envs/project/lib/python3.8/site-packages/airflow/example_dags/plugins/event_listener.py
[2024-10-08T08:08:04.834+0000] {processor.py:927} WARNING - No viable dags retrieved from /root/miniconda3/envs/project/lib/python3.8/site-packages/airflow/example_dags/plugins/event_listener.py
[2024-10-08T08:08:04.850+0000] {processor.py:208} INFO - Processing /root/miniconda3/envs/project/lib/python3.8/site-packages/airflow/example_dags/plugins/event_listener.py took 0.037 seconds
[2024-10-08T08:09:31.776+0000] {processor.py:186} INFO - Started process (PID=209970) to work on /root/miniconda3/envs/project/lib/python3.8/site-packages/airflow/example_dags/plugins/event_listener.py
[2024-10-08T08:09:31.779+0000] {processor.py:914} INFO - Processing file /root/miniconda3/envs/project/lib/python3.8/site-packages/airflow/example_dags/plugins/event_listener.py for tasks to queue
[2024-10-08T08:09:31.782+0000] {logging_mixin.py:190} INFO - [2024-10-08T08:09:31.782+0000] {dagbag.py:588} INFO - Filling up the DagBag from /root/miniconda3/envs/project/lib/python3.8/site-packages/airflow/example_dags/plugins/event_listener.py
[2024-10-08T08:09:31.786+0000] {processor.py:927} WARNING - No viable dags retrieved from /root/miniconda3/envs/project/lib/python3.8/site-packages/airflow/example_dags/plugins/event_listener.py
[2024-10-08T08:09:31.801+0000] {processor.py:208} INFO - Processing /root/miniconda3/envs/project/lib/python3.8/site-packages/airflow/example_dags/plugins/event_listener.py took 0.035 seconds
[2024-10-08T08:10:56.087+0000] {processor.py:186} INFO - Started process (PID=210386) to work on /root/miniconda3/envs/project/lib/python3.8/site-packages/airflow/example_dags/plugins/event_listener.py
[2024-10-08T08:10:56.090+0000] {processor.py:914} INFO - Processing file /root/miniconda3/envs/project/lib/python3.8/site-packages/airflow/example_dags/plugins/event_listener.py for tasks to queue
[2024-10-08T08:10:56.093+0000] {logging_mixin.py:190} INFO - [2024-10-08T08:10:56.092+0000] {dagbag.py:588} INFO - Filling up the DagBag from /root/miniconda3/envs/project/lib/python3.8/site-packages/airflow/example_dags/plugins/event_listener.py
[2024-10-08T08:10:56.096+0000] {processor.py:927} WARNING - No viable dags retrieved from /root/miniconda3/envs/project/lib/python3.8/site-packages/airflow/example_dags/plugins/event_listener.py
[2024-10-08T08:10:56.112+0000] {processor.py:208} INFO - Processing /root/miniconda3/envs/project/lib/python3.8/site-packages/airflow/example_dags/plugins/event_listener.py took 0.035 seconds
[2024-10-08T08:12:34.220+0000] {processor.py:186} INFO - Started process (PID=210916) to work on /root/miniconda3/envs/project/lib/python3.8/site-packages/airflow/example_dags/plugins/event_listener.py
[2024-10-08T08:12:34.224+0000] {processor.py:914} INFO - Processing file /root/miniconda3/envs/project/lib/python3.8/site-packages/airflow/example_dags/plugins/event_listener.py for tasks to queue
[2024-10-08T08:12:34.227+0000] {logging_mixin.py:190} INFO - [2024-10-08T08:12:34.226+0000] {dagbag.py:588} INFO - Filling up the DagBag from /root/miniconda3/envs/project/lib/python3.8/site-packages/airflow/example_dags/plugins/event_listener.py
[2024-10-08T08:12:34.230+0000] {processor.py:927} WARNING - No viable dags retrieved from /root/miniconda3/envs/project/lib/python3.8/site-packages/airflow/example_dags/plugins/event_listener.py
[2024-10-08T08:12:34.246+0000] {processor.py:208} INFO - Processing /root/miniconda3/envs/project/lib/python3.8/site-packages/airflow/example_dags/plugins/event_listener.py took 0.038 seconds
[2024-10-08T08:13:41.208+0000] {processor.py:186} INFO - Started process (PID=211215) to work on /root/miniconda3/envs/project/lib/python3.8/site-packages/airflow/example_dags/plugins/event_listener.py
[2024-10-08T08:13:41.211+0000] {processor.py:914} INFO - Processing file /root/miniconda3/envs/project/lib/python3.8/site-packages/airflow/example_dags/plugins/event_listener.py for tasks to queue
[2024-10-08T08:13:41.214+0000] {logging_mixin.py:190} INFO - [2024-10-08T08:13:41.213+0000] {dagbag.py:588} INFO - Filling up the DagBag from /root/miniconda3/envs/project/lib/python3.8/site-packages/airflow/example_dags/plugins/event_listener.py
[2024-10-08T08:13:41.218+0000] {processor.py:927} WARNING - No viable dags retrieved from /root/miniconda3/envs/project/lib/python3.8/site-packages/airflow/example_dags/plugins/event_listener.py
[2024-10-08T08:13:41.234+0000] {processor.py:208} INFO - Processing /root/miniconda3/envs/project/lib/python3.8/site-packages/airflow/example_dags/plugins/event_listener.py took 0.037 seconds
[2024-10-08T08:14:16.979+0000] {processor.py:186} INFO - Started process (PID=211298) to work on /root/miniconda3/envs/project/lib/python3.8/site-packages/airflow/example_dags/plugins/event_listener.py
[2024-10-08T08:14:16.982+0000] {processor.py:914} INFO - Processing file /root/miniconda3/envs/project/lib/python3.8/site-packages/airflow/example_dags/plugins/event_listener.py for tasks to queue
[2024-10-08T08:14:16.985+0000] {logging_mixin.py:190} INFO - [2024-10-08T08:14:16.985+0000] {dagbag.py:588} INFO - Filling up the DagBag from /root/miniconda3/envs/project/lib/python3.8/site-packages/airflow/example_dags/plugins/event_listener.py
[2024-10-08T08:14:16.989+0000] {processor.py:927} WARNING - No viable dags retrieved from /root/miniconda3/envs/project/lib/python3.8/site-packages/airflow/example_dags/plugins/event_listener.py
[2024-10-08T08:14:17.005+0000] {processor.py:208} INFO - Processing /root/miniconda3/envs/project/lib/python3.8/site-packages/airflow/example_dags/plugins/event_listener.py took 0.038 seconds
[2024-10-08T08:15:24.733+0000] {processor.py:186} INFO - Started process (PID=211546) to work on /root/miniconda3/envs/project/lib/python3.8/site-packages/airflow/example_dags/plugins/event_listener.py
[2024-10-08T08:15:24.736+0000] {processor.py:914} INFO - Processing file /root/miniconda3/envs/project/lib/python3.8/site-packages/airflow/example_dags/plugins/event_listener.py for tasks to queue
[2024-10-08T08:15:24.739+0000] {logging_mixin.py:190} INFO - [2024-10-08T08:15:24.739+0000] {dagbag.py:588} INFO - Filling up the DagBag from /root/miniconda3/envs/project/lib/python3.8/site-packages/airflow/example_dags/plugins/event_listener.py
[2024-10-08T08:15:24.743+0000] {processor.py:927} WARNING - No viable dags retrieved from /root/miniconda3/envs/project/lib/python3.8/site-packages/airflow/example_dags/plugins/event_listener.py
[2024-10-08T08:15:24.761+0000] {processor.py:208} INFO - Processing /root/miniconda3/envs/project/lib/python3.8/site-packages/airflow/example_dags/plugins/event_listener.py took 0.041 seconds
[2024-10-08T08:16:32.864+0000] {processor.py:186} INFO - Started process (PID=211794) to work on /root/miniconda3/envs/project/lib/python3.8/site-packages/airflow/example_dags/plugins/event_listener.py
[2024-10-08T08:16:32.867+0000] {processor.py:914} INFO - Processing file /root/miniconda3/envs/project/lib/python3.8/site-packages/airflow/example_dags/plugins/event_listener.py for tasks to queue
[2024-10-08T08:16:32.870+0000] {logging_mixin.py:190} INFO - [2024-10-08T08:16:32.870+0000] {dagbag.py:588} INFO - Filling up the DagBag from /root/miniconda3/envs/project/lib/python3.8/site-packages/airflow/example_dags/plugins/event_listener.py
[2024-10-08T08:16:32.874+0000] {processor.py:927} WARNING - No viable dags retrieved from /root/miniconda3/envs/project/lib/python3.8/site-packages/airflow/example_dags/plugins/event_listener.py
[2024-10-08T08:16:32.890+0000] {processor.py:208} INFO - Processing /root/miniconda3/envs/project/lib/python3.8/site-packages/airflow/example_dags/plugins/event_listener.py took 0.035 seconds
[2024-10-08T08:17:09.314+0000] {processor.py:186} INFO - Started process (PID=211880) to work on /root/miniconda3/envs/project/lib/python3.8/site-packages/airflow/example_dags/plugins/event_listener.py
[2024-10-08T08:17:09.317+0000] {processor.py:914} INFO - Processing file /root/miniconda3/envs/project/lib/python3.8/site-packages/airflow/example_dags/plugins/event_listener.py for tasks to queue
[2024-10-08T08:17:09.320+0000] {logging_mixin.py:190} INFO - [2024-10-08T08:17:09.319+0000] {dagbag.py:588} INFO - Filling up the DagBag from /root/miniconda3/envs/project/lib/python3.8/site-packages/airflow/example_dags/plugins/event_listener.py
[2024-10-08T08:17:09.324+0000] {processor.py:927} WARNING - No viable dags retrieved from /root/miniconda3/envs/project/lib/python3.8/site-packages/airflow/example_dags/plugins/event_listener.py
[2024-10-08T08:17:09.341+0000] {processor.py:208} INFO - Processing /root/miniconda3/envs/project/lib/python3.8/site-packages/airflow/example_dags/plugins/event_listener.py took 0.038 seconds
[2024-10-08T08:18:17.838+0000] {processor.py:186} INFO - Started process (PID=212123) to work on /root/miniconda3/envs/project/lib/python3.8/site-packages/airflow/example_dags/plugins/event_listener.py
[2024-10-08T08:18:17.841+0000] {processor.py:914} INFO - Processing file /root/miniconda3/envs/project/lib/python3.8/site-packages/airflow/example_dags/plugins/event_listener.py for tasks to queue
[2024-10-08T08:18:17.845+0000] {logging_mixin.py:190} INFO - [2024-10-08T08:18:17.844+0000] {dagbag.py:588} INFO - Filling up the DagBag from /root/miniconda3/envs/project/lib/python3.8/site-packages/airflow/example_dags/plugins/event_listener.py
[2024-10-08T08:18:17.848+0000] {processor.py:927} WARNING - No viable dags retrieved from /root/miniconda3/envs/project/lib/python3.8/site-packages/airflow/example_dags/plugins/event_listener.py
[2024-10-08T08:18:17.865+0000] {processor.py:208} INFO - Processing /root/miniconda3/envs/project/lib/python3.8/site-packages/airflow/example_dags/plugins/event_listener.py took 0.039 seconds
[2024-10-08T08:18:54.764+0000] {processor.py:186} INFO - Started process (PID=212248) to work on /root/miniconda3/envs/project/lib/python3.8/site-packages/airflow/example_dags/plugins/event_listener.py
[2024-10-08T08:18:54.767+0000] {processor.py:914} INFO - Processing file /root/miniconda3/envs/project/lib/python3.8/site-packages/airflow/example_dags/plugins/event_listener.py for tasks to queue
[2024-10-08T08:18:54.770+0000] {logging_mixin.py:190} INFO - [2024-10-08T08:18:54.769+0000] {dagbag.py:588} INFO - Filling up the DagBag from /root/miniconda3/envs/project/lib/python3.8/site-packages/airflow/example_dags/plugins/event_listener.py
[2024-10-08T08:18:54.774+0000] {processor.py:927} WARNING - No viable dags retrieved from /root/miniconda3/envs/project/lib/python3.8/site-packages/airflow/example_dags/plugins/event_listener.py
[2024-10-08T08:18:54.790+0000] {processor.py:208} INFO - Processing /root/miniconda3/envs/project/lib/python3.8/site-packages/airflow/example_dags/plugins/event_listener.py took 0.038 seconds
[2024-10-08T08:19:30.199+0000] {processor.py:186} INFO - Started process (PID=212329) to work on /root/miniconda3/envs/project/lib/python3.8/site-packages/airflow/example_dags/plugins/event_listener.py
[2024-10-08T08:19:30.202+0000] {processor.py:914} INFO - Processing file /root/miniconda3/envs/project/lib/python3.8/site-packages/airflow/example_dags/plugins/event_listener.py for tasks to queue
[2024-10-08T08:19:30.207+0000] {logging_mixin.py:190} INFO - [2024-10-08T08:19:30.206+0000] {dagbag.py:588} INFO - Filling up the DagBag from /root/miniconda3/envs/project/lib/python3.8/site-packages/airflow/example_dags/plugins/event_listener.py
[2024-10-08T08:19:30.212+0000] {processor.py:927} WARNING - No viable dags retrieved from /root/miniconda3/envs/project/lib/python3.8/site-packages/airflow/example_dags/plugins/event_listener.py
[2024-10-08T08:19:30.230+0000] {processor.py:208} INFO - Processing /root/miniconda3/envs/project/lib/python3.8/site-packages/airflow/example_dags/plugins/event_listener.py took 0.044 seconds
[2024-10-08T08:20:36.171+0000] {processor.py:186} INFO - Started process (PID=212559) to work on /root/miniconda3/envs/project/lib/python3.8/site-packages/airflow/example_dags/plugins/event_listener.py
[2024-10-08T08:20:36.174+0000] {processor.py:914} INFO - Processing file /root/miniconda3/envs/project/lib/python3.8/site-packages/airflow/example_dags/plugins/event_listener.py for tasks to queue
[2024-10-08T08:20:36.177+0000] {logging_mixin.py:190} INFO - [2024-10-08T08:20:36.176+0000] {dagbag.py:588} INFO - Filling up the DagBag from /root/miniconda3/envs/project/lib/python3.8/site-packages/airflow/example_dags/plugins/event_listener.py
[2024-10-08T08:20:36.181+0000] {processor.py:927} WARNING - No viable dags retrieved from /root/miniconda3/envs/project/lib/python3.8/site-packages/airflow/example_dags/plugins/event_listener.py
[2024-10-08T08:20:36.198+0000] {processor.py:208} INFO - Processing /root/miniconda3/envs/project/lib/python3.8/site-packages/airflow/example_dags/plugins/event_listener.py took 0.038 seconds
[2024-10-08T08:21:15.742+0000] {processor.py:186} INFO - Started process (PID=212650) to work on /root/miniconda3/envs/project/lib/python3.8/site-packages/airflow/example_dags/plugins/event_listener.py
[2024-10-08T08:21:15.745+0000] {processor.py:914} INFO - Processing file /root/miniconda3/envs/project/lib/python3.8/site-packages/airflow/example_dags/plugins/event_listener.py for tasks to queue
[2024-10-08T08:21:15.748+0000] {logging_mixin.py:190} INFO - [2024-10-08T08:21:15.748+0000] {dagbag.py:588} INFO - Filling up the DagBag from /root/miniconda3/envs/project/lib/python3.8/site-packages/airflow/example_dags/plugins/event_listener.py
[2024-10-08T08:21:15.752+0000] {processor.py:927} WARNING - No viable dags retrieved from /root/miniconda3/envs/project/lib/python3.8/site-packages/airflow/example_dags/plugins/event_listener.py
[2024-10-08T08:21:15.769+0000] {processor.py:208} INFO - Processing /root/miniconda3/envs/project/lib/python3.8/site-packages/airflow/example_dags/plugins/event_listener.py took 0.040 seconds
[2024-10-08T08:21:51.189+0000] {processor.py:186} INFO - Started process (PID=212778) to work on /root/miniconda3/envs/project/lib/python3.8/site-packages/airflow/example_dags/plugins/event_listener.py
[2024-10-08T08:21:51.192+0000] {processor.py:914} INFO - Processing file /root/miniconda3/envs/project/lib/python3.8/site-packages/airflow/example_dags/plugins/event_listener.py for tasks to queue
[2024-10-08T08:21:51.195+0000] {logging_mixin.py:190} INFO - [2024-10-08T08:21:51.195+0000] {dagbag.py:588} INFO - Filling up the DagBag from /root/miniconda3/envs/project/lib/python3.8/site-packages/airflow/example_dags/plugins/event_listener.py
[2024-10-08T08:21:51.199+0000] {processor.py:927} WARNING - No viable dags retrieved from /root/miniconda3/envs/project/lib/python3.8/site-packages/airflow/example_dags/plugins/event_listener.py
[2024-10-08T08:21:51.218+0000] {processor.py:208} INFO - Processing /root/miniconda3/envs/project/lib/python3.8/site-packages/airflow/example_dags/plugins/event_listener.py took 0.042 seconds
[2024-10-08T08:22:27.392+0000] {processor.py:186} INFO - Started process (PID=212857) to work on /root/miniconda3/envs/project/lib/python3.8/site-packages/airflow/example_dags/plugins/event_listener.py
[2024-10-08T08:22:27.395+0000] {processor.py:914} INFO - Processing file /root/miniconda3/envs/project/lib/python3.8/site-packages/airflow/example_dags/plugins/event_listener.py for tasks to queue
[2024-10-08T08:22:27.399+0000] {logging_mixin.py:190} INFO - [2024-10-08T08:22:27.398+0000] {dagbag.py:588} INFO - Filling up the DagBag from /root/miniconda3/envs/project/lib/python3.8/site-packages/airflow/example_dags/plugins/event_listener.py
[2024-10-08T08:22:27.403+0000] {processor.py:927} WARNING - No viable dags retrieved from /root/miniconda3/envs/project/lib/python3.8/site-packages/airflow/example_dags/plugins/event_listener.py
[2024-10-08T08:22:27.420+0000] {processor.py:208} INFO - Processing /root/miniconda3/envs/project/lib/python3.8/site-packages/airflow/example_dags/plugins/event_listener.py took 0.039 seconds
[2024-10-08T08:23:30.298+0000] {processor.py:186} INFO - Started process (PID=213085) to work on /root/miniconda3/envs/project/lib/python3.8/site-packages/airflow/example_dags/plugins/event_listener.py
[2024-10-08T08:23:30.301+0000] {processor.py:914} INFO - Processing file /root/miniconda3/envs/project/lib/python3.8/site-packages/airflow/example_dags/plugins/event_listener.py for tasks to queue
[2024-10-08T08:23:30.304+0000] {logging_mixin.py:190} INFO - [2024-10-08T08:23:30.303+0000] {dagbag.py:588} INFO - Filling up the DagBag from /root/miniconda3/envs/project/lib/python3.8/site-packages/airflow/example_dags/plugins/event_listener.py
[2024-10-08T08:23:30.307+0000] {processor.py:927} WARNING - No viable dags retrieved from /root/miniconda3/envs/project/lib/python3.8/site-packages/airflow/example_dags/plugins/event_listener.py
[2024-10-08T08:23:30.324+0000] {processor.py:208} INFO - Processing /root/miniconda3/envs/project/lib/python3.8/site-packages/airflow/example_dags/plugins/event_listener.py took 0.036 seconds
[2024-10-08T08:36:46.362+0000] {processor.py:186} INFO - Started process (PID=214660) to work on /root/miniconda3/envs/project/lib/python3.8/site-packages/airflow/example_dags/plugins/event_listener.py
[2024-10-08T08:36:46.365+0000] {processor.py:914} INFO - Processing file /root/miniconda3/envs/project/lib/python3.8/site-packages/airflow/example_dags/plugins/event_listener.py for tasks to queue
[2024-10-08T08:36:46.368+0000] {logging_mixin.py:190} INFO - [2024-10-08T08:36:46.368+0000] {dagbag.py:588} INFO - Filling up the DagBag from /root/miniconda3/envs/project/lib/python3.8/site-packages/airflow/example_dags/plugins/event_listener.py
[2024-10-08T08:36:46.373+0000] {processor.py:927} WARNING - No viable dags retrieved from /root/miniconda3/envs/project/lib/python3.8/site-packages/airflow/example_dags/plugins/event_listener.py
[2024-10-08T08:36:46.389+0000] {processor.py:208} INFO - Processing /root/miniconda3/envs/project/lib/python3.8/site-packages/airflow/example_dags/plugins/event_listener.py took 0.040 seconds
[2024-10-08T08:37:56.072+0000] {processor.py:186} INFO - Started process (PID=215170) to work on /root/miniconda3/envs/project/lib/python3.8/site-packages/airflow/example_dags/plugins/event_listener.py
[2024-10-08T08:37:56.076+0000] {processor.py:914} INFO - Processing file /root/miniconda3/envs/project/lib/python3.8/site-packages/airflow/example_dags/plugins/event_listener.py for tasks to queue
[2024-10-08T08:37:56.081+0000] {logging_mixin.py:190} INFO - [2024-10-08T08:37:56.080+0000] {dagbag.py:588} INFO - Filling up the DagBag from /root/miniconda3/envs/project/lib/python3.8/site-packages/airflow/example_dags/plugins/event_listener.py
[2024-10-08T08:37:56.086+0000] {processor.py:927} WARNING - No viable dags retrieved from /root/miniconda3/envs/project/lib/python3.8/site-packages/airflow/example_dags/plugins/event_listener.py
[2024-10-08T08:37:56.105+0000] {processor.py:208} INFO - Processing /root/miniconda3/envs/project/lib/python3.8/site-packages/airflow/example_dags/plugins/event_listener.py took 0.044 seconds
[2024-10-08T08:38:31.449+0000] {processor.py:186} INFO - Started process (PID=215377) to work on /root/miniconda3/envs/project/lib/python3.8/site-packages/airflow/example_dags/plugins/event_listener.py
[2024-10-08T08:38:31.452+0000] {processor.py:914} INFO - Processing file /root/miniconda3/envs/project/lib/python3.8/site-packages/airflow/example_dags/plugins/event_listener.py for tasks to queue
[2024-10-08T08:38:31.455+0000] {logging_mixin.py:190} INFO - [2024-10-08T08:38:31.455+0000] {dagbag.py:588} INFO - Filling up the DagBag from /root/miniconda3/envs/project/lib/python3.8/site-packages/airflow/example_dags/plugins/event_listener.py
[2024-10-08T08:38:31.459+0000] {processor.py:927} WARNING - No viable dags retrieved from /root/miniconda3/envs/project/lib/python3.8/site-packages/airflow/example_dags/plugins/event_listener.py
[2024-10-08T08:38:31.475+0000] {processor.py:208} INFO - Processing /root/miniconda3/envs/project/lib/python3.8/site-packages/airflow/example_dags/plugins/event_listener.py took 0.036 seconds
[2024-10-08T08:39:42.812+0000] {processor.py:186} INFO - Started process (PID=215720) to work on /root/miniconda3/envs/project/lib/python3.8/site-packages/airflow/example_dags/plugins/event_listener.py
[2024-10-08T08:39:42.815+0000] {processor.py:914} INFO - Processing file /root/miniconda3/envs/project/lib/python3.8/site-packages/airflow/example_dags/plugins/event_listener.py for tasks to queue
[2024-10-08T08:39:42.819+0000] {logging_mixin.py:190} INFO - [2024-10-08T08:39:42.818+0000] {dagbag.py:588} INFO - Filling up the DagBag from /root/miniconda3/envs/project/lib/python3.8/site-packages/airflow/example_dags/plugins/event_listener.py
[2024-10-08T08:39:42.822+0000] {processor.py:927} WARNING - No viable dags retrieved from /root/miniconda3/envs/project/lib/python3.8/site-packages/airflow/example_dags/plugins/event_listener.py
[2024-10-08T08:39:42.840+0000] {processor.py:208} INFO - Processing /root/miniconda3/envs/project/lib/python3.8/site-packages/airflow/example_dags/plugins/event_listener.py took 0.040 seconds
[2024-10-08T08:40:17.218+0000] {processor.py:186} INFO - Started process (PID=215804) to work on /root/miniconda3/envs/project/lib/python3.8/site-packages/airflow/example_dags/plugins/event_listener.py
[2024-10-08T08:40:17.221+0000] {processor.py:914} INFO - Processing file /root/miniconda3/envs/project/lib/python3.8/site-packages/airflow/example_dags/plugins/event_listener.py for tasks to queue
[2024-10-08T08:40:17.225+0000] {logging_mixin.py:190} INFO - [2024-10-08T08:40:17.224+0000] {dagbag.py:588} INFO - Filling up the DagBag from /root/miniconda3/envs/project/lib/python3.8/site-packages/airflow/example_dags/plugins/event_listener.py
[2024-10-08T08:40:17.228+0000] {processor.py:927} WARNING - No viable dags retrieved from /root/miniconda3/envs/project/lib/python3.8/site-packages/airflow/example_dags/plugins/event_listener.py
[2024-10-08T08:40:17.245+0000] {processor.py:208} INFO - Processing /root/miniconda3/envs/project/lib/python3.8/site-packages/airflow/example_dags/plugins/event_listener.py took 0.039 seconds
[2024-10-08T08:41:25.142+0000] {processor.py:186} INFO - Started process (PID=216277) to work on /root/miniconda3/envs/project/lib/python3.8/site-packages/airflow/example_dags/plugins/event_listener.py
[2024-10-08T08:41:25.145+0000] {processor.py:914} INFO - Processing file /root/miniconda3/envs/project/lib/python3.8/site-packages/airflow/example_dags/plugins/event_listener.py for tasks to queue
[2024-10-08T08:41:25.148+0000] {logging_mixin.py:190} INFO - [2024-10-08T08:41:25.147+0000] {dagbag.py:588} INFO - Filling up the DagBag from /root/miniconda3/envs/project/lib/python3.8/site-packages/airflow/example_dags/plugins/event_listener.py
[2024-10-08T08:41:25.152+0000] {processor.py:927} WARNING - No viable dags retrieved from /root/miniconda3/envs/project/lib/python3.8/site-packages/airflow/example_dags/plugins/event_listener.py
[2024-10-08T08:41:25.169+0000] {processor.py:208} INFO - Processing /root/miniconda3/envs/project/lib/python3.8/site-packages/airflow/example_dags/plugins/event_listener.py took 0.038 seconds
[2024-10-08T08:42:31.945+0000] {processor.py:186} INFO - Started process (PID=216605) to work on /root/miniconda3/envs/project/lib/python3.8/site-packages/airflow/example_dags/plugins/event_listener.py
[2024-10-08T08:42:31.948+0000] {processor.py:914} INFO - Processing file /root/miniconda3/envs/project/lib/python3.8/site-packages/airflow/example_dags/plugins/event_listener.py for tasks to queue
[2024-10-08T08:42:31.951+0000] {logging_mixin.py:190} INFO - [2024-10-08T08:42:31.951+0000] {dagbag.py:588} INFO - Filling up the DagBag from /root/miniconda3/envs/project/lib/python3.8/site-packages/airflow/example_dags/plugins/event_listener.py
[2024-10-08T08:42:31.955+0000] {processor.py:927} WARNING - No viable dags retrieved from /root/miniconda3/envs/project/lib/python3.8/site-packages/airflow/example_dags/plugins/event_listener.py
[2024-10-08T08:42:31.971+0000] {processor.py:208} INFO - Processing /root/miniconda3/envs/project/lib/python3.8/site-packages/airflow/example_dags/plugins/event_listener.py took 0.036 seconds
[2024-10-08T08:43:38.869+0000] {processor.py:186} INFO - Started process (PID=216883) to work on /root/miniconda3/envs/project/lib/python3.8/site-packages/airflow/example_dags/plugins/event_listener.py
[2024-10-08T08:43:38.872+0000] {processor.py:914} INFO - Processing file /root/miniconda3/envs/project/lib/python3.8/site-packages/airflow/example_dags/plugins/event_listener.py for tasks to queue
[2024-10-08T08:43:38.875+0000] {logging_mixin.py:190} INFO - [2024-10-08T08:43:38.875+0000] {dagbag.py:588} INFO - Filling up the DagBag from /root/miniconda3/envs/project/lib/python3.8/site-packages/airflow/example_dags/plugins/event_listener.py
[2024-10-08T08:43:38.879+0000] {processor.py:927} WARNING - No viable dags retrieved from /root/miniconda3/envs/project/lib/python3.8/site-packages/airflow/example_dags/plugins/event_listener.py
[2024-10-08T08:43:38.895+0000] {processor.py:208} INFO - Processing /root/miniconda3/envs/project/lib/python3.8/site-packages/airflow/example_dags/plugins/event_listener.py took 0.036 seconds
[2024-10-08T08:44:50.051+0000] {processor.py:186} INFO - Started process (PID=217108) to work on /root/miniconda3/envs/project/lib/python3.8/site-packages/airflow/example_dags/plugins/event_listener.py
[2024-10-08T08:44:50.054+0000] {processor.py:914} INFO - Processing file /root/miniconda3/envs/project/lib/python3.8/site-packages/airflow/example_dags/plugins/event_listener.py for tasks to queue
[2024-10-08T08:44:50.057+0000] {logging_mixin.py:190} INFO - [2024-10-08T08:44:50.057+0000] {dagbag.py:588} INFO - Filling up the DagBag from /root/miniconda3/envs/project/lib/python3.8/site-packages/airflow/example_dags/plugins/event_listener.py
[2024-10-08T08:44:50.061+0000] {processor.py:927} WARNING - No viable dags retrieved from /root/miniconda3/envs/project/lib/python3.8/site-packages/airflow/example_dags/plugins/event_listener.py
[2024-10-08T08:44:50.078+0000] {processor.py:208} INFO - Processing /root/miniconda3/envs/project/lib/python3.8/site-packages/airflow/example_dags/plugins/event_listener.py took 0.038 seconds
[2024-10-08T08:45:28.417+0000] {processor.py:186} INFO - Started process (PID=217196) to work on /root/miniconda3/envs/project/lib/python3.8/site-packages/airflow/example_dags/plugins/event_listener.py
[2024-10-08T08:45:28.421+0000] {processor.py:914} INFO - Processing file /root/miniconda3/envs/project/lib/python3.8/site-packages/airflow/example_dags/plugins/event_listener.py for tasks to queue
[2024-10-08T08:45:28.424+0000] {logging_mixin.py:190} INFO - [2024-10-08T08:45:28.423+0000] {dagbag.py:588} INFO - Filling up the DagBag from /root/miniconda3/envs/project/lib/python3.8/site-packages/airflow/example_dags/plugins/event_listener.py
[2024-10-08T08:45:28.428+0000] {processor.py:927} WARNING - No viable dags retrieved from /root/miniconda3/envs/project/lib/python3.8/site-packages/airflow/example_dags/plugins/event_listener.py
[2024-10-08T08:45:28.445+0000] {processor.py:208} INFO - Processing /root/miniconda3/envs/project/lib/python3.8/site-packages/airflow/example_dags/plugins/event_listener.py took 0.038 seconds
[2024-10-08T08:46:05.261+0000] {processor.py:186} INFO - Started process (PID=217340) to work on /root/miniconda3/envs/project/lib/python3.8/site-packages/airflow/example_dags/plugins/event_listener.py
[2024-10-08T08:46:05.264+0000] {processor.py:914} INFO - Processing file /root/miniconda3/envs/project/lib/python3.8/site-packages/airflow/example_dags/plugins/event_listener.py for tasks to queue
[2024-10-08T08:46:05.268+0000] {logging_mixin.py:190} INFO - [2024-10-08T08:46:05.267+0000] {dagbag.py:588} INFO - Filling up the DagBag from /root/miniconda3/envs/project/lib/python3.8/site-packages/airflow/example_dags/plugins/event_listener.py
[2024-10-08T08:46:05.271+0000] {processor.py:927} WARNING - No viable dags retrieved from /root/miniconda3/envs/project/lib/python3.8/site-packages/airflow/example_dags/plugins/event_listener.py
[2024-10-08T08:46:05.289+0000] {processor.py:208} INFO - Processing /root/miniconda3/envs/project/lib/python3.8/site-packages/airflow/example_dags/plugins/event_listener.py took 0.040 seconds
[2024-10-08T08:46:40.642+0000] {processor.py:186} INFO - Started process (PID=217487) to work on /root/miniconda3/envs/project/lib/python3.8/site-packages/airflow/example_dags/plugins/event_listener.py
[2024-10-08T08:46:40.645+0000] {processor.py:914} INFO - Processing file /root/miniconda3/envs/project/lib/python3.8/site-packages/airflow/example_dags/plugins/event_listener.py for tasks to queue
[2024-10-08T08:46:40.648+0000] {logging_mixin.py:190} INFO - [2024-10-08T08:46:40.647+0000] {dagbag.py:588} INFO - Filling up the DagBag from /root/miniconda3/envs/project/lib/python3.8/site-packages/airflow/example_dags/plugins/event_listener.py
[2024-10-08T08:46:40.651+0000] {processor.py:927} WARNING - No viable dags retrieved from /root/miniconda3/envs/project/lib/python3.8/site-packages/airflow/example_dags/plugins/event_listener.py
[2024-10-08T08:46:40.667+0000] {processor.py:208} INFO - Processing /root/miniconda3/envs/project/lib/python3.8/site-packages/airflow/example_dags/plugins/event_listener.py took 0.035 seconds
[2024-10-08T08:47:16.773+0000] {processor.py:186} INFO - Started process (PID=217730) to work on /root/miniconda3/envs/project/lib/python3.8/site-packages/airflow/example_dags/plugins/event_listener.py
[2024-10-08T08:47:16.776+0000] {processor.py:914} INFO - Processing file /root/miniconda3/envs/project/lib/python3.8/site-packages/airflow/example_dags/plugins/event_listener.py for tasks to queue
[2024-10-08T08:47:16.779+0000] {logging_mixin.py:190} INFO - [2024-10-08T08:47:16.778+0000] {dagbag.py:588} INFO - Filling up the DagBag from /root/miniconda3/envs/project/lib/python3.8/site-packages/airflow/example_dags/plugins/event_listener.py
[2024-10-08T08:47:16.782+0000] {processor.py:927} WARNING - No viable dags retrieved from /root/miniconda3/envs/project/lib/python3.8/site-packages/airflow/example_dags/plugins/event_listener.py
[2024-10-08T08:47:16.798+0000] {processor.py:208} INFO - Processing /root/miniconda3/envs/project/lib/python3.8/site-packages/airflow/example_dags/plugins/event_listener.py took 0.037 seconds
[2024-10-08T08:48:28.970+0000] {processor.py:186} INFO - Started process (PID=217989) to work on /root/miniconda3/envs/project/lib/python3.8/site-packages/airflow/example_dags/plugins/event_listener.py
[2024-10-08T08:48:28.973+0000] {processor.py:914} INFO - Processing file /root/miniconda3/envs/project/lib/python3.8/site-packages/airflow/example_dags/plugins/event_listener.py for tasks to queue
[2024-10-08T08:48:28.976+0000] {logging_mixin.py:190} INFO - [2024-10-08T08:48:28.975+0000] {dagbag.py:588} INFO - Filling up the DagBag from /root/miniconda3/envs/project/lib/python3.8/site-packages/airflow/example_dags/plugins/event_listener.py
[2024-10-08T08:48:28.980+0000] {processor.py:927} WARNING - No viable dags retrieved from /root/miniconda3/envs/project/lib/python3.8/site-packages/airflow/example_dags/plugins/event_listener.py
[2024-10-08T08:48:28.996+0000] {processor.py:208} INFO - Processing /root/miniconda3/envs/project/lib/python3.8/site-packages/airflow/example_dags/plugins/event_listener.py took 0.037 seconds
[2024-10-08T08:49:04.352+0000] {processor.py:186} INFO - Started process (PID=218133) to work on /root/miniconda3/envs/project/lib/python3.8/site-packages/airflow/example_dags/plugins/event_listener.py
[2024-10-08T08:49:04.355+0000] {processor.py:914} INFO - Processing file /root/miniconda3/envs/project/lib/python3.8/site-packages/airflow/example_dags/plugins/event_listener.py for tasks to queue
[2024-10-08T08:49:04.358+0000] {logging_mixin.py:190} INFO - [2024-10-08T08:49:04.358+0000] {dagbag.py:588} INFO - Filling up the DagBag from /root/miniconda3/envs/project/lib/python3.8/site-packages/airflow/example_dags/plugins/event_listener.py
[2024-10-08T08:49:04.362+0000] {processor.py:927} WARNING - No viable dags retrieved from /root/miniconda3/envs/project/lib/python3.8/site-packages/airflow/example_dags/plugins/event_listener.py
[2024-10-08T08:49:04.379+0000] {processor.py:208} INFO - Processing /root/miniconda3/envs/project/lib/python3.8/site-packages/airflow/example_dags/plugins/event_listener.py took 0.039 seconds
[2024-10-08T08:50:14.794+0000] {processor.py:186} INFO - Started process (PID=218358) to work on /root/miniconda3/envs/project/lib/python3.8/site-packages/airflow/example_dags/plugins/event_listener.py
[2024-10-08T08:50:14.797+0000] {processor.py:914} INFO - Processing file /root/miniconda3/envs/project/lib/python3.8/site-packages/airflow/example_dags/plugins/event_listener.py for tasks to queue
[2024-10-08T08:50:14.802+0000] {logging_mixin.py:190} INFO - [2024-10-08T08:50:14.801+0000] {dagbag.py:588} INFO - Filling up the DagBag from /root/miniconda3/envs/project/lib/python3.8/site-packages/airflow/example_dags/plugins/event_listener.py
[2024-10-08T08:50:14.808+0000] {processor.py:927} WARNING - No viable dags retrieved from /root/miniconda3/envs/project/lib/python3.8/site-packages/airflow/example_dags/plugins/event_listener.py
[2024-10-08T08:50:14.826+0000] {processor.py:208} INFO - Processing /root/miniconda3/envs/project/lib/python3.8/site-packages/airflow/example_dags/plugins/event_listener.py took 0.045 seconds
[2024-10-08T09:03:11.855+0000] {processor.py:186} INFO - Started process (PID=219356) to work on /root/miniconda3/envs/project/lib/python3.8/site-packages/airflow/example_dags/plugins/event_listener.py
[2024-10-08T09:03:11.858+0000] {processor.py:914} INFO - Processing file /root/miniconda3/envs/project/lib/python3.8/site-packages/airflow/example_dags/plugins/event_listener.py for tasks to queue
[2024-10-08T09:03:11.862+0000] {logging_mixin.py:190} INFO - [2024-10-08T09:03:11.861+0000] {dagbag.py:588} INFO - Filling up the DagBag from /root/miniconda3/envs/project/lib/python3.8/site-packages/airflow/example_dags/plugins/event_listener.py
[2024-10-08T09:03:11.865+0000] {processor.py:927} WARNING - No viable dags retrieved from /root/miniconda3/envs/project/lib/python3.8/site-packages/airflow/example_dags/plugins/event_listener.py
[2024-10-08T09:03:11.882+0000] {processor.py:208} INFO - Processing /root/miniconda3/envs/project/lib/python3.8/site-packages/airflow/example_dags/plugins/event_listener.py took 0.038 seconds
[2024-10-08T09:04:52.625+0000] {processor.py:186} INFO - Started process (PID=219929) to work on /root/miniconda3/envs/project/lib/python3.8/site-packages/airflow/example_dags/plugins/event_listener.py
[2024-10-08T09:04:52.628+0000] {processor.py:914} INFO - Processing file /root/miniconda3/envs/project/lib/python3.8/site-packages/airflow/example_dags/plugins/event_listener.py for tasks to queue
[2024-10-08T09:04:52.631+0000] {logging_mixin.py:190} INFO - [2024-10-08T09:04:52.630+0000] {dagbag.py:588} INFO - Filling up the DagBag from /root/miniconda3/envs/project/lib/python3.8/site-packages/airflow/example_dags/plugins/event_listener.py
[2024-10-08T09:04:52.635+0000] {processor.py:927} WARNING - No viable dags retrieved from /root/miniconda3/envs/project/lib/python3.8/site-packages/airflow/example_dags/plugins/event_listener.py
[2024-10-08T09:04:52.651+0000] {processor.py:208} INFO - Processing /root/miniconda3/envs/project/lib/python3.8/site-packages/airflow/example_dags/plugins/event_listener.py took 0.038 seconds
[2024-10-08T09:08:25.032+0000] {processor.py:186} INFO - Started process (PID=220691) to work on /root/miniconda3/envs/project/lib/python3.8/site-packages/airflow/example_dags/plugins/event_listener.py
[2024-10-08T09:08:25.035+0000] {processor.py:914} INFO - Processing file /root/miniconda3/envs/project/lib/python3.8/site-packages/airflow/example_dags/plugins/event_listener.py for tasks to queue
[2024-10-08T09:08:25.038+0000] {logging_mixin.py:190} INFO - [2024-10-08T09:08:25.038+0000] {dagbag.py:588} INFO - Filling up the DagBag from /root/miniconda3/envs/project/lib/python3.8/site-packages/airflow/example_dags/plugins/event_listener.py
[2024-10-08T09:08:25.042+0000] {processor.py:927} WARNING - No viable dags retrieved from /root/miniconda3/envs/project/lib/python3.8/site-packages/airflow/example_dags/plugins/event_listener.py
[2024-10-08T09:08:25.060+0000] {processor.py:208} INFO - Processing /root/miniconda3/envs/project/lib/python3.8/site-packages/airflow/example_dags/plugins/event_listener.py took 0.042 seconds
[2024-10-08T09:09:32.030+0000] {processor.py:186} INFO - Started process (PID=220957) to work on /root/miniconda3/envs/project/lib/python3.8/site-packages/airflow/example_dags/plugins/event_listener.py
[2024-10-08T09:09:32.033+0000] {processor.py:914} INFO - Processing file /root/miniconda3/envs/project/lib/python3.8/site-packages/airflow/example_dags/plugins/event_listener.py for tasks to queue
[2024-10-08T09:09:32.036+0000] {logging_mixin.py:190} INFO - [2024-10-08T09:09:32.036+0000] {dagbag.py:588} INFO - Filling up the DagBag from /root/miniconda3/envs/project/lib/python3.8/site-packages/airflow/example_dags/plugins/event_listener.py
[2024-10-08T09:09:32.040+0000] {processor.py:927} WARNING - No viable dags retrieved from /root/miniconda3/envs/project/lib/python3.8/site-packages/airflow/example_dags/plugins/event_listener.py
[2024-10-08T09:09:32.057+0000] {processor.py:208} INFO - Processing /root/miniconda3/envs/project/lib/python3.8/site-packages/airflow/example_dags/plugins/event_listener.py took 0.038 seconds
[2024-10-08T09:09:53.322+0000] {processor.py:186} INFO - Started process (PID=221202) to work on /root/miniconda3/envs/project/lib/python3.8/site-packages/airflow/example_dags/plugins/event_listener.py
[2024-10-08T09:09:53.324+0000] {processor.py:914} INFO - Processing file /root/miniconda3/envs/project/lib/python3.8/site-packages/airflow/example_dags/plugins/event_listener.py for tasks to queue
[2024-10-08T09:09:53.327+0000] {logging_mixin.py:190} INFO - [2024-10-08T09:09:53.327+0000] {dagbag.py:588} INFO - Filling up the DagBag from /root/miniconda3/envs/project/lib/python3.8/site-packages/airflow/example_dags/plugins/event_listener.py
[2024-10-08T09:09:53.331+0000] {processor.py:927} WARNING - No viable dags retrieved from /root/miniconda3/envs/project/lib/python3.8/site-packages/airflow/example_dags/plugins/event_listener.py
[2024-10-08T09:09:53.347+0000] {processor.py:208} INFO - Processing /root/miniconda3/envs/project/lib/python3.8/site-packages/airflow/example_dags/plugins/event_listener.py took 0.034 seconds
[2024-10-08T09:11:03.329+0000] {processor.py:186} INFO - Started process (PID=221677) to work on /root/miniconda3/envs/project/lib/python3.8/site-packages/airflow/example_dags/plugins/event_listener.py
[2024-10-08T09:11:03.332+0000] {processor.py:914} INFO - Processing file /root/miniconda3/envs/project/lib/python3.8/site-packages/airflow/example_dags/plugins/event_listener.py for tasks to queue
[2024-10-08T09:11:03.336+0000] {logging_mixin.py:190} INFO - [2024-10-08T09:11:03.335+0000] {dagbag.py:588} INFO - Filling up the DagBag from /root/miniconda3/envs/project/lib/python3.8/site-packages/airflow/example_dags/plugins/event_listener.py
[2024-10-08T09:11:03.340+0000] {processor.py:927} WARNING - No viable dags retrieved from /root/miniconda3/envs/project/lib/python3.8/site-packages/airflow/example_dags/plugins/event_listener.py
[2024-10-08T09:11:03.358+0000] {processor.py:208} INFO - Processing /root/miniconda3/envs/project/lib/python3.8/site-packages/airflow/example_dags/plugins/event_listener.py took 0.039 seconds
[2024-10-08T09:11:38.714+0000] {processor.py:186} INFO - Started process (PID=221762) to work on /root/miniconda3/envs/project/lib/python3.8/site-packages/airflow/example_dags/plugins/event_listener.py
[2024-10-08T09:11:38.717+0000] {processor.py:914} INFO - Processing file /root/miniconda3/envs/project/lib/python3.8/site-packages/airflow/example_dags/plugins/event_listener.py for tasks to queue
[2024-10-08T09:11:38.720+0000] {logging_mixin.py:190} INFO - [2024-10-08T09:11:38.720+0000] {dagbag.py:588} INFO - Filling up the DagBag from /root/miniconda3/envs/project/lib/python3.8/site-packages/airflow/example_dags/plugins/event_listener.py
[2024-10-08T09:11:38.724+0000] {processor.py:927} WARNING - No viable dags retrieved from /root/miniconda3/envs/project/lib/python3.8/site-packages/airflow/example_dags/plugins/event_listener.py
[2024-10-08T09:11:38.742+0000] {processor.py:208} INFO - Processing /root/miniconda3/envs/project/lib/python3.8/site-packages/airflow/example_dags/plugins/event_listener.py took 0.039 seconds
[2024-10-08T09:12:40.709+0000] {processor.py:186} INFO - Started process (PID=222089) to work on /root/miniconda3/envs/project/lib/python3.8/site-packages/airflow/example_dags/plugins/event_listener.py
[2024-10-08T09:12:40.712+0000] {processor.py:914} INFO - Processing file /root/miniconda3/envs/project/lib/python3.8/site-packages/airflow/example_dags/plugins/event_listener.py for tasks to queue
[2024-10-08T09:12:40.716+0000] {logging_mixin.py:190} INFO - [2024-10-08T09:12:40.715+0000] {dagbag.py:588} INFO - Filling up the DagBag from /root/miniconda3/envs/project/lib/python3.8/site-packages/airflow/example_dags/plugins/event_listener.py
[2024-10-08T09:12:40.720+0000] {processor.py:927} WARNING - No viable dags retrieved from /root/miniconda3/envs/project/lib/python3.8/site-packages/airflow/example_dags/plugins/event_listener.py
[2024-10-08T09:12:40.739+0000] {processor.py:208} INFO - Processing /root/miniconda3/envs/project/lib/python3.8/site-packages/airflow/example_dags/plugins/event_listener.py took 0.041 seconds
[2024-10-08T09:13:48.883+0000] {processor.py:186} INFO - Started process (PID=222493) to work on /root/miniconda3/envs/project/lib/python3.8/site-packages/airflow/example_dags/plugins/event_listener.py
[2024-10-08T09:13:48.886+0000] {processor.py:914} INFO - Processing file /root/miniconda3/envs/project/lib/python3.8/site-packages/airflow/example_dags/plugins/event_listener.py for tasks to queue
[2024-10-08T09:13:48.890+0000] {logging_mixin.py:190} INFO - [2024-10-08T09:13:48.890+0000] {dagbag.py:588} INFO - Filling up the DagBag from /root/miniconda3/envs/project/lib/python3.8/site-packages/airflow/example_dags/plugins/event_listener.py
[2024-10-08T09:13:48.895+0000] {processor.py:927} WARNING - No viable dags retrieved from /root/miniconda3/envs/project/lib/python3.8/site-packages/airflow/example_dags/plugins/event_listener.py
[2024-10-08T09:13:48.913+0000] {processor.py:208} INFO - Processing /root/miniconda3/envs/project/lib/python3.8/site-packages/airflow/example_dags/plugins/event_listener.py took 0.042 seconds
[2024-10-08T09:14:50.257+0000] {processor.py:186} INFO - Started process (PID=222721) to work on /root/miniconda3/envs/project/lib/python3.8/site-packages/airflow/example_dags/plugins/event_listener.py
[2024-10-08T09:14:50.261+0000] {processor.py:914} INFO - Processing file /root/miniconda3/envs/project/lib/python3.8/site-packages/airflow/example_dags/plugins/event_listener.py for tasks to queue
[2024-10-08T09:14:50.264+0000] {logging_mixin.py:190} INFO - [2024-10-08T09:14:50.263+0000] {dagbag.py:588} INFO - Filling up the DagBag from /root/miniconda3/envs/project/lib/python3.8/site-packages/airflow/example_dags/plugins/event_listener.py
[2024-10-08T09:14:50.268+0000] {processor.py:927} WARNING - No viable dags retrieved from /root/miniconda3/envs/project/lib/python3.8/site-packages/airflow/example_dags/plugins/event_listener.py
[2024-10-08T09:14:50.285+0000] {processor.py:208} INFO - Processing /root/miniconda3/envs/project/lib/python3.8/site-packages/airflow/example_dags/plugins/event_listener.py took 0.039 seconds
[2024-10-08T09:15:29.029+0000] {processor.py:186} INFO - Started process (PID=222842) to work on /root/miniconda3/envs/project/lib/python3.8/site-packages/airflow/example_dags/plugins/event_listener.py
[2024-10-08T09:15:29.032+0000] {processor.py:914} INFO - Processing file /root/miniconda3/envs/project/lib/python3.8/site-packages/airflow/example_dags/plugins/event_listener.py for tasks to queue
[2024-10-08T09:15:29.035+0000] {logging_mixin.py:190} INFO - [2024-10-08T09:15:29.035+0000] {dagbag.py:588} INFO - Filling up the DagBag from /root/miniconda3/envs/project/lib/python3.8/site-packages/airflow/example_dags/plugins/event_listener.py
[2024-10-08T09:15:29.039+0000] {processor.py:927} WARNING - No viable dags retrieved from /root/miniconda3/envs/project/lib/python3.8/site-packages/airflow/example_dags/plugins/event_listener.py
[2024-10-08T09:15:29.056+0000] {processor.py:208} INFO - Processing /root/miniconda3/envs/project/lib/python3.8/site-packages/airflow/example_dags/plugins/event_listener.py took 0.039 seconds
[2024-10-08T09:16:06.965+0000] {processor.py:186} INFO - Started process (PID=222990) to work on /root/miniconda3/envs/project/lib/python3.8/site-packages/airflow/example_dags/plugins/event_listener.py
[2024-10-08T09:16:06.968+0000] {processor.py:914} INFO - Processing file /root/miniconda3/envs/project/lib/python3.8/site-packages/airflow/example_dags/plugins/event_listener.py for tasks to queue
[2024-10-08T09:16:06.974+0000] {logging_mixin.py:190} INFO - [2024-10-08T09:16:06.973+0000] {dagbag.py:588} INFO - Filling up the DagBag from /root/miniconda3/envs/project/lib/python3.8/site-packages/airflow/example_dags/plugins/event_listener.py
[2024-10-08T09:16:06.979+0000] {processor.py:927} WARNING - No viable dags retrieved from /root/miniconda3/envs/project/lib/python3.8/site-packages/airflow/example_dags/plugins/event_listener.py
[2024-10-08T09:16:06.996+0000] {processor.py:208} INFO - Processing /root/miniconda3/envs/project/lib/python3.8/site-packages/airflow/example_dags/plugins/event_listener.py took 0.042 seconds
[2024-10-08T09:16:41.205+0000] {processor.py:186} INFO - Started process (PID=223074) to work on /root/miniconda3/envs/project/lib/python3.8/site-packages/airflow/example_dags/plugins/event_listener.py
[2024-10-08T09:16:41.208+0000] {processor.py:914} INFO - Processing file /root/miniconda3/envs/project/lib/python3.8/site-packages/airflow/example_dags/plugins/event_listener.py for tasks to queue
[2024-10-08T09:16:41.212+0000] {logging_mixin.py:190} INFO - [2024-10-08T09:16:41.211+0000] {dagbag.py:588} INFO - Filling up the DagBag from /root/miniconda3/envs/project/lib/python3.8/site-packages/airflow/example_dags/plugins/event_listener.py
[2024-10-08T09:16:41.215+0000] {processor.py:927} WARNING - No viable dags retrieved from /root/miniconda3/envs/project/lib/python3.8/site-packages/airflow/example_dags/plugins/event_listener.py
[2024-10-08T09:16:41.231+0000] {processor.py:208} INFO - Processing /root/miniconda3/envs/project/lib/python3.8/site-packages/airflow/example_dags/plugins/event_listener.py took 0.036 seconds
[2024-10-08T09:17:16.984+0000] {processor.py:186} INFO - Started process (PID=223225) to work on /root/miniconda3/envs/project/lib/python3.8/site-packages/airflow/example_dags/plugins/event_listener.py
[2024-10-08T09:17:16.989+0000] {processor.py:914} INFO - Processing file /root/miniconda3/envs/project/lib/python3.8/site-packages/airflow/example_dags/plugins/event_listener.py for tasks to queue
[2024-10-08T09:17:16.995+0000] {logging_mixin.py:190} INFO - [2024-10-08T09:17:16.994+0000] {dagbag.py:588} INFO - Filling up the DagBag from /root/miniconda3/envs/project/lib/python3.8/site-packages/airflow/example_dags/plugins/event_listener.py
[2024-10-08T09:17:17.000+0000] {processor.py:927} WARNING - No viable dags retrieved from /root/miniconda3/envs/project/lib/python3.8/site-packages/airflow/example_dags/plugins/event_listener.py
[2024-10-08T09:17:17.018+0000] {processor.py:208} INFO - Processing /root/miniconda3/envs/project/lib/python3.8/site-packages/airflow/example_dags/plugins/event_listener.py took 0.046 seconds
[2024-10-08T09:18:25.026+0000] {processor.py:186} INFO - Started process (PID=223449) to work on /root/miniconda3/envs/project/lib/python3.8/site-packages/airflow/example_dags/plugins/event_listener.py
[2024-10-08T09:18:25.029+0000] {processor.py:914} INFO - Processing file /root/miniconda3/envs/project/lib/python3.8/site-packages/airflow/example_dags/plugins/event_listener.py for tasks to queue
[2024-10-08T09:18:25.033+0000] {logging_mixin.py:190} INFO - [2024-10-08T09:18:25.032+0000] {dagbag.py:588} INFO - Filling up the DagBag from /root/miniconda3/envs/project/lib/python3.8/site-packages/airflow/example_dags/plugins/event_listener.py
[2024-10-08T09:18:25.037+0000] {processor.py:927} WARNING - No viable dags retrieved from /root/miniconda3/envs/project/lib/python3.8/site-packages/airflow/example_dags/plugins/event_listener.py
[2024-10-08T09:18:25.055+0000] {processor.py:208} INFO - Processing /root/miniconda3/envs/project/lib/python3.8/site-packages/airflow/example_dags/plugins/event_listener.py took 0.038 seconds
[2024-10-08T09:19:03.914+0000] {processor.py:186} INFO - Started process (PID=223599) to work on /root/miniconda3/envs/project/lib/python3.8/site-packages/airflow/example_dags/plugins/event_listener.py
[2024-10-08T09:19:03.917+0000] {processor.py:914} INFO - Processing file /root/miniconda3/envs/project/lib/python3.8/site-packages/airflow/example_dags/plugins/event_listener.py for tasks to queue
[2024-10-08T09:19:03.920+0000] {logging_mixin.py:190} INFO - [2024-10-08T09:19:03.920+0000] {dagbag.py:588} INFO - Filling up the DagBag from /root/miniconda3/envs/project/lib/python3.8/site-packages/airflow/example_dags/plugins/event_listener.py
[2024-10-08T09:19:03.924+0000] {processor.py:927} WARNING - No viable dags retrieved from /root/miniconda3/envs/project/lib/python3.8/site-packages/airflow/example_dags/plugins/event_listener.py
[2024-10-08T09:19:03.940+0000] {processor.py:208} INFO - Processing /root/miniconda3/envs/project/lib/python3.8/site-packages/airflow/example_dags/plugins/event_listener.py took 0.038 seconds
[2024-10-08T09:19:41.059+0000] {processor.py:186} INFO - Started process (PID=223688) to work on /root/miniconda3/envs/project/lib/python3.8/site-packages/airflow/example_dags/plugins/event_listener.py
[2024-10-08T09:19:41.062+0000] {processor.py:914} INFO - Processing file /root/miniconda3/envs/project/lib/python3.8/site-packages/airflow/example_dags/plugins/event_listener.py for tasks to queue
[2024-10-08T09:19:41.065+0000] {logging_mixin.py:190} INFO - [2024-10-08T09:19:41.065+0000] {dagbag.py:588} INFO - Filling up the DagBag from /root/miniconda3/envs/project/lib/python3.8/site-packages/airflow/example_dags/plugins/event_listener.py
[2024-10-08T09:19:41.069+0000] {processor.py:927} WARNING - No viable dags retrieved from /root/miniconda3/envs/project/lib/python3.8/site-packages/airflow/example_dags/plugins/event_listener.py
[2024-10-08T09:19:41.085+0000] {processor.py:208} INFO - Processing /root/miniconda3/envs/project/lib/python3.8/site-packages/airflow/example_dags/plugins/event_listener.py took 0.036 seconds
[2024-10-08T09:20:50.202+0000] {processor.py:186} INFO - Started process (PID=224031) to work on /root/miniconda3/envs/project/lib/python3.8/site-packages/airflow/example_dags/plugins/event_listener.py
[2024-10-08T09:20:50.205+0000] {processor.py:914} INFO - Processing file /root/miniconda3/envs/project/lib/python3.8/site-packages/airflow/example_dags/plugins/event_listener.py for tasks to queue
[2024-10-08T09:20:50.209+0000] {logging_mixin.py:190} INFO - [2024-10-08T09:20:50.208+0000] {dagbag.py:588} INFO - Filling up the DagBag from /root/miniconda3/envs/project/lib/python3.8/site-packages/airflow/example_dags/plugins/event_listener.py
[2024-10-08T09:20:50.212+0000] {processor.py:927} WARNING - No viable dags retrieved from /root/miniconda3/envs/project/lib/python3.8/site-packages/airflow/example_dags/plugins/event_listener.py
[2024-10-08T09:20:50.228+0000] {processor.py:208} INFO - Processing /root/miniconda3/envs/project/lib/python3.8/site-packages/airflow/example_dags/plugins/event_listener.py took 0.039 seconds
[2024-10-08T09:21:29.034+0000] {processor.py:186} INFO - Started process (PID=224122) to work on /root/miniconda3/envs/project/lib/python3.8/site-packages/airflow/example_dags/plugins/event_listener.py
[2024-10-08T09:21:29.036+0000] {processor.py:914} INFO - Processing file /root/miniconda3/envs/project/lib/python3.8/site-packages/airflow/example_dags/plugins/event_listener.py for tasks to queue
[2024-10-08T09:21:29.040+0000] {logging_mixin.py:190} INFO - [2024-10-08T09:21:29.039+0000] {dagbag.py:588} INFO - Filling up the DagBag from /root/miniconda3/envs/project/lib/python3.8/site-packages/airflow/example_dags/plugins/event_listener.py
[2024-10-08T09:21:29.044+0000] {processor.py:927} WARNING - No viable dags retrieved from /root/miniconda3/envs/project/lib/python3.8/site-packages/airflow/example_dags/plugins/event_listener.py
[2024-10-08T09:21:29.060+0000] {processor.py:208} INFO - Processing /root/miniconda3/envs/project/lib/python3.8/site-packages/airflow/example_dags/plugins/event_listener.py took 0.037 seconds
[2024-10-08T09:22:04.188+0000] {processor.py:186} INFO - Started process (PID=224267) to work on /root/miniconda3/envs/project/lib/python3.8/site-packages/airflow/example_dags/plugins/event_listener.py
[2024-10-08T09:22:04.191+0000] {processor.py:914} INFO - Processing file /root/miniconda3/envs/project/lib/python3.8/site-packages/airflow/example_dags/plugins/event_listener.py for tasks to queue
[2024-10-08T09:22:04.194+0000] {logging_mixin.py:190} INFO - [2024-10-08T09:22:04.193+0000] {dagbag.py:588} INFO - Filling up the DagBag from /root/miniconda3/envs/project/lib/python3.8/site-packages/airflow/example_dags/plugins/event_listener.py
[2024-10-08T09:22:04.198+0000] {processor.py:927} WARNING - No viable dags retrieved from /root/miniconda3/envs/project/lib/python3.8/site-packages/airflow/example_dags/plugins/event_listener.py
[2024-10-08T09:22:04.214+0000] {processor.py:208} INFO - Processing /root/miniconda3/envs/project/lib/python3.8/site-packages/airflow/example_dags/plugins/event_listener.py took 0.038 seconds
[2024-10-08T09:23:12.145+0000] {processor.py:186} INFO - Started process (PID=224485) to work on /root/miniconda3/envs/project/lib/python3.8/site-packages/airflow/example_dags/plugins/event_listener.py
[2024-10-08T09:23:12.148+0000] {processor.py:914} INFO - Processing file /root/miniconda3/envs/project/lib/python3.8/site-packages/airflow/example_dags/plugins/event_listener.py for tasks to queue
[2024-10-08T09:23:12.152+0000] {logging_mixin.py:190} INFO - [2024-10-08T09:23:12.151+0000] {dagbag.py:588} INFO - Filling up the DagBag from /root/miniconda3/envs/project/lib/python3.8/site-packages/airflow/example_dags/plugins/event_listener.py
[2024-10-08T09:23:12.155+0000] {processor.py:927} WARNING - No viable dags retrieved from /root/miniconda3/envs/project/lib/python3.8/site-packages/airflow/example_dags/plugins/event_listener.py
[2024-10-08T09:23:12.172+0000] {processor.py:208} INFO - Processing /root/miniconda3/envs/project/lib/python3.8/site-packages/airflow/example_dags/plugins/event_listener.py took 0.036 seconds
[2024-10-08T09:24:23.574+0000] {processor.py:186} INFO - Started process (PID=224688) to work on /root/miniconda3/envs/project/lib/python3.8/site-packages/airflow/example_dags/plugins/event_listener.py
[2024-10-08T09:24:23.578+0000] {processor.py:914} INFO - Processing file /root/miniconda3/envs/project/lib/python3.8/site-packages/airflow/example_dags/plugins/event_listener.py for tasks to queue
[2024-10-08T09:24:23.581+0000] {logging_mixin.py:190} INFO - [2024-10-08T09:24:23.580+0000] {dagbag.py:588} INFO - Filling up the DagBag from /root/miniconda3/envs/project/lib/python3.8/site-packages/airflow/example_dags/plugins/event_listener.py
[2024-10-08T09:24:23.585+0000] {processor.py:927} WARNING - No viable dags retrieved from /root/miniconda3/envs/project/lib/python3.8/site-packages/airflow/example_dags/plugins/event_listener.py
[2024-10-08T09:24:23.601+0000] {processor.py:208} INFO - Processing /root/miniconda3/envs/project/lib/python3.8/site-packages/airflow/example_dags/plugins/event_listener.py took 0.037 seconds
[2024-10-08T09:25:32.601+0000] {processor.py:186} INFO - Started process (PID=225452) to work on /root/miniconda3/envs/project/lib/python3.8/site-packages/airflow/example_dags/plugins/event_listener.py
[2024-10-08T09:25:32.604+0000] {processor.py:914} INFO - Processing file /root/miniconda3/envs/project/lib/python3.8/site-packages/airflow/example_dags/plugins/event_listener.py for tasks to queue
[2024-10-08T09:25:32.608+0000] {logging_mixin.py:190} INFO - [2024-10-08T09:25:32.607+0000] {dagbag.py:588} INFO - Filling up the DagBag from /root/miniconda3/envs/project/lib/python3.8/site-packages/airflow/example_dags/plugins/event_listener.py
[2024-10-08T09:25:32.612+0000] {processor.py:927} WARNING - No viable dags retrieved from /root/miniconda3/envs/project/lib/python3.8/site-packages/airflow/example_dags/plugins/event_listener.py
[2024-10-08T09:25:32.629+0000] {processor.py:208} INFO - Processing /root/miniconda3/envs/project/lib/python3.8/site-packages/airflow/example_dags/plugins/event_listener.py took 0.040 seconds
[2024-10-08T09:26:42.763+0000] {processor.py:186} INFO - Started process (PID=225847) to work on /root/miniconda3/envs/project/lib/python3.8/site-packages/airflow/example_dags/plugins/event_listener.py
[2024-10-08T09:26:42.767+0000] {processor.py:914} INFO - Processing file /root/miniconda3/envs/project/lib/python3.8/site-packages/airflow/example_dags/plugins/event_listener.py for tasks to queue
[2024-10-08T09:26:42.771+0000] {logging_mixin.py:190} INFO - [2024-10-08T09:26:42.770+0000] {dagbag.py:588} INFO - Filling up the DagBag from /root/miniconda3/envs/project/lib/python3.8/site-packages/airflow/example_dags/plugins/event_listener.py
[2024-10-08T09:26:42.776+0000] {processor.py:927} WARNING - No viable dags retrieved from /root/miniconda3/envs/project/lib/python3.8/site-packages/airflow/example_dags/plugins/event_listener.py
[2024-10-08T09:26:42.795+0000] {processor.py:208} INFO - Processing /root/miniconda3/envs/project/lib/python3.8/site-packages/airflow/example_dags/plugins/event_listener.py took 0.044 seconds
[2024-10-08T09:27:19.270+0000] {processor.py:186} INFO - Started process (PID=226036) to work on /root/miniconda3/envs/project/lib/python3.8/site-packages/airflow/example_dags/plugins/event_listener.py
[2024-10-08T09:27:19.272+0000] {processor.py:914} INFO - Processing file /root/miniconda3/envs/project/lib/python3.8/site-packages/airflow/example_dags/plugins/event_listener.py for tasks to queue
[2024-10-08T09:27:19.276+0000] {logging_mixin.py:190} INFO - [2024-10-08T09:27:19.275+0000] {dagbag.py:588} INFO - Filling up the DagBag from /root/miniconda3/envs/project/lib/python3.8/site-packages/airflow/example_dags/plugins/event_listener.py
[2024-10-08T09:27:19.279+0000] {processor.py:927} WARNING - No viable dags retrieved from /root/miniconda3/envs/project/lib/python3.8/site-packages/airflow/example_dags/plugins/event_listener.py
[2024-10-08T09:27:19.296+0000] {processor.py:208} INFO - Processing /root/miniconda3/envs/project/lib/python3.8/site-packages/airflow/example_dags/plugins/event_listener.py took 0.037 seconds
[2024-10-08T09:27:55.132+0000] {processor.py:186} INFO - Started process (PID=226428) to work on /root/miniconda3/envs/project/lib/python3.8/site-packages/airflow/example_dags/plugins/event_listener.py
[2024-10-08T09:27:55.135+0000] {processor.py:914} INFO - Processing file /root/miniconda3/envs/project/lib/python3.8/site-packages/airflow/example_dags/plugins/event_listener.py for tasks to queue
[2024-10-08T09:27:55.138+0000] {logging_mixin.py:190} INFO - [2024-10-08T09:27:55.138+0000] {dagbag.py:588} INFO - Filling up the DagBag from /root/miniconda3/envs/project/lib/python3.8/site-packages/airflow/example_dags/plugins/event_listener.py
[2024-10-08T09:27:55.142+0000] {processor.py:927} WARNING - No viable dags retrieved from /root/miniconda3/envs/project/lib/python3.8/site-packages/airflow/example_dags/plugins/event_listener.py
[2024-10-08T09:27:55.159+0000] {processor.py:208} INFO - Processing /root/miniconda3/envs/project/lib/python3.8/site-packages/airflow/example_dags/plugins/event_listener.py took 0.039 seconds
[2024-10-08T09:28:30.728+0000] {processor.py:186} INFO - Started process (PID=226542) to work on /root/miniconda3/envs/project/lib/python3.8/site-packages/airflow/example_dags/plugins/event_listener.py
[2024-10-08T09:28:30.732+0000] {processor.py:914} INFO - Processing file /root/miniconda3/envs/project/lib/python3.8/site-packages/airflow/example_dags/plugins/event_listener.py for tasks to queue
[2024-10-08T09:28:30.736+0000] {logging_mixin.py:190} INFO - [2024-10-08T09:28:30.735+0000] {dagbag.py:588} INFO - Filling up the DagBag from /root/miniconda3/envs/project/lib/python3.8/site-packages/airflow/example_dags/plugins/event_listener.py
[2024-10-08T09:28:30.740+0000] {processor.py:927} WARNING - No viable dags retrieved from /root/miniconda3/envs/project/lib/python3.8/site-packages/airflow/example_dags/plugins/event_listener.py
[2024-10-08T09:28:30.758+0000] {processor.py:208} INFO - Processing /root/miniconda3/envs/project/lib/python3.8/site-packages/airflow/example_dags/plugins/event_listener.py took 0.043 seconds
[2024-10-08T09:29:07.395+0000] {processor.py:186} INFO - Started process (PID=226909) to work on /root/miniconda3/envs/project/lib/python3.8/site-packages/airflow/example_dags/plugins/event_listener.py
[2024-10-08T09:29:07.398+0000] {processor.py:914} INFO - Processing file /root/miniconda3/envs/project/lib/python3.8/site-packages/airflow/example_dags/plugins/event_listener.py for tasks to queue
[2024-10-08T09:29:07.402+0000] {logging_mixin.py:190} INFO - [2024-10-08T09:29:07.401+0000] {dagbag.py:588} INFO - Filling up the DagBag from /root/miniconda3/envs/project/lib/python3.8/site-packages/airflow/example_dags/plugins/event_listener.py
[2024-10-08T09:29:07.405+0000] {processor.py:927} WARNING - No viable dags retrieved from /root/miniconda3/envs/project/lib/python3.8/site-packages/airflow/example_dags/plugins/event_listener.py
[2024-10-08T09:29:07.422+0000] {processor.py:208} INFO - Processing /root/miniconda3/envs/project/lib/python3.8/site-packages/airflow/example_dags/plugins/event_listener.py took 0.038 seconds
[2024-10-08T09:29:48.882+0000] {processor.py:186} INFO - Started process (PID=227213) to work on /root/miniconda3/envs/project/lib/python3.8/site-packages/airflow/example_dags/plugins/event_listener.py
[2024-10-08T09:29:48.885+0000] {processor.py:914} INFO - Processing file /root/miniconda3/envs/project/lib/python3.8/site-packages/airflow/example_dags/plugins/event_listener.py for tasks to queue
[2024-10-08T09:29:48.888+0000] {logging_mixin.py:190} INFO - [2024-10-08T09:29:48.888+0000] {dagbag.py:588} INFO - Filling up the DagBag from /root/miniconda3/envs/project/lib/python3.8/site-packages/airflow/example_dags/plugins/event_listener.py
[2024-10-08T09:29:48.892+0000] {processor.py:927} WARNING - No viable dags retrieved from /root/miniconda3/envs/project/lib/python3.8/site-packages/airflow/example_dags/plugins/event_listener.py
[2024-10-08T09:29:48.909+0000] {processor.py:208} INFO - Processing /root/miniconda3/envs/project/lib/python3.8/site-packages/airflow/example_dags/plugins/event_listener.py took 0.038 seconds
[2024-10-08T09:30:30.231+0000] {processor.py:186} INFO - Started process (PID=227737) to work on /root/miniconda3/envs/project/lib/python3.8/site-packages/airflow/example_dags/plugins/event_listener.py
[2024-10-08T09:30:30.234+0000] {processor.py:914} INFO - Processing file /root/miniconda3/envs/project/lib/python3.8/site-packages/airflow/example_dags/plugins/event_listener.py for tasks to queue
[2024-10-08T09:30:30.238+0000] {logging_mixin.py:190} INFO - [2024-10-08T09:30:30.237+0000] {dagbag.py:588} INFO - Filling up the DagBag from /root/miniconda3/envs/project/lib/python3.8/site-packages/airflow/example_dags/plugins/event_listener.py
[2024-10-08T09:30:30.242+0000] {processor.py:927} WARNING - No viable dags retrieved from /root/miniconda3/envs/project/lib/python3.8/site-packages/airflow/example_dags/plugins/event_listener.py
[2024-10-08T09:30:30.259+0000] {processor.py:208} INFO - Processing /root/miniconda3/envs/project/lib/python3.8/site-packages/airflow/example_dags/plugins/event_listener.py took 0.038 seconds
[2024-10-08T09:31:12.877+0000] {processor.py:186} INFO - Started process (PID=228090) to work on /root/miniconda3/envs/project/lib/python3.8/site-packages/airflow/example_dags/plugins/event_listener.py
[2024-10-08T09:31:12.880+0000] {processor.py:914} INFO - Processing file /root/miniconda3/envs/project/lib/python3.8/site-packages/airflow/example_dags/plugins/event_listener.py for tasks to queue
[2024-10-08T09:31:12.883+0000] {logging_mixin.py:190} INFO - [2024-10-08T09:31:12.883+0000] {dagbag.py:588} INFO - Filling up the DagBag from /root/miniconda3/envs/project/lib/python3.8/site-packages/airflow/example_dags/plugins/event_listener.py
[2024-10-08T09:31:12.887+0000] {processor.py:927} WARNING - No viable dags retrieved from /root/miniconda3/envs/project/lib/python3.8/site-packages/airflow/example_dags/plugins/event_listener.py
[2024-10-08T09:31:12.902+0000] {processor.py:208} INFO - Processing /root/miniconda3/envs/project/lib/python3.8/site-packages/airflow/example_dags/plugins/event_listener.py took 0.034 seconds
[2024-10-08T09:32:02.971+0000] {processor.py:186} INFO - Started process (PID=228947) to work on /root/miniconda3/envs/project/lib/python3.8/site-packages/airflow/example_dags/plugins/event_listener.py
[2024-10-08T09:32:02.974+0000] {processor.py:914} INFO - Processing file /root/miniconda3/envs/project/lib/python3.8/site-packages/airflow/example_dags/plugins/event_listener.py for tasks to queue
[2024-10-08T09:32:02.977+0000] {logging_mixin.py:190} INFO - [2024-10-08T09:32:02.977+0000] {dagbag.py:588} INFO - Filling up the DagBag from /root/miniconda3/envs/project/lib/python3.8/site-packages/airflow/example_dags/plugins/event_listener.py
[2024-10-08T09:32:02.981+0000] {processor.py:927} WARNING - No viable dags retrieved from /root/miniconda3/envs/project/lib/python3.8/site-packages/airflow/example_dags/plugins/event_listener.py
[2024-10-08T09:32:02.998+0000] {processor.py:208} INFO - Processing /root/miniconda3/envs/project/lib/python3.8/site-packages/airflow/example_dags/plugins/event_listener.py took 0.036 seconds
[2024-10-08T09:32:40.135+0000] {processor.py:186} INFO - Started process (PID=229091) to work on /root/miniconda3/envs/project/lib/python3.8/site-packages/airflow/example_dags/plugins/event_listener.py
[2024-10-08T09:32:40.138+0000] {processor.py:914} INFO - Processing file /root/miniconda3/envs/project/lib/python3.8/site-packages/airflow/example_dags/plugins/event_listener.py for tasks to queue
[2024-10-08T09:32:40.142+0000] {logging_mixin.py:190} INFO - [2024-10-08T09:32:40.141+0000] {dagbag.py:588} INFO - Filling up the DagBag from /root/miniconda3/envs/project/lib/python3.8/site-packages/airflow/example_dags/plugins/event_listener.py
[2024-10-08T09:32:40.146+0000] {processor.py:927} WARNING - No viable dags retrieved from /root/miniconda3/envs/project/lib/python3.8/site-packages/airflow/example_dags/plugins/event_listener.py
[2024-10-08T09:32:40.162+0000] {processor.py:208} INFO - Processing /root/miniconda3/envs/project/lib/python3.8/site-packages/airflow/example_dags/plugins/event_listener.py took 0.040 seconds
[2024-10-08T09:33:15.666+0000] {processor.py:186} INFO - Started process (PID=229279) to work on /root/miniconda3/envs/project/lib/python3.8/site-packages/airflow/example_dags/plugins/event_listener.py
[2024-10-08T09:33:15.669+0000] {processor.py:914} INFO - Processing file /root/miniconda3/envs/project/lib/python3.8/site-packages/airflow/example_dags/plugins/event_listener.py for tasks to queue
[2024-10-08T09:33:15.673+0000] {logging_mixin.py:190} INFO - [2024-10-08T09:33:15.672+0000] {dagbag.py:588} INFO - Filling up the DagBag from /root/miniconda3/envs/project/lib/python3.8/site-packages/airflow/example_dags/plugins/event_listener.py
[2024-10-08T09:33:15.676+0000] {processor.py:927} WARNING - No viable dags retrieved from /root/miniconda3/envs/project/lib/python3.8/site-packages/airflow/example_dags/plugins/event_listener.py
[2024-10-08T09:33:15.693+0000] {processor.py:208} INFO - Processing /root/miniconda3/envs/project/lib/python3.8/site-packages/airflow/example_dags/plugins/event_listener.py took 0.040 seconds
