[2024-10-08T07:57:02.894+0000] {processor.py:186} INFO - Started process (PID=207034) to work on /root/miniconda3/envs/project/lib/python3.8/site-packages/airflow/example_dags/plugins/listener_plugin.py
[2024-10-08T07:57:02.896+0000] {processor.py:914} INFO - Processing file /root/miniconda3/envs/project/lib/python3.8/site-packages/airflow/example_dags/plugins/listener_plugin.py for tasks to queue
[2024-10-08T07:57:02.899+0000] {logging_mixin.py:190} INFO - [2024-10-08T07:57:02.898+0000] {dagbag.py:588} INFO - Filling up the DagBag from /root/miniconda3/envs/project/lib/python3.8/site-packages/airflow/example_dags/plugins/listener_plugin.py
[2024-10-08T07:57:02.902+0000] {processor.py:927} WARNING - No viable dags retrieved from /root/miniconda3/envs/project/lib/python3.8/site-packages/airflow/example_dags/plugins/listener_plugin.py
[2024-10-08T07:57:02.917+0000] {processor.py:208} INFO - Processing /root/miniconda3/envs/project/lib/python3.8/site-packages/airflow/example_dags/plugins/listener_plugin.py took 0.035 seconds
[2024-10-08T07:58:18.550+0000] {processor.py:186} INFO - Started process (PID=207264) to work on /root/miniconda3/envs/project/lib/python3.8/site-packages/airflow/example_dags/plugins/listener_plugin.py
[2024-10-08T07:58:18.553+0000] {processor.py:914} INFO - Processing file /root/miniconda3/envs/project/lib/python3.8/site-packages/airflow/example_dags/plugins/listener_plugin.py for tasks to queue
[2024-10-08T07:58:18.558+0000] {logging_mixin.py:190} INFO - [2024-10-08T07:58:18.557+0000] {dagbag.py:588} INFO - Filling up the DagBag from /root/miniconda3/envs/project/lib/python3.8/site-packages/airflow/example_dags/plugins/listener_plugin.py
[2024-10-08T07:58:18.562+0000] {processor.py:927} WARNING - No viable dags retrieved from /root/miniconda3/envs/project/lib/python3.8/site-packages/airflow/example_dags/plugins/listener_plugin.py
[2024-10-08T07:58:18.579+0000] {processor.py:208} INFO - Processing /root/miniconda3/envs/project/lib/python3.8/site-packages/airflow/example_dags/plugins/listener_plugin.py took 0.041 seconds
[2024-10-08T07:58:59.514+0000] {processor.py:186} INFO - Started process (PID=207426) to work on /root/miniconda3/envs/project/lib/python3.8/site-packages/airflow/example_dags/plugins/listener_plugin.py
[2024-10-08T07:58:59.517+0000] {processor.py:914} INFO - Processing file /root/miniconda3/envs/project/lib/python3.8/site-packages/airflow/example_dags/plugins/listener_plugin.py for tasks to queue
[2024-10-08T07:58:59.520+0000] {logging_mixin.py:190} INFO - [2024-10-08T07:58:59.520+0000] {dagbag.py:588} INFO - Filling up the DagBag from /root/miniconda3/envs/project/lib/python3.8/site-packages/airflow/example_dags/plugins/listener_plugin.py
[2024-10-08T07:58:59.524+0000] {processor.py:927} WARNING - No viable dags retrieved from /root/miniconda3/envs/project/lib/python3.8/site-packages/airflow/example_dags/plugins/listener_plugin.py
[2024-10-08T07:58:59.540+0000] {processor.py:208} INFO - Processing /root/miniconda3/envs/project/lib/python3.8/site-packages/airflow/example_dags/plugins/listener_plugin.py took 0.038 seconds
[2024-10-08T08:00:10.801+0000] {processor.py:186} INFO - Started process (PID=207661) to work on /root/miniconda3/envs/project/lib/python3.8/site-packages/airflow/example_dags/plugins/listener_plugin.py
[2024-10-08T08:00:10.804+0000] {processor.py:914} INFO - Processing file /root/miniconda3/envs/project/lib/python3.8/site-packages/airflow/example_dags/plugins/listener_plugin.py for tasks to queue
[2024-10-08T08:00:10.807+0000] {logging_mixin.py:190} INFO - [2024-10-08T08:00:10.806+0000] {dagbag.py:588} INFO - Filling up the DagBag from /root/miniconda3/envs/project/lib/python3.8/site-packages/airflow/example_dags/plugins/listener_plugin.py
[2024-10-08T08:00:10.810+0000] {processor.py:927} WARNING - No viable dags retrieved from /root/miniconda3/envs/project/lib/python3.8/site-packages/airflow/example_dags/plugins/listener_plugin.py
[2024-10-08T08:00:10.826+0000] {processor.py:208} INFO - Processing /root/miniconda3/envs/project/lib/python3.8/site-packages/airflow/example_dags/plugins/listener_plugin.py took 0.038 seconds
[2024-10-08T08:01:24.270+0000] {processor.py:186} INFO - Started process (PID=208009) to work on /root/miniconda3/envs/project/lib/python3.8/site-packages/airflow/example_dags/plugins/listener_plugin.py
[2024-10-08T08:01:24.273+0000] {processor.py:914} INFO - Processing file /root/miniconda3/envs/project/lib/python3.8/site-packages/airflow/example_dags/plugins/listener_plugin.py for tasks to queue
[2024-10-08T08:01:24.276+0000] {logging_mixin.py:190} INFO - [2024-10-08T08:01:24.276+0000] {dagbag.py:588} INFO - Filling up the DagBag from /root/miniconda3/envs/project/lib/python3.8/site-packages/airflow/example_dags/plugins/listener_plugin.py
[2024-10-08T08:01:24.280+0000] {processor.py:927} WARNING - No viable dags retrieved from /root/miniconda3/envs/project/lib/python3.8/site-packages/airflow/example_dags/plugins/listener_plugin.py
[2024-10-08T08:01:24.296+0000] {processor.py:208} INFO - Processing /root/miniconda3/envs/project/lib/python3.8/site-packages/airflow/example_dags/plugins/listener_plugin.py took 0.038 seconds
[2024-10-08T08:02:34.893+0000] {processor.py:186} INFO - Started process (PID=208261) to work on /root/miniconda3/envs/project/lib/python3.8/site-packages/airflow/example_dags/plugins/listener_plugin.py
[2024-10-08T08:02:34.896+0000] {processor.py:914} INFO - Processing file /root/miniconda3/envs/project/lib/python3.8/site-packages/airflow/example_dags/plugins/listener_plugin.py for tasks to queue
[2024-10-08T08:02:34.899+0000] {logging_mixin.py:190} INFO - [2024-10-08T08:02:34.898+0000] {dagbag.py:588} INFO - Filling up the DagBag from /root/miniconda3/envs/project/lib/python3.8/site-packages/airflow/example_dags/plugins/listener_plugin.py
[2024-10-08T08:02:34.902+0000] {processor.py:927} WARNING - No viable dags retrieved from /root/miniconda3/envs/project/lib/python3.8/site-packages/airflow/example_dags/plugins/listener_plugin.py
[2024-10-08T08:02:34.918+0000] {processor.py:208} INFO - Processing /root/miniconda3/envs/project/lib/python3.8/site-packages/airflow/example_dags/plugins/listener_plugin.py took 0.038 seconds
[2024-10-08T08:03:44.479+0000] {processor.py:186} INFO - Started process (PID=208464) to work on /root/miniconda3/envs/project/lib/python3.8/site-packages/airflow/example_dags/plugins/listener_plugin.py
[2024-10-08T08:03:44.482+0000] {processor.py:914} INFO - Processing file /root/miniconda3/envs/project/lib/python3.8/site-packages/airflow/example_dags/plugins/listener_plugin.py for tasks to queue
[2024-10-08T08:03:44.485+0000] {logging_mixin.py:190} INFO - [2024-10-08T08:03:44.485+0000] {dagbag.py:588} INFO - Filling up the DagBag from /root/miniconda3/envs/project/lib/python3.8/site-packages/airflow/example_dags/plugins/listener_plugin.py
[2024-10-08T08:03:44.489+0000] {processor.py:927} WARNING - No viable dags retrieved from /root/miniconda3/envs/project/lib/python3.8/site-packages/airflow/example_dags/plugins/listener_plugin.py
[2024-10-08T08:03:44.505+0000] {processor.py:208} INFO - Processing /root/miniconda3/envs/project/lib/python3.8/site-packages/airflow/example_dags/plugins/listener_plugin.py took 0.037 seconds
[2024-10-08T08:04:52.904+0000] {processor.py:186} INFO - Started process (PID=208669) to work on /root/miniconda3/envs/project/lib/python3.8/site-packages/airflow/example_dags/plugins/listener_plugin.py
[2024-10-08T08:04:52.907+0000] {processor.py:914} INFO - Processing file /root/miniconda3/envs/project/lib/python3.8/site-packages/airflow/example_dags/plugins/listener_plugin.py for tasks to queue
[2024-10-08T08:04:52.911+0000] {logging_mixin.py:190} INFO - [2024-10-08T08:04:52.910+0000] {dagbag.py:588} INFO - Filling up the DagBag from /root/miniconda3/envs/project/lib/python3.8/site-packages/airflow/example_dags/plugins/listener_plugin.py
[2024-10-08T08:04:52.914+0000] {processor.py:927} WARNING - No viable dags retrieved from /root/miniconda3/envs/project/lib/python3.8/site-packages/airflow/example_dags/plugins/listener_plugin.py
[2024-10-08T08:04:52.931+0000] {processor.py:208} INFO - Processing /root/miniconda3/envs/project/lib/python3.8/site-packages/airflow/example_dags/plugins/listener_plugin.py took 0.039 seconds
[2024-10-08T08:05:53.310+0000] {processor.py:186} INFO - Started process (PID=208851) to work on /root/miniconda3/envs/project/lib/python3.8/site-packages/airflow/example_dags/plugins/listener_plugin.py
[2024-10-08T08:05:53.312+0000] {processor.py:914} INFO - Processing file /root/miniconda3/envs/project/lib/python3.8/site-packages/airflow/example_dags/plugins/listener_plugin.py for tasks to queue
[2024-10-08T08:05:53.316+0000] {logging_mixin.py:190} INFO - [2024-10-08T08:05:53.315+0000] {dagbag.py:588} INFO - Filling up the DagBag from /root/miniconda3/envs/project/lib/python3.8/site-packages/airflow/example_dags/plugins/listener_plugin.py
[2024-10-08T08:05:53.319+0000] {processor.py:927} WARNING - No viable dags retrieved from /root/miniconda3/envs/project/lib/python3.8/site-packages/airflow/example_dags/plugins/listener_plugin.py
[2024-10-08T08:05:53.336+0000] {processor.py:208} INFO - Processing /root/miniconda3/envs/project/lib/python3.8/site-packages/airflow/example_dags/plugins/listener_plugin.py took 0.038 seconds
[2024-10-08T08:06:57.462+0000] {processor.py:186} INFO - Started process (PID=209081) to work on /root/miniconda3/envs/project/lib/python3.8/site-packages/airflow/example_dags/plugins/listener_plugin.py
[2024-10-08T08:06:57.465+0000] {processor.py:914} INFO - Processing file /root/miniconda3/envs/project/lib/python3.8/site-packages/airflow/example_dags/plugins/listener_plugin.py for tasks to queue
[2024-10-08T08:06:57.468+0000] {logging_mixin.py:190} INFO - [2024-10-08T08:06:57.468+0000] {dagbag.py:588} INFO - Filling up the DagBag from /root/miniconda3/envs/project/lib/python3.8/site-packages/airflow/example_dags/plugins/listener_plugin.py
[2024-10-08T08:06:57.472+0000] {processor.py:927} WARNING - No viable dags retrieved from /root/miniconda3/envs/project/lib/python3.8/site-packages/airflow/example_dags/plugins/listener_plugin.py
[2024-10-08T08:06:57.509+0000] {processor.py:208} INFO - Processing /root/miniconda3/envs/project/lib/python3.8/site-packages/airflow/example_dags/plugins/listener_plugin.py took 0.059 seconds
[2024-10-08T08:08:06.635+0000] {processor.py:186} INFO - Started process (PID=209328) to work on /root/miniconda3/envs/project/lib/python3.8/site-packages/airflow/example_dags/plugins/listener_plugin.py
[2024-10-08T08:08:06.639+0000] {processor.py:914} INFO - Processing file /root/miniconda3/envs/project/lib/python3.8/site-packages/airflow/example_dags/plugins/listener_plugin.py for tasks to queue
[2024-10-08T08:08:06.644+0000] {logging_mixin.py:190} INFO - [2024-10-08T08:08:06.643+0000] {dagbag.py:588} INFO - Filling up the DagBag from /root/miniconda3/envs/project/lib/python3.8/site-packages/airflow/example_dags/plugins/listener_plugin.py
[2024-10-08T08:08:06.649+0000] {processor.py:927} WARNING - No viable dags retrieved from /root/miniconda3/envs/project/lib/python3.8/site-packages/airflow/example_dags/plugins/listener_plugin.py
[2024-10-08T08:08:06.667+0000] {processor.py:208} INFO - Processing /root/miniconda3/envs/project/lib/python3.8/site-packages/airflow/example_dags/plugins/listener_plugin.py took 0.044 seconds
[2024-10-08T08:09:34.135+0000] {processor.py:186} INFO - Started process (PID=209972) to work on /root/miniconda3/envs/project/lib/python3.8/site-packages/airflow/example_dags/plugins/listener_plugin.py
[2024-10-08T08:09:34.138+0000] {processor.py:914} INFO - Processing file /root/miniconda3/envs/project/lib/python3.8/site-packages/airflow/example_dags/plugins/listener_plugin.py for tasks to queue
[2024-10-08T08:09:34.143+0000] {logging_mixin.py:190} INFO - [2024-10-08T08:09:34.142+0000] {dagbag.py:588} INFO - Filling up the DagBag from /root/miniconda3/envs/project/lib/python3.8/site-packages/airflow/example_dags/plugins/listener_plugin.py
[2024-10-08T08:09:34.148+0000] {processor.py:927} WARNING - No viable dags retrieved from /root/miniconda3/envs/project/lib/python3.8/site-packages/airflow/example_dags/plugins/listener_plugin.py
[2024-10-08T08:09:34.166+0000] {processor.py:208} INFO - Processing /root/miniconda3/envs/project/lib/python3.8/site-packages/airflow/example_dags/plugins/listener_plugin.py took 0.043 seconds
[2024-10-08T08:10:58.566+0000] {processor.py:186} INFO - Started process (PID=210412) to work on /root/miniconda3/envs/project/lib/python3.8/site-packages/airflow/example_dags/plugins/listener_plugin.py
[2024-10-08T08:10:58.569+0000] {processor.py:914} INFO - Processing file /root/miniconda3/envs/project/lib/python3.8/site-packages/airflow/example_dags/plugins/listener_plugin.py for tasks to queue
[2024-10-08T08:10:58.572+0000] {logging_mixin.py:190} INFO - [2024-10-08T08:10:58.572+0000] {dagbag.py:588} INFO - Filling up the DagBag from /root/miniconda3/envs/project/lib/python3.8/site-packages/airflow/example_dags/plugins/listener_plugin.py
[2024-10-08T08:10:58.576+0000] {processor.py:927} WARNING - No viable dags retrieved from /root/miniconda3/envs/project/lib/python3.8/site-packages/airflow/example_dags/plugins/listener_plugin.py
[2024-10-08T08:10:58.591+0000] {processor.py:208} INFO - Processing /root/miniconda3/envs/project/lib/python3.8/site-packages/airflow/example_dags/plugins/listener_plugin.py took 0.036 seconds
[2024-10-08T08:12:36.700+0000] {processor.py:186} INFO - Started process (PID=210942) to work on /root/miniconda3/envs/project/lib/python3.8/site-packages/airflow/example_dags/plugins/listener_plugin.py
[2024-10-08T08:12:36.704+0000] {processor.py:914} INFO - Processing file /root/miniconda3/envs/project/lib/python3.8/site-packages/airflow/example_dags/plugins/listener_plugin.py for tasks to queue
[2024-10-08T08:12:36.707+0000] {logging_mixin.py:190} INFO - [2024-10-08T08:12:36.706+0000] {dagbag.py:588} INFO - Filling up the DagBag from /root/miniconda3/envs/project/lib/python3.8/site-packages/airflow/example_dags/plugins/listener_plugin.py
[2024-10-08T08:12:36.710+0000] {processor.py:927} WARNING - No viable dags retrieved from /root/miniconda3/envs/project/lib/python3.8/site-packages/airflow/example_dags/plugins/listener_plugin.py
[2024-10-08T08:12:36.726+0000] {processor.py:208} INFO - Processing /root/miniconda3/envs/project/lib/python3.8/site-packages/airflow/example_dags/plugins/listener_plugin.py took 0.037 seconds
[2024-10-08T08:13:43.554+0000] {processor.py:186} INFO - Started process (PID=211220) to work on /root/miniconda3/envs/project/lib/python3.8/site-packages/airflow/example_dags/plugins/listener_plugin.py
[2024-10-08T08:13:43.557+0000] {processor.py:914} INFO - Processing file /root/miniconda3/envs/project/lib/python3.8/site-packages/airflow/example_dags/plugins/listener_plugin.py for tasks to queue
[2024-10-08T08:13:43.561+0000] {logging_mixin.py:190} INFO - [2024-10-08T08:13:43.560+0000] {dagbag.py:588} INFO - Filling up the DagBag from /root/miniconda3/envs/project/lib/python3.8/site-packages/airflow/example_dags/plugins/listener_plugin.py
[2024-10-08T08:13:43.564+0000] {processor.py:927} WARNING - No viable dags retrieved from /root/miniconda3/envs/project/lib/python3.8/site-packages/airflow/example_dags/plugins/listener_plugin.py
[2024-10-08T08:13:43.581+0000] {processor.py:208} INFO - Processing /root/miniconda3/envs/project/lib/python3.8/site-packages/airflow/example_dags/plugins/listener_plugin.py took 0.038 seconds
[2024-10-08T08:14:52.092+0000] {processor.py:186} INFO - Started process (PID=211470) to work on /root/miniconda3/envs/project/lib/python3.8/site-packages/airflow/example_dags/plugins/listener_plugin.py
[2024-10-08T08:14:52.095+0000] {processor.py:914} INFO - Processing file /root/miniconda3/envs/project/lib/python3.8/site-packages/airflow/example_dags/plugins/listener_plugin.py for tasks to queue
[2024-10-08T08:14:52.098+0000] {logging_mixin.py:190} INFO - [2024-10-08T08:14:52.098+0000] {dagbag.py:588} INFO - Filling up the DagBag from /root/miniconda3/envs/project/lib/python3.8/site-packages/airflow/example_dags/plugins/listener_plugin.py
[2024-10-08T08:14:52.102+0000] {processor.py:927} WARNING - No viable dags retrieved from /root/miniconda3/envs/project/lib/python3.8/site-packages/airflow/example_dags/plugins/listener_plugin.py
[2024-10-08T08:14:52.118+0000] {processor.py:208} INFO - Processing /root/miniconda3/envs/project/lib/python3.8/site-packages/airflow/example_dags/plugins/listener_plugin.py took 0.038 seconds
[2024-10-08T08:16:01.146+0000] {processor.py:186} INFO - Started process (PID=211675) to work on /root/miniconda3/envs/project/lib/python3.8/site-packages/airflow/example_dags/plugins/listener_plugin.py
[2024-10-08T08:16:01.149+0000] {processor.py:914} INFO - Processing file /root/miniconda3/envs/project/lib/python3.8/site-packages/airflow/example_dags/plugins/listener_plugin.py for tasks to queue
[2024-10-08T08:16:01.152+0000] {logging_mixin.py:190} INFO - [2024-10-08T08:16:01.152+0000] {dagbag.py:588} INFO - Filling up the DagBag from /root/miniconda3/envs/project/lib/python3.8/site-packages/airflow/example_dags/plugins/listener_plugin.py
[2024-10-08T08:16:01.156+0000] {processor.py:927} WARNING - No viable dags retrieved from /root/miniconda3/envs/project/lib/python3.8/site-packages/airflow/example_dags/plugins/listener_plugin.py
[2024-10-08T08:16:01.173+0000] {processor.py:208} INFO - Processing /root/miniconda3/envs/project/lib/python3.8/site-packages/airflow/example_dags/plugins/listener_plugin.py took 0.039 seconds
[2024-10-08T08:17:11.639+0000] {processor.py:186} INFO - Started process (PID=211882) to work on /root/miniconda3/envs/project/lib/python3.8/site-packages/airflow/example_dags/plugins/listener_plugin.py
[2024-10-08T08:17:11.642+0000] {processor.py:914} INFO - Processing file /root/miniconda3/envs/project/lib/python3.8/site-packages/airflow/example_dags/plugins/listener_plugin.py for tasks to queue
[2024-10-08T08:17:11.646+0000] {logging_mixin.py:190} INFO - [2024-10-08T08:17:11.645+0000] {dagbag.py:588} INFO - Filling up the DagBag from /root/miniconda3/envs/project/lib/python3.8/site-packages/airflow/example_dags/plugins/listener_plugin.py
[2024-10-08T08:17:11.649+0000] {processor.py:927} WARNING - No viable dags retrieved from /root/miniconda3/envs/project/lib/python3.8/site-packages/airflow/example_dags/plugins/listener_plugin.py
[2024-10-08T08:17:11.666+0000] {processor.py:208} INFO - Processing /root/miniconda3/envs/project/lib/python3.8/site-packages/airflow/example_dags/plugins/listener_plugin.py took 0.039 seconds
[2024-10-08T08:18:20.166+0000] {processor.py:186} INFO - Started process (PID=212128) to work on /root/miniconda3/envs/project/lib/python3.8/site-packages/airflow/example_dags/plugins/listener_plugin.py
[2024-10-08T08:18:20.169+0000] {processor.py:914} INFO - Processing file /root/miniconda3/envs/project/lib/python3.8/site-packages/airflow/example_dags/plugins/listener_plugin.py for tasks to queue
[2024-10-08T08:18:20.172+0000] {logging_mixin.py:190} INFO - [2024-10-08T08:18:20.171+0000] {dagbag.py:588} INFO - Filling up the DagBag from /root/miniconda3/envs/project/lib/python3.8/site-packages/airflow/example_dags/plugins/listener_plugin.py
[2024-10-08T08:18:20.175+0000] {processor.py:927} WARNING - No viable dags retrieved from /root/miniconda3/envs/project/lib/python3.8/site-packages/airflow/example_dags/plugins/listener_plugin.py
[2024-10-08T08:18:20.192+0000] {processor.py:208} INFO - Processing /root/miniconda3/envs/project/lib/python3.8/site-packages/airflow/example_dags/plugins/listener_plugin.py took 0.039 seconds
[2024-10-08T08:19:31.356+0000] {processor.py:186} INFO - Started process (PID=212353) to work on /root/miniconda3/envs/project/lib/python3.8/site-packages/airflow/example_dags/plugins/listener_plugin.py
[2024-10-08T08:19:31.359+0000] {processor.py:914} INFO - Processing file /root/miniconda3/envs/project/lib/python3.8/site-packages/airflow/example_dags/plugins/listener_plugin.py for tasks to queue
[2024-10-08T08:19:31.362+0000] {logging_mixin.py:190} INFO - [2024-10-08T08:19:31.362+0000] {dagbag.py:588} INFO - Filling up the DagBag from /root/miniconda3/envs/project/lib/python3.8/site-packages/airflow/example_dags/plugins/listener_plugin.py
[2024-10-08T08:19:31.366+0000] {processor.py:927} WARNING - No viable dags retrieved from /root/miniconda3/envs/project/lib/python3.8/site-packages/airflow/example_dags/plugins/listener_plugin.py
[2024-10-08T08:19:31.383+0000] {processor.py:208} INFO - Processing /root/miniconda3/envs/project/lib/python3.8/site-packages/airflow/example_dags/plugins/listener_plugin.py took 0.037 seconds
[2024-10-08T08:20:38.493+0000] {processor.py:186} INFO - Started process (PID=212564) to work on /root/miniconda3/envs/project/lib/python3.8/site-packages/airflow/example_dags/plugins/listener_plugin.py
[2024-10-08T08:20:38.496+0000] {processor.py:914} INFO - Processing file /root/miniconda3/envs/project/lib/python3.8/site-packages/airflow/example_dags/plugins/listener_plugin.py for tasks to queue
[2024-10-08T08:20:38.500+0000] {logging_mixin.py:190} INFO - [2024-10-08T08:20:38.499+0000] {dagbag.py:588} INFO - Filling up the DagBag from /root/miniconda3/envs/project/lib/python3.8/site-packages/airflow/example_dags/plugins/listener_plugin.py
[2024-10-08T08:20:38.503+0000] {processor.py:927} WARNING - No viable dags retrieved from /root/miniconda3/envs/project/lib/python3.8/site-packages/airflow/example_dags/plugins/listener_plugin.py
[2024-10-08T08:20:38.521+0000] {processor.py:208} INFO - Processing /root/miniconda3/envs/project/lib/python3.8/site-packages/airflow/example_dags/plugins/listener_plugin.py took 0.039 seconds
[2024-10-08T08:21:18.072+0000] {processor.py:186} INFO - Started process (PID=212652) to work on /root/miniconda3/envs/project/lib/python3.8/site-packages/airflow/example_dags/plugins/listener_plugin.py
[2024-10-08T08:21:18.075+0000] {processor.py:914} INFO - Processing file /root/miniconda3/envs/project/lib/python3.8/site-packages/airflow/example_dags/plugins/listener_plugin.py for tasks to queue
[2024-10-08T08:21:18.078+0000] {logging_mixin.py:190} INFO - [2024-10-08T08:21:18.078+0000] {dagbag.py:588} INFO - Filling up the DagBag from /root/miniconda3/envs/project/lib/python3.8/site-packages/airflow/example_dags/plugins/listener_plugin.py
[2024-10-08T08:21:18.082+0000] {processor.py:927} WARNING - No viable dags retrieved from /root/miniconda3/envs/project/lib/python3.8/site-packages/airflow/example_dags/plugins/listener_plugin.py
[2024-10-08T08:21:18.098+0000] {processor.py:208} INFO - Processing /root/miniconda3/envs/project/lib/python3.8/site-packages/airflow/example_dags/plugins/listener_plugin.py took 0.038 seconds
[2024-10-08T08:22:29.491+0000] {processor.py:186} INFO - Started process (PID=212862) to work on /root/miniconda3/envs/project/lib/python3.8/site-packages/airflow/example_dags/plugins/listener_plugin.py
[2024-10-08T08:22:29.494+0000] {processor.py:914} INFO - Processing file /root/miniconda3/envs/project/lib/python3.8/site-packages/airflow/example_dags/plugins/listener_plugin.py for tasks to queue
[2024-10-08T08:22:29.497+0000] {logging_mixin.py:190} INFO - [2024-10-08T08:22:29.497+0000] {dagbag.py:588} INFO - Filling up the DagBag from /root/miniconda3/envs/project/lib/python3.8/site-packages/airflow/example_dags/plugins/listener_plugin.py
[2024-10-08T08:22:29.501+0000] {processor.py:927} WARNING - No viable dags retrieved from /root/miniconda3/envs/project/lib/python3.8/site-packages/airflow/example_dags/plugins/listener_plugin.py
[2024-10-08T08:22:29.518+0000] {processor.py:208} INFO - Processing /root/miniconda3/envs/project/lib/python3.8/site-packages/airflow/example_dags/plugins/listener_plugin.py took 0.040 seconds
[2024-10-08T08:23:31.062+0000] {processor.py:186} INFO - Started process (PID=213107) to work on /root/miniconda3/envs/project/lib/python3.8/site-packages/airflow/example_dags/plugins/listener_plugin.py
[2024-10-08T08:23:31.065+0000] {processor.py:914} INFO - Processing file /root/miniconda3/envs/project/lib/python3.8/site-packages/airflow/example_dags/plugins/listener_plugin.py for tasks to queue
[2024-10-08T08:23:31.068+0000] {logging_mixin.py:190} INFO - [2024-10-08T08:23:31.068+0000] {dagbag.py:588} INFO - Filling up the DagBag from /root/miniconda3/envs/project/lib/python3.8/site-packages/airflow/example_dags/plugins/listener_plugin.py
[2024-10-08T08:23:31.072+0000] {processor.py:927} WARNING - No viable dags retrieved from /root/miniconda3/envs/project/lib/python3.8/site-packages/airflow/example_dags/plugins/listener_plugin.py
[2024-10-08T08:23:31.088+0000] {processor.py:208} INFO - Processing /root/miniconda3/envs/project/lib/python3.8/site-packages/airflow/example_dags/plugins/listener_plugin.py took 0.038 seconds
[2024-10-08T08:36:48.730+0000] {processor.py:186} INFO - Started process (PID=214665) to work on /root/miniconda3/envs/project/lib/python3.8/site-packages/airflow/example_dags/plugins/listener_plugin.py
[2024-10-08T08:36:48.733+0000] {processor.py:914} INFO - Processing file /root/miniconda3/envs/project/lib/python3.8/site-packages/airflow/example_dags/plugins/listener_plugin.py for tasks to queue
[2024-10-08T08:36:48.737+0000] {logging_mixin.py:190} INFO - [2024-10-08T08:36:48.736+0000] {dagbag.py:588} INFO - Filling up the DagBag from /root/miniconda3/envs/project/lib/python3.8/site-packages/airflow/example_dags/plugins/listener_plugin.py
[2024-10-08T08:36:48.740+0000] {processor.py:927} WARNING - No viable dags retrieved from /root/miniconda3/envs/project/lib/python3.8/site-packages/airflow/example_dags/plugins/listener_plugin.py
[2024-10-08T08:36:48.756+0000] {processor.py:208} INFO - Processing /root/miniconda3/envs/project/lib/python3.8/site-packages/airflow/example_dags/plugins/listener_plugin.py took 0.037 seconds
[2024-10-08T08:37:58.392+0000] {processor.py:186} INFO - Started process (PID=215175) to work on /root/miniconda3/envs/project/lib/python3.8/site-packages/airflow/example_dags/plugins/listener_plugin.py
[2024-10-08T08:37:58.394+0000] {processor.py:914} INFO - Processing file /root/miniconda3/envs/project/lib/python3.8/site-packages/airflow/example_dags/plugins/listener_plugin.py for tasks to queue
[2024-10-08T08:37:58.398+0000] {logging_mixin.py:190} INFO - [2024-10-08T08:37:58.397+0000] {dagbag.py:588} INFO - Filling up the DagBag from /root/miniconda3/envs/project/lib/python3.8/site-packages/airflow/example_dags/plugins/listener_plugin.py
[2024-10-08T08:37:58.401+0000] {processor.py:927} WARNING - No viable dags retrieved from /root/miniconda3/envs/project/lib/python3.8/site-packages/airflow/example_dags/plugins/listener_plugin.py
[2024-10-08T08:37:58.417+0000] {processor.py:208} INFO - Processing /root/miniconda3/envs/project/lib/python3.8/site-packages/airflow/example_dags/plugins/listener_plugin.py took 0.037 seconds
[2024-10-08T08:39:07.619+0000] {processor.py:186} INFO - Started process (PID=215581) to work on /root/miniconda3/envs/project/lib/python3.8/site-packages/airflow/example_dags/plugins/listener_plugin.py
[2024-10-08T08:39:07.622+0000] {processor.py:914} INFO - Processing file /root/miniconda3/envs/project/lib/python3.8/site-packages/airflow/example_dags/plugins/listener_plugin.py for tasks to queue
[2024-10-08T08:39:07.626+0000] {logging_mixin.py:190} INFO - [2024-10-08T08:39:07.625+0000] {dagbag.py:588} INFO - Filling up the DagBag from /root/miniconda3/envs/project/lib/python3.8/site-packages/airflow/example_dags/plugins/listener_plugin.py
[2024-10-08T08:39:07.629+0000] {processor.py:927} WARNING - No viable dags retrieved from /root/miniconda3/envs/project/lib/python3.8/site-packages/airflow/example_dags/plugins/listener_plugin.py
[2024-10-08T08:39:07.645+0000] {processor.py:208} INFO - Processing /root/miniconda3/envs/project/lib/python3.8/site-packages/airflow/example_dags/plugins/listener_plugin.py took 0.037 seconds
[2024-10-08T08:40:18.401+0000] {processor.py:186} INFO - Started process (PID=215805) to work on /root/miniconda3/envs/project/lib/python3.8/site-packages/airflow/example_dags/plugins/listener_plugin.py
[2024-10-08T08:40:18.404+0000] {processor.py:914} INFO - Processing file /root/miniconda3/envs/project/lib/python3.8/site-packages/airflow/example_dags/plugins/listener_plugin.py for tasks to queue
[2024-10-08T08:40:18.409+0000] {logging_mixin.py:190} INFO - [2024-10-08T08:40:18.408+0000] {dagbag.py:588} INFO - Filling up the DagBag from /root/miniconda3/envs/project/lib/python3.8/site-packages/airflow/example_dags/plugins/listener_plugin.py
[2024-10-08T08:40:18.413+0000] {processor.py:927} WARNING - No viable dags retrieved from /root/miniconda3/envs/project/lib/python3.8/site-packages/airflow/example_dags/plugins/listener_plugin.py
[2024-10-08T08:40:18.431+0000] {processor.py:208} INFO - Processing /root/miniconda3/envs/project/lib/python3.8/site-packages/airflow/example_dags/plugins/listener_plugin.py took 0.041 seconds
[2024-10-08T08:41:26.302+0000] {processor.py:186} INFO - Started process (PID=216281) to work on /root/miniconda3/envs/project/lib/python3.8/site-packages/airflow/example_dags/plugins/listener_plugin.py
[2024-10-08T08:41:26.305+0000] {processor.py:914} INFO - Processing file /root/miniconda3/envs/project/lib/python3.8/site-packages/airflow/example_dags/plugins/listener_plugin.py for tasks to queue
[2024-10-08T08:41:26.308+0000] {logging_mixin.py:190} INFO - [2024-10-08T08:41:26.308+0000] {dagbag.py:588} INFO - Filling up the DagBag from /root/miniconda3/envs/project/lib/python3.8/site-packages/airflow/example_dags/plugins/listener_plugin.py
[2024-10-08T08:41:26.312+0000] {processor.py:927} WARNING - No viable dags retrieved from /root/miniconda3/envs/project/lib/python3.8/site-packages/airflow/example_dags/plugins/listener_plugin.py
[2024-10-08T08:41:26.331+0000] {processor.py:208} INFO - Processing /root/miniconda3/envs/project/lib/python3.8/site-packages/airflow/example_dags/plugins/listener_plugin.py took 0.041 seconds
[2024-10-08T08:42:33.110+0000] {processor.py:186} INFO - Started process (PID=216609) to work on /root/miniconda3/envs/project/lib/python3.8/site-packages/airflow/example_dags/plugins/listener_plugin.py
[2024-10-08T08:42:33.113+0000] {processor.py:914} INFO - Processing file /root/miniconda3/envs/project/lib/python3.8/site-packages/airflow/example_dags/plugins/listener_plugin.py for tasks to queue
[2024-10-08T08:42:33.116+0000] {logging_mixin.py:190} INFO - [2024-10-08T08:42:33.115+0000] {dagbag.py:588} INFO - Filling up the DagBag from /root/miniconda3/envs/project/lib/python3.8/site-packages/airflow/example_dags/plugins/listener_plugin.py
[2024-10-08T08:42:33.119+0000] {processor.py:927} WARNING - No viable dags retrieved from /root/miniconda3/envs/project/lib/python3.8/site-packages/airflow/example_dags/plugins/listener_plugin.py
[2024-10-08T08:42:33.136+0000] {processor.py:208} INFO - Processing /root/miniconda3/envs/project/lib/python3.8/site-packages/airflow/example_dags/plugins/listener_plugin.py took 0.038 seconds
[2024-10-08T08:43:40.031+0000] {processor.py:186} INFO - Started process (PID=216887) to work on /root/miniconda3/envs/project/lib/python3.8/site-packages/airflow/example_dags/plugins/listener_plugin.py
[2024-10-08T08:43:40.034+0000] {processor.py:914} INFO - Processing file /root/miniconda3/envs/project/lib/python3.8/site-packages/airflow/example_dags/plugins/listener_plugin.py for tasks to queue
[2024-10-08T08:43:40.038+0000] {logging_mixin.py:190} INFO - [2024-10-08T08:43:40.037+0000] {dagbag.py:588} INFO - Filling up the DagBag from /root/miniconda3/envs/project/lib/python3.8/site-packages/airflow/example_dags/plugins/listener_plugin.py
[2024-10-08T08:43:40.041+0000] {processor.py:927} WARNING - No viable dags retrieved from /root/miniconda3/envs/project/lib/python3.8/site-packages/airflow/example_dags/plugins/listener_plugin.py
[2024-10-08T08:43:40.057+0000] {processor.py:208} INFO - Processing /root/miniconda3/envs/project/lib/python3.8/site-packages/airflow/example_dags/plugins/listener_plugin.py took 0.037 seconds
[2024-10-08T08:44:52.374+0000] {processor.py:186} INFO - Started process (PID=217113) to work on /root/miniconda3/envs/project/lib/python3.8/site-packages/airflow/example_dags/plugins/listener_plugin.py
[2024-10-08T08:44:52.377+0000] {processor.py:914} INFO - Processing file /root/miniconda3/envs/project/lib/python3.8/site-packages/airflow/example_dags/plugins/listener_plugin.py for tasks to queue
[2024-10-08T08:44:52.381+0000] {logging_mixin.py:190} INFO - [2024-10-08T08:44:52.380+0000] {dagbag.py:588} INFO - Filling up the DagBag from /root/miniconda3/envs/project/lib/python3.8/site-packages/airflow/example_dags/plugins/listener_plugin.py
[2024-10-08T08:44:52.384+0000] {processor.py:927} WARNING - No viable dags retrieved from /root/miniconda3/envs/project/lib/python3.8/site-packages/airflow/example_dags/plugins/listener_plugin.py
[2024-10-08T08:44:52.402+0000] {processor.py:208} INFO - Processing /root/miniconda3/envs/project/lib/python3.8/site-packages/airflow/example_dags/plugins/listener_plugin.py took 0.041 seconds
[2024-10-08T08:45:30.695+0000] {processor.py:186} INFO - Started process (PID=217201) to work on /root/miniconda3/envs/project/lib/python3.8/site-packages/airflow/example_dags/plugins/listener_plugin.py
[2024-10-08T08:45:30.698+0000] {processor.py:914} INFO - Processing file /root/miniconda3/envs/project/lib/python3.8/site-packages/airflow/example_dags/plugins/listener_plugin.py for tasks to queue
[2024-10-08T08:45:30.701+0000] {logging_mixin.py:190} INFO - [2024-10-08T08:45:30.700+0000] {dagbag.py:588} INFO - Filling up the DagBag from /root/miniconda3/envs/project/lib/python3.8/site-packages/airflow/example_dags/plugins/listener_plugin.py
[2024-10-08T08:45:30.704+0000] {processor.py:927} WARNING - No viable dags retrieved from /root/miniconda3/envs/project/lib/python3.8/site-packages/airflow/example_dags/plugins/listener_plugin.py
[2024-10-08T08:45:30.722+0000] {processor.py:208} INFO - Processing /root/miniconda3/envs/project/lib/python3.8/site-packages/airflow/example_dags/plugins/listener_plugin.py took 0.040 seconds
[2024-10-08T08:46:41.625+0000] {processor.py:186} INFO - Started process (PID=217488) to work on /root/miniconda3/envs/project/lib/python3.8/site-packages/airflow/example_dags/plugins/listener_plugin.py
[2024-10-08T08:46:41.628+0000] {processor.py:914} INFO - Processing file /root/miniconda3/envs/project/lib/python3.8/site-packages/airflow/example_dags/plugins/listener_plugin.py for tasks to queue
[2024-10-08T08:46:41.631+0000] {logging_mixin.py:190} INFO - [2024-10-08T08:46:41.630+0000] {dagbag.py:588} INFO - Filling up the DagBag from /root/miniconda3/envs/project/lib/python3.8/site-packages/airflow/example_dags/plugins/listener_plugin.py
[2024-10-08T08:46:41.634+0000] {processor.py:927} WARNING - No viable dags retrieved from /root/miniconda3/envs/project/lib/python3.8/site-packages/airflow/example_dags/plugins/listener_plugin.py
[2024-10-08T08:46:41.650+0000] {processor.py:208} INFO - Processing /root/miniconda3/envs/project/lib/python3.8/site-packages/airflow/example_dags/plugins/listener_plugin.py took 0.035 seconds
[2024-10-08T08:47:52.309+0000] {processor.py:186} INFO - Started process (PID=217906) to work on /root/miniconda3/envs/project/lib/python3.8/site-packages/airflow/example_dags/plugins/listener_plugin.py
[2024-10-08T08:47:52.312+0000] {processor.py:914} INFO - Processing file /root/miniconda3/envs/project/lib/python3.8/site-packages/airflow/example_dags/plugins/listener_plugin.py for tasks to queue
[2024-10-08T08:47:52.316+0000] {logging_mixin.py:190} INFO - [2024-10-08T08:47:52.315+0000] {dagbag.py:588} INFO - Filling up the DagBag from /root/miniconda3/envs/project/lib/python3.8/site-packages/airflow/example_dags/plugins/listener_plugin.py
[2024-10-08T08:47:52.319+0000] {processor.py:927} WARNING - No viable dags retrieved from /root/miniconda3/envs/project/lib/python3.8/site-packages/airflow/example_dags/plugins/listener_plugin.py
[2024-10-08T08:47:52.336+0000] {processor.py:208} INFO - Processing /root/miniconda3/envs/project/lib/python3.8/site-packages/airflow/example_dags/plugins/listener_plugin.py took 0.038 seconds
[2024-10-08T08:48:30.679+0000] {processor.py:186} INFO - Started process (PID=217994) to work on /root/miniconda3/envs/project/lib/python3.8/site-packages/airflow/example_dags/plugins/listener_plugin.py
[2024-10-08T08:48:30.682+0000] {processor.py:914} INFO - Processing file /root/miniconda3/envs/project/lib/python3.8/site-packages/airflow/example_dags/plugins/listener_plugin.py for tasks to queue
[2024-10-08T08:48:30.686+0000] {logging_mixin.py:190} INFO - [2024-10-08T08:48:30.685+0000] {dagbag.py:588} INFO - Filling up the DagBag from /root/miniconda3/envs/project/lib/python3.8/site-packages/airflow/example_dags/plugins/listener_plugin.py
[2024-10-08T08:48:30.689+0000] {processor.py:927} WARNING - No viable dags retrieved from /root/miniconda3/envs/project/lib/python3.8/site-packages/airflow/example_dags/plugins/listener_plugin.py
[2024-10-08T08:48:30.706+0000] {processor.py:208} INFO - Processing /root/miniconda3/envs/project/lib/python3.8/site-packages/airflow/example_dags/plugins/listener_plugin.py took 0.038 seconds
[2024-10-08T08:49:40.726+0000] {processor.py:186} INFO - Started process (PID=218276) to work on /root/miniconda3/envs/project/lib/python3.8/site-packages/airflow/example_dags/plugins/listener_plugin.py
[2024-10-08T08:49:40.729+0000] {processor.py:914} INFO - Processing file /root/miniconda3/envs/project/lib/python3.8/site-packages/airflow/example_dags/plugins/listener_plugin.py for tasks to queue
[2024-10-08T08:49:40.732+0000] {logging_mixin.py:190} INFO - [2024-10-08T08:49:40.731+0000] {dagbag.py:588} INFO - Filling up the DagBag from /root/miniconda3/envs/project/lib/python3.8/site-packages/airflow/example_dags/plugins/listener_plugin.py
[2024-10-08T08:49:40.735+0000] {processor.py:927} WARNING - No viable dags retrieved from /root/miniconda3/envs/project/lib/python3.8/site-packages/airflow/example_dags/plugins/listener_plugin.py
[2024-10-08T08:49:40.753+0000] {processor.py:208} INFO - Processing /root/miniconda3/envs/project/lib/python3.8/site-packages/airflow/example_dags/plugins/listener_plugin.py took 0.039 seconds
[2024-10-08T08:50:49.758+0000] {processor.py:186} INFO - Started process (PID=218559) to work on /root/miniconda3/envs/project/lib/python3.8/site-packages/airflow/example_dags/plugins/listener_plugin.py
[2024-10-08T08:50:49.761+0000] {processor.py:914} INFO - Processing file /root/miniconda3/envs/project/lib/python3.8/site-packages/airflow/example_dags/plugins/listener_plugin.py for tasks to queue
[2024-10-08T08:50:49.764+0000] {logging_mixin.py:190} INFO - [2024-10-08T08:50:49.763+0000] {dagbag.py:588} INFO - Filling up the DagBag from /root/miniconda3/envs/project/lib/python3.8/site-packages/airflow/example_dags/plugins/listener_plugin.py
[2024-10-08T08:50:49.767+0000] {processor.py:927} WARNING - No viable dags retrieved from /root/miniconda3/envs/project/lib/python3.8/site-packages/airflow/example_dags/plugins/listener_plugin.py
[2024-10-08T08:50:49.806+0000] {processor.py:208} INFO - Processing /root/miniconda3/envs/project/lib/python3.8/site-packages/airflow/example_dags/plugins/listener_plugin.py took 0.060 seconds
[2024-10-08T09:03:14.348+0000] {processor.py:186} INFO - Started process (PID=219380) to work on /root/miniconda3/envs/project/lib/python3.8/site-packages/airflow/example_dags/plugins/listener_plugin.py
[2024-10-08T09:03:14.351+0000] {processor.py:914} INFO - Processing file /root/miniconda3/envs/project/lib/python3.8/site-packages/airflow/example_dags/plugins/listener_plugin.py for tasks to queue
[2024-10-08T09:03:14.355+0000] {logging_mixin.py:190} INFO - [2024-10-08T09:03:14.354+0000] {dagbag.py:588} INFO - Filling up the DagBag from /root/miniconda3/envs/project/lib/python3.8/site-packages/airflow/example_dags/plugins/listener_plugin.py
[2024-10-08T09:03:14.359+0000] {processor.py:927} WARNING - No viable dags retrieved from /root/miniconda3/envs/project/lib/python3.8/site-packages/airflow/example_dags/plugins/listener_plugin.py
[2024-10-08T09:03:14.376+0000] {processor.py:208} INFO - Processing /root/miniconda3/envs/project/lib/python3.8/site-packages/airflow/example_dags/plugins/listener_plugin.py took 0.038 seconds
[2024-10-08T09:04:55.127+0000] {processor.py:186} INFO - Started process (PID=219934) to work on /root/miniconda3/envs/project/lib/python3.8/site-packages/airflow/example_dags/plugins/listener_plugin.py
[2024-10-08T09:04:55.130+0000] {processor.py:914} INFO - Processing file /root/miniconda3/envs/project/lib/python3.8/site-packages/airflow/example_dags/plugins/listener_plugin.py for tasks to queue
[2024-10-08T09:04:55.134+0000] {logging_mixin.py:190} INFO - [2024-10-08T09:04:55.133+0000] {dagbag.py:588} INFO - Filling up the DagBag from /root/miniconda3/envs/project/lib/python3.8/site-packages/airflow/example_dags/plugins/listener_plugin.py
[2024-10-08T09:04:55.137+0000] {processor.py:927} WARNING - No viable dags retrieved from /root/miniconda3/envs/project/lib/python3.8/site-packages/airflow/example_dags/plugins/listener_plugin.py
[2024-10-08T09:04:55.155+0000] {processor.py:208} INFO - Processing /root/miniconda3/envs/project/lib/python3.8/site-packages/airflow/example_dags/plugins/listener_plugin.py took 0.039 seconds
[2024-10-08T09:08:27.526+0000] {processor.py:186} INFO - Started process (PID=220756) to work on /root/miniconda3/envs/project/lib/python3.8/site-packages/airflow/example_dags/plugins/listener_plugin.py
[2024-10-08T09:08:27.529+0000] {processor.py:914} INFO - Processing file /root/miniconda3/envs/project/lib/python3.8/site-packages/airflow/example_dags/plugins/listener_plugin.py for tasks to queue
[2024-10-08T09:08:27.532+0000] {logging_mixin.py:190} INFO - [2024-10-08T09:08:27.532+0000] {dagbag.py:588} INFO - Filling up the DagBag from /root/miniconda3/envs/project/lib/python3.8/site-packages/airflow/example_dags/plugins/listener_plugin.py
[2024-10-08T09:08:27.536+0000] {processor.py:927} WARNING - No viable dags retrieved from /root/miniconda3/envs/project/lib/python3.8/site-packages/airflow/example_dags/plugins/listener_plugin.py
[2024-10-08T09:08:27.551+0000] {processor.py:208} INFO - Processing /root/miniconda3/envs/project/lib/python3.8/site-packages/airflow/example_dags/plugins/listener_plugin.py took 0.037 seconds
[2024-10-08T09:09:55.697+0000] {processor.py:186} INFO - Started process (PID=221262) to work on /root/miniconda3/envs/project/lib/python3.8/site-packages/airflow/example_dags/plugins/listener_plugin.py
[2024-10-08T09:09:55.700+0000] {processor.py:914} INFO - Processing file /root/miniconda3/envs/project/lib/python3.8/site-packages/airflow/example_dags/plugins/listener_plugin.py for tasks to queue
[2024-10-08T09:09:55.703+0000] {logging_mixin.py:190} INFO - [2024-10-08T09:09:55.702+0000] {dagbag.py:588} INFO - Filling up the DagBag from /root/miniconda3/envs/project/lib/python3.8/site-packages/airflow/example_dags/plugins/listener_plugin.py
[2024-10-08T09:09:55.707+0000] {processor.py:927} WARNING - No viable dags retrieved from /root/miniconda3/envs/project/lib/python3.8/site-packages/airflow/example_dags/plugins/listener_plugin.py
[2024-10-08T09:09:55.723+0000] {processor.py:208} INFO - Processing /root/miniconda3/envs/project/lib/python3.8/site-packages/airflow/example_dags/plugins/listener_plugin.py took 0.036 seconds
[2024-10-08T09:11:05.520+0000] {processor.py:186} INFO - Started process (PID=221682) to work on /root/miniconda3/envs/project/lib/python3.8/site-packages/airflow/example_dags/plugins/listener_plugin.py
[2024-10-08T09:11:05.523+0000] {processor.py:914} INFO - Processing file /root/miniconda3/envs/project/lib/python3.8/site-packages/airflow/example_dags/plugins/listener_plugin.py for tasks to queue
[2024-10-08T09:11:05.526+0000] {logging_mixin.py:190} INFO - [2024-10-08T09:11:05.526+0000] {dagbag.py:588} INFO - Filling up the DagBag from /root/miniconda3/envs/project/lib/python3.8/site-packages/airflow/example_dags/plugins/listener_plugin.py
[2024-10-08T09:11:05.530+0000] {processor.py:927} WARNING - No viable dags retrieved from /root/miniconda3/envs/project/lib/python3.8/site-packages/airflow/example_dags/plugins/listener_plugin.py
[2024-10-08T09:11:05.547+0000] {processor.py:208} INFO - Processing /root/miniconda3/envs/project/lib/python3.8/site-packages/airflow/example_dags/plugins/listener_plugin.py took 0.037 seconds
[2024-10-08T09:12:06.974+0000] {processor.py:186} INFO - Started process (PID=222004) to work on /root/miniconda3/envs/project/lib/python3.8/site-packages/airflow/example_dags/plugins/listener_plugin.py
[2024-10-08T09:12:06.977+0000] {processor.py:914} INFO - Processing file /root/miniconda3/envs/project/lib/python3.8/site-packages/airflow/example_dags/plugins/listener_plugin.py for tasks to queue
[2024-10-08T09:12:06.981+0000] {logging_mixin.py:190} INFO - [2024-10-08T09:12:06.980+0000] {dagbag.py:588} INFO - Filling up the DagBag from /root/miniconda3/envs/project/lib/python3.8/site-packages/airflow/example_dags/plugins/listener_plugin.py
[2024-10-08T09:12:06.984+0000] {processor.py:927} WARNING - No viable dags retrieved from /root/miniconda3/envs/project/lib/python3.8/site-packages/airflow/example_dags/plugins/listener_plugin.py
[2024-10-08T09:12:07.002+0000] {processor.py:208} INFO - Processing /root/miniconda3/envs/project/lib/python3.8/site-packages/airflow/example_dags/plugins/listener_plugin.py took 0.039 seconds
[2024-10-08T09:13:14.139+0000] {processor.py:186} INFO - Started process (PID=222228) to work on /root/miniconda3/envs/project/lib/python3.8/site-packages/airflow/example_dags/plugins/listener_plugin.py
[2024-10-08T09:13:14.142+0000] {processor.py:914} INFO - Processing file /root/miniconda3/envs/project/lib/python3.8/site-packages/airflow/example_dags/plugins/listener_plugin.py for tasks to queue
[2024-10-08T09:13:14.146+0000] {logging_mixin.py:190} INFO - [2024-10-08T09:13:14.145+0000] {dagbag.py:588} INFO - Filling up the DagBag from /root/miniconda3/envs/project/lib/python3.8/site-packages/airflow/example_dags/plugins/listener_plugin.py
[2024-10-08T09:13:14.149+0000] {processor.py:927} WARNING - No viable dags retrieved from /root/miniconda3/envs/project/lib/python3.8/site-packages/airflow/example_dags/plugins/listener_plugin.py
[2024-10-08T09:13:14.166+0000] {processor.py:208} INFO - Processing /root/miniconda3/envs/project/lib/python3.8/site-packages/airflow/example_dags/plugins/listener_plugin.py took 0.038 seconds
[2024-10-08T09:13:50.452+0000] {processor.py:186} INFO - Started process (PID=222498) to work on /root/miniconda3/envs/project/lib/python3.8/site-packages/airflow/example_dags/plugins/listener_plugin.py
[2024-10-08T09:13:50.455+0000] {processor.py:914} INFO - Processing file /root/miniconda3/envs/project/lib/python3.8/site-packages/airflow/example_dags/plugins/listener_plugin.py for tasks to queue
[2024-10-08T09:13:50.458+0000] {logging_mixin.py:190} INFO - [2024-10-08T09:13:50.457+0000] {dagbag.py:588} INFO - Filling up the DagBag from /root/miniconda3/envs/project/lib/python3.8/site-packages/airflow/example_dags/plugins/listener_plugin.py
[2024-10-08T09:13:50.462+0000] {processor.py:927} WARNING - No viable dags retrieved from /root/miniconda3/envs/project/lib/python3.8/site-packages/airflow/example_dags/plugins/listener_plugin.py
[2024-10-08T09:13:50.478+0000] {processor.py:208} INFO - Processing /root/miniconda3/envs/project/lib/python3.8/site-packages/airflow/example_dags/plugins/listener_plugin.py took 0.037 seconds
[2024-10-08T09:14:52.587+0000] {processor.py:186} INFO - Started process (PID=222761) to work on /root/miniconda3/envs/project/lib/python3.8/site-packages/airflow/example_dags/plugins/listener_plugin.py
[2024-10-08T09:14:52.590+0000] {processor.py:914} INFO - Processing file /root/miniconda3/envs/project/lib/python3.8/site-packages/airflow/example_dags/plugins/listener_plugin.py for tasks to queue
[2024-10-08T09:14:52.594+0000] {logging_mixin.py:190} INFO - [2024-10-08T09:14:52.593+0000] {dagbag.py:588} INFO - Filling up the DagBag from /root/miniconda3/envs/project/lib/python3.8/site-packages/airflow/example_dags/plugins/listener_plugin.py
[2024-10-08T09:14:52.597+0000] {processor.py:927} WARNING - No viable dags retrieved from /root/miniconda3/envs/project/lib/python3.8/site-packages/airflow/example_dags/plugins/listener_plugin.py
[2024-10-08T09:14:52.614+0000] {processor.py:208} INFO - Processing /root/miniconda3/envs/project/lib/python3.8/site-packages/airflow/example_dags/plugins/listener_plugin.py took 0.037 seconds
[2024-10-08T09:15:30.655+0000] {processor.py:186} INFO - Started process (PID=222847) to work on /root/miniconda3/envs/project/lib/python3.8/site-packages/airflow/example_dags/plugins/listener_plugin.py
[2024-10-08T09:15:30.658+0000] {processor.py:914} INFO - Processing file /root/miniconda3/envs/project/lib/python3.8/site-packages/airflow/example_dags/plugins/listener_plugin.py for tasks to queue
[2024-10-08T09:15:30.661+0000] {logging_mixin.py:190} INFO - [2024-10-08T09:15:30.660+0000] {dagbag.py:588} INFO - Filling up the DagBag from /root/miniconda3/envs/project/lib/python3.8/site-packages/airflow/example_dags/plugins/listener_plugin.py
[2024-10-08T09:15:30.664+0000] {processor.py:927} WARNING - No viable dags retrieved from /root/miniconda3/envs/project/lib/python3.8/site-packages/airflow/example_dags/plugins/listener_plugin.py
[2024-10-08T09:15:30.681+0000] {processor.py:208} INFO - Processing /root/miniconda3/envs/project/lib/python3.8/site-packages/airflow/example_dags/plugins/listener_plugin.py took 0.038 seconds
[2024-10-08T09:16:09.296+0000] {processor.py:186} INFO - Started process (PID=222996) to work on /root/miniconda3/envs/project/lib/python3.8/site-packages/airflow/example_dags/plugins/listener_plugin.py
[2024-10-08T09:16:09.299+0000] {processor.py:914} INFO - Processing file /root/miniconda3/envs/project/lib/python3.8/site-packages/airflow/example_dags/plugins/listener_plugin.py for tasks to queue
[2024-10-08T09:16:09.303+0000] {logging_mixin.py:190} INFO - [2024-10-08T09:16:09.302+0000] {dagbag.py:588} INFO - Filling up the DagBag from /root/miniconda3/envs/project/lib/python3.8/site-packages/airflow/example_dags/plugins/listener_plugin.py
[2024-10-08T09:16:09.307+0000] {processor.py:927} WARNING - No viable dags retrieved from /root/miniconda3/envs/project/lib/python3.8/site-packages/airflow/example_dags/plugins/listener_plugin.py
[2024-10-08T09:16:09.324+0000] {processor.py:208} INFO - Processing /root/miniconda3/envs/project/lib/python3.8/site-packages/airflow/example_dags/plugins/listener_plugin.py took 0.039 seconds
[2024-10-08T09:17:19.298+0000] {processor.py:186} INFO - Started process (PID=223230) to work on /root/miniconda3/envs/project/lib/python3.8/site-packages/airflow/example_dags/plugins/listener_plugin.py
[2024-10-08T09:17:19.302+0000] {processor.py:914} INFO - Processing file /root/miniconda3/envs/project/lib/python3.8/site-packages/airflow/example_dags/plugins/listener_plugin.py for tasks to queue
[2024-10-08T09:17:19.305+0000] {logging_mixin.py:190} INFO - [2024-10-08T09:17:19.305+0000] {dagbag.py:588} INFO - Filling up the DagBag from /root/miniconda3/envs/project/lib/python3.8/site-packages/airflow/example_dags/plugins/listener_plugin.py
[2024-10-08T09:17:19.309+0000] {processor.py:927} WARNING - No viable dags retrieved from /root/miniconda3/envs/project/lib/python3.8/site-packages/airflow/example_dags/plugins/listener_plugin.py
[2024-10-08T09:17:19.325+0000] {processor.py:208} INFO - Processing /root/miniconda3/envs/project/lib/python3.8/site-packages/airflow/example_dags/plugins/listener_plugin.py took 0.037 seconds
[2024-10-08T09:18:27.351+0000] {processor.py:186} INFO - Started process (PID=223454) to work on /root/miniconda3/envs/project/lib/python3.8/site-packages/airflow/example_dags/plugins/listener_plugin.py
[2024-10-08T09:18:27.354+0000] {processor.py:914} INFO - Processing file /root/miniconda3/envs/project/lib/python3.8/site-packages/airflow/example_dags/plugins/listener_plugin.py for tasks to queue
[2024-10-08T09:18:27.357+0000] {logging_mixin.py:190} INFO - [2024-10-08T09:18:27.357+0000] {dagbag.py:588} INFO - Filling up the DagBag from /root/miniconda3/envs/project/lib/python3.8/site-packages/airflow/example_dags/plugins/listener_plugin.py
[2024-10-08T09:18:27.361+0000] {processor.py:927} WARNING - No viable dags retrieved from /root/miniconda3/envs/project/lib/python3.8/site-packages/airflow/example_dags/plugins/listener_plugin.py
[2024-10-08T09:18:27.379+0000] {processor.py:208} INFO - Processing /root/miniconda3/envs/project/lib/python3.8/site-packages/airflow/example_dags/plugins/listener_plugin.py took 0.039 seconds
[2024-10-08T09:19:06.241+0000] {processor.py:186} INFO - Started process (PID=223601) to work on /root/miniconda3/envs/project/lib/python3.8/site-packages/airflow/example_dags/plugins/listener_plugin.py
[2024-10-08T09:19:06.244+0000] {processor.py:914} INFO - Processing file /root/miniconda3/envs/project/lib/python3.8/site-packages/airflow/example_dags/plugins/listener_plugin.py for tasks to queue
[2024-10-08T09:19:06.247+0000] {logging_mixin.py:190} INFO - [2024-10-08T09:19:06.247+0000] {dagbag.py:588} INFO - Filling up the DagBag from /root/miniconda3/envs/project/lib/python3.8/site-packages/airflow/example_dags/plugins/listener_plugin.py
[2024-10-08T09:19:06.251+0000] {processor.py:927} WARNING - No viable dags retrieved from /root/miniconda3/envs/project/lib/python3.8/site-packages/airflow/example_dags/plugins/listener_plugin.py
[2024-10-08T09:19:06.267+0000] {processor.py:208} INFO - Processing /root/miniconda3/envs/project/lib/python3.8/site-packages/airflow/example_dags/plugins/listener_plugin.py took 0.035 seconds
[2024-10-08T09:20:13.221+0000] {processor.py:186} INFO - Started process (PID=223888) to work on /root/miniconda3/envs/project/lib/python3.8/site-packages/airflow/example_dags/plugins/listener_plugin.py
[2024-10-08T09:20:13.224+0000] {processor.py:914} INFO - Processing file /root/miniconda3/envs/project/lib/python3.8/site-packages/airflow/example_dags/plugins/listener_plugin.py for tasks to queue
[2024-10-08T09:20:13.228+0000] {logging_mixin.py:190} INFO - [2024-10-08T09:20:13.227+0000] {dagbag.py:588} INFO - Filling up the DagBag from /root/miniconda3/envs/project/lib/python3.8/site-packages/airflow/example_dags/plugins/listener_plugin.py
[2024-10-08T09:20:13.231+0000] {processor.py:927} WARNING - No viable dags retrieved from /root/miniconda3/envs/project/lib/python3.8/site-packages/airflow/example_dags/plugins/listener_plugin.py
[2024-10-08T09:20:13.248+0000] {processor.py:208} INFO - Processing /root/miniconda3/envs/project/lib/python3.8/site-packages/airflow/example_dags/plugins/listener_plugin.py took 0.038 seconds
[2024-10-08T09:20:51.697+0000] {processor.py:186} INFO - Started process (PID=224036) to work on /root/miniconda3/envs/project/lib/python3.8/site-packages/airflow/example_dags/plugins/listener_plugin.py
[2024-10-08T09:20:51.700+0000] {processor.py:914} INFO - Processing file /root/miniconda3/envs/project/lib/python3.8/site-packages/airflow/example_dags/plugins/listener_plugin.py for tasks to queue
[2024-10-08T09:20:51.704+0000] {logging_mixin.py:190} INFO - [2024-10-08T09:20:51.703+0000] {dagbag.py:588} INFO - Filling up the DagBag from /root/miniconda3/envs/project/lib/python3.8/site-packages/airflow/example_dags/plugins/listener_plugin.py
[2024-10-08T09:20:51.707+0000] {processor.py:927} WARNING - No viable dags retrieved from /root/miniconda3/envs/project/lib/python3.8/site-packages/airflow/example_dags/plugins/listener_plugin.py
[2024-10-08T09:20:51.723+0000] {processor.py:208} INFO - Processing /root/miniconda3/envs/project/lib/python3.8/site-packages/airflow/example_dags/plugins/listener_plugin.py took 0.037 seconds
[2024-10-08T09:21:31.356+0000] {processor.py:186} INFO - Started process (PID=224127) to work on /root/miniconda3/envs/project/lib/python3.8/site-packages/airflow/example_dags/plugins/listener_plugin.py
[2024-10-08T09:21:31.359+0000] {processor.py:914} INFO - Processing file /root/miniconda3/envs/project/lib/python3.8/site-packages/airflow/example_dags/plugins/listener_plugin.py for tasks to queue
[2024-10-08T09:21:31.362+0000] {logging_mixin.py:190} INFO - [2024-10-08T09:21:31.362+0000] {dagbag.py:588} INFO - Filling up the DagBag from /root/miniconda3/envs/project/lib/python3.8/site-packages/airflow/example_dags/plugins/listener_plugin.py
[2024-10-08T09:21:31.366+0000] {processor.py:927} WARNING - No viable dags retrieved from /root/miniconda3/envs/project/lib/python3.8/site-packages/airflow/example_dags/plugins/listener_plugin.py
[2024-10-08T09:21:31.383+0000] {processor.py:208} INFO - Processing /root/miniconda3/envs/project/lib/python3.8/site-packages/airflow/example_dags/plugins/listener_plugin.py took 0.040 seconds
[2024-10-08T09:22:38.381+0000] {processor.py:186} INFO - Started process (PID=224349) to work on /root/miniconda3/envs/project/lib/python3.8/site-packages/airflow/example_dags/plugins/listener_plugin.py
[2024-10-08T09:22:38.384+0000] {processor.py:914} INFO - Processing file /root/miniconda3/envs/project/lib/python3.8/site-packages/airflow/example_dags/plugins/listener_plugin.py for tasks to queue
[2024-10-08T09:22:38.388+0000] {logging_mixin.py:190} INFO - [2024-10-08T09:22:38.387+0000] {dagbag.py:588} INFO - Filling up the DagBag from /root/miniconda3/envs/project/lib/python3.8/site-packages/airflow/example_dags/plugins/listener_plugin.py
[2024-10-08T09:22:38.391+0000] {processor.py:927} WARNING - No viable dags retrieved from /root/miniconda3/envs/project/lib/python3.8/site-packages/airflow/example_dags/plugins/listener_plugin.py
[2024-10-08T09:22:38.407+0000] {processor.py:208} INFO - Processing /root/miniconda3/envs/project/lib/python3.8/site-packages/airflow/example_dags/plugins/listener_plugin.py took 0.036 seconds
[2024-10-08T09:23:48.336+0000] {processor.py:186} INFO - Started process (PID=224603) to work on /root/miniconda3/envs/project/lib/python3.8/site-packages/airflow/example_dags/plugins/listener_plugin.py
[2024-10-08T09:23:48.340+0000] {processor.py:914} INFO - Processing file /root/miniconda3/envs/project/lib/python3.8/site-packages/airflow/example_dags/plugins/listener_plugin.py for tasks to queue
[2024-10-08T09:23:48.344+0000] {logging_mixin.py:190} INFO - [2024-10-08T09:23:48.343+0000] {dagbag.py:588} INFO - Filling up the DagBag from /root/miniconda3/envs/project/lib/python3.8/site-packages/airflow/example_dags/plugins/listener_plugin.py
[2024-10-08T09:23:48.348+0000] {processor.py:927} WARNING - No viable dags retrieved from /root/miniconda3/envs/project/lib/python3.8/site-packages/airflow/example_dags/plugins/listener_plugin.py
[2024-10-08T09:23:48.369+0000] {processor.py:208} INFO - Processing /root/miniconda3/envs/project/lib/python3.8/site-packages/airflow/example_dags/plugins/listener_plugin.py took 0.044 seconds
[2024-10-08T09:24:56.531+0000] {processor.py:186} INFO - Started process (PID=225181) to work on /root/miniconda3/envs/project/lib/python3.8/site-packages/airflow/example_dags/plugins/listener_plugin.py
[2024-10-08T09:24:56.534+0000] {processor.py:914} INFO - Processing file /root/miniconda3/envs/project/lib/python3.8/site-packages/airflow/example_dags/plugins/listener_plugin.py for tasks to queue
[2024-10-08T09:24:56.537+0000] {logging_mixin.py:190} INFO - [2024-10-08T09:24:56.537+0000] {dagbag.py:588} INFO - Filling up the DagBag from /root/miniconda3/envs/project/lib/python3.8/site-packages/airflow/example_dags/plugins/listener_plugin.py
[2024-10-08T09:24:56.541+0000] {processor.py:927} WARNING - No viable dags retrieved from /root/miniconda3/envs/project/lib/python3.8/site-packages/airflow/example_dags/plugins/listener_plugin.py
[2024-10-08T09:24:56.558+0000] {processor.py:208} INFO - Processing /root/miniconda3/envs/project/lib/python3.8/site-packages/airflow/example_dags/plugins/listener_plugin.py took 0.037 seconds
[2024-10-08T09:25:34.926+0000] {processor.py:186} INFO - Started process (PID=225457) to work on /root/miniconda3/envs/project/lib/python3.8/site-packages/airflow/example_dags/plugins/listener_plugin.py
[2024-10-08T09:25:34.929+0000] {processor.py:914} INFO - Processing file /root/miniconda3/envs/project/lib/python3.8/site-packages/airflow/example_dags/plugins/listener_plugin.py for tasks to queue
[2024-10-08T09:25:34.933+0000] {logging_mixin.py:190} INFO - [2024-10-08T09:25:34.932+0000] {dagbag.py:588} INFO - Filling up the DagBag from /root/miniconda3/envs/project/lib/python3.8/site-packages/airflow/example_dags/plugins/listener_plugin.py
[2024-10-08T09:25:34.936+0000] {processor.py:927} WARNING - No viable dags retrieved from /root/miniconda3/envs/project/lib/python3.8/site-packages/airflow/example_dags/plugins/listener_plugin.py
[2024-10-08T09:25:34.953+0000] {processor.py:208} INFO - Processing /root/miniconda3/envs/project/lib/python3.8/site-packages/airflow/example_dags/plugins/listener_plugin.py took 0.037 seconds
[2024-10-08T09:26:45.083+0000] {processor.py:186} INFO - Started process (PID=225878) to work on /root/miniconda3/envs/project/lib/python3.8/site-packages/airflow/example_dags/plugins/listener_plugin.py
[2024-10-08T09:26:45.087+0000] {processor.py:914} INFO - Processing file /root/miniconda3/envs/project/lib/python3.8/site-packages/airflow/example_dags/plugins/listener_plugin.py for tasks to queue
[2024-10-08T09:26:45.090+0000] {logging_mixin.py:190} INFO - [2024-10-08T09:26:45.090+0000] {dagbag.py:588} INFO - Filling up the DagBag from /root/miniconda3/envs/project/lib/python3.8/site-packages/airflow/example_dags/plugins/listener_plugin.py
[2024-10-08T09:26:45.094+0000] {processor.py:927} WARNING - No viable dags retrieved from /root/miniconda3/envs/project/lib/python3.8/site-packages/airflow/example_dags/plugins/listener_plugin.py
[2024-10-08T09:26:45.111+0000] {processor.py:208} INFO - Processing /root/miniconda3/envs/project/lib/python3.8/site-packages/airflow/example_dags/plugins/listener_plugin.py took 0.037 seconds
[2024-10-08T09:27:56.293+0000] {processor.py:186} INFO - Started process (PID=226432) to work on /root/miniconda3/envs/project/lib/python3.8/site-packages/airflow/example_dags/plugins/listener_plugin.py
[2024-10-08T09:27:56.296+0000] {processor.py:914} INFO - Processing file /root/miniconda3/envs/project/lib/python3.8/site-packages/airflow/example_dags/plugins/listener_plugin.py for tasks to queue
[2024-10-08T09:27:56.299+0000] {logging_mixin.py:190} INFO - [2024-10-08T09:27:56.298+0000] {dagbag.py:588} INFO - Filling up the DagBag from /root/miniconda3/envs/project/lib/python3.8/site-packages/airflow/example_dags/plugins/listener_plugin.py
[2024-10-08T09:27:56.302+0000] {processor.py:927} WARNING - No viable dags retrieved from /root/miniconda3/envs/project/lib/python3.8/site-packages/airflow/example_dags/plugins/listener_plugin.py
[2024-10-08T09:27:56.319+0000] {processor.py:208} INFO - Processing /root/miniconda3/envs/project/lib/python3.8/site-packages/airflow/example_dags/plugins/listener_plugin.py took 0.036 seconds
[2024-10-08T09:29:09.718+0000] {processor.py:186} INFO - Started process (PID=226930) to work on /root/miniconda3/envs/project/lib/python3.8/site-packages/airflow/example_dags/plugins/listener_plugin.py
[2024-10-08T09:29:09.721+0000] {processor.py:914} INFO - Processing file /root/miniconda3/envs/project/lib/python3.8/site-packages/airflow/example_dags/plugins/listener_plugin.py for tasks to queue
[2024-10-08T09:29:09.724+0000] {logging_mixin.py:190} INFO - [2024-10-08T09:29:09.724+0000] {dagbag.py:588} INFO - Filling up the DagBag from /root/miniconda3/envs/project/lib/python3.8/site-packages/airflow/example_dags/plugins/listener_plugin.py
[2024-10-08T09:29:09.728+0000] {processor.py:927} WARNING - No viable dags retrieved from /root/miniconda3/envs/project/lib/python3.8/site-packages/airflow/example_dags/plugins/listener_plugin.py
[2024-10-08T09:29:09.744+0000] {processor.py:208} INFO - Processing /root/miniconda3/envs/project/lib/python3.8/site-packages/airflow/example_dags/plugins/listener_plugin.py took 0.037 seconds
[2024-10-08T09:29:50.778+0000] {processor.py:186} INFO - Started process (PID=227253) to work on /root/miniconda3/envs/project/lib/python3.8/site-packages/airflow/example_dags/plugins/listener_plugin.py
[2024-10-08T09:29:50.781+0000] {processor.py:914} INFO - Processing file /root/miniconda3/envs/project/lib/python3.8/site-packages/airflow/example_dags/plugins/listener_plugin.py for tasks to queue
[2024-10-08T09:29:50.784+0000] {logging_mixin.py:190} INFO - [2024-10-08T09:29:50.784+0000] {dagbag.py:588} INFO - Filling up the DagBag from /root/miniconda3/envs/project/lib/python3.8/site-packages/airflow/example_dags/plugins/listener_plugin.py
[2024-10-08T09:29:50.788+0000] {processor.py:927} WARNING - No viable dags retrieved from /root/miniconda3/envs/project/lib/python3.8/site-packages/airflow/example_dags/plugins/listener_plugin.py
[2024-10-08T09:29:50.804+0000] {processor.py:208} INFO - Processing /root/miniconda3/envs/project/lib/python3.8/site-packages/airflow/example_dags/plugins/listener_plugin.py took 0.038 seconds
[2024-10-08T09:30:32.557+0000] {processor.py:186} INFO - Started process (PID=227796) to work on /root/miniconda3/envs/project/lib/python3.8/site-packages/airflow/example_dags/plugins/listener_plugin.py
[2024-10-08T09:30:32.560+0000] {processor.py:914} INFO - Processing file /root/miniconda3/envs/project/lib/python3.8/site-packages/airflow/example_dags/plugins/listener_plugin.py for tasks to queue
[2024-10-08T09:30:32.563+0000] {logging_mixin.py:190} INFO - [2024-10-08T09:30:32.562+0000] {dagbag.py:588} INFO - Filling up the DagBag from /root/miniconda3/envs/project/lib/python3.8/site-packages/airflow/example_dags/plugins/listener_plugin.py
[2024-10-08T09:30:32.566+0000] {processor.py:927} WARNING - No viable dags retrieved from /root/miniconda3/envs/project/lib/python3.8/site-packages/airflow/example_dags/plugins/listener_plugin.py
[2024-10-08T09:30:32.584+0000] {processor.py:208} INFO - Processing /root/miniconda3/envs/project/lib/python3.8/site-packages/airflow/example_dags/plugins/listener_plugin.py took 0.038 seconds
[2024-10-08T09:31:15.226+0000] {processor.py:186} INFO - Started process (PID=228154) to work on /root/miniconda3/envs/project/lib/python3.8/site-packages/airflow/example_dags/plugins/listener_plugin.py
[2024-10-08T09:31:15.229+0000] {processor.py:914} INFO - Processing file /root/miniconda3/envs/project/lib/python3.8/site-packages/airflow/example_dags/plugins/listener_plugin.py for tasks to queue
[2024-10-08T09:31:15.232+0000] {logging_mixin.py:190} INFO - [2024-10-08T09:31:15.231+0000] {dagbag.py:588} INFO - Filling up the DagBag from /root/miniconda3/envs/project/lib/python3.8/site-packages/airflow/example_dags/plugins/listener_plugin.py
[2024-10-08T09:31:15.235+0000] {processor.py:927} WARNING - No viable dags retrieved from /root/miniconda3/envs/project/lib/python3.8/site-packages/airflow/example_dags/plugins/listener_plugin.py
[2024-10-08T09:31:15.252+0000] {processor.py:208} INFO - Processing /root/miniconda3/envs/project/lib/python3.8/site-packages/airflow/example_dags/plugins/listener_plugin.py took 0.036 seconds
[2024-10-08T09:32:05.352+0000] {processor.py:186} INFO - Started process (PID=229000) to work on /root/miniconda3/envs/project/lib/python3.8/site-packages/airflow/example_dags/plugins/listener_plugin.py
[2024-10-08T09:32:05.355+0000] {processor.py:914} INFO - Processing file /root/miniconda3/envs/project/lib/python3.8/site-packages/airflow/example_dags/plugins/listener_plugin.py for tasks to queue
[2024-10-08T09:32:05.358+0000] {logging_mixin.py:190} INFO - [2024-10-08T09:32:05.358+0000] {dagbag.py:588} INFO - Filling up the DagBag from /root/miniconda3/envs/project/lib/python3.8/site-packages/airflow/example_dags/plugins/listener_plugin.py
[2024-10-08T09:32:05.362+0000] {processor.py:927} WARNING - No viable dags retrieved from /root/miniconda3/envs/project/lib/python3.8/site-packages/airflow/example_dags/plugins/listener_plugin.py
[2024-10-08T09:32:05.379+0000] {processor.py:208} INFO - Processing /root/miniconda3/envs/project/lib/python3.8/site-packages/airflow/example_dags/plugins/listener_plugin.py took 0.039 seconds
[2024-10-08T09:33:16.615+0000] {processor.py:186} INFO - Started process (PID=229280) to work on /root/miniconda3/envs/project/lib/python3.8/site-packages/airflow/example_dags/plugins/listener_plugin.py
[2024-10-08T09:33:16.618+0000] {processor.py:914} INFO - Processing file /root/miniconda3/envs/project/lib/python3.8/site-packages/airflow/example_dags/plugins/listener_plugin.py for tasks to queue
[2024-10-08T09:33:16.621+0000] {logging_mixin.py:190} INFO - [2024-10-08T09:33:16.620+0000] {dagbag.py:588} INFO - Filling up the DagBag from /root/miniconda3/envs/project/lib/python3.8/site-packages/airflow/example_dags/plugins/listener_plugin.py
[2024-10-08T09:33:16.625+0000] {processor.py:927} WARNING - No viable dags retrieved from /root/miniconda3/envs/project/lib/python3.8/site-packages/airflow/example_dags/plugins/listener_plugin.py
[2024-10-08T09:33:16.642+0000] {processor.py:208} INFO - Processing /root/miniconda3/envs/project/lib/python3.8/site-packages/airflow/example_dags/plugins/listener_plugin.py took 0.039 seconds
