[2024-10-08T07:57:01.582+0000] {processor.py:186} INFO - Started process (PID=207009) to work on /root/miniconda3/envs/project/lib/python3.8/site-packages/airflow/example_dags/plugins/workday.py
[2024-10-08T07:57:01.583+0000] {processor.py:914} INFO - Processing file /root/miniconda3/envs/project/lib/python3.8/site-packages/airflow/example_dags/plugins/workday.py for tasks to queue
[2024-10-08T07:57:01.586+0000] {logging_mixin.py:190} INFO - [2024-10-08T07:57:01.586+0000] {dagbag.py:588} INFO - Filling up the DagBag from /root/miniconda3/envs/project/lib/python3.8/site-packages/airflow/example_dags/plugins/workday.py
[2024-10-08T07:57:01.590+0000] {processor.py:927} WARNING - No viable dags retrieved from /root/miniconda3/envs/project/lib/python3.8/site-packages/airflow/example_dags/plugins/workday.py
[2024-10-08T07:57:01.605+0000] {processor.py:208} INFO - Processing /root/miniconda3/envs/project/lib/python3.8/site-packages/airflow/example_dags/plugins/workday.py took 0.035 seconds
[2024-10-08T07:58:17.384+0000] {processor.py:186} INFO - Started process (PID=207263) to work on /root/miniconda3/envs/project/lib/python3.8/site-packages/airflow/example_dags/plugins/workday.py
[2024-10-08T07:58:17.387+0000] {processor.py:914} INFO - Processing file /root/miniconda3/envs/project/lib/python3.8/site-packages/airflow/example_dags/plugins/workday.py for tasks to queue
[2024-10-08T07:58:17.390+0000] {logging_mixin.py:190} INFO - [2024-10-08T07:58:17.390+0000] {dagbag.py:588} INFO - Filling up the DagBag from /root/miniconda3/envs/project/lib/python3.8/site-packages/airflow/example_dags/plugins/workday.py
[2024-10-08T07:58:17.394+0000] {processor.py:927} WARNING - No viable dags retrieved from /root/miniconda3/envs/project/lib/python3.8/site-packages/airflow/example_dags/plugins/workday.py
[2024-10-08T07:58:17.411+0000] {processor.py:208} INFO - Processing /root/miniconda3/envs/project/lib/python3.8/site-packages/airflow/example_dags/plugins/workday.py took 0.038 seconds
[2024-10-08T07:58:58.349+0000] {processor.py:186} INFO - Started process (PID=207402) to work on /root/miniconda3/envs/project/lib/python3.8/site-packages/airflow/example_dags/plugins/workday.py
[2024-10-08T07:58:58.352+0000] {processor.py:914} INFO - Processing file /root/miniconda3/envs/project/lib/python3.8/site-packages/airflow/example_dags/plugins/workday.py for tasks to queue
[2024-10-08T07:58:58.356+0000] {logging_mixin.py:190} INFO - [2024-10-08T07:58:58.355+0000] {dagbag.py:588} INFO - Filling up the DagBag from /root/miniconda3/envs/project/lib/python3.8/site-packages/airflow/example_dags/plugins/workday.py
[2024-10-08T07:58:58.360+0000] {processor.py:927} WARNING - No viable dags retrieved from /root/miniconda3/envs/project/lib/python3.8/site-packages/airflow/example_dags/plugins/workday.py
[2024-10-08T07:58:58.377+0000] {processor.py:208} INFO - Processing /root/miniconda3/envs/project/lib/python3.8/site-packages/airflow/example_dags/plugins/workday.py took 0.041 seconds
[2024-10-08T07:59:35.150+0000] {processor.py:186} INFO - Started process (PID=207532) to work on /root/miniconda3/envs/project/lib/python3.8/site-packages/airflow/example_dags/plugins/workday.py
[2024-10-08T07:59:35.153+0000] {processor.py:914} INFO - Processing file /root/miniconda3/envs/project/lib/python3.8/site-packages/airflow/example_dags/plugins/workday.py for tasks to queue
[2024-10-08T07:59:35.156+0000] {logging_mixin.py:190} INFO - [2024-10-08T07:59:35.156+0000] {dagbag.py:588} INFO - Filling up the DagBag from /root/miniconda3/envs/project/lib/python3.8/site-packages/airflow/example_dags/plugins/workday.py
[2024-10-08T07:59:35.160+0000] {processor.py:927} WARNING - No viable dags retrieved from /root/miniconda3/envs/project/lib/python3.8/site-packages/airflow/example_dags/plugins/workday.py
[2024-10-08T07:59:35.176+0000] {processor.py:208} INFO - Processing /root/miniconda3/envs/project/lib/python3.8/site-packages/airflow/example_dags/plugins/workday.py took 0.037 seconds
[2024-10-08T08:00:44.601+0000] {processor.py:186} INFO - Started process (PID=207849) to work on /root/miniconda3/envs/project/lib/python3.8/site-packages/airflow/example_dags/plugins/workday.py
[2024-10-08T08:00:44.604+0000] {processor.py:914} INFO - Processing file /root/miniconda3/envs/project/lib/python3.8/site-packages/airflow/example_dags/plugins/workday.py for tasks to queue
[2024-10-08T08:00:44.607+0000] {logging_mixin.py:190} INFO - [2024-10-08T08:00:44.607+0000] {dagbag.py:588} INFO - Filling up the DagBag from /root/miniconda3/envs/project/lib/python3.8/site-packages/airflow/example_dags/plugins/workday.py
[2024-10-08T08:00:44.611+0000] {processor.py:927} WARNING - No viable dags retrieved from /root/miniconda3/envs/project/lib/python3.8/site-packages/airflow/example_dags/plugins/workday.py
[2024-10-08T08:00:44.632+0000] {processor.py:208} INFO - Processing /root/miniconda3/envs/project/lib/python3.8/site-packages/airflow/example_dags/plugins/workday.py took 0.043 seconds
[2024-10-08T08:01:23.261+0000] {processor.py:186} INFO - Started process (PID=208008) to work on /root/miniconda3/envs/project/lib/python3.8/site-packages/airflow/example_dags/plugins/workday.py
[2024-10-08T08:01:23.264+0000] {processor.py:914} INFO - Processing file /root/miniconda3/envs/project/lib/python3.8/site-packages/airflow/example_dags/plugins/workday.py for tasks to queue
[2024-10-08T08:01:23.267+0000] {logging_mixin.py:190} INFO - [2024-10-08T08:01:23.267+0000] {dagbag.py:588} INFO - Filling up the DagBag from /root/miniconda3/envs/project/lib/python3.8/site-packages/airflow/example_dags/plugins/workday.py
[2024-10-08T08:01:23.271+0000] {processor.py:927} WARNING - No viable dags retrieved from /root/miniconda3/envs/project/lib/python3.8/site-packages/airflow/example_dags/plugins/workday.py
[2024-10-08T08:01:23.287+0000] {processor.py:208} INFO - Processing /root/miniconda3/envs/project/lib/python3.8/site-packages/airflow/example_dags/plugins/workday.py took 0.038 seconds
[2024-10-08T08:02:00.874+0000] {processor.py:186} INFO - Started process (PID=208157) to work on /root/miniconda3/envs/project/lib/python3.8/site-packages/airflow/example_dags/plugins/workday.py
[2024-10-08T08:02:00.876+0000] {processor.py:914} INFO - Processing file /root/miniconda3/envs/project/lib/python3.8/site-packages/airflow/example_dags/plugins/workday.py for tasks to queue
[2024-10-08T08:02:00.880+0000] {logging_mixin.py:190} INFO - [2024-10-08T08:02:00.879+0000] {dagbag.py:588} INFO - Filling up the DagBag from /root/miniconda3/envs/project/lib/python3.8/site-packages/airflow/example_dags/plugins/workday.py
[2024-10-08T08:02:00.884+0000] {processor.py:927} WARNING - No viable dags retrieved from /root/miniconda3/envs/project/lib/python3.8/site-packages/airflow/example_dags/plugins/workday.py
[2024-10-08T08:02:00.902+0000] {processor.py:208} INFO - Processing /root/miniconda3/envs/project/lib/python3.8/site-packages/airflow/example_dags/plugins/workday.py took 0.040 seconds
[2024-10-08T08:03:11.230+0000] {processor.py:186} INFO - Started process (PID=208387) to work on /root/miniconda3/envs/project/lib/python3.8/site-packages/airflow/example_dags/plugins/workday.py
[2024-10-08T08:03:11.233+0000] {processor.py:914} INFO - Processing file /root/miniconda3/envs/project/lib/python3.8/site-packages/airflow/example_dags/plugins/workday.py for tasks to queue
[2024-10-08T08:03:11.236+0000] {logging_mixin.py:190} INFO - [2024-10-08T08:03:11.236+0000] {dagbag.py:588} INFO - Filling up the DagBag from /root/miniconda3/envs/project/lib/python3.8/site-packages/airflow/example_dags/plugins/workday.py
[2024-10-08T08:03:11.240+0000] {processor.py:927} WARNING - No viable dags retrieved from /root/miniconda3/envs/project/lib/python3.8/site-packages/airflow/example_dags/plugins/workday.py
[2024-10-08T08:03:11.256+0000] {processor.py:208} INFO - Processing /root/miniconda3/envs/project/lib/python3.8/site-packages/airflow/example_dags/plugins/workday.py took 0.039 seconds
[2024-10-08T08:04:18.790+0000] {processor.py:186} INFO - Started process (PID=208588) to work on /root/miniconda3/envs/project/lib/python3.8/site-packages/airflow/example_dags/plugins/workday.py
[2024-10-08T08:04:18.793+0000] {processor.py:914} INFO - Processing file /root/miniconda3/envs/project/lib/python3.8/site-packages/airflow/example_dags/plugins/workday.py for tasks to queue
[2024-10-08T08:04:18.796+0000] {logging_mixin.py:190} INFO - [2024-10-08T08:04:18.796+0000] {dagbag.py:588} INFO - Filling up the DagBag from /root/miniconda3/envs/project/lib/python3.8/site-packages/airflow/example_dags/plugins/workday.py
[2024-10-08T08:04:18.800+0000] {processor.py:927} WARNING - No viable dags retrieved from /root/miniconda3/envs/project/lib/python3.8/site-packages/airflow/example_dags/plugins/workday.py
[2024-10-08T08:04:18.816+0000] {processor.py:208} INFO - Processing /root/miniconda3/envs/project/lib/python3.8/site-packages/airflow/example_dags/plugins/workday.py took 0.038 seconds
[2024-10-08T08:05:21.440+0000] {processor.py:186} INFO - Started process (PID=208773) to work on /root/miniconda3/envs/project/lib/python3.8/site-packages/airflow/example_dags/plugins/workday.py
[2024-10-08T08:05:21.443+0000] {processor.py:914} INFO - Processing file /root/miniconda3/envs/project/lib/python3.8/site-packages/airflow/example_dags/plugins/workday.py for tasks to queue
[2024-10-08T08:05:21.446+0000] {logging_mixin.py:190} INFO - [2024-10-08T08:05:21.446+0000] {dagbag.py:588} INFO - Filling up the DagBag from /root/miniconda3/envs/project/lib/python3.8/site-packages/airflow/example_dags/plugins/workday.py
[2024-10-08T08:05:21.450+0000] {processor.py:927} WARNING - No viable dags retrieved from /root/miniconda3/envs/project/lib/python3.8/site-packages/airflow/example_dags/plugins/workday.py
[2024-10-08T08:05:21.471+0000] {processor.py:208} INFO - Processing /root/miniconda3/envs/project/lib/python3.8/site-packages/airflow/example_dags/plugins/workday.py took 0.043 seconds
[2024-10-08T08:06:22.144+0000] {processor.py:186} INFO - Started process (PID=208954) to work on /root/miniconda3/envs/project/lib/python3.8/site-packages/airflow/example_dags/plugins/workday.py
[2024-10-08T08:06:22.147+0000] {processor.py:914} INFO - Processing file /root/miniconda3/envs/project/lib/python3.8/site-packages/airflow/example_dags/plugins/workday.py for tasks to queue
[2024-10-08T08:06:22.151+0000] {logging_mixin.py:190} INFO - [2024-10-08T08:06:22.150+0000] {dagbag.py:588} INFO - Filling up the DagBag from /root/miniconda3/envs/project/lib/python3.8/site-packages/airflow/example_dags/plugins/workday.py
[2024-10-08T08:06:22.155+0000] {processor.py:927} WARNING - No viable dags retrieved from /root/miniconda3/envs/project/lib/python3.8/site-packages/airflow/example_dags/plugins/workday.py
[2024-10-08T08:06:22.172+0000] {processor.py:208} INFO - Processing /root/miniconda3/envs/project/lib/python3.8/site-packages/airflow/example_dags/plugins/workday.py took 0.041 seconds
[2024-10-08T08:06:56.780+0000] {processor.py:186} INFO - Started process (PID=209080) to work on /root/miniconda3/envs/project/lib/python3.8/site-packages/airflow/example_dags/plugins/workday.py
[2024-10-08T08:06:56.782+0000] {processor.py:914} INFO - Processing file /root/miniconda3/envs/project/lib/python3.8/site-packages/airflow/example_dags/plugins/workday.py for tasks to queue
[2024-10-08T08:06:56.786+0000] {logging_mixin.py:190} INFO - [2024-10-08T08:06:56.785+0000] {dagbag.py:588} INFO - Filling up the DagBag from /root/miniconda3/envs/project/lib/python3.8/site-packages/airflow/example_dags/plugins/workday.py
[2024-10-08T08:06:56.790+0000] {processor.py:927} WARNING - No viable dags retrieved from /root/miniconda3/envs/project/lib/python3.8/site-packages/airflow/example_dags/plugins/workday.py
[2024-10-08T08:06:56.806+0000] {processor.py:208} INFO - Processing /root/miniconda3/envs/project/lib/python3.8/site-packages/airflow/example_dags/plugins/workday.py took 0.039 seconds
[2024-10-08T08:08:05.987+0000] {processor.py:186} INFO - Started process (PID=209327) to work on /root/miniconda3/envs/project/lib/python3.8/site-packages/airflow/example_dags/plugins/workday.py
[2024-10-08T08:08:05.990+0000] {processor.py:914} INFO - Processing file /root/miniconda3/envs/project/lib/python3.8/site-packages/airflow/example_dags/plugins/workday.py for tasks to queue
[2024-10-08T08:08:05.994+0000] {logging_mixin.py:190} INFO - [2024-10-08T08:08:05.993+0000] {dagbag.py:588} INFO - Filling up the DagBag from /root/miniconda3/envs/project/lib/python3.8/site-packages/airflow/example_dags/plugins/workday.py
[2024-10-08T08:08:05.997+0000] {processor.py:927} WARNING - No viable dags retrieved from /root/miniconda3/envs/project/lib/python3.8/site-packages/airflow/example_dags/plugins/workday.py
[2024-10-08T08:08:06.014+0000] {processor.py:208} INFO - Processing /root/miniconda3/envs/project/lib/python3.8/site-packages/airflow/example_dags/plugins/workday.py took 0.038 seconds
[2024-10-08T08:09:32.971+0000] {processor.py:186} INFO - Started process (PID=209971) to work on /root/miniconda3/envs/project/lib/python3.8/site-packages/airflow/example_dags/plugins/workday.py
[2024-10-08T08:09:32.974+0000] {processor.py:914} INFO - Processing file /root/miniconda3/envs/project/lib/python3.8/site-packages/airflow/example_dags/plugins/workday.py for tasks to queue
[2024-10-08T08:09:32.978+0000] {logging_mixin.py:190} INFO - [2024-10-08T08:09:32.977+0000] {dagbag.py:588} INFO - Filling up the DagBag from /root/miniconda3/envs/project/lib/python3.8/site-packages/airflow/example_dags/plugins/workday.py
[2024-10-08T08:09:32.981+0000] {processor.py:927} WARNING - No viable dags retrieved from /root/miniconda3/envs/project/lib/python3.8/site-packages/airflow/example_dags/plugins/workday.py
[2024-10-08T08:09:32.998+0000] {processor.py:208} INFO - Processing /root/miniconda3/envs/project/lib/python3.8/site-packages/airflow/example_dags/plugins/workday.py took 0.036 seconds
[2024-10-08T08:10:57.262+0000] {processor.py:186} INFO - Started process (PID=210390) to work on /root/miniconda3/envs/project/lib/python3.8/site-packages/airflow/example_dags/plugins/workday.py
[2024-10-08T08:10:57.264+0000] {processor.py:914} INFO - Processing file /root/miniconda3/envs/project/lib/python3.8/site-packages/airflow/example_dags/plugins/workday.py for tasks to queue
[2024-10-08T08:10:57.268+0000] {logging_mixin.py:190} INFO - [2024-10-08T08:10:57.267+0000] {dagbag.py:588} INFO - Filling up the DagBag from /root/miniconda3/envs/project/lib/python3.8/site-packages/airflow/example_dags/plugins/workday.py
[2024-10-08T08:10:57.271+0000] {processor.py:927} WARNING - No viable dags retrieved from /root/miniconda3/envs/project/lib/python3.8/site-packages/airflow/example_dags/plugins/workday.py
[2024-10-08T08:10:57.287+0000] {processor.py:208} INFO - Processing /root/miniconda3/envs/project/lib/python3.8/site-packages/airflow/example_dags/plugins/workday.py took 0.036 seconds
[2024-10-08T08:12:35.383+0000] {processor.py:186} INFO - Started process (PID=210917) to work on /root/miniconda3/envs/project/lib/python3.8/site-packages/airflow/example_dags/plugins/workday.py
[2024-10-08T08:12:35.386+0000] {processor.py:914} INFO - Processing file /root/miniconda3/envs/project/lib/python3.8/site-packages/airflow/example_dags/plugins/workday.py for tasks to queue
[2024-10-08T08:12:35.389+0000] {logging_mixin.py:190} INFO - [2024-10-08T08:12:35.389+0000] {dagbag.py:588} INFO - Filling up the DagBag from /root/miniconda3/envs/project/lib/python3.8/site-packages/airflow/example_dags/plugins/workday.py
[2024-10-08T08:12:35.393+0000] {processor.py:927} WARNING - No viable dags retrieved from /root/miniconda3/envs/project/lib/python3.8/site-packages/airflow/example_dags/plugins/workday.py
[2024-10-08T08:12:35.409+0000] {processor.py:208} INFO - Processing /root/miniconda3/envs/project/lib/python3.8/site-packages/airflow/example_dags/plugins/workday.py took 0.035 seconds
[2024-10-08T08:13:42.402+0000] {processor.py:186} INFO - Started process (PID=211219) to work on /root/miniconda3/envs/project/lib/python3.8/site-packages/airflow/example_dags/plugins/workday.py
[2024-10-08T08:13:42.405+0000] {processor.py:914} INFO - Processing file /root/miniconda3/envs/project/lib/python3.8/site-packages/airflow/example_dags/plugins/workday.py for tasks to queue
[2024-10-08T08:13:42.411+0000] {logging_mixin.py:190} INFO - [2024-10-08T08:13:42.410+0000] {dagbag.py:588} INFO - Filling up the DagBag from /root/miniconda3/envs/project/lib/python3.8/site-packages/airflow/example_dags/plugins/workday.py
[2024-10-08T08:13:42.416+0000] {processor.py:927} WARNING - No viable dags retrieved from /root/miniconda3/envs/project/lib/python3.8/site-packages/airflow/example_dags/plugins/workday.py
[2024-10-08T08:13:42.438+0000] {processor.py:208} INFO - Processing /root/miniconda3/envs/project/lib/python3.8/site-packages/airflow/example_dags/plugins/workday.py took 0.055 seconds
[2024-10-08T08:14:51.632+0000] {processor.py:186} INFO - Started process (PID=211469) to work on /root/miniconda3/envs/project/lib/python3.8/site-packages/airflow/example_dags/plugins/workday.py
[2024-10-08T08:14:51.635+0000] {processor.py:914} INFO - Processing file /root/miniconda3/envs/project/lib/python3.8/site-packages/airflow/example_dags/plugins/workday.py for tasks to queue
[2024-10-08T08:14:51.638+0000] {logging_mixin.py:190} INFO - [2024-10-08T08:14:51.637+0000] {dagbag.py:588} INFO - Filling up the DagBag from /root/miniconda3/envs/project/lib/python3.8/site-packages/airflow/example_dags/plugins/workday.py
[2024-10-08T08:14:51.642+0000] {processor.py:927} WARNING - No viable dags retrieved from /root/miniconda3/envs/project/lib/python3.8/site-packages/airflow/example_dags/plugins/workday.py
[2024-10-08T08:14:51.658+0000] {processor.py:208} INFO - Processing /root/miniconda3/envs/project/lib/python3.8/site-packages/airflow/example_dags/plugins/workday.py took 0.036 seconds
[2024-10-08T08:15:59.988+0000] {processor.py:186} INFO - Started process (PID=211674) to work on /root/miniconda3/envs/project/lib/python3.8/site-packages/airflow/example_dags/plugins/workday.py
[2024-10-08T08:15:59.991+0000] {processor.py:914} INFO - Processing file /root/miniconda3/envs/project/lib/python3.8/site-packages/airflow/example_dags/plugins/workday.py for tasks to queue
[2024-10-08T08:15:59.994+0000] {logging_mixin.py:190} INFO - [2024-10-08T08:15:59.994+0000] {dagbag.py:588} INFO - Filling up the DagBag from /root/miniconda3/envs/project/lib/python3.8/site-packages/airflow/example_dags/plugins/workday.py
[2024-10-08T08:15:59.998+0000] {processor.py:927} WARNING - No viable dags retrieved from /root/miniconda3/envs/project/lib/python3.8/site-packages/airflow/example_dags/plugins/workday.py
[2024-10-08T08:16:00.015+0000] {processor.py:208} INFO - Processing /root/miniconda3/envs/project/lib/python3.8/site-packages/airflow/example_dags/plugins/workday.py took 0.037 seconds
[2024-10-08T08:17:10.480+0000] {processor.py:186} INFO - Started process (PID=211881) to work on /root/miniconda3/envs/project/lib/python3.8/site-packages/airflow/example_dags/plugins/workday.py
[2024-10-08T08:17:10.483+0000] {processor.py:914} INFO - Processing file /root/miniconda3/envs/project/lib/python3.8/site-packages/airflow/example_dags/plugins/workday.py for tasks to queue
[2024-10-08T08:17:10.486+0000] {logging_mixin.py:190} INFO - [2024-10-08T08:17:10.486+0000] {dagbag.py:588} INFO - Filling up the DagBag from /root/miniconda3/envs/project/lib/python3.8/site-packages/airflow/example_dags/plugins/workday.py
[2024-10-08T08:17:10.490+0000] {processor.py:927} WARNING - No viable dags retrieved from /root/miniconda3/envs/project/lib/python3.8/site-packages/airflow/example_dags/plugins/workday.py
[2024-10-08T08:17:10.506+0000] {processor.py:208} INFO - Processing /root/miniconda3/envs/project/lib/python3.8/site-packages/airflow/example_dags/plugins/workday.py took 0.038 seconds
[2024-10-08T08:18:19.003+0000] {processor.py:186} INFO - Started process (PID=212127) to work on /root/miniconda3/envs/project/lib/python3.8/site-packages/airflow/example_dags/plugins/workday.py
[2024-10-08T08:18:19.007+0000] {processor.py:914} INFO - Processing file /root/miniconda3/envs/project/lib/python3.8/site-packages/airflow/example_dags/plugins/workday.py for tasks to queue
[2024-10-08T08:18:19.010+0000] {logging_mixin.py:190} INFO - [2024-10-08T08:18:19.009+0000] {dagbag.py:588} INFO - Filling up the DagBag from /root/miniconda3/envs/project/lib/python3.8/site-packages/airflow/example_dags/plugins/workday.py
[2024-10-08T08:18:19.014+0000] {processor.py:927} WARNING - No viable dags retrieved from /root/miniconda3/envs/project/lib/python3.8/site-packages/airflow/example_dags/plugins/workday.py
[2024-10-08T08:18:19.031+0000] {processor.py:208} INFO - Processing /root/miniconda3/envs/project/lib/python3.8/site-packages/airflow/example_dags/plugins/workday.py took 0.042 seconds
[2024-10-08T08:18:55.926+0000] {processor.py:186} INFO - Started process (PID=212252) to work on /root/miniconda3/envs/project/lib/python3.8/site-packages/airflow/example_dags/plugins/workday.py
[2024-10-08T08:18:55.929+0000] {processor.py:914} INFO - Processing file /root/miniconda3/envs/project/lib/python3.8/site-packages/airflow/example_dags/plugins/workday.py for tasks to queue
[2024-10-08T08:18:55.932+0000] {logging_mixin.py:190} INFO - [2024-10-08T08:18:55.932+0000] {dagbag.py:588} INFO - Filling up the DagBag from /root/miniconda3/envs/project/lib/python3.8/site-packages/airflow/example_dags/plugins/workday.py
[2024-10-08T08:18:55.936+0000] {processor.py:927} WARNING - No viable dags retrieved from /root/miniconda3/envs/project/lib/python3.8/site-packages/airflow/example_dags/plugins/workday.py
[2024-10-08T08:18:55.952+0000] {processor.py:208} INFO - Processing /root/miniconda3/envs/project/lib/python3.8/site-packages/airflow/example_dags/plugins/workday.py took 0.036 seconds
[2024-10-08T08:19:57.858+0000] {processor.py:186} INFO - Started process (PID=212431) to work on /root/miniconda3/envs/project/lib/python3.8/site-packages/airflow/example_dags/plugins/workday.py
[2024-10-08T08:19:57.861+0000] {processor.py:914} INFO - Processing file /root/miniconda3/envs/project/lib/python3.8/site-packages/airflow/example_dags/plugins/workday.py for tasks to queue
[2024-10-08T08:19:57.865+0000] {logging_mixin.py:190} INFO - [2024-10-08T08:19:57.864+0000] {dagbag.py:588} INFO - Filling up the DagBag from /root/miniconda3/envs/project/lib/python3.8/site-packages/airflow/example_dags/plugins/workday.py
[2024-10-08T08:19:57.868+0000] {processor.py:927} WARNING - No viable dags retrieved from /root/miniconda3/envs/project/lib/python3.8/site-packages/airflow/example_dags/plugins/workday.py
[2024-10-08T08:19:57.885+0000] {processor.py:208} INFO - Processing /root/miniconda3/envs/project/lib/python3.8/site-packages/airflow/example_dags/plugins/workday.py took 0.038 seconds
[2024-10-08T08:20:37.329+0000] {processor.py:186} INFO - Started process (PID=212560) to work on /root/miniconda3/envs/project/lib/python3.8/site-packages/airflow/example_dags/plugins/workday.py
[2024-10-08T08:20:37.332+0000] {processor.py:914} INFO - Processing file /root/miniconda3/envs/project/lib/python3.8/site-packages/airflow/example_dags/plugins/workday.py for tasks to queue
[2024-10-08T08:20:37.335+0000] {logging_mixin.py:190} INFO - [2024-10-08T08:20:37.334+0000] {dagbag.py:588} INFO - Filling up the DagBag from /root/miniconda3/envs/project/lib/python3.8/site-packages/airflow/example_dags/plugins/workday.py
[2024-10-08T08:20:37.339+0000] {processor.py:927} WARNING - No viable dags retrieved from /root/miniconda3/envs/project/lib/python3.8/site-packages/airflow/example_dags/plugins/workday.py
[2024-10-08T08:20:37.356+0000] {processor.py:208} INFO - Processing /root/miniconda3/envs/project/lib/python3.8/site-packages/airflow/example_dags/plugins/workday.py took 0.037 seconds
[2024-10-08T08:21:16.907+0000] {processor.py:186} INFO - Started process (PID=212651) to work on /root/miniconda3/envs/project/lib/python3.8/site-packages/airflow/example_dags/plugins/workday.py
[2024-10-08T08:21:16.910+0000] {processor.py:914} INFO - Processing file /root/miniconda3/envs/project/lib/python3.8/site-packages/airflow/example_dags/plugins/workday.py for tasks to queue
[2024-10-08T08:21:16.913+0000] {logging_mixin.py:190} INFO - [2024-10-08T08:21:16.912+0000] {dagbag.py:588} INFO - Filling up the DagBag from /root/miniconda3/envs/project/lib/python3.8/site-packages/airflow/example_dags/plugins/workday.py
[2024-10-08T08:21:16.917+0000] {processor.py:927} WARNING - No viable dags retrieved from /root/miniconda3/envs/project/lib/python3.8/site-packages/airflow/example_dags/plugins/workday.py
[2024-10-08T08:21:16.933+0000] {processor.py:208} INFO - Processing /root/miniconda3/envs/project/lib/python3.8/site-packages/airflow/example_dags/plugins/workday.py took 0.038 seconds
[2024-10-08T08:22:28.551+0000] {processor.py:186} INFO - Started process (PID=212858) to work on /root/miniconda3/envs/project/lib/python3.8/site-packages/airflow/example_dags/plugins/workday.py
[2024-10-08T08:22:28.554+0000] {processor.py:914} INFO - Processing file /root/miniconda3/envs/project/lib/python3.8/site-packages/airflow/example_dags/plugins/workday.py for tasks to queue
[2024-10-08T08:22:28.558+0000] {logging_mixin.py:190} INFO - [2024-10-08T08:22:28.557+0000] {dagbag.py:588} INFO - Filling up the DagBag from /root/miniconda3/envs/project/lib/python3.8/site-packages/airflow/example_dags/plugins/workday.py
[2024-10-08T08:22:28.561+0000] {processor.py:927} WARNING - No viable dags retrieved from /root/miniconda3/envs/project/lib/python3.8/site-packages/airflow/example_dags/plugins/workday.py
[2024-10-08T08:22:28.578+0000] {processor.py:208} INFO - Processing /root/miniconda3/envs/project/lib/python3.8/site-packages/airflow/example_dags/plugins/workday.py took 0.038 seconds
[2024-10-08T08:23:30.608+0000] {processor.py:186} INFO - Started process (PID=213106) to work on /root/miniconda3/envs/project/lib/python3.8/site-packages/airflow/example_dags/plugins/workday.py
[2024-10-08T08:23:30.611+0000] {processor.py:914} INFO - Processing file /root/miniconda3/envs/project/lib/python3.8/site-packages/airflow/example_dags/plugins/workday.py for tasks to queue
[2024-10-08T08:23:30.614+0000] {logging_mixin.py:190} INFO - [2024-10-08T08:23:30.613+0000] {dagbag.py:588} INFO - Filling up the DagBag from /root/miniconda3/envs/project/lib/python3.8/site-packages/airflow/example_dags/plugins/workday.py
[2024-10-08T08:23:30.618+0000] {processor.py:927} WARNING - No viable dags retrieved from /root/miniconda3/envs/project/lib/python3.8/site-packages/airflow/example_dags/plugins/workday.py
[2024-10-08T08:23:30.634+0000] {processor.py:208} INFO - Processing /root/miniconda3/envs/project/lib/python3.8/site-packages/airflow/example_dags/plugins/workday.py took 0.038 seconds
[2024-10-08T08:36:47.570+0000] {processor.py:186} INFO - Started process (PID=214664) to work on /root/miniconda3/envs/project/lib/python3.8/site-packages/airflow/example_dags/plugins/workday.py
[2024-10-08T08:36:47.573+0000] {processor.py:914} INFO - Processing file /root/miniconda3/envs/project/lib/python3.8/site-packages/airflow/example_dags/plugins/workday.py for tasks to queue
[2024-10-08T08:36:47.576+0000] {logging_mixin.py:190} INFO - [2024-10-08T08:36:47.575+0000] {dagbag.py:588} INFO - Filling up the DagBag from /root/miniconda3/envs/project/lib/python3.8/site-packages/airflow/example_dags/plugins/workday.py
[2024-10-08T08:36:47.580+0000] {processor.py:927} WARNING - No viable dags retrieved from /root/miniconda3/envs/project/lib/python3.8/site-packages/airflow/example_dags/plugins/workday.py
[2024-10-08T08:36:47.595+0000] {processor.py:208} INFO - Processing /root/miniconda3/envs/project/lib/python3.8/site-packages/airflow/example_dags/plugins/workday.py took 0.036 seconds
[2024-10-08T08:37:57.229+0000] {processor.py:186} INFO - Started process (PID=215171) to work on /root/miniconda3/envs/project/lib/python3.8/site-packages/airflow/example_dags/plugins/workday.py
[2024-10-08T08:37:57.233+0000] {processor.py:914} INFO - Processing file /root/miniconda3/envs/project/lib/python3.8/site-packages/airflow/example_dags/plugins/workday.py for tasks to queue
[2024-10-08T08:37:57.238+0000] {logging_mixin.py:190} INFO - [2024-10-08T08:37:57.237+0000] {dagbag.py:588} INFO - Filling up the DagBag from /root/miniconda3/envs/project/lib/python3.8/site-packages/airflow/example_dags/plugins/workday.py
[2024-10-08T08:37:57.244+0000] {processor.py:927} WARNING - No viable dags retrieved from /root/miniconda3/envs/project/lib/python3.8/site-packages/airflow/example_dags/plugins/workday.py
[2024-10-08T08:37:57.261+0000] {processor.py:208} INFO - Processing /root/miniconda3/envs/project/lib/python3.8/site-packages/airflow/example_dags/plugins/workday.py took 0.043 seconds
[2024-10-08T08:39:06.459+0000] {processor.py:186} INFO - Started process (PID=215577) to work on /root/miniconda3/envs/project/lib/python3.8/site-packages/airflow/example_dags/plugins/workday.py
[2024-10-08T08:39:06.463+0000] {processor.py:914} INFO - Processing file /root/miniconda3/envs/project/lib/python3.8/site-packages/airflow/example_dags/plugins/workday.py for tasks to queue
[2024-10-08T08:39:06.468+0000] {logging_mixin.py:190} INFO - [2024-10-08T08:39:06.467+0000] {dagbag.py:588} INFO - Filling up the DagBag from /root/miniconda3/envs/project/lib/python3.8/site-packages/airflow/example_dags/plugins/workday.py
[2024-10-08T08:39:06.474+0000] {processor.py:927} WARNING - No viable dags retrieved from /root/miniconda3/envs/project/lib/python3.8/site-packages/airflow/example_dags/plugins/workday.py
[2024-10-08T08:39:06.492+0000] {processor.py:208} INFO - Processing /root/miniconda3/envs/project/lib/python3.8/site-packages/airflow/example_dags/plugins/workday.py took 0.044 seconds
[2024-10-08T08:39:43.971+0000] {processor.py:186} INFO - Started process (PID=215724) to work on /root/miniconda3/envs/project/lib/python3.8/site-packages/airflow/example_dags/plugins/workday.py
[2024-10-08T08:39:43.974+0000] {processor.py:914} INFO - Processing file /root/miniconda3/envs/project/lib/python3.8/site-packages/airflow/example_dags/plugins/workday.py for tasks to queue
[2024-10-08T08:39:43.977+0000] {logging_mixin.py:190} INFO - [2024-10-08T08:39:43.977+0000] {dagbag.py:588} INFO - Filling up the DagBag from /root/miniconda3/envs/project/lib/python3.8/site-packages/airflow/example_dags/plugins/workday.py
[2024-10-08T08:39:43.981+0000] {processor.py:927} WARNING - No viable dags retrieved from /root/miniconda3/envs/project/lib/python3.8/site-packages/airflow/example_dags/plugins/workday.py
[2024-10-08T08:39:43.998+0000] {processor.py:208} INFO - Processing /root/miniconda3/envs/project/lib/python3.8/site-packages/airflow/example_dags/plugins/workday.py took 0.038 seconds
[2024-10-08T08:40:52.652+0000] {processor.py:186} INFO - Started process (PID=216068) to work on /root/miniconda3/envs/project/lib/python3.8/site-packages/airflow/example_dags/plugins/workday.py
[2024-10-08T08:40:52.655+0000] {processor.py:914} INFO - Processing file /root/miniconda3/envs/project/lib/python3.8/site-packages/airflow/example_dags/plugins/workday.py for tasks to queue
[2024-10-08T08:40:52.659+0000] {logging_mixin.py:190} INFO - [2024-10-08T08:40:52.658+0000] {dagbag.py:588} INFO - Filling up the DagBag from /root/miniconda3/envs/project/lib/python3.8/site-packages/airflow/example_dags/plugins/workday.py
[2024-10-08T08:40:52.664+0000] {processor.py:927} WARNING - No viable dags retrieved from /root/miniconda3/envs/project/lib/python3.8/site-packages/airflow/example_dags/plugins/workday.py
[2024-10-08T08:40:52.690+0000] {processor.py:208} INFO - Processing /root/miniconda3/envs/project/lib/python3.8/site-packages/airflow/example_dags/plugins/workday.py took 0.049 seconds
[2024-10-08T08:41:59.659+0000] {processor.py:186} INFO - Started process (PID=216529) to work on /root/miniconda3/envs/project/lib/python3.8/site-packages/airflow/example_dags/plugins/workday.py
[2024-10-08T08:41:59.663+0000] {processor.py:914} INFO - Processing file /root/miniconda3/envs/project/lib/python3.8/site-packages/airflow/example_dags/plugins/workday.py for tasks to queue
[2024-10-08T08:41:59.666+0000] {logging_mixin.py:190} INFO - [2024-10-08T08:41:59.665+0000] {dagbag.py:588} INFO - Filling up the DagBag from /root/miniconda3/envs/project/lib/python3.8/site-packages/airflow/example_dags/plugins/workday.py
[2024-10-08T08:41:59.670+0000] {processor.py:927} WARNING - No viable dags retrieved from /root/miniconda3/envs/project/lib/python3.8/site-packages/airflow/example_dags/plugins/workday.py
[2024-10-08T08:41:59.687+0000] {processor.py:208} INFO - Processing /root/miniconda3/envs/project/lib/python3.8/site-packages/airflow/example_dags/plugins/workday.py took 0.040 seconds
[2024-10-08T08:43:06.466+0000] {processor.py:186} INFO - Started process (PID=216748) to work on /root/miniconda3/envs/project/lib/python3.8/site-packages/airflow/example_dags/plugins/workday.py
[2024-10-08T08:43:06.469+0000] {processor.py:914} INFO - Processing file /root/miniconda3/envs/project/lib/python3.8/site-packages/airflow/example_dags/plugins/workday.py for tasks to queue
[2024-10-08T08:43:06.472+0000] {logging_mixin.py:190} INFO - [2024-10-08T08:43:06.471+0000] {dagbag.py:588} INFO - Filling up the DagBag from /root/miniconda3/envs/project/lib/python3.8/site-packages/airflow/example_dags/plugins/workday.py
[2024-10-08T08:43:06.476+0000] {processor.py:927} WARNING - No viable dags retrieved from /root/miniconda3/envs/project/lib/python3.8/site-packages/airflow/example_dags/plugins/workday.py
[2024-10-08T08:43:06.492+0000] {processor.py:208} INFO - Processing /root/miniconda3/envs/project/lib/python3.8/site-packages/airflow/example_dags/plugins/workday.py took 0.038 seconds
[2024-10-08T08:44:14.158+0000] {processor.py:186} INFO - Started process (PID=216966) to work on /root/miniconda3/envs/project/lib/python3.8/site-packages/airflow/example_dags/plugins/workday.py
[2024-10-08T08:44:14.161+0000] {processor.py:914} INFO - Processing file /root/miniconda3/envs/project/lib/python3.8/site-packages/airflow/example_dags/plugins/workday.py for tasks to queue
[2024-10-08T08:44:14.164+0000] {logging_mixin.py:190} INFO - [2024-10-08T08:44:14.163+0000] {dagbag.py:588} INFO - Filling up the DagBag from /root/miniconda3/envs/project/lib/python3.8/site-packages/airflow/example_dags/plugins/workday.py
[2024-10-08T08:44:14.167+0000] {processor.py:927} WARNING - No viable dags retrieved from /root/miniconda3/envs/project/lib/python3.8/site-packages/airflow/example_dags/plugins/workday.py
[2024-10-08T08:44:14.184+0000] {processor.py:208} INFO - Processing /root/miniconda3/envs/project/lib/python3.8/site-packages/airflow/example_dags/plugins/workday.py took 0.037 seconds
[2024-10-08T08:44:51.212+0000] {processor.py:186} INFO - Started process (PID=217112) to work on /root/miniconda3/envs/project/lib/python3.8/site-packages/airflow/example_dags/plugins/workday.py
[2024-10-08T08:44:51.215+0000] {processor.py:914} INFO - Processing file /root/miniconda3/envs/project/lib/python3.8/site-packages/airflow/example_dags/plugins/workday.py for tasks to queue
[2024-10-08T08:44:51.218+0000] {logging_mixin.py:190} INFO - [2024-10-08T08:44:51.217+0000] {dagbag.py:588} INFO - Filling up the DagBag from /root/miniconda3/envs/project/lib/python3.8/site-packages/airflow/example_dags/plugins/workday.py
[2024-10-08T08:44:51.222+0000] {processor.py:927} WARNING - No viable dags retrieved from /root/miniconda3/envs/project/lib/python3.8/site-packages/airflow/example_dags/plugins/workday.py
[2024-10-08T08:44:51.239+0000] {processor.py:208} INFO - Processing /root/miniconda3/envs/project/lib/python3.8/site-packages/airflow/example_dags/plugins/workday.py took 0.039 seconds
[2024-10-08T08:45:29.516+0000] {processor.py:186} INFO - Started process (PID=217197) to work on /root/miniconda3/envs/project/lib/python3.8/site-packages/airflow/example_dags/plugins/workday.py
[2024-10-08T08:45:29.519+0000] {processor.py:914} INFO - Processing file /root/miniconda3/envs/project/lib/python3.8/site-packages/airflow/example_dags/plugins/workday.py for tasks to queue
[2024-10-08T08:45:29.523+0000] {logging_mixin.py:190} INFO - [2024-10-08T08:45:29.522+0000] {dagbag.py:588} INFO - Filling up the DagBag from /root/miniconda3/envs/project/lib/python3.8/site-packages/airflow/example_dags/plugins/workday.py
[2024-10-08T08:45:29.528+0000] {processor.py:927} WARNING - No viable dags retrieved from /root/miniconda3/envs/project/lib/python3.8/site-packages/airflow/example_dags/plugins/workday.py
[2024-10-08T08:45:29.544+0000] {processor.py:208} INFO - Processing /root/miniconda3/envs/project/lib/python3.8/site-packages/airflow/example_dags/plugins/workday.py took 0.038 seconds
[2024-10-08T08:46:06.421+0000] {processor.py:186} INFO - Started process (PID=217344) to work on /root/miniconda3/envs/project/lib/python3.8/site-packages/airflow/example_dags/plugins/workday.py
[2024-10-08T08:46:06.424+0000] {processor.py:914} INFO - Processing file /root/miniconda3/envs/project/lib/python3.8/site-packages/airflow/example_dags/plugins/workday.py for tasks to queue
[2024-10-08T08:46:06.427+0000] {logging_mixin.py:190} INFO - [2024-10-08T08:46:06.426+0000] {dagbag.py:588} INFO - Filling up the DagBag from /root/miniconda3/envs/project/lib/python3.8/site-packages/airflow/example_dags/plugins/workday.py
[2024-10-08T08:46:06.430+0000] {processor.py:927} WARNING - No viable dags retrieved from /root/miniconda3/envs/project/lib/python3.8/site-packages/airflow/example_dags/plugins/workday.py
[2024-10-08T08:46:06.447+0000] {processor.py:208} INFO - Processing /root/miniconda3/envs/project/lib/python3.8/site-packages/airflow/example_dags/plugins/workday.py took 0.037 seconds
[2024-10-08T08:47:17.932+0000] {processor.py:186} INFO - Started process (PID=217731) to work on /root/miniconda3/envs/project/lib/python3.8/site-packages/airflow/example_dags/plugins/workday.py
[2024-10-08T08:47:17.935+0000] {processor.py:914} INFO - Processing file /root/miniconda3/envs/project/lib/python3.8/site-packages/airflow/example_dags/plugins/workday.py for tasks to queue
[2024-10-08T08:47:17.938+0000] {logging_mixin.py:190} INFO - [2024-10-08T08:47:17.938+0000] {dagbag.py:588} INFO - Filling up the DagBag from /root/miniconda3/envs/project/lib/python3.8/site-packages/airflow/example_dags/plugins/workday.py
[2024-10-08T08:47:17.942+0000] {processor.py:927} WARNING - No viable dags retrieved from /root/miniconda3/envs/project/lib/python3.8/site-packages/airflow/example_dags/plugins/workday.py
[2024-10-08T08:47:17.958+0000] {processor.py:208} INFO - Processing /root/miniconda3/envs/project/lib/python3.8/site-packages/airflow/example_dags/plugins/workday.py took 0.037 seconds
[2024-10-08T08:48:30.132+0000] {processor.py:186} INFO - Started process (PID=217993) to work on /root/miniconda3/envs/project/lib/python3.8/site-packages/airflow/example_dags/plugins/workday.py
[2024-10-08T08:48:30.135+0000] {processor.py:914} INFO - Processing file /root/miniconda3/envs/project/lib/python3.8/site-packages/airflow/example_dags/plugins/workday.py for tasks to queue
[2024-10-08T08:48:30.138+0000] {logging_mixin.py:190} INFO - [2024-10-08T08:48:30.138+0000] {dagbag.py:588} INFO - Filling up the DagBag from /root/miniconda3/envs/project/lib/python3.8/site-packages/airflow/example_dags/plugins/workday.py
[2024-10-08T08:48:30.142+0000] {processor.py:927} WARNING - No viable dags retrieved from /root/miniconda3/envs/project/lib/python3.8/site-packages/airflow/example_dags/plugins/workday.py
[2024-10-08T08:48:30.159+0000] {processor.py:208} INFO - Processing /root/miniconda3/envs/project/lib/python3.8/site-packages/airflow/example_dags/plugins/workday.py took 0.036 seconds
[2024-10-08T08:49:39.565+0000] {processor.py:186} INFO - Started process (PID=218272) to work on /root/miniconda3/envs/project/lib/python3.8/site-packages/airflow/example_dags/plugins/workday.py
[2024-10-08T08:49:39.568+0000] {processor.py:914} INFO - Processing file /root/miniconda3/envs/project/lib/python3.8/site-packages/airflow/example_dags/plugins/workday.py for tasks to queue
[2024-10-08T08:49:39.571+0000] {logging_mixin.py:190} INFO - [2024-10-08T08:49:39.571+0000] {dagbag.py:588} INFO - Filling up the DagBag from /root/miniconda3/envs/project/lib/python3.8/site-packages/airflow/example_dags/plugins/workday.py
[2024-10-08T08:49:39.575+0000] {processor.py:927} WARNING - No viable dags retrieved from /root/miniconda3/envs/project/lib/python3.8/site-packages/airflow/example_dags/plugins/workday.py
[2024-10-08T08:49:39.592+0000] {processor.py:208} INFO - Processing /root/miniconda3/envs/project/lib/python3.8/site-packages/airflow/example_dags/plugins/workday.py took 0.038 seconds
[2024-10-08T08:50:15.951+0000] {processor.py:186} INFO - Started process (PID=218359) to work on /root/miniconda3/envs/project/lib/python3.8/site-packages/airflow/example_dags/plugins/workday.py
[2024-10-08T08:50:15.953+0000] {processor.py:914} INFO - Processing file /root/miniconda3/envs/project/lib/python3.8/site-packages/airflow/example_dags/plugins/workday.py for tasks to queue
[2024-10-08T08:50:15.956+0000] {logging_mixin.py:190} INFO - [2024-10-08T08:50:15.956+0000] {dagbag.py:588} INFO - Filling up the DagBag from /root/miniconda3/envs/project/lib/python3.8/site-packages/airflow/example_dags/plugins/workday.py
[2024-10-08T08:50:15.960+0000] {processor.py:927} WARNING - No viable dags retrieved from /root/miniconda3/envs/project/lib/python3.8/site-packages/airflow/example_dags/plugins/workday.py
[2024-10-08T08:50:15.977+0000] {processor.py:208} INFO - Processing /root/miniconda3/envs/project/lib/python3.8/site-packages/airflow/example_dags/plugins/workday.py took 0.039 seconds
[2024-10-08T09:03:13.024+0000] {processor.py:186} INFO - Started process (PID=219376) to work on /root/miniconda3/envs/project/lib/python3.8/site-packages/airflow/example_dags/plugins/workday.py
[2024-10-08T09:03:13.027+0000] {processor.py:914} INFO - Processing file /root/miniconda3/envs/project/lib/python3.8/site-packages/airflow/example_dags/plugins/workday.py for tasks to queue
[2024-10-08T09:03:13.031+0000] {logging_mixin.py:190} INFO - [2024-10-08T09:03:13.030+0000] {dagbag.py:588} INFO - Filling up the DagBag from /root/miniconda3/envs/project/lib/python3.8/site-packages/airflow/example_dags/plugins/workday.py
[2024-10-08T09:03:13.034+0000] {processor.py:927} WARNING - No viable dags retrieved from /root/miniconda3/envs/project/lib/python3.8/site-packages/airflow/example_dags/plugins/workday.py
[2024-10-08T09:03:13.051+0000] {processor.py:208} INFO - Processing /root/miniconda3/envs/project/lib/python3.8/site-packages/airflow/example_dags/plugins/workday.py took 0.037 seconds
[2024-10-08T09:04:53.799+0000] {processor.py:186} INFO - Started process (PID=219930) to work on /root/miniconda3/envs/project/lib/python3.8/site-packages/airflow/example_dags/plugins/workday.py
[2024-10-08T09:04:53.803+0000] {processor.py:914} INFO - Processing file /root/miniconda3/envs/project/lib/python3.8/site-packages/airflow/example_dags/plugins/workday.py for tasks to queue
[2024-10-08T09:04:53.807+0000] {logging_mixin.py:190} INFO - [2024-10-08T09:04:53.806+0000] {dagbag.py:588} INFO - Filling up the DagBag from /root/miniconda3/envs/project/lib/python3.8/site-packages/airflow/example_dags/plugins/workday.py
[2024-10-08T09:04:53.811+0000] {processor.py:927} WARNING - No viable dags retrieved from /root/miniconda3/envs/project/lib/python3.8/site-packages/airflow/example_dags/plugins/workday.py
[2024-10-08T09:04:53.830+0000] {processor.py:208} INFO - Processing /root/miniconda3/envs/project/lib/python3.8/site-packages/airflow/example_dags/plugins/workday.py took 0.044 seconds
[2024-10-08T09:08:26.199+0000] {processor.py:186} INFO - Started process (PID=220717) to work on /root/miniconda3/envs/project/lib/python3.8/site-packages/airflow/example_dags/plugins/workday.py
[2024-10-08T09:08:26.203+0000] {processor.py:914} INFO - Processing file /root/miniconda3/envs/project/lib/python3.8/site-packages/airflow/example_dags/plugins/workday.py for tasks to queue
[2024-10-08T09:08:26.206+0000] {logging_mixin.py:190} INFO - [2024-10-08T09:08:26.205+0000] {dagbag.py:588} INFO - Filling up the DagBag from /root/miniconda3/envs/project/lib/python3.8/site-packages/airflow/example_dags/plugins/workday.py
[2024-10-08T09:08:26.210+0000] {processor.py:927} WARNING - No viable dags retrieved from /root/miniconda3/envs/project/lib/python3.8/site-packages/airflow/example_dags/plugins/workday.py
[2024-10-08T09:08:26.226+0000] {processor.py:208} INFO - Processing /root/miniconda3/envs/project/lib/python3.8/site-packages/airflow/example_dags/plugins/workday.py took 0.037 seconds
[2024-10-08T09:09:33.213+0000] {processor.py:186} INFO - Started process (PID=220958) to work on /root/miniconda3/envs/project/lib/python3.8/site-packages/airflow/example_dags/plugins/workday.py
[2024-10-08T09:09:33.216+0000] {processor.py:914} INFO - Processing file /root/miniconda3/envs/project/lib/python3.8/site-packages/airflow/example_dags/plugins/workday.py for tasks to queue
[2024-10-08T09:09:33.221+0000] {logging_mixin.py:190} INFO - [2024-10-08T09:09:33.220+0000] {dagbag.py:588} INFO - Filling up the DagBag from /root/miniconda3/envs/project/lib/python3.8/site-packages/airflow/example_dags/plugins/workday.py
[2024-10-08T09:09:33.226+0000] {processor.py:927} WARNING - No viable dags retrieved from /root/miniconda3/envs/project/lib/python3.8/site-packages/airflow/example_dags/plugins/workday.py
[2024-10-08T09:09:33.242+0000] {processor.py:208} INFO - Processing /root/miniconda3/envs/project/lib/python3.8/site-packages/airflow/example_dags/plugins/workday.py took 0.044 seconds
[2024-10-08T09:09:54.526+0000] {processor.py:186} INFO - Started process (PID=221203) to work on /root/miniconda3/envs/project/lib/python3.8/site-packages/airflow/example_dags/plugins/workday.py
[2024-10-08T09:09:54.528+0000] {processor.py:914} INFO - Processing file /root/miniconda3/envs/project/lib/python3.8/site-packages/airflow/example_dags/plugins/workday.py for tasks to queue
[2024-10-08T09:09:54.531+0000] {logging_mixin.py:190} INFO - [2024-10-08T09:09:54.531+0000] {dagbag.py:588} INFO - Filling up the DagBag from /root/miniconda3/envs/project/lib/python3.8/site-packages/airflow/example_dags/plugins/workday.py
[2024-10-08T09:09:54.536+0000] {processor.py:927} WARNING - No viable dags retrieved from /root/miniconda3/envs/project/lib/python3.8/site-packages/airflow/example_dags/plugins/workday.py
[2024-10-08T09:09:54.552+0000] {processor.py:208} INFO - Processing /root/miniconda3/envs/project/lib/python3.8/site-packages/airflow/example_dags/plugins/workday.py took 0.036 seconds
[2024-10-08T09:11:04.350+0000] {processor.py:186} INFO - Started process (PID=221681) to work on /root/miniconda3/envs/project/lib/python3.8/site-packages/airflow/example_dags/plugins/workday.py
[2024-10-08T09:11:04.353+0000] {processor.py:914} INFO - Processing file /root/miniconda3/envs/project/lib/python3.8/site-packages/airflow/example_dags/plugins/workday.py for tasks to queue
[2024-10-08T09:11:04.356+0000] {logging_mixin.py:190} INFO - [2024-10-08T09:11:04.356+0000] {dagbag.py:588} INFO - Filling up the DagBag from /root/miniconda3/envs/project/lib/python3.8/site-packages/airflow/example_dags/plugins/workday.py
[2024-10-08T09:11:04.360+0000] {processor.py:927} WARNING - No viable dags retrieved from /root/miniconda3/envs/project/lib/python3.8/site-packages/airflow/example_dags/plugins/workday.py
[2024-10-08T09:11:04.377+0000] {processor.py:208} INFO - Processing /root/miniconda3/envs/project/lib/python3.8/site-packages/airflow/example_dags/plugins/workday.py took 0.037 seconds
[2024-10-08T09:12:06.266+0000] {processor.py:186} INFO - Started process (PID=222003) to work on /root/miniconda3/envs/project/lib/python3.8/site-packages/airflow/example_dags/plugins/workday.py
[2024-10-08T09:12:06.269+0000] {processor.py:914} INFO - Processing file /root/miniconda3/envs/project/lib/python3.8/site-packages/airflow/example_dags/plugins/workday.py for tasks to queue
[2024-10-08T09:12:06.273+0000] {logging_mixin.py:190} INFO - [2024-10-08T09:12:06.272+0000] {dagbag.py:588} INFO - Filling up the DagBag from /root/miniconda3/envs/project/lib/python3.8/site-packages/airflow/example_dags/plugins/workday.py
[2024-10-08T09:12:06.277+0000] {processor.py:927} WARNING - No viable dags retrieved from /root/miniconda3/envs/project/lib/python3.8/site-packages/airflow/example_dags/plugins/workday.py
[2024-10-08T09:12:06.294+0000] {processor.py:208} INFO - Processing /root/miniconda3/envs/project/lib/python3.8/site-packages/airflow/example_dags/plugins/workday.py took 0.039 seconds
[2024-10-08T09:13:13.765+0000] {processor.py:186} INFO - Started process (PID=222227) to work on /root/miniconda3/envs/project/lib/python3.8/site-packages/airflow/example_dags/plugins/workday.py
[2024-10-08T09:13:13.768+0000] {processor.py:914} INFO - Processing file /root/miniconda3/envs/project/lib/python3.8/site-packages/airflow/example_dags/plugins/workday.py for tasks to queue
[2024-10-08T09:13:13.771+0000] {logging_mixin.py:190} INFO - [2024-10-08T09:13:13.771+0000] {dagbag.py:588} INFO - Filling up the DagBag from /root/miniconda3/envs/project/lib/python3.8/site-packages/airflow/example_dags/plugins/workday.py
[2024-10-08T09:13:13.775+0000] {processor.py:927} WARNING - No viable dags retrieved from /root/miniconda3/envs/project/lib/python3.8/site-packages/airflow/example_dags/plugins/workday.py
[2024-10-08T09:13:13.791+0000] {processor.py:208} INFO - Processing /root/miniconda3/envs/project/lib/python3.8/site-packages/airflow/example_dags/plugins/workday.py took 0.038 seconds
[2024-10-08T09:13:49.275+0000] {processor.py:186} INFO - Started process (PID=222494) to work on /root/miniconda3/envs/project/lib/python3.8/site-packages/airflow/example_dags/plugins/workday.py
[2024-10-08T09:13:49.278+0000] {processor.py:914} INFO - Processing file /root/miniconda3/envs/project/lib/python3.8/site-packages/airflow/example_dags/plugins/workday.py for tasks to queue
[2024-10-08T09:13:49.282+0000] {logging_mixin.py:190} INFO - [2024-10-08T09:13:49.281+0000] {dagbag.py:588} INFO - Filling up the DagBag from /root/miniconda3/envs/project/lib/python3.8/site-packages/airflow/example_dags/plugins/workday.py
[2024-10-08T09:13:49.286+0000] {processor.py:927} WARNING - No viable dags retrieved from /root/miniconda3/envs/project/lib/python3.8/site-packages/airflow/example_dags/plugins/workday.py
[2024-10-08T09:13:49.302+0000] {processor.py:208} INFO - Processing /root/miniconda3/envs/project/lib/python3.8/site-packages/airflow/example_dags/plugins/workday.py took 0.040 seconds
[2024-10-08T09:14:51.426+0000] {processor.py:186} INFO - Started process (PID=222757) to work on /root/miniconda3/envs/project/lib/python3.8/site-packages/airflow/example_dags/plugins/workday.py
[2024-10-08T09:14:51.429+0000] {processor.py:914} INFO - Processing file /root/miniconda3/envs/project/lib/python3.8/site-packages/airflow/example_dags/plugins/workday.py for tasks to queue
[2024-10-08T09:14:51.432+0000] {logging_mixin.py:190} INFO - [2024-10-08T09:14:51.431+0000] {dagbag.py:588} INFO - Filling up the DagBag from /root/miniconda3/envs/project/lib/python3.8/site-packages/airflow/example_dags/plugins/workday.py
[2024-10-08T09:14:51.436+0000] {processor.py:927} WARNING - No viable dags retrieved from /root/miniconda3/envs/project/lib/python3.8/site-packages/airflow/example_dags/plugins/workday.py
[2024-10-08T09:14:51.452+0000] {processor.py:208} INFO - Processing /root/miniconda3/envs/project/lib/python3.8/site-packages/airflow/example_dags/plugins/workday.py took 0.039 seconds
[2024-10-08T09:15:29.491+0000] {processor.py:186} INFO - Started process (PID=222843) to work on /root/miniconda3/envs/project/lib/python3.8/site-packages/airflow/example_dags/plugins/workday.py
[2024-10-08T09:15:29.494+0000] {processor.py:914} INFO - Processing file /root/miniconda3/envs/project/lib/python3.8/site-packages/airflow/example_dags/plugins/workday.py for tasks to queue
[2024-10-08T09:15:29.497+0000] {logging_mixin.py:190} INFO - [2024-10-08T09:15:29.497+0000] {dagbag.py:588} INFO - Filling up the DagBag from /root/miniconda3/envs/project/lib/python3.8/site-packages/airflow/example_dags/plugins/workday.py
[2024-10-08T09:15:29.501+0000] {processor.py:927} WARNING - No viable dags retrieved from /root/miniconda3/envs/project/lib/python3.8/site-packages/airflow/example_dags/plugins/workday.py
[2024-10-08T09:15:29.518+0000] {processor.py:208} INFO - Processing /root/miniconda3/envs/project/lib/python3.8/site-packages/airflow/example_dags/plugins/workday.py took 0.038 seconds
[2024-10-08T09:16:08.131+0000] {processor.py:186} INFO - Started process (PID=222994) to work on /root/miniconda3/envs/project/lib/python3.8/site-packages/airflow/example_dags/plugins/workday.py
[2024-10-08T09:16:08.134+0000] {processor.py:914} INFO - Processing file /root/miniconda3/envs/project/lib/python3.8/site-packages/airflow/example_dags/plugins/workday.py for tasks to queue
[2024-10-08T09:16:08.138+0000] {logging_mixin.py:190} INFO - [2024-10-08T09:16:08.137+0000] {dagbag.py:588} INFO - Filling up the DagBag from /root/miniconda3/envs/project/lib/python3.8/site-packages/airflow/example_dags/plugins/workday.py
[2024-10-08T09:16:08.142+0000] {processor.py:927} WARNING - No viable dags retrieved from /root/miniconda3/envs/project/lib/python3.8/site-packages/airflow/example_dags/plugins/workday.py
[2024-10-08T09:16:08.159+0000] {processor.py:208} INFO - Processing /root/miniconda3/envs/project/lib/python3.8/site-packages/airflow/example_dags/plugins/workday.py took 0.041 seconds
[2024-10-08T09:17:18.143+0000] {processor.py:186} INFO - Started process (PID=223226) to work on /root/miniconda3/envs/project/lib/python3.8/site-packages/airflow/example_dags/plugins/workday.py
[2024-10-08T09:17:18.147+0000] {processor.py:914} INFO - Processing file /root/miniconda3/envs/project/lib/python3.8/site-packages/airflow/example_dags/plugins/workday.py for tasks to queue
[2024-10-08T09:17:18.150+0000] {logging_mixin.py:190} INFO - [2024-10-08T09:17:18.149+0000] {dagbag.py:588} INFO - Filling up the DagBag from /root/miniconda3/envs/project/lib/python3.8/site-packages/airflow/example_dags/plugins/workday.py
[2024-10-08T09:17:18.154+0000] {processor.py:927} WARNING - No viable dags retrieved from /root/miniconda3/envs/project/lib/python3.8/site-packages/airflow/example_dags/plugins/workday.py
[2024-10-08T09:17:18.170+0000] {processor.py:208} INFO - Processing /root/miniconda3/envs/project/lib/python3.8/site-packages/airflow/example_dags/plugins/workday.py took 0.037 seconds
[2024-10-08T09:18:26.191+0000] {processor.py:186} INFO - Started process (PID=223450) to work on /root/miniconda3/envs/project/lib/python3.8/site-packages/airflow/example_dags/plugins/workday.py
[2024-10-08T09:18:26.194+0000] {processor.py:914} INFO - Processing file /root/miniconda3/envs/project/lib/python3.8/site-packages/airflow/example_dags/plugins/workday.py for tasks to queue
[2024-10-08T09:18:26.197+0000] {logging_mixin.py:190} INFO - [2024-10-08T09:18:26.196+0000] {dagbag.py:588} INFO - Filling up the DagBag from /root/miniconda3/envs/project/lib/python3.8/site-packages/airflow/example_dags/plugins/workday.py
[2024-10-08T09:18:26.201+0000] {processor.py:927} WARNING - No viable dags retrieved from /root/miniconda3/envs/project/lib/python3.8/site-packages/airflow/example_dags/plugins/workday.py
[2024-10-08T09:18:26.217+0000] {processor.py:208} INFO - Processing /root/miniconda3/envs/project/lib/python3.8/site-packages/airflow/example_dags/plugins/workday.py took 0.038 seconds
[2024-10-08T09:19:05.079+0000] {processor.py:186} INFO - Started process (PID=223600) to work on /root/miniconda3/envs/project/lib/python3.8/site-packages/airflow/example_dags/plugins/workday.py
[2024-10-08T09:19:05.082+0000] {processor.py:914} INFO - Processing file /root/miniconda3/envs/project/lib/python3.8/site-packages/airflow/example_dags/plugins/workday.py for tasks to queue
[2024-10-08T09:19:05.086+0000] {logging_mixin.py:190} INFO - [2024-10-08T09:19:05.085+0000] {dagbag.py:588} INFO - Filling up the DagBag from /root/miniconda3/envs/project/lib/python3.8/site-packages/airflow/example_dags/plugins/workday.py
[2024-10-08T09:19:05.089+0000] {processor.py:927} WARNING - No viable dags retrieved from /root/miniconda3/envs/project/lib/python3.8/site-packages/airflow/example_dags/plugins/workday.py
[2024-10-08T09:19:05.105+0000] {processor.py:208} INFO - Processing /root/miniconda3/envs/project/lib/python3.8/site-packages/airflow/example_dags/plugins/workday.py took 0.037 seconds
[2024-10-08T09:19:42.222+0000] {processor.py:186} INFO - Started process (PID=223689) to work on /root/miniconda3/envs/project/lib/python3.8/site-packages/airflow/example_dags/plugins/workday.py
[2024-10-08T09:19:42.225+0000] {processor.py:914} INFO - Processing file /root/miniconda3/envs/project/lib/python3.8/site-packages/airflow/example_dags/plugins/workday.py for tasks to queue
[2024-10-08T09:19:42.229+0000] {logging_mixin.py:190} INFO - [2024-10-08T09:19:42.228+0000] {dagbag.py:588} INFO - Filling up the DagBag from /root/miniconda3/envs/project/lib/python3.8/site-packages/airflow/example_dags/plugins/workday.py
[2024-10-08T09:19:42.233+0000] {processor.py:927} WARNING - No viable dags retrieved from /root/miniconda3/envs/project/lib/python3.8/site-packages/airflow/example_dags/plugins/workday.py
[2024-10-08T09:19:42.251+0000] {processor.py:208} INFO - Processing /root/miniconda3/envs/project/lib/python3.8/site-packages/airflow/example_dags/plugins/workday.py took 0.042 seconds
[2024-10-08T09:20:50.525+0000] {processor.py:186} INFO - Started process (PID=224035) to work on /root/miniconda3/envs/project/lib/python3.8/site-packages/airflow/example_dags/plugins/workday.py
[2024-10-08T09:20:50.529+0000] {processor.py:914} INFO - Processing file /root/miniconda3/envs/project/lib/python3.8/site-packages/airflow/example_dags/plugins/workday.py for tasks to queue
[2024-10-08T09:20:50.534+0000] {logging_mixin.py:190} INFO - [2024-10-08T09:20:50.533+0000] {dagbag.py:588} INFO - Filling up the DagBag from /root/miniconda3/envs/project/lib/python3.8/site-packages/airflow/example_dags/plugins/workday.py
[2024-10-08T09:20:50.540+0000] {processor.py:927} WARNING - No viable dags retrieved from /root/miniconda3/envs/project/lib/python3.8/site-packages/airflow/example_dags/plugins/workday.py
[2024-10-08T09:20:50.557+0000] {processor.py:208} INFO - Processing /root/miniconda3/envs/project/lib/python3.8/site-packages/airflow/example_dags/plugins/workday.py took 0.043 seconds
[2024-10-08T09:21:30.198+0000] {processor.py:186} INFO - Started process (PID=224126) to work on /root/miniconda3/envs/project/lib/python3.8/site-packages/airflow/example_dags/plugins/workday.py
[2024-10-08T09:21:30.201+0000] {processor.py:914} INFO - Processing file /root/miniconda3/envs/project/lib/python3.8/site-packages/airflow/example_dags/plugins/workday.py for tasks to queue
[2024-10-08T09:21:30.204+0000] {logging_mixin.py:190} INFO - [2024-10-08T09:21:30.203+0000] {dagbag.py:588} INFO - Filling up the DagBag from /root/miniconda3/envs/project/lib/python3.8/site-packages/airflow/example_dags/plugins/workday.py
[2024-10-08T09:21:30.208+0000] {processor.py:927} WARNING - No viable dags retrieved from /root/miniconda3/envs/project/lib/python3.8/site-packages/airflow/example_dags/plugins/workday.py
[2024-10-08T09:21:30.224+0000] {processor.py:208} INFO - Processing /root/miniconda3/envs/project/lib/python3.8/site-packages/airflow/example_dags/plugins/workday.py took 0.038 seconds
[2024-10-08T09:22:37.404+0000] {processor.py:186} INFO - Started process (PID=224348) to work on /root/miniconda3/envs/project/lib/python3.8/site-packages/airflow/example_dags/plugins/workday.py
[2024-10-08T09:22:37.407+0000] {processor.py:914} INFO - Processing file /root/miniconda3/envs/project/lib/python3.8/site-packages/airflow/example_dags/plugins/workday.py for tasks to queue
[2024-10-08T09:22:37.412+0000] {logging_mixin.py:190} INFO - [2024-10-08T09:22:37.411+0000] {dagbag.py:588} INFO - Filling up the DagBag from /root/miniconda3/envs/project/lib/python3.8/site-packages/airflow/example_dags/plugins/workday.py
[2024-10-08T09:22:37.417+0000] {processor.py:927} WARNING - No viable dags retrieved from /root/miniconda3/envs/project/lib/python3.8/site-packages/airflow/example_dags/plugins/workday.py
[2024-10-08T09:22:37.434+0000] {processor.py:208} INFO - Processing /root/miniconda3/envs/project/lib/python3.8/site-packages/airflow/example_dags/plugins/workday.py took 0.043 seconds
[2024-10-08T09:23:47.168+0000] {processor.py:186} INFO - Started process (PID=224602) to work on /root/miniconda3/envs/project/lib/python3.8/site-packages/airflow/example_dags/plugins/workday.py
[2024-10-08T09:23:47.171+0000] {processor.py:914} INFO - Processing file /root/miniconda3/envs/project/lib/python3.8/site-packages/airflow/example_dags/plugins/workday.py for tasks to queue
[2024-10-08T09:23:47.175+0000] {logging_mixin.py:190} INFO - [2024-10-08T09:23:47.174+0000] {dagbag.py:588} INFO - Filling up the DagBag from /root/miniconda3/envs/project/lib/python3.8/site-packages/airflow/example_dags/plugins/workday.py
[2024-10-08T09:23:47.179+0000] {processor.py:927} WARNING - No viable dags retrieved from /root/miniconda3/envs/project/lib/python3.8/site-packages/airflow/example_dags/plugins/workday.py
[2024-10-08T09:23:47.196+0000] {processor.py:208} INFO - Processing /root/miniconda3/envs/project/lib/python3.8/site-packages/airflow/example_dags/plugins/workday.py took 0.039 seconds
[2024-10-08T09:24:24.734+0000] {processor.py:186} INFO - Started process (PID=224692) to work on /root/miniconda3/envs/project/lib/python3.8/site-packages/airflow/example_dags/plugins/workday.py
[2024-10-08T09:24:24.737+0000] {processor.py:914} INFO - Processing file /root/miniconda3/envs/project/lib/python3.8/site-packages/airflow/example_dags/plugins/workday.py for tasks to queue
[2024-10-08T09:24:24.740+0000] {logging_mixin.py:190} INFO - [2024-10-08T09:24:24.739+0000] {dagbag.py:588} INFO - Filling up the DagBag from /root/miniconda3/envs/project/lib/python3.8/site-packages/airflow/example_dags/plugins/workday.py
[2024-10-08T09:24:24.744+0000] {processor.py:927} WARNING - No viable dags retrieved from /root/miniconda3/envs/project/lib/python3.8/site-packages/airflow/example_dags/plugins/workday.py
[2024-10-08T09:24:24.760+0000] {processor.py:208} INFO - Processing /root/miniconda3/envs/project/lib/python3.8/site-packages/airflow/example_dags/plugins/workday.py took 0.036 seconds
[2024-10-08T09:25:33.763+0000] {processor.py:186} INFO - Started process (PID=225453) to work on /root/miniconda3/envs/project/lib/python3.8/site-packages/airflow/example_dags/plugins/workday.py
[2024-10-08T09:25:33.767+0000] {processor.py:914} INFO - Processing file /root/miniconda3/envs/project/lib/python3.8/site-packages/airflow/example_dags/plugins/workday.py for tasks to queue
[2024-10-08T09:25:33.770+0000] {logging_mixin.py:190} INFO - [2024-10-08T09:25:33.770+0000] {dagbag.py:588} INFO - Filling up the DagBag from /root/miniconda3/envs/project/lib/python3.8/site-packages/airflow/example_dags/plugins/workday.py
[2024-10-08T09:25:33.774+0000] {processor.py:927} WARNING - No viable dags retrieved from /root/miniconda3/envs/project/lib/python3.8/site-packages/airflow/example_dags/plugins/workday.py
[2024-10-08T09:25:33.792+0000] {processor.py:208} INFO - Processing /root/miniconda3/envs/project/lib/python3.8/site-packages/airflow/example_dags/plugins/workday.py took 0.040 seconds
[2024-10-08T09:26:43.928+0000] {processor.py:186} INFO - Started process (PID=225848) to work on /root/miniconda3/envs/project/lib/python3.8/site-packages/airflow/example_dags/plugins/workday.py
[2024-10-08T09:26:43.931+0000] {processor.py:914} INFO - Processing file /root/miniconda3/envs/project/lib/python3.8/site-packages/airflow/example_dags/plugins/workday.py for tasks to queue
[2024-10-08T09:26:43.935+0000] {logging_mixin.py:190} INFO - [2024-10-08T09:26:43.934+0000] {dagbag.py:588} INFO - Filling up the DagBag from /root/miniconda3/envs/project/lib/python3.8/site-packages/airflow/example_dags/plugins/workday.py
[2024-10-08T09:26:43.939+0000] {processor.py:927} WARNING - No viable dags retrieved from /root/miniconda3/envs/project/lib/python3.8/site-packages/airflow/example_dags/plugins/workday.py
[2024-10-08T09:26:43.956+0000] {processor.py:208} INFO - Processing /root/miniconda3/envs/project/lib/python3.8/site-packages/airflow/example_dags/plugins/workday.py took 0.041 seconds
[2024-10-08T09:27:20.436+0000] {processor.py:186} INFO - Started process (PID=226039) to work on /root/miniconda3/envs/project/lib/python3.8/site-packages/airflow/example_dags/plugins/workday.py
[2024-10-08T09:27:20.440+0000] {processor.py:914} INFO - Processing file /root/miniconda3/envs/project/lib/python3.8/site-packages/airflow/example_dags/plugins/workday.py for tasks to queue
[2024-10-08T09:27:20.444+0000] {logging_mixin.py:190} INFO - [2024-10-08T09:27:20.443+0000] {dagbag.py:588} INFO - Filling up the DagBag from /root/miniconda3/envs/project/lib/python3.8/site-packages/airflow/example_dags/plugins/workday.py
[2024-10-08T09:27:20.448+0000] {processor.py:927} WARNING - No viable dags retrieved from /root/miniconda3/envs/project/lib/python3.8/site-packages/airflow/example_dags/plugins/workday.py
[2024-10-08T09:27:20.465+0000] {processor.py:208} INFO - Processing /root/miniconda3/envs/project/lib/python3.8/site-packages/airflow/example_dags/plugins/workday.py took 0.040 seconds
[2024-10-08T09:28:31.889+0000] {processor.py:186} INFO - Started process (PID=226543) to work on /root/miniconda3/envs/project/lib/python3.8/site-packages/airflow/example_dags/plugins/workday.py
[2024-10-08T09:28:31.892+0000] {processor.py:914} INFO - Processing file /root/miniconda3/envs/project/lib/python3.8/site-packages/airflow/example_dags/plugins/workday.py for tasks to queue
[2024-10-08T09:28:31.896+0000] {logging_mixin.py:190} INFO - [2024-10-08T09:28:31.895+0000] {dagbag.py:588} INFO - Filling up the DagBag from /root/miniconda3/envs/project/lib/python3.8/site-packages/airflow/example_dags/plugins/workday.py
[2024-10-08T09:28:31.900+0000] {processor.py:927} WARNING - No viable dags retrieved from /root/miniconda3/envs/project/lib/python3.8/site-packages/airflow/example_dags/plugins/workday.py
[2024-10-08T09:28:31.916+0000] {processor.py:208} INFO - Processing /root/miniconda3/envs/project/lib/python3.8/site-packages/airflow/example_dags/plugins/workday.py took 0.039 seconds
[2024-10-08T09:29:08.558+0000] {processor.py:186} INFO - Started process (PID=226914) to work on /root/miniconda3/envs/project/lib/python3.8/site-packages/airflow/example_dags/plugins/workday.py
[2024-10-08T09:29:08.561+0000] {processor.py:914} INFO - Processing file /root/miniconda3/envs/project/lib/python3.8/site-packages/airflow/example_dags/plugins/workday.py for tasks to queue
[2024-10-08T09:29:08.565+0000] {logging_mixin.py:190} INFO - [2024-10-08T09:29:08.564+0000] {dagbag.py:588} INFO - Filling up the DagBag from /root/miniconda3/envs/project/lib/python3.8/site-packages/airflow/example_dags/plugins/workday.py
[2024-10-08T09:29:08.568+0000] {processor.py:927} WARNING - No viable dags retrieved from /root/miniconda3/envs/project/lib/python3.8/site-packages/airflow/example_dags/plugins/workday.py
[2024-10-08T09:29:08.586+0000] {processor.py:208} INFO - Processing /root/miniconda3/envs/project/lib/python3.8/site-packages/airflow/example_dags/plugins/workday.py took 0.040 seconds
[2024-10-08T09:29:49.562+0000] {processor.py:186} INFO - Started process (PID=227226) to work on /root/miniconda3/envs/project/lib/python3.8/site-packages/airflow/example_dags/plugins/workday.py
[2024-10-08T09:29:49.565+0000] {processor.py:914} INFO - Processing file /root/miniconda3/envs/project/lib/python3.8/site-packages/airflow/example_dags/plugins/workday.py for tasks to queue
[2024-10-08T09:29:49.568+0000] {logging_mixin.py:190} INFO - [2024-10-08T09:29:49.567+0000] {dagbag.py:588} INFO - Filling up the DagBag from /root/miniconda3/envs/project/lib/python3.8/site-packages/airflow/example_dags/plugins/workday.py
[2024-10-08T09:29:49.572+0000] {processor.py:927} WARNING - No viable dags retrieved from /root/miniconda3/envs/project/lib/python3.8/site-packages/airflow/example_dags/plugins/workday.py
[2024-10-08T09:29:49.589+0000] {processor.py:208} INFO - Processing /root/miniconda3/envs/project/lib/python3.8/site-packages/airflow/example_dags/plugins/workday.py took 0.038 seconds
[2024-10-08T09:30:31.394+0000] {processor.py:186} INFO - Started process (PID=227762) to work on /root/miniconda3/envs/project/lib/python3.8/site-packages/airflow/example_dags/plugins/workday.py
[2024-10-08T09:30:31.397+0000] {processor.py:914} INFO - Processing file /root/miniconda3/envs/project/lib/python3.8/site-packages/airflow/example_dags/plugins/workday.py for tasks to queue
[2024-10-08T09:30:31.400+0000] {logging_mixin.py:190} INFO - [2024-10-08T09:30:31.399+0000] {dagbag.py:588} INFO - Filling up the DagBag from /root/miniconda3/envs/project/lib/python3.8/site-packages/airflow/example_dags/plugins/workday.py
[2024-10-08T09:30:31.404+0000] {processor.py:927} WARNING - No viable dags retrieved from /root/miniconda3/envs/project/lib/python3.8/site-packages/airflow/example_dags/plugins/workday.py
[2024-10-08T09:30:31.421+0000] {processor.py:208} INFO - Processing /root/miniconda3/envs/project/lib/python3.8/site-packages/airflow/example_dags/plugins/workday.py took 0.037 seconds
[2024-10-08T09:31:14.055+0000] {processor.py:186} INFO - Started process (PID=228115) to work on /root/miniconda3/envs/project/lib/python3.8/site-packages/airflow/example_dags/plugins/workday.py
[2024-10-08T09:31:14.058+0000] {processor.py:914} INFO - Processing file /root/miniconda3/envs/project/lib/python3.8/site-packages/airflow/example_dags/plugins/workday.py for tasks to queue
[2024-10-08T09:31:14.061+0000] {logging_mixin.py:190} INFO - [2024-10-08T09:31:14.060+0000] {dagbag.py:588} INFO - Filling up the DagBag from /root/miniconda3/envs/project/lib/python3.8/site-packages/airflow/example_dags/plugins/workday.py
[2024-10-08T09:31:14.065+0000] {processor.py:927} WARNING - No viable dags retrieved from /root/miniconda3/envs/project/lib/python3.8/site-packages/airflow/example_dags/plugins/workday.py
[2024-10-08T09:31:14.080+0000] {processor.py:208} INFO - Processing /root/miniconda3/envs/project/lib/python3.8/site-packages/airflow/example_dags/plugins/workday.py took 0.035 seconds
[2024-10-08T09:32:04.163+0000] {processor.py:186} INFO - Started process (PID=228996) to work on /root/miniconda3/envs/project/lib/python3.8/site-packages/airflow/example_dags/plugins/workday.py
[2024-10-08T09:32:04.166+0000] {processor.py:914} INFO - Processing file /root/miniconda3/envs/project/lib/python3.8/site-packages/airflow/example_dags/plugins/workday.py for tasks to queue
[2024-10-08T09:32:04.170+0000] {logging_mixin.py:190} INFO - [2024-10-08T09:32:04.169+0000] {dagbag.py:588} INFO - Filling up the DagBag from /root/miniconda3/envs/project/lib/python3.8/site-packages/airflow/example_dags/plugins/workday.py
[2024-10-08T09:32:04.173+0000] {processor.py:927} WARNING - No viable dags retrieved from /root/miniconda3/envs/project/lib/python3.8/site-packages/airflow/example_dags/plugins/workday.py
[2024-10-08T09:32:04.190+0000] {processor.py:208} INFO - Processing /root/miniconda3/envs/project/lib/python3.8/site-packages/airflow/example_dags/plugins/workday.py took 0.036 seconds
[2024-10-08T09:32:41.322+0000] {processor.py:186} INFO - Started process (PID=229092) to work on /root/miniconda3/envs/project/lib/python3.8/site-packages/airflow/example_dags/plugins/workday.py
[2024-10-08T09:32:41.326+0000] {processor.py:914} INFO - Processing file /root/miniconda3/envs/project/lib/python3.8/site-packages/airflow/example_dags/plugins/workday.py for tasks to queue
[2024-10-08T09:32:41.330+0000] {logging_mixin.py:190} INFO - [2024-10-08T09:32:41.329+0000] {dagbag.py:588} INFO - Filling up the DagBag from /root/miniconda3/envs/project/lib/python3.8/site-packages/airflow/example_dags/plugins/workday.py
[2024-10-08T09:32:41.333+0000] {processor.py:927} WARNING - No viable dags retrieved from /root/miniconda3/envs/project/lib/python3.8/site-packages/airflow/example_dags/plugins/workday.py
[2024-10-08T09:32:41.350+0000] {processor.py:208} INFO - Processing /root/miniconda3/envs/project/lib/python3.8/site-packages/airflow/example_dags/plugins/workday.py took 0.043 seconds
