[2024-10-22T04:02:48.803+0000] {local_task_job_runner.py:123} INFO - ::group::Pre task execution logs
[2024-10-22T04:02:48.813+0000] {taskinstance.py:2612} INFO - Dependencies all met for dep_context=non-requeueable deps ti=<TaskInstance: auto_training_crawling_data_okx.training_model manual__2024-10-22T04:02:22.631832+00:00 [queued]>
[2024-10-22T04:02:48.820+0000] {taskinstance.py:2612} INFO - Dependencies all met for dep_context=requeueable deps ti=<TaskInstance: auto_training_crawling_data_okx.training_model manual__2024-10-22T04:02:22.631832+00:00 [queued]>
[2024-10-22T04:02:48.820+0000] {taskinstance.py:2865} INFO - Starting attempt 1 of 2
[2024-10-22T04:02:48.839+0000] {taskinstance.py:2888} INFO - Executing <Task(PythonOperator): training_model> on 2024-10-22 04:02:22.631832+00:00
[2024-10-22T04:02:48.851+0000] {standard_task_runner.py:72} INFO - Started process 389142 to run task
[2024-10-22T04:02:48.860+0000] {standard_task_runner.py:104} INFO - Running: ['airflow', 'tasks', 'run', 'auto_training_crawling_data_okx', 'training_model', 'manual__2024-10-22T04:02:22.631832+00:00', '--job-id', '56', '--raw', '--subdir', 'DAGS_FOLDER/full_pipeline.py', '--cfg-path', '/tmp/tmpelss0gv4']
[2024-10-22T04:02:48.863+0000] {standard_task_runner.py:105} INFO - Job 56: Subtask training_model
[2024-10-22T04:02:48.913+0000] {task_command.py:467} INFO - Running <TaskInstance: auto_training_crawling_data_okx.training_model manual__2024-10-22T04:02:22.631832+00:00 [running]> on host ecs-gpu
[2024-10-22T04:02:49.005+0000] {taskinstance.py:3131} INFO - Exporting env vars: AIRFLOW_CTX_DAG_OWNER='airflow' AIRFLOW_CTX_DAG_ID='auto_training_crawling_data_okx' AIRFLOW_CTX_TASK_ID='training_model' AIRFLOW_CTX_EXECUTION_DATE='2024-10-22T04:02:22.631832+00:00' AIRFLOW_CTX_TRY_NUMBER='1' AIRFLOW_CTX_DAG_RUN_ID='manual__2024-10-22T04:02:22.631832+00:00'
[2024-10-22T04:02:49.006+0000] {taskinstance.py:731} INFO - ::endgroup::
[2024-10-22T04:02:49.025+0000] {logging_mixin.py:190} INFO - Bắt đầu training...
[2024-10-22T04:02:49.079+0000] {logging_mixin.py:190} INFO - Using device: cuda:0
[2024-10-22T04:02:49.088+0000] {logging_mixin.py:190} INFO - Train size: 129, Val size: 33, Test size: 18
[2024-10-22T04:02:49.088+0000] {logging_mixin.py:190} INFO - 
Một dòng dữ liệu mẫu:
[2024-10-22T04:02:49.091+0000] {logging_mixin.py:190} INFO - ts                   2024-10-22 04:00:00
o                               0.823661
h                               0.767184
l                               0.872961
c                               0.822046
                            ...         
momentum_pvo_hist               0.225275
momentum_kama                   0.847807
others_dr                       0.443378
others_dlr                      0.449596
others_cr                       0.822046
Name: 0, Length: 95, dtype: object
[2024-10-22T04:02:49.093+0000] {logging_mixin.py:190} INFO - Train dataset size: 128
[2024-10-22T04:02:49.093+0000] {logging_mixin.py:190} INFO - Validation dataset size: 32
[2024-10-22T04:02:49.093+0000] {logging_mixin.py:190} INFO - Test dataset size: 16
[2024-10-22T04:02:49.093+0000] {logging_mixin.py:190} INFO - Vocabulary size from data: 94
[2024-10-22T04:02:51.537+0000] {logging_mixin.py:190} INFO - Epoch 0:
[2024-10-22T04:02:51.538+0000] {logging_mixin.py:190} INFO - Loss high: 1.6199
[2024-10-22T04:02:51.539+0000] {logging_mixin.py:190} INFO - Loss low: 2.3994
[2024-10-22T04:02:51.539+0000] {logging_mixin.py:190} INFO - ACC high train: inf
[2024-10-22T04:02:51.539+0000] {logging_mixin.py:190} INFO - ACC low train: inf
[2024-10-22T04:02:51.539+0000] {logging_mixin.py:190} INFO - ------START EVAL------
[2024-10-22T04:02:51.723+0000] {logging_mixin.py:190} WARNING - /root/miniconda3/envs/project/lib/python3.8/site-packages/torch/nn/modules/loss.py:538 UserWarning: Using a target size (torch.Size([32])) that is different to the input size (torch.Size([32, 1])). This will likely lead to incorrect results due to broadcasting. Please ensure they have the same size.
[2024-10-22T04:02:51.755+0000] {logging_mixin.py:190} INFO - Epoch 0 - Validation: Loss = 0.6397, High Acc = 38.3120, Low Acc = 52.3477
[2024-10-22T04:02:51.989+0000] {logging_mixin.py:190} INFO - Saved new best model with validation loss: 0.6397
[2024-10-22T04:02:52.691+0000] {logging_mixin.py:190} INFO - Epoch 1:
[2024-10-22T04:02:52.692+0000] {logging_mixin.py:190} INFO - Loss high: 0.8234
[2024-10-22T04:02:52.692+0000] {logging_mixin.py:190} INFO - Loss low: 1.4654
[2024-10-22T04:02:52.693+0000] {logging_mixin.py:190} INFO - ACC high train: inf
[2024-10-22T04:02:52.693+0000] {logging_mixin.py:190} INFO - ACC low train: inf
[2024-10-22T04:02:52.693+0000] {logging_mixin.py:190} INFO - ------START EVAL------
[2024-10-22T04:02:52.911+0000] {logging_mixin.py:190} INFO - Epoch 1 - Validation: Loss = 0.4091, High Acc = 48.5070, Low Acc = 24.2345
[2024-10-22T04:02:53.429+0000] {logging_mixin.py:190} INFO - Saved new best model with validation loss: 0.4091
[2024-10-22T04:02:54.124+0000] {logging_mixin.py:190} INFO - Epoch 2:
[2024-10-22T04:02:54.125+0000] {logging_mixin.py:190} INFO - Loss high: 0.9667
[2024-10-22T04:02:54.126+0000] {logging_mixin.py:190} INFO - Loss low: 0.7727
[2024-10-22T04:02:54.126+0000] {logging_mixin.py:190} INFO - ACC high train: inf
[2024-10-22T04:02:54.126+0000] {logging_mixin.py:190} INFO - ACC low train: inf
[2024-10-22T04:02:54.127+0000] {logging_mixin.py:190} INFO - ------START EVAL------
[2024-10-22T04:02:54.336+0000] {logging_mixin.py:190} INFO - Epoch 2 - Validation: Loss = 0.2647, High Acc = 14.3993, Low Acc = 36.7682
[2024-10-22T04:02:54.580+0000] {logging_mixin.py:190} INFO - Saved new best model with validation loss: 0.2647
[2024-10-22T04:02:55.271+0000] {logging_mixin.py:190} INFO - Epoch 3:
[2024-10-22T04:02:55.272+0000] {logging_mixin.py:190} INFO - Loss high: 0.7207
[2024-10-22T04:02:55.272+0000] {logging_mixin.py:190} INFO - Loss low: 0.7356
[2024-10-22T04:02:55.272+0000] {logging_mixin.py:190} INFO - ACC high train: inf
[2024-10-22T04:02:55.273+0000] {logging_mixin.py:190} INFO - ACC low train: inf
[2024-10-22T04:02:55.273+0000] {logging_mixin.py:190} INFO - ------START EVAL------
[2024-10-22T04:02:55.486+0000] {logging_mixin.py:190} INFO - Epoch 3 - Validation: Loss = 0.0260, High Acc = 9.3658, Low Acc = 5.9689
[2024-10-22T04:02:55.724+0000] {logging_mixin.py:190} INFO - Saved new best model with validation loss: 0.0260
[2024-10-22T04:02:56.426+0000] {logging_mixin.py:190} INFO - Epoch 4:
[2024-10-22T04:02:56.427+0000] {logging_mixin.py:190} INFO - Loss high: 0.8586
[2024-10-22T04:02:56.427+0000] {logging_mixin.py:190} INFO - Loss low: 0.6215
[2024-10-22T04:02:56.428+0000] {logging_mixin.py:190} INFO - ACC high train: inf
[2024-10-22T04:02:56.428+0000] {logging_mixin.py:190} INFO - ACC low train: inf
[2024-10-22T04:02:56.428+0000] {logging_mixin.py:190} INFO - ------START EVAL------
[2024-10-22T04:02:56.645+0000] {logging_mixin.py:190} INFO - Epoch 4 - Validation: Loss = 0.0824, High Acc = 18.4055, Low Acc = 15.1663
[2024-10-22T04:02:57.364+0000] {logging_mixin.py:190} INFO - Epoch 5:
[2024-10-22T04:02:57.366+0000] {logging_mixin.py:190} INFO - Loss high: 0.6804
[2024-10-22T04:02:57.366+0000] {logging_mixin.py:190} INFO - Loss low: 0.7871
[2024-10-22T04:02:57.367+0000] {logging_mixin.py:190} INFO - ACC high train: inf
[2024-10-22T04:02:57.367+0000] {logging_mixin.py:190} INFO - ACC low train: inf
[2024-10-22T04:02:57.368+0000] {logging_mixin.py:190} INFO - ------START EVAL------
[2024-10-22T04:02:57.579+0000] {logging_mixin.py:190} INFO - Epoch 5 - Validation: Loss = 0.3053, High Acc = 47.4426, Low Acc = 8.7690
[2024-10-22T04:02:58.329+0000] {logging_mixin.py:190} INFO - Epoch 6:
[2024-10-22T04:02:58.331+0000] {logging_mixin.py:190} INFO - Loss high: 0.8010
[2024-10-22T04:02:58.331+0000] {logging_mixin.py:190} INFO - Loss low: 0.7645
[2024-10-22T04:02:58.332+0000] {logging_mixin.py:190} INFO - ACC high train: inf
[2024-10-22T04:02:58.332+0000] {logging_mixin.py:190} INFO - ACC low train: inf
[2024-10-22T04:02:58.332+0000] {logging_mixin.py:190} INFO - ------START EVAL------
[2024-10-22T04:02:58.548+0000] {logging_mixin.py:190} INFO - Epoch 6 - Validation: Loss = 0.3527, High Acc = 47.0396, Low Acc = 19.0402
[2024-10-22T04:02:59.288+0000] {logging_mixin.py:190} INFO - Epoch 7:
[2024-10-22T04:02:59.289+0000] {logging_mixin.py:190} INFO - Loss high: 0.5421
[2024-10-22T04:02:59.290+0000] {logging_mixin.py:190} INFO - Loss low: 0.5807
[2024-10-22T04:02:59.290+0000] {logging_mixin.py:190} INFO - ACC high train: inf
[2024-10-22T04:02:59.291+0000] {logging_mixin.py:190} INFO - ACC low train: inf
[2024-10-22T04:02:59.291+0000] {logging_mixin.py:190} INFO - ------START EVAL------
[2024-10-22T04:02:59.510+0000] {logging_mixin.py:190} INFO - Epoch 7 - Validation: Loss = 0.1586, High Acc = 28.1561, Low Acc = 16.7768
[2024-10-22T04:03:00.265+0000] {logging_mixin.py:190} INFO - Epoch 8:
[2024-10-22T04:03:00.267+0000] {logging_mixin.py:190} INFO - Loss high: 0.5990
[2024-10-22T04:03:00.268+0000] {logging_mixin.py:190} INFO - Loss low: 0.5066
[2024-10-22T04:03:00.268+0000] {logging_mixin.py:190} INFO - ACC high train: inf
[2024-10-22T04:03:00.269+0000] {logging_mixin.py:190} INFO - ACC low train: inf
[2024-10-22T04:03:00.269+0000] {logging_mixin.py:190} INFO - ------START EVAL------
[2024-10-22T04:03:00.500+0000] {logging_mixin.py:190} INFO - Epoch 8 - Validation: Loss = 0.1118, High Acc = 24.6205, Low Acc = 12.2308
[2024-10-22T04:03:01.233+0000] {logging_mixin.py:190} INFO - Epoch 9:
[2024-10-22T04:03:01.235+0000] {logging_mixin.py:190} INFO - Loss high: 0.4911
[2024-10-22T04:03:01.235+0000] {logging_mixin.py:190} INFO - Loss low: 0.5873
[2024-10-22T04:03:01.236+0000] {logging_mixin.py:190} INFO - ACC high train: inf
[2024-10-22T04:03:01.236+0000] {logging_mixin.py:190} INFO - ACC low train: inf
[2024-10-22T04:03:01.236+0000] {logging_mixin.py:190} INFO - ------START EVAL------
[2024-10-22T04:03:01.456+0000] {logging_mixin.py:190} INFO - Epoch 9 - Validation: Loss = 0.1764, High Acc = 36.4451, Low Acc = 6.0937
[2024-10-22T04:03:02.193+0000] {logging_mixin.py:190} INFO - Epoch 10:
[2024-10-22T04:03:02.194+0000] {logging_mixin.py:190} INFO - Loss high: 0.6852
[2024-10-22T04:03:02.195+0000] {logging_mixin.py:190} INFO - Loss low: 0.6262
[2024-10-22T04:03:02.195+0000] {logging_mixin.py:190} INFO - ACC high train: inf
[2024-10-22T04:03:02.195+0000] {logging_mixin.py:190} INFO - ACC low train: inf
[2024-10-22T04:03:02.195+0000] {logging_mixin.py:190} INFO - ------START EVAL------
[2024-10-22T04:03:02.413+0000] {logging_mixin.py:190} INFO - Epoch 10 - Validation: Loss = 0.1805, High Acc = 37.0385, Low Acc = 5.8255
[2024-10-22T04:03:03.171+0000] {logging_mixin.py:190} INFO - Epoch 11:
[2024-10-22T04:03:03.172+0000] {logging_mixin.py:190} INFO - Loss high: 0.5364
[2024-10-22T04:03:03.173+0000] {logging_mixin.py:190} INFO - Loss low: 0.4257
[2024-10-22T04:03:03.173+0000] {logging_mixin.py:190} INFO - ACC high train: inf
[2024-10-22T04:03:03.174+0000] {logging_mixin.py:190} INFO - ACC low train: inf
[2024-10-22T04:03:03.174+0000] {logging_mixin.py:190} INFO - ------START EVAL------
[2024-10-22T04:03:03.396+0000] {logging_mixin.py:190} INFO - Epoch 11 - Validation: Loss = 0.1512, High Acc = 31.9523, Low Acc = 9.2358
[2024-10-22T04:03:04.137+0000] {logging_mixin.py:190} INFO - Epoch 12:
[2024-10-22T04:03:04.139+0000] {logging_mixin.py:190} INFO - Loss high: 0.5226
[2024-10-22T04:03:04.139+0000] {logging_mixin.py:190} INFO - Loss low: 0.5005
[2024-10-22T04:03:04.140+0000] {logging_mixin.py:190} INFO - ACC high train: inf
[2024-10-22T04:03:04.140+0000] {logging_mixin.py:190} INFO - ACC low train: inf
[2024-10-22T04:03:04.140+0000] {logging_mixin.py:190} INFO - ------START EVAL------
[2024-10-22T04:03:04.358+0000] {logging_mixin.py:190} INFO - Epoch 12 - Validation: Loss = 0.1379, High Acc = 27.2133, Low Acc = 14.1765
[2024-10-22T04:03:05.088+0000] {logging_mixin.py:190} INFO - Epoch 13:
[2024-10-22T04:03:05.090+0000] {logging_mixin.py:190} INFO - Loss high: 0.5491
[2024-10-22T04:03:05.091+0000] {logging_mixin.py:190} INFO - Loss low: 0.4942
[2024-10-22T04:03:05.091+0000] {logging_mixin.py:190} INFO - ACC high train: inf
[2024-10-22T04:03:05.091+0000] {logging_mixin.py:190} INFO - ACC low train: inf
[2024-10-22T04:03:05.092+0000] {logging_mixin.py:190} INFO - ------START EVAL------
[2024-10-22T04:03:05.300+0000] {logging_mixin.py:190} INFO - Epoch 13 - Validation: Loss = 0.1193, High Acc = 24.2888, Low Acc = 14.2328
[2024-10-22T04:03:06.004+0000] {logging_mixin.py:190} INFO - Epoch 14:
[2024-10-22T04:03:06.005+0000] {logging_mixin.py:190} INFO - Loss high: 0.4363
[2024-10-22T04:03:06.005+0000] {logging_mixin.py:190} INFO - Loss low: 0.4230
[2024-10-22T04:03:06.006+0000] {logging_mixin.py:190} INFO - ACC high train: inf
[2024-10-22T04:03:06.006+0000] {logging_mixin.py:190} INFO - ACC low train: inf
[2024-10-22T04:03:06.006+0000] {logging_mixin.py:190} INFO - ------START EVAL------
[2024-10-22T04:03:06.223+0000] {logging_mixin.py:190} INFO - Epoch 14 - Validation: Loss = 0.1347, High Acc = 28.7957, Low Acc = 11.0935
[2024-10-22T04:03:06.950+0000] {logging_mixin.py:190} INFO - Epoch 15:
[2024-10-22T04:03:06.951+0000] {logging_mixin.py:190} INFO - Loss high: 0.4655
[2024-10-22T04:03:06.952+0000] {logging_mixin.py:190} INFO - Loss low: 0.4782
[2024-10-22T04:03:06.952+0000] {logging_mixin.py:190} INFO - ACC high train: inf
[2024-10-22T04:03:06.953+0000] {logging_mixin.py:190} INFO - ACC low train: inf
[2024-10-22T04:03:06.953+0000] {logging_mixin.py:190} INFO - ------START EVAL------
[2024-10-22T04:03:07.175+0000] {logging_mixin.py:190} INFO - Epoch 15 - Validation: Loss = 0.1706, High Acc = 35.6264, Low Acc = 6.3839
[2024-10-22T04:03:07.939+0000] {logging_mixin.py:190} INFO - Epoch 16:
[2024-10-22T04:03:07.940+0000] {logging_mixin.py:190} INFO - Loss high: 0.5250
[2024-10-22T04:03:07.940+0000] {logging_mixin.py:190} INFO - Loss low: 0.4573
[2024-10-22T04:03:07.941+0000] {logging_mixin.py:190} INFO - ACC high train: inf
[2024-10-22T04:03:07.941+0000] {logging_mixin.py:190} INFO - ACC low train: inf
[2024-10-22T04:03:07.941+0000] {logging_mixin.py:190} INFO - ------START EVAL------
[2024-10-22T04:03:08.159+0000] {logging_mixin.py:190} INFO - Epoch 16 - Validation: Loss = 0.1210, High Acc = 30.0768, Low Acc = 5.7112
[2024-10-22T04:03:08.866+0000] {logging_mixin.py:190} INFO - Epoch 17:
[2024-10-22T04:03:08.867+0000] {logging_mixin.py:190} INFO - Loss high: 0.4822
[2024-10-22T04:03:08.868+0000] {logging_mixin.py:190} INFO - Loss low: 0.5118
[2024-10-22T04:03:08.868+0000] {logging_mixin.py:190} INFO - ACC high train: inf
[2024-10-22T04:03:08.869+0000] {logging_mixin.py:190} INFO - ACC low train: inf
[2024-10-22T04:03:08.869+0000] {logging_mixin.py:190} INFO - ------START EVAL------
[2024-10-22T04:03:09.093+0000] {logging_mixin.py:190} INFO - Epoch 17 - Validation: Loss = 0.0730, High Acc = 22.1968, Low Acc = 6.3770
[2024-10-22T04:03:09.803+0000] {logging_mixin.py:190} INFO - Epoch 18:
[2024-10-22T04:03:09.804+0000] {logging_mixin.py:190} INFO - Loss high: 0.3943
[2024-10-22T04:03:09.804+0000] {logging_mixin.py:190} INFO - Loss low: 0.5106
[2024-10-22T04:03:09.804+0000] {logging_mixin.py:190} INFO - ACC high train: inf
[2024-10-22T04:03:09.805+0000] {logging_mixin.py:190} INFO - ACC low train: inf
[2024-10-22T04:03:09.805+0000] {logging_mixin.py:190} INFO - ------START EVAL------
[2024-10-22T04:03:10.024+0000] {logging_mixin.py:190} INFO - Epoch 18 - Validation: Loss = 0.0672, High Acc = 18.0870, Low Acc = 9.8602
[2024-10-22T04:03:10.738+0000] {logging_mixin.py:190} INFO - Epoch 19:
[2024-10-22T04:03:10.740+0000] {logging_mixin.py:190} INFO - Loss high: 0.4423
[2024-10-22T04:03:10.740+0000] {logging_mixin.py:190} INFO - Loss low: 0.4548
[2024-10-22T04:03:10.741+0000] {logging_mixin.py:190} INFO - ACC high train: inf
[2024-10-22T04:03:10.741+0000] {logging_mixin.py:190} INFO - ACC low train: inf
[2024-10-22T04:03:10.741+0000] {logging_mixin.py:190} INFO - ------START EVAL------
[2024-10-22T04:03:10.954+0000] {logging_mixin.py:190} INFO - Epoch 19 - Validation: Loss = 0.0756, High Acc = 16.2417, Low Acc = 13.5627
[2024-10-22T04:03:11.662+0000] {logging_mixin.py:190} INFO - Epoch 20:
[2024-10-22T04:03:11.663+0000] {logging_mixin.py:190} INFO - Loss high: 0.3824
[2024-10-22T04:03:11.663+0000] {logging_mixin.py:190} INFO - Loss low: 0.4494
[2024-10-22T04:03:11.664+0000] {logging_mixin.py:190} INFO - ACC high train: inf
[2024-10-22T04:03:11.664+0000] {logging_mixin.py:190} INFO - ACC low train: inf
[2024-10-22T04:03:11.665+0000] {logging_mixin.py:190} INFO - ------START EVAL------
[2024-10-22T04:03:11.877+0000] {logging_mixin.py:190} INFO - Epoch 20 - Validation: Loss = 0.0857, High Acc = 15.0123, Low Acc = 16.4078
[2024-10-22T04:03:12.624+0000] {logging_mixin.py:190} INFO - Epoch 21:
[2024-10-22T04:03:12.625+0000] {logging_mixin.py:190} INFO - Loss high: 0.3947
[2024-10-22T04:03:12.626+0000] {logging_mixin.py:190} INFO - Loss low: 0.3946
[2024-10-22T04:03:12.626+0000] {logging_mixin.py:190} INFO - ACC high train: inf
[2024-10-22T04:03:12.626+0000] {logging_mixin.py:190} INFO - ACC low train: inf
[2024-10-22T04:03:12.627+0000] {logging_mixin.py:190} INFO - ------START EVAL------
[2024-10-22T04:03:12.843+0000] {logging_mixin.py:190} INFO - Epoch 21 - Validation: Loss = 0.0841, High Acc = 15.9339, Low Acc = 15.4962
[2024-10-22T04:03:13.593+0000] {logging_mixin.py:190} INFO - Epoch 22:
[2024-10-22T04:03:13.594+0000] {logging_mixin.py:190} INFO - Loss high: 0.4546
[2024-10-22T04:03:13.594+0000] {logging_mixin.py:190} INFO - Loss low: 0.5394
[2024-10-22T04:03:13.594+0000] {logging_mixin.py:190} INFO - ACC high train: inf
[2024-10-22T04:03:13.595+0000] {logging_mixin.py:190} INFO - ACC low train: inf
[2024-10-22T04:03:13.596+0000] {logging_mixin.py:190} INFO - ------START EVAL------
[2024-10-22T04:03:13.808+0000] {logging_mixin.py:190} INFO - Epoch 22 - Validation: Loss = 0.0705, High Acc = 16.3183, Low Acc = 12.4256
[2024-10-22T04:03:14.544+0000] {logging_mixin.py:190} INFO - Epoch 23:
[2024-10-22T04:03:14.546+0000] {logging_mixin.py:190} INFO - Loss high: 0.4751
[2024-10-22T04:03:14.546+0000] {logging_mixin.py:190} INFO - Loss low: 0.4340
[2024-10-22T04:03:14.547+0000] {logging_mixin.py:190} INFO - ACC high train: inf
[2024-10-22T04:03:14.547+0000] {logging_mixin.py:190} INFO - ACC low train: inf
[2024-10-22T04:03:14.547+0000] {logging_mixin.py:190} INFO - ------START EVAL------
[2024-10-22T04:03:14.760+0000] {logging_mixin.py:190} INFO - Epoch 23 - Validation: Loss = 0.0643, High Acc = 16.6591, Low Acc = 10.6612
[2024-10-22T04:03:15.499+0000] {logging_mixin.py:190} INFO - Epoch 24:
[2024-10-22T04:03:15.500+0000] {logging_mixin.py:190} INFO - Loss high: 0.4423
[2024-10-22T04:03:15.501+0000] {logging_mixin.py:190} INFO - Loss low: 0.4944
[2024-10-22T04:03:15.501+0000] {logging_mixin.py:190} INFO - ACC high train: inf
[2024-10-22T04:03:15.501+0000] {logging_mixin.py:190} INFO - ACC low train: inf
[2024-10-22T04:03:15.502+0000] {logging_mixin.py:190} INFO - ------START EVAL------
[2024-10-22T04:03:15.717+0000] {logging_mixin.py:190} INFO - Epoch 24 - Validation: Loss = 0.0615, High Acc = 18.2446, Low Acc = 8.2748
[2024-10-22T04:03:16.453+0000] {logging_mixin.py:190} INFO - Epoch 25:
[2024-10-22T04:03:16.454+0000] {logging_mixin.py:190} INFO - Loss high: 0.3952
[2024-10-22T04:03:16.454+0000] {logging_mixin.py:190} INFO - Loss low: 0.4451
[2024-10-22T04:03:16.454+0000] {logging_mixin.py:190} INFO - ACC high train: inf
[2024-10-22T04:03:16.455+0000] {logging_mixin.py:190} INFO - ACC low train: inf
[2024-10-22T04:03:16.455+0000] {logging_mixin.py:190} INFO - ------START EVAL------
[2024-10-22T04:03:16.673+0000] {logging_mixin.py:190} INFO - Epoch 25 - Validation: Loss = 0.0611, High Acc = 19.5876, Low Acc = 6.7098
[2024-10-22T04:03:17.412+0000] {logging_mixin.py:190} INFO - Epoch 26:
[2024-10-22T04:03:17.413+0000] {logging_mixin.py:190} INFO - Loss high: 0.4272
[2024-10-22T04:03:17.414+0000] {logging_mixin.py:190} INFO - Loss low: 0.5311
[2024-10-22T04:03:17.414+0000] {logging_mixin.py:190} INFO - ACC high train: inf
[2024-10-22T04:03:17.414+0000] {logging_mixin.py:190} INFO - ACC low train: inf
[2024-10-22T04:03:17.415+0000] {logging_mixin.py:190} INFO - ------START EVAL------
[2024-10-22T04:03:17.637+0000] {logging_mixin.py:190} INFO - Epoch 26 - Validation: Loss = 0.0525, High Acc = 17.0764, Low Acc = 7.2938
[2024-10-22T04:03:18.382+0000] {logging_mixin.py:190} INFO - Epoch 27:
[2024-10-22T04:03:18.384+0000] {logging_mixin.py:190} INFO - Loss high: 0.3409
[2024-10-22T04:03:18.384+0000] {logging_mixin.py:190} INFO - Loss low: 0.4661
[2024-10-22T04:03:18.384+0000] {logging_mixin.py:190} INFO - ACC high train: inf
[2024-10-22T04:03:18.385+0000] {logging_mixin.py:190} INFO - ACC low train: inf
[2024-10-22T04:03:18.385+0000] {logging_mixin.py:190} INFO - ------START EVAL------
[2024-10-22T04:03:18.616+0000] {logging_mixin.py:190} INFO - Epoch 27 - Validation: Loss = 0.0404, High Acc = 10.4412, Low Acc = 9.7410
[2024-10-22T04:03:19.354+0000] {logging_mixin.py:190} INFO - Epoch 28:
[2024-10-22T04:03:19.355+0000] {logging_mixin.py:190} INFO - Loss high: 0.4027
[2024-10-22T04:03:19.355+0000] {logging_mixin.py:190} INFO - Loss low: 0.3791
[2024-10-22T04:03:19.355+0000] {logging_mixin.py:190} INFO - ACC high train: inf
[2024-10-22T04:03:19.355+0000] {logging_mixin.py:190} INFO - ACC low train: inf
[2024-10-22T04:03:19.356+0000] {logging_mixin.py:190} INFO - ------START EVAL------
[2024-10-22T04:03:19.576+0000] {logging_mixin.py:190} INFO - Epoch 28 - Validation: Loss = 0.0438, High Acc = 6.1482, Low Acc = 12.8970
[2024-10-22T04:03:20.316+0000] {logging_mixin.py:190} INFO - Epoch 29:
[2024-10-22T04:03:20.317+0000] {logging_mixin.py:190} INFO - Loss high: 0.4132
[2024-10-22T04:03:20.317+0000] {logging_mixin.py:190} INFO - Loss low: 0.5672
[2024-10-22T04:03:20.317+0000] {logging_mixin.py:190} INFO - ACC high train: inf
[2024-10-22T04:03:20.318+0000] {logging_mixin.py:190} INFO - ACC low train: inf
[2024-10-22T04:03:20.318+0000] {logging_mixin.py:190} INFO - ------START EVAL------
[2024-10-22T04:03:20.538+0000] {logging_mixin.py:190} INFO - Epoch 29 - Validation: Loss = 0.0592, High Acc = 6.0239, Low Acc = 16.1179
[2024-10-22T04:03:21.294+0000] {logging_mixin.py:190} INFO - Epoch 30:
[2024-10-22T04:03:21.295+0000] {logging_mixin.py:190} INFO - Loss high: 0.4572
[2024-10-22T04:03:21.296+0000] {logging_mixin.py:190} INFO - Loss low: 0.4554
[2024-10-22T04:03:21.296+0000] {logging_mixin.py:190} INFO - ACC high train: inf
[2024-10-22T04:03:21.297+0000] {logging_mixin.py:190} INFO - ACC low train: inf
[2024-10-22T04:03:21.297+0000] {logging_mixin.py:190} INFO - ------START EVAL------
[2024-10-22T04:03:21.517+0000] {logging_mixin.py:190} INFO - Epoch 30 - Validation: Loss = 0.0644, High Acc = 5.9155, Low Acc = 17.0522
[2024-10-22T04:03:22.256+0000] {logging_mixin.py:190} INFO - Epoch 31:
[2024-10-22T04:03:22.257+0000] {logging_mixin.py:190} INFO - Loss high: 0.3752
[2024-10-22T04:03:22.257+0000] {logging_mixin.py:190} INFO - Loss low: 0.3484
[2024-10-22T04:03:22.258+0000] {logging_mixin.py:190} INFO - ACC high train: inf
[2024-10-22T04:03:22.258+0000] {logging_mixin.py:190} INFO - ACC low train: inf
[2024-10-22T04:03:22.258+0000] {logging_mixin.py:190} INFO - ------START EVAL------
[2024-10-22T04:03:22.486+0000] {logging_mixin.py:190} INFO - Epoch 31 - Validation: Loss = 0.0674, High Acc = 6.6864, Low Acc = 17.1479
[2024-10-22T04:03:23.242+0000] {logging_mixin.py:190} INFO - Epoch 32:
[2024-10-22T04:03:23.243+0000] {logging_mixin.py:190} INFO - Loss high: 0.3607
[2024-10-22T04:03:23.244+0000] {logging_mixin.py:190} INFO - Loss low: 0.3454
[2024-10-22T04:03:23.244+0000] {logging_mixin.py:190} INFO - ACC high train: inf
[2024-10-22T04:03:23.244+0000] {logging_mixin.py:190} INFO - ACC low train: inf
[2024-10-22T04:03:23.245+0000] {logging_mixin.py:190} INFO - ------START EVAL------
[2024-10-22T04:03:23.468+0000] {logging_mixin.py:190} INFO - Epoch 32 - Validation: Loss = 0.0695, High Acc = 9.6796, Low Acc = 16.3781
[2024-10-22T04:03:24.166+0000] {logging_mixin.py:190} INFO - Epoch 33:
[2024-10-22T04:03:24.168+0000] {logging_mixin.py:190} INFO - Loss high: 0.4032
[2024-10-22T04:03:24.168+0000] {logging_mixin.py:190} INFO - Loss low: 0.3061
[2024-10-22T04:03:24.169+0000] {logging_mixin.py:190} INFO - ACC high train: inf
[2024-10-22T04:03:24.169+0000] {logging_mixin.py:190} INFO - ACC low train: inf
[2024-10-22T04:03:24.169+0000] {logging_mixin.py:190} INFO - ------START EVAL------
[2024-10-22T04:03:24.390+0000] {logging_mixin.py:190} INFO - Epoch 33 - Validation: Loss = 0.0683, High Acc = 13.1819, Low Acc = 14.3706
[2024-10-22T04:03:25.122+0000] {logging_mixin.py:190} INFO - Epoch 34:
[2024-10-22T04:03:25.123+0000] {logging_mixin.py:190} INFO - Loss high: 0.4244
[2024-10-22T04:03:25.124+0000] {logging_mixin.py:190} INFO - Loss low: 0.3903
[2024-10-22T04:03:25.124+0000] {logging_mixin.py:190} INFO - ACC high train: inf
[2024-10-22T04:03:25.125+0000] {logging_mixin.py:190} INFO - ACC low train: inf
[2024-10-22T04:03:25.125+0000] {logging_mixin.py:190} INFO - ------START EVAL------
[2024-10-22T04:03:25.345+0000] {logging_mixin.py:190} INFO - Epoch 34 - Validation: Loss = 0.0646, High Acc = 13.9199, Low Acc = 13.1139
[2024-10-22T04:03:26.073+0000] {logging_mixin.py:190} INFO - Epoch 35:
[2024-10-22T04:03:26.074+0000] {logging_mixin.py:190} INFO - Loss high: 0.3308
[2024-10-22T04:03:26.075+0000] {logging_mixin.py:190} INFO - Loss low: 0.5031
[2024-10-22T04:03:26.075+0000] {logging_mixin.py:190} INFO - ACC high train: inf
[2024-10-22T04:03:26.075+0000] {logging_mixin.py:190} INFO - ACC low train: inf
[2024-10-22T04:03:26.076+0000] {logging_mixin.py:190} INFO - ------START EVAL------
[2024-10-22T04:03:26.281+0000] {logging_mixin.py:190} INFO - Epoch 35 - Validation: Loss = 0.0560, High Acc = 12.0887, Low Acc = 12.4564
[2024-10-22T04:03:27.006+0000] {logging_mixin.py:190} INFO - Epoch 36:
[2024-10-22T04:03:27.007+0000] {logging_mixin.py:190} INFO - Loss high: 0.3987
[2024-10-22T04:03:27.007+0000] {logging_mixin.py:190} INFO - Loss low: 0.4848
[2024-10-22T04:03:27.008+0000] {logging_mixin.py:190} INFO - ACC high train: inf
[2024-10-22T04:03:27.008+0000] {logging_mixin.py:190} INFO - ACC low train: inf
[2024-10-22T04:03:27.008+0000] {logging_mixin.py:190} INFO - ------START EVAL------
[2024-10-22T04:03:27.231+0000] {logging_mixin.py:190} INFO - Epoch 36 - Validation: Loss = 0.0468, High Acc = 9.2787, Low Acc = 11.9900
[2024-10-22T04:03:27.988+0000] {logging_mixin.py:190} INFO - Epoch 37:
[2024-10-22T04:03:27.989+0000] {logging_mixin.py:190} INFO - Loss high: 0.4171
[2024-10-22T04:03:27.990+0000] {logging_mixin.py:190} INFO - Loss low: 0.3612
[2024-10-22T04:03:27.990+0000] {logging_mixin.py:190} INFO - ACC high train: inf
[2024-10-22T04:03:27.991+0000] {logging_mixin.py:190} INFO - ACC low train: inf
[2024-10-22T04:03:27.991+0000] {logging_mixin.py:190} INFO - ------START EVAL------
[2024-10-22T04:03:28.207+0000] {logging_mixin.py:190} INFO - Epoch 37 - Validation: Loss = 0.0451, High Acc = 7.2591, Low Acc = 12.5584
[2024-10-22T04:03:28.951+0000] {logging_mixin.py:190} INFO - Epoch 38:
[2024-10-22T04:03:28.952+0000] {logging_mixin.py:190} INFO - Loss high: 0.4349
[2024-10-22T04:03:28.953+0000] {logging_mixin.py:190} INFO - Loss low: 0.3800
[2024-10-22T04:03:28.953+0000] {logging_mixin.py:190} INFO - ACC high train: inf
[2024-10-22T04:03:28.954+0000] {logging_mixin.py:190} INFO - ACC low train: inf
[2024-10-22T04:03:28.954+0000] {logging_mixin.py:190} INFO - ------START EVAL------
[2024-10-22T04:03:29.203+0000] {logging_mixin.py:190} INFO - Epoch 38 - Validation: Loss = 0.0479, High Acc = 6.3510, Low Acc = 13.6213
[2024-10-22T04:03:29.952+0000] {logging_mixin.py:190} INFO - Epoch 39:
[2024-10-22T04:03:29.953+0000] {logging_mixin.py:190} INFO - Loss high: 0.3354
[2024-10-22T04:03:29.954+0000] {logging_mixin.py:190} INFO - Loss low: 0.4120
[2024-10-22T04:03:29.954+0000] {logging_mixin.py:190} INFO - ACC high train: inf
[2024-10-22T04:03:29.954+0000] {logging_mixin.py:190} INFO - ACC low train: inf
[2024-10-22T04:03:29.954+0000] {logging_mixin.py:190} INFO - ------START EVAL------
[2024-10-22T04:03:30.184+0000] {logging_mixin.py:190} INFO - Epoch 39 - Validation: Loss = 0.0521, High Acc = 5.9963, Low Acc = 14.6759
[2024-10-22T04:03:30.908+0000] {logging_mixin.py:190} INFO - Epoch 40:
[2024-10-22T04:03:30.909+0000] {logging_mixin.py:190} INFO - Loss high: 0.3824
[2024-10-22T04:03:30.910+0000] {logging_mixin.py:190} INFO - Loss low: 0.3403
[2024-10-22T04:03:30.910+0000] {logging_mixin.py:190} INFO - ACC high train: inf
[2024-10-22T04:03:30.911+0000] {logging_mixin.py:190} INFO - ACC low train: inf
[2024-10-22T04:03:30.911+0000] {logging_mixin.py:190} INFO - ------START EVAL------
[2024-10-22T04:03:31.138+0000] {logging_mixin.py:190} INFO - Epoch 40 - Validation: Loss = 0.0543, High Acc = 5.8731, Low Acc = 15.2118
[2024-10-22T04:03:31.892+0000] {logging_mixin.py:190} INFO - Epoch 41:
[2024-10-22T04:03:31.893+0000] {logging_mixin.py:190} INFO - Loss high: 0.3963
[2024-10-22T04:03:31.893+0000] {logging_mixin.py:190} INFO - Loss low: 0.3664
[2024-10-22T04:03:31.894+0000] {logging_mixin.py:190} INFO - ACC high train: inf
[2024-10-22T04:03:31.894+0000] {logging_mixin.py:190} INFO - ACC low train: inf
[2024-10-22T04:03:31.894+0000] {logging_mixin.py:190} INFO - ------START EVAL------
[2024-10-22T04:03:32.113+0000] {logging_mixin.py:190} INFO - Epoch 41 - Validation: Loss = 0.0551, High Acc = 5.8944, Low Acc = 15.3550
[2024-10-22T04:03:32.860+0000] {logging_mixin.py:190} INFO - Epoch 42:
[2024-10-22T04:03:32.861+0000] {logging_mixin.py:190} INFO - Loss high: 0.4322
[2024-10-22T04:03:32.861+0000] {logging_mixin.py:190} INFO - Loss low: 0.3883
[2024-10-22T04:03:32.862+0000] {logging_mixin.py:190} INFO - ACC high train: inf
[2024-10-22T04:03:32.862+0000] {logging_mixin.py:190} INFO - ACC low train: inf
[2024-10-22T04:03:32.862+0000] {logging_mixin.py:190} INFO - ------START EVAL------
[2024-10-22T04:03:33.079+0000] {logging_mixin.py:190} INFO - Epoch 42 - Validation: Loss = 0.0551, High Acc = 5.9158, Low Acc = 15.3353
[2024-10-22T04:03:33.822+0000] {logging_mixin.py:190} INFO - Epoch 43:
[2024-10-22T04:03:33.823+0000] {logging_mixin.py:190} INFO - Loss high: 0.2828
[2024-10-22T04:03:33.823+0000] {logging_mixin.py:190} INFO - Loss low: 0.4079
[2024-10-22T04:03:33.824+0000] {logging_mixin.py:190} INFO - ACC high train: inf
[2024-10-22T04:03:33.824+0000] {logging_mixin.py:190} INFO - ACC low train: inf
[2024-10-22T04:03:33.824+0000] {logging_mixin.py:190} INFO - ------START EVAL------
[2024-10-22T04:03:34.050+0000] {logging_mixin.py:190} INFO - Epoch 43 - Validation: Loss = 0.0543, High Acc = 5.8895, Low Acc = 15.2155
[2024-10-22T04:03:34.820+0000] {logging_mixin.py:190} INFO - Epoch 44:
[2024-10-22T04:03:34.821+0000] {logging_mixin.py:190} INFO - Loss high: 0.3692
[2024-10-22T04:03:34.821+0000] {logging_mixin.py:190} INFO - Loss low: 0.3359
[2024-10-22T04:03:34.822+0000] {logging_mixin.py:190} INFO - ACC high train: inf
[2024-10-22T04:03:34.822+0000] {logging_mixin.py:190} INFO - ACC low train: inf
[2024-10-22T04:03:34.823+0000] {logging_mixin.py:190} INFO - ------START EVAL------
[2024-10-22T04:03:35.047+0000] {logging_mixin.py:190} INFO - Epoch 44 - Validation: Loss = 0.0522, High Acc = 5.8757, Low Acc = 14.8491
[2024-10-22T04:03:35.779+0000] {logging_mixin.py:190} INFO - Epoch 45:
[2024-10-22T04:03:35.780+0000] {logging_mixin.py:190} INFO - Loss high: 0.3732
[2024-10-22T04:03:35.781+0000] {logging_mixin.py:190} INFO - Loss low: 0.4050
[2024-10-22T04:03:35.781+0000] {logging_mixin.py:190} INFO - ACC high train: inf
[2024-10-22T04:03:35.782+0000] {logging_mixin.py:190} INFO - ACC low train: inf
[2024-10-22T04:03:35.782+0000] {logging_mixin.py:190} INFO - ------START EVAL------
[2024-10-22T04:03:36.001+0000] {logging_mixin.py:190} INFO - Epoch 45 - Validation: Loss = 0.0450, High Acc = 5.9077, Low Acc = 13.3295
[2024-10-22T04:03:36.718+0000] {logging_mixin.py:190} INFO - Epoch 46:
[2024-10-22T04:03:36.719+0000] {logging_mixin.py:190} INFO - Loss high: 0.3927
[2024-10-22T04:03:36.719+0000] {logging_mixin.py:190} INFO - Loss low: 0.3440
[2024-10-22T04:03:36.720+0000] {logging_mixin.py:190} INFO - ACC high train: inf
[2024-10-22T04:03:36.720+0000] {logging_mixin.py:190} INFO - ACC low train: inf
[2024-10-22T04:03:36.720+0000] {logging_mixin.py:190} INFO - ------START EVAL------
[2024-10-22T04:03:36.926+0000] {logging_mixin.py:190} INFO - Epoch 46 - Validation: Loss = 0.0419, High Acc = 6.1616, Low Acc = 12.4634
[2024-10-22T04:03:37.623+0000] {logging_mixin.py:190} INFO - Epoch 47:
[2024-10-22T04:03:37.624+0000] {logging_mixin.py:190} INFO - Loss high: 0.3662
[2024-10-22T04:03:37.624+0000] {logging_mixin.py:190} INFO - Loss low: 0.3792
[2024-10-22T04:03:37.624+0000] {logging_mixin.py:190} INFO - ACC high train: inf
[2024-10-22T04:03:37.625+0000] {logging_mixin.py:190} INFO - ACC low train: inf
[2024-10-22T04:03:37.625+0000] {logging_mixin.py:190} INFO - ------START EVAL------
[2024-10-22T04:03:37.837+0000] {logging_mixin.py:190} INFO - Epoch 47 - Validation: Loss = 0.0414, High Acc = 7.1043, Low Acc = 11.8202
[2024-10-22T04:03:38.579+0000] {logging_mixin.py:190} INFO - Epoch 48:
[2024-10-22T04:03:38.581+0000] {logging_mixin.py:190} INFO - Loss high: 0.4010
[2024-10-22T04:03:38.581+0000] {logging_mixin.py:190} INFO - Loss low: 0.3393
[2024-10-22T04:03:38.582+0000] {logging_mixin.py:190} INFO - ACC high train: inf
[2024-10-22T04:03:38.582+0000] {logging_mixin.py:190} INFO - ACC low train: inf
[2024-10-22T04:03:38.582+0000] {logging_mixin.py:190} INFO - ------START EVAL------
[2024-10-22T04:03:38.793+0000] {logging_mixin.py:190} INFO - Epoch 48 - Validation: Loss = 0.0413, High Acc = 8.0768, Low Acc = 11.2949
[2024-10-22T04:03:39.545+0000] {logging_mixin.py:190} INFO - Epoch 49:
[2024-10-22T04:03:39.547+0000] {logging_mixin.py:190} INFO - Loss high: 0.3009
[2024-10-22T04:03:39.547+0000] {logging_mixin.py:190} INFO - Loss low: 0.4303
[2024-10-22T04:03:39.547+0000] {logging_mixin.py:190} INFO - ACC high train: inf
[2024-10-22T04:03:39.548+0000] {logging_mixin.py:190} INFO - ACC low train: inf
[2024-10-22T04:03:39.548+0000] {logging_mixin.py:190} INFO - ------START EVAL------
[2024-10-22T04:03:39.766+0000] {logging_mixin.py:190} INFO - Epoch 49 - Validation: Loss = 0.0404, High Acc = 8.9658, Low Acc = 10.6114
[2024-10-22T04:03:40.511+0000] {logging_mixin.py:190} INFO - Epoch 50:
[2024-10-22T04:03:40.512+0000] {logging_mixin.py:190} INFO - Loss high: 0.3450
[2024-10-22T04:03:40.513+0000] {logging_mixin.py:190} INFO - Loss low: 0.4274
[2024-10-22T04:03:40.513+0000] {logging_mixin.py:190} INFO - ACC high train: inf
[2024-10-22T04:03:40.514+0000] {logging_mixin.py:190} INFO - ACC low train: inf
[2024-10-22T04:03:40.514+0000] {logging_mixin.py:190} INFO - ------START EVAL------
[2024-10-22T04:03:40.726+0000] {logging_mixin.py:190} INFO - Epoch 50 - Validation: Loss = 0.0393, High Acc = 9.0638, Low Acc = 10.2810
[2024-10-22T04:03:41.491+0000] {logging_mixin.py:190} INFO - Epoch 51:
[2024-10-22T04:03:41.493+0000] {logging_mixin.py:190} INFO - Loss high: 0.3572
[2024-10-22T04:03:41.493+0000] {logging_mixin.py:190} INFO - Loss low: 0.4234
[2024-10-22T04:03:41.494+0000] {logging_mixin.py:190} INFO - ACC high train: inf
[2024-10-22T04:03:41.494+0000] {logging_mixin.py:190} INFO - ACC low train: inf
[2024-10-22T04:03:41.494+0000] {logging_mixin.py:190} INFO - ------START EVAL------
[2024-10-22T04:03:41.711+0000] {logging_mixin.py:190} INFO - Epoch 51 - Validation: Loss = 0.0387, High Acc = 8.6510, Low Acc = 10.3631
[2024-10-22T04:03:42.428+0000] {logging_mixin.py:190} INFO - Epoch 52:
[2024-10-22T04:03:42.430+0000] {logging_mixin.py:190} INFO - Loss high: 0.3438
[2024-10-22T04:03:42.430+0000] {logging_mixin.py:190} INFO - Loss low: 0.3147
[2024-10-22T04:03:42.431+0000] {logging_mixin.py:190} INFO - ACC high train: inf
[2024-10-22T04:03:42.431+0000] {logging_mixin.py:190} INFO - ACC low train: inf
[2024-10-22T04:03:42.431+0000] {logging_mixin.py:190} INFO - ------START EVAL------
[2024-10-22T04:03:42.646+0000] {logging_mixin.py:190} INFO - Epoch 52 - Validation: Loss = 0.0369, High Acc = 7.9605, Low Acc = 10.2706
[2024-10-22T04:03:43.341+0000] {logging_mixin.py:190} INFO - Epoch 53:
[2024-10-22T04:03:43.342+0000] {logging_mixin.py:190} INFO - Loss high: 0.3562
[2024-10-22T04:03:43.343+0000] {logging_mixin.py:190} INFO - Loss low: 0.3898
[2024-10-22T04:03:43.343+0000] {logging_mixin.py:190} INFO - ACC high train: inf
[2024-10-22T04:03:43.343+0000] {logging_mixin.py:190} INFO - ACC low train: inf
[2024-10-22T04:03:43.344+0000] {logging_mixin.py:190} INFO - ------START EVAL------
[2024-10-22T04:03:43.557+0000] {logging_mixin.py:190} INFO - Epoch 53 - Validation: Loss = 0.0349, High Acc = 7.7446, Low Acc = 9.8950
[2024-10-22T04:03:44.244+0000] {logging_mixin.py:190} INFO - Epoch 54:
[2024-10-22T04:03:44.245+0000] {logging_mixin.py:190} INFO - Loss high: 0.3487
[2024-10-22T04:03:44.246+0000] {logging_mixin.py:190} INFO - Loss low: 0.4313
[2024-10-22T04:03:44.246+0000] {logging_mixin.py:190} INFO - ACC high train: inf
[2024-10-22T04:03:44.246+0000] {logging_mixin.py:190} INFO - ACC low train: inf
[2024-10-22T04:03:44.247+0000] {logging_mixin.py:190} INFO - ------START EVAL------
[2024-10-22T04:03:44.465+0000] {logging_mixin.py:190} INFO - Epoch 54 - Validation: Loss = 0.0350, High Acc = 7.4164, Low Acc = 10.0926
[2024-10-22T04:03:45.163+0000] {logging_mixin.py:190} INFO - Epoch 55:
[2024-10-22T04:03:45.164+0000] {logging_mixin.py:190} INFO - Loss high: 0.3308
[2024-10-22T04:03:45.164+0000] {logging_mixin.py:190} INFO - Loss low: 0.4591
[2024-10-22T04:03:45.165+0000] {logging_mixin.py:190} INFO - ACC high train: inf
[2024-10-22T04:03:45.165+0000] {logging_mixin.py:190} INFO - ACC low train: inf
[2024-10-22T04:03:45.166+0000] {logging_mixin.py:190} INFO - ------START EVAL------
[2024-10-22T04:03:45.384+0000] {logging_mixin.py:190} INFO - Epoch 55 - Validation: Loss = 0.0377, High Acc = 7.3405, Low Acc = 10.8132
[2024-10-22T04:03:46.096+0000] {logging_mixin.py:190} INFO - Epoch 56:
[2024-10-22T04:03:46.098+0000] {logging_mixin.py:190} INFO - Loss high: 0.4018
[2024-10-22T04:03:46.098+0000] {logging_mixin.py:190} INFO - Loss low: 0.3942
[2024-10-22T04:03:46.099+0000] {logging_mixin.py:190} INFO - ACC high train: inf
[2024-10-22T04:03:46.099+0000] {logging_mixin.py:190} INFO - ACC low train: inf
[2024-10-22T04:03:46.099+0000] {logging_mixin.py:190} INFO - ------START EVAL------
[2024-10-22T04:03:46.323+0000] {logging_mixin.py:190} INFO - Epoch 56 - Validation: Loss = 0.0410, High Acc = 7.1285, Low Acc = 11.6959
[2024-10-22T04:03:47.057+0000] {logging_mixin.py:190} INFO - Epoch 57:
[2024-10-22T04:03:47.058+0000] {logging_mixin.py:190} INFO - Loss high: 0.3518
[2024-10-22T04:03:47.059+0000] {logging_mixin.py:190} INFO - Loss low: 0.3764
[2024-10-22T04:03:47.059+0000] {logging_mixin.py:190} INFO - ACC high train: inf
[2024-10-22T04:03:47.060+0000] {logging_mixin.py:190} INFO - ACC low train: inf
[2024-10-22T04:03:47.060+0000] {logging_mixin.py:190} INFO - ------START EVAL------
[2024-10-22T04:03:47.281+0000] {logging_mixin.py:190} INFO - Epoch 57 - Validation: Loss = 0.0439, High Acc = 6.8126, Low Acc = 12.5187
[2024-10-22T04:03:48.007+0000] {logging_mixin.py:190} INFO - Epoch 58:
[2024-10-22T04:03:48.008+0000] {logging_mixin.py:190} INFO - Loss high: 0.2820
[2024-10-22T04:03:48.009+0000] {logging_mixin.py:190} INFO - Loss low: 0.4092
[2024-10-22T04:03:48.009+0000] {logging_mixin.py:190} INFO - ACC high train: inf
[2024-10-22T04:03:48.009+0000] {logging_mixin.py:190} INFO - ACC low train: inf
[2024-10-22T04:03:48.010+0000] {logging_mixin.py:190} INFO - ------START EVAL------
[2024-10-22T04:03:48.231+0000] {logging_mixin.py:190} INFO - Epoch 58 - Validation: Loss = 0.0464, High Acc = 6.5900, Low Acc = 13.1917
[2024-10-22T04:03:48.969+0000] {logging_mixin.py:190} INFO - Epoch 59:
[2024-10-22T04:03:48.971+0000] {logging_mixin.py:190} INFO - Loss high: 0.2973
[2024-10-22T04:03:48.971+0000] {logging_mixin.py:190} INFO - Loss low: 0.4070
[2024-10-22T04:03:48.971+0000] {logging_mixin.py:190} INFO - ACC high train: inf
[2024-10-22T04:03:48.972+0000] {logging_mixin.py:190} INFO - ACC low train: inf
[2024-10-22T04:03:48.972+0000] {logging_mixin.py:190} INFO - ------START EVAL------
[2024-10-22T04:03:49.194+0000] {logging_mixin.py:190} INFO - Epoch 59 - Validation: Loss = 0.0471, High Acc = 6.3853, Low Acc = 13.4604
[2024-10-22T04:03:49.921+0000] {logging_mixin.py:190} INFO - Epoch 60:
[2024-10-22T04:03:49.922+0000] {logging_mixin.py:190} INFO - Loss high: 0.4181
[2024-10-22T04:03:49.923+0000] {logging_mixin.py:190} INFO - Loss low: 0.4175
[2024-10-22T04:03:49.923+0000] {logging_mixin.py:190} INFO - ACC high train: inf
[2024-10-22T04:03:49.924+0000] {logging_mixin.py:190} INFO - ACC low train: inf
[2024-10-22T04:03:49.924+0000] {logging_mixin.py:190} INFO - ------START EVAL------
[2024-10-22T04:03:50.143+0000] {logging_mixin.py:190} INFO - Epoch 60 - Validation: Loss = 0.0465, High Acc = 6.2678, Low Acc = 13.3857
[2024-10-22T04:03:50.869+0000] {logging_mixin.py:190} INFO - Epoch 61:
[2024-10-22T04:03:50.870+0000] {logging_mixin.py:190} INFO - Loss high: 0.3148
[2024-10-22T04:03:50.871+0000] {logging_mixin.py:190} INFO - Loss low: 0.3752
[2024-10-22T04:03:50.871+0000] {logging_mixin.py:190} INFO - ACC high train: inf
[2024-10-22T04:03:50.872+0000] {logging_mixin.py:190} INFO - ACC low train: inf
[2024-10-22T04:03:50.872+0000] {logging_mixin.py:190} INFO - ------START EVAL------
[2024-10-22T04:03:51.094+0000] {logging_mixin.py:190} INFO - Epoch 61 - Validation: Loss = 0.0441, High Acc = 6.1961, Low Acc = 12.9149
[2024-10-22T04:03:51.826+0000] {logging_mixin.py:190} INFO - Epoch 62:
[2024-10-22T04:03:51.827+0000] {logging_mixin.py:190} INFO - Loss high: 0.3327
[2024-10-22T04:03:51.828+0000] {logging_mixin.py:190} INFO - Loss low: 0.3810
[2024-10-22T04:03:51.828+0000] {logging_mixin.py:190} INFO - ACC high train: inf
[2024-10-22T04:03:51.829+0000] {logging_mixin.py:190} INFO - ACC low train: inf
[2024-10-22T04:03:51.829+0000] {logging_mixin.py:190} INFO - ------START EVAL------
[2024-10-22T04:03:52.046+0000] {logging_mixin.py:190} INFO - Epoch 62 - Validation: Loss = 0.0414, High Acc = 6.1246, Low Acc = 12.3651
[2024-10-22T04:03:52.786+0000] {logging_mixin.py:190} INFO - Epoch 63:
[2024-10-22T04:03:52.788+0000] {logging_mixin.py:190} INFO - Loss high: 0.4011
[2024-10-22T04:03:52.788+0000] {logging_mixin.py:190} INFO - Loss low: 0.4880
[2024-10-22T04:03:52.789+0000] {logging_mixin.py:190} INFO - ACC high train: inf
[2024-10-22T04:03:52.789+0000] {logging_mixin.py:190} INFO - ACC low train: inf
[2024-10-22T04:03:52.789+0000] {logging_mixin.py:190} INFO - ------START EVAL------
[2024-10-22T04:03:53.014+0000] {logging_mixin.py:190} INFO - Epoch 63 - Validation: Loss = 0.0388, High Acc = 6.1012, Low Acc = 11.7960
[2024-10-22T04:03:53.732+0000] {logging_mixin.py:190} INFO - Epoch 64:
[2024-10-22T04:03:53.733+0000] {logging_mixin.py:190} INFO - Loss high: 0.3421
[2024-10-22T04:03:53.734+0000] {logging_mixin.py:190} INFO - Loss low: 0.3195
[2024-10-22T04:03:53.734+0000] {logging_mixin.py:190} INFO - ACC high train: inf
[2024-10-22T04:03:53.735+0000] {logging_mixin.py:190} INFO - ACC low train: inf
[2024-10-22T04:03:53.735+0000] {logging_mixin.py:190} INFO - ------START EVAL------
[2024-10-22T04:03:53.960+0000] {logging_mixin.py:190} INFO - Epoch 64 - Validation: Loss = 0.0362, High Acc = 6.1056, Low Acc = 11.1817
[2024-10-22T04:03:54.698+0000] {logging_mixin.py:190} INFO - Epoch 65:
[2024-10-22T04:03:54.699+0000] {logging_mixin.py:190} INFO - Loss high: 0.3379
[2024-10-22T04:03:54.700+0000] {logging_mixin.py:190} INFO - Loss low: 0.3454
[2024-10-22T04:03:54.700+0000] {logging_mixin.py:190} INFO - ACC high train: inf
[2024-10-22T04:03:54.701+0000] {logging_mixin.py:190} INFO - ACC low train: inf
[2024-10-22T04:03:54.701+0000] {logging_mixin.py:190} INFO - ------START EVAL------
[2024-10-22T04:03:54.925+0000] {logging_mixin.py:190} INFO - Epoch 65 - Validation: Loss = 0.0342, High Acc = 6.0913, Low Acc = 10.6998
[2024-10-22T04:03:55.659+0000] {logging_mixin.py:190} INFO - Epoch 66:
[2024-10-22T04:03:55.660+0000] {logging_mixin.py:190} INFO - Loss high: 0.2810
[2024-10-22T04:03:55.661+0000] {logging_mixin.py:190} INFO - Loss low: 0.2963
[2024-10-22T04:03:55.661+0000] {logging_mixin.py:190} INFO - ACC high train: inf
[2024-10-22T04:03:55.661+0000] {logging_mixin.py:190} INFO - ACC low train: inf
[2024-10-22T04:03:55.661+0000] {logging_mixin.py:190} INFO - ------START EVAL------
[2024-10-22T04:03:55.884+0000] {logging_mixin.py:190} INFO - Epoch 66 - Validation: Loss = 0.0327, High Acc = 6.1348, Low Acc = 10.3072
[2024-10-22T04:03:56.626+0000] {logging_mixin.py:190} INFO - Epoch 67:
[2024-10-22T04:03:56.627+0000] {logging_mixin.py:190} INFO - Loss high: 0.3457
[2024-10-22T04:03:56.628+0000] {logging_mixin.py:190} INFO - Loss low: 0.3839
[2024-10-22T04:03:56.628+0000] {logging_mixin.py:190} INFO - ACC high train: inf
[2024-10-22T04:03:56.628+0000] {logging_mixin.py:190} INFO - ACC low train: inf
[2024-10-22T04:03:56.629+0000] {logging_mixin.py:190} INFO - ------START EVAL------
[2024-10-22T04:03:56.851+0000] {logging_mixin.py:190} INFO - Epoch 67 - Validation: Loss = 0.0322, High Acc = 6.2687, Low Acc = 10.0583
[2024-10-22T04:03:57.602+0000] {logging_mixin.py:190} INFO - Epoch 68:
[2024-10-22T04:03:57.603+0000] {logging_mixin.py:190} INFO - Loss high: 0.3739
[2024-10-22T04:03:57.603+0000] {logging_mixin.py:190} INFO - Loss low: 0.4545
[2024-10-22T04:03:57.603+0000] {logging_mixin.py:190} INFO - ACC high train: inf
[2024-10-22T04:03:57.604+0000] {logging_mixin.py:190} INFO - ACC low train: inf
[2024-10-22T04:03:57.604+0000] {logging_mixin.py:190} INFO - ------START EVAL------
[2024-10-22T04:03:57.826+0000] {logging_mixin.py:190} INFO - Epoch 68 - Validation: Loss = 0.0313, High Acc = 6.4066, Low Acc = 9.7504
[2024-10-22T04:03:58.612+0000] {logging_mixin.py:190} INFO - Epoch 69:
[2024-10-22T04:03:58.613+0000] {logging_mixin.py:190} INFO - Loss high: 0.3868
[2024-10-22T04:03:58.614+0000] {logging_mixin.py:190} INFO - Loss low: 0.3251
[2024-10-22T04:03:58.614+0000] {logging_mixin.py:190} INFO - ACC high train: inf
[2024-10-22T04:03:58.615+0000] {logging_mixin.py:190} INFO - ACC low train: inf
[2024-10-22T04:03:58.615+0000] {logging_mixin.py:190} INFO - ------START EVAL------
[2024-10-22T04:03:58.843+0000] {logging_mixin.py:190} INFO - Epoch 69 - Validation: Loss = 0.0303, High Acc = 6.4116, Low Acc = 9.4843
[2024-10-22T04:03:59.603+0000] {logging_mixin.py:190} INFO - Epoch 70:
[2024-10-22T04:03:59.604+0000] {logging_mixin.py:190} INFO - Loss high: 0.2523
[2024-10-22T04:03:59.604+0000] {logging_mixin.py:190} INFO - Loss low: 0.3559
[2024-10-22T04:03:59.605+0000] {logging_mixin.py:190} INFO - ACC high train: inf
[2024-10-22T04:03:59.605+0000] {logging_mixin.py:190} INFO - ACC low train: inf
[2024-10-22T04:03:59.605+0000] {logging_mixin.py:190} INFO - ------START EVAL------
[2024-10-22T04:03:59.830+0000] {logging_mixin.py:190} INFO - Epoch 70 - Validation: Loss = 0.0307, High Acc = 6.3874, Low Acc = 9.6119
[2024-10-22T04:04:00.575+0000] {logging_mixin.py:190} INFO - Epoch 71:
[2024-10-22T04:04:00.577+0000] {logging_mixin.py:190} INFO - Loss high: 0.3526
[2024-10-22T04:04:00.577+0000] {logging_mixin.py:190} INFO - Loss low: 0.3359
[2024-10-22T04:04:00.578+0000] {logging_mixin.py:190} INFO - ACC high train: inf
[2024-10-22T04:04:00.578+0000] {logging_mixin.py:190} INFO - ACC low train: inf
[2024-10-22T04:04:00.578+0000] {logging_mixin.py:190} INFO - ------START EVAL------
[2024-10-22T04:04:00.799+0000] {logging_mixin.py:190} INFO - Epoch 71 - Validation: Loss = 0.0305, High Acc = 6.3469, Low Acc = 9.5942
[2024-10-22T04:04:01.519+0000] {logging_mixin.py:190} INFO - Epoch 72:
[2024-10-22T04:04:01.520+0000] {logging_mixin.py:190} INFO - Loss high: 0.3402
[2024-10-22T04:04:01.521+0000] {logging_mixin.py:190} INFO - Loss low: 0.3805
[2024-10-22T04:04:01.521+0000] {logging_mixin.py:190} INFO - ACC high train: inf
[2024-10-22T04:04:01.521+0000] {logging_mixin.py:190} INFO - ACC low train: inf
[2024-10-22T04:04:01.521+0000] {logging_mixin.py:190} INFO - ------START EVAL------
[2024-10-22T04:04:01.728+0000] {logging_mixin.py:190} INFO - Epoch 72 - Validation: Loss = 0.0309, High Acc = 6.2233, Low Acc = 9.7808
[2024-10-22T04:04:02.406+0000] {logging_mixin.py:190} INFO - Epoch 73:
[2024-10-22T04:04:02.407+0000] {logging_mixin.py:190} INFO - Loss high: 0.3492
[2024-10-22T04:04:02.408+0000] {logging_mixin.py:190} INFO - Loss low: 0.3744
[2024-10-22T04:04:02.408+0000] {logging_mixin.py:190} INFO - ACC high train: inf
[2024-10-22T04:04:02.408+0000] {logging_mixin.py:190} INFO - ACC low train: inf
[2024-10-22T04:04:02.408+0000] {logging_mixin.py:190} INFO - ------START EVAL------
[2024-10-22T04:04:02.613+0000] {logging_mixin.py:190} INFO - Epoch 73 - Validation: Loss = 0.0307, High Acc = 6.0973, Low Acc = 9.8143
[2024-10-22T04:04:03.294+0000] {logging_mixin.py:190} INFO - Epoch 74:
[2024-10-22T04:04:03.296+0000] {logging_mixin.py:190} INFO - Loss high: 0.3671
[2024-10-22T04:04:03.296+0000] {logging_mixin.py:190} INFO - Loss low: 0.3806
[2024-10-22T04:04:03.297+0000] {logging_mixin.py:190} INFO - ACC high train: inf
[2024-10-22T04:04:03.297+0000] {logging_mixin.py:190} INFO - ACC low train: inf
[2024-10-22T04:04:03.297+0000] {logging_mixin.py:190} INFO - ------START EVAL------
[2024-10-22T04:04:03.502+0000] {logging_mixin.py:190} INFO - Epoch 74 - Validation: Loss = 0.0301, High Acc = 6.0013, Low Acc = 9.7351
[2024-10-22T04:04:04.193+0000] {logging_mixin.py:190} INFO - Epoch 75:
[2024-10-22T04:04:04.194+0000] {logging_mixin.py:190} INFO - Loss high: 0.3512
[2024-10-22T04:04:04.195+0000] {logging_mixin.py:190} INFO - Loss low: 0.3198
[2024-10-22T04:04:04.195+0000] {logging_mixin.py:190} INFO - ACC high train: inf
[2024-10-22T04:04:04.195+0000] {logging_mixin.py:190} INFO - ACC low train: inf
[2024-10-22T04:04:04.196+0000] {logging_mixin.py:190} INFO - ------START EVAL------
[2024-10-22T04:04:04.406+0000] {logging_mixin.py:190} INFO - Epoch 75 - Validation: Loss = 0.0294, High Acc = 5.9629, Low Acc = 9.6129
[2024-10-22T04:04:05.094+0000] {logging_mixin.py:190} INFO - Epoch 76:
[2024-10-22T04:04:05.095+0000] {logging_mixin.py:190} INFO - Loss high: 0.2781
[2024-10-22T04:04:05.096+0000] {logging_mixin.py:190} INFO - Loss low: 0.3669
[2024-10-22T04:04:05.096+0000] {logging_mixin.py:190} INFO - ACC high train: inf
[2024-10-22T04:04:05.096+0000] {logging_mixin.py:190} INFO - ACC low train: inf
[2024-10-22T04:04:05.097+0000] {logging_mixin.py:190} INFO - ------START EVAL------
[2024-10-22T04:04:05.297+0000] {logging_mixin.py:190} INFO - Epoch 76 - Validation: Loss = 0.0293, High Acc = 5.9596, Low Acc = 9.5770
[2024-10-22T04:04:06.032+0000] {logging_mixin.py:190} INFO - Epoch 77:
[2024-10-22T04:04:06.033+0000] {logging_mixin.py:190} INFO - Loss high: 0.3881
[2024-10-22T04:04:06.033+0000] {logging_mixin.py:190} INFO - Loss low: 0.4091
[2024-10-22T04:04:06.034+0000] {logging_mixin.py:190} INFO - ACC high train: inf
[2024-10-22T04:04:06.034+0000] {logging_mixin.py:190} INFO - ACC low train: inf
[2024-10-22T04:04:06.034+0000] {logging_mixin.py:190} INFO - ------START EVAL------
[2024-10-22T04:04:06.246+0000] {logging_mixin.py:190} INFO - Epoch 77 - Validation: Loss = 0.0299, High Acc = 5.9884, Low Acc = 9.7211
[2024-10-22T04:04:06.948+0000] {logging_mixin.py:190} INFO - Epoch 78:
[2024-10-22T04:04:06.949+0000] {logging_mixin.py:190} INFO - Loss high: 0.3682
[2024-10-22T04:04:06.949+0000] {logging_mixin.py:190} INFO - Loss low: 0.3603
[2024-10-22T04:04:06.950+0000] {logging_mixin.py:190} INFO - ACC high train: inf
[2024-10-22T04:04:06.950+0000] {logging_mixin.py:190} INFO - ACC low train: inf
[2024-10-22T04:04:06.950+0000] {logging_mixin.py:190} INFO - ------START EVAL------
[2024-10-22T04:04:07.160+0000] {logging_mixin.py:190} INFO - Epoch 78 - Validation: Loss = 0.0311, High Acc = 6.0141, Low Acc = 9.9803
[2024-10-22T04:04:07.870+0000] {logging_mixin.py:190} INFO - Epoch 79:
[2024-10-22T04:04:07.871+0000] {logging_mixin.py:190} INFO - Loss high: 0.3018
[2024-10-22T04:04:07.871+0000] {logging_mixin.py:190} INFO - Loss low: 0.3631
[2024-10-22T04:04:07.872+0000] {logging_mixin.py:190} INFO - ACC high train: inf
[2024-10-22T04:04:07.872+0000] {logging_mixin.py:190} INFO - ACC low train: inf
[2024-10-22T04:04:07.872+0000] {logging_mixin.py:190} INFO - ------START EVAL------
[2024-10-22T04:04:08.087+0000] {logging_mixin.py:190} INFO - Epoch 79 - Validation: Loss = 0.0323, High Acc = 6.0420, Low Acc = 10.2764
[2024-10-22T04:04:08.810+0000] {logging_mixin.py:190} INFO - Epoch 80:
[2024-10-22T04:04:08.812+0000] {logging_mixin.py:190} INFO - Loss high: 0.3938
[2024-10-22T04:04:08.812+0000] {logging_mixin.py:190} INFO - Loss low: 0.4027
[2024-10-22T04:04:08.812+0000] {logging_mixin.py:190} INFO - ACC high train: inf
[2024-10-22T04:04:08.813+0000] {logging_mixin.py:190} INFO - ACC low train: inf
[2024-10-22T04:04:08.813+0000] {logging_mixin.py:190} INFO - ------START EVAL------
[2024-10-22T04:04:09.035+0000] {logging_mixin.py:190} INFO - Epoch 80 - Validation: Loss = 0.0328, High Acc = 6.0620, Low Acc = 10.3877
[2024-10-22T04:04:09.798+0000] {logging_mixin.py:190} INFO - Epoch 81:
[2024-10-22T04:04:09.799+0000] {logging_mixin.py:190} INFO - Loss high: 0.3300
[2024-10-22T04:04:09.800+0000] {logging_mixin.py:190} INFO - Loss low: 0.3345
[2024-10-22T04:04:09.801+0000] {logging_mixin.py:190} INFO - ACC high train: inf
[2024-10-22T04:04:09.801+0000] {logging_mixin.py:190} INFO - ACC low train: inf
[2024-10-22T04:04:09.802+0000] {logging_mixin.py:190} INFO - ------START EVAL------
[2024-10-22T04:04:10.036+0000] {logging_mixin.py:190} INFO - Epoch 81 - Validation: Loss = 0.0333, High Acc = 6.0773, Low Acc = 10.4782
[2024-10-22T04:04:10.807+0000] {logging_mixin.py:190} INFO - Epoch 82:
[2024-10-22T04:04:10.808+0000] {logging_mixin.py:190} INFO - Loss high: 0.3273
[2024-10-22T04:04:10.808+0000] {logging_mixin.py:190} INFO - Loss low: 0.4161
[2024-10-22T04:04:10.809+0000] {logging_mixin.py:190} INFO - ACC high train: inf
[2024-10-22T04:04:10.809+0000] {logging_mixin.py:190} INFO - ACC low train: inf
[2024-10-22T04:04:10.809+0000] {logging_mixin.py:190} INFO - ------START EVAL------
[2024-10-22T04:04:11.026+0000] {logging_mixin.py:190} INFO - Epoch 82 - Validation: Loss = 0.0330, High Acc = 6.0984, Low Acc = 10.3909
[2024-10-22T04:04:11.788+0000] {logging_mixin.py:190} INFO - Epoch 83:
[2024-10-22T04:04:11.790+0000] {logging_mixin.py:190} INFO - Loss high: 0.3239
[2024-10-22T04:04:11.790+0000] {logging_mixin.py:190} INFO - Loss low: 0.4289
[2024-10-22T04:04:11.790+0000] {logging_mixin.py:190} INFO - ACC high train: inf
[2024-10-22T04:04:11.791+0000] {logging_mixin.py:190} INFO - ACC low train: inf
[2024-10-22T04:04:11.791+0000] {logging_mixin.py:190} INFO - ------START EVAL------
[2024-10-22T04:04:12.018+0000] {logging_mixin.py:190} INFO - Epoch 83 - Validation: Loss = 0.0329, High Acc = 6.1258, Low Acc = 10.3432
[2024-10-22T04:04:12.757+0000] {logging_mixin.py:190} INFO - Epoch 84:
[2024-10-22T04:04:12.758+0000] {logging_mixin.py:190} INFO - Loss high: 0.3413
[2024-10-22T04:04:12.759+0000] {logging_mixin.py:190} INFO - Loss low: 0.3823
[2024-10-22T04:04:12.759+0000] {logging_mixin.py:190} INFO - ACC high train: inf
[2024-10-22T04:04:12.759+0000] {logging_mixin.py:190} INFO - ACC low train: inf
[2024-10-22T04:04:12.759+0000] {logging_mixin.py:190} INFO - ------START EVAL------
[2024-10-22T04:04:13.035+0000] {logging_mixin.py:190} INFO - Epoch 84 - Validation: Loss = 0.0329, High Acc = 6.1597, Low Acc = 10.3177
[2024-10-22T04:04:13.776+0000] {logging_mixin.py:190} INFO - Epoch 85:
[2024-10-22T04:04:13.777+0000] {logging_mixin.py:190} INFO - Loss high: 0.2955
[2024-10-22T04:04:13.777+0000] {logging_mixin.py:190} INFO - Loss low: 0.3945
[2024-10-22T04:04:13.778+0000] {logging_mixin.py:190} INFO - ACC high train: inf
[2024-10-22T04:04:13.778+0000] {logging_mixin.py:190} INFO - ACC low train: inf
[2024-10-22T04:04:13.778+0000] {logging_mixin.py:190} INFO - ------START EVAL------
[2024-10-22T04:04:13.998+0000] {logging_mixin.py:190} INFO - Epoch 85 - Validation: Loss = 0.0328, High Acc = 6.1648, Low Acc = 10.3088
[2024-10-22T04:04:14.750+0000] {logging_mixin.py:190} INFO - Epoch 86:
[2024-10-22T04:04:14.751+0000] {logging_mixin.py:190} INFO - Loss high: 0.3174
[2024-10-22T04:04:14.752+0000] {logging_mixin.py:190} INFO - Loss low: 0.4397
[2024-10-22T04:04:14.752+0000] {logging_mixin.py:190} INFO - ACC high train: inf
[2024-10-22T04:04:14.753+0000] {logging_mixin.py:190} INFO - ACC low train: inf
[2024-10-22T04:04:14.753+0000] {logging_mixin.py:190} INFO - ------START EVAL------
[2024-10-22T04:04:14.973+0000] {logging_mixin.py:190} INFO - Epoch 86 - Validation: Loss = 0.0329, High Acc = 6.1421, Low Acc = 10.3318
[2024-10-22T04:04:15.710+0000] {logging_mixin.py:190} INFO - Epoch 87:
[2024-10-22T04:04:15.711+0000] {logging_mixin.py:190} INFO - Loss high: 0.4370
[2024-10-22T04:04:15.712+0000] {logging_mixin.py:190} INFO - Loss low: 0.3615
[2024-10-22T04:04:15.712+0000] {logging_mixin.py:190} INFO - ACC high train: inf
[2024-10-22T04:04:15.713+0000] {logging_mixin.py:190} INFO - ACC low train: inf
[2024-10-22T04:04:15.714+0000] {logging_mixin.py:190} INFO - ------START EVAL------
[2024-10-22T04:04:15.935+0000] {logging_mixin.py:190} INFO - Epoch 87 - Validation: Loss = 0.0329, High Acc = 6.1304, Low Acc = 10.3562
[2024-10-22T04:04:16.666+0000] {logging_mixin.py:190} INFO - Epoch 88:
[2024-10-22T04:04:16.667+0000] {logging_mixin.py:190} INFO - Loss high: 0.3780
[2024-10-22T04:04:16.668+0000] {logging_mixin.py:190} INFO - Loss low: 0.3710
[2024-10-22T04:04:16.668+0000] {logging_mixin.py:190} INFO - ACC high train: inf
[2024-10-22T04:04:16.669+0000] {logging_mixin.py:190} INFO - ACC low train: inf
[2024-10-22T04:04:16.669+0000] {logging_mixin.py:190} INFO - ------START EVAL------
[2024-10-22T04:04:16.888+0000] {logging_mixin.py:190} INFO - Epoch 88 - Validation: Loss = 0.0331, High Acc = 6.1183, Low Acc = 10.4167
[2024-10-22T04:04:17.611+0000] {logging_mixin.py:190} INFO - Epoch 89:
[2024-10-22T04:04:17.612+0000] {logging_mixin.py:190} INFO - Loss high: 0.4405
[2024-10-22T04:04:17.613+0000] {logging_mixin.py:190} INFO - Loss low: 0.3184
[2024-10-22T04:04:17.613+0000] {logging_mixin.py:190} INFO - ACC high train: inf
[2024-10-22T04:04:17.614+0000] {logging_mixin.py:190} INFO - ACC low train: inf
[2024-10-22T04:04:17.614+0000] {logging_mixin.py:190} INFO - ------START EVAL------
[2024-10-22T04:04:17.815+0000] {logging_mixin.py:190} INFO - Epoch 89 - Validation: Loss = 0.0334, High Acc = 6.1409, Low Acc = 10.4760
[2024-10-22T04:04:18.517+0000] {logging_mixin.py:190} INFO - Epoch 90:
[2024-10-22T04:04:18.518+0000] {logging_mixin.py:190} INFO - Loss high: 0.3052
[2024-10-22T04:04:18.519+0000] {logging_mixin.py:190} INFO - Loss low: 0.3581
[2024-10-22T04:04:18.520+0000] {logging_mixin.py:190} INFO - ACC high train: inf
[2024-10-22T04:04:18.521+0000] {logging_mixin.py:190} INFO - ACC low train: inf
[2024-10-22T04:04:18.522+0000] {logging_mixin.py:190} INFO - ------START EVAL------
[2024-10-22T04:04:18.735+0000] {logging_mixin.py:190} INFO - Epoch 90 - Validation: Loss = 0.0341, High Acc = 6.1961, Low Acc = 10.5971
[2024-10-22T04:04:19.447+0000] {logging_mixin.py:190} INFO - Epoch 91:
[2024-10-22T04:04:19.448+0000] {logging_mixin.py:190} INFO - Loss high: 0.3376
[2024-10-22T04:04:19.449+0000] {logging_mixin.py:190} INFO - Loss low: 0.3987
[2024-10-22T04:04:19.449+0000] {logging_mixin.py:190} INFO - ACC high train: inf
[2024-10-22T04:04:19.450+0000] {logging_mixin.py:190} INFO - ACC low train: inf
[2024-10-22T04:04:19.450+0000] {logging_mixin.py:190} INFO - ------START EVAL------
[2024-10-22T04:04:19.662+0000] {logging_mixin.py:190} INFO - Epoch 91 - Validation: Loss = 0.0345, High Acc = 6.2781, Low Acc = 10.6407
[2024-10-22T04:04:20.397+0000] {logging_mixin.py:190} INFO - Epoch 92:
[2024-10-22T04:04:20.399+0000] {logging_mixin.py:190} INFO - Loss high: 0.3872
[2024-10-22T04:04:20.399+0000] {logging_mixin.py:190} INFO - Loss low: 0.3815
[2024-10-22T04:04:20.399+0000] {logging_mixin.py:190} INFO - ACC high train: inf
[2024-10-22T04:04:20.400+0000] {logging_mixin.py:190} INFO - ACC low train: inf
[2024-10-22T04:04:20.400+0000] {logging_mixin.py:190} INFO - ------START EVAL------
[2024-10-22T04:04:20.617+0000] {logging_mixin.py:190} INFO - Epoch 92 - Validation: Loss = 0.0346, High Acc = 6.3593, Low Acc = 10.6141
[2024-10-22T04:04:21.352+0000] {logging_mixin.py:190} INFO - Epoch 93:
[2024-10-22T04:04:21.353+0000] {logging_mixin.py:190} INFO - Loss high: 0.4159
[2024-10-22T04:04:21.354+0000] {logging_mixin.py:190} INFO - Loss low: 0.3703
[2024-10-22T04:04:21.354+0000] {logging_mixin.py:190} INFO - ACC high train: inf
[2024-10-22T04:04:21.354+0000] {logging_mixin.py:190} INFO - ACC low train: inf
[2024-10-22T04:04:21.355+0000] {logging_mixin.py:190} INFO - ------START EVAL------
[2024-10-22T04:04:21.575+0000] {logging_mixin.py:190} INFO - Epoch 93 - Validation: Loss = 0.0345, High Acc = 6.4538, Low Acc = 10.5245
[2024-10-22T04:04:22.327+0000] {logging_mixin.py:190} INFO - Epoch 94:
[2024-10-22T04:04:22.328+0000] {logging_mixin.py:190} INFO - Loss high: 0.3905
[2024-10-22T04:04:22.328+0000] {logging_mixin.py:190} INFO - Loss low: 0.3018
[2024-10-22T04:04:22.329+0000] {logging_mixin.py:190} INFO - ACC high train: inf
[2024-10-22T04:04:22.329+0000] {logging_mixin.py:190} INFO - ACC low train: inf
[2024-10-22T04:04:22.330+0000] {logging_mixin.py:190} INFO - ------START EVAL------
[2024-10-22T04:04:22.562+0000] {logging_mixin.py:190} INFO - Epoch 94 - Validation: Loss = 0.0346, High Acc = 6.5441, Low Acc = 10.4944
[2024-10-22T04:04:23.311+0000] {logging_mixin.py:190} INFO - Epoch 95:
[2024-10-22T04:04:23.312+0000] {logging_mixin.py:190} INFO - Loss high: 0.3475
[2024-10-22T04:04:23.313+0000] {logging_mixin.py:190} INFO - Loss low: 0.4466
[2024-10-22T04:04:23.313+0000] {logging_mixin.py:190} INFO - ACC high train: inf
[2024-10-22T04:04:23.314+0000] {logging_mixin.py:190} INFO - ACC low train: inf
[2024-10-22T04:04:23.314+0000] {logging_mixin.py:190} INFO - ------START EVAL------
[2024-10-22T04:04:23.531+0000] {logging_mixin.py:190} INFO - Epoch 95 - Validation: Loss = 0.0347, High Acc = 6.6091, Low Acc = 10.4662
[2024-10-22T04:04:24.260+0000] {logging_mixin.py:190} INFO - Epoch 96:
[2024-10-22T04:04:24.261+0000] {logging_mixin.py:190} INFO - Loss high: 0.3245
[2024-10-22T04:04:24.262+0000] {logging_mixin.py:190} INFO - Loss low: 0.3524
[2024-10-22T04:04:24.262+0000] {logging_mixin.py:190} INFO - ACC high train: inf
[2024-10-22T04:04:24.263+0000] {logging_mixin.py:190} INFO - ACC low train: inf
[2024-10-22T04:04:24.263+0000] {logging_mixin.py:190} INFO - ------START EVAL------
[2024-10-22T04:04:24.503+0000] {logging_mixin.py:190} INFO - Epoch 96 - Validation: Loss = 0.0349, High Acc = 6.6737, Low Acc = 10.4815
[2024-10-22T04:04:25.258+0000] {logging_mixin.py:190} INFO - Epoch 97:
[2024-10-22T04:04:25.259+0000] {logging_mixin.py:190} INFO - Loss high: 0.3536
[2024-10-22T04:04:25.260+0000] {logging_mixin.py:190} INFO - Loss low: 0.3625
[2024-10-22T04:04:25.260+0000] {logging_mixin.py:190} INFO - ACC high train: inf
[2024-10-22T04:04:25.260+0000] {logging_mixin.py:190} INFO - ACC low train: inf
[2024-10-22T04:04:25.260+0000] {logging_mixin.py:190} INFO - ------START EVAL------
[2024-10-22T04:04:25.480+0000] {logging_mixin.py:190} INFO - Epoch 97 - Validation: Loss = 0.0351, High Acc = 6.7108, Low Acc = 10.5089
[2024-10-22T04:04:26.171+0000] {logging_mixin.py:190} INFO - Epoch 98:
[2024-10-22T04:04:26.172+0000] {logging_mixin.py:190} INFO - Loss high: 0.3097
[2024-10-22T04:04:26.173+0000] {logging_mixin.py:190} INFO - Loss low: 0.3591
[2024-10-22T04:04:26.173+0000] {logging_mixin.py:190} INFO - ACC high train: inf
[2024-10-22T04:04:26.173+0000] {logging_mixin.py:190} INFO - ACC low train: inf
[2024-10-22T04:04:26.174+0000] {logging_mixin.py:190} INFO - ------START EVAL------
[2024-10-22T04:04:26.392+0000] {logging_mixin.py:190} INFO - Epoch 98 - Validation: Loss = 0.0353, High Acc = 6.7349, Low Acc = 10.5497
[2024-10-22T04:04:27.149+0000] {logging_mixin.py:190} INFO - Epoch 99:
[2024-10-22T04:04:27.150+0000] {logging_mixin.py:190} INFO - Loss high: 0.3498
[2024-10-22T04:04:27.150+0000] {logging_mixin.py:190} INFO - Loss low: 0.3776
[2024-10-22T04:04:27.151+0000] {logging_mixin.py:190} INFO - ACC high train: inf
[2024-10-22T04:04:27.151+0000] {logging_mixin.py:190} INFO - ACC low train: inf
[2024-10-22T04:04:27.152+0000] {logging_mixin.py:190} INFO - ------START EVAL------
[2024-10-22T04:04:27.375+0000] {logging_mixin.py:190} INFO - Epoch 99 - Validation: Loss = 0.0356, High Acc = 6.7798, Low Acc = 10.5984
[2024-10-22T04:04:27.395+0000] {python.py:240} INFO - Done. Returned value was: 0.025977669283747673
[2024-10-22T04:04:27.426+0000] {taskinstance.py:340} INFO - ::group::Post task execution logs
[2024-10-22T04:04:27.427+0000] {taskinstance.py:352} INFO - Marking task as SUCCESS. dag_id=auto_training_crawling_data_okx, task_id=training_model, run_id=manual__2024-10-22T04:02:22.631832+00:00, execution_date=20241022T040222, start_date=20241022T040248, end_date=20241022T040427
[2024-10-22T04:04:27.562+0000] {local_task_job_runner.py:266} INFO - Task exited with return code 0
[2024-10-22T04:04:27.580+0000] {taskinstance.py:3900} INFO - 0 downstream tasks scheduled from follow-on schedule check
[2024-10-22T04:04:27.581+0000] {local_task_job_runner.py:245} INFO - ::endgroup::
