[2024-10-22T03:20:29.973+0000] {local_task_job_runner.py:123} INFO - ::group::Pre task execution logs
[2024-10-22T03:20:29.985+0000] {taskinstance.py:2612} INFO - Dependencies all met for dep_context=non-requeueable deps ti=<TaskInstance: auto_training_crawling_data_okx.process_data_task manual__2024-10-22T03:15:07.683304+00:00 [queued]>
[2024-10-22T03:20:29.992+0000] {taskinstance.py:2612} INFO - Dependencies all met for dep_context=requeueable deps ti=<TaskInstance: auto_training_crawling_data_okx.process_data_task manual__2024-10-22T03:15:07.683304+00:00 [queued]>
[2024-10-22T03:20:29.993+0000] {taskinstance.py:2865} INFO - Starting attempt 1 of 2
[2024-10-22T03:20:30.011+0000] {taskinstance.py:2888} INFO - Executing <Task(PythonOperator): process_data_task> on 2024-10-22 03:15:07.683304+00:00
[2024-10-22T03:20:30.027+0000] {standard_task_runner.py:72} INFO - Started process 377831 to run task
[2024-10-22T03:20:30.035+0000] {standard_task_runner.py:104} INFO - Running: ['airflow', 'tasks', 'run', 'auto_training_crawling_data_okx', 'process_data_task', 'manual__2024-10-22T03:15:07.683304+00:00', '--job-id', '46', '--raw', '--subdir', 'DAGS_FOLDER/full_pipeline.py', '--cfg-path', '/tmp/tmpr1p8mjc1']
[2024-10-22T03:20:30.038+0000] {standard_task_runner.py:105} INFO - Job 46: Subtask process_data_task
[2024-10-22T03:20:30.087+0000] {task_command.py:467} INFO - Running <TaskInstance: auto_training_crawling_data_okx.process_data_task manual__2024-10-22T03:15:07.683304+00:00 [running]> on host ecs-gpu
[2024-10-22T03:20:30.164+0000] {taskinstance.py:3131} INFO - Exporting env vars: AIRFLOW_CTX_DAG_OWNER='airflow' AIRFLOW_CTX_DAG_ID='auto_training_crawling_data_okx' AIRFLOW_CTX_TASK_ID='process_data_task' AIRFLOW_CTX_EXECUTION_DATE='2024-10-22T03:15:07.683304+00:00' AIRFLOW_CTX_TRY_NUMBER='1' AIRFLOW_CTX_DAG_RUN_ID='manual__2024-10-22T03:15:07.683304+00:00'
[2024-10-22T03:20:30.165+0000] {taskinstance.py:731} INFO - ::endgroup::
[2024-10-22T03:20:30.530+0000] {_client.py:1038} INFO - HTTP Request: GET https://www.okx.com/api/v5/market/candles?instId=BTC-USDT&bar=4H&limit=300 "HTTP/2 200 OK"
[2024-10-22T03:20:30.552+0000] {logging_mixin.py:190} INFO - Shape của DataFrame: (180, 9)
[2024-10-22T03:20:30.553+0000] {logging_mixin.py:190} INFO - Thời gian bắt đầu: 2024-09-22 04:00:00
[2024-10-22T03:20:30.553+0000] {logging_mixin.py:190} INFO - Thời gian kết thúc: 2024-10-22 00:00:00
[2024-10-22T03:20:31.075+0000] {logging_mixin.py:190} INFO - Save scaler model successfully
[2024-10-22T03:20:31.104+0000] {logging_mixin.py:190} INFO - Shape của dữ liệu đã scale: (180, 95)
[2024-10-22T03:20:31.104+0000] {python.py:240} INFO - Done. Returned value was:                      ts         o         h  ...  others_dr  others_dlr  others_cr
0   2024-10-22 00:00:00  0.821276  0.798560  ...   0.443378    0.449596   0.828577
1   2024-10-21 20:00:00  0.862544  0.823930  ...   0.423384    0.429538   0.821272
2   2024-10-21 16:00:00  0.816948  0.824353  ...   0.556463    0.562657   0.862541
3   2024-10-21 12:00:00  0.914682  0.869227  ...   0.319170    0.324667   0.816954
4   2024-10-21 08:00:00  0.943791  0.904473  ...   0.711356    0.716483   0.914691
..                  ...       ...       ...  ...        ...         ...        ...
175 2024-09-22 20:00:00  0.369317  0.400776  ...   0.201660    0.205749   0.413365
176 2024-09-22 16:00:00  0.314740  0.315213  ...   0.315460    0.320924   0.369314
177 2024-09-22 12:00:00  0.327995  0.283794  ...   0.283894    0.289044   0.314747
178 2024-09-22 08:00:00  0.345697  0.294093  ...   0.482370    0.488652   0.327980
179 2024-09-22 04:00:00  0.364032  0.312622  ...   0.495434    0.501720   0.345682

[180 rows x 95 columns]
[2024-10-22T03:20:31.264+0000] {taskinstance.py:340} INFO - ::group::Post task execution logs
[2024-10-22T03:20:31.265+0000] {taskinstance.py:352} INFO - Marking task as SUCCESS. dag_id=auto_training_crawling_data_okx, task_id=process_data_task, run_id=manual__2024-10-22T03:15:07.683304+00:00, execution_date=20241022T031507, start_date=20241022T032029, end_date=20241022T032031
[2024-10-22T03:20:31.331+0000] {local_task_job_runner.py:266} INFO - Task exited with return code 0
[2024-10-22T03:20:31.349+0000] {taskinstance.py:3900} INFO - 0 downstream tasks scheduled from follow-on schedule check
[2024-10-22T03:20:31.349+0000] {local_task_job_runner.py:245} INFO - ::endgroup::
